[I 2026-06-01 23:25:02,364] Trial 17 finished with value: 0.010649082326102371 and parameters: {'confidence_threshold': 0.5028255678835912, 'training_days': 310, 'n_estimators': 91, 'max_depth': 3, 'num_leaves': 22, 'learning_rate': 0.08531707789151524, 'subsample': 0.9770326421999445, 'colsample_bytree': 0.9920053259992261, 'min_child_samples': 61, 'reg_alpha': 0.02119550382813118, 'reg_lambda': 0.08139226689448256}. Best is trial 4 with value: 0.04702777753231775.

  Optuna: 18 trials, best Sharpe = 0.0257
  Best params: n_estimators=213, max_depth=5, lr=0.1696, leaves=27
  Best confidence_threshold: 0.797
  Best training_days: 70
  Retrained on full data (204 samples, 49 features)
  [ensemble 3/3] seed=456
    [trial 0] 49 features, training_days=90 | threshold=0.587 | labels: 1105 long, 1048 short (51/49%)
    [CV fold 0] train_end=2020-09-22 08:00 | val_start=2020-09-30 00:00 | gap=184h (22 rows)
    [CV fold 1] train_end=2021-01-19 16:00 | val_start=2021-01-27 08:00 | gap=184h (22 rows)
    [CV fold 2] train_end=2021-05-19 00:00 | val_start=2021-05-26 16:00 | gap=184h (22 rows)
    [CV fold 3] train_end=2021-09-15 08:00 | val_start=2021-09-23 00:00 | gap=184h (22 rows)
    [CV fold 4] train_end=2022-01-12 16:00 | val_start=2022-01-20 08:00 | gap=184h (22 rows)
    [trial 0] Sharpe=-0.0027 (folds: -0.0804, -0.0079, 0.0190, -0.0776, 0.1335)
    [trial 1] 49 features, training_days=290 | threshold=0.635 | labels: 1105 long, 1048 short (51/49%)
    [trial 1] Sharpe=0.0037 (folds: -0.1366, -0.1785, 0.0670, 0.1002, 0.1666)
    [trial 2] 49 features, training_days=10 | threshold=0.585 | labels: 1105 long, 1048 short (51/49%)
    [trial 2] Sharpe=-2.0424 (folds: -10.0000, -0.1356, 0.0234, 0.0468, -0.1468)
    [trial 3] 49 features, training_days=220 | threshold=0.687 | labels: 1105 long, 1048 short (51/49%)
    [trial 3] Sharpe=-0.0621 (folds: -0.0677, -0.4005, 0.0511, 0.1177, -0.0109)
    [trial 4] 49 features, training_days=300 | threshold=0.562 | labels: 1105 long, 1048 short (51/49%)
    [trial 4] Sharpe=0.0470 (folds: -0.0715, 0.0627, 0.0342, 0.0489, 0.1607)
    [trial 5] 49 features, training_days=490 | threshold=0.711 | labels: 1105 long, 1048 short (51/49%)
    [trial 5] Sharpe=-0.0245 (folds: -0.0970, -0.0855, 0.0461, -0.0142, 0.0279)
    [trial 6] 49 features, training_days=420 | threshold=0.667 | labels: 1105 long, 1048 short (51/49%)
    [trial 6] Sharpe=-0.0560 (folds: -0.1299, -0.1073, -0.0223, -0.0144, -0.0059)
    [trial 7] 49 features, training_days=120 | threshold=0.550 | labels: 1105 long, 1048 short (51/49%)
    [trial 7] Sharpe=-0.0170 (folds: -0.0665, -0.0502, -0.0641, 0.0447, 0.0511)
    [trial 8] 49 features, training_days=450 | threshold=0.720 | labels: 1105 long, 1048 short (51/49%)
    [trial 8] Sharpe=-0.0871 (folds: -0.1041, -0.3512, -0.0271, 0.0044, 0.0426)
    [trial 9] 49 features, training_days=20 | threshold=0.727 | labels: 1105 long, 1048 short (51/49%)
    [trial 9] Sharpe=-4.0752 (folds: -0.2637, -0.1356, 0.0234, -10.0000, -10.0000)
    [trial 10] 49 features, training_days=320 | threshold=0.840 | labels: 1105 long, 1048 short (51/49%)
    [trial 10] Sharpe=0.0249 (folds: -0.0874, -0.1294, 0.0085, 0.1662, 0.1666)
    [trial 11] 49 features, training_days=330 | threshold=0.849 | labels: 1105 long, 1048 short (51/49%)
    [trial 11] Sharpe=-0.0131 (folds: 0.0102, -0.2438, 0.0192, 0.0903, 0.0586)
    [trial 12] 49 features, training_days=360 | threshold=0.839 | labels: 1105 long, 1048 short (51/49%)
    [trial 12] Sharpe=0.0241 (folds: -0.0099, -0.2059, 0.2039, 0.0167, 0.1158)
    [trial 13] 49 features, training_days=220 | threshold=0.504 | labels: 1105 long, 1048 short (51/49%)
    [trial 13] Sharpe=-0.0014 (folds: -0.0807, -0.0498, 0.0414, 0.0026, 0.0797)
    [trial 14] 49 features, training_days=380 | threshold=0.772 | labels: 1105 long, 1048 short (51/49%)
    [trial 14] Sharpe=-0.0346 (folds: -0.1544, -0.1419, -0.0022, 0.0471, 0.0785)
    [trial 15] 49 features, training_days=260 | threshold=0.783 | labels: 1105 long, 1048 short (51/49%)
    [trial 15] Sharpe=-6.2491 (folds: -10.0000, -0.5915, -0.6540, -10.0000, -10.0000)
    [trial 16] 49 features, training_days=170 | threshold=0.631 | labels: 1105 long, 1048 short (51/49%)
    [trial 16] Sharpe=-0.0241 (folds: -0.1301, -0.0841, 0.1007, 0.0407, -0.0477)
    [trial 17] 49 features, training_days=310 | threshold=0.503 | labels: 1105 long, 1048 short (51/49%)
    [trial 17] Sharpe=0.0106 (folds: -0.0806, -0.1247, 0.0294, 0.1237, 0.1054)
  Optuna: 18 trials, best Sharpe = 0.0470
  Best params: n_estimators=69, max_depth=4, lr=0.1497, leaves=32
  Best confidence_threshold: 0.562
  Best training_days: 300
  Retrained on full data (885 samples, 49 features)
  OOD: 16 features, cutoff (q=0.7) = 14.12
  Model trained for 2022-06: 90 test candles with features, confidence_threshold=0.727
[predict] 2022-06-01 00:00 LTCUSDT → SHORT (proba=0.96 TP=12.8%/SL=6.4%)
[trade:open] 2022-06-01 07:59 LTCUSDT SHORT @ 67.73 | SL=72.06 TP=59.08 | timeout=2022-06-08 07:59
[trade:close] 2022-06-08 08:00 LTCUSDT SHORT → timeout @ 62.63 | PnL=+7.53% (net +7.43%) | cum=+31.95% 2022-06=+7.43% 2022-06-08=+7.43%
[predict] 2022-06-09 00:00 LTCUSDT → SHORT (proba=0.93 TP=12.2%/SL=6.1%)
[trade:open] 2022-06-09 07:59 LTCUSDT SHORT @ 61.84 | SL=65.61 TP=54.30 | timeout=2022-06-16 07:59
[trade:close] 2022-06-11 15:59 LTCUSDT SHORT → take_profit @ 54.30 | PnL=+12.19% (net +12.09%) | cum=+44.04% 2022-06=+19.52% 2022-06-11=+12.09%
[predict] 2022-06-21 00:00 LTCUSDT → SHORT (proba=0.88 TP=23.5%/SL=11.8%)
[trade:open] 2022-06-21 07:59 LTCUSDT SHORT @ 53.12 | SL=59.37 TP=40.63 | timeout=2022-06-28 07:59
[trade:close] 2022-06-25 23:59 LTCUSDT SHORT → stop_loss @ 59.37 | PnL=-11.76% (net -11.86%) | cum=+32.18% 2022-06=+7.66% 2022-06-25=-11.86%
[predict] 2022-06-27 00:00 LTCUSDT → SHORT (proba=0.79 TP=17.0%/SL=8.5%)
[trade:open] 2022-06-27 07:59 LTCUSDT SHORT @ 58.26 | SL=63.22 TP=48.33 | timeout=2022-07-04 07:59
[lgbm] === Training for 2022-07 ===
  Train window: 2020-07-01 → 2022-06-23
  2153 training samples from 1 symbols
  Samples per month: 2020-07: 93, 2020-08: 93, 2020-09: 90, 2020-10: 93, 2020-11: 90, 2020-12: 93, 2021-01: 93, 2021-02: 84, 2021-03: 93, 2021-04: 90, 2021-05: 93, 2021-06: 90, 2021-07: 93, 2021-08: 93, 2021-09: 90, 2021-10: 93, 2021-11: 90, 2021-12: 93, 2022-01: 93, 2022-02: 75, 2022-03: 93, 2022-04: 84, 2022-05: 93, 2022-06: 68
  [label] 2020-08-31 00:00 LTCUSDT entry=61.3000 → SHORT | long=sl(-6.34%) short=tp(+12.38%) | scanned=10 | short_tp_only
  [label] 2020-09-02 08:00 LTCUSDT entry=57.7000 → SHORT | long=sl(-7.89%) short=tp(+15.48%) | scanned=4 | short_tp_only
  [label] 2020-09-06 00:00 LTCUSDT entry=48.3000 → LONG | long=timeout(+4.97%) short=timeout(-5.17%) | scanned=22 | no_tp→fwd_return=+5.0725
  [label] 2020-09-30 16:00 LTCUSDT entry=46.2900 → SHORT | long=sl(-4.32%) short=sl(-4.32%) | scanned=5 | no_tp→fwd_return=-3.2188
  [label] 2020-11-21 16:00 LTCUSDT entry=87.3200 → SHORT | long=sl(-9.37%) short=tp(+18.45%) | scanned=13 | short_tp_only
  [label] 2021-05-05 08:00 LTCUSDT entry=352.6300 → LONG | long=timeout(+1.79%) short=sl(-10.48%) | scanned=22 | no_tp→fwd_return=+1.8858
  [label] 2021-05-09 08:00 LTCUSDT entry=366.8200 → SHORT | long=sl(-11.07%) short=sl(-11.07%) | scanned=10 | no_tp→fwd_return=-15.0701
  [label] 2021-05-20 00:00 LTCUSDT entry=210.0000 → SHORT | long=sl(-33.03%) short=timeout(+9.90%) | scanned=22 | no_tp→fwd_return=-10.0000
  [label] 2021-07-03 16:00 LTCUSDT entry=140.1500 → SHORT | long=sl(-7.33%) short=timeout(+4.33%) | scanned=22 | no_tp→fwd_return=-4.4310
  [label] 2021-07-12 00:00 LTCUSDT entry=137.6500 → SHORT | long=sl(-6.11%) short=tp(+11.91%) | scanned=13 | short_tp_only
  [label] 2021-10-10 00:00 LTCUSDT entry=182.9900 → LONG | long=sl(-6.51%) short=timeout(-1.53%) | scanned=22 | no_tp→fwd_return=+1.4318
  [label] 2021-11-10 16:00 LTCUSDT entry=260.3000 → SHORT | long=sl(-10.94%) short=timeout(+11.64%) | scanned=22 | no_tp→fwd_return=-11.7365
  [label] 2021-11-26 16:00 LTCUSDT entry=195.6700 → SHORT | long=timeout(-4.05%) short=sl(-10.51%) | scanned=22 | no_tp→fwd_return=-3.9505
  [label] 2021-12-09 00:00 LTCUSDT entry=161.7900 → SHORT | long=sl(-11.35%) short=timeout(+4.94%) | scanned=22 | no_tp→fwd_return=-5.0374
  [label] 2021-12-27 16:00 LTCUSDT entry=155.8900 → SHORT | long=sl(-5.49%) short=timeout(+4.69%) | scanned=22 | no_tp→fwd_return=-4.7854
  [label] 2022-01-02 16:00 LTCUSDT entry=151.1300 → SHORT | long=sl(-4.98%) short=tp(+9.65%) | scanned=9 | short_tp_only
  [label] 2022-01-15 00:00 LTCUSDT entry=150.1600 → SHORT | long=sl(-6.11%) short=tp(+11.92%) | scanned=17 | short_tp_only[I 2026-06-01 23:25:02,766] A new study created in memory with name: no-name-ea4c0d2f-f241-4672-81e5-d96fed880a9b
[I 2026-06-01 23:25:03,107] Trial 0 finished with value: 0.024424180973409884 and parameters: {'confidence_threshold': 0.6310890415965769, 'training_days': 480, 'n_estimators': 380, 'max_depth': 4, 'num_leaves': 22, 'learning_rate': 0.01699897838270077, 'subsample': 0.5290418060840998, 'colsample_bytree': 0.9330880728874675, 'min_child_samples': 68, 'reg_alpha': 0.023585940584142682, 'reg_lambda': 1.5320059381854043e-08}. Best is trial 0 with value: 0.024424180973409884.
[I 2026-06-01 23:25:03,225] Trial 1 finished with value: 0.01033641524677007 and parameters: {'confidence_threshold': 0.839468448256698, 'training_days': 420, 'n_estimators': 145, 'max_depth': 3, 'num_leaves': 23, 'learning_rate': 0.028145092716060652, 'subsample': 0.762378215816119, 'colsample_bytree': 0.7159725093210578, 'min_child_samples': 43, 'reg_alpha': 0.0032112643094417484, 'reg_lambda': 1.8007140198129195e-07}. Best is trial 0 with value: 0.024424180973409884.
[I 2026-06-01 23:25:03,388] Trial 2 finished with value: 0.0772888395723692 and parameters: {'confidence_threshold': 0.6022506269873263, 'training_days': 190, 'n_estimators': 255, 'max_depth': 5, 'num_leaves': 24, 'learning_rate': 0.05748924681991978, 'subsample': 0.7962072844310213, 'colsample_bytree': 0.5232252063599989, 'min_child_samples': 69, 'reg_alpha': 3.425445902633376e-07, 'reg_lambda': 3.850031979199519e-08}. Best is trial 2 with value: 0.0772888395723692.
[I 2026-06-01 23:25:03,643] Trial 3 finished with value: 0.025714468264105637 and parameters: {'confidence_threshold': 0.8321099380386666, 'training_days': 490, 'n_estimators': 414, 'max_depth': 3, 'num_leaves': 19, 'learning_rate': 0.1024932221692416, 'subsample': 0.7200762468698007, 'colsample_bytree': 0.5610191174223894, 'min_child_samples': 60, 'reg_alpha': 2.039373116525212e-08, 'reg_lambda': 1.527156759251193}. Best is trial 2 with value: 0.0772888395723692.
[I 2026-06-01 23:25:03,791] Trial 4 finished with value: 0.060790479375310055 and parameters: {'confidence_threshold': 0.5905729935600059, 'training_days': 340, 'n_estimators': 190, 'max_depth': 4, 'num_leaves': 41, 'learning_rate': 0.01875220945578641, 'subsample': 0.9847923138822793, 'colsample_bytree': 0.8875664116805573, 'min_child_samples': 96, 'reg_alpha': 1.1309571585271483, 'reg_lambda': 0.002404915432737351}. Best is trial 2 with value: 0.0772888395723692.
[I 2026-06-01 23:25:03,832] Trial 5 finished with value: 0.0187752461251742 and parameters: {'confidence_threshold': 0.8226559822580909, 'training_days': 50, 'n_estimators': 138, 'max_depth': 3, 'num_leaves': 30, 'learning_rate': 0.03750796359625606, 'subsample': 0.6356745158869479, 'colsample_bytree': 0.9143687545759647, 'min_child_samples': 48, 'reg_alpha': 3.376063348877853e-06, 'reg_lambda': 0.0007660634613082914}. Best is trial 2 with value: 0.0772888395723692.
[I 2026-06-01 23:25:03,927] Trial 6 finished with value: 0.03251055404704291 and parameters: {'confidence_threshold': 0.5493234787411669, 'training_days': 410, 'n_estimators': 83, 'max_depth': 5, 'num_leaves': 52, 'learning_rate': 0.019657448966046126, 'subsample': 0.5027610585618012, 'colsample_bytree': 0.9077307142274171, 'min_child_samples': 77, 'reg_alpha': 0.03639690979811287, 'reg_lambda': 0.08738424135626986}. Best is trial 2 with value: 0.0772888395723692.
[I 2026-06-01 23:25:04,017] Trial 7 finished with value: 0.03228473478848577 and parameters: {'confidence_threshold': 0.5259156281069316, 'training_days': 180, 'n_estimators': 102, 'max_depth': 5, 'num_leaves': 45, 'learning_rate': 0.030816017044468066, 'subsample': 0.5317791751430119, 'colsample_bytree': 0.6554911608578311, 'min_child_samples': 46, 'reg_alpha': 0.036851536911881845, 'reg_lambda': 0.005470376807480391}. Best is trial 2 with value: 0.0772888395723692.
[I 2026-06-01 23:25:04,120] Trial 8 finished with value: 0.08236898561085124 and parameters: {'confidence_threshold': 0.8105244599017143, 'training_days': 240, 'n_estimators': 103, 'max_depth': 5, 'num_leaves': 52, 'learning_rate': 0.06746437142284309, 'subsample': 0.8854835899772805, 'colsample_bytree': 0.7468977981821954, 'min_child_samples': 62, 'reg_alpha': 7.04480806377519e-05, 'reg_lambda': 1.6934490731313353e-08}. Best is trial 8 with value: 0.08236898561085124.
[I 2026-06-01 23:25:04,146] Trial 9 finished with value: -0.06369077373893753 and parameters: {'confidence_threshold': 0.5377619994476566, 'training_days': 20, 'n_estimators': 337, 'max_depth': 3, 'num_leaves': 39, 'learning_rate': 0.21907142272152816, 'subsample': 0.6246461145744375, 'colsample_bytree': 0.7051914615178149, 'min_child_samples': 81, 'reg_alpha': 1.1459970229341322e-06, 'reg_lambda': 4.929685216887945e-08}. Best is trial 8 with value: 0.08236898561085124.
[I 2026-06-01 23:25:04,700] Trial 10 finished with value: 0.0754311482980435 and parameters: {'confidence_threshold': 0.734042426776949, 'training_days': 280, 'n_estimators': 487, 'max_depth': 5, 'num_leaves': 62, 'learning_rate': 0.10432148521337849, 'subsample': 0.9416850669512905, 'colsample_bytree': 0.8120417635861826, 'min_child_samples': 27, 'reg_alpha': 7.238112263003475e-05, 'reg_lambda': 3.3639426888455256e-06}. Best is trial 8 with value: 0.08236898561085124.
[I 2026-06-01 23:25:04,816] Trial 11 finished with value: 0.060886634964625805 and parameters: {'confidence_threshold': 0.7064141682072129, 'training_days': 170, 'n_estimators': 245, 'max_depth': 5, 'num_leaves': 55, 'learning_rate': 0.070278144758503, 'subsample': 0.863624974073976, 'colsample_bytree': 0.5038432927256977, 'min_child_samples': 87, 'reg_alpha': 4.76478459329104e-08, 'reg_lambda': 7.868729181011707e-06}. Best is trial 8 with value: 0.08236898561085124.
[I 2026-06-01 23:25:04,967] Trial 12 finished with value: 0.05418237556824866 and parameters: {'confidence_threshold': 0.7683435244955696, 'training_days': 180, 'n_estimators': 257, 'max_depth': 4, 'num_leaves': 31, 'learning_rate': 0.05445057683691509, 'subsample': 0.8426110070012842, 'colsample_bytree': 0.6188171054052629, 'min_child_samples': 65, 'reg_alpha': 5.6535530920430964e-05, 'reg_lambda': 2.0771847423585894e-06}. Best is trial 8 with value: 0.08236898561085124.
[I 2026-06-01 23:25:05,153] Trial 13 finished with value: 0.08094717346311582 and parameters: {'confidence_threshold': 0.648468212177187, 'training_days': 260, 'n_estimators': 214, 'max_depth': 5, 'num_leaves': 32, 'learning_rate': 0.20158174220210204, 'subsample': 0.8690491710631163, 'colsample_bytree': 0.8081667901910176, 'min_child_samples': 72, 'reg_alpha': 1.2505046450524292e-06, 'reg_lambda': 3.9794797075090296e-05}. Best is trial 8 with value: 0.08236898561085124.
[I 2026-06-01 23:25:05,242] Trial 14 finished with value: 0.0863398914466638 and parameters: {'confidence_threshold': 0.6653126865835206, 'training_days': 260, 'n_estimators': 57, 'max_depth': 4, 'num_leaves': 34, 'learning_rate': 0.2575302902455223, 'subsample': 0.9253648931909446, 'colsample_bytree': 0.7945926370490205, 'min_child_samples': 55, 'reg_alpha': 1.4847666624200934e-05, 'reg_lambda': 3.892462773752934e-05}. Best is trial 14 with value: 0.0863398914466638.
[I 2026-06-01 23:25:05,328] Trial 15 finished with value: -4.023329401302087 and parameters: {'confidence_threshold': 0.6911579352329553, 'training_days': 320, 'n_estimators': 51, 'max_depth': 4, 'num_leaves': 48, 'learning_rate': 0.010493915519711815, 'subsample': 0.9279622006366923, 'colsample_bytree': 0.8047784926447492, 'min_child_samples': 35, 'reg_alpha': 0.0005387126307025784, 'reg_lambda': 7.482879404932238e-05}. Best is trial 14 with value: 0.0863398914466638.
[I 2026-06-01 23:25:05,417] Trial 16 finished with value: -0.005763086986658011 and parameters: {'confidence_threshold': 0.7830174282532703, 'training_days': 110, 'n_estimators': 143, 'max_depth': 4, 'num_leaves': 63, 'learning_rate': 0.2936568939766725, 'subsample': 0.9992520329043841, 'colsample_bytree': 0.9826162589395974, 'min_child_samples': 55, 'reg_alpha': 1.6230643075200477e-05, 'reg_lambda': 5.246101776335283e-07}. Best is trial 14 with value: 0.0863398914466638.
[I 2026-06-01 23:25:05,509] Trial 17 finished with value: 0.02212601637886652 and parameters: {'confidence_threshold': 0.7317822266564533, 'training_days': 350, 'n_estimators': 67, 'max_depth': 4, 'num_leaves': 57, 'learning_rate': 0.13572540495017427, 'subsample': 0.9169011685076653, 'colsample_bytree': 0.7784983239655328, 'min_child_samples': 56, 'reg_alpha': 0.0005961727498011812, 'reg_lambda': 0.0550329291651172}. Best is trial 14 with value: 0.0863398914466638.
[I 2026-06-01 23:25:05,631] A new study created in memory with name: no-name-ad159a19-6f79-4e54-80fd-a8e9a425bcf6
[I 2026-06-01 23:25:05,730] Trial 0 finished with value: 0.0002432177428210225 and parameters: {'confidence_threshold': 0.7437642149592516, 'training_days': 150, 'n_estimators': 152, 'max_depth': 4, 'num_leaves': 50, 'learning_rate': 0.04216766425047743, 'subsample': 0.9903820991923078, 'colsample_bytree': 0.8424148692924316, 'min_child_samples': 58, 'reg_alpha': 3.381097259762742e-05, 'reg_lambda': 1.2263152961306247e-05}. Best is trial 0 with value: 0.0002432177428210225.
[I 2026-06-01 23:25:05,797] Trial 1 finished with value: -0.14319356238058567 and parameters: {'confidence_threshold': 0.7551673975844145, 'training_days': 220, 'n_estimators': 76, 'max_depth': 4, 'num_leaves': 51, 'learning_rate': 0.018602118810743477, 'subsample': 0.5877258780737462, 'colsample_bytree': 0.7657756869209191, 'min_child_samples': 63, 'reg_alpha': 0.005123994170264194, 'reg_lambda': 0.44145470178120466}. Best is trial 0 with value: 0.0002432177428210225.
[I 2026-06-01 23:25:06,056] Trial 2 finished with value: 0.04771659328624549 and parameters: {'confidence_threshold': 0.7535593637012223, 'training_days': 310, 'n_estimators': 375, 'max_depth': 3, 'num_leaves': 32, 'learning_rate': 0.021735641882032388, 'subsample': 0.6468570231944146, 'colsample_bytree': 0.8154880619272439, 'min_child_samples': 27, 'reg_alpha': 8.004064028491336e-05, 'reg_lambda': 7.546835261630524e-05}. Best is trial 2 with value: 0.04771659328624549.
[I 2026-06-01 23:25:06,220] Trial 3 finished with value: 0.049355834845260876 and parameters: {'confidence_threshold': 0.6727897841776072, 'training_days': 220, 'n_estimators': 190, 'max_depth': 4, 'num_leaves': 58, 'learning_rate': 0.24810689332636193, 'subsample': 0.7509183379421682, 'colsample_bytree': 0.8119764758960556, 'min_child_samples': 29, 'reg_alpha': 7.1708285081421445e-06, 'reg_lambda': 5.412973582738627e-05}. Best is trial 3 with value: 0.049355834845260876.
[I 2026-06-01 23:25:06,333] Trial 4 finished with value: 0.0432499308121689 and parameters: {'confidence_threshold': 0.803208205259178, 'training_days': 130, 'n_estimators': 267, 'max_depth': 5, 'num_leaves': 40, 'learning_rate': 0.08041175317374143, 'subsample': 0.5603143329951619, 'colsample_bytree': 0.9131704002534167, 'min_child_samples': 68, 'reg_alpha': 0.0008046593428183385, 'reg_lambda': 1.2158346158765583e-05}. Best is trial 3 with value: 0.049355834845260876.
[I 2026-06-01 23:25:06,580] Trial 5 finished with value: 0.08022264716357994 and parameters: {'confidence_threshold': 0.6064422761595144, 'training_days': 210, 'n_estimators': 357, 'max_depth': 5, 'num_leaves': 40, 'learning_rate': 0.0974221287220869, 'subsample': 0.7929682762811064, 'colsample_bytree': 0.8124517510478, 'min_child_samples': 74, 'reg_alpha': 0.3811377260781234, 'reg_lambda': 5.607314238392041e-08}. Best is trial 5 with value: 0.08022264716357994.
[I 2026-06-01 23:25:06,690] Trial 6 finished with value: -0.019995604515238123 and parameters: {'confidence_threshold': 0.7672889945051684, 'training_days': 130, 'n_estimators': 137, 'max_depth': 4, 'num_leaves': 19, 'learning_rate': 0.2031117614248665, 'subsample': 0.8136244860256343, 'colsample_bytree': 0.8617081790949774, 'min_child_samples': 21, 'reg_alpha': 0.002238138278733199, 'reg_lambda': 0.001025809534977322}. Best is trial 5 with value: 0.08022264716357994.
[I 2026-06-01 23:25:06,761] Trial 7 finished with value: 0.045703534293616524 and parameters: {'confidence_threshold': 0.555635875450653, 'training_days': 80, 'n_estimators': 363, 'max_depth': 3, 'num_leaves': 48, 'learning_rate': 0.06590089024008658, 'subsample': 0.6944752870615722, 'colsample_bytree': 0.962566244806993, 'min_child_samples': 88, 'reg_alpha': 1.6465620446426067e-05, 'reg_lambda': 2.4678750890085655e-08}. Best is trial 5 with value: 0.08022264716357994.
[I 2026-06-01 23:25:07,072] Trial 8 finished with value: 0.05474550649309486 and parameters: {'confidence_threshold': 0.6066688256938841, 'training_days': 200, 'n_estimators': 367, 'max_depth': 5, 'num_leaves': 32, 'learning_rate': 0.13377519215934996, 'subsample': 0.7965884582811106, 'colsample_bytree': 0.8458508993500886, 'min_child_samples': 32, 'reg_alpha': 3.889436043816386e-05, 'reg_lambda': 1.4713062489380356e-06}. Best is trial 5 with value: 0.08022264716357994.
