[I 2026-06-01 23:26:47,116] Trial 9 finished with value: 0.032142548041308915 and parameters: {'confidence_threshold': 0.6202096049169137, 'training_days': 260, 'n_estimators': 350, 'max_depth': 3, 'num_leaves': 21, 'learning_rate': 0.02989540198065364, 'subsample': 0.8307821683331218, 'colsample_bytree': 0.923253112635361, 'min_child_samples': 64, 'reg_alpha': 0.4898604619604203, 'reg_lambda': 2.9076377687066166e-05}. Best is trial 9 with value: 0.032142548041308915.
[I 2026-06-01 23:26:47,445] Trial 10 finished with value: -0.03138670932828262 and parameters: {'confidence_threshold': 0.5342665212695602, 'training_days': 470, 'n_estimators': 493, 'max_depth': 3, 'num_leaves': 17, 'learning_rate': 0.010221918552934462, 'subsample': 0.9317514110288623, 'colsample_bytree': 0.6202684210924141, 'min_child_samples': 47, 'reg_alpha': 2.371385268938747e-08, 'reg_lambda': 0.010291221835057122}. Best is trial 9 with value: 0.032142548041308915.
[I 2026-06-01 23:26:47,815] Trial 11 finished with value: 0.017145173119274115 and parameters: {'confidence_threshold': 0.6332172030915592, 'training_days': 340, 'n_estimators': 477, 'max_depth': 5, 'num_leaves': 26, 'learning_rate': 0.036526978794621294, 'subsample': 0.8648160383699911, 'colsample_bytree': 0.6778283959364831, 'min_child_samples': 85, 'reg_alpha': 6.114661601749046, 'reg_lambda': 1.0011881639020481e-08}. Best is trial 9 with value: 0.032142548041308915.

  [label] 2022-08-16 16:00 LTCUSDT entry=61.2800 → SHORT | long=sl(-5.93%) short=tp(+11.56%) | scanned=8 | short_tp_only
  [label] 2022-09-01 16:00 LTCUSDT entry=57.5500 → SHORT | long=sl(-7.17%) short=sl(-7.17%) | scanned=16 | no_tp→fwd_return=-5.8732
  [label] 2022-09-14 00:00 LTCUSDT entry=58.7800 → SHORT | long=sl(-8.13%) short=timeout(+11.94%) | scanned=22 | no_tp→fwd_return=-12.0449
  [label] 2022-10-02 16:00 LTCUSDT entry=51.7700 → LONG | long=timeout(+3.98%) short=sl(-4.87%) | scanned=22 | no_tp→fwd_return=+4.0757
  [label] 2022-10-08 16:00 LTCUSDT entry=52.7600 → SHORT | long=sl(-3.70%) short=tp(+7.11%) | scanned=14 | short_tp_only
  [label] 2022-10-21 00:00 LTCUSDT entry=50.8600 → LONG | long=tp(+6.36%) short=sl(-3.33%) | scanned=9 | long_tp_only
  [label] 2022-11-29 08:00 LTCUSDT entry=75.4400 → LONG | long=timeout(+5.18%) short=sl(-8.56%) | scanned=22 | no_tp→fwd_return=+5.2757
  [label] 2022-12-09 00:00 LTCUSDT entry=77.8800 → SHORT | long=sl(-5.98%) short=timeout(+5.90%) | scanned=22 | no_tp→fwd_return=-5.9964
  [label] 2023-03-04 08:00 LTCUSDT entry=89.5300 → SHORT | long=sl(-4.82%) short=tp(+9.35%) | scanned=16 | short_tp_only
  Labels: 1116 long (51.8%), 1037 short (48.2%) | weights: min=1.00, mean=3.27, max=10.00
  Features: 2153/2153 matched, 49 columns
  CV gap: 22 rows
  [ensemble 1/3] seed=42
    [trial 0] 49 features, training_days=480 | threshold=0.631 | labels: 1116 long, 1037 short (52/48%)
    [CV fold 0] train_end=2021-07-23 08:00 | val_start=2021-07-31 00:00 | gap=184h (22 rows)
    [CV fold 1] train_end=2021-11-19 16:00 | val_start=2021-11-27 08:00 | gap=184h (22 rows)
    [CV fold 2] train_end=2022-03-22 00:00 | val_start=2022-03-29 16:00 | gap=184h (22 rows)
    [CV fold 3] train_end=2022-07-21 08:00 | val_start=2022-07-29 00:00 | gap=184h (22 rows)
    [CV fold 4] train_end=2022-11-17 16:00 | val_start=2022-11-25 08:00 | gap=184h (22 rows)
    [trial 0] Sharpe=0.0397 (folds: 0.0635, 0.1658, -0.1204, 0.1790, -0.0893)
    [trial 1] 49 features, training_days=420 | threshold=0.839 | labels: 1116 long, 1037 short (52/48%)
    [trial 1] Sharpe=0.2182 (folds: -0.0490, 0.4845, 0.3622, -0.0215, 0.3150)
    [trial 2] 49 features, training_days=190 | threshold=0.602 | labels: 1116 long, 1037 short (52/48%)
    [trial 2] Sharpe=0.0189 (folds: 0.0470, 0.2294, -0.1748, -0.0830, 0.0759)
    [trial 3] 49 features, training_days=490 | threshold=0.832 | labels: 1116 long, 1037 short (52/48%)
    [trial 3] Sharpe=0.0376 (folds: 0.0618, 0.2517, -0.1468, 0.1163, -0.0950)
    [trial 4] 49 features, training_days=340 | threshold=0.591 | labels: 1116 long, 1037 short (52/48%)
    [trial 4] Sharpe=0.0373 (folds: 0.1181, 0.1159, 0.0179, 0.0993, -0.1645)
    [trial 5] 49 features, training_days=50 | threshold=0.823 | labels: 1116 long, 1037 short (52/48%)
    [trial 5] Sharpe=-0.0350 (folds: -0.2339, 0.3112, -0.3128, -0.0116, 0.0720)
    [trial 6] 49 features, training_days=410 | threshold=0.549 | labels: 1116 long, 1037 short (52/48%)
    [trial 6] Sharpe=0.0039 (folds: 0.1260, -0.0515, 0.0479, 0.0607, -0.1635)
    [trial 7] 49 features, training_days=180 | threshold=0.526 | labels: 1116 long, 1037 short (52/48%)
    [trial 7] Sharpe=-0.0834 (folds: -0.1046, 0.0606, -0.1634, -0.1335, -0.0762)
    [trial 8] 49 features, training_days=240 | threshold=0.811 | labels: 1116 long, 1037 short (52/48%)
    [trial 8] Sharpe=0.0982 (folds: 0.0311, 0.2780, -0.1716, 0.4642, -0.1107)
    [trial 9] 49 features, training_days=20 | threshold=0.538 | labels: 1116 long, 1037 short (52/48%)
    [trial 9] Sharpe=-1.9112 (folds: -10.0000, 0.1234, 0.0923, 0.0478, 0.1803)
    [trial 10] 49 features, training_days=350 | threshold=0.729 | labels: 1116 long, 1037 short (52/48%)
    [trial 10] Sharpe=-0.0328 (folds: -0.1066, 0.2070, -0.0733, 0.0063, -0.1976)
    [trial 11] 49 features, training_days=250 | threshold=0.744 | labels: 1116 long, 1037 short (52/48%)
    [trial 11] Sharpe=-0.0372 (folds: -0.0306, 0.1472, -0.1786, -0.0388, -0.0849)
    [trial 12] 49 features, training_days=270 | threshold=0.772 | labels: 1116 long, 1037 short (52/48%)
    [trial 12] Sharpe=-0.0166 (folds: -0.0743, 0.2757, -0.1622, 0.0521, -0.1742)
    [trial 13] 49 features, training_days=150 | threshold=0.849 | labels: 1116 long, 1037 short (52/48%)
    [trial 13] Sharpe=-0.0358 (folds: 0.0182, 0.2262, -0.2252, -0.4332, 0.2350)
    [trial 14] 49 features, training_days=380 | threshold=0.690 | labels: 1116 long, 1037 short (52/48%)
    [trial 14] Sharpe=0.0229 (folds: 0.0368, 0.1927, -0.1506, 0.0827, -0.0472)
    [trial 15] 49 features, training_days=260 | threshold=0.790 | labels: 1116 long, 1037 short (52/48%)
    [trial 15] Sharpe=-5.9783 (folds: -10.0000, 0.2926, -10.0000, -10.0000, -0.1842)
    [trial 16] 49 features, training_days=100 | threshold=0.788 | labels: 1116 long, 1037 short (52/48%)
    [trial 16] Sharpe=-0.1756 (folds: -0.2160, 0.0233, -0.3637, -0.1210, -0.2008)
    [trial 17] 49 features, training_days=440 | threshold=0.680 | labels: 1116 long, 1037 short (52/48%)
    [trial 17] Sharpe=-0.0018 (folds: 0.1044, 0.1058, -0.1573, 0.0422, -0.1041)
  Optuna: 18 trials, best Sharpe = 0.2182
  Best params: n_estimators=145, max_depth=3, lr=0.0281, leaves=23
  Best confidence_threshold: 0.839
  Best training_days: 420
  Retrained on full data (1245 samples, 49 features)
  [ensemble 2/3] seed=123
    [trial 0] 49 features, training_days=150 | threshold=0.744 | labels: 1116 long, 1037 short (52/48%)
    [CV fold 0] train_end=2021-07-23 08:00 | val_start=2021-07-31 00:00 | gap=184h (22 rows)
    [CV fold 1] train_end=2021-11-19 16:00 | val_start=2021-11-27 08:00 | gap=184h (22 rows)
    [CV fold 2] train_end=2022-03-22 00:00 | val_start=2022-03-29 16:00 | gap=184h (22 rows)
    [CV fold 3] train_end=2022-07-21 08:00 | val_start=2022-07-29 00:00 | gap=184h (22 rows)
    [CV fold 4] train_end=2022-11-17 16:00 | val_start=2022-11-25 08:00 | gap=184h (22 rows)
    [trial 0] Sharpe=0.0075 (folds: 0.0338, 0.2647, -0.1882, -0.2979, 0.2253)
    [trial 1] 49 features, training_days=220 | threshold=0.755 | labels: 1116 long, 1037 short (52/48%)
    [trial 1] Sharpe=-6.0947 (folds: -10.0000, -10.0000, -0.4378, -10.0000, -0.0354)
    [trial 2] 49 features, training_days=310 | threshold=0.754 | labels: 1116 long, 1037 short (52/48%)
    [trial 2] Sharpe=-0.0502 (folds: -0.1429, 0.2368, -0.0993, -0.1425, -0.1031)
    [trial 3] 49 features, training_days=220 | threshold=0.673 | labels: 1116 long, 1037 short (52/48%)
    [trial 3] Sharpe=-0.0237 (folds: -0.0375, 0.2235, -0.1186, -0.1477, -0.0380)
    [trial 4] 49 features, training_days=130 | threshold=0.803 | labels: 1116 long, 1037 short (52/48%)
    [trial 4] Sharpe=-0.0386 (folds: 0.0731, 0.0373, -0.4487, -0.0086, 0.1540)
    [trial 5] 49 features, training_days=210 | threshold=0.606 | labels: 1116 long, 1037 short (52/48%)
    [trial 5] Sharpe=0.0113 (folds: 0.0520, 0.2129, -0.1944, 0.0405, -0.0544)
    [trial 6] 49 features, training_days=130 | threshold=0.767 | labels: 1116 long, 1037 short (52/48%)
    [trial 6] Sharpe=-0.0845 (folds: -0.0114, -0.0474, -0.3193, -0.1691, 0.1248)
    [trial 7] 49 features, training_days=80 | threshold=0.556 | labels: 1116 long, 1037 short (52/48%)
    [trial 7] Sharpe=-0.0790 (folds: -0.1952, 0.1542, -0.3419, 0.0356, -0.0477)
    [trial 8] 49 features, training_days=200 | threshold=0.607 | labels: 1116 long, 1037 short (52/48%)
    [trial 8] Sharpe=-0.0462 (folds: -0.0384, 0.2047, -0.1686, -0.1996, -0.0293)
    [trial 9] 49 features, training_days=260 | threshold=0.620 | labels: 1116 long, 1037 short (52/48%)
    [trial 9] Sharpe=0.0321 (folds: 0.0511, 0.1278, -0.0825, 0.2307, -0.1665)
    [trial 10] 49 features, training_days=470 | threshold=0.534 | labels: 1116 long, 1037 short (52/48%)
    [trial 10] Sharpe=-0.0314 (folds: -0.0400, 0.1139, -0.1295, 0.0793, -0.1805)
    [trial 11] 49 features, training_days=340 | threshold=0.633 | labels: 1116 long, 1037 short (52/48%)
    [trial 11] Sharpe=0.0171 (folds: 0.0804, 0.1455, -0.1247, 0.0125, -0.0279)
    [trial 12] 49 features, training_days=340 | threshold=0.667 | labels: 1116 long, 1037 short (52/48%)
    [trial 12] Sharpe=0.0478 (folds: 0.1466, 0.1785, -0.0784, 0.0458, -0.0536)[I 2026-06-01 23:26:48,170] Trial 12 finished with value: 0.04775427487749003 and parameters: {'confidence_threshold': 0.6670695753293601, 'training_days': 340, 'n_estimators': 498, 'max_depth': 5, 'num_leaves': 25, 'learning_rate': 0.04177264325494071, 'subsample': 0.8941395335595879, 'colsample_bytree': 0.6669454130036883, 'min_child_samples': 100, 'reg_alpha': 6.210448045058425, 'reg_lambda': 5.116535876235931e-07}. Best is trial 12 with value: 0.04775427487749003.
[I 2026-06-01 23:26:48,441] Trial 13 finished with value: -0.012253219580495245 and parameters: {'confidence_threshold': 0.6865742981200051, 'training_days': 400, 'n_estimators': 436, 'max_depth': 3, 'num_leaves': 23, 'learning_rate': 0.028483584615231934, 'subsample': 0.8937837507513531, 'colsample_bytree': 0.5443982906148261, 'min_child_samples': 46, 'reg_alpha': 0.16415566591725667, 'reg_lambda': 5.773739425937502e-07}. Best is trial 12 with value: 0.04775427487749003.
[I 2026-06-01 23:26:48,633] Trial 14 finished with value: -0.036790719472162545 and parameters: {'confidence_threshold': 0.6768809925534595, 'training_days': 310, 'n_estimators': 276, 'max_depth': 4, 'num_leaves': 29, 'learning_rate': 0.013490145922692041, 'subsample': 0.9646743619040078, 'colsample_bytree': 0.6937299455622933, 'min_child_samples': 97, 'reg_alpha': 2.84652550119345, 'reg_lambda': 0.002238160234885918}. Best is trial 12 with value: 0.04775427487749003.
[I 2026-06-01 23:26:48,885] Trial 15 finished with value: 0.04562588050960894 and parameters: {'confidence_threshold': 0.5026055290809989, 'training_days': 400, 'n_estimators': 288, 'max_depth': 5, 'num_leaves': 15, 'learning_rate': 0.05046887002287078, 'subsample': 0.8634966601059153, 'colsample_bytree': 0.9903913207424956, 'min_child_samples': 100, 'reg_alpha': 0.0648536567729795, 'reg_lambda': 7.153589957270451e-07}. Best is trial 12 with value: 0.04775427487749003.
[I 2026-06-01 23:26:49,108] Trial 16 finished with value: 0.010710358332539863 and parameters: {'confidence_threshold': 0.5149719115843089, 'training_days': 500, 'n_estimators': 264, 'max_depth': 5, 'num_leaves': 15, 'learning_rate': 0.05244931613929988, 'subsample': 0.8868474056204897, 'colsample_bytree': 0.5051670322098265, 'min_child_samples': 99, 'reg_alpha': 0.037639656395328215, 'reg_lambda': 4.5125754855748e-07}. Best is trial 12 with value: 0.04775427487749003.
[I 2026-06-01 23:26:49,454] Trial 17 finished with value: -0.009137139531541124 and parameters: {'confidence_threshold': 0.5640908641649395, 'training_days': 410, 'n_estimators': 429, 'max_depth': 5, 'num_leaves': 34, 'learning_rate': 0.12135785328642616, 'subsample': 0.7208916649491222, 'colsample_bytree': 0.617512148687082, 'min_child_samples': 84, 'reg_alpha': 0.02513835687481041, 'reg_lambda': 1.3489951187488e-06}. Best is trial 12 with value: 0.04775427487749003.
[I 2026-06-01 23:26:49,719] A new study created in memory with name: no-name-e34de2af-7a32-4364-962f-f5d2f4684257
[I 2026-06-01 23:26:49,939] Trial 0 finished with value: -0.08961623909365002 and parameters: {'confidence_threshold': 0.5870645682749857, 'training_days': 90, 'n_estimators': 403, 'max_depth': 5, 'num_leaves': 45, 'learning_rate': 0.0780457193679974, 'subsample': 0.9428509515574568, 'colsample_bytree': 0.8795587339164916, 'min_child_samples': 34, 'reg_alpha': 2.2465901234314442e-07, 'reg_lambda': 8.339007036475363e-05}. Best is trial 0 with value: -0.08961623909365002.
[I 2026-06-01 23:26:50,049] Trial 1 finished with value: -0.01202634392041176 and parameters: {'confidence_threshold': 0.6348453934275313, 'training_days': 290, 'n_estimators': 115, 'max_depth': 5, 'num_leaves': 37, 'learning_rate': 0.06949568759029946, 'subsample': 0.8228505074024268, 'colsample_bytree': 0.8616703220431751, 'min_child_samples': 75, 'reg_alpha': 4.2486822725010923e-07, 'reg_lambda': 1.157247767047042e-07}. Best is trial 1 with value: -0.01202634392041176.
[I 2026-06-01 23:26:50,070] Trial 2 finished with value: -0.08414776393027082 and parameters: {'confidence_threshold': 0.5849570384370288, 'training_days': 10, 'n_estimators': 212, 'max_depth': 3, 'num_leaves': 41, 'learning_rate': 0.18452095998378365, 'subsample': 0.6001060822924371, 'colsample_bytree': 0.5673167293506167, 'min_child_samples': 37, 'reg_alpha': 5.733250064217131, 'reg_lambda': 0.5308454292595461}. Best is trial 1 with value: -0.01202634392041176.
[I 2026-06-01 23:26:50,152] Trial 3 finished with value: 0.04124564303904153 and parameters: {'confidence_threshold': 0.6868248626683718, 'training_days': 220, 'n_estimators': 134, 'max_depth': 3, 'num_leaves': 45, 'learning_rate': 0.033529007907491595, 'subsample': 0.8647277071858408, 'colsample_bytree': 0.778494116634046, 'min_child_samples': 96, 'reg_alpha': 2.409409937265785e-07, 'reg_lambda': 1.1642073478060009}. Best is trial 3 with value: 0.04124564303904153.
[I 2026-06-01 23:26:50,248] Trial 4 finished with value: -0.06775636295022633 and parameters: {'confidence_threshold': 0.5623121348350352, 'training_days': 300, 'n_estimators': 69, 'max_depth': 4, 'num_leaves': 32, 'learning_rate': 0.14967629360700346, 'subsample': 0.5054535233636654, 'colsample_bytree': 0.7401385194659216, 'min_child_samples': 27, 'reg_alpha': 1.4212042567426725e-07, 'reg_lambda': 0.23605753701352003}. Best is trial 3 with value: 0.04124564303904153.
[I 2026-06-01 23:26:50,686] Trial 5 finished with value: -0.031138862817417935 and parameters: {'confidence_threshold': 0.7111850244908446, 'training_days': 490, 'n_estimators': 362, 'max_depth': 5, 'num_leaves': 40, 'learning_rate': 0.05960785724162737, 'subsample': 0.5589714368907717, 'colsample_bytree': 0.6659006943232806, 'min_child_samples': 42, 'reg_alpha': 0.6741360303045295, 'reg_lambda': 6.054601607143087e-08}. Best is trial 3 with value: 0.04124564303904153.
[I 2026-06-01 23:26:50,857] Trial 6 finished with value: -0.03898947403995221 and parameters: {'confidence_threshold': 0.667482545748023, 'training_days': 420, 'n_estimators': 279, 'max_depth': 3, 'num_leaves': 45, 'learning_rate': 0.040099592560849204, 'subsample': 0.8563114696415159, 'colsample_bytree': 0.5442917781944105, 'min_child_samples': 50, 'reg_alpha': 1.6407916423707903e-08, 'reg_lambda': 2.935907642973286e-05}. Best is trial 3 with value: 0.04124564303904153.
[I 2026-06-01 23:26:51,006] Trial 7 finished with value: -0.09651490829238428 and parameters: {'confidence_threshold': 0.5497381024139926, 'training_days': 120, 'n_estimators': 408, 'max_depth': 5, 'num_leaves': 38, 'learning_rate': 0.28049122657745795, 'subsample': 0.8806573338635493, 'colsample_bytree': 0.5454054113547102, 'min_child_samples': 63, 'reg_alpha': 0.01263008637940408, 'reg_lambda': 0.04588020805366937}. Best is trial 3 with value: 0.04124564303904153.
[I 2026-06-01 23:26:51,282] Trial 8 finished with value: 0.052631094614033105 and parameters: {'confidence_threshold': 0.719644804808716, 'training_days': 450, 'n_estimators': 410, 'max_depth': 4, 'num_leaves': 57, 'learning_rate': 0.04022026551478857, 'subsample': 0.5336085426932707, 'colsample_bytree': 0.5705742850577543, 'min_child_samples': 100, 'reg_alpha': 5.916398047912201e-07, 'reg_lambda': 0.9794034214488329}. Best is trial 8 with value: 0.052631094614033105.
[I 2026-06-01 23:26:51,309] Trial 9 finished with value: -3.9472898639443343 and parameters: {'confidence_threshold': 0.7267463643917187, 'training_days': 20, 'n_estimators': 337, 'max_depth': 5, 'num_leaves': 23, 'learning_rate': 0.022153031811454605, 'subsample': 0.6305627572358737, 'colsample_bytree': 0.6613413774216214, 'min_child_samples': 81, 'reg_alpha': 5.7638634029410314e-08, 'reg_lambda': 8.26603016764008}. Best is trial 8 with value: 0.052631094614033105.
[I 2026-06-01 23:26:51,674] Trial 10 finished with value: -1.8239764247196528 and parameters: {'confidence_threshold': 0.8283920119574972, 'training_days': 400, 'n_estimators': 485, 'max_depth': 4, 'num_leaves': 63, 'learning_rate': 0.011927505552849117, 'subsample': 0.7130289643560688, 'colsample_bytree': 0.9944479338273263, 'min_child_samples': 100, 'reg_alpha': 5.0239970328459277e-05, 'reg_lambda': 0.0028438774509831773}. Best is trial 8 with value: 0.052631094614033105.
[I 2026-06-01 23:26:51,770] Trial 11 finished with value: 0.16336768702033466 and parameters: {'confidence_threshold': 0.7766282449189577, 'training_days': 190, 'n_estimators': 186, 'max_depth': 3, 'num_leaves': 58, 'learning_rate': 0.029354876456257728, 'subsample': 0.7459055835274097, 'colsample_bytree': 0.8016610248739169, 'min_child_samples': 100, 'reg_alpha': 2.3530491583503867e-05, 'reg_lambda': 7.067893525937578}. Best is trial 11 with value: 0.16336768702033466.
[I 2026-06-01 23:26:51,895] Trial 12 finished with value: 0.06911815669493948 and parameters: {'confidence_threshold': 0.7820600390762451, 'training_days': 200, 'n_estimators': 219, 'max_depth': 4, 'num_leaves': 59, 'learning_rate': 0.01924681962976845, 'subsample': 0.7031217793761884, 'colsample_bytree': 0.6550757185518237, 'min_child_samples': 85, 'reg_alpha': 3.0366481742941654e-05, 'reg_lambda': 0.008293573582047036}. Best is trial 11 with value: 0.16336768702033466.
[I 2026-06-01 23:26:52,030] Trial 13 finished with value: -2.0143138759726824 and parameters: {'confidence_threshold': 0.8049870194265122, 'training_days': 200, 'n_estimators': 209, 'max_depth': 4, 'num_leaves': 55, 'learning_rate': 0.01599763794568145, 'subsample': 0.7222682309317302, 'colsample_bytree': 0.6862486755133342, 'min_child_samples': 84, 'reg_alpha': 3.8284786278705456e-05, 'reg_lambda': 0.003926747674852241}. Best is trial 11 with value: 0.16336768702033466.
[I 2026-06-01 23:26:52,138] Trial 14 finished with value: 0.0068363586537071724 and parameters: {'confidence_threshold': 0.7745477472372655, 'training_days': 150, 'n_estimators': 211, 'max_depth': 3, 'num_leaves': 54, 'learning_rate': 0.02360820129122137, 'subsample': 0.6776505255398512, 'colsample_bytree': 0.8207486658438357, 'min_child_samples': 66, 'reg_alpha': 0.0007777091165467205, 'reg_lambda': 4.92824633736533e-06}. Best is trial 11 with value: 0.16336768702033466.
[I 2026-06-01 23:26:52,333] Trial 15 finished with value: 0.10094471338900204 and parameters: {'confidence_threshold': 0.7594279795954488, 'training_days': 320, 'n_estimators': 283, 'max_depth': 3, 'num_leaves': 62, 'learning_rate': 0.0100021088356706, 'subsample': 0.7852393171962521, 'colsample_bytree': 0.9305362439537812, 'min_child_samples': 88, 'reg_alpha': 1.7836787545151695e-05, 'reg_lambda': 0.0026406526000485684}. Best is trial 11 with value: 0.16336768702033466.
[I 2026-06-01 23:26:52,533] Trial 16 finished with value: -10.0 and parameters: {'confidence_threshold': 0.8496275701190671, 'training_days': 350, 'n_estimators': 255, 'max_depth': 3, 'num_leaves': 51, 'learning_rate': 0.010132431227248292, 'subsample': 0.7859521001118739, 'colsample_bytree': 0.9703336685995065, 'min_child_samples': 90, 'reg_alpha': 0.0012985646988776464, 'reg_lambda': 1.4650125514498908e-06}. Best is trial 11 with value: 0.16336768702033466.
