[I 2026-06-01 23:24:25,486] Trial 17 finished with value: 0.03104837558079642 and parameters: {'confidence_threshold': 0.5580418280495819, 'training_days': 360, 'n_estimators': 56, 'max_depth': 3, 'num_leaves': 51, 'learning_rate': 0.18116298244405207, 'subsample': 0.653238010477114, 'colsample_bytree': 0.7359299304192279, 'min_child_samples': 33, 'reg_alpha': 0.0019164381124245958, 'reg_lambda': 5.142244945243889e-06}. Best is trial 4 with value: 0.05728700897117813.

    [trial 2] 49 features, training_days=10 | threshold=0.585 | labels: 1162 long, 1009 short (54/46%)
    [trial 2] Sharpe=-3.9870 (folds: 0.1116, -10.0000, -0.1219, -10.0000, 0.0754)
    [trial 3] 49 features, training_days=220 | threshold=0.687 | labels: 1162 long, 1009 short (54/46%)
    [trial 3] Sharpe=-0.0563 (folds: -0.0301, 0.0101, -0.3930, 0.0385, 0.0930)
    [trial 4] 49 features, training_days=300 | threshold=0.562 | labels: 1162 long, 1009 short (54/46%)
    [trial 4] Sharpe=0.0573 (folds: 0.0557, 0.0807, -0.0149, 0.0732, 0.0917)
    [trial 5] 49 features, training_days=490 | threshold=0.711 | labels: 1162 long, 1009 short (54/46%)
    [trial 5] Sharpe=0.0235 (folds: 0.0829, 0.0907, -0.2255, 0.1510, 0.0183)
    [trial 6] 49 features, training_days=420 | threshold=0.667 | labels: 1162 long, 1009 short (54/46%)
    [trial 6] Sharpe=-0.0104 (folds: 0.0336, 0.0567, -0.2164, 0.1078, -0.0338)
    [trial 7] 49 features, training_days=120 | threshold=0.550 | labels: 1162 long, 1009 short (54/46%)
    [trial 7] Sharpe=-0.0115 (folds: 0.1221, -0.0926, -0.1109, -0.0137, 0.0373)
    [trial 8] 49 features, training_days=450 | threshold=0.720 | labels: 1162 long, 1009 short (54/46%)
    [trial 8] Sharpe=-0.0498 (folds: 0.0512, -0.0230, -0.3765, 0.1184, -0.0190)
    [trial 9] 49 features, training_days=20 | threshold=0.727 | labels: 1162 long, 1009 short (54/46%)
    [trial 9] Sharpe=-4.0776 (folds: -10.0000, -0.2728, -0.1219, 0.0066, -10.0000)
    [trial 10] 49 features, training_days=320 | threshold=0.840 | labels: 1162 long, 1009 short (54/46%)
    [trial 10] Sharpe=0.0067 (folds: -0.0259, 0.0748, -0.1288, -0.0415, 0.1550)
    [trial 11] 49 features, training_days=500 | threshold=0.786 | labels: 1162 long, 1009 short (54/46%)
    [trial 11] Sharpe=-0.0599 (folds: -0.1372, -0.1531, -0.3334, 0.2701, 0.0541)
    [trial 12] 49 features, training_days=370 | threshold=0.515 | labels: 1162 long, 1009 short (54/46%)
    [trial 12] Sharpe=0.0058 (folds: 0.0654, 0.1131, -0.1990, 0.0305, 0.0191)
    [trial 13] 49 features, training_days=210 | threshold=0.626 | labels: 1162 long, 1009 short (54/46%)
    [trial 13] Sharpe=0.0394 (folds: 0.1208, 0.0870, -0.1037, 0.1001, -0.0072)
    [trial 14] 49 features, training_days=210 | threshold=0.615 | labels: 1162 long, 1009 short (54/46%)
    [trial 14] Sharpe=0.0165 (folds: 0.0762, 0.0285, -0.1108, 0.1054, -0.0170)
    [trial 15] 49 features, training_days=180 | threshold=0.517 | labels: 1162 long, 1009 short (54/46%)
    [trial 15] Sharpe=0.0061 (folds: 0.1011, -0.0324, -0.1226, 0.0566, 0.0278)
    [trial 16] 49 features, training_days=330 | threshold=0.561 | labels: 1162 long, 1009 short (54/46%)
    [trial 16] Sharpe=0.0474 (folds: 0.0606, 0.0766, -0.0370, 0.0462, 0.0904)
    [trial 17] 49 features, training_days=360 | threshold=0.558 | labels: 1162 long, 1009 short (54/46%)
    [trial 17] Sharpe=0.0310 (folds: 0.0093, 0.1093, -0.1003, 0.0993, 0.0376)
  Optuna: 18 trials, best Sharpe = 0.0573
  Best params: n_estimators=69, max_depth=4, lr=0.1497, leaves=32
  Best confidence_threshold: 0.562
  Best training_days: 300
  Retrained on full data (900 samples, 49 features)
  OOD: 16 features, cutoff (q=0.7) = 14.05
  Model trained for 2022-02: 75 test candles with features, confidence_threshold=0.578
[predict] 2022-02-01 16:00 LTCUSDT → SHORT (proba=0.86 TP=14.1%/SL=7.0%)
[trade:open] 2022-02-01 23:59 LTCUSDT SHORT @ 115.03 | SL=123.13 TP=98.83 | timeout=2022-02-08 23:59
[trade:close] 2022-02-05 15:59 LTCUSDT SHORT → stop_loss @ 123.13 | PnL=-7.04% (net -7.14%) | cum=-6.05% 2022-02=-7.29% 2022-02-05=-7.14%
[predict] 2022-02-06 08:00 LTCUSDT → SHORT (proba=0.59 TP=13.1%/SL=6.6%)
[trade:open] 2022-02-06 15:59 LTCUSDT SHORT @ 122.68 | SL=130.74 TP=106.56 | timeout=2022-02-13 15:59
[trade:close] 2022-02-07 15:59 LTCUSDT SHORT → stop_loss @ 130.74 | PnL=-6.57% (net -6.67%) | cum=-12.72% 2022-02=-13.96% 2022-02-07=-6.67%
[predict] 2022-02-10 00:00 LTCUSDT → SHORT (proba=0.75 TP=13.1%/SL=6.6%)
[trade:open] 2022-02-10 07:59 LTCUSDT SHORT @ 138.35 | SL=147.43 TP=120.19 | timeout=2022-02-17 07:59
[trade:close] 2022-02-17 08:00 LTCUSDT SHORT → timeout @ 127.18 | PnL=+8.07% (net +7.97%) | cum=-4.75% 2022-02=-5.98% 2022-02-17=+7.97%
[predict] 2022-02-18 00:00 LTCUSDT → SHORT (proba=0.71 TP=14.6%/SL=7.3%)
[trade:open] 2022-02-18 07:59 LTCUSDT SHORT @ 117.42 | SL=125.99 TP=100.29 | timeout=2022-02-25 07:59
[trade:close] 2022-02-22 07:59 LTCUSDT SHORT → take_profit @ 100.29 | PnL=+14.59% (net +14.49%) | cum=+9.75% 2022-02=+8.51% 2022-02-22=+14.49%
[predict] 2022-02-23 00:00 LTCUSDT → SHORT (proba=0.98 TP=15.6%/SL=7.8%)
[trade:open] 2022-02-23 07:59 LTCUSDT SHORT @ 108.26 | SL=116.72 TP=91.34 | timeout=2022-03-02 07:59
[trade:close] 2022-02-24 15:59 LTCUSDT SHORT → take_profit @ 91.34 | PnL=+15.63% (net +15.53%) | cum=+25.27% 2022-02=+24.04% 2022-02-24=+15.53%
[predict] 2022-02-25 08:00 LTCUSDT → SHORT (proba=0.69 TP=19.7%/SL=9.9%)
[trade:open] 2022-02-25 15:59 LTCUSDT SHORT @ 106.52 | SL=117.02 TP=85.52 | timeout=2022-03-04 15:59
[lgbm] === Training for 2022-03 ===
  Train window: 2020-03-01 → 2022-02-21
  2168 training samples from 1 symbols
  Samples per month: 2020-03: 93, 2020-04: 90, 2020-05: 93, 2020-06: 90, 2020-07: 93, 2020-08: 93, 2020-09: 90, 2020-10: 93, 2020-11: 90, 2020-12: 93, 2021-01: 93, 2021-02: 84, 2021-03: 93, 2021-04: 90, 2021-05: 93, 2021-06: 90, 2021-07: 93, 2021-08: 93, 2021-09: 90, 2021-10: 93, 2021-11: 90, 2021-12: 93, 2022-01: 93, 2022-02: 62
  [label] 2020-05-01 16:00 LTCUSDT entry=47.1100 → LONG | long=timeout(+1.26%) short=sl(-6.26%) | scanned=22 | no_tp→fwd_return=+1.3585
  [label] 2020-05-03 16:00 LTCUSDT entry=48.1100 → SHORT | long=sl(-6.22%) short=tp(+12.15%) | scanned=19 | short_tp_only
  [label] 2020-05-07 16:00 LTCUSDT entry=47.3900 → SHORT | long=sl(-6.33%) short=tp(+12.36%) | scanned=7 | short_tp_only
  [label] 2020-06-01 08:00 LTCUSDT entry=46.8900 → SHORT | long=sl(-5.16%) short=sl(-5.16%) | scanned=3 | no_tp→fwd_return=-2.4952
  [label] 2020-07-23 16:00 LTCUSDT entry=45.0000 → LONG | long=tp(+6.81%) short=sl(-3.55%) | scanned=5 | long_tp_only
  [label] 2021-01-05 16:00 LTCUSDT entry=158.6000 → SHORT | long=sl(-12.66%) short=sl(-12.66%) | scanned=16 | no_tp→fwd_return=-10.6747
  [label] 2021-01-09 16:00 LTCUSDT entry=177.5600 → SHORT | long=sl(-13.11%) short=tp(+25.91%) | scanned=4 | short_tp_only
  [label] 2021-01-20 08:00 LTCUSDT entry=141.3500 → SHORT | long=sl(-14.10%) short=timeout(+11.47%) | scanned=22 | no_tp→fwd_return=-11.5670
  [label] 2021-03-06 08:00 LTCUSDT entry=177.3000 → LONG | long=tp(+22.21%) short=sl(-11.26%) | scanned=19 | long_tp_only
  [label] 2021-03-14 16:00 LTCUSDT entry=214.0800 → SHORT | long=sl(-8.18%) short=timeout(+8.57%) | scanned=22 | no_tp→fwd_return=-8.6697
  [label] 2021-06-13 00:00 LTCUSDT entry=158.5800 → SHORT | long=timeout(-3.68%) short=sl(-9.63%) | scanned=22 | no_tp→fwd_return=-3.5818
  [label] 2021-07-15 00:00 LTCUSDT entry=128.1800 → SHORT | long=sl(-7.26%) short=tp(+14.22%) | scanned=15 | short_tp_only
  [label] 2021-07-31 00:00 LTCUSDT entry=143.3800 → LONG | long=timeout(+6.03%) short=sl(-6.64%) | scanned=22 | no_tp→fwd_return=+6.1306
  [label] 2021-08-12 16:00 LTCUSDT entry=165.4100 → LONG | long=timeout(+6.12%) short=sl(-8.47%) | scanned=22 | no_tp→fwd_return=+6.2209
  [label] 2021-08-31 08:00 LTCUSDT entry=171.1600 → LONG | long=tp(+13.18%) short=sl(-6.74%) | scanned=9 | long_tp_only
  [label] 2021-09-06 16:00 LTCUSDT entry=219.5700 → SHORT | long=sl(-7.94%) short=tp(+15.58%) | scanned=2 | short_tp_only
  [label] 2021-09-19 00:00 LTCUSDT entry=181.1300 → SHORT | long=sl(-8.13%) short=tp(+15.95%) | scanned=6 | short_tp_only
  [label] 2021-10-28 08:00 LTCUSDT entry=187.8900 → LONG | long=timeout(+5.80%) short=sl(-7.49%) | scanned=22 | no_tp→fwd_return=+5.8971
  [label] 2021-11-07 08:00 LTCUSDT entry=200.0300 → LONG | long=tp(+10.44%) short=sl(-5.37%) | scanned=3 | long_tp_only
  [label] 2022-02-01 08:00 LTCUSDT entry=111.2000 → LONG | long=tp(+14.08%) short=sl(-7.19%) | scanned=15 | long_tp_only
  Labels: 1157 long (53.4%), 1011 short (46.6%) | weights: min=1.00, mean=3.58, max=10.00[I 2026-06-01 23:24:25,803] A new study created in memory with name: no-name-9cd40e8b-17ba-4776-bf91-b5171ace224e
[I 2026-06-01 23:24:26,165] Trial 0 finished with value: 0.015314435804290682 and parameters: {'confidence_threshold': 0.6310890415965769, 'training_days': 480, 'n_estimators': 380, 'max_depth': 4, 'num_leaves': 22, 'learning_rate': 0.01699897838270077, 'subsample': 0.5290418060840998, 'colsample_bytree': 0.9330880728874675, 'min_child_samples': 68, 'reg_alpha': 0.023585940584142682, 'reg_lambda': 1.5320059381854043e-08}. Best is trial 0 with value: 0.015314435804290682.
[I 2026-06-01 23:24:26,287] Trial 1 finished with value: -0.056343180765737355 and parameters: {'confidence_threshold': 0.839468448256698, 'training_days': 420, 'n_estimators': 145, 'max_depth': 3, 'num_leaves': 23, 'learning_rate': 0.028145092716060652, 'subsample': 0.762378215816119, 'colsample_bytree': 0.7159725093210578, 'min_child_samples': 43, 'reg_alpha': 0.0032112643094417484, 'reg_lambda': 1.8007140198129195e-07}. Best is trial 0 with value: 0.015314435804290682.
[I 2026-06-01 23:24:26,438] Trial 2 finished with value: 0.0897006366698146 and parameters: {'confidence_threshold': 0.6022506269873263, 'training_days': 190, 'n_estimators': 255, 'max_depth': 5, 'num_leaves': 24, 'learning_rate': 0.05748924681991978, 'subsample': 0.7962072844310213, 'colsample_bytree': 0.5232252063599989, 'min_child_samples': 69, 'reg_alpha': 3.425445902633376e-07, 'reg_lambda': 3.850031979199519e-08}. Best is trial 2 with value: 0.0897006366698146.
[I 2026-06-01 23:24:26,713] Trial 3 finished with value: 0.0875260580304972 and parameters: {'confidence_threshold': 0.8321099380386666, 'training_days': 490, 'n_estimators': 414, 'max_depth': 3, 'num_leaves': 19, 'learning_rate': 0.1024932221692416, 'subsample': 0.7200762468698007, 'colsample_bytree': 0.5610191174223894, 'min_child_samples': 60, 'reg_alpha': 2.039373116525212e-08, 'reg_lambda': 1.527156759251193}. Best is trial 2 with value: 0.0897006366698146.
[I 2026-06-01 23:24:26,862] Trial 4 finished with value: 0.016239954597518293 and parameters: {'confidence_threshold': 0.5905729935600059, 'training_days': 340, 'n_estimators': 190, 'max_depth': 4, 'num_leaves': 41, 'learning_rate': 0.01875220945578641, 'subsample': 0.9847923138822793, 'colsample_bytree': 0.8875664116805573, 'min_child_samples': 96, 'reg_alpha': 1.1309571585271483, 'reg_lambda': 0.002404915432737351}. Best is trial 2 with value: 0.0897006366698146.
[I 2026-06-01 23:24:26,900] Trial 5 finished with value: -0.05204768928520298 and parameters: {'confidence_threshold': 0.8226559822580909, 'training_days': 50, 'n_estimators': 138, 'max_depth': 3, 'num_leaves': 30, 'learning_rate': 0.03750796359625606, 'subsample': 0.6356745158869479, 'colsample_bytree': 0.9143687545759647, 'min_child_samples': 48, 'reg_alpha': 3.376063348877853e-06, 'reg_lambda': 0.0007660634613082914}. Best is trial 2 with value: 0.0897006366698146.
[I 2026-06-01 23:24:26,999] Trial 6 finished with value: -0.029195164576452125 and parameters: {'confidence_threshold': 0.5493234787411669, 'training_days': 410, 'n_estimators': 83, 'max_depth': 5, 'num_leaves': 52, 'learning_rate': 0.019657448966046126, 'subsample': 0.5027610585618012, 'colsample_bytree': 0.9077307142274171, 'min_child_samples': 77, 'reg_alpha': 0.03639690979811287, 'reg_lambda': 0.08738424135626986}. Best is trial 2 with value: 0.0897006366698146.
[I 2026-06-01 23:24:27,104] Trial 7 finished with value: 0.07327069525109106 and parameters: {'confidence_threshold': 0.5259156281069316, 'training_days': 180, 'n_estimators': 102, 'max_depth': 5, 'num_leaves': 45, 'learning_rate': 0.030816017044468066, 'subsample': 0.5317791751430119, 'colsample_bytree': 0.6554911608578311, 'min_child_samples': 46, 'reg_alpha': 0.036851536911881845, 'reg_lambda': 0.005470376807480391}. Best is trial 2 with value: 0.0897006366698146.
[I 2026-06-01 23:24:27,214] Trial 8 finished with value: 0.05838228201237713 and parameters: {'confidence_threshold': 0.8105244599017143, 'training_days': 240, 'n_estimators': 103, 'max_depth': 5, 'num_leaves': 52, 'learning_rate': 0.06746437142284309, 'subsample': 0.8854835899772805, 'colsample_bytree': 0.7468977981821954, 'min_child_samples': 62, 'reg_alpha': 7.04480806377519e-05, 'reg_lambda': 1.6934490731313353e-08}. Best is trial 2 with value: 0.0897006366698146.
[I 2026-06-01 23:24:27,249] Trial 9 finished with value: -0.05349389469404868 and parameters: {'confidence_threshold': 0.5377619994476566, 'training_days': 20, 'n_estimators': 337, 'max_depth': 3, 'num_leaves': 39, 'learning_rate': 0.21907142272152816, 'subsample': 0.6246461145744375, 'colsample_bytree': 0.7051914615178149, 'min_child_samples': 81, 'reg_alpha': 1.1459970229341322e-06, 'reg_lambda': 4.929685216887945e-08}. Best is trial 2 with value: 0.0897006366698146.
[I 2026-06-01 23:24:27,566] Trial 10 finished with value: 0.05169949157519462 and parameters: {'confidence_threshold': 0.6797821749717731, 'training_days': 150, 'n_estimators': 487, 'max_depth': 5, 'num_leaves': 31, 'learning_rate': 0.1457937958927628, 'subsample': 0.8271882613853766, 'colsample_bytree': 0.5054398545048813, 'min_child_samples': 27, 'reg_alpha': 1.290626345465208e-08, 'reg_lambda': 3.3639426888455256e-06}. Best is trial 2 with value: 0.0897006366698146.
[I 2026-06-01 23:24:27,738] Trial 11 finished with value: 0.05287180729508476 and parameters: {'confidence_threshold': 0.7161090655475574, 'training_days': 300, 'n_estimators': 258, 'max_depth': 4, 'num_leaves': 15, 'learning_rate': 0.07886508880857415, 'subsample': 0.7066146881694868, 'colsample_bytree': 0.5023735411654935, 'min_child_samples': 85, 'reg_alpha': 3.8085092945416025e-08, 'reg_lambda': 7.8015910740133725}. Best is trial 2 with value: 0.0897006366698146.
[I 2026-06-01 23:24:27,950] Trial 12 finished with value: 0.024477672813792383 and parameters: {'confidence_threshold': 0.7440898269688363, 'training_days': 130, 'n_estimators': 447, 'max_depth': 3, 'num_leaves': 15, 'learning_rate': 0.11263608439461861, 'subsample': 0.7872504030970215, 'colsample_bytree': 0.5950675625089588, 'min_child_samples': 55, 'reg_alpha': 6.127255362140079e-07, 'reg_lambda': 1.1939217269650388e-05}. Best is trial 2 with value: 0.0897006366698146.
[I 2026-06-01 23:24:28,133] Trial 13 finished with value: 0.08221427050910428 and parameters: {'confidence_threshold': 0.6236079350653742, 'training_days': 250, 'n_estimators': 260, 'max_depth': 4, 'num_leaves': 62, 'learning_rate': 0.281978875082861, 'subsample': 0.8705217230025359, 'colsample_bytree': 0.5961799392941978, 'min_child_samples': 67, 'reg_alpha': 2.675687035823942e-05, 'reg_lambda': 8.140300879808697}. Best is trial 2 with value: 0.0897006366698146.
[I 2026-06-01 23:24:28,461] Trial 14 finished with value: 0.0663106440707218 and parameters: {'confidence_threshold': 0.7594036169129817, 'training_days': 490, 'n_estimators': 348, 'max_depth': 4, 'num_leaves': 29, 'learning_rate': 0.04959767110232559, 'subsample': 0.689934749617926, 'colsample_bytree': 0.819288883752255, 'min_child_samples': 31, 'reg_alpha': 1.0428245556561052e-07, 'reg_lambda': 0.2115037818047233}. Best is trial 2 with value: 0.0897006366698146.
[I 2026-06-01 23:24:28,774] Trial 15 finished with value: 0.028512907482172535 and parameters: {'confidence_threshold': 0.6664943198736555, 'training_days': 310, 'n_estimators': 410, 'max_depth': 5, 'num_leaves': 22, 'learning_rate': 0.011060874840325394, 'subsample': 0.9716175577919972, 'colsample_bytree': 0.5797888496564954, 'min_child_samples': 74, 'reg_alpha': 1.0623143518584761e-08, 'reg_lambda': 7.0295160630690685e-06}. Best is trial 2 with value: 0.0897006366698146.
[I 2026-06-01 23:24:28,865] Trial 16 finished with value: 0.042376922231678035 and parameters: {'confidence_threshold': 0.5946686628619524, 'training_days': 100, 'n_estimators': 293, 'max_depth': 3, 'num_leaves': 35, 'learning_rate': 0.11078710815937477, 'subsample': 0.713173333047047, 'colsample_bytree': 0.5542585210365951, 'min_child_samples': 90, 'reg_alpha': 1.6230643075200477e-05, 'reg_lambda': 0.0734273721012953}. Best is trial 2 with value: 0.0897006366698146.
[I 2026-06-01 23:24:29,019] Trial 17 finished with value: 0.10408008378249452 and parameters: {'confidence_threshold': 0.789403558838043, 'training_days': 190, 'n_estimators': 220, 'max_depth': 4, 'num_leaves': 24, 'learning_rate': 0.16522729299476824, 'subsample': 0.6385958886734852, 'colsample_bytree': 0.9956385980717998, 'min_child_samples': 57, 'reg_alpha': 2.3667753091455665e-07, 'reg_lambda': 3.400970268058981e-05}. Best is trial 17 with value: 0.10408008378249452.
[I 2026-06-01 23:24:29,097] A new study created in memory with name: no-name-ed979b85-819f-445e-a355-dcf256c5c9d2
[I 2026-06-01 23:24:29,191] Trial 0 finished with value: 0.01959717507508029 and parameters: {'confidence_threshold': 0.7437642149592516, 'training_days': 150, 'n_estimators': 152, 'max_depth': 4, 'num_leaves': 50, 'learning_rate': 0.04216766425047743, 'subsample': 0.9903820991923078, 'colsample_bytree': 0.8424148692924316, 'min_child_samples': 58, 'reg_alpha': 3.381097259762742e-05, 'reg_lambda': 1.2263152961306247e-05}. Best is trial 0 with value: 0.01959717507508029.
[I 2026-06-01 23:24:29,261] Trial 1 finished with value: -0.1906511459010003 and parameters: {'confidence_threshold': 0.7551673975844145, 'training_days': 220, 'n_estimators': 76, 'max_depth': 4, 'num_leaves': 51, 'learning_rate': 0.018602118810743477, 'subsample': 0.5877258780737462, 'colsample_bytree': 0.7657756869209191, 'min_child_samples': 63, 'reg_alpha': 0.005123994170264194, 'reg_lambda': 0.44145470178120466}. Best is trial 0 with value: 0.01959717507508029.
[I 2026-06-01 23:24:29,534] Trial 2 finished with value: -0.0007245385188111228 and parameters: {'confidence_threshold': 0.7535593637012223, 'training_days': 310, 'n_estimators': 375, 'max_depth': 3, 'num_leaves': 32, 'learning_rate': 0.021735641882032388, 'subsample': 0.6468570231944146, 'colsample_bytree': 0.8154880619272439, 'min_child_samples': 27, 'reg_alpha': 8.004064028491336e-05, 'reg_lambda': 7.546835261630524e-05}. Best is trial 0 with value: 0.01959717507508029.
[I 2026-06-01 23:24:29,710] Trial 3 finished with value: 0.09370451087820302 and parameters: {'confidence_threshold': 0.6727897841776072, 'training_days': 220, 'n_estimators': 190, 'max_depth': 4, 'num_leaves': 58, 'learning_rate': 0.24810689332636193, 'subsample': 0.7509183379421682, 'colsample_bytree': 0.8119764758960556, 'min_child_samples': 29, 'reg_alpha': 7.1708285081421445e-06, 'reg_lambda': 5.412973582738627e-05}. Best is trial 3 with value: 0.09370451087820302.
[I 2026-06-01 23:24:29,822] Trial 4 finished with value: 0.06298532043362097 and parameters: {'confidence_threshold': 0.803208205259178, 'training_days': 130, 'n_estimators': 267, 'max_depth': 5, 'num_leaves': 40, 'learning_rate': 0.08041175317374143, 'subsample': 0.5603143329951619, 'colsample_bytree': 0.9131704002534167, 'min_child_samples': 68, 'reg_alpha': 0.0008046593428183385, 'reg_lambda': 1.2158346158765583e-05}. Best is trial 3 with value: 0.09370451087820302.
[I 2026-06-01 23:24:30,051] Trial 5 finished with value: 0.10873251019460109 and parameters: {'confidence_threshold': 0.6064422761595144, 'training_days': 210, 'n_estimators': 357, 'max_depth': 5, 'num_leaves': 40, 'learning_rate': 0.0974221287220869, 'subsample': 0.7929682762811064, 'colsample_bytree': 0.8124517510478, 'min_child_samples': 74, 'reg_alpha': 0.3811377260781234, 'reg_lambda': 5.607314238392041e-08}. Best is trial 5 with value: 0.10873251019460109.
[I 2026-06-01 23:24:30,160] Trial 6 finished with value: -0.006800239081939779 and parameters: {'confidence_threshold': 0.7672889945051684, 'training_days': 130, 'n_estimators': 137, 'max_depth': 4, 'num_leaves': 19, 'learning_rate': 0.2031117614248665, 'subsample': 0.8136244860256343, 'colsample_bytree': 0.8617081790949774, 'min_child_samples': 21, 'reg_alpha': 0.002238138278733199, 'reg_lambda': 0.001025809534977322}. Best is trial 5 with value: 0.10873251019460109.
[I 2026-06-01 23:24:30,239] Trial 7 finished with value: 0.05209741512483157 and parameters: {'confidence_threshold': 0.555635875450653, 'training_days': 80, 'n_estimators': 363, 'max_depth': 3, 'num_leaves': 48, 'learning_rate': 0.06590089024008658, 'subsample': 0.6944752870615722, 'colsample_bytree': 0.962566244806993, 'min_child_samples': 88, 'reg_alpha': 1.6465620446426067e-05, 'reg_lambda': 2.4678750890085655e-08}. Best is trial 5 with value: 0.10873251019460109.
[I 2026-06-01 23:24:30,549] Trial 8 finished with value: 0.10300478928193908 and parameters: {'confidence_threshold': 0.6066688256938841, 'training_days': 200, 'n_estimators': 367, 'max_depth': 5, 'num_leaves': 32, 'learning_rate': 0.13377519215934996, 'subsample': 0.7965884582811106, 'colsample_bytree': 0.8458508993500886, 'min_child_samples': 32, 'reg_alpha': 3.889436043816386e-05, 'reg_lambda': 1.4713062489380356e-06}. Best is trial 5 with value: 0.10873251019460109.
