[I 2026-06-01 23:25:43,445] Trial 17 finished with value: 0.015422141094972048 and parameters: {'confidence_threshold': 0.6285841027546357, 'training_days': 310, 'n_estimators': 92, 'max_depth': 3, 'num_leaves': 33, 'learning_rate': 0.019352225990314435, 'subsample': 0.6718064291677197, 'colsample_bytree': 0.7142219102330146, 'min_child_samples': 49, 'reg_alpha': 5.248455022253937e-06, 'reg_lambda': 5.691588223985903e-06}. Best is trial 11 with value: 0.11888693974998021.

    [trial 8] Sharpe=0.0152 (folds: -0.0395, 0.1242, 0.0550, 0.0323, -0.0959)
    [trial 9] 49 features, training_days=260 | threshold=0.620 | labels: 1128 long, 1025 short (52/48%)
    [trial 9] Sharpe=-0.0006 (folds: -0.0901, 0.0614, 0.0447, 0.1110, -0.1299)
    [trial 10] 49 features, training_days=470 | threshold=0.845 | labels: 1128 long, 1025 short (52/48%)
    [trial 10] Sharpe=-0.1465 (folds: -0.7232, -0.0320, -0.1009, -0.0189, 0.1426)
    [trial 11] 49 features, training_days=30 | threshold=0.513 | labels: 1128 long, 1025 short (52/48%)
    [trial 11] Sharpe=-0.0399 (folds: -0.1138, 0.0127, -0.0810, 0.1612, -0.1784)
    [trial 12] 49 features, training_days=360 | threshold=0.831 | labels: 1128 long, 1025 short (52/48%)
    [trial 12] Sharpe=0.0214 (folds: -0.0567, 0.0619, 0.0271, 0.1190, -0.0442)
    [trial 13] 49 features, training_days=370 | threshold=0.839 | labels: 1128 long, 1025 short (52/48%)
    [trial 13] Sharpe=0.0388 (folds: -0.0500, 0.0608, 0.0118, 0.2173, -0.0460)
    [trial 14] 49 features, training_days=390 | threshold=0.844 | labels: 1128 long, 1025 short (52/48%)
    [trial 14] Sharpe=0.0349 (folds: -0.0672, 0.0278, 0.0938, 0.1073, 0.0127)
    [trial 15] 49 features, training_days=420 | threshold=0.702 | labels: 1128 long, 1025 short (52/48%)
    [trial 15] Sharpe=-0.0131 (folds: -0.0406, 0.0193, -0.0102, 0.0298, -0.0637)
    [trial 16] 49 features, training_days=360 | threshold=0.803 | labels: 1128 long, 1025 short (52/48%)
    [trial 16] Sharpe=0.0717 (folds: -0.1532, -0.0995, 0.1395, 0.1192, 0.3523)
    [trial 17] 49 features, training_days=490 | threshold=0.801 | labels: 1128 long, 1025 short (52/48%)
    [trial 17] Sharpe=0.0113 (folds: -0.1129, -0.0822, 0.1857, 0.0090, 0.0567)
  Optuna: 18 trials, best Sharpe = 0.0717
  Best params: n_estimators=50, max_depth=5, lr=0.0524, leaves=15
  Best confidence_threshold: 0.803
  Best training_days: 360
  Retrained on full data (1065 samples, 49 features)
  [ensemble 3/3] seed=456
    [trial 0] 49 features, training_days=90 | threshold=0.587 | labels: 1128 long, 1025 short (52/48%)
    [CV fold 0] train_end=2021-01-22 08:00 | val_start=2021-01-30 00:00 | gap=184h (22 rows)
    [CV fold 1] train_end=2021-05-21 16:00 | val_start=2021-05-29 08:00 | gap=184h (22 rows)
    [CV fold 2] train_end=2021-09-18 00:00 | val_start=2021-09-25 16:00 | gap=184h (22 rows)
    [CV fold 3] train_end=2022-01-15 08:00 | val_start=2022-01-23 00:00 | gap=184h (22 rows)
    [CV fold 4] train_end=2022-05-19 16:00 | val_start=2022-05-27 08:00 | gap=184h (22 rows)
    [trial 0] Sharpe=-0.0155 (folds: -0.0654, 0.0106, -0.0818, 0.1071, -0.0480)
    [trial 1] 49 features, training_days=290 | threshold=0.635 | labels: 1128 long, 1025 short (52/48%)
    [trial 1] Sharpe=0.0330 (folds: -0.0638, 0.0559, 0.0673, 0.1736, -0.0678)
    [trial 2] 49 features, training_days=10 | threshold=0.585 | labels: 1128 long, 1025 short (52/48%)
    [trial 2] Sharpe=-2.0118 (folds: -0.1138, -10.0000, 0.0719, 0.1612, -0.1784)
    [trial 3] 49 features, training_days=220 | threshold=0.687 | labels: 1128 long, 1025 short (52/48%)
    [trial 3] Sharpe=-0.0051 (folds: -0.0662, 0.0314, 0.0431, 0.0228, -0.0565)
    [trial 4] 49 features, training_days=300 | threshold=0.562 | labels: 1128 long, 1025 short (52/48%)
    [trial 4] Sharpe=0.0339 (folds: -0.0619, 0.0681, 0.0888, 0.1909, -0.1162)
    [trial 5] 49 features, training_days=490 | threshold=0.711 | labels: 1128 long, 1025 short (52/48%)
    [trial 5] Sharpe=-0.0377 (folds: -0.0524, 0.0215, -0.0019, -0.0587, -0.0971)
    [trial 6] 49 features, training_days=420 | threshold=0.667 | labels: 1128 long, 1025 short (52/48%)
    [trial 6] Sharpe=-0.0037 (folds: -0.0566, 0.0535, 0.0021, 0.0242, -0.0415)
    [trial 7] 49 features, training_days=120 | threshold=0.550 | labels: 1128 long, 1025 short (52/48%)
    [trial 7] Sharpe=-0.0040 (folds: -0.0565, -0.0351, 0.0764, 0.0440, -0.0488)
    [trial 8] 49 features, training_days=450 | threshold=0.720 | labels: 1128 long, 1025 short (52/48%)
    [trial 8] Sharpe=-0.0184 (folds: -0.2300, 0.0674, 0.0485, 0.0522, -0.0301)
    [trial 9] 49 features, training_days=20 | threshold=0.727 | labels: 1128 long, 1025 short (52/48%)
    [trial 9] Sharpe=-7.9975 (folds: -10.0000, 0.0127, -10.0000, -10.0000, -10.0000)
    [trial 10] 49 features, training_days=320 | threshold=0.840 | labels: 1128 long, 1025 short (52/48%)
    [trial 10] Sharpe=0.0326 (folds: -0.1420, 0.0744, 0.1819, 0.1762, -0.1276)
    [trial 11] 49 features, training_days=300 | threshold=0.608 | labels: 1128 long, 1025 short (52/48%)
    [trial 11] Sharpe=0.1189 (folds: 0.0746, 0.0850, -0.0997, 0.3913, 0.1432)
    [trial 12] 49 features, training_days=360 | threshold=0.515 | labels: 1128 long, 1025 short (52/48%)
    [trial 12] Sharpe=0.0080 (folds: 0.1823, 0.0358, -0.0893, -0.0004, -0.0886)
    [trial 13] 49 features, training_days=210 | threshold=0.609 | labels: 1128 long, 1025 short (52/48%)
    [trial 13] Sharpe=-0.0317 (folds: -0.0425, 0.0576, -0.0413, -0.0395, -0.0930)
    [trial 14] 49 features, training_days=380 | threshold=0.504 | labels: 1128 long, 1025 short (52/48%)
    [trial 14] Sharpe=0.0033 (folds: -0.0225, 0.0361, -0.0102, 0.0227, -0.0098)
    [trial 15] 49 features, training_days=250 | threshold=0.783 | labels: 1128 long, 1025 short (52/48%)
    [trial 15] Sharpe=-0.1834 (folds: -0.1664, -0.1257, -0.5488, 0.1962, -0.2721)
    [trial 16] 49 features, training_days=170 | threshold=0.550 | labels: 1128 long, 1025 short (52/48%)
    [trial 16] Sharpe=-0.0150 (folds: -0.0715, 0.0713, 0.1019, -0.0144, -0.1622)
    [trial 17] 49 features, training_days=310 | threshold=0.629 | labels: 1128 long, 1025 short (52/48%)
    [trial 17] Sharpe=0.0154 (folds: -0.0559, 0.0435, -0.0321, 0.1701, -0.0486)
  Optuna: 18 trials, best Sharpe = 0.1189
  Best params: n_estimators=54, max_depth=4, lr=0.0102, leaves=29
  Best confidence_threshold: 0.608
  Best training_days: 300
  Retrained on full data (885 samples, 49 features)
  OOD: 16 features, cutoff (q=0.7) = 13.76
  Model trained for 2022-10: 93 test candles with features, confidence_threshold=0.667
[trade:close] 2022-10-06 16:00 LTCUSDT SHORT → timeout @ 54.33 | PnL=-1.89% (net -1.99%) | cum=+34.59% 2022-10=-1.99% 2022-10-06=-1.99%
[predict] 2022-10-08 16:00 LTCUSDT → LONG (proba=0.71 TP=7.2%/SL=3.6%)
[trade:open] 2022-10-08 23:59 LTCUSDT LONG @ 52.76 | SL=50.86 TP=56.56 | timeout=2022-10-15 23:59
[trade:close] 2022-10-13 07:59 LTCUSDT LONG → stop_loss @ 50.86 | PnL=-3.60% (net -3.70%) | cum=+30.89% 2022-10=-5.70% 2022-10-13=-3.70%
[predict] 2022-10-14 16:00 LTCUSDT → LONG (proba=0.70 TP=8.7%/SL=4.4%)
[trade:open] 2022-10-14 23:59 LTCUSDT LONG @ 51.26 | SL=49.03 TP=55.73 | timeout=2022-10-21 23:59
[trade:close] 2022-10-22 00:00 LTCUSDT LONG → timeout @ 51.61 | PnL=+0.68% (net +0.58%) | cum=+31.47% 2022-10=-5.11% 2022-10-22=+0.58%
[predict] 2022-10-27 00:00 LTCUSDT → SHORT (proba=0.70 TP=7.5%/SL=3.7%)
[trade:open] 2022-10-27 07:59 LTCUSDT SHORT @ 56.14 | SL=58.24 TP=51.95 | timeout=2022-11-03 07:59
[lgbm] === Training for 2022-11 ===
  Train window: 2020-11-01 → 2022-10-24
  2153 training samples from 1 symbols
  Samples per month: 2020-11: 90, 2020-12: 93, 2021-01: 93, 2021-02: 84, 2021-03: 93, 2021-04: 90, 2021-05: 93, 2021-06: 90, 2021-07: 93, 2021-08: 93, 2021-09: 90, 2021-10: 93, 2021-11: 90, 2021-12: 93, 2022-01: 93, 2022-02: 75, 2022-03: 93, 2022-04: 84, 2022-05: 93, 2022-06: 90, 2022-07: 93, 2022-08: 93, 2022-09: 90, 2022-10: 71
  [label] 2021-01-01 00:00 LTCUSDT entry=129.6200 → LONG | long=tp(+21.36%) short=sl(-10.83%) | scanned=8 | long_tp_only
  [label] 2021-01-03 08:00 LTCUSDT entry=151.1900 → LONG | long=tp(+20.24%) short=sl(-10.27%) | scanned=13 | long_tp_only
  [label] 2021-01-07 00:00 LTCUSDT entry=165.4900 → SHORT | long=sl(-11.66%) short=sl(-11.66%) | scanned=12 | no_tp→fwd_return=-14.3936
  [label] 2021-01-31 16:00 LTCUSDT entry=129.5300 → LONG | long=tp(+20.73%) short=sl(-10.52%) | scanned=9 | long_tp_only
  [label] 2021-03-24 16:00 LTCUSDT entry=176.1500 → LONG | long=timeout(+11.74%) short=sl(-8.80%) | scanned=22 | no_tp→fwd_return=+11.8422
  [label] 2021-09-05 08:00 LTCUSDT entry=225.3400 → SHORT | long=sl(-7.42%) short=tp(+14.55%) | scanned=6 | short_tp_only[I 2026-06-01 23:25:43,864] A new study created in memory with name: no-name-fc62342c-10ac-4cc6-80fb-7c6b7ea6a2d0
[I 2026-06-01 23:25:44,209] Trial 0 finished with value: 0.016362911143354787 and parameters: {'confidence_threshold': 0.6310890415965769, 'training_days': 480, 'n_estimators': 380, 'max_depth': 4, 'num_leaves': 22, 'learning_rate': 0.01699897838270077, 'subsample': 0.5290418060840998, 'colsample_bytree': 0.9330880728874675, 'min_child_samples': 68, 'reg_alpha': 0.023585940584142682, 'reg_lambda': 1.5320059381854043e-08}. Best is trial 0 with value: 0.016362911143354787.
[I 2026-06-01 23:25:44,336] Trial 1 finished with value: -2.0156734865781267 and parameters: {'confidence_threshold': 0.839468448256698, 'training_days': 420, 'n_estimators': 145, 'max_depth': 3, 'num_leaves': 23, 'learning_rate': 0.028145092716060652, 'subsample': 0.762378215816119, 'colsample_bytree': 0.7159725093210578, 'min_child_samples': 43, 'reg_alpha': 0.0032112643094417484, 'reg_lambda': 1.8007140198129195e-07}. Best is trial 0 with value: 0.016362911143354787.
[I 2026-06-01 23:25:44,484] Trial 2 finished with value: 0.10680262385438125 and parameters: {'confidence_threshold': 0.6022506269873263, 'training_days': 190, 'n_estimators': 255, 'max_depth': 5, 'num_leaves': 24, 'learning_rate': 0.05748924681991978, 'subsample': 0.7962072844310213, 'colsample_bytree': 0.5232252063599989, 'min_child_samples': 69, 'reg_alpha': 3.425445902633376e-07, 'reg_lambda': 3.850031979199519e-08}. Best is trial 2 with value: 0.10680262385438125.
[I 2026-06-01 23:25:44,747] Trial 3 finished with value: 0.04676291259212163 and parameters: {'confidence_threshold': 0.8321099380386666, 'training_days': 490, 'n_estimators': 414, 'max_depth': 3, 'num_leaves': 19, 'learning_rate': 0.1024932221692416, 'subsample': 0.7200762468698007, 'colsample_bytree': 0.5610191174223894, 'min_child_samples': 60, 'reg_alpha': 2.039373116525212e-08, 'reg_lambda': 1.527156759251193}. Best is trial 2 with value: 0.10680262385438125.
[I 2026-06-01 23:25:44,901] Trial 4 finished with value: 0.04817224835510407 and parameters: {'confidence_threshold': 0.5905729935600059, 'training_days': 340, 'n_estimators': 190, 'max_depth': 4, 'num_leaves': 41, 'learning_rate': 0.01875220945578641, 'subsample': 0.9847923138822793, 'colsample_bytree': 0.8875664116805573, 'min_child_samples': 96, 'reg_alpha': 1.1309571585271483, 'reg_lambda': 0.002404915432737351}. Best is trial 2 with value: 0.10680262385438125.
[I 2026-06-01 23:25:44,942] Trial 5 finished with value: -0.04077942689292637 and parameters: {'confidence_threshold': 0.8226559822580909, 'training_days': 50, 'n_estimators': 138, 'max_depth': 3, 'num_leaves': 30, 'learning_rate': 0.03750796359625606, 'subsample': 0.6356745158869479, 'colsample_bytree': 0.9143687545759647, 'min_child_samples': 48, 'reg_alpha': 3.376063348877853e-06, 'reg_lambda': 0.0007660634613082914}. Best is trial 2 with value: 0.10680262385438125.
[I 2026-06-01 23:25:45,059] Trial 6 finished with value: 0.03217330722493629 and parameters: {'confidence_threshold': 0.5493234787411669, 'training_days': 410, 'n_estimators': 83, 'max_depth': 5, 'num_leaves': 52, 'learning_rate': 0.019657448966046126, 'subsample': 0.5027610585618012, 'colsample_bytree': 0.9077307142274171, 'min_child_samples': 77, 'reg_alpha': 0.03639690979811287, 'reg_lambda': 0.08738424135626986}. Best is trial 2 with value: 0.10680262385438125.
[I 2026-06-01 23:25:45,143] Trial 7 finished with value: 0.06902336775466775 and parameters: {'confidence_threshold': 0.5259156281069316, 'training_days': 180, 'n_estimators': 102, 'max_depth': 5, 'num_leaves': 45, 'learning_rate': 0.030816017044468066, 'subsample': 0.5317791751430119, 'colsample_bytree': 0.6554911608578311, 'min_child_samples': 46, 'reg_alpha': 0.036851536911881845, 'reg_lambda': 0.005470376807480391}. Best is trial 2 with value: 0.10680262385438125.
[I 2026-06-01 23:25:45,240] Trial 8 finished with value: 0.08922946134852947 and parameters: {'confidence_threshold': 0.8105244599017143, 'training_days': 240, 'n_estimators': 103, 'max_depth': 5, 'num_leaves': 52, 'learning_rate': 0.06746437142284309, 'subsample': 0.8854835899772805, 'colsample_bytree': 0.7468977981821954, 'min_child_samples': 62, 'reg_alpha': 7.04480806377519e-05, 'reg_lambda': 1.6934490731313353e-08}. Best is trial 2 with value: 0.10680262385438125.
[I 2026-06-01 23:25:45,261] Trial 9 finished with value: -0.08856512041731149 and parameters: {'confidence_threshold': 0.5377619994476566, 'training_days': 20, 'n_estimators': 337, 'max_depth': 3, 'num_leaves': 39, 'learning_rate': 0.21907142272152816, 'subsample': 0.6246461145744375, 'colsample_bytree': 0.7051914615178149, 'min_child_samples': 81, 'reg_alpha': 1.1459970229341322e-06, 'reg_lambda': 4.929685216887945e-08}. Best is trial 2 with value: 0.10680262385438125.
[I 2026-06-01 23:25:45,560] Trial 10 finished with value: 0.028144731183608253 and parameters: {'confidence_threshold': 0.6797821749717731, 'training_days': 150, 'n_estimators': 487, 'max_depth': 5, 'num_leaves': 31, 'learning_rate': 0.1457937958927628, 'subsample': 0.8271882613853766, 'colsample_bytree': 0.5054398545048813, 'min_child_samples': 27, 'reg_alpha': 1.290626345465208e-08, 'reg_lambda': 3.3639426888455256e-06}. Best is trial 2 with value: 0.10680262385438125.
[I 2026-06-01 23:25:45,747] Trial 11 finished with value: 0.08837655355680721 and parameters: {'confidence_threshold': 0.7192552477034038, 'training_days': 260, 'n_estimators': 245, 'max_depth': 5, 'num_leaves': 60, 'learning_rate': 0.070278144758503, 'subsample': 0.8994802630138207, 'colsample_bytree': 0.8191824002629758, 'min_child_samples': 87, 'reg_alpha': 2.8438391436574795e-05, 'reg_lambda': 7.868729181011707e-06}. Best is trial 2 with value: 0.10680262385438125.
[I 2026-06-01 23:25:45,925] Trial 12 finished with value: 0.10861599810828852 and parameters: {'confidence_threshold': 0.7440898269688363, 'training_days': 240, 'n_estimators': 257, 'max_depth': 4, 'num_leaves': 57, 'learning_rate': 0.0656285649451873, 'subsample': 0.9234980616943327, 'colsample_bytree': 0.6188171054052629, 'min_child_samples': 65, 'reg_alpha': 0.00014586112695949427, 'reg_lambda': 2.0771847423585894e-06}. Best is trial 12 with value: 0.10861599810828852.
[I 2026-06-01 23:25:46,054] Trial 13 finished with value: 0.04333514167768322 and parameters: {'confidence_threshold': 0.7389261181042749, 'training_days': 140, 'n_estimators': 260, 'max_depth': 4, 'num_leaves': 62, 'learning_rate': 0.04815035925095873, 'subsample': 0.9980084946806067, 'colsample_bytree': 0.6092532017589095, 'min_child_samples': 72, 'reg_alpha': 3.6421373317582714e-07, 'reg_lambda': 8.033538236296918e-06}. Best is trial 12 with value: 0.10861599810828852.
[I 2026-06-01 23:25:46,233] Trial 14 finished with value: 0.11356165950101609 and parameters: {'confidence_threshold': 0.7594036169129817, 'training_days': 280, 'n_estimators': 311, 'max_depth': 4, 'num_leaves': 15, 'learning_rate': 0.1113698271960675, 'subsample': 0.8958931104928335, 'colsample_bytree': 0.5366852364642409, 'min_child_samples': 100, 'reg_alpha': 0.0003163386683776865, 'reg_lambda': 1.1813296030456565e-06}. Best is trial 14 with value: 0.11356165950101609.
[I 2026-06-01 23:25:46,466] Trial 15 finished with value: 0.07506924416313868 and parameters: {'confidence_threshold': 0.7713419767088836, 'training_days': 320, 'n_estimators': 318, 'max_depth': 4, 'num_leaves': 16, 'learning_rate': 0.28430208183391975, 'subsample': 0.9088803465270684, 'colsample_bytree': 0.6157143010216815, 'min_child_samples': 99, 'reg_alpha': 0.001800064638734264, 'reg_lambda': 7.482879404932238e-05}. Best is trial 14 with value: 0.11356165950101609.
[I 2026-06-01 23:25:46,662] Trial 16 finished with value: 0.04577053191159495 and parameters: {'confidence_threshold': 0.7665424423303013, 'training_days': 300, 'n_estimators': 197, 'max_depth': 4, 'num_leaves': 31, 'learning_rate': 0.11746957984628435, 'subsample': 0.9397541766618512, 'colsample_bytree': 0.5865954449369251, 'min_child_samples': 34, 'reg_alpha': 0.00016753918939818488, 'reg_lambda': 9.986796849012618e-07}. Best is trial 14 with value: 0.11356165950101609.
[I 2026-06-01 23:25:46,768] Trial 17 finished with value: 0.033770633440768236 and parameters: {'confidence_threshold': 0.6767468884093161, 'training_days': 100, 'n_estimators': 300, 'max_depth': 4, 'num_leaves': 50, 'learning_rate': 0.010425658055299656, 'subsample': 0.844338462793517, 'colsample_bytree': 0.9956385980717998, 'min_child_samples': 88, 'reg_alpha': 6.079471240354506, 'reg_lambda': 3.53303357341844e-05}. Best is trial 14 with value: 0.11356165950101609.
[I 2026-06-01 23:25:46,955] A new study created in memory with name: no-name-597528bb-c3f3-435a-97a0-d7ff7a32aa5f
[I 2026-06-01 23:25:47,050] Trial 0 finished with value: 0.04455627727048308 and parameters: {'confidence_threshold': 0.7437642149592516, 'training_days': 150, 'n_estimators': 152, 'max_depth': 4, 'num_leaves': 50, 'learning_rate': 0.04216766425047743, 'subsample': 0.9903820991923078, 'colsample_bytree': 0.8424148692924316, 'min_child_samples': 58, 'reg_alpha': 3.381097259762742e-05, 'reg_lambda': 1.2263152961306247e-05}. Best is trial 0 with value: 0.04455627727048308.
[I 2026-06-01 23:25:47,121] Trial 1 finished with value: -2.2236964839450923 and parameters: {'confidence_threshold': 0.7551673975844145, 'training_days': 220, 'n_estimators': 76, 'max_depth': 4, 'num_leaves': 51, 'learning_rate': 0.018602118810743477, 'subsample': 0.5877258780737462, 'colsample_bytree': 0.7657756869209191, 'min_child_samples': 63, 'reg_alpha': 0.005123994170264194, 'reg_lambda': 0.44145470178120466}. Best is trial 0 with value: 0.04455627727048308.
[I 2026-06-01 23:25:47,371] Trial 2 finished with value: 0.048055269206399485 and parameters: {'confidence_threshold': 0.7535593637012223, 'training_days': 310, 'n_estimators': 375, 'max_depth': 3, 'num_leaves': 32, 'learning_rate': 0.021735641882032388, 'subsample': 0.6468570231944146, 'colsample_bytree': 0.8154880619272439, 'min_child_samples': 27, 'reg_alpha': 8.004064028491336e-05, 'reg_lambda': 7.546835261630524e-05}. Best is trial 2 with value: 0.048055269206399485.
[I 2026-06-01 23:25:47,545] Trial 3 finished with value: 0.05195875341147575 and parameters: {'confidence_threshold': 0.6727897841776072, 'training_days': 220, 'n_estimators': 190, 'max_depth': 4, 'num_leaves': 58, 'learning_rate': 0.24810689332636193, 'subsample': 0.7509183379421682, 'colsample_bytree': 0.8119764758960556, 'min_child_samples': 29, 'reg_alpha': 7.1708285081421445e-06, 'reg_lambda': 5.412973582738627e-05}. Best is trial 3 with value: 0.05195875341147575.
[I 2026-06-01 23:25:47,661] Trial 4 finished with value: 0.03978220017260416 and parameters: {'confidence_threshold': 0.803208205259178, 'training_days': 130, 'n_estimators': 267, 'max_depth': 5, 'num_leaves': 40, 'learning_rate': 0.08041175317374143, 'subsample': 0.5603143329951619, 'colsample_bytree': 0.9131704002534167, 'min_child_samples': 68, 'reg_alpha': 0.0008046593428183385, 'reg_lambda': 1.2158346158765583e-05}. Best is trial 3 with value: 0.05195875341147575.
[I 2026-06-01 23:25:47,892] Trial 5 finished with value: 0.07342132950799389 and parameters: {'confidence_threshold': 0.6064422761595144, 'training_days': 210, 'n_estimators': 357, 'max_depth': 5, 'num_leaves': 40, 'learning_rate': 0.0974221287220869, 'subsample': 0.7929682762811064, 'colsample_bytree': 0.8124517510478, 'min_child_samples': 74, 'reg_alpha': 0.3811377260781234, 'reg_lambda': 5.607314238392041e-08}. Best is trial 5 with value: 0.07342132950799389.
[I 2026-06-01 23:25:47,999] Trial 6 finished with value: -0.0056228765508084585 and parameters: {'confidence_threshold': 0.7672889945051684, 'training_days': 130, 'n_estimators': 137, 'max_depth': 4, 'num_leaves': 19, 'learning_rate': 0.2031117614248665, 'subsample': 0.8136244860256343, 'colsample_bytree': 0.8617081790949774, 'min_child_samples': 21, 'reg_alpha': 0.002238138278733199, 'reg_lambda': 0.001025809534977322}. Best is trial 5 with value: 0.07342132950799389.
[I 2026-06-01 23:25:48,073] Trial 7 finished with value: 0.06080829794349463 and parameters: {'confidence_threshold': 0.555635875450653, 'training_days': 80, 'n_estimators': 363, 'max_depth': 3, 'num_leaves': 48, 'learning_rate': 0.06590089024008658, 'subsample': 0.6944752870615722, 'colsample_bytree': 0.962566244806993, 'min_child_samples': 88, 'reg_alpha': 1.6465620446426067e-05, 'reg_lambda': 2.4678750890085655e-08}. Best is trial 5 with value: 0.07342132950799389.
