[I 2026-06-01 23:33:04,763] Trial 17 finished with value: 0.030984349255176524 and parameters: {'confidence_threshold': 0.5080881579696632, 'training_days': 150, 'n_estimators': 281, 'max_depth': 3, 'num_leaves': 18, 'learning_rate': 0.014399917848714062, 'subsample': 0.6951909560041678, 'colsample_bytree': 0.8996845643282836, 'min_child_samples': 92, 'reg_alpha': 0.003161605761060624, 'reg_lambda': 6.438569699383148e-06}. Best is trial 15 with value: 0.46066167026178784.
[I 2026-06-01 23:33:05,531] A new study created in memory with name: no-name-c6679a57-5a86-4c10-b9a9-1cfde7863f7e

    [trial 16] 49 features, training_days=310 | threshold=0.697 | labels: 1046 long, 1125 short (48/52%)
    [trial 16] Sharpe=0.0461 (folds: 0.1236, 0.1819, 0.1243, 0.0653, -0.2646)
    [trial 17] 49 features, training_days=390 | threshold=0.500 | labels: 1046 long, 1125 short (48/52%)
    [trial 17] Sharpe=0.0590 (folds: 0.2371, 0.1921, 0.1349, 0.0169, -0.2859)
  Optuna: 18 trials, best Sharpe = 0.2362
  Best params: n_estimators=60, max_depth=4, lr=0.0165, leaves=47
  Best confidence_threshold: 0.697
  Best training_days: 350
  Retrained on full data (1050 samples, 49 features)
  [ensemble 3/3] seed=456
    [trial 0] 49 features, training_days=90 | threshold=0.587 | labels: 1046 long, 1125 short (48/52%)
    [CV fold 0] train_end=2023-10-23 08:00 | val_start=2023-10-31 00:00 | gap=184h (22 rows)
    [CV fold 1] train_end=2024-02-20 16:00 | val_start=2024-02-28 08:00 | gap=184h (22 rows)
    [CV fold 2] train_end=2024-06-20 00:00 | val_start=2024-06-27 16:00 | gap=184h (22 rows)
    [CV fold 3] train_end=2024-10-18 08:00 | val_start=2024-10-26 00:00 | gap=184h (22 rows)
    [CV fold 4] train_end=2025-02-15 16:00 | val_start=2025-02-23 08:00 | gap=184h (22 rows)
    [trial 0] Sharpe=0.0406 (folds: 0.1096, 0.1560, 0.0450, 0.0337, -0.1413)
    [trial 1] 49 features, training_days=290 | threshold=0.635 | labels: 1046 long, 1125 short (48/52%)
    [trial 1] Sharpe=0.0749 (folds: 0.1557, 0.1667, 0.1440, 0.1175, -0.2093)
    [trial 2] 49 features, training_days=10 | threshold=0.585 | labels: 1046 long, 1125 short (48/52%)
    [trial 2] Sharpe=-0.1754 (folds: -0.1589, 0.0275, -0.2056, -0.1845, -0.3554)
    [trial 3] 49 features, training_days=220 | threshold=0.687 | labels: 1046 long, 1125 short (48/52%)
    [trial 3] Sharpe=0.0719 (folds: 0.2316, 0.2428, 0.0489, 0.1925, -0.3563)
    [trial 4] 49 features, training_days=300 | threshold=0.562 | labels: 1046 long, 1125 short (48/52%)
    [trial 4] Sharpe=0.0482 (folds: 0.0758, 0.0950, 0.0977, 0.1037, -0.1311)
    [trial 5] 49 features, training_days=490 | threshold=0.711 | labels: 1046 long, 1125 short (48/52%)
    [trial 5] Sharpe=0.0552 (folds: 0.0931, 0.1473, 0.1700, 0.0763, -0.2107)
    [trial 6] 49 features, training_days=420 | threshold=0.667 | labels: 1046 long, 1125 short (48/52%)
    [trial 6] Sharpe=0.0771 (folds: 0.0979, 0.1457, 0.1516, 0.0994, -0.1090)
    [trial 7] 49 features, training_days=120 | threshold=0.550 | labels: 1046 long, 1125 short (48/52%)
    [trial 7] Sharpe=0.0340 (folds: 0.0706, 0.1680, -0.1082, 0.0937, -0.0540)
    [trial 8] 49 features, training_days=450 | threshold=0.720 | labels: 1046 long, 1125 short (48/52%)
    [trial 8] Sharpe=0.0707 (folds: 0.1492, 0.2077, 0.1586, 0.1165, -0.2784)
    [trial 9] 49 features, training_days=20 | threshold=0.727 | labels: 1046 long, 1125 short (48/52%)
    [trial 9] Sharpe=-4.1440 (folds: -0.1589, -10.0000, -0.2056, -10.0000, -0.3554)
    [trial 10] 49 features, training_days=400 | threshold=0.828 | labels: 1046 long, 1125 short (48/52%)
    [trial 10] Sharpe=0.2642 (folds: -0.0557, 0.2452, 0.5057, 0.3236, 0.3020)
    [trial 11] 49 features, training_days=390 | threshold=0.841 | labels: 1046 long, 1125 short (48/52%)
    [trial 11] Sharpe=-3.9054 (folds: -0.1082, 0.2771, -10.0000, 0.3040, -10.0000)
    [trial 12] 49 features, training_days=380 | threshold=0.802 | labels: 1046 long, 1125 short (48/52%)
    [trial 12] Sharpe=0.0698 (folds: 0.0477, 0.1874, 0.3737, 0.0382, -0.2978)
    [trial 13] 49 features, training_days=380 | threshold=0.783 | labels: 1046 long, 1125 short (48/52%)
    [trial 13] Sharpe=0.0905 (folds: 0.0920, 0.2166, 0.5128, 0.0506, -0.4195)
    [trial 14] 49 features, training_days=350 | threshold=0.786 | labels: 1046 long, 1125 short (48/52%)
    [trial 14] Sharpe=0.0912 (folds: 0.0665, 0.2563, 0.4956, 0.0724, -0.4350)
    [trial 15] 49 features, training_days=220 | threshold=0.849 | labels: 1046 long, 1125 short (48/52%)
    [trial 15] Sharpe=0.4607 (folds: 0.0810, 0.2166, 1.6041, 0.2166, 0.1850)
    [trial 16] 49 features, training_days=220 | threshold=0.850 | labels: 1046 long, 1125 short (48/52%)
    [trial 16] Sharpe=-1.7310 (folds: -10.0000, -0.0412, 1.1604, 0.2249, 0.0011)
    [trial 17] 49 features, training_days=150 | threshold=0.508 | labels: 1046 long, 1125 short (48/52%)
    [trial 17] Sharpe=0.0310 (folds: 0.1880, 0.1613, -0.2750, 0.1255, -0.0449)
  Optuna: 18 trials, best Sharpe = 0.4607
  Best params: n_estimators=166, max_depth=3, lr=0.0172, leaves=62
  Best confidence_threshold: 0.849
  Best training_days: 220
  Retrained on full data (660 samples, 49 features)
  OOD: 16 features, cutoff (q=0.7) = 13.69
  Model trained for 2025-07: 93 test candles with features, confidence_threshold=0.795
[trade:close] 2025-07-01 23:59 LTCUSDT LONG → stop_loss @ 83.30 | PnL=-3.61% (net -3.71%) | cum=+119.60% 2025-07=-3.71% 2025-07-01=-3.71%
[lgbm] === Training for 2025-08 ===
  Train window: 2023-08-01 → 2025-07-24
  2171 training samples from 1 symbols
  Samples per month: 2023-08: 93, 2023-09: 90, 2023-10: 93, 2023-11: 90, 2023-12: 93, 2024-01: 93, 2024-02: 87, 2024-03: 93, 2024-04: 90, 2024-05: 93, 2024-06: 90, 2024-07: 93, 2024-08: 93, 2024-09: 90, 2024-10: 93, 2024-11: 90, 2024-12: 93, 2025-01: 93, 2025-02: 84, 2025-03: 93, 2025-04: 90, 2025-05: 93, 2025-06: 90, 2025-07: 71
  [label] 2023-10-01 16:00 LTCUSDT entry=68.1500 → SHORT | long=sl(-3.34%) short=tp(+6.39%) | scanned=7 | short_tp_only
  [label] 2023-10-04 00:00 LTCUSDT entry=64.4200 → SHORT | long=sl(-4.01%) short=timeout(+2.55%) | scanned=22 | no_tp→fwd_return=-2.6545
  [label] 2023-10-07 16:00 LTCUSDT entry=65.4000 → SHORT | long=sl(-2.98%) short=tp(+5.66%) | scanned=6 | short_tp_only
  [label] 2023-11-01 08:00 LTCUSDT entry=66.8400 → LONG | long=tp(+9.83%) short=sl(-5.07%) | scanned=15 | long_tp_only
  [label] 2023-12-24 00:00 LTCUSDT entry=72.6700 → LONG | long=sl(-3.75%) short=sl(-3.75%) | scanned=10 | no_tp→fwd_return=+4.1007
  [label] 2024-06-07 00:00 LTCUSDT entry=84.0900 → SHORT | long=sl(-2.70%) short=tp(+5.10%) | scanned=2 | short_tp_only
  [label] 2024-06-11 00:00 LTCUSDT entry=78.6200 → SHORT | long=sl(-3.66%) short=tp(+7.03%) | scanned=21 | short_tp_only
  [label] 2024-06-21 16:00 LTCUSDT entry=74.1200 → SHORT | long=sl(-4.41%) short=tp(+8.52%) | scanned=9 | short_tp_only
  [label] 2024-08-05 16:00 LTCUSDT entry=56.0400 → LONG | long=timeout(+9.55%) short=timeout(-9.75%) | scanned=22 | no_tp→fwd_return=+9.6538
  [label] 2024-08-14 08:00 LTCUSDT entry=64.0900 → SHORT | long=timeout(-2.53%) short=sl(-5.21%) | scanned=22 | no_tp→fwd_return=-2.4341
  [label] 2024-11-12 16:00 LTCUSDT entry=76.7600 → LONG | long=tp(+15.31%) short=sl(-7.81%) | scanned=11 | long_tp_only
  [label] 2024-12-14 16:00 LTCUSDT entry=118.1900 → SHORT | long=sl(-10.25%) short=sl(-10.25%) | scanned=12 | no_tp→fwd_return=-8.3763
  [label] 2024-12-31 00:00 LTCUSDT entry=98.7300 → LONG | long=tp(+13.56%) short=sl(-6.93%) | scanned=11 | long_tp_only
  [label] 2025-01-12 16:00 LTCUSDT entry=102.3000 → LONG | long=sl(-5.64%) short=sl(-5.64%) | scanned=9 | no_tp→fwd_return=+14.3109
  [label] 2025-01-31 00:00 LTCUSDT entry=129.2300 → SHORT | long=sl(-9.31%) short=tp(+18.32%) | scanned=8 | short_tp_only
  [label] 2025-02-06 08:00 LTCUSDT entry=101.9400 → LONG | long=tp(+27.01%) short=sl(-13.65%) | scanned=14 | long_tp_only
  [label] 2025-02-18 16:00 LTCUSDT entry=129.6700 → SHORT | long=sl(-8.49%) short=tp(+16.68%) | scanned=19 | short_tp_only
  [label] 2025-03-30 08:00 LTCUSDT entry=86.3900 → SHORT | long=sl(-4.97%) short=timeout(+8.64%) | scanned=22 | no_tp→fwd_return=-8.7394
  [label] 2025-04-09 00:00 LTCUSDT entry=70.5200 → LONG | long=timeout(+7.02%) short=sl(-10.02%) | scanned=22 | no_tp→fwd_return=+7.1185
  [label] 2025-07-04 08:00 LTCUSDT entry=86.5800 → LONG | long=tp(+8.76%) short=sl(-4.53%) | scanned=19 | long_tp_only
  Labels: 1103 long (50.8%), 1068 short (49.2%) | weights: min=1.00, mean=2.97, max=10.00
  Features: 2171/2171 matched, 49 columns
  CV gap: 22 rows
  [ensemble 1/3] seed=42
    [trial 0] 49 features, training_days=480 | threshold=0.631 | labels: 1103 long, 1068 short (51/49%)
    [CV fold 0] train_end=2023-11-23 08:00 | val_start=2023-12-01 00:00 | gap=184h (22 rows)[I 2026-06-01 23:33:05,882] Trial 0 finished with value: -0.04131016444622022 and parameters: {'confidence_threshold': 0.6310890415965769, 'training_days': 480, 'n_estimators': 380, 'max_depth': 4, 'num_leaves': 22, 'learning_rate': 0.01699897838270077, 'subsample': 0.5290418060840998, 'colsample_bytree': 0.9330880728874675, 'min_child_samples': 68, 'reg_alpha': 0.023585940584142682, 'reg_lambda': 1.5320059381854043e-08}. Best is trial 0 with value: -0.04131016444622022.
[I 2026-06-01 23:33:06,021] Trial 1 finished with value: -1.8437123929697197 and parameters: {'confidence_threshold': 0.839468448256698, 'training_days': 420, 'n_estimators': 145, 'max_depth': 3, 'num_leaves': 23, 'learning_rate': 0.028145092716060652, 'subsample': 0.762378215816119, 'colsample_bytree': 0.7159725093210578, 'min_child_samples': 43, 'reg_alpha': 0.0032112643094417484, 'reg_lambda': 1.8007140198129195e-07}. Best is trial 0 with value: -0.04131016444622022.
[I 2026-06-01 23:33:06,191] Trial 2 finished with value: -0.027839536503396906 and parameters: {'confidence_threshold': 0.6022506269873263, 'training_days': 190, 'n_estimators': 255, 'max_depth': 5, 'num_leaves': 24, 'learning_rate': 0.05748924681991978, 'subsample': 0.7962072844310213, 'colsample_bytree': 0.5232252063599989, 'min_child_samples': 69, 'reg_alpha': 3.425445902633376e-07, 'reg_lambda': 3.850031979199519e-08}. Best is trial 2 with value: -0.027839536503396906.
[I 2026-06-01 23:33:06,535] Trial 3 finished with value: 0.009050532814459222 and parameters: {'confidence_threshold': 0.8321099380386666, 'training_days': 490, 'n_estimators': 414, 'max_depth': 3, 'num_leaves': 19, 'learning_rate': 0.1024932221692416, 'subsample': 0.7200762468698007, 'colsample_bytree': 0.5610191174223894, 'min_child_samples': 60, 'reg_alpha': 2.039373116525212e-08, 'reg_lambda': 1.527156759251193}. Best is trial 3 with value: 0.009050532814459222.
[I 2026-06-01 23:33:06,709] Trial 4 finished with value: -0.01199033653078771 and parameters: {'confidence_threshold': 0.5905729935600059, 'training_days': 340, 'n_estimators': 190, 'max_depth': 4, 'num_leaves': 41, 'learning_rate': 0.01875220945578641, 'subsample': 0.9847923138822793, 'colsample_bytree': 0.8875664116805573, 'min_child_samples': 96, 'reg_alpha': 1.1309571585271483, 'reg_lambda': 0.002404915432737351}. Best is trial 3 with value: 0.009050532814459222.
[I 2026-06-01 23:33:06,760] Trial 5 finished with value: -0.005694101606295524 and parameters: {'confidence_threshold': 0.8226559822580909, 'training_days': 50, 'n_estimators': 138, 'max_depth': 3, 'num_leaves': 30, 'learning_rate': 0.03750796359625606, 'subsample': 0.6356745158869479, 'colsample_bytree': 0.9143687545759647, 'min_child_samples': 48, 'reg_alpha': 3.376063348877853e-06, 'reg_lambda': 0.0007660634613082914}. Best is trial 3 with value: 0.009050532814459222.
[I 2026-06-01 23:33:06,883] Trial 6 finished with value: -0.036472739276115565 and parameters: {'confidence_threshold': 0.5493234787411669, 'training_days': 410, 'n_estimators': 83, 'max_depth': 5, 'num_leaves': 52, 'learning_rate': 0.019657448966046126, 'subsample': 0.5027610585618012, 'colsample_bytree': 0.9077307142274171, 'min_child_samples': 77, 'reg_alpha': 0.03639690979811287, 'reg_lambda': 0.08738424135626986}. Best is trial 3 with value: 0.009050532814459222.
[I 2026-06-01 23:33:06,991] Trial 7 finished with value: -0.029329095781943825 and parameters: {'confidence_threshold': 0.5259156281069316, 'training_days': 180, 'n_estimators': 102, 'max_depth': 5, 'num_leaves': 45, 'learning_rate': 0.030816017044468066, 'subsample': 0.5317791751430119, 'colsample_bytree': 0.6554911608578311, 'min_child_samples': 46, 'reg_alpha': 0.036851536911881845, 'reg_lambda': 0.005470376807480391}. Best is trial 3 with value: 0.009050532814459222.
[I 2026-06-01 23:33:07,117] Trial 8 finished with value: -0.00010038359280085119 and parameters: {'confidence_threshold': 0.8105244599017143, 'training_days': 240, 'n_estimators': 103, 'max_depth': 5, 'num_leaves': 52, 'learning_rate': 0.06746437142284309, 'subsample': 0.8854835899772805, 'colsample_bytree': 0.7468977981821954, 'min_child_samples': 62, 'reg_alpha': 7.04480806377519e-05, 'reg_lambda': 1.6934490731313353e-08}. Best is trial 3 with value: 0.009050532814459222.
[I 2026-06-01 23:33:07,151] Trial 9 finished with value: -0.047036749216506905 and parameters: {'confidence_threshold': 0.5377619994476566, 'training_days': 20, 'n_estimators': 337, 'max_depth': 3, 'num_leaves': 39, 'learning_rate': 0.21907142272152816, 'subsample': 0.6246461145744375, 'colsample_bytree': 0.7051914615178149, 'min_child_samples': 81, 'reg_alpha': 1.1459970229341322e-06, 'reg_lambda': 4.929685216887945e-08}. Best is trial 3 with value: 0.009050532814459222.
[I 2026-06-01 23:33:07,689] Trial 10 finished with value: 0.029681299977150744 and parameters: {'confidence_threshold': 0.7301111584710253, 'training_days': 350, 'n_estimators': 487, 'max_depth': 4, 'num_leaves': 15, 'learning_rate': 0.1457937958927628, 'subsample': 0.6806559982209046, 'colsample_bytree': 0.5055805119629307, 'min_child_samples': 27, 'reg_alpha': 1.290626345465208e-08, 'reg_lambda': 8.530248590348572}. Best is trial 10 with value: 0.029681299977150744.
[I 2026-06-01 23:33:08,253] Trial 11 finished with value: 0.02670641843041994 and parameters: {'confidence_threshold': 0.7362794324400819, 'training_days': 330, 'n_estimators': 496, 'max_depth': 4, 'num_leaves': 15, 'learning_rate': 0.14177216111406155, 'subsample': 0.6743595107582037, 'colsample_bytree': 0.5039870416163934, 'min_child_samples': 20, 'reg_alpha': 3.5096213893268635e-08, 'reg_lambda': 9.74477562314831}. Best is trial 10 with value: 0.029681299977150744.
[I 2026-06-01 23:33:08,853] Trial 12 finished with value: 0.04515871714419391 and parameters: {'confidence_threshold': 0.7237511304231952, 'training_days': 320, 'n_estimators': 497, 'max_depth': 4, 'num_leaves': 15, 'learning_rate': 0.22381551959695103, 'subsample': 0.6707503323647319, 'colsample_bytree': 0.5938663488127846, 'min_child_samples': 20, 'reg_alpha': 1.0983340064482528e-08, 'reg_lambda': 4.071868912373007}. Best is trial 12 with value: 0.04515871714419391.
[I 2026-06-01 23:33:09,285] Trial 13 finished with value: 0.04908850596042532 and parameters: {'confidence_threshold': 0.7141878781413831, 'training_days': 320, 'n_estimators': 500, 'max_depth': 4, 'num_leaves': 62, 'learning_rate': 0.29349849278701334, 'subsample': 0.8282470923531308, 'colsample_bytree': 0.601385071801663, 'min_child_samples': 21, 'reg_alpha': 5.455813891552554e-05, 'reg_lambda': 4.448098583586055e-06}. Best is trial 13 with value: 0.04908850596042532.
[I 2026-06-01 23:33:09,675] Trial 14 finished with value: 0.03767134874772206 and parameters: {'confidence_threshold': 0.7167051648604531, 'training_days': 290, 'n_estimators': 432, 'max_depth': 4, 'num_leaves': 60, 'learning_rate': 0.2739768836185714, 'subsample': 0.8450855609847991, 'colsample_bytree': 0.615185490195047, 'min_child_samples': 31, 'reg_alpha': 5.520231216289543e-05, 'reg_lambda': 7.565770484313319e-06}. Best is trial 13 with value: 0.04908850596042532.
[I 2026-06-01 23:33:09,835] Trial 15 finished with value: 0.003030732340862342 and parameters: {'confidence_threshold': 0.6736944016118286, 'training_days': 120, 'n_estimators': 300, 'max_depth': 4, 'num_leaves': 33, 'learning_rate': 0.2950996894611884, 'subsample': 0.9184613313466671, 'colsample_bytree': 0.8100744538922787, 'min_child_samples': 34, 'reg_alpha': 0.0012909532416431062, 'reg_lambda': 5.658550453655373e-06}. Best is trial 13 with value: 0.04908850596042532.
[I 2026-06-01 23:33:10,212] Trial 16 finished with value: 0.006603097352134701 and parameters: {'confidence_threshold': 0.7681097634176592, 'training_days': 260, 'n_estimators': 453, 'max_depth': 4, 'num_leaves': 63, 'learning_rate': 0.1739804718675981, 'subsample': 0.8235724464123773, 'colsample_bytree': 0.6258360014711662, 'min_child_samples': 39, 'reg_alpha': 1.6230643075200477e-05, 'reg_lambda': 2.061046509052206e-05}. Best is trial 13 with value: 0.04908850596042532.
[I 2026-06-01 23:33:10,654] Trial 17 finished with value: -0.010582985258429128 and parameters: {'confidence_threshold': 0.6755099553978283, 'training_days': 400, 'n_estimators': 384, 'max_depth': 4, 'num_leaves': 32, 'learning_rate': 0.010425658055299656, 'subsample': 0.6006818104614414, 'colsample_bytree': 0.5842722292840059, 'min_child_samples': 22, 'reg_alpha': 5.794659387190611, 'reg_lambda': 9.817325592160033e-05}. Best is trial 13 with value: 0.04908850596042532.
[I 2026-06-01 23:33:11,242] A new study created in memory with name: no-name-73c7d9a5-03c5-4e5b-8d94-4c4716ab32b0
[I 2026-06-01 23:33:11,347] Trial 0 finished with value: 0.006578471996234084 and parameters: {'confidence_threshold': 0.7437642149592516, 'training_days': 150, 'n_estimators': 152, 'max_depth': 4, 'num_leaves': 50, 'learning_rate': 0.04216766425047743, 'subsample': 0.9903820991923078, 'colsample_bytree': 0.8424148692924316, 'min_child_samples': 58, 'reg_alpha': 3.381097259762742e-05, 'reg_lambda': 1.2263152961306247e-05}. Best is trial 0 with value: 0.006578471996234084.
[I 2026-06-01 23:33:11,419] Trial 1 finished with value: 0.05610849125613541 and parameters: {'confidence_threshold': 0.7551673975844145, 'training_days': 220, 'n_estimators': 76, 'max_depth': 4, 'num_leaves': 51, 'learning_rate': 0.018602118810743477, 'subsample': 0.5877258780737462, 'colsample_bytree': 0.7657756869209191, 'min_child_samples': 63, 'reg_alpha': 0.005123994170264194, 'reg_lambda': 0.44145470178120466}. Best is trial 1 with value: 0.05610849125613541.
[I 2026-06-01 23:33:11,693] Trial 2 finished with value: 0.004971724716860054 and parameters: {'confidence_threshold': 0.7535593637012223, 'training_days': 310, 'n_estimators': 375, 'max_depth': 3, 'num_leaves': 32, 'learning_rate': 0.021735641882032388, 'subsample': 0.6468570231944146, 'colsample_bytree': 0.8154880619272439, 'min_child_samples': 27, 'reg_alpha': 8.004064028491336e-05, 'reg_lambda': 7.546835261630524e-05}. Best is trial 1 with value: 0.05610849125613541.
[I 2026-06-01 23:33:11,878] Trial 3 finished with value: 0.033043292221995445 and parameters: {'confidence_threshold': 0.6727897841776072, 'training_days': 220, 'n_estimators': 190, 'max_depth': 4, 'num_leaves': 58, 'learning_rate': 0.24810689332636193, 'subsample': 0.7509183379421682, 'colsample_bytree': 0.8119764758960556, 'min_child_samples': 29, 'reg_alpha': 7.1708285081421445e-06, 'reg_lambda': 5.412973582738627e-05}. Best is trial 1 with value: 0.05610849125613541.
[I 2026-06-01 23:33:12,016] Trial 4 finished with value: -0.01032798604916208 and parameters: {'confidence_threshold': 0.803208205259178, 'training_days': 130, 'n_estimators': 267, 'max_depth': 5, 'num_leaves': 40, 'learning_rate': 0.08041175317374143, 'subsample': 0.5603143329951619, 'colsample_bytree': 0.9131704002534167, 'min_child_samples': 68, 'reg_alpha': 0.0008046593428183385, 'reg_lambda': 1.2158346158765583e-05}. Best is trial 1 with value: 0.05610849125613541.
[I 2026-06-01 23:33:12,263] Trial 5 finished with value: -0.008052340583357279 and parameters: {'confidence_threshold': 0.6064422761595144, 'training_days': 210, 'n_estimators': 357, 'max_depth': 5, 'num_leaves': 40, 'learning_rate': 0.0974221287220869, 'subsample': 0.7929682762811064, 'colsample_bytree': 0.8124517510478, 'min_child_samples': 74, 'reg_alpha': 0.3811377260781234, 'reg_lambda': 5.607314238392041e-08}. Best is trial 1 with value: 0.05610849125613541.
[I 2026-06-01 23:33:12,384] Trial 6 finished with value: 0.0230518654996303 and parameters: {'confidence_threshold': 0.7672889945051684, 'training_days': 130, 'n_estimators': 137, 'max_depth': 4, 'num_leaves': 19, 'learning_rate': 0.2031117614248665, 'subsample': 0.8136244860256343, 'colsample_bytree': 0.8617081790949774, 'min_child_samples': 21, 'reg_alpha': 0.002238138278733199, 'reg_lambda': 0.001025809534977322}. Best is trial 1 with value: 0.05610849125613541.
[I 2026-06-01 23:33:12,463] Trial 7 finished with value: 0.051397330408777545 and parameters: {'confidence_threshold': 0.555635875450653, 'training_days': 80, 'n_estimators': 363, 'max_depth': 3, 'num_leaves': 48, 'learning_rate': 0.06590089024008658, 'subsample': 0.6944752870615722, 'colsample_bytree': 0.962566244806993, 'min_child_samples': 88, 'reg_alpha': 1.6465620446426067e-05, 'reg_lambda': 2.4678750890085655e-08}. Best is trial 1 with value: 0.05610849125613541.
[I 2026-06-01 23:33:12,814] Trial 8 finished with value: -0.013364396097097669 and parameters: {'confidence_threshold': 0.6066688256938841, 'training_days': 200, 'n_estimators': 367, 'max_depth': 5, 'num_leaves': 32, 'learning_rate': 0.13377519215934996, 'subsample': 0.7965884582811106, 'colsample_bytree': 0.8458508993500886, 'min_child_samples': 32, 'reg_alpha': 3.889436043816386e-05, 'reg_lambda': 1.4713062489380356e-06}. Best is trial 1 with value: 0.05610849125613541.
