[I 2026-06-01 23:33:38,220] Trial 9 finished with value: 0.08394818470567976 and parameters: {'confidence_threshold': 0.6202096049169137, 'training_days': 260, 'n_estimators': 350, 'max_depth': 3, 'num_leaves': 21, 'learning_rate': 0.02989540198065364, 'subsample': 0.8307821683331218, 'colsample_bytree': 0.923253112635361, 'min_child_samples': 64, 'reg_alpha': 0.4898604619604203, 'reg_lambda': 2.9076377687066166e-05}. Best is trial 2 with value: 0.11774859101395815.
[I 2026-06-01 23:33:38,549] Trial 10 finished with value: -1.8892710748032129 and parameters: {'confidence_threshold': 0.8445241688507242, 'training_days': 420, 'n_estimators': 494, 'max_depth': 3, 'num_leaves': 30, 'learning_rate': 0.010221918552934462, 'subsample': 0.5019190721168774, 'colsample_bytree': 0.6202684210924141, 'min_child_samples': 45, 'reg_alpha': 1.5494783182896407e-08, 'reg_lambda': 0.018878930586497852}. Best is trial 2 with value: 0.11774859101395815.
[I 2026-06-01 23:33:38,728] Trial 11 finished with value: 0.07266329547761645 and parameters: {'confidence_threshold': 0.7162109107873752, 'training_days': 360, 'n_estimators': 233, 'max_depth': 3, 'num_leaves': 61, 'learning_rate': 0.03452957696027875, 'subsample': 0.9939949979825393, 'colsample_bytree': 0.6778283959364831, 'min_child_samples': 49, 'reg_alpha': 1.992549479603352e-07, 'reg_lambda': 0.0023652564224911103}. Best is trial 2 with value: 0.11774859101395815.
[I 2026-06-01 23:33:38,774] Trial 12 finished with value: -0.06173019448556018 and parameters: {'confidence_threshold': 0.6776559669413387, 'training_days': 10, 'n_estimators': 484, 'max_depth': 4, 'num_leaves': 47, 'learning_rate': 0.033482036655469866, 'subsample': 0.9918302937157114, 'colsample_bytree': 0.5201164353688423, 'min_child_samples': 100, 'reg_alpha': 1.461276657794346e-06, 'reg_lambda': 6.172292918231325e-07}. Best is trial 2 with value: 0.11774859101395815.
[I 2026-06-01 23:33:38,853] Trial 13 finished with value: -5.906089359184461 and parameters: {'confidence_threshold': 0.7310702292713573, 'training_days': 320, 'n_estimators': 53, 'max_depth': 3, 'num_leaves': 31, 'learning_rate': 0.017797220503138828, 'subsample': 0.6637554456572594, 'colsample_bytree': 0.7082407533656954, 'min_child_samples': 49, 'reg_alpha': 0.00013669643442638216, 'reg_lambda': 0.028288504293384996}. Best is trial 2 with value: 0.11774859101395815.
[I 2026-06-01 23:33:39,326] Trial 14 finished with value: 0.0644433709392117 and parameters: {'confidence_threshold': 0.809278752346717, 'training_days': 490, 'n_estimators': 419, 'max_depth': 4, 'num_leaves': 52, 'learning_rate': 0.04845593946981536, 'subsample': 0.8891415662862411, 'colsample_bytree': 0.9931439284501407, 'min_child_samples': 39, 'reg_alpha': 0.016435092915656313, 'reg_lambda': 1.9453351511054234e-06}. Best is trial 2 with value: 0.11774859101395815.
[I 2026-06-01 23:33:39,474] Trial 15 finished with value: 0.07681600238910576 and parameters: {'confidence_threshold': 0.5026055290809989, 'training_days': 300, 'n_estimators': 154, 'max_depth': 4, 'num_leaves': 25, 'learning_rate': 0.017912135328127195, 'subsample': 0.8966418548807951, 'colsample_bytree': 0.7588934920838852, 'min_child_samples': 78, 'reg_alpha': 5.011892081220446e-07, 'reg_lambda': 0.0003115629825958532}. Best is trial 2 with value: 0.11774859101395815.
[I 2026-06-01 23:33:39,722] Trial 16 finished with value: 0.05983710476510795 and parameters: {'confidence_threshold': 0.6895969776345453, 'training_days': 390, 'n_estimators': 297, 'max_depth': 3, 'num_leaves': 38, 'learning_rate': 0.010433109257669004, 'subsample': 0.6599785330415952, 'colsample_bytree': 0.8808416524570906, 'min_child_samples': 55, 'reg_alpha': 0.03162588031476967, 'reg_lambda': 0.00014818151845754024}. Best is trial 2 with value: 0.11774859101395815.
[I 2026-06-01 23:33:39,902] Trial 17 finished with value: 0.15768448914292385 and parameters: {'confidence_threshold': 0.790160629796611, 'training_days': 120, 'n_estimators': 429, 'max_depth': 5, 'num_leaves': 15, 'learning_rate': 0.0465590323432846, 'subsample': 0.9202138733708044, 'colsample_bytree': 0.6536682442395758, 'min_child_samples': 21, 'reg_alpha': 7.284070645541434, 'reg_lambda': 2.8582334150970493e-07}. Best is trial 17 with value: 0.15768448914292385.
[I 2026-06-01 23:33:40,431] A new study created in memory with name: no-name-65236607-6710-4ec9-823e-5ea46c37fb68

    [CV fold 4] train_end=2025-05-18 16:00 | val_start=2025-05-26 08:00 | gap=184h (22 rows)
    [trial 0] Sharpe=0.0186 (folds: 0.3164, -0.0286, -0.1465, 0.0749, -0.1234)
    [trial 1] 49 features, training_days=420 | threshold=0.839 | labels: 1107 long, 1064 short (51/49%)
    [trial 1] Sharpe=-1.8851 (folds: 0.4696, -0.1162, -0.0348, 0.2558, -10.0000)
    [trial 2] 49 features, training_days=190 | threshold=0.602 | labels: 1107 long, 1064 short (51/49%)
    [trial 2] Sharpe=0.0274 (folds: 0.2755, -0.1332, -0.0716, 0.0433, 0.0231)
    [trial 3] 49 features, training_days=490 | threshold=0.832 | labels: 1107 long, 1064 short (51/49%)
    [trial 3] Sharpe=0.0619 (folds: 0.3693, -0.0534, -0.0547, -0.0137, 0.0623)
    [trial 4] 49 features, training_days=340 | threshold=0.591 | labels: 1107 long, 1064 short (51/49%)
    [trial 4] Sharpe=0.0732 (folds: 0.2922, -0.0179, -0.0952, 0.0703, 0.1165)
    [trial 5] 49 features, training_days=50 | threshold=0.823 | labels: 1107 long, 1064 short (51/49%)
    [trial 5] Sharpe=-0.0052 (folds: 0.2965, -0.0825, -0.0496, -0.0582, -0.1321)
    [trial 6] 49 features, training_days=410 | threshold=0.549 | labels: 1107 long, 1064 short (51/49%)
    [trial 6] Sharpe=0.0644 (folds: 0.2923, -0.0043, -0.1788, 0.0857, 0.1274)
    [trial 7] 49 features, training_days=180 | threshold=0.526 | labels: 1107 long, 1064 short (51/49%)
    [trial 7] Sharpe=0.0423 (folds: 0.2555, -0.0949, -0.0999, 0.0444, 0.1061)
    [trial 8] 49 features, training_days=240 | threshold=0.811 | labels: 1107 long, 1064 short (51/49%)
    [trial 8] Sharpe=0.1371 (folds: 0.4206, -0.0162, -0.1421, 0.1678, 0.2554)
    [trial 9] 49 features, training_days=20 | threshold=0.538 | labels: 1107 long, 1064 short (51/49%)
    [trial 9] Sharpe=-2.0102 (folds: -0.0277, -0.0290, 0.0818, -0.0760, -10.0000)
    [trial 10] 49 features, training_days=280 | threshold=0.734 | labels: 1107 long, 1064 short (51/49%)
    [trial 10] Sharpe=0.0544 (folds: 0.3143, -0.0293, -0.0439, 0.0113, 0.0198)
    [trial 11] 49 features, training_days=290 | threshold=0.719 | labels: 1107 long, 1064 short (51/49%)
    [trial 11] Sharpe=0.0724 (folds: 0.3028, -0.0337, -0.2395, 0.1165, 0.2160)
    [trial 12] 49 features, training_days=340 | threshold=0.664 | labels: 1107 long, 1064 short (51/49%)
    [trial 12] Sharpe=0.0442 (folds: 0.3274, -0.0248, -0.0884, 0.0035, 0.0032)
    [trial 13] 49 features, training_days=190 | threshold=0.753 | labels: 1107 long, 1064 short (51/49%)
    [trial 13] Sharpe=0.0654 (folds: 0.3551, -0.0346, -0.1796, 0.1402, 0.0458)
    [trial 14] 49 features, training_days=100 | threshold=0.612 | labels: 1107 long, 1064 short (51/49%)
    [trial 14] Sharpe=0.0303 (folds: 0.3317, -0.2086, 0.0465, 0.0323, -0.0504)
    [trial 15] 49 features, training_days=340 | threshold=0.778 | labels: 1107 long, 1064 short (51/49%)
    [trial 15] Sharpe=-0.1639 (folds: 0.3996, -0.0772, -0.2374, 0.1675, -1.0718)
    [trial 16] 49 features, training_days=230 | threshold=0.685 | labels: 1107 long, 1064 short (51/49%)
    [trial 16] Sharpe=0.0723 (folds: 0.3194, 0.0001, -0.0882, 0.0877, 0.0423)
    [trial 17] 49 features, training_days=110 | threshold=0.789 | labels: 1107 long, 1064 short (51/49%)
    [trial 17] Sharpe=0.1054 (folds: 0.3604, -0.1124, -0.1088, 0.0743, 0.3137)
  Optuna: 18 trials, best Sharpe = 0.1371
  Best params: n_estimators=103, max_depth=5, lr=0.0675, leaves=52
  Best confidence_threshold: 0.811
  Best training_days: 240
  Retrained on full data (720 samples, 49 features)
  [ensemble 2/3] seed=123
    [trial 0] 49 features, training_days=150 | threshold=0.744 | labels: 1107 long, 1064 short (51/49%)
    [CV fold 0] train_end=2024-01-23 08:00 | val_start=2024-01-31 00:00 | gap=184h (22 rows)
    [CV fold 1] train_end=2024-05-22 16:00 | val_start=2024-05-30 08:00 | gap=184h (22 rows)
    [CV fold 2] train_end=2024-09-20 00:00 | val_start=2024-09-27 16:00 | gap=184h (22 rows)
    [CV fold 3] train_end=2025-01-18 08:00 | val_start=2025-01-26 00:00 | gap=184h (22 rows)
    [CV fold 4] train_end=2025-05-18 16:00 | val_start=2025-05-26 08:00 | gap=184h (22 rows)
    [trial 0] Sharpe=0.1031 (folds: 0.3947, 0.0288, -0.0199, 0.1008, 0.0109)
    [trial 1] 49 features, training_days=220 | threshold=0.755 | labels: 1107 long, 1064 short (51/49%)
    [trial 1] Sharpe=-2.0040 (folds: 0.4593, -0.0454, -0.5551, 0.1212, -10.0000)
    [trial 2] 49 features, training_days=310 | threshold=0.754 | labels: 1107 long, 1064 short (51/49%)
    [trial 2] Sharpe=0.1177 (folds: 0.2919, -0.0264, -0.0794, 0.1457, 0.2570)
    [trial 3] 49 features, training_days=220 | threshold=0.673 | labels: 1107 long, 1064 short (51/49%)
    [trial 3] Sharpe=0.0585 (folds: 0.2899, -0.0877, -0.0173, 0.0689, 0.0389)
    [trial 4] 49 features, training_days=130 | threshold=0.803 | labels: 1107 long, 1064 short (51/49%)
    [trial 4] Sharpe=0.0703 (folds: 0.3769, -0.0568, -0.0216, 0.0818, -0.0288)
    [trial 5] 49 features, training_days=210 | threshold=0.606 | labels: 1107 long, 1064 short (51/49%)
    [trial 5] Sharpe=0.0271 (folds: 0.2891, -0.1267, -0.0769, 0.0194, 0.0303)
    [trial 6] 49 features, training_days=130 | threshold=0.767 | labels: 1107 long, 1064 short (51/49%)
    [trial 6] Sharpe=0.0770 (folds: 0.3161, -0.0490, 0.0659, 0.0134, 0.0389)
    [trial 7] 49 features, training_days=80 | threshold=0.556 | labels: 1107 long, 1064 short (51/49%)
    [trial 7] Sharpe=0.0467 (folds: 0.3166, 0.0249, -0.1438, 0.0796, -0.0439)
    [trial 8] 49 features, training_days=200 | threshold=0.607 | labels: 1107 long, 1064 short (51/49%)
    [trial 8] Sharpe=0.0620 (folds: 0.3399, -0.1215, 0.0073, 0.0816, 0.0025)
    [trial 9] 49 features, training_days=260 | threshold=0.620 | labels: 1107 long, 1064 short (51/49%)
    [trial 9] Sharpe=0.0839 (folds: 0.2820, -0.0422, -0.0141, 0.0658, 0.1283)
    [trial 10] 49 features, training_days=420 | threshold=0.845 | labels: 1107 long, 1064 short (51/49%)
    [trial 10] Sharpe=-1.8893 (folds: 0.4458, -0.0698, -0.0114, 0.1891, -10.0000)
    [trial 11] 49 features, training_days=360 | threshold=0.716 | labels: 1107 long, 1064 short (51/49%)
    [trial 11] Sharpe=0.0727 (folds: 0.3770, -0.0358, -0.0547, 0.0496, 0.0273)
    [trial 12] 49 features, training_days=10 | threshold=0.678 | labels: 1107 long, 1064 short (51/49%)
    [trial 12] Sharpe=-0.0617 (folds: -0.0277, -0.0423, -0.1800, 0.0750, -0.1337)
    [trial 13] 49 features, training_days=320 | threshold=0.731 | labels: 1107 long, 1064 short (51/49%)
    [trial 13] Sharpe=-5.9061 (folds: 0.4655, 0.0040, -10.0000, -10.0000, -10.0000)
    [trial 14] 49 features, training_days=490 | threshold=0.809 | labels: 1107 long, 1064 short (51/49%)
    [trial 14] Sharpe=0.0644 (folds: 0.2687, -0.0367, -0.0451, 0.0889, 0.0464)
    [trial 15] 49 features, training_days=300 | threshold=0.503 | labels: 1107 long, 1064 short (51/49%)
    [trial 15] Sharpe=0.0768 (folds: 0.2671, -0.0321, -0.0226, 0.0743, 0.0973)
    [trial 16] 49 features, training_days=390 | threshold=0.690 | labels: 1107 long, 1064 short (51/49%)
    [trial 16] Sharpe=0.0598 (folds: 0.3414, -0.0047, -0.2411, 0.1059, 0.0977)
    [trial 17] 49 features, training_days=120 | threshold=0.790 | labels: 1107 long, 1064 short (51/49%)
    [trial 17] Sharpe=0.1577 (folds: 0.4697, -0.0658, 0.1097, 0.0817, 0.1930)
  Optuna: 18 trials, best Sharpe = 0.1577
  Best params: n_estimators=429, max_depth=5, lr=0.0466, leaves=15
  Best confidence_threshold: 0.790
  Best training_days: 120
  Retrained on full data (360 samples, 49 features)
  [ensemble 3/3] seed=456
    [trial 0] 49 features, training_days=90 | threshold=0.587 | labels: 1107 long, 1064 short (51/49%)
    [CV fold 0] train_end=2024-01-23 08:00 | val_start=2024-01-31 00:00 | gap=184h (22 rows)
    [CV fold 1] train_end=2024-05-22 16:00 | val_start=2024-05-30 08:00 | gap=184h (22 rows)
    [CV fold 2] train_end=2024-09-20 00:00 | val_start=2024-09-27 16:00 | gap=184h (22 rows)
    [CV fold 3] train_end=2025-01-18 08:00 | val_start=2025-01-26 00:00 | gap=184h (22 rows)
    [CV fold 4] train_end=2025-05-18 16:00 | val_start=2025-05-26 08:00 | gap=184h (22 rows)
    [trial 0] Sharpe=0.0079 (folds: 0.2633, -0.1393, 0.0022, -0.0077, -0.0791)[I 2026-06-01 23:33:40,648] Trial 0 finished with value: 0.007854837543755388 and parameters: {'confidence_threshold': 0.5870645682749857, 'training_days': 90, 'n_estimators': 403, 'max_depth': 5, 'num_leaves': 45, 'learning_rate': 0.0780457193679974, 'subsample': 0.9428509515574568, 'colsample_bytree': 0.8795587339164916, 'min_child_samples': 34, 'reg_alpha': 2.2465901234314442e-07, 'reg_lambda': 8.339007036475363e-05}. Best is trial 0 with value: 0.007854837543755388.
[I 2026-06-01 23:33:40,771] Trial 1 finished with value: 0.06424747966182429 and parameters: {'confidence_threshold': 0.6348453934275313, 'training_days': 290, 'n_estimators': 115, 'max_depth': 5, 'num_leaves': 37, 'learning_rate': 0.06949568759029946, 'subsample': 0.8228505074024268, 'colsample_bytree': 0.8616703220431751, 'min_child_samples': 75, 'reg_alpha': 4.2486822725010923e-07, 'reg_lambda': 1.157247767047042e-07}. Best is trial 1 with value: 0.06424747966182429.
[I 2026-06-01 23:33:40,790] Trial 2 finished with value: -0.06173019448556018 and parameters: {'confidence_threshold': 0.5849570384370288, 'training_days': 10, 'n_estimators': 212, 'max_depth': 3, 'num_leaves': 41, 'learning_rate': 0.18452095998378365, 'subsample': 0.6001060822924371, 'colsample_bytree': 0.5673167293506167, 'min_child_samples': 37, 'reg_alpha': 5.733250064217131, 'reg_lambda': 0.5308454292595461}. Best is trial 1 with value: 0.06424747966182429.
[I 2026-06-01 23:33:40,876] Trial 3 finished with value: 0.08145268018395009 and parameters: {'confidence_threshold': 0.6868248626683718, 'training_days': 220, 'n_estimators': 134, 'max_depth': 3, 'num_leaves': 45, 'learning_rate': 0.033529007907491595, 'subsample': 0.8647277071858408, 'colsample_bytree': 0.778494116634046, 'min_child_samples': 96, 'reg_alpha': 2.409409937265785e-07, 'reg_lambda': 1.1642073478060009}. Best is trial 3 with value: 0.08145268018395009.
[I 2026-06-01 23:33:41,018] Trial 4 finished with value: 0.11109692995231746 and parameters: {'confidence_threshold': 0.5623121348350352, 'training_days': 300, 'n_estimators': 69, 'max_depth': 4, 'num_leaves': 32, 'learning_rate': 0.14967629360700346, 'subsample': 0.5054535233636654, 'colsample_bytree': 0.7401385194659216, 'min_child_samples': 27, 'reg_alpha': 1.4212042567426725e-07, 'reg_lambda': 0.23605753701352003}. Best is trial 4 with value: 0.11109692995231746.
[I 2026-06-01 23:33:41,447] Trial 5 finished with value: 0.04923572943677947 and parameters: {'confidence_threshold': 0.7111850244908446, 'training_days': 490, 'n_estimators': 362, 'max_depth': 5, 'num_leaves': 40, 'learning_rate': 0.05960785724162737, 'subsample': 0.5589714368907717, 'colsample_bytree': 0.6659006943232806, 'min_child_samples': 42, 'reg_alpha': 0.6741360303045295, 'reg_lambda': 6.054601607143087e-08}. Best is trial 4 with value: 0.11109692995231746.
[I 2026-06-01 23:33:41,638] Trial 6 finished with value: 0.0754941524228533 and parameters: {'confidence_threshold': 0.667482545748023, 'training_days': 420, 'n_estimators': 279, 'max_depth': 3, 'num_leaves': 45, 'learning_rate': 0.040099592560849204, 'subsample': 0.8563114696415159, 'colsample_bytree': 0.5442917781944105, 'min_child_samples': 50, 'reg_alpha': 1.6407916423707903e-08, 'reg_lambda': 2.935907642973286e-05}. Best is trial 4 with value: 0.11109692995231746.
[I 2026-06-01 23:33:41,809] Trial 7 finished with value: 0.03352850685751881 and parameters: {'confidence_threshold': 0.5497381024139926, 'training_days': 120, 'n_estimators': 408, 'max_depth': 5, 'num_leaves': 38, 'learning_rate': 0.28049122657745795, 'subsample': 0.8806573338635493, 'colsample_bytree': 0.5454054113547102, 'min_child_samples': 63, 'reg_alpha': 0.01263008637940408, 'reg_lambda': 0.04588020805366937}. Best is trial 4 with value: 0.11109692995231746.
[I 2026-06-01 23:33:42,102] Trial 8 finished with value: 0.04547088139785062 and parameters: {'confidence_threshold': 0.719644804808716, 'training_days': 450, 'n_estimators': 410, 'max_depth': 4, 'num_leaves': 57, 'learning_rate': 0.04022026551478857, 'subsample': 0.5336085426932707, 'colsample_bytree': 0.5705742850577543, 'min_child_samples': 100, 'reg_alpha': 5.916398047912201e-07, 'reg_lambda': 0.9794034214488329}. Best is trial 4 with value: 0.11109692995231746.
[I 2026-06-01 23:33:42,130] Trial 9 finished with value: -3.9949841665434733 and parameters: {'confidence_threshold': 0.7267463643917187, 'training_days': 20, 'n_estimators': 337, 'max_depth': 5, 'num_leaves': 23, 'learning_rate': 0.022153031811454605, 'subsample': 0.6305627572358737, 'colsample_bytree': 0.6613413774216214, 'min_child_samples': 81, 'reg_alpha': 5.7638634029410314e-08, 'reg_lambda': 8.26603016764008}. Best is trial 4 with value: 0.11109692995231746.
[I 2026-06-01 23:33:42,235] Trial 10 finished with value: 0.10266132909500825 and parameters: {'confidence_threshold': 0.8398533911817929, 'training_days': 320, 'n_estimators': 52, 'max_depth': 4, 'num_leaves': 15, 'learning_rate': 0.1708019296390162, 'subsample': 0.7130289643560688, 'colsample_bytree': 0.9944479338273263, 'min_child_samples': 23, 'reg_alpha': 6.837313901272251e-05, 'reg_lambda': 0.007549769720510555}. Best is trial 4 with value: 0.11109692995231746.
[I 2026-06-01 23:33:42,339] Trial 11 finished with value: 0.09507159769785756 and parameters: {'confidence_threshold': 0.8491135887906174, 'training_days': 330, 'n_estimators': 53, 'max_depth': 4, 'num_leaves': 15, 'learning_rate': 0.1479896125735391, 'subsample': 0.7103077871754093, 'colsample_bytree': 0.9628722124262472, 'min_child_samples': 20, 'reg_alpha': 7.819782027405133e-05, 'reg_lambda': 0.00647465266809438}. Best is trial 4 with value: 0.11109692995231746.
[I 2026-06-01 23:33:42,444] Trial 12 finished with value: 0.1094481712749216 and parameters: {'confidence_threshold': 0.83900033179092, 'training_days': 360, 'n_estimators': 54, 'max_depth': 4, 'num_leaves': 26, 'learning_rate': 0.12411615325331521, 'subsample': 0.7192240704891215, 'colsample_bytree': 0.7600429376871523, 'min_child_samples': 20, 'reg_alpha': 3.8786120004382785e-05, 'reg_lambda': 0.004172853895910727}. Best is trial 4 with value: 0.11109692995231746.
[I 2026-06-01 23:33:42,669] Trial 13 finished with value: 0.08709881274198553 and parameters: {'confidence_threshold': 0.5040535938350955, 'training_days': 380, 'n_estimators': 180, 'max_depth': 4, 'num_leaves': 28, 'learning_rate': 0.11357167740469078, 'subsample': 0.6599795358656275, 'colsample_bytree': 0.7477878654225999, 'min_child_samples': 27, 'reg_alpha': 9.275497189502409e-06, 'reg_lambda': 0.0026936253191171718}. Best is trial 4 with value: 0.11109692995231746.
[I 2026-06-01 23:33:42,970] Trial 14 finished with value: 0.023574954913281643 and parameters: {'confidence_threshold': 0.7723320301796328, 'training_days': 210, 'n_estimators': 500, 'max_depth': 4, 'num_leaves': 29, 'learning_rate': 0.27426317011357787, 'subsample': 0.5024308104942443, 'colsample_bytree': 0.76097069405325, 'min_child_samples': 53, 'reg_alpha': 0.0012606834631535763, 'reg_lambda': 1.116326883897629e-05}. Best is trial 4 with value: 0.11109692995231746.
[I 2026-06-01 23:33:43,132] Trial 15 finished with value: -5.926383531811844 and parameters: {'confidence_threshold': 0.7829525506318393, 'training_days': 370, 'n_estimators': 109, 'max_depth': 4, 'num_leaves': 29, 'learning_rate': 0.010130212048304818, 'subsample': 0.7586502327754351, 'colsample_bytree': 0.6847880161419897, 'min_child_samples': 30, 'reg_alpha': 5.163062844804391e-06, 'reg_lambda': 0.000600985625569091}. Best is trial 4 with value: 0.11109692995231746.
[I 2026-06-01 23:33:43,355] Trial 16 finished with value: 0.0631799523418239 and parameters: {'confidence_threshold': 0.6313854833046773, 'training_days': 250, 'n_estimators': 227, 'max_depth': 4, 'num_leaves': 22, 'learning_rate': 0.11454118699076188, 'subsample': 0.7543865421398536, 'colsample_bytree': 0.8312449489076218, 'min_child_samples': 44, 'reg_alpha': 0.003509370316060832, 'reg_lambda': 0.06161216554609177}. Best is trial 4 with value: 0.11109692995231746.
