[I 2026-06-01 23:32:48,004] Trial 9 finished with value: 0.04680861657421516 and parameters: {'confidence_threshold': 0.6202096049169137, 'training_days': 260, 'n_estimators': 350, 'max_depth': 3, 'num_leaves': 21, 'learning_rate': 0.02989540198065364, 'subsample': 0.8307821683331218, 'colsample_bytree': 0.923253112635361, 'min_child_samples': 64, 'reg_alpha': 0.4898604619604203, 'reg_lambda': 2.9076377687066166e-05}. Best is trial 7 with value: 0.08737711263496159.
[I 2026-06-01 23:32:48,043] Trial 10 finished with value: -0.06467492406419192 and parameters: {'confidence_threshold': 0.5248809389721337, 'training_days': 10, 'n_estimators': 493, 'max_depth': 3, 'num_leaves': 63, 'learning_rate': 0.010221918552934462, 'subsample': 0.667749445701178, 'colsample_bytree': 0.6202684210924141, 'min_child_samples': 99, 'reg_alpha': 1.3884210513841762e-08, 'reg_lambda': 0.02273343343290072}. Best is trial 7 with value: 0.08737711263496159.
[I 2026-06-01 23:32:48,228] Trial 11 finished with value: 0.019373502218233668 and parameters: {'confidence_threshold': 0.5077463503498806, 'training_days': 480, 'n_estimators': 245, 'max_depth': 3, 'num_leaves': 49, 'learning_rate': 0.047907454503262954, 'subsample': 0.9939949979825393, 'colsample_bytree': 0.9864508096204552, 'min_child_samples': 89, 'reg_alpha': 6.406297885587639e-07, 'reg_lambda': 1.0031010917688901e-08}. Best is trial 7 with value: 0.08737711263496159.
[I 2026-06-01 23:32:48,260] Trial 12 finished with value: -0.06467492406419192 and parameters: {'confidence_threshold': 0.66034247783242, 'training_days': 10, 'n_estimators': 459, 'max_depth': 4, 'num_leaves': 48, 'learning_rate': 0.046905974008408464, 'subsample': 0.9918302937157114, 'colsample_bytree': 0.6669454130036883, 'min_child_samples': 47, 'reg_alpha': 5.828909593622513e-07, 'reg_lambda': 4.2084308291483265e-07}. Best is trial 7 with value: 0.08737711263496159.
[I 2026-06-01 23:32:48,308] Trial 13 finished with value: 0.07768174195381324 and parameters: {'confidence_threshold': 0.7129257884245761, 'training_days': 120, 'n_estimators': 53, 'max_depth': 3, 'num_leaves': 55, 'learning_rate': 0.06910557097515196, 'subsample': 0.9227064439647955, 'colsample_bytree': 0.5443982906148261, 'min_child_samples': 47, 'reg_alpha': 2.026620404672971e-06, 'reg_lambda': 0.0031247055541074147}. Best is trial 7 with value: 0.08737711263496159.
[I 2026-06-01 23:32:48,352] Trial 14 finished with value: 0.0021002032467330126 and parameters: {'confidence_threshold': 0.5626259740358373, 'training_days': 70, 'n_estimators': 60, 'max_depth': 3, 'num_leaves': 56, 'learning_rate': 0.0800055167729914, 'subsample': 0.9029371036317264, 'colsample_bytree': 0.5034139861451107, 'min_child_samples': 44, 'reg_alpha': 1.0022500260682206e-08, 'reg_lambda': 0.0038081143008355752}. Best is trial 7 with value: 0.08737711263496159.
[I 2026-06-01 23:32:48,584] Trial 15 finished with value: -0.001501796695381237 and parameters: {'confidence_threshold': 0.7070374455443044, 'training_days': 320, 'n_estimators': 436, 'max_depth': 3, 'num_leaves': 43, 'learning_rate': 0.12629851654307794, 'subsample': 0.6761183949002001, 'colsample_bytree': 0.5093920150666754, 'min_child_samples': 84, 'reg_alpha': 5.011892081220446e-07, 'reg_lambda': 3.5532501480887757}. Best is trial 7 with value: 0.08737711263496159.
[I 2026-06-01 23:32:48,694] Trial 16 finished with value: 0.05618932262044255 and parameters: {'confidence_threshold': 0.8218356327948213, 'training_days': 80, 'n_estimators': 304, 'max_depth': 3, 'num_leaves': 63, 'learning_rate': 0.0662624965928644, 'subsample': 0.5026339332325482, 'colsample_bytree': 0.6751292166711489, 'min_child_samples': 48, 'reg_alpha': 0.01740179167334302, 'reg_lambda': 0.1334975841194959}. Best is trial 7 with value: 0.08737711263496159.

  [label] 2025-02-07 00:00 LTCUSDT entry=105.0200 → LONG | long=tp(+23.95%) short=sl(-12.12%) | scanned=12 | long_tp_only
  [label] 2025-05-04 08:00 LTCUSDT entry=86.5900 → LONG | long=sl(-4.34%) short=sl(-4.34%) | scanned=7 | no_tp→fwd_return=+5.7628
  Labels: 1068 long (49.2%), 1103 short (50.8%) | weights: min=1.00, mean=2.98, max=10.00
  Features: 2171/2171 matched, 49 columns
  CV gap: 22 rows
  [ensemble 1/3] seed=42
    [trial 0] 49 features, training_days=480 | threshold=0.631 | labels: 1068 long, 1103 short (49/51%)
    [CV fold 0] train_end=2023-09-23 08:00 | val_start=2023-10-01 00:00 | gap=184h (22 rows)
    [CV fold 1] train_end=2024-01-21 16:00 | val_start=2024-01-29 08:00 | gap=184h (22 rows)
    [CV fold 2] train_end=2024-05-21 00:00 | val_start=2024-05-28 16:00 | gap=184h (22 rows)
    [CV fold 3] train_end=2024-09-18 08:00 | val_start=2024-09-26 00:00 | gap=184h (22 rows)
    [CV fold 4] train_end=2025-01-16 16:00 | val_start=2025-01-24 08:00 | gap=184h (22 rows)
    [trial 0] Sharpe=0.0504 (folds: -0.0841, 0.2345, 0.0113, -0.0185, 0.1090)
    [trial 1] 49 features, training_days=420 | threshold=0.839 | labels: 1068 long, 1103 short (49/51%)
    [trial 1] Sharpe=0.1286 (folds: -0.1335, 0.3832, 0.1638, -0.0777, 0.3072)
    [trial 2] 49 features, training_days=190 | threshold=0.602 | labels: 1068 long, 1103 short (49/51%)
    [trial 2] Sharpe=0.0222 (folds: -0.1022, 0.2114, -0.1001, -0.0068, 0.1089)
    [trial 3] 49 features, training_days=490 | threshold=0.832 | labels: 1068 long, 1103 short (49/51%)
    [trial 3] Sharpe=0.0366 (folds: -0.1191, 0.1982, 0.0597, -0.0302, 0.0743)
    [trial 4] 49 features, training_days=340 | threshold=0.591 | labels: 1068 long, 1103 short (49/51%)
    [trial 4] Sharpe=-0.0050 (folds: -0.0664, 0.2571, -0.0729, -0.1310, -0.0118)
    [trial 5] 49 features, training_days=50 | threshold=0.823 | labels: 1068 long, 1103 short (49/51%)
    [trial 5] Sharpe=0.2817 (folds: 1.3215, 0.3278, -0.1846, -0.0389, -0.0172)
    [trial 6] 49 features, training_days=410 | threshold=0.549 | labels: 1068 long, 1103 short (49/51%)
    [trial 6] Sharpe=0.0511 (folds: 0.0147, 0.2049, 0.0050, -0.0818, 0.1124)
    [trial 7] 49 features, training_days=180 | threshold=0.526 | labels: 1068 long, 1103 short (49/51%)
    [trial 7] Sharpe=-0.0148 (folds: -0.0563, 0.1330, -0.0671, -0.1160, 0.0324)
    [trial 8] 49 features, training_days=240 | threshold=0.811 | labels: 1068 long, 1103 short (49/51%)
    [trial 8] Sharpe=0.0667 (folds: 0.1121, 0.2910, -0.0451, -0.1760, 0.1513)
    [trial 9] 49 features, training_days=20 | threshold=0.538 | labels: 1068 long, 1103 short (49/51%)
    [trial 9] Sharpe=-0.0121 (folds: -0.0262, -0.0269, -0.0168, 0.0902, -0.0807)
    [trial 10] 49 features, training_days=10 | threshold=0.732 | labels: 1068 long, 1103 short (49/51%)
    [trial 10] Sharpe=-2.0613 (folds: -0.0262, -0.0269, -10.0000, -0.1728, -0.0807)
    [trial 11] 49 features, training_days=100 | threshold=0.762 | labels: 1068 long, 1103 short (49/51%)
    [trial 11] Sharpe=0.0142 (folds: -0.2082, 0.3533, -0.1180, -0.0428, 0.0866)
    [trial 12] 49 features, training_days=330 | threshold=0.848 | labels: 1068 long, 1103 short (49/51%)
    [trial 12] Sharpe=-1.7675 (folds: 0.3329, 0.5552, -10.0000, -0.5662, 0.8406)
    [trial 13] 49 features, training_days=340 | threshold=0.725 | labels: 1068 long, 1103 short (49/51%)
    [trial 13] Sharpe=0.0569 (folds: -0.0461, 0.2104, -0.0778, -0.0370, 0.2351)
    [trial 14] 49 features, training_days=80 | threshold=0.787 | labels: 1068 long, 1103 short (49/51%)
    [trial 14] Sharpe=0.0290 (folds: 0.0312, 0.4312, -0.1913, -0.1741, 0.0481)
    [trial 15] 49 features, training_days=420 | threshold=0.685 | labels: 1068 long, 1103 short (49/51%)
    [trial 15] Sharpe=0.0083 (folds: -0.1097, 0.3888, -0.0202, -0.1553, -0.0619)
    [trial 16] 49 features, training_days=270 | threshold=0.782 | labels: 1068 long, 1103 short (49/51%)
    [trial 16] Sharpe=0.0539 (folds: -0.0818, 0.2250, -0.0310, -0.0724, 0.2298)
    [trial 17] 49 features, training_days=110 | threshold=0.680 | labels: 1068 long, 1103 short (49/51%)
    [trial 17] Sharpe=-0.0426 (folds: -0.2616, 0.3272, -0.2323, -0.0548, 0.0083)
  Optuna: 18 trials, best Sharpe = 0.2817
  Best params: n_estimators=138, max_depth=3, lr=0.0375, leaves=30
  Best confidence_threshold: 0.823
  Best training_days: 50
  Retrained on full data (150 samples, 49 features)
  [ensemble 2/3] seed=123
    [trial 0] 49 features, training_days=150 | threshold=0.744 | labels: 1068 long, 1103 short (49/51%)
    [CV fold 0] train_end=2023-09-23 08:00 | val_start=2023-10-01 00:00 | gap=184h (22 rows)
    [CV fold 1] train_end=2024-01-21 16:00 | val_start=2024-01-29 08:00 | gap=184h (22 rows)
    [CV fold 2] train_end=2024-05-21 00:00 | val_start=2024-05-28 16:00 | gap=184h (22 rows)
    [CV fold 3] train_end=2024-09-18 08:00 | val_start=2024-09-26 00:00 | gap=184h (22 rows)
    [CV fold 4] train_end=2025-01-16 16:00 | val_start=2025-01-24 08:00 | gap=184h (22 rows)
    [trial 0] Sharpe=0.0701 (folds: 0.0263, 0.2907, -0.0344, -0.0225, 0.0907)
    [trial 1] 49 features, training_days=220 | threshold=0.755 | labels: 1068 long, 1103 short (49/51%)
    [trial 1] Sharpe=0.0675 (folds: 0.1170, 0.4587, -0.0428, -0.3407, 0.1453)
    [trial 2] 49 features, training_days=310 | threshold=0.754 | labels: 1068 long, 1103 short (49/51%)
    [trial 2] Sharpe=0.0405 (folds: -0.0272, 0.2139, -0.0975, -0.0733, 0.1866)
    [trial 3] 49 features, training_days=220 | threshold=0.673 | labels: 1068 long, 1103 short (49/51%)
    [trial 3] Sharpe=0.0394 (folds: -0.0593, 0.1662, -0.0707, 0.0214, 0.1395)
    [trial 4] 49 features, training_days=130 | threshold=0.803 | labels: 1068 long, 1103 short (49/51%)
    [trial 4] Sharpe=0.0370 (folds: -0.0526, 0.2939, -0.0972, -0.0795, 0.1205)
    [trial 5] 49 features, training_days=210 | threshold=0.606 | labels: 1068 long, 1103 short (49/51%)
    [trial 5] Sharpe=-0.0135 (folds: -0.1942, 0.1734, -0.1148, 0.0099, 0.0581)
    [trial 6] 49 features, training_days=130 | threshold=0.767 | labels: 1068 long, 1103 short (49/51%)
    [trial 6] Sharpe=0.0539 (folds: -0.1026, 0.2918, -0.0229, 0.0239, 0.0796)
    [trial 7] 49 features, training_days=80 | threshold=0.556 | labels: 1068 long, 1103 short (49/51%)
    [trial 7] Sharpe=0.0874 (folds: 0.0837, 0.3292, 0.0815, -0.1418, 0.0842)
    [trial 8] 49 features, training_days=200 | threshold=0.607 | labels: 1068 long, 1103 short (49/51%)
    [trial 8] Sharpe=0.0039 (folds: -0.1105, 0.1922, -0.1413, 0.0378, 0.0411)
    [trial 9] 49 features, training_days=260 | threshold=0.620 | labels: 1068 long, 1103 short (49/51%)
    [trial 9] Sharpe=0.0468 (folds: -0.0648, 0.1923, 0.0073, 0.0098, 0.0895)
    [trial 10] 49 features, training_days=10 | threshold=0.525 | labels: 1068 long, 1103 short (49/51%)
    [trial 10] Sharpe=-0.0647 (folds: -0.0262, -0.0269, -0.0168, -0.1728, -0.0807)
    [trial 11] 49 features, training_days=480 | threshold=0.508 | labels: 1068 long, 1103 short (49/51%)
    [trial 11] Sharpe=0.0194 (folds: -0.1546, 0.2389, 0.0073, -0.0540, 0.0593)
    [trial 12] 49 features, training_days=10 | threshold=0.660 | labels: 1068 long, 1103 short (49/51%)
    [trial 12] Sharpe=-0.0647 (folds: -0.0262, -0.0269, -0.0168, -0.1728, -0.0807)
    [trial 13] 49 features, training_days=120 | threshold=0.713 | labels: 1068 long, 1103 short (49/51%)
    [trial 13] Sharpe=0.0777 (folds: 0.0454, 0.3504, -0.1878, 0.0230, 0.1574)
    [trial 14] 49 features, training_days=70 | threshold=0.563 | labels: 1068 long, 1103 short (49/51%)
    [trial 14] Sharpe=0.0021 (folds: 0.0499, 0.2347, -0.1493, -0.1380, 0.0132)
    [trial 15] 49 features, training_days=320 | threshold=0.707 | labels: 1068 long, 1103 short (49/51%)
    [trial 15] Sharpe=-0.0015 (folds: -0.1629, 0.2183, 0.0234, -0.0967, 0.0104)
    [trial 16] 49 features, training_days=80 | threshold=0.822 | labels: 1068 long, 1103 short (49/51%)
    [trial 16] Sharpe=0.0562 (folds: 0.1235, 0.3842, -0.1194, -0.0477, -0.0596)
    [trial 17] 49 features, training_days=70 | threshold=0.562 | labels: 1068 long, 1103 short (49/51%)
    [trial 17] Sharpe=0.0434 (folds: 0.0646, 0.2767, -0.1085, -0.1066, 0.0909)[I 2026-06-01 23:32:48,760] Trial 17 finished with value: 0.043422441973475855 and parameters: {'confidence_threshold': 0.5617278450091161, 'training_days': 70, 'n_estimators': 223, 'max_depth': 3, 'num_leaves': 33, 'learning_rate': 0.16091213482876748, 'subsample': 0.8952300823478766, 'colsample_bytree': 0.5627312450987496, 'min_child_samples': 82, 'reg_alpha': 7.284070645541434, 'reg_lambda': 0.005365335080286266}. Best is trial 7 with value: 0.08737711263496159.
[I 2026-06-01 23:32:49,215] A new study created in memory with name: no-name-bae9b4d9-b183-492b-a0fb-d876c84aba3b
[I 2026-06-01 23:32:49,428] Trial 0 finished with value: 0.057086928107030574 and parameters: {'confidence_threshold': 0.5870645682749857, 'training_days': 90, 'n_estimators': 403, 'max_depth': 5, 'num_leaves': 45, 'learning_rate': 0.0780457193679974, 'subsample': 0.9428509515574568, 'colsample_bytree': 0.8795587339164916, 'min_child_samples': 34, 'reg_alpha': 2.2465901234314442e-07, 'reg_lambda': 8.339007036475363e-05}. Best is trial 0 with value: 0.057086928107030574.
[I 2026-06-01 23:32:49,546] Trial 1 finished with value: 0.04134015753592265 and parameters: {'confidence_threshold': 0.6348453934275313, 'training_days': 290, 'n_estimators': 115, 'max_depth': 5, 'num_leaves': 37, 'learning_rate': 0.06949568759029946, 'subsample': 0.8228505074024268, 'colsample_bytree': 0.8616703220431751, 'min_child_samples': 75, 'reg_alpha': 4.2486822725010923e-07, 'reg_lambda': 1.157247767047042e-07}. Best is trial 0 with value: 0.057086928107030574.
[I 2026-06-01 23:32:49,569] Trial 2 finished with value: -0.06467492406419192 and parameters: {'confidence_threshold': 0.5849570384370288, 'training_days': 10, 'n_estimators': 212, 'max_depth': 3, 'num_leaves': 41, 'learning_rate': 0.18452095998378365, 'subsample': 0.6001060822924371, 'colsample_bytree': 0.5673167293506167, 'min_child_samples': 37, 'reg_alpha': 5.733250064217131, 'reg_lambda': 0.5308454292595461}. Best is trial 0 with value: 0.057086928107030574.
[I 2026-06-01 23:32:49,653] Trial 3 finished with value: -0.0003436681328721575 and parameters: {'confidence_threshold': 0.6868248626683718, 'training_days': 220, 'n_estimators': 134, 'max_depth': 3, 'num_leaves': 45, 'learning_rate': 0.033529007907491595, 'subsample': 0.8647277071858408, 'colsample_bytree': 0.778494116634046, 'min_child_samples': 96, 'reg_alpha': 2.409409937265785e-07, 'reg_lambda': 1.1642073478060009}. Best is trial 0 with value: 0.057086928107030574.
[I 2026-06-01 23:32:49,747] Trial 4 finished with value: 0.03432020567326634 and parameters: {'confidence_threshold': 0.5623121348350352, 'training_days': 300, 'n_estimators': 69, 'max_depth': 4, 'num_leaves': 32, 'learning_rate': 0.14967629360700346, 'subsample': 0.5054535233636654, 'colsample_bytree': 0.7401385194659216, 'min_child_samples': 27, 'reg_alpha': 1.4212042567426725e-07, 'reg_lambda': 0.23605753701352003}. Best is trial 0 with value: 0.057086928107030574.
[I 2026-06-01 23:32:50,202] Trial 5 finished with value: 0.02359297432347105 and parameters: {'confidence_threshold': 0.7111850244908446, 'training_days': 490, 'n_estimators': 362, 'max_depth': 5, 'num_leaves': 40, 'learning_rate': 0.05960785724162737, 'subsample': 0.5589714368907717, 'colsample_bytree': 0.6659006943232806, 'min_child_samples': 42, 'reg_alpha': 0.6741360303045295, 'reg_lambda': 6.054601607143087e-08}. Best is trial 0 with value: 0.057086928107030574.
[I 2026-06-01 23:32:50,396] Trial 6 finished with value: 0.030001348931154748 and parameters: {'confidence_threshold': 0.667482545748023, 'training_days': 420, 'n_estimators': 279, 'max_depth': 3, 'num_leaves': 45, 'learning_rate': 0.040099592560849204, 'subsample': 0.8563114696415159, 'colsample_bytree': 0.5442917781944105, 'min_child_samples': 50, 'reg_alpha': 1.6407916423707903e-08, 'reg_lambda': 2.935907642973286e-05}. Best is trial 0 with value: 0.057086928107030574.
[I 2026-06-01 23:32:50,550] Trial 7 finished with value: 0.012522263857893828 and parameters: {'confidence_threshold': 0.5497381024139926, 'training_days': 120, 'n_estimators': 408, 'max_depth': 5, 'num_leaves': 38, 'learning_rate': 0.28049122657745795, 'subsample': 0.8806573338635493, 'colsample_bytree': 0.5454054113547102, 'min_child_samples': 63, 'reg_alpha': 0.01263008637940408, 'reg_lambda': 0.04588020805366937}. Best is trial 0 with value: 0.057086928107030574.
[I 2026-06-01 23:32:50,833] Trial 8 finished with value: 0.037877826773275704 and parameters: {'confidence_threshold': 0.719644804808716, 'training_days': 450, 'n_estimators': 410, 'max_depth': 4, 'num_leaves': 57, 'learning_rate': 0.04022026551478857, 'subsample': 0.5336085426932707, 'colsample_bytree': 0.5705742850577543, 'min_child_samples': 100, 'reg_alpha': 5.916398047912201e-07, 'reg_lambda': 0.9794034214488329}. Best is trial 0 with value: 0.057086928107030574.
[I 2026-06-01 23:32:50,859] Trial 9 finished with value: -1.995938414563534 and parameters: {'confidence_threshold': 0.7267463643917187, 'training_days': 20, 'n_estimators': 337, 'max_depth': 5, 'num_leaves': 23, 'learning_rate': 0.022153031811454605, 'subsample': 0.6305627572358737, 'colsample_bytree': 0.6613413774216214, 'min_child_samples': 81, 'reg_alpha': 5.7638634029410314e-08, 'reg_lambda': 8.26603016764008}. Best is trial 0 with value: 0.057086928107030574.
[I 2026-06-01 23:32:51,227] Trial 10 finished with value: 0.09671390380989917 and parameters: {'confidence_threshold': 0.8398533911817929, 'training_days': 130, 'n_estimators': 485, 'max_depth': 4, 'num_leaves': 62, 'learning_rate': 0.014251957942824738, 'subsample': 0.9901604570372973, 'colsample_bytree': 0.9944479338273263, 'min_child_samples': 23, 'reg_alpha': 6.837313901272251e-05, 'reg_lambda': 0.0006976939169966911}. Best is trial 10 with value: 0.09671390380989917.
[I 2026-06-01 23:32:51,604] Trial 11 finished with value: 0.09619143193644855 and parameters: {'confidence_threshold': 0.8491135887906174, 'training_days': 140, 'n_estimators': 478, 'max_depth': 4, 'num_leaves': 61, 'learning_rate': 0.010040680771315659, 'subsample': 0.9943448329854054, 'colsample_bytree': 0.9775347597655288, 'min_child_samples': 20, 'reg_alpha': 7.328612622954525e-05, 'reg_lambda': 0.0002767360651732308}. Best is trial 10 with value: 0.09671390380989917.
[I 2026-06-01 23:32:52,049] Trial 12 finished with value: -0.0037666059790542467 and parameters: {'confidence_threshold': 0.844172879916663, 'training_days': 180, 'n_estimators': 490, 'max_depth': 4, 'num_leaves': 63, 'learning_rate': 0.01016004474536195, 'subsample': 0.9950368342558168, 'colsample_bytree': 0.9826583982594713, 'min_child_samples': 20, 'reg_alpha': 5.113460481149383e-05, 'reg_lambda': 0.0022105109201275095}. Best is trial 10 with value: 0.09671390380989917.
[I 2026-06-01 23:32:52,435] Trial 13 finished with value: 0.07618284042896227 and parameters: {'confidence_threshold': 0.8491911315870185, 'training_days': 130, 'n_estimators': 494, 'max_depth': 4, 'num_leaves': 55, 'learning_rate': 0.010365414043456918, 'subsample': 0.7073909792186277, 'colsample_bytree': 0.977673677256957, 'min_child_samples': 23, 'reg_alpha': 7.991749892477264e-05, 'reg_lambda': 4.1910078918541625e-06}. Best is trial 10 with value: 0.09671390380989917.
[I 2026-06-01 23:32:52,741] Trial 14 finished with value: 0.0646669607043437 and parameters: {'confidence_threshold': 0.7942966523343237, 'training_days': 190, 'n_estimators': 458, 'max_depth': 4, 'num_leaves': 62, 'learning_rate': 0.017319899206968994, 'subsample': 0.994555864249346, 'colsample_bytree': 0.9010809538959501, 'min_child_samples': 54, 'reg_alpha': 0.0019056569144804095, 'reg_lambda': 0.0020591486530605477}. Best is trial 10 with value: 0.09671390380989917.
[I 2026-06-01 23:32:52,864] Trial 15 finished with value: 0.015918796472362558 and parameters: {'confidence_threshold': 0.7829525506318393, 'training_days': 70, 'n_estimators': 285, 'max_depth': 4, 'num_leaves': 53, 'learning_rate': 0.016690996870677925, 'subsample': 0.7631147670190621, 'colsample_bytree': 0.9934286300532085, 'min_child_samples': 30, 'reg_alpha': 1.0347887266434179e-05, 'reg_lambda': 2.582339790441249e-06}. Best is trial 10 with value: 0.09671390380989917.
[I 2026-06-01 23:32:53,244] Trial 16 finished with value: 0.013657145979704391 and parameters: {'confidence_threshold': 0.7843607111441431, 'training_days': 250, 'n_estimators': 448, 'max_depth': 4, 'num_leaves': 16, 'learning_rate': 0.015152059756701577, 'subsample': 0.9173462606754889, 'colsample_bytree': 0.923059818374438, 'min_child_samples': 45, 'reg_alpha': 0.004345365238253474, 'reg_lambda': 0.0055249121913186336}. Best is trial 10 with value: 0.09671390380989917.
