[I 2026-06-01 23:29:39,212] Trial 17 finished with value: -0.06445631498797648 and parameters: {'confidence_threshold': 0.789403558838043, 'training_days': 150, 'n_estimators': 306, 'max_depth': 3, 'num_leaves': 46, 'learning_rate': 0.04302553031342478, 'subsample': 0.8366733523272174, 'colsample_bytree': 0.6505152466626335, 'min_child_samples': 32, 'reg_alpha': 7.809808776078162e-06, 'reg_lambda': 0.001131507738725268}. Best is trial 14 with value: 0.10146490816139489.
[I 2026-06-01 23:29:39,528] A new study created in memory with name: no-name-12965650-a321-4a7d-bebb-53354800063e

[predict] 2024-04-17 08:00 LTCUSDT → LONG (proba=0.97 TP=19.6%/SL=9.8%)
[trade:open] 2024-04-17 15:59 LTCUSDT LONG @ 77.36 | SL=69.78 TP=92.52 | timeout=2024-04-24 15:59
[trade:close] 2024-04-24 16:00 LTCUSDT LONG → timeout @ 84.87 | PnL=+9.71% (net +9.61%) | cum=+117.70% 2024-04=+23.36% 2024-04-24=+9.61%
[predict] 2024-04-25 08:00 LTCUSDT → LONG (proba=0.69 TP=10.8%/SL=5.4%)
[trade:open] 2024-04-25 15:59 LTCUSDT LONG @ 83.67 | SL=79.16 TP=92.69 | timeout=2024-05-02 15:59
[trade:close] 2024-04-30 15:59 LTCUSDT LONG → stop_loss @ 79.16 | PnL=-5.39% (net -5.49%) | cum=+112.21% 2024-04=+17.87% 2024-04-30=-5.49%
[lgbm] === Training for 2024-05 ===
  Train window: 2022-05-01 → 2024-04-23
  2171 training samples from 1 symbols
  Samples per month: 2022-05: 93, 2022-06: 90, 2022-07: 93, 2022-08: 93, 2022-09: 90, 2022-10: 93, 2022-11: 90, 2022-12: 93, 2023-01: 93, 2023-02: 84, 2023-03: 93, 2023-04: 90, 2023-05: 93, 2023-06: 90, 2023-07: 93, 2023-08: 93, 2023-09: 90, 2023-10: 93, 2023-11: 90, 2023-12: 93, 2024-01: 93, 2024-02: 87, 2024-03: 93, 2024-04: 68
  [label] 2022-07-01 16:00 LTCUSDT entry=51.1600 → LONG | long=timeout(+0.17%) short=timeout(-0.37%) | scanned=22 | no_tp→fwd_return=+0.2737
  [label] 2022-07-04 00:00 LTCUSDT entry=49.8800 → LONG | long=timeout(+1.94%) short=sl(-7.74%) | scanned=22 | no_tp→fwd_return=+2.0449
  [label] 2022-07-07 16:00 LTCUSDT entry=52.1300 → SHORT | long=sl(-6.53%) short=timeout(+1.51%) | scanned=22 | no_tp→fwd_return=-1.6114
  [label] 2022-08-01 08:00 LTCUSDT entry=59.7300 → LONG | long=timeout(+5.22%) short=sl(-7.12%) | scanned=22 | no_tp→fwd_return=+5.3240
  [label] 2022-09-23 00:00 LTCUSDT entry=53.5400 → LONG | long=timeout(+0.63%) short=timeout(-0.83%) | scanned=22 | no_tp→fwd_return=+0.7284
  [label] 2023-03-08 00:00 LTCUSDT entry=84.6000 → SHORT | long=sl(-5.06%) short=tp(+9.82%) | scanned=5 | short_tp_only
  [label] 2023-03-12 00:00 LTCUSDT entry=68.5000 → LONG | long=tp(+17.64%) short=sl(-8.97%) | scanned=4 | long_tp_only
  [label] 2023-03-22 16:00 LTCUSDT entry=87.2400 → LONG | long=timeout(+4.50%) short=sl(-8.23%) | scanned=22 | no_tp→fwd_return=+4.5965
  [label] 2023-05-06 16:00 LTCUSDT entry=83.2200 → SHORT | long=sl(-5.21%) short=timeout(+3.52%) | scanned=22 | no_tp→fwd_return=-3.6169
  [label] 2023-05-15 08:00 LTCUSDT entry=88.1200 → LONG | long=timeout(+3.21%) short=sl(-5.26%) | scanned=22 | no_tp→fwd_return=+3.3137
  [label] 2023-08-13 16:00 LTCUSDT entry=81.8800 → SHORT | long=sl(-2.73%) short=tp(+5.16%) | scanned=6 | short_tp_only
  [label] 2023-09-14 16:00 LTCUSDT entry=62.7800 → LONG | long=tp(+8.56%) short=sl(-4.43%) | scanned=14 | long_tp_only
  [label] 2023-10-01 00:00 LTCUSDT entry=66.1600 → SHORT | long=sl(-2.92%) short=sl(-2.92%) | scanned=9 | no_tp→fwd_return=-2.6300
  [label] 2023-10-13 16:00 LTCUSDT entry=61.5400 → LONG | long=tp(+5.71%) short=sl(-3.00%) | scanned=8 | long_tp_only
  [label] 2023-11-01 00:00 LTCUSDT entry=68.1300 → LONG | long=tp(+9.40%) short=sl(-4.85%) | scanned=17 | long_tp_only
  [label] 2023-11-07 08:00 LTCUSDT entry=71.9600 → LONG | long=sl(-5.05%) short=sl(-5.05%) | scanned=7 | no_tp→fwd_return=+2.6681
  [label] 2023-11-19 16:00 LTCUSDT entry=70.5800 → SHORT | long=sl(-5.15%) short=timeout(+0.68%) | scanned=22 | no_tp→fwd_return=-0.7793
  [label] 2023-12-29 08:00 LTCUSDT entry=75.5600 → SHORT | long=sl(-5.13%) short=tp(+9.95%) | scanned=15 | short_tp_only
  [label] 2024-01-08 00:00 LTCUSDT entry=64.6300 → LONG | long=tp(+12.39%) short=sl(-6.35%) | scanned=10 | long_tp_only
  [label] 2024-04-03 08:00 LTCUSDT entry=98.6800 → SHORT | long=timeout(-3.03%) short=timeout(+2.83%) | scanned=22 | no_tp→fwd_return=-2.9287
  Labels: 1120 long (51.6%), 1051 short (48.4%) | weights: min=1.00, mean=3.25, max=10.00
  Features: 2171/2171 matched, 49 columns
  CV gap: 22 rows
  [ensemble 1/3] seed=42
    [trial 0] 49 features, training_days=480 | threshold=0.631 | labels: 1120 long, 1051 short (52/48%)
    [CV fold 0] train_end=2022-08-23 08:00 | val_start=2022-08-31 00:00 | gap=184h (22 rows)
    [CV fold 1] train_end=2022-12-21 16:00 | val_start=2022-12-29 08:00 | gap=184h (22 rows)
    [CV fold 2] train_end=2023-04-21 00:00 | val_start=2023-04-28 16:00 | gap=184h (22 rows)
    [CV fold 3] train_end=2023-08-19 08:00 | val_start=2023-08-27 00:00 | gap=184h (22 rows)
    [CV fold 4] train_end=2023-12-17 16:00 | val_start=2023-12-25 08:00 | gap=184h (22 rows)
    [trial 0] Sharpe=0.0169 (folds: -0.1294, -0.2223, 0.1799, -0.1978, 0.4540)
    [trial 1] 49 features, training_days=420 | threshold=0.839 | labels: 1120 long, 1051 short (52/48%)
    [trial 1] Sharpe=-4.0233 (folds: -0.4023, -0.0546, -10.0000, -10.0000, 0.3402)
    [trial 2] 49 features, training_days=190 | threshold=0.602 | labels: 1120 long, 1051 short (52/48%)
    [trial 2] Sharpe=0.0248 (folds: -0.0671, 0.0123, 0.0869, 0.0017, 0.0904)
    [trial 3] 49 features, training_days=490 | threshold=0.832 | labels: 1120 long, 1051 short (52/48%)
    [trial 3] Sharpe=0.0277 (folds: -0.0538, -0.2126, 0.1452, -0.2198, 0.4796)
    [trial 4] 49 features, training_days=340 | threshold=0.591 | labels: 1120 long, 1051 short (52/48%)
    [trial 4] Sharpe=-0.0257 (folds: -0.1139, -0.2268, 0.1331, -0.1179, 0.1968)
    [trial 5] 49 features, training_days=50 | threshold=0.823 | labels: 1120 long, 1051 short (52/48%)
    [trial 5] Sharpe=0.0933 (folds: 0.0368, -0.0465, 0.0876, 0.0082, 0.3803)
    [trial 6] 49 features, training_days=410 | threshold=0.549 | labels: 1120 long, 1051 short (52/48%)
    [trial 6] Sharpe=0.0424 (folds: -0.1773, -0.2083, 0.2471, -0.1076, 0.4581)
    [trial 7] 49 features, training_days=180 | threshold=0.526 | labels: 1120 long, 1051 short (52/48%)
    [trial 7] Sharpe=-0.0156 (folds: -0.1686, -0.0902, 0.1306, 0.0030, 0.0470)
    [trial 8] 49 features, training_days=240 | threshold=0.811 | labels: 1120 long, 1051 short (52/48%)
    [trial 8] Sharpe=-0.0078 (folds: -0.2231, -0.2215, -0.0146, 0.0228, 0.3976)
    [trial 9] 49 features, training_days=20 | threshold=0.538 | labels: 1120 long, 1051 short (52/48%)
    [trial 9] Sharpe=-2.1400 (folds: -0.2283, -0.3067, -10.0000, -0.1366, -0.0287)
    [trial 10] 49 features, training_days=10 | threshold=0.732 | labels: 1120 long, 1051 short (52/48%)
    [trial 10] Sharpe=-4.0762 (folds: -0.2283, -0.3067, 0.1537, -10.0000, -10.0000)
    [trial 11] 49 features, training_days=110 | threshold=0.716 | labels: 1120 long, 1051 short (52/48%)
    [trial 11] Sharpe=-7.8185 (folds: -10.0000, -10.0000, -10.0000, -10.0000, 0.9076)
    [trial 12] 49 features, training_days=340 | threshold=0.746 | labels: 1120 long, 1051 short (52/48%)
    [trial 12] Sharpe=-0.0211 (folds: -0.1839, -0.2208, 0.2408, -0.2908, 0.3490)
    [trial 13] 49 features, training_days=330 | threshold=0.663 | labels: 1120 long, 1051 short (52/48%)
    [trial 13] Sharpe=-0.0562 (folds: -0.3595, -0.2571, 0.1289, -0.1586, 0.3652)
    [trial 14] 49 features, training_days=90 | threshold=0.787 | labels: 1120 long, 1051 short (52/48%)
    [trial 14] Sharpe=0.1015 (folds: -0.0348, 0.0423, 0.2993, -0.2894, 0.4900)
    [trial 15] 49 features, training_days=90 | threshold=0.778 | labels: 1120 long, 1051 short (52/48%)
    [trial 15] Sharpe=0.0098 (folds: -0.0601, -0.0007, 0.1792, -0.3730, 0.3039)
    [trial 16] 49 features, training_days=90 | threshold=0.782 | labels: 1120 long, 1051 short (52/48%)
    [trial 16] Sharpe=0.0180 (folds: 0.0634, -0.0598, 0.1397, -0.3183, 0.2649)
    [trial 17] 49 features, training_days=150 | threshold=0.789 | labels: 1120 long, 1051 short (52/48%)
    [trial 17] Sharpe=-0.0645 (folds: -0.2344, -0.0955, -0.0490, -0.0929, 0.1494)
  Optuna: 18 trials, best Sharpe = 0.1015
  Best params: n_estimators=202, max_depth=4, lr=0.0106, leaves=54
  Best confidence_threshold: 0.787
  Best training_days: 90
  Retrained on full data (270 samples, 49 features)
  [ensemble 2/3] seed=123
    [trial 0] 49 features, training_days=150 | threshold=0.744 | labels: 1120 long, 1051 short (52/48%)
    [CV fold 0] train_end=2022-08-23 08:00 | val_start=2022-08-31 00:00 | gap=184h (22 rows)
    [CV fold 1] train_end=2022-12-21 16:00 | val_start=2022-12-29 08:00 | gap=184h (22 rows)[I 2026-06-01 23:29:39,636] Trial 0 finished with value: -0.05982549279857059 and parameters: {'confidence_threshold': 0.7437642149592516, 'training_days': 150, 'n_estimators': 152, 'max_depth': 4, 'num_leaves': 50, 'learning_rate': 0.04216766425047743, 'subsample': 0.9903820991923078, 'colsample_bytree': 0.8424148692924316, 'min_child_samples': 58, 'reg_alpha': 3.381097259762742e-05, 'reg_lambda': 1.2263152961306247e-05}. Best is trial 0 with value: -0.05982549279857059.
[I 2026-06-01 23:29:39,707] Trial 1 finished with value: -0.17320582607448046 and parameters: {'confidence_threshold': 0.7551673975844145, 'training_days': 220, 'n_estimators': 76, 'max_depth': 4, 'num_leaves': 51, 'learning_rate': 0.018602118810743477, 'subsample': 0.5877258780737462, 'colsample_bytree': 0.7657756869209191, 'min_child_samples': 63, 'reg_alpha': 0.005123994170264194, 'reg_lambda': 0.44145470178120466}. Best is trial 0 with value: -0.05982549279857059.
[I 2026-06-01 23:29:40,006] Trial 2 finished with value: -0.04951082296353628 and parameters: {'confidence_threshold': 0.7535593637012223, 'training_days': 310, 'n_estimators': 375, 'max_depth': 3, 'num_leaves': 32, 'learning_rate': 0.021735641882032388, 'subsample': 0.6468570231944146, 'colsample_bytree': 0.8154880619272439, 'min_child_samples': 27, 'reg_alpha': 8.004064028491336e-05, 'reg_lambda': 7.546835261630524e-05}. Best is trial 2 with value: -0.04951082296353628.
[I 2026-06-01 23:29:40,210] Trial 3 finished with value: -0.05684725368297576 and parameters: {'confidence_threshold': 0.6727897841776072, 'training_days': 220, 'n_estimators': 190, 'max_depth': 4, 'num_leaves': 58, 'learning_rate': 0.24810689332636193, 'subsample': 0.7509183379421682, 'colsample_bytree': 0.8119764758960556, 'min_child_samples': 29, 'reg_alpha': 7.1708285081421445e-06, 'reg_lambda': 5.412973582738627e-05}. Best is trial 2 with value: -0.04951082296353628.
[I 2026-06-01 23:29:40,351] Trial 4 finished with value: -0.061135061080518006 and parameters: {'confidence_threshold': 0.803208205259178, 'training_days': 130, 'n_estimators': 267, 'max_depth': 5, 'num_leaves': 40, 'learning_rate': 0.08041175317374143, 'subsample': 0.5603143329951619, 'colsample_bytree': 0.9131704002534167, 'min_child_samples': 68, 'reg_alpha': 0.0008046593428183385, 'reg_lambda': 1.2158346158765583e-05}. Best is trial 2 with value: -0.04951082296353628.
[I 2026-06-01 23:29:40,621] Trial 5 finished with value: 0.004453678869979305 and parameters: {'confidence_threshold': 0.6064422761595144, 'training_days': 210, 'n_estimators': 357, 'max_depth': 5, 'num_leaves': 40, 'learning_rate': 0.0974221287220869, 'subsample': 0.7929682762811064, 'colsample_bytree': 0.8124517510478, 'min_child_samples': 74, 'reg_alpha': 0.3811377260781234, 'reg_lambda': 5.607314238392041e-08}. Best is trial 5 with value: 0.004453678869979305.
[I 2026-06-01 23:29:40,760] Trial 6 finished with value: -0.03475599643272999 and parameters: {'confidence_threshold': 0.7672889945051684, 'training_days': 130, 'n_estimators': 137, 'max_depth': 4, 'num_leaves': 19, 'learning_rate': 0.2031117614248665, 'subsample': 0.8136244860256343, 'colsample_bytree': 0.8617081790949774, 'min_child_samples': 21, 'reg_alpha': 0.002238138278733199, 'reg_lambda': 0.001025809534977322}. Best is trial 5 with value: 0.004453678869979305.
[I 2026-06-01 23:29:40,846] Trial 7 finished with value: -0.05298834097695167 and parameters: {'confidence_threshold': 0.555635875450653, 'training_days': 80, 'n_estimators': 363, 'max_depth': 3, 'num_leaves': 48, 'learning_rate': 0.06590089024008658, 'subsample': 0.6944752870615722, 'colsample_bytree': 0.962566244806993, 'min_child_samples': 88, 'reg_alpha': 1.6465620446426067e-05, 'reg_lambda': 2.4678750890085655e-08}. Best is trial 5 with value: 0.004453678869979305.
[I 2026-06-01 23:29:41,242] Trial 8 finished with value: 0.020301846156560936 and parameters: {'confidence_threshold': 0.6066688256938841, 'training_days': 200, 'n_estimators': 367, 'max_depth': 5, 'num_leaves': 32, 'learning_rate': 0.13377519215934996, 'subsample': 0.7965884582811106, 'colsample_bytree': 0.8458508993500886, 'min_child_samples': 32, 'reg_alpha': 3.889436043816386e-05, 'reg_lambda': 1.4713062489380356e-06}. Best is trial 8 with value: 0.020301846156560936.
[I 2026-06-01 23:29:41,484] Trial 9 finished with value: -0.019267065841465564 and parameters: {'confidence_threshold': 0.6202096049169137, 'training_days': 260, 'n_estimators': 350, 'max_depth': 3, 'num_leaves': 21, 'learning_rate': 0.02989540198065364, 'subsample': 0.8307821683331218, 'colsample_bytree': 0.923253112635361, 'min_child_samples': 64, 'reg_alpha': 0.4898604619604203, 'reg_lambda': 2.9076377687066166e-05}. Best is trial 8 with value: 0.020301846156560936.
[I 2026-06-01 23:29:42,082] Trial 10 finished with value: -0.019709711236356876 and parameters: {'confidence_threshold': 0.5342665212695602, 'training_days': 470, 'n_estimators': 493, 'max_depth': 5, 'num_leaves': 30, 'learning_rate': 0.010221918552934462, 'subsample': 0.9182272143313567, 'colsample_bytree': 0.6202684210924141, 'min_child_samples': 44, 'reg_alpha': 1.466506858166308e-08, 'reg_lambda': 0.014616129255130504}. Best is trial 8 with value: 0.020301846156560936.
[I 2026-06-01 23:29:42,506] Trial 11 finished with value: -0.00023559617427456602 and parameters: {'confidence_threshold': 0.607296338357605, 'training_days': 360, 'n_estimators': 477, 'max_depth': 5, 'num_leaves': 36, 'learning_rate': 0.12199762873742671, 'subsample': 0.8344214603932569, 'colsample_bytree': 0.6661831737797719, 'min_child_samples': 86, 'reg_alpha': 0.22420772377574527, 'reg_lambda': 3.030764495173662e-08}. Best is trial 8 with value: 0.020301846156560936.
[I 2026-06-01 23:29:42,542] Trial 12 finished with value: -2.140046194794136 and parameters: {'confidence_threshold': 0.6181766826006161, 'training_days': 20, 'n_estimators': 287, 'max_depth': 5, 'num_leaves': 41, 'learning_rate': 0.12809347518986527, 'subsample': 0.7462630151554006, 'colsample_bytree': 0.5197889515780572, 'min_child_samples': 100, 'reg_alpha': 6.210448045058425, 'reg_lambda': 5.116535876235931e-07}. Best is trial 8 with value: 0.020301846156560936.
[I 2026-06-01 23:29:42,973] Trial 13 finished with value: -0.019480927489718837 and parameters: {'confidence_threshold': 0.503854589246995, 'training_days': 400, 'n_estimators': 413, 'max_depth': 5, 'num_leaves': 26, 'learning_rate': 0.1263297812055253, 'subsample': 0.8767161339646822, 'colsample_bytree': 0.7082407533656954, 'min_child_samples': 51, 'reg_alpha': 5.118802298244082e-07, 'reg_lambda': 3.9280290511036376e-07}. Best is trial 8 with value: 0.020301846156560936.
[I 2026-06-01 23:29:43,344] Trial 14 finished with value: -0.020684302097790645 and parameters: {'confidence_threshold': 0.686501707298844, 'training_days': 270, 'n_estimators': 296, 'max_depth': 5, 'num_leaves': 44, 'learning_rate': 0.08683124309802116, 'subsample': 0.7204416227477246, 'colsample_bytree': 0.9951780710339017, 'min_child_samples': 40, 'reg_alpha': 0.03895716396495772, 'reg_lambda': 3.5585869672187853e-07}. Best is trial 8 with value: 0.020301846156560936.
[I 2026-06-01 23:29:43,608] Trial 15 finished with value: 0.030755624002687047 and parameters: {'confidence_threshold': 0.6701749786802792, 'training_days': 190, 'n_estimators': 436, 'max_depth': 5, 'num_leaves': 62, 'learning_rate': 0.1645541284075095, 'subsample': 0.507007918467014, 'colsample_bytree': 0.738971151174427, 'min_child_samples': 78, 'reg_alpha': 5.646373403336726e-07, 'reg_lambda': 1.4016823353824867e-06}. Best is trial 15 with value: 0.030755624002687047.
[I 2026-06-01 23:29:43,836] Trial 16 finished with value: 0.010309227929768787 and parameters: {'confidence_threshold': 0.6856387383987033, 'training_days': 170, 'n_estimators': 430, 'max_depth': 4, 'num_leaves': 63, 'learning_rate': 0.17243606822612093, 'subsample': 0.5119680415123619, 'colsample_bytree': 0.7397973507045297, 'min_child_samples': 78, 'reg_alpha': 1.5574845105570906e-07, 'reg_lambda': 0.001582211266358887}. Best is trial 15 with value: 0.030755624002687047.
[I 2026-06-01 23:29:43,980] Trial 17 finished with value: -0.033558451634349576 and parameters: {'confidence_threshold': 0.666488584837589, 'training_days': 70, 'n_estimators': 441, 'max_depth': 5, 'num_leaves': 15, 'learning_rate': 0.04876712645321187, 'subsample': 0.6297230447754331, 'colsample_bytree': 0.5964837393501567, 'min_child_samples': 42, 'reg_alpha': 8.561028578591046e-07, 'reg_lambda': 1.3489951187488e-06}. Best is trial 15 with value: 0.030755624002687047.
[I 2026-06-01 23:29:44,393] A new study created in memory with name: no-name-4e488784-9d24-4db7-b49d-fd5e55831ace
[I 2026-06-01 23:29:44,619] Trial 0 finished with value: 0.008782011748201628 and parameters: {'confidence_threshold': 0.5870645682749857, 'training_days': 90, 'n_estimators': 403, 'max_depth': 5, 'num_leaves': 45, 'learning_rate': 0.0780457193679974, 'subsample': 0.9428509515574568, 'colsample_bytree': 0.8795587339164916, 'min_child_samples': 34, 'reg_alpha': 2.2465901234314442e-07, 'reg_lambda': 8.339007036475363e-05}. Best is trial 0 with value: 0.008782011748201628.
[I 2026-06-01 23:29:44,740] Trial 1 finished with value: -0.034038997529444386 and parameters: {'confidence_threshold': 0.6348453934275313, 'training_days': 290, 'n_estimators': 115, 'max_depth': 5, 'num_leaves': 37, 'learning_rate': 0.06949568759029946, 'subsample': 0.8228505074024268, 'colsample_bytree': 0.8616703220431751, 'min_child_samples': 75, 'reg_alpha': 4.2486822725010923e-07, 'reg_lambda': 1.157247767047042e-07}. Best is trial 0 with value: 0.008782011748201628.
[I 2026-06-01 23:29:44,760] Trial 2 finished with value: -2.103567278429019 and parameters: {'confidence_threshold': 0.5849570384370288, 'training_days': 10, 'n_estimators': 212, 'max_depth': 3, 'num_leaves': 41, 'learning_rate': 0.18452095998378365, 'subsample': 0.6001060822924371, 'colsample_bytree': 0.5673167293506167, 'min_child_samples': 37, 'reg_alpha': 5.733250064217131, 'reg_lambda': 0.5308454292595461}. Best is trial 0 with value: 0.008782011748201628.
[I 2026-06-01 23:29:44,847] Trial 3 finished with value: 0.03628070646927149 and parameters: {'confidence_threshold': 0.6868248626683718, 'training_days': 220, 'n_estimators': 134, 'max_depth': 3, 'num_leaves': 45, 'learning_rate': 0.033529007907491595, 'subsample': 0.8647277071858408, 'colsample_bytree': 0.778494116634046, 'min_child_samples': 96, 'reg_alpha': 2.409409937265785e-07, 'reg_lambda': 1.1642073478060009}. Best is trial 3 with value: 0.03628070646927149.
[I 2026-06-01 23:29:44,949] Trial 4 finished with value: -0.0707615873403514 and parameters: {'confidence_threshold': 0.5623121348350352, 'training_days': 300, 'n_estimators': 69, 'max_depth': 4, 'num_leaves': 32, 'learning_rate': 0.14967629360700346, 'subsample': 0.5054535233636654, 'colsample_bytree': 0.7401385194659216, 'min_child_samples': 27, 'reg_alpha': 1.4212042567426725e-07, 'reg_lambda': 0.23605753701352003}. Best is trial 3 with value: 0.03628070646927149.
[I 2026-06-01 23:29:45,457] Trial 5 finished with value: 0.04145893818202227 and parameters: {'confidence_threshold': 0.7111850244908446, 'training_days': 490, 'n_estimators': 362, 'max_depth': 5, 'num_leaves': 40, 'learning_rate': 0.05960785724162737, 'subsample': 0.5589714368907717, 'colsample_bytree': 0.6659006943232806, 'min_child_samples': 42, 'reg_alpha': 0.6741360303045295, 'reg_lambda': 6.054601607143087e-08}. Best is trial 5 with value: 0.04145893818202227.
[I 2026-06-01 23:29:45,672] Trial 6 finished with value: 0.04741818974823121 and parameters: {'confidence_threshold': 0.667482545748023, 'training_days': 420, 'n_estimators': 279, 'max_depth': 3, 'num_leaves': 45, 'learning_rate': 0.040099592560849204, 'subsample': 0.8563114696415159, 'colsample_bytree': 0.5442917781944105, 'min_child_samples': 50, 'reg_alpha': 1.6407916423707903e-08, 'reg_lambda': 2.935907642973286e-05}. Best is trial 6 with value: 0.04741818974823121.
[I 2026-06-01 23:29:45,851] Trial 7 finished with value: -0.034377581292377155 and parameters: {'confidence_threshold': 0.5497381024139926, 'training_days': 120, 'n_estimators': 408, 'max_depth': 5, 'num_leaves': 38, 'learning_rate': 0.28049122657745795, 'subsample': 0.8806573338635493, 'colsample_bytree': 0.5454054113547102, 'min_child_samples': 63, 'reg_alpha': 0.01263008637940408, 'reg_lambda': 0.04588020805366937}. Best is trial 6 with value: 0.04741818974823121.
[I 2026-06-01 23:29:46,156] Trial 8 finished with value: 0.012973079616712912 and parameters: {'confidence_threshold': 0.719644804808716, 'training_days': 450, 'n_estimators': 410, 'max_depth': 4, 'num_leaves': 57, 'learning_rate': 0.04022026551478857, 'subsample': 0.5336085426932707, 'colsample_bytree': 0.5705742850577543, 'min_child_samples': 100, 'reg_alpha': 5.916398047912201e-07, 'reg_lambda': 0.9794034214488329}. Best is trial 6 with value: 0.04741818974823121.
