[I 2026-06-01 23:32:12,842] Trial 17 finished with value: 0.10447570323220128 and parameters: {'confidence_threshold': 0.7795748963083686, 'training_days': 190, 'n_estimators': 252, 'max_depth': 3, 'num_leaves': 51, 'learning_rate': 0.023952122547555247, 'subsample': 0.8002407697944357, 'colsample_bytree': 0.822965740412214, 'min_child_samples': 70, 'reg_alpha': 0.008896971601743164, 'reg_lambda': 0.024934532701151372}. Best is trial 16 with value: 0.23091704220041268.

    [trial 12] 49 features, training_days=500 | threshold=0.831 | labels: 1092 long, 1079 short (50/50%)
    [trial 12] Sharpe=0.3047 (folds: 0.2718, -0.0251, 0.3957, 0.6460, 0.2352)
    [trial 13] 49 features, training_days=500 | threshold=0.832 | labels: 1092 long, 1079 short (50/50%)
    [trial 13] Sharpe=0.2313 (folds: 0.2103, -0.0601, 0.2984, 0.5329, 0.1751)
    [trial 14] 49 features, training_days=400 | threshold=0.697 | labels: 1092 long, 1079 short (50/50%)
    [trial 14] Sharpe=0.1672 (folds: 0.1953, -0.0825, 0.3733, 0.2362, 0.1140)
    [trial 15] 49 features, training_days=400 | threshold=0.503 | labels: 1092 long, 1079 short (50/50%)
    [trial 15] Sharpe=0.1293 (folds: 0.1944, -0.0711, 0.3113, 0.1348, 0.0772)
    [trial 16] 49 features, training_days=430 | threshold=0.798 | labels: 1092 long, 1079 short (50/50%)
    [trial 16] Sharpe=0.2345 (folds: 0.2513, -0.0482, 0.4191, 0.4118, 0.1383)
    [trial 17] 49 features, training_days=330 | threshold=0.711 | labels: 1092 long, 1079 short (50/50%)
    [trial 17] Sharpe=0.1346 (folds: 0.1762, -0.0543, 0.2398, 0.2475, 0.0639)
  Optuna: 18 trials, best Sharpe = 0.3047
  Best params: n_estimators=499, max_depth=4, lr=0.0102, leaves=63
  Best confidence_threshold: 0.831
  Best training_days: 500
  Retrained on full data (1500 samples, 49 features)
  [ensemble 3/3] seed=456
    [trial 0] 49 features, training_days=90 | threshold=0.587 | labels: 1092 long, 1079 short (50/50%)
    [CV fold 0] train_end=2023-06-23 08:00 | val_start=2023-07-01 00:00 | gap=184h (22 rows)
    [CV fold 1] train_end=2023-10-21 16:00 | val_start=2023-10-29 08:00 | gap=184h (22 rows)
    [CV fold 2] train_end=2024-02-19 00:00 | val_start=2024-02-26 16:00 | gap=184h (22 rows)
    [CV fold 3] train_end=2024-06-18 08:00 | val_start=2024-06-26 00:00 | gap=184h (22 rows)
    [CV fold 4] train_end=2024-10-16 16:00 | val_start=2024-10-24 08:00 | gap=184h (22 rows)
    [trial 0] Sharpe=0.0798 (folds: 0.0939, 0.1232, 0.1641, -0.0413, 0.0590)
    [trial 1] 49 features, training_days=290 | threshold=0.635 | labels: 1092 long, 1079 short (50/50%)
    [trial 1] Sharpe=0.1400 (folds: 0.2883, -0.0743, 0.1849, 0.2205, 0.0808)
    [trial 2] 49 features, training_days=10 | threshold=0.585 | labels: 1092 long, 1079 short (50/50%)
    [trial 2] Sharpe=-4.0495 (folds: -10.0000, -0.1591, 0.1235, -0.2117, -10.0000)
    [trial 3] 49 features, training_days=220 | threshold=0.687 | labels: 1092 long, 1079 short (50/50%)
    [trial 3] Sharpe=0.1420 (folds: 0.2649, 0.0259, 0.1946, 0.0464, 0.1783)
    [trial 4] 49 features, training_days=300 | threshold=0.562 | labels: 1092 long, 1079 short (50/50%)
    [trial 4] Sharpe=0.1030 (folds: 0.1406, -0.0515, 0.1917, 0.1126, 0.1217)
    [trial 5] 49 features, training_days=490 | threshold=0.711 | labels: 1092 long, 1079 short (50/50%)
    [trial 5] Sharpe=0.1843 (folds: 0.1693, -0.0304, 0.3166, 0.3163, 0.1496)
    [trial 6] 49 features, training_days=420 | threshold=0.667 | labels: 1092 long, 1079 short (50/50%)
    [trial 6] Sharpe=0.1573 (folds: 0.2192, -0.0976, 0.3249, 0.2436, 0.0962)
    [trial 7] 49 features, training_days=120 | threshold=0.550 | labels: 1092 long, 1079 short (50/50%)
    [trial 7] Sharpe=0.0517 (folds: 0.1243, 0.0810, 0.1142, -0.1666, 0.1056)
    [trial 8] 49 features, training_days=450 | threshold=0.720 | labels: 1092 long, 1079 short (50/50%)
    [trial 8] Sharpe=0.1936 (folds: 0.3338, -0.1601, 0.3933, 0.3080, 0.0929)
    [trial 9] 49 features, training_days=20 | threshold=0.727 | labels: 1092 long, 1079 short (50/50%)
    [trial 9] Sharpe=-2.0603 (folds: -0.2569, 0.0079, -10.0000, -0.2117, 0.1591)
    [trial 10] 49 features, training_days=400 | threshold=0.828 | labels: 1092 long, 1079 short (50/50%)
    [trial 10] Sharpe=0.1939 (folds: 0.2844, -0.1435, 0.2866, 0.5035, 0.0383)
    [trial 11] 49 features, training_days=400 | threshold=0.843 | labels: 1092 long, 1079 short (50/50%)
    [trial 11] Sharpe=0.1619 (folds: 0.1992, -0.0835, 0.2799, 0.4370, -0.0230)
    [trial 12] 49 features, training_days=500 | threshold=0.810 | labels: 1092 long, 1079 short (50/50%)
    [trial 12] Sharpe=0.2218 (folds: 0.2201, -0.0062, 0.2991, 0.5234, 0.0728)
    [trial 13] 49 features, training_days=350 | threshold=0.848 | labels: 1092 long, 1079 short (50/50%)
    [trial 13] Sharpe=0.1428 (folds: 0.1151, -0.0083, 0.3301, 0.2988, -0.0215)
    [trial 14] 49 features, training_days=470 | threshold=0.786 | labels: 1092 long, 1079 short (50/50%)
    [trial 14] Sharpe=0.1637 (folds: 0.1587, -0.1094, 0.2482, 0.4402, 0.0810)
    [trial 15] 49 features, training_days=370 | threshold=0.783 | labels: 1092 long, 1079 short (50/50%)
    [trial 15] Sharpe=0.1920 (folds: 0.2552, -0.0956, 0.4001, 0.2994, 0.1010)
    [trial 16] 49 features, training_days=500 | threshold=0.781 | labels: 1092 long, 1079 short (50/50%)
    [trial 16] Sharpe=0.2309 (folds: 0.1479, -0.1118, 0.2899, 0.6731, 0.1554)
    [trial 17] 49 features, training_days=190 | threshold=0.780 | labels: 1092 long, 1079 short (50/50%)
    [trial 17] Sharpe=0.1045 (folds: 0.1790, 0.0213, 0.1416, -0.0184, 0.1989)
  Optuna: 18 trials, best Sharpe = 0.2309
  Best params: n_estimators=309, max_depth=4, lr=0.0146, leaves=51
  Best confidence_threshold: 0.781
  Best training_days: 500
  Retrained on full data (1500 samples, 49 features)
  OOD: 16 features, cutoff (q=0.7) = 13.65
  Model trained for 2025-03: 93 test candles with features, confidence_threshold=0.776
[predict] 2025-03-12 16:00 LTCUSDT → LONG (proba=0.91 TP=19.7%/SL=9.8%)
[trade:open] 2025-03-12 23:59 LTCUSDT LONG @ 91.46 | SL=82.46 TP=109.45 | timeout=2025-03-19 23:59
[trade:close] 2025-03-20 00:00 LTCUSDT LONG → timeout @ 94.05 | PnL=+2.83% (net +2.73%) | cum=+159.94% 2025-03=+2.73% 2025-03-20=+2.73%
[predict] 2025-03-25 08:00 LTCUSDT → LONG (proba=0.78 TP=8.8%/SL=4.4%)
[trade:open] 2025-03-25 15:59 LTCUSDT LONG @ 93.39 | SL=89.27 TP=101.62 | timeout=2025-04-01 15:59
[trade:close] 2025-03-28 07:59 LTCUSDT LONG → stop_loss @ 89.27 | PnL=-4.41% (net -4.51%) | cum=+155.43% 2025-03=-1.78% 2025-03-28=-4.51%
[predict] 2025-03-29 00:00 LTCUSDT → LONG (proba=0.82 TP=10.4%/SL=5.2%)
[trade:open] 2025-03-29 07:59 LTCUSDT LONG @ 86.07 | SL=81.58 TP=95.06 | timeout=2025-04-05 07:59
[trade:close] 2025-03-31 15:59 LTCUSDT LONG → stop_loss @ 81.58 | PnL=-5.22% (net -5.32%) | cum=+150.11% 2025-03=-7.10% 2025-03-31=-5.32%
[lgbm] === Training for 2025-04 ===
  Train window: 2023-04-01 → 2025-03-24
  2171 training samples from 1 symbols
  Samples per month: 2023-04: 90, 2023-05: 93, 2023-06: 90, 2023-07: 93, 2023-08: 93, 2023-09: 90, 2023-10: 93, 2023-11: 90, 2023-12: 93, 2024-01: 93, 2024-02: 87, 2024-03: 93, 2024-04: 90, 2024-05: 93, 2024-06: 90, 2024-07: 93, 2024-08: 93, 2024-09: 90, 2024-10: 93, 2024-11: 90, 2024-12: 93, 2025-01: 93, 2025-02: 84, 2025-03: 71
  [label] 2023-06-01 16:00 LTCUSDT entry=94.1400 → SHORT | long=sl(-4.61%) short=tp(+8.93%) | scanned=12 | short_tp_only
  [label] 2023-06-04 00:00 LTCUSDT entry=95.7700 → SHORT | long=sl(-4.14%) short=tp(+7.97%) | scanned=4 | short_tp_only
  [label] 2023-06-07 16:00 LTCUSDT entry=88.8000 → SHORT | long=sl(-5.53%) short=tp(+10.76%) | scanned=7 | short_tp_only
  [label] 2023-07-02 08:00 LTCUSDT entry=111.9200 → SHORT | long=sl(-9.83%) short=timeout(+13.32%) | scanned=22 | no_tp→fwd_return=-13.4203
  [label] 2023-08-24 00:00 LTCUSDT entry=65.5900 → LONG | long=timeout(+3.33%) short=sl(-5.43%) | scanned=22 | no_tp→fwd_return=+3.4304
  [label] 2024-02-06 00:00 LTCUSDT entry=67.9800 → LONG | long=tp(+5.52%) short=sl(-2.91%) | scanned=9 | long_tp_only
  [label] 2024-02-10 00:00 LTCUSDT entry=70.6600 → SHORT | long=sl(-2.71%) short=sl(-2.71%) | scanned=10 | no_tp→fwd_return=-2.4625
  [label] 2024-02-20 16:00 LTCUSDT entry=69.6900 → LONG | long=tp(+7.96%) short=sl(-4.13%) | scanned=19 | long_tp_only
  [label] 2024-04-05 16:00 LTCUSDT entry=97.9000 → SHORT | long=sl(-9.12%) short=tp(+17.94%) | scanned=21 | short_tp_only
  [label] 2024-04-14 08:00 LTCUSDT entry=77.7800 → LONG | long=timeout(+8.37%) short=timeout(-8.57%) | scanned=22 | no_tp→fwd_return=+8.4726
  [label] 2024-07-13 16:00 LTCUSDT entry=69.7800 → LONG | long=timeout(+4.50%) short=sl(-4.35%) | scanned=22 | no_tp→fwd_return=+4.6002[I 2026-06-01 23:32:13,632] A new study created in memory with name: no-name-77d12139-1bdd-49d3-a5b9-736a9af010fb
[I 2026-06-01 23:32:13,977] Trial 0 finished with value: 0.1406640204772275 and parameters: {'confidence_threshold': 0.6310890415965769, 'training_days': 480, 'n_estimators': 380, 'max_depth': 4, 'num_leaves': 22, 'learning_rate': 0.01699897838270077, 'subsample': 0.5290418060840998, 'colsample_bytree': 0.9330880728874675, 'min_child_samples': 68, 'reg_alpha': 0.023585940584142682, 'reg_lambda': 1.5320059381854043e-08}. Best is trial 0 with value: 0.1406640204772275.
[I 2026-06-01 23:32:14,111] Trial 1 finished with value: -1.9062244240224608 and parameters: {'confidence_threshold': 0.839468448256698, 'training_days': 420, 'n_estimators': 145, 'max_depth': 3, 'num_leaves': 23, 'learning_rate': 0.028145092716060652, 'subsample': 0.762378215816119, 'colsample_bytree': 0.7159725093210578, 'min_child_samples': 43, 'reg_alpha': 0.0032112643094417484, 'reg_lambda': 1.8007140198129195e-07}. Best is trial 0 with value: 0.1406640204772275.
[I 2026-06-01 23:32:14,259] Trial 2 finished with value: 0.019643034705205762 and parameters: {'confidence_threshold': 0.6022506269873263, 'training_days': 190, 'n_estimators': 255, 'max_depth': 5, 'num_leaves': 24, 'learning_rate': 0.05748924681991978, 'subsample': 0.7962072844310213, 'colsample_bytree': 0.5232252063599989, 'min_child_samples': 69, 'reg_alpha': 3.425445902633376e-07, 'reg_lambda': 3.850031979199519e-08}. Best is trial 0 with value: 0.1406640204772275.
[I 2026-06-01 23:32:14,537] Trial 3 finished with value: 0.17678758257516666 and parameters: {'confidence_threshold': 0.8321099380386666, 'training_days': 490, 'n_estimators': 414, 'max_depth': 3, 'num_leaves': 19, 'learning_rate': 0.1024932221692416, 'subsample': 0.7200762468698007, 'colsample_bytree': 0.5610191174223894, 'min_child_samples': 60, 'reg_alpha': 2.039373116525212e-08, 'reg_lambda': 1.527156759251193}. Best is trial 3 with value: 0.17678758257516666.
[I 2026-06-01 23:32:14,704] Trial 4 finished with value: 0.06182848405258441 and parameters: {'confidence_threshold': 0.5905729935600059, 'training_days': 340, 'n_estimators': 190, 'max_depth': 4, 'num_leaves': 41, 'learning_rate': 0.01875220945578641, 'subsample': 0.9847923138822793, 'colsample_bytree': 0.8875664116805573, 'min_child_samples': 96, 'reg_alpha': 1.1309571585271483, 'reg_lambda': 0.002404915432737351}. Best is trial 3 with value: 0.17678758257516666.
[I 2026-06-01 23:32:14,753] Trial 5 finished with value: -0.06154597939133553 and parameters: {'confidence_threshold': 0.8226559822580909, 'training_days': 50, 'n_estimators': 138, 'max_depth': 3, 'num_leaves': 30, 'learning_rate': 0.03750796359625606, 'subsample': 0.6356745158869479, 'colsample_bytree': 0.9143687545759647, 'min_child_samples': 48, 'reg_alpha': 3.376063348877853e-06, 'reg_lambda': 0.0007660634613082914}. Best is trial 3 with value: 0.17678758257516666.
[I 2026-06-01 23:32:14,865] Trial 6 finished with value: 0.05492772008564574 and parameters: {'confidence_threshold': 0.5493234787411669, 'training_days': 410, 'n_estimators': 83, 'max_depth': 5, 'num_leaves': 52, 'learning_rate': 0.019657448966046126, 'subsample': 0.5027610585618012, 'colsample_bytree': 0.9077307142274171, 'min_child_samples': 77, 'reg_alpha': 0.03639690979811287, 'reg_lambda': 0.08738424135626986}. Best is trial 3 with value: 0.17678758257516666.
[I 2026-06-01 23:32:14,965] Trial 7 finished with value: 0.04026661917976765 and parameters: {'confidence_threshold': 0.5259156281069316, 'training_days': 180, 'n_estimators': 102, 'max_depth': 5, 'num_leaves': 45, 'learning_rate': 0.030816017044468066, 'subsample': 0.5317791751430119, 'colsample_bytree': 0.6554911608578311, 'min_child_samples': 46, 'reg_alpha': 0.036851536911881845, 'reg_lambda': 0.005470376807480391}. Best is trial 3 with value: 0.17678758257516666.
[I 2026-06-01 23:32:15,076] Trial 8 finished with value: 0.12344362965837127 and parameters: {'confidence_threshold': 0.8105244599017143, 'training_days': 240, 'n_estimators': 103, 'max_depth': 5, 'num_leaves': 52, 'learning_rate': 0.06746437142284309, 'subsample': 0.8854835899772805, 'colsample_bytree': 0.7468977981821954, 'min_child_samples': 62, 'reg_alpha': 7.04480806377519e-05, 'reg_lambda': 1.6934490731313353e-08}. Best is trial 3 with value: 0.17678758257516666.
[I 2026-06-01 23:32:15,102] Trial 9 finished with value: -0.032351100638257996 and parameters: {'confidence_threshold': 0.5377619994476566, 'training_days': 20, 'n_estimators': 337, 'max_depth': 3, 'num_leaves': 39, 'learning_rate': 0.21907142272152816, 'subsample': 0.6246461145744375, 'colsample_bytree': 0.7051914615178149, 'min_child_samples': 81, 'reg_alpha': 1.1459970229341322e-06, 'reg_lambda': 4.929685216887945e-08}. Best is trial 3 with value: 0.17678758257516666.
[I 2026-06-01 23:32:15,615] Trial 10 finished with value: 0.15164318131599136 and parameters: {'confidence_threshold': 0.7301111584710253, 'training_days': 350, 'n_estimators': 487, 'max_depth': 4, 'num_leaves': 15, 'learning_rate': 0.1457937958927628, 'subsample': 0.6806559982209046, 'colsample_bytree': 0.5055805119629307, 'min_child_samples': 27, 'reg_alpha': 1.290626345465208e-08, 'reg_lambda': 8.530248590348572}. Best is trial 3 with value: 0.17678758257516666.
[I 2026-06-01 23:32:16,172] Trial 11 finished with value: 0.16845022562311235 and parameters: {'confidence_threshold': 0.7362794324400819, 'training_days': 330, 'n_estimators': 496, 'max_depth': 4, 'num_leaves': 15, 'learning_rate': 0.14177216111406155, 'subsample': 0.6743595107582037, 'colsample_bytree': 0.5039870416163934, 'min_child_samples': 20, 'reg_alpha': 3.5096213893268635e-08, 'reg_lambda': 9.74477562314831}. Best is trial 3 with value: 0.17678758257516666.
[I 2026-06-01 23:32:16,760] Trial 12 finished with value: 0.16681056169328712 and parameters: {'confidence_threshold': 0.7456393615307381, 'training_days': 470, 'n_estimators': 497, 'max_depth': 4, 'num_leaves': 15, 'learning_rate': 0.11263608439461861, 'subsample': 0.7105018827142541, 'colsample_bytree': 0.5911003516115678, 'min_child_samples': 20, 'reg_alpha': 1.0983340064482528e-08, 'reg_lambda': 4.071868912373007}. Best is trial 3 with value: 0.17678758257516666.
[I 2026-06-01 23:32:17,069] Trial 13 finished with value: 0.1451592009100808 and parameters: {'confidence_threshold': 0.7548118966643388, 'training_days': 320, 'n_estimators': 418, 'max_depth': 3, 'num_leaves': 62, 'learning_rate': 0.28873280180195204, 'subsample': 0.8086805742721823, 'colsample_bytree': 0.5961799392941978, 'min_child_samples': 33, 'reg_alpha': 2.643678541283149e-05, 'reg_lambda': 0.39220293020706454}. Best is trial 3 with value: 0.17678758257516666.
[I 2026-06-01 23:32:17,322] Trial 14 finished with value: 0.14006910057129746 and parameters: {'confidence_threshold': 0.6891571087399653, 'training_days': 500, 'n_estimators': 431, 'max_depth': 3, 'num_leaves': 33, 'learning_rate': 0.10208699939133369, 'subsample': 0.624534840809443, 'colsample_bytree': 0.5825312224981044, 'min_child_samples': 100, 'reg_alpha': 1.376150206979546e-07, 'reg_lambda': 7.565770484313319e-06}. Best is trial 3 with value: 0.17678758257516666.
[I 2026-06-01 23:32:17,593] Trial 15 finished with value: 0.09278047109331003 and parameters: {'confidence_threshold': 0.7897255408101392, 'training_days': 270, 'n_estimators': 299, 'max_depth': 4, 'num_leaves': 29, 'learning_rate': 0.1699431245658094, 'subsample': 0.8634823758940223, 'colsample_bytree': 0.8100744538922787, 'min_child_samples': 53, 'reg_alpha': 7.691552343527566e-08, 'reg_lambda': 0.10351163679178875}. Best is trial 3 with value: 0.17678758257516666.
[I 2026-06-01 23:32:17,909] Trial 16 finished with value: 0.15942636818322187 and parameters: {'confidence_threshold': 0.6906898499224529, 'training_days': 400, 'n_estimators': 433, 'max_depth': 3, 'num_leaves': 18, 'learning_rate': 0.08232909866670433, 'subsample': 0.713173333047047, 'colsample_bytree': 0.6452602612964047, 'min_child_samples': 36, 'reg_alpha': 1.0214749202115832e-05, 'reg_lambda': 5.299946447918541e-05}. Best is trial 3 with value: 0.17678758257516666.
[I 2026-06-01 23:32:18,030] Trial 17 finished with value: 0.07205486172094366 and parameters: {'confidence_threshold': 0.7783368707327342, 'training_days': 100, 'n_estimators': 382, 'max_depth': 4, 'num_leaves': 21, 'learning_rate': 0.010425658055299656, 'subsample': 0.6006818104614414, 'colsample_bytree': 0.9956385980717998, 'min_child_samples': 89, 'reg_alpha': 0.000421628945103269, 'reg_lambda': 0.5884215558409144}. Best is trial 3 with value: 0.17678758257516666.
[I 2026-06-01 23:32:18,576] A new study created in memory with name: no-name-cd130f9c-fe57-4f8e-a961-afc833ae12d4
[I 2026-06-01 23:32:18,673] Trial 0 finished with value: 0.02908519868395796 and parameters: {'confidence_threshold': 0.7437642149592516, 'training_days': 150, 'n_estimators': 152, 'max_depth': 4, 'num_leaves': 50, 'learning_rate': 0.04216766425047743, 'subsample': 0.9903820991923078, 'colsample_bytree': 0.8424148692924316, 'min_child_samples': 58, 'reg_alpha': 3.381097259762742e-05, 'reg_lambda': 1.2263152961306247e-05}. Best is trial 0 with value: 0.02908519868395796.
[I 2026-06-01 23:32:18,753] Trial 1 finished with value: 0.07970447292101733 and parameters: {'confidence_threshold': 0.7551673975844145, 'training_days': 220, 'n_estimators': 76, 'max_depth': 4, 'num_leaves': 51, 'learning_rate': 0.018602118810743477, 'subsample': 0.5877258780737462, 'colsample_bytree': 0.7657756869209191, 'min_child_samples': 63, 'reg_alpha': 0.005123994170264194, 'reg_lambda': 0.44145470178120466}. Best is trial 1 with value: 0.07970447292101733.
[I 2026-06-01 23:32:19,036] Trial 2 finished with value: 0.13768966781567415 and parameters: {'confidence_threshold': 0.7535593637012223, 'training_days': 310, 'n_estimators': 375, 'max_depth': 3, 'num_leaves': 32, 'learning_rate': 0.021735641882032388, 'subsample': 0.6468570231944146, 'colsample_bytree': 0.8154880619272439, 'min_child_samples': 27, 'reg_alpha': 8.004064028491336e-05, 'reg_lambda': 7.546835261630524e-05}. Best is trial 2 with value: 0.13768966781567415.
[I 2026-06-01 23:32:19,204] Trial 3 finished with value: 0.07074156205179254 and parameters: {'confidence_threshold': 0.6727897841776072, 'training_days': 220, 'n_estimators': 190, 'max_depth': 4, 'num_leaves': 58, 'learning_rate': 0.24810689332636193, 'subsample': 0.7509183379421682, 'colsample_bytree': 0.8119764758960556, 'min_child_samples': 29, 'reg_alpha': 7.1708285081421445e-06, 'reg_lambda': 5.412973582738627e-05}. Best is trial 2 with value: 0.13768966781567415.
[I 2026-06-01 23:32:19,314] Trial 4 finished with value: 0.06093352121643334 and parameters: {'confidence_threshold': 0.803208205259178, 'training_days': 130, 'n_estimators': 267, 'max_depth': 5, 'num_leaves': 40, 'learning_rate': 0.08041175317374143, 'subsample': 0.5603143329951619, 'colsample_bytree': 0.9131704002534167, 'min_child_samples': 68, 'reg_alpha': 0.0008046593428183385, 'reg_lambda': 1.2158346158765583e-05}. Best is trial 2 with value: 0.13768966781567415.
[I 2026-06-01 23:32:19,544] Trial 5 finished with value: 0.06146385434644934 and parameters: {'confidence_threshold': 0.6064422761595144, 'training_days': 210, 'n_estimators': 357, 'max_depth': 5, 'num_leaves': 40, 'learning_rate': 0.0974221287220869, 'subsample': 0.7929682762811064, 'colsample_bytree': 0.8124517510478, 'min_child_samples': 74, 'reg_alpha': 0.3811377260781234, 'reg_lambda': 5.607314238392041e-08}. Best is trial 2 with value: 0.13768966781567415.
[I 2026-06-01 23:32:19,662] Trial 6 finished with value: 0.06401475474732 and parameters: {'confidence_threshold': 0.7672889945051684, 'training_days': 130, 'n_estimators': 137, 'max_depth': 4, 'num_leaves': 19, 'learning_rate': 0.2031117614248665, 'subsample': 0.8136244860256343, 'colsample_bytree': 0.8617081790949774, 'min_child_samples': 21, 'reg_alpha': 0.002238138278733199, 'reg_lambda': 0.001025809534977322}. Best is trial 2 with value: 0.13768966781567415.
[I 2026-06-01 23:32:19,742] Trial 7 finished with value: 0.0983951198829949 and parameters: {'confidence_threshold': 0.555635875450653, 'training_days': 80, 'n_estimators': 363, 'max_depth': 3, 'num_leaves': 48, 'learning_rate': 0.06590089024008658, 'subsample': 0.6944752870615722, 'colsample_bytree': 0.962566244806993, 'min_child_samples': 88, 'reg_alpha': 1.6465620446426067e-05, 'reg_lambda': 2.4678750890085655e-08}. Best is trial 2 with value: 0.13768966781567415.
[I 2026-06-01 23:32:20,099] Trial 8 finished with value: 0.058261195468301684 and parameters: {'confidence_threshold': 0.6066688256938841, 'training_days': 200, 'n_estimators': 367, 'max_depth': 5, 'num_leaves': 32, 'learning_rate': 0.13377519215934996, 'subsample': 0.7965884582811106, 'colsample_bytree': 0.8458508993500886, 'min_child_samples': 32, 'reg_alpha': 3.889436043816386e-05, 'reg_lambda': 1.4713062489380356e-06}. Best is trial 2 with value: 0.13768966781567415.
