[I 2026-06-01 23:31:34,757] Trial 2 finished with value: 0.016709386801383782 and parameters: {'confidence_threshold': 0.7535593637012223, 'training_days': 310, 'n_estimators': 375, 'max_depth': 3, 'num_leaves': 32, 'learning_rate': 0.021735641882032388, 'subsample': 0.6468570231944146, 'colsample_bytree': 0.8154880619272439, 'min_child_samples': 27, 'reg_alpha': 8.004064028491336e-05, 'reg_lambda': 7.546835261630524e-05}. Best is trial 2 with value: 0.016709386801383782.
[I 2026-06-01 23:31:34,935] Trial 3 finished with value: -0.012152703041477761 and parameters: {'confidence_threshold': 0.6727897841776072, 'training_days': 220, 'n_estimators': 190, 'max_depth': 4, 'num_leaves': 58, 'learning_rate': 0.24810689332636193, 'subsample': 0.7509183379421682, 'colsample_bytree': 0.8119764758960556, 'min_child_samples': 29, 'reg_alpha': 7.1708285081421445e-06, 'reg_lambda': 5.412973582738627e-05}. Best is trial 2 with value: 0.016709386801383782.

  [label] 2023-03-03 16:00 LTCUSDT entry=90.5100 → SHORT | long=sl(-5.36%) short=tp(+10.41%) | scanned=18 | short_tp_only
  [label] 2023-03-06 00:00 LTCUSDT entry=88.0000 → SHORT | long=sl(-4.67%) short=tp(+9.04%) | scanned=11 | short_tp_only
  [label] 2023-03-09 16:00 LTCUSDT entry=76.6200 → SHORT | long=sl(-7.17%) short=tp(+14.04%) | scanned=4 | short_tp_only
  [label] 2023-04-03 08:00 LTCUSDT entry=91.8500 → LONG | long=timeout(+0.26%) short=timeout(-0.46%) | scanned=22 | no_tp→fwd_return=+0.3593
  [label] 2023-05-26 00:00 LTCUSDT entry=87.1100 → LONG | long=tp(+9.26%) short=sl(-4.78%) | scanned=19 | long_tp_only
  [label] 2023-11-08 00:00 LTCUSDT entry=73.6700 → SHORT | long=sl(-5.00%) short=timeout(+2.63%) | scanned=22 | no_tp→fwd_return=-2.7284
  [label] 2023-11-12 00:00 LTCUSDT entry=75.6900 → SHORT | long=sl(-6.26%) short=timeout(+7.47%) | scanned=22 | no_tp→fwd_return=-7.5704
  [label] 2023-11-22 16:00 LTCUSDT entry=68.7300 → LONG | long=timeout(+1.79%) short=timeout(-1.99%) | scanned=22 | no_tp→fwd_return=+1.8915
  [label] 2024-01-06 16:00 LTCUSDT entry=65.6500 → LONG | long=sl(-6.50%) short=sl(-6.50%) | scanned=12 | no_tp→fwd_return=+6.7936
  [label] 2024-01-15 08:00 LTCUSDT entry=69.5200 → SHORT | long=timeout(-1.21%) short=timeout(+1.01%) | scanned=22 | no_tp→fwd_return=-1.1076
  [label] 2024-04-14 16:00 LTCUSDT entry=79.6800 → LONG | long=timeout(+5.47%) short=timeout(-5.67%) | scanned=22 | no_tp→fwd_return=+5.5723
  [label] 2024-05-16 16:00 LTCUSDT entry=82.3900 → LONG | long=tp(+7.21%) short=sl(-3.76%) | scanned=12 | long_tp_only
  [label] 2024-06-02 00:00 LTCUSDT entry=82.8900 → SHORT | long=sl(-3.16%) short=sl(-3.16%) | scanned=17 | no_tp→fwd_return=-3.3176
  [label] 2024-06-14 16:00 LTCUSDT entry=77.5600 → SHORT | long=sl(-4.29%) short=tp(+8.28%) | scanned=10 | short_tp_only
  [label] 2024-07-03 00:00 LTCUSDT entry=74.8200 → SHORT | long=sl(-3.40%) short=tp(+6.49%) | scanned=3 | short_tp_only
  [label] 2024-07-09 08:00 LTCUSDT entry=65.8800 → LONG | long=timeout(+11.85%) short=sl(-6.51%) | scanned=22 | no_tp→fwd_return=+11.9460
  [label] 2024-07-21 16:00 LTCUSDT entry=73.9500 → SHORT | long=sl(-3.82%) short=tp(+7.33%) | scanned=10 | short_tp_only
  [label] 2024-08-30 08:00 LTCUSDT entry=61.7500 → LONG | long=timeout(+3.41%) short=sl(-5.65%) | scanned=22 | no_tp→fwd_return=+3.5142
  [label] 2024-09-09 00:00 LTCUSDT entry=60.6500 → LONG | long=timeout(+4.17%) short=sl(-5.25%) | scanned=22 | no_tp→fwd_return=+4.2704
  [label] 2024-12-04 08:00 LTCUSDT entry=128.7200 → SHORT | long=sl(-11.52%) short=sl(-11.52%) | scanned=16 | no_tp→fwd_return=-14.1936
  Labels: 1104 long (50.9%), 1067 short (49.1%) | weights: min=1.00, mean=3.22, max=10.00
  Features: 2171/2171 matched, 49 columns
  CV gap: 22 rows
  [ensemble 1/3] seed=42
    [trial 0] 49 features, training_days=480 | threshold=0.631 | labels: 1104 long, 1067 short (51/49%)
    [CV fold 0] train_end=2023-04-25 08:00 | val_start=2023-05-03 00:00 | gap=184h (22 rows)
    [CV fold 1] train_end=2023-08-23 16:00 | val_start=2023-08-31 08:00 | gap=184h (22 rows)
    [CV fold 2] train_end=2023-12-22 00:00 | val_start=2023-12-29 16:00 | gap=184h (22 rows)
    [CV fold 3] train_end=2024-04-20 08:00 | val_start=2024-04-28 00:00 | gap=184h (22 rows)
    [CV fold 4] train_end=2024-08-18 16:00 | val_start=2024-08-26 08:00 | gap=184h (22 rows)
    [trial 0] Sharpe=0.0266 (folds: 0.0445, -0.1464, 0.1953, 0.1322, -0.0928)
    [trial 1] 49 features, training_days=420 | threshold=0.839 | labels: 1104 long, 1067 short (51/49%)
    [trial 1] Sharpe=-0.1184 (folds: -0.1456, -0.5378, 0.3002, -0.2965, 0.0876)
    [trial 2] 49 features, training_days=190 | threshold=0.602 | labels: 1104 long, 1067 short (51/49%)
    [trial 2] Sharpe=-0.0102 (folds: -0.0346, -0.0076, 0.0725, -0.0162, -0.0654)
    [trial 3] 49 features, training_days=490 | threshold=0.832 | labels: 1104 long, 1067 short (51/49%)
    [trial 3] Sharpe=-0.0247 (folds: 0.0228, -0.0219, 0.0786, -0.0760, -0.1271)
    [trial 4] 49 features, training_days=340 | threshold=0.591 | labels: 1104 long, 1067 short (51/49%)
    [trial 4] Sharpe=0.0005 (folds: -0.0171, -0.1189, 0.1575, 0.0663, -0.0855)
    [trial 5] 49 features, training_days=50 | threshold=0.823 | labels: 1104 long, 1067 short (51/49%)
    [trial 5] Sharpe=0.0416 (folds: 0.1246, -0.2620, 0.1987, 0.1372, 0.0095)
    [trial 6] 49 features, training_days=410 | threshold=0.549 | labels: 1104 long, 1067 short (51/49%)
    [trial 6] Sharpe=0.0507 (folds: 0.0327, -0.0558, 0.2848, 0.0784, -0.0866)
    [trial 7] 49 features, training_days=180 | threshold=0.526 | labels: 1104 long, 1067 short (51/49%)
    [trial 7] Sharpe=-0.0173 (folds: -0.0367, 0.0265, 0.0380, -0.0192, -0.0953)
    [trial 8] 49 features, training_days=240 | threshold=0.811 | labels: 1104 long, 1067 short (51/49%)
    [trial 8] Sharpe=0.0692 (folds: 0.1865, -0.0313, 0.3872, -0.0030, -0.1934)
    [trial 9] 49 features, training_days=20 | threshold=0.538 | labels: 1104 long, 1067 short (51/49%)
    [trial 9] Sharpe=-1.9549 (folds: 0.1222, -0.1225, -10.0000, 0.0703, 0.1557)
    [trial 10] 49 features, training_days=280 | threshold=0.734 | labels: 1104 long, 1067 short (51/49%)
    [trial 10] Sharpe=0.0107 (folds: -0.0696, -0.0186, 0.2613, 0.0632, -0.1827)
    [trial 11] 49 features, training_days=350 | threshold=0.719 | labels: 1104 long, 1067 short (51/49%)
    [trial 11] Sharpe=-10.0000 (folds: -10.0000, -10.0000, -10.0000, -10.0000, -10.0000)
    [trial 12] 49 features, training_days=190 | threshold=0.762 | labels: 1104 long, 1067 short (51/49%)
    [trial 12] Sharpe=0.0201 (folds: 0.1049, -0.0025, 0.1906, -0.0356, -0.1571)
    [trial 13] 49 features, training_days=270 | threshold=0.672 | labels: 1104 long, 1067 short (51/49%)
    [trial 13] Sharpe=-0.0097 (folds: 0.0011, -0.1582, 0.2087, -0.0271, -0.0730)
    [trial 14] 49 features, training_days=100 | threshold=0.787 | labels: 1104 long, 1067 short (51/49%)
    [trial 14] Sharpe=0.0183 (folds: 0.1940, -0.3678, 0.1584, 0.1791, -0.0721)
    [trial 15] 49 features, training_days=390 | threshold=0.689 | labels: 1104 long, 1067 short (51/49%)
    [trial 15] Sharpe=0.0489 (folds: 0.1922, -0.0778, 0.1801, 0.0919, -0.1419)
    [trial 16] 49 features, training_days=310 | threshold=0.565 | labels: 1104 long, 1067 short (51/49%)
    [trial 16] Sharpe=0.0103 (folds: -0.0448, -0.0856, 0.2781, -0.0285, -0.0680)
    [trial 17] 49 features, training_days=230 | threshold=0.665 | labels: 1104 long, 1067 short (51/49%)
    [trial 17] Sharpe=0.0592 (folds: 0.1048, -0.0111, 0.2786, -0.0009, -0.0755)
  Optuna: 18 trials, best Sharpe = 0.0692
  Best params: n_estimators=103, max_depth=5, lr=0.0675, leaves=52
  Best confidence_threshold: 0.811
  Best training_days: 240
  Retrained on full data (720 samples, 49 features)
  [ensemble 2/3] seed=123
    [trial 0] 49 features, training_days=150 | threshold=0.744 | labels: 1104 long, 1067 short (51/49%)
    [CV fold 0] train_end=2023-04-25 08:00 | val_start=2023-05-03 00:00 | gap=184h (22 rows)
    [CV fold 1] train_end=2023-08-23 16:00 | val_start=2023-08-31 08:00 | gap=184h (22 rows)
    [CV fold 2] train_end=2023-12-22 00:00 | val_start=2023-12-29 16:00 | gap=184h (22 rows)
    [CV fold 3] train_end=2024-04-20 08:00 | val_start=2024-04-28 00:00 | gap=184h (22 rows)
    [CV fold 4] train_end=2024-08-18 16:00 | val_start=2024-08-26 08:00 | gap=184h (22 rows)
    [trial 0] Sharpe=-0.0084 (folds: 0.0629, -0.0688, 0.0658, 0.0784, -0.1806)
    [trial 1] 49 features, training_days=220 | threshold=0.755 | labels: 1104 long, 1067 short (51/49%)
    [trial 1] Sharpe=0.0165 (folds: -0.2282, -0.3648, 0.7099, 0.0391, -0.0734)
    [trial 2] 49 features, training_days=310 | threshold=0.754 | labels: 1104 long, 1067 short (51/49%)
    [trial 2] Sharpe=0.0167 (folds: -0.0427, -0.2322, 0.4003, 0.0388, -0.0806)
    [trial 3] 49 features, training_days=220 | threshold=0.673 | labels: 1104 long, 1067 short (51/49%)
    [trial 3] Sharpe=-0.0122 (folds: -0.0953, 0.0257, 0.0322, 0.0231, -0.0465)
    [trial 4] 49 features, training_days=130 | threshold=0.803 | labels: 1104 long, 1067 short (51/49%)
    [trial 4] Sharpe=-0.0420 (folds: 0.0110, -0.1327, 0.0303, 0.1159, -0.2342)[I 2026-06-01 23:31:35,065] Trial 4 finished with value: -0.04195820242769109 and parameters: {'confidence_threshold': 0.803208205259178, 'training_days': 130, 'n_estimators': 267, 'max_depth': 5, 'num_leaves': 40, 'learning_rate': 0.08041175317374143, 'subsample': 0.5603143329951619, 'colsample_bytree': 0.9131704002534167, 'min_child_samples': 68, 'reg_alpha': 0.0008046593428183385, 'reg_lambda': 1.2158346158765583e-05}. Best is trial 2 with value: 0.016709386801383782.
[I 2026-06-01 23:31:35,321] Trial 5 finished with value: 0.006351880332611115 and parameters: {'confidence_threshold': 0.6064422761595144, 'training_days': 210, 'n_estimators': 357, 'max_depth': 5, 'num_leaves': 40, 'learning_rate': 0.0974221287220869, 'subsample': 0.7929682762811064, 'colsample_bytree': 0.8124517510478, 'min_child_samples': 74, 'reg_alpha': 0.3811377260781234, 'reg_lambda': 5.607314238392041e-08}. Best is trial 2 with value: 0.016709386801383782.
[I 2026-06-01 23:31:35,442] Trial 6 finished with value: -0.02139833674164188 and parameters: {'confidence_threshold': 0.7672889945051684, 'training_days': 130, 'n_estimators': 137, 'max_depth': 4, 'num_leaves': 19, 'learning_rate': 0.2031117614248665, 'subsample': 0.8136244860256343, 'colsample_bytree': 0.8617081790949774, 'min_child_samples': 21, 'reg_alpha': 0.002238138278733199, 'reg_lambda': 0.001025809534977322}. Best is trial 2 with value: 0.016709386801383782.
[I 2026-06-01 23:31:35,520] Trial 7 finished with value: -0.07754659597995014 and parameters: {'confidence_threshold': 0.555635875450653, 'training_days': 80, 'n_estimators': 363, 'max_depth': 3, 'num_leaves': 48, 'learning_rate': 0.06590089024008658, 'subsample': 0.6944752870615722, 'colsample_bytree': 0.962566244806993, 'min_child_samples': 88, 'reg_alpha': 1.6465620446426067e-05, 'reg_lambda': 2.4678750890085655e-08}. Best is trial 2 with value: 0.016709386801383782.
[I 2026-06-01 23:31:35,885] Trial 8 finished with value: 0.0042947643073456025 and parameters: {'confidence_threshold': 0.6066688256938841, 'training_days': 200, 'n_estimators': 367, 'max_depth': 5, 'num_leaves': 32, 'learning_rate': 0.13377519215934996, 'subsample': 0.7965884582811106, 'colsample_bytree': 0.8458508993500886, 'min_child_samples': 32, 'reg_alpha': 3.889436043816386e-05, 'reg_lambda': 1.4713062489380356e-06}. Best is trial 2 with value: 0.016709386801383782.
[I 2026-06-01 23:31:36,159] Trial 9 finished with value: 0.003583283229589523 and parameters: {'confidence_threshold': 0.6202096049169137, 'training_days': 260, 'n_estimators': 350, 'max_depth': 3, 'num_leaves': 21, 'learning_rate': 0.02989540198065364, 'subsample': 0.8307821683331218, 'colsample_bytree': 0.923253112635361, 'min_child_samples': 64, 'reg_alpha': 0.4898604619604203, 'reg_lambda': 2.9076377687066166e-05}. Best is trial 2 with value: 0.016709386801383782.
[I 2026-06-01 23:31:36,532] Trial 10 finished with value: -0.16580857720720021 and parameters: {'confidence_threshold': 0.8445241688507242, 'training_days': 420, 'n_estimators': 494, 'max_depth': 3, 'num_leaves': 30, 'learning_rate': 0.010221918552934462, 'subsample': 0.5019190721168774, 'colsample_bytree': 0.6202684210924141, 'min_child_samples': 45, 'reg_alpha': 1.5494783182896407e-08, 'reg_lambda': 0.018878930586497852}. Best is trial 2 with value: 0.016709386801383782.
[I 2026-06-01 23:31:36,614] Trial 11 finished with value: -8.058483456722021 and parameters: {'confidence_threshold': 0.7162109107873752, 'training_days': 360, 'n_estimators': 51, 'max_depth': 3, 'num_leaves': 61, 'learning_rate': 0.016298143265808546, 'subsample': 0.6391782689059778, 'colsample_bytree': 0.6900063486364282, 'min_child_samples': 52, 'reg_alpha': 0.01799493661729836, 'reg_lambda': 4.406878333975411}. Best is trial 2 with value: 0.016709386801383782.
[I 2026-06-01 23:31:36,946] Trial 12 finished with value: -0.01866606617814144 and parameters: {'confidence_threshold': 0.6776559669413387, 'training_days': 340, 'n_estimators': 484, 'max_depth': 4, 'num_leaves': 47, 'learning_rate': 0.02392651870535563, 'subsample': 0.6166545294095858, 'colsample_bytree': 0.5096458353191796, 'min_child_samples': 100, 'reg_alpha': 1.0994405170068853e-07, 'reg_lambda': 0.2986408808908697}. Best is trial 2 with value: 0.016709386801383782.
[I 2026-06-01 23:31:36,971] Trial 13 finished with value: -2.02565952526152 and parameters: {'confidence_threshold': 0.789718509378323, 'training_days': 10, 'n_estimators': 53, 'max_depth': 3, 'num_leaves': 28, 'learning_rate': 0.014472572446935365, 'subsample': 0.6637554456572594, 'colsample_bytree': 0.7361824510546084, 'min_child_samples': 44, 'reg_alpha': 0.024510194560445127, 'reg_lambda': 0.0022604507344256915}. Best is trial 2 with value: 0.016709386801383782.
[I 2026-06-01 23:31:37,219] Trial 14 finished with value: -0.016187205194153172 and parameters: {'confidence_threshold': 0.6990760489990013, 'training_days': 490, 'n_estimators': 288, 'max_depth': 4, 'num_leaves': 56, 'learning_rate': 0.03629583630175215, 'subsample': 0.571097323615661, 'colsample_bytree': 0.6518033017634928, 'min_child_samples': 78, 'reg_alpha': 8.70158361284731e-07, 'reg_lambda': 0.05987235062180044}. Best is trial 2 with value: 0.016709386801383782.
[I 2026-06-01 23:31:37,635] Trial 15 finished with value: 0.0008609575183888676 and parameters: {'confidence_threshold': 0.8413262323766814, 'training_days': 300, 'n_estimators': 436, 'max_depth': 4, 'num_leaves': 36, 'learning_rate': 0.018204174012129166, 'subsample': 0.507007918467014, 'colsample_bytree': 0.738971151174427, 'min_child_samples': 41, 'reg_alpha': 3.7633185646040874, 'reg_lambda': 4.340484484768205}. Best is trial 2 with value: 0.016709386801383782.
[I 2026-06-01 23:31:37,849] Trial 16 finished with value: -0.04125128344120913 and parameters: {'confidence_threshold': 0.7409550081665428, 'training_days': 380, 'n_estimators': 253, 'max_depth': 3, 'num_leaves': 25, 'learning_rate': 0.010431680817577445, 'subsample': 0.709405702767483, 'colsample_bytree': 0.5489148768447338, 'min_child_samples': 54, 'reg_alpha': 0.006106483528250097, 'reg_lambda': 7.136471786250007e-07}. Best is trial 2 with value: 0.016709386801383782.
[I 2026-06-01 23:31:38,189] Trial 17 finished with value: -0.03857366093645827 and parameters: {'confidence_threshold': 0.5004748807695347, 'training_days': 290, 'n_estimators': 415, 'max_depth': 5, 'num_leaves': 15, 'learning_rate': 0.025209516166245612, 'subsample': 0.589973633162768, 'colsample_bytree': 0.7668145962665067, 'min_child_samples': 84, 'reg_alpha': 0.00012049055891095565, 'reg_lambda': 0.004147168456156341}. Best is trial 2 with value: 0.016709386801383782.
[I 2026-06-01 23:31:38,618] A new study created in memory with name: no-name-96ff968c-5800-4001-9ad0-7f29be9abc77
[I 2026-06-01 23:31:38,813] Trial 0 finished with value: -0.044475997130502654 and parameters: {'confidence_threshold': 0.5870645682749857, 'training_days': 90, 'n_estimators': 403, 'max_depth': 5, 'num_leaves': 45, 'learning_rate': 0.0780457193679974, 'subsample': 0.9428509515574568, 'colsample_bytree': 0.8795587339164916, 'min_child_samples': 34, 'reg_alpha': 2.2465901234314442e-07, 'reg_lambda': 8.339007036475363e-05}. Best is trial 0 with value: -0.044475997130502654.
[I 2026-06-01 23:31:38,932] Trial 1 finished with value: 0.020506363352717886 and parameters: {'confidence_threshold': 0.6348453934275313, 'training_days': 290, 'n_estimators': 115, 'max_depth': 5, 'num_leaves': 37, 'learning_rate': 0.06949568759029946, 'subsample': 0.8228505074024268, 'colsample_bytree': 0.8616703220431751, 'min_child_samples': 75, 'reg_alpha': 4.2486822725010923e-07, 'reg_lambda': 1.157247767047042e-07}. Best is trial 1 with value: 0.020506363352717886.
[I 2026-06-01 23:31:38,954] Trial 2 finished with value: -2.02565952526152 and parameters: {'confidence_threshold': 0.5849570384370288, 'training_days': 10, 'n_estimators': 212, 'max_depth': 3, 'num_leaves': 41, 'learning_rate': 0.18452095998378365, 'subsample': 0.6001060822924371, 'colsample_bytree': 0.5673167293506167, 'min_child_samples': 37, 'reg_alpha': 5.733250064217131, 'reg_lambda': 0.5308454292595461}. Best is trial 1 with value: 0.020506363352717886.
[I 2026-06-01 23:31:39,034] Trial 3 finished with value: 0.04777357466984981 and parameters: {'confidence_threshold': 0.6868248626683718, 'training_days': 220, 'n_estimators': 134, 'max_depth': 3, 'num_leaves': 45, 'learning_rate': 0.033529007907491595, 'subsample': 0.8647277071858408, 'colsample_bytree': 0.778494116634046, 'min_child_samples': 96, 'reg_alpha': 2.409409937265785e-07, 'reg_lambda': 1.1642073478060009}. Best is trial 3 with value: 0.04777357466984981.
[I 2026-06-01 23:31:39,124] Trial 4 finished with value: -0.010378612595932559 and parameters: {'confidence_threshold': 0.5623121348350352, 'training_days': 300, 'n_estimators': 69, 'max_depth': 4, 'num_leaves': 32, 'learning_rate': 0.14967629360700346, 'subsample': 0.5054535233636654, 'colsample_bytree': 0.7401385194659216, 'min_child_samples': 27, 'reg_alpha': 1.4212042567426725e-07, 'reg_lambda': 0.23605753701352003}. Best is trial 3 with value: 0.04777357466984981.
[I 2026-06-01 23:31:39,580] Trial 5 finished with value: 0.012922987201300178 and parameters: {'confidence_threshold': 0.7111850244908446, 'training_days': 490, 'n_estimators': 362, 'max_depth': 5, 'num_leaves': 40, 'learning_rate': 0.05960785724162737, 'subsample': 0.5589714368907717, 'colsample_bytree': 0.6659006943232806, 'min_child_samples': 42, 'reg_alpha': 0.6741360303045295, 'reg_lambda': 6.054601607143087e-08}. Best is trial 3 with value: 0.04777357466984981.
[I 2026-06-01 23:31:39,777] Trial 6 finished with value: 0.007206413141345525 and parameters: {'confidence_threshold': 0.667482545748023, 'training_days': 420, 'n_estimators': 279, 'max_depth': 3, 'num_leaves': 45, 'learning_rate': 0.040099592560849204, 'subsample': 0.8563114696415159, 'colsample_bytree': 0.5442917781944105, 'min_child_samples': 50, 'reg_alpha': 1.6407916423707903e-08, 'reg_lambda': 2.935907642973286e-05}. Best is trial 3 with value: 0.04777357466984981.
[I 2026-06-01 23:31:39,949] Trial 7 finished with value: -0.04313550277893698 and parameters: {'confidence_threshold': 0.5497381024139926, 'training_days': 120, 'n_estimators': 408, 'max_depth': 5, 'num_leaves': 38, 'learning_rate': 0.28049122657745795, 'subsample': 0.8806573338635493, 'colsample_bytree': 0.5454054113547102, 'min_child_samples': 63, 'reg_alpha': 0.01263008637940408, 'reg_lambda': 0.04588020805366937}. Best is trial 3 with value: 0.04777357466984981.
[I 2026-06-01 23:31:40,240] Trial 8 finished with value: 0.02945646295992462 and parameters: {'confidence_threshold': 0.719644804808716, 'training_days': 450, 'n_estimators': 410, 'max_depth': 4, 'num_leaves': 57, 'learning_rate': 0.04022026551478857, 'subsample': 0.5336085426932707, 'colsample_bytree': 0.5705742850577543, 'min_child_samples': 100, 'reg_alpha': 5.916398047912201e-07, 'reg_lambda': 0.9794034214488329}. Best is trial 3 with value: 0.04777357466984981.
[I 2026-06-01 23:31:40,263] Trial 9 finished with value: -7.968862923026724 and parameters: {'confidence_threshold': 0.7267463643917187, 'training_days': 20, 'n_estimators': 337, 'max_depth': 5, 'num_leaves': 23, 'learning_rate': 0.022153031811454605, 'subsample': 0.6305627572358737, 'colsample_bytree': 0.6613413774216214, 'min_child_samples': 81, 'reg_alpha': 5.7638634029410314e-08, 'reg_lambda': 8.26603016764008}. Best is trial 3 with value: 0.04777357466984981.
[I 2026-06-01 23:31:40,365] Trial 10 finished with value: -5.99935569619797 and parameters: {'confidence_threshold': 0.8283920119574972, 'training_days': 200, 'n_estimators': 181, 'max_depth': 3, 'num_leaves': 62, 'learning_rate': 0.011579281028220855, 'subsample': 0.7130289643560688, 'colsample_bytree': 0.9944479338273263, 'min_child_samples': 100, 'reg_alpha': 6.837313901272251e-05, 'reg_lambda': 0.0027253228209330924}. Best is trial 3 with value: 0.04777357466984981.
[I 2026-06-01 23:31:40,727] Trial 11 finished with value: 0.004992925745286911 and parameters: {'confidence_threshold': 0.7766282449189577, 'training_days': 380, 'n_estimators': 478, 'max_depth': 4, 'num_leaves': 58, 'learning_rate': 0.029354876456257728, 'subsample': 0.7459055835274097, 'colsample_bytree': 0.8016610248739169, 'min_child_samples': 100, 'reg_alpha': 1.7335570554886207e-05, 'reg_lambda': 7.067893525937578}. Best is trial 3 with value: 0.04777357466984981.
