[I 2026-06-01 23:28:24,711] Trial 9 finished with value: 0.01971126787782922 and parameters: {'confidence_threshold': 0.6202096049169137, 'training_days': 260, 'n_estimators': 350, 'max_depth': 3, 'num_leaves': 21, 'learning_rate': 0.02989540198065364, 'subsample': 0.8307821683331218, 'colsample_bytree': 0.923253112635361, 'min_child_samples': 64, 'reg_alpha': 0.4898604619604203, 'reg_lambda': 2.9076377687066166e-05}. Best is trial 4 with value: 0.08654335119741637.
[I 2026-06-01 23:28:25,134] Trial 10 finished with value: -1.8812905147151728 and parameters: {'confidence_threshold': 0.8445241688507242, 'training_days': 470, 'n_estimators': 493, 'max_depth': 5, 'num_leaves': 63, 'learning_rate': 0.010221918552934462, 'subsample': 0.5019190721168774, 'colsample_bytree': 0.6202684210924141, 'min_child_samples': 99, 'reg_alpha': 1.9942621118187622e-08, 'reg_lambda': 0.0201634475791616}. Best is trial 4 with value: 0.08654335119741637.

  [label] 2022-10-17 00:00 LTCUSDT entry=51.4100 → LONG | long=sl(-3.57%) short=sl(-3.57%) | scanned=20 | no_tp→fwd_return=+5.0185
  [label] 2023-01-15 00:00 LTCUSDT entry=86.9700 → LONG | long=timeout(+1.96%) short=timeout(-2.16%) | scanned=22 | no_tp→fwd_return=+2.0582
  [label] 2023-02-15 16:00 LTCUSDT entry=102.8200 → SHORT | long=sl(-5.34%) short=tp(+10.38%) | scanned=18 | short_tp_only
  [label] 2023-03-03 16:00 LTCUSDT entry=90.5100 → SHORT | long=sl(-5.36%) short=tp(+10.41%) | scanned=18 | short_tp_only
  [label] 2023-03-16 00:00 LTCUSDT entry=78.8200 → LONG | long=timeout(+11.38%) short=sl(-10.13%) | scanned=22 | no_tp→fwd_return=+11.4819
  [label] 2023-04-03 16:00 LTCUSDT entry=92.9300 → LONG | long=timeout(+0.78%) short=timeout(-0.98%) | scanned=22 | no_tp→fwd_return=+0.8824
  [label] 2023-04-09 16:00 LTCUSDT entry=90.5200 → LONG | long=tp(+7.30%) short=sl(-3.80%) | scanned=13 | long_tp_only
  [label] 2023-04-22 00:00 LTCUSDT entry=85.4500 → LONG | long=timeout(+4.77%) short=sl(-7.10%) | scanned=22 | no_tp→fwd_return=+4.8683
  [label] 2023-05-31 08:00 LTCUSDT entry=88.6800 → LONG | long=tp(+8.12%) short=sl(-4.21%) | scanned=9 | long_tp_only
  [label] 2023-06-10 00:00 LTCUSDT entry=77.0900 → LONG | long=sl(-8.45%) short=timeout(-0.64%) | scanned=22 | no_tp→fwd_return=+0.5448
  [label] 2023-09-03 08:00 LTCUSDT entry=63.7600 → SHORT | long=sl(-4.06%) short=timeout(+4.43%) | scanned=22 | no_tp→fwd_return=-4.5326
  Labels: 1055 long (49.0%), 1098 short (51.0%) | weights: min=1.00, mean=3.44, max=10.00
  Features: 2153/2153 matched, 49 columns
  CV gap: 22 rows
  [ensemble 1/3] seed=42
    [trial 0] 49 features, training_days=480 | threshold=0.631 | labels: 1055 long, 1098 short (49/51%)
    [CV fold 0] train_end=2022-01-22 08:00 | val_start=2022-01-30 00:00 | gap=184h (22 rows)
    [CV fold 1] train_end=2022-05-26 16:00 | val_start=2022-06-03 08:00 | gap=184h (22 rows)
    [CV fold 2] train_end=2022-09-23 00:00 | val_start=2022-09-30 16:00 | gap=184h (22 rows)
    [CV fold 3] train_end=2023-01-20 08:00 | val_start=2023-01-28 00:00 | gap=184h (22 rows)
    [CV fold 4] train_end=2023-05-19 16:00 | val_start=2023-05-27 08:00 | gap=184h (22 rows)
    [trial 0] Sharpe=0.0106 (folds: 0.1850, -0.1195, -0.1621, 0.0695, 0.0803)
    [trial 1] 49 features, training_days=420 | threshold=0.839 | labels: 1055 long, 1098 short (49/51%)
    [trial 1] Sharpe=-1.8941 (folds: 0.3435, -0.0354, 0.2594, -10.0000, -0.0379)
    [trial 2] 49 features, training_days=190 | threshold=0.602 | labels: 1055 long, 1098 short (49/51%)
    [trial 2] Sharpe=0.0007 (folds: 0.1430, -0.1330, 0.1605, -0.0465, -0.1204)
    [trial 3] 49 features, training_days=490 | threshold=0.832 | labels: 1055 long, 1098 short (49/51%)
    [trial 3] Sharpe=0.0245 (folds: 0.0676, -0.1304, -0.1506, 0.2355, 0.1005)
    [trial 4] 49 features, training_days=340 | threshold=0.591 | labels: 1055 long, 1098 short (49/51%)
    [trial 4] Sharpe=0.0541 (folds: 0.3279, -0.1277, 0.0554, 0.0562, -0.0415)
    [trial 5] 49 features, training_days=50 | threshold=0.823 | labels: 1055 long, 1098 short (49/51%)
    [trial 5] Sharpe=-0.0703 (folds: 0.1088, -0.1385, -0.2086, -0.1652, 0.0522)
    [trial 6] 49 features, training_days=410 | threshold=0.549 | labels: 1055 long, 1098 short (49/51%)
    [trial 6] Sharpe=0.0356 (folds: 0.1963, -0.1693, 0.0436, 0.1130, -0.0058)
    [trial 7] 49 features, training_days=180 | threshold=0.526 | labels: 1055 long, 1098 short (49/51%)
    [trial 7] Sharpe=-0.0499 (folds: 0.1330, -0.1360, -0.1749, 0.0543, -0.1259)
    [trial 8] 49 features, training_days=240 | threshold=0.811 | labels: 1055 long, 1098 short (49/51%)
    [trial 8] Sharpe=0.0564 (folds: 0.2275, -0.1464, -0.1785, 0.3818, -0.0022)
    [trial 9] 49 features, training_days=20 | threshold=0.538 | labels: 1055 long, 1098 short (49/51%)
    [trial 9] Sharpe=-0.1264 (folds: 0.1901, -0.1850, -0.3874, 0.0256, -0.2754)
    [trial 10] 49 features, training_days=280 | threshold=0.734 | labels: 1055 long, 1098 short (49/51%)
    [trial 10] Sharpe=-0.0170 (folds: 0.0709, -0.1097, -0.1170, 0.0950, -0.0244)
    [trial 11] 49 features, training_days=290 | threshold=0.719 | labels: 1055 long, 1098 short (49/51%)
    [trial 11] Sharpe=0.2480 (folds: 0.7137, 0.0586, 0.1716, 0.2925, 0.0038)
    [trial 12] 49 features, training_days=190 | threshold=0.734 | labels: 1055 long, 1098 short (49/51%)
    [trial 12] Sharpe=-2.2858 (folds: -10.0000, -0.1458, -0.8854, -0.0793, -0.3186)
    [trial 13] 49 features, training_days=300 | threshold=0.743 | labels: 1055 long, 1098 short (49/51%)
    [trial 13] Sharpe=0.0180 (folds: 0.0863, -0.1031, -0.0677, 0.1675, 0.0072)
    [trial 14] 49 features, training_days=140 | threshold=0.783 | labels: 1055 long, 1098 short (49/51%)
    [trial 14] Sharpe=0.1617 (folds: 0.5132, -0.0311, 0.0503, 0.1132, 0.1630)
    [trial 15] 49 features, training_days=100 | threshold=0.695 | labels: 1055 long, 1098 short (49/51%)
    [trial 15] Sharpe=0.0808 (folds: 0.2128, -0.1317, 0.0587, 0.0736, 0.1907)
    [trial 16] 49 features, training_days=120 | threshold=0.778 | labels: 1055 long, 1098 short (49/51%)
    [trial 16] Sharpe=0.0912 (folds: 0.1926, -0.0008, 0.1476, -0.0976, 0.2139)
    [trial 17] 49 features, training_days=370 | threshold=0.676 | labels: 1055 long, 1098 short (49/51%)
    [trial 17] Sharpe=0.1851 (folds: 0.6626, -0.0488, 0.0453, 0.3202, -0.0537)
  Optuna: 18 trials, best Sharpe = 0.2480
  Best params: n_estimators=223, max_depth=4, lr=0.0104, leaves=53
  Best confidence_threshold: 0.719
  Best training_days: 290
  Retrained on full data (870 samples, 49 features)
  [ensemble 2/3] seed=123
    [trial 0] 49 features, training_days=150 | threshold=0.744 | labels: 1055 long, 1098 short (49/51%)
    [CV fold 0] train_end=2022-01-22 08:00 | val_start=2022-01-30 00:00 | gap=184h (22 rows)
    [CV fold 1] train_end=2022-05-26 16:00 | val_start=2022-06-03 08:00 | gap=184h (22 rows)
    [CV fold 2] train_end=2022-09-23 00:00 | val_start=2022-09-30 16:00 | gap=184h (22 rows)
    [CV fold 3] train_end=2023-01-20 08:00 | val_start=2023-01-28 00:00 | gap=184h (22 rows)
    [CV fold 4] train_end=2023-05-19 16:00 | val_start=2023-05-27 08:00 | gap=184h (22 rows)
    [trial 0] Sharpe=0.0197 (folds: 0.1854, -0.0730, 0.0220, 0.0039, -0.0396)
    [trial 1] 49 features, training_days=220 | threshold=0.755 | labels: 1055 long, 1098 short (49/51%)
    [trial 1] Sharpe=-2.1600 (folds: -10.0000, 0.0007, -0.9028, 0.0918, 0.0103)
    [trial 2] 49 features, training_days=310 | threshold=0.754 | labels: 1055 long, 1098 short (49/51%)
    [trial 2] Sharpe=0.0413 (folds: 0.1242, -0.1159, -0.0267, 0.2030, 0.0216)
    [trial 3] 49 features, training_days=220 | threshold=0.673 | labels: 1055 long, 1098 short (49/51%)
    [trial 3] Sharpe=-0.0198 (folds: 0.0992, -0.1248, -0.0758, 0.0551, -0.0526)
    [trial 4] 49 features, training_days=130 | threshold=0.803 | labels: 1055 long, 1098 short (49/51%)
    [trial 4] Sharpe=0.0865 (folds: 0.0964, -0.0920, 0.2616, -0.0548, 0.2215)
    [trial 5] 49 features, training_days=210 | threshold=0.606 | labels: 1055 long, 1098 short (49/51%)
    [trial 5] Sharpe=0.0494 (folds: 0.1410, -0.1220, 0.0907, 0.1235, 0.0137)
    [trial 6] 49 features, training_days=130 | threshold=0.767 | labels: 1055 long, 1098 short (49/51%)
    [trial 6] Sharpe=0.0065 (folds: 0.1118, -0.1685, 0.0383, -0.0632, 0.1138)
    [trial 7] 49 features, training_days=80 | threshold=0.556 | labels: 1055 long, 1098 short (49/51%)
    [trial 7] Sharpe=0.0430 (folds: 0.0622, -0.0687, 0.1793, -0.0484, 0.0904)
    [trial 8] 49 features, training_days=200 | threshold=0.607 | labels: 1055 long, 1098 short (49/51%)
    [trial 8] Sharpe=-0.0259 (folds: 0.0586, -0.1058, -0.0221, 0.0157, -0.0758)
    [trial 9] 49 features, training_days=260 | threshold=0.620 | labels: 1055 long, 1098 short (49/51%)
    [trial 9] Sharpe=0.0197 (folds: 0.1139, -0.1266, -0.0171, 0.1516, -0.0233)
    [trial 10] 49 features, training_days=470 | threshold=0.845 | labels: 1055 long, 1098 short (49/51%)
    [trial 10] Sharpe=-1.8813 (folds: -10.0000, 0.0414, 0.1171, 0.4630, -0.0279)
    [trial 11] 49 features, training_days=30 | threshold=0.513 | labels: 1055 long, 1098 short (49/51%)[I 2026-06-01 23:28:25,173] Trial 11 finished with value: -1.9687359225546754 and parameters: {'confidence_threshold': 0.5130539202318031, 'training_days': 30, 'n_estimators': 257, 'max_depth': 5, 'num_leaves': 41, 'learning_rate': 0.08620962876293897, 'subsample': 0.9210530603260193, 'colsample_bytree': 0.6778283959364831, 'min_child_samples': 78, 'reg_alpha': 5.742247406700029, 'reg_lambda': 1.00349377967668e-08}. Best is trial 4 with value: 0.08654335119741637.
[I 2026-06-01 23:28:25,456] Trial 12 finished with value: -0.014849909908899932 and parameters: {'confidence_threshold': 0.830632524875604, 'training_days': 350, 'n_estimators': 252, 'max_depth': 5, 'num_leaves': 37, 'learning_rate': 0.11145343850561013, 'subsample': 0.5325573395575733, 'colsample_bytree': 0.5201164353688423, 'min_child_samples': 49, 'reg_alpha': 0.05982161197147965, 'reg_lambda': 4.4183039420778844e-07}. Best is trial 4 with value: 0.08654335119741637.
[I 2026-06-01 23:28:25,503] Trial 13 finished with value: -0.056011701150869356 and parameters: {'confidence_threshold': 0.6676681644376227, 'training_days': 10, 'n_estimators': 475, 'max_depth': 5, 'num_leaves': 43, 'learning_rate': 0.06238073720474572, 'subsample': 0.6646667164893812, 'colsample_bytree': 0.9141095054883511, 'min_child_samples': 77, 'reg_alpha': 3.791617543006215e-07, 'reg_lambda': 3.3084859739591915e-07}. Best is trial 4 with value: 0.08654335119741637.
[I 2026-06-01 23:28:25,635] Trial 14 finished with value: 0.08318627260492475 and parameters: {'confidence_threshold': 0.6064803304844418, 'training_days': 110, 'n_estimators': 301, 'max_depth': 5, 'num_leaves': 28, 'learning_rate': 0.17769396482476296, 'subsample': 0.878228037179165, 'colsample_bytree': 0.9928858122524122, 'min_child_samples': 76, 'reg_alpha': 0.06278179284163313, 'reg_lambda': 0.002238160234885918}. Best is trial 4 with value: 0.08654335119741637.
[I 2026-06-01 23:28:25,790] Trial 15 finished with value: 0.0904698737245681 and parameters: {'confidence_threshold': 0.7114655608346976, 'training_days': 90, 'n_estimators': 300, 'max_depth': 4, 'num_leaves': 25, 'learning_rate': 0.17710789728615237, 'subsample': 0.8966418548807951, 'colsample_bytree': 0.9972805333912819, 'min_child_samples': 46, 'reg_alpha': 0.0021337810092520127, 'reg_lambda': 0.003357590817136605}. Best is trial 15 with value: 0.0904698737245681.
[I 2026-06-01 23:28:25,879] Trial 16 finished with value: 0.009815249258813098 and parameters: {'confidence_threshold': 0.794624448167231, 'training_days': 60, 'n_estimators': 209, 'max_depth': 4, 'num_leaves': 15, 'learning_rate': 0.2706033678789115, 'subsample': 0.9689341817696226, 'colsample_bytree': 0.9182676696103418, 'min_child_samples': 43, 'reg_alpha': 0.0013218918788731318, 'reg_lambda': 0.14009377157861788}. Best is trial 15 with value: 0.0904698737245681.
[I 2026-06-01 23:28:26,197] Trial 17 finished with value: 0.013186319305136465 and parameters: {'confidence_threshold': 0.7110519736587814, 'training_days': 140, 'n_estimators': 429, 'max_depth': 4, 'num_leaves': 27, 'learning_rate': 0.15574750436377124, 'subsample': 0.5975400821780594, 'colsample_bytree': 0.982300071998977, 'min_child_samples': 44, 'reg_alpha': 0.012689405301989979, 'reg_lambda': 0.005685240851130799}. Best is trial 15 with value: 0.0904698737245681.
[I 2026-06-01 23:28:26,510] A new study created in memory with name: no-name-7c0194c3-cec3-4008-a24b-584d5e1aaebf
[I 2026-06-01 23:28:26,737] Trial 0 finished with value: 0.07406741702267121 and parameters: {'confidence_threshold': 0.5870645682749857, 'training_days': 90, 'n_estimators': 403, 'max_depth': 5, 'num_leaves': 45, 'learning_rate': 0.0780457193679974, 'subsample': 0.9428509515574568, 'colsample_bytree': 0.8795587339164916, 'min_child_samples': 34, 'reg_alpha': 2.2465901234314442e-07, 'reg_lambda': 8.339007036475363e-05}. Best is trial 0 with value: 0.07406741702267121.
[I 2026-06-01 23:28:26,850] Trial 1 finished with value: 0.04966310804702071 and parameters: {'confidence_threshold': 0.6348453934275313, 'training_days': 290, 'n_estimators': 115, 'max_depth': 5, 'num_leaves': 37, 'learning_rate': 0.06949568759029946, 'subsample': 0.8228505074024268, 'colsample_bytree': 0.8616703220431751, 'min_child_samples': 75, 'reg_alpha': 4.2486822725010923e-07, 'reg_lambda': 1.157247767047042e-07}. Best is trial 0 with value: 0.07406741702267121.
[I 2026-06-01 23:28:26,870] Trial 2 finished with value: -0.056011701150869356 and parameters: {'confidence_threshold': 0.5849570384370288, 'training_days': 10, 'n_estimators': 212, 'max_depth': 3, 'num_leaves': 41, 'learning_rate': 0.18452095998378365, 'subsample': 0.6001060822924371, 'colsample_bytree': 0.5673167293506167, 'min_child_samples': 37, 'reg_alpha': 5.733250064217131, 'reg_lambda': 0.5308454292595461}. Best is trial 0 with value: 0.07406741702267121.
[I 2026-06-01 23:28:26,949] Trial 3 finished with value: 0.14046650127339272 and parameters: {'confidence_threshold': 0.6868248626683718, 'training_days': 220, 'n_estimators': 134, 'max_depth': 3, 'num_leaves': 45, 'learning_rate': 0.033529007907491595, 'subsample': 0.8647277071858408, 'colsample_bytree': 0.778494116634046, 'min_child_samples': 96, 'reg_alpha': 2.409409937265785e-07, 'reg_lambda': 1.1642073478060009}. Best is trial 3 with value: 0.14046650127339272.
[I 2026-06-01 23:28:27,047] Trial 4 finished with value: -0.015351151648964185 and parameters: {'confidence_threshold': 0.5623121348350352, 'training_days': 300, 'n_estimators': 69, 'max_depth': 4, 'num_leaves': 32, 'learning_rate': 0.14967629360700346, 'subsample': 0.5054535233636654, 'colsample_bytree': 0.7401385194659216, 'min_child_samples': 27, 'reg_alpha': 1.4212042567426725e-07, 'reg_lambda': 0.23605753701352003}. Best is trial 3 with value: 0.14046650127339272.
[I 2026-06-01 23:28:27,468] Trial 5 finished with value: -0.017507329228086267 and parameters: {'confidence_threshold': 0.7111850244908446, 'training_days': 490, 'n_estimators': 362, 'max_depth': 5, 'num_leaves': 40, 'learning_rate': 0.05960785724162737, 'subsample': 0.5589714368907717, 'colsample_bytree': 0.6659006943232806, 'min_child_samples': 42, 'reg_alpha': 0.6741360303045295, 'reg_lambda': 6.054601607143087e-08}. Best is trial 3 with value: 0.14046650127339272.
[I 2026-06-01 23:28:27,662] Trial 6 finished with value: -0.012132276192622565 and parameters: {'confidence_threshold': 0.667482545748023, 'training_days': 420, 'n_estimators': 279, 'max_depth': 3, 'num_leaves': 45, 'learning_rate': 0.040099592560849204, 'subsample': 0.8563114696415159, 'colsample_bytree': 0.5442917781944105, 'min_child_samples': 50, 'reg_alpha': 1.6407916423707903e-08, 'reg_lambda': 2.935907642973286e-05}. Best is trial 3 with value: 0.14046650127339272.
[I 2026-06-01 23:28:27,842] Trial 7 finished with value: 0.04900714894512266 and parameters: {'confidence_threshold': 0.5497381024139926, 'training_days': 120, 'n_estimators': 408, 'max_depth': 5, 'num_leaves': 38, 'learning_rate': 0.28049122657745795, 'subsample': 0.8806573338635493, 'colsample_bytree': 0.5454054113547102, 'min_child_samples': 63, 'reg_alpha': 0.01263008637940408, 'reg_lambda': 0.04588020805366937}. Best is trial 3 with value: 0.14046650127339272.
[I 2026-06-01 23:28:28,148] Trial 8 finished with value: 0.06240181436305535 and parameters: {'confidence_threshold': 0.719644804808716, 'training_days': 450, 'n_estimators': 410, 'max_depth': 4, 'num_leaves': 57, 'learning_rate': 0.04022026551478857, 'subsample': 0.5336085426932707, 'colsample_bytree': 0.5705742850577543, 'min_child_samples': 100, 'reg_alpha': 5.916398047912201e-07, 'reg_lambda': 0.9794034214488329}. Best is trial 3 with value: 0.14046650127339272.
[I 2026-06-01 23:28:28,171] Trial 9 finished with value: -0.1264072983578195 and parameters: {'confidence_threshold': 0.7267463643917187, 'training_days': 20, 'n_estimators': 337, 'max_depth': 5, 'num_leaves': 23, 'learning_rate': 0.022153031811454605, 'subsample': 0.6305627572358737, 'colsample_bytree': 0.6613413774216214, 'min_child_samples': 81, 'reg_alpha': 5.7638634029410314e-08, 'reg_lambda': 8.26603016764008}. Best is trial 3 with value: 0.14046650127339272.
[I 2026-06-01 23:28:28,280] Trial 10 finished with value: -7.999433853545099 and parameters: {'confidence_threshold': 0.8283920119574972, 'training_days': 200, 'n_estimators': 181, 'max_depth': 3, 'num_leaves': 62, 'learning_rate': 0.011579281028220855, 'subsample': 0.7130289643560688, 'colsample_bytree': 0.9944479338273263, 'min_child_samples': 100, 'reg_alpha': 6.837313901272251e-05, 'reg_lambda': 0.0027253228209330924}. Best is trial 3 with value: 0.14046650127339272.
[I 2026-06-01 23:28:28,612] Trial 11 finished with value: 0.023296574635188326 and parameters: {'confidence_threshold': 0.6199117858976716, 'training_days': 140, 'n_estimators': 478, 'max_depth': 4, 'num_leaves': 50, 'learning_rate': 0.09545304377912815, 'subsample': 0.9905541628258661, 'colsample_bytree': 0.8685569825074387, 'min_child_samples': 23, 'reg_alpha': 2.5646023357365184e-05, 'reg_lambda': 1.7304651813913034e-05}. Best is trial 3 with value: 0.14046650127339272.
[I 2026-06-01 23:28:28,718] Trial 12 finished with value: 0.10335263456547805 and parameters: {'confidence_threshold': 0.5145853631584999, 'training_days': 100, 'n_estimators': 237, 'max_depth': 4, 'num_leaves': 51, 'learning_rate': 0.02532673736314218, 'subsample': 0.9860730178578258, 'colsample_bytree': 0.8597431919298063, 'min_child_samples': 62, 'reg_alpha': 8.46843277074541e-06, 'reg_lambda': 0.0011587658552242412}. Best is trial 3 with value: 0.14046650127339272.
[I 2026-06-01 23:28:28,860] Trial 13 finished with value: 0.027552557890055833 and parameters: {'confidence_threshold': 0.5012593228941856, 'training_days': 210, 'n_estimators': 185, 'max_depth': 4, 'num_leaves': 52, 'learning_rate': 0.02073800203501663, 'subsample': 0.7750964207843904, 'colsample_bytree': 0.8026832163283323, 'min_child_samples': 75, 'reg_alpha': 8.465942575614097e-06, 'reg_lambda': 0.0035673980805692837}. Best is trial 3 with value: 0.14046650127339272.
[I 2026-06-01 23:28:29,054] Trial 14 finished with value: 0.21297015593234447 and parameters: {'confidence_threshold': 0.7878219223520097, 'training_days': 380, 'n_estimators': 246, 'max_depth': 3, 'num_leaves': 17, 'learning_rate': 0.02479126776763476, 'subsample': 0.9294526207842858, 'colsample_bytree': 0.9716173144079501, 'min_child_samples': 87, 'reg_alpha': 0.007558490788345576, 'reg_lambda': 1.3173812139485217e-06}. Best is trial 14 with value: 0.21297015593234447.
[I 2026-06-01 23:28:29,158] Trial 15 finished with value: -8.048213817449327 and parameters: {'confidence_threshold': 0.8051902551786149, 'training_days': 340, 'n_estimators': 133, 'max_depth': 3, 'num_leaves': 16, 'learning_rate': 0.010002670358528643, 'subsample': 0.9130673202651429, 'colsample_bytree': 0.991432719130808, 'min_child_samples': 88, 'reg_alpha': 0.002133995302102607, 'reg_lambda': 1.4182275923533832e-06}. Best is trial 14 with value: 0.21297015593234447.
[I 2026-06-01 23:28:29,224] Trial 16 finished with value: -5.976255167753355 and parameters: {'confidence_threshold': 0.7750253294073249, 'training_days': 370, 'n_estimators': 53, 'max_depth': 3, 'num_leaves': 30, 'learning_rate': 0.03443484454224182, 'subsample': 0.791541094918257, 'colsample_bytree': 0.9373223525891455, 'min_child_samples': 88, 'reg_alpha': 0.03696370588928545, 'reg_lambda': 1.2324080381902933e-06}. Best is trial 14 with value: 0.21297015593234447.
