[I 2026-06-01 23:29:23,625] Trial 9 finished with value: -4.001009203060578 and parameters: {'confidence_threshold': 0.7267463643917187, 'training_days': 20, 'n_estimators': 337, 'max_depth': 5, 'num_leaves': 23, 'learning_rate': 0.022153031811454605, 'subsample': 0.6305627572358737, 'colsample_bytree': 0.6613413774216214, 'min_child_samples': 81, 'reg_alpha': 5.7638634029410314e-08, 'reg_lambda': 8.26603016764008}. Best is trial 7 with value: -0.00161004763059239.
[I 2026-06-01 23:29:23,925] Trial 10 finished with value: -0.06647531840512863 and parameters: {'confidence_threshold': 0.8398533911817929, 'training_days': 180, 'n_estimators': 485, 'max_depth': 4, 'num_leaves': 15, 'learning_rate': 0.2797087873840057, 'subsample': 0.7130289643560688, 'colsample_bytree': 0.9944479338273263, 'min_child_samples': 62, 'reg_alpha': 0.002237492903849199, 'reg_lambda': 0.004699952286108024}. Best is trial 7 with value: -0.00161004763059239.
[I 2026-06-01 23:29:24,254] Trial 11 finished with value: -0.016485576563950187 and parameters: {'confidence_threshold': 0.7828153509856826, 'training_days': 390, 'n_estimators': 478, 'max_depth': 4, 'num_leaves': 61, 'learning_rate': 0.010149195339562909, 'subsample': 0.9842623422401993, 'colsample_bytree': 0.5017024210185925, 'min_child_samples': 100, 'reg_alpha': 7.734216608663387e-05, 'reg_lambda': 0.010807080111378337}. Best is trial 7 with value: -0.00161004763059239.
[I 2026-06-01 23:29:24,458] Trial 12 finished with value: 0.007534527710885047 and parameters: {'confidence_threshold': 0.5145853631584999, 'training_days': 150, 'n_estimators': 416, 'max_depth': 4, 'num_leaves': 58, 'learning_rate': 0.01924681962976845, 'subsample': 0.7299332364823727, 'colsample_bytree': 0.61778471397979, 'min_child_samples': 67, 'reg_alpha': 0.0029840105278007545, 'reg_lambda': 0.008879244903605274}. Best is trial 12 with value: 0.007534527710885047.
[I 2026-06-01 23:29:24,602] Trial 13 finished with value: -0.01675683882857093 and parameters: {'confidence_threshold': 0.5007578887007379, 'training_days': 130, 'n_estimators': 286, 'max_depth': 4, 'num_leaves': 54, 'learning_rate': 0.013786528184923935, 'subsample': 0.7451637277198547, 'colsample_bytree': 0.633238312765511, 'min_child_samples': 63, 'reg_alpha': 0.010538923631599173, 'reg_lambda': 0.0049340572430969665}. Best is trial 12 with value: 0.007534527710885047.
[I 2026-06-01 23:29:24,758] Trial 14 finished with value: 0.032300586100101954 and parameters: {'confidence_threshold': 0.5044444372741629, 'training_days': 110, 'n_estimators': 426, 'max_depth': 5, 'num_leaves': 31, 'learning_rate': 0.11672086245234006, 'subsample': 0.6776505255398512, 'colsample_bytree': 0.6122042522489388, 'min_child_samples': 73, 'reg_alpha': 6.0564691975063294e-05, 'reg_lambda': 1.116326883897629e-05}. Best is trial 14 with value: 0.032300586100101954.
[I 2026-06-01 23:29:25,006] Trial 15 finished with value: -0.0684145145002038 and parameters: {'confidence_threshold': 0.5038943273679323, 'training_days': 180, 'n_estimators': 453, 'max_depth': 4, 'num_leaves': 27, 'learning_rate': 0.11150973245314473, 'subsample': 0.672859295281912, 'colsample_bytree': 0.7041448251164384, 'min_child_samples': 77, 'reg_alpha': 1.7836787545151695e-05, 'reg_lambda': 2.582339790441249e-06}. Best is trial 14 with value: 0.032300586100101954.
[I 2026-06-01 23:29:25,113] Trial 16 finished with value: -0.048708590189530894 and parameters: {'confidence_threshold': 0.5294090351262187, 'training_days': 70, 'n_estimators': 340, 'max_depth': 4, 'num_leaves': 51, 'learning_rate': 0.021342803802310486, 'subsample': 0.7770080328838443, 'colsample_bytree': 0.6124008626337957, 'min_child_samples': 52, 'reg_alpha': 1.2005829643980153e-05, 'reg_lambda': 4.662397364839833e-06}. Best is trial 14 with value: 0.032300586100101954.
[I 2026-06-01 23:29:25,269] Trial 17 finished with value: -0.007869359952865846 and parameters: {'confidence_threshold': 0.6192049332363989, 'training_days': 240, 'n_estimators': 217, 'max_depth': 5, 'num_leaves': 29, 'learning_rate': 0.09924168761359961, 'subsample': 0.6782319389303799, 'colsample_bytree': 0.7953149314613027, 'min_child_samples': 83, 'reg_alpha': 0.0008059760040484764, 'reg_lambda': 0.0004303149386164817}. Best is trial 14 with value: 0.032300586100101954.

    [CV fold 3] train_end=2023-06-20 00:00 | val_start=2023-06-27 16:00 | gap=184h (22 rows)
    [CV fold 4] train_end=2023-10-18 00:00 | val_start=2023-10-25 16:00 | gap=184h (22 rows)
    [trial 0] Sharpe=0.0495 (folds: -0.2584, 0.2665, 0.0236, 0.2626, -0.0468)
    [trial 1] 49 features, training_days=220 | threshold=0.755 | labels: 1108 long, 1057 short (51/49%)
    [trial 1] Sharpe=0.0019 (folds: -0.2924, -0.0585, 0.2583, 0.0968, 0.0054)
    [trial 2] 49 features, training_days=310 | threshold=0.754 | labels: 1108 long, 1057 short (51/49%)
    [trial 2] Sharpe=-0.1275 (folds: -0.2755, -0.1192, 0.0240, 0.0052, -0.2719)
    [trial 3] 49 features, training_days=220 | threshold=0.673 | labels: 1108 long, 1057 short (51/49%)
    [trial 3] Sharpe=-0.0850 (folds: -0.2552, -0.0263, -0.0292, -0.1003, -0.0141)
    [trial 4] 49 features, training_days=130 | threshold=0.803 | labels: 1108 long, 1057 short (51/49%)
    [trial 4] Sharpe=0.0138 (folds: -0.2494, 0.2123, 0.0638, 0.2180, -0.1759)
    [trial 5] 49 features, training_days=210 | threshold=0.606 | labels: 1108 long, 1057 short (51/49%)
    [trial 5] Sharpe=-0.0561 (folds: -0.2210, -0.0235, 0.0024, -0.0588, 0.0204)
    [trial 6] 49 features, training_days=130 | threshold=0.767 | labels: 1108 long, 1057 short (51/49%)
    [trial 6] Sharpe=-0.0064 (folds: -0.2556, 0.1216, 0.0376, 0.1829, -0.1186)
    [trial 7] 49 features, training_days=80 | threshold=0.556 | labels: 1108 long, 1057 short (51/49%)
    [trial 7] Sharpe=-0.0485 (folds: -0.2586, -0.1306, -0.1200, 0.1175, 0.1491)
    [trial 8] 49 features, training_days=200 | threshold=0.607 | labels: 1108 long, 1057 short (51/49%)
    [trial 8] Sharpe=-0.0735 (folds: -0.2574, -0.0321, -0.0253, -0.0895, 0.0367)
    [trial 9] 49 features, training_days=260 | threshold=0.620 | labels: 1108 long, 1057 short (51/49%)
    [trial 9] Sharpe=0.0193 (folds: -0.2631, 0.0379, 0.1358, 0.0874, 0.0984)
    [trial 10] 49 features, training_days=470 | threshold=0.845 | labels: 1108 long, 1057 short (51/49%)
    [trial 10] Sharpe=-2.0157 (folds: -0.2402, -0.2848, -10.0000, 0.1251, 0.3214)
    [trial 11] 49 features, training_days=340 | threshold=0.684 | labels: 1108 long, 1057 short (51/49%)
    [trial 11] Sharpe=-0.0345 (folds: -0.2715, -0.0771, 0.1804, 0.0447, -0.0492)
    [trial 12] 49 features, training_days=10 | threshold=0.660 | labels: 1108 long, 1057 short (51/49%)
    [trial 12] Sharpe=-0.1398 (folds: -0.2586, -0.3708, -0.0247, 0.1060, -0.1509)
    [trial 13] 49 features, training_days=390 | threshold=0.521 | labels: 1108 long, 1057 short (51/49%)
    [trial 13] Sharpe=-0.0561 (folds: -0.2683, -0.0220, 0.0242, 0.0109, -0.0251)
    [trial 14] 49 features, training_days=290 | threshold=0.721 | labels: 1108 long, 1057 short (51/49%)
    [trial 14] Sharpe=-0.0862 (folds: -0.4422, 0.0418, 0.0578, 0.0818, -0.1703)
    [trial 15] 49 features, training_days=130 | threshold=0.610 | labels: 1108 long, 1057 short (51/49%)
    [trial 15] Sharpe=0.0064 (folds: -0.2507, 0.1778, 0.0744, 0.2744, -0.2442)
    [trial 16] 49 features, training_days=390 | threshold=0.643 | labels: 1108 long, 1057 short (51/49%)
    [trial 16] Sharpe=-0.0451 (folds: -0.2345, 0.0841, 0.0345, -0.0716, -0.0380)
    [trial 17] 49 features, training_days=40 | threshold=0.711 | labels: 1108 long, 1057 short (51/49%)
    [trial 17] Sharpe=0.1068 (folds: -0.2586, 0.3463, 0.2138, 0.1756, 0.0570)
  Optuna: 18 trials, best Sharpe = 0.1068
  Best params: n_estimators=220, max_depth=5, lr=0.0288, leaves=44
  Best confidence_threshold: 0.711
  Best training_days: 40
  Retrained on full data (120 samples, 49 features)
  [ensemble 3/3] seed=456
    [trial 0] 49 features, training_days=90 | threshold=0.587 | labels: 1108 long, 1057 short (51/49%)
    [CV fold 0] train_end=2022-06-25 00:00 | val_start=2022-07-02 16:00 | gap=184h (22 rows)
    [CV fold 1] train_end=2022-10-23 00:00 | val_start=2022-10-30 16:00 | gap=184h (22 rows)
    [CV fold 2] train_end=2023-02-20 00:00 | val_start=2023-02-27 16:00 | gap=184h (22 rows)
    [CV fold 3] train_end=2023-06-20 00:00 | val_start=2023-06-27 16:00 | gap=184h (22 rows)
    [CV fold 4] train_end=2023-10-18 00:00 | val_start=2023-10-25 16:00 | gap=184h (22 rows)
    [trial 0] Sharpe=-0.0220 (folds: -0.2532, -0.0080, -0.0647, 0.0759, 0.1398)
    [trial 1] 49 features, training_days=290 | threshold=0.635 | labels: 1108 long, 1057 short (51/49%)
    [trial 1] Sharpe=-0.0307 (folds: -0.2695, 0.0861, 0.0388, 0.0450, -0.0541)
    [trial 2] 49 features, training_days=10 | threshold=0.585 | labels: 1108 long, 1057 short (51/49%)
    [trial 2] Sharpe=-0.1398 (folds: -0.2586, -0.3708, -0.0247, 0.1060, -0.1509)
    [trial 3] 49 features, training_days=220 | threshold=0.687 | labels: 1108 long, 1057 short (51/49%)
    [trial 3] Sharpe=-0.0603 (folds: -0.3275, -0.1084, 0.1391, -0.0044, -0.0002)
    [trial 4] 49 features, training_days=300 | threshold=0.562 | labels: 1108 long, 1057 short (51/49%)
    [trial 4] Sharpe=-0.0886 (folds: -0.2684, -0.0624, -0.0602, 0.0099, -0.0619)
    [trial 5] 49 features, training_days=490 | threshold=0.711 | labels: 1108 long, 1057 short (51/49%)
    [trial 5] Sharpe=-0.0317 (folds: -0.2636, 0.0495, 0.0609, 0.0385, -0.0439)
    [trial 6] 49 features, training_days=420 | threshold=0.667 | labels: 1108 long, 1057 short (51/49%)
    [trial 6] Sharpe=-0.0349 (folds: -0.2694, -0.0121, 0.0306, 0.1456, -0.0691)
    [trial 7] 49 features, training_days=120 | threshold=0.550 | labels: 1108 long, 1057 short (51/49%)
    [trial 7] Sharpe=-0.0016 (folds: -0.2526, 0.1148, 0.0520, 0.1389, -0.0613)
    [trial 8] 49 features, training_days=450 | threshold=0.720 | labels: 1108 long, 1057 short (51/49%)
    [trial 8] Sharpe=-0.0157 (folds: -0.2441, 0.1334, 0.0437, 0.0779, -0.0892)
    [trial 9] 49 features, training_days=20 | threshold=0.727 | labels: 1108 long, 1057 short (51/49%)
    [trial 9] Sharpe=-4.0010 (folds: -0.0770, 0.2888, -10.0000, -0.2169, -10.0000)
    [trial 10] 49 features, training_days=180 | threshold=0.840 | labels: 1108 long, 1057 short (51/49%)
    [trial 10] Sharpe=-0.0665 (folds: -0.2499, -0.0463, 0.0142, -0.0447, -0.0056)
    [trial 11] 49 features, training_days=390 | threshold=0.783 | labels: 1108 long, 1057 short (51/49%)
    [trial 11] Sharpe=-0.0165 (folds: -0.4696, -0.1565, 0.3980, 0.1949, -0.0493)
    [trial 12] 49 features, training_days=150 | threshold=0.515 | labels: 1108 long, 1057 short (51/49%)
    [trial 12] Sharpe=0.0075 (folds: -0.2258, 0.1559, 0.0487, 0.2101, -0.1512)
    [trial 13] 49 features, training_days=130 | threshold=0.501 | labels: 1108 long, 1057 short (51/49%)
    [trial 13] Sharpe=-0.0168 (folds: -0.2367, 0.1305, 0.0728, 0.2480, -0.2984)
    [trial 14] 49 features, training_days=110 | threshold=0.504 | labels: 1108 long, 1057 short (51/49%)
    [trial 14] Sharpe=0.0323 (folds: -0.2336, 0.1418, 0.0271, 0.1699, 0.0564)
    [trial 15] 49 features, training_days=180 | threshold=0.504 | labels: 1108 long, 1057 short (51/49%)
    [trial 15] Sharpe=-0.0684 (folds: -0.2233, -0.0032, -0.0227, -0.0580, -0.0349)
    [trial 16] 49 features, training_days=70 | threshold=0.529 | labels: 1108 long, 1057 short (51/49%)
    [trial 16] Sharpe=-0.0487 (folds: -0.2586, -0.2762, 0.0311, 0.0703, 0.1898)
    [trial 17] 49 features, training_days=240 | threshold=0.619 | labels: 1108 long, 1057 short (51/49%)
    [trial 17] Sharpe=-0.0079 (folds: -0.1843, 0.0705, 0.0452, 0.0419, -0.0127)
  Optuna: 18 trials, best Sharpe = 0.0323
  Best params: n_estimators=426, max_depth=5, lr=0.1167, leaves=31
  Best confidence_threshold: 0.504
  Best training_days: 110
  Retrained on full data (330 samples, 49 features)
  OOD: 16 features, cutoff (q=0.7) = 14.02
  Model trained for 2024-03: 93 test candles with features, confidence_threshold=0.663
[predict] 2024-03-04 16:00 LTCUSDT → SHORT (proba=0.95 TP=16.9%/SL=8.4%)
[trade:open] 2024-03-04 23:59 LTCUSDT SHORT @ 89.03 | SL=96.55 TP=73.99 | timeout=2024-03-11 23:59
[trade:close] 2024-03-05 23:59 LTCUSDT SHORT → take_profit @ 73.99 | PnL=+16.90% (net +16.80%) | cum=+120.30% 2024-03=+16.80% 2024-03-05=+16.80%
[predict] 2024-03-18 00:00 LTCUSDT → LONG (proba=0.81 TP=18.7%/SL=9.4%)
[trade:open] 2024-03-18 07:59 LTCUSDT LONG @ 85.77 | SL=77.73 TP=101.85 | timeout=2024-03-25 07:59[I 2026-06-01 23:29:25,877] A new study created in memory with name: no-name-88b747a0-857c-4ada-986b-169fe9c275c9
[I 2026-06-01 23:29:26,225] Trial 0 finished with value: -0.026197265133353253 and parameters: {'confidence_threshold': 0.6310890415965769, 'training_days': 480, 'n_estimators': 380, 'max_depth': 4, 'num_leaves': 22, 'learning_rate': 0.01699897838270077, 'subsample': 0.5290418060840998, 'colsample_bytree': 0.9330880728874675, 'min_child_samples': 68, 'reg_alpha': 0.023585940584142682, 'reg_lambda': 1.5320059381854043e-08}. Best is trial 0 with value: -0.026197265133353253.
[I 2026-06-01 23:29:26,370] Trial 1 finished with value: -2.0354360273576164 and parameters: {'confidence_threshold': 0.839468448256698, 'training_days': 420, 'n_estimators': 145, 'max_depth': 3, 'num_leaves': 23, 'learning_rate': 0.028145092716060652, 'subsample': 0.762378215816119, 'colsample_bytree': 0.7159725093210578, 'min_child_samples': 43, 'reg_alpha': 0.0032112643094417484, 'reg_lambda': 1.8007140198129195e-07}. Best is trial 0 with value: -0.026197265133353253.
[I 2026-06-01 23:29:26,541] Trial 2 finished with value: 0.03766969334297752 and parameters: {'confidence_threshold': 0.6022506269873263, 'training_days': 190, 'n_estimators': 255, 'max_depth': 5, 'num_leaves': 24, 'learning_rate': 0.05748924681991978, 'subsample': 0.7962072844310213, 'colsample_bytree': 0.5232252063599989, 'min_child_samples': 69, 'reg_alpha': 3.425445902633376e-07, 'reg_lambda': 3.850031979199519e-08}. Best is trial 2 with value: 0.03766969334297752.
[I 2026-06-01 23:29:26,853] Trial 3 finished with value: -0.007196412375923511 and parameters: {'confidence_threshold': 0.8321099380386666, 'training_days': 490, 'n_estimators': 414, 'max_depth': 3, 'num_leaves': 19, 'learning_rate': 0.1024932221692416, 'subsample': 0.7200762468698007, 'colsample_bytree': 0.5610191174223894, 'min_child_samples': 60, 'reg_alpha': 2.039373116525212e-08, 'reg_lambda': 1.527156759251193}. Best is trial 2 with value: 0.03766969334297752.
[I 2026-06-01 23:29:27,064] Trial 4 finished with value: -0.036314162162534504 and parameters: {'confidence_threshold': 0.5905729935600059, 'training_days': 340, 'n_estimators': 190, 'max_depth': 4, 'num_leaves': 41, 'learning_rate': 0.01875220945578641, 'subsample': 0.9847923138822793, 'colsample_bytree': 0.8875664116805573, 'min_child_samples': 96, 'reg_alpha': 1.1309571585271483, 'reg_lambda': 0.002404915432737351}. Best is trial 2 with value: 0.03766969334297752.
[I 2026-06-01 23:29:27,105] Trial 5 finished with value: 0.05963959825861489 and parameters: {'confidence_threshold': 0.8226559822580909, 'training_days': 50, 'n_estimators': 138, 'max_depth': 3, 'num_leaves': 30, 'learning_rate': 0.03750796359625606, 'subsample': 0.6356745158869479, 'colsample_bytree': 0.9143687545759647, 'min_child_samples': 48, 'reg_alpha': 3.376063348877853e-06, 'reg_lambda': 0.0007660634613082914}. Best is trial 5 with value: 0.05963959825861489.
[I 2026-06-01 23:29:27,222] Trial 6 finished with value: -0.009783261759476292 and parameters: {'confidence_threshold': 0.5493234787411669, 'training_days': 410, 'n_estimators': 83, 'max_depth': 5, 'num_leaves': 52, 'learning_rate': 0.019657448966046126, 'subsample': 0.5027610585618012, 'colsample_bytree': 0.9077307142274171, 'min_child_samples': 77, 'reg_alpha': 0.03639690979811287, 'reg_lambda': 0.08738424135626986}. Best is trial 5 with value: 0.05963959825861489.
[I 2026-06-01 23:29:27,331] Trial 7 finished with value: 0.03396980773518925 and parameters: {'confidence_threshold': 0.5259156281069316, 'training_days': 180, 'n_estimators': 102, 'max_depth': 5, 'num_leaves': 45, 'learning_rate': 0.030816017044468066, 'subsample': 0.5317791751430119, 'colsample_bytree': 0.6554911608578311, 'min_child_samples': 46, 'reg_alpha': 0.036851536911881845, 'reg_lambda': 0.005470376807480391}. Best is trial 5 with value: 0.05963959825861489.
[I 2026-06-01 23:29:27,452] Trial 8 finished with value: -0.10632676922104208 and parameters: {'confidence_threshold': 0.8105244599017143, 'training_days': 240, 'n_estimators': 103, 'max_depth': 5, 'num_leaves': 52, 'learning_rate': 0.06746437142284309, 'subsample': 0.8854835899772805, 'colsample_bytree': 0.7468977981821954, 'min_child_samples': 62, 'reg_alpha': 7.04480806377519e-05, 'reg_lambda': 1.6934490731313353e-08}. Best is trial 5 with value: 0.05963959825861489.
[I 2026-06-01 23:29:27,476] Trial 9 finished with value: 0.016480998073311093 and parameters: {'confidence_threshold': 0.5377619994476566, 'training_days': 20, 'n_estimators': 337, 'max_depth': 3, 'num_leaves': 39, 'learning_rate': 0.21907142272152816, 'subsample': 0.6246461145744375, 'colsample_bytree': 0.7051914615178149, 'min_child_samples': 81, 'reg_alpha': 1.1459970229341322e-06, 'reg_lambda': 4.929685216887945e-08}. Best is trial 5 with value: 0.05963959825861489.
[I 2026-06-01 23:29:27,509] Trial 10 finished with value: -1.998259182400567 and parameters: {'confidence_threshold': 0.7318981109748116, 'training_days': 10, 'n_estimators': 487, 'max_depth': 4, 'num_leaves': 31, 'learning_rate': 0.14704103471568217, 'subsample': 0.628963476300746, 'colsample_bytree': 0.987470107623585, 'min_child_samples': 25, 'reg_alpha': 2.608784411827665e-05, 'reg_lambda': 3.3639426888455256e-06}. Best is trial 5 with value: 0.05963959825861489.
[I 2026-06-01 23:29:27,650] Trial 11 finished with value: -0.005651183887557548 and parameters: {'confidence_threshold': 0.7031315520633984, 'training_days': 120, 'n_estimators': 245, 'max_depth': 4, 'num_leaves': 30, 'learning_rate': 0.04928235056220389, 'subsample': 0.7958418179650298, 'colsample_bytree': 0.5038827132281698, 'min_child_samples': 49, 'reg_alpha': 1.9536858255923362e-07, 'reg_lambda': 3.526824099171197e-05}. Best is trial 5 with value: 0.05963959825861489.
[I 2026-06-01 23:29:27,841] Trial 12 finished with value: 0.058901464757032715 and parameters: {'confidence_threshold': 0.7674220338368787, 'training_days': 110, 'n_estimators': 242, 'max_depth': 5, 'num_leaves': 30, 'learning_rate': 0.05445057683691509, 'subsample': 0.6424283043115616, 'colsample_bytree': 0.8304278626461432, 'min_child_samples': 30, 'reg_alpha': 3.310691985108358e-06, 'reg_lambda': 3.5382603563116506e-05}. Best is trial 5 with value: 0.05963959825861489.
[I 2026-06-01 23:29:27,962] Trial 13 finished with value: 0.0655606723317117 and parameters: {'confidence_threshold': 0.7741659262972552, 'training_days': 100, 'n_estimators': 189, 'max_depth': 3, 'num_leaves': 62, 'learning_rate': 0.04342469449614958, 'subsample': 0.6433197814774015, 'colsample_bytree': 0.8155421717694826, 'min_child_samples': 22, 'reg_alpha': 9.007759578454498e-06, 'reg_lambda': 7.312063830814067e-05}. Best is trial 13 with value: 0.0655606723317117.
[I 2026-06-01 23:29:28,076] Trial 14 finished with value: 0.04205662092955394 and parameters: {'confidence_threshold': 0.7594036169129817, 'training_days': 80, 'n_estimators': 186, 'max_depth': 3, 'num_leaves': 60, 'learning_rate': 0.012077948426478895, 'subsample': 0.6920190789425901, 'colsample_bytree': 0.8312163037675877, 'min_child_samples': 20, 'reg_alpha': 0.0004539473867038485, 'reg_lambda': 0.0002979489411625065}. Best is trial 13 with value: 0.0655606723317117.
[I 2026-06-01 23:29:28,147] Trial 15 finished with value: -2.062520994529131 and parameters: {'confidence_threshold': 0.7880153718887515, 'training_days': 290, 'n_estimators': 54, 'max_depth': 3, 'num_leaves': 61, 'learning_rate': 0.034013509747781105, 'subsample': 0.6015874640141092, 'colsample_bytree': 0.8159769551709519, 'min_child_samples': 37, 'reg_alpha': 1.251500072255035e-08, 'reg_lambda': 0.019345028254750467}. Best is trial 13 with value: 0.0655606723317117.
[I 2026-06-01 23:29:28,221] Trial 16 finished with value: 0.08242150090656479 and parameters: {'confidence_threshold': 0.6760523483882178, 'training_days': 50, 'n_estimators': 171, 'max_depth': 3, 'num_leaves': 54, 'learning_rate': 0.09806146822400062, 'subsample': 0.6832758279827469, 'colsample_bytree': 0.9826162589395974, 'min_child_samples': 34, 'reg_alpha': 1.6230643075200477e-05, 'reg_lambda': 1.5949783981171654e-06}. Best is trial 16 with value: 0.08242150090656479.
