[I 2026-06-01 23:32:20,346] Trial 9 finished with value: 0.06751613739733996 and parameters: {'confidence_threshold': 0.6202096049169137, 'training_days': 260, 'n_estimators': 350, 'max_depth': 3, 'num_leaves': 21, 'learning_rate': 0.02989540198065364, 'subsample': 0.8307821683331218, 'colsample_bytree': 0.923253112635361, 'min_child_samples': 64, 'reg_alpha': 0.4898604619604203, 'reg_lambda': 2.9076377687066166e-05}. Best is trial 2 with value: 0.13768966781567415.
[I 2026-06-01 23:32:20,702] Trial 10 finished with value: 0.28839476004345 and parameters: {'confidence_threshold': 0.8445241688507242, 'training_days': 420, 'n_estimators': 494, 'max_depth': 3, 'num_leaves': 30, 'learning_rate': 0.010221918552934462, 'subsample': 0.5019190721168774, 'colsample_bytree': 0.6202684210924141, 'min_child_samples': 45, 'reg_alpha': 1.5494783182896407e-08, 'reg_lambda': 0.018878930586497852}. Best is trial 10 with value: 0.28839476004345.
[I 2026-06-01 23:32:21,056] Trial 11 finished with value: 0.16869736434217186 and parameters: {'confidence_threshold': 0.8371297552840329, 'training_days': 430, 'n_estimators': 493, 'max_depth': 3, 'num_leaves': 27, 'learning_rate': 0.010535067237031154, 'subsample': 0.5082312939353781, 'colsample_bytree': 0.625107197757402, 'min_child_samples': 45, 'reg_alpha': 1.0468203878541749e-08, 'reg_lambda': 0.01313348781546612}. Best is trial 10 with value: 0.28839476004345.

  [label] 2024-08-14 16:00 LTCUSDT entry=64.0300 → LONG | long=timeout(+0.21%) short=sl(-5.06%) | scanned=22 | no_tp→fwd_return=+0.3124
  [label] 2024-08-31 00:00 LTCUSDT entry=65.6300 → SHORT | long=sl(-5.64%) short=timeout(+2.63%) | scanned=22 | no_tp→fwd_return=-2.7274
  [label] 2024-09-12 16:00 LTCUSDT entry=62.7900 → LONG | long=timeout(+4.02%) short=sl(-3.94%) | scanned=22 | no_tp→fwd_return=+4.1249
  [label] 2024-10-01 00:00 LTCUSDT entry=68.1800 → SHORT | long=sl(-3.92%) short=tp(+7.55%) | scanned=2 | short_tp_only
  [label] 2024-10-07 08:00 LTCUSDT entry=65.8600 → LONG | long=sl(-3.70%) short=timeout(-1.72%) | scanned=22 | no_tp→fwd_return=+1.6247
  [label] 2024-10-19 16:00 LTCUSDT entry=74.8700 → SHORT | long=sl(-4.39%) short=tp(+8.49%) | scanned=12 | short_tp_only
  [label] 2024-11-28 08:00 LTCUSDT entry=93.9600 → LONG | long=tp(+17.52%) short=sl(-8.91%) | scanned=9 | long_tp_only
  [label] 2024-12-08 00:00 LTCUSDT entry=132.6000 → SHORT | long=sl(-10.26%) short=tp(+20.23%) | scanned=5 | short_tp_only
  [label] 2025-03-04 08:00 LTCUSDT entry=99.9700 → SHORT | long=sl(-14.08%) short=timeout(+9.96%) | scanned=22 | no_tp→fwd_return=-10.0630
  Labels: 1062 long (48.9%), 1109 short (51.1%) | weights: min=1.00, mean=2.97, max=10.00
  Features: 2171/2171 matched, 49 columns
  CV gap: 22 rows
  [ensemble 1/3] seed=42
    [trial 0] 49 features, training_days=480 | threshold=0.631 | labels: 1062 long, 1109 short (49/51%)
    [CV fold 0] train_end=2023-07-24 08:00 | val_start=2023-08-01 00:00 | gap=184h (22 rows)
    [CV fold 1] train_end=2023-11-21 16:00 | val_start=2023-11-29 08:00 | gap=184h (22 rows)
    [CV fold 2] train_end=2024-03-21 00:00 | val_start=2024-03-28 16:00 | gap=184h (22 rows)
    [CV fold 3] train_end=2024-07-19 08:00 | val_start=2024-07-27 00:00 | gap=184h (22 rows)
    [CV fold 4] train_end=2024-11-16 16:00 | val_start=2024-11-24 08:00 | gap=184h (22 rows)
    [trial 0] Sharpe=0.1407 (folds: 0.1980, 0.1255, 0.2507, 0.0895, 0.0396)
    [trial 1] 49 features, training_days=420 | threshold=0.839 | labels: 1062 long, 1109 short (49/51%)
    [trial 1] Sharpe=-1.9062 (folds: 0.1870, 0.2088, 0.0676, -10.0000, 0.0054)
    [trial 2] 49 features, training_days=190 | threshold=0.602 | labels: 1062 long, 1109 short (49/51%)
    [trial 2] Sharpe=0.0196 (folds: 0.1786, 0.0375, 0.0428, -0.0832, -0.0775)
    [trial 3] 49 features, training_days=490 | threshold=0.832 | labels: 1062 long, 1109 short (49/51%)
    [trial 3] Sharpe=0.1768 (folds: 0.2299, 0.1787, 0.3022, 0.1524, 0.0208)
    [trial 4] 49 features, training_days=340 | threshold=0.591 | labels: 1062 long, 1109 short (49/51%)
    [trial 4] Sharpe=0.0618 (folds: 0.0981, 0.0874, 0.2435, -0.0685, -0.0514)
    [trial 5] 49 features, training_days=50 | threshold=0.823 | labels: 1062 long, 1109 short (49/51%)
    [trial 5] Sharpe=-0.0615 (folds: -0.2847, 0.2544, -0.0457, -0.1010, -0.1308)
    [trial 6] 49 features, training_days=410 | threshold=0.549 | labels: 1062 long, 1109 short (49/51%)
    [trial 6] Sharpe=0.0549 (folds: 0.0112, 0.1209, 0.2509, -0.0701, -0.0383)
    [trial 7] 49 features, training_days=180 | threshold=0.526 | labels: 1062 long, 1109 short (49/51%)
    [trial 7] Sharpe=0.0403 (folds: 0.1576, 0.0292, 0.0879, 0.0066, -0.0799)
    [trial 8] 49 features, training_days=240 | threshold=0.811 | labels: 1062 long, 1109 short (49/51%)
    [trial 8] Sharpe=0.1234 (folds: 0.2619, 0.1978, 0.1423, 0.0106, 0.0046)
    [trial 9] 49 features, training_days=20 | threshold=0.538 | labels: 1062 long, 1109 short (49/51%)
    [trial 9] Sharpe=-0.0324 (folds: 0.0124, -0.1258, -0.1743, 0.2059, -0.0799)
    [trial 10] 49 features, training_days=350 | threshold=0.730 | labels: 1062 long, 1109 short (49/51%)
    [trial 10] Sharpe=0.1516 (folds: 0.2466, 0.1649, 0.2374, 0.0421, 0.0672)
    [trial 11] 49 features, training_days=330 | threshold=0.736 | labels: 1062 long, 1109 short (49/51%)
    [trial 11] Sharpe=0.1685 (folds: 0.2725, 0.1631, 0.2529, 0.0377, 0.1160)
    [trial 12] 49 features, training_days=470 | threshold=0.746 | labels: 1062 long, 1109 short (49/51%)
    [trial 12] Sharpe=0.1668 (folds: 0.2388, 0.1451, 0.2579, 0.0929, 0.0994)
    [trial 13] 49 features, training_days=320 | threshold=0.755 | labels: 1062 long, 1109 short (49/51%)
    [trial 13] Sharpe=0.1452 (folds: 0.2371, 0.1678, 0.2051, 0.0401, 0.0758)
    [trial 14] 49 features, training_days=500 | threshold=0.689 | labels: 1062 long, 1109 short (49/51%)
    [trial 14] Sharpe=0.1401 (folds: 0.1471, 0.1418, 0.2776, 0.0804, 0.0535)
    [trial 15] 49 features, training_days=270 | threshold=0.790 | labels: 1062 long, 1109 short (49/51%)
    [trial 15] Sharpe=0.0928 (folds: 0.2328, 0.1465, 0.2221, -0.1240, -0.0135)
    [trial 16] 49 features, training_days=400 | threshold=0.691 | labels: 1062 long, 1109 short (49/51%)
    [trial 16] Sharpe=0.1594 (folds: 0.2488, 0.1663, 0.2653, 0.0456, 0.0713)
    [trial 17] 49 features, training_days=100 | threshold=0.778 | labels: 1062 long, 1109 short (49/51%)
    [trial 17] Sharpe=0.0721 (folds: 0.1902, 0.6359, 0.1781, -0.3944, -0.2495)
  Optuna: 18 trials, best Sharpe = 0.1768
  Best params: n_estimators=414, max_depth=3, lr=0.1025, leaves=19
  Best confidence_threshold: 0.832
  Best training_days: 490
  Retrained on full data (1470 samples, 49 features)
  [ensemble 2/3] seed=123
    [trial 0] 49 features, training_days=150 | threshold=0.744 | labels: 1062 long, 1109 short (49/51%)
    [CV fold 0] train_end=2023-07-24 08:00 | val_start=2023-08-01 00:00 | gap=184h (22 rows)
    [CV fold 1] train_end=2023-11-21 16:00 | val_start=2023-11-29 08:00 | gap=184h (22 rows)
    [CV fold 2] train_end=2024-03-21 00:00 | val_start=2024-03-28 16:00 | gap=184h (22 rows)
    [CV fold 3] train_end=2024-07-19 08:00 | val_start=2024-07-27 00:00 | gap=184h (22 rows)
    [CV fold 4] train_end=2024-11-16 16:00 | val_start=2024-11-24 08:00 | gap=184h (22 rows)
    [trial 0] Sharpe=0.0291 (folds: 0.1942, 0.0222, 0.0636, -0.0635, -0.0710)
    [trial 1] 49 features, training_days=220 | threshold=0.755 | labels: 1062 long, 1109 short (49/51%)
    [trial 1] Sharpe=0.0797 (folds: 0.4505, -0.1531, 0.0632, 0.0756, -0.0377)
    [trial 2] 49 features, training_days=310 | threshold=0.754 | labels: 1062 long, 1109 short (49/51%)
    [trial 2] Sharpe=0.1377 (folds: 0.1797, 0.1976, 0.1688, 0.1319, 0.0104)
    [trial 3] 49 features, training_days=220 | threshold=0.673 | labels: 1062 long, 1109 short (49/51%)
    [trial 3] Sharpe=0.0707 (folds: 0.2227, 0.1231, 0.1209, -0.0677, -0.0454)
    [trial 4] 49 features, training_days=130 | threshold=0.803 | labels: 1062 long, 1109 short (49/51%)
    [trial 4] Sharpe=0.0609 (folds: 0.2409, 0.0684, 0.1607, -0.1133, -0.0520)
    [trial 5] 49 features, training_days=210 | threshold=0.606 | labels: 1062 long, 1109 short (49/51%)
    [trial 5] Sharpe=0.0615 (folds: 0.1735, 0.1134, 0.1093, -0.0592, -0.0297)
    [trial 6] 49 features, training_days=130 | threshold=0.767 | labels: 1062 long, 1109 short (49/51%)
    [trial 6] Sharpe=0.0640 (folds: 0.2121, 0.1008, 0.1664, -0.0868, -0.0724)
    [trial 7] 49 features, training_days=80 | threshold=0.556 | labels: 1062 long, 1109 short (49/51%)
    [trial 7] Sharpe=0.0984 (folds: -0.0318, 0.2938, 0.1195, 0.1817, -0.0711)
    [trial 8] 49 features, training_days=200 | threshold=0.607 | labels: 1062 long, 1109 short (49/51%)
    [trial 8] Sharpe=0.0583 (folds: 0.2440, 0.0844, 0.0842, -0.0481, -0.0732)
    [trial 9] 49 features, training_days=260 | threshold=0.620 | labels: 1062 long, 1109 short (49/51%)
    [trial 9] Sharpe=0.0675 (folds: 0.1724, 0.1388, 0.1319, -0.0564, -0.0490)
    [trial 10] 49 features, training_days=420 | threshold=0.845 | labels: 1062 long, 1109 short (49/51%)
    [trial 10] Sharpe=0.2884 (folds: 0.1863, 0.2226, 0.1461, 0.8994, -0.0124)
    [trial 11] 49 features, training_days=430 | threshold=0.837 | labels: 1062 long, 1109 short (49/51%)
    [trial 11] Sharpe=0.1687 (folds: 0.2271, 0.3070, 0.1145, 0.2485, -0.0537)
    [trial 12] 49 features, training_days=480 | threshold=0.831 | labels: 1062 long, 1109 short (49/51%)
    [trial 12] Sharpe=0.2395 (folds: 0.1880, 0.2648, 0.1399, 0.5928, 0.0119)
[I 2026-06-01 23:32:21,396] Trial 12 finished with value: 0.2394644059116628 and parameters: {'confidence_threshold': 0.830632524875604, 'training_days': 480, 'n_estimators': 500, 'max_depth': 3, 'num_leaves': 27, 'learning_rate': 0.010201143194486034, 'subsample': 0.5172176338346133, 'colsample_bytree': 0.5773925919454104, 'min_child_samples': 47, 'reg_alpha': 1.3447320113864774e-08, 'reg_lambda': 0.03524119936949945}. Best is trial 10 with value: 0.28839476004345.
[I 2026-06-01 23:32:21,719] Trial 13 finished with value: 0.21002028836976683 and parameters: {'confidence_threshold': 0.8320048612945233, 'training_days': 500, 'n_estimators': 476, 'max_depth': 3, 'num_leaves': 26, 'learning_rate': 0.011020432354152414, 'subsample': 0.5019824557515645, 'colsample_bytree': 0.5337994462004911, 'min_child_samples': 44, 'reg_alpha': 1.2419126705468136e-08, 'reg_lambda': 3.080800735392863}. Best is trial 10 with value: 0.28839476004345.
[I 2026-06-01 23:32:22,040] Trial 14 finished with value: 0.14205402948084403 and parameters: {'confidence_threshold': 0.6968624890517784, 'training_days': 380, 'n_estimators': 436, 'max_depth': 3, 'num_leaves': 15, 'learning_rate': 0.01645102485501106, 'subsample': 0.6148787147180652, 'colsample_bytree': 0.6482018719330946, 'min_child_samples': 45, 'reg_alpha': 2.952725119564513e-07, 'reg_lambda': 0.023700220601008088}. Best is trial 10 with value: 0.28839476004345.
[I 2026-06-01 23:32:22,417] Trial 15 finished with value: 0.11891398704499438 and parameters: {'confidence_threshold': 0.5026055290809989, 'training_days': 500, 'n_estimators': 435, 'max_depth': 4, 'num_leaves': 33, 'learning_rate': 0.037392478764815176, 'subsample': 0.9296279388562269, 'colsample_bytree': 0.5093920150666754, 'min_child_samples': 49, 'reg_alpha': 3.342758559855426e-07, 'reg_lambda': 0.05138157439645094}. Best is trial 10 with value: 0.28839476004345.
[I 2026-06-01 23:32:22,602] Trial 16 finished with value: 0.1305335046281699 and parameters: {'confidence_threshold': 0.7978506352330715, 'training_days': 390, 'n_estimators': 279, 'max_depth': 3, 'num_leaves': 25, 'learning_rate': 0.013930573952768954, 'subsample': 0.6697434700565401, 'colsample_bytree': 0.6524883056625813, 'min_child_samples': 99, 'reg_alpha': 4.4694403302430627e-07, 'reg_lambda': 0.0019821772168074165}. Best is trial 10 with value: 0.28839476004345.
[I 2026-06-01 23:32:22,912] Trial 17 finished with value: 0.13382632156342414 and parameters: {'confidence_threshold': 0.7110519736587814, 'training_days': 440, 'n_estimators': 429, 'max_depth': 3, 'num_leaves': 36, 'learning_rate': 0.02514439255563828, 'subsample': 0.5573561929325529, 'colsample_bytree': 0.5903032838151694, 'min_child_samples': 37, 'reg_alpha': 7.741004120748901e-08, 'reg_lambda': 0.23012817067313873}. Best is trial 10 with value: 0.28839476004345.
[I 2026-06-01 23:32:23,406] A new study created in memory with name: no-name-93c455f7-0448-47d9-abc5-28e40696bdd2
[I 2026-06-01 23:32:23,621] Trial 0 finished with value: 0.0018749319728250911 and parameters: {'confidence_threshold': 0.5870645682749857, 'training_days': 90, 'n_estimators': 403, 'max_depth': 5, 'num_leaves': 45, 'learning_rate': 0.0780457193679974, 'subsample': 0.9428509515574568, 'colsample_bytree': 0.8795587339164916, 'min_child_samples': 34, 'reg_alpha': 2.2465901234314442e-07, 'reg_lambda': 8.339007036475363e-05}. Best is trial 0 with value: 0.0018749319728250911.
[I 2026-06-01 23:32:23,751] Trial 1 finished with value: 0.0954962223607144 and parameters: {'confidence_threshold': 0.6348453934275313, 'training_days': 290, 'n_estimators': 115, 'max_depth': 5, 'num_leaves': 37, 'learning_rate': 0.06949568759029946, 'subsample': 0.8228505074024268, 'colsample_bytree': 0.8616703220431751, 'min_child_samples': 75, 'reg_alpha': 4.2486822725010923e-07, 'reg_lambda': 1.157247767047042e-07}. Best is trial 1 with value: 0.0954962223607144.
[I 2026-06-01 23:32:23,769] Trial 2 finished with value: -0.07506986353536493 and parameters: {'confidence_threshold': 0.5849570384370288, 'training_days': 10, 'n_estimators': 212, 'max_depth': 3, 'num_leaves': 41, 'learning_rate': 0.18452095998378365, 'subsample': 0.6001060822924371, 'colsample_bytree': 0.5673167293506167, 'min_child_samples': 37, 'reg_alpha': 5.733250064217131, 'reg_lambda': 0.5308454292595461}. Best is trial 1 with value: 0.0954962223607144.
[I 2026-06-01 23:32:23,854] Trial 3 finished with value: 0.07775830804143662 and parameters: {'confidence_threshold': 0.6868248626683718, 'training_days': 220, 'n_estimators': 134, 'max_depth': 3, 'num_leaves': 45, 'learning_rate': 0.033529007907491595, 'subsample': 0.8647277071858408, 'colsample_bytree': 0.778494116634046, 'min_child_samples': 96, 'reg_alpha': 2.409409937265785e-07, 'reg_lambda': 1.1642073478060009}. Best is trial 1 with value: 0.0954962223607144.
[I 2026-06-01 23:32:23,950] Trial 4 finished with value: 0.11222101750407568 and parameters: {'confidence_threshold': 0.5623121348350352, 'training_days': 300, 'n_estimators': 69, 'max_depth': 4, 'num_leaves': 32, 'learning_rate': 0.14967629360700346, 'subsample': 0.5054535233636654, 'colsample_bytree': 0.7401385194659216, 'min_child_samples': 27, 'reg_alpha': 1.4212042567426725e-07, 'reg_lambda': 0.23605753701352003}. Best is trial 4 with value: 0.11222101750407568.
[I 2026-06-01 23:32:24,411] Trial 5 finished with value: 0.1652613410472305 and parameters: {'confidence_threshold': 0.7111850244908446, 'training_days': 490, 'n_estimators': 362, 'max_depth': 5, 'num_leaves': 40, 'learning_rate': 0.05960785724162737, 'subsample': 0.5589714368907717, 'colsample_bytree': 0.6659006943232806, 'min_child_samples': 42, 'reg_alpha': 0.6741360303045295, 'reg_lambda': 6.054601607143087e-08}. Best is trial 5 with value: 0.1652613410472305.
[I 2026-06-01 23:32:24,607] Trial 6 finished with value: 0.13484956778237853 and parameters: {'confidence_threshold': 0.667482545748023, 'training_days': 420, 'n_estimators': 279, 'max_depth': 3, 'num_leaves': 45, 'learning_rate': 0.040099592560849204, 'subsample': 0.8563114696415159, 'colsample_bytree': 0.5442917781944105, 'min_child_samples': 50, 'reg_alpha': 1.6407916423707903e-08, 'reg_lambda': 2.935907642973286e-05}. Best is trial 5 with value: 0.1652613410472305.
[I 2026-06-01 23:32:24,774] Trial 7 finished with value: 0.04741546215787625 and parameters: {'confidence_threshold': 0.5497381024139926, 'training_days': 120, 'n_estimators': 408, 'max_depth': 5, 'num_leaves': 38, 'learning_rate': 0.28049122657745795, 'subsample': 0.8806573338635493, 'colsample_bytree': 0.5454054113547102, 'min_child_samples': 63, 'reg_alpha': 0.01263008637940408, 'reg_lambda': 0.04588020805366937}. Best is trial 5 with value: 0.1652613410472305.
[I 2026-06-01 23:32:25,063] Trial 8 finished with value: 0.1550895427167407 and parameters: {'confidence_threshold': 0.719644804808716, 'training_days': 450, 'n_estimators': 410, 'max_depth': 4, 'num_leaves': 57, 'learning_rate': 0.04022026551478857, 'subsample': 0.5336085426932707, 'colsample_bytree': 0.5705742850577543, 'min_child_samples': 100, 'reg_alpha': 5.916398047912201e-07, 'reg_lambda': 0.9794034214488329}. Best is trial 5 with value: 0.1652613410472305.
[I 2026-06-01 23:32:25,090] Trial 9 finished with value: -1.9974923630957915 and parameters: {'confidence_threshold': 0.7267463643917187, 'training_days': 20, 'n_estimators': 337, 'max_depth': 5, 'num_leaves': 23, 'learning_rate': 0.022153031811454605, 'subsample': 0.6305627572358737, 'colsample_bytree': 0.6613413774216214, 'min_child_samples': 81, 'reg_alpha': 5.7638634029410314e-08, 'reg_lambda': 8.26603016764008}. Best is trial 5 with value: 0.1652613410472305.
[I 2026-06-01 23:32:25,606] Trial 10 finished with value: 0.24866478857644045 and parameters: {'confidence_threshold': 0.8283920119574972, 'training_days': 490, 'n_estimators': 485, 'max_depth': 4, 'num_leaves': 15, 'learning_rate': 0.013054596495157828, 'subsample': 0.7130289643560688, 'colsample_bytree': 0.9944479338273263, 'min_child_samples': 52, 'reg_alpha': 2.8556520323203283, 'reg_lambda': 1.4521305760519918e-08}. Best is trial 10 with value: 0.24866478857644045.
[I 2026-06-01 23:32:26,163] Trial 11 finished with value: 0.281941062667193 and parameters: {'confidence_threshold': 0.8427661908265961, 'training_days': 500, 'n_estimators': 478, 'max_depth': 4, 'num_leaves': 15, 'learning_rate': 0.010040241734622521, 'subsample': 0.688822077530971, 'colsample_bytree': 0.9628722124262472, 'min_child_samples': 49, 'reg_alpha': 9.65090528733781, 'reg_lambda': 1.5920494933139244e-08}. Best is trial 11 with value: 0.281941062667193.
[I 2026-06-01 23:32:26,632] Trial 12 finished with value: 0.19655408654079426 and parameters: {'confidence_threshold': 0.84383344306133, 'training_days': 370, 'n_estimators': 490, 'max_depth': 4, 'num_leaves': 15, 'learning_rate': 0.010160038190855229, 'subsample': 0.7036312375118919, 'colsample_bytree': 0.9826583982594713, 'min_child_samples': 57, 'reg_alpha': 0.051776251607927, 'reg_lambda': 1.4304147444691813e-06}. Best is trial 11 with value: 0.281941062667193.
[I 2026-06-01 23:32:27,079] Trial 13 finished with value: 0.18919992216105358 and parameters: {'confidence_threshold': 0.8491421880350253, 'training_days': 380, 'n_estimators': 494, 'max_depth': 4, 'num_leaves': 15, 'learning_rate': 0.010365399147176418, 'subsample': 0.7229311830380852, 'colsample_bytree': 0.977673677256957, 'min_child_samples': 67, 'reg_alpha': 9.443292679555342e-05, 'reg_lambda': 1.7449649170194626e-08}. Best is trial 11 with value: 0.281941062667193.
[I 2026-06-01 23:32:27,757] Trial 14 finished with value: 0.1966556529266386 and parameters: {'confidence_threshold': 0.7919569694041504, 'training_days': 470, 'n_estimators': 458, 'max_depth': 4, 'num_leaves': 24, 'learning_rate': 0.017319625142008677, 'subsample': 0.6758471000204691, 'colsample_bytree': 0.9020383795578621, 'min_child_samples': 22, 'reg_alpha': 8.939153372384904, 'reg_lambda': 2.3215727983713186e-06}. Best is trial 11 with value: 0.281941062667193.
[I 2026-06-01 23:32:28,094] Trial 15 finished with value: 0.2510855221813758 and parameters: {'confidence_threshold': 0.7829525506318393, 'training_days': 500, 'n_estimators': 285, 'max_depth': 4, 'num_leaves': 23, 'learning_rate': 0.016690745269724697, 'subsample': 0.7729974905887158, 'colsample_bytree': 0.9934286300532085, 'min_child_samples': 51, 'reg_alpha': 0.0007409129473842281, 'reg_lambda': 0.0026406526000485684}. Best is trial 11 with value: 0.281941062667193.
[I 2026-06-01 23:32:28,368] Trial 16 finished with value: 0.1474411655442492 and parameters: {'confidence_threshold': 0.7809712285122007, 'training_days': 390, 'n_estimators': 239, 'max_depth': 4, 'num_leaves': 27, 'learning_rate': 0.021342803802310486, 'subsample': 0.7755327301414427, 'colsample_bytree': 0.9213491523841879, 'min_child_samples': 45, 'reg_alpha': 4.174460490768279e-05, 'reg_lambda': 0.0072439984470065175}. Best is trial 11 with value: 0.281941062667193.
