[I 2026-06-01 23:30:07,283] Trial 17 finished with value: 0.06713213779763819 and parameters: {'confidence_threshold': 0.789403558838043, 'training_days': 280, 'n_estimators': 257, 'max_depth': 4, 'num_leaves': 25, 'learning_rate': 0.04302553031342478, 'subsample': 0.8700619846743012, 'colsample_bytree': 0.9956385980717998, 'min_child_samples': 24, 'reg_alpha': 0.0035082059118001076, 'reg_lambda': 3.957284702718096e-05}. Best is trial 1 with value: 0.2897606479038324.
[I 2026-06-01 23:30:07,669] A new study created in memory with name: no-name-e351d2ec-bc95-4b6f-99a2-6f8ed8ad5edb

[trade:close] 2024-06-24 15:59 LTCUSDT LONG → stop_loss @ 70.16 | PnL=-5.16% (net -5.26%) | cum=+109.75% 2024-06=-7.27% 2024-06-24=-5.26%
[predict] 2024-06-25 08:00 LTCUSDT → LONG (proba=0.89 TP=8.8%/SL=4.4%)
[trade:open] 2024-06-25 15:59 LTCUSDT LONG @ 71.30 | SL=68.17 TP=77.56 | timeout=2024-07-02 15:59
[lgbm] === Training for 2024-07 ===
  Train window: 2022-07-01 → 2024-06-23
  2171 training samples from 1 symbols
  Samples per month: 2022-07: 93, 2022-08: 93, 2022-09: 90, 2022-10: 93, 2022-11: 90, 2022-12: 93, 2023-01: 93, 2023-02: 84, 2023-03: 93, 2023-04: 90, 2023-05: 93, 2023-06: 90, 2023-07: 93, 2023-08: 93, 2023-09: 90, 2023-10: 93, 2023-11: 90, 2023-12: 93, 2024-01: 93, 2024-02: 87, 2024-03: 93, 2024-04: 90, 2024-05: 93, 2024-06: 68
  [label] 2022-08-31 16:00 LTCUSDT entry=53.8000 → LONG | long=tp(+13.94%) short=sl(-7.12%) | scanned=5 | long_tp_only
  [label] 2022-09-03 00:00 LTCUSDT entry=59.9600 → LONG | long=sl(-7.49%) short=timeout(-1.52%) | scanned=22 | no_tp→fwd_return=+1.4176
  [label] 2022-09-06 16:00 LTCUSDT entry=54.0900 → LONG | long=tp(+16.30%) short=sl(-8.30%) | scanned=11 | long_tp_only
  [label] 2022-10-01 08:00 LTCUSDT entry=53.4500 → SHORT | long=timeout(-0.64%) short=timeout(+0.44%) | scanned=22 | no_tp→fwd_return=-0.5426
  [label] 2022-11-23 00:00 LTCUSDT entry=79.6400 → SHORT | long=sl(-9.52%) short=timeout(+1.90%) | scanned=22 | no_tp→fwd_return=-1.9965
  [label] 2023-05-08 00:00 LTCUSDT entry=81.0000 → LONG | long=sl(-5.40%) short=sl(-5.40%) | scanned=21 | no_tp→fwd_return=+7.6420
  [label] 2023-05-12 00:00 LTCUSDT entry=79.0000 → LONG | long=tp(+12.25%) short=sl(-6.28%) | scanned=12 | long_tp_only
  [label] 2023-05-22 16:00 LTCUSDT entry=90.7900 → SHORT | long=sl(-4.00%) short=tp(+7.70%) | scanned=7 | short_tp_only
  [label] 2023-07-06 16:00 LTCUSDT entry=95.2100 → LONG | long=timeout(+6.87%) short=timeout(-7.07%) | scanned=22 | no_tp→fwd_return=+6.9741
  [label] 2023-07-15 08:00 LTCUSDT entry=94.3600 → SHORT | long=timeout(-0.63%) short=timeout(+0.43%) | scanned=22 | no_tp→fwd_return=-0.5299
  [label] 2023-10-13 16:00 LTCUSDT entry=61.5400 → LONG | long=tp(+5.71%) short=sl(-3.00%) | scanned=8 | long_tp_only
  [label] 2023-11-14 16:00 LTCUSDT entry=70.6400 → SHORT | long=sl(-7.07%) short=timeout(+6.23%) | scanned=22 | no_tp→fwd_return=-6.3279
  [label] 2023-12-01 00:00 LTCUSDT entry=70.4000 → LONG | long=tp(+5.80%) short=sl(-3.05%) | scanned=9 | long_tp_only
  [label] 2023-12-13 16:00 LTCUSDT entry=73.1900 → SHORT | long=sl(-5.60%) short=timeout(+4.42%) | scanned=22 | no_tp→fwd_return=-4.5225
  [label] 2024-01-01 00:00 LTCUSDT entry=73.2700 → SHORT | long=sl(-4.70%) short=tp(+9.10%) | scanned=7 | short_tp_only
  [label] 2024-01-07 08:00 LTCUSDT entry=65.0100 → LONG | long=sl(-6.02%) short=sl(-6.02%) | scanned=10 | no_tp→fwd_return=+7.8449
  [label] 2024-01-19 16:00 LTCUSDT entry=71.3200 → SHORT | long=sl(-5.73%) short=tp(+11.16%) | scanned=11 | short_tp_only
  [label] 2024-02-28 08:00 LTCUSDT entry=75.0500 → LONG | long=sl(-4.45%) short=sl(-4.45%) | scanned=2 | no_tp→fwd_return=+9.7801
  [label] 2024-03-09 00:00 LTCUSDT entry=88.8100 → LONG | long=tp(+18.25%) short=sl(-9.28%) | scanned=8 | long_tp_only
  [label] 2024-06-03 08:00 LTCUSDT entry=83.3900 → SHORT | long=sl(-3.10%) short=sl(-3.10%) | scanned=13 | no_tp→fwd_return=-3.8973
  Labels: 1125 long (51.8%), 1046 short (48.2%) | weights: min=1.00, mean=3.40, max=10.00
  Features: 2171/2171 matched, 49 columns
  CV gap: 22 rows
  [ensemble 1/3] seed=42
    [trial 0] 49 features, training_days=480 | threshold=0.631 | labels: 1125 long, 1046 short (52/48%)
    [CV fold 0] train_end=2022-10-23 08:00 | val_start=2022-10-31 00:00 | gap=184h (22 rows)
    [CV fold 1] train_end=2023-02-20 16:00 | val_start=2023-02-28 08:00 | gap=184h (22 rows)
    [CV fold 2] train_end=2023-06-21 00:00 | val_start=2023-06-28 16:00 | gap=184h (22 rows)
    [CV fold 3] train_end=2023-10-19 08:00 | val_start=2023-10-27 00:00 | gap=184h (22 rows)
    [CV fold 4] train_end=2024-02-16 16:00 | val_start=2024-02-24 08:00 | gap=184h (22 rows)
    [trial 0] Sharpe=0.0684 (folds: 0.1292, 0.0479, 0.0163, -0.0978, 0.2461)
    [trial 1] 49 features, training_days=420 | threshold=0.839 | labels: 1125 long, 1046 short (52/48%)
    [trial 1] Sharpe=0.2898 (folds: 0.4796, 0.3280, 0.1590, 0.2823, 0.1998)
    [trial 2] 49 features, training_days=190 | threshold=0.602 | labels: 1125 long, 1046 short (52/48%)
    [trial 2] Sharpe=0.0186 (folds: 0.0782, 0.0043, -0.0972, -0.0074, 0.1151)
    [trial 3] 49 features, training_days=490 | threshold=0.832 | labels: 1125 long, 1046 short (52/48%)
    [trial 3] Sharpe=0.0982 (folds: 0.1604, 0.0321, 0.0497, -0.0478, 0.2966)
    [trial 4] 49 features, training_days=340 | threshold=0.591 | labels: 1125 long, 1046 short (52/48%)
    [trial 4] Sharpe=0.0874 (folds: 0.2027, 0.0673, -0.0041, -0.1163, 0.2873)
    [trial 5] 49 features, training_days=50 | threshold=0.823 | labels: 1125 long, 1046 short (52/48%)
    [trial 5] Sharpe=0.0240 (folds: -0.2209, 0.1454, 0.0001, 0.0863, 0.1090)
    [trial 6] 49 features, training_days=410 | threshold=0.549 | labels: 1125 long, 1046 short (52/48%)
    [trial 6] Sharpe=0.0899 (folds: 0.2026, 0.0656, -0.1005, 0.0534, 0.2284)
    [trial 7] 49 features, training_days=180 | threshold=0.526 | labels: 1125 long, 1046 short (52/48%)
    [trial 7] Sharpe=0.0916 (folds: 0.2087, 0.0353, 0.0271, 0.0256, 0.1612)
    [trial 8] 49 features, training_days=240 | threshold=0.811 | labels: 1125 long, 1046 short (52/48%)
    [trial 8] Sharpe=0.0868 (folds: 0.1604, 0.2033, -0.0210, -0.0234, 0.1145)
    [trial 9] 49 features, training_days=20 | threshold=0.538 | labels: 1125 long, 1046 short (52/48%)
    [trial 9] Sharpe=-1.9794 (folds: 0.2820, 0.0519, -0.2278, -0.0031, -10.0000)
    [trial 10] 49 features, training_days=350 | threshold=0.729 | labels: 1125 long, 1046 short (52/48%)
    [trial 10] Sharpe=0.0967 (folds: 0.2229, -0.0079, 0.0478, -0.0227, 0.2433)
    [trial 11] 49 features, training_days=490 | threshold=0.744 | labels: 1125 long, 1046 short (52/48%)
    [trial 11] Sharpe=0.1100 (folds: 0.2271, -0.0415, 0.0470, -0.0178, 0.3352)
    [trial 12] 49 features, training_days=410 | threshold=0.730 | labels: 1125 long, 1046 short (52/48%)
    [trial 12] Sharpe=0.0629 (folds: 0.1748, -0.0387, 0.0653, -0.0487, 0.1617)
    [trial 13] 49 features, training_days=500 | threshold=0.760 | labels: 1125 long, 1046 short (52/48%)
    [trial 13] Sharpe=0.0914 (folds: 0.1984, 0.0224, 0.0213, -0.0556, 0.2707)
    [trial 14] 49 features, training_days=380 | threshold=0.676 | labels: 1125 long, 1046 short (52/48%)
    [trial 14] Sharpe=0.1259 (folds: 0.2239, 0.0008, 0.0405, 0.0571, 0.3069)
    [trial 15] 49 features, training_days=320 | threshold=0.680 | labels: 1125 long, 1046 short (52/48%)
    [trial 15] Sharpe=0.0804 (folds: 0.2312, 0.0346, -0.0077, -0.0831, 0.2268)
    [trial 16] 49 features, training_days=410 | threshold=0.676 | labels: 1125 long, 1046 short (52/48%)
    [trial 16] Sharpe=0.0849 (folds: 0.1978, 0.0474, 0.1320, -0.0448, 0.0922)
    [trial 17] 49 features, training_days=280 | threshold=0.789 | labels: 1125 long, 1046 short (52/48%)
    [trial 17] Sharpe=0.0671 (folds: 0.2318, -0.0235, 0.0641, -0.0607, 0.1239)
  Optuna: 18 trials, best Sharpe = 0.2898
  Best params: n_estimators=145, max_depth=3, lr=0.0281, leaves=23
  Best confidence_threshold: 0.839
  Best training_days: 420
  Retrained on full data (1260 samples, 49 features)
  [ensemble 2/3] seed=123
    [trial 0] 49 features, training_days=150 | threshold=0.744 | labels: 1125 long, 1046 short (52/48%)
    [CV fold 0] train_end=2022-10-23 08:00 | val_start=2022-10-31 00:00 | gap=184h (22 rows)
    [CV fold 1] train_end=2023-02-20 16:00 | val_start=2023-02-28 08:00 | gap=184h (22 rows)
    [CV fold 2] train_end=2023-06-21 00:00 | val_start=2023-06-28 16:00 | gap=184h (22 rows)
    [CV fold 3] train_end=2023-10-19 08:00 | val_start=2023-10-27 00:00 | gap=184h (22 rows)
    [CV fold 4] train_end=2024-02-16 16:00 | val_start=2024-02-24 08:00 | gap=184h (22 rows)
    [trial 0] Sharpe=0.1381 (folds: 0.2701, 0.0094, 0.3227, -0.0816, 0.1701)[I 2026-06-01 23:30:07,769] Trial 0 finished with value: 0.1381289786096158 and parameters: {'confidence_threshold': 0.7437642149592516, 'training_days': 150, 'n_estimators': 152, 'max_depth': 4, 'num_leaves': 50, 'learning_rate': 0.04216766425047743, 'subsample': 0.9903820991923078, 'colsample_bytree': 0.8424148692924316, 'min_child_samples': 58, 'reg_alpha': 3.381097259762742e-05, 'reg_lambda': 1.2263152961306247e-05}. Best is trial 0 with value: 0.1381289786096158.
[I 2026-06-01 23:30:07,852] Trial 1 finished with value: -1.9798271149861495 and parameters: {'confidence_threshold': 0.7551673975844145, 'training_days': 220, 'n_estimators': 76, 'max_depth': 4, 'num_leaves': 51, 'learning_rate': 0.018602118810743477, 'subsample': 0.5877258780737462, 'colsample_bytree': 0.7657756869209191, 'min_child_samples': 63, 'reg_alpha': 0.005123994170264194, 'reg_lambda': 0.44145470178120466}. Best is trial 0 with value: 0.1381289786096158.
[I 2026-06-01 23:30:08,151] Trial 2 finished with value: 0.061219600265911264 and parameters: {'confidence_threshold': 0.7535593637012223, 'training_days': 310, 'n_estimators': 375, 'max_depth': 3, 'num_leaves': 32, 'learning_rate': 0.021735641882032388, 'subsample': 0.6468570231944146, 'colsample_bytree': 0.8154880619272439, 'min_child_samples': 27, 'reg_alpha': 8.004064028491336e-05, 'reg_lambda': 7.546835261630524e-05}. Best is trial 0 with value: 0.1381289786096158.
[I 2026-06-01 23:30:08,445] Trial 3 finished with value: 0.013713885360656963 and parameters: {'confidence_threshold': 0.6727897841776072, 'training_days': 220, 'n_estimators': 190, 'max_depth': 4, 'num_leaves': 58, 'learning_rate': 0.24810689332636193, 'subsample': 0.7509183379421682, 'colsample_bytree': 0.8119764758960556, 'min_child_samples': 29, 'reg_alpha': 7.1708285081421445e-06, 'reg_lambda': 5.412973582738627e-05}. Best is trial 0 with value: 0.1381289786096158.
[I 2026-06-01 23:30:08,614] Trial 4 finished with value: 0.11848767368383095 and parameters: {'confidence_threshold': 0.803208205259178, 'training_days': 130, 'n_estimators': 267, 'max_depth': 5, 'num_leaves': 40, 'learning_rate': 0.08041175317374143, 'subsample': 0.5603143329951619, 'colsample_bytree': 0.9131704002534167, 'min_child_samples': 68, 'reg_alpha': 0.0008046593428183385, 'reg_lambda': 1.2158346158765583e-05}. Best is trial 0 with value: 0.1381289786096158.
[I 2026-06-01 23:30:08,889] Trial 5 finished with value: 0.05694013942024582 and parameters: {'confidence_threshold': 0.6064422761595144, 'training_days': 210, 'n_estimators': 357, 'max_depth': 5, 'num_leaves': 40, 'learning_rate': 0.0974221287220869, 'subsample': 0.7929682762811064, 'colsample_bytree': 0.8124517510478, 'min_child_samples': 74, 'reg_alpha': 0.3811377260781234, 'reg_lambda': 5.607314238392041e-08}. Best is trial 0 with value: 0.1381289786096158.
[I 2026-06-01 23:30:09,012] Trial 6 finished with value: 0.05552252147657386 and parameters: {'confidence_threshold': 0.7672889945051684, 'training_days': 130, 'n_estimators': 137, 'max_depth': 4, 'num_leaves': 19, 'learning_rate': 0.2031117614248665, 'subsample': 0.8136244860256343, 'colsample_bytree': 0.8617081790949774, 'min_child_samples': 21, 'reg_alpha': 0.002238138278733199, 'reg_lambda': 0.001025809534977322}. Best is trial 0 with value: 0.1381289786096158.
[I 2026-06-01 23:30:09,103] Trial 7 finished with value: 0.024419301774217323 and parameters: {'confidence_threshold': 0.555635875450653, 'training_days': 80, 'n_estimators': 363, 'max_depth': 3, 'num_leaves': 48, 'learning_rate': 0.06590089024008658, 'subsample': 0.6944752870615722, 'colsample_bytree': 0.962566244806993, 'min_child_samples': 88, 'reg_alpha': 1.6465620446426067e-05, 'reg_lambda': 2.4678750890085655e-08}. Best is trial 0 with value: 0.1381289786096158.
[I 2026-06-01 23:30:09,466] Trial 8 finished with value: 0.03912974051956993 and parameters: {'confidence_threshold': 0.6066688256938841, 'training_days': 200, 'n_estimators': 367, 'max_depth': 5, 'num_leaves': 32, 'learning_rate': 0.13377519215934996, 'subsample': 0.7965884582811106, 'colsample_bytree': 0.8458508993500886, 'min_child_samples': 32, 'reg_alpha': 3.889436043816386e-05, 'reg_lambda': 1.4713062489380356e-06}. Best is trial 0 with value: 0.1381289786096158.
[I 2026-06-01 23:30:09,716] Trial 9 finished with value: 0.08321942527952451 and parameters: {'confidence_threshold': 0.6202096049169137, 'training_days': 260, 'n_estimators': 350, 'max_depth': 3, 'num_leaves': 21, 'learning_rate': 0.02989540198065364, 'subsample': 0.8307821683331218, 'colsample_bytree': 0.923253112635361, 'min_child_samples': 64, 'reg_alpha': 0.4898604619604203, 'reg_lambda': 2.9076377687066166e-05}. Best is trial 0 with value: 0.1381289786096158.
[I 2026-06-01 23:30:10,202] Trial 10 finished with value: 0.30295558520285815 and parameters: {'confidence_threshold': 0.8445241688507242, 'training_days': 470, 'n_estimators': 493, 'max_depth': 4, 'num_leaves': 63, 'learning_rate': 0.010221918552934462, 'subsample': 0.9783426417503635, 'colsample_bytree': 0.6202684210924141, 'min_child_samples': 46, 'reg_alpha': 1.452403597240567e-08, 'reg_lambda': 0.02027317446694866}. Best is trial 10 with value: 0.30295558520285815.
[I 2026-06-01 23:30:10,679] Trial 11 finished with value: 0.39063623272669473 and parameters: {'confidence_threshold': 0.8371297552840329, 'training_days': 500, 'n_estimators': 493, 'max_depth': 4, 'num_leaves': 63, 'learning_rate': 0.010535067237031162, 'subsample': 0.9966490606779976, 'colsample_bytree': 0.6012148974081734, 'min_child_samples': 46, 'reg_alpha': 1.0426346455626849e-08, 'reg_lambda': 0.013837348285062523}. Best is trial 11 with value: 0.39063623272669473.
[I 2026-06-01 23:30:11,160] Trial 12 finished with value: 0.4235248451391719 and parameters: {'confidence_threshold': 0.830632524875604, 'training_days': 500, 'n_estimators': 499, 'max_depth': 4, 'num_leaves': 63, 'learning_rate': 0.010201143194486034, 'subsample': 0.9933078172762936, 'colsample_bytree': 0.5773925919454104, 'min_child_samples': 44, 'reg_alpha': 1.344494055958746e-08, 'reg_lambda': 0.03524119936949945}. Best is trial 12 with value: 0.4235248451391719.
[I 2026-06-01 23:30:11,607] Trial 13 finished with value: 0.3738601318375182 and parameters: {'confidence_threshold': 0.8320048612945233, 'training_days': 500, 'n_estimators': 475, 'max_depth': 4, 'num_leaves': 63, 'learning_rate': 0.011019237226077873, 'subsample': 0.9069688931967621, 'colsample_bytree': 0.5305824981082055, 'min_child_samples': 45, 'reg_alpha': 1.1212244673465479e-08, 'reg_lambda': 3.080800735392863}. Best is trial 12 with value: 0.4235248451391719.
[I 2026-06-01 23:30:11,942] Trial 14 finished with value: 0.118806028889292 and parameters: {'confidence_threshold': 0.6968624890517784, 'training_days': 400, 'n_estimators': 436, 'max_depth': 3, 'num_leaves': 56, 'learning_rate': 0.01645102485501106, 'subsample': 0.8997842146592101, 'colsample_bytree': 0.6482018719330946, 'min_child_samples': 45, 'reg_alpha': 4.975755145150836e-07, 'reg_lambda': 0.005769213302618687}. Best is trial 12 with value: 0.4235248451391719.
[I 2026-06-01 23:30:12,314] Trial 15 finished with value: 0.08134125022519398 and parameters: {'confidence_threshold': 0.5026055290809989, 'training_days': 390, 'n_estimators': 435, 'max_depth': 4, 'num_leaves': 56, 'learning_rate': 0.037392478764815176, 'subsample': 0.9296279388562269, 'colsample_bytree': 0.5093920150666754, 'min_child_samples': 50, 'reg_alpha': 2.4863310986822457e-07, 'reg_lambda': 0.08957444050336179}. Best is trial 12 with value: 0.4235248451391719.
[I 2026-06-01 23:30:12,692] Trial 16 finished with value: 0.22617593346990414 and parameters: {'confidence_threshold': 0.7978506352330715, 'training_days': 430, 'n_estimators': 279, 'max_depth': 5, 'num_leaves': 45, 'learning_rate': 0.013920194330369997, 'subsample': 0.8868474056204897, 'colsample_bytree': 0.6524883056625813, 'min_child_samples': 37, 'reg_alpha': 3.7884455860875055e-07, 'reg_lambda': 5.314403727688311}. Best is trial 12 with value: 0.4235248451391719.
[I 2026-06-01 23:30:12,991] Trial 17 finished with value: 0.06861854952139892 and parameters: {'confidence_threshold': 0.7110519736587814, 'training_days': 330, 'n_estimators': 429, 'max_depth': 4, 'num_leaves': 59, 'learning_rate': 0.02514439255563828, 'subsample': 0.9605364600595233, 'colsample_bytree': 0.5859853023010672, 'min_child_samples': 82, 'reg_alpha': 9.275670531105791e-08, 'reg_lambda': 0.0015925919907950083}. Best is trial 12 with value: 0.4235248451391719.
[I 2026-06-01 23:30:13,434] A new study created in memory with name: no-name-e781bff8-300a-43f2-b8dd-5e9e8d2130fa
[I 2026-06-01 23:30:13,646] Trial 0 finished with value: 0.03408351104199464 and parameters: {'confidence_threshold': 0.5870645682749857, 'training_days': 90, 'n_estimators': 403, 'max_depth': 5, 'num_leaves': 45, 'learning_rate': 0.0780457193679974, 'subsample': 0.9428509515574568, 'colsample_bytree': 0.8795587339164916, 'min_child_samples': 34, 'reg_alpha': 2.2465901234314442e-07, 'reg_lambda': 8.339007036475363e-05}. Best is trial 0 with value: 0.03408351104199464.
[I 2026-06-01 23:30:13,761] Trial 1 finished with value: 0.05944561380442139 and parameters: {'confidence_threshold': 0.6348453934275313, 'training_days': 290, 'n_estimators': 115, 'max_depth': 5, 'num_leaves': 37, 'learning_rate': 0.06949568759029946, 'subsample': 0.8228505074024268, 'colsample_bytree': 0.8616703220431751, 'min_child_samples': 75, 'reg_alpha': 4.2486822725010923e-07, 'reg_lambda': 1.157247767047042e-07}. Best is trial 1 with value: 0.05944561380442139.
[I 2026-06-01 23:30:13,779] Trial 2 finished with value: -0.0645066515877657 and parameters: {'confidence_threshold': 0.5849570384370288, 'training_days': 10, 'n_estimators': 212, 'max_depth': 3, 'num_leaves': 41, 'learning_rate': 0.18452095998378365, 'subsample': 0.6001060822924371, 'colsample_bytree': 0.5673167293506167, 'min_child_samples': 37, 'reg_alpha': 5.733250064217131, 'reg_lambda': 0.5308454292595461}. Best is trial 1 with value: 0.05944561380442139.
[I 2026-06-01 23:30:13,859] Trial 3 finished with value: 0.12295866384790022 and parameters: {'confidence_threshold': 0.6868248626683718, 'training_days': 220, 'n_estimators': 134, 'max_depth': 3, 'num_leaves': 45, 'learning_rate': 0.033529007907491595, 'subsample': 0.8647277071858408, 'colsample_bytree': 0.778494116634046, 'min_child_samples': 96, 'reg_alpha': 2.409409937265785e-07, 'reg_lambda': 1.1642073478060009}. Best is trial 3 with value: 0.12295866384790022.
[I 2026-06-01 23:30:13,959] Trial 4 finished with value: 0.041993032075853684 and parameters: {'confidence_threshold': 0.5623121348350352, 'training_days': 300, 'n_estimators': 69, 'max_depth': 4, 'num_leaves': 32, 'learning_rate': 0.14967629360700346, 'subsample': 0.5054535233636654, 'colsample_bytree': 0.7401385194659216, 'min_child_samples': 27, 'reg_alpha': 1.4212042567426725e-07, 'reg_lambda': 0.23605753701352003}. Best is trial 3 with value: 0.12295866384790022.
[I 2026-06-01 23:30:14,395] Trial 5 finished with value: 0.10479163508587457 and parameters: {'confidence_threshold': 0.7111850244908446, 'training_days': 490, 'n_estimators': 362, 'max_depth': 5, 'num_leaves': 40, 'learning_rate': 0.05960785724162737, 'subsample': 0.5589714368907717, 'colsample_bytree': 0.6659006943232806, 'min_child_samples': 42, 'reg_alpha': 0.6741360303045295, 'reg_lambda': 6.054601607143087e-08}. Best is trial 3 with value: 0.12295866384790022.
[I 2026-06-01 23:30:14,594] Trial 6 finished with value: 0.07807417191225755 and parameters: {'confidence_threshold': 0.667482545748023, 'training_days': 420, 'n_estimators': 279, 'max_depth': 3, 'num_leaves': 45, 'learning_rate': 0.040099592560849204, 'subsample': 0.8563114696415159, 'colsample_bytree': 0.5442917781944105, 'min_child_samples': 50, 'reg_alpha': 1.6407916423707903e-08, 'reg_lambda': 2.935907642973286e-05}. Best is trial 3 with value: 0.12295866384790022.
[I 2026-06-01 23:30:14,776] Trial 7 finished with value: 0.08403428741072749 and parameters: {'confidence_threshold': 0.5497381024139926, 'training_days': 120, 'n_estimators': 408, 'max_depth': 5, 'num_leaves': 38, 'learning_rate': 0.28049122657745795, 'subsample': 0.8806573338635493, 'colsample_bytree': 0.5454054113547102, 'min_child_samples': 63, 'reg_alpha': 0.01263008637940408, 'reg_lambda': 0.04588020805366937}. Best is trial 3 with value: 0.12295866384790022.
[I 2026-06-01 23:30:15,070] Trial 8 finished with value: 0.133826543081159 and parameters: {'confidence_threshold': 0.719644804808716, 'training_days': 450, 'n_estimators': 410, 'max_depth': 4, 'num_leaves': 57, 'learning_rate': 0.04022026551478857, 'subsample': 0.5336085426932707, 'colsample_bytree': 0.5705742850577543, 'min_child_samples': 100, 'reg_alpha': 5.916398047912201e-07, 'reg_lambda': 0.9794034214488329}. Best is trial 8 with value: 0.133826543081159.
