[I 2026-06-01 23:28:18,681] Trial 17 finished with value: -0.023061962109083862 and parameters: {'confidence_threshold': 0.5080881579696632, 'training_days': 360, 'n_estimators': 224, 'max_depth': 3, 'num_leaves': 18, 'learning_rate': 0.02497780454863125, 'subsample': 0.7474684367768591, 'colsample_bytree': 0.9920053259992261, 'min_child_samples': 89, 'reg_alpha': 9.000775609768185e-06, 'reg_lambda': 0.0003508719870659409}. Best is trial 12 with value: 0.28284071833407587.

    [trial 15] 49 features, training_days=10 | threshold=0.669 | labels: 1061 long, 1092 short (49/51%)
    [trial 15] Sharpe=-0.0478 (folds: 0.1357, -0.0127, -0.2216, -0.3134, 0.1729)
    [trial 16] 49 features, training_days=350 | threshold=0.552 | labels: 1061 long, 1092 short (49/51%)
    [trial 16] Sharpe=-0.0503 (folds: 0.0437, 0.0089, -0.1852, -0.2287, 0.1099)
    [trial 17] 49 features, training_days=70 | threshold=0.568 | labels: 1061 long, 1092 short (49/51%)
    [trial 17] Sharpe=0.0313 (folds: 0.1086, -0.0318, -0.0444, 0.0138, 0.1104)
  Optuna: 18 trials, best Sharpe = 0.0346
  Best params: n_estimators=363, max_depth=3, lr=0.0659, leaves=48
  Best confidence_threshold: 0.556
  Best training_days: 80
  Retrained on full data (240 samples, 49 features)
  [ensemble 3/3] seed=456
    [trial 0] 49 features, training_days=90 | threshold=0.587 | labels: 1061 long, 1092 short (49/51%)
    [CV fold 0] train_end=2021-12-23 08:00 | val_start=2021-12-31 00:00 | gap=184h (22 rows)
    [CV fold 1] train_end=2022-04-26 16:00 | val_start=2022-05-04 08:00 | gap=184h (22 rows)
    [CV fold 2] train_end=2022-08-24 00:00 | val_start=2022-08-31 16:00 | gap=184h (22 rows)
    [CV fold 3] train_end=2022-12-21 08:00 | val_start=2022-12-29 00:00 | gap=184h (22 rows)
    [CV fold 4] train_end=2023-04-19 16:00 | val_start=2023-04-27 08:00 | gap=184h (22 rows)
    [trial 0] Sharpe=0.0042 (folds: -0.0477, -0.0255, 0.0047, -0.0143, 0.1040)
    [trial 1] 49 features, training_days=290 | threshold=0.635 | labels: 1061 long, 1092 short (49/51%)
    [trial 1] Sharpe=0.0019 (folds: -0.0028, 0.0493, 0.0175, -0.2047, 0.1502)
    [trial 2] 49 features, training_days=10 | threshold=0.585 | labels: 1061 long, 1092 short (49/51%)
    [trial 2] Sharpe=-0.0478 (folds: 0.1357, -0.0127, -0.2216, -0.3134, 0.1729)
    [trial 3] 49 features, training_days=220 | threshold=0.687 | labels: 1061 long, 1092 short (49/51%)
    [trial 3] Sharpe=0.0213 (folds: -0.0210, 0.0824, -0.1544, -0.0477, 0.2473)
    [trial 4] 49 features, training_days=300 | threshold=0.562 | labels: 1061 long, 1092 short (49/51%)
    [trial 4] Sharpe=-0.0638 (folds: 0.0637, -0.0046, -0.2435, -0.2123, 0.0776)
    [trial 5] 49 features, training_days=490 | threshold=0.711 | labels: 1061 long, 1092 short (49/51%)
    [trial 5] Sharpe=-0.0338 (folds: 0.0682, 0.0428, -0.1598, -0.3233, 0.2032)
    [trial 6] 49 features, training_days=420 | threshold=0.667 | labels: 1061 long, 1092 short (49/51%)
    [trial 6] Sharpe=-0.0159 (folds: 0.0724, -0.0051, -0.0523, -0.2286, 0.1342)
    [trial 7] 49 features, training_days=120 | threshold=0.550 | labels: 1061 long, 1092 short (49/51%)
    [trial 7] Sharpe=-0.0157 (folds: 0.0348, -0.0193, -0.0722, -0.0781, 0.0562)
    [trial 8] 49 features, training_days=450 | threshold=0.720 | labels: 1061 long, 1092 short (49/51%)
    [trial 8] Sharpe=0.0263 (folds: -0.0019, 0.0018, 0.0043, -0.1388, 0.2661)
    [trial 9] 49 features, training_days=20 | threshold=0.727 | labels: 1061 long, 1092 short (49/51%)
    [trial 9] Sharpe=-6.0469 (folds: -10.0000, -0.0127, -0.2216, -10.0000, -10.0000)
    [trial 10] 49 features, training_days=400 | threshold=0.828 | labels: 1061 long, 1092 short (49/51%)
    [trial 10] Sharpe=0.1450 (folds: -0.1397, -0.2606, 0.2378, 0.0349, 0.8529)
    [trial 11] 49 features, training_days=400 | threshold=0.843 | labels: 1061 long, 1092 short (49/51%)
    [trial 11] Sharpe=0.1640 (folds: -0.2895, -0.4837, 0.1519, 0.3563, 1.0849)
    [trial 12] 49 features, training_days=380 | threshold=0.844 | labels: 1061 long, 1092 short (49/51%)
    [trial 12] Sharpe=0.2828 (folds: -0.1067, -0.0270, 0.1766, 0.1828, 1.1884)
    [trial 13] 49 features, training_days=340 | threshold=0.849 | labels: 1061 long, 1092 short (49/51%)
    [trial 13] Sharpe=0.0671 (folds: -0.0641, -0.0746, -0.0493, 0.2576, 0.2660)
    [trial 14] 49 features, training_days=360 | threshold=0.792 | labels: 1061 long, 1092 short (49/51%)
    [trial 14] Sharpe=0.0492 (folds: 0.0184, -0.0169, 0.0886, -0.1055, 0.2617)
    [trial 15] 49 features, training_days=220 | threshold=0.783 | labels: 1061 long, 1092 short (49/51%)
    [trial 15] Sharpe=-0.0377 (folds: 0.0063, 0.0306, -0.0667, -0.1092, -0.0495)
    [trial 16] 49 features, training_days=500 | threshold=0.781 | labels: 1061 long, 1092 short (49/51%)
    [trial 16] Sharpe=0.0939 (folds: -0.0774, -0.1002, 0.1128, 0.1332, 0.4013)
    [trial 17] 49 features, training_days=360 | threshold=0.508 | labels: 1061 long, 1092 short (49/51%)
    [trial 17] Sharpe=-0.0231 (folds: -0.0773, 0.0502, 0.0012, -0.1679, 0.0785)
  Optuna: 18 trials, best Sharpe = 0.2828
  Best params: n_estimators=490, max_depth=4, lr=0.0102, leaves=63
  Best confidence_threshold: 0.844
  Best training_days: 380
  Retrained on full data (1140 samples, 49 features)
  OOD: 16 features, cutoff (q=0.7) = 13.78
  Model trained for 2023-09: 90 test candles with features, confidence_threshold=0.705
[predict] 2023-09-01 00:00 LTCUSDT → LONG (proba=0.74 TP=9.5%/SL=4.8%)
[trade:open] 2023-09-01 07:59 LTCUSDT LONG @ 63.65 | SL=60.63 TP=69.70 | timeout=2023-09-08 07:59
[trade:close] 2023-09-08 08:00 LTCUSDT LONG → timeout @ 63.32 | PnL=-0.52% (net -0.62%) | cum=+70.66% 2023-09=-0.62% 2023-09-08=-0.62%
[predict] 2023-09-09 00:00 LTCUSDT → LONG (proba=0.84 TP=6.3%/SL=3.1%)
[trade:open] 2023-09-09 07:59 LTCUSDT LONG @ 62.70 | SL=60.73 TP=66.64 | timeout=2023-09-16 07:59
[trade:close] 2023-09-10 07:59 LTCUSDT LONG → stop_loss @ 60.73 | PnL=-3.14% (net -3.24%) | cum=+67.42% 2023-09=-3.86% 2023-09-10=-3.24%
[predict] 2023-09-11 00:00 LTCUSDT → LONG (proba=0.81 TP=7.2%/SL=3.6%)
[trade:open] 2023-09-11 07:59 LTCUSDT LONG @ 61.36 | SL=59.15 TP=65.78 | timeout=2023-09-18 07:59
[trade:close] 2023-09-11 15:59 LTCUSDT LONG → stop_loss @ 59.15 | PnL=-3.60% (net -3.70%) | cum=+63.72% 2023-09=-7.56% 2023-09-11=-3.70%
[predict] 2023-09-12 16:00 LTCUSDT → LONG (proba=0.85 TP=9.4%/SL=4.7%)
[trade:open] 2023-09-12 23:59 LTCUSDT LONG @ 59.94 | SL=57.12 TP=65.58 | timeout=2023-09-19 23:59
[trade:close] 2023-09-15 23:59 LTCUSDT LONG → take_profit @ 65.58 | PnL=+9.41% (net +9.31%) | cum=+73.03% 2023-09=+1.75% 2023-09-15=+9.31%
[predict] 2023-09-17 00:00 LTCUSDT → LONG (proba=0.73 TP=8.6%/SL=4.3%)
[trade:open] 2023-09-17 07:59 LTCUSDT LONG @ 63.70 | SL=60.97 TP=69.16 | timeout=2023-09-24 07:59
[trade:close] 2023-09-24 08:00 LTCUSDT LONG → timeout @ 64.59 | PnL=+1.40% (net +1.30%) | cum=+74.33% 2023-09=+3.05% 2023-09-24=+1.30%
[predict] 2023-09-25 00:00 LTCUSDT → SHORT (proba=0.80 TP=7.2%/SL=3.6%)
[trade:open] 2023-09-25 07:59 LTCUSDT SHORT @ 64.41 | SL=66.72 TP=59.79 | timeout=2023-10-02 07:59
[lgbm] === Training for 2023-10 ===
  Train window: 2021-10-01 → 2023-09-23
  2153 training samples from 1 symbols
  Samples per month: 2021-10: 93, 2021-11: 90, 2021-12: 93, 2022-01: 93, 2022-02: 75, 2022-03: 93, 2022-04: 84, 2022-05: 93, 2022-06: 90, 2022-07: 93, 2022-08: 93, 2022-09: 90, 2022-10: 93, 2022-11: 90, 2022-12: 93, 2023-01: 93, 2023-02: 84, 2023-03: 93, 2023-04: 90, 2023-05: 93, 2023-06: 90, 2023-07: 93, 2023-08: 93, 2023-09: 68
  [label] 2021-12-01 00:00 LTCUSDT entry=215.7500 → SHORT | long=sl(-8.99%) short=tp(+17.67%) | scanned=9 | short_tp_only
  [label] 2021-12-03 08:00 LTCUSDT entry=198.3600 → SHORT | long=sl(-8.59%) short=tp(+16.88%) | scanned=2 | short_tp_only
  [label] 2021-12-07 00:00 LTCUSDT entry=158.8600 → SHORT | long=timeout(-7.65%) short=timeout(+7.45%) | scanned=22 | no_tp→fwd_return=-7.5538
  [label] 2021-12-31 16:00 LTCUSDT entry=146.1700 → SHORT | long=sl(-6.13%) short=tp(+11.95%) | scanned=19 | short_tp_only
  [label] 2022-02-21 16:00 LTCUSDT entry=102.6700 → LONG | long=sl(-9.01%) short=timeout(-6.43%) | scanned=13 | no_tp→fwd_return=+6.3310
  [label] 2022-08-10 08:00 LTCUSDT entry=61.7900 → SHORT | long=timeout(-2.59%) short=sl(-5.94%) | scanned=22 | no_tp→fwd_return=-2.4923
  [label] 2022-08-14 08:00 LTCUSDT entry=65.2400 → SHORT | long=sl(-5.33%) short=tp(+10.35%) | scanned=14 | short_tp_only
  [label] 2022-08-25 00:00 LTCUSDT entry=57.1200 → SHORT | long=sl(-6.31%) short=timeout(+4.33%) | scanned=22 | no_tp→fwd_return=-4.4293
  [label] 2022-10-08 16:00 LTCUSDT entry=52.7600 → SHORT | long=sl(-3.70%) short=tp(+7.11%) | scanned=14 | short_tp_only[I 2026-06-01 23:28:19,320] A new study created in memory with name: no-name-1df23119-2cc0-497e-8465-8de67adc1969
[I 2026-06-01 23:28:19,659] Trial 0 finished with value: 0.010633098207337788 and parameters: {'confidence_threshold': 0.6310890415965769, 'training_days': 480, 'n_estimators': 380, 'max_depth': 4, 'num_leaves': 22, 'learning_rate': 0.01699897838270077, 'subsample': 0.5290418060840998, 'colsample_bytree': 0.9330880728874675, 'min_child_samples': 68, 'reg_alpha': 0.023585940584142682, 'reg_lambda': 1.5320059381854043e-08}. Best is trial 0 with value: 0.010633098207337788.
[I 2026-06-01 23:28:19,801] Trial 1 finished with value: -1.8940972424098317 and parameters: {'confidence_threshold': 0.839468448256698, 'training_days': 420, 'n_estimators': 145, 'max_depth': 3, 'num_leaves': 23, 'learning_rate': 0.028145092716060652, 'subsample': 0.762378215816119, 'colsample_bytree': 0.7159725093210578, 'min_child_samples': 43, 'reg_alpha': 0.0032112643094417484, 'reg_lambda': 1.8007140198129195e-07}. Best is trial 0 with value: 0.010633098207337788.
[I 2026-06-01 23:28:20,006] Trial 2 finished with value: 0.0007213997417675894 and parameters: {'confidence_threshold': 0.6022506269873263, 'training_days': 190, 'n_estimators': 255, 'max_depth': 5, 'num_leaves': 24, 'learning_rate': 0.05748924681991978, 'subsample': 0.7962072844310213, 'colsample_bytree': 0.5232252063599989, 'min_child_samples': 69, 'reg_alpha': 3.425445902633376e-07, 'reg_lambda': 3.850031979199519e-08}. Best is trial 0 with value: 0.010633098207337788.
[I 2026-06-01 23:28:20,347] Trial 3 finished with value: 0.024514982102322964 and parameters: {'confidence_threshold': 0.8321099380386666, 'training_days': 490, 'n_estimators': 414, 'max_depth': 3, 'num_leaves': 19, 'learning_rate': 0.1024932221692416, 'subsample': 0.7200762468698007, 'colsample_bytree': 0.5610191174223894, 'min_child_samples': 60, 'reg_alpha': 2.039373116525212e-08, 'reg_lambda': 1.527156759251193}. Best is trial 3 with value: 0.024514982102322964.
[I 2026-06-01 23:28:20,543] Trial 4 finished with value: 0.054075261075830924 and parameters: {'confidence_threshold': 0.5905729935600059, 'training_days': 340, 'n_estimators': 190, 'max_depth': 4, 'num_leaves': 41, 'learning_rate': 0.01875220945578641, 'subsample': 0.9847923138822793, 'colsample_bytree': 0.8875664116805573, 'min_child_samples': 96, 'reg_alpha': 1.1309571585271483, 'reg_lambda': 0.002404915432737351}. Best is trial 4 with value: 0.054075261075830924.
[I 2026-06-01 23:28:20,591] Trial 5 finished with value: -0.07025143641312802 and parameters: {'confidence_threshold': 0.8226559822580909, 'training_days': 50, 'n_estimators': 138, 'max_depth': 3, 'num_leaves': 30, 'learning_rate': 0.03750796359625606, 'subsample': 0.6356745158869479, 'colsample_bytree': 0.9143687545759647, 'min_child_samples': 48, 'reg_alpha': 3.376063348877853e-06, 'reg_lambda': 0.0007660634613082914}. Best is trial 4 with value: 0.054075261075830924.
[I 2026-06-01 23:28:20,711] Trial 6 finished with value: 0.03555956191384389 and parameters: {'confidence_threshold': 0.5493234787411669, 'training_days': 410, 'n_estimators': 83, 'max_depth': 5, 'num_leaves': 52, 'learning_rate': 0.019657448966046126, 'subsample': 0.5027610585618012, 'colsample_bytree': 0.9077307142274171, 'min_child_samples': 77, 'reg_alpha': 0.03639690979811287, 'reg_lambda': 0.08738424135626986}. Best is trial 4 with value: 0.054075261075830924.
[I 2026-06-01 23:28:20,820] Trial 7 finished with value: -0.049896145729785735 and parameters: {'confidence_threshold': 0.5259156281069316, 'training_days': 180, 'n_estimators': 102, 'max_depth': 5, 'num_leaves': 45, 'learning_rate': 0.030816017044468066, 'subsample': 0.5317791751430119, 'colsample_bytree': 0.6554911608578311, 'min_child_samples': 46, 'reg_alpha': 0.036851536911881845, 'reg_lambda': 0.005470376807480391}. Best is trial 4 with value: 0.054075261075830924.
[I 2026-06-01 23:28:20,941] Trial 8 finished with value: 0.056433210670844294 and parameters: {'confidence_threshold': 0.8105244599017143, 'training_days': 240, 'n_estimators': 103, 'max_depth': 5, 'num_leaves': 52, 'learning_rate': 0.06746437142284309, 'subsample': 0.8854835899772805, 'colsample_bytree': 0.7468977981821954, 'min_child_samples': 62, 'reg_alpha': 7.04480806377519e-05, 'reg_lambda': 1.6934490731313353e-08}. Best is trial 8 with value: 0.056433210670844294.
[I 2026-06-01 23:28:20,972] Trial 9 finished with value: -0.1264072983578195 and parameters: {'confidence_threshold': 0.5377619994476566, 'training_days': 20, 'n_estimators': 337, 'max_depth': 3, 'num_leaves': 39, 'learning_rate': 0.21907142272152816, 'subsample': 0.6246461145744375, 'colsample_bytree': 0.7051914615178149, 'min_child_samples': 81, 'reg_alpha': 1.1459970229341322e-06, 'reg_lambda': 4.929685216887945e-08}. Best is trial 8 with value: 0.056433210670844294.
[I 2026-06-01 23:28:21,567] Trial 10 finished with value: -0.017025176777658517 and parameters: {'confidence_threshold': 0.734042426776949, 'training_days': 280, 'n_estimators': 487, 'max_depth': 5, 'num_leaves': 62, 'learning_rate': 0.10432148521337849, 'subsample': 0.9416850669512905, 'colsample_bytree': 0.8120417635861826, 'min_child_samples': 27, 'reg_alpha': 7.238112263003475e-05, 'reg_lambda': 3.3639426888455256e-06}. Best is trial 8 with value: 0.056433210670844294.
[I 2026-06-01 23:28:21,753] Trial 11 finished with value: 0.24801751946301973 and parameters: {'confidence_threshold': 0.7192552477034038, 'training_days': 290, 'n_estimators': 223, 'max_depth': 4, 'num_leaves': 53, 'learning_rate': 0.010418004616766478, 'subsample': 0.9987925440125851, 'colsample_bytree': 0.8164708272936286, 'min_child_samples': 97, 'reg_alpha': 5.370415467243256, 'reg_lambda': 1.2919440532274802e-05}. Best is trial 11 with value: 0.24801751946301973.
[I 2026-06-01 23:28:21,911] Trial 12 finished with value: -2.2858066958613863 and parameters: {'confidence_threshold': 0.7341332481359052, 'training_days': 190, 'n_estimators': 256, 'max_depth': 4, 'num_leaves': 55, 'learning_rate': 0.01064264120978801, 'subsample': 0.8848579707387314, 'colsample_bytree': 0.8029806514921616, 'min_child_samples': 100, 'reg_alpha': 5.770700012836293, 'reg_lambda': 7.618021677092772e-06}. Best is trial 11 with value: 0.24801751946301973.
[I 2026-06-01 23:28:22,158] Trial 13 finished with value: 0.01804383718876571 and parameters: {'confidence_threshold': 0.7433849339808255, 'training_days': 300, 'n_estimators': 202, 'max_depth': 4, 'num_leaves': 52, 'learning_rate': 0.07177834328984714, 'subsample': 0.87730723737345, 'colsample_bytree': 0.9986067133777616, 'min_child_samples': 22, 'reg_alpha': 0.00011610679556904135, 'reg_lambda': 2.915487126448182e-05}. Best is trial 11 with value: 0.24801751946301973.
[I 2026-06-01 23:28:22,217] Trial 14 finished with value: 0.16172906757937092 and parameters: {'confidence_threshold': 0.7832179755306014, 'training_days': 140, 'n_estimators': 57, 'max_depth': 4, 'num_leaves': 60, 'learning_rate': 0.15967921648819136, 'subsample': 0.9913430783889023, 'colsample_bytree': 0.8013968038419944, 'min_child_samples': 87, 'reg_alpha': 0.0009052870261507429, 'reg_lambda': 9.953201809579919e-07}. Best is trial 11 with value: 0.24801751946301973.
[I 2026-06-01 23:28:22,262] Trial 15 finished with value: 0.08083080143120167 and parameters: {'confidence_threshold': 0.6945111725090828, 'training_days': 100, 'n_estimators': 51, 'max_depth': 4, 'num_leaves': 62, 'learning_rate': 0.28987334197031267, 'subsample': 0.9966098713765745, 'colsample_bytree': 0.8203687904389237, 'min_child_samples': 89, 'reg_alpha': 0.5700270404370419, 'reg_lambda': 9.89041528914504e-07}. Best is trial 11 with value: 0.24801751946301973.
[I 2026-06-01 23:28:22,377] Trial 16 finished with value: 0.09115711043081565 and parameters: {'confidence_threshold': 0.777694796857563, 'training_days': 120, 'n_estimators': 306, 'max_depth': 4, 'num_leaves': 58, 'learning_rate': 0.1549906157321874, 'subsample': 0.9327811660781862, 'colsample_bytree': 0.632035183231185, 'min_child_samples': 85, 'reg_alpha': 0.0004455599208562689, 'reg_lambda': 7.33822282850244e-05}. Best is trial 11 with value: 0.24801751946301973.
[I 2026-06-01 23:28:22,565] Trial 17 finished with value: 0.1851383733522045 and parameters: {'confidence_threshold': 0.6755099553978283, 'training_days': 370, 'n_estimators': 205, 'max_depth': 4, 'num_leaves': 47, 'learning_rate': 0.010425658055299656, 'subsample': 0.8221342383956729, 'colsample_bytree': 0.8465849452703682, 'min_child_samples': 92, 'reg_alpha': 9.511127749539064, 'reg_lambda': 6.880925840516315e-07}. Best is trial 11 with value: 0.24801751946301973.
[I 2026-06-01 23:28:22,837] A new study created in memory with name: no-name-8a3a9183-d0cc-4716-b87e-400ce20fd494
[I 2026-06-01 23:28:22,944] Trial 0 finished with value: 0.01972720413204158 and parameters: {'confidence_threshold': 0.7437642149592516, 'training_days': 150, 'n_estimators': 152, 'max_depth': 4, 'num_leaves': 50, 'learning_rate': 0.04216766425047743, 'subsample': 0.9903820991923078, 'colsample_bytree': 0.8424148692924316, 'min_child_samples': 58, 'reg_alpha': 3.381097259762742e-05, 'reg_lambda': 1.2263152961306247e-05}. Best is trial 0 with value: 0.01972720413204158.
[I 2026-06-01 23:28:23,020] Trial 1 finished with value: -2.1599983852315234 and parameters: {'confidence_threshold': 0.7551673975844145, 'training_days': 220, 'n_estimators': 76, 'max_depth': 4, 'num_leaves': 51, 'learning_rate': 0.018602118810743477, 'subsample': 0.5877258780737462, 'colsample_bytree': 0.7657756869209191, 'min_child_samples': 63, 'reg_alpha': 0.005123994170264194, 'reg_lambda': 0.44145470178120466}. Best is trial 0 with value: 0.01972720413204158.
[I 2026-06-01 23:28:23,297] Trial 2 finished with value: 0.04125325398401794 and parameters: {'confidence_threshold': 0.7535593637012223, 'training_days': 310, 'n_estimators': 375, 'max_depth': 3, 'num_leaves': 32, 'learning_rate': 0.021735641882032388, 'subsample': 0.6468570231944146, 'colsample_bytree': 0.8154880619272439, 'min_child_samples': 27, 'reg_alpha': 8.004064028491336e-05, 'reg_lambda': 7.546835261630524e-05}. Best is trial 2 with value: 0.04125325398401794.
[I 2026-06-01 23:28:23,493] Trial 3 finished with value: -0.019787253657312254 and parameters: {'confidence_threshold': 0.6727897841776072, 'training_days': 220, 'n_estimators': 190, 'max_depth': 4, 'num_leaves': 58, 'learning_rate': 0.24810689332636193, 'subsample': 0.7509183379421682, 'colsample_bytree': 0.8119764758960556, 'min_child_samples': 29, 'reg_alpha': 7.1708285081421445e-06, 'reg_lambda': 5.412973582738627e-05}. Best is trial 2 with value: 0.04125325398401794.
[I 2026-06-01 23:28:23,637] Trial 4 finished with value: 0.08654335119741637 and parameters: {'confidence_threshold': 0.803208205259178, 'training_days': 130, 'n_estimators': 267, 'max_depth': 5, 'num_leaves': 40, 'learning_rate': 0.08041175317374143, 'subsample': 0.5603143329951619, 'colsample_bytree': 0.9131704002534167, 'min_child_samples': 68, 'reg_alpha': 0.0008046593428183385, 'reg_lambda': 1.2158346158765583e-05}. Best is trial 4 with value: 0.08654335119741637.
[I 2026-06-01 23:28:23,888] Trial 5 finished with value: 0.04939192074240131 and parameters: {'confidence_threshold': 0.6064422761595144, 'training_days': 210, 'n_estimators': 357, 'max_depth': 5, 'num_leaves': 40, 'learning_rate': 0.0974221287220869, 'subsample': 0.7929682762811064, 'colsample_bytree': 0.8124517510478, 'min_child_samples': 74, 'reg_alpha': 0.3811377260781234, 'reg_lambda': 5.607314238392041e-08}. Best is trial 4 with value: 0.08654335119741637.
[I 2026-06-01 23:28:24,013] Trial 6 finished with value: 0.006452465697843887 and parameters: {'confidence_threshold': 0.7672889945051684, 'training_days': 130, 'n_estimators': 137, 'max_depth': 4, 'num_leaves': 19, 'learning_rate': 0.2031117614248665, 'subsample': 0.8136244860256343, 'colsample_bytree': 0.8617081790949774, 'min_child_samples': 21, 'reg_alpha': 0.002238138278733199, 'reg_lambda': 0.001025809534977322}. Best is trial 4 with value: 0.08654335119741637.
[I 2026-06-01 23:28:24,095] Trial 7 finished with value: 0.04296676005472917 and parameters: {'confidence_threshold': 0.555635875450653, 'training_days': 80, 'n_estimators': 363, 'max_depth': 3, 'num_leaves': 48, 'learning_rate': 0.06590089024008658, 'subsample': 0.6944752870615722, 'colsample_bytree': 0.962566244806993, 'min_child_samples': 88, 'reg_alpha': 1.6465620446426067e-05, 'reg_lambda': 2.4678750890085655e-08}. Best is trial 4 with value: 0.08654335119741637.
[I 2026-06-01 23:28:24,449] Trial 8 finished with value: -0.02587876829542924 and parameters: {'confidence_threshold': 0.6066688256938841, 'training_days': 200, 'n_estimators': 367, 'max_depth': 5, 'num_leaves': 32, 'learning_rate': 0.13377519215934996, 'subsample': 0.7965884582811106, 'colsample_bytree': 0.8458508993500886, 'min_child_samples': 32, 'reg_alpha': 3.889436043816386e-05, 'reg_lambda': 1.4713062489380356e-06}. Best is trial 4 with value: 0.08654335119741637.
