[I 2026-06-01 23:30:56,760] Trial 9 finished with value: -6.003816476855745 and parameters: {'confidence_threshold': 0.7267463643917187, 'training_days': 20, 'n_estimators': 337, 'max_depth': 5, 'num_leaves': 23, 'learning_rate': 0.022153031811454605, 'subsample': 0.6305627572358737, 'colsample_bytree': 0.6613413774216214, 'min_child_samples': 81, 'reg_alpha': 5.7638634029410314e-08, 'reg_lambda': 8.26603016764008}. Best is trial 8 with value: 0.1566676887736576.
[I 2026-06-01 23:30:57,134] Trial 10 finished with value: -1.9516450651365642 and parameters: {'confidence_threshold': 0.8283920119574972, 'training_days': 400, 'n_estimators': 485, 'max_depth': 4, 'num_leaves': 63, 'learning_rate': 0.011927505552849117, 'subsample': 0.7130289643560688, 'colsample_bytree': 0.9944479338273263, 'min_child_samples': 100, 'reg_alpha': 5.0239970328459277e-05, 'reg_lambda': 0.0028438774509831773}. Best is trial 8 with value: 0.1566676887736576.
[I 2026-06-01 23:30:57,595] Trial 11 finished with value: 0.0999349282343713 and parameters: {'confidence_threshold': 0.7828153509856824, 'training_days': 500, 'n_estimators': 478, 'max_depth': 4, 'num_leaves': 59, 'learning_rate': 0.0222741777320615, 'subsample': 0.5003027816920045, 'colsample_bytree': 0.6246686715546547, 'min_child_samples': 49, 'reg_alpha': 2.6958450673238232, 'reg_lambda': 7.301445086692247e-08}. Best is trial 8 with value: 0.1566676887736576.
[I 2026-06-01 23:30:57,990] Trial 12 finished with value: 0.04329685644337745 and parameters: {'confidence_threshold': 0.7449212105048096, 'training_days': 500, 'n_estimators': 347, 'max_depth': 4, 'num_leaves': 54, 'learning_rate': 0.09755048120687658, 'subsample': 0.6022227642274884, 'colsample_bytree': 0.6706001178156101, 'min_child_samples': 21, 'reg_alpha': 0.00012116501730499813, 'reg_lambda': 2.478240238014353e-06}. Best is trial 8 with value: 0.1566676887736576.
[I 2026-06-01 23:30:58,321] Trial 13 finished with value: 0.04887858170239838 and parameters: {'confidence_threshold': 0.7586389545742787, 'training_days': 390, 'n_estimators': 379, 'max_depth': 4, 'num_leaves': 17, 'learning_rate': 0.04403561406457507, 'subsample': 0.6909682317485307, 'colsample_bytree': 0.5050955073453294, 'min_child_samples': 59, 'reg_alpha': 0.0931156061735182, 'reg_lambda': 0.009569497649567413}. Best is trial 8 with value: 0.1566676887736576.
[I 2026-06-01 23:30:58,575] Trial 14 finished with value: 0.1279353817100241 and parameters: {'confidence_threshold': 0.6858739915073588, 'training_days': 450, 'n_estimators': 267, 'max_depth': 5, 'num_leaves': 51, 'learning_rate': 0.024886143625151645, 'subsample': 0.5563796426438716, 'colsample_bytree': 0.727350268870929, 'min_child_samples': 81, 'reg_alpha': 1.1029730239531384e-05, 'reg_lambda': 9.43887041810481e-07}. Best is trial 8 with value: 0.1566676887736576.
[I 2026-06-01 23:30:58,779] Trial 15 finished with value: 0.10228603948615786 and parameters: {'confidence_threshold': 0.6284997827931182, 'training_days': 360, 'n_estimators': 243, 'max_depth': 4, 'num_leaves': 52, 'learning_rate': 0.010003795078177025, 'subsample': 0.6641293219806597, 'colsample_bytree': 0.7463915985528375, 'min_child_samples': 88, 'reg_alpha': 8.935979146567543e-06, 'reg_lambda': 3.282445229185098e-06}. Best is trial 8 with value: 0.1566676887736576.
[I 2026-06-01 23:30:58,997] Trial 16 finished with value: 0.01245103738744079 and parameters: {'confidence_threshold': 0.8133059572134387, 'training_days': 220, 'n_estimators': 300, 'max_depth': 4, 'num_leaves': 54, 'learning_rate': 0.02295278303765532, 'subsample': 0.770073891572373, 'colsample_bytree': 0.8189041051863019, 'min_child_samples': 71, 'reg_alpha': 3.2446716984260403e-06, 'reg_lambda': 0.000855876310048679}. Best is trial 8 with value: 0.1566676887736576.
[I 2026-06-01 23:30:59,227] Trial 17 finished with value: 0.07510048944093214 and parameters: {'confidence_threshold': 0.5031610164996307, 'training_days': 450, 'n_estimators': 207, 'max_depth': 5, 'num_leaves': 51, 'learning_rate': 0.014399917848714062, 'subsample': 0.559160277617817, 'colsample_bytree': 0.9920053259992261, 'min_child_samples': 89, 'reg_alpha': 0.003779012890739376, 'reg_lambda': 1.1780559155187817e-06}. Best is trial 8 with value: 0.1566676887736576.

    [CV fold 4] train_end=2024-05-18 16:00 | val_start=2024-05-26 08:00 | gap=184h (22 rows)
    [trial 0] Sharpe=0.0914 (folds: -0.0133, 0.1085, 0.1024, 0.2810, -0.0217)
    [trial 1] 49 features, training_days=220 | threshold=0.755 | labels: 1119 long, 1052 short (52/48%)
    [trial 1] Sharpe=0.0674 (folds: 0.0123, -0.1102, -0.0138, 0.4945, -0.0457)
    [trial 2] 49 features, training_days=310 | threshold=0.754 | labels: 1119 long, 1052 short (52/48%)
    [trial 2] Sharpe=-0.0119 (folds: -0.1751, 0.0482, -0.2176, 0.2853, -0.0001)
    [trial 3] 49 features, training_days=220 | threshold=0.673 | labels: 1119 long, 1052 short (52/48%)
    [trial 3] Sharpe=0.0102 (folds: -0.0903, 0.0100, 0.0285, 0.1427, -0.0401)
    [trial 4] 49 features, training_days=130 | threshold=0.803 | labels: 1119 long, 1052 short (52/48%)
    [trial 4] Sharpe=0.0538 (folds: -0.0822, 0.2125, -0.0848, 0.2895, -0.0661)
    [trial 5] 49 features, training_days=210 | threshold=0.606 | labels: 1119 long, 1052 short (52/48%)
    [trial 5] Sharpe=0.0181 (folds: -0.1017, 0.1118, 0.0243, 0.1663, -0.1101)
    [trial 6] 49 features, training_days=130 | threshold=0.767 | labels: 1119 long, 1052 short (52/48%)
    [trial 6] Sharpe=0.0641 (folds: -0.0656, 0.1216, 0.0083, 0.2639, -0.0078)
    [trial 7] 49 features, training_days=80 | threshold=0.556 | labels: 1119 long, 1052 short (52/48%)
    [trial 7] Sharpe=0.0915 (folds: 0.0037, 0.0885, 0.0208, 0.3456, -0.0010)
    [trial 8] 49 features, training_days=200 | threshold=0.607 | labels: 1119 long, 1052 short (52/48%)
    [trial 8] Sharpe=-0.0074 (folds: -0.1023, -0.0438, 0.0100, 0.2171, -0.1182)
    [trial 9] 49 features, training_days=260 | threshold=0.620 | labels: 1119 long, 1052 short (52/48%)
    [trial 9] Sharpe=0.0242 (folds: -0.0555, 0.0879, -0.0851, 0.1936, -0.0197)
    [trial 10] 49 features, training_days=10 | threshold=0.525 | labels: 1119 long, 1052 short (52/48%)
    [trial 10] Sharpe=-0.0040 (folds: 0.0191, 0.1244, -0.1018, -0.0358, -0.0258)
    [trial 11] 49 features, training_days=480 | threshold=0.508 | labels: 1119 long, 1052 short (52/48%)
    [trial 11] Sharpe=0.1028 (folds: -0.0173, 0.0538, -0.0135, 0.2666, 0.2246)
    [trial 12] 49 features, training_days=500 | threshold=0.509 | labels: 1119 long, 1052 short (52/48%)
    [trial 12] Sharpe=0.0833 (folds: -0.0078, -0.0089, -0.0383, 0.2715, 0.2002)
    [trial 13] 49 features, training_days=490 | threshold=0.556 | labels: 1119 long, 1052 short (52/48%)
    [trial 13] Sharpe=0.0737 (folds: -0.0648, 0.0402, 0.0052, 0.2856, 0.1022)
    [trial 14] 49 features, training_days=410 | threshold=0.563 | labels: 1119 long, 1052 short (52/48%)
    [trial 14] Sharpe=0.0528 (folds: -0.0176, 0.0329, -0.0331, 0.2133, 0.0687)
    [trial 15] 49 features, training_days=10 | threshold=0.664 | labels: 1119 long, 1052 short (52/48%)
    [trial 15] Sharpe=-0.0040 (folds: 0.0191, 0.1244, -0.1018, -0.0358, -0.0258)
    [trial 16] 49 features, training_days=350 | threshold=0.551 | labels: 1119 long, 1052 short (52/48%)
    [trial 16] Sharpe=0.0459 (folds: -0.0746, 0.0551, -0.0511, 0.2724, 0.0276)
    [trial 17] 49 features, training_days=70 | threshold=0.500 | labels: 1119 long, 1052 short (52/48%)
    [trial 17] Sharpe=-0.0003 (folds: -0.0230, 0.0407, 0.0082, 0.2423, -0.2697)
  Optuna: 18 trials, best Sharpe = 0.1028
  Best params: n_estimators=245, max_depth=3, lr=0.0479, leaves=49
  Best confidence_threshold: 0.508
  Best training_days: 480
  Retrained on full data (1440 samples, 49 features)
  [ensemble 3/3] seed=456
    [trial 0] 49 features, training_days=90 | threshold=0.587 | labels: 1119 long, 1052 short (52/48%)
    [CV fold 0] train_end=2023-01-23 08:00 | val_start=2023-01-31 00:00 | gap=184h (22 rows)
    [CV fold 1] train_end=2023-05-23 16:00 | val_start=2023-05-31 08:00 | gap=184h (22 rows)
    [CV fold 2] train_end=2023-09-21 00:00 | val_start=2023-09-28 16:00 | gap=184h (22 rows)
    [CV fold 3] train_end=2024-01-19 08:00 | val_start=2024-01-27 00:00 | gap=184h (22 rows)
    [CV fold 4] train_end=2024-05-18 16:00 | val_start=2024-05-26 08:00 | gap=184h (22 rows)
    [trial 0] Sharpe=0.0908 (folds: -0.0668, 0.1950, 0.1908, 0.2458, -0.1108)
    [trial 1] 49 features, training_days=290 | threshold=0.635 | labels: 1119 long, 1052 short (52/48%)
    [trial 1] Sharpe=0.0328 (folds: -0.0415, 0.0914, -0.1488, 0.3185, -0.0558)
    [trial 2] 49 features, training_days=10 | threshold=0.585 | labels: 1119 long, 1052 short (52/48%)
    [trial 2] Sharpe=-0.0040 (folds: 0.0191, 0.1244, -0.1018, -0.0358, -0.0258)
    [trial 3] 49 features, training_days=220 | threshold=0.687 | labels: 1119 long, 1052 short (52/48%)
    [trial 3] Sharpe=0.0736 (folds: 0.0511, 0.1305, -0.0520, 0.2690, -0.0309)
    [trial 4] 49 features, training_days=300 | threshold=0.562 | labels: 1119 long, 1052 short (52/48%)
    [trial 4] Sharpe=0.0264 (folds: -0.0689, 0.0776, -0.1000, 0.2704, -0.0469)
    [trial 5] 49 features, training_days=490 | threshold=0.711 | labels: 1119 long, 1052 short (52/48%)
    [trial 5] Sharpe=0.1108 (folds: -0.0640, 0.1189, -0.0464, 0.4074, 0.1382)
    [trial 6] 49 features, training_days=420 | threshold=0.667 | labels: 1119 long, 1052 short (52/48%)
    [trial 6] Sharpe=0.1029 (folds: -0.0706, 0.0820, -0.0784, 0.4757, 0.1059)
    [trial 7] 49 features, training_days=120 | threshold=0.550 | labels: 1119 long, 1052 short (52/48%)
    [trial 7] Sharpe=0.0291 (folds: -0.0159, 0.1325, -0.1355, 0.2652, -0.1010)
    [trial 8] 49 features, training_days=450 | threshold=0.720 | labels: 1119 long, 1052 short (52/48%)
    [trial 8] Sharpe=0.1567 (folds: 0.0716, 0.0892, -0.0189, 0.4886, 0.1529)
    [trial 9] 49 features, training_days=20 | threshold=0.727 | labels: 1119 long, 1052 short (52/48%)
    [trial 9] Sharpe=-6.0038 (folds: 0.0191, -10.0000, -10.0000, -10.0000, -0.0382)
    [trial 10] 49 features, training_days=400 | threshold=0.828 | labels: 1119 long, 1052 short (52/48%)
    [trial 10] Sharpe=-1.9516 (folds: -0.0469, 0.2880, -0.0631, -10.0000, 0.0637)
    [trial 11] 49 features, training_days=500 | threshold=0.783 | labels: 1119 long, 1052 short (52/48%)
    [trial 11] Sharpe=0.0999 (folds: -0.1218, 0.1670, -0.0864, 0.5693, -0.0284)
    [trial 12] 49 features, training_days=500 | threshold=0.745 | labels: 1119 long, 1052 short (52/48%)
    [trial 12] Sharpe=0.0433 (folds: -0.0637, 0.0048, -0.0388, 0.3340, -0.0198)
    [trial 13] 49 features, training_days=390 | threshold=0.759 | labels: 1119 long, 1052 short (52/48%)
    [trial 13] Sharpe=0.0489 (folds: -0.0899, 0.0812, -0.0474, 0.2470, 0.0536)
    [trial 14] 49 features, training_days=450 | threshold=0.686 | labels: 1119 long, 1052 short (52/48%)
    [trial 14] Sharpe=0.1279 (folds: -0.0367, 0.0470, -0.0210, 0.4791, 0.1712)
    [trial 15] 49 features, training_days=360 | threshold=0.628 | labels: 1119 long, 1052 short (52/48%)
    [trial 15] Sharpe=0.1023 (folds: 0.0079, 0.0540, -0.0358, 0.4934, -0.0080)
    [trial 16] 49 features, training_days=220 | threshold=0.813 | labels: 1119 long, 1052 short (52/48%)
    [trial 16] Sharpe=0.0125 (folds: -0.0567, -0.0262, -0.0760, 0.2686, -0.0474)
    [trial 17] 49 features, training_days=450 | threshold=0.503 | labels: 1119 long, 1052 short (52/48%)
    [trial 17] Sharpe=0.0751 (folds: -0.0126, 0.0484, -0.0221, 0.2626, 0.0992)
  Optuna: 18 trials, best Sharpe = 0.1567
  Best params: n_estimators=410, max_depth=4, lr=0.0402, leaves=57
  Best confidence_threshold: 0.720
  Best training_days: 450
  Retrained on full data (1350 samples, 49 features)
  OOD: 16 features, cutoff (q=0.7) = 13.64
  Model trained for 2024-10: 93 test candles with features, confidence_threshold=0.658
[predict] 2024-10-05 00:00 LTCUSDT → SHORT (proba=0.70 TP=8.3%/SL=4.1%)
[trade:open] 2024-10-05 07:59 LTCUSDT SHORT @ 65.14 | SL=67.83 TP=59.75 | timeout=2024-10-12 07:59
[trade:close] 2024-10-07 07:59 LTCUSDT SHORT → stop_loss @ 67.83 | PnL=-4.14% (net -4.24%) | cum=+124.52% 2024-10=-4.24% 2024-10-07=-4.24%
[predict] 2024-10-08 08:00 LTCUSDT → LONG (proba=0.75 TP=7.1%/SL=3.6%)
[trade:open] 2024-10-08 15:59 LTCUSDT LONG @ 65.51 | SL=63.17 TP=70.19 | timeout=2024-10-15 15:59
[trade:close] 2024-10-15 16:00 LTCUSDT LONG → timeout @ 66.25 | PnL=+1.13% (net +1.03%) | cum=+125.55% 2024-10=-3.21% 2024-10-15=+1.03%[I 2026-06-01 23:30:59,951] A new study created in memory with name: no-name-659ebcfa-15e1-4c27-bccb-cc434ff6e78d
[I 2026-06-01 23:31:00,337] Trial 0 finished with value: 0.12091314401420288 and parameters: {'confidence_threshold': 0.6310890415965769, 'training_days': 480, 'n_estimators': 380, 'max_depth': 4, 'num_leaves': 22, 'learning_rate': 0.01699897838270077, 'subsample': 0.5290418060840998, 'colsample_bytree': 0.9330880728874675, 'min_child_samples': 68, 'reg_alpha': 0.023585940584142682, 'reg_lambda': 1.5320059381854043e-08}. Best is trial 0 with value: 0.12091314401420288.
[I 2026-06-01 23:31:00,477] Trial 1 finished with value: -2.022051673166118 and parameters: {'confidence_threshold': 0.839468448256698, 'training_days': 420, 'n_estimators': 145, 'max_depth': 3, 'num_leaves': 23, 'learning_rate': 0.028145092716060652, 'subsample': 0.762378215816119, 'colsample_bytree': 0.7159725093210578, 'min_child_samples': 43, 'reg_alpha': 0.0032112643094417484, 'reg_lambda': 1.8007140198129195e-07}. Best is trial 0 with value: 0.12091314401420288.
[I 2026-06-01 23:31:00,662] Trial 2 finished with value: 0.038838236462143266 and parameters: {'confidence_threshold': 0.6022506269873263, 'training_days': 190, 'n_estimators': 255, 'max_depth': 5, 'num_leaves': 24, 'learning_rate': 0.05748924681991978, 'subsample': 0.7962072844310213, 'colsample_bytree': 0.5232252063599989, 'min_child_samples': 69, 'reg_alpha': 3.425445902633376e-07, 'reg_lambda': 3.850031979199519e-08}. Best is trial 0 with value: 0.12091314401420288.
[I 2026-06-01 23:31:00,953] Trial 3 finished with value: 0.14138860970061762 and parameters: {'confidence_threshold': 0.8321099380386666, 'training_days': 490, 'n_estimators': 414, 'max_depth': 3, 'num_leaves': 19, 'learning_rate': 0.1024932221692416, 'subsample': 0.7200762468698007, 'colsample_bytree': 0.5610191174223894, 'min_child_samples': 60, 'reg_alpha': 2.039373116525212e-08, 'reg_lambda': 1.527156759251193}. Best is trial 3 with value: 0.14138860970061762.
[I 2026-06-01 23:31:01,145] Trial 4 finished with value: 0.10088078446533108 and parameters: {'confidence_threshold': 0.5905729935600059, 'training_days': 340, 'n_estimators': 190, 'max_depth': 4, 'num_leaves': 41, 'learning_rate': 0.01875220945578641, 'subsample': 0.9847923138822793, 'colsample_bytree': 0.8875664116805573, 'min_child_samples': 96, 'reg_alpha': 1.1309571585271483, 'reg_lambda': 0.002404915432737351}. Best is trial 3 with value: 0.14138860970061762.
[I 2026-06-01 23:31:01,185] Trial 5 finished with value: -0.014438462318677524 and parameters: {'confidence_threshold': 0.8226559822580909, 'training_days': 50, 'n_estimators': 138, 'max_depth': 3, 'num_leaves': 30, 'learning_rate': 0.03750796359625606, 'subsample': 0.6356745158869479, 'colsample_bytree': 0.9143687545759647, 'min_child_samples': 48, 'reg_alpha': 3.376063348877853e-06, 'reg_lambda': 0.0007660634613082914}. Best is trial 3 with value: 0.14138860970061762.
[I 2026-06-01 23:31:01,323] Trial 6 finished with value: 0.10154754643171501 and parameters: {'confidence_threshold': 0.5493234787411669, 'training_days': 410, 'n_estimators': 83, 'max_depth': 5, 'num_leaves': 52, 'learning_rate': 0.019657448966046126, 'subsample': 0.5027610585618012, 'colsample_bytree': 0.9077307142274171, 'min_child_samples': 77, 'reg_alpha': 0.03639690979811287, 'reg_lambda': 0.08738424135626986}. Best is trial 3 with value: 0.14138860970061762.
[I 2026-06-01 23:31:01,421] Trial 7 finished with value: 0.07530354569725028 and parameters: {'confidence_threshold': 0.5259156281069316, 'training_days': 180, 'n_estimators': 102, 'max_depth': 5, 'num_leaves': 45, 'learning_rate': 0.030816017044468066, 'subsample': 0.5317791751430119, 'colsample_bytree': 0.6554911608578311, 'min_child_samples': 46, 'reg_alpha': 0.036851536911881845, 'reg_lambda': 0.005470376807480391}. Best is trial 3 with value: 0.14138860970061762.
[I 2026-06-01 23:31:01,534] Trial 8 finished with value: 0.02690223590803358 and parameters: {'confidence_threshold': 0.8105244599017143, 'training_days': 240, 'n_estimators': 103, 'max_depth': 5, 'num_leaves': 52, 'learning_rate': 0.06746437142284309, 'subsample': 0.8854835899772805, 'colsample_bytree': 0.7468977981821954, 'min_child_samples': 62, 'reg_alpha': 7.04480806377519e-05, 'reg_lambda': 1.6934490731313353e-08}. Best is trial 3 with value: 0.14138860970061762.
[I 2026-06-01 23:31:01,564] Trial 9 finished with value: -2.065844850517575 and parameters: {'confidence_threshold': 0.5377619994476566, 'training_days': 20, 'n_estimators': 337, 'max_depth': 3, 'num_leaves': 39, 'learning_rate': 0.21907142272152816, 'subsample': 0.6246461145744375, 'colsample_bytree': 0.7051914615178149, 'min_child_samples': 81, 'reg_alpha': 1.1459970229341322e-06, 'reg_lambda': 4.929685216887945e-08}. Best is trial 3 with value: 0.14138860970061762.
[I 2026-06-01 23:31:02,085] Trial 10 finished with value: 0.10060140838681561 and parameters: {'confidence_threshold': 0.7301111584710253, 'training_days': 350, 'n_estimators': 487, 'max_depth': 4, 'num_leaves': 15, 'learning_rate': 0.1457937958927628, 'subsample': 0.6806559982209046, 'colsample_bytree': 0.5055805119629307, 'min_child_samples': 27, 'reg_alpha': 1.290626345465208e-08, 'reg_lambda': 8.530248590348572}. Best is trial 3 with value: 0.14138860970061762.
[I 2026-06-01 23:31:02,513] Trial 11 finished with value: 0.20876389644241752 and parameters: {'confidence_threshold': 0.6954836557727516, 'training_days': 490, 'n_estimators': 420, 'max_depth': 4, 'num_leaves': 15, 'learning_rate': 0.010397937137834207, 'subsample': 0.5780545957082475, 'colsample_bytree': 0.8242066785264957, 'min_child_samples': 55, 'reg_alpha': 3.662834835098572, 'reg_lambda': 7.868729181011707e-06}. Best is trial 11 with value: 0.20876389644241752.
[I 2026-06-01 23:31:03,083] Trial 12 finished with value: 0.16243465092950166 and parameters: {'confidence_threshold': 0.7158407934522353, 'training_days': 480, 'n_estimators': 480, 'max_depth': 4, 'num_leaves': 15, 'learning_rate': 0.010642679600809507, 'subsample': 0.7114719232100558, 'colsample_bytree': 0.8304278626461433, 'min_child_samples': 30, 'reg_alpha': 5.7716388202492235, 'reg_lambda': 8.348297043432798e-06}. Best is trial 11 with value: 0.20876389644241752.
[I 2026-06-01 23:31:03,689] Trial 13 finished with value: 0.18241324483243784 and parameters: {'confidence_threshold': 0.7164493598111292, 'training_days': 500, 'n_estimators': 500, 'max_depth': 4, 'num_leaves': 62, 'learning_rate': 0.010916286793315664, 'subsample': 0.6052147140693372, 'colsample_bytree': 0.8173970489185487, 'min_child_samples': 22, 'reg_alpha': 6.815755303655056, 'reg_lambda': 4.448098583586063e-06}. Best is trial 11 with value: 0.20876389644241752.
[I 2026-06-01 23:31:04,224] Trial 14 finished with value: 0.1056986110002555 and parameters: {'confidence_threshold': 0.6802114675775414, 'training_days': 340, 'n_estimators': 428, 'max_depth': 4, 'num_leaves': 60, 'learning_rate': 0.010530157340361467, 'subsample': 0.5943436199376549, 'colsample_bytree': 0.8220233703068195, 'min_child_samples': 20, 'reg_alpha': 0.8819497975045069, 'reg_lambda': 1.364294583804229e-05}. Best is trial 11 with value: 0.20876389644241752.
[I 2026-06-01 23:31:04,603] Trial 15 finished with value: 0.0958952158020594 and parameters: {'confidence_threshold': 0.7549075125973478, 'training_days': 420, 'n_estimators': 300, 'max_depth': 4, 'num_leaves': 33, 'learning_rate': 0.010029982438777525, 'subsample': 0.6015874640141092, 'colsample_bytree': 0.8100744538922787, 'min_child_samples': 37, 'reg_alpha': 7.524233308108549, 'reg_lambda': 5.658550453655383e-06}. Best is trial 11 with value: 0.20876389644241752.
[I 2026-06-01 23:31:05,053] Trial 16 finished with value: 0.0884984655595166 and parameters: {'confidence_threshold': 0.6699615494902547, 'training_days': 270, 'n_estimators': 500, 'max_depth': 4, 'num_leaves': 63, 'learning_rate': 0.0156027360810959, 'subsample': 0.8264557544459668, 'colsample_bytree': 0.9826162589395974, 'min_child_samples': 54, 'reg_alpha': 0.00021314281636474107, 'reg_lambda': 8.357918486693912e-05}. Best is trial 11 with value: 0.20876389644241752.
