[I 2026-06-01 23:25:22,468] Trial 17 finished with value: 0.006078688665561066 and parameters: {'confidence_threshold': 0.6118939741680012, 'training_days': 180, 'n_estimators': 65, 'max_depth': 3, 'num_leaves': 62, 'learning_rate': 0.209224700894869, 'subsample': 0.5970497485615751, 'colsample_bytree': 0.5976224186735423, 'min_child_samples': 53, 'reg_alpha': 0.11382450368492165, 'reg_lambda': 0.15302421781350042}. Best is trial 2 with value: 0.06682088409178456.

    [trial 12] Sharpe=-2.0393 (folds: 0.2027, 0.0559, -0.1894, -10.0000, -0.2656)
    [trial 13] 49 features, training_days=340 | threshold=0.504 | labels: 1099 long, 1054 short (51/49%)
    [trial 13] Sharpe=-0.0403 (folds: -0.1616, 0.0407, 0.0639, -0.0347, -0.1097)
    [trial 14] 49 features, training_days=290 | threshold=0.666 | labels: 1099 long, 1054 short (51/49%)
    [trial 14] Sharpe=-0.0067 (folds: -0.0311, 0.0866, 0.1188, -0.0239, -0.1838)
    [trial 15] 49 features, training_days=460 | threshold=0.710 | labels: 1099 long, 1054 short (51/49%)
    [trial 15] Sharpe=-0.0588 (folds: -0.1367, -0.0700, 0.1487, -0.1994, -0.0367)
    [trial 16] 49 features, training_days=270 | threshold=0.579 | labels: 1099 long, 1054 short (51/49%)
    [trial 16] Sharpe=0.0049 (folds: -0.1357, 0.0542, 0.1711, 0.0054, -0.0707)
    [trial 17] 49 features, training_days=390 | threshold=0.624 | labels: 1099 long, 1054 short (51/49%)
    [trial 17] Sharpe=-0.0333 (folds: -0.1190, 0.0451, 0.0909, -0.0238, -0.1599)
  Optuna: 18 trials, best Sharpe = 0.0150
  Best params: n_estimators=357, max_depth=5, lr=0.0974, leaves=40
  Best confidence_threshold: 0.606
  Best training_days: 210
  Retrained on full data (615 samples, 49 features)
  [ensemble 3/3] seed=456
    [trial 0] 49 features, training_days=90 | threshold=0.587 | labels: 1099 long, 1054 short (51/49%)
    [CV fold 0] train_end=2020-11-22 08:00 | val_start=2020-11-30 00:00 | gap=184h (22 rows)
    [CV fold 1] train_end=2021-03-21 16:00 | val_start=2021-03-29 08:00 | gap=184h (22 rows)
    [CV fold 2] train_end=2021-07-19 00:00 | val_start=2021-07-26 16:00 | gap=184h (22 rows)
    [CV fold 3] train_end=2021-11-15 08:00 | val_start=2021-11-23 00:00 | gap=184h (22 rows)
    [CV fold 4] train_end=2022-03-17 16:00 | val_start=2022-03-25 08:00 | gap=184h (22 rows)
    [trial 0] Sharpe=-0.0747 (folds: -0.0161, 0.0501, -0.2174, -0.0326, -0.1576)
    [trial 1] 49 features, training_days=290 | threshold=0.635 | labels: 1099 long, 1054 short (51/49%)
    [trial 1] Sharpe=-0.0398 (folds: -0.1144, 0.0076, 0.0293, 0.0100, -0.1312)
    [trial 2] 49 features, training_days=10 | threshold=0.585 | labels: 1099 long, 1054 short (51/49%)
    [trial 2] Sharpe=0.0668 (folds: -0.2038, 0.0559, 0.2470, 0.1286, 0.1064)
    [trial 3] 49 features, training_days=220 | threshold=0.687 | labels: 1099 long, 1054 short (51/49%)
    [trial 3] Sharpe=0.0069 (folds: -0.1429, 0.0052, 0.1292, 0.1789, -0.1361)
    [trial 4] 49 features, training_days=300 | threshold=0.562 | labels: 1099 long, 1054 short (51/49%)
    [trial 4] Sharpe=-0.0202 (folds: -0.0213, 0.0078, 0.0287, -0.0186, -0.0977)
    [trial 5] 49 features, training_days=490 | threshold=0.711 | labels: 1099 long, 1054 short (51/49%)
    [trial 5] Sharpe=-0.0438 (folds: -0.0825, 0.0375, 0.1669, -0.2607, -0.0803)
    [trial 6] 49 features, training_days=420 | threshold=0.667 | labels: 1099 long, 1054 short (51/49%)
    [trial 6] Sharpe=-0.0258 (folds: -0.0968, 0.0416, 0.1175, -0.1787, -0.0127)
    [trial 7] 49 features, training_days=120 | threshold=0.550 | labels: 1099 long, 1054 short (51/49%)
    [trial 7] Sharpe=-0.0371 (folds: -0.0376, 0.1404, 0.0763, -0.0222, -0.3426)
    [trial 8] 49 features, training_days=450 | threshold=0.720 | labels: 1099 long, 1054 short (51/49%)
    [trial 8] Sharpe=-0.0522 (folds: -0.0740, -0.0194, 0.0558, -0.1947, -0.0285)
    [trial 9] 49 features, training_days=20 | threshold=0.727 | labels: 1099 long, 1054 short (51/49%)
    [trial 9] Sharpe=-2.0393 (folds: 0.2027, 0.0559, -0.1894, -10.0000, -0.2656)
    [trial 10] 49 features, training_days=10 | threshold=0.840 | labels: 1099 long, 1054 short (51/49%)
    [trial 10] Sharpe=-1.9826 (folds: -0.2038, 0.0559, -10.0000, 0.1286, 0.1064)
    [trial 11] 49 features, training_days=160 | threshold=0.792 | labels: 1099 long, 1054 short (51/49%)
    [trial 11] Sharpe=-8.0257 (folds: -10.0000, -10.0000, -10.0000, -10.0000, -0.1285)
    [trial 12] 49 features, training_days=200 | threshold=0.515 | labels: 1099 long, 1054 short (51/49%)
    [trial 12] Sharpe=0.0282 (folds: -0.0911, 0.1196, -0.0448, 0.2223, -0.0648)
    [trial 13] 49 features, training_days=370 | threshold=0.501 | labels: 1099 long, 1054 short (51/49%)
    [trial 13] Sharpe=-0.0227 (folds: -0.0732, 0.0912, 0.1213, -0.0347, -0.2180)
    [trial 14] 49 features, training_days=210 | threshold=0.506 | labels: 1099 long, 1054 short (51/49%)
    [trial 14] Sharpe=0.0027 (folds: -0.1112, 0.0776, 0.1013, 0.1629, -0.2170)
    [trial 15] 49 features, training_days=100 | threshold=0.610 | labels: 1099 long, 1054 short (51/49%)
    [trial 15] Sharpe=-0.0902 (folds: -0.1431, 0.0671, -0.1609, 0.0247, -0.2388)
    [trial 16] 49 features, training_days=330 | threshold=0.542 | labels: 1099 long, 1054 short (51/49%)
    [trial 16] Sharpe=-0.0196 (folds: -0.0380, 0.0067, 0.1056, -0.0427, -0.1295)
    [trial 17] 49 features, training_days=180 | threshold=0.612 | labels: 1099 long, 1054 short (51/49%)
    [trial 17] Sharpe=0.0061 (folds: -0.1405, 0.0439, 0.0678, 0.2114, -0.1523)
  Optuna: 18 trials, best Sharpe = 0.0668
  Best params: n_estimators=212, max_depth=3, lr=0.1845, leaves=41
  Best confidence_threshold: 0.585
  Best training_days: 10
  Retrained on full data (30 samples, 49 features)
  OOD: 16 features, cutoff (q=0.7) = 14.01
  Model trained for 2022-08: 93 test candles with features, confidence_threshold=0.598
[trade:close] 2022-08-06 00:00 LTCUSDT SHORT → timeout @ 62.46 | PnL=-3.05% (net -3.15%) | cum=+34.91% 2022-08=-3.15% 2022-08-06=-3.15%
[predict] 2022-08-06 16:00 LTCUSDT → LONG (proba=0.90 TP=11.2%/SL=5.6%)
[trade:open] 2022-08-06 23:59 LTCUSDT LONG @ 60.80 | SL=57.40 TP=67.61 | timeout=2022-08-13 23:59
[trade:close] 2022-08-10 07:59 LTCUSDT LONG → stop_loss @ 57.40 | PnL=-5.60% (net -5.70%) | cum=+29.21% 2022-08=-8.85% 2022-08-10=-5.70%
[predict] 2022-08-11 00:00 LTCUSDT → LONG (proba=0.62 TP=10.8%/SL=5.4%)
[trade:open] 2022-08-11 07:59 LTCUSDT LONG @ 61.75 | SL=58.41 TP=68.43 | timeout=2022-08-18 07:59
[trade:close] 2022-08-18 08:00 LTCUSDT LONG → timeout @ 60.89 | PnL=-1.39% (net -1.49%) | cum=+27.72% 2022-08=-10.34% 2022-08-18=-1.49%
[predict] 2022-08-19 00:00 LTCUSDT → LONG (proba=0.90 TP=14.9%/SL=7.5%)
[trade:open] 2022-08-19 07:59 LTCUSDT LONG @ 55.92 | SL=51.75 TP=64.26 | timeout=2022-08-26 07:59
[trade:close] 2022-08-26 08:00 LTCUSDT LONG → timeout @ 55.63 | PnL=-0.52% (net -0.62%) | cum=+27.10% 2022-08=-10.96% 2022-08-26=-0.62%
[predict] 2022-08-27 00:00 LTCUSDT → LONG (proba=0.63 TP=13.7%/SL=6.8%)
[trade:open] 2022-08-27 07:59 LTCUSDT LONG @ 52.76 | SL=49.15 TP=59.98 | timeout=2022-09-03 07:59
[lgbm] === Training for 2022-09 ===
  Train window: 2020-09-01 → 2022-08-24
  2153 training samples from 1 symbols
  Samples per month: 2020-09: 90, 2020-10: 93, 2020-11: 90, 2020-12: 93, 2021-01: 93, 2021-02: 84, 2021-03: 93, 2021-04: 90, 2021-05: 93, 2021-06: 90, 2021-07: 93, 2021-08: 93, 2021-09: 90, 2021-10: 93, 2021-11: 90, 2021-12: 93, 2022-01: 93, 2022-02: 75, 2022-03: 93, 2022-04: 84, 2022-05: 93, 2022-06: 90, 2022-07: 93, 2022-08: 71
  [label] 2020-11-01 00:00 LTCUSDT entry=55.4400 → LONG | long=sl(-6.41%) short=sl(-6.41%) | scanned=13 | no_tp→fwd_return=+7.0166
  [label] 2020-11-03 08:00 LTCUSDT entry=52.8100 → LONG | long=tp(+12.83%) short=sl(-6.56%) | scanned=7 | long_tp_only
  [label] 2020-11-07 00:00 LTCUSDT entry=63.1000 → LONG | long=sl(-7.10%) short=timeout(-1.57%) | scanned=22 | no_tp→fwd_return=+1.4739
  [label] 2020-12-01 16:00 LTCUSDT entry=85.1600 → SHORT | long=timeout(-9.99%) short=timeout(+9.79%) | scanned=22 | no_tp→fwd_return=-9.8873
  [label] 2021-01-22 16:00 LTCUSDT entry=137.7200 → SHORT | long=sl(-13.76%) short=timeout(+1.99%) | scanned=22 | no_tp→fwd_return=-2.0912
  [label] 2021-07-06 08:00 LTCUSDT entry=137.8100 → SHORT | long=sl(-7.57%) short=timeout(+3.16%) | scanned=22 | no_tp→fwd_return=-3.2581
  [label] 2021-07-10 08:00 LTCUSDT entry=132.8600 → SHORT | long=sl(-6.91%) short=timeout(+9.67%) | scanned=22 | no_tp→fwd_return=-9.7697
  [label] 2021-07-21 00:00 LTCUSDT entry=111.9400 → LONG | long=tp(+16.23%) short=sl(-8.27%) | scanned=15 | long_tp_only
  [label] 2021-09-03 16:00 LTCUSDT entry=213.2300 → SHORT | long=sl(-7.07%) short=sl(-7.07%) | scanned=11 | no_tp→fwd_return=-15.8796[I 2026-06-01 23:25:22,895] A new study created in memory with name: no-name-ee67257c-ac04-4e37-ac5c-8a957d0ec327
[I 2026-06-01 23:25:23,357] Trial 0 finished with value: 0.02185642063396146 and parameters: {'confidence_threshold': 0.6310890415965769, 'training_days': 480, 'n_estimators': 380, 'max_depth': 4, 'num_leaves': 22, 'learning_rate': 0.01699897838270077, 'subsample': 0.5290418060840998, 'colsample_bytree': 0.9330880728874675, 'min_child_samples': 68, 'reg_alpha': 0.023585940584142682, 'reg_lambda': 1.5320059381854043e-08}. Best is trial 0 with value: 0.02185642063396146.
[I 2026-06-01 23:25:23,500] Trial 1 finished with value: -1.8938248959050565 and parameters: {'confidence_threshold': 0.839468448256698, 'training_days': 420, 'n_estimators': 145, 'max_depth': 3, 'num_leaves': 23, 'learning_rate': 0.028145092716060652, 'subsample': 0.762378215816119, 'colsample_bytree': 0.7159725093210578, 'min_child_samples': 43, 'reg_alpha': 0.0032112643094417484, 'reg_lambda': 1.8007140198129195e-07}. Best is trial 0 with value: 0.02185642063396146.
[I 2026-06-01 23:25:23,653] Trial 2 finished with value: 0.02041698482644682 and parameters: {'confidence_threshold': 0.6022506269873263, 'training_days': 190, 'n_estimators': 255, 'max_depth': 5, 'num_leaves': 24, 'learning_rate': 0.05748924681991978, 'subsample': 0.7962072844310213, 'colsample_bytree': 0.5232252063599989, 'min_child_samples': 69, 'reg_alpha': 3.425445902633376e-07, 'reg_lambda': 3.850031979199519e-08}. Best is trial 0 with value: 0.02185642063396146.
[I 2026-06-01 23:25:23,919] Trial 3 finished with value: 0.0695339758151131 and parameters: {'confidence_threshold': 0.8321099380386666, 'training_days': 490, 'n_estimators': 414, 'max_depth': 3, 'num_leaves': 19, 'learning_rate': 0.1024932221692416, 'subsample': 0.7200762468698007, 'colsample_bytree': 0.5610191174223894, 'min_child_samples': 60, 'reg_alpha': 2.039373116525212e-08, 'reg_lambda': 1.527156759251193}. Best is trial 3 with value: 0.0695339758151131.
[I 2026-06-01 23:25:24,082] Trial 4 finished with value: 0.06375042313718028 and parameters: {'confidence_threshold': 0.5905729935600059, 'training_days': 340, 'n_estimators': 190, 'max_depth': 4, 'num_leaves': 41, 'learning_rate': 0.01875220945578641, 'subsample': 0.9847923138822793, 'colsample_bytree': 0.8875664116805573, 'min_child_samples': 96, 'reg_alpha': 1.1309571585271483, 'reg_lambda': 0.002404915432737351}. Best is trial 3 with value: 0.0695339758151131.
[I 2026-06-01 23:25:24,128] Trial 5 finished with value: -0.026959754202442086 and parameters: {'confidence_threshold': 0.8226559822580909, 'training_days': 50, 'n_estimators': 138, 'max_depth': 3, 'num_leaves': 30, 'learning_rate': 0.03750796359625606, 'subsample': 0.6356745158869479, 'colsample_bytree': 0.9143687545759647, 'min_child_samples': 48, 'reg_alpha': 3.376063348877853e-06, 'reg_lambda': 0.0007660634613082914}. Best is trial 3 with value: 0.0695339758151131.
[I 2026-06-01 23:25:24,239] Trial 6 finished with value: 0.04961719154862184 and parameters: {'confidence_threshold': 0.5493234787411669, 'training_days': 410, 'n_estimators': 83, 'max_depth': 5, 'num_leaves': 52, 'learning_rate': 0.019657448966046126, 'subsample': 0.5027610585618012, 'colsample_bytree': 0.9077307142274171, 'min_child_samples': 77, 'reg_alpha': 0.03639690979811287, 'reg_lambda': 0.08738424135626986}. Best is trial 3 with value: 0.0695339758151131.
[I 2026-06-01 23:25:24,335] Trial 7 finished with value: 0.03373668326018474 and parameters: {'confidence_threshold': 0.5259156281069316, 'training_days': 180, 'n_estimators': 102, 'max_depth': 5, 'num_leaves': 45, 'learning_rate': 0.030816017044468066, 'subsample': 0.5317791751430119, 'colsample_bytree': 0.6554911608578311, 'min_child_samples': 46, 'reg_alpha': 0.036851536911881845, 'reg_lambda': 0.005470376807480391}. Best is trial 3 with value: 0.0695339758151131.
[I 2026-06-01 23:25:24,435] Trial 8 finished with value: 0.04514173785515925 and parameters: {'confidence_threshold': 0.8105244599017143, 'training_days': 240, 'n_estimators': 103, 'max_depth': 5, 'num_leaves': 52, 'learning_rate': 0.06746437142284309, 'subsample': 0.8854835899772805, 'colsample_bytree': 0.7468977981821954, 'min_child_samples': 62, 'reg_alpha': 7.04480806377519e-05, 'reg_lambda': 1.6934490731313353e-08}. Best is trial 3 with value: 0.0695339758151131.
[I 2026-06-01 23:25:24,459] Trial 9 finished with value: 0.07225509957238967 and parameters: {'confidence_threshold': 0.5377619994476566, 'training_days': 20, 'n_estimators': 337, 'max_depth': 3, 'num_leaves': 39, 'learning_rate': 0.21907142272152816, 'subsample': 0.6246461145744375, 'colsample_bytree': 0.7051914615178149, 'min_child_samples': 81, 'reg_alpha': 1.1459970229341322e-06, 'reg_lambda': 4.929685216887945e-08}. Best is trial 9 with value: 0.07225509957238967.
[I 2026-06-01 23:25:24,487] Trial 10 finished with value: -2.01512237687166 and parameters: {'confidence_threshold': 0.7449289185605341, 'training_days': 10, 'n_estimators': 487, 'max_depth': 3, 'num_leaves': 61, 'learning_rate': 0.21914469472126635, 'subsample': 0.628963476300746, 'colsample_bytree': 0.8189858776055304, 'min_child_samples': 27, 'reg_alpha': 2.8948477959263623e-05, 'reg_lambda': 3.3639426888455256e-06}. Best is trial 9 with value: 0.07225509957238967.
[I 2026-06-01 23:25:24,581] Trial 11 finished with value: 0.02904068674108854 and parameters: {'confidence_threshold': 0.7131090560543465, 'training_days': 100, 'n_estimators': 402, 'max_depth': 4, 'num_leaves': 34, 'learning_rate': 0.18963242937653546, 'subsample': 0.667263233140043, 'colsample_bytree': 0.5659808164583418, 'min_child_samples': 85, 'reg_alpha': 2.6854712383446556e-08, 'reg_lambda': 9.74477562314831}. Best is trial 9 with value: 0.07225509957238967.
[I 2026-06-01 23:25:24,757] Trial 12 finished with value: 0.09306714388506651 and parameters: {'confidence_threshold': 0.6640468266107448, 'training_days': 320, 'n_estimators': 349, 'max_depth': 3, 'num_leaves': 15, 'learning_rate': 0.11263608439461861, 'subsample': 0.7105018827142541, 'colsample_bytree': 0.6253368206392822, 'min_child_samples': 100, 'reg_alpha': 1.1278679165176199e-08, 'reg_lambda': 4.931237356704141e-06}. Best is trial 12 with value: 0.09306714388506651.
[I 2026-06-01 23:25:24,919] Trial 13 finished with value: 0.10439008815694775 and parameters: {'confidence_threshold': 0.6656243590163686, 'training_days': 330, 'n_estimators': 321, 'max_depth': 3, 'num_leaves': 15, 'learning_rate': 0.129759963177921, 'subsample': 0.5980781379699887, 'colsample_bytree': 0.634133054527224, 'min_child_samples': 98, 'reg_alpha': 5.051969261644532e-07, 'reg_lambda': 1.3472797234352198e-05}. Best is trial 13 with value: 0.10439008815694775.
[I 2026-06-01 23:25:25,071] Trial 14 finished with value: 0.07214210644971501 and parameters: {'confidence_threshold': 0.6730556752351576, 'training_days': 320, 'n_estimators': 262, 'max_depth': 3, 'num_leaves': 15, 'learning_rate': 0.12657218692942795, 'subsample': 0.8279068350360723, 'colsample_bytree': 0.6255906245758732, 'min_child_samples': 100, 'reg_alpha': 1.632877239634603e-07, 'reg_lambda': 9.595300563362024e-06}. Best is trial 13 with value: 0.10439008815694775.
[I 2026-06-01 23:25:25,281] Trial 15 finished with value: 0.08852546478577482 and parameters: {'confidence_threshold': 0.6702189801131453, 'training_days': 300, 'n_estimators': 323, 'max_depth': 4, 'num_leaves': 15, 'learning_rate': 0.10306996458295264, 'subsample': 0.6943845973931931, 'colsample_bytree': 0.6321716244383537, 'min_child_samples': 91, 'reg_alpha': 1.1234988404918676e-08, 'reg_lambda': 1.2974707541088933e-05}. Best is trial 13 with value: 0.10439008815694775.
[I 2026-06-01 23:25:25,630] Trial 16 finished with value: 0.07890917589469648 and parameters: {'confidence_threshold': 0.7471127805594565, 'training_days': 380, 'n_estimators': 482, 'max_depth': 4, 'num_leaves': 31, 'learning_rate': 0.2953494974967983, 'subsample': 0.59627547935133, 'colsample_bytree': 0.8338962247920462, 'min_child_samples': 89, 'reg_alpha': 7.323730125972738e-06, 'reg_lambda': 4.931186796037253e-05}. Best is trial 13 with value: 0.10439008815694775.
[I 2026-06-01 23:25:25,811] Trial 17 finished with value: 0.06133197611647989 and parameters: {'confidence_threshold': 0.6398781481248117, 'training_days': 270, 'n_estimators': 308, 'max_depth': 3, 'num_leaves': 28, 'learning_rate': 0.010425658055299656, 'subsample': 0.5754755441616082, 'colsample_bytree': 0.9956385980717998, 'min_child_samples': 99, 'reg_alpha': 0.0004216289451032701, 'reg_lambda': 6.880925840516315e-07}. Best is trial 13 with value: 0.10439008815694775.
[I 2026-06-01 23:25:25,974] A new study created in memory with name: no-name-d2e02f46-a08b-4a23-9947-d8e6d41a1b2d
[I 2026-06-01 23:25:26,060] Trial 0 finished with value: -0.006201301222793285 and parameters: {'confidence_threshold': 0.7437642149592516, 'training_days': 150, 'n_estimators': 152, 'max_depth': 4, 'num_leaves': 50, 'learning_rate': 0.04216766425047743, 'subsample': 0.9903820991923078, 'colsample_bytree': 0.8424148692924316, 'min_child_samples': 58, 'reg_alpha': 3.381097259762742e-05, 'reg_lambda': 1.2263152961306247e-05}. Best is trial 0 with value: -0.006201301222793285.
[I 2026-06-01 23:25:26,127] Trial 1 finished with value: 0.03431932159073124 and parameters: {'confidence_threshold': 0.7551673975844145, 'training_days': 220, 'n_estimators': 76, 'max_depth': 4, 'num_leaves': 51, 'learning_rate': 0.018602118810743477, 'subsample': 0.5877258780737462, 'colsample_bytree': 0.7657756869209191, 'min_child_samples': 63, 'reg_alpha': 0.005123994170264194, 'reg_lambda': 0.44145470178120466}. Best is trial 1 with value: 0.03431932159073124.
[I 2026-06-01 23:25:26,384] Trial 2 finished with value: 0.12146352699729032 and parameters: {'confidence_threshold': 0.7535593637012223, 'training_days': 310, 'n_estimators': 375, 'max_depth': 3, 'num_leaves': 32, 'learning_rate': 0.021735641882032388, 'subsample': 0.6468570231944146, 'colsample_bytree': 0.8154880619272439, 'min_child_samples': 27, 'reg_alpha': 8.004064028491336e-05, 'reg_lambda': 7.546835261630524e-05}. Best is trial 2 with value: 0.12146352699729032.
[I 2026-06-01 23:25:26,545] Trial 3 finished with value: 0.04380856747943855 and parameters: {'confidence_threshold': 0.6727897841776072, 'training_days': 220, 'n_estimators': 190, 'max_depth': 4, 'num_leaves': 58, 'learning_rate': 0.24810689332636193, 'subsample': 0.7509183379421682, 'colsample_bytree': 0.8119764758960556, 'min_child_samples': 29, 'reg_alpha': 7.1708285081421445e-06, 'reg_lambda': 5.412973582738627e-05}. Best is trial 2 with value: 0.12146352699729032.
[I 2026-06-01 23:25:26,675] Trial 4 finished with value: -0.009819408019176757 and parameters: {'confidence_threshold': 0.803208205259178, 'training_days': 130, 'n_estimators': 267, 'max_depth': 5, 'num_leaves': 40, 'learning_rate': 0.08041175317374143, 'subsample': 0.5603143329951619, 'colsample_bytree': 0.9131704002534167, 'min_child_samples': 68, 'reg_alpha': 0.0008046593428183385, 'reg_lambda': 1.2158346158765583e-05}. Best is trial 2 with value: 0.12146352699729032.
[I 2026-06-01 23:25:26,902] Trial 5 finished with value: 0.0598232766142446 and parameters: {'confidence_threshold': 0.6064422761595144, 'training_days': 210, 'n_estimators': 357, 'max_depth': 5, 'num_leaves': 40, 'learning_rate': 0.0974221287220869, 'subsample': 0.7929682762811064, 'colsample_bytree': 0.8124517510478, 'min_child_samples': 74, 'reg_alpha': 0.3811377260781234, 'reg_lambda': 5.607314238392041e-08}. Best is trial 2 with value: 0.12146352699729032.
[I 2026-06-01 23:25:27,005] Trial 6 finished with value: -0.043117854800715456 and parameters: {'confidence_threshold': 0.7672889945051684, 'training_days': 130, 'n_estimators': 137, 'max_depth': 4, 'num_leaves': 19, 'learning_rate': 0.2031117614248665, 'subsample': 0.8136244860256343, 'colsample_bytree': 0.8617081790949774, 'min_child_samples': 21, 'reg_alpha': 0.002238138278733199, 'reg_lambda': 0.001025809534977322}. Best is trial 2 with value: 0.12146352699729032.
[I 2026-06-01 23:25:27,076] Trial 7 finished with value: -0.031930216630278604 and parameters: {'confidence_threshold': 0.555635875450653, 'training_days': 80, 'n_estimators': 363, 'max_depth': 3, 'num_leaves': 48, 'learning_rate': 0.06590089024008658, 'subsample': 0.6944752870615722, 'colsample_bytree': 0.962566244806993, 'min_child_samples': 88, 'reg_alpha': 1.6465620446426067e-05, 'reg_lambda': 2.4678750890085655e-08}. Best is trial 2 with value: 0.12146352699729032.
[I 2026-06-01 23:25:27,415] Trial 8 finished with value: 0.036719481063389126 and parameters: {'confidence_threshold': 0.6066688256938841, 'training_days': 200, 'n_estimators': 367, 'max_depth': 5, 'num_leaves': 32, 'learning_rate': 0.13377519215934996, 'subsample': 0.7965884582811106, 'colsample_bytree': 0.8458508993500886, 'min_child_samples': 32, 'reg_alpha': 3.889436043816386e-05, 'reg_lambda': 1.4713062489380356e-06}. Best is trial 2 with value: 0.12146352699729032.
