[I 2026-06-01 23:26:11,313] Trial 7 finished with value: -0.03751400638971007 and parameters: {'confidence_threshold': 0.555635875450653, 'training_days': 80, 'n_estimators': 363, 'max_depth': 3, 'num_leaves': 48, 'learning_rate': 0.06590089024008658, 'subsample': 0.6944752870615722, 'colsample_bytree': 0.962566244806993, 'min_child_samples': 88, 'reg_alpha': 1.6465620446426067e-05, 'reg_lambda': 2.4678750890085655e-08}. Best is trial 2 with value: 0.1410828003562214.

  [label] 2021-11-09 08:00 LTCUSDT entry=264.9900 → SHORT | long=sl(-7.06%) short=sl(-7.06%) | scanned=10 | no_tp→fwd_return=-5.1776
  [label] 2021-11-20 00:00 LTCUSDT entry=221.8000 → SHORT | long=sl(-10.99%) short=timeout(+11.53%) | scanned=22 | no_tp→fwd_return=-11.6321
  [label] 2022-01-03 16:00 LTCUSDT entry=148.4300 → SHORT | long=sl(-4.66%) short=tp(+9.01%) | scanned=6 | short_tp_only
  [label] 2022-01-12 00:00 LTCUSDT entry=131.7600 → LONG | long=tp(+12.35%) short=sl(-6.32%) | scanned=9 | long_tp_only
  [label] 2022-04-17 00:00 LTCUSDT entry=113.1700 → SHORT | long=sl(-4.90%) short=timeout(+6.79%) | scanned=22 | no_tp→fwd_return=-6.8923
  [label] 2022-05-18 16:00 LTCUSDT entry=65.9300 → LONG | long=timeout(+3.31%) short=timeout(-3.51%) | scanned=22 | no_tp→fwd_return=+3.4127
  [label] 2022-06-03 16:00 LTCUSDT entry=62.5800 → SHORT | long=sl(-6.51%) short=timeout(+9.41%) | scanned=22 | no_tp→fwd_return=-9.5078
  [label] 2022-06-16 00:00 LTCUSDT entry=47.2900 → LONG | long=timeout(+16.35%) short=sl(-14.32%) | scanned=22 | no_tp→fwd_return=+16.4517
  [label] 2022-07-04 16:00 LTCUSDT entry=52.2300 → SHORT | long=sl(-7.19%) short=timeout(+6.75%) | scanned=22 | no_tp→fwd_return=-6.8543
  [label] 2022-07-10 16:00 LTCUSDT entry=52.0900 → LONG | long=sl(-6.72%) short=sl(-6.72%) | scanned=18 | no_tp→fwd_return=+5.7017
  [label] 2022-07-23 00:00 LTCUSDT entry=56.6900 → LONG | long=sl(-7.33%) short=sl(-7.33%) | scanned=16 | no_tp→fwd_return=+9.3138
  [label] 2022-08-31 08:00 LTCUSDT entry=53.8000 → LONG | long=tp(+14.15%) short=sl(-7.23%) | scanned=6 | long_tp_only
  [label] 2022-09-10 00:00 LTCUSDT entry=60.8100 → SHORT | long=sl(-6.38%) short=sl(-6.38%) | scanned=16 | no_tp→fwd_return=-5.2458
  [label] 2022-12-04 08:00 LTCUSDT entry=76.3400 → LONG | long=tp(+10.93%) short=sl(-5.61%) | scanned=2 | long_tp_only
  Labels: 1102 long (51.2%), 1051 short (48.8%) | weights: min=1.00, mean=3.46, max=10.00
  Features: 2153/2153 matched, 49 columns
  CV gap: 22 rows
  [ensemble 1/3] seed=42
    [trial 0] 49 features, training_days=480 | threshold=0.631 | labels: 1102 long, 1051 short (51/49%)
    [CV fold 0] train_end=2021-04-24 08:00 | val_start=2021-05-02 00:00 | gap=184h (22 rows)
    [CV fold 1] train_end=2021-08-21 16:00 | val_start=2021-08-29 08:00 | gap=184h (22 rows)
    [CV fold 2] train_end=2021-12-19 00:00 | val_start=2021-12-26 16:00 | gap=184h (22 rows)
    [CV fold 3] train_end=2022-04-22 08:00 | val_start=2022-04-30 00:00 | gap=184h (22 rows)
    [CV fold 4] train_end=2022-08-19 16:00 | val_start=2022-08-27 08:00 | gap=184h (22 rows)
    [trial 0] Sharpe=0.0765 (folds: -0.0995, 0.1147, 0.2113, -0.0162, 0.1721)
    [trial 1] 49 features, training_days=420 | threshold=0.839 | labels: 1102 long, 1051 short (51/49%)
    [trial 1] Sharpe=-4.0295 (folds: -0.1867, -0.2946, -10.0000, 0.3339, -10.0000)
    [trial 2] 49 features, training_days=190 | threshold=0.602 | labels: 1102 long, 1051 short (51/49%)
    [trial 2] Sharpe=0.0225 (folds: -0.0066, -0.0247, 0.2275, -0.0623, -0.0216)
    [trial 3] 49 features, training_days=490 | threshold=0.832 | labels: 1102 long, 1051 short (51/49%)
    [trial 3] Sharpe=0.1001 (folds: 0.0117, 0.0976, 0.3102, -0.0040, 0.0847)
    [trial 4] 49 features, training_days=340 | threshold=0.591 | labels: 1102 long, 1051 short (51/49%)
    [trial 4] Sharpe=0.0464 (folds: -0.1106, 0.0931, 0.2014, 0.0435, 0.0048)
    [trial 5] 49 features, training_days=50 | threshold=0.823 | labels: 1102 long, 1051 short (51/49%)
    [trial 5] Sharpe=-2.1109 (folds: -10.0000, -0.6232, -0.0732, -0.1295, 0.2712)
    [trial 6] 49 features, training_days=410 | threshold=0.549 | labels: 1102 long, 1051 short (51/49%)
    [trial 6] Sharpe=0.0586 (folds: -0.1437, 0.0373, 0.0719, 0.0970, 0.2306)
    [trial 7] 49 features, training_days=180 | threshold=0.526 | labels: 1102 long, 1051 short (51/49%)
    [trial 7] Sharpe=-0.0029 (folds: -0.1083, -0.0068, 0.2121, -0.0005, -0.1109)
    [trial 8] 49 features, training_days=240 | threshold=0.811 | labels: 1102 long, 1051 short (51/49%)
    [trial 8] Sharpe=0.0641 (folds: -0.1367, 0.0725, 0.3350, -0.0666, 0.1163)
    [trial 9] 49 features, training_days=20 | threshold=0.538 | labels: 1102 long, 1051 short (51/49%)
    [trial 9] Sharpe=-2.0766 (folds: -0.2104, 0.0681, -10.0000, -0.0072, -0.2336)
    [trial 10] 49 features, training_days=350 | threshold=0.730 | labels: 1102 long, 1051 short (51/49%)
    [trial 10] Sharpe=0.0448 (folds: -0.0586, 0.1516, 0.1883, 0.0136, -0.0710)
    [trial 11] 49 features, training_days=490 | threshold=0.695 | labels: 1102 long, 1051 short (51/49%)
    [trial 11] Sharpe=0.0894 (folds: -0.1139, 0.0844, 0.3089, 0.0679, 0.0998)
    [trial 12] 49 features, training_days=480 | threshold=0.716 | labels: 1102 long, 1051 short (51/49%)
    [trial 12] Sharpe=0.0994 (folds: -0.1094, 0.1280, 0.2407, 0.0431, 0.1947)
    [trial 13] 49 features, training_days=500 | threshold=0.758 | labels: 1102 long, 1051 short (51/49%)
    [trial 13] Sharpe=0.0165 (folds: -0.0386, 0.0592, 0.1396, -0.0043, -0.0732)
    [trial 14] 49 features, training_days=340 | threshold=0.759 | labels: 1102 long, 1051 short (51/49%)
    [trial 14] Sharpe=0.0622 (folds: -0.0403, 0.1340, 0.2981, 0.0096, -0.0903)
    [trial 15] 49 features, training_days=420 | threshold=0.669 | labels: 1102 long, 1051 short (51/49%)
    [trial 15] Sharpe=0.0600 (folds: -0.0345, 0.0351, 0.1991, -0.0075, 0.1080)
    [trial 16] 49 features, training_days=290 | threshold=0.797 | labels: 1102 long, 1051 short (51/49%)
    [trial 16] Sharpe=0.2134 (folds: -0.0526, 0.1516, 0.5525, -0.1322, 0.5475)
    [trial 17] 49 features, training_days=100 | threshold=0.789 | labels: 1102 long, 1051 short (51/49%)
    [trial 17] Sharpe=-0.0122 (folds: 0.0804, -0.1282, -0.0984, -0.0022, 0.0872)
  Optuna: 18 trials, best Sharpe = 0.2134
  Best params: n_estimators=427, max_depth=3, lr=0.0111, leaves=18
  Best confidence_threshold: 0.797
  Best training_days: 290
  Retrained on full data (864 samples, 49 features)
  [ensemble 2/3] seed=123
    [trial 0] 49 features, training_days=150 | threshold=0.744 | labels: 1102 long, 1051 short (51/49%)
    [CV fold 0] train_end=2021-04-24 08:00 | val_start=2021-05-02 00:00 | gap=184h (22 rows)
    [CV fold 1] train_end=2021-08-21 16:00 | val_start=2021-08-29 08:00 | gap=184h (22 rows)
    [CV fold 2] train_end=2021-12-19 00:00 | val_start=2021-12-26 16:00 | gap=184h (22 rows)
    [CV fold 3] train_end=2022-04-22 08:00 | val_start=2022-04-30 00:00 | gap=184h (22 rows)
    [CV fold 4] train_end=2022-08-19 16:00 | val_start=2022-08-27 08:00 | gap=184h (22 rows)
    [trial 0] Sharpe=-0.1062 (folds: -0.1213, 0.0420, -0.0958, -0.3562, 0.0001)
    [trial 1] 49 features, training_days=220 | threshold=0.755 | labels: 1102 long, 1051 short (51/49%)
    [trial 1] Sharpe=-1.9686 (folds: -0.2176, 0.1207, 0.6011, -0.3473, -10.0000)
    [trial 2] 49 features, training_days=310 | threshold=0.754 | labels: 1102 long, 1051 short (51/49%)
    [trial 2] Sharpe=0.1411 (folds: -0.1287, 0.0889, 0.3520, 0.2585, 0.1347)
    [trial 3] 49 features, training_days=220 | threshold=0.673 | labels: 1102 long, 1051 short (51/49%)
    [trial 3] Sharpe=0.0209 (folds: -0.0635, 0.0904, 0.1948, -0.0549, -0.0620)
    [trial 4] 49 features, training_days=130 | threshold=0.803 | labels: 1102 long, 1051 short (51/49%)
    [trial 4] Sharpe=-0.0170 (folds: -0.0432, 0.0013, -0.0554, 0.0072, 0.0051)
    [trial 5] 49 features, training_days=210 | threshold=0.606 | labels: 1102 long, 1051 short (51/49%)
    [trial 5] Sharpe=0.0642 (folds: 0.0101, 0.0810, 0.2385, 0.0151, -0.0235)
    [trial 6] 49 features, training_days=130 | threshold=0.767 | labels: 1102 long, 1051 short (51/49%)
    [trial 6] Sharpe=-0.0669 (folds: -0.0127, -0.1840, -0.0584, -0.0633, -0.0160)
    [trial 7] 49 features, training_days=80 | threshold=0.556 | labels: 1102 long, 1051 short (51/49%)
    [trial 7] Sharpe=-0.0375 (folds: -0.1039, -0.1021, -0.0453, -0.1239, 0.1876)
    [trial 8] 49 features, training_days=200 | threshold=0.607 | labels: 1102 long, 1051 short (51/49%)
    [trial 8] Sharpe=0.0127 (folds: -0.0414, 0.0163, 0.2198, -0.0510, -0.0805)[I 2026-06-01 23:26:11,649] Trial 8 finished with value: 0.01266429404215308 and parameters: {'confidence_threshold': 0.6066688256938841, 'training_days': 200, 'n_estimators': 367, 'max_depth': 5, 'num_leaves': 32, 'learning_rate': 0.13377519215934996, 'subsample': 0.7965884582811106, 'colsample_bytree': 0.8458508993500886, 'min_child_samples': 32, 'reg_alpha': 3.889436043816386e-05, 'reg_lambda': 1.4713062489380356e-06}. Best is trial 2 with value: 0.1410828003562214.
[I 2026-06-01 23:26:11,858] Trial 9 finished with value: 0.1064289481908927 and parameters: {'confidence_threshold': 0.6202096049169137, 'training_days': 260, 'n_estimators': 350, 'max_depth': 3, 'num_leaves': 21, 'learning_rate': 0.02989540198065364, 'subsample': 0.8307821683331218, 'colsample_bytree': 0.923253112635361, 'min_child_samples': 64, 'reg_alpha': 0.4898604619604203, 'reg_lambda': 2.9076377687066166e-05}. Best is trial 2 with value: 0.1410828003562214.
[I 2026-06-01 23:26:12,176] Trial 10 finished with value: -1.9515052781889075 and parameters: {'confidence_threshold': 0.8445241688507242, 'training_days': 420, 'n_estimators': 494, 'max_depth': 3, 'num_leaves': 30, 'learning_rate': 0.010221918552934462, 'subsample': 0.5019190721168774, 'colsample_bytree': 0.6202684210924141, 'min_child_samples': 45, 'reg_alpha': 1.5494783182896407e-08, 'reg_lambda': 0.018878930586497852}. Best is trial 2 with value: 0.1410828003562214.
[I 2026-06-01 23:26:12,501] Trial 11 finished with value: 0.0385637872419991 and parameters: {'confidence_threshold': 0.6840516532713735, 'training_days': 350, 'n_estimators': 481, 'max_depth': 3, 'num_leaves': 19, 'learning_rate': 0.030841431373188177, 'subsample': 0.9151757641258503, 'colsample_bytree': 0.6778283959364831, 'min_child_samples': 49, 'reg_alpha': 5.56438571366154, 'reg_lambda': 0.0010436487775286407}. Best is trial 2 with value: 0.1410828003562214.
[I 2026-06-01 23:26:12,666] Trial 12 finished with value: 0.15468075218226016 and parameters: {'confidence_threshold': 0.6671887204403107, 'training_days': 330, 'n_estimators': 302, 'max_depth': 3, 'num_leaves': 27, 'learning_rate': 0.02392651870535563, 'subsample': 0.6547963021624791, 'colsample_bytree': 0.5201164353688423, 'min_child_samples': 100, 'reg_alpha': 0.08992540109644223, 'reg_lambda': 5.59754199677822e-07}. Best is trial 12 with value: 0.15468075218226016.
[I 2026-06-01 23:26:12,834] Trial 13 finished with value: 0.14192178514069798 and parameters: {'confidence_threshold': 0.7166799473673083, 'training_days': 330, 'n_estimators': 288, 'max_depth': 3, 'num_leaves': 28, 'learning_rate': 0.015210107934510312, 'subsample': 0.6551660007450526, 'colsample_bytree': 0.5389794258459311, 'min_child_samples': 87, 'reg_alpha': 1.7435071068005825e-07, 'reg_lambda': 3.0523674035427045e-07}. Best is trial 12 with value: 0.15468075218226016.
[I 2026-06-01 23:26:12,994] Trial 14 finished with value: 0.10965095001309207 and parameters: {'confidence_threshold': 0.6894038344467137, 'training_days': 490, 'n_estimators': 257, 'max_depth': 3, 'num_leaves': 26, 'learning_rate': 0.010521155281367297, 'subsample': 0.6753413464541507, 'colsample_bytree': 0.503402098058296, 'min_child_samples': 98, 'reg_alpha': 7.84094464322734e-08, 'reg_lambda': 2.87824222098491e-07}. Best is trial 12 with value: 0.15468075218226016.
[I 2026-06-01 23:26:13,153] Trial 15 finished with value: 0.06807489937410874 and parameters: {'confidence_threshold': 0.5026055290809989, 'training_days': 370, 'n_estimators': 223, 'max_depth': 4, 'num_leaves': 15, 'learning_rate': 0.01534090426389519, 'subsample': 0.6180845387466594, 'colsample_bytree': 0.5093920150666754, 'min_child_samples': 100, 'reg_alpha': 5.011892081220446e-07, 'reg_lambda': 9.294665025482195e-07}. Best is trial 12 with value: 0.15468075218226016.
[I 2026-06-01 23:26:13,329] Trial 16 finished with value: 0.1382355009571425 and parameters: {'confidence_threshold': 0.7137440223233824, 'training_days': 440, 'n_estimators': 291, 'max_depth': 3, 'num_leaves': 26, 'learning_rate': 0.04734750546511042, 'subsample': 0.7143558801384848, 'colsample_bytree': 0.6155885267093099, 'min_child_samples': 83, 'reg_alpha': 0.025631366205546482, 'reg_lambda': 2.6589224612714345e-08}. Best is trial 12 with value: 0.15468075218226016.
[I 2026-06-01 23:26:13,540] Trial 17 finished with value: 0.16028992708363773 and parameters: {'confidence_threshold': 0.6442417076364358, 'training_days': 290, 'n_estimators': 430, 'max_depth': 3, 'num_leaves': 36, 'learning_rate': 0.025878408357692298, 'subsample': 0.5353222594810811, 'colsample_bytree': 0.5645675329923965, 'min_child_samples': 88, 'reg_alpha': 8.423107768942589e-07, 'reg_lambda': 4.462508064497981e-07}. Best is trial 17 with value: 0.16028992708363773.
[I 2026-06-01 23:26:13,771] A new study created in memory with name: no-name-976d1122-1406-4298-acbf-be3b329a8f89
[I 2026-06-01 23:26:13,995] Trial 0 finished with value: -0.064194590681978 and parameters: {'confidence_threshold': 0.5870645682749857, 'training_days': 90, 'n_estimators': 403, 'max_depth': 5, 'num_leaves': 45, 'learning_rate': 0.0780457193679974, 'subsample': 0.9428509515574568, 'colsample_bytree': 0.8795587339164916, 'min_child_samples': 34, 'reg_alpha': 2.2465901234314442e-07, 'reg_lambda': 8.339007036475363e-05}. Best is trial 0 with value: -0.064194590681978.
[I 2026-06-01 23:26:14,115] Trial 1 finished with value: 0.14552640033453673 and parameters: {'confidence_threshold': 0.6348453934275313, 'training_days': 290, 'n_estimators': 115, 'max_depth': 5, 'num_leaves': 37, 'learning_rate': 0.06949568759029946, 'subsample': 0.8228505074024268, 'colsample_bytree': 0.8616703220431751, 'min_child_samples': 75, 'reg_alpha': 4.2486822725010923e-07, 'reg_lambda': 1.157247767047042e-07}. Best is trial 1 with value: 0.14552640033453673.
[I 2026-06-01 23:26:14,138] Trial 2 finished with value: -0.05441133047455249 and parameters: {'confidence_threshold': 0.5849570384370288, 'training_days': 10, 'n_estimators': 212, 'max_depth': 3, 'num_leaves': 41, 'learning_rate': 0.18452095998378365, 'subsample': 0.6001060822924371, 'colsample_bytree': 0.5673167293506167, 'min_child_samples': 37, 'reg_alpha': 5.733250064217131, 'reg_lambda': 0.5308454292595461}. Best is trial 1 with value: 0.14552640033453673.
[I 2026-06-01 23:26:14,226] Trial 3 finished with value: 0.043560434149729 and parameters: {'confidence_threshold': 0.6868248626683718, 'training_days': 220, 'n_estimators': 134, 'max_depth': 3, 'num_leaves': 45, 'learning_rate': 0.033529007907491595, 'subsample': 0.8647277071858408, 'colsample_bytree': 0.778494116634046, 'min_child_samples': 96, 'reg_alpha': 2.409409937265785e-07, 'reg_lambda': 1.1642073478060009}. Best is trial 1 with value: 0.14552640033453673.
[I 2026-06-01 23:26:14,322] Trial 4 finished with value: 0.055488546498557924 and parameters: {'confidence_threshold': 0.5623121348350352, 'training_days': 300, 'n_estimators': 69, 'max_depth': 4, 'num_leaves': 32, 'learning_rate': 0.14967629360700346, 'subsample': 0.5054535233636654, 'colsample_bytree': 0.7401385194659216, 'min_child_samples': 27, 'reg_alpha': 1.4212042567426725e-07, 'reg_lambda': 0.23605753701352003}. Best is trial 1 with value: 0.14552640033453673.
[I 2026-06-01 23:26:14,758] Trial 5 finished with value: 0.045088671383156635 and parameters: {'confidence_threshold': 0.7111850244908446, 'training_days': 490, 'n_estimators': 362, 'max_depth': 5, 'num_leaves': 40, 'learning_rate': 0.05960785724162737, 'subsample': 0.5589714368907717, 'colsample_bytree': 0.6659006943232806, 'min_child_samples': 42, 'reg_alpha': 0.6741360303045295, 'reg_lambda': 6.054601607143087e-08}. Best is trial 1 with value: 0.14552640033453673.
[I 2026-06-01 23:26:14,949] Trial 6 finished with value: 0.07266067771524995 and parameters: {'confidence_threshold': 0.667482545748023, 'training_days': 420, 'n_estimators': 279, 'max_depth': 3, 'num_leaves': 45, 'learning_rate': 0.040099592560849204, 'subsample': 0.8563114696415159, 'colsample_bytree': 0.5442917781944105, 'min_child_samples': 50, 'reg_alpha': 1.6407916423707903e-08, 'reg_lambda': 2.935907642973286e-05}. Best is trial 1 with value: 0.14552640033453673.
[I 2026-06-01 23:26:15,104] Trial 7 finished with value: -0.03231711970175981 and parameters: {'confidence_threshold': 0.5497381024139926, 'training_days': 120, 'n_estimators': 408, 'max_depth': 5, 'num_leaves': 38, 'learning_rate': 0.28049122657745795, 'subsample': 0.8806573338635493, 'colsample_bytree': 0.5454054113547102, 'min_child_samples': 63, 'reg_alpha': 0.01263008637940408, 'reg_lambda': 0.04588020805366937}. Best is trial 1 with value: 0.14552640033453673.
[I 2026-06-01 23:26:15,357] Trial 8 finished with value: 0.15224838353373332 and parameters: {'confidence_threshold': 0.719644804808716, 'training_days': 450, 'n_estimators': 410, 'max_depth': 4, 'num_leaves': 57, 'learning_rate': 0.04022026551478857, 'subsample': 0.5336085426932707, 'colsample_bytree': 0.5705742850577543, 'min_child_samples': 100, 'reg_alpha': 5.916398047912201e-07, 'reg_lambda': 0.9794034214488329}. Best is trial 8 with value: 0.15224838353373332.
[I 2026-06-01 23:26:15,382] Trial 9 finished with value: -8.046726553255288 and parameters: {'confidence_threshold': 0.7267463643917187, 'training_days': 20, 'n_estimators': 337, 'max_depth': 5, 'num_leaves': 23, 'learning_rate': 0.022153031811454605, 'subsample': 0.6305627572358737, 'colsample_bytree': 0.6613413774216214, 'min_child_samples': 81, 'reg_alpha': 5.7638634029410314e-08, 'reg_lambda': 8.26603016764008}. Best is trial 8 with value: 0.15224838353373332.
[I 2026-06-01 23:26:15,746] Trial 10 finished with value: 0.31452106013881537 and parameters: {'confidence_threshold': 0.8283920119574972, 'training_days': 400, 'n_estimators': 485, 'max_depth': 4, 'num_leaves': 63, 'learning_rate': 0.011927505552849117, 'subsample': 0.7130289643560688, 'colsample_bytree': 0.9944479338273263, 'min_child_samples': 100, 'reg_alpha': 5.0239970328459277e-05, 'reg_lambda': 0.0028438774509831773}. Best is trial 10 with value: 0.31452106013881537.
[I 2026-06-01 23:26:16,114] Trial 11 finished with value: 0.30147618838118373 and parameters: {'confidence_threshold': 0.8431920368994753, 'training_days': 400, 'n_estimators': 478, 'max_depth': 4, 'num_leaves': 61, 'learning_rate': 0.010033528037260202, 'subsample': 0.6988002958677881, 'colsample_bytree': 0.9628722124262472, 'min_child_samples': 100, 'reg_alpha': 5.263694533895985e-05, 'reg_lambda': 0.0038935771291352755}. Best is trial 10 with value: 0.31452106013881537.
[I 2026-06-01 23:26:16,493] Trial 12 finished with value: 0.2127510030653152 and parameters: {'confidence_threshold': 0.8438571470748946, 'training_days': 380, 'n_estimators': 490, 'max_depth': 4, 'num_leaves': 63, 'learning_rate': 0.010159937976656527, 'subsample': 0.7118974055130827, 'colsample_bytree': 0.9826583982594713, 'min_child_samples': 85, 'reg_alpha': 5.113460481149383e-05, 'reg_lambda': 0.0025654558023732064}. Best is trial 10 with value: 0.31452106013881537.
[I 2026-06-01 23:26:16,873] Trial 13 finished with value: 0.2707431538558011 and parameters: {'confidence_threshold': 0.8491456140421829, 'training_days': 360, 'n_estimators': 494, 'max_depth': 4, 'num_leaves': 55, 'learning_rate': 0.010365171391461736, 'subsample': 0.7186328263857324, 'colsample_bytree': 0.977673677256957, 'min_child_samples': 90, 'reg_alpha': 6.04585595393063e-05, 'reg_lambda': 0.0025452809525593196}. Best is trial 10 with value: 0.31452106013881537.
[I 2026-06-01 23:26:17,141] Trial 14 finished with value: 0.07772547911212913 and parameters: {'confidence_threshold': 0.7921178378432393, 'training_days': 210, 'n_estimators': 458, 'max_depth': 4, 'num_leaves': 63, 'learning_rate': 0.01731543449783633, 'subsample': 0.7673486119683415, 'colsample_bytree': 0.9020383795578621, 'min_child_samples': 70, 'reg_alpha': 0.0014623796630832343, 'reg_lambda': 2.293505289769991e-06}. Best is trial 10 with value: 0.31452106013881537.
[I 2026-06-01 23:26:17,358] Trial 15 finished with value: 0.1872662025938468 and parameters: {'confidence_threshold': 0.7829525506318393, 'training_days': 350, 'n_estimators': 285, 'max_depth': 4, 'num_leaves': 53, 'learning_rate': 0.01668689813055309, 'subsample': 0.6591323670979916, 'colsample_bytree': 0.9934286300532085, 'min_child_samples': 100, 'reg_alpha': 8.084592721939181e-06, 'reg_lambda': 0.002997239431771502}. Best is trial 10 with value: 0.31452106013881537.
[I 2026-06-01 23:26:17,764] Trial 16 finished with value: 0.13441149695850124 and parameters: {'confidence_threshold': 0.7892536822961465, 'training_days': 500, 'n_estimators': 448, 'max_depth': 4, 'num_leaves': 16, 'learning_rate': 0.015148864256002878, 'subsample': 0.775944519400622, 'colsample_bytree': 0.923059818374438, 'min_child_samples': 55, 'reg_alpha': 0.0032746509761077828, 'reg_lambda': 0.01767030824976349}. Best is trial 10 with value: 0.31452106013881537.
