[I 2026-06-01 23:25:59,609] Trial 8 finished with value: -0.009743209785795136 and parameters: {'confidence_threshold': 0.6066688256938841, 'training_days': 200, 'n_estimators': 367, 'max_depth': 5, 'num_leaves': 32, 'learning_rate': 0.13377519215934996, 'subsample': 0.7965884582811106, 'colsample_bytree': 0.8458508993500886, 'min_child_samples': 32, 'reg_alpha': 3.889436043816386e-05, 'reg_lambda': 1.4713062489380356e-06}. Best is trial 5 with value: 0.03956776926063833.

  [label] 2021-10-20 00:00 LTCUSDT entry=186.6600 → LONG | long=tp(+11.65%) short=sl(-5.97%) | scanned=2 | long_tp_only
  [label] 2021-12-03 16:00 LTCUSDT entry=187.9400 → SHORT | long=sl(-9.97%) short=tp(+19.63%) | scanned=1 | short_tp_only
  [label] 2021-12-12 00:00 LTCUSDT entry=155.9700 → SHORT | long=timeout(-1.90%) short=timeout(+1.70%) | scanned=22 | no_tp→fwd_return=-1.7952
  [label] 2022-03-15 00:00 LTCUSDT entry=103.2800 → LONG | long=tp(+12.33%) short=sl(-6.31%) | scanned=14 | long_tp_only
  [label] 2022-04-17 16:00 LTCUSDT entry=108.6900 → SHORT | long=timeout(-4.02%) short=sl(-5.22%) | scanned=22 | no_tp→fwd_return=-3.9194
  [label] 2022-05-03 16:00 LTCUSDT entry=99.3000 → SHORT | long=sl(-5.35%) short=sl(-5.35%) | scanned=8 | no_tp→fwd_return=-3.6757
  [label] 2022-05-16 00:00 LTCUSDT entry=66.1000 → LONG | long=timeout(+9.14%) short=timeout(-9.34%) | scanned=22 | no_tp→fwd_return=+9.2436
  [label] 2022-06-03 16:00 LTCUSDT entry=62.5800 → SHORT | long=sl(-6.51%) short=timeout(+9.41%) | scanned=22 | no_tp→fwd_return=-9.5078
  [label] 2022-06-09 16:00 LTCUSDT entry=60.1700 → SHORT | long=sl(-6.44%) short=tp(+12.58%) | scanned=5 | short_tp_only
  [label] 2022-06-22 00:00 LTCUSDT entry=50.7300 → LONG | long=timeout(+3.37%) short=sl(-11.81%) | scanned=22 | no_tp→fwd_return=+3.4693
  [label] 2022-07-31 08:00 LTCUSDT entry=61.4800 → SHORT | long=sl(-7.03%) short=timeout(+0.26%) | scanned=22 | no_tp→fwd_return=-0.3578
  [label] 2022-08-10 00:00 LTCUSDT entry=58.5500 → LONG | long=tp(+11.13%) short=sl(-5.72%) | scanned=10 | long_tp_only
  [label] 2022-11-03 08:00 LTCUSDT entry=61.2600 → LONG | long=tp(+13.14%) short=sl(-6.72%) | scanned=3 | long_tp_only
  Labels: 1124 long (52.2%), 1029 short (47.8%) | weights: min=1.00, mean=3.55, max=10.00
  Features: 2153/2153 matched, 49 columns
  CV gap: 22 rows
  [ensemble 1/3] seed=42
    [trial 0] 49 features, training_days=480 | threshold=0.631 | labels: 1124 long, 1029 short (52/48%)
    [CV fold 0] train_end=2021-03-24 08:00 | val_start=2021-04-01 00:00 | gap=184h (22 rows)
    [CV fold 1] train_end=2021-07-21 16:00 | val_start=2021-07-29 08:00 | gap=184h (22 rows)
    [CV fold 2] train_end=2021-11-18 00:00 | val_start=2021-11-25 16:00 | gap=184h (22 rows)
    [CV fold 3] train_end=2022-03-20 08:00 | val_start=2022-03-28 00:00 | gap=184h (22 rows)
    [CV fold 4] train_end=2022-07-19 16:00 | val_start=2022-07-27 08:00 | gap=184h (22 rows)
    [trial 0] Sharpe=0.0006 (folds: 0.1497, 0.0732, -0.1603, -0.2065, 0.1468)
    [trial 1] 49 features, training_days=420 | threshold=0.839 | labels: 1124 long, 1029 short (52/48%)
    [trial 1] Sharpe=0.1407 (folds: 0.0443, 0.2799, -0.0655, 0.3147, 0.1300)
    [trial 2] 49 features, training_days=190 | threshold=0.602 | labels: 1124 long, 1029 short (52/48%)
    [trial 2] Sharpe=0.0050 (folds: 0.1350, 0.0395, 0.1793, -0.1893, -0.1397)
    [trial 3] 49 features, training_days=490 | threshold=0.832 | labels: 1124 long, 1029 short (52/48%)
    [trial 3] Sharpe=-0.0192 (folds: 0.2239, -0.0418, -0.0792, -0.2161, 0.0174)
    [trial 4] 49 features, training_days=340 | threshold=0.591 | labels: 1124 long, 1029 short (52/48%)
    [trial 4] Sharpe=0.0576 (folds: 0.1919, 0.1415, -0.1383, 0.0084, 0.0847)
    [trial 5] 49 features, training_days=50 | threshold=0.823 | labels: 1124 long, 1029 short (52/48%)
    [trial 5] Sharpe=-2.0353 (folds: 0.0551, -0.2504, 0.2988, -0.2799, -10.0000)
    [trial 6] 49 features, training_days=410 | threshold=0.549 | labels: 1124 long, 1029 short (52/48%)
    [trial 6] Sharpe=0.0510 (folds: 0.2380, 0.1433, -0.2030, 0.0377, 0.0391)
    [trial 7] 49 features, training_days=180 | threshold=0.526 | labels: 1124 long, 1029 short (52/48%)
    [trial 7] Sharpe=-0.0248 (folds: 0.1220, 0.0088, 0.0403, -0.1585, -0.1367)
    [trial 8] 49 features, training_days=240 | threshold=0.811 | labels: 1124 long, 1029 short (52/48%)
    [trial 8] Sharpe=0.1520 (folds: 0.2137, 0.1507, 0.2260, -0.2334, 0.4031)
    [trial 9] 49 features, training_days=20 | threshold=0.538 | labels: 1124 long, 1029 short (52/48%)
    [trial 9] Sharpe=-0.0366 (folds: 0.0556, -0.1698, 0.1154, -0.2406, 0.0563)
    [trial 10] 49 features, training_days=280 | threshold=0.734 | labels: 1124 long, 1029 short (52/48%)
    [trial 10] Sharpe=-0.0557 (folds: 0.0896, 0.0286, 0.0007, -0.1175, -0.2796)
    [trial 11] 49 features, training_days=320 | threshold=0.744 | labels: 1124 long, 1029 short (52/48%)
    [trial 11] Sharpe=-0.0045 (folds: 0.0117, 0.2733, -0.4748, 0.1142, 0.0530)
    [trial 12] 49 features, training_days=190 | threshold=0.770 | labels: 1124 long, 1029 short (52/48%)
    [trial 12] Sharpe=0.0189 (folds: 0.0976, -0.1936, 0.3085, -0.1040, -0.0140)
    [trial 13] 49 features, training_days=400 | threshold=0.849 | labels: 1124 long, 1029 short (52/48%)
    [trial 13] Sharpe=0.0056 (folds: 0.1467, 0.0217, -0.0574, -0.0985, 0.0157)
    [trial 14] 49 features, training_days=100 | threshold=0.690 | labels: 1124 long, 1029 short (52/48%)
    [trial 14] Sharpe=-0.0814 (folds: 0.1414, -0.1770, 0.0726, -0.3283, -0.1159)
    [trial 15] 49 features, training_days=250 | threshold=0.790 | labels: 1124 long, 1029 short (52/48%)
    [trial 15] Sharpe=0.0025 (folds: 0.0498, 0.0626, 0.0273, -0.1385, 0.0111)
    [trial 16] 49 features, training_days=390 | threshold=0.700 | labels: 1124 long, 1029 short (52/48%)
    [trial 16] Sharpe=-0.0359 (folds: 0.1056, -0.0336, 0.0086, -0.1728, -0.0875)
    [trial 17] 49 features, training_days=260 | threshold=0.798 | labels: 1124 long, 1029 short (52/48%)
    [trial 17] Sharpe=0.0591 (folds: 0.1469, 0.0832, 0.1397, -0.1919, 0.1175)
  Optuna: 18 trials, best Sharpe = 0.1520
  Best params: n_estimators=103, max_depth=5, lr=0.0675, leaves=52
  Best confidence_threshold: 0.811
  Best training_days: 240
  Retrained on full data (714 samples, 49 features)
  [ensemble 2/3] seed=123
    [trial 0] 49 features, training_days=150 | threshold=0.744 | labels: 1124 long, 1029 short (52/48%)
    [CV fold 0] train_end=2021-03-24 08:00 | val_start=2021-04-01 00:00 | gap=184h (22 rows)
    [CV fold 1] train_end=2021-07-21 16:00 | val_start=2021-07-29 08:00 | gap=184h (22 rows)
    [CV fold 2] train_end=2021-11-18 00:00 | val_start=2021-11-25 16:00 | gap=184h (22 rows)
    [CV fold 3] train_end=2022-03-20 08:00 | val_start=2022-03-28 00:00 | gap=184h (22 rows)
    [CV fold 4] train_end=2022-07-19 16:00 | val_start=2022-07-27 08:00 | gap=184h (22 rows)
    [trial 0] Sharpe=-0.0526 (folds: 0.1388, -0.2302, 0.3238, -0.2124, -0.2830)
    [trial 1] 49 features, training_days=220 | threshold=0.755 | labels: 1124 long, 1029 short (52/48%)
    [trial 1] Sharpe=-4.0704 (folds: 0.2657, 0.1975, -10.0000, -0.8152, -10.0000)
    [trial 2] 49 features, training_days=310 | threshold=0.754 | labels: 1124 long, 1029 short (52/48%)
    [trial 2] Sharpe=-0.0360 (folds: 0.0438, 0.0290, -0.0362, -0.0767, -0.1398)
    [trial 3] 49 features, training_days=220 | threshold=0.673 | labels: 1124 long, 1029 short (52/48%)
    [trial 3] Sharpe=-0.0009 (folds: 0.1047, 0.0535, 0.1781, -0.1684, -0.1726)
    [trial 4] 49 features, training_days=130 | threshold=0.803 | labels: 1124 long, 1029 short (52/48%)
    [trial 4] Sharpe=-0.0303 (folds: 0.2230, 0.0843, 0.0376, -0.4350, -0.0615)
    [trial 5] 49 features, training_days=210 | threshold=0.606 | labels: 1124 long, 1029 short (52/48%)
    [trial 5] Sharpe=0.0396 (folds: 0.1135, 0.1234, 0.1896, -0.2128, -0.0159)
    [trial 6] 49 features, training_days=130 | threshold=0.767 | labels: 1124 long, 1029 short (52/48%)
    [trial 6] Sharpe=-0.0872 (folds: 0.0905, 0.0041, -0.0398, -0.2956, -0.1952)
    [trial 7] 49 features, training_days=80 | threshold=0.556 | labels: 1124 long, 1029 short (52/48%)
    [trial 7] Sharpe=-0.0273 (folds: 0.1150, -0.1570, 0.1379, -0.2570, 0.0244)
    [trial 8] 49 features, training_days=200 | threshold=0.607 | labels: 1124 long, 1029 short (52/48%)
    [trial 8] Sharpe=-0.0097 (folds: 0.0989, -0.0049, 0.1617, -0.1404, -0.1639)
    [trial 9] 49 features, training_days=260 | threshold=0.620 | labels: 1124 long, 1029 short (52/48%)
    [trial 9] Sharpe=0.0747 (folds: 0.1646, 0.0131, 0.0379, -0.0836, 0.2413)[I 2026-06-01 23:25:59,834] Trial 9 finished with value: 0.0746578451451275 and parameters: {'confidence_threshold': 0.6202096049169137, 'training_days': 260, 'n_estimators': 350, 'max_depth': 3, 'num_leaves': 21, 'learning_rate': 0.02989540198065364, 'subsample': 0.8307821683331218, 'colsample_bytree': 0.923253112635361, 'min_child_samples': 64, 'reg_alpha': 0.4898604619604203, 'reg_lambda': 2.9076377687066166e-05}. Best is trial 9 with value: 0.0746578451451275.
[I 2026-06-01 23:26:00,150] Trial 10 finished with value: -0.03960635695355532 and parameters: {'confidence_threshold': 0.5342665212695602, 'training_days': 470, 'n_estimators': 493, 'max_depth': 3, 'num_leaves': 17, 'learning_rate': 0.010221918552934462, 'subsample': 0.9317514110288623, 'colsample_bytree': 0.6202684210924141, 'min_child_samples': 47, 'reg_alpha': 2.371385268938747e-08, 'reg_lambda': 0.010291221835057122}. Best is trial 9 with value: 0.0746578451451275.
[I 2026-06-01 23:26:00,532] Trial 11 finished with value: 0.023632571118952988 and parameters: {'confidence_threshold': 0.6332172030915592, 'training_days': 340, 'n_estimators': 477, 'max_depth': 5, 'num_leaves': 26, 'learning_rate': 0.036526978794621294, 'subsample': 0.8648160383699911, 'colsample_bytree': 0.6778283959364831, 'min_child_samples': 85, 'reg_alpha': 6.114661601749046, 'reg_lambda': 1.0011881639020481e-08}. Best is trial 9 with value: 0.0746578451451275.
[I 2026-06-01 23:26:00,567] Trial 12 finished with value: -0.03663889224291293 and parameters: {'confidence_threshold': 0.5957244903382299, 'training_days': 20, 'n_estimators': 287, 'max_depth': 5, 'num_leaves': 39, 'learning_rate': 0.11207472241355503, 'subsample': 0.8849177709019147, 'colsample_bytree': 0.5197889515780572, 'min_child_samples': 75, 'reg_alpha': 1.8993135448076743, 'reg_lambda': 3.548506817334473e-07}. Best is trial 9 with value: 0.0746578451451275.
[I 2026-06-01 23:26:00,805] Trial 13 finished with value: -0.04165196042889678 and parameters: {'confidence_threshold': 0.503854589246995, 'training_days': 340, 'n_estimators': 291, 'max_depth': 3, 'num_leaves': 39, 'learning_rate': 0.029487296649619542, 'subsample': 0.72160265329214, 'colsample_bytree': 0.9292621018379528, 'min_child_samples': 53, 'reg_alpha': 0.1635186738615608, 'reg_lambda': 3.6235297055865935e-07}. Best is trial 9 with value: 0.0746578451451275.
[I 2026-06-01 23:26:01,123] Trial 14 finished with value: -0.015328791851793071 and parameters: {'confidence_threshold': 0.6655029001704718, 'training_days': 290, 'n_estimators': 419, 'max_depth': 4, 'num_leaves': 25, 'learning_rate': 0.08969652596100376, 'subsample': 0.8048623843554296, 'colsample_bytree': 0.9977226699583523, 'min_child_samples': 95, 'reg_alpha': 0.08859960648804263, 'reg_lambda': 0.0038081143008355752}. Best is trial 9 with value: 0.0746578451451275.
[I 2026-06-01 23:26:01,351] Trial 15 finished with value: 0.04828178620458041 and parameters: {'confidence_threshold': 0.709997187461685, 'training_days': 460, 'n_estimators': 235, 'max_depth': 5, 'num_leaves': 62, 'learning_rate': 0.047964452603681096, 'subsample': 0.507007918467014, 'colsample_bytree': 0.7241986323105418, 'min_child_samples': 78, 'reg_alpha': 0.06804241124177914, 'reg_lambda': 3.5532501480887757}. Best is trial 9 with value: 0.0746578451451275.
[I 2026-06-01 23:26:01,535] Trial 16 finished with value: -0.00179280836708047 and parameters: {'confidence_threshold': 0.7082467463438827, 'training_days': 500, 'n_estimators': 229, 'max_depth': 3, 'num_leaves': 63, 'learning_rate': 0.05197912857891389, 'subsample': 0.5206453343654052, 'colsample_bytree': 0.6962226064763758, 'min_child_samples': 42, 'reg_alpha': 0.02085597410522074, 'reg_lambda': 2.768872688174693}. Best is trial 9 with value: 0.0746578451451275.
[I 2026-06-01 23:26:01,788] Trial 17 finished with value: 0.18623521815796767 and parameters: {'confidence_threshold': 0.8278557618575797, 'training_days': 410, 'n_estimators': 308, 'max_depth': 4, 'num_leaves': 56, 'learning_rate': 0.016360215791770185, 'subsample': 0.6580058533838252, 'colsample_bytree': 0.603919535009143, 'min_child_samples': 79, 'reg_alpha': 1.7930217179463948, 'reg_lambda': 0.044151407869078285}. Best is trial 17 with value: 0.18623521815796767.
[I 2026-06-01 23:26:02,009] A new study created in memory with name: no-name-dc2ebe5f-0348-471e-8762-da9368a21911
[I 2026-06-01 23:26:02,212] Trial 0 finished with value: -0.08255875932079464 and parameters: {'confidence_threshold': 0.5870645682749857, 'training_days': 90, 'n_estimators': 403, 'max_depth': 5, 'num_leaves': 45, 'learning_rate': 0.0780457193679974, 'subsample': 0.9428509515574568, 'colsample_bytree': 0.8795587339164916, 'min_child_samples': 34, 'reg_alpha': 2.2465901234314442e-07, 'reg_lambda': 8.339007036475363e-05}. Best is trial 0 with value: -0.08255875932079464.
[I 2026-06-01 23:26:02,321] Trial 1 finished with value: 0.0023025432998826727 and parameters: {'confidence_threshold': 0.6348453934275313, 'training_days': 290, 'n_estimators': 115, 'max_depth': 5, 'num_leaves': 37, 'learning_rate': 0.06949568759029946, 'subsample': 0.8228505074024268, 'colsample_bytree': 0.8616703220431751, 'min_child_samples': 75, 'reg_alpha': 4.2486822725010923e-07, 'reg_lambda': 1.157247767047042e-07}. Best is trial 1 with value: 0.0023025432998826727.
[I 2026-06-01 23:26:02,344] Trial 2 finished with value: -2.0351571467817937 and parameters: {'confidence_threshold': 0.5849570384370288, 'training_days': 10, 'n_estimators': 212, 'max_depth': 3, 'num_leaves': 41, 'learning_rate': 0.18452095998378365, 'subsample': 0.6001060822924371, 'colsample_bytree': 0.5673167293506167, 'min_child_samples': 37, 'reg_alpha': 5.733250064217131, 'reg_lambda': 0.5308454292595461}. Best is trial 1 with value: 0.0023025432998826727.
[I 2026-06-01 23:26:02,430] Trial 3 finished with value: 0.09928179594889643 and parameters: {'confidence_threshold': 0.6868248626683718, 'training_days': 220, 'n_estimators': 134, 'max_depth': 3, 'num_leaves': 45, 'learning_rate': 0.033529007907491595, 'subsample': 0.8647277071858408, 'colsample_bytree': 0.778494116634046, 'min_child_samples': 96, 'reg_alpha': 2.409409937265785e-07, 'reg_lambda': 1.1642073478060009}. Best is trial 3 with value: 0.09928179594889643.
[I 2026-06-01 23:26:02,519] Trial 4 finished with value: -0.02937893532353214 and parameters: {'confidence_threshold': 0.5623121348350352, 'training_days': 300, 'n_estimators': 69, 'max_depth': 4, 'num_leaves': 32, 'learning_rate': 0.14967629360700346, 'subsample': 0.5054535233636654, 'colsample_bytree': 0.7401385194659216, 'min_child_samples': 27, 'reg_alpha': 1.4212042567426725e-07, 'reg_lambda': 0.23605753701352003}. Best is trial 3 with value: 0.09928179594889643.
[I 2026-06-01 23:26:02,943] Trial 5 finished with value: -0.039413951338594044 and parameters: {'confidence_threshold': 0.7111850244908446, 'training_days': 490, 'n_estimators': 362, 'max_depth': 5, 'num_leaves': 40, 'learning_rate': 0.05960785724162737, 'subsample': 0.5589714368907717, 'colsample_bytree': 0.6659006943232806, 'min_child_samples': 42, 'reg_alpha': 0.6741360303045295, 'reg_lambda': 6.054601607143087e-08}. Best is trial 3 with value: 0.09928179594889643.
[I 2026-06-01 23:26:03,136] Trial 6 finished with value: -0.008257059053801596 and parameters: {'confidence_threshold': 0.667482545748023, 'training_days': 420, 'n_estimators': 279, 'max_depth': 3, 'num_leaves': 45, 'learning_rate': 0.040099592560849204, 'subsample': 0.8563114696415159, 'colsample_bytree': 0.5442917781944105, 'min_child_samples': 50, 'reg_alpha': 1.6407916423707903e-08, 'reg_lambda': 2.935907642973286e-05}. Best is trial 3 with value: 0.09928179594889643.
[I 2026-06-01 23:26:03,302] Trial 7 finished with value: -0.05551121872566198 and parameters: {'confidence_threshold': 0.5497381024139926, 'training_days': 120, 'n_estimators': 408, 'max_depth': 5, 'num_leaves': 38, 'learning_rate': 0.28049122657745795, 'subsample': 0.8806573338635493, 'colsample_bytree': 0.5454054113547102, 'min_child_samples': 63, 'reg_alpha': 0.01263008637940408, 'reg_lambda': 0.04588020805366937}. Best is trial 3 with value: 0.09928179594889643.
[I 2026-06-01 23:26:03,574] Trial 8 finished with value: 0.07181886629642922 and parameters: {'confidence_threshold': 0.719644804808716, 'training_days': 450, 'n_estimators': 410, 'max_depth': 4, 'num_leaves': 57, 'learning_rate': 0.04022026551478857, 'subsample': 0.5336085426932707, 'colsample_bytree': 0.5705742850577543, 'min_child_samples': 100, 'reg_alpha': 5.916398047912201e-07, 'reg_lambda': 0.9794034214488329}. Best is trial 3 with value: 0.09928179594889643.
[I 2026-06-01 23:26:03,598] Trial 9 finished with value: -4.013936284288103 and parameters: {'confidence_threshold': 0.7267463643917187, 'training_days': 20, 'n_estimators': 337, 'max_depth': 5, 'num_leaves': 23, 'learning_rate': 0.022153031811454605, 'subsample': 0.6305627572358737, 'colsample_bytree': 0.6613413774216214, 'min_child_samples': 81, 'reg_alpha': 5.7638634029410314e-08, 'reg_lambda': 8.26603016764008}. Best is trial 3 with value: 0.09928179594889643.
[I 2026-06-01 23:26:03,698] Trial 10 finished with value: -7.97187679849836 and parameters: {'confidence_threshold': 0.8283920119574972, 'training_days': 200, 'n_estimators': 181, 'max_depth': 3, 'num_leaves': 62, 'learning_rate': 0.011579281028220855, 'subsample': 0.7130289643560688, 'colsample_bytree': 0.9944479338273263, 'min_child_samples': 100, 'reg_alpha': 6.837313901272251e-05, 'reg_lambda': 0.0027253228209330924}. Best is trial 3 with value: 0.09928179594889643.
[I 2026-06-01 23:26:04,030] Trial 11 finished with value: 0.08439472322695647 and parameters: {'confidence_threshold': 0.7766282449189577, 'training_days': 380, 'n_estimators': 478, 'max_depth': 4, 'num_leaves': 58, 'learning_rate': 0.029354876456257728, 'subsample': 0.7459055835274097, 'colsample_bytree': 0.8016610248739169, 'min_child_samples': 100, 'reg_alpha': 1.7335570554886207e-05, 'reg_lambda': 7.067893525937578}. Best is trial 3 with value: 0.09928179594889643.
[I 2026-06-01 23:26:04,380] Trial 12 finished with value: 0.14766605167422672 and parameters: {'confidence_threshold': 0.8016884727846801, 'training_days': 360, 'n_estimators': 490, 'max_depth': 4, 'num_leaves': 54, 'learning_rate': 0.01924681962976845, 'subsample': 0.7376180335274016, 'colsample_bytree': 0.8360023000930683, 'min_child_samples': 85, 'reg_alpha': 5.113460481149383e-05, 'reg_lambda': 8.572873032845164}. Best is trial 12 with value: 0.14766605167422672.
[I 2026-06-01 23:26:04,656] Trial 13 finished with value: 0.0867548335154719 and parameters: {'confidence_threshold': 0.8484882030314369, 'training_days': 210, 'n_estimators': 494, 'max_depth': 4, 'num_leaves': 52, 'learning_rate': 0.013893880554546854, 'subsample': 0.9755936541801561, 'colsample_bytree': 0.9109205692488689, 'min_child_samples': 83, 'reg_alpha': 0.0013772311624376018, 'reg_lambda': 0.006444576053447656}. Best is trial 12 with value: 0.14766605167422672.
[I 2026-06-01 23:26:04,801] Trial 14 finished with value: 0.08720278688483071 and parameters: {'confidence_threshold': 0.7723320301796328, 'training_days': 340, 'n_estimators': 192, 'max_depth': 3, 'num_leaves': 51, 'learning_rate': 0.01910898810687529, 'subsample': 0.6776505255398512, 'colsample_bytree': 0.7707768064662349, 'min_child_samples': 89, 'reg_alpha': 5.767742376040379e-06, 'reg_lambda': 3.4434451829477042e-06}. Best is trial 12 with value: 0.14766605167422672.
[I 2026-06-01 23:26:04,967] Trial 15 finished with value: 0.14097576001937845 and parameters: {'confidence_threshold': 0.7862119241158567, 'training_days': 220, 'n_estimators': 274, 'max_depth': 3, 'num_leaves': 17, 'learning_rate': 0.01908422707510053, 'subsample': 0.7859829960132325, 'colsample_bytree': 0.6847880161419897, 'min_child_samples': 70, 'reg_alpha': 0.0009882186881651823, 'reg_lambda': 0.020746543780393117}. Best is trial 12 with value: 0.14766605167422672.
[I 2026-06-01 23:26:05,092] Trial 16 finished with value: -0.040903732157379025 and parameters: {'confidence_threshold': 0.790215020714979, 'training_days': 130, 'n_estimators': 273, 'max_depth': 4, 'num_leaves': 15, 'learning_rate': 0.010083977919216587, 'subsample': 0.7865807940062256, 'colsample_bytree': 0.6815248852967113, 'min_child_samples': 66, 'reg_alpha': 0.0019452490301593308, 'reg_lambda': 0.0018299632371054386}. Best is trial 12 with value: 0.14766605167422672.
