[I 2026-06-01 23:32:53,476] Trial 17 finished with value: 0.02402372348383809 and parameters: {'confidence_threshold': 0.5080881579696632, 'training_days': 360, 'n_estimators': 336, 'max_depth': 3, 'num_leaves': 51, 'learning_rate': 0.025046547936345483, 'subsample': 0.7706494198204163, 'colsample_bytree': 0.8117613818197102, 'min_child_samples': 66, 'reg_alpha': 5.4643970171710196e-06, 'reg_lambda': 0.00029296293473822895}. Best is trial 10 with value: 0.09671390380989917.

  Optuna: 18 trials, best Sharpe = 0.0874
  Best params: n_estimators=363, max_depth=3, lr=0.0659, leaves=48
  Best confidence_threshold: 0.556
  Best training_days: 80
  Retrained on full data (240 samples, 49 features)
  [ensemble 3/3] seed=456
    [trial 0] 49 features, training_days=90 | threshold=0.587 | labels: 1068 long, 1103 short (49/51%)
    [CV fold 0] train_end=2023-09-23 08:00 | val_start=2023-10-01 00:00 | gap=184h (22 rows)
    [CV fold 1] train_end=2024-01-21 16:00 | val_start=2024-01-29 08:00 | gap=184h (22 rows)
    [CV fold 2] train_end=2024-05-21 00:00 | val_start=2024-05-28 16:00 | gap=184h (22 rows)
    [CV fold 3] train_end=2024-09-18 08:00 | val_start=2024-09-26 00:00 | gap=184h (22 rows)
    [CV fold 4] train_end=2025-01-16 16:00 | val_start=2025-01-24 08:00 | gap=184h (22 rows)
    [trial 0] Sharpe=0.0571 (folds: 0.1846, 0.2503, -0.2016, 0.0403, 0.0119)
    [trial 1] 49 features, training_days=290 | threshold=0.635 | labels: 1068 long, 1103 short (49/51%)
    [trial 1] Sharpe=0.0413 (folds: -0.0552, 0.2499, 0.0046, -0.0641, 0.0715)
    [trial 2] 49 features, training_days=10 | threshold=0.585 | labels: 1068 long, 1103 short (49/51%)
    [trial 2] Sharpe=-0.0647 (folds: -0.0262, -0.0269, -0.0168, -0.1728, -0.0807)
    [trial 3] 49 features, training_days=220 | threshold=0.687 | labels: 1068 long, 1103 short (49/51%)
    [trial 3] Sharpe=-0.0003 (folds: -0.0564, 0.2183, -0.0407, -0.2038, 0.0809)
    [trial 4] 49 features, training_days=300 | threshold=0.562 | labels: 1068 long, 1103 short (49/51%)
    [trial 4] Sharpe=0.0343 (folds: -0.0463, 0.1178, 0.0066, -0.0474, 0.1409)
    [trial 5] 49 features, training_days=490 | threshold=0.711 | labels: 1068 long, 1103 short (49/51%)
    [trial 5] Sharpe=0.0236 (folds: -0.0528, 0.1914, -0.0189, -0.0527, 0.0509)
    [trial 6] 49 features, training_days=420 | threshold=0.667 | labels: 1068 long, 1103 short (49/51%)
    [trial 6] Sharpe=0.0300 (folds: -0.0827, 0.1817, -0.0382, -0.0554, 0.1446)
    [trial 7] 49 features, training_days=120 | threshold=0.550 | labels: 1068 long, 1103 short (49/51%)
    [trial 7] Sharpe=0.0125 (folds: -0.1314, 0.2744, -0.0184, -0.0352, -0.0268)
    [trial 8] 49 features, training_days=450 | threshold=0.720 | labels: 1068 long, 1103 short (49/51%)
    [trial 8] Sharpe=0.0379 (folds: -0.0501, 0.2820, 0.0234, -0.0814, 0.0154)
    [trial 9] 49 features, training_days=20 | threshold=0.727 | labels: 1068 long, 1103 short (49/51%)
    [trial 9] Sharpe=-1.9959 (folds: -0.0262, -0.0269, -0.0168, 0.0902, -10.0000)
    [trial 10] 49 features, training_days=130 | threshold=0.840 | labels: 1068 long, 1103 short (49/51%)
    [trial 10] Sharpe=0.0967 (folds: -0.0871, 0.3261, 0.0145, 0.0648, 0.1653)
    [trial 11] 49 features, training_days=140 | threshold=0.849 | labels: 1068 long, 1103 short (49/51%)
    [trial 11] Sharpe=0.0962 (folds: -0.1361, 0.3165, 0.0263, 0.0934, 0.1808)
    [trial 12] 49 features, training_days=180 | threshold=0.844 | labels: 1068 long, 1103 short (49/51%)
    [trial 12] Sharpe=-0.0038 (folds: -0.1533, 0.2467, 0.0015, -0.1732, 0.0595)
    [trial 13] 49 features, training_days=130 | threshold=0.849 | labels: 1068 long, 1103 short (49/51%)
    [trial 13] Sharpe=0.0762 (folds: -0.1316, 0.3164, -0.0150, 0.0200, 0.1911)
    [trial 14] 49 features, training_days=190 | threshold=0.794 | labels: 1068 long, 1103 short (49/51%)
    [trial 14] Sharpe=0.0647 (folds: 0.0393, 0.2540, -0.0782, -0.0783, 0.1866)
    [trial 15] 49 features, training_days=70 | threshold=0.783 | labels: 1068 long, 1103 short (49/51%)
    [trial 15] Sharpe=0.0159 (folds: 0.0480, 0.3635, -0.3246, -0.0502, 0.0430)
    [trial 16] 49 features, training_days=250 | threshold=0.784 | labels: 1068 long, 1103 short (49/51%)
    [trial 16] Sharpe=0.0137 (folds: 0.0126, 0.1993, -0.0330, -0.1752, 0.0646)
    [trial 17] 49 features, training_days=360 | threshold=0.508 | labels: 1068 long, 1103 short (49/51%)
    [trial 17] Sharpe=0.0240 (folds: -0.0606, 0.2006, -0.0051, -0.0875, 0.0727)
  Optuna: 18 trials, best Sharpe = 0.0967
  Best params: n_estimators=485, max_depth=4, lr=0.0143, leaves=62
  Best confidence_threshold: 0.840
  Best training_days: 130
  Retrained on full data (390 samples, 49 features)
  OOD: 16 features, cutoff (q=0.7) = 13.74
  Model trained for 2025-06: 90 test candles with features, confidence_threshold=0.739
[predict] 2025-06-03 00:00 LTCUSDT → LONG (proba=0.75 TP=9.8%/SL=4.9%)
[trade:open] 2025-06-03 07:59 LTCUSDT LONG @ 89.41 | SL=85.04 TP=98.14 | timeout=2025-06-10 07:59
[trade:close] 2025-06-05 23:59 LTCUSDT LONG → stop_loss @ 85.04 | PnL=-4.88% (net -4.98%) | cum=+125.03% 2025-06=-4.98% 2025-06-05=-4.98%
[predict] 2025-06-09 00:00 LTCUSDT → LONG (proba=0.76 TP=7.9%/SL=3.9%)
[trade:open] 2025-06-09 07:59 LTCUSDT LONG @ 86.95 | SL=83.52 TP=93.81 | timeout=2025-06-16 07:59
[trade:close] 2025-06-11 23:59 LTCUSDT LONG → take_profit @ 93.81 | PnL=+7.89% (net +7.79%) | cum=+132.83% 2025-06=+2.81% 2025-06-11=+7.79%
[predict] 2025-06-12 16:00 LTCUSDT → LONG (proba=0.88 TP=10.5%/SL=5.2%)
[trade:open] 2025-06-12 23:59 LTCUSDT LONG @ 86.08 | SL=81.58 TP=95.08 | timeout=2025-06-19 23:59
[trade:close] 2025-06-13 07:59 LTCUSDT LONG → stop_loss @ 81.58 | PnL=-5.23% (net -5.33%) | cum=+127.50% 2025-06=-2.52% 2025-06-13=-5.33%
[predict] 2025-06-21 08:00 LTCUSDT → SHORT (proba=0.85 TP=8.2%/SL=4.1%)
[trade:open] 2025-06-21 15:59 LTCUSDT SHORT @ 82.76 | SL=86.14 TP=76.00 | timeout=2025-06-28 15:59
[trade:close] 2025-06-28 15:59 LTCUSDT SHORT → stop_loss @ 86.14 | PnL=-4.09% (net -4.19%) | cum=+123.31% 2025-06=-6.71% 2025-06-28=-4.19%
[predict] 2025-06-30 00:00 LTCUSDT → LONG (proba=0.75 TP=7.2%/SL=3.6%)
[trade:open] 2025-06-30 07:59 LTCUSDT LONG @ 86.42 | SL=83.30 TP=92.65 | timeout=2025-07-07 07:59
[lgbm] === Training for 2025-07 ===
  Train window: 2023-07-01 → 2025-06-23
  2171 training samples from 1 symbols
  Samples per month: 2023-07: 93, 2023-08: 93, 2023-09: 90, 2023-10: 93, 2023-11: 90, 2023-12: 93, 2024-01: 93, 2024-02: 87, 2024-03: 93, 2024-04: 90, 2024-05: 93, 2024-06: 90, 2024-07: 93, 2024-08: 93, 2024-09: 90, 2024-10: 93, 2024-11: 90, 2024-12: 93, 2025-01: 93, 2025-02: 84, 2025-03: 93, 2025-04: 90, 2025-05: 93, 2025-06: 68
  [label] 2023-08-31 16:00 LTCUSDT entry=63.8400 → SHORT | long=timeout(-0.35%) short=timeout(+0.15%) | scanned=22 | no_tp→fwd_return=-0.2506
  [label] 2023-09-03 00:00 LTCUSDT entry=64.2000 → SHORT | long=sl(-4.19%) short=timeout(+3.70%) | scanned=22 | no_tp→fwd_return=-3.8006
  [label] 2023-09-06 16:00 LTCUSDT entry=62.8400 → SHORT | long=sl(-3.63%) short=tp(+6.96%) | scanned=14 | short_tp_only
  [label] 2023-10-01 08:00 LTCUSDT entry=66.8600 → SHORT | long=sl(-3.04%) short=sl(-3.04%) | scanned=4 | no_tp→fwd_return=-1.4059
  [label] 2023-11-23 00:00 LTCUSDT entry=70.3500 → SHORT | long=timeout(-1.11%) short=timeout(+0.91%) | scanned=22 | no_tp→fwd_return=-1.0092
  [label] 2024-05-07 00:00 LTCUSDT entry=80.3900 → LONG | long=timeout(+0.53%) short=timeout(-0.73%) | scanned=22 | no_tp→fwd_return=+0.6344
  [label] 2024-05-11 00:00 LTCUSDT entry=80.7000 → LONG | long=timeout(+4.35%) short=sl(-4.27%) | scanned=22 | no_tp→fwd_return=+4.4486
  [label] 2024-05-21 16:00 LTCUSDT entry=88.2900 → SHORT | long=sl(-3.84%) short=tp(+7.38%) | scanned=6 | short_tp_only
  [label] 2024-07-05 16:00 LTCUSDT entry=61.8000 → LONG | long=timeout(+11.91%) short=sl(-7.77%) | scanned=22 | no_tp→fwd_return=+12.0065
  [label] 2024-07-14 08:00 LTCUSDT entry=69.4300 → LONG | long=timeout(+5.53%) short=sl(-4.11%) | scanned=22 | no_tp→fwd_return=+5.6316
  [label] 2024-10-12 16:00 LTCUSDT entry=66.1600 → LONG | long=sl(-2.77%) short=sl(-2.77%) | scanned=8 | no_tp→fwd_return=+0.1209
  [label] 2024-11-13 16:00 LTCUSDT entry=75.4700 → LONG | long=tp(+17.43%) short=sl(-8.87%) | scanned=8 | long_tp_only
  [label] 2024-11-30 00:00 LTCUSDT entry=102.1800 → LONG | long=tp(+15.62%) short=sl(-7.96%) | scanned=5 | long_tp_only
  [label] 2024-12-12 16:00 LTCUSDT entry=119.2400 → SHORT | long=sl(-11.93%) short=timeout(+16.62%) | scanned=22 | no_tp→fwd_return=-16.7226
  [label] 2024-12-31 00:00 LTCUSDT entry=98.7300 → LONG | long=tp(+13.56%) short=sl(-6.93%) | scanned=11 | long_tp_only[I 2026-06-01 23:32:54,271] A new study created in memory with name: no-name-9b46d5d8-91c1-41aa-a071-5debbddae1cd
[I 2026-06-01 23:32:54,602] Trial 0 finished with value: 0.04510985856429441 and parameters: {'confidence_threshold': 0.6310890415965769, 'training_days': 480, 'n_estimators': 380, 'max_depth': 4, 'num_leaves': 22, 'learning_rate': 0.01699897838270077, 'subsample': 0.5290418060840998, 'colsample_bytree': 0.9330880728874675, 'min_child_samples': 68, 'reg_alpha': 0.023585940584142682, 'reg_lambda': 1.5320059381854043e-08}. Best is trial 0 with value: 0.04510985856429441.
[I 2026-06-01 23:32:54,720] Trial 1 finished with value: 0.1658980432700544 and parameters: {'confidence_threshold': 0.839468448256698, 'training_days': 420, 'n_estimators': 145, 'max_depth': 3, 'num_leaves': 23, 'learning_rate': 0.028145092716060652, 'subsample': 0.762378215816119, 'colsample_bytree': 0.7159725093210578, 'min_child_samples': 43, 'reg_alpha': 0.0032112643094417484, 'reg_lambda': 1.8007140198129195e-07}. Best is trial 1 with value: 0.1658980432700544.
[I 2026-06-01 23:32:54,864] Trial 2 finished with value: 0.07852120732845183 and parameters: {'confidence_threshold': 0.6022506269873263, 'training_days': 190, 'n_estimators': 255, 'max_depth': 5, 'num_leaves': 24, 'learning_rate': 0.05748924681991978, 'subsample': 0.7962072844310213, 'colsample_bytree': 0.5232252063599989, 'min_child_samples': 69, 'reg_alpha': 3.425445902633376e-07, 'reg_lambda': 3.850031979199519e-08}. Best is trial 1 with value: 0.1658980432700544.
[I 2026-06-01 23:32:55,153] Trial 3 finished with value: 0.05877638564123163 and parameters: {'confidence_threshold': 0.8321099380386666, 'training_days': 490, 'n_estimators': 414, 'max_depth': 3, 'num_leaves': 19, 'learning_rate': 0.1024932221692416, 'subsample': 0.7200762468698007, 'colsample_bytree': 0.5610191174223894, 'min_child_samples': 60, 'reg_alpha': 2.039373116525212e-08, 'reg_lambda': 1.527156759251193}. Best is trial 1 with value: 0.1658980432700544.
[I 2026-06-01 23:32:55,319] Trial 4 finished with value: 0.030122023546222565 and parameters: {'confidence_threshold': 0.5905729935600059, 'training_days': 340, 'n_estimators': 190, 'max_depth': 4, 'num_leaves': 41, 'learning_rate': 0.01875220945578641, 'subsample': 0.9847923138822793, 'colsample_bytree': 0.8875664116805573, 'min_child_samples': 96, 'reg_alpha': 1.1309571585271483, 'reg_lambda': 0.002404915432737351}. Best is trial 1 with value: 0.1658980432700544.
[I 2026-06-01 23:32:55,365] Trial 5 finished with value: -0.02212183980400151 and parameters: {'confidence_threshold': 0.8226559822580909, 'training_days': 50, 'n_estimators': 138, 'max_depth': 3, 'num_leaves': 30, 'learning_rate': 0.03750796359625606, 'subsample': 0.6356745158869479, 'colsample_bytree': 0.9143687545759647, 'min_child_samples': 48, 'reg_alpha': 3.376063348877853e-06, 'reg_lambda': 0.0007660634613082914}. Best is trial 1 with value: 0.1658980432700544.
[I 2026-06-01 23:32:55,477] Trial 6 finished with value: 0.030839617350755834 and parameters: {'confidence_threshold': 0.5493234787411669, 'training_days': 410, 'n_estimators': 83, 'max_depth': 5, 'num_leaves': 52, 'learning_rate': 0.019657448966046126, 'subsample': 0.5027610585618012, 'colsample_bytree': 0.9077307142274171, 'min_child_samples': 77, 'reg_alpha': 0.03639690979811287, 'reg_lambda': 0.08738424135626986}. Best is trial 1 with value: 0.1658980432700544.
[I 2026-06-01 23:32:55,571] Trial 7 finished with value: 0.07645229760407331 and parameters: {'confidence_threshold': 0.5259156281069316, 'training_days': 180, 'n_estimators': 102, 'max_depth': 5, 'num_leaves': 45, 'learning_rate': 0.030816017044468066, 'subsample': 0.5317791751430119, 'colsample_bytree': 0.6554911608578311, 'min_child_samples': 46, 'reg_alpha': 0.036851536911881845, 'reg_lambda': 0.005470376807480391}. Best is trial 1 with value: 0.1658980432700544.
[I 2026-06-01 23:32:55,678] Trial 8 finished with value: 0.11567747570851312 and parameters: {'confidence_threshold': 0.8105244599017143, 'training_days': 240, 'n_estimators': 103, 'max_depth': 5, 'num_leaves': 52, 'learning_rate': 0.06746437142284309, 'subsample': 0.8854835899772805, 'colsample_bytree': 0.7468977981821954, 'min_child_samples': 62, 'reg_alpha': 7.04480806377519e-05, 'reg_lambda': 1.6934490731313353e-08}. Best is trial 1 with value: 0.1658980432700544.
[I 2026-06-01 23:32:55,699] Trial 9 finished with value: -0.08914759018677895 and parameters: {'confidence_threshold': 0.5377619994476566, 'training_days': 20, 'n_estimators': 337, 'max_depth': 3, 'num_leaves': 39, 'learning_rate': 0.21907142272152816, 'subsample': 0.6246461145744375, 'colsample_bytree': 0.7051914615178149, 'min_child_samples': 81, 'reg_alpha': 1.1459970229341322e-06, 'reg_lambda': 4.929685216887945e-08}. Best is trial 1 with value: 0.1658980432700544.
[I 2026-06-01 23:32:56,289] Trial 10 finished with value: 0.10902328710852964 and parameters: {'confidence_threshold': 0.7286853308578232, 'training_days': 350, 'n_estimators': 487, 'max_depth': 4, 'num_leaves': 31, 'learning_rate': 0.011407797829608154, 'subsample': 0.8271882613853766, 'colsample_bytree': 0.8120417635861826, 'min_child_samples': 24, 'reg_alpha': 0.0005486918362336714, 'reg_lambda': 3.3639426888455256e-06}. Best is trial 1 with value: 0.1658980432700544.
[I 2026-06-01 23:32:56,502] Trial 11 finished with value: 0.09097250959118272 and parameters: {'confidence_threshold': 0.7440045644190331, 'training_days': 250, 'n_estimators': 206, 'max_depth': 4, 'num_leaves': 60, 'learning_rate': 0.08142580753149657, 'subsample': 0.9221526936614691, 'colsample_bytree': 0.7745443264032007, 'min_child_samples': 31, 'reg_alpha': 8.237157319612896e-05, 'reg_lambda': 7.868729181011707e-06}. Best is trial 1 with value: 0.1658980432700544.
[I 2026-06-01 23:32:56,584] Trial 12 finished with value: 0.08056996269433493 and parameters: {'confidence_threshold': 0.7724411876090038, 'training_days': 270, 'n_estimators': 59, 'max_depth': 3, 'num_leaves': 58, 'learning_rate': 0.1489685720346384, 'subsample': 0.8426110070012842, 'colsample_bytree': 0.6490082429333545, 'min_child_samples': 41, 'reg_alpha': 0.00034577150531565687, 'reg_lambda': 1.953219513655572e-06}. Best is trial 1 with value: 0.1658980432700544.
[I 2026-06-01 23:32:56,695] Trial 13 finished with value: 0.06060179000374061 and parameters: {'confidence_threshold': 0.8492910061460892, 'training_days': 150, 'n_estimators': 151, 'max_depth': 5, 'num_leaves': 52, 'learning_rate': 0.03817149751567075, 'subsample': 0.8939550645860711, 'colsample_bytree': 0.8155421717694826, 'min_child_samples': 49, 'reg_alpha': 5.455813891552554e-05, 'reg_lambda': 4.853786638244098e-07}. Best is trial 1 with value: 0.1658980432700544.
[I 2026-06-01 23:32:56,943] Trial 14 finished with value: 0.05568519184184194 and parameters: {'confidence_threshold': 0.689769751463316, 'training_days': 380, 'n_estimators': 277, 'max_depth': 4, 'num_leaves': 15, 'learning_rate': 0.0610528916383506, 'subsample': 0.7272205324450449, 'colsample_bytree': 0.7129757657279365, 'min_child_samples': 58, 'reg_alpha': 0.0038067556646802867, 'reg_lambda': 5.3861085653773555e-05}. Best is trial 1 with value: 0.1658980432700544.
[I 2026-06-01 23:32:57,043] Trial 15 finished with value: -1.4578785676656794 and parameters: {'confidence_threshold': 0.7897255408101392, 'training_days': 260, 'n_estimators': 51, 'max_depth': 5, 'num_leaves': 32, 'learning_rate': 0.028672502833093406, 'subsample': 0.971963681209985, 'colsample_bytree': 0.6290746674720268, 'min_child_samples': 37, 'reg_alpha': 4.390567046064357, 'reg_lambda': 2.720986163642982e-07}. Best is trial 1 with value: 0.1658980432700544.
[I 2026-06-01 23:32:57,120] Trial 16 finished with value: -0.029538108533757258 and parameters: {'confidence_threshold': 0.7877045466299416, 'training_days': 100, 'n_estimators': 145, 'max_depth': 3, 'num_leaves': 46, 'learning_rate': 0.10112739203927937, 'subsample': 0.7848742979848755, 'colsample_bytree': 0.9826162589395974, 'min_child_samples': 58, 'reg_alpha': 1.4618334151747558e-05, 'reg_lambda': 1.1445074815007822e-08}. Best is trial 1 with value: 0.1658980432700544.
[I 2026-06-01 23:32:57,320] Trial 17 finished with value: 0.06155788083157715 and parameters: {'confidence_threshold': 0.6796805210256975, 'training_days': 440, 'n_estimators': 230, 'max_depth': 4, 'num_leaves': 63, 'learning_rate': 0.24532083062807572, 'subsample': 0.9014795832164373, 'colsample_bytree': 0.7518217663577897, 'min_child_samples': 93, 'reg_alpha': 0.005047355373634929, 'reg_lambda': 6.614397595908694e-05}. Best is trial 1 with value: 0.1658980432700544.
[I 2026-06-01 23:32:57,796] A new study created in memory with name: no-name-087383b4-a64c-4e8e-a3b4-f81037cb2c65
[I 2026-06-01 23:32:57,893] Trial 0 finished with value: 0.047304123304919225 and parameters: {'confidence_threshold': 0.7437642149592516, 'training_days': 150, 'n_estimators': 152, 'max_depth': 4, 'num_leaves': 50, 'learning_rate': 0.04216766425047743, 'subsample': 0.9903820991923078, 'colsample_bytree': 0.8424148692924316, 'min_child_samples': 58, 'reg_alpha': 3.381097259762742e-05, 'reg_lambda': 1.2263152961306247e-05}. Best is trial 0 with value: 0.047304123304919225.
[I 2026-06-01 23:32:57,975] Trial 1 finished with value: 0.18332830967849997 and parameters: {'confidence_threshold': 0.7551673975844145, 'training_days': 220, 'n_estimators': 76, 'max_depth': 4, 'num_leaves': 51, 'learning_rate': 0.018602118810743477, 'subsample': 0.5877258780737462, 'colsample_bytree': 0.7657756869209191, 'min_child_samples': 63, 'reg_alpha': 0.005123994170264194, 'reg_lambda': 0.44145470178120466}. Best is trial 1 with value: 0.18332830967849997.
[I 2026-06-01 23:32:58,266] Trial 2 finished with value: 0.05578456822114393 and parameters: {'confidence_threshold': 0.7535593637012223, 'training_days': 310, 'n_estimators': 375, 'max_depth': 3, 'num_leaves': 32, 'learning_rate': 0.021735641882032388, 'subsample': 0.6468570231944146, 'colsample_bytree': 0.8154880619272439, 'min_child_samples': 27, 'reg_alpha': 8.004064028491336e-05, 'reg_lambda': 7.546835261630524e-05}. Best is trial 1 with value: 0.18332830967849997.
[I 2026-06-01 23:32:58,448] Trial 3 finished with value: 0.08329280429942194 and parameters: {'confidence_threshold': 0.6727897841776072, 'training_days': 220, 'n_estimators': 190, 'max_depth': 4, 'num_leaves': 58, 'learning_rate': 0.24810689332636193, 'subsample': 0.7509183379421682, 'colsample_bytree': 0.8119764758960556, 'min_child_samples': 29, 'reg_alpha': 7.1708285081421445e-06, 'reg_lambda': 5.412973582738627e-05}. Best is trial 1 with value: 0.18332830967849997.
[I 2026-06-01 23:32:58,565] Trial 4 finished with value: 0.011174580143845064 and parameters: {'confidence_threshold': 0.803208205259178, 'training_days': 130, 'n_estimators': 267, 'max_depth': 5, 'num_leaves': 40, 'learning_rate': 0.08041175317374143, 'subsample': 0.5603143329951619, 'colsample_bytree': 0.9131704002534167, 'min_child_samples': 68, 'reg_alpha': 0.0008046593428183385, 'reg_lambda': 1.2158346158765583e-05}. Best is trial 1 with value: 0.18332830967849997.
[I 2026-06-01 23:32:58,817] Trial 5 finished with value: 0.07263932179487495 and parameters: {'confidence_threshold': 0.6064422761595144, 'training_days': 210, 'n_estimators': 357, 'max_depth': 5, 'num_leaves': 40, 'learning_rate': 0.0974221287220869, 'subsample': 0.7929682762811064, 'colsample_bytree': 0.8124517510478, 'min_child_samples': 74, 'reg_alpha': 0.3811377260781234, 'reg_lambda': 5.607314238392041e-08}. Best is trial 1 with value: 0.18332830967849997.
[I 2026-06-01 23:32:58,937] Trial 6 finished with value: 0.02533168416359157 and parameters: {'confidence_threshold': 0.7672889945051684, 'training_days': 130, 'n_estimators': 137, 'max_depth': 4, 'num_leaves': 19, 'learning_rate': 0.2031117614248665, 'subsample': 0.8136244860256343, 'colsample_bytree': 0.8617081790949774, 'min_child_samples': 21, 'reg_alpha': 0.002238138278733199, 'reg_lambda': 0.001025809534977322}. Best is trial 1 with value: 0.18332830967849997.
[I 2026-06-01 23:32:59,012] Trial 7 finished with value: 0.023884204884502776 and parameters: {'confidence_threshold': 0.555635875450653, 'training_days': 80, 'n_estimators': 363, 'max_depth': 3, 'num_leaves': 48, 'learning_rate': 0.06590089024008658, 'subsample': 0.6944752870615722, 'colsample_bytree': 0.962566244806993, 'min_child_samples': 88, 'reg_alpha': 1.6465620446426067e-05, 'reg_lambda': 2.4678750890085655e-08}. Best is trial 1 with value: 0.18332830967849997.
[I 2026-06-01 23:32:59,362] Trial 8 finished with value: 0.06497411145475071 and parameters: {'confidence_threshold': 0.6066688256938841, 'training_days': 200, 'n_estimators': 367, 'max_depth': 5, 'num_leaves': 32, 'learning_rate': 0.13377519215934996, 'subsample': 0.7965884582811106, 'colsample_bytree': 0.8458508993500886, 'min_child_samples': 32, 'reg_alpha': 3.889436043816386e-05, 'reg_lambda': 1.4713062489380356e-06}. Best is trial 1 with value: 0.18332830967849997.
