[I 2026-06-01 23:29:46,183] Trial 9 finished with value: -4.078711051685572 and parameters: {'confidence_threshold': 0.7267463643917187, 'training_days': 20, 'n_estimators': 337, 'max_depth': 5, 'num_leaves': 23, 'learning_rate': 0.022153031811454605, 'subsample': 0.6305627572358737, 'colsample_bytree': 0.6613413774216214, 'min_child_samples': 81, 'reg_alpha': 5.7638634029410314e-08, 'reg_lambda': 8.26603016764008}. Best is trial 6 with value: 0.04741818974823121.
[I 2026-06-01 23:29:46,390] Trial 10 finished with value: -4.273730146431115 and parameters: {'confidence_threshold': 0.8283920119574972, 'training_days': 400, 'n_estimators': 240, 'max_depth': 3, 'num_leaves': 62, 'learning_rate': 0.011921022686883517, 'subsample': 0.7130289643560688, 'colsample_bytree': 0.9944479338273263, 'min_child_samples': 54, 'reg_alpha': 6.837313901272251e-05, 'reg_lambda': 2.741063772648371e-05}. Best is trial 6 with value: 0.04741818974823121.
[I 2026-06-01 23:29:46,698] Trial 11 finished with value: 0.06247870487787329 and parameters: {'confidence_threshold': 0.7920556438876994, 'training_days': 500, 'n_estimators': 302, 'max_depth': 4, 'num_leaves': 52, 'learning_rate': 0.0222741777320615, 'subsample': 0.7368222945528539, 'colsample_bytree': 0.5017024210185925, 'min_child_samples': 49, 'reg_alpha': 6.49360670953883, 'reg_lambda': 4.7635623480183335e-08}. Best is trial 11 with value: 0.06247870487787329.
[I 2026-06-01 23:29:47,093] Trial 12 finished with value: 0.03859238042637222 and parameters: {'confidence_threshold': 0.8016884727846801, 'training_days': 380, 'n_estimators': 490, 'max_depth': 4, 'num_leaves': 53, 'learning_rate': 0.015793572120547012, 'subsample': 0.7442931454776957, 'colsample_bytree': 0.5170921355329543, 'min_child_samples': 55, 'reg_alpha': 0.00010777713263710949, 'reg_lambda': 2.6568409844476672e-06}. Best is trial 11 with value: 0.06247870487787329.
[I 2026-06-01 23:29:47,373] Trial 13 finished with value: 0.0270802514099327 and parameters: {'confidence_threshold': 0.782542806393245, 'training_days': 490, 'n_estimators': 286, 'max_depth': 4, 'num_leaves': 52, 'learning_rate': 0.025928125322233722, 'subsample': 0.6820958591045039, 'colsample_bytree': 0.633238312765511, 'min_child_samples': 48, 'reg_alpha': 0.008761395206258751, 'reg_lambda': 1.6804179285679327e-06}. Best is trial 11 with value: 0.06247870487787329.
[I 2026-06-01 23:29:47,511] Trial 14 finished with value: 0.018896110156160228 and parameters: {'confidence_threshold': 0.6426083220760456, 'training_days': 380, 'n_estimators': 197, 'max_depth': 3, 'num_leaves': 17, 'learning_rate': 0.01862434997907136, 'subsample': 0.7851487748866213, 'colsample_bytree': 0.5017159870858336, 'min_child_samples': 67, 'reg_alpha': 1.1551822108194917e-05, 'reg_lambda': 0.0056940871571063735}. Best is trial 11 with value: 0.06247870487787329.
[I 2026-06-01 23:29:47,754] Trial 15 finished with value: 0.13123836957493276 and parameters: {'confidence_threshold': 0.7594279795954488, 'training_days': 430, 'n_estimators': 282, 'max_depth': 3, 'num_leaves': 49, 'learning_rate': 0.010003772079214188, 'subsample': 0.960914876027716, 'colsample_bytree': 0.6287136434110853, 'min_child_samples': 24, 'reg_alpha': 0.02050327855108877, 'reg_lambda': 0.0013467843257158065}. Best is trial 15 with value: 0.13123836957493276.
[I 2026-06-01 23:29:48,133] Trial 16 finished with value: -0.0963565978913206 and parameters: {'confidence_threshold': 0.7643075359322464, 'training_days': 340, 'n_estimators': 327, 'max_depth': 4, 'num_leaves': 51, 'learning_rate': 0.010097927027654911, 'subsample': 0.9705824046577279, 'colsample_bytree': 0.602923998931384, 'min_child_samples': 20, 'reg_alpha': 0.051840385867515264, 'reg_lambda': 0.000855876310048679}. Best is trial 15 with value: 0.13123836957493276.
[I 2026-06-01 23:29:48,293] Trial 17 finished with value: -3.831918919520065 and parameters: {'confidence_threshold': 0.8394602205100871, 'training_days': 220, 'n_estimators': 177, 'max_depth': 3, 'num_leaves': 62, 'learning_rate': 0.014399917848714062, 'subsample': 0.9250549895825118, 'colsample_bytree': 0.7142219102330146, 'min_child_samples': 22, 'reg_alpha': 7.484328022519587, 'reg_lambda': 0.001950722139876065}. Best is trial 15 with value: 0.13123836957493276.

    [CV fold 2] train_end=2023-04-21 00:00 | val_start=2023-04-28 16:00 | gap=184h (22 rows)
    [CV fold 3] train_end=2023-08-19 08:00 | val_start=2023-08-27 00:00 | gap=184h (22 rows)
    [CV fold 4] train_end=2023-12-17 16:00 | val_start=2023-12-25 08:00 | gap=184h (22 rows)
    [trial 0] Sharpe=-0.0598 (folds: -0.1557, -0.1046, -0.1756, -0.0273, 0.1641)
    [trial 1] 49 features, training_days=220 | threshold=0.755 | labels: 1120 long, 1051 short (52/48%)
    [trial 1] Sharpe=-0.1732 (folds: -1.0545, 0.1681, -0.1325, -0.3871, 0.5400)
    [trial 2] 49 features, training_days=310 | threshold=0.754 | labels: 1120 long, 1051 short (52/48%)
    [trial 2] Sharpe=-0.0495 (folds: -0.2482, -0.2937, 0.1096, -0.2587, 0.4435)
    [trial 3] 49 features, training_days=220 | threshold=0.673 | labels: 1120 long, 1051 short (52/48%)
    [trial 3] Sharpe=-0.0568 (folds: -0.0467, -0.1759, -0.0139, -0.0510, 0.0033)
    [trial 4] 49 features, training_days=130 | threshold=0.803 | labels: 1120 long, 1051 short (52/48%)
    [trial 4] Sharpe=-0.0611 (folds: -0.0568, -0.1089, -0.0043, -0.1397, 0.0040)
    [trial 5] 49 features, training_days=210 | threshold=0.606 | labels: 1120 long, 1051 short (52/48%)
    [trial 5] Sharpe=0.0045 (folds: -0.0625, -0.0076, 0.0247, 0.0280, 0.0396)
    [trial 6] 49 features, training_days=130 | threshold=0.767 | labels: 1120 long, 1051 short (52/48%)
    [trial 6] Sharpe=-0.0348 (folds: -0.1322, -0.0333, 0.0307, -0.1952, 0.1562)
    [trial 7] 49 features, training_days=80 | threshold=0.556 | labels: 1120 long, 1051 short (52/48%)
    [trial 7] Sharpe=-0.0530 (folds: 0.0263, -0.0121, 0.1259, -0.4908, 0.0858)
    [trial 8] 49 features, training_days=200 | threshold=0.607 | labels: 1120 long, 1051 short (52/48%)
    [trial 8] Sharpe=0.0203 (folds: -0.1140, 0.0020, 0.0195, 0.1028, 0.0912)
    [trial 9] 49 features, training_days=260 | threshold=0.620 | labels: 1120 long, 1051 short (52/48%)
    [trial 9] Sharpe=-0.0193 (folds: -0.0605, -0.2670, 0.1389, -0.1554, 0.2476)
    [trial 10] 49 features, training_days=470 | threshold=0.534 | labels: 1120 long, 1051 short (52/48%)
    [trial 10] Sharpe=-0.0197 (folds: -0.1661, -0.2946, 0.1293, -0.1224, 0.3552)
    [trial 11] 49 features, training_days=360 | threshold=0.607 | labels: 1120 long, 1051 short (52/48%)
    [trial 11] Sharpe=-0.0002 (folds: -0.0120, -0.1627, 0.1336, -0.0498, 0.0897)
    [trial 12] 49 features, training_days=20 | threshold=0.618 | labels: 1120 long, 1051 short (52/48%)
    [trial 12] Sharpe=-2.1400 (folds: -0.2283, -0.3067, -10.0000, -0.1366, -0.0287)
    [trial 13] 49 features, training_days=400 | threshold=0.504 | labels: 1120 long, 1051 short (52/48%)
    [trial 13] Sharpe=-0.0195 (folds: -0.0791, -0.1791, 0.0733, -0.1591, 0.2466)
    [trial 14] 49 features, training_days=270 | threshold=0.687 | labels: 1120 long, 1051 short (52/48%)
    [trial 14] Sharpe=-0.0207 (folds: -0.1110, -0.2226, 0.1340, -0.1446, 0.2408)
    [trial 15] 49 features, training_days=190 | threshold=0.670 | labels: 1120 long, 1051 short (52/48%)
    [trial 15] Sharpe=0.0308 (folds: -0.0515, 0.0210, 0.0580, 0.0042, 0.1221)
    [trial 16] 49 features, training_days=170 | threshold=0.686 | labels: 1120 long, 1051 short (52/48%)
    [trial 16] Sharpe=0.0103 (folds: -0.0722, 0.0285, -0.0559, 0.0922, 0.0590)
    [trial 17] 49 features, training_days=70 | threshold=0.666 | labels: 1120 long, 1051 short (52/48%)
    [trial 17] Sharpe=-0.0336 (folds: 0.0365, 0.0250, 0.0623, -0.3766, 0.0851)
  Optuna: 18 trials, best Sharpe = 0.0308
  Best params: n_estimators=436, max_depth=5, lr=0.1646, leaves=62
  Best confidence_threshold: 0.670
  Best training_days: 190
  Retrained on full data (570 samples, 49 features)
  [ensemble 3/3] seed=456
    [trial 0] 49 features, training_days=90 | threshold=0.587 | labels: 1120 long, 1051 short (52/48%)
    [CV fold 0] train_end=2022-08-23 08:00 | val_start=2022-08-31 00:00 | gap=184h (22 rows)
    [CV fold 1] train_end=2022-12-21 16:00 | val_start=2022-12-29 08:00 | gap=184h (22 rows)
    [CV fold 2] train_end=2023-04-21 00:00 | val_start=2023-04-28 16:00 | gap=184h (22 rows)
    [CV fold 3] train_end=2023-08-19 08:00 | val_start=2023-08-27 00:00 | gap=184h (22 rows)
    [CV fold 4] train_end=2023-12-17 16:00 | val_start=2023-12-25 08:00 | gap=184h (22 rows)
    [trial 0] Sharpe=0.0088 (folds: 0.0234, -0.0116, 0.1098, -0.2689, 0.1913)
    [trial 1] 49 features, training_days=290 | threshold=0.635 | labels: 1120 long, 1051 short (52/48%)
    [trial 1] Sharpe=-0.0340 (folds: -0.1419, -0.2764, 0.0888, -0.0346, 0.1939)
    [trial 2] 49 features, training_days=10 | threshold=0.585 | labels: 1120 long, 1051 short (52/48%)
    [trial 2] Sharpe=-2.1036 (folds: -0.2283, -0.3067, 0.1537, -0.1366, -10.0000)
    [trial 3] 49 features, training_days=220 | threshold=0.687 | labels: 1120 long, 1051 short (52/48%)
    [trial 3] Sharpe=0.0363 (folds: -0.1556, -0.1031, 0.1848, -0.0103, 0.2657)
    [trial 4] 49 features, training_days=300 | threshold=0.562 | labels: 1120 long, 1051 short (52/48%)
    [trial 4] Sharpe=-0.0708 (folds: -0.2537, -0.2595, 0.1393, -0.2828, 0.3029)
    [trial 5] 49 features, training_days=490 | threshold=0.711 | labels: 1120 long, 1051 short (52/48%)
    [trial 5] Sharpe=0.0415 (folds: -0.0962, -0.2361, 0.1876, -0.0535, 0.4055)
    [trial 6] 49 features, training_days=420 | threshold=0.667 | labels: 1120 long, 1051 short (52/48%)
    [trial 6] Sharpe=0.0474 (folds: -0.0904, -0.2553, 0.2152, -0.1411, 0.5088)
    [trial 7] 49 features, training_days=120 | threshold=0.550 | labels: 1120 long, 1051 short (52/48%)
    [trial 7] Sharpe=-0.0344 (folds: -0.0438, -0.0879, 0.0393, -0.1448, 0.0653)
    [trial 8] 49 features, training_days=450 | threshold=0.720 | labels: 1120 long, 1051 short (52/48%)
    [trial 8] Sharpe=0.0130 (folds: -0.1068, -0.1791, 0.0664, -0.1479, 0.4323)
    [trial 9] 49 features, training_days=20 | threshold=0.727 | labels: 1120 long, 1051 short (52/48%)
    [trial 9] Sharpe=-4.0787 (folds: -0.2283, -10.0000, -10.0000, -0.1366, -0.0287)
    [trial 10] 49 features, training_days=400 | threshold=0.828 | labels: 1120 long, 1051 short (52/48%)
    [trial 10] Sharpe=-4.2737 (folds: -0.8856, -0.1132, -10.0000, -0.3699, -10.0000)
    [trial 11] 49 features, training_days=500 | threshold=0.792 | labels: 1120 long, 1051 short (52/48%)
    [trial 11] Sharpe=0.0625 (folds: -0.3112, -0.1914, 0.4165, -0.0762, 0.4746)
    [trial 12] 49 features, training_days=380 | threshold=0.802 | labels: 1120 long, 1051 short (52/48%)
    [trial 12] Sharpe=0.0386 (folds: -0.2067, -0.2288, 0.4890, -0.2293, 0.3688)
    [trial 13] 49 features, training_days=490 | threshold=0.783 | labels: 1120 long, 1051 short (52/48%)
    [trial 13] Sharpe=0.0271 (folds: -0.1696, -0.2372, 0.2207, -0.1682, 0.4897)
    [trial 14] 49 features, training_days=380 | threshold=0.643 | labels: 1120 long, 1051 short (52/48%)
    [trial 14] Sharpe=0.0189 (folds: -0.2308, -0.2673, 0.3431, -0.1306, 0.3801)
    [trial 15] 49 features, training_days=430 | threshold=0.759 | labels: 1120 long, 1051 short (52/48%)
    [trial 15] Sharpe=0.1312 (folds: -0.4820, -0.2312, 0.5884, 0.1795, 0.6015)
    [trial 16] 49 features, training_days=340 | threshold=0.764 | labels: 1120 long, 1051 short (52/48%)
    [trial 16] Sharpe=-0.0964 (folds: -0.3404, -0.2253, -0.0812, -0.2159, 0.3811)
    [trial 17] 49 features, training_days=220 | threshold=0.839 | labels: 1120 long, 1051 short (52/48%)
    [trial 17] Sharpe=-3.8319 (folds: -10.0000, 0.2436, -10.0000, -0.1459, 0.7427)
  Optuna: 18 trials, best Sharpe = 0.1312
  Best params: n_estimators=282, max_depth=3, lr=0.0100, leaves=49
  Best confidence_threshold: 0.759
  Best training_days: 430
  Retrained on full data (1290 samples, 49 features)
  OOD: 16 features, cutoff (q=0.7) = 14.30
  Model trained for 2024-05: 93 test candles with features, confidence_threshold=0.739
[predict] 2024-05-10 16:00 LTCUSDT → LONG (proba=0.77 TP=8.8%/SL=4.4%)
[trade:open] 2024-05-10 23:59 LTCUSDT LONG @ 80.18 | SL=76.63 TP=87.27 | timeout=2024-05-17 23:59
[trade:close] 2024-05-18 00:00 LTCUSDT LONG → timeout @ 84.12 | PnL=+4.91% (net +4.81%) | cum=+117.02% 2024-05=+4.81% 2024-05-18=+4.81%[I 2026-06-01 23:29:48,989] A new study created in memory with name: no-name-4cfdfa60-eab8-4e6d-9df5-f68bc309f848
[I 2026-06-01 23:29:49,371] Trial 0 finished with value: 0.14217525379311788 and parameters: {'confidence_threshold': 0.6310890415965769, 'training_days': 480, 'n_estimators': 380, 'max_depth': 4, 'num_leaves': 22, 'learning_rate': 0.01699897838270077, 'subsample': 0.5290418060840998, 'colsample_bytree': 0.9330880728874675, 'min_child_samples': 68, 'reg_alpha': 0.023585940584142682, 'reg_lambda': 1.5320059381854043e-08}. Best is trial 0 with value: 0.14217525379311788.
[I 2026-06-01 23:29:49,511] Trial 1 finished with value: -1.812083155027734 and parameters: {'confidence_threshold': 0.839468448256698, 'training_days': 420, 'n_estimators': 145, 'max_depth': 3, 'num_leaves': 23, 'learning_rate': 0.028145092716060652, 'subsample': 0.762378215816119, 'colsample_bytree': 0.7159725093210578, 'min_child_samples': 43, 'reg_alpha': 0.0032112643094417484, 'reg_lambda': 1.8007140198129195e-07}. Best is trial 0 with value: 0.14217525379311788.
[I 2026-06-01 23:29:49,687] Trial 2 finished with value: 0.06326550690862975 and parameters: {'confidence_threshold': 0.6022506269873263, 'training_days': 190, 'n_estimators': 255, 'max_depth': 5, 'num_leaves': 24, 'learning_rate': 0.05748924681991978, 'subsample': 0.7962072844310213, 'colsample_bytree': 0.5232252063599989, 'min_child_samples': 69, 'reg_alpha': 3.425445902633376e-07, 'reg_lambda': 3.850031979199519e-08}. Best is trial 0 with value: 0.14217525379311788.
[I 2026-06-01 23:29:49,998] Trial 3 finished with value: 0.17571647446539468 and parameters: {'confidence_threshold': 0.8321099380386666, 'training_days': 490, 'n_estimators': 414, 'max_depth': 3, 'num_leaves': 19, 'learning_rate': 0.1024932221692416, 'subsample': 0.7200762468698007, 'colsample_bytree': 0.5610191174223894, 'min_child_samples': 60, 'reg_alpha': 2.039373116525212e-08, 'reg_lambda': 1.527156759251193}. Best is trial 3 with value: 0.17571647446539468.
[I 2026-06-01 23:29:50,179] Trial 4 finished with value: 0.10023462088504158 and parameters: {'confidence_threshold': 0.5905729935600059, 'training_days': 340, 'n_estimators': 190, 'max_depth': 4, 'num_leaves': 41, 'learning_rate': 0.01875220945578641, 'subsample': 0.9847923138822793, 'colsample_bytree': 0.8875664116805573, 'min_child_samples': 96, 'reg_alpha': 1.1309571585271483, 'reg_lambda': 0.002404915432737351}. Best is trial 3 with value: 0.17571647446539468.
[I 2026-06-01 23:29:50,224] Trial 5 finished with value: 0.09501392460041529 and parameters: {'confidence_threshold': 0.8226559822580909, 'training_days': 50, 'n_estimators': 138, 'max_depth': 3, 'num_leaves': 30, 'learning_rate': 0.03750796359625606, 'subsample': 0.6356745158869479, 'colsample_bytree': 0.9143687545759647, 'min_child_samples': 48, 'reg_alpha': 3.376063348877853e-06, 'reg_lambda': 0.0007660634613082914}. Best is trial 3 with value: 0.17571647446539468.
[I 2026-06-01 23:29:50,343] Trial 6 finished with value: 0.1269526668302988 and parameters: {'confidence_threshold': 0.5493234787411669, 'training_days': 410, 'n_estimators': 83, 'max_depth': 5, 'num_leaves': 52, 'learning_rate': 0.019657448966046126, 'subsample': 0.5027610585618012, 'colsample_bytree': 0.9077307142274171, 'min_child_samples': 77, 'reg_alpha': 0.03639690979811287, 'reg_lambda': 0.08738424135626986}. Best is trial 3 with value: 0.17571647446539468.
[I 2026-06-01 23:29:50,449] Trial 7 finished with value: 0.04747426600730923 and parameters: {'confidence_threshold': 0.5259156281069316, 'training_days': 180, 'n_estimators': 102, 'max_depth': 5, 'num_leaves': 45, 'learning_rate': 0.030816017044468066, 'subsample': 0.5317791751430119, 'colsample_bytree': 0.6554911608578311, 'min_child_samples': 46, 'reg_alpha': 0.036851536911881845, 'reg_lambda': 0.005470376807480391}. Best is trial 3 with value: 0.17571647446539468.
[I 2026-06-01 23:29:50,567] Trial 8 finished with value: 0.15977062339288137 and parameters: {'confidence_threshold': 0.8105244599017143, 'training_days': 240, 'n_estimators': 103, 'max_depth': 5, 'num_leaves': 52, 'learning_rate': 0.06746437142284309, 'subsample': 0.8854835899772805, 'colsample_bytree': 0.7468977981821954, 'min_child_samples': 62, 'reg_alpha': 7.04480806377519e-05, 'reg_lambda': 1.6934490731313353e-08}. Best is trial 3 with value: 0.17571647446539468.
[I 2026-06-01 23:29:50,599] Trial 9 finished with value: -0.10355461522277624 and parameters: {'confidence_threshold': 0.5377619994476566, 'training_days': 20, 'n_estimators': 337, 'max_depth': 3, 'num_leaves': 39, 'learning_rate': 0.21907142272152816, 'subsample': 0.6246461145744375, 'colsample_bytree': 0.7051914615178149, 'min_child_samples': 81, 'reg_alpha': 1.1459970229341322e-06, 'reg_lambda': 4.929685216887945e-08}. Best is trial 3 with value: 0.17571647446539468.
[I 2026-06-01 23:29:51,127] Trial 10 finished with value: 0.14437009979836432 and parameters: {'confidence_threshold': 0.7301111584710253, 'training_days': 350, 'n_estimators': 487, 'max_depth': 4, 'num_leaves': 15, 'learning_rate': 0.1457937958927628, 'subsample': 0.6806559982209046, 'colsample_bytree': 0.5055805119629307, 'min_child_samples': 27, 'reg_alpha': 1.290626345465208e-08, 'reg_lambda': 8.530248590348572}. Best is trial 3 with value: 0.17571647446539468.
[I 2026-06-01 23:29:51,474] Trial 11 finished with value: 0.1200382277891553 and parameters: {'confidence_threshold': 0.7615879655568232, 'training_days': 240, 'n_estimators': 496, 'max_depth': 4, 'num_leaves': 60, 'learning_rate': 0.08372255848813177, 'subsample': 0.8838129988503957, 'colsample_bytree': 0.6079180203564428, 'min_child_samples': 56, 'reg_alpha': 5.144645431489937e-05, 'reg_lambda': 7.868729181011707e-06}. Best is trial 3 with value: 0.17571647446539468.
[I 2026-06-01 23:29:51,689] Trial 12 finished with value: 0.08499866966782885 and parameters: {'confidence_threshold': 0.7700824501399284, 'training_days': 120, 'n_estimators': 398, 'max_depth': 3, 'num_leaves': 60, 'learning_rate': 0.09894162917596783, 'subsample': 0.8361663661711445, 'colsample_bytree': 0.8021952322344101, 'min_child_samples': 30, 'reg_alpha': 1.2422832796199298e-08, 'reg_lambda': 4.931237356704141e-06}. Best is trial 3 with value: 0.17571647446539468.
[I 2026-06-01 23:29:51,991] Trial 13 finished with value: 0.10459013029385966 and parameters: {'confidence_threshold': 0.694422166807498, 'training_days': 300, 'n_estimators': 258, 'max_depth': 5, 'num_leaves': 52, 'learning_rate': 0.26425410571940877, 'subsample': 0.929837024528131, 'colsample_bytree': 0.8035748095627873, 'min_child_samples': 59, 'reg_alpha': 7.508209479212375e-05, 'reg_lambda': 6.4252658050441624}. Best is trial 3 with value: 0.17571647446539468.
[I 2026-06-01 23:29:52,399] Trial 14 finished with value: 0.1655854557517702 and parameters: {'confidence_threshold': 0.7871652886153421, 'training_days': 500, 'n_estimators': 315, 'max_depth': 4, 'num_leaves': 33, 'learning_rate': 0.06371316850921271, 'subsample': 0.7079135303253503, 'colsample_bytree': 0.5900256410354967, 'min_child_samples': 87, 'reg_alpha': 6.243069797304175, 'reg_lambda': 0.1630740047818842}. Best is trial 3 with value: 0.17571647446539468.
[I 2026-06-01 23:29:52,724] Trial 15 finished with value: -3.8605807343456133 and parameters: {'confidence_threshold': 0.7775952481140708, 'training_days': 500, 'n_estimators': 325, 'max_depth': 3, 'num_leaves': 32, 'learning_rate': 0.010312469746998797, 'subsample': 0.7026260583981011, 'colsample_bytree': 0.5861949180133772, 'min_child_samples': 99, 'reg_alpha': 1.391021003769891, 'reg_lambda': 0.15772247210887175}. Best is trial 3 with value: 0.17571647446539468.
[I 2026-06-01 23:29:53,065] Trial 16 finished with value: 0.1272690023595136 and parameters: {'confidence_threshold': 0.695815704131771, 'training_days': 410, 'n_estimators': 425, 'max_depth': 4, 'num_leaves': 16, 'learning_rate': 0.13969082838117072, 'subsample': 0.713173333047047, 'colsample_bytree': 0.5761387305011832, 'min_child_samples': 84, 'reg_alpha': 3.751800302727771, 'reg_lambda': 0.3099780724907498}. Best is trial 3 with value: 0.17571647446539468.
[I 2026-06-01 23:29:53,292] Trial 17 finished with value: 0.24802482563456066 and parameters: {'confidence_threshold': 0.8458650295109137, 'training_days': 450, 'n_estimators': 303, 'max_depth': 3, 'num_leaves': 31, 'learning_rate': 0.04302553031342478, 'subsample': 0.6006818104614414, 'colsample_bytree': 0.6505152466626335, 'min_child_samples': 89, 'reg_alpha': 0.0021301310173738176, 'reg_lambda': 0.01864421203585669}. Best is trial 17 with value: 0.24802482563456066.
[I 2026-06-01 23:29:53,657] A new study created in memory with name: no-name-e5eda019-a77d-494c-8e26-112c6002d19a
