[I 2026-06-01 23:30:00,625] Trial 11 finished with value: 0.07612875914954875 and parameters: {'confidence_threshold': 0.7766282449189577, 'training_days': 190, 'n_estimators': 186, 'max_depth': 3, 'num_leaves': 58, 'learning_rate': 0.029354876456257728, 'subsample': 0.7459055835274097, 'colsample_bytree': 0.8016610248739169, 'min_child_samples': 100, 'reg_alpha': 2.3530491583503867e-05, 'reg_lambda': 7.067893525937578}. Best is trial 8 with value: 0.17319886104184232.
[I 2026-06-01 23:30:00,913] Trial 12 finished with value: 0.1443400765886234 and parameters: {'confidence_threshold': 0.7449212105048096, 'training_days': 220, 'n_estimators': 490, 'max_depth': 4, 'num_leaves': 54, 'learning_rate': 0.01924681962976845, 'subsample': 0.9912016966112274, 'colsample_bytree': 0.6646287431572568, 'min_child_samples': 85, 'reg_alpha': 8.85890496668e-06, 'reg_lambda': 0.0043762371699676405}. Best is trial 8 with value: 0.17319886104184232.
[I 2026-06-01 23:30:01,085] Trial 13 finished with value: 0.1646355067028958 and parameters: {'confidence_threshold': 0.674016069087747, 'training_days': 370, 'n_estimators': 190, 'max_depth': 4, 'num_leaves': 52, 'learning_rate': 0.04144677730363681, 'subsample': 0.6795590770167038, 'colsample_bytree': 0.7477878654225999, 'min_child_samples': 90, 'reg_alpha': 0.0013950587799583445, 'reg_lambda': 0.020982782052301665}. Best is trial 8 with value: 0.17319886104184232.
[I 2026-06-01 23:30:01,295] Trial 14 finished with value: 0.12820060384102816 and parameters: {'confidence_threshold': 0.6357412221873178, 'training_days': 380, 'n_estimators': 237, 'max_depth': 4, 'num_leaves': 52, 'learning_rate': 0.1126135590793258, 'subsample': 0.6724915871124546, 'colsample_bytree': 0.6122042522489387, 'min_child_samples': 69, 'reg_alpha': 0.0027083351662243967, 'reg_lambda': 0.014305220410102475}. Best is trial 8 with value: 0.17319886104184232.
[I 2026-06-01 23:30:01,529] Trial 15 finished with value: 0.192242726902028 and parameters: {'confidence_threshold': 0.7829525506318393, 'training_days': 500, 'n_estimators': 280, 'max_depth': 4, 'num_leaves': 62, 'learning_rate': 0.04590913410302984, 'subsample': 0.5095075980971637, 'colsample_bytree': 0.502925720040233, 'min_child_samples': 88, 'reg_alpha': 0.002133995302102601, 'reg_lambda': 2.582339790441249e-06}. Best is trial 15 with value: 0.192242726902028.
[I 2026-06-01 23:30:01,813] Trial 16 finished with value: -7.982456943653455 and parameters: {'confidence_threshold': 0.8490837213714693, 'training_days': 500, 'n_estimators': 304, 'max_depth': 4, 'num_leaves': 62, 'learning_rate': 0.010272066884449784, 'subsample': 0.5089405173205673, 'colsample_bytree': 0.5094684644014628, 'min_child_samples': 54, 'reg_alpha': 0.06567084575118474, 'reg_lambda': 3.178317487349024e-06}. Best is trial 15 with value: 0.192242726902028.
[I 2026-06-01 23:30:02,112] Trial 17 finished with value: 0.15183654876577732 and parameters: {'confidence_threshold': 0.7873735958410488, 'training_days': 450, 'n_estimators': 426, 'max_depth': 4, 'num_leaves': 18, 'learning_rate': 0.096550781070941, 'subsample': 0.5744928429638737, 'colsample_bytree': 0.5029463372166628, 'min_child_samples': 89, 'reg_alpha': 3.373428514409835e-06, 'reg_lambda': 1.7282871767632007e-06}. Best is trial 15 with value: 0.192242726902028.

    [trial 2] 49 features, training_days=310 | threshold=0.754 | labels: 1147 long, 1024 short (53/47%)
    [trial 2] Sharpe=0.1024 (folds: 0.0406, 0.3262, -0.0060, -0.1154, 0.2665)
    [trial 3] 49 features, training_days=220 | threshold=0.673 | labels: 1147 long, 1024 short (53/47%)
    [trial 3] Sharpe=0.0450 (folds: 0.0404, 0.0434, -0.0522, 0.0621, 0.1316)
    [trial 4] 49 features, training_days=130 | threshold=0.803 | labels: 1147 long, 1024 short (53/47%)
    [trial 4] Sharpe=0.1258 (folds: 0.2253, -0.0381, 0.2680, -0.1474, 0.3211)
    [trial 5] 49 features, training_days=210 | threshold=0.606 | labels: 1147 long, 1024 short (53/47%)
    [trial 5] Sharpe=0.1074 (folds: 0.1460, 0.1688, 0.0806, 0.0110, 0.1305)
    [trial 6] 49 features, training_days=130 | threshold=0.767 | labels: 1147 long, 1024 short (53/47%)
    [trial 6] Sharpe=0.0632 (folds: 0.0023, -0.0338, 0.0924, 0.0313, 0.2238)
    [trial 7] 49 features, training_days=80 | threshold=0.556 | labels: 1147 long, 1024 short (53/47%)
    [trial 7] Sharpe=0.1046 (folds: 0.2115, -0.0007, 0.0088, -0.0433, 0.3465)
    [trial 8] 49 features, training_days=200 | threshold=0.607 | labels: 1147 long, 1024 short (53/47%)
    [trial 8] Sharpe=0.0604 (folds: 0.1058, 0.0501, -0.0553, 0.0386, 0.1626)
    [trial 9] 49 features, training_days=260 | threshold=0.620 | labels: 1147 long, 1024 short (53/47%)
    [trial 9] Sharpe=0.1177 (folds: 0.2056, 0.2114, 0.0158, -0.0662, 0.2217)
    [trial 10] 49 features, training_days=470 | threshold=0.845 | labels: 1147 long, 1024 short (53/47%)
    [trial 10] Sharpe=-1.6040 (folds: -10.0000, 0.6723, 0.3927, 0.2347, 0.6802)
    [trial 11] 49 features, training_days=20 | threshold=0.837 | labels: 1147 long, 1024 short (53/47%)
    [trial 11] Sharpe=-10.0000 (folds: -10.0000, -10.0000, -10.0000, -10.0000, -10.0000)
    [trial 12] 49 features, training_days=360 | threshold=0.715 | labels: 1147 long, 1024 short (53/47%)
    [trial 12] Sharpe=0.1246 (folds: 0.1326, 0.2330, 0.0223, -0.0356, 0.2707)
    [trial 13] 49 features, training_days=370 | threshold=0.700 | labels: 1147 long, 1024 short (53/47%)
    [trial 13] Sharpe=0.1062 (folds: 0.1100, 0.2460, 0.0089, -0.0413, 0.2074)
    [trial 14] 49 features, training_days=390 | threshold=0.804 | labels: 1147 long, 1024 short (53/47%)
    [trial 14] Sharpe=0.1122 (folds: 0.0872, 0.3291, -0.0296, -0.0685, 0.2425)
    [trial 15] 49 features, training_days=490 | threshold=0.688 | labels: 1147 long, 1024 short (53/47%)
    [trial 15] Sharpe=0.1680 (folds: 0.1412, 0.2983, 0.0160, -0.0352, 0.4196)
    [trial 16] 49 features, training_days=500 | threshold=0.660 | labels: 1147 long, 1024 short (53/47%)
    [trial 16] Sharpe=0.1462 (folds: 0.1522, 0.2125, 0.0185, -0.0844, 0.4320)
    [trial 17] 49 features, training_days=490 | threshold=0.500 | labels: 1147 long, 1024 short (53/47%)
    [trial 17] Sharpe=0.1074 (folds: 0.1345, 0.2306, 0.0072, -0.1170, 0.2817)
  Optuna: 18 trials, best Sharpe = 0.1680
  Best params: n_estimators=463, max_depth=5, lr=0.0536, leaves=56
  Best confidence_threshold: 0.688
  Best training_days: 490
  Retrained on full data (1470 samples, 49 features)
  [ensemble 3/3] seed=456
    [trial 0] 49 features, training_days=90 | threshold=0.587 | labels: 1147 long, 1024 short (53/47%)
    [CV fold 0] train_end=2022-09-23 08:00 | val_start=2022-10-01 00:00 | gap=184h (22 rows)
    [CV fold 1] train_end=2023-01-21 16:00 | val_start=2023-01-29 08:00 | gap=184h (22 rows)
    [CV fold 2] train_end=2023-05-22 00:00 | val_start=2023-05-29 16:00 | gap=184h (22 rows)
    [CV fold 3] train_end=2023-09-19 08:00 | val_start=2023-09-27 00:00 | gap=184h (22 rows)
    [CV fold 4] train_end=2024-01-17 16:00 | val_start=2024-01-25 08:00 | gap=184h (22 rows)
    [trial 0] Sharpe=0.1322 (folds: 0.1935, -0.0414, 0.2276, 0.0384, 0.2429)
    [trial 1] 49 features, training_days=290 | threshold=0.635 | labels: 1147 long, 1024 short (53/47%)
    [trial 1] Sharpe=0.1131 (folds: 0.1198, 0.2511, 0.0190, -0.1780, 0.3536)
    [trial 2] 49 features, training_days=10 | threshold=0.585 | labels: 1147 long, 1024 short (53/47%)
    [trial 2] Sharpe=-0.0788 (folds: -0.3951, 0.0242, 0.1233, -0.0985, -0.0477)
    [trial 3] 49 features, training_days=220 | threshold=0.687 | labels: 1147 long, 1024 short (53/47%)
    [trial 3] Sharpe=0.1555 (folds: 0.2504, 0.2050, 0.0784, -0.0508, 0.2947)
    [trial 4] 49 features, training_days=300 | threshold=0.562 | labels: 1147 long, 1024 short (53/47%)
    [trial 4] Sharpe=0.0881 (folds: 0.0312, 0.1369, 0.0580, -0.0733, 0.2875)
    [trial 5] 49 features, training_days=490 | threshold=0.711 | labels: 1147 long, 1024 short (53/47%)
    [trial 5] Sharpe=0.1495 (folds: 0.0867, 0.2791, 0.0433, -0.0404, 0.3788)
    [trial 6] 49 features, training_days=420 | threshold=0.667 | labels: 1147 long, 1024 short (53/47%)
    [trial 6] Sharpe=0.1521 (folds: 0.1653, 0.2854, -0.0295, -0.0410, 0.3805)
    [trial 7] 49 features, training_days=120 | threshold=0.550 | labels: 1147 long, 1024 short (53/47%)
    [trial 7] Sharpe=0.1076 (folds: 0.1683, 0.0032, 0.1845, -0.0659, 0.2480)
    [trial 8] 49 features, training_days=450 | threshold=0.720 | labels: 1147 long, 1024 short (53/47%)
    [trial 8] Sharpe=0.1732 (folds: 0.2530, 0.3641, 0.0031, -0.1157, 0.3616)
    [trial 9] 49 features, training_days=20 | threshold=0.727 | labels: 1147 long, 1024 short (53/47%)
    [trial 9] Sharpe=-6.0742 (folds: -0.3951, 0.0242, -10.0000, -10.0000, -10.0000)
    [trial 10] 49 features, training_days=400 | threshold=0.828 | labels: 1147 long, 1024 short (53/47%)
    [trial 10] Sharpe=-3.9155 (folds: -10.0000, 0.4638, 0.0975, -0.1387, -10.0000)
    [trial 11] 49 features, training_days=190 | threshold=0.777 | labels: 1147 long, 1024 short (53/47%)
    [trial 11] Sharpe=0.0761 (folds: 0.0701, 0.0432, 0.0229, 0.0125, 0.2320)
    [trial 12] 49 features, training_days=220 | threshold=0.745 | labels: 1147 long, 1024 short (53/47%)
    [trial 12] Sharpe=0.1443 (folds: 0.1162, 0.2130, 0.0910, -0.0344, 0.3359)
    [trial 13] 49 features, training_days=370 | threshold=0.674 | labels: 1147 long, 1024 short (53/47%)
    [trial 13] Sharpe=0.1646 (folds: 0.1844, 0.3165, -0.0762, -0.0127, 0.4111)
    [trial 14] 49 features, training_days=380 | threshold=0.636 | labels: 1147 long, 1024 short (53/47%)
    [trial 14] Sharpe=0.1282 (folds: 0.1566, 0.2583, 0.0213, -0.0088, 0.2136)
    [trial 15] 49 features, training_days=500 | threshold=0.783 | labels: 1147 long, 1024 short (53/47%)
    [trial 15] Sharpe=0.1922 (folds: 0.1231, 0.3713, -0.0352, 0.0395, 0.4625)
    [trial 16] 49 features, training_days=500 | threshold=0.849 | labels: 1147 long, 1024 short (53/47%)
    [trial 16] Sharpe=-7.9825 (folds: -10.0000, -10.0000, 0.0877, -10.0000, -10.0000)
    [trial 17] 49 features, training_days=450 | threshold=0.787 | labels: 1147 long, 1024 short (53/47%)
    [trial 17] Sharpe=0.1518 (folds: 0.1972, 0.3320, -0.0097, -0.1308, 0.3704)
  Optuna: 18 trials, best Sharpe = 0.1922
  Best params: n_estimators=280, max_depth=4, lr=0.0459, leaves=62
  Best confidence_threshold: 0.783
  Best training_days: 500
  Retrained on full data (1500 samples, 49 features)
  OOD: 16 features, cutoff (q=0.7) = 14.28
  Model trained for 2024-06: 90 test candles with features, confidence_threshold=0.772
[trade:close] 2024-06-04 16:00 LTCUSDT LONG → timeout @ 82.77 | PnL=-0.33% (net -0.43%) | cum=+116.60% 2024-06=-0.43% 2024-06-04=-0.43%
[predict] 2024-06-07 08:00 LTCUSDT → LONG (proba=0.80 TP=5.4%/SL=2.7%)
[trade:open] 2024-06-07 15:59 LTCUSDT LONG @ 83.62 | SL=81.38 TP=88.11 | timeout=2024-06-14 15:59
[trade:close] 2024-06-07 23:59 LTCUSDT LONG → stop_loss @ 81.38 | PnL=-2.68% (net -2.78%) | cum=+113.81% 2024-06=-3.21% 2024-06-07=-2.78%
[predict] 2024-06-10 00:00 LTCUSDT → SHORT (proba=0.81 TP=6.5%/SL=3.2%)
[trade:open] 2024-06-10 07:59 LTCUSDT SHORT @ 79.20 | SL=81.76 TP=74.08 | timeout=2024-06-17 07:59
[trade:close] 2024-06-17 08:00 LTCUSDT SHORT → timeout @ 78.17 | PnL=+1.30% (net +1.20%) | cum=+115.01% 2024-06=-2.01% 2024-06-17=+1.20%
[predict] 2024-06-19 00:00 LTCUSDT → LONG (proba=0.91 TP=10.3%/SL=5.2%)
[trade:open] 2024-06-19 07:59 LTCUSDT LONG @ 73.98 | SL=70.16 TP=81.62 | timeout=2024-06-26 07:59[I 2026-06-01 23:30:02,792] A new study created in memory with name: no-name-cbc80a9f-e0fc-417c-93f8-f0705e7236b9
[I 2026-06-01 23:30:03,165] Trial 0 finished with value: 0.06836262604269785 and parameters: {'confidence_threshold': 0.6310890415965769, 'training_days': 480, 'n_estimators': 380, 'max_depth': 4, 'num_leaves': 22, 'learning_rate': 0.01699897838270077, 'subsample': 0.5290418060840998, 'colsample_bytree': 0.9330880728874675, 'min_child_samples': 68, 'reg_alpha': 0.023585940584142682, 'reg_lambda': 1.5320059381854043e-08}. Best is trial 0 with value: 0.06836262604269785.
[I 2026-06-01 23:30:03,302] Trial 1 finished with value: 0.2897606479038324 and parameters: {'confidence_threshold': 0.839468448256698, 'training_days': 420, 'n_estimators': 145, 'max_depth': 3, 'num_leaves': 23, 'learning_rate': 0.028145092716060652, 'subsample': 0.762378215816119, 'colsample_bytree': 0.7159725093210578, 'min_child_samples': 43, 'reg_alpha': 0.0032112643094417484, 'reg_lambda': 1.8007140198129195e-07}. Best is trial 1 with value: 0.2897606479038324.
[I 2026-06-01 23:30:03,493] Trial 2 finished with value: 0.01862317641135846 and parameters: {'confidence_threshold': 0.6022506269873263, 'training_days': 190, 'n_estimators': 255, 'max_depth': 5, 'num_leaves': 24, 'learning_rate': 0.05748924681991978, 'subsample': 0.7962072844310213, 'colsample_bytree': 0.5232252063599989, 'min_child_samples': 69, 'reg_alpha': 3.425445902633376e-07, 'reg_lambda': 3.850031979199519e-08}. Best is trial 1 with value: 0.2897606479038324.
[I 2026-06-01 23:30:03,792] Trial 3 finished with value: 0.09820038526970673 and parameters: {'confidence_threshold': 0.8321099380386666, 'training_days': 490, 'n_estimators': 414, 'max_depth': 3, 'num_leaves': 19, 'learning_rate': 0.1024932221692416, 'subsample': 0.7200762468698007, 'colsample_bytree': 0.5610191174223894, 'min_child_samples': 60, 'reg_alpha': 2.039373116525212e-08, 'reg_lambda': 1.527156759251193}. Best is trial 1 with value: 0.2897606479038324.
[I 2026-06-01 23:30:03,971] Trial 4 finished with value: 0.08737938800097297 and parameters: {'confidence_threshold': 0.5905729935600059, 'training_days': 340, 'n_estimators': 190, 'max_depth': 4, 'num_leaves': 41, 'learning_rate': 0.01875220945578641, 'subsample': 0.9847923138822793, 'colsample_bytree': 0.8875664116805573, 'min_child_samples': 96, 'reg_alpha': 1.1309571585271483, 'reg_lambda': 0.002404915432737351}. Best is trial 1 with value: 0.2897606479038324.
[I 2026-06-01 23:30:04,011] Trial 5 finished with value: 0.02398544165003685 and parameters: {'confidence_threshold': 0.8226559822580909, 'training_days': 50, 'n_estimators': 138, 'max_depth': 3, 'num_leaves': 30, 'learning_rate': 0.03750796359625606, 'subsample': 0.6356745158869479, 'colsample_bytree': 0.9143687545759647, 'min_child_samples': 48, 'reg_alpha': 3.376063348877853e-06, 'reg_lambda': 0.0007660634613082914}. Best is trial 1 with value: 0.2897606479038324.
[I 2026-06-01 23:30:04,143] Trial 6 finished with value: 0.08990493247172285 and parameters: {'confidence_threshold': 0.5493234787411669, 'training_days': 410, 'n_estimators': 83, 'max_depth': 5, 'num_leaves': 52, 'learning_rate': 0.019657448966046126, 'subsample': 0.5027610585618012, 'colsample_bytree': 0.9077307142274171, 'min_child_samples': 77, 'reg_alpha': 0.03639690979811287, 'reg_lambda': 0.08738424135626986}. Best is trial 1 with value: 0.2897606479038324.
[I 2026-06-01 23:30:04,243] Trial 7 finished with value: 0.09157335347749677 and parameters: {'confidence_threshold': 0.5259156281069316, 'training_days': 180, 'n_estimators': 102, 'max_depth': 5, 'num_leaves': 45, 'learning_rate': 0.030816017044468066, 'subsample': 0.5317791751430119, 'colsample_bytree': 0.6554911608578311, 'min_child_samples': 46, 'reg_alpha': 0.036851536911881845, 'reg_lambda': 0.005470376807480391}. Best is trial 1 with value: 0.2897606479038324.
[I 2026-06-01 23:30:04,356] Trial 8 finished with value: 0.08675722032573803 and parameters: {'confidence_threshold': 0.8105244599017143, 'training_days': 240, 'n_estimators': 103, 'max_depth': 5, 'num_leaves': 52, 'learning_rate': 0.06746437142284309, 'subsample': 0.8854835899772805, 'colsample_bytree': 0.7468977981821954, 'min_child_samples': 62, 'reg_alpha': 7.04480806377519e-05, 'reg_lambda': 1.6934490731313353e-08}. Best is trial 1 with value: 0.2897606479038324.
[I 2026-06-01 23:30:04,380] Trial 9 finished with value: -1.979394358388077 and parameters: {'confidence_threshold': 0.5377619994476566, 'training_days': 20, 'n_estimators': 337, 'max_depth': 3, 'num_leaves': 39, 'learning_rate': 0.21907142272152816, 'subsample': 0.6246461145744375, 'colsample_bytree': 0.7051914615178149, 'min_child_samples': 81, 'reg_alpha': 1.1459970229341322e-06, 'reg_lambda': 4.929685216887945e-08}. Best is trial 1 with value: 0.2897606479038324.
[I 2026-06-01 23:30:04,972] Trial 10 finished with value: 0.09668773995647266 and parameters: {'confidence_threshold': 0.7286853308578232, 'training_days': 350, 'n_estimators': 487, 'max_depth': 4, 'num_leaves': 31, 'learning_rate': 0.011407797829608154, 'subsample': 0.8271882613853766, 'colsample_bytree': 0.8120417635861826, 'min_child_samples': 24, 'reg_alpha': 0.0005486918362336714, 'reg_lambda': 3.3639426888455256e-06}. Best is trial 1 with value: 0.2897606479038324.
[I 2026-06-01 23:30:05,449] Trial 11 finished with value: 0.1099932063841234 and parameters: {'confidence_threshold': 0.7440045644190331, 'training_days': 490, 'n_estimators': 451, 'max_depth': 3, 'num_leaves': 15, 'learning_rate': 0.11289924339749402, 'subsample': 0.7066146881694868, 'colsample_bytree': 0.575666980530699, 'min_child_samples': 42, 'reg_alpha': 0.0003558015055143444, 'reg_lambda': 6.688837062646057}. Best is trial 1 with value: 0.2897606479038324.
[I 2026-06-01 23:30:05,712] Trial 12 finished with value: 0.06286855442724182 and parameters: {'confidence_threshold': 0.7299346152273869, 'training_days': 410, 'n_estimators': 216, 'max_depth': 3, 'num_leaves': 15, 'learning_rate': 0.1489685720346384, 'subsample': 0.7066828607483829, 'colsample_bytree': 0.6160098536216908, 'min_child_samples': 30, 'reg_alpha': 0.0005693245806054591, 'reg_lambda': 9.140638958005697e-06}. Best is trial 1 with value: 0.2897606479038324.
[I 2026-06-01 23:30:06,143] Trial 13 finished with value: 0.09144620341477512 and parameters: {'confidence_threshold': 0.7598411944003821, 'training_days': 500, 'n_estimators': 500, 'max_depth': 3, 'num_leaves': 62, 'learning_rate': 0.2844385740883821, 'subsample': 0.6803710106053958, 'colsample_bytree': 0.6129232492782482, 'min_child_samples': 40, 'reg_alpha': 5.455813891552554e-05, 'reg_lambda': 8.155321000047532}. Best is trial 1 with value: 0.2897606479038324.
[I 2026-06-01 23:30:06,418] Trial 14 finished with value: 0.12585094289559437 and parameters: {'confidence_threshold': 0.6759471756785639, 'training_days': 380, 'n_estimators': 311, 'max_depth': 3, 'num_leaves': 27, 'learning_rate': 0.08830587574621251, 'subsample': 0.7731670737835583, 'colsample_bytree': 0.8202699312342522, 'min_child_samples': 39, 'reg_alpha': 6.243069797304175, 'reg_lambda': 7.565770484313319e-06}. Best is trial 1 with value: 0.2897606479038324.
[I 2026-06-01 23:30:06,775] Trial 15 finished with value: 0.08037469905938102 and parameters: {'confidence_threshold': 0.680065017142176, 'training_days': 320, 'n_estimators': 306, 'max_depth': 4, 'num_leaves': 29, 'learning_rate': 0.03301872090824653, 'subsample': 0.8839231668353861, 'colsample_bytree': 0.8194141769932984, 'min_child_samples': 33, 'reg_alpha': 5.511822861868712, 'reg_lambda': 8.353641949713611e-06}. Best is trial 1 with value: 0.2897606479038324.
[I 2026-06-01 23:30:06,949] Trial 16 finished with value: 0.08492934007056406 and parameters: {'confidence_threshold': 0.6760523483882178, 'training_days': 410, 'n_estimators': 173, 'max_depth': 3, 'num_leaves': 34, 'learning_rate': 0.07493057536932449, 'subsample': 0.7856814992292067, 'colsample_bytree': 0.8338962247920462, 'min_child_samples': 51, 'reg_alpha': 0.5476499558121082, 'reg_lambda': 5.839212640242044e-07}. Best is trial 1 with value: 0.2897606479038324.
