[I 2026-06-01 23:24:30,752] Trial 9 finished with value: 0.09042729427202431 and parameters: {'confidence_threshold': 0.6202096049169137, 'training_days': 260, 'n_estimators': 350, 'max_depth': 3, 'num_leaves': 21, 'learning_rate': 0.02989540198065364, 'subsample': 0.8307821683331218, 'colsample_bytree': 0.923253112635361, 'min_child_samples': 64, 'reg_alpha': 0.4898604619604203, 'reg_lambda': 2.9076377687066166e-05}. Best is trial 5 with value: 0.10873251019460109.
[I 2026-06-01 23:24:31,102] Trial 10 finished with value: 0.0191650680963849 and parameters: {'confidence_threshold': 0.5342665212695602, 'training_days': 470, 'n_estimators': 493, 'max_depth': 5, 'num_leaves': 63, 'learning_rate': 0.010221918552934462, 'subsample': 0.9166551855891288, 'colsample_bytree': 0.6202684210924141, 'min_child_samples': 99, 'reg_alpha': 2.371385268938747e-08, 'reg_lambda': 8.795022395727933e-08}. Best is trial 5 with value: 0.10873251019460109.
[I 2026-06-01 23:24:31,516] Trial 11 finished with value: 0.07520142906662927 and parameters: {'confidence_threshold': 0.607296338357605, 'training_days': 360, 'n_estimators': 477, 'max_depth': 5, 'num_leaves': 32, 'learning_rate': 0.12199762873742671, 'subsample': 0.8344214603932569, 'colsample_bytree': 0.6661831737797719, 'min_child_samples': 42, 'reg_alpha': 0.22420772377574527, 'reg_lambda': 2.6358630354747385e-07}. Best is trial 5 with value: 0.10873251019460109.
[I 2026-06-01 23:24:31,546] Trial 12 finished with value: -2.1000118524660984 and parameters: {'confidence_threshold': 0.6181766826006161, 'training_days': 20, 'n_estimators': 287, 'max_depth': 5, 'num_leaves': 34, 'learning_rate': 0.12809347518986527, 'subsample': 0.7462630151554006, 'colsample_bytree': 0.5197889515780572, 'min_child_samples': 81, 'reg_alpha': 6.210448045058425, 'reg_lambda': 8.211318722004658e-07}. Best is trial 5 with value: 0.10873251019460109.
[I 2026-06-01 23:24:31,899] Trial 13 finished with value: 0.0668473445842297 and parameters: {'confidence_threshold': 0.503854589246995, 'training_days': 400, 'n_estimators': 413, 'max_depth': 5, 'num_leaves': 26, 'learning_rate': 0.1263297812055253, 'subsample': 0.8767161339646822, 'colsample_bytree': 0.7082407533656954, 'min_child_samples': 51, 'reg_alpha': 5.118802298244082e-07, 'reg_lambda': 0.004788009985073303}. Best is trial 5 with value: 0.10873251019460109.
[I 2026-06-01 23:24:32,217] Trial 14 finished with value: 0.0715322494515632 and parameters: {'confidence_threshold': 0.686501707298844, 'training_days': 270, 'n_estimators': 296, 'max_depth': 5, 'num_leaves': 42, 'learning_rate': 0.08683124309802116, 'subsample': 0.7204416227477246, 'colsample_bytree': 0.9951780710339017, 'min_child_samples': 40, 'reg_alpha': 0.03895716396495772, 'reg_lambda': 1.4878293542285148e-06}. Best is trial 5 with value: 0.10873251019460109.
[I 2026-06-01 23:24:32,449] Trial 15 finished with value: 0.10730788117436099 and parameters: {'confidence_threshold': 0.6701749786802792, 'training_days': 190, 'n_estimators': 436, 'max_depth': 5, 'num_leaves': 25, 'learning_rate': 0.1645541284075095, 'subsample': 0.507007918467014, 'colsample_bytree': 0.738971151174427, 'min_child_samples': 78, 'reg_alpha': 5.646373403336726e-07, 'reg_lambda': 2.5307567175602323e-08}. Best is trial 5 with value: 0.10873251019460109.
[I 2026-06-01 23:24:32,539] Trial 16 finished with value: 0.005434229668565427 and parameters: {'confidence_threshold': 0.6856387383987033, 'training_days': 70, 'n_estimators': 438, 'max_depth': 4, 'num_leaves': 15, 'learning_rate': 0.2681220081150871, 'subsample': 0.5112930446915966, 'colsample_bytree': 0.748970193014555, 'min_child_samples': 78, 'reg_alpha': 1.0512236712955822e-08, 'reg_lambda': 2.6589224612714345e-08}. Best is trial 5 with value: 0.10873251019460109.
[I 2026-06-01 23:24:32,845] Trial 17 finished with value: 0.040441915034471684 and parameters: {'confidence_threshold': 0.666488584837589, 'training_days': 330, 'n_estimators': 429, 'max_depth': 5, 'num_leaves': 27, 'learning_rate': 0.04518720776208668, 'subsample': 0.6270074572905617, 'colsample_bytree': 0.6042669130757778, 'min_child_samples': 75, 'reg_alpha': 6.229602473892305e-07, 'reg_lambda': 1.8740476017421586e-08}. Best is trial 5 with value: 0.10873251019460109.
[I 2026-06-01 23:24:32,949] A new study created in memory with name: no-name-98752816-335a-4ee8-a5ca-11f921c6340d

  Features: 2168/2168 matched, 49 columns
  CV gap: 22 rows
  [ensemble 1/3] seed=42
    [trial 0] 49 features, training_days=480 | threshold=0.631 | labels: 1157 long, 1011 short (53/47%)
    [CV fold 0] train_end=2020-06-22 08:00 | val_start=2020-06-30 00:00 | gap=184h (22 rows)
    [CV fold 1] train_end=2020-10-20 16:00 | val_start=2020-10-28 08:00 | gap=184h (22 rows)
    [CV fold 2] train_end=2021-02-18 00:00 | val_start=2021-02-25 16:00 | gap=184h (22 rows)
    [CV fold 3] train_end=2021-06-18 08:00 | val_start=2021-06-26 00:00 | gap=184h (22 rows)
    [CV fold 4] train_end=2021-10-16 16:00 | val_start=2021-10-24 08:00 | gap=184h (22 rows)
    [trial 0] Sharpe=0.0153 (folds: 0.0670, -0.1326, -0.0803, 0.3168, -0.0944)
    [trial 1] 49 features, training_days=420 | threshold=0.839 | labels: 1157 long, 1011 short (53/47%)
    [trial 1] Sharpe=-0.0563 (folds: 0.0388, -0.0709, -0.2656, 0.2566, -0.2406)
    [trial 2] 49 features, training_days=190 | threshold=0.602 | labels: 1157 long, 1011 short (53/47%)
    [trial 2] Sharpe=0.0897 (folds: 0.0909, -0.0333, -0.0263, 0.3605, 0.0566)
    [trial 3] 49 features, training_days=490 | threshold=0.832 | labels: 1157 long, 1011 short (53/47%)
    [trial 3] Sharpe=0.0875 (folds: 0.1605, -0.0514, -0.0691, 0.4208, -0.0231)
    [trial 4] 49 features, training_days=340 | threshold=0.591 | labels: 1157 long, 1011 short (53/47%)
    [trial 4] Sharpe=0.0162 (folds: 0.0230, -0.1012, -0.0938, 0.3698, -0.1166)
    [trial 5] 49 features, training_days=50 | threshold=0.823 | labels: 1157 long, 1011 short (53/47%)
    [trial 5] Sharpe=-0.0520 (folds: -0.1393, 0.0885, 0.1095, -0.1836, -0.1353)
    [trial 6] 49 features, training_days=410 | threshold=0.549 | labels: 1157 long, 1011 short (53/47%)
    [trial 6] Sharpe=-0.0292 (folds: 0.0211, -0.1044, -0.0785, 0.1952, -0.1794)
    [trial 7] 49 features, training_days=180 | threshold=0.526 | labels: 1157 long, 1011 short (53/47%)
    [trial 7] Sharpe=0.0733 (folds: 0.1092, -0.0509, -0.0140, 0.2723, 0.0498)
    [trial 8] 49 features, training_days=240 | threshold=0.811 | labels: 1157 long, 1011 short (53/47%)
    [trial 8] Sharpe=0.0584 (folds: 0.0828, -0.0997, -0.1166, 0.3963, 0.0291)
    [trial 9] 49 features, training_days=20 | threshold=0.538 | labels: 1157 long, 1011 short (53/47%)
    [trial 9] Sharpe=-0.0535 (folds: -0.0799, 0.2326, 0.0302, -0.2099, -0.2404)
    [trial 10] 49 features, training_days=150 | threshold=0.680 | labels: 1157 long, 1011 short (53/47%)
    [trial 10] Sharpe=0.0517 (folds: 0.1428, -0.1316, 0.0324, 0.1862, 0.0286)
    [trial 11] 49 features, training_days=300 | threshold=0.716 | labels: 1157 long, 1011 short (53/47%)
    [trial 11] Sharpe=0.0529 (folds: 0.0704, -0.0728, -0.0405, 0.2790, 0.0283)
    [trial 12] 49 features, training_days=130 | threshold=0.744 | labels: 1157 long, 1011 short (53/47%)
    [trial 12] Sharpe=0.0245 (folds: 0.1566, -0.1825, 0.0412, 0.1536, -0.0466)
    [trial 13] 49 features, training_days=250 | threshold=0.624 | labels: 1157 long, 1011 short (53/47%)
    [trial 13] Sharpe=0.0822 (folds: 0.1266, -0.0303, -0.0323, 0.2985, 0.0486)
    [trial 14] 49 features, training_days=490 | threshold=0.759 | labels: 1157 long, 1011 short (53/47%)
    [trial 14] Sharpe=0.0663 (folds: 0.1818, -0.0975, -0.0277, 0.3186, -0.0436)
    [trial 15] 49 features, training_days=310 | threshold=0.666 | labels: 1157 long, 1011 short (53/47%)
    [trial 15] Sharpe=0.0285 (folds: 0.0509, -0.0868, -0.0880, 0.3046, -0.0381)
    [trial 16] 49 features, training_days=100 | threshold=0.595 | labels: 1157 long, 1011 short (53/47%)
    [trial 16] Sharpe=0.0424 (folds: 0.0482, -0.0938, 0.0270, 0.2012, 0.0293)
    [trial 17] 49 features, training_days=190 | threshold=0.789 | labels: 1157 long, 1011 short (53/47%)
    [trial 17] Sharpe=0.1041 (folds: 0.1353, -0.0326, -0.0868, 0.3689, 0.1356)
  Optuna: 18 trials, best Sharpe = 0.1041
  Best params: n_estimators=220, max_depth=4, lr=0.1652, leaves=24
  Best confidence_threshold: 0.789
  Best training_days: 190
  Retrained on full data (570 samples, 49 features)
  [ensemble 2/3] seed=123
    [trial 0] 49 features, training_days=150 | threshold=0.744 | labels: 1157 long, 1011 short (53/47%)
    [CV fold 0] train_end=2020-06-22 08:00 | val_start=2020-06-30 00:00 | gap=184h (22 rows)
    [CV fold 1] train_end=2020-10-20 16:00 | val_start=2020-10-28 08:00 | gap=184h (22 rows)
    [CV fold 2] train_end=2021-02-18 00:00 | val_start=2021-02-25 16:00 | gap=184h (22 rows)
    [CV fold 3] train_end=2021-06-18 08:00 | val_start=2021-06-26 00:00 | gap=184h (22 rows)
    [CV fold 4] train_end=2021-10-16 16:00 | val_start=2021-10-24 08:00 | gap=184h (22 rows)
    [trial 0] Sharpe=0.0196 (folds: 0.1017, -0.0572, -0.0565, 0.1509, -0.0410)
    [trial 1] 49 features, training_days=220 | threshold=0.755 | labels: 1157 long, 1011 short (53/47%)
    [trial 1] Sharpe=-0.1907 (folds: 0.4254, -0.0287, -0.2767, 0.0503, -1.1236)
    [trial 2] 49 features, training_days=310 | threshold=0.754 | labels: 1157 long, 1011 short (53/47%)
    [trial 2] Sharpe=-0.0007 (folds: 0.0794, -0.1383, -0.2023, 0.2804, -0.0228)
    [trial 3] 49 features, training_days=220 | threshold=0.673 | labels: 1157 long, 1011 short (53/47%)
    [trial 3] Sharpe=0.0937 (folds: 0.1393, 0.0366, -0.0220, 0.3167, -0.0021)
    [trial 4] 49 features, training_days=130 | threshold=0.803 | labels: 1157 long, 1011 short (53/47%)
    [trial 4] Sharpe=0.0630 (folds: 0.1304, -0.1613, 0.1069, 0.1783, 0.0607)
    [trial 5] 49 features, training_days=210 | threshold=0.606 | labels: 1157 long, 1011 short (53/47%)
    [trial 5] Sharpe=0.1087 (folds: 0.1461, -0.0135, 0.0280, 0.3089, 0.0742)
    [trial 6] 49 features, training_days=130 | threshold=0.767 | labels: 1157 long, 1011 short (53/47%)
    [trial 6] Sharpe=-0.0068 (folds: 0.1086, -0.1357, -0.0007, 0.0209, -0.0272)
    [trial 7] 49 features, training_days=80 | threshold=0.556 | labels: 1157 long, 1011 short (53/47%)
    [trial 7] Sharpe=0.0521 (folds: -0.0415, -0.1030, -0.0314, 0.3852, 0.0512)
    [trial 8] 49 features, training_days=200 | threshold=0.607 | labels: 1157 long, 1011 short (53/47%)
    [trial 8] Sharpe=0.1030 (folds: 0.1561, -0.0258, 0.0256, 0.2855, 0.0736)
    [trial 9] 49 features, training_days=260 | threshold=0.620 | labels: 1157 long, 1011 short (53/47%)
    [trial 9] Sharpe=0.0904 (folds: 0.1326, -0.1179, -0.0310, 0.3322, 0.1363)
    [trial 10] 49 features, training_days=470 | threshold=0.534 | labels: 1157 long, 1011 short (53/47%)
    [trial 10] Sharpe=0.0192 (folds: 0.0847, -0.0986, -0.0177, 0.2609, -0.1334)
    [trial 11] 49 features, training_days=360 | threshold=0.607 | labels: 1157 long, 1011 short (53/47%)
    [trial 11] Sharpe=0.0752 (folds: 0.1741, -0.0626, 0.0430, 0.2285, -0.0070)
    [trial 12] 49 features, training_days=20 | threshold=0.618 | labels: 1157 long, 1011 short (53/47%)
    [trial 12] Sharpe=-2.1000 (folds: -0.0799, -10.0000, 0.0302, -0.2099, -0.2404)
    [trial 13] 49 features, training_days=400 | threshold=0.504 | labels: 1157 long, 1011 short (53/47%)
    [trial 13] Sharpe=0.0668 (folds: 0.1497, -0.0335, 0.0026, 0.1906, 0.0248)
    [trial 14] 49 features, training_days=270 | threshold=0.687 | labels: 1157 long, 1011 short (53/47%)
    [trial 14] Sharpe=0.0715 (folds: 0.1724, -0.0459, -0.0555, 0.2557, 0.0309)
    [trial 15] 49 features, training_days=190 | threshold=0.670 | labels: 1157 long, 1011 short (53/47%)
    [trial 15] Sharpe=0.1073 (folds: 0.1396, -0.0686, -0.0440, 0.3931, 0.1166)
    [trial 16] 49 features, training_days=70 | threshold=0.686 | labels: 1157 long, 1011 short (53/47%)
    [trial 16] Sharpe=0.0054 (folds: 0.0525, -0.0832, -0.0786, -0.0637, 0.2001)
    [trial 17] 49 features, training_days=330 | threshold=0.666 | labels: 1157 long, 1011 short (53/47%)
    [trial 17] Sharpe=0.0404 (folds: 0.1071, -0.0628, 0.0112, 0.1933, -0.0466)
  Optuna: 18 trials, best Sharpe = 0.1087
  Best params: n_estimators=357, max_depth=5, lr=0.0974, leaves=40
  Best confidence_threshold: 0.606
  Best training_days: 210
  Retrained on full data (630 samples, 49 features)
  [ensemble 3/3] seed=456
    [trial 0] 49 features, training_days=90 | threshold=0.587 | labels: 1157 long, 1011 short (53/47%)[I 2026-06-01 23:24:33,166] Trial 0 finished with value: 0.029374921736853087 and parameters: {'confidence_threshold': 0.5870645682749857, 'training_days': 90, 'n_estimators': 403, 'max_depth': 5, 'num_leaves': 45, 'learning_rate': 0.0780457193679974, 'subsample': 0.9428509515574568, 'colsample_bytree': 0.8795587339164916, 'min_child_samples': 34, 'reg_alpha': 2.2465901234314442e-07, 'reg_lambda': 8.339007036475363e-05}. Best is trial 0 with value: 0.029374921736853087.
[I 2026-06-01 23:24:33,269] Trial 1 finished with value: 0.07086128611215224 and parameters: {'confidence_threshold': 0.6348453934275313, 'training_days': 290, 'n_estimators': 115, 'max_depth': 5, 'num_leaves': 37, 'learning_rate': 0.06949568759029946, 'subsample': 0.8228505074024268, 'colsample_bytree': 0.8616703220431751, 'min_child_samples': 75, 'reg_alpha': 4.2486822725010923e-07, 'reg_lambda': 1.157247767047042e-07}. Best is trial 1 with value: 0.07086128611215224.
[I 2026-06-01 23:24:33,286] Trial 2 finished with value: -0.06558359921275705 and parameters: {'confidence_threshold': 0.5849570384370288, 'training_days': 10, 'n_estimators': 212, 'max_depth': 3, 'num_leaves': 41, 'learning_rate': 0.18452095998378365, 'subsample': 0.6001060822924371, 'colsample_bytree': 0.5673167293506167, 'min_child_samples': 37, 'reg_alpha': 5.733250064217131, 'reg_lambda': 0.5308454292595461}. Best is trial 1 with value: 0.07086128611215224.
[I 2026-06-01 23:24:33,365] Trial 3 finished with value: 0.026473399268386332 and parameters: {'confidence_threshold': 0.6868248626683718, 'training_days': 220, 'n_estimators': 134, 'max_depth': 3, 'num_leaves': 45, 'learning_rate': 0.033529007907491595, 'subsample': 0.8647277071858408, 'colsample_bytree': 0.778494116634046, 'min_child_samples': 96, 'reg_alpha': 2.409409937265785e-07, 'reg_lambda': 1.1642073478060009}. Best is trial 1 with value: 0.07086128611215224.
[I 2026-06-01 23:24:33,450] Trial 4 finished with value: 0.02250685698258943 and parameters: {'confidence_threshold': 0.5623121348350352, 'training_days': 300, 'n_estimators': 69, 'max_depth': 4, 'num_leaves': 32, 'learning_rate': 0.14967629360700346, 'subsample': 0.5054535233636654, 'colsample_bytree': 0.7401385194659216, 'min_child_samples': 27, 'reg_alpha': 1.4212042567426725e-07, 'reg_lambda': 0.23605753701352003}. Best is trial 1 with value: 0.07086128611215224.
[I 2026-06-01 23:24:33,827] Trial 5 finished with value: 0.06532986571894951 and parameters: {'confidence_threshold': 0.7111850244908446, 'training_days': 490, 'n_estimators': 362, 'max_depth': 5, 'num_leaves': 40, 'learning_rate': 0.05960785724162737, 'subsample': 0.5589714368907717, 'colsample_bytree': 0.6659006943232806, 'min_child_samples': 42, 'reg_alpha': 0.6741360303045295, 'reg_lambda': 6.054601607143087e-08}. Best is trial 1 with value: 0.07086128611215224.
[I 2026-06-01 23:24:34,002] Trial 6 finished with value: 0.0036097511488922206 and parameters: {'confidence_threshold': 0.667482545748023, 'training_days': 420, 'n_estimators': 279, 'max_depth': 3, 'num_leaves': 45, 'learning_rate': 0.040099592560849204, 'subsample': 0.8563114696415159, 'colsample_bytree': 0.5442917781944105, 'min_child_samples': 50, 'reg_alpha': 1.6407916423707903e-08, 'reg_lambda': 2.935907642973286e-05}. Best is trial 1 with value: 0.07086128611215224.
[I 2026-06-01 23:24:34,151] Trial 7 finished with value: 0.02693729509108623 and parameters: {'confidence_threshold': 0.5497381024139926, 'training_days': 120, 'n_estimators': 408, 'max_depth': 5, 'num_leaves': 38, 'learning_rate': 0.28049122657745795, 'subsample': 0.8806573338635493, 'colsample_bytree': 0.5454054113547102, 'min_child_samples': 63, 'reg_alpha': 0.01263008637940408, 'reg_lambda': 0.04588020805366937}. Best is trial 1 with value: 0.07086128611215224.
[I 2026-06-01 23:24:34,406] Trial 8 finished with value: 0.012922987899526001 and parameters: {'confidence_threshold': 0.719644804808716, 'training_days': 450, 'n_estimators': 410, 'max_depth': 4, 'num_leaves': 57, 'learning_rate': 0.04022026551478857, 'subsample': 0.5336085426932707, 'colsample_bytree': 0.5705742850577543, 'min_child_samples': 100, 'reg_alpha': 5.916398047912201e-07, 'reg_lambda': 0.9794034214488329}. Best is trial 1 with value: 0.07086128611215224.
[I 2026-06-01 23:24:34,428] Trial 9 finished with value: -2.1000118524660984 and parameters: {'confidence_threshold': 0.7267463643917187, 'training_days': 20, 'n_estimators': 337, 'max_depth': 5, 'num_leaves': 23, 'learning_rate': 0.022153031811454605, 'subsample': 0.6305627572358737, 'colsample_bytree': 0.6613413774216214, 'min_child_samples': 81, 'reg_alpha': 5.7638634029410314e-08, 'reg_lambda': 8.26603016764008}. Best is trial 1 with value: 0.07086128611215224.
[I 2026-06-01 23:24:34,576] Trial 10 finished with value: -0.032011263265625686 and parameters: {'confidence_threshold': 0.8398533911817929, 'training_days': 320, 'n_estimators': 181, 'max_depth': 4, 'num_leaves': 15, 'learning_rate': 0.013684491588422613, 'subsample': 0.7320664585010437, 'colsample_bytree': 0.9944479338273263, 'min_child_samples': 74, 'reg_alpha': 4.136971884522066e-05, 'reg_lambda': 1.4599322889399585e-08}. Best is trial 1 with value: 0.07086128611215224.
[I 2026-06-01 23:24:35,088] Trial 11 finished with value: 0.05220030063962615 and parameters: {'confidence_threshold': 0.7920556438876994, 'training_days': 490, 'n_estimators': 478, 'max_depth': 5, 'num_leaves': 31, 'learning_rate': 0.07015252903316518, 'subsample': 0.741942921860466, 'colsample_bytree': 0.8566211708639163, 'min_child_samples': 52, 'reg_alpha': 0.07849404505455292, 'reg_lambda': 1.7920767996550486e-08}. Best is trial 1 with value: 0.07086128611215224.
[I 2026-06-01 23:24:35,171] Trial 12 finished with value: -0.012755825457995537 and parameters: {'confidence_threshold': 0.6412752242398021, 'training_days': 380, 'n_estimators': 54, 'max_depth': 5, 'num_leaves': 57, 'learning_rate': 0.09265206884400709, 'subsample': 0.6568173075241447, 'colsample_bytree': 0.6753821150259535, 'min_child_samples': 71, 'reg_alpha': 4.4196749363193285e-05, 'reg_lambda': 1.3353464795042858e-06}. Best is trial 1 with value: 0.07086128611215224.
[I 2026-06-01 23:24:35,315] Trial 13 finished with value: 0.09605547555400493 and parameters: {'confidence_threshold': 0.5040535938350955, 'training_days': 210, 'n_estimators': 298, 'max_depth': 5, 'num_leaves': 32, 'learning_rate': 0.11842510796771445, 'subsample': 0.7994520857725542, 'colsample_bytree': 0.8960526831559384, 'min_child_samples': 48, 'reg_alpha': 6.571273920267039, 'reg_lambda': 6.786475479873792e-07}. Best is trial 13 with value: 0.09605547555400493.
[I 2026-06-01 23:24:35,476] Trial 14 finished with value: 0.08190682869108082 and parameters: {'confidence_threshold': 0.5087794555383176, 'training_days': 210, 'n_estimators': 259, 'max_depth': 4, 'num_leaves': 27, 'learning_rate': 0.12365955429941708, 'subsample': 0.8044190210005924, 'colsample_bytree': 0.946895818886476, 'min_child_samples': 82, 'reg_alpha': 0.0011197032848975464, 'reg_lambda': 1.8383750624146824e-06}. Best is trial 13 with value: 0.09605547555400493.
[I 2026-06-01 23:24:35,624] Trial 15 finished with value: 0.08375327919244886 and parameters: {'confidence_threshold': 0.5071254450913482, 'training_days': 200, 'n_estimators': 285, 'max_depth': 4, 'num_leaves': 24, 'learning_rate': 0.1306486412369249, 'subsample': 0.9767456010738537, 'colsample_bytree': 0.992825740429125, 'min_child_samples': 88, 'reg_alpha': 0.002241092004882038, 'reg_lambda': 2.8583904900311556e-06}. Best is trial 13 with value: 0.09605547555400493.
[I 2026-06-01 23:24:35,727] Trial 16 finished with value: 0.0844243502738469 and parameters: {'confidence_threshold': 0.5033938067897841, 'training_days': 170, 'n_estimators': 258, 'max_depth': 4, 'num_leaves': 17, 'learning_rate': 0.2563354459975574, 'subsample': 0.9758496403460953, 'colsample_bytree': 0.9373223525891455, 'min_child_samples': 20, 'reg_alpha': 5.81409405740628, 'reg_lambda': 0.004540796188786283}. Best is trial 13 with value: 0.09605547555400493.
