[I 2026-06-01 23:26:37,009] Trial 9 finished with value: -0.004533481052601307 and parameters: {'confidence_threshold': 0.6202096049169137, 'training_days': 260, 'n_estimators': 350, 'max_depth': 3, 'num_leaves': 21, 'learning_rate': 0.02989540198065364, 'subsample': 0.8307821683331218, 'colsample_bytree': 0.923253112635361, 'min_child_samples': 64, 'reg_alpha': 0.4898604619604203, 'reg_lambda': 2.9076377687066166e-05}. Best is trial 4 with value: 0.07332660019775519.

  [label] 2022-01-18 00:00 LTCUSDT entry=146.0100 → SHORT | long=sl(-6.77%) short=tp(+13.24%) | scanned=9 | short_tp_only
  [label] 2022-03-06 16:00 LTCUSDT entry=101.0200 → LONG | long=timeout(+0.47%) short=sl(-7.30%) | scanned=22 | no_tp→fwd_return=+0.5741
  [label] 2022-03-15 00:00 LTCUSDT entry=103.2800 → LONG | long=tp(+12.33%) short=sl(-6.31%) | scanned=14 | long_tp_only
  [label] 2022-06-15 00:00 LTCUSDT entry=43.2000 → LONG | long=tp(+27.46%) short=sl(-13.88%) | scanned=14 | long_tp_only
  [label] 2022-07-16 16:00 LTCUSDT entry=55.0600 → LONG | long=timeout(+2.12%) short=sl(-6.18%) | scanned=22 | no_tp→fwd_return=+2.2158
  [label] 2022-08-01 16:00 LTCUSDT entry=59.4300 → LONG | long=timeout(+5.18%) short=sl(-6.94%) | scanned=22 | no_tp→fwd_return=+5.2835
  [label] 2022-08-14 00:00 LTCUSDT entry=65.3800 → SHORT | long=sl(-5.25%) short=tp(+10.20%) | scanned=15 | short_tp_only
  [label] 2022-09-01 16:00 LTCUSDT entry=57.5500 → SHORT | long=sl(-7.17%) short=sl(-7.17%) | scanned=16 | no_tp→fwd_return=-5.8732
  [label] 2022-09-07 16:00 LTCUSDT entry=57.2900 → LONG | long=tp(+14.93%) short=sl(-7.62%) | scanned=17 | long_tp_only
  [label] 2022-09-20 00:00 LTCUSDT entry=51.9500 → LONG | long=timeout(+5.39%) short=sl(-7.68%) | scanned=22 | no_tp→fwd_return=+5.4860
  [label] 2022-10-29 08:00 LTCUSDT entry=56.2000 → LONG | long=sl(-4.09%) short=sl(-4.09%) | scanned=12 | no_tp→fwd_return=+8.2206
  [label] 2022-11-08 00:00 LTCUSDT entry=64.4900 → SHORT | long=sl(-9.22%) short=tp(+18.14%) | scanned=5 | short_tp_only
  [label] 2023-02-01 08:00 LTCUSDT entry=94.2100 → LONG | long=timeout(+4.79%) short=sl(-6.01%) | scanned=22 | no_tp→fwd_return=+4.8933
  Labels: 1131 long (52.5%), 1022 short (47.5%) | weights: min=1.00, mean=3.30, max=10.00
  Features: 2153/2153 matched, 49 columns
  CV gap: 22 rows
  [ensemble 1/3] seed=42
    [trial 0] 49 features, training_days=480 | threshold=0.631 | labels: 1131 long, 1022 short (53/47%)
    [CV fold 0] train_end=2021-06-22 08:00 | val_start=2021-06-30 00:00 | gap=184h (22 rows)
    [CV fold 1] train_end=2021-10-19 16:00 | val_start=2021-10-27 08:00 | gap=184h (22 rows)
    [CV fold 2] train_end=2022-02-16 00:00 | val_start=2022-02-23 16:00 | gap=184h (22 rows)
    [CV fold 3] train_end=2022-06-20 08:00 | val_start=2022-06-28 00:00 | gap=184h (22 rows)
    [CV fold 4] train_end=2022-10-17 16:00 | val_start=2022-10-25 08:00 | gap=184h (22 rows)
    [trial 0] Sharpe=0.0878 (folds: 0.1473, 0.0878, 0.1659, -0.1708, 0.2086)
    [trial 1] 49 features, training_days=420 | threshold=0.839 | labels: 1131 long, 1022 short (53/47%)
    [trial 1] Sharpe=0.0110 (folds: -0.0844, -0.3650, 0.4419, -0.1753, 0.2378)
    [trial 2] 49 features, training_days=190 | threshold=0.602 | labels: 1131 long, 1022 short (53/47%)
    [trial 2] Sharpe=0.0285 (folds: 0.1308, 0.1512, 0.1044, -0.2313, -0.0126)
    [trial 3] 49 features, training_days=490 | threshold=0.832 | labels: 1131 long, 1022 short (53/47%)
    [trial 3] Sharpe=0.0534 (folds: 0.1553, 0.1073, 0.1275, -0.1768, 0.0536)
    [trial 4] 49 features, training_days=340 | threshold=0.591 | labels: 1131 long, 1022 short (53/47%)
    [trial 4] Sharpe=-0.0135 (folds: -0.0478, 0.0036, 0.1698, -0.2265, 0.0337)
    [trial 5] 49 features, training_days=50 | threshold=0.823 | labels: 1131 long, 1022 short (53/47%)
    [trial 5] Sharpe=-0.1533 (folds: -0.1438, -0.2864, -0.1813, -0.1866, 0.0318)
    [trial 6] 49 features, training_days=410 | threshold=0.549 | labels: 1131 long, 1022 short (53/47%)
    [trial 6] Sharpe=-0.0738 (folds: -0.1899, -0.0618, 0.1572, -0.2170, -0.0574)
    [trial 7] 49 features, training_days=180 | threshold=0.526 | labels: 1131 long, 1022 short (53/47%)
    [trial 7] Sharpe=0.0429 (folds: 0.0388, 0.2347, 0.1611, -0.2287, 0.0086)
    [trial 8] 49 features, training_days=240 | threshold=0.811 | labels: 1131 long, 1022 short (53/47%)
    [trial 8] Sharpe=0.0143 (folds: 0.0490, 0.0068, 0.3226, -0.2344, -0.0727)
    [trial 9] 49 features, training_days=20 | threshold=0.538 | labels: 1131 long, 1022 short (53/47%)
    [trial 9] Sharpe=-0.0689 (folds: -0.1779, 0.2364, 0.0899, -0.1077, -0.3852)
    [trial 10] 49 features, training_days=350 | threshold=0.694 | labels: 1131 long, 1022 short (53/47%)
    [trial 10] Sharpe=-0.0170 (folds: -0.1831, 0.0252, 0.2341, -0.2207, 0.0594)
    [trial 11] 49 features, training_days=490 | threshold=0.714 | labels: 1131 long, 1022 short (53/47%)
    [trial 11] Sharpe=0.0546 (folds: 0.0991, 0.1120, 0.1186, -0.2008, 0.1440)
    [trial 12] 49 features, training_days=480 | threshold=0.713 | labels: 1131 long, 1022 short (53/47%)
    [trial 12] Sharpe=0.0124 (folds: 0.0735, 0.0110, 0.1084, -0.2124, 0.0813)
    [trial 13] 49 features, training_days=500 | threshold=0.740 | labels: 1131 long, 1022 short (53/47%)
    [trial 13] Sharpe=0.0578 (folds: 0.1191, 0.0767, 0.1328, -0.2031, 0.1633)
    [trial 14] 49 features, training_days=340 | threshold=0.759 | labels: 1131 long, 1022 short (53/47%)
    [trial 14] Sharpe=0.0395 (folds: 0.0298, 0.1045, 0.1420, -0.2027, 0.1236)
    [trial 15] 49 features, training_days=420 | threshold=0.646 | labels: 1131 long, 1022 short (53/47%)
    [trial 15] Sharpe=0.0153 (folds: 0.1159, 0.0436, 0.1074, -0.2115, 0.0210)
    [trial 16] 49 features, training_days=270 | threshold=0.648 | labels: 1131 long, 1022 short (53/47%)
    [trial 16] Sharpe=0.0262 (folds: 0.1032, 0.0775, 0.0787, -0.2127, 0.0846)
    [trial 17] 49 features, training_days=430 | threshold=0.761 | labels: 1131 long, 1022 short (53/47%)
    [trial 17] Sharpe=0.0495 (folds: -0.0348, -0.0323, 0.3222, -0.0487, 0.0411)
  Optuna: 18 trials, best Sharpe = 0.0878
  Best params: n_estimators=380, max_depth=4, lr=0.0170, leaves=22
  Best confidence_threshold: 0.631
  Best training_days: 480
  Retrained on full data (1425 samples, 49 features)
  [ensemble 2/3] seed=123
    [trial 0] 49 features, training_days=150 | threshold=0.744 | labels: 1131 long, 1022 short (53/47%)
    [CV fold 0] train_end=2021-06-22 08:00 | val_start=2021-06-30 00:00 | gap=184h (22 rows)
    [CV fold 1] train_end=2021-10-19 16:00 | val_start=2021-10-27 08:00 | gap=184h (22 rows)
    [CV fold 2] train_end=2022-02-16 00:00 | val_start=2022-02-23 16:00 | gap=184h (22 rows)
    [CV fold 3] train_end=2022-06-20 08:00 | val_start=2022-06-28 00:00 | gap=184h (22 rows)
    [CV fold 4] train_end=2022-10-17 16:00 | val_start=2022-10-25 08:00 | gap=184h (22 rows)
    [trial 0] Sharpe=0.0332 (folds: 0.0101, 0.0833, 0.0881, -0.2622, 0.2466)
    [trial 1] 49 features, training_days=220 | threshold=0.755 | labels: 1131 long, 1022 short (53/47%)
    [trial 1] Sharpe=-0.0476 (folds: -0.0211, -0.4405, -0.2662, -0.0450, 0.5347)
    [trial 2] 49 features, training_days=310 | threshold=0.754 | labels: 1131 long, 1022 short (53/47%)
    [trial 2] Sharpe=-0.0137 (folds: -0.0128, 0.0076, 0.2005, -0.2178, -0.0459)
    [trial 3] 49 features, training_days=220 | threshold=0.673 | labels: 1131 long, 1022 short (53/47%)
    [trial 3] Sharpe=-0.0100 (folds: 0.0748, 0.0414, 0.0563, -0.2111, -0.0116)
    [trial 4] 49 features, training_days=130 | threshold=0.803 | labels: 1131 long, 1022 short (53/47%)
    [trial 4] Sharpe=0.0733 (folds: 0.1869, 0.0406, 0.0170, -0.2571, 0.3791)
    [trial 5] 49 features, training_days=210 | threshold=0.606 | labels: 1131 long, 1022 short (53/47%)
    [trial 5] Sharpe=0.0132 (folds: 0.1003, 0.0404, 0.1192, -0.2150, 0.0210)
    [trial 6] 49 features, training_days=130 | threshold=0.767 | labels: 1131 long, 1022 short (53/47%)
    [trial 6] Sharpe=0.0029 (folds: 0.0312, 0.0069, 0.1235, -0.2936, 0.1464)
    [trial 7] 49 features, training_days=80 | threshold=0.556 | labels: 1131 long, 1022 short (53/47%)
    [trial 7] Sharpe=0.0447 (folds: 0.1846, 0.1225, 0.0369, -0.2266, 0.1059)
    [trial 8] 49 features, training_days=200 | threshold=0.607 | labels: 1131 long, 1022 short (53/47%)
    [trial 8] Sharpe=-0.0125 (folds: 0.0493, 0.0754, 0.1025, -0.2263, -0.0636)
    [trial 9] 49 features, training_days=260 | threshold=0.620 | labels: 1131 long, 1022 short (53/47%)
    [trial 9] Sharpe=-0.0045 (folds: 0.0935, 0.0466, 0.1401, -0.2060, -0.0968)
    [trial 10] 49 features, training_days=470 | threshold=0.845 | labels: 1131 long, 1022 short (53/47%)[I 2026-06-01 23:26:37,405] Trial 10 finished with value: -2.033244073829601 and parameters: {'confidence_threshold': 0.8445241688507242, 'training_days': 470, 'n_estimators': 493, 'max_depth': 5, 'num_leaves': 63, 'learning_rate': 0.010221918552934462, 'subsample': 0.5019190721168774, 'colsample_bytree': 0.6202684210924141, 'min_child_samples': 99, 'reg_alpha': 1.9942621118187622e-08, 'reg_lambda': 0.0201634475791616}. Best is trial 4 with value: 0.07332660019775519.
[I 2026-06-01 23:26:37,436] Trial 11 finished with value: -0.09266387886577415 and parameters: {'confidence_threshold': 0.5077463503498806, 'training_days': 10, 'n_estimators': 262, 'max_depth': 3, 'num_leaves': 44, 'learning_rate': 0.07372430395837165, 'subsample': 0.6622634123372779, 'colsample_bytree': 0.9864508096204552, 'min_child_samples': 90, 'reg_alpha': 2.5493772909886044e-07, 'reg_lambda': 1.0030982359513554e-08}. Best is trial 4 with value: 0.07332660019775519.
[I 2026-06-01 23:26:37,464] Trial 12 finished with value: -0.09266387886577415 and parameters: {'confidence_threshold': 0.5170417950991051, 'training_days': 10, 'n_estimators': 257, 'max_depth': 5, 'num_leaves': 33, 'learning_rate': 0.058010368762976855, 'subsample': 0.5261232538758528, 'colsample_bytree': 0.9722524044717222, 'min_child_samples': 82, 'reg_alpha': 0.009505264432762285, 'reg_lambda': 4.1917597734041396e-07}. Best is trial 4 with value: 0.07332660019775519.
[I 2026-06-01 23:26:37,651] Trial 13 finished with value: 0.01379064087047353 and parameters: {'confidence_threshold': 0.8203595759501172, 'training_days': 110, 'n_estimators': 475, 'max_depth': 3, 'num_leaves': 47, 'learning_rate': 0.1305743004594783, 'subsample': 0.6692276593280039, 'colsample_bytree': 0.6564540780078124, 'min_child_samples': 48, 'reg_alpha': 1.0060661308529223e-06, 'reg_lambda': 0.0030828115890163877}. Best is trial 4 with value: 0.07332660019775519.
[I 2026-06-01 23:26:37,720] Trial 14 finished with value: -0.05904715360360811 and parameters: {'confidence_threshold': 0.5659608707226916, 'training_days': 70, 'n_estimators': 301, 'max_depth': 4, 'num_leaves': 39, 'learning_rate': 0.04074110489853438, 'subsample': 0.567189419034034, 'colsample_bytree': 0.9233992221540936, 'min_child_samples': 76, 'reg_alpha': 0.000938266511305414, 'reg_lambda': 1.2193512856586523e-06}. Best is trial 4 with value: 0.07332660019775519.
[I 2026-06-01 23:26:38,014] Trial 15 finished with value: 0.03423524876781035 and parameters: {'confidence_threshold': 0.681110154342211, 'training_days': 340, 'n_estimators': 436, 'max_depth': 5, 'num_leaves': 56, 'learning_rate': 0.08209307851411338, 'subsample': 0.8966418548807951, 'colsample_bytree': 0.5093920150666754, 'min_child_samples': 100, 'reg_alpha': 0.018188481815116102, 'reg_lambda': 3.5532501480887824}. Best is trial 4 with value: 0.07332660019775519.
[I 2026-06-01 23:26:38,085] Trial 16 finished with value: -0.06848624984144418 and parameters: {'confidence_threshold': 0.6947922020209465, 'training_days': 60, 'n_estimators': 209, 'max_depth': 3, 'num_leaves': 25, 'learning_rate': 0.05191283172207654, 'subsample': 0.7044336313707061, 'colsample_bytree': 0.9182676696103418, 'min_child_samples': 45, 'reg_alpha': 1.6323832176782968e-06, 'reg_lambda': 9.545586219413633e-08}. Best is trial 4 with value: 0.07332660019775519.
[I 2026-06-01 23:26:38,154] Trial 17 finished with value: 0.0622837173874878 and parameters: {'confidence_threshold': 0.5563240395453367, 'training_days': 80, 'n_estimators': 306, 'max_depth': 4, 'num_leaves': 43, 'learning_rate': 0.1425882126074997, 'subsample': 0.5975400821780594, 'colsample_bytree': 0.7235351535799338, 'min_child_samples': 87, 'reg_alpha': 7.284070645541434, 'reg_lambda': 3.6794609260163427e-06}. Best is trial 4 with value: 0.07332660019775519.
[I 2026-06-01 23:26:38,378] A new study created in memory with name: no-name-e69e41f8-f4ca-4447-b128-af9bf2d2f98e
[I 2026-06-01 23:26:38,596] Trial 0 finished with value: -0.028339462941256183 and parameters: {'confidence_threshold': 0.5870645682749857, 'training_days': 90, 'n_estimators': 403, 'max_depth': 5, 'num_leaves': 45, 'learning_rate': 0.0780457193679974, 'subsample': 0.9428509515574568, 'colsample_bytree': 0.8795587339164916, 'min_child_samples': 34, 'reg_alpha': 2.2465901234314442e-07, 'reg_lambda': 8.339007036475363e-05}. Best is trial 0 with value: -0.028339462941256183.
[I 2026-06-01 23:26:38,724] Trial 1 finished with value: 0.026937094154243113 and parameters: {'confidence_threshold': 0.6348453934275313, 'training_days': 290, 'n_estimators': 115, 'max_depth': 5, 'num_leaves': 37, 'learning_rate': 0.06949568759029946, 'subsample': 0.8228505074024268, 'colsample_bytree': 0.8616703220431751, 'min_child_samples': 75, 'reg_alpha': 4.2486822725010923e-07, 'reg_lambda': 1.157247767047042e-07}. Best is trial 1 with value: 0.026937094154243113.
[I 2026-06-01 23:26:38,744] Trial 2 finished with value: -2.057087219187039 and parameters: {'confidence_threshold': 0.5849570384370288, 'training_days': 10, 'n_estimators': 212, 'max_depth': 3, 'num_leaves': 41, 'learning_rate': 0.18452095998378365, 'subsample': 0.6001060822924371, 'colsample_bytree': 0.5673167293506167, 'min_child_samples': 37, 'reg_alpha': 5.733250064217131, 'reg_lambda': 0.5308454292595461}. Best is trial 1 with value: 0.026937094154243113.
[I 2026-06-01 23:26:38,826] Trial 3 finished with value: -0.013954848774658685 and parameters: {'confidence_threshold': 0.6868248626683718, 'training_days': 220, 'n_estimators': 134, 'max_depth': 3, 'num_leaves': 45, 'learning_rate': 0.033529007907491595, 'subsample': 0.8647277071858408, 'colsample_bytree': 0.778494116634046, 'min_child_samples': 96, 'reg_alpha': 2.409409937265785e-07, 'reg_lambda': 1.1642073478060009}. Best is trial 1 with value: 0.026937094154243113.
[I 2026-06-01 23:26:38,924] Trial 4 finished with value: -0.012721449080820799 and parameters: {'confidence_threshold': 0.5623121348350352, 'training_days': 300, 'n_estimators': 69, 'max_depth': 4, 'num_leaves': 32, 'learning_rate': 0.14967629360700346, 'subsample': 0.5054535233636654, 'colsample_bytree': 0.7401385194659216, 'min_child_samples': 27, 'reg_alpha': 1.4212042567426725e-07, 'reg_lambda': 0.23605753701352003}. Best is trial 1 with value: 0.026937094154243113.
[I 2026-06-01 23:26:39,353] Trial 5 finished with value: 0.02077577472661237 and parameters: {'confidence_threshold': 0.7111850244908446, 'training_days': 490, 'n_estimators': 362, 'max_depth': 5, 'num_leaves': 40, 'learning_rate': 0.05960785724162737, 'subsample': 0.5589714368907717, 'colsample_bytree': 0.6659006943232806, 'min_child_samples': 42, 'reg_alpha': 0.6741360303045295, 'reg_lambda': 6.054601607143087e-08}. Best is trial 1 with value: 0.026937094154243113.
[I 2026-06-01 23:26:39,547] Trial 6 finished with value: -0.0120329681536132 and parameters: {'confidence_threshold': 0.667482545748023, 'training_days': 420, 'n_estimators': 279, 'max_depth': 3, 'num_leaves': 45, 'learning_rate': 0.040099592560849204, 'subsample': 0.8563114696415159, 'colsample_bytree': 0.5442917781944105, 'min_child_samples': 50, 'reg_alpha': 1.6407916423707903e-08, 'reg_lambda': 2.935907642973286e-05}. Best is trial 1 with value: 0.026937094154243113.
[I 2026-06-01 23:26:39,710] Trial 7 finished with value: 0.01253567689200702 and parameters: {'confidence_threshold': 0.5497381024139926, 'training_days': 120, 'n_estimators': 408, 'max_depth': 5, 'num_leaves': 38, 'learning_rate': 0.28049122657745795, 'subsample': 0.8806573338635493, 'colsample_bytree': 0.5454054113547102, 'min_child_samples': 63, 'reg_alpha': 0.01263008637940408, 'reg_lambda': 0.04588020805366937}. Best is trial 1 with value: 0.026937094154243113.
[I 2026-06-01 23:26:39,980] Trial 8 finished with value: 0.06388770883545981 and parameters: {'confidence_threshold': 0.719644804808716, 'training_days': 450, 'n_estimators': 410, 'max_depth': 4, 'num_leaves': 57, 'learning_rate': 0.04022026551478857, 'subsample': 0.5336085426932707, 'colsample_bytree': 0.5705742850577543, 'min_child_samples': 100, 'reg_alpha': 5.916398047912201e-07, 'reg_lambda': 0.9794034214488329}. Best is trial 8 with value: 0.06388770883545981.
[I 2026-06-01 23:26:40,004] Trial 9 finished with value: -5.98829482375388 and parameters: {'confidence_threshold': 0.7267463643917187, 'training_days': 20, 'n_estimators': 337, 'max_depth': 5, 'num_leaves': 23, 'learning_rate': 0.022153031811454605, 'subsample': 0.6305627572358737, 'colsample_bytree': 0.6613413774216214, 'min_child_samples': 81, 'reg_alpha': 5.7638634029410314e-08, 'reg_lambda': 8.26603016764008}. Best is trial 8 with value: 0.06388770883545981.
[I 2026-06-01 23:26:40,374] Trial 10 finished with value: -2.045661786648885 and parameters: {'confidence_threshold': 0.8283920119574972, 'training_days': 400, 'n_estimators': 485, 'max_depth': 4, 'num_leaves': 63, 'learning_rate': 0.011927505552849117, 'subsample': 0.7130289643560688, 'colsample_bytree': 0.9944479338273263, 'min_child_samples': 100, 'reg_alpha': 5.0239970328459277e-05, 'reg_lambda': 0.0028438774509831773}. Best is trial 8 with value: 0.06388770883545981.
[I 2026-06-01 23:26:40,542] Trial 11 finished with value: 0.07346607687034604 and parameters: {'confidence_threshold': 0.7828153509856826, 'training_days': 300, 'n_estimators': 189, 'max_depth': 4, 'num_leaves': 59, 'learning_rate': 0.11117277763483477, 'subsample': 0.741942921860466, 'colsample_bytree': 0.8724278937851807, 'min_child_samples': 71, 'reg_alpha': 2.3530491583503867e-05, 'reg_lambda': 7.359299995524362e-08}. Best is trial 11 with value: 0.07346607687034604.
[I 2026-06-01 23:26:40,738] Trial 12 finished with value: 0.036850643587361266 and parameters: {'confidence_threshold': 0.7852902068129669, 'training_days': 380, 'n_estimators': 219, 'max_depth': 4, 'num_leaves': 60, 'learning_rate': 0.11763911196693054, 'subsample': 0.7003042866529678, 'colsample_bytree': 0.8940271114037266, 'min_child_samples': 82, 'reg_alpha': 3.0366481742941654e-05, 'reg_lambda': 2.0831803692649198e-06}. Best is trial 11 with value: 0.07346607687034604.
[I 2026-06-01 23:26:41,048] Trial 13 finished with value: -0.0033976414040967767 and parameters: {'confidence_threshold': 0.7586389545742787, 'training_days': 210, 'n_estimators': 476, 'max_depth': 4, 'num_leaves': 55, 'learning_rate': 0.022933822775493846, 'subsample': 0.7744245134728537, 'colsample_bytree': 0.9584932215576711, 'min_child_samples': 64, 'reg_alpha': 8.465942575614097e-06, 'reg_lambda': 0.00451218919714601}. Best is trial 11 with value: 0.07346607687034604.
[I 2026-06-01 23:26:41,244] Trial 14 finished with value: 0.06067751296644488 and parameters: {'confidence_threshold': 0.8469121925362578, 'training_days': 470, 'n_estimators': 225, 'max_depth': 4, 'num_leaves': 54, 'learning_rate': 0.0943337414479282, 'subsample': 0.6519569924220352, 'colsample_bytree': 0.7921009662363301, 'min_child_samples': 89, 'reg_alpha': 0.0006256676634734064, 'reg_lambda': 1.9537169326802645e-06}. Best is trial 11 with value: 0.07346607687034604.
[I 2026-06-01 23:26:41,453] Trial 15 finished with value: 0.06468584706951522 and parameters: {'confidence_threshold': 0.7829525506318393, 'training_days': 350, 'n_estimators': 280, 'max_depth': 4, 'num_leaves': 54, 'learning_rate': 0.04417310762823144, 'subsample': 0.9781108415410213, 'colsample_bytree': 0.6328117713082406, 'min_child_samples': 73, 'reg_alpha': 0.002133995302102601, 'reg_lambda': 0.0013467843257158065}. Best is trial 11 with value: 0.07346607687034604.
[I 2026-06-01 23:26:41,594] Trial 16 finished with value: 0.030454262540942533 and parameters: {'confidence_threshold': 0.7809712285122007, 'training_days': 340, 'n_estimators': 166, 'max_depth': 4, 'num_leaves': 51, 'learning_rate': 0.22914136979304317, 'subsample': 0.9705830463823714, 'colsample_bytree': 0.6544830722421633, 'min_child_samples': 70, 'reg_alpha': 0.0036991964421060736, 'reg_lambda': 0.000855876310048679}. Best is trial 11 with value: 0.07346607687034604.
