[I 2026-06-01 23:25:38,288] Trial 7 finished with value: -0.04604570806563335 and parameters: {'confidence_threshold': 0.555635875450653, 'training_days': 80, 'n_estimators': 363, 'max_depth': 3, 'num_leaves': 48, 'learning_rate': 0.06590089024008658, 'subsample': 0.6944752870615722, 'colsample_bytree': 0.962566244806993, 'min_child_samples': 88, 'reg_alpha': 1.6465620446426067e-05, 'reg_lambda': 2.4678750890085655e-08}. Best is trial 4 with value: 0.015710934079779325.

  [label] 2021-08-05 08:00 LTCUSDT entry=140.2100 → LONG | long=tp(+12.93%) short=sl(-6.61%) | scanned=12 | long_tp_only
  [label] 2021-08-09 08:00 LTCUSDT entry=164.3100 → LONG | long=tp(+14.10%) short=sl(-7.20%) | scanned=20 | long_tp_only
  [label] 2021-08-20 00:00 LTCUSDT entry=175.4500 → SHORT | long=timeout(-3.35%) short=sl(-8.07%) | scanned=22 | no_tp→fwd_return=-3.2488
  [label] 2021-10-03 16:00 LTCUSDT entry=170.5400 → LONG | long=timeout(+2.38%) short=sl(-6.27%) | scanned=22 | no_tp→fwd_return=+2.4804
  [label] 2021-10-12 00:00 LTCUSDT entry=173.7300 → LONG | long=timeout(+8.59%) short=sl(-7.66%) | scanned=22 | no_tp→fwd_return=+8.6859
  [label] 2022-01-10 00:00 LTCUSDT entry=130.8000 → LONG | long=sl(-6.40%) short=sl(-6.40%) | scanned=8 | no_tp→fwd_return=+8.4786
  [label] 2022-02-10 16:00 LTCUSDT entry=134.4700 → SHORT | long=sl(-7.64%) short=timeout(+13.45%) | scanned=22 | no_tp→fwd_return=-13.5495
  [label] 2022-03-01 16:00 LTCUSDT entry=112.5700 → SHORT | long=sl(-9.14%) short=timeout(+10.52%) | scanned=22 | no_tp→fwd_return=-10.6245
  [label] 2022-03-14 00:00 LTCUSDT entry=103.6200 → LONG | long=tp(+12.28%) short=sl(-6.29%) | scanned=17 | long_tp_only
  [label] 2022-04-03 16:00 LTCUSDT entry=128.7700 → SHORT | long=sl(-5.59%) short=tp(+10.89%) | scanned=8 | short_tp_only
  [label] 2022-04-09 16:00 LTCUSDT entry=112.6200 → LONG | long=sl(-5.51%) short=timeout(-1.60%) | scanned=22 | no_tp→fwd_return=+1.5006
  [label] 2022-04-22 00:00 LTCUSDT entry=108.2000 → SHORT | long=sl(-5.66%) short=tp(+11.03%) | scanned=14 | short_tp_only
  [label] 2022-05-31 08:00 LTCUSDT entry=68.8200 → SHORT | long=sl(-6.33%) short=tp(+12.35%) | scanned=20 | short_tp_only
  [label] 2022-06-10 00:00 LTCUSDT entry=59.9000 → SHORT | long=sl(-6.43%) short=tp(+12.55%) | scanned=4 | short_tp_only
  [label] 2022-09-03 08:00 LTCUSDT entry=60.5100 → LONG | long=sl(-7.20%) short=timeout(-5.92%) | scanned=22 | no_tp→fwd_return=+5.8172
  Labels: 1128 long (52.4%), 1025 short (47.6%) | weights: min=1.00, mean=3.63, max=10.00
  Features: 2153/2153 matched, 49 columns
  CV gap: 22 rows
  [ensemble 1/3] seed=42
    [trial 0] 49 features, training_days=480 | threshold=0.631 | labels: 1128 long, 1025 short (52/48%)
    [CV fold 0] train_end=2021-01-22 08:00 | val_start=2021-01-30 00:00 | gap=184h (22 rows)
    [CV fold 1] train_end=2021-05-21 16:00 | val_start=2021-05-29 08:00 | gap=184h (22 rows)
    [CV fold 2] train_end=2021-09-18 00:00 | val_start=2021-09-25 16:00 | gap=184h (22 rows)
    [CV fold 3] train_end=2022-01-15 08:00 | val_start=2022-01-23 00:00 | gap=184h (22 rows)
    [CV fold 4] train_end=2022-05-19 16:00 | val_start=2022-05-27 08:00 | gap=184h (22 rows)
    [trial 0] Sharpe=-0.0092 (folds: -0.0101, 0.0976, 0.0132, -0.0494, -0.0973)
    [trial 1] 49 features, training_days=420 | threshold=0.839 | labels: 1128 long, 1025 short (52/48%)
    [trial 1] Sharpe=-0.0577 (folds: -0.2299, -0.2203, -0.1334, 0.1043, 0.1909)
    [trial 2] 49 features, training_days=190 | threshold=0.602 | labels: 1128 long, 1025 short (52/48%)
    [trial 2] Sharpe=-0.0079 (folds: -0.1066, 0.1090, 0.0218, 0.0463, -0.1101)
    [trial 3] 49 features, training_days=490 | threshold=0.832 | labels: 1128 long, 1025 short (52/48%)
    [trial 3] Sharpe=-0.0300 (folds: -0.1479, 0.0100, 0.0039, 0.0468, -0.0627)
    [trial 4] 49 features, training_days=340 | threshold=0.591 | labels: 1128 long, 1025 short (52/48%)
    [trial 4] Sharpe=0.0686 (folds: 0.0074, 0.1219, 0.0390, 0.2189, -0.0445)
    [trial 5] 49 features, training_days=50 | threshold=0.823 | labels: 1128 long, 1025 short (52/48%)
    [trial 5] Sharpe=-0.0699 (folds: 0.1824, -0.0963, -0.1270, -0.1565, -0.1523)
    [trial 6] 49 features, training_days=410 | threshold=0.549 | labels: 1128 long, 1025 short (52/48%)
    [trial 6] Sharpe=0.0196 (folds: 0.0089, 0.1237, -0.0225, 0.0016, -0.0139)
    [trial 7] 49 features, training_days=180 | threshold=0.526 | labels: 1128 long, 1025 short (52/48%)
    [trial 7] Sharpe=-0.0327 (folds: -0.0453, 0.1109, -0.0352, 0.0056, -0.1993)
    [trial 8] 49 features, training_days=240 | threshold=0.811 | labels: 1128 long, 1025 short (52/48%)
    [trial 8] Sharpe=0.0031 (folds: -0.0821, 0.0112, 0.0453, 0.1293, -0.0880)
    [trial 9] 49 features, training_days=20 | threshold=0.538 | labels: 1128 long, 1025 short (52/48%)
    [trial 9] Sharpe=-0.1015 (folds: -0.1138, 0.0127, -0.0810, -0.1467, -0.1784)
    [trial 10] 49 features, training_days=350 | threshold=0.680 | labels: 1128 long, 1025 short (52/48%)
    [trial 10] Sharpe=0.0292 (folds: -0.0323, 0.1056, -0.0482, 0.1782, -0.0573)
    [trial 11] 49 features, training_days=330 | threshold=0.716 | labels: 1128 long, 1025 short (52/48%)
    [trial 11] Sharpe=0.0092 (folds: -0.0750, -0.0804, 0.0638, 0.2081, -0.0704)
    [trial 12] 49 features, training_days=330 | threshold=0.713 | labels: 1128 long, 1025 short (52/48%)
    [trial 12] Sharpe=0.0363 (folds: -0.0964, 0.0583, 0.0090, 0.1825, 0.0282)
    [trial 13] 49 features, training_days=310 | threshold=0.739 | labels: 1128 long, 1025 short (52/48%)
    [trial 13] Sharpe=-0.0087 (folds: -0.1373, 0.0432, 0.1076, 0.0952, -0.1521)
    [trial 14] 49 features, training_days=260 | threshold=0.612 | labels: 1128 long, 1025 short (52/48%)
    [trial 14] Sharpe=0.0028 (folds: -0.1939, 0.0884, 0.0748, 0.0646, -0.0200)
    [trial 15] 49 features, training_days=390 | threshold=0.752 | labels: 1128 long, 1025 short (52/48%)
    [trial 15] Sharpe=-0.0053 (folds: -0.3285, 0.0986, 0.0435, 0.1189, 0.0411)
    [trial 16] 49 features, training_days=270 | threshold=0.660 | labels: 1128 long, 1025 short (52/48%)
    [trial 16] Sharpe=0.0196 (folds: -0.1549, 0.0198, 0.1373, 0.2105, -0.1148)
    [trial 17] 49 features, training_days=140 | threshold=0.681 | labels: 1128 long, 1025 short (52/48%)
    [trial 17] Sharpe=0.0112 (folds: -0.1774, 0.0323, 0.2095, 0.0574, -0.0659)
  Optuna: 18 trials, best Sharpe = 0.0686
  Best params: n_estimators=190, max_depth=4, lr=0.0188, leaves=41
  Best confidence_threshold: 0.591
  Best training_days: 340
  Retrained on full data (1005 samples, 49 features)
  [ensemble 2/3] seed=123
    [trial 0] 49 features, training_days=150 | threshold=0.744 | labels: 1128 long, 1025 short (52/48%)
    [CV fold 0] train_end=2021-01-22 08:00 | val_start=2021-01-30 00:00 | gap=184h (22 rows)
    [CV fold 1] train_end=2021-05-21 16:00 | val_start=2021-05-29 08:00 | gap=184h (22 rows)
    [CV fold 2] train_end=2021-09-18 00:00 | val_start=2021-09-25 16:00 | gap=184h (22 rows)
    [CV fold 3] train_end=2022-01-15 08:00 | val_start=2022-01-23 00:00 | gap=184h (22 rows)
    [CV fold 4] train_end=2022-05-19 16:00 | val_start=2022-05-27 08:00 | gap=184h (22 rows)
    [trial 0] Sharpe=-0.0067 (folds: -0.0463, -0.0396, 0.0618, -0.0329, 0.0233)
    [trial 1] 49 features, training_days=220 | threshold=0.755 | labels: 1128 long, 1025 short (52/48%)
    [trial 1] Sharpe=-0.1109 (folds: -0.0273, -0.0658, -0.4418, -0.0738, 0.0542)
    [trial 2] 49 features, training_days=310 | threshold=0.754 | labels: 1128 long, 1025 short (52/48%)
    [trial 2] Sharpe=0.0150 (folds: -0.0819, 0.0348, 0.1365, 0.1307, -0.1450)
    [trial 3] 49 features, training_days=220 | threshold=0.673 | labels: 1128 long, 1025 short (52/48%)
    [trial 3] Sharpe=0.0114 (folds: -0.0351, 0.0797, 0.0026, 0.1188, -0.1089)
    [trial 4] 49 features, training_days=130 | threshold=0.803 | labels: 1128 long, 1025 short (52/48%)
    [trial 4] Sharpe=0.0157 (folds: -0.1643, -0.0430, 0.1436, 0.1656, -0.0234)
    [trial 5] 49 features, training_days=210 | threshold=0.606 | labels: 1128 long, 1025 short (52/48%)
    [trial 5] Sharpe=-0.0046 (folds: -0.1051, 0.1057, -0.0028, 0.0972, -0.1178)
    [trial 6] 49 features, training_days=130 | threshold=0.767 | labels: 1128 long, 1025 short (52/48%)
    [trial 6] Sharpe=-0.0153 (folds: -0.0688, -0.1318, 0.0788, 0.1458, -0.1004)
    [trial 7] 49 features, training_days=80 | threshold=0.556 | labels: 1128 long, 1025 short (52/48%)
    [trial 7] Sharpe=-0.0460 (folds: 0.0354, -0.0803, -0.2019, -0.0336, 0.0501)
    [trial 8] 49 features, training_days=200 | threshold=0.607 | labels: 1128 long, 1025 short (52/48%)[I 2026-06-01 23:25:38,628] Trial 8 finished with value: 0.01522866874326081 and parameters: {'confidence_threshold': 0.6066688256938841, 'training_days': 200, 'n_estimators': 367, 'max_depth': 5, 'num_leaves': 32, 'learning_rate': 0.13377519215934996, 'subsample': 0.7965884582811106, 'colsample_bytree': 0.8458508993500886, 'min_child_samples': 32, 'reg_alpha': 3.889436043816386e-05, 'reg_lambda': 1.4713062489380356e-06}. Best is trial 4 with value: 0.015710934079779325.
[I 2026-06-01 23:25:38,841] Trial 9 finished with value: -0.0005696862448977047 and parameters: {'confidence_threshold': 0.6202096049169137, 'training_days': 260, 'n_estimators': 350, 'max_depth': 3, 'num_leaves': 21, 'learning_rate': 0.02989540198065364, 'subsample': 0.8307821683331218, 'colsample_bytree': 0.923253112635361, 'min_child_samples': 64, 'reg_alpha': 0.4898604619604203, 'reg_lambda': 2.9076377687066166e-05}. Best is trial 4 with value: 0.015710934079779325.
[I 2026-06-01 23:25:39,227] Trial 10 finished with value: -0.1464700094633053 and parameters: {'confidence_threshold': 0.8445241688507242, 'training_days': 470, 'n_estimators': 493, 'max_depth': 5, 'num_leaves': 63, 'learning_rate': 0.010221918552934462, 'subsample': 0.5019190721168774, 'colsample_bytree': 0.6202684210924141, 'min_child_samples': 99, 'reg_alpha': 1.9942621118187622e-08, 'reg_lambda': 0.0201634475791616}. Best is trial 4 with value: 0.015710934079779325.
[I 2026-06-01 23:25:39,262] Trial 11 finished with value: -0.039878500540478125 and parameters: {'confidence_threshold': 0.5130958894507832, 'training_days': 30, 'n_estimators': 255, 'max_depth': 5, 'num_leaves': 32, 'learning_rate': 0.12199762873742671, 'subsample': 0.9210530603260193, 'colsample_bytree': 0.6658835715594592, 'min_child_samples': 44, 'reg_alpha': 4.28336488974334e-07, 'reg_lambda': 6.470692703374516e-07}. Best is trial 4 with value: 0.015710934079779325.
[I 2026-06-01 23:25:39,546] Trial 12 finished with value: 0.021402458333941356 and parameters: {'confidence_threshold': 0.830632524875604, 'training_days': 360, 'n_estimators': 260, 'max_depth': 5, 'num_leaves': 34, 'learning_rate': 0.11903396041010195, 'subsample': 0.5325573395575733, 'colsample_bytree': 0.5201164353688423, 'min_child_samples': 45, 'reg_alpha': 0.007803566879593233, 'reg_lambda': 7.796589835036051e-07}. Best is trial 12 with value: 0.021402458333941356.
[I 2026-06-01 23:25:39,824] Trial 13 finished with value: 0.03876900516456239 and parameters: {'confidence_threshold': 0.8387272851115479, 'training_days': 370, 'n_estimators': 270, 'max_depth': 5, 'num_leaves': 39, 'learning_rate': 0.06910557097515196, 'subsample': 0.5024707401359401, 'colsample_bytree': 0.5389794258459311, 'min_child_samples': 48, 'reg_alpha': 0.012364597712185036, 'reg_lambda': 0.0033718328951948344}. Best is trial 13 with value: 0.03876900516456239.
[I 2026-06-01 23:25:40,065] Trial 14 finished with value: 0.03487508853724808 and parameters: {'confidence_threshold': 0.8436394507808546, 'training_days': 390, 'n_estimators': 221, 'max_depth': 5, 'num_leaves': 28, 'learning_rate': 0.04845593946981536, 'subsample': 0.5029904616462106, 'colsample_bytree': 0.503402098058296, 'min_child_samples': 45, 'reg_alpha': 0.021785173833045728, 'reg_lambda': 0.0038081143008355752}. Best is trial 13 with value: 0.03876900516456239.
[I 2026-06-01 23:25:40,273] Trial 15 finished with value: -0.0130830999507927 and parameters: {'confidence_threshold': 0.7022625382235722, 'training_days': 420, 'n_estimators': 211, 'max_depth': 4, 'num_leaves': 25, 'learning_rate': 0.045811236378448306, 'subsample': 0.6180845387466594, 'colsample_bytree': 0.5093920150666754, 'min_child_samples': 46, 'reg_alpha': 8.430379645785711, 'reg_lambda': 0.005178924169393491}. Best is trial 13 with value: 0.03876900516456239.
[I 2026-06-01 23:25:40,369] Trial 16 finished with value: 0.07166455436676535 and parameters: {'confidence_threshold': 0.8030575441124939, 'training_days': 360, 'n_estimators': 50, 'max_depth': 5, 'num_leaves': 15, 'learning_rate': 0.05243792479257931, 'subsample': 0.6703188395802329, 'colsample_bytree': 0.5964399923567696, 'min_child_samples': 53, 'reg_alpha': 0.05682468732545374, 'reg_lambda': 4.018249885667575}. Best is trial 16 with value: 0.07166455436676535.
[I 2026-06-01 23:25:40,479] Trial 17 finished with value: 0.011257481510740602 and parameters: {'confidence_threshold': 0.8011681437579139, 'training_days': 490, 'n_estimators': 76, 'max_depth': 5, 'num_leaves': 15, 'learning_rate': 0.032318882716314314, 'subsample': 0.6665369722763658, 'colsample_bytree': 0.6042669130757778, 'min_child_samples': 55, 'reg_alpha': 0.12478857357260564, 'reg_lambda': 3.7194060184019375}. Best is trial 16 with value: 0.07166455436676535.
[I 2026-06-01 23:25:40,638] A new study created in memory with name: no-name-5cf7ce65-b830-47b6-b69a-be88af2c6f8b
[I 2026-06-01 23:25:40,856] Trial 0 finished with value: -0.015503033025864931 and parameters: {'confidence_threshold': 0.5870645682749857, 'training_days': 90, 'n_estimators': 403, 'max_depth': 5, 'num_leaves': 45, 'learning_rate': 0.0780457193679974, 'subsample': 0.9428509515574568, 'colsample_bytree': 0.8795587339164916, 'min_child_samples': 34, 'reg_alpha': 2.2465901234314442e-07, 'reg_lambda': 8.339007036475363e-05}. Best is trial 0 with value: -0.015503033025864931.
[I 2026-06-01 23:25:40,971] Trial 1 finished with value: 0.03301961927352891 and parameters: {'confidence_threshold': 0.6348453934275313, 'training_days': 290, 'n_estimators': 115, 'max_depth': 5, 'num_leaves': 37, 'learning_rate': 0.06949568759029946, 'subsample': 0.8228505074024268, 'colsample_bytree': 0.8616703220431751, 'min_child_samples': 75, 'reg_alpha': 4.2486822725010923e-07, 'reg_lambda': 1.157247767047042e-07}. Best is trial 1 with value: 0.03301961927352891.
[I 2026-06-01 23:25:40,994] Trial 2 finished with value: -2.0118319613687783 and parameters: {'confidence_threshold': 0.5849570384370288, 'training_days': 10, 'n_estimators': 212, 'max_depth': 3, 'num_leaves': 41, 'learning_rate': 0.18452095998378365, 'subsample': 0.6001060822924371, 'colsample_bytree': 0.5673167293506167, 'min_child_samples': 37, 'reg_alpha': 5.733250064217131, 'reg_lambda': 0.5308454292595461}. Best is trial 1 with value: 0.03301961927352891.
[I 2026-06-01 23:25:41,085] Trial 3 finished with value: -0.005055892831485873 and parameters: {'confidence_threshold': 0.6868248626683718, 'training_days': 220, 'n_estimators': 134, 'max_depth': 3, 'num_leaves': 45, 'learning_rate': 0.033529007907491595, 'subsample': 0.8647277071858408, 'colsample_bytree': 0.778494116634046, 'min_child_samples': 96, 'reg_alpha': 2.409409937265785e-07, 'reg_lambda': 1.1642073478060009}. Best is trial 1 with value: 0.03301961927352891.
[I 2026-06-01 23:25:41,169] Trial 4 finished with value: 0.0339185475233212 and parameters: {'confidence_threshold': 0.5623121348350352, 'training_days': 300, 'n_estimators': 69, 'max_depth': 4, 'num_leaves': 32, 'learning_rate': 0.14967629360700346, 'subsample': 0.5054535233636654, 'colsample_bytree': 0.7401385194659216, 'min_child_samples': 27, 'reg_alpha': 1.4212042567426725e-07, 'reg_lambda': 0.23605753701352003}. Best is trial 4 with value: 0.0339185475233212.
[I 2026-06-01 23:25:41,600] Trial 5 finished with value: -0.03771712416130135 and parameters: {'confidence_threshold': 0.7111850244908446, 'training_days': 490, 'n_estimators': 362, 'max_depth': 5, 'num_leaves': 40, 'learning_rate': 0.05960785724162737, 'subsample': 0.5589714368907717, 'colsample_bytree': 0.6659006943232806, 'min_child_samples': 42, 'reg_alpha': 0.6741360303045295, 'reg_lambda': 6.054601607143087e-08}. Best is trial 4 with value: 0.0339185475233212.
[I 2026-06-01 23:25:41,786] Trial 6 finished with value: -0.003667682911947914 and parameters: {'confidence_threshold': 0.667482545748023, 'training_days': 420, 'n_estimators': 279, 'max_depth': 3, 'num_leaves': 45, 'learning_rate': 0.040099592560849204, 'subsample': 0.8563114696415159, 'colsample_bytree': 0.5442917781944105, 'min_child_samples': 50, 'reg_alpha': 1.6407916423707903e-08, 'reg_lambda': 2.935907642973286e-05}. Best is trial 4 with value: 0.0339185475233212.
[I 2026-06-01 23:25:41,934] Trial 7 finished with value: -0.004000046458745065 and parameters: {'confidence_threshold': 0.5497381024139926, 'training_days': 120, 'n_estimators': 408, 'max_depth': 5, 'num_leaves': 38, 'learning_rate': 0.28049122657745795, 'subsample': 0.8806573338635493, 'colsample_bytree': 0.5454054113547102, 'min_child_samples': 63, 'reg_alpha': 0.01263008637940408, 'reg_lambda': 0.04588020805366937}. Best is trial 4 with value: 0.0339185475233212.
[I 2026-06-01 23:25:42,205] Trial 8 finished with value: -0.018396111702549366 and parameters: {'confidence_threshold': 0.719644804808716, 'training_days': 450, 'n_estimators': 410, 'max_depth': 4, 'num_leaves': 57, 'learning_rate': 0.04022026551478857, 'subsample': 0.5336085426932707, 'colsample_bytree': 0.5705742850577543, 'min_child_samples': 100, 'reg_alpha': 5.916398047912201e-07, 'reg_lambda': 0.9794034214488329}. Best is trial 4 with value: 0.0339185475233212.
[I 2026-06-01 23:25:42,233] Trial 9 finished with value: -7.997469530694064 and parameters: {'confidence_threshold': 0.7267463643917187, 'training_days': 20, 'n_estimators': 337, 'max_depth': 5, 'num_leaves': 23, 'learning_rate': 0.022153031811454605, 'subsample': 0.6305627572358737, 'colsample_bytree': 0.6613413774216214, 'min_child_samples': 81, 'reg_alpha': 5.7638634029410314e-08, 'reg_lambda': 8.26603016764008}. Best is trial 4 with value: 0.0339185475233212.
[I 2026-06-01 23:25:42,328] Trial 10 finished with value: 0.03260382731859819 and parameters: {'confidence_threshold': 0.8398533911817929, 'training_days': 320, 'n_estimators': 52, 'max_depth': 4, 'num_leaves': 15, 'learning_rate': 0.1708019296390162, 'subsample': 0.7130289643560688, 'colsample_bytree': 0.9944479338273263, 'min_child_samples': 23, 'reg_alpha': 6.837313901272251e-05, 'reg_lambda': 0.007549769720510555}. Best is trial 4 with value: 0.0339185475233212.
[I 2026-06-01 23:25:42,403] Trial 11 finished with value: 0.11888693974998021 and parameters: {'confidence_threshold': 0.6075016155177957, 'training_days': 300, 'n_estimators': 54, 'max_depth': 4, 'num_leaves': 29, 'learning_rate': 0.010226258249598861, 'subsample': 0.741942921860466, 'colsample_bytree': 0.8016610248739169, 'min_child_samples': 71, 'reg_alpha': 2.5646023357365184e-05, 'reg_lambda': 7.359299995524362e-08}. Best is trial 11 with value: 0.11888693974998021.
[I 2026-06-01 23:25:42,486] Trial 12 finished with value: 0.007957864126378061 and parameters: {'confidence_threshold': 0.5145853631584999, 'training_days': 360, 'n_estimators': 54, 'max_depth': 4, 'num_leaves': 26, 'learning_rate': 0.010306365551845425, 'subsample': 0.708221374482378, 'colsample_bytree': 0.7647361233728238, 'min_child_samples': 62, 'reg_alpha': 5.113460481149383e-05, 'reg_lambda': 2.0831803692649198e-06}. Best is trial 11 with value: 0.11888693974998021.
[I 2026-06-01 23:25:42,614] Trial 13 finished with value: -0.03174108964699411 and parameters: {'confidence_threshold': 0.6092349708206475, 'training_days': 210, 'n_estimators': 180, 'max_depth': 4, 'num_leaves': 30, 'learning_rate': 0.010705822780645373, 'subsample': 0.6510286759524097, 'colsample_bytree': 0.8586462110355289, 'min_child_samples': 77, 'reg_alpha': 8.465942575614097e-06, 'reg_lambda': 0.002213814638104446}. Best is trial 11 with value: 0.11888693974998021.
[I 2026-06-01 23:25:43,104] Trial 14 finished with value: 0.0032653646877982686 and parameters: {'confidence_threshold': 0.5043119352038526, 'training_days': 380, 'n_estimators': 500, 'max_depth': 4, 'num_leaves': 31, 'learning_rate': 0.11008871219728299, 'subsample': 0.5024308104942443, 'colsample_bytree': 0.6999580784418055, 'min_child_samples': 22, 'reg_alpha': 0.005155395008974287, 'reg_lambda': 1.9537169326802645e-06}. Best is trial 11 with value: 0.11888693974998021.
[I 2026-06-01 23:25:43,202] Trial 15 finished with value: -0.18337378557365028 and parameters: {'confidence_threshold': 0.7829525506318393, 'training_days': 250, 'n_estimators': 109, 'max_depth': 4, 'num_leaves': 18, 'learning_rate': 0.017198807752211255, 'subsample': 0.7712750015662843, 'colsample_bytree': 0.8144377937283438, 'min_child_samples': 56, 'reg_alpha': 3.6671354882961693e-06, 'reg_lambda': 0.0013467843257158065}. Best is trial 11 with value: 0.11888693974998021.
[I 2026-06-01 23:25:43,343] Trial 16 finished with value: -0.014994680135344721 and parameters: {'confidence_threshold': 0.5499943839243128, 'training_days': 170, 'n_estimators': 227, 'max_depth': 4, 'num_leaves': 55, 'learning_rate': 0.10440758277565931, 'subsample': 0.9475927193380842, 'colsample_bytree': 0.9580393811111498, 'min_child_samples': 70, 'reg_alpha': 0.0017917333073489729, 'reg_lambda': 0.027962847203500334}. Best is trial 11 with value: 0.11888693974998021.
