[I 2026-06-01 23:26:24,397] Trial 8 finished with value: -0.009847951742091935 and parameters: {'confidence_threshold': 0.6066688256938841, 'training_days': 200, 'n_estimators': 367, 'max_depth': 5, 'num_leaves': 32, 'learning_rate': 0.13377519215934996, 'subsample': 0.7965884582811106, 'colsample_bytree': 0.8458508993500886, 'min_child_samples': 32, 'reg_alpha': 3.889436043816386e-05, 'reg_lambda': 1.4713062489380356e-06}. Best is trial 4 with value: 0.09019404785346749.

  [label] 2021-12-21 00:00 LTCUSDT entry=153.0800 → SHORT | long=timeout(-1.86%) short=sl(-7.75%) | scanned=22 | no_tp→fwd_return=-1.7573
  [label] 2022-02-03 16:00 LTCUSDT entry=110.8900 → LONG | long=tp(+13.93%) short=sl(-7.12%) | scanned=8 | long_tp_only
  [label] 2022-02-12 00:00 LTCUSDT entry=123.1400 → SHORT | long=timeout(-5.30%) short=timeout(+5.10%) | scanned=22 | no_tp→fwd_return=-5.1973
  [label] 2022-05-18 00:00 LTCUSDT entry=71.3200 → SHORT | long=timeout(-2.58%) short=timeout(+2.38%) | scanned=22 | no_tp→fwd_return=-2.4818
  [label] 2022-06-18 16:00 LTCUSDT entry=47.1100 → LONG | long=timeout(+24.86%) short=sl(-13.79%) | scanned=22 | no_tp→fwd_return=+24.9629
  [label] 2022-07-04 16:00 LTCUSDT entry=52.2300 → SHORT | long=sl(-7.19%) short=timeout(+6.75%) | scanned=22 | no_tp→fwd_return=-6.8543
  [label] 2022-07-17 00:00 LTCUSDT entry=55.7300 → LONG | long=timeout(+3.72%) short=sl(-6.07%) | scanned=22 | no_tp→fwd_return=+3.8220
  [label] 2022-08-04 16:00 LTCUSDT entry=59.6100 → LONG | long=timeout(+3.61%) short=sl(-6.63%) | scanned=22 | no_tp→fwd_return=+3.7074
  [label] 2022-08-10 16:00 LTCUSDT entry=61.5700 → SHORT | long=timeout(-1.85%) short=sl(-5.74%) | scanned=22 | no_tp→fwd_return=-1.7541
  [label] 2022-08-23 00:00 LTCUSDT entry=55.3700 → LONG | long=timeout(+0.23%) short=timeout(-0.43%) | scanned=22 | no_tp→fwd_return=+0.3251
  [label] 2022-10-01 08:00 LTCUSDT entry=53.4500 → SHORT | long=timeout(-0.64%) short=timeout(+0.44%) | scanned=22 | no_tp→fwd_return=-0.5426
  [label] 2022-10-11 00:00 LTCUSDT entry=51.9100 → LONG | long=sl(-3.69%) short=timeout(-0.50%) | scanned=22 | no_tp→fwd_return=+0.4045
  [label] 2023-01-04 08:00 LTCUSDT entry=76.1700 → LONG | long=sl(-5.10%) short=sl(-5.10%) | scanned=13 | no_tp→fwd_return=+3.3215
  Labels: 1144 long (53.1%), 1009 short (46.9%) | weights: min=1.00, mean=3.38, max=10.00
  Features: 2153/2153 matched, 49 columns
  CV gap: 22 rows
  [ensemble 1/3] seed=42
    [trial 0] 49 features, training_days=480 | threshold=0.631 | labels: 1144 long, 1009 short (53/47%)
    [CV fold 0] train_end=2021-05-25 08:00 | val_start=2021-06-02 00:00 | gap=184h (22 rows)
    [CV fold 1] train_end=2021-09-21 16:00 | val_start=2021-09-29 08:00 | gap=184h (22 rows)
    [CV fold 2] train_end=2022-01-19 00:00 | val_start=2022-01-26 16:00 | gap=184h (22 rows)
    [CV fold 3] train_end=2022-05-23 08:00 | val_start=2022-05-31 00:00 | gap=184h (22 rows)
    [CV fold 4] train_end=2022-09-19 16:00 | val_start=2022-09-27 08:00 | gap=184h (22 rows)
    [trial 0] Sharpe=0.0424 (folds: 0.0402, 0.0720, 0.1914, -0.0992, 0.0077)
    [trial 1] 49 features, training_days=420 | threshold=0.839 | labels: 1144 long, 1009 short (53/47%)
    [trial 1] Sharpe=-3.9746 (folds: -0.0737, 0.0658, -10.0000, 0.1351, -10.0000)
    [trial 2] 49 features, training_days=190 | threshold=0.602 | labels: 1144 long, 1009 short (53/47%)
    [trial 2] Sharpe=0.0364 (folds: 0.0608, -0.0192, 0.0203, -0.1071, 0.2273)
    [trial 3] 49 features, training_days=490 | threshold=0.832 | labels: 1144 long, 1009 short (53/47%)
    [trial 3] Sharpe=0.0538 (folds: 0.0513, -0.0588, 0.2418, -0.0242, 0.0591)
    [trial 4] 49 features, training_days=340 | threshold=0.591 | labels: 1144 long, 1009 short (53/47%)
    [trial 4] Sharpe=0.0536 (folds: 0.0225, 0.0501, 0.1953, -0.0451, 0.0454)
    [trial 5] 49 features, training_days=50 | threshold=0.823 | labels: 1144 long, 1009 short (53/47%)
    [trial 5] Sharpe=-0.1094 (folds: -0.3704, -0.0535, -0.1373, -0.1014, 0.1156)
    [trial 6] 49 features, training_days=410 | threshold=0.549 | labels: 1144 long, 1009 short (53/47%)
    [trial 6] Sharpe=0.0719 (folds: 0.0207, 0.0761, 0.1247, 0.0321, 0.1059)
    [trial 7] 49 features, training_days=180 | threshold=0.526 | labels: 1144 long, 1009 short (53/47%)
    [trial 7] Sharpe=-0.0583 (folds: 0.0021, -0.0217, 0.0133, -0.1662, -0.1191)
    [trial 8] 49 features, training_days=240 | threshold=0.811 | labels: 1144 long, 1009 short (53/47%)
    [trial 8] Sharpe=-0.0282 (folds: -0.1145, -0.0106, 0.0497, -0.0522, -0.0135)
    [trial 9] 49 features, training_days=20 | threshold=0.538 | labels: 1144 long, 1009 short (53/47%)
    [trial 9] Sharpe=-2.0901 (folds: -0.0223, 0.0962, -10.0000, -0.1550, -0.3692)
    [trial 10] 49 features, training_days=350 | threshold=0.738 | labels: 1144 long, 1009 short (53/47%)
    [trial 10] Sharpe=-0.0043 (folds: -0.1184, 0.0550, 0.0638, -0.1145, 0.0929)
    [trial 11] 49 features, training_days=480 | threshold=0.713 | labels: 1144 long, 1009 short (53/47%)
    [trial 11] Sharpe=0.0954 (folds: 0.0883, 0.0786, 0.1950, -0.0265, 0.1416)
    [trial 12] 49 features, training_days=380 | threshold=0.713 | labels: 1144 long, 1009 short (53/47%)
    [trial 12] Sharpe=0.0543 (folds: 0.0802, 0.0982, 0.1559, -0.0286, -0.0345)
    [trial 13] 49 features, training_days=430 | threshold=0.672 | labels: 1144 long, 1009 short (53/47%)
    [trial 13] Sharpe=0.0768 (folds: 0.0784, 0.0720, 0.1349, -0.0254, 0.1239)
    [trial 14] 49 features, training_days=500 | threshold=0.681 | labels: 1144 long, 1009 short (53/47%)
    [trial 14] Sharpe=0.0879 (folds: 0.0500, 0.0962, 0.1558, -0.0395, 0.1771)
    [trial 15] 49 features, training_days=500 | threshold=0.758 | labels: 1144 long, 1009 short (53/47%)
    [trial 15] Sharpe=0.0969 (folds: 0.0532, 0.0929, 0.1941, -0.0286, 0.1731)
    [trial 16] 49 features, training_days=310 | threshold=0.763 | labels: 1144 long, 1009 short (53/47%)
    [trial 16] Sharpe=0.0924 (folds: 0.0743, 0.1058, 0.1971, -0.0531, 0.1379)
    [trial 17] 49 features, training_days=290 | threshold=0.778 | labels: 1144 long, 1009 short (53/47%)
    [trial 17] Sharpe=0.1101 (folds: 0.0841, 0.0885, 0.2220, -0.0158, 0.1717)
  Optuna: 18 trials, best Sharpe = 0.1101
  Best params: n_estimators=321, max_depth=4, lr=0.0894, leaves=47
  Best confidence_threshold: 0.778
  Best training_days: 290
  Retrained on full data (870 samples, 49 features)
  [ensemble 2/3] seed=123
    [trial 0] 49 features, training_days=150 | threshold=0.744 | labels: 1144 long, 1009 short (53/47%)
    [CV fold 0] train_end=2021-05-25 08:00 | val_start=2021-06-02 00:00 | gap=184h (22 rows)
    [CV fold 1] train_end=2021-09-21 16:00 | val_start=2021-09-29 08:00 | gap=184h (22 rows)
    [CV fold 2] train_end=2022-01-19 00:00 | val_start=2022-01-26 16:00 | gap=184h (22 rows)
    [CV fold 3] train_end=2022-05-23 08:00 | val_start=2022-05-31 00:00 | gap=184h (22 rows)
    [CV fold 4] train_end=2022-09-19 16:00 | val_start=2022-09-27 08:00 | gap=184h (22 rows)
    [trial 0] Sharpe=0.0342 (folds: -0.0539, 0.0036, 0.1614, -0.0316, 0.0914)
    [trial 1] 49 features, training_days=220 | threshold=0.755 | labels: 1144 long, 1009 short (53/47%)
    [trial 1] Sharpe=-0.6943 (folds: -0.1376, -0.6027, -0.2698, 0.0389, -2.5002)
    [trial 2] 49 features, training_days=310 | threshold=0.754 | labels: 1144 long, 1009 short (53/47%)
    [trial 2] Sharpe=-0.0236 (folds: -0.0718, 0.0000, 0.0694, -0.0690, -0.0468)
    [trial 3] 49 features, training_days=220 | threshold=0.673 | labels: 1144 long, 1009 short (53/47%)
    [trial 3] Sharpe=-0.0077 (folds: -0.0057, -0.0602, 0.1164, -0.0812, -0.0077)
    [trial 4] 49 features, training_days=130 | threshold=0.803 | labels: 1144 long, 1009 short (53/47%)
    [trial 4] Sharpe=0.0902 (folds: 0.0524, 0.0353, 0.1373, -0.0030, 0.2290)
    [trial 5] 49 features, training_days=210 | threshold=0.606 | labels: 1144 long, 1009 short (53/47%)
    [trial 5] Sharpe=0.0639 (folds: 0.1006, 0.0089, 0.1103, -0.0932, 0.1930)
    [trial 6] 49 features, training_days=130 | threshold=0.767 | labels: 1144 long, 1009 short (53/47%)
    [trial 6] Sharpe=0.0248 (folds: -0.0015, 0.0371, 0.0403, -0.0584, 0.1064)
    [trial 7] 49 features, training_days=80 | threshold=0.556 | labels: 1144 long, 1009 short (53/47%)
    [trial 7] Sharpe=0.0147 (folds: 0.0241, -0.1682, 0.0381, -0.0415, 0.2209)
    [trial 8] 49 features, training_days=200 | threshold=0.607 | labels: 1144 long, 1009 short (53/47%)
    [trial 8] Sharpe=-0.0098 (folds: 0.0243, 0.0076, 0.0148, -0.0920, -0.0040)
    [trial 9] 49 features, training_days=260 | threshold=0.620 | labels: 1144 long, 1009 short (53/47%)[I 2026-06-01 23:26:24,617] Trial 9 finished with value: 0.0132928929470035 and parameters: {'confidence_threshold': 0.6202096049169137, 'training_days': 260, 'n_estimators': 350, 'max_depth': 3, 'num_leaves': 21, 'learning_rate': 0.02989540198065364, 'subsample': 0.8307821683331218, 'colsample_bytree': 0.923253112635361, 'min_child_samples': 64, 'reg_alpha': 0.4898604619604203, 'reg_lambda': 2.9076377687066166e-05}. Best is trial 4 with value: 0.09019404785346749.
[I 2026-06-01 23:26:25,007] Trial 10 finished with value: 0.05291409268169913 and parameters: {'confidence_threshold': 0.8445241688507242, 'training_days': 470, 'n_estimators': 493, 'max_depth': 5, 'num_leaves': 63, 'learning_rate': 0.010221918552934462, 'subsample': 0.5019190721168774, 'colsample_bytree': 0.6202684210924141, 'min_child_samples': 99, 'reg_alpha': 1.9942621118187622e-08, 'reg_lambda': 0.0201634475791616}. Best is trial 4 with value: 0.09019404785346749.
[I 2026-06-01 23:26:25,038] Trial 11 finished with value: 0.03194124753284642 and parameters: {'confidence_threshold': 0.5130539202318031, 'training_days': 30, 'n_estimators': 257, 'max_depth': 5, 'num_leaves': 41, 'learning_rate': 0.08620962876293897, 'subsample': 0.9210530603260193, 'colsample_bytree': 0.6778283959364831, 'min_child_samples': 78, 'reg_alpha': 5.742247406700029, 'reg_lambda': 1.00349377967668e-08}. Best is trial 4 with value: 0.09019404785346749.
[I 2026-06-01 23:26:25,303] Trial 12 finished with value: 0.02037989547290546 and parameters: {'confidence_threshold': 0.830632524875604, 'training_days': 350, 'n_estimators': 252, 'max_depth': 5, 'num_leaves': 37, 'learning_rate': 0.11145343850561013, 'subsample': 0.5325573395575733, 'colsample_bytree': 0.5201164353688423, 'min_child_samples': 49, 'reg_alpha': 0.05982161197147965, 'reg_lambda': 4.4183039420778844e-07}. Best is trial 4 with value: 0.09019404785346749.
[I 2026-06-01 23:26:25,342] Trial 13 finished with value: -0.040458811627988964 and parameters: {'confidence_threshold': 0.6676681644376227, 'training_days': 10, 'n_estimators': 475, 'max_depth': 5, 'num_leaves': 43, 'learning_rate': 0.06238073720474572, 'subsample': 0.6646667164893812, 'colsample_bytree': 0.9141095054883511, 'min_child_samples': 77, 'reg_alpha': 3.791617543006215e-07, 'reg_lambda': 3.3084859739591915e-07}. Best is trial 4 with value: 0.09019404785346749.
[I 2026-06-01 23:26:25,458] Trial 14 finished with value: 0.07343924213173844 and parameters: {'confidence_threshold': 0.6064803304844418, 'training_days': 110, 'n_estimators': 301, 'max_depth': 5, 'num_leaves': 28, 'learning_rate': 0.17769396482476296, 'subsample': 0.878228037179165, 'colsample_bytree': 0.9928858122524122, 'min_child_samples': 76, 'reg_alpha': 0.06278179284163313, 'reg_lambda': 0.002238160234885918}. Best is trial 4 with value: 0.09019404785346749.
[I 2026-06-01 23:26:25,590] Trial 15 finished with value: 0.09036075640932381 and parameters: {'confidence_threshold': 0.7114655608346976, 'training_days': 90, 'n_estimators': 300, 'max_depth': 4, 'num_leaves': 25, 'learning_rate': 0.17710789728615237, 'subsample': 0.8966418548807951, 'colsample_bytree': 0.9972805333912819, 'min_child_samples': 46, 'reg_alpha': 0.0021337810092520127, 'reg_lambda': 0.003357590817136605}. Best is trial 15 with value: 0.09036075640932381.
[I 2026-06-01 23:26:25,682] Trial 16 finished with value: 0.08539379345305653 and parameters: {'confidence_threshold': 0.794624448167231, 'training_days': 60, 'n_estimators': 209, 'max_depth': 4, 'num_leaves': 15, 'learning_rate': 0.2706033678789115, 'subsample': 0.9689341817696226, 'colsample_bytree': 0.9182676696103418, 'min_child_samples': 43, 'reg_alpha': 0.0013218918788731318, 'reg_lambda': 0.14009377157861788}. Best is trial 15 with value: 0.09036075640932381.
[I 2026-06-01 23:26:25,920] Trial 17 finished with value: 0.03567890696136735 and parameters: {'confidence_threshold': 0.7110519736587814, 'training_days': 140, 'n_estimators': 429, 'max_depth': 4, 'num_leaves': 27, 'learning_rate': 0.15574750436377124, 'subsample': 0.5975400821780594, 'colsample_bytree': 0.982300071998977, 'min_child_samples': 44, 'reg_alpha': 0.012689405301989979, 'reg_lambda': 0.005685240851130799}. Best is trial 15 with value: 0.09036075640932381.
[I 2026-06-01 23:26:26,127] A new study created in memory with name: no-name-ff1b791f-34ec-4ce2-ace1-4d65157d1191
[I 2026-06-01 23:26:26,343] Trial 0 finished with value: 0.033072200714750484 and parameters: {'confidence_threshold': 0.5870645682749857, 'training_days': 90, 'n_estimators': 403, 'max_depth': 5, 'num_leaves': 45, 'learning_rate': 0.0780457193679974, 'subsample': 0.9428509515574568, 'colsample_bytree': 0.8795587339164916, 'min_child_samples': 34, 'reg_alpha': 2.2465901234314442e-07, 'reg_lambda': 8.339007036475363e-05}. Best is trial 0 with value: 0.033072200714750484.
[I 2026-06-01 23:26:26,473] Trial 1 finished with value: 0.04034209294328537 and parameters: {'confidence_threshold': 0.6348453934275313, 'training_days': 290, 'n_estimators': 115, 'max_depth': 5, 'num_leaves': 37, 'learning_rate': 0.06949568759029946, 'subsample': 0.8228505074024268, 'colsample_bytree': 0.8616703220431751, 'min_child_samples': 75, 'reg_alpha': 4.2486822725010923e-07, 'reg_lambda': 1.157247767047042e-07}. Best is trial 1 with value: 0.04034209294328537.
[I 2026-06-01 23:26:26,492] Trial 2 finished with value: -0.040458811627988964 and parameters: {'confidence_threshold': 0.5849570384370288, 'training_days': 10, 'n_estimators': 212, 'max_depth': 3, 'num_leaves': 41, 'learning_rate': 0.18452095998378365, 'subsample': 0.6001060822924371, 'colsample_bytree': 0.5673167293506167, 'min_child_samples': 37, 'reg_alpha': 5.733250064217131, 'reg_lambda': 0.5308454292595461}. Best is trial 1 with value: 0.04034209294328537.
[I 2026-06-01 23:26:26,576] Trial 3 finished with value: 0.01637612631221827 and parameters: {'confidence_threshold': 0.6868248626683718, 'training_days': 220, 'n_estimators': 134, 'max_depth': 3, 'num_leaves': 45, 'learning_rate': 0.033529007907491595, 'subsample': 0.8647277071858408, 'colsample_bytree': 0.778494116634046, 'min_child_samples': 96, 'reg_alpha': 2.409409937265785e-07, 'reg_lambda': 1.1642073478060009}. Best is trial 1 with value: 0.04034209294328537.
[I 2026-06-01 23:26:26,661] Trial 4 finished with value: 0.010471193076149266 and parameters: {'confidence_threshold': 0.5623121348350352, 'training_days': 300, 'n_estimators': 69, 'max_depth': 4, 'num_leaves': 32, 'learning_rate': 0.14967629360700346, 'subsample': 0.5054535233636654, 'colsample_bytree': 0.7401385194659216, 'min_child_samples': 27, 'reg_alpha': 1.4212042567426725e-07, 'reg_lambda': 0.23605753701352003}. Best is trial 1 with value: 0.04034209294328537.
[I 2026-06-01 23:26:27,137] Trial 5 finished with value: 0.032427266683850334 and parameters: {'confidence_threshold': 0.7111850244908446, 'training_days': 490, 'n_estimators': 362, 'max_depth': 5, 'num_leaves': 40, 'learning_rate': 0.05960785724162737, 'subsample': 0.5589714368907717, 'colsample_bytree': 0.6659006943232806, 'min_child_samples': 42, 'reg_alpha': 0.6741360303045295, 'reg_lambda': 6.054601607143087e-08}. Best is trial 1 with value: 0.04034209294328537.
[I 2026-06-01 23:26:27,333] Trial 6 finished with value: 0.02700750495772213 and parameters: {'confidence_threshold': 0.667482545748023, 'training_days': 420, 'n_estimators': 279, 'max_depth': 3, 'num_leaves': 45, 'learning_rate': 0.040099592560849204, 'subsample': 0.8563114696415159, 'colsample_bytree': 0.5442917781944105, 'min_child_samples': 50, 'reg_alpha': 1.6407916423707903e-08, 'reg_lambda': 2.935907642973286e-05}. Best is trial 1 with value: 0.04034209294328537.
[I 2026-06-01 23:26:27,488] Trial 7 finished with value: 0.04898645035625811 and parameters: {'confidence_threshold': 0.5497381024139926, 'training_days': 120, 'n_estimators': 408, 'max_depth': 5, 'num_leaves': 38, 'learning_rate': 0.28049122657745795, 'subsample': 0.8806573338635493, 'colsample_bytree': 0.5454054113547102, 'min_child_samples': 63, 'reg_alpha': 0.01263008637940408, 'reg_lambda': 0.04588020805366937}. Best is trial 7 with value: 0.04898645035625811.
[I 2026-06-01 23:26:27,764] Trial 8 finished with value: 0.13371153122064566 and parameters: {'confidence_threshold': 0.719644804808716, 'training_days': 450, 'n_estimators': 410, 'max_depth': 4, 'num_leaves': 57, 'learning_rate': 0.04022026551478857, 'subsample': 0.5336085426932707, 'colsample_bytree': 0.5705742850577543, 'min_child_samples': 100, 'reg_alpha': 5.916398047912201e-07, 'reg_lambda': 0.9794034214488329}. Best is trial 8 with value: 0.13371153122064566.
[I 2026-06-01 23:26:27,793] Trial 9 finished with value: -6.078312182064356 and parameters: {'confidence_threshold': 0.7267463643917187, 'training_days': 20, 'n_estimators': 337, 'max_depth': 5, 'num_leaves': 23, 'learning_rate': 0.022153031811454605, 'subsample': 0.6305627572358737, 'colsample_bytree': 0.6613413774216214, 'min_child_samples': 81, 'reg_alpha': 5.7638634029410314e-08, 'reg_lambda': 8.26603016764008}. Best is trial 8 with value: 0.13371153122064566.
[I 2026-06-01 23:26:28,155] Trial 10 finished with value: 0.06722458416637092 and parameters: {'confidence_threshold': 0.8283920119574972, 'training_days': 400, 'n_estimators': 485, 'max_depth': 4, 'num_leaves': 63, 'learning_rate': 0.011927505552849117, 'subsample': 0.7130289643560688, 'colsample_bytree': 0.9944479338273263, 'min_child_samples': 100, 'reg_alpha': 5.0239970328459277e-05, 'reg_lambda': 0.0028438774509831773}. Best is trial 8 with value: 0.13371153122064566.
[I 2026-06-01 23:26:28,504] Trial 11 finished with value: 0.06340067798687392 and parameters: {'confidence_threshold': 0.8431920368994753, 'training_days': 400, 'n_estimators': 478, 'max_depth': 4, 'num_leaves': 61, 'learning_rate': 0.010033528037260202, 'subsample': 0.6988002958677881, 'colsample_bytree': 0.9628722124262472, 'min_child_samples': 100, 'reg_alpha': 5.263694533895985e-05, 'reg_lambda': 0.0038935771291352755}. Best is trial 8 with value: 0.13371153122064566.
[I 2026-06-01 23:26:28,903] Trial 12 finished with value: 0.07712485158483462 and parameters: {'confidence_threshold': 0.8097987051847976, 'training_days': 500, 'n_estimators': 490, 'max_depth': 4, 'num_leaves': 63, 'learning_rate': 0.010255894610795194, 'subsample': 0.7221629666626523, 'colsample_bytree': 0.9826583982594713, 'min_child_samples': 85, 'reg_alpha': 3.0366481742941654e-05, 'reg_lambda': 0.004296708263438564}. Best is trial 8 with value: 0.13371153122064566.
[I 2026-06-01 23:26:29,303] Trial 13 finished with value: 0.0925190530557785 and parameters: {'confidence_threshold': 0.779302900487016, 'training_days': 490, 'n_estimators': 497, 'max_depth': 4, 'num_leaves': 55, 'learning_rate': 0.022084766638707336, 'subsample': 0.7663395112821221, 'colsample_bytree': 0.6447899325131485, 'min_child_samples': 84, 'reg_alpha': 7.684962285283632e-06, 'reg_lambda': 5.030394345033015e-06}. Best is trial 8 with value: 0.13371153122064566.
[I 2026-06-01 23:26:29,621] Trial 14 finished with value: 0.047658144149843276 and parameters: {'confidence_threshold': 0.7608914580281968, 'training_days': 350, 'n_estimators': 423, 'max_depth': 4, 'num_leaves': 54, 'learning_rate': 0.021579034541376534, 'subsample': 0.7851487748866213, 'colsample_bytree': 0.616889869536744, 'min_child_samples': 66, 'reg_alpha': 3.816549197227998e-06, 'reg_lambda': 3.815514745545098e-06}. Best is trial 8 with value: 0.13371153122064566.
[I 2026-06-01 23:26:29,837] Trial 15 finished with value: 0.1394869711370746 and parameters: {'confidence_threshold': 0.7785734141251348, 'training_days': 450, 'n_estimators': 309, 'max_depth': 4, 'num_leaves': 55, 'learning_rate': 0.02057539163674359, 'subsample': 0.6512150728280258, 'colsample_bytree': 0.502925720040233, 'min_child_samples': 88, 'reg_alpha': 0.002133995302102601, 'reg_lambda': 1.4444512139739016e-06}. Best is trial 15 with value: 0.1394869711370746.
[I 2026-06-01 23:26:29,993] Trial 16 finished with value: 0.02961577711314397 and parameters: {'confidence_threshold': 0.7567835179428899, 'training_days': 220, 'n_estimators': 247, 'max_depth': 4, 'num_leaves': 54, 'learning_rate': 0.03242547301131303, 'subsample': 0.6481199080537946, 'colsample_bytree': 0.5094684644014628, 'min_child_samples': 90, 'reg_alpha': 0.0036991964421060736, 'reg_lambda': 1.2606173247248984e-06}. Best is trial 15 with value: 0.1394869711370746.
