[I 2026-06-01 23:25:54,593] Trial 17 finished with value: 0.10263706039448091 and parameters: {'confidence_threshold': 0.773117637686033, 'training_days': 390, 'n_estimators': 126, 'max_depth': 4, 'num_leaves': 51, 'learning_rate': 0.05485054935177993, 'subsample': 0.8166496944734324, 'colsample_bytree': 0.9337696835729447, 'min_child_samples': 88, 'reg_alpha': 1.2071633330739836e-08, 'reg_lambda': 0.001352150060975526}. Best is trial 17 with value: 0.10263706039448091.

    [trial 9] Sharpe=0.1123 (folds: 0.0766, 0.3823, 0.1521, 0.1546, -0.2039)
    [trial 10] 49 features, training_days=470 | threshold=0.534 | labels: 1122 long, 1031 short (52/48%)
    [trial 10] Sharpe=0.0395 (folds: 0.0829, 0.3344, 0.0131, -0.0273, -0.2058)
    [trial 11] 49 features, training_days=340 | threshold=0.633 | labels: 1122 long, 1031 short (52/48%)
    [trial 11] Sharpe=0.0507 (folds: 0.0429, 0.3363, -0.0211, 0.1096, -0.2141)
    [trial 12] 49 features, training_days=20 | threshold=0.596 | labels: 1122 long, 1031 short (52/48%)
    [trial 12] Sharpe=-0.0886 (folds: -0.0027, -0.1763, -0.2387, 0.0944, -0.1196)
    [trial 13] 49 features, training_days=340 | threshold=0.504 | labels: 1122 long, 1031 short (52/48%)
    [trial 13] Sharpe=0.0576 (folds: 0.0633, 0.3544, -0.0412, 0.1303, -0.2187)
    [trial 14] 49 features, training_days=290 | threshold=0.666 | labels: 1122 long, 1031 short (52/48%)
    [trial 14] Sharpe=0.0798 (folds: 0.0306, 0.3051, 0.0938, 0.1632, -0.1937)
    [trial 15] 49 features, training_days=480 | threshold=0.687 | labels: 1122 long, 1031 short (52/48%)
    [trial 15] Sharpe=0.0500 (folds: 0.1315, 0.3329, -0.1594, 0.1268, -0.1821)
    [trial 16] 49 features, training_days=310 | threshold=0.682 | labels: 1122 long, 1031 short (52/48%)
    [trial 16] Sharpe=0.0994 (folds: 0.1329, 0.3243, 0.0134, 0.2428, -0.2163)
    [trial 17] 49 features, training_days=400 | threshold=0.711 | labels: 1122 long, 1031 short (52/48%)
    [trial 17] Sharpe=0.1083 (folds: -0.0093, 0.4447, 0.0701, 0.2020, -0.1661)
  Optuna: 18 trials, best Sharpe = 0.1123
  Best params: n_estimators=350, max_depth=3, lr=0.0299, leaves=21
  Best confidence_threshold: 0.620
  Best training_days: 260
  Retrained on full data (765 samples, 49 features)
  [ensemble 3/3] seed=456
    [trial 0] 49 features, training_days=90 | threshold=0.587 | labels: 1122 long, 1031 short (52/48%)
    [CV fold 0] train_end=2021-02-22 08:00 | val_start=2021-03-02 00:00 | gap=184h (22 rows)
    [CV fold 1] train_end=2021-06-21 16:00 | val_start=2021-06-29 08:00 | gap=184h (22 rows)
    [CV fold 2] train_end=2021-10-19 00:00 | val_start=2021-10-26 16:00 | gap=184h (22 rows)
    [CV fold 3] train_end=2022-02-15 08:00 | val_start=2022-02-23 00:00 | gap=184h (22 rows)
    [CV fold 4] train_end=2022-06-19 16:00 | val_start=2022-06-27 08:00 | gap=184h (22 rows)
    [trial 0] Sharpe=-0.0563 (folds: 0.0008, 0.0472, -0.1082, -0.0105, -0.2107)
    [trial 1] 49 features, training_days=290 | threshold=0.635 | labels: 1122 long, 1031 short (52/48%)
    [trial 1] Sharpe=0.0859 (folds: 0.0302, 0.3793, 0.0364, 0.2142, -0.2305)
    [trial 2] 49 features, training_days=10 | threshold=0.585 | labels: 1122 long, 1031 short (52/48%)
    [trial 2] Sharpe=-0.0142 (folds: -0.0027, -0.1763, 0.2295, 0.0944, -0.2158)
    [trial 3] 49 features, training_days=220 | threshold=0.687 | labels: 1122 long, 1031 short (52/48%)
    [trial 3] Sharpe=0.0780 (folds: 0.0340, 0.3379, 0.0433, 0.1637, -0.1890)
    [trial 4] 49 features, training_days=300 | threshold=0.562 | labels: 1122 long, 1031 short (52/48%)
    [trial 4] Sharpe=0.0777 (folds: 0.0159, 0.3954, -0.0074, 0.2075, -0.2227)
    [trial 5] 49 features, training_days=490 | threshold=0.711 | labels: 1122 long, 1031 short (52/48%)
    [trial 5] Sharpe=0.0298 (folds: 0.0503, 0.3847, -0.0310, -0.0888, -0.1664)
    [trial 6] 49 features, training_days=420 | threshold=0.667 | labels: 1122 long, 1031 short (52/48%)
    [trial 6] Sharpe=0.0825 (folds: 0.0487, 0.4373, -0.0761, 0.1639, -0.1611)
    [trial 7] 49 features, training_days=120 | threshold=0.550 | labels: 1122 long, 1031 short (52/48%)
    [trial 7] Sharpe=-0.0035 (folds: 0.1094, 0.0907, 0.0143, -0.0053, -0.2267)
    [trial 8] 49 features, training_days=450 | threshold=0.720 | labels: 1122 long, 1031 short (52/48%)
    [trial 8] Sharpe=0.0539 (folds: 0.0733, 0.3531, -0.1205, 0.1602, -0.1966)
    [trial 9] 49 features, training_days=20 | threshold=0.727 | labels: 1122 long, 1031 short (52/48%)
    [trial 9] Sharpe=-6.0830 (folds: -10.0000, -0.1763, -0.2387, -10.0000, -10.0000)
    [trial 10] 49 features, training_days=320 | threshold=0.840 | labels: 1122 long, 1031 short (52/48%)
    [trial 10] Sharpe=-2.0257 (folds: -0.1642, -10.0000, -0.2836, 0.3394, -0.0202)
    [trial 11] 49 features, training_days=390 | threshold=0.644 | labels: 1122 long, 1031 short (52/48%)
    [trial 11] Sharpe=0.0748 (folds: 0.1354, 0.3730, -0.0456, 0.1032, -0.1921)
    [trial 12] 49 features, training_days=390 | threshold=0.631 | labels: 1122 long, 1031 short (52/48%)
    [trial 12] Sharpe=0.0963 (folds: 0.1073, 0.3887, -0.0099, 0.2003, -0.2048)
    [trial 13] 49 features, training_days=230 | threshold=0.504 | labels: 1122 long, 1031 short (52/48%)
    [trial 13] Sharpe=0.0472 (folds: -0.0036, 0.3369, 0.0114, 0.1161, -0.2250)
    [trial 14] 49 features, training_days=350 | threshold=0.621 | labels: 1122 long, 1031 short (52/48%)
    [trial 14] Sharpe=0.0589 (folds: 0.0384, 0.3648, -0.0414, 0.1421, -0.2095)
    [trial 15] 49 features, training_days=180 | threshold=0.776 | labels: 1122 long, 1031 short (52/48%)
    [trial 15] Sharpe=-6.1281 (folds: -0.7168, -10.0000, -10.0000, -10.0000, 0.0764)
    [trial 16] 49 features, training_days=270 | threshold=0.629 | labels: 1122 long, 1031 short (52/48%)
    [trial 16] Sharpe=0.0791 (folds: 0.0225, 0.4071, 0.0646, 0.1185, -0.2173)
    [trial 17] 49 features, training_days=390 | threshold=0.773 | labels: 1122 long, 1031 short (52/48%)
    [trial 17] Sharpe=0.1026 (folds: 0.1181, 0.3804, -0.0977, 0.3135, -0.2011)
  Optuna: 18 trials, best Sharpe = 0.1026
  Best params: n_estimators=126, max_depth=4, lr=0.0549, leaves=51
  Best confidence_threshold: 0.773
  Best training_days: 390
  Retrained on full data (1155 samples, 49 features)
  OOD: 16 features, cutoff (q=0.7) = 13.79
  Model trained for 2022-11: 90 test candles with features, confidence_threshold=0.718
[trade:close] 2022-11-02 15:59 LTCUSDT SHORT → stop_loss @ 58.24 | PnL=-3.73% (net -3.83%) | cum=+27.64% 2022-11=-3.83% 2022-11-02=-3.83%
[predict] 2022-11-07 16:00 LTCUSDT → SHORT (proba=0.88 TP=15.8%/SL=7.9%)
[trade:open] 2022-11-07 23:59 LTCUSDT SHORT @ 67.38 | SL=72.69 TP=56.76 | timeout=2022-11-14 23:59
[trade:close] 2022-11-08 23:59 LTCUSDT SHORT → take_profit @ 56.76 | PnL=+15.76% (net +15.66%) | cum=+43.30% 2022-11=+11.83% 2022-11-08=+15.66%
[predict] 2022-11-17 08:00 LTCUSDT → LONG (proba=0.78 TP=16.3%/SL=8.2%)
[trade:open] 2022-11-17 15:59 LTCUSDT LONG @ 59.06 | SL=54.24 TP=68.69 | timeout=2022-11-24 15:59
[trade:close] 2022-11-22 15:59 LTCUSDT LONG → take_profit @ 68.69 | PnL=+16.31% (net +16.21%) | cum=+59.51% 2022-11=+28.04% 2022-11-22=+16.21%
[predict] 2022-11-25 16:00 LTCUSDT → SHORT (proba=0.77 TP=19.5%/SL=9.7%)
[trade:open] 2022-11-25 23:59 LTCUSDT SHORT @ 74.04 | SL=81.25 TP=59.63 | timeout=2022-12-02 23:59
[lgbm] === Training for 2022-12 ===
  Train window: 2020-12-01 → 2022-11-23
  2153 training samples from 1 symbols
  Samples per month: 2020-12: 93, 2021-01: 93, 2021-02: 84, 2021-03: 93, 2021-04: 90, 2021-05: 93, 2021-06: 90, 2021-07: 93, 2021-08: 93, 2021-09: 90, 2021-10: 93, 2021-11: 90, 2021-12: 93, 2022-01: 93, 2022-02: 75, 2022-03: 93, 2022-04: 84, 2022-05: 93, 2022-06: 90, 2022-07: 93, 2022-08: 93, 2022-09: 90, 2022-10: 93, 2022-11: 68
  [label] 2021-01-31 00:00 LTCUSDT entry=130.9500 → LONG | long=tp(+21.30%) short=sl(-10.80%) | scanned=12 | long_tp_only
  [label] 2021-02-02 08:00 LTCUSDT entry=145.8200 → LONG | long=tp(+18.16%) short=sl(-9.23%) | scanned=20 | long_tp_only
  [label] 2021-02-06 00:00 LTCUSDT entry=159.6400 → LONG | long=tp(+18.52%) short=sl(-9.41%) | scanned=12 | long_tp_only
  [label] 2021-03-02 16:00 LTCUSDT entry=179.2700 → LONG | long=timeout(+13.68%) short=sl(-12.78%) | scanned=22 | no_tp→fwd_return=+13.7837
  [label] 2021-04-23 16:00 LTCUSDT entry=241.3800 → LONG | long=timeout(+12.35%) short=timeout(-12.55%) | scanned=22 | no_tp→fwd_return=+12.4493
  [label] 2021-10-05 08:00 LTCUSDT entry=168.4100 → LONG | long=timeout(+1.92%) short=sl(-6.53%) | scanned=22 | no_tp→fwd_return=+2.0189
  [label] 2021-10-09 08:00 LTCUSDT entry=179.9500 → LONG | long=sl(-6.74%) short=sl(-6.74%) | scanned=19 | no_tp→fwd_return=+5.5071[I 2026-06-01 23:25:55,053] A new study created in memory with name: no-name-b62925b5-df3d-48e4-8d7e-c3b871c73baf
[I 2026-06-01 23:25:55,391] Trial 0 finished with value: 0.0005811168930058175 and parameters: {'confidence_threshold': 0.6310890415965769, 'training_days': 480, 'n_estimators': 380, 'max_depth': 4, 'num_leaves': 22, 'learning_rate': 0.01699897838270077, 'subsample': 0.5290418060840998, 'colsample_bytree': 0.9330880728874675, 'min_child_samples': 68, 'reg_alpha': 0.023585940584142682, 'reg_lambda': 1.5320059381854043e-08}. Best is trial 0 with value: 0.0005811168930058175.
[I 2026-06-01 23:25:55,508] Trial 1 finished with value: 0.14067655733883547 and parameters: {'confidence_threshold': 0.839468448256698, 'training_days': 420, 'n_estimators': 145, 'max_depth': 3, 'num_leaves': 23, 'learning_rate': 0.028145092716060652, 'subsample': 0.762378215816119, 'colsample_bytree': 0.7159725093210578, 'min_child_samples': 43, 'reg_alpha': 0.0032112643094417484, 'reg_lambda': 1.8007140198129195e-07}. Best is trial 1 with value: 0.14067655733883547.
[I 2026-06-01 23:25:55,660] Trial 2 finished with value: 0.004975263527959112 and parameters: {'confidence_threshold': 0.6022506269873263, 'training_days': 190, 'n_estimators': 255, 'max_depth': 5, 'num_leaves': 24, 'learning_rate': 0.05748924681991978, 'subsample': 0.7962072844310213, 'colsample_bytree': 0.5232252063599989, 'min_child_samples': 69, 'reg_alpha': 3.425445902633376e-07, 'reg_lambda': 3.850031979199519e-08}. Best is trial 1 with value: 0.14067655733883547.
[I 2026-06-01 23:25:55,913] Trial 3 finished with value: -0.019171800136095436 and parameters: {'confidence_threshold': 0.8321099380386666, 'training_days': 490, 'n_estimators': 414, 'max_depth': 3, 'num_leaves': 19, 'learning_rate': 0.1024932221692416, 'subsample': 0.7200762468698007, 'colsample_bytree': 0.5610191174223894, 'min_child_samples': 60, 'reg_alpha': 2.039373116525212e-08, 'reg_lambda': 1.527156759251193}. Best is trial 1 with value: 0.14067655733883547.
[I 2026-06-01 23:25:56,071] Trial 4 finished with value: 0.057630085697666665 and parameters: {'confidence_threshold': 0.5905729935600059, 'training_days': 340, 'n_estimators': 190, 'max_depth': 4, 'num_leaves': 41, 'learning_rate': 0.01875220945578641, 'subsample': 0.9847923138822793, 'colsample_bytree': 0.8875664116805573, 'min_child_samples': 96, 'reg_alpha': 1.1309571585271483, 'reg_lambda': 0.002404915432737351}. Best is trial 1 with value: 0.14067655733883547.
[I 2026-06-01 23:25:56,116] Trial 5 finished with value: -2.0352805018753943 and parameters: {'confidence_threshold': 0.8226559822580909, 'training_days': 50, 'n_estimators': 138, 'max_depth': 3, 'num_leaves': 30, 'learning_rate': 0.03750796359625606, 'subsample': 0.6356745158869479, 'colsample_bytree': 0.9143687545759647, 'min_child_samples': 48, 'reg_alpha': 3.376063348877853e-06, 'reg_lambda': 0.0007660634613082914}. Best is trial 1 with value: 0.14067655733883547.
[I 2026-06-01 23:25:56,218] Trial 6 finished with value: 0.05104844226657727 and parameters: {'confidence_threshold': 0.5493234787411669, 'training_days': 410, 'n_estimators': 83, 'max_depth': 5, 'num_leaves': 52, 'learning_rate': 0.019657448966046126, 'subsample': 0.5027610585618012, 'colsample_bytree': 0.9077307142274171, 'min_child_samples': 77, 'reg_alpha': 0.03639690979811287, 'reg_lambda': 0.08738424135626986}. Best is trial 1 with value: 0.14067655733883547.
[I 2026-06-01 23:25:56,310] Trial 7 finished with value: -0.024810591742508305 and parameters: {'confidence_threshold': 0.5259156281069316, 'training_days': 180, 'n_estimators': 102, 'max_depth': 5, 'num_leaves': 45, 'learning_rate': 0.030816017044468066, 'subsample': 0.5317791751430119, 'colsample_bytree': 0.6554911608578311, 'min_child_samples': 46, 'reg_alpha': 0.036851536911881845, 'reg_lambda': 0.005470376807480391}. Best is trial 1 with value: 0.14067655733883547.
[I 2026-06-01 23:25:56,409] Trial 8 finished with value: 0.15204983647821507 and parameters: {'confidence_threshold': 0.8105244599017143, 'training_days': 240, 'n_estimators': 103, 'max_depth': 5, 'num_leaves': 52, 'learning_rate': 0.06746437142284309, 'subsample': 0.8854835899772805, 'colsample_bytree': 0.7468977981821954, 'min_child_samples': 62, 'reg_alpha': 7.04480806377519e-05, 'reg_lambda': 1.6934490731313353e-08}. Best is trial 8 with value: 0.15204983647821507.
[I 2026-06-01 23:25:56,438] Trial 9 finished with value: -0.03663889224291293 and parameters: {'confidence_threshold': 0.5377619994476566, 'training_days': 20, 'n_estimators': 337, 'max_depth': 3, 'num_leaves': 39, 'learning_rate': 0.21907142272152816, 'subsample': 0.6246461145744375, 'colsample_bytree': 0.7051914615178149, 'min_child_samples': 81, 'reg_alpha': 1.1459970229341322e-06, 'reg_lambda': 4.929685216887945e-08}. Best is trial 8 with value: 0.15204983647821507.
[I 2026-06-01 23:25:56,995] Trial 10 finished with value: -0.055657962340136556 and parameters: {'confidence_threshold': 0.734042426776949, 'training_days': 280, 'n_estimators': 487, 'max_depth': 5, 'num_leaves': 62, 'learning_rate': 0.10432148521337849, 'subsample': 0.9416850669512905, 'colsample_bytree': 0.8120417635861826, 'min_child_samples': 27, 'reg_alpha': 7.238112263003475e-05, 'reg_lambda': 3.3639426888455256e-06}. Best is trial 8 with value: 0.15204983647821507.
[I 2026-06-01 23:25:57,230] Trial 11 finished with value: -0.004530721321588027 and parameters: {'confidence_threshold': 0.7440045644190331, 'training_days': 320, 'n_estimators': 206, 'max_depth': 4, 'num_leaves': 55, 'learning_rate': 0.010706910961821454, 'subsample': 0.857814665026804, 'colsample_bytree': 0.7745443264032007, 'min_child_samples': 30, 'reg_alpha': 0.0002674461616954016, 'reg_lambda': 7.868729181011707e-06}. Best is trial 8 with value: 0.15204983647821507.
[I 2026-06-01 23:25:57,291] Trial 12 finished with value: 0.01889452841078604 and parameters: {'confidence_threshold': 0.7700824501399284, 'training_days': 190, 'n_estimators': 59, 'max_depth': 3, 'num_leaves': 33, 'learning_rate': 0.0656285649451873, 'subsample': 0.8426110070012842, 'colsample_bytree': 0.6490082429333545, 'min_child_samples': 48, 'reg_alpha': 0.001457343039598377, 'reg_lambda': 1.953219513655572e-06}. Best is trial 8 with value: 0.15204983647821507.
[I 2026-06-01 23:25:57,450] Trial 13 finished with value: 0.005628921773592295 and parameters: {'confidence_threshold': 0.8492910061460892, 'training_days': 400, 'n_estimators': 151, 'max_depth': 4, 'num_leaves': 52, 'learning_rate': 0.1061433197798566, 'subsample': 0.8939550645860711, 'colsample_bytree': 0.8155421717694826, 'min_child_samples': 40, 'reg_alpha': 1.930219392213938e-05, 'reg_lambda': 4.853786638244098e-07}. Best is trial 8 with value: 0.15204983647821507.
[I 2026-06-01 23:25:57,571] Trial 14 finished with value: -0.08144955098438228 and parameters: {'confidence_threshold': 0.689769751463316, 'training_days': 100, 'n_estimators': 277, 'max_depth': 4, 'num_leaves': 15, 'learning_rate': 0.03305522462432077, 'subsample': 0.7428227746746906, 'colsample_bytree': 0.7129757657279365, 'min_child_samples': 58, 'reg_alpha': 0.0023614169997141716, 'reg_lambda': 5.3861085653773555e-05}. Best is trial 8 with value: 0.15204983647821507.
[I 2026-06-01 23:25:57,673] Trial 15 finished with value: 0.002472148402176859 and parameters: {'confidence_threshold': 0.7897255408101392, 'training_days': 250, 'n_estimators': 51, 'max_depth': 5, 'num_leaves': 32, 'learning_rate': 0.2656554302157523, 'subsample': 0.6943845973931931, 'colsample_bytree': 0.6290746674720268, 'min_child_samples': 21, 'reg_alpha': 4.390567046064357, 'reg_lambda': 2.720986163642982e-07}. Best is trial 8 with value: 0.15204983647821507.
[I 2026-06-01 23:25:57,813] Trial 16 finished with value: -0.03592585832232951 and parameters: {'confidence_threshold': 0.7003851012211265, 'training_days': 390, 'n_estimators': 145, 'max_depth': 3, 'num_leaves': 63, 'learning_rate': 0.15013971957309138, 'subsample': 0.8013687718960705, 'colsample_bytree': 0.9826162589395974, 'min_child_samples': 36, 'reg_alpha': 0.0019485778291547513, 'reg_lambda': 1.1445074815007822e-08}. Best is trial 8 with value: 0.15204983647821507.
[I 2026-06-01 23:25:58,013] Trial 17 finished with value: 0.05906458361481921 and parameters: {'confidence_threshold': 0.7977231523462361, 'training_days': 260, 'n_estimators': 230, 'max_depth': 4, 'num_leaves': 46, 'learning_rate': 0.04302553031342478, 'subsample': 0.9082676340052684, 'colsample_bytree': 0.7518217663577897, 'min_child_samples': 54, 'reg_alpha': 0.33547771492722717, 'reg_lambda': 6.614397595908694e-05}. Best is trial 8 with value: 0.15204983647821507.
[I 2026-06-01 23:25:58,188] A new study created in memory with name: no-name-c1f35faa-6cfd-48db-9974-53e9c6a6bad6
[I 2026-06-01 23:25:58,278] Trial 0 finished with value: -0.052572125622331115 and parameters: {'confidence_threshold': 0.7437642149592516, 'training_days': 150, 'n_estimators': 152, 'max_depth': 4, 'num_leaves': 50, 'learning_rate': 0.04216766425047743, 'subsample': 0.9903820991923078, 'colsample_bytree': 0.8424148692924316, 'min_child_samples': 58, 'reg_alpha': 3.381097259762742e-05, 'reg_lambda': 1.2263152961306247e-05}. Best is trial 0 with value: -0.052572125622331115.
[I 2026-06-01 23:25:58,348] Trial 1 finished with value: -4.070409839490671 and parameters: {'confidence_threshold': 0.7551673975844145, 'training_days': 220, 'n_estimators': 76, 'max_depth': 4, 'num_leaves': 51, 'learning_rate': 0.018602118810743477, 'subsample': 0.5877258780737462, 'colsample_bytree': 0.7657756869209191, 'min_child_samples': 63, 'reg_alpha': 0.005123994170264194, 'reg_lambda': 0.44145470178120466}. Best is trial 0 with value: -0.052572125622331115.
[I 2026-06-01 23:25:58,612] Trial 2 finished with value: -0.03599426857554133 and parameters: {'confidence_threshold': 0.7535593637012223, 'training_days': 310, 'n_estimators': 375, 'max_depth': 3, 'num_leaves': 32, 'learning_rate': 0.021735641882032388, 'subsample': 0.6468570231944146, 'colsample_bytree': 0.8154880619272439, 'min_child_samples': 27, 'reg_alpha': 8.004064028491336e-05, 'reg_lambda': 7.546835261630524e-05}. Best is trial 2 with value: -0.03599426857554133.
[I 2026-06-01 23:25:58,773] Trial 3 finished with value: -0.0009250815623981001 and parameters: {'confidence_threshold': 0.6727897841776072, 'training_days': 220, 'n_estimators': 190, 'max_depth': 4, 'num_leaves': 58, 'learning_rate': 0.24810689332636193, 'subsample': 0.7509183379421682, 'colsample_bytree': 0.8119764758960556, 'min_child_samples': 29, 'reg_alpha': 7.1708285081421445e-06, 'reg_lambda': 5.412973582738627e-05}. Best is trial 3 with value: -0.0009250815623981001.
[I 2026-06-01 23:25:58,881] Trial 4 finished with value: -0.030321998951090938 and parameters: {'confidence_threshold': 0.803208205259178, 'training_days': 130, 'n_estimators': 267, 'max_depth': 5, 'num_leaves': 40, 'learning_rate': 0.08041175317374143, 'subsample': 0.5603143329951619, 'colsample_bytree': 0.9131704002534167, 'min_child_samples': 68, 'reg_alpha': 0.0008046593428183385, 'reg_lambda': 1.2158346158765583e-05}. Best is trial 3 with value: -0.0009250815623981001.
[I 2026-06-01 23:25:59,106] Trial 5 finished with value: 0.03956776926063833 and parameters: {'confidence_threshold': 0.6064422761595144, 'training_days': 210, 'n_estimators': 357, 'max_depth': 5, 'num_leaves': 40, 'learning_rate': 0.0974221287220869, 'subsample': 0.7929682762811064, 'colsample_bytree': 0.8124517510478, 'min_child_samples': 74, 'reg_alpha': 0.3811377260781234, 'reg_lambda': 5.607314238392041e-08}. Best is trial 5 with value: 0.03956776926063833.
[I 2026-06-01 23:25:59,208] Trial 6 finished with value: -0.08721348449335826 and parameters: {'confidence_threshold': 0.7672889945051684, 'training_days': 130, 'n_estimators': 137, 'max_depth': 4, 'num_leaves': 19, 'learning_rate': 0.2031117614248665, 'subsample': 0.8136244860256343, 'colsample_bytree': 0.8617081790949774, 'min_child_samples': 21, 'reg_alpha': 0.002238138278733199, 'reg_lambda': 0.001025809534977322}. Best is trial 5 with value: 0.03956776926063833.
[I 2026-06-01 23:25:59,282] Trial 7 finished with value: -0.027322865682797175 and parameters: {'confidence_threshold': 0.555635875450653, 'training_days': 80, 'n_estimators': 363, 'max_depth': 3, 'num_leaves': 48, 'learning_rate': 0.06590089024008658, 'subsample': 0.6944752870615722, 'colsample_bytree': 0.962566244806993, 'min_child_samples': 88, 'reg_alpha': 1.6465620446426067e-05, 'reg_lambda': 2.4678750890085655e-08}. Best is trial 5 with value: 0.03956776926063833.
