[I 2026-06-01 23:28:55,143] Trial 3 finished with value: -0.03501109664851961 and parameters: {'confidence_threshold': 0.6727897841776072, 'training_days': 220, 'n_estimators': 190, 'max_depth': 4, 'num_leaves': 58, 'learning_rate': 0.24810689332636193, 'subsample': 0.7509183379421682, 'colsample_bytree': 0.8119764758960556, 'min_child_samples': 29, 'reg_alpha': 7.1708285081421445e-06, 'reg_lambda': 5.412973582738627e-05}. Best is trial 3 with value: -0.03501109664851961.

  [label] 2022-03-08 08:00 LTCUSDT entry=100.1000 → LONG | long=timeout(+4.48%) short=sl(-7.60%) | scanned=22 | no_tp→fwd_return=+4.5754
  [label] 2022-03-12 00:00 LTCUSDT entry=106.7000 → LONG | long=timeout(+5.61%) short=timeout(-5.81%) | scanned=22 | no_tp→fwd_return=+5.7076
  [label] 2022-04-07 16:00 LTCUSDT entry=113.9900 → SHORT | long=sl(-6.26%) short=timeout(+5.75%) | scanned=22 | no_tp→fwd_return=-5.8514
  [label] 2022-05-29 16:00 LTCUSDT entry=63.6100 → SHORT | long=timeout(-0.90%) short=sl(-6.54%) | scanned=22 | no_tp→fwd_return=-0.8018
  [label] 2022-11-10 08:00 LTCUSDT entry=59.2600 → SHORT | long=timeout(-0.44%) short=timeout(+0.24%) | scanned=22 | no_tp→fwd_return=-0.3375
  [label] 2022-11-14 08:00 LTCUSDT entry=56.8900 → LONG | long=timeout(+8.11%) short=sl(-11.46%) | scanned=22 | no_tp→fwd_return=+8.2088
  [label] 2022-11-25 00:00 LTCUSDT entry=75.4300 → LONG | long=timeout(+1.28%) short=timeout(-1.48%) | scanned=22 | no_tp→fwd_return=+1.3788
  [label] 2023-01-08 16:00 LTCUSDT entry=78.7000 → LONG | long=tp(+9.74%) short=sl(-5.02%) | scanned=10 | long_tp_only
  [label] 2023-01-17 00:00 LTCUSDT entry=85.8900 → LONG | long=timeout(+5.45%) short=sl(-6.31%) | scanned=22 | no_tp→fwd_return=+5.5536
  [label] 2023-04-17 00:00 LTCUSDT entry=99.2000 → SHORT | long=sl(-4.80%) short=tp(+9.29%) | scanned=8 | short_tp_only
  [label] 2023-05-18 16:00 LTCUSDT entry=90.4100 → SHORT | long=sl(-5.26%) short=timeout(+4.19%) | scanned=22 | no_tp→fwd_return=-4.2916
  [label] 2023-06-03 16:00 LTCUSDT entry=96.0200 → SHORT | long=sl(-4.26%) short=tp(+8.22%) | scanned=5 | short_tp_only
  [label] 2023-06-16 00:00 LTCUSDT entry=75.2700 → LONG | long=tp(+12.22%) short=sl(-6.26%) | scanned=15 | long_tp_only
  [label] 2023-07-04 16:00 LTCUSDT entry=104.3100 → SHORT | long=sl(-8.85%) short=timeout(+7.19%) | scanned=22 | no_tp→fwd_return=-7.2860
  [label] 2023-07-10 16:00 LTCUSDT entry=96.6600 → SHORT | long=sl(-6.57%) short=sl(-6.57%) | scanned=20 | no_tp→fwd_return=-5.2762
  [label] 2023-07-23 00:00 LTCUSDT entry=92.4900 → LONG | long=sl(-4.45%) short=timeout(-2.18%) | scanned=22 | no_tp→fwd_return=+2.0759
  [label] 2023-08-31 08:00 LTCUSDT entry=66.0700 → SHORT | long=sl(-4.58%) short=timeout(+4.80%) | scanned=22 | no_tp→fwd_return=-4.9039
  [label] 2023-09-10 00:00 LTCUSDT entry=61.7600 → LONG | long=sl(-3.58%) short=sl(-3.58%) | scanned=16 | no_tp→fwd_return=+3.9670
  [label] 2023-12-04 08:00 LTCUSDT entry=72.5900 → LONG | long=tp(+7.14%) short=sl(-3.72%) | scanned=13 | long_tp_only
  Labels: 1094 long (50.8%), 1059 short (49.2%) | weights: min=1.00, mean=3.27, max=10.00
  Features: 2153/2153 matched, 49 columns
  CV gap: 22 rows
  [ensemble 1/3] seed=42
    [trial 0] 49 features, training_days=480 | threshold=0.631 | labels: 1094 long, 1059 short (51/49%)
    [CV fold 0] train_end=2022-04-29 08:00 | val_start=2022-05-07 00:00 | gap=184h (22 rows)
    [CV fold 1] train_end=2022-08-26 16:00 | val_start=2022-09-03 08:00 | gap=184h (22 rows)
    [CV fold 2] train_end=2022-12-24 00:00 | val_start=2022-12-31 16:00 | gap=184h (22 rows)
    [CV fold 3] train_end=2023-04-22 08:00 | val_start=2023-04-30 00:00 | gap=184h (22 rows)
    [CV fold 4] train_end=2023-08-19 16:00 | val_start=2023-08-27 08:00 | gap=184h (22 rows)
    [trial 0] Sharpe=-0.0563 (folds: -0.0259, -0.1263, -0.1835, 0.2327, -0.1782)
    [trial 1] 49 features, training_days=420 | threshold=0.839 | labels: 1094 long, 1059 short (51/49%)
    [trial 1] Sharpe=-3.8257 (folds: 0.0104, 0.1712, 0.6901, -10.0000, -10.0000)
    [trial 2] 49 features, training_days=190 | threshold=0.602 | labels: 1094 long, 1059 short (51/49%)
    [trial 2] Sharpe=-0.0170 (folds: -0.0594, -0.1376, 0.0046, 0.0979, 0.0095)
    [trial 3] 49 features, training_days=490 | threshold=0.832 | labels: 1094 long, 1059 short (51/49%)
    [trial 3] Sharpe=-0.0471 (folds: -0.1092, -0.1494, -0.1227, 0.2747, -0.1287)
    [trial 4] 49 features, training_days=340 | threshold=0.591 | labels: 1094 long, 1059 short (51/49%)
    [trial 4] Sharpe=-0.0538 (folds: -0.0240, -0.0140, -0.1483, 0.1006, -0.1831)
    [trial 5] 49 features, training_days=50 | threshold=0.823 | labels: 1094 long, 1059 short (51/49%)
    [trial 5] Sharpe=-0.0883 (folds: -0.5104, -0.0029, -0.0486, 0.0859, 0.0345)
    [trial 6] 49 features, training_days=410 | threshold=0.549 | labels: 1094 long, 1059 short (51/49%)
    [trial 6] Sharpe=-0.0643 (folds: -0.0566, -0.0747, -0.1289, 0.0641, -0.1252)
    [trial 7] 49 features, training_days=180 | threshold=0.526 | labels: 1094 long, 1059 short (51/49%)
    [trial 7] Sharpe=-0.0269 (folds: -0.0523, -0.1590, -0.0725, 0.1483, 0.0011)
    [trial 8] 49 features, training_days=240 | threshold=0.811 | labels: 1094 long, 1059 short (51/49%)
    [trial 8] Sharpe=-0.0634 (folds: -0.0026, -0.1417, -0.1971, 0.0185, 0.0059)
    [trial 9] 49 features, training_days=20 | threshold=0.538 | labels: 1094 long, 1059 short (51/49%)
    [trial 9] Sharpe=-4.0813 (folds: -0.0548, -0.2217, -10.0000, -10.0000, -0.1300)
    [trial 10] 49 features, training_days=150 | threshold=0.680 | labels: 1094 long, 1059 short (51/49%)
    [trial 10] Sharpe=-0.0213 (folds: -0.0453, -0.0119, -0.1164, 0.0162, 0.0510)
    [trial 11] 49 features, training_days=150 | threshold=0.716 | labels: 1094 long, 1059 short (51/49%)
    [trial 11] Sharpe=-0.0221 (folds: 0.0251, -0.1327, -0.0985, 0.0797, 0.0158)
    [trial 12] 49 features, training_days=130 | threshold=0.702 | labels: 1094 long, 1059 short (51/49%)
    [trial 12] Sharpe=-0.0324 (folds: 0.0187, -0.1199, -0.0144, 0.0891, -0.1356)
    [trial 13] 49 features, training_days=250 | threshold=0.648 | labels: 1094 long, 1059 short (51/49%)
    [trial 13] Sharpe=-0.0482 (folds: -0.0364, -0.1753, -0.0963, 0.0313, 0.0358)
    [trial 14] 49 features, training_days=100 | threshold=0.753 | labels: 1094 long, 1059 short (51/49%)
    [trial 14] Sharpe=0.0015 (folds: 0.0222, 0.1061, -0.0180, 0.1681, -0.2710)
    [trial 15] 49 features, training_days=90 | threshold=0.768 | labels: 1094 long, 1059 short (51/49%)
    [trial 15] Sharpe=-0.0139 (folds: 0.0819, 0.0801, -0.0297, 0.2415, -0.4435)
    [trial 16] 49 features, training_days=70 | threshold=0.758 | labels: 1094 long, 1059 short (51/49%)
    [trial 16] Sharpe=-10.0000 (folds: -10.0000, -10.0000, -10.0000, -10.0000, -10.0000)
    [trial 17] 49 features, training_days=90 | threshold=0.761 | labels: 1094 long, 1059 short (51/49%)
    [trial 17] Sharpe=-2.0753 (folds: -10.0000, -0.2650, 0.0302, 0.2147, -0.3563)
  Optuna: 18 trials, best Sharpe = 0.0015
  Best params: n_estimators=489, max_depth=4, lr=0.1158, leaves=15
  Best confidence_threshold: 0.753
  Best training_days: 100
  Retrained on full data (300 samples, 49 features)
  [ensemble 2/3] seed=123
    [trial 0] 49 features, training_days=150 | threshold=0.744 | labels: 1094 long, 1059 short (51/49%)
    [CV fold 0] train_end=2022-04-29 08:00 | val_start=2022-05-07 00:00 | gap=184h (22 rows)
    [CV fold 1] train_end=2022-08-26 16:00 | val_start=2022-09-03 08:00 | gap=184h (22 rows)
    [CV fold 2] train_end=2022-12-24 00:00 | val_start=2022-12-31 16:00 | gap=184h (22 rows)
    [CV fold 3] train_end=2023-04-22 08:00 | val_start=2023-04-30 00:00 | gap=184h (22 rows)
    [CV fold 4] train_end=2023-08-19 16:00 | val_start=2023-08-27 08:00 | gap=184h (22 rows)
    [trial 0] Sharpe=-0.0845 (folds: 0.0020, -0.1078, -0.1451, -0.1506, -0.0211)
    [trial 1] 49 features, training_days=220 | threshold=0.755 | labels: 1094 long, 1059 short (51/49%)
    [trial 1] Sharpe=-0.1566 (folds: -0.3178, -0.3200, 0.0914, -0.0158, -0.2211)
    [trial 2] 49 features, training_days=310 | threshold=0.754 | labels: 1094 long, 1059 short (51/49%)
    [trial 2] Sharpe=-0.1124 (folds: -0.0281, -0.1309, -0.2107, 0.0442, -0.2363)
    [trial 3] 49 features, training_days=220 | threshold=0.673 | labels: 1094 long, 1059 short (51/49%)
    [trial 3] Sharpe=-0.0350 (folds: -0.0289, -0.0840, -0.0977, 0.0114, 0.0242)
    [trial 4] 49 features, training_days=130 | threshold=0.803 | labels: 1094 long, 1059 short (51/49%)
    [trial 4] Sharpe=-0.0767 (folds: -0.0562, -0.0768, -0.0605, -0.0433, -0.1465)[I 2026-06-01 23:28:55,283] Trial 4 finished with value: -0.07665863643076028 and parameters: {'confidence_threshold': 0.803208205259178, 'training_days': 130, 'n_estimators': 267, 'max_depth': 5, 'num_leaves': 40, 'learning_rate': 0.08041175317374143, 'subsample': 0.5603143329951619, 'colsample_bytree': 0.9131704002534167, 'min_child_samples': 68, 'reg_alpha': 0.0008046593428183385, 'reg_lambda': 1.2158346158765583e-05}. Best is trial 3 with value: -0.03501109664851961.
[I 2026-06-01 23:28:55,544] Trial 5 finished with value: -0.039407926456629584 and parameters: {'confidence_threshold': 0.6064422761595144, 'training_days': 210, 'n_estimators': 357, 'max_depth': 5, 'num_leaves': 40, 'learning_rate': 0.0974221287220869, 'subsample': 0.7929682762811064, 'colsample_bytree': 0.8124517510478, 'min_child_samples': 74, 'reg_alpha': 0.3811377260781234, 'reg_lambda': 5.607314238392041e-08}. Best is trial 3 with value: -0.03501109664851961.
[I 2026-06-01 23:28:55,667] Trial 6 finished with value: -0.07643841213711702 and parameters: {'confidence_threshold': 0.7672889945051684, 'training_days': 130, 'n_estimators': 137, 'max_depth': 4, 'num_leaves': 19, 'learning_rate': 0.2031117614248665, 'subsample': 0.8136244860256343, 'colsample_bytree': 0.8617081790949774, 'min_child_samples': 21, 'reg_alpha': 0.002238138278733199, 'reg_lambda': 0.001025809534977322}. Best is trial 3 with value: -0.03501109664851961.
[I 2026-06-01 23:28:55,749] Trial 7 finished with value: -0.09974694401680773 and parameters: {'confidence_threshold': 0.555635875450653, 'training_days': 80, 'n_estimators': 363, 'max_depth': 3, 'num_leaves': 48, 'learning_rate': 0.06590089024008658, 'subsample': 0.6944752870615722, 'colsample_bytree': 0.962566244806993, 'min_child_samples': 88, 'reg_alpha': 1.6465620446426067e-05, 'reg_lambda': 2.4678750890085655e-08}. Best is trial 3 with value: -0.03501109664851961.
[I 2026-06-01 23:28:56,101] Trial 8 finished with value: -0.010482708269870767 and parameters: {'confidence_threshold': 0.6066688256938841, 'training_days': 200, 'n_estimators': 367, 'max_depth': 5, 'num_leaves': 32, 'learning_rate': 0.13377519215934996, 'subsample': 0.7965884582811106, 'colsample_bytree': 0.8458508993500886, 'min_child_samples': 32, 'reg_alpha': 3.889436043816386e-05, 'reg_lambda': 1.4713062489380356e-06}. Best is trial 8 with value: -0.010482708269870767.
[I 2026-06-01 23:28:56,338] Trial 9 finished with value: -0.06046938512953133 and parameters: {'confidence_threshold': 0.6202096049169137, 'training_days': 260, 'n_estimators': 350, 'max_depth': 3, 'num_leaves': 21, 'learning_rate': 0.02989540198065364, 'subsample': 0.8307821683331218, 'colsample_bytree': 0.923253112635361, 'min_child_samples': 64, 'reg_alpha': 0.4898604619604203, 'reg_lambda': 2.9076377687066166e-05}. Best is trial 8 with value: -0.010482708269870767.
[I 2026-06-01 23:28:56,948] Trial 10 finished with value: -0.0962996206709662 and parameters: {'confidence_threshold': 0.5342665212695602, 'training_days': 470, 'n_estimators': 493, 'max_depth': 5, 'num_leaves': 30, 'learning_rate': 0.010221918552934462, 'subsample': 0.9182272143313567, 'colsample_bytree': 0.6202684210924141, 'min_child_samples': 44, 'reg_alpha': 1.466506858166308e-08, 'reg_lambda': 0.014616129255130504}. Best is trial 8 with value: -0.010482708269870767.
[I 2026-06-01 23:28:57,205] Trial 11 finished with value: -0.04091641386003257 and parameters: {'confidence_threshold': 0.672304345793606, 'training_days': 360, 'n_estimators': 248, 'max_depth': 4, 'num_leaves': 62, 'learning_rate': 0.29626502575289787, 'subsample': 0.7185615065128308, 'colsample_bytree': 0.6661831737797719, 'min_child_samples': 39, 'reg_alpha': 4.28336488974334e-07, 'reg_lambda': 6.470692703374516e-07}. Best is trial 8 with value: -0.010482708269870767.
[I 2026-06-01 23:28:57,243] Trial 12 finished with value: -4.0812894561964725 and parameters: {'confidence_threshold': 0.6727899930733724, 'training_days': 20, 'n_estimators': 212, 'max_depth': 5, 'num_leaves': 63, 'learning_rate': 0.15265377916176726, 'subsample': 0.8941395335595879, 'colsample_bytree': 0.5196457038790347, 'min_child_samples': 37, 'reg_alpha': 1.0353404194374763e-06, 'reg_lambda': 7.796589835036051e-07}. Best is trial 8 with value: -0.010482708269870767.
[I 2026-06-01 23:28:57,680] Trial 13 finished with value: -0.042204421788654474 and parameters: {'confidence_threshold': 0.6107637354176927, 'training_days': 400, 'n_estimators': 475, 'max_depth': 4, 'num_leaves': 28, 'learning_rate': 0.13909139382788904, 'subsample': 0.7397610004410885, 'colsample_bytree': 0.7082407533656954, 'min_child_samples': 51, 'reg_alpha': 1.44204771542611e-06, 'reg_lambda': 0.004402943395258396}. Best is trial 8 with value: -0.010482708269870767.
[I 2026-06-01 23:28:58,001] Trial 14 finished with value: -0.026922387054004026 and parameters: {'confidence_threshold': 0.6968624890517784, 'training_days': 290, 'n_estimators': 419, 'max_depth': 5, 'num_leaves': 56, 'learning_rate': 0.27607551914806794, 'subsample': 0.6612240067383277, 'colsample_bytree': 0.9951780710339017, 'min_child_samples': 28, 'reg_alpha': 0.016435092915656313, 'reg_lambda': 1.834862228450529e-06}. Best is trial 8 with value: -0.010482708269870767.
[I 2026-06-01 23:28:58,226] Trial 15 finished with value: -0.04036394186266874 and parameters: {'confidence_threshold': 0.5026055290809989, 'training_days': 300, 'n_estimators': 436, 'max_depth': 5, 'num_leaves': 35, 'learning_rate': 0.12590433810309265, 'subsample': 0.507007918467014, 'colsample_bytree': 0.996817491883344, 'min_child_samples': 100, 'reg_alpha': 8.31952480812236, 'reg_lambda': 7.173485942113719e-07}. Best is trial 8 with value: -0.010482708269870767.
[I 2026-06-01 23:28:58,696] Trial 16 finished with value: -0.03796977677404883 and parameters: {'confidence_threshold': 0.7084759820617051, 'training_days': 370, 'n_estimators': 430, 'max_depth': 5, 'num_leaves': 25, 'learning_rate': 0.18402739289574635, 'subsample': 0.6543905327586119, 'colsample_bytree': 0.9005914761372691, 'min_child_samples': 20, 'reg_alpha': 0.03547983045987384, 'reg_lambda': 3.1095821486983487e-07}. Best is trial 8 with value: -0.010482708269870767.
[I 2026-06-01 23:28:59,143] Trial 17 finished with value: -0.015972569613497946 and parameters: {'confidence_threshold': 0.8278557618575797, 'training_days': 490, 'n_estimators': 310, 'max_depth': 5, 'num_leaves': 15, 'learning_rate': 0.09997095025047835, 'subsample': 0.8692205520422795, 'colsample_bytree': 0.9729169556795105, 'min_child_samples': 32, 'reg_alpha': 0.031339913113165224, 'reg_lambda': 4.064707400136435e-06}. Best is trial 8 with value: -0.010482708269870767.
[I 2026-06-01 23:28:59,484] A new study created in memory with name: no-name-ff6f352a-e0af-439a-a389-e61c52c92267
[I 2026-06-01 23:28:59,712] Trial 0 finished with value: -0.04940726490360277 and parameters: {'confidence_threshold': 0.5870645682749857, 'training_days': 90, 'n_estimators': 403, 'max_depth': 5, 'num_leaves': 45, 'learning_rate': 0.0780457193679974, 'subsample': 0.9428509515574568, 'colsample_bytree': 0.8795587339164916, 'min_child_samples': 34, 'reg_alpha': 2.2465901234314442e-07, 'reg_lambda': 8.339007036475363e-05}. Best is trial 0 with value: -0.04940726490360277.
[I 2026-06-01 23:28:59,822] Trial 1 finished with value: -0.07950273522398957 and parameters: {'confidence_threshold': 0.6348453934275313, 'training_days': 290, 'n_estimators': 115, 'max_depth': 5, 'num_leaves': 37, 'learning_rate': 0.06949568759029946, 'subsample': 0.8228505074024268, 'colsample_bytree': 0.8616703220431751, 'min_child_samples': 75, 'reg_alpha': 4.2486822725010923e-07, 'reg_lambda': 1.157247767047042e-07}. Best is trial 0 with value: -0.04940726490360277.
[I 2026-06-01 23:28:59,840] Trial 2 finished with value: -1.9564489552244368 and parameters: {'confidence_threshold': 0.5849570384370288, 'training_days': 10, 'n_estimators': 212, 'max_depth': 3, 'num_leaves': 41, 'learning_rate': 0.18452095998378365, 'subsample': 0.6001060822924371, 'colsample_bytree': 0.5673167293506167, 'min_child_samples': 37, 'reg_alpha': 5.733250064217131, 'reg_lambda': 0.5308454292595461}. Best is trial 0 with value: -0.04940726490360277.
[I 2026-06-01 23:28:59,917] Trial 3 finished with value: -0.03740736822377523 and parameters: {'confidence_threshold': 0.6868248626683718, 'training_days': 220, 'n_estimators': 134, 'max_depth': 3, 'num_leaves': 45, 'learning_rate': 0.033529007907491595, 'subsample': 0.8647277071858408, 'colsample_bytree': 0.778494116634046, 'min_child_samples': 96, 'reg_alpha': 2.409409937265785e-07, 'reg_lambda': 1.1642073478060009}. Best is trial 3 with value: -0.03740736822377523.
[I 2026-06-01 23:29:00,010] Trial 4 finished with value: -0.07995185979219523 and parameters: {'confidence_threshold': 0.5623121348350352, 'training_days': 300, 'n_estimators': 69, 'max_depth': 4, 'num_leaves': 32, 'learning_rate': 0.14967629360700346, 'subsample': 0.5054535233636654, 'colsample_bytree': 0.7401385194659216, 'min_child_samples': 27, 'reg_alpha': 1.4212042567426725e-07, 'reg_lambda': 0.23605753701352003}. Best is trial 3 with value: -0.03740736822377523.
[I 2026-06-01 23:29:00,474] Trial 5 finished with value: -0.04126381066022592 and parameters: {'confidence_threshold': 0.7111850244908446, 'training_days': 490, 'n_estimators': 362, 'max_depth': 5, 'num_leaves': 40, 'learning_rate': 0.05960785724162737, 'subsample': 0.5589714368907717, 'colsample_bytree': 0.6659006943232806, 'min_child_samples': 42, 'reg_alpha': 0.6741360303045295, 'reg_lambda': 6.054601607143087e-08}. Best is trial 3 with value: -0.03740736822377523.
[I 2026-06-01 23:29:00,676] Trial 6 finished with value: -0.08185066547360322 and parameters: {'confidence_threshold': 0.667482545748023, 'training_days': 420, 'n_estimators': 279, 'max_depth': 3, 'num_leaves': 45, 'learning_rate': 0.040099592560849204, 'subsample': 0.8563114696415159, 'colsample_bytree': 0.5442917781944105, 'min_child_samples': 50, 'reg_alpha': 1.6407916423707903e-08, 'reg_lambda': 2.935907642973286e-05}. Best is trial 3 with value: -0.03740736822377523.
[I 2026-06-01 23:29:00,850] Trial 7 finished with value: -0.06826089005242272 and parameters: {'confidence_threshold': 0.5497381024139926, 'training_days': 120, 'n_estimators': 408, 'max_depth': 5, 'num_leaves': 38, 'learning_rate': 0.28049122657745795, 'subsample': 0.8806573338635493, 'colsample_bytree': 0.5454054113547102, 'min_child_samples': 63, 'reg_alpha': 0.01263008637940408, 'reg_lambda': 0.04588020805366937}. Best is trial 3 with value: -0.03740736822377523.
[I 2026-06-01 23:29:01,144] Trial 8 finished with value: -0.02702554247584276 and parameters: {'confidence_threshold': 0.719644804808716, 'training_days': 450, 'n_estimators': 410, 'max_depth': 4, 'num_leaves': 57, 'learning_rate': 0.04022026551478857, 'subsample': 0.5336085426932707, 'colsample_bytree': 0.5705742850577543, 'min_child_samples': 100, 'reg_alpha': 5.916398047912201e-07, 'reg_lambda': 0.9794034214488329}. Best is trial 8 with value: -0.02702554247584276.
[I 2026-06-01 23:29:01,166] Trial 9 finished with value: -4.0812894561964725 and parameters: {'confidence_threshold': 0.7267463643917187, 'training_days': 20, 'n_estimators': 337, 'max_depth': 5, 'num_leaves': 23, 'learning_rate': 0.022153031811454605, 'subsample': 0.6305627572358737, 'colsample_bytree': 0.6613413774216214, 'min_child_samples': 81, 'reg_alpha': 5.7638634029410314e-08, 'reg_lambda': 8.26603016764008}. Best is trial 8 with value: -0.02702554247584276.
[I 2026-06-01 23:29:01,530] Trial 10 finished with value: -0.0856739703871515 and parameters: {'confidence_threshold': 0.8283920119574972, 'training_days': 400, 'n_estimators': 485, 'max_depth': 4, 'num_leaves': 63, 'learning_rate': 0.011927505552849117, 'subsample': 0.7130289643560688, 'colsample_bytree': 0.9944479338273263, 'min_child_samples': 100, 'reg_alpha': 5.0239970328459277e-05, 'reg_lambda': 0.0028438774509831773}. Best is trial 8 with value: -0.02702554247584276.
[I 2026-06-01 23:29:01,648] Trial 11 finished with value: -0.05834389922359703 and parameters: {'confidence_threshold': 0.7766282449189577, 'training_days': 190, 'n_estimators': 186, 'max_depth': 3, 'num_leaves': 58, 'learning_rate': 0.029354876456257728, 'subsample': 0.7459055835274097, 'colsample_bytree': 0.8016610248739169, 'min_child_samples': 100, 'reg_alpha': 2.3530491583503867e-05, 'reg_lambda': 7.067893525937578}. Best is trial 8 with value: -0.02702554247584276.
[I 2026-06-01 23:29:01,932] Trial 12 finished with value: -0.05436895923063516 and parameters: {'confidence_threshold': 0.7449212105048096, 'training_days': 220, 'n_estimators': 490, 'max_depth': 4, 'num_leaves': 54, 'learning_rate': 0.01924681962976845, 'subsample': 0.9912016966112274, 'colsample_bytree': 0.6646287431572568, 'min_child_samples': 85, 'reg_alpha': 8.85890496668e-06, 'reg_lambda': 0.0043762371699676405}. Best is trial 8 with value: -0.02702554247584276.
