[I 2026-06-01 23:27:51,702] Trial 9 finished with value: 0.020702644160484694 and parameters: {'confidence_threshold': 0.6202096049169137, 'training_days': 260, 'n_estimators': 350, 'max_depth': 3, 'num_leaves': 21, 'learning_rate': 0.02989540198065364, 'subsample': 0.8307821683331218, 'colsample_bytree': 0.923253112635361, 'min_child_samples': 64, 'reg_alpha': 0.4898604619604203, 'reg_lambda': 2.9076377687066166e-05}. Best is trial 9 with value: 0.020702644160484694.
[I 2026-06-01 23:27:52,101] Trial 10 finished with value: -0.03630764696370634 and parameters: {'confidence_threshold': 0.5342665212695602, 'training_days': 470, 'n_estimators': 493, 'max_depth': 3, 'num_leaves': 17, 'learning_rate': 0.010221918552934462, 'subsample': 0.9317514110288623, 'colsample_bytree': 0.6202684210924141, 'min_child_samples': 47, 'reg_alpha': 2.371385268938747e-08, 'reg_lambda': 0.010291221835057122}. Best is trial 9 with value: 0.020702644160484694.

  [label] 2022-08-17 00:00 LTCUSDT entry=61.8400 → SHORT | long=sl(-6.26%) short=tp(+12.22%) | scanned=7 | short_tp_only
  [label] 2022-11-15 00:00 LTCUSDT entry=58.1300 → LONG | long=timeout(+6.09%) short=sl(-10.40%) | scanned=22 | no_tp→fwd_return=+6.1930
  [label] 2022-12-16 16:00 LTCUSDT entry=66.2100 → SHORT | long=sl(-7.23%) short=timeout(+0.66%) | scanned=22 | no_tp→fwd_return=-0.7552
  [label] 2023-01-01 16:00 LTCUSDT entry=70.8800 → LONG | long=tp(+7.57%) short=sl(-3.93%) | scanned=1 | long_tp_only
  [label] 2023-01-14 00:00 LTCUSDT entry=89.9200 → LONG | long=sl(-6.78%) short=timeout(-0.39%) | scanned=22 | no_tp→fwd_return=+0.2891
  [label] 2023-02-01 16:00 LTCUSDT entry=100.4400 → SHORT | long=timeout(-1.34%) short=timeout(+1.14%) | scanned=22 | no_tp→fwd_return=-1.2445
  [label] 2023-02-07 16:00 LTCUSDT entry=100.9000 → SHORT | long=sl(-5.05%) short=tp(+9.80%) | scanned=6 | short_tp_only
  [label] 2023-02-20 00:00 LTCUSDT entry=97.8200 → SHORT | long=sl(-5.32%) short=timeout(+3.53%) | scanned=22 | no_tp→fwd_return=-3.6291
  [label] 2023-03-31 08:00 LTCUSDT entry=89.4900 → LONG | long=timeout(+1.03%) short=sl(-6.55%) | scanned=22 | no_tp→fwd_return=+1.1286
  [label] 2023-04-10 00:00 LTCUSDT entry=90.4600 → LONG | long=tp(+7.03%) short=sl(-3.67%) | scanned=3 | long_tp_only
  [label] 2023-07-04 08:00 LTCUSDT entry=106.9900 → SHORT | long=sl(-8.68%) short=timeout(+9.65%) | scanned=22 | no_tp→fwd_return=-9.7486
  Labels: 1098 long (51.0%), 1055 short (49.0%) | weights: min=1.00, mean=3.45, max=10.00
  Features: 2153/2153 matched, 49 columns
  CV gap: 22 rows
  [ensemble 1/3] seed=42
    [trial 0] 49 features, training_days=480 | threshold=0.631 | labels: 1098 long, 1055 short (51/49%)
    [CV fold 0] train_end=2021-11-22 08:00 | val_start=2021-11-30 00:00 | gap=184h (22 rows)
    [CV fold 1] train_end=2022-03-24 16:00 | val_start=2022-04-03 08:00 | gap=232h (22 rows)
    [CV fold 2] train_end=2022-07-24 00:00 | val_start=2022-07-31 16:00 | gap=184h (22 rows)
    [CV fold 3] train_end=2022-11-20 08:00 | val_start=2022-11-28 00:00 | gap=184h (22 rows)
    [CV fold 4] train_end=2023-03-19 16:00 | val_start=2023-03-27 08:00 | gap=184h (22 rows)
    [trial 0] Sharpe=0.0087 (folds: -0.0107, -0.0745, 0.1357, -0.1355, 0.1287)
    [trial 1] 49 features, training_days=420 | threshold=0.839 | labels: 1098 long, 1055 short (51/49%)
    [trial 1] Sharpe=-1.8250 (folds: 0.0398, 0.1036, 0.4191, 0.3124, -10.0000)
    [trial 2] 49 features, training_days=190 | threshold=0.602 | labels: 1098 long, 1055 short (51/49%)
    [trial 2] Sharpe=-0.0204 (folds: 0.0147, -0.1495, -0.1207, 0.0708, 0.0825)
    [trial 3] 49 features, training_days=490 | threshold=0.832 | labels: 1098 long, 1055 short (51/49%)
    [trial 3] Sharpe=0.0076 (folds: 0.0552, -0.1907, 0.1063, -0.1136, 0.1809)
    [trial 4] 49 features, training_days=340 | threshold=0.591 | labels: 1098 long, 1055 short (51/49%)
    [trial 4] Sharpe=-0.0351 (folds: -0.0089, -0.0548, 0.1000, -0.2228, 0.0110)
    [trial 5] 49 features, training_days=50 | threshold=0.823 | labels: 1098 long, 1055 short (51/49%)
    [trial 5] Sharpe=0.1646 (folds: 0.5277, -0.2361, 0.1221, 0.1919, 0.2172)
    [trial 6] 49 features, training_days=410 | threshold=0.549 | labels: 1098 long, 1055 short (51/49%)
    [trial 6] Sharpe=-0.0170 (folds: -0.0635, -0.1487, 0.1750, -0.1962, 0.1486)
    [trial 7] 49 features, training_days=180 | threshold=0.526 | labels: 1098 long, 1055 short (51/49%)
    [trial 7] Sharpe=-0.0518 (folds: -0.0142, -0.1340, -0.1623, -0.0238, 0.0754)
    [trial 8] 49 features, training_days=240 | threshold=0.811 | labels: 1098 long, 1055 short (51/49%)
    [trial 8] Sharpe=-0.0047 (folds: 0.0289, -0.1320, 0.1588, -0.1676, 0.0882)
    [trial 9] 49 features, training_days=20 | threshold=0.538 | labels: 1098 long, 1055 short (51/49%)
    [trial 9] Sharpe=0.0149 (folds: 0.1634, -0.2310, 0.0613, 0.1698, -0.0888)
    [trial 10] 49 features, training_days=10 | threshold=0.732 | labels: 1098 long, 1055 short (51/49%)
    [trial 10] Sharpe=-0.0434 (folds: 0.1634, 0.0713, -0.2195, -0.2517, 0.0198)
    [trial 11] 49 features, training_days=20 | threshold=0.715 | labels: 1098 long, 1055 short (51/49%)
    [trial 11] Sharpe=-1.9673 (folds: 0.1634, -0.2310, 0.0613, 0.1698, -10.0000)
    [trial 12] 49 features, training_days=90 | threshold=0.746 | labels: 1098 long, 1055 short (51/49%)
    [trial 12] Sharpe=-0.0135 (folds: 0.1285, -0.2928, 0.0350, 0.1206, -0.0587)
    [trial 13] 49 features, training_days=100 | threshold=0.668 | labels: 1098 long, 1055 short (51/49%)
    [trial 13] Sharpe=-0.0505 (folds: 0.0578, -0.2940, -0.0287, -0.0186, 0.0308)
    [trial 14] 49 features, training_days=90 | threshold=0.787 | labels: 1098 long, 1055 short (51/49%)
    [trial 14] Sharpe=-0.1002 (folds: 0.0086, -0.2576, -0.1281, 0.0213, -0.1450)
    [trial 15] 49 features, training_days=150 | threshold=0.507 | labels: 1098 long, 1055 short (51/49%)
    [trial 15] Sharpe=-0.0903 (folds: -0.0698, -0.1702, -0.2546, 0.0750, -0.0319)
    [trial 16] 49 features, training_days=270 | threshold=0.676 | labels: 1098 long, 1055 short (51/49%)
    [trial 16] Sharpe=-0.1018 (folds: 0.0082, -0.1480, -0.1953, -0.1513, -0.0225)
    [trial 17] 49 features, training_days=50 | threshold=0.560 | labels: 1098 long, 1055 short (51/49%)
    [trial 17] Sharpe=0.0397 (folds: 0.0919, -0.2123, 0.0184, 0.1359, 0.1645)
  Optuna: 18 trials, best Sharpe = 0.1646
  Best params: n_estimators=138, max_depth=3, lr=0.0375, leaves=30
  Best confidence_threshold: 0.823
  Best training_days: 50
  Retrained on full data (150 samples, 49 features)
  [ensemble 2/3] seed=123
    [trial 0] 49 features, training_days=150 | threshold=0.744 | labels: 1098 long, 1055 short (51/49%)
    [CV fold 0] train_end=2021-11-22 08:00 | val_start=2021-11-30 00:00 | gap=184h (22 rows)
    [CV fold 1] train_end=2022-03-24 16:00 | val_start=2022-04-03 08:00 | gap=232h (22 rows)
    [CV fold 2] train_end=2022-07-24 00:00 | val_start=2022-07-31 16:00 | gap=184h (22 rows)
    [CV fold 3] train_end=2022-11-20 08:00 | val_start=2022-11-28 00:00 | gap=184h (22 rows)
    [CV fold 4] train_end=2023-03-19 16:00 | val_start=2023-03-27 08:00 | gap=184h (22 rows)
    [trial 0] Sharpe=-0.0246 (folds: -0.0132, -0.1653, -0.2525, 0.2702, 0.0377)
    [trial 1] 49 features, training_days=220 | threshold=0.755 | labels: 1098 long, 1055 short (51/49%)
    [trial 1] Sharpe=-4.3486 (folds: 0.1449, -1.9031, -10.0000, 0.0152, -10.0000)
    [trial 2] 49 features, training_days=310 | threshold=0.754 | labels: 1098 long, 1055 short (51/49%)
    [trial 2] Sharpe=-0.0432 (folds: 0.0273, -0.0512, -0.1678, -0.1337, 0.1094)
    [trial 3] 49 features, training_days=220 | threshold=0.673 | labels: 1098 long, 1055 short (51/49%)
    [trial 3] Sharpe=-0.0966 (folds: 0.0265, -0.1721, -0.2229, -0.0596, -0.0551)
    [trial 4] 49 features, training_days=130 | threshold=0.803 | labels: 1098 long, 1055 short (51/49%)
    [trial 4] Sharpe=-0.0969 (folds: 0.0415, -0.3963, -0.1448, 0.1789, -0.1635)
    [trial 5] 49 features, training_days=210 | threshold=0.606 | labels: 1098 long, 1055 short (51/49%)
    [trial 5] Sharpe=-0.0373 (folds: 0.0264, -0.2223, 0.0307, -0.0606, 0.0393)
    [trial 6] 49 features, training_days=130 | threshold=0.767 | labels: 1098 long, 1055 short (51/49%)
    [trial 6] Sharpe=-0.0530 (folds: -0.0214, -0.2456, -0.0910, 0.0821, 0.0108)
    [trial 7] 49 features, training_days=80 | threshold=0.556 | labels: 1098 long, 1055 short (51/49%)
    [trial 7] Sharpe=-0.0290 (folds: 0.1793, -0.2799, 0.0737, -0.0174, -0.1008)
    [trial 8] 49 features, training_days=200 | threshold=0.607 | labels: 1098 long, 1055 short (51/49%)
    [trial 8] Sharpe=-0.0873 (folds: -0.0068, -0.2053, -0.1406, -0.0165, -0.0673)
    [trial 9] 49 features, training_days=260 | threshold=0.620 | labels: 1098 long, 1055 short (51/49%)
    [trial 9] Sharpe=0.0207 (folds: 0.0344, -0.1345, 0.2537, -0.1113, 0.0611)
    [trial 10] 49 features, training_days=470 | threshold=0.534 | labels: 1098 long, 1055 short (51/49%)
    [trial 10] Sharpe=-0.0363 (folds: 0.0074, -0.0632, 0.0284, -0.1811, 0.0270)
    [trial 11] 49 features, training_days=340 | threshold=0.684 | labels: 1098 long, 1055 short (51/49%)[I 2026-06-01 23:27:52,316] Trial 11 finished with value: -0.05149817399727412 and parameters: {'confidence_threshold': 0.6840516532713735, 'training_days': 340, 'n_estimators': 234, 'max_depth': 3, 'num_leaves': 61, 'learning_rate': 0.03481626436053209, 'subsample': 0.9957871000674493, 'colsample_bytree': 0.6778283959364831, 'min_child_samples': 50, 'reg_alpha': 5.56438571366154, 'reg_lambda': 1.5530863293959958e-06}. Best is trial 9 with value: 0.020702644160484694.
[I 2026-06-01 23:27:52,349] Trial 12 finished with value: -0.0433564214558761 and parameters: {'confidence_threshold': 0.66034247783242, 'training_days': 10, 'n_estimators': 51, 'max_depth': 4, 'num_leaves': 26, 'learning_rate': 0.03554970762940541, 'subsample': 0.8941395335595879, 'colsample_bytree': 0.5201164353688423, 'min_child_samples': 83, 'reg_alpha': 3.9876523655594356e-07, 'reg_lambda': 0.003961388082671552}. Best is trial 9 with value: 0.020702644160484694.
[I 2026-06-01 23:27:52,785] Trial 13 finished with value: -0.03771365693550454 and parameters: {'confidence_threshold': 0.7078202321087464, 'training_days': 390, 'n_estimators': 475, 'max_depth': 3, 'num_leaves': 49, 'learning_rate': 0.04317436237981049, 'subsample': 0.8793324382461142, 'colsample_bytree': 0.9292621018379528, 'min_child_samples': 51, 'reg_alpha': 0.06836747032241897, 'reg_lambda': 1.326712683298711e-06}. Best is trial 9 with value: 0.020702644160484694.
[I 2026-06-01 23:27:52,948] Trial 14 finished with value: -0.0014506992608037616 and parameters: {'confidence_threshold': 0.6167463177098105, 'training_days': 290, 'n_estimators': 162, 'max_depth': 4, 'num_leaves': 25, 'learning_rate': 0.02126917802421522, 'subsample': 0.987518629681391, 'colsample_bytree': 0.9977226699583523, 'min_child_samples': 95, 'reg_alpha': 0.03811558081491512, 'reg_lambda': 0.07597426064842482}. Best is trial 9 with value: 0.020702644160484694.
[I 2026-06-01 23:27:53,209] Trial 15 finished with value: -0.04873032917678949 and parameters: {'confidence_threshold': 0.6102869509842602, 'training_days': 300, 'n_estimators': 307, 'max_depth': 4, 'num_leaves': 24, 'learning_rate': 0.017716635127655683, 'subsample': 0.8876846350969991, 'colsample_bytree': 0.9973634828700195, 'min_child_samples': 100, 'reg_alpha': 8.624651721548085, 'reg_lambda': 5.950141652692449}. Best is trial 9 with value: 0.020702644160484694.
[I 2026-06-01 23:27:53,587] Trial 16 finished with value: 0.03117482740552834 and parameters: {'confidence_threshold': 0.6351555571163623, 'training_days': 440, 'n_estimators': 435, 'max_depth': 3, 'num_leaves': 15, 'learning_rate': 0.010420077431175538, 'subsample': 0.5079432702993961, 'colsample_bytree': 0.9182676696103418, 'min_child_samples': 99, 'reg_alpha': 0.05682468732545374, 'reg_lambda': 0.44945187180184143}. Best is trial 16 with value: 0.03117482740552834.
[I 2026-06-01 23:27:53,971] Trial 17 finished with value: -0.003852197935408161 and parameters: {'confidence_threshold': 0.5004748807695347, 'training_days': 490, 'n_estimators': 429, 'max_depth': 3, 'num_leaves': 15, 'learning_rate': 0.01020327219227657, 'subsample': 0.5206744665577377, 'colsample_bytree': 0.9038549837305562, 'min_child_samples': 78, 'reg_alpha': 0.41720760853328426, 'reg_lambda': 2.765405132071349}. Best is trial 16 with value: 0.03117482740552834.
[I 2026-06-01 23:27:54,308] A new study created in memory with name: no-name-11126159-c5cc-4cd3-bfe2-baa8b20f9cb4
[I 2026-06-01 23:27:54,540] Trial 0 finished with value: -0.0726252193046841 and parameters: {'confidence_threshold': 0.5870645682749857, 'training_days': 90, 'n_estimators': 403, 'max_depth': 5, 'num_leaves': 45, 'learning_rate': 0.0780457193679974, 'subsample': 0.9428509515574568, 'colsample_bytree': 0.8795587339164916, 'min_child_samples': 34, 'reg_alpha': 2.2465901234314442e-07, 'reg_lambda': 8.339007036475363e-05}. Best is trial 0 with value: -0.0726252193046841.
[I 2026-06-01 23:27:54,701] Trial 1 finished with value: -0.038588631094525275 and parameters: {'confidence_threshold': 0.6348453934275313, 'training_days': 290, 'n_estimators': 115, 'max_depth': 5, 'num_leaves': 37, 'learning_rate': 0.06949568759029946, 'subsample': 0.8228505074024268, 'colsample_bytree': 0.8616703220431751, 'min_child_samples': 75, 'reg_alpha': 4.2486822725010923e-07, 'reg_lambda': 1.157247767047042e-07}. Best is trial 1 with value: -0.038588631094525275.
[I 2026-06-01 23:27:54,728] Trial 2 finished with value: -0.0433564214558761 and parameters: {'confidence_threshold': 0.5849570384370288, 'training_days': 10, 'n_estimators': 212, 'max_depth': 3, 'num_leaves': 41, 'learning_rate': 0.18452095998378365, 'subsample': 0.6001060822924371, 'colsample_bytree': 0.5673167293506167, 'min_child_samples': 37, 'reg_alpha': 5.733250064217131, 'reg_lambda': 0.5308454292595461}. Best is trial 1 with value: -0.038588631094525275.
[I 2026-06-01 23:27:54,845] Trial 3 finished with value: 0.006769653552052604 and parameters: {'confidence_threshold': 0.6868248626683718, 'training_days': 220, 'n_estimators': 134, 'max_depth': 3, 'num_leaves': 45, 'learning_rate': 0.033529007907491595, 'subsample': 0.8647277071858408, 'colsample_bytree': 0.778494116634046, 'min_child_samples': 96, 'reg_alpha': 2.409409937265785e-07, 'reg_lambda': 1.1642073478060009}. Best is trial 3 with value: 0.006769653552052604.
[I 2026-06-01 23:27:54,955] Trial 4 finished with value: -0.06798298113475869 and parameters: {'confidence_threshold': 0.5623121348350352, 'training_days': 300, 'n_estimators': 69, 'max_depth': 4, 'num_leaves': 32, 'learning_rate': 0.14967629360700346, 'subsample': 0.5054535233636654, 'colsample_bytree': 0.7401385194659216, 'min_child_samples': 27, 'reg_alpha': 1.4212042567426725e-07, 'reg_lambda': 0.23605753701352003}. Best is trial 3 with value: 0.006769653552052604.
[I 2026-06-01 23:27:55,456] Trial 5 finished with value: -0.05272967298281187 and parameters: {'confidence_threshold': 0.7111850244908446, 'training_days': 490, 'n_estimators': 362, 'max_depth': 5, 'num_leaves': 40, 'learning_rate': 0.05960785724162737, 'subsample': 0.5589714368907717, 'colsample_bytree': 0.6659006943232806, 'min_child_samples': 42, 'reg_alpha': 0.6741360303045295, 'reg_lambda': 6.054601607143087e-08}. Best is trial 3 with value: 0.006769653552052604.
[I 2026-06-01 23:27:55,677] Trial 6 finished with value: -0.03130506288363392 and parameters: {'confidence_threshold': 0.667482545748023, 'training_days': 420, 'n_estimators': 279, 'max_depth': 3, 'num_leaves': 45, 'learning_rate': 0.040099592560849204, 'subsample': 0.8563114696415159, 'colsample_bytree': 0.5442917781944105, 'min_child_samples': 50, 'reg_alpha': 1.6407916423707903e-08, 'reg_lambda': 2.935907642973286e-05}. Best is trial 3 with value: 0.006769653552052604.
[I 2026-06-01 23:27:55,858] Trial 7 finished with value: -0.1172295122090972 and parameters: {'confidence_threshold': 0.5497381024139926, 'training_days': 120, 'n_estimators': 408, 'max_depth': 5, 'num_leaves': 38, 'learning_rate': 0.28049122657745795, 'subsample': 0.8806573338635493, 'colsample_bytree': 0.5454054113547102, 'min_child_samples': 63, 'reg_alpha': 0.01263008637940408, 'reg_lambda': 0.04588020805366937}. Best is trial 3 with value: 0.006769653552052604.
[I 2026-06-01 23:27:56,180] Trial 8 finished with value: 0.0263057150645217 and parameters: {'confidence_threshold': 0.719644804808716, 'training_days': 450, 'n_estimators': 410, 'max_depth': 4, 'num_leaves': 57, 'learning_rate': 0.04022026551478857, 'subsample': 0.5336085426932707, 'colsample_bytree': 0.5705742850577543, 'min_child_samples': 100, 'reg_alpha': 5.916398047912201e-07, 'reg_lambda': 0.9794034214488329}. Best is trial 8 with value: 0.0263057150645217.
[I 2026-06-01 23:27:56,206] Trial 9 finished with value: -1.967308067787016 and parameters: {'confidence_threshold': 0.7267463643917187, 'training_days': 20, 'n_estimators': 337, 'max_depth': 5, 'num_leaves': 23, 'learning_rate': 0.022153031811454605, 'subsample': 0.6305627572358737, 'colsample_bytree': 0.6613413774216214, 'min_child_samples': 81, 'reg_alpha': 5.7638634029410314e-08, 'reg_lambda': 8.26603016764008}. Best is trial 8 with value: 0.0263057150645217.
[I 2026-06-01 23:27:56,621] Trial 10 finished with value: 0.1703631780932613 and parameters: {'confidence_threshold': 0.8283920119574972, 'training_days': 400, 'n_estimators': 485, 'max_depth': 4, 'num_leaves': 63, 'learning_rate': 0.011927505552849117, 'subsample': 0.7130289643560688, 'colsample_bytree': 0.9944479338273263, 'min_child_samples': 100, 'reg_alpha': 5.0239970328459277e-05, 'reg_lambda': 0.0028438774509831773}. Best is trial 10 with value: 0.1703631780932613.
[I 2026-06-01 23:27:57,029] Trial 11 finished with value: 0.0934202147406338 and parameters: {'confidence_threshold': 0.8431920368994753, 'training_days': 400, 'n_estimators': 478, 'max_depth': 4, 'num_leaves': 61, 'learning_rate': 0.010033528037260202, 'subsample': 0.6988002958677881, 'colsample_bytree': 0.9628722124262472, 'min_child_samples': 100, 'reg_alpha': 5.263694533895985e-05, 'reg_lambda': 0.0038935771291352755}. Best is trial 10 with value: 0.1703631780932613.
[I 2026-06-01 23:27:57,471] Trial 12 finished with value: 0.07617298433385478 and parameters: {'confidence_threshold': 0.8438571470748946, 'training_days': 380, 'n_estimators': 490, 'max_depth': 4, 'num_leaves': 63, 'learning_rate': 0.010159937976656527, 'subsample': 0.7118974055130827, 'colsample_bytree': 0.9826583982594713, 'min_child_samples': 85, 'reg_alpha': 5.113460481149383e-05, 'reg_lambda': 0.0025654558023732064}. Best is trial 10 with value: 0.1703631780932613.
[I 2026-06-01 23:27:57,913] Trial 13 finished with value: 0.18765803600889727 and parameters: {'confidence_threshold': 0.8491456140421829, 'training_days': 360, 'n_estimators': 494, 'max_depth': 4, 'num_leaves': 55, 'learning_rate': 0.010365171391461736, 'subsample': 0.7186328263857324, 'colsample_bytree': 0.977673677256957, 'min_child_samples': 90, 'reg_alpha': 6.04585595393063e-05, 'reg_lambda': 0.0025452809525593196}. Best is trial 13 with value: 0.18765803600889727.
[I 2026-06-01 23:27:58,402] Trial 14 finished with value: 0.04880147055833738 and parameters: {'confidence_threshold': 0.7943081452865708, 'training_days': 340, 'n_estimators': 500, 'max_depth': 4, 'num_leaves': 53, 'learning_rate': 0.017523173468387748, 'subsample': 0.7673486119683415, 'colsample_bytree': 0.9010709999783574, 'min_child_samples': 69, 'reg_alpha': 0.0014623796630832343, 'reg_lambda': 2.293505289769991e-06}. Best is trial 13 with value: 0.18765803600889727.
[I 2026-06-01 23:27:58,708] Trial 15 finished with value: 0.04939520405392136 and parameters: {'confidence_threshold': 0.7829525506318393, 'training_days': 220, 'n_estimators': 442, 'max_depth': 4, 'num_leaves': 53, 'learning_rate': 0.01687764194666757, 'subsample': 0.6591323670979916, 'colsample_bytree': 0.9934286300532085, 'min_child_samples': 88, 'reg_alpha': 8.084592721939181e-06, 'reg_lambda': 0.0022482287727608784}. Best is trial 13 with value: 0.18765803600889727.
[I 2026-06-01 23:27:59,004] Trial 16 finished with value: 0.12741489808391188 and parameters: {'confidence_threshold': 0.7843735428504903, 'training_days': 490, 'n_estimators': 297, 'max_depth': 4, 'num_leaves': 54, 'learning_rate': 0.014589620305802497, 'subsample': 0.7624357316660103, 'colsample_bytree': 0.923059818374438, 'min_child_samples': 90, 'reg_alpha': 0.0036866572374291543, 'reg_lambda': 0.01767030824976349}. Best is trial 13 with value: 0.18765803600889727.
