[I 2026-06-01 23:31:41,003] Trial 12 finished with value: 0.05018896720088151 and parameters: {'confidence_threshold': 0.7449212105048096, 'training_days': 200, 'n_estimators': 490, 'max_depth': 4, 'num_leaves': 54, 'learning_rate': 0.01924681962976845, 'subsample': 0.9912016966112274, 'colsample_bytree': 0.6646287431572568, 'min_child_samples': 85, 'reg_alpha': 8.85890496668e-06, 'reg_lambda': 0.0043762371699676405}. Best is trial 12 with value: 0.05018896720088151.
[I 2026-06-01 23:31:41,281] Trial 13 finished with value: 0.061703458031617184 and parameters: {'confidence_threshold': 0.7956637805967407, 'training_days': 200, 'n_estimators': 494, 'max_depth': 4, 'num_leaves': 52, 'learning_rate': 0.013893880554546854, 'subsample': 0.9814243437154605, 'colsample_bytree': 0.6937220943884248, 'min_child_samples': 83, 'reg_alpha': 8.465942575614097e-06, 'reg_lambda': 0.005128891358078169}. Best is trial 13 with value: 0.061703458031617184.
[I 2026-06-01 23:31:41,490] Trial 14 finished with value: 0.09995453044961933 and parameters: {'confidence_threshold': 0.8473645819253061, 'training_days': 160, 'n_estimators': 500, 'max_depth': 4, 'num_leaves': 52, 'learning_rate': 0.010878781321560152, 'subsample': 0.9899990900402367, 'colsample_bytree': 0.658600878541351, 'min_child_samples': 82, 'reg_alpha': 0.0021089700441688534, 'reg_lambda': 0.0014709214223004336}. Best is trial 14 with value: 0.09995453044961933.
[I 2026-06-01 23:31:41,707] Trial 15 finished with value: 0.10366089877609004 and parameters: {'confidence_threshold': 0.8495336130878952, 'training_days': 140, 'n_estimators': 488, 'max_depth': 4, 'num_leaves': 51, 'learning_rate': 0.010001022351473413, 'subsample': 0.9954982980464657, 'colsample_bytree': 0.6959770200583023, 'min_child_samples': 70, 'reg_alpha': 0.002133995302102601, 'reg_lambda': 2.582339790441249e-06}. Best is trial 15 with value: 0.10366089877609004.
[I 2026-06-01 23:31:41,916] Trial 16 finished with value: 0.04840821863637411 and parameters: {'confidence_threshold': 0.8496863709167901, 'training_days': 140, 'n_estimators': 442, 'max_depth': 4, 'num_leaves': 51, 'learning_rate': 0.010073409551533938, 'subsample': 0.9177748661141786, 'colsample_bytree': 0.6104961817553188, 'min_child_samples': 64, 'reg_alpha': 0.0036991964421060736, 'reg_lambda': 3.178317487349024e-06}. Best is trial 15 with value: 0.10366089877609004.
[I 2026-06-01 23:31:42,035] Trial 17 finished with value: 0.01572492927277382 and parameters: {'confidence_threshold': 0.5080881579696632, 'training_days': 100, 'n_estimators': 303, 'max_depth': 4, 'num_leaves': 18, 'learning_rate': 0.01747705459522358, 'subsample': 0.8002407697944357, 'colsample_bytree': 0.73350302743101, 'min_child_samples': 70, 'reg_alpha': 0.003779012890739376, 'reg_lambda': 1.7282871767632007e-06}. Best is trial 15 with value: 0.10366089877609004.

    [trial 5] 49 features, training_days=210 | threshold=0.606 | labels: 1104 long, 1067 short (51/49%)
    [trial 5] Sharpe=0.0064 (folds: 0.0362, 0.0326, 0.0655, -0.0029, -0.0997)
    [trial 6] 49 features, training_days=130 | threshold=0.767 | labels: 1104 long, 1067 short (51/49%)
    [trial 6] Sharpe=-0.0214 (folds: -0.0078, -0.2295, 0.1657, 0.1061, -0.1416)
    [trial 7] 49 features, training_days=80 | threshold=0.556 | labels: 1104 long, 1067 short (51/49%)
    [trial 7] Sharpe=-0.0775 (folds: 0.0878, -0.4081, 0.0825, -0.0178, -0.1322)
    [trial 8] 49 features, training_days=200 | threshold=0.607 | labels: 1104 long, 1067 short (51/49%)
    [trial 8] Sharpe=0.0043 (folds: -0.0826, 0.1236, 0.0935, -0.0418, -0.0711)
    [trial 9] 49 features, training_days=260 | threshold=0.620 | labels: 1104 long, 1067 short (51/49%)
    [trial 9] Sharpe=0.0036 (folds: -0.0090, -0.1521, 0.2980, 0.0218, -0.1408)
    [trial 10] 49 features, training_days=420 | threshold=0.845 | labels: 1104 long, 1067 short (51/49%)
    [trial 10] Sharpe=-0.1658 (folds: -0.2207, -0.4281, -0.2911, 0.0334, 0.0775)
    [trial 11] 49 features, training_days=360 | threshold=0.716 | labels: 1104 long, 1067 short (51/49%)
    [trial 11] Sharpe=-8.0585 (folds: -0.2924, -10.0000, -10.0000, -10.0000, -10.0000)
    [trial 12] 49 features, training_days=340 | threshold=0.678 | labels: 1104 long, 1067 short (51/49%)
    [trial 12] Sharpe=-0.0187 (folds: -0.0278, -0.1107, 0.0944, 0.0421, -0.0913)
    [trial 13] 49 features, training_days=10 | threshold=0.790 | labels: 1104 long, 1067 short (51/49%)
    [trial 13] Sharpe=-2.0257 (folds: -10.0000, 0.0250, -0.0191, 0.0703, -0.2045)
    [trial 14] 49 features, training_days=490 | threshold=0.699 | labels: 1104 long, 1067 short (51/49%)
    [trial 14] Sharpe=-0.0162 (folds: 0.0526, -0.1416, 0.1127, 0.0209, -0.1256)
    [trial 15] 49 features, training_days=300 | threshold=0.841 | labels: 1104 long, 1067 short (51/49%)
    [trial 15] Sharpe=0.0009 (folds: -0.0995, -0.1856, 0.3306, 0.0011, -0.0423)
    [trial 16] 49 features, training_days=380 | threshold=0.741 | labels: 1104 long, 1067 short (51/49%)
    [trial 16] Sharpe=-0.0413 (folds: 0.0850, -0.2558, 0.0011, 0.0356, -0.0722)
    [trial 17] 49 features, training_days=290 | threshold=0.500 | labels: 1104 long, 1067 short (51/49%)
    [trial 17] Sharpe=-0.0386 (folds: 0.0010, -0.2076, 0.1566, -0.0092, -0.1336)
  Optuna: 18 trials, best Sharpe = 0.0167
  Best params: n_estimators=375, max_depth=3, lr=0.0217, leaves=32
  Best confidence_threshold: 0.754
  Best training_days: 310
  Retrained on full data (930 samples, 49 features)
  [ensemble 3/3] seed=456
    [trial 0] 49 features, training_days=90 | threshold=0.587 | labels: 1104 long, 1067 short (51/49%)
    [CV fold 0] train_end=2023-04-25 08:00 | val_start=2023-05-03 00:00 | gap=184h (22 rows)
    [CV fold 1] train_end=2023-08-23 16:00 | val_start=2023-08-31 08:00 | gap=184h (22 rows)
    [CV fold 2] train_end=2023-12-22 00:00 | val_start=2023-12-29 16:00 | gap=184h (22 rows)
    [CV fold 3] train_end=2024-04-20 08:00 | val_start=2024-04-28 00:00 | gap=184h (22 rows)
    [CV fold 4] train_end=2024-08-18 16:00 | val_start=2024-08-26 08:00 | gap=184h (22 rows)
    [trial 0] Sharpe=-0.0445 (folds: 0.1060, -0.3431, 0.1780, 0.0726, -0.2358)
    [trial 1] 49 features, training_days=290 | threshold=0.635 | labels: 1104 long, 1067 short (51/49%)
    [trial 1] Sharpe=0.0205 (folds: 0.0349, -0.1118, 0.2044, 0.0606, -0.0857)
    [trial 2] 49 features, training_days=10 | threshold=0.585 | labels: 1104 long, 1067 short (51/49%)
    [trial 2] Sharpe=-2.0257 (folds: -10.0000, 0.0250, -0.0191, 0.0703, -0.2045)
    [trial 3] 49 features, training_days=220 | threshold=0.687 | labels: 1104 long, 1067 short (51/49%)
    [trial 3] Sharpe=0.0478 (folds: 0.1022, 0.0171, 0.2739, 0.0097, -0.1641)
    [trial 4] 49 features, training_days=300 | threshold=0.562 | labels: 1104 long, 1067 short (51/49%)
    [trial 4] Sharpe=-0.0104 (folds: -0.0636, -0.1595, 0.2601, 0.0046, -0.0934)
    [trial 5] 49 features, training_days=490 | threshold=0.711 | labels: 1104 long, 1067 short (51/49%)
    [trial 5] Sharpe=0.0129 (folds: -0.0506, 0.0081, 0.1558, 0.0107, -0.0594)
    [trial 6] 49 features, training_days=420 | threshold=0.667 | labels: 1104 long, 1067 short (51/49%)
    [trial 6] Sharpe=0.0072 (folds: -0.0891, -0.1098, 0.1999, 0.1574, -0.1224)
    [trial 7] 49 features, training_days=120 | threshold=0.550 | labels: 1104 long, 1067 short (51/49%)
    [trial 7] Sharpe=-0.0431 (folds: -0.0010, -0.1500, 0.0699, 0.0775, -0.2120)
    [trial 8] 49 features, training_days=450 | threshold=0.720 | labels: 1104 long, 1067 short (51/49%)
    [trial 8] Sharpe=0.0295 (folds: 0.0867, -0.0837, 0.0469, 0.2079, -0.1105)
    [trial 9] 49 features, training_days=20 | threshold=0.727 | labels: 1104 long, 1067 short (51/49%)
    [trial 9] Sharpe=-7.9689 (folds: -10.0000, -10.0000, -10.0000, -10.0000, 0.1557)
    [trial 10] 49 features, training_days=200 | threshold=0.828 | labels: 1104 long, 1067 short (51/49%)
    [trial 10] Sharpe=-5.9994 (folds: -10.0000, -10.0000, -10.0000, -0.0501, 0.0534)
    [trial 11] 49 features, training_days=380 | threshold=0.777 | labels: 1104 long, 1067 short (51/49%)
    [trial 11] Sharpe=0.0050 (folds: 0.1520, -0.0480, -0.0737, 0.0875, -0.0928)
    [trial 12] 49 features, training_days=200 | threshold=0.745 | labels: 1104 long, 1067 short (51/49%)
    [trial 12] Sharpe=0.0502 (folds: 0.0843, 0.0374, 0.2166, 0.0002, -0.0875)
    [trial 13] 49 features, training_days=200 | threshold=0.796 | labels: 1104 long, 1067 short (51/49%)
    [trial 13] Sharpe=0.0617 (folds: 0.2817, -0.0112, 0.3316, -0.0764, -0.2173)
    [trial 14] 49 features, training_days=160 | threshold=0.847 | labels: 1104 long, 1067 short (51/49%)
    [trial 14] Sharpe=0.1000 (folds: 0.4905, -0.1073, 0.3048, 0.1519, -0.3401)
    [trial 15] 49 features, training_days=140 | threshold=0.850 | labels: 1104 long, 1067 short (51/49%)
    [trial 15] Sharpe=0.1037 (folds: 0.4096, -0.1072, 0.1443, 0.2220, -0.1504)
    [trial 16] 49 features, training_days=140 | threshold=0.850 | labels: 1104 long, 1067 short (51/49%)
    [trial 16] Sharpe=0.0484 (folds: 0.1099, -0.0717, 0.1558, 0.1817, -0.1337)
    [trial 17] 49 features, training_days=100 | threshold=0.508 | labels: 1104 long, 1067 short (51/49%)
    [trial 17] Sharpe=0.0157 (folds: 0.2233, -0.2958, 0.1787, 0.0218, -0.0494)
  Optuna: 18 trials, best Sharpe = 0.1037
  Best params: n_estimators=488, max_depth=4, lr=0.0100, leaves=51
  Best confidence_threshold: 0.850
  Best training_days: 140
  Retrained on full data (420 samples, 49 features)
  OOD: 16 features, cutoff (q=0.7) = 13.59
  Model trained for 2025-01: 93 test candles with features, confidence_threshold=0.805
[trade:close] 2025-01-03 23:59 LTCUSDT LONG → take_profit @ 112.22 | PnL=+13.66% (net +13.56%) | cum=+148.28% 2025-01=+13.56% 2025-01-03=+13.56%
[predict] 2025-01-09 08:00 LTCUSDT → LONG (proba=0.89 TP=13.7%/SL=6.9%)
[trade:open] 2025-01-09 15:59 LTCUSDT LONG @ 105.10 | SL=97.89 TP=119.51 | timeout=2025-01-16 15:59
[trade:close] 2025-01-13 15:59 LTCUSDT LONG → stop_loss @ 97.89 | PnL=-6.86% (net -6.96%) | cum=+141.33% 2025-01=+6.61% 2025-01-13=-6.96%
[predict] 2025-01-14 08:00 LTCUSDT → LONG (proba=0.89 TP=12.8%/SL=6.4%)
[trade:open] 2025-01-14 15:59 LTCUSDT LONG @ 100.54 | SL=94.09 TP=113.45 | timeout=2025-01-21 15:59
[trade:close] 2025-01-15 23:59 LTCUSDT LONG → take_profit @ 113.45 | PnL=+12.84% (net +12.74%) | cum=+154.06% 2025-01=+19.34% 2025-01-15=+12.74%
[lgbm] === Training for 2025-02 ===
  Train window: 2023-02-01 → 2025-01-24
  2171 training samples from 1 symbols
  Samples per month: 2023-02: 84, 2023-03: 93, 2023-04: 90, 2023-05: 93, 2023-06: 90, 2023-07: 93, 2023-08: 93, 2023-09: 90, 2023-10: 93, 2023-11: 90, 2023-12: 93, 2024-01: 93, 2024-02: 87, 2024-03: 93, 2024-04: 90, 2024-05: 93, 2024-06: 90, 2024-07: 93, 2024-08: 93, 2024-09: 90, 2024-10: 93, 2024-11: 90, 2024-12: 93, 2025-01: 71
  [label] 2023-04-03 16:00 LTCUSDT entry=92.9300 → LONG | long=timeout(+0.78%) short=timeout(-0.98%) | scanned=22 | no_tp→fwd_return=+0.8824
  [label] 2023-04-06 00:00 LTCUSDT entry=90.9300 → LONG | long=timeout(+1.78%) short=sl(-5.54%) | scanned=22 | no_tp→fwd_return=+1.8806[I 2026-06-01 23:31:42,747] A new study created in memory with name: no-name-ad3b4a2b-ebc8-47fe-a790-6f8b6b86f9e3
[I 2026-06-01 23:31:43,110] Trial 0 finished with value: 0.15874434352130878 and parameters: {'confidence_threshold': 0.6310890415965769, 'training_days': 480, 'n_estimators': 380, 'max_depth': 4, 'num_leaves': 22, 'learning_rate': 0.01699897838270077, 'subsample': 0.5290418060840998, 'colsample_bytree': 0.9330880728874675, 'min_child_samples': 68, 'reg_alpha': 0.023585940584142682, 'reg_lambda': 1.5320059381854043e-08}. Best is trial 0 with value: 0.15874434352130878.
[I 2026-06-01 23:31:43,246] Trial 1 finished with value: 0.1380798908034158 and parameters: {'confidence_threshold': 0.839468448256698, 'training_days': 420, 'n_estimators': 145, 'max_depth': 3, 'num_leaves': 23, 'learning_rate': 0.028145092716060652, 'subsample': 0.762378215816119, 'colsample_bytree': 0.7159725093210578, 'min_child_samples': 43, 'reg_alpha': 0.0032112643094417484, 'reg_lambda': 1.8007140198129195e-07}. Best is trial 0 with value: 0.15874434352130878.
[I 2026-06-01 23:31:43,412] Trial 2 finished with value: 0.04549655587561914 and parameters: {'confidence_threshold': 0.6022506269873263, 'training_days': 190, 'n_estimators': 255, 'max_depth': 5, 'num_leaves': 24, 'learning_rate': 0.05748924681991978, 'subsample': 0.7962072844310213, 'colsample_bytree': 0.5232252063599989, 'min_child_samples': 69, 'reg_alpha': 3.425445902633376e-07, 'reg_lambda': 3.850031979199519e-08}. Best is trial 0 with value: 0.15874434352130878.
[I 2026-06-01 23:31:43,704] Trial 3 finished with value: 0.10926872588349353 and parameters: {'confidence_threshold': 0.8321099380386666, 'training_days': 490, 'n_estimators': 414, 'max_depth': 3, 'num_leaves': 19, 'learning_rate': 0.1024932221692416, 'subsample': 0.7200762468698007, 'colsample_bytree': 0.5610191174223894, 'min_child_samples': 60, 'reg_alpha': 2.039373116525212e-08, 'reg_lambda': 1.527156759251193}. Best is trial 0 with value: 0.15874434352130878.
[I 2026-06-01 23:31:43,879] Trial 4 finished with value: 0.09933597657927792 and parameters: {'confidence_threshold': 0.5905729935600059, 'training_days': 340, 'n_estimators': 190, 'max_depth': 4, 'num_leaves': 41, 'learning_rate': 0.01875220945578641, 'subsample': 0.9847923138822793, 'colsample_bytree': 0.8875664116805573, 'min_child_samples': 96, 'reg_alpha': 1.1309571585271483, 'reg_lambda': 0.002404915432737351}. Best is trial 0 with value: 0.15874434352130878.
[I 2026-06-01 23:31:43,928] Trial 5 finished with value: 0.2484972463087917 and parameters: {'confidence_threshold': 0.8226559822580909, 'training_days': 50, 'n_estimators': 138, 'max_depth': 3, 'num_leaves': 30, 'learning_rate': 0.03750796359625606, 'subsample': 0.6356745158869479, 'colsample_bytree': 0.9143687545759647, 'min_child_samples': 48, 'reg_alpha': 3.376063348877853e-06, 'reg_lambda': 0.0007660634613082914}. Best is trial 5 with value: 0.2484972463087917.
[I 2026-06-01 23:31:44,052] Trial 6 finished with value: 0.1260435042535773 and parameters: {'confidence_threshold': 0.5493234787411669, 'training_days': 410, 'n_estimators': 83, 'max_depth': 5, 'num_leaves': 52, 'learning_rate': 0.019657448966046126, 'subsample': 0.5027610585618012, 'colsample_bytree': 0.9077307142274171, 'min_child_samples': 77, 'reg_alpha': 0.03639690979811287, 'reg_lambda': 0.08738424135626986}. Best is trial 5 with value: 0.2484972463087917.
[I 2026-06-01 23:31:44,152] Trial 7 finished with value: 0.011789726334398848 and parameters: {'confidence_threshold': 0.5259156281069316, 'training_days': 180, 'n_estimators': 102, 'max_depth': 5, 'num_leaves': 45, 'learning_rate': 0.030816017044468066, 'subsample': 0.5317791751430119, 'colsample_bytree': 0.6554911608578311, 'min_child_samples': 46, 'reg_alpha': 0.036851536911881845, 'reg_lambda': 0.005470376807480391}. Best is trial 5 with value: 0.2484972463087917.
[I 2026-06-01 23:31:44,264] Trial 8 finished with value: 0.0403241873014114 and parameters: {'confidence_threshold': 0.8105244599017143, 'training_days': 240, 'n_estimators': 103, 'max_depth': 5, 'num_leaves': 52, 'learning_rate': 0.06746437142284309, 'subsample': 0.8854835899772805, 'colsample_bytree': 0.7468977981821954, 'min_child_samples': 62, 'reg_alpha': 7.04480806377519e-05, 'reg_lambda': 1.6934490731313353e-08}. Best is trial 5 with value: 0.2484972463087917.
[I 2026-06-01 23:31:44,294] Trial 9 finished with value: 0.023480562113691036 and parameters: {'confidence_threshold': 0.5377619994476566, 'training_days': 20, 'n_estimators': 337, 'max_depth': 3, 'num_leaves': 39, 'learning_rate': 0.21907142272152816, 'subsample': 0.6246461145744375, 'colsample_bytree': 0.7051914615178149, 'min_child_samples': 81, 'reg_alpha': 1.1459970229341322e-06, 'reg_lambda': 4.929685216887945e-08}. Best is trial 5 with value: 0.2484972463087917.
[I 2026-06-01 23:31:44,337] Trial 10 finished with value: -2.0398803385263657 and parameters: {'confidence_threshold': 0.7318981109748116, 'training_days': 10, 'n_estimators': 487, 'max_depth': 4, 'num_leaves': 31, 'learning_rate': 0.14704103471568217, 'subsample': 0.628963476300746, 'colsample_bytree': 0.987470107623585, 'min_child_samples': 25, 'reg_alpha': 2.608784411827665e-05, 'reg_lambda': 3.3639426888455256e-06}. Best is trial 5 with value: 0.2484972463087917.
[I 2026-06-01 23:31:44,484] Trial 11 finished with value: 0.04961380758245841 and parameters: {'confidence_threshold': 0.6954836557727516, 'training_days': 110, 'n_estimators': 291, 'max_depth': 4, 'num_leaves': 30, 'learning_rate': 0.010345547951401532, 'subsample': 0.6089267919181687, 'colsample_bytree': 0.8554948668919389, 'min_child_samples': 48, 'reg_alpha': 3.662834835098572, 'reg_lambda': 4.4206421310909706e-05}. Best is trial 5 with value: 0.2484972463087917.
[I 2026-06-01 23:31:44,941] Trial 12 finished with value: 0.096501941241917 and parameters: {'confidence_threshold': 0.6403606747603232, 'training_days': 310, 'n_estimators': 389, 'max_depth': 4, 'num_leaves': 15, 'learning_rate': 0.011907057590678163, 'subsample': 0.5681007185936042, 'colsample_bytree': 0.9966230134341398, 'min_child_samples': 30, 'reg_alpha': 0.0007390056680458819, 'reg_lambda': 3.8098701113215634e-05}. Best is trial 5 with value: 0.2484972463087917.
[I 2026-06-01 23:31:45,051] Trial 13 finished with value: 0.0970064483960626 and parameters: {'confidence_threshold': 0.7511004938244776, 'training_days': 130, 'n_estimators': 222, 'max_depth': 3, 'num_leaves': 62, 'learning_rate': 0.03463321157552712, 'subsample': 0.6866291716128416, 'colsample_bytree': 0.8271117220474519, 'min_child_samples': 92, 'reg_alpha': 5.089139747366672e-06, 'reg_lambda': 4.448098583586055e-06}. Best is trial 5 with value: 0.2484972463087917.
[I 2026-06-01 23:31:45,346] Trial 14 finished with value: 0.1661419255303896 and parameters: {'confidence_threshold': 0.6653126865835206, 'training_days': 500, 'n_estimators': 340, 'max_depth': 3, 'num_leaves': 30, 'learning_rate': 0.018455307819926946, 'subsample': 0.672124257048007, 'colsample_bytree': 0.9365356675427864, 'min_child_samples': 36, 'reg_alpha': 0.011240825921390547, 'reg_lambda': 0.0013851843518099096}. Best is trial 5 with value: 0.2484972463087917.
[I 2026-06-01 23:31:45,597] Trial 15 finished with value: 0.08224442044885222 and parameters: {'confidence_threshold': 0.7674254349466498, 'training_days': 310, 'n_estimators': 319, 'max_depth': 3, 'num_leaves': 31, 'learning_rate': 0.04150363557318294, 'subsample': 0.8126807148557413, 'colsample_bytree': 0.8100744538922787, 'min_child_samples': 37, 'reg_alpha': 1.361626751747794e-08, 'reg_lambda': 0.004247249175708193}. Best is trial 5 with value: 0.2484972463087917.
[I 2026-06-01 23:31:45,683] Trial 16 finished with value: 0.021642014817224293 and parameters: {'confidence_threshold': 0.690068989814859, 'training_days': 70, 'n_estimators': 176, 'max_depth': 3, 'num_leaves': 36, 'learning_rate': 0.07797477661952103, 'subsample': 0.6804938636583086, 'colsample_bytree': 0.9535713199832213, 'min_child_samples': 54, 'reg_alpha': 0.00029377520521788937, 'reg_lambda': 0.23529158002820744}. Best is trial 5 with value: 0.2484972463087917.
[I 2026-06-01 23:31:45,907] Trial 17 finished with value: 0.13891523988822047 and parameters: {'confidence_threshold': 0.789403558838043, 'training_days': 370, 'n_estimators': 257, 'max_depth': 3, 'num_leaves': 28, 'learning_rate': 0.04471585833326614, 'subsample': 0.65929079047196, 'colsample_bytree': 0.7952908891858086, 'min_child_samples': 35, 'reg_alpha': 0.5242130074727448, 'reg_lambda': 0.00030468089368308873}. Best is trial 5 with value: 0.2484972463087917.
[I 2026-06-01 23:31:46,326] A new study created in memory with name: no-name-4e4ad3d6-d2a2-4f6e-a1bc-beb591c9e085
[I 2026-06-01 23:31:46,435] Trial 0 finished with value: 0.093035544887908 and parameters: {'confidence_threshold': 0.7437642149592516, 'training_days': 150, 'n_estimators': 152, 'max_depth': 4, 'num_leaves': 50, 'learning_rate': 0.04216766425047743, 'subsample': 0.9903820991923078, 'colsample_bytree': 0.8424148692924316, 'min_child_samples': 58, 'reg_alpha': 3.381097259762742e-05, 'reg_lambda': 1.2263152961306247e-05}. Best is trial 0 with value: 0.093035544887908.
[I 2026-06-01 23:31:46,503] Trial 1 finished with value: 0.2297331776788088 and parameters: {'confidence_threshold': 0.7551673975844145, 'training_days': 220, 'n_estimators': 76, 'max_depth': 4, 'num_leaves': 51, 'learning_rate': 0.018602118810743477, 'subsample': 0.5877258780737462, 'colsample_bytree': 0.7657756869209191, 'min_child_samples': 63, 'reg_alpha': 0.005123994170264194, 'reg_lambda': 0.44145470178120466}. Best is trial 1 with value: 0.2297331776788088.
[I 2026-06-01 23:31:46,781] Trial 2 finished with value: 0.0946815520269924 and parameters: {'confidence_threshold': 0.7535593637012223, 'training_days': 310, 'n_estimators': 375, 'max_depth': 3, 'num_leaves': 32, 'learning_rate': 0.021735641882032388, 'subsample': 0.6468570231944146, 'colsample_bytree': 0.8154880619272439, 'min_child_samples': 27, 'reg_alpha': 8.004064028491336e-05, 'reg_lambda': 7.546835261630524e-05}. Best is trial 1 with value: 0.2297331776788088.
[I 2026-06-01 23:31:46,958] Trial 3 finished with value: 0.030046158192709692 and parameters: {'confidence_threshold': 0.6727897841776072, 'training_days': 220, 'n_estimators': 190, 'max_depth': 4, 'num_leaves': 58, 'learning_rate': 0.24810689332636193, 'subsample': 0.7509183379421682, 'colsample_bytree': 0.8119764758960556, 'min_child_samples': 29, 'reg_alpha': 7.1708285081421445e-06, 'reg_lambda': 5.412973582738627e-05}. Best is trial 1 with value: 0.2297331776788088.
