[I 2026-06-01 23:25:33,197] Trial 17 finished with value: 0.08526181816411915 and parameters: {'confidence_threshold': 0.773117637686033, 'training_days': 280, 'n_estimators': 270, 'max_depth': 4, 'num_leaves': 62, 'learning_rate': 0.07169076523212334, 'subsample': 0.9272655966967175, 'colsample_bytree': 0.9055566711342192, 'min_child_samples': 54, 'reg_alpha': 0.008896971601743164, 'reg_lambda': 6.062884377077244e-06}. Best is trial 15 with value: 0.14046667334933788.

    [trial 11] Sharpe=0.1416 (folds: -0.0478, -0.0187, 0.2158, 0.1916, 0.3668)
    [trial 12] 49 features, training_days=440 | threshold=0.831 | labels: 1103 long, 1050 short (51/49%)
    [trial 12] Sharpe=0.0481 (folds: -0.0711, 0.0099, 0.1336, -0.0930, 0.2610)
    [trial 13] 49 features, training_days=340 | threshold=0.720 | labels: 1103 long, 1050 short (51/49%)
    [trial 13] Sharpe=0.0987 (folds: -0.0249, -0.0126, 0.1547, 0.2515, 0.1248)
    [trial 14] 49 features, training_days=490 | threshold=0.697 | labels: 1103 long, 1050 short (51/49%)
    [trial 14] Sharpe=0.0414 (folds: -0.0532, -0.0286, 0.1268, 0.1125, 0.0494)
    [trial 15] 49 features, training_days=330 | threshold=0.790 | labels: 1103 long, 1050 short (51/49%)
    [trial 15] Sharpe=0.0789 (folds: -0.0797, -0.0628, 0.0707, 0.2794, 0.1871)
    [trial 16] 49 features, training_days=340 | threshold=0.810 | labels: 1103 long, 1050 short (51/49%)
    [trial 16] Sharpe=0.1292 (folds: 0.1065, -0.0889, 0.0805, 0.3223, 0.2256)
    [trial 17] 49 features, training_days=400 | threshold=0.500 | labels: 1103 long, 1050 short (51/49%)
    [trial 17] Sharpe=0.0089 (folds: -0.0023, 0.0122, 0.0487, 0.0141, -0.0281)
  Optuna: 18 trials, best Sharpe = 0.1416
  Best params: n_estimators=493, max_depth=3, lr=0.0105, leaves=27
  Best confidence_threshold: 0.837
  Best training_days: 430
  Retrained on full data (1275 samples, 49 features)
  [ensemble 3/3] seed=456
    [trial 0] 49 features, training_days=90 | threshold=0.587 | labels: 1103 long, 1050 short (51/49%)
    [CV fold 0] train_end=2020-12-23 08:00 | val_start=2020-12-31 00:00 | gap=184h (22 rows)
    [CV fold 1] train_end=2021-04-21 16:00 | val_start=2021-04-29 08:00 | gap=184h (22 rows)
    [CV fold 2] train_end=2021-08-19 00:00 | val_start=2021-08-26 16:00 | gap=184h (22 rows)
    [CV fold 3] train_end=2021-12-16 08:00 | val_start=2021-12-24 00:00 | gap=184h (22 rows)
    [CV fold 4] train_end=2022-04-19 16:00 | val_start=2022-04-27 08:00 | gap=184h (22 rows)
    [trial 0] Sharpe=-0.0015 (folds: 0.2043, 0.0307, -0.0180, -0.0901, -0.1343)
    [trial 1] 49 features, training_days=290 | threshold=0.635 | labels: 1103 long, 1050 short (51/49%)
    [trial 1] Sharpe=0.0849 (folds: 0.0854, 0.0101, 0.0235, 0.2674, 0.0381)
    [trial 2] 49 features, training_days=10 | threshold=0.585 | labels: 1103 long, 1050 short (51/49%)
    [trial 2] Sharpe=-2.0151 (folds: -0.2406, -10.0000, -0.0365, 0.2096, -0.0080)
    [trial 3] 49 features, training_days=220 | threshold=0.687 | labels: 1103 long, 1050 short (51/49%)
    [trial 3] Sharpe=0.0817 (folds: -0.0174, 0.0101, 0.1835, 0.1542, 0.0782)
    [trial 4] 49 features, training_days=300 | threshold=0.562 | labels: 1103 long, 1050 short (51/49%)
    [trial 4] Sharpe=0.0392 (folds: -0.0401, 0.0373, 0.1209, 0.1566, -0.0789)
    [trial 5] 49 features, training_days=490 | threshold=0.711 | labels: 1103 long, 1050 short (51/49%)
    [trial 5] Sharpe=0.0137 (folds: -0.0424, -0.0460, 0.0832, 0.0740, -0.0002)
    [trial 6] 49 features, training_days=420 | threshold=0.667 | labels: 1103 long, 1050 short (51/49%)
    [trial 6] Sharpe=0.0300 (folds: -0.0524, -0.0093, 0.1026, 0.0943, 0.0148)
    [trial 7] 49 features, training_days=120 | threshold=0.550 | labels: 1103 long, 1050 short (51/49%)
    [trial 7] Sharpe=-0.0128 (folds: 0.0102, 0.1012, -0.0126, -0.0521, -0.1110)
    [trial 8] 49 features, training_days=450 | threshold=0.720 | labels: 1103 long, 1050 short (51/49%)
    [trial 8] Sharpe=0.0736 (folds: 0.0143, 0.0419, 0.1225, 0.1474, 0.0420)
    [trial 9] 49 features, training_days=20 | threshold=0.727 | labels: 1103 long, 1050 short (51/49%)
    [trial 9] Sharpe=-5.9299 (folds: 0.2504, -10.0000, 0.1002, -10.0000, -10.0000)
    [trial 10] 49 features, training_days=320 | threshold=0.840 | labels: 1103 long, 1050 short (51/49%)
    [trial 10] Sharpe=-3.9654 (folds: -0.1247, -0.1291, -10.0000, -10.0000, 0.4266)
    [trial 11] 49 features, training_days=210 | threshold=0.644 | labels: 1103 long, 1050 short (51/49%)
    [trial 11] Sharpe=0.0599 (folds: 0.0364, 0.0275, 0.1590, 0.0971, -0.0204)
    [trial 12] 49 features, training_days=220 | threshold=0.801 | labels: 1103 long, 1050 short (51/49%)
    [trial 12] Sharpe=-0.0267 (folds: -0.1379, -0.0405, 0.0393, 0.1020, -0.0965)
    [trial 13] 49 features, training_days=350 | threshold=0.504 | labels: 1103 long, 1050 short (51/49%)
    [trial 13] Sharpe=0.0696 (folds: 0.0767, -0.0172, 0.1313, 0.0860, 0.0713)
    [trial 14] 49 features, training_days=170 | threshold=0.631 | labels: 1103 long, 1050 short (51/49%)
    [trial 14] Sharpe=0.0304 (folds: 0.0385, 0.0331, -0.0286, 0.2342, -0.1252)
    [trial 15] 49 features, training_days=250 | threshold=0.759 | labels: 1103 long, 1050 short (51/49%)
    [trial 15] Sharpe=0.1405 (folds: 0.0850, 0.1580, 0.0759, 0.3658, 0.0175)
    [trial 16] 49 features, training_days=380 | threshold=0.764 | labels: 1103 long, 1050 short (51/49%)
    [trial 16] Sharpe=0.0468 (folds: -0.0577, 0.0254, 0.1085, 0.1683, -0.0106)
    [trial 17] 49 features, training_days=280 | threshold=0.773 | labels: 1103 long, 1050 short (51/49%)
    [trial 17] Sharpe=0.0853 (folds: -0.0278, -0.0058, 0.0611, 0.2995, 0.0993)
  Optuna: 18 trials, best Sharpe = 0.1405
  Best params: n_estimators=229, max_depth=3, lr=0.0918, leaves=48
  Best confidence_threshold: 0.759
  Best training_days: 250
  Retrained on full data (735 samples, 49 features)
  OOD: 16 features, cutoff (q=0.7) = 13.97
  Model trained for 2022-09: 90 test candles with features, confidence_threshold=0.754
[trade:close] 2022-09-02 15:59 LTCUSDT LONG → take_profit @ 59.98 | PnL=+13.69% (net +13.59%) | cum=+40.69% 2022-09=+13.59% 2022-09-02=+13.59%
[predict] 2022-09-03 08:00 LTCUSDT → SHORT (proba=0.80 TP=14.2%/SL=7.1%)
[trade:open] 2022-09-03 15:59 LTCUSDT SHORT @ 60.51 | SL=64.80 TP=51.92 | timeout=2022-09-10 15:59
[trade:close] 2022-09-10 16:00 LTCUSDT SHORT → timeout @ 64.05 | PnL=-5.85% (net -5.95%) | cum=+34.74% 2022-09=+7.64% 2022-09-10=-5.95%
[predict] 2022-09-11 08:00 LTCUSDT → SHORT (proba=0.88 TP=12.1%/SL=6.1%)
[trade:open] 2022-09-11 15:59 LTCUSDT SHORT @ 62.73 | SL=66.53 TP=55.13 | timeout=2022-09-18 15:59
[trade:close] 2022-09-13 15:59 LTCUSDT SHORT → stop_loss @ 66.53 | PnL=-6.06% (net -6.16%) | cum=+28.58% 2022-09=+1.48% 2022-09-13=-6.16%
[predict] 2022-09-14 08:00 LTCUSDT → SHORT (proba=0.86 TP=15.7%/SL=7.8%)
[trade:open] 2022-09-14 15:59 LTCUSDT SHORT @ 60.36 | SL=65.09 TP=50.90 | timeout=2022-09-21 15:59
[trade:close] 2022-09-19 07:59 LTCUSDT SHORT → take_profit @ 50.90 | PnL=+15.67% (net +15.57%) | cum=+44.15% 2022-09=+17.05% 2022-09-19=+15.57%
[predict] 2022-09-21 00:00 LTCUSDT → SHORT (proba=0.83 TP=14.9%/SL=7.5%)
[trade:open] 2022-09-21 07:59 LTCUSDT SHORT @ 51.70 | SL=55.56 TP=43.98 | timeout=2022-09-28 07:59
[trade:close] 2022-09-24 07:59 LTCUSDT SHORT → stop_loss @ 55.56 | PnL=-7.46% (net -7.56%) | cum=+36.59% 2022-09=+9.49% 2022-09-24=-7.56%
[predict] 2022-09-29 08:00 LTCUSDT → SHORT (proba=0.78 TP=11.9%/SL=6.0%)
[trade:open] 2022-09-29 15:59 LTCUSDT SHORT @ 53.32 | SL=56.50 TP=46.96 | timeout=2022-10-06 15:59
[lgbm] === Training for 2022-10 ===
  Train window: 2020-10-01 → 2022-09-23
  2153 training samples from 1 symbols
  Samples per month: 2020-10: 93, 2020-11: 90, 2020-12: 93, 2021-01: 93, 2021-02: 84, 2021-03: 93, 2021-04: 90, 2021-05: 93, 2021-06: 90, 2021-07: 93, 2021-08: 93, 2021-09: 90, 2021-10: 93, 2021-11: 90, 2021-12: 93, 2022-01: 93, 2022-02: 75, 2022-03: 93, 2022-04: 84, 2022-05: 93, 2022-06: 90, 2022-07: 93, 2022-08: 93, 2022-09: 68
  [label] 2020-12-01 00:00 LTCUSDT entry=89.0200 → SHORT | long=sl(-10.57%) short=timeout(+7.34%) | scanned=22 | no_tp→fwd_return=-7.4365
  [label] 2020-12-03 08:00 LTCUSDT entry=90.4600 → SHORT | long=sl(-11.51%) short=timeout(+17.49%) | scanned=22 | no_tp→fwd_return=-17.5879
  [label] 2020-12-07 00:00 LTCUSDT entry=84.7400 → SHORT | long=sl(-8.98%) short=timeout(+4.21%) | scanned=22 | no_tp→fwd_return=-4.3073
  [label] 2020-12-31 16:00 LTCUSDT entry=124.3600 → LONG | long=tp(+21.37%) short=sl(-10.83%) | scanned=8 | long_tp_only
  [label] 2021-02-21 16:00 LTCUSDT entry=227.4900 → SHORT | long=sl(-11.23%) short=tp(+22.16%) | scanned=2 | short_tp_only[I 2026-06-01 23:25:33,635] A new study created in memory with name: no-name-737933c8-5194-426e-9c76-fddd86e71fd8
[I 2026-06-01 23:25:33,984] Trial 0 finished with value: -0.009206964152603062 and parameters: {'confidence_threshold': 0.6310890415965769, 'training_days': 480, 'n_estimators': 380, 'max_depth': 4, 'num_leaves': 22, 'learning_rate': 0.01699897838270077, 'subsample': 0.5290418060840998, 'colsample_bytree': 0.9330880728874675, 'min_child_samples': 68, 'reg_alpha': 0.023585940584142682, 'reg_lambda': 1.5320059381854043e-08}. Best is trial 0 with value: -0.009206964152603062.
[I 2026-06-01 23:25:34,110] Trial 1 finished with value: -0.05767566495405224 and parameters: {'confidence_threshold': 0.839468448256698, 'training_days': 420, 'n_estimators': 145, 'max_depth': 3, 'num_leaves': 23, 'learning_rate': 0.028145092716060652, 'subsample': 0.762378215816119, 'colsample_bytree': 0.7159725093210578, 'min_child_samples': 43, 'reg_alpha': 0.0032112643094417484, 'reg_lambda': 1.8007140198129195e-07}. Best is trial 0 with value: -0.009206964152603062.
[I 2026-06-01 23:25:34,266] Trial 2 finished with value: -0.007917183676005014 and parameters: {'confidence_threshold': 0.6022506269873263, 'training_days': 190, 'n_estimators': 255, 'max_depth': 5, 'num_leaves': 24, 'learning_rate': 0.05748924681991978, 'subsample': 0.7962072844310213, 'colsample_bytree': 0.5232252063599989, 'min_child_samples': 69, 'reg_alpha': 3.425445902633376e-07, 'reg_lambda': 3.850031979199519e-08}. Best is trial 2 with value: -0.007917183676005014.
[I 2026-06-01 23:25:34,528] Trial 3 finished with value: -0.02997583262449107 and parameters: {'confidence_threshold': 0.8321099380386666, 'training_days': 490, 'n_estimators': 414, 'max_depth': 3, 'num_leaves': 19, 'learning_rate': 0.1024932221692416, 'subsample': 0.7200762468698007, 'colsample_bytree': 0.5610191174223894, 'min_child_samples': 60, 'reg_alpha': 2.039373116525212e-08, 'reg_lambda': 1.527156759251193}. Best is trial 2 with value: -0.007917183676005014.
[I 2026-06-01 23:25:34,671] Trial 4 finished with value: 0.06855399636868559 and parameters: {'confidence_threshold': 0.5905729935600059, 'training_days': 340, 'n_estimators': 190, 'max_depth': 4, 'num_leaves': 41, 'learning_rate': 0.01875220945578641, 'subsample': 0.9847923138822793, 'colsample_bytree': 0.8875664116805573, 'min_child_samples': 96, 'reg_alpha': 1.1309571585271483, 'reg_lambda': 0.002404915432737351}. Best is trial 4 with value: 0.06855399636868559.
[I 2026-06-01 23:25:34,708] Trial 5 finished with value: -0.06992313255792727 and parameters: {'confidence_threshold': 0.8226559822580909, 'training_days': 50, 'n_estimators': 138, 'max_depth': 3, 'num_leaves': 30, 'learning_rate': 0.03750796359625606, 'subsample': 0.6356745158869479, 'colsample_bytree': 0.9143687545759647, 'min_child_samples': 48, 'reg_alpha': 3.376063348877853e-06, 'reg_lambda': 0.0007660634613082914}. Best is trial 4 with value: 0.06855399636868559.
[I 2026-06-01 23:25:34,814] Trial 6 finished with value: 0.01957085538239544 and parameters: {'confidence_threshold': 0.5493234787411669, 'training_days': 410, 'n_estimators': 83, 'max_depth': 5, 'num_leaves': 52, 'learning_rate': 0.019657448966046126, 'subsample': 0.5027610585618012, 'colsample_bytree': 0.9077307142274171, 'min_child_samples': 77, 'reg_alpha': 0.03639690979811287, 'reg_lambda': 0.08738424135626986}. Best is trial 4 with value: 0.06855399636868559.
[I 2026-06-01 23:25:34,908] Trial 7 finished with value: -0.032677803403262984 and parameters: {'confidence_threshold': 0.5259156281069316, 'training_days': 180, 'n_estimators': 102, 'max_depth': 5, 'num_leaves': 45, 'learning_rate': 0.030816017044468066, 'subsample': 0.5317791751430119, 'colsample_bytree': 0.6554911608578311, 'min_child_samples': 46, 'reg_alpha': 0.036851536911881845, 'reg_lambda': 0.005470376807480391}. Best is trial 4 with value: 0.06855399636868559.
[I 2026-06-01 23:25:35,001] Trial 8 finished with value: 0.003120304833490223 and parameters: {'confidence_threshold': 0.8105244599017143, 'training_days': 240, 'n_estimators': 103, 'max_depth': 5, 'num_leaves': 52, 'learning_rate': 0.06746437142284309, 'subsample': 0.8854835899772805, 'colsample_bytree': 0.7468977981821954, 'min_child_samples': 62, 'reg_alpha': 7.04480806377519e-05, 'reg_lambda': 1.6934490731313353e-08}. Best is trial 4 with value: 0.06855399636868559.
[I 2026-06-01 23:25:35,030] Trial 9 finished with value: -0.10145483174100885 and parameters: {'confidence_threshold': 0.5377619994476566, 'training_days': 20, 'n_estimators': 337, 'max_depth': 3, 'num_leaves': 39, 'learning_rate': 0.21907142272152816, 'subsample': 0.6246461145744375, 'colsample_bytree': 0.7051914615178149, 'min_child_samples': 81, 'reg_alpha': 1.1459970229341322e-06, 'reg_lambda': 4.929685216887945e-08}. Best is trial 4 with value: 0.06855399636868559.
[I 2026-06-01 23:25:35,369] Trial 10 finished with value: 0.029207151499972127 and parameters: {'confidence_threshold': 0.6797821749717731, 'training_days': 350, 'n_estimators': 487, 'max_depth': 4, 'num_leaves': 61, 'learning_rate': 0.011407797829608154, 'subsample': 0.9865389998628291, 'colsample_bytree': 0.8382861898713898, 'min_child_samples': 98, 'reg_alpha': 8.536188349289, 'reg_lambda': 3.3639426888455256e-06}. Best is trial 4 with value: 0.06855399636868559.
[I 2026-06-01 23:25:35,552] Trial 11 finished with value: 0.009197775341219901 and parameters: {'confidence_threshold': 0.7161090655475574, 'training_days': 330, 'n_estimators': 243, 'max_depth': 4, 'num_leaves': 61, 'learning_rate': 0.010418004616766478, 'subsample': 0.999465390980953, 'colsample_bytree': 0.8374910753955798, 'min_child_samples': 98, 'reg_alpha': 5.370415467243256, 'reg_lambda': 8.43884102267831e-06}. Best is trial 4 with value: 0.06855399636868559.
[I 2026-06-01 23:25:35,859] Trial 12 finished with value: 0.036311598260139195 and parameters: {'confidence_threshold': 0.7131758522018106, 'training_days': 330, 'n_estimators': 493, 'max_depth': 4, 'num_leaves': 63, 'learning_rate': 0.010377063435469455, 'subsample': 0.9951155230471791, 'colsample_bytree': 0.8304278626461432, 'min_child_samples': 100, 'reg_alpha': 7.438980468767913, 'reg_lambda': 4.507398817361611e-06}. Best is trial 4 with value: 0.06855399636868559.
[I 2026-06-01 23:25:36,130] Trial 13 finished with value: -0.008684057488707177 and parameters: {'confidence_threshold': 0.7387821486809194, 'training_days': 310, 'n_estimators': 207, 'max_depth': 4, 'num_leaves': 35, 'learning_rate': 0.01603405587855917, 'subsample': 0.890753242980251, 'colsample_bytree': 0.9988270228115897, 'min_child_samples': 22, 'reg_alpha': 0.8819710548051987, 'reg_lambda': 3.042054096546338e-05}. Best is trial 4 with value: 0.06855399636868559.
[I 2026-06-01 23:25:36,338] Trial 14 finished with value: 0.0027990508289079527 and parameters: {'confidence_threshold': 0.6122975625169359, 'training_days': 260, 'n_estimators': 315, 'max_depth': 4, 'num_leaves': 47, 'learning_rate': 0.010284682228713442, 'subsample': 0.9219477307925201, 'colsample_bytree': 0.824447639387103, 'min_child_samples': 88, 'reg_alpha': 0.2983284693351703, 'reg_lambda': 0.0007927681334771201}. Best is trial 4 with value: 0.06855399636868559.
[I 2026-06-01 23:25:36,672] Trial 15 finished with value: -0.005281504811412406 and parameters: {'confidence_threshold': 0.7524661689026242, 'training_days': 390, 'n_estimators': 491, 'max_depth': 4, 'num_leaves': 57, 'learning_rate': 0.021138561953488115, 'subsample': 0.8414426363312887, 'colsample_bytree': 0.796772233764084, 'min_child_samples': 90, 'reg_alpha': 0.00032078289057053554, 'reg_lambda': 0.019345028254750467}. Best is trial 4 with value: 0.06855399636868559.
[I 2026-06-01 23:25:36,812] Trial 16 finished with value: 0.01956429394779076 and parameters: {'confidence_threshold': 0.6596412126005768, 'training_days': 270, 'n_estimators': 196, 'max_depth': 4, 'num_leaves': 31, 'learning_rate': 0.09806146822400062, 'subsample': 0.9397541766618512, 'colsample_bytree': 0.9826162589395974, 'min_child_samples': 99, 'reg_alpha': 0.7812511083114685, 'reg_lambda': 8.446495661598864e-05}. Best is trial 4 with value: 0.06855399636868559.
[I 2026-06-01 23:25:36,964] Trial 17 finished with value: 0.011198122063131023 and parameters: {'confidence_threshold': 0.6806872055112929, 'training_days': 140, 'n_estimators': 417, 'max_depth': 3, 'num_leaves': 42, 'learning_rate': 0.04302553031342478, 'subsample': 0.9501271901991079, 'colsample_bytree': 0.8803609155918469, 'min_child_samples': 86, 'reg_alpha': 0.0015231428581844216, 'reg_lambda': 6.880925840516315e-07}. Best is trial 4 with value: 0.06855399636868559.
[I 2026-06-01 23:25:37,136] A new study created in memory with name: no-name-8b268694-b12b-4846-bc52-bfe9e5da2fba
[I 2026-06-01 23:25:37,247] Trial 0 finished with value: -0.00674171112329697 and parameters: {'confidence_threshold': 0.7437642149592516, 'training_days': 150, 'n_estimators': 152, 'max_depth': 4, 'num_leaves': 50, 'learning_rate': 0.04216766425047743, 'subsample': 0.9903820991923078, 'colsample_bytree': 0.8424148692924316, 'min_child_samples': 58, 'reg_alpha': 3.381097259762742e-05, 'reg_lambda': 1.2263152961306247e-05}. Best is trial 0 with value: -0.00674171112329697.
[I 2026-06-01 23:25:37,321] Trial 1 finished with value: -0.11091151892469295 and parameters: {'confidence_threshold': 0.7551673975844145, 'training_days': 220, 'n_estimators': 76, 'max_depth': 4, 'num_leaves': 51, 'learning_rate': 0.018602118810743477, 'subsample': 0.5877258780737462, 'colsample_bytree': 0.7657756869209191, 'min_child_samples': 63, 'reg_alpha': 0.005123994170264194, 'reg_lambda': 0.44145470178120466}. Best is trial 0 with value: -0.00674171112329697.
[I 2026-06-01 23:25:37,591] Trial 2 finished with value: 0.015040167816584387 and parameters: {'confidence_threshold': 0.7535593637012223, 'training_days': 310, 'n_estimators': 375, 'max_depth': 3, 'num_leaves': 32, 'learning_rate': 0.021735641882032388, 'subsample': 0.6468570231944146, 'colsample_bytree': 0.8154880619272439, 'min_child_samples': 27, 'reg_alpha': 8.004064028491336e-05, 'reg_lambda': 7.546835261630524e-05}. Best is trial 2 with value: 0.015040167816584387.
[I 2026-06-01 23:25:37,760] Trial 3 finished with value: 0.011432191145442477 and parameters: {'confidence_threshold': 0.6727897841776072, 'training_days': 220, 'n_estimators': 190, 'max_depth': 4, 'num_leaves': 58, 'learning_rate': 0.24810689332636193, 'subsample': 0.7509183379421682, 'colsample_bytree': 0.8119764758960556, 'min_child_samples': 29, 'reg_alpha': 7.1708285081421445e-06, 'reg_lambda': 5.412973582738627e-05}. Best is trial 2 with value: 0.015040167816584387.
[I 2026-06-01 23:25:37,874] Trial 4 finished with value: 0.015710934079779325 and parameters: {'confidence_threshold': 0.803208205259178, 'training_days': 130, 'n_estimators': 267, 'max_depth': 5, 'num_leaves': 40, 'learning_rate': 0.08041175317374143, 'subsample': 0.5603143329951619, 'colsample_bytree': 0.9131704002534167, 'min_child_samples': 68, 'reg_alpha': 0.0008046593428183385, 'reg_lambda': 1.2158346158765583e-05}. Best is trial 4 with value: 0.015710934079779325.
[I 2026-06-01 23:25:38,105] Trial 5 finished with value: -0.004569340042623896 and parameters: {'confidence_threshold': 0.6064422761595144, 'training_days': 210, 'n_estimators': 357, 'max_depth': 5, 'num_leaves': 40, 'learning_rate': 0.0974221287220869, 'subsample': 0.7929682762811064, 'colsample_bytree': 0.8124517510478, 'min_child_samples': 74, 'reg_alpha': 0.3811377260781234, 'reg_lambda': 5.607314238392041e-08}. Best is trial 4 with value: 0.015710934079779325.
[I 2026-06-01 23:25:38,212] Trial 6 finished with value: -0.015280445628158959 and parameters: {'confidence_threshold': 0.7672889945051684, 'training_days': 130, 'n_estimators': 137, 'max_depth': 4, 'num_leaves': 19, 'learning_rate': 0.2031117614248665, 'subsample': 0.8136244860256343, 'colsample_bytree': 0.8617081790949774, 'min_child_samples': 21, 'reg_alpha': 0.002238138278733199, 'reg_lambda': 0.001025809534977322}. Best is trial 4 with value: 0.015710934079779325.
