[I 2026-06-01 23:28:41,580] Trial 17 finished with value: -0.03759280024059798 and parameters: {'confidence_threshold': 0.8404232933860839, 'training_days': 130, 'n_estimators': 151, 'max_depth': 3, 'num_leaves': 22, 'learning_rate': 0.02201894951926674, 'subsample': 0.8002407697944357, 'colsample_bytree': 0.6217660999267622, 'min_child_samples': 86, 'reg_alpha': 0.0008059760040484764, 'reg_lambda': 1.425204656241169e-06}. Best is trial 15 with value: 0.10104626372940642.

    [trial 8] Sharpe=-0.0591 (folds: 0.0870, -0.2505, -0.0413, -0.0402, -0.0504)
    [trial 9] 49 features, training_days=260 | threshold=0.620 | labels: 1042 long, 1111 short (48/52%)
    [trial 9] Sharpe=0.0063 (folds: 0.0853, -0.2473, -0.0220, 0.1419, 0.0737)
    [trial 10] 49 features, training_days=470 | threshold=0.845 | labels: 1042 long, 1111 short (48/52%)
    [trial 10] Sharpe=-2.0059 (folds: 0.0182, -0.2172, 0.0389, -10.0000, 0.1306)
    [trial 11] 49 features, training_days=20 | threshold=0.837 | labels: 1042 long, 1111 short (48/52%)
    [trial 11] Sharpe=-5.9297 (folds: 0.0729, -10.0000, 0.2789, -10.0000, -10.0000)
    [trial 12] 49 features, training_days=360 | threshold=0.715 | labels: 1042 long, 1111 short (48/52%)
    [trial 12] Sharpe=-0.0444 (folds: -0.0321, -0.2252, -0.0364, 0.0610, 0.0107)
    [trial 13] 49 features, training_days=120 | threshold=0.805 | labels: 1042 long, 1111 short (48/52%)
    [trial 13] Sharpe=0.0418 (folds: 0.0838, -0.2495, 0.2864, -0.0366, 0.1251)
    [trial 14] 49 features, training_days=20 | threshold=0.697 | labels: 1042 long, 1111 short (48/52%)
    [trial 14] Sharpe=-1.9878 (folds: 0.0729, -0.0761, 0.2789, -10.0000, -0.2145)
    [trial 15] 49 features, training_days=130 | threshold=0.790 | labels: 1042 long, 1111 short (48/52%)
    [trial 15] Sharpe=0.0106 (folds: -0.0609, -0.2420, 0.1532, 0.0319, 0.1708)
    [trial 16] 49 features, training_days=80 | threshold=0.724 | labels: 1042 long, 1111 short (48/52%)
    [trial 16] Sharpe=-0.0954 (folds: -0.0424, -0.2415, -0.2003, -0.0803, 0.0875)
    [trial 17] 49 features, training_days=370 | threshold=0.500 | labels: 1042 long, 1111 short (48/52%)
    [trial 17] Sharpe=-0.0550 (folds: 0.0363, -0.2545, -0.1470, 0.0585, 0.0320)
  Optuna: 18 trials, best Sharpe = 0.0730
  Best params: n_estimators=152, max_depth=4, lr=0.0422, leaves=50
  Best confidence_threshold: 0.744
  Best training_days: 150
  Retrained on full data (450 samples, 49 features)
  [ensemble 3/3] seed=456
    [trial 0] 49 features, training_days=90 | threshold=0.587 | labels: 1042 long, 1111 short (48/52%)
    [CV fold 0] train_end=2022-02-22 08:00 | val_start=2022-03-05 00:00 | gap=256h (22 rows)
    [CV fold 1] train_end=2022-06-26 16:00 | val_start=2022-07-04 08:00 | gap=184h (22 rows)
    [CV fold 2] train_end=2022-10-24 00:00 | val_start=2022-10-31 16:00 | gap=184h (22 rows)
    [CV fold 3] train_end=2023-02-20 08:00 | val_start=2023-02-28 00:00 | gap=184h (22 rows)
    [CV fold 4] train_end=2023-06-19 16:00 | val_start=2023-06-27 08:00 | gap=184h (22 rows)
    [trial 0] Sharpe=-0.0589 (folds: 0.0181, -0.2471, -0.0711, -0.0923, 0.0978)
    [trial 1] 49 features, training_days=290 | threshold=0.635 | labels: 1042 long, 1111 short (48/52%)
    [trial 1] Sharpe=-0.0231 (folds: 0.0283, -0.2487, 0.0357, -0.0060, 0.0751)
    [trial 2] 49 features, training_days=10 | threshold=0.585 | labels: 1042 long, 1111 short (48/52%)
    [trial 3] 49 features, training_days=220 | threshold=0.687 | labels: 1042 long, 1111 short (48/52%)
    [trial 3] Sharpe=-0.0371 (folds: 0.0360, -0.2737, -0.0514, 0.1015, 0.0021)
    [trial 4] 49 features, training_days=300 | threshold=0.562 | labels: 1042 long, 1111 short (48/52%)
    [trial 4] Sharpe=-0.0670 (folds: 0.0939, -0.2578, -0.0918, -0.1070, 0.0278)
    [trial 5] 49 features, training_days=490 | threshold=0.711 | labels: 1042 long, 1111 short (48/52%)
    [trial 5] Sharpe=-0.0261 (folds: 0.0482, -0.2479, -0.1019, 0.1626, 0.0086)
    [trial 6] 49 features, training_days=420 | threshold=0.667 | labels: 1042 long, 1111 short (48/52%)
    [trial 6] Sharpe=-0.0127 (folds: 0.0286, -0.2510, -0.1656, 0.1861, 0.1385)
    [trial 7] 49 features, training_days=120 | threshold=0.550 | labels: 1042 long, 1111 short (48/52%)
    [trial 7] Sharpe=-0.0137 (folds: -0.1136, -0.2517, 0.0996, 0.0583, 0.1389)
    [trial 8] 49 features, training_days=450 | threshold=0.720 | labels: 1042 long, 1111 short (48/52%)
    [trial 8] Sharpe=-0.0308 (folds: -0.0763, -0.2780, -0.0649, 0.2127, 0.0527)
    [trial 9] 49 features, training_days=20 | threshold=0.727 | labels: 1042 long, 1111 short (48/52%)
    [trial 9] Sharpe=-5.9297 (folds: 0.0729, -10.0000, 0.2789, -10.0000, -10.0000)
    [trial 10] 49 features, training_days=400 | threshold=0.828 | labels: 1042 long, 1111 short (48/52%)
    [trial 10] Sharpe=-3.9454 (folds: 0.0447, -0.0973, -10.0000, -10.0000, 0.3258)
    [trial 11] 49 features, training_days=170 | threshold=0.538 | labels: 1042 long, 1111 short (48/52%)
    [trial 11] Sharpe=-0.0393 (folds: -0.0306, -0.2668, 0.0531, -0.0005, 0.0482)
    [trial 12] 49 features, training_days=360 | threshold=0.515 | labels: 1042 long, 1111 short (48/52%)
    [trial 12] Sharpe=-0.0571 (folds: -0.0050, -0.2520, -0.0847, 0.0263, 0.0298)
    [trial 13] 49 features, training_days=140 | threshold=0.801 | labels: 1042 long, 1111 short (48/52%)
    [trial 13] Sharpe=0.0760 (folds: -0.0317, -0.2606, 0.3409, 0.0293, 0.3022)
    [trial 14] 49 features, training_days=210 | threshold=0.794 | labels: 1042 long, 1111 short (48/52%)
    [trial 14] Sharpe=-0.0210 (folds: -0.0071, -0.1909, -0.1224, 0.1713, 0.0442)
    [trial 15] 49 features, training_days=370 | threshold=0.782 | labels: 1042 long, 1111 short (48/52%)
    [trial 15] Sharpe=0.1010 (folds: 0.0394, -0.2450, 0.1874, 0.3017, 0.2218)
    [trial 16] 49 features, training_days=340 | threshold=0.770 | labels: 1042 long, 1111 short (48/52%)
    [trial 16] Sharpe=-2.0337 (folds: -0.2028, -0.1894, 0.4207, -10.0000, -0.1972)
    [trial 17] 49 features, training_days=130 | threshold=0.840 | labels: 1042 long, 1111 short (48/52%)
    [trial 17] Sharpe=-0.0376 (folds: 0.0007, -0.5872, 0.0421, 0.2629, 0.0935)
  Optuna: 18 trials, best Sharpe = 0.1010
  Best params: n_estimators=192, max_depth=3, lr=0.0278, leaves=16
  Best confidence_threshold: 0.782
  Best training_days: 370
  Retrained on full data (1110 samples, 49 features)
  OOD: 16 features, cutoff (q=0.7) = 13.59
  Model trained for 2023-11: 90 test candles with features, confidence_threshold=0.761
[trade:close] 2023-11-02 16:00 LTCUSDT LONG → timeout @ 68.63 | PnL=+1.12% (net +1.02%) | cum=+86.16% 2023-11=+1.02% 2023-11-02=+1.02%
[predict] 2023-11-14 08:00 LTCUSDT → LONG (proba=0.77 TP=13.1%/SL=6.6%)
[trade:open] 2023-11-14 15:59 LTCUSDT LONG @ 71.23 | SL=66.56 TP=80.58 | timeout=2023-11-21 15:59
[trade:close] 2023-11-21 16:00 LTCUSDT LONG → timeout @ 69.47 | PnL=-2.47% (net -2.57%) | cum=+83.59% 2023-11=-1.55% 2023-11-21=-2.57%
[predict] 2023-11-22 08:00 LTCUSDT → LONG (proba=0.84 TP=11.4%/SL=5.7%)
[trade:open] 2023-11-22 15:59 LTCUSDT LONG @ 67.43 | SL=63.58 TP=75.13 | timeout=2023-11-29 15:59
[trade:close] 2023-11-29 16:00 LTCUSDT LONG → timeout @ 69.63 | PnL=+3.26% (net +3.16%) | cum=+86.75% 2023-11=+1.61% 2023-11-29=+3.16%
[predict] 2023-11-30 08:00 LTCUSDT → SHORT (proba=0.77 TP=6.3%/SL=3.1%)
[trade:open] 2023-11-30 15:59 LTCUSDT SHORT @ 69.34 | SL=71.52 TP=64.98 | timeout=2023-12-07 15:59
[lgbm] === Training for 2023-12 ===
  Train window: 2021-12-01 → 2023-11-23
  2153 training samples from 1 symbols
  Samples per month: 2021-12: 93, 2022-01: 93, 2022-02: 75, 2022-03: 93, 2022-04: 84, 2022-05: 93, 2022-06: 90, 2022-07: 93, 2022-08: 93, 2022-09: 90, 2022-10: 93, 2022-11: 90, 2022-12: 93, 2023-01: 93, 2023-02: 84, 2023-03: 93, 2023-04: 90, 2023-05: 93, 2023-06: 90, 2023-07: 93, 2023-08: 93, 2023-09: 90, 2023-10: 93, 2023-11: 68
  [label] 2022-01-31 00:00 LTCUSDT entry=105.2000 → LONG | long=tp(+15.86%) short=sl(-8.08%) | scanned=15 | long_tp_only
  [label] 2022-02-02 08:00 LTCUSDT entry=109.9800 → LONG | long=tp(+14.59%) short=sl(-7.45%) | scanned=12 | long_tp_only
  [label] 2022-02-06 00:00 LTCUSDT entry=122.8200 → LONG | long=tp(+12.25%) short=sl(-6.27%) | scanned=5 | long_tp_only
  [label] 2022-03-05 16:00 LTCUSDT entry=104.7900 → LONG | long=sl(-7.52%) short=timeout(-0.75%) | scanned=22 | no_tp→fwd_return=+0.6489
  [label] 2022-04-28 16:00 LTCUSDT entry=103.2500 → SHORT | long=sl(-5.36%) short=timeout(+6.14%) | scanned=22 | no_tp→fwd_return=-6.2373
  [label] 2022-10-10 08:00 LTCUSDT entry=53.3500 → SHORT | long=sl(-3.42%) short=tp(+6.54%) | scanned=9 | short_tp_only[I 2026-06-01 23:28:42,165] A new study created in memory with name: no-name-f9b95860-137a-4e99-b8a1-420aab1196b8
[I 2026-06-01 23:28:42,497] Trial 0 finished with value: -0.052560622225646045 and parameters: {'confidence_threshold': 0.6310890415965769, 'training_days': 480, 'n_estimators': 380, 'max_depth': 4, 'num_leaves': 22, 'learning_rate': 0.01699897838270077, 'subsample': 0.5290418060840998, 'colsample_bytree': 0.9330880728874675, 'min_child_samples': 68, 'reg_alpha': 0.023585940584142682, 'reg_lambda': 1.5320059381854043e-08}. Best is trial 0 with value: -0.052560622225646045.
[I 2026-06-01 23:28:42,635] Trial 1 finished with value: -3.9669333693076347 and parameters: {'confidence_threshold': 0.839468448256698, 'training_days': 420, 'n_estimators': 145, 'max_depth': 3, 'num_leaves': 23, 'learning_rate': 0.028145092716060652, 'subsample': 0.762378215816119, 'colsample_bytree': 0.7159725093210578, 'min_child_samples': 43, 'reg_alpha': 0.0032112643094417484, 'reg_lambda': 1.8007140198129195e-07}. Best is trial 0 with value: -0.052560622225646045.
[I 2026-06-01 23:28:42,804] Trial 2 finished with value: -0.029276365118205395 and parameters: {'confidence_threshold': 0.6022506269873263, 'training_days': 190, 'n_estimators': 255, 'max_depth': 5, 'num_leaves': 24, 'learning_rate': 0.05748924681991978, 'subsample': 0.7962072844310213, 'colsample_bytree': 0.5232252063599989, 'min_child_samples': 69, 'reg_alpha': 3.425445902633376e-07, 'reg_lambda': 3.850031979199519e-08}. Best is trial 2 with value: -0.029276365118205395.
[I 2026-06-01 23:28:43,107] Trial 3 finished with value: -0.06903814233938661 and parameters: {'confidence_threshold': 0.8321099380386666, 'training_days': 490, 'n_estimators': 414, 'max_depth': 3, 'num_leaves': 19, 'learning_rate': 0.1024932221692416, 'subsample': 0.7200762468698007, 'colsample_bytree': 0.5610191174223894, 'min_child_samples': 60, 'reg_alpha': 2.039373116525212e-08, 'reg_lambda': 1.527156759251193}. Best is trial 2 with value: -0.029276365118205395.
[I 2026-06-01 23:28:43,278] Trial 4 finished with value: -0.04965420082187692 and parameters: {'confidence_threshold': 0.5905729935600059, 'training_days': 340, 'n_estimators': 190, 'max_depth': 4, 'num_leaves': 41, 'learning_rate': 0.01875220945578641, 'subsample': 0.9847923138822793, 'colsample_bytree': 0.8875664116805573, 'min_child_samples': 96, 'reg_alpha': 1.1309571585271483, 'reg_lambda': 0.002404915432737351}. Best is trial 2 with value: -0.029276365118205395.
[I 2026-06-01 23:28:43,324] Trial 5 finished with value: 0.0222208808973443 and parameters: {'confidence_threshold': 0.8226559822580909, 'training_days': 50, 'n_estimators': 138, 'max_depth': 3, 'num_leaves': 30, 'learning_rate': 0.03750796359625606, 'subsample': 0.6356745158869479, 'colsample_bytree': 0.9143687545759647, 'min_child_samples': 48, 'reg_alpha': 3.376063348877853e-06, 'reg_lambda': 0.0007660634613082914}. Best is trial 5 with value: 0.0222208808973443.
[I 2026-06-01 23:28:43,442] Trial 6 finished with value: -0.008264564785734866 and parameters: {'confidence_threshold': 0.5493234787411669, 'training_days': 410, 'n_estimators': 83, 'max_depth': 5, 'num_leaves': 52, 'learning_rate': 0.019657448966046126, 'subsample': 0.5027610585618012, 'colsample_bytree': 0.9077307142274171, 'min_child_samples': 77, 'reg_alpha': 0.03639690979811287, 'reg_lambda': 0.08738424135626986}. Best is trial 5 with value: 0.0222208808973443.
[I 2026-06-01 23:28:43,541] Trial 7 finished with value: 0.016023310303591144 and parameters: {'confidence_threshold': 0.5259156281069316, 'training_days': 180, 'n_estimators': 102, 'max_depth': 5, 'num_leaves': 45, 'learning_rate': 0.030816017044468066, 'subsample': 0.5317791751430119, 'colsample_bytree': 0.6554911608578311, 'min_child_samples': 46, 'reg_alpha': 0.036851536911881845, 'reg_lambda': 0.005470376807480391}. Best is trial 5 with value: 0.0222208808973443.
[I 2026-06-01 23:28:43,668] Trial 8 finished with value: -0.03139980869500767 and parameters: {'confidence_threshold': 0.8105244599017143, 'training_days': 240, 'n_estimators': 103, 'max_depth': 5, 'num_leaves': 52, 'learning_rate': 0.06746437142284309, 'subsample': 0.8854835899772805, 'colsample_bytree': 0.7468977981821954, 'min_child_samples': 62, 'reg_alpha': 7.04480806377519e-05, 'reg_lambda': 1.6934490731313353e-08}. Best is trial 5 with value: 0.0222208808973443.
[I 2026-06-01 23:28:43,695] Trial 9 finished with value: -0.003187123250038268 and parameters: {'confidence_threshold': 0.5377619994476566, 'training_days': 20, 'n_estimators': 337, 'max_depth': 3, 'num_leaves': 39, 'learning_rate': 0.21907142272152816, 'subsample': 0.6246461145744375, 'colsample_bytree': 0.7051914615178149, 'min_child_samples': 81, 'reg_alpha': 1.1459970229341322e-06, 'reg_lambda': 4.929685216887945e-08}. Best is trial 5 with value: 0.0222208808973443.
[I 2026-06-01 23:28:43,729] Trial 10 finished with value: 0.007835276772328486 and parameters: {'confidence_threshold': 0.7318981109748116, 'training_days': 10, 'n_estimators': 487, 'max_depth': 4, 'num_leaves': 31, 'learning_rate': 0.14704103471568217, 'subsample': 0.628963476300746, 'colsample_bytree': 0.987470107623585, 'min_child_samples': 25, 'reg_alpha': 2.608784411827665e-05, 'reg_lambda': 3.3639426888455256e-06}. Best is trial 5 with value: 0.0222208808973443.
[I 2026-06-01 23:28:43,873] Trial 11 finished with value: -0.10526276822166121 and parameters: {'confidence_threshold': 0.7155079644808182, 'training_days': 130, 'n_estimators': 212, 'max_depth': 4, 'num_leaves': 41, 'learning_rate': 0.03515568672661824, 'subsample': 0.6116988993536575, 'colsample_bytree': 0.6334955364726846, 'min_child_samples': 39, 'reg_alpha': 1.6115749528927317, 'reg_lambda': 0.0005474079480730847}. Best is trial 5 with value: 0.0222208808973443.
[I 2026-06-01 23:28:43,930] Trial 12 finished with value: -10.0 and parameters: {'confidence_threshold': 0.7700824501399284, 'training_days': 130, 'n_estimators': 59, 'max_depth': 3, 'num_leaves': 33, 'learning_rate': 0.011371606828587318, 'subsample': 0.5747221414958382, 'colsample_bytree': 0.8304278626461432, 'min_child_samples': 45, 'reg_alpha': 0.0007010407807149796, 'reg_lambda': 3.174808515994115e-05}. Best is trial 5 with value: 0.0222208808973443.
[I 2026-06-01 23:28:44,057] Trial 13 finished with value: -0.02051736900610725 and parameters: {'confidence_threshold': 0.671672116428871, 'training_days': 100, 'n_estimators': 151, 'max_depth': 5, 'num_leaves': 62, 'learning_rate': 0.04342469449614958, 'subsample': 0.6866291716128416, 'colsample_bytree': 0.8155421717694826, 'min_child_samples': 26, 'reg_alpha': 4.9164566205838954e-06, 'reg_lambda': 0.015936847132187043}. Best is trial 5 with value: 0.0222208808973443.
[I 2026-06-01 23:28:44,287] Trial 14 finished with value: -0.14432258433299122 and parameters: {'confidence_threshold': 0.6686878790035377, 'training_days': 290, 'n_estimators': 276, 'max_depth': 4, 'num_leaves': 49, 'learning_rate': 0.07783294558632922, 'subsample': 0.6687637587295262, 'colsample_bytree': 0.640069109871422, 'min_child_samples': 44, 'reg_alpha': 3.770845974254184e-08, 'reg_lambda': 0.3429361048991115}. Best is trial 5 with value: 0.0222208808973443.
[I 2026-06-01 23:28:44,417] Trial 15 finished with value: -0.03682349278408658 and parameters: {'confidence_threshold': 0.5073197482691914, 'training_days': 190, 'n_estimators': 140, 'max_depth': 5, 'num_leaves': 31, 'learning_rate': 0.028672502833093406, 'subsample': 0.5657014702252463, 'colsample_bytree': 0.8100744538922787, 'min_child_samples': 54, 'reg_alpha': 0.06995229097216783, 'reg_lambda': 3.239704084123203e-05}. Best is trial 5 with value: 0.0222208808973443.
[I 2026-06-01 23:28:44,521] Trial 16 finished with value: 0.0015183719137535205 and parameters: {'confidence_threshold': 0.7825131136037224, 'training_days': 70, 'n_estimators': 220, 'max_depth': 3, 'num_leaves': 46, 'learning_rate': 0.04582483104937968, 'subsample': 0.8013687718960705, 'colsample_bytree': 0.6428182071446251, 'min_child_samples': 34, 'reg_alpha': 0.000771654770029744, 'reg_lambda': 0.007719340062213943}. Best is trial 5 with value: 0.0222208808973443.
[I 2026-06-01 23:28:44,641] Trial 17 finished with value: -3.99905818967734 and parameters: {'confidence_threshold': 0.7295484022185237, 'training_days': 200, 'n_estimators': 110, 'max_depth': 4, 'num_leaves': 59, 'learning_rate': 0.010425658055299656, 'subsample': 0.5602804130141794, 'colsample_bytree': 0.9956385980717998, 'min_child_samples': 53, 'reg_alpha': 7.811196825683239, 'reg_lambda': 0.00020614774879284444}. Best is trial 5 with value: 0.0222208808973443.
[I 2026-06-01 23:28:44,913] A new study created in memory with name: no-name-c4725e5a-e625-49f0-b167-e07864f14f6b
[I 2026-06-01 23:28:45,017] Trial 0 finished with value: -0.041164773284121124 and parameters: {'confidence_threshold': 0.7437642149592516, 'training_days': 150, 'n_estimators': 152, 'max_depth': 4, 'num_leaves': 50, 'learning_rate': 0.04216766425047743, 'subsample': 0.9903820991923078, 'colsample_bytree': 0.8424148692924316, 'min_child_samples': 58, 'reg_alpha': 3.381097259762742e-05, 'reg_lambda': 1.2263152961306247e-05}. Best is trial 0 with value: -0.041164773284121124.
[I 2026-06-01 23:28:45,086] Trial 1 finished with value: -4.854550086014615 and parameters: {'confidence_threshold': 0.7551673975844145, 'training_days': 220, 'n_estimators': 76, 'max_depth': 4, 'num_leaves': 51, 'learning_rate': 0.018602118810743477, 'subsample': 0.5877258780737462, 'colsample_bytree': 0.7657756869209191, 'min_child_samples': 63, 'reg_alpha': 0.005123994170264194, 'reg_lambda': 0.44145470178120466}. Best is trial 0 with value: -0.041164773284121124.
[I 2026-06-01 23:28:45,325] Trial 2 finished with value: -0.058641113525404756 and parameters: {'confidence_threshold': 0.7535593637012223, 'training_days': 310, 'n_estimators': 375, 'max_depth': 3, 'num_leaves': 32, 'learning_rate': 0.021735641882032388, 'subsample': 0.6468570231944146, 'colsample_bytree': 0.8154880619272439, 'min_child_samples': 27, 'reg_alpha': 8.004064028491336e-05, 'reg_lambda': 7.546835261630524e-05}. Best is trial 0 with value: -0.041164773284121124.
[I 2026-06-01 23:28:45,505] Trial 3 finished with value: -0.1016731757470956 and parameters: {'confidence_threshold': 0.6727897841776072, 'training_days': 220, 'n_estimators': 190, 'max_depth': 4, 'num_leaves': 58, 'learning_rate': 0.24810689332636193, 'subsample': 0.7509183379421682, 'colsample_bytree': 0.8119764758960556, 'min_child_samples': 29, 'reg_alpha': 7.1708285081421445e-06, 'reg_lambda': 5.412973582738627e-05}. Best is trial 0 with value: -0.041164773284121124.
[I 2026-06-01 23:28:45,638] Trial 4 finished with value: -0.12113482069626844 and parameters: {'confidence_threshold': 0.803208205259178, 'training_days': 130, 'n_estimators': 267, 'max_depth': 5, 'num_leaves': 40, 'learning_rate': 0.08041175317374143, 'subsample': 0.5603143329951619, 'colsample_bytree': 0.9131704002534167, 'min_child_samples': 68, 'reg_alpha': 0.0008046593428183385, 'reg_lambda': 1.2158346158765583e-05}. Best is trial 0 with value: -0.041164773284121124.
[I 2026-06-01 23:28:45,886] Trial 5 finished with value: -0.08864555829958087 and parameters: {'confidence_threshold': 0.6064422761595144, 'training_days': 210, 'n_estimators': 357, 'max_depth': 5, 'num_leaves': 40, 'learning_rate': 0.0974221287220869, 'subsample': 0.7929682762811064, 'colsample_bytree': 0.8124517510478, 'min_child_samples': 74, 'reg_alpha': 0.3811377260781234, 'reg_lambda': 5.607314238392041e-08}. Best is trial 0 with value: -0.041164773284121124.
[I 2026-06-01 23:28:46,017] Trial 6 finished with value: -0.013698728245724646 and parameters: {'confidence_threshold': 0.7672889945051684, 'training_days': 130, 'n_estimators': 137, 'max_depth': 4, 'num_leaves': 19, 'learning_rate': 0.2031117614248665, 'subsample': 0.8136244860256343, 'colsample_bytree': 0.8617081790949774, 'min_child_samples': 21, 'reg_alpha': 0.002238138278733199, 'reg_lambda': 0.001025809534977322}. Best is trial 6 with value: -0.013698728245724646.
