[I 2026-06-01 23:25:07,280] Trial 9 finished with value: 0.10509255208298632 and parameters: {'confidence_threshold': 0.6202096049169137, 'training_days': 260, 'n_estimators': 350, 'max_depth': 3, 'num_leaves': 21, 'learning_rate': 0.02989540198065364, 'subsample': 0.8307821683331218, 'colsample_bytree': 0.923253112635361, 'min_child_samples': 64, 'reg_alpha': 0.4898604619604203, 'reg_lambda': 2.9076377687066166e-05}. Best is trial 9 with value: 0.10509255208298632.
[I 2026-06-01 23:25:07,586] Trial 10 finished with value: -0.031326378115771394 and parameters: {'confidence_threshold': 0.5342665212695602, 'training_days': 470, 'n_estimators': 493, 'max_depth': 3, 'num_leaves': 17, 'learning_rate': 0.010221918552934462, 'subsample': 0.9317514110288623, 'colsample_bytree': 0.6202684210924141, 'min_child_samples': 47, 'reg_alpha': 2.371385268938747e-08, 'reg_lambda': 0.010291221835057122}. Best is trial 9 with value: 0.10509255208298632.
[I 2026-06-01 23:25:07,982] Trial 11 finished with value: 0.06805674630699829 and parameters: {'confidence_threshold': 0.6332172030915592, 'training_days': 340, 'n_estimators': 477, 'max_depth': 5, 'num_leaves': 26, 'learning_rate': 0.036526978794621294, 'subsample': 0.8648160383699911, 'colsample_bytree': 0.6778283959364831, 'min_child_samples': 85, 'reg_alpha': 6.114661601749046, 'reg_lambda': 1.0011881639020481e-08}. Best is trial 9 with value: 0.10509255208298632.
[I 2026-06-01 23:25:08,017] Trial 12 finished with value: -0.06369077373893753 and parameters: {'confidence_threshold': 0.5957244903382299, 'training_days': 20, 'n_estimators': 287, 'max_depth': 5, 'num_leaves': 39, 'learning_rate': 0.11207472241355503, 'subsample': 0.8849177709019147, 'colsample_bytree': 0.5197889515780572, 'min_child_samples': 75, 'reg_alpha': 1.8993135448076743, 'reg_lambda': 3.548506817334473e-07}. Best is trial 9 with value: 0.10509255208298632.
[I 2026-06-01 23:25:08,226] Trial 13 finished with value: 0.042702166723902694 and parameters: {'confidence_threshold': 0.503854589246995, 'training_days': 340, 'n_estimators': 291, 'max_depth': 3, 'num_leaves': 39, 'learning_rate': 0.029487296649619542, 'subsample': 0.72160265329214, 'colsample_bytree': 0.9292621018379528, 'min_child_samples': 53, 'reg_alpha': 0.1635186738615608, 'reg_lambda': 3.6235297055865935e-07}. Best is trial 9 with value: 0.10509255208298632.
[I 2026-06-01 23:25:08,501] Trial 14 finished with value: 0.09853886168542558 and parameters: {'confidence_threshold': 0.6655029001704718, 'training_days': 290, 'n_estimators': 419, 'max_depth': 4, 'num_leaves': 25, 'learning_rate': 0.08969652596100376, 'subsample': 0.8048623843554296, 'colsample_bytree': 0.9977226699583523, 'min_child_samples': 95, 'reg_alpha': 0.08859960648804263, 'reg_lambda': 0.0038081143008355752}. Best is trial 9 with value: 0.10509255208298632.
[I 2026-06-01 23:25:08,776] Trial 15 finished with value: 0.027309295943468658 and parameters: {'confidence_threshold': 0.6872750307288508, 'training_days': 480, 'n_estimators': 436, 'max_depth': 3, 'num_leaves': 24, 'learning_rate': 0.05218257268778649, 'subsample': 0.8966418548807951, 'colsample_bytree': 0.9973634828700195, 'min_child_samples': 100, 'reg_alpha': 0.05270297197786144, 'reg_lambda': 0.01942522303509738}. Best is trial 9 with value: 0.10509255208298632.
[I 2026-06-01 23:25:09,057] Trial 16 finished with value: 0.07392495960894256 and parameters: {'confidence_threshold': 0.6816011787430424, 'training_days': 310, 'n_estimators': 421, 'max_depth': 4, 'num_leaves': 15, 'learning_rate': 0.011618707686079076, 'subsample': 0.6640680435449577, 'colsample_bytree': 0.9182676696103418, 'min_child_samples': 99, 'reg_alpha': 0.02085597410522074, 'reg_lambda': 0.64399119418014}. Best is trial 9 with value: 0.10509255208298632.

  [label] 2022-02-23 08:00 LTCUSDT entry=109.0500 → SHORT | long=sl(-7.65%) short=tp(+15.00%) | scanned=2 | short_tp_only
  [label] 2022-03-08 00:00 LTCUSDT entry=99.6400 → LONG | long=timeout(+3.55%) short=sl(-7.86%) | scanned=22 | no_tp→fwd_return=+3.6532
  [label] 2022-06-03 08:00 LTCUSDT entry=61.8000 → SHORT | long=sl(-6.83%) short=sl(-6.83%) | scanned=21 | no_tp→fwd_return=-7.0550
  Labels: 1123 long (52.2%), 1030 short (47.8%) | weights: min=1.00, mean=3.61, max=10.00
  Features: 2153/2153 matched, 49 columns
  CV gap: 22 rows
  [ensemble 1/3] seed=42
    [trial 0] 49 features, training_days=480 | threshold=0.631 | labels: 1123 long, 1030 short (52/48%)
    [CV fold 0] train_end=2020-10-22 08:00 | val_start=2020-10-30 00:00 | gap=184h (22 rows)
    [CV fold 1] train_end=2021-02-18 16:00 | val_start=2021-02-26 08:00 | gap=184h (22 rows)
    [CV fold 2] train_end=2021-06-18 00:00 | val_start=2021-06-25 16:00 | gap=184h (22 rows)
    [CV fold 3] train_end=2021-10-15 08:00 | val_start=2021-10-23 00:00 | gap=184h (22 rows)
    [CV fold 4] train_end=2022-02-11 16:00 | val_start=2022-02-19 08:00 | gap=184h (22 rows)
    [trial 0] Sharpe=0.0244 (folds: -0.0708, 0.0125, 0.2991, -0.1051, -0.0137)
    [trial 1] 49 features, training_days=420 | threshold=0.839 | labels: 1123 long, 1030 short (52/48%)
    [trial 1] Sharpe=0.0103 (folds: -0.0301, -0.2404, 0.1310, -0.3107, 0.5019)
    [trial 2] 49 features, training_days=190 | threshold=0.602 | labels: 1123 long, 1030 short (52/48%)
    [trial 2] Sharpe=0.0773 (folds: -0.1286, -0.0445, 0.3810, 0.0687, 0.1099)
    [trial 3] 49 features, training_days=490 | threshold=0.832 | labels: 1123 long, 1030 short (52/48%)
    [trial 3] Sharpe=0.0257 (folds: -0.0956, -0.0322, 0.2849, -0.0804, 0.0518)
    [trial 4] 49 features, training_days=340 | threshold=0.591 | labels: 1123 long, 1030 short (52/48%)
    [trial 4] Sharpe=0.0608 (folds: -0.0170, -0.1358, 0.3955, -0.0699, 0.1312)
    [trial 5] 49 features, training_days=50 | threshold=0.823 | labels: 1123 long, 1030 short (52/48%)
    [trial 5] Sharpe=0.0188 (folds: 0.1444, 0.0827, -0.1899, -0.1637, 0.2203)
    [trial 6] 49 features, training_days=410 | threshold=0.549 | labels: 1123 long, 1030 short (52/48%)
    [trial 6] Sharpe=0.0325 (folds: -0.0109, -0.0951, 0.3058, -0.1870, 0.1498)
    [trial 7] 49 features, training_days=180 | threshold=0.526 | labels: 1123 long, 1030 short (52/48%)
    [trial 7] Sharpe=0.0323 (folds: -0.0845, -0.0485, 0.2689, -0.0592, 0.0848)
    [trial 8] 49 features, training_days=240 | threshold=0.811 | labels: 1123 long, 1030 short (52/48%)
    [trial 8] Sharpe=0.0824 (folds: -0.1045, -0.0472, 0.4303, -0.0658, 0.1990)
    [trial 9] 49 features, training_days=20 | threshold=0.538 | labels: 1123 long, 1030 short (52/48%)
    [trial 9] Sharpe=-0.0637 (folds: 0.2395, 0.0274, -0.2247, -0.2336, -0.1272)
    [trial 10] 49 features, training_days=280 | threshold=0.734 | labels: 1123 long, 1030 short (52/48%)
    [trial 10] Sharpe=0.0754 (folds: -0.1229, -0.0404, 0.3139, 0.0272, 0.1993)
    [trial 11] 49 features, training_days=170 | threshold=0.706 | labels: 1123 long, 1030 short (52/48%)
    [trial 11] Sharpe=0.0609 (folds: -0.0929, -0.0744, 0.2666, 0.1716, 0.0336)
    [trial 12] 49 features, training_days=180 | threshold=0.768 | labels: 1123 long, 1030 short (52/48%)
    [trial 12] Sharpe=0.0542 (folds: -0.1063, -0.0612, 0.3166, 0.0092, 0.1127)
    [trial 13] 49 features, training_days=260 | threshold=0.648 | labels: 1123 long, 1030 short (52/48%)
    [trial 13] Sharpe=0.0809 (folds: -0.0880, -0.0377, 0.3352, 0.0761, 0.1191)
    [trial 14] 49 features, training_days=260 | threshold=0.665 | labels: 1123 long, 1030 short (52/48%)
    [trial 14] Sharpe=0.0863 (folds: -0.1148, 0.0369, 0.3632, 0.0182, 0.1283)
    [trial 15] 49 features, training_days=320 | threshold=0.691 | labels: 1123 long, 1030 short (52/48%)
    [trial 15] Sharpe=-4.0233 (folds: -10.0000, -0.2888, 0.1710, 0.0011, -10.0000)
    [trial 16] 49 features, training_days=110 | threshold=0.783 | labels: 1123 long, 1030 short (52/48%)
    [trial 16] Sharpe=-0.0058 (folds: -0.0896, 0.0308, 0.0472, 0.0597, -0.0770)
    [trial 17] 49 features, training_days=350 | threshold=0.732 | labels: 1123 long, 1030 short (52/48%)
    [trial 17] Sharpe=0.0221 (folds: -0.1392, -0.1369, 0.2060, -0.0856, 0.2663)
  Optuna: 18 trials, best Sharpe = 0.0863
  Best params: n_estimators=57, max_depth=4, lr=0.2575, leaves=34
  Best confidence_threshold: 0.665
  Best training_days: 260
  Retrained on full data (765 samples, 49 features)
  [ensemble 2/3] seed=123
    [trial 0] 49 features, training_days=150 | threshold=0.744 | labels: 1123 long, 1030 short (52/48%)
    [CV fold 0] train_end=2020-10-22 08:00 | val_start=2020-10-30 00:00 | gap=184h (22 rows)
    [CV fold 1] train_end=2021-02-18 16:00 | val_start=2021-02-26 08:00 | gap=184h (22 rows)
    [CV fold 2] train_end=2021-06-18 00:00 | val_start=2021-06-25 16:00 | gap=184h (22 rows)
    [CV fold 3] train_end=2021-10-15 08:00 | val_start=2021-10-23 00:00 | gap=184h (22 rows)
    [CV fold 4] train_end=2022-02-11 16:00 | val_start=2022-02-19 08:00 | gap=184h (22 rows)
    [trial 0] Sharpe=0.0002 (folds: -0.0940, -0.0495, 0.1662, -0.1662, 0.1447)
    [trial 1] 49 features, training_days=220 | threshold=0.755 | labels: 1123 long, 1030 short (52/48%)
    [trial 1] Sharpe=-0.1432 (folds: 0.1481, -0.3163, 0.0553, -0.2533, -0.3498)
    [trial 2] 49 features, training_days=310 | threshold=0.754 | labels: 1123 long, 1030 short (52/48%)
    [trial 2] Sharpe=0.0477 (folds: -0.1189, -0.1286, 0.3302, -0.0403, 0.1962)
    [trial 3] 49 features, training_days=220 | threshold=0.673 | labels: 1123 long, 1030 short (52/48%)
    [trial 3] Sharpe=0.0494 (folds: -0.1266, -0.0714, 0.3469, 0.0292, 0.0688)
    [trial 4] 49 features, training_days=130 | threshold=0.803 | labels: 1123 long, 1030 short (52/48%)
    [trial 4] Sharpe=0.0432 (folds: -0.0613, 0.0804, 0.1913, -0.0411, 0.0471)
    [trial 5] 49 features, training_days=210 | threshold=0.606 | labels: 1123 long, 1030 short (52/48%)
    [trial 5] Sharpe=0.0802 (folds: -0.0891, -0.0109, 0.3297, 0.0575, 0.1138)
    [trial 6] 49 features, training_days=130 | threshold=0.767 | labels: 1123 long, 1030 short (52/48%)
    [trial 6] Sharpe=-0.0200 (folds: -0.1310, 0.0297, 0.0305, -0.1576, 0.1285)
    [trial 7] 49 features, training_days=80 | threshold=0.556 | labels: 1123 long, 1030 short (52/48%)
    [trial 7] Sharpe=0.0457 (folds: -0.0919, -0.0666, 0.3221, 0.0647, 0.0002)
    [trial 8] 49 features, training_days=200 | threshold=0.607 | labels: 1123 long, 1030 short (52/48%)
    [trial 8] Sharpe=0.0547 (folds: -0.1128, -0.0269, 0.2845, -0.0056, 0.1345)
    [trial 9] 49 features, training_days=260 | threshold=0.620 | labels: 1123 long, 1030 short (52/48%)
    [trial 9] Sharpe=0.1051 (folds: -0.0788, -0.0206, 0.3607, 0.1225, 0.1417)
    [trial 10] 49 features, training_days=470 | threshold=0.534 | labels: 1123 long, 1030 short (52/48%)
    [trial 10] Sharpe=-0.0313 (folds: -0.1226, -0.1322, 0.2861, -0.1025, -0.0855)
    [trial 11] 49 features, training_days=340 | threshold=0.633 | labels: 1123 long, 1030 short (52/48%)
    [trial 11] Sharpe=0.0681 (folds: -0.0151, -0.0541, 0.2710, -0.0040, 0.1425)
    [trial 12] 49 features, training_days=20 | threshold=0.596 | labels: 1123 long, 1030 short (52/48%)
    [trial 12] Sharpe=-0.0637 (folds: 0.2395, 0.0274, -0.2247, -0.2336, -0.1272)
    [trial 13] 49 features, training_days=340 | threshold=0.504 | labels: 1123 long, 1030 short (52/48%)
    [trial 13] Sharpe=0.0427 (folds: -0.0993, -0.0495, 0.2475, -0.0352, 0.1499)
    [trial 14] 49 features, training_days=290 | threshold=0.666 | labels: 1123 long, 1030 short (52/48%)
    [trial 14] Sharpe=0.0985 (folds: -0.0923, 0.0122, 0.3413, 0.0514, 0.1802)
    [trial 15] 49 features, training_days=480 | threshold=0.687 | labels: 1123 long, 1030 short (52/48%)
    [trial 15] Sharpe=0.0273 (folds: -0.1418, -0.0463, 0.3272, -0.0782, 0.0757)
    [trial 16] 49 features, training_days=310 | threshold=0.682 | labels: 1123 long, 1030 short (52/48%)
    [trial 16] Sharpe=0.0739 (folds: -0.1345, -0.1344, 0.3757, 0.0315, 0.2313)
    [trial 17] 49 features, training_days=420 | threshold=0.711 | labels: 1123 long, 1030 short (52/48%)[I 2026-06-01 23:25:09,466] Trial 17 finished with value: 0.04436944247215644 and parameters: {'confidence_threshold': 0.7110519736587814, 'training_days': 420, 'n_estimators': 429, 'max_depth': 4, 'num_leaves': 23, 'learning_rate': 0.023344288849545758, 'subsample': 0.8369098161461509, 'colsample_bytree': 0.9827501567006189, 'min_child_samples': 44, 'reg_alpha': 0.4250062352803963, 'reg_lambda': 0.0016087017769184132}. Best is trial 9 with value: 0.10509255208298632.
[I 2026-06-01 23:25:09,629] A new study created in memory with name: no-name-bb6c8e60-92a2-47d9-af95-b8ecb3b498b5
[I 2026-06-01 23:25:09,815] Trial 0 finished with value: 0.015053095793380789 and parameters: {'confidence_threshold': 0.5870645682749857, 'training_days': 90, 'n_estimators': 403, 'max_depth': 5, 'num_leaves': 45, 'learning_rate': 0.0780457193679974, 'subsample': 0.9428509515574568, 'colsample_bytree': 0.8795587339164916, 'min_child_samples': 34, 'reg_alpha': 2.2465901234314442e-07, 'reg_lambda': 8.339007036475363e-05}. Best is trial 0 with value: 0.015053095793380789.
[I 2026-06-01 23:25:09,935] Trial 1 finished with value: 0.0846215671333133 and parameters: {'confidence_threshold': 0.6348453934275313, 'training_days': 290, 'n_estimators': 115, 'max_depth': 5, 'num_leaves': 37, 'learning_rate': 0.06949568759029946, 'subsample': 0.8228505074024268, 'colsample_bytree': 0.8616703220431751, 'min_child_samples': 75, 'reg_alpha': 4.2486822725010923e-07, 'reg_lambda': 1.157247767047042e-07}. Best is trial 1 with value: 0.0846215671333133.
[I 2026-06-01 23:25:09,954] Trial 2 finished with value: 0.0642008698361936 and parameters: {'confidence_threshold': 0.5849570384370288, 'training_days': 10, 'n_estimators': 212, 'max_depth': 3, 'num_leaves': 41, 'learning_rate': 0.18452095998378365, 'subsample': 0.6001060822924371, 'colsample_bytree': 0.5673167293506167, 'min_child_samples': 37, 'reg_alpha': 5.733250064217131, 'reg_lambda': 0.5308454292595461}. Best is trial 1 with value: 0.0846215671333133.
[I 2026-06-01 23:25:10,041] Trial 3 finished with value: 0.07301944258067446 and parameters: {'confidence_threshold': 0.6868248626683718, 'training_days': 220, 'n_estimators': 134, 'max_depth': 3, 'num_leaves': 45, 'learning_rate': 0.033529007907491595, 'subsample': 0.8647277071858408, 'colsample_bytree': 0.778494116634046, 'min_child_samples': 96, 'reg_alpha': 2.409409937265785e-07, 'reg_lambda': 1.1642073478060009}. Best is trial 1 with value: 0.0846215671333133.
[I 2026-06-01 23:25:10,122] Trial 4 finished with value: 0.07019442736272936 and parameters: {'confidence_threshold': 0.5623121348350352, 'training_days': 300, 'n_estimators': 69, 'max_depth': 4, 'num_leaves': 32, 'learning_rate': 0.14967629360700346, 'subsample': 0.5054535233636654, 'colsample_bytree': 0.7401385194659216, 'min_child_samples': 27, 'reg_alpha': 1.4212042567426725e-07, 'reg_lambda': 0.23605753701352003}. Best is trial 1 with value: 0.0846215671333133.
[I 2026-06-01 23:25:10,534] Trial 5 finished with value: 0.019134770299685643 and parameters: {'confidence_threshold': 0.7111850244908446, 'training_days': 490, 'n_estimators': 362, 'max_depth': 5, 'num_leaves': 40, 'learning_rate': 0.05960785724162737, 'subsample': 0.5589714368907717, 'colsample_bytree': 0.6659006943232806, 'min_child_samples': 42, 'reg_alpha': 0.6741360303045295, 'reg_lambda': 6.054601607143087e-08}. Best is trial 1 with value: 0.0846215671333133.
[I 2026-06-01 23:25:10,718] Trial 6 finished with value: 0.0421008140259037 and parameters: {'confidence_threshold': 0.667482545748023, 'training_days': 420, 'n_estimators': 279, 'max_depth': 3, 'num_leaves': 45, 'learning_rate': 0.040099592560849204, 'subsample': 0.8563114696415159, 'colsample_bytree': 0.5442917781944105, 'min_child_samples': 50, 'reg_alpha': 1.6407916423707903e-08, 'reg_lambda': 2.935907642973286e-05}. Best is trial 1 with value: 0.0846215671333133.
[I 2026-06-01 23:25:10,888] Trial 7 finished with value: 0.0044340500488037945 and parameters: {'confidence_threshold': 0.5497381024139926, 'training_days': 120, 'n_estimators': 408, 'max_depth': 5, 'num_leaves': 38, 'learning_rate': 0.28049122657745795, 'subsample': 0.8806573338635493, 'colsample_bytree': 0.5454054113547102, 'min_child_samples': 63, 'reg_alpha': 0.01263008637940408, 'reg_lambda': 0.04588020805366937}. Best is trial 1 with value: 0.0846215671333133.
[I 2026-06-01 23:25:11,162] Trial 8 finished with value: 0.05648923070641772 and parameters: {'confidence_threshold': 0.719644804808716, 'training_days': 450, 'n_estimators': 410, 'max_depth': 4, 'num_leaves': 57, 'learning_rate': 0.04022026551478857, 'subsample': 0.5336085426932707, 'colsample_bytree': 0.5705742850577543, 'min_child_samples': 100, 'reg_alpha': 5.916398047912201e-07, 'reg_lambda': 0.9794034214488329}. Best is trial 1 with value: 0.0846215671333133.
[I 2026-06-01 23:25:11,186] Trial 9 finished with value: -6.091651116530231 and parameters: {'confidence_threshold': 0.7267463643917187, 'training_days': 20, 'n_estimators': 337, 'max_depth': 5, 'num_leaves': 23, 'learning_rate': 0.022153031811454605, 'subsample': 0.6305627572358737, 'colsample_bytree': 0.6613413774216214, 'min_child_samples': 81, 'reg_alpha': 5.7638634029410314e-08, 'reg_lambda': 8.26603016764008}. Best is trial 1 with value: 0.0846215671333133.
[I 2026-06-01 23:25:11,352] Trial 10 finished with value: -1.9571220552536808 and parameters: {'confidence_threshold': 0.8398533911817929, 'training_days': 320, 'n_estimators': 181, 'max_depth': 4, 'num_leaves': 15, 'learning_rate': 0.013684491588422613, 'subsample': 0.7320664585010437, 'colsample_bytree': 0.9944479338273263, 'min_child_samples': 74, 'reg_alpha': 4.136971884522066e-05, 'reg_lambda': 1.4599322889399585e-08}. Best is trial 1 with value: 0.0846215671333133.
[I 2026-06-01 23:25:11,418] Trial 11 finished with value: 0.0373211475034985 and parameters: {'confidence_threshold': 0.6435110568867387, 'training_days': 210, 'n_estimators': 53, 'max_depth': 3, 'num_leaves': 54, 'learning_rate': 0.09545304377912815, 'subsample': 0.7822362848789972, 'colsample_bytree': 0.8566211708639163, 'min_child_samples': 100, 'reg_alpha': 2.5646023357365184e-05, 'reg_lambda': 1.8393286658602933e-06}. Best is trial 1 with value: 0.0846215671333133.
[I 2026-06-01 23:25:11,528] Trial 12 finished with value: -0.04077639872744442 and parameters: {'confidence_threshold': 0.8008961038526314, 'training_days': 220, 'n_estimators': 139, 'max_depth': 4, 'num_leaves': 30, 'learning_rate': 0.02305899614846357, 'subsample': 0.9912016966112274, 'colsample_bytree': 0.8319084769095351, 'min_child_samples': 83, 'reg_alpha': 3.5050805301964397e-06, 'reg_lambda': 0.0068100699869264635}. Best is trial 1 with value: 0.0846215671333133.
[I 2026-06-01 23:25:11,640] Trial 13 finished with value: 0.06893697384711517 and parameters: {'confidence_threshold': 0.5040535938350955, 'training_days': 350, 'n_estimators': 135, 'max_depth': 3, 'num_leaves': 50, 'learning_rate': 0.031051893769270974, 'subsample': 0.7766339475545845, 'colsample_bytree': 0.9448617910348931, 'min_child_samples': 88, 'reg_alpha': 0.0005805747634954001, 'reg_lambda': 1.365367432655861e-06}. Best is trial 1 with value: 0.0846215671333133.
[I 2026-06-01 23:25:11,875] Trial 14 finished with value: 0.06366376322855674 and parameters: {'confidence_threshold': 0.6309174332741587, 'training_days': 170, 'n_estimators': 500, 'max_depth': 4, 'num_leaves': 31, 'learning_rate': 0.012869232175915853, 'subsample': 0.7021152153601553, 'colsample_bytree': 0.7768174862622209, 'min_child_samples': 66, 'reg_alpha': 0.0011197032848975455, 'reg_lambda': 0.0025446837785191097}. Best is trial 1 with value: 0.0846215671333133.
[I 2026-06-01 23:25:12,019] Trial 15 finished with value: 0.09252312327443557 and parameters: {'confidence_threshold': 0.7594279795954488, 'training_days': 250, 'n_estimators': 229, 'max_depth': 3, 'num_leaves': 48, 'learning_rate': 0.09181212678108254, 'subsample': 0.8545266904486493, 'colsample_bytree': 0.7487773095240787, 'min_child_samples': 91, 'reg_alpha': 4.816088983688356e-06, 'reg_lambda': 0.0011665758726696986}. Best is trial 15 with value: 0.09252312327443557.
[I 2026-06-01 23:25:12,237] Trial 16 finished with value: 0.06387930268341113 and parameters: {'confidence_threshold': 0.7643075359322464, 'training_days': 380, 'n_estimators': 239, 'max_depth': 5, 'num_leaves': 59, 'learning_rate': 0.10926798467064015, 'subsample': 0.8192778443007702, 'colsample_bytree': 0.6911478101102995, 'min_child_samples': 73, 'reg_alpha': 6.368225173663484e-06, 'reg_lambda': 0.000855876310048679}. Best is trial 15 with value: 0.09252312327443557.
