[I 2026-06-01 23:25:48,389] Trial 8 finished with value: 0.05848129640429993 and parameters: {'confidence_threshold': 0.6066688256938841, 'training_days': 200, 'n_estimators': 367, 'max_depth': 5, 'num_leaves': 32, 'learning_rate': 0.13377519215934996, 'subsample': 0.7965884582811106, 'colsample_bytree': 0.8458508993500886, 'min_child_samples': 32, 'reg_alpha': 3.889436043816386e-05, 'reg_lambda': 1.4713062489380356e-06}. Best is trial 5 with value: 0.07342132950799389.

  [label] 2021-09-09 08:00 LTCUSDT entry=186.5400 → LONG | long=tp(+24.90%) short=sl(-12.60%) | scanned=12 | long_tp_only
  [label] 2021-09-20 00:00 LTCUSDT entry=163.9000 → SHORT | long=sl(-9.17%) short=timeout(+6.76%) | scanned=22 | no_tp→fwd_return=-6.8578
  [label] 2021-11-03 16:00 LTCUSDT entry=207.4800 → LONG | long=sl(-6.68%) short=sl(-6.68%) | scanned=14 | no_tp→fwd_return=+5.7162
  [label] 2021-11-12 00:00 LTCUSDT entry=270.7900 → SHORT | long=sl(-10.48%) short=tp(+20.67%) | scanned=19 | short_tp_only
  [label] 2022-02-10 00:00 LTCUSDT entry=138.3500 → SHORT | long=sl(-6.66%) short=timeout(+7.97%) | scanned=22 | no_tp→fwd_return=-8.0737
  [label] 2022-03-16 16:00 LTCUSDT entry=111.2000 → LONG | long=timeout(+9.94%) short=sl(-6.27%) | scanned=22 | no_tp→fwd_return=+10.0450
  [label] 2022-04-03 16:00 LTCUSDT entry=128.7700 → SHORT | long=sl(-5.59%) short=tp(+10.89%) | scanned=8 | short_tp_only
  [label] 2022-04-16 00:00 LTCUSDT entry=111.5000 → SHORT | long=sl(-4.85%) short=timeout(+4.15%) | scanned=22 | no_tp→fwd_return=-4.2511
  [label] 2022-05-04 16:00 LTCUSDT entry=106.2200 → SHORT | long=sl(-5.32%) short=tp(+10.34%) | scanned=3 | short_tp_only
  [label] 2022-05-10 16:00 LTCUSDT entry=80.1300 → SHORT | long=sl(-11.22%) short=tp(+22.14%) | scanned=4 | short_tp_only
  [label] 2022-05-23 00:00 LTCUSDT entry=72.2100 → SHORT | long=sl(-7.72%) short=tp(+15.15%) | scanned=10 | short_tp_only
  [label] 2022-07-01 08:00 LTCUSDT entry=50.5600 → LONG | long=timeout(+2.95%) short=timeout(-3.15%) | scanned=22 | no_tp→fwd_return=+3.0459
  [label] 2022-07-11 00:00 LTCUSDT entry=50.9000 → LONG | long=sl(-6.80%) short=sl(-6.80%) | scanned=17 | no_tp→fwd_return=+8.1729
  [label] 2022-10-04 08:00 LTCUSDT entry=54.5600 → SHORT | long=sl(-4.38%) short=timeout(+3.84%) | scanned=22 | no_tp→fwd_return=-3.9406
  Labels: 1122 long (52.1%), 1031 short (47.9%) | weights: min=1.00, mean=3.59, max=10.00
  Features: 2153/2153 matched, 49 columns
  CV gap: 22 rows
  [ensemble 1/3] seed=42
    [trial 0] 49 features, training_days=480 | threshold=0.631 | labels: 1122 long, 1031 short (52/48%)
    [CV fold 0] train_end=2021-02-22 08:00 | val_start=2021-03-02 00:00 | gap=184h (22 rows)
    [CV fold 1] train_end=2021-06-21 16:00 | val_start=2021-06-29 08:00 | gap=184h (22 rows)
    [CV fold 2] train_end=2021-10-19 00:00 | val_start=2021-10-26 16:00 | gap=184h (22 rows)
    [CV fold 3] train_end=2022-02-15 08:00 | val_start=2022-02-23 00:00 | gap=184h (22 rows)
    [CV fold 4] train_end=2022-06-19 16:00 | val_start=2022-06-27 08:00 | gap=184h (22 rows)
    [trial 0] Sharpe=0.0164 (folds: 0.0221, 0.4094, -0.1305, -0.0522, -0.1669)
    [trial 1] 49 features, training_days=420 | threshold=0.839 | labels: 1122 long, 1031 short (52/48%)
    [trial 1] Sharpe=-2.0157 (folds: -0.0313, -10.0000, -0.1555, 0.4110, -0.3026)
    [trial 2] 49 features, training_days=190 | threshold=0.602 | labels: 1122 long, 1031 short (52/48%)
    [trial 2] Sharpe=0.1068 (folds: 0.1190, 0.2920, 0.1213, 0.1850, -0.1833)
    [trial 3] 49 features, training_days=490 | threshold=0.832 | labels: 1122 long, 1031 short (52/48%)
    [trial 3] Sharpe=0.0468 (folds: 0.0702, 0.3654, -0.0856, 0.0371, -0.1534)
    [trial 4] 49 features, training_days=340 | threshold=0.591 | labels: 1122 long, 1031 short (52/48%)
    [trial 4] Sharpe=0.0482 (folds: 0.0921, 0.3045, -0.0804, 0.1388, -0.2141)
    [trial 5] 49 features, training_days=50 | threshold=0.823 | labels: 1122 long, 1031 short (52/48%)
    [trial 5] Sharpe=-0.0408 (folds: 0.3056, -0.1840, -0.1153, 0.0553, -0.2655)
    [trial 6] 49 features, training_days=410 | threshold=0.549 | labels: 1122 long, 1031 short (52/48%)
    [trial 6] Sharpe=0.0322 (folds: 0.0666, 0.3621, -0.1661, 0.1236, -0.2253)
    [trial 7] 49 features, training_days=180 | threshold=0.526 | labels: 1122 long, 1031 short (52/48%)
    [trial 7] Sharpe=0.0690 (folds: -0.0184, 0.2414, 0.1812, 0.1660, -0.2251)
    [trial 8] 49 features, training_days=240 | threshold=0.811 | labels: 1122 long, 1031 short (52/48%)
    [trial 8] Sharpe=0.0892 (folds: 0.0620, 0.3985, -0.1301, 0.3009, -0.1851)
    [trial 9] 49 features, training_days=20 | threshold=0.538 | labels: 1122 long, 1031 short (52/48%)
    [trial 9] Sharpe=-0.0886 (folds: -0.0027, -0.1763, -0.2387, 0.0944, -0.1196)
    [trial 10] 49 features, training_days=150 | threshold=0.680 | labels: 1122 long, 1031 short (52/48%)
    [trial 10] Sharpe=0.0281 (folds: 0.0652, 0.1805, 0.0137, 0.1405, -0.2592)
    [trial 11] 49 features, training_days=260 | threshold=0.719 | labels: 1122 long, 1031 short (52/48%)
    [trial 11] Sharpe=0.0884 (folds: 0.0369, 0.3491, 0.1271, 0.1960, -0.2672)
    [trial 12] 49 features, training_days=240 | threshold=0.744 | labels: 1122 long, 1031 short (52/48%)
    [trial 12] Sharpe=0.1086 (folds: 0.1396, 0.3986, 0.0553, 0.1463, -0.1968)
    [trial 13] 49 features, training_days=140 | threshold=0.739 | labels: 1122 long, 1031 short (52/48%)
    [trial 13] Sharpe=0.0433 (folds: 0.0917, 0.2289, 0.0665, 0.0535, -0.2239)
    [trial 14] 49 features, training_days=280 | threshold=0.759 | labels: 1122 long, 1031 short (52/48%)
    [trial 14] Sharpe=0.1136 (folds: 0.0662, 0.3203, 0.1631, 0.2223, -0.2042)
    [trial 15] 49 features, training_days=320 | threshold=0.771 | labels: 1122 long, 1031 short (52/48%)
    [trial 15] Sharpe=0.0751 (folds: 0.1025, 0.2922, 0.0027, 0.1820, -0.2040)
    [trial 16] 49 features, training_days=300 | threshold=0.767 | labels: 1122 long, 1031 short (52/48%)
    [trial 16] Sharpe=0.0458 (folds: -0.0021, 0.3766, -0.0866, 0.1476, -0.2067)
    [trial 17] 49 features, training_days=100 | threshold=0.677 | labels: 1122 long, 1031 short (52/48%)
    [trial 17] Sharpe=0.0338 (folds: 0.1052, 0.1766, 0.0117, 0.1188, -0.2435)
  Optuna: 18 trials, best Sharpe = 0.1136
  Best params: n_estimators=311, max_depth=4, lr=0.1114, leaves=15
  Best confidence_threshold: 0.759
  Best training_days: 280
  Retrained on full data (825 samples, 49 features)
  [ensemble 2/3] seed=123
    [trial 0] 49 features, training_days=150 | threshold=0.744 | labels: 1122 long, 1031 short (52/48%)
    [CV fold 0] train_end=2021-02-22 08:00 | val_start=2021-03-02 00:00 | gap=184h (22 rows)
    [CV fold 1] train_end=2021-06-21 16:00 | val_start=2021-06-29 08:00 | gap=184h (22 rows)
    [CV fold 2] train_end=2021-10-19 00:00 | val_start=2021-10-26 16:00 | gap=184h (22 rows)
    [CV fold 3] train_end=2022-02-15 08:00 | val_start=2022-02-23 00:00 | gap=184h (22 rows)
    [CV fold 4] train_end=2022-06-19 16:00 | val_start=2022-06-27 08:00 | gap=184h (22 rows)
    [trial 0] Sharpe=0.0446 (folds: 0.0961, 0.2410, 0.0776, 0.0887, -0.2806)
    [trial 1] 49 features, training_days=220 | threshold=0.755 | labels: 1122 long, 1031 short (52/48%)
    [trial 1] Sharpe=-2.2237 (folds: -0.0027, -10.0000, -0.7884, -0.3317, 0.0042)
    [trial 2] 49 features, training_days=310 | threshold=0.754 | labels: 1122 long, 1031 short (52/48%)
    [trial 2] Sharpe=0.0481 (folds: -0.0781, 0.4316, -0.0778, 0.1626, -0.1980)
    [trial 3] 49 features, training_days=220 | threshold=0.673 | labels: 1122 long, 1031 short (52/48%)
    [trial 3] Sharpe=0.0520 (folds: 0.1008, 0.3342, -0.0090, 0.0666, -0.2327)
    [trial 4] 49 features, training_days=130 | threshold=0.803 | labels: 1122 long, 1031 short (52/48%)
    [trial 4] Sharpe=0.0398 (folds: 0.0339, 0.2846, 0.0237, 0.0661, -0.2095)
    [trial 5] 49 features, training_days=210 | threshold=0.606 | labels: 1122 long, 1031 short (52/48%)
    [trial 5] Sharpe=0.0734 (folds: 0.0631, 0.3041, 0.1081, 0.1086, -0.2167)
    [trial 6] 49 features, training_days=130 | threshold=0.767 | labels: 1122 long, 1031 short (52/48%)
    [trial 6] Sharpe=-0.0056 (folds: 0.0293, 0.0585, -0.0273, 0.1511, -0.2397)
    [trial 7] 49 features, training_days=80 | threshold=0.556 | labels: 1122 long, 1031 short (52/48%)
    [trial 7] Sharpe=0.0608 (folds: 0.1033, 0.2676, 0.1175, 0.0315, -0.2158)
    [trial 8] 49 features, training_days=200 | threshold=0.607 | labels: 1122 long, 1031 short (52/48%)
    [trial 8] Sharpe=0.0585 (folds: 0.0801, 0.2791, 0.0788, 0.0675, -0.2131)
    [trial 9] 49 features, training_days=260 | threshold=0.620 | labels: 1122 long, 1031 short (52/48%)[I 2026-06-01 23:25:48,617] Trial 9 finished with value: 0.11234646614413031 and parameters: {'confidence_threshold': 0.6202096049169137, 'training_days': 260, 'n_estimators': 350, 'max_depth': 3, 'num_leaves': 21, 'learning_rate': 0.02989540198065364, 'subsample': 0.8307821683331218, 'colsample_bytree': 0.923253112635361, 'min_child_samples': 64, 'reg_alpha': 0.4898604619604203, 'reg_lambda': 2.9076377687066166e-05}. Best is trial 9 with value: 0.11234646614413031.
[I 2026-06-01 23:25:48,955] Trial 10 finished with value: 0.03947085381100187 and parameters: {'confidence_threshold': 0.5342665212695602, 'training_days': 470, 'n_estimators': 493, 'max_depth': 3, 'num_leaves': 17, 'learning_rate': 0.010221918552934462, 'subsample': 0.9317514110288623, 'colsample_bytree': 0.6202684210924141, 'min_child_samples': 47, 'reg_alpha': 2.371385268938747e-08, 'reg_lambda': 0.010291221835057122}. Best is trial 9 with value: 0.11234646614413031.
[I 2026-06-01 23:25:49,319] Trial 11 finished with value: 0.05071303300391119 and parameters: {'confidence_threshold': 0.6332172030915592, 'training_days': 340, 'n_estimators': 477, 'max_depth': 5, 'num_leaves': 26, 'learning_rate': 0.036526978794621294, 'subsample': 0.8648160383699911, 'colsample_bytree': 0.6778283959364831, 'min_child_samples': 85, 'reg_alpha': 6.114661601749046, 'reg_lambda': 1.0011881639020481e-08}. Best is trial 9 with value: 0.11234646614413031.
[I 2026-06-01 23:25:49,356] Trial 12 finished with value: -0.08856512041731149 and parameters: {'confidence_threshold': 0.5957244903382299, 'training_days': 20, 'n_estimators': 287, 'max_depth': 5, 'num_leaves': 39, 'learning_rate': 0.11207472241355503, 'subsample': 0.8849177709019147, 'colsample_bytree': 0.5197889515780572, 'min_child_samples': 75, 'reg_alpha': 1.8993135448076743, 'reg_lambda': 3.548506817334473e-07}. Best is trial 9 with value: 0.11234646614413031.
[I 2026-06-01 23:25:49,574] Trial 13 finished with value: 0.05762410712217605 and parameters: {'confidence_threshold': 0.503854589246995, 'training_days': 340, 'n_estimators': 291, 'max_depth': 3, 'num_leaves': 39, 'learning_rate': 0.029487296649619542, 'subsample': 0.72160265329214, 'colsample_bytree': 0.9292621018379528, 'min_child_samples': 53, 'reg_alpha': 0.1635186738615608, 'reg_lambda': 3.6235297055865935e-07}. Best is trial 9 with value: 0.11234646614413031.
[I 2026-06-01 23:25:49,852] Trial 14 finished with value: 0.07979340515922781 and parameters: {'confidence_threshold': 0.6655029001704718, 'training_days': 290, 'n_estimators': 419, 'max_depth': 4, 'num_leaves': 25, 'learning_rate': 0.08969652596100376, 'subsample': 0.8048623843554296, 'colsample_bytree': 0.9977226699583523, 'min_child_samples': 95, 'reg_alpha': 0.08859960648804263, 'reg_lambda': 0.0038081143008355752}. Best is trial 9 with value: 0.11234646614413031.
[I 2026-06-01 23:25:50,141] Trial 15 finished with value: 0.04996997156350285 and parameters: {'confidence_threshold': 0.6872750307288508, 'training_days': 480, 'n_estimators': 436, 'max_depth': 3, 'num_leaves': 24, 'learning_rate': 0.05218257268778649, 'subsample': 0.8966418548807951, 'colsample_bytree': 0.9973634828700195, 'min_child_samples': 100, 'reg_alpha': 0.05270297197786144, 'reg_lambda': 0.01942522303509738}. Best is trial 9 with value: 0.11234646614413031.
[I 2026-06-01 23:25:50,421] Trial 16 finished with value: 0.09942614172599755 and parameters: {'confidence_threshold': 0.6816011787430424, 'training_days': 310, 'n_estimators': 421, 'max_depth': 4, 'num_leaves': 15, 'learning_rate': 0.011618707686079076, 'subsample': 0.6640680435449577, 'colsample_bytree': 0.9182676696103418, 'min_child_samples': 99, 'reg_alpha': 0.02085597410522074, 'reg_lambda': 0.64399119418014}. Best is trial 9 with value: 0.11234646614413031.
[I 2026-06-01 23:25:50,844] Trial 17 finished with value: 0.10827999731223972 and parameters: {'confidence_threshold': 0.7110519736587814, 'training_days': 400, 'n_estimators': 429, 'max_depth': 4, 'num_leaves': 15, 'learning_rate': 0.01020133185214465, 'subsample': 0.6527677636263598, 'colsample_bytree': 0.9038549837305562, 'min_child_samples': 44, 'reg_alpha': 0.01213257080525879, 'reg_lambda': 2.8075646239152037}. Best is trial 9 with value: 0.11234646614413031.
[I 2026-06-01 23:25:51,070] A new study created in memory with name: no-name-1d77c411-7adb-49e4-a255-0a303f1c07dc
[I 2026-06-01 23:25:51,277] Trial 0 finished with value: -0.056278566423641894 and parameters: {'confidence_threshold': 0.5870645682749857, 'training_days': 90, 'n_estimators': 403, 'max_depth': 5, 'num_leaves': 45, 'learning_rate': 0.0780457193679974, 'subsample': 0.9428509515574568, 'colsample_bytree': 0.8795587339164916, 'min_child_samples': 34, 'reg_alpha': 2.2465901234314442e-07, 'reg_lambda': 8.339007036475363e-05}. Best is trial 0 with value: -0.056278566423641894.
[I 2026-06-01 23:25:51,399] Trial 1 finished with value: 0.08591177639286247 and parameters: {'confidence_threshold': 0.6348453934275313, 'training_days': 290, 'n_estimators': 115, 'max_depth': 5, 'num_leaves': 37, 'learning_rate': 0.06949568759029946, 'subsample': 0.8228505074024268, 'colsample_bytree': 0.8616703220431751, 'min_child_samples': 75, 'reg_alpha': 4.2486822725010923e-07, 'reg_lambda': 1.157247767047042e-07}. Best is trial 1 with value: 0.08591177639286247.
[I 2026-06-01 23:25:51,417] Trial 2 finished with value: -0.014176059274094339 and parameters: {'confidence_threshold': 0.5849570384370288, 'training_days': 10, 'n_estimators': 212, 'max_depth': 3, 'num_leaves': 41, 'learning_rate': 0.18452095998378365, 'subsample': 0.6001060822924371, 'colsample_bytree': 0.5673167293506167, 'min_child_samples': 37, 'reg_alpha': 5.733250064217131, 'reg_lambda': 0.5308454292595461}. Best is trial 1 with value: 0.08591177639286247.
[I 2026-06-01 23:25:51,509] Trial 3 finished with value: 0.07799598598068921 and parameters: {'confidence_threshold': 0.6868248626683718, 'training_days': 220, 'n_estimators': 134, 'max_depth': 3, 'num_leaves': 45, 'learning_rate': 0.033529007907491595, 'subsample': 0.8647277071858408, 'colsample_bytree': 0.778494116634046, 'min_child_samples': 96, 'reg_alpha': 2.409409937265785e-07, 'reg_lambda': 1.1642073478060009}. Best is trial 1 with value: 0.08591177639286247.
[I 2026-06-01 23:25:51,604] Trial 4 finished with value: 0.07772221652776554 and parameters: {'confidence_threshold': 0.5623121348350352, 'training_days': 300, 'n_estimators': 69, 'max_depth': 4, 'num_leaves': 32, 'learning_rate': 0.14967629360700346, 'subsample': 0.5054535233636654, 'colsample_bytree': 0.7401385194659216, 'min_child_samples': 27, 'reg_alpha': 1.4212042567426725e-07, 'reg_lambda': 0.23605753701352003}. Best is trial 1 with value: 0.08591177639286247.
[I 2026-06-01 23:25:52,012] Trial 5 finished with value: 0.029763463959414795 and parameters: {'confidence_threshold': 0.7111850244908446, 'training_days': 490, 'n_estimators': 362, 'max_depth': 5, 'num_leaves': 40, 'learning_rate': 0.05960785724162737, 'subsample': 0.5589714368907717, 'colsample_bytree': 0.6659006943232806, 'min_child_samples': 42, 'reg_alpha': 0.6741360303045295, 'reg_lambda': 6.054601607143087e-08}. Best is trial 1 with value: 0.08591177639286247.
[I 2026-06-01 23:25:52,202] Trial 6 finished with value: 0.08253592439143975 and parameters: {'confidence_threshold': 0.667482545748023, 'training_days': 420, 'n_estimators': 279, 'max_depth': 3, 'num_leaves': 45, 'learning_rate': 0.040099592560849204, 'subsample': 0.8563114696415159, 'colsample_bytree': 0.5442917781944105, 'min_child_samples': 50, 'reg_alpha': 1.6407916423707903e-08, 'reg_lambda': 2.935907642973286e-05}. Best is trial 1 with value: 0.08591177639286247.
[I 2026-06-01 23:25:52,362] Trial 7 finished with value: -0.0035250330187256984 and parameters: {'confidence_threshold': 0.5497381024139926, 'training_days': 120, 'n_estimators': 408, 'max_depth': 5, 'num_leaves': 38, 'learning_rate': 0.28049122657745795, 'subsample': 0.8806573338635493, 'colsample_bytree': 0.5454054113547102, 'min_child_samples': 63, 'reg_alpha': 0.01263008637940408, 'reg_lambda': 0.04588020805366937}. Best is trial 1 with value: 0.08591177639286247.
[I 2026-06-01 23:25:52,636] Trial 8 finished with value: 0.05391389347503537 and parameters: {'confidence_threshold': 0.719644804808716, 'training_days': 450, 'n_estimators': 410, 'max_depth': 4, 'num_leaves': 57, 'learning_rate': 0.04022026551478857, 'subsample': 0.5336085426932707, 'colsample_bytree': 0.5705742850577543, 'min_child_samples': 100, 'reg_alpha': 5.916398047912201e-07, 'reg_lambda': 0.9794034214488329}. Best is trial 1 with value: 0.08591177639286247.
[I 2026-06-01 23:25:52,661] Trial 9 finished with value: -6.08299034202345 and parameters: {'confidence_threshold': 0.7267463643917187, 'training_days': 20, 'n_estimators': 337, 'max_depth': 5, 'num_leaves': 23, 'learning_rate': 0.022153031811454605, 'subsample': 0.6305627572358737, 'colsample_bytree': 0.6613413774216214, 'min_child_samples': 81, 'reg_alpha': 5.7638634029410314e-08, 'reg_lambda': 8.26603016764008}. Best is trial 1 with value: 0.08591177639286247.
[I 2026-06-01 23:25:52,837] Trial 10 finished with value: -2.025721050207588 and parameters: {'confidence_threshold': 0.8398533911817929, 'training_days': 320, 'n_estimators': 181, 'max_depth': 4, 'num_leaves': 15, 'learning_rate': 0.013684491588422613, 'subsample': 0.7320664585010437, 'colsample_bytree': 0.9944479338273263, 'min_child_samples': 74, 'reg_alpha': 4.136971884522066e-05, 'reg_lambda': 1.4599322889399585e-08}. Best is trial 1 with value: 0.08591177639286247.
[I 2026-06-01 23:25:53,059] Trial 11 finished with value: 0.07480164422154978 and parameters: {'confidence_threshold': 0.6435110568867387, 'training_days': 390, 'n_estimators': 290, 'max_depth': 3, 'num_leaves': 54, 'learning_rate': 0.11089640564531646, 'subsample': 0.7755810205931155, 'colsample_bytree': 0.8724278937851807, 'min_child_samples': 55, 'reg_alpha': 2.5646023357365184e-05, 'reg_lambda': 2.8664457430541773e-06}. Best is trial 1 with value: 0.08591177639286247.
[I 2026-06-01 23:25:53,484] Trial 12 finished with value: 0.09631596828063743 and parameters: {'confidence_threshold': 0.6312717333908874, 'training_days': 390, 'n_estimators': 490, 'max_depth': 4, 'num_leaves': 30, 'learning_rate': 0.02305899614846357, 'subsample': 0.7806046072327899, 'colsample_bytree': 0.8750909515331022, 'min_child_samples': 55, 'reg_alpha': 1.578782038256806e-08, 'reg_lambda': 1.460444608825336e-06}. Best is trial 12 with value: 0.09631596828063743.
[I 2026-06-01 23:25:53,813] Trial 13 finished with value: 0.04716574067072766 and parameters: {'confidence_threshold': 0.5036578885302972, 'training_days': 230, 'n_estimators': 494, 'max_depth': 4, 'num_leaves': 29, 'learning_rate': 0.010960721652094088, 'subsample': 0.7407841735693927, 'colsample_bytree': 0.9069868866317827, 'min_child_samples': 69, 'reg_alpha': 5.330866210562306e-06, 'reg_lambda': 6.118838276670955e-07}. Best is trial 12 with value: 0.09631596828063743.
[I 2026-06-01 23:25:54,143] Trial 14 finished with value: 0.05888351540409067 and parameters: {'confidence_threshold': 0.6212268103081796, 'training_days': 350, 'n_estimators': 500, 'max_depth': 4, 'num_leaves': 27, 'learning_rate': 0.02310105561133584, 'subsample': 0.6776505255398512, 'colsample_bytree': 0.8017347514309775, 'min_child_samples': 82, 'reg_alpha': 0.0011197032848975464, 'reg_lambda': 0.0021457029678003054}. Best is trial 12 with value: 0.09631596828063743.
[I 2026-06-01 23:25:54,214] Trial 15 finished with value: -6.128091645025991 and parameters: {'confidence_threshold': 0.7759731020643469, 'training_days': 180, 'n_estimators': 56, 'max_depth': 5, 'num_leaves': 18, 'learning_rate': 0.021190434719358473, 'subsample': 0.793777314950034, 'colsample_bytree': 0.9813299066503459, 'min_child_samples': 49, 'reg_alpha': 2.7342520987549375e-06, 'reg_lambda': 6.354309423553071e-07}. Best is trial 12 with value: 0.09631596828063743.
[I 2026-06-01 23:25:54,457] Trial 16 finished with value: 0.07908065222869556 and parameters: {'confidence_threshold': 0.6288776357288548, 'training_days': 270, 'n_estimators': 216, 'max_depth': 4, 'num_leaves': 34, 'learning_rate': 0.08485556538916153, 'subsample': 0.9682632526518532, 'colsample_bytree': 0.837827060076497, 'min_child_samples': 20, 'reg_alpha': 0.002272049988913814, 'reg_lambda': 6.068016106951204e-06}. Best is trial 12 with value: 0.09631596828063743.
