[I 2026-06-01 23:25:17,595] Trial 9 finished with value: 0.011000496609861419 and parameters: {'confidence_threshold': 0.6202096049169137, 'training_days': 260, 'n_estimators': 350, 'max_depth': 3, 'num_leaves': 21, 'learning_rate': 0.02989540198065364, 'subsample': 0.8307821683331218, 'colsample_bytree': 0.923253112635361, 'min_child_samples': 64, 'reg_alpha': 0.4898604619604203, 'reg_lambda': 2.9076377687066166e-05}. Best is trial 5 with value: 0.01504287635627019.
[I 2026-06-01 23:25:17,972] Trial 10 finished with value: -0.09679276480357465 and parameters: {'confidence_threshold': 0.5342665212695602, 'training_days': 470, 'n_estimators': 493, 'max_depth': 5, 'num_leaves': 63, 'learning_rate': 0.010221918552934462, 'subsample': 0.9166551855891288, 'colsample_bytree': 0.6202684210924141, 'min_child_samples': 99, 'reg_alpha': 2.371385268938747e-08, 'reg_lambda': 8.795022395727933e-08}. Best is trial 5 with value: 0.01504287635627019.
[I 2026-06-01 23:25:18,240] Trial 11 finished with value: -0.03358954216663006 and parameters: {'confidence_threshold': 0.6332172030915592, 'training_days': 340, 'n_estimators': 477, 'max_depth': 3, 'num_leaves': 20, 'learning_rate': 0.036526978794621294, 'subsample': 0.8648160383699911, 'colsample_bytree': 0.6778283959364831, 'min_child_samples': 76, 'reg_alpha': 6.114661601749046, 'reg_lambda': 0.009497899016907575}. Best is trial 5 with value: 0.01504287635627019.

  [label] 2021-12-11 16:00 LTCUSDT entry=157.9800 → SHORT | long=sl(-10.02%) short=timeout(+5.86%) | scanned=22 | no_tp→fwd_return=-5.9628
  [label] 2021-12-27 16:00 LTCUSDT entry=155.8900 → SHORT | long=sl(-5.49%) short=timeout(+4.69%) | scanned=22 | no_tp→fwd_return=-4.7854
  [label] 2022-01-09 00:00 LTCUSDT entry=130.1100 → LONG | long=sl(-7.17%) short=sl(-7.17%) | scanned=11 | no_tp→fwd_return=+9.0539
  [label] 2022-01-27 16:00 LTCUSDT entry=106.8400 → LONG | long=timeout(+3.69%) short=timeout(-3.89%) | scanned=22 | no_tp→fwd_return=+3.7907
  [label] 2022-02-02 16:00 LTCUSDT entry=108.1800 → LONG | long=tp(+15.03%) short=sl(-7.66%) | scanned=11 | long_tp_only
  [label] 2022-02-15 00:00 LTCUSDT entry=128.2900 → SHORT | long=sl(-6.82%) short=tp(+13.34%) | scanned=15 | short_tp_only
  [label] 2022-03-29 08:00 LTCUSDT entry=128.3500 → SHORT | long=sl(-5.08%) short=timeout(+3.20%) | scanned=16 | no_tp→fwd_return=-3.2957
  [label] 2022-04-10 00:00 LTCUSDT entry=112.1300 → LONG | long=sl(-5.18%) short=timeout(-1.03%) | scanned=22 | no_tp→fwd_return=+0.9275
  [label] 2022-07-04 08:00 LTCUSDT entry=51.1700 → SHORT | long=timeout(-1.45%) short=sl(-7.60%) | scanned=22 | no_tp→fwd_return=-1.3484
  Labels: 1099 long (51.0%), 1054 short (49.0%) | weights: min=1.00, mean=3.62, max=10.00
  Features: 2153/2153 matched, 49 columns
  CV gap: 22 rows
  [ensemble 1/3] seed=42
    [trial 0] 49 features, training_days=480 | threshold=0.631 | labels: 1099 long, 1054 short (51/49%)
    [CV fold 0] train_end=2020-11-22 08:00 | val_start=2020-11-30 00:00 | gap=184h (22 rows)
    [CV fold 1] train_end=2021-03-21 16:00 | val_start=2021-03-29 08:00 | gap=184h (22 rows)
    [CV fold 2] train_end=2021-07-19 00:00 | val_start=2021-07-26 16:00 | gap=184h (22 rows)
    [CV fold 3] train_end=2021-11-15 08:00 | val_start=2021-11-23 00:00 | gap=184h (22 rows)
    [CV fold 4] train_end=2022-03-17 16:00 | val_start=2022-03-25 08:00 | gap=184h (22 rows)
    [trial 0] Sharpe=-0.0696 (folds: -0.1324, -0.0097, 0.2154, -0.2384, -0.1831)
    [trial 1] 49 features, training_days=420 | threshold=0.839 | labels: 1099 long, 1054 short (51/49%)
    [trial 1] Sharpe=-2.0679 (folds: -0.0340, -0.2213, -10.0000, -0.4624, 0.3781)
    [trial 2] 49 features, training_days=190 | threshold=0.602 | labels: 1099 long, 1054 short (51/49%)
    [trial 2] Sharpe=-0.0008 (folds: -0.1282, 0.0655, -0.0225, 0.2562, -0.1749)
    [trial 3] 49 features, training_days=490 | threshold=0.832 | labels: 1099 long, 1054 short (51/49%)
    [trial 3] Sharpe=-0.0434 (folds: -0.0957, -0.0062, 0.1513, -0.1548, -0.1116)
    [trial 4] 49 features, training_days=340 | threshold=0.591 | labels: 1099 long, 1054 short (51/49%)
    [trial 4] Sharpe=-0.0297 (folds: -0.1724, 0.0255, 0.1193, -0.1303, 0.0095)
    [trial 5] 49 features, training_days=50 | threshold=0.823 | labels: 1099 long, 1054 short (51/49%)
    [trial 5] Sharpe=-0.0503 (folds: 0.1044, 0.1377, -0.2713, 0.1390, -0.3612)
    [trial 6] 49 features, training_days=410 | threshold=0.549 | labels: 1099 long, 1054 short (51/49%)
    [trial 6] Sharpe=-0.0877 (folds: -0.1383, -0.1051, 0.1115, -0.3828, 0.0763)
    [trial 7] 49 features, training_days=180 | threshold=0.526 | labels: 1099 long, 1054 short (51/49%)
    [trial 7] Sharpe=-0.0261 (folds: -0.1379, 0.0367, -0.0054, 0.0840, -0.1082)
    [trial 8] 49 features, training_days=240 | threshold=0.811 | labels: 1099 long, 1054 short (51/49%)
    [trial 8] Sharpe=-0.0193 (folds: -0.0302, -0.1388, 0.0837, 0.1863, -0.1974)
    [trial 9] 49 features, training_days=20 | threshold=0.538 | labels: 1099 long, 1054 short (51/49%)
    [trial 9] Sharpe=-0.0136 (folds: 0.2027, 0.0559, -0.1894, 0.1286, -0.2656)
    [trial 10] 49 features, training_days=150 | threshold=0.680 | labels: 1099 long, 1054 short (51/49%)
    [trial 10] Sharpe=-0.0279 (folds: -0.0715, 0.0588, -0.0643, 0.1428, -0.2055)
    [trial 11] 49 features, training_days=30 | threshold=0.695 | labels: 1099 long, 1054 short (51/49%)
    [trial 11] Sharpe=-4.0505 (folds: 0.2027, -10.0000, -0.1894, -10.0000, -0.2656)
    [trial 12] 49 features, training_days=110 | threshold=0.509 | labels: 1099 long, 1054 short (51/49%)
    [trial 12] Sharpe=-0.0327 (folds: -0.0291, 0.0293, 0.0856, 0.0553, -0.3045)
    [trial 13] 49 features, training_days=250 | threshold=0.602 | labels: 1099 long, 1054 short (51/49%)
    [trial 13] Sharpe=0.0089 (folds: -0.0916, 0.0596, 0.1397, 0.0537, -0.1170)
    [trial 14] 49 features, training_days=280 | threshold=0.623 | labels: 1099 long, 1054 short (51/49%)
    [trial 14] Sharpe=-0.0339 (folds: -0.1117, 0.0349, -0.0206, 0.0800, -0.1522)
    [trial 15] 49 features, training_days=240 | threshold=0.724 | labels: 1099 long, 1054 short (51/49%)
    [trial 15] Sharpe=-0.0264 (folds: -0.1066, -0.0078, 0.0206, 0.1117, -0.1498)
    [trial 16] 49 features, training_days=310 | threshold=0.587 | labels: 1099 long, 1054 short (51/49%)
    [trial 16] Sharpe=-0.0268 (folds: -0.1046, 0.0293, 0.0961, 0.0031, -0.1580)
    [trial 17] 49 features, training_days=190 | threshold=0.761 | labels: 1099 long, 1054 short (51/49%)
    [trial 17] Sharpe=-0.0148 (folds: -0.1504, -0.0143, -0.2748, 0.4182, -0.0526)
  Optuna: 18 trials, best Sharpe = 0.0089
  Best params: n_estimators=340, max_depth=4, lr=0.1490, leaves=38
  Best confidence_threshold: 0.602
  Best training_days: 250
  Retrained on full data (735 samples, 49 features)
  [ensemble 2/3] seed=123
    [trial 0] 49 features, training_days=150 | threshold=0.744 | labels: 1099 long, 1054 short (51/49%)
    [CV fold 0] train_end=2020-11-22 08:00 | val_start=2020-11-30 00:00 | gap=184h (22 rows)
    [CV fold 1] train_end=2021-03-21 16:00 | val_start=2021-03-29 08:00 | gap=184h (22 rows)
    [CV fold 2] train_end=2021-07-19 00:00 | val_start=2021-07-26 16:00 | gap=184h (22 rows)
    [CV fold 3] train_end=2021-11-15 08:00 | val_start=2021-11-23 00:00 | gap=184h (22 rows)
    [CV fold 4] train_end=2022-03-17 16:00 | val_start=2022-03-25 08:00 | gap=184h (22 rows)
    [trial 0] Sharpe=-0.0094 (folds: -0.1315, 0.1052, -0.1693, 0.2791, -0.1304)
    [trial 1] 49 features, training_days=220 | threshold=0.755 | labels: 1099 long, 1054 short (51/49%)
    [trial 1] Sharpe=-2.2200 (folds: -0.3939, -0.2700, -10.0000, 0.1547, -0.5909)
    [trial 2] 49 features, training_days=310 | threshold=0.754 | labels: 1099 long, 1054 short (51/49%)
    [trial 2] Sharpe=-0.0611 (folds: -0.0578, -0.0504, 0.0861, -0.2014, -0.0821)
    [trial 3] 49 features, training_days=220 | threshold=0.673 | labels: 1099 long, 1054 short (51/49%)
    [trial 3] Sharpe=0.0066 (folds: -0.0498, 0.0257, 0.1237, 0.1111, -0.1778)
    [trial 4] 49 features, training_days=130 | threshold=0.803 | labels: 1099 long, 1054 short (51/49%)
    [trial 4] Sharpe=-0.0310 (folds: -0.0462, 0.1195, 0.0319, 0.1326, -0.3931)
    [trial 5] 49 features, training_days=210 | threshold=0.606 | labels: 1099 long, 1054 short (51/49%)
    [trial 5] Sharpe=0.0150 (folds: -0.0796, 0.0922, 0.0808, 0.1708, -0.1889)
    [trial 6] 49 features, training_days=130 | threshold=0.767 | labels: 1099 long, 1054 short (51/49%)
    [trial 6] Sharpe=-0.0528 (folds: -0.0448, 0.0362, -0.0176, -0.0882, -0.1497)
    [trial 7] 49 features, training_days=80 | threshold=0.556 | labels: 1099 long, 1054 short (51/49%)
    [trial 7] Sharpe=-0.0310 (folds: 0.0969, 0.0981, -0.1730, 0.0557, -0.2328)
    [trial 8] 49 features, training_days=200 | threshold=0.607 | labels: 1099 long, 1054 short (51/49%)
    [trial 8] Sharpe=-0.0128 (folds: -0.0143, -0.0051, -0.0504, 0.1310, -0.1251)
    [trial 9] 49 features, training_days=260 | threshold=0.620 | labels: 1099 long, 1054 short (51/49%)
    [trial 9] Sharpe=0.0110 (folds: -0.1133, 0.0586, 0.1498, 0.0459, -0.0861)
    [trial 10] 49 features, training_days=470 | threshold=0.534 | labels: 1099 long, 1054 short (51/49%)
    [trial 10] Sharpe=-0.0968 (folds: -0.1110, 0.0165, 0.0712, -0.3232, -0.1374)
    [trial 11] 49 features, training_days=340 | threshold=0.633 | labels: 1099 long, 1054 short (51/49%)
    [trial 11] Sharpe=-0.0336 (folds: -0.1419, 0.0203, 0.0846, -0.0513, -0.0796)
    [trial 12] 49 features, training_days=20 | threshold=0.596 | labels: 1099 long, 1054 short (51/49%)[I 2026-06-01 23:25:18,274] Trial 12 finished with value: -2.039289165038087 and parameters: {'confidence_threshold': 0.5957244903382299, 'training_days': 20, 'n_estimators': 287, 'max_depth': 5, 'num_leaves': 28, 'learning_rate': 0.11207472241355503, 'subsample': 0.8941395335595879, 'colsample_bytree': 0.5197889515780572, 'min_child_samples': 50, 'reg_alpha': 1.8993135448076743, 'reg_lambda': 3.548506817334473e-07}. Best is trial 5 with value: 0.01504287635627019.
[I 2026-06-01 23:25:18,472] Trial 13 finished with value: -0.04028176531398697 and parameters: {'confidence_threshold': 0.503854589246995, 'training_days': 340, 'n_estimators': 291, 'max_depth': 3, 'num_leaves': 39, 'learning_rate': 0.029487296649619542, 'subsample': 0.72160265329214, 'colsample_bytree': 0.9292621018379528, 'min_child_samples': 79, 'reg_alpha': 0.1635186738615608, 'reg_lambda': 1.147897733478235e-08}. Best is trial 5 with value: 0.01504287635627019.
[I 2026-06-01 23:25:18,836] Trial 14 finished with value: -0.006678106572740067 and parameters: {'confidence_threshold': 0.6655029001704718, 'training_days': 290, 'n_estimators': 419, 'max_depth': 4, 'num_leaves': 15, 'learning_rate': 0.08969652596100376, 'subsample': 0.8048623843554296, 'colsample_bytree': 0.9977226699583523, 'min_child_samples': 44, 'reg_alpha': 0.08859960648804263, 'reg_lambda': 0.0038296281754494417}. Best is trial 5 with value: 0.01504287635627019.
[I 2026-06-01 23:25:19,084] Trial 15 finished with value: -0.05881167493974264 and parameters: {'confidence_threshold': 0.709997187461685, 'training_days': 460, 'n_estimators': 235, 'max_depth': 5, 'num_leaves': 41, 'learning_rate': 0.047964452603681096, 'subsample': 0.9750095790709927, 'colsample_bytree': 0.7241986323105418, 'min_child_samples': 78, 'reg_alpha': 0.06804241124177914, 'reg_lambda': 3.5532501480887757}. Best is trial 5 with value: 0.01504287635627019.
[I 2026-06-01 23:25:19,322] Trial 16 finished with value: 0.0048738300441549505 and parameters: {'confidence_threshold': 0.5790917025596629, 'training_days': 270, 'n_estimators': 326, 'max_depth': 3, 'num_leaves': 25, 'learning_rate': 0.011618707686079076, 'subsample': 0.6513704876372882, 'colsample_bytree': 0.9182676696103418, 'min_child_samples': 51, 'reg_alpha': 0.7858479486685785, 'reg_lambda': 1.5327755669433652e-06}. Best is trial 5 with value: 0.01504287635627019.
[I 2026-06-01 23:25:19,649] Trial 17 finished with value: -0.03334050868819381 and parameters: {'confidence_threshold': 0.6235092015218521, 'training_days': 390, 'n_estimators': 429, 'max_depth': 4, 'num_leaves': 32, 'learning_rate': 0.1612932586305445, 'subsample': 0.8537241982825334, 'colsample_bytree': 0.7608015240036585, 'min_child_samples': 90, 'reg_alpha': 0.017867971546418063, 'reg_lambda': 0.06284793650257053}. Best is trial 5 with value: 0.01504287635627019.
[I 2026-06-01 23:25:19,842] A new study created in memory with name: no-name-9740f214-8b0b-432f-b266-c80ef4e24671
[I 2026-06-01 23:25:20,045] Trial 0 finished with value: -0.0747313591969463 and parameters: {'confidence_threshold': 0.5870645682749857, 'training_days': 90, 'n_estimators': 403, 'max_depth': 5, 'num_leaves': 45, 'learning_rate': 0.0780457193679974, 'subsample': 0.9428509515574568, 'colsample_bytree': 0.8795587339164916, 'min_child_samples': 34, 'reg_alpha': 2.2465901234314442e-07, 'reg_lambda': 8.339007036475363e-05}. Best is trial 0 with value: -0.0747313591969463.
[I 2026-06-01 23:25:20,169] Trial 1 finished with value: -0.03975013434219048 and parameters: {'confidence_threshold': 0.6348453934275313, 'training_days': 290, 'n_estimators': 115, 'max_depth': 5, 'num_leaves': 37, 'learning_rate': 0.06949568759029946, 'subsample': 0.8228505074024268, 'colsample_bytree': 0.8616703220431751, 'min_child_samples': 75, 'reg_alpha': 4.2486822725010923e-07, 'reg_lambda': 1.157247767047042e-07}. Best is trial 1 with value: -0.03975013434219048.
[I 2026-06-01 23:25:20,191] Trial 2 finished with value: 0.06682088409178456 and parameters: {'confidence_threshold': 0.5849570384370288, 'training_days': 10, 'n_estimators': 212, 'max_depth': 3, 'num_leaves': 41, 'learning_rate': 0.18452095998378365, 'subsample': 0.6001060822924371, 'colsample_bytree': 0.5673167293506167, 'min_child_samples': 37, 'reg_alpha': 5.733250064217131, 'reg_lambda': 0.5308454292595461}. Best is trial 2 with value: 0.06682088409178456.
[I 2026-06-01 23:25:20,276] Trial 3 finished with value: 0.006888754367832556 and parameters: {'confidence_threshold': 0.6868248626683718, 'training_days': 220, 'n_estimators': 134, 'max_depth': 3, 'num_leaves': 45, 'learning_rate': 0.033529007907491595, 'subsample': 0.8647277071858408, 'colsample_bytree': 0.778494116634046, 'min_child_samples': 96, 'reg_alpha': 2.409409937265785e-07, 'reg_lambda': 1.1642073478060009}. Best is trial 2 with value: 0.06682088409178456.
[I 2026-06-01 23:25:20,372] Trial 4 finished with value: -0.020232241313196862 and parameters: {'confidence_threshold': 0.5623121348350352, 'training_days': 300, 'n_estimators': 69, 'max_depth': 4, 'num_leaves': 32, 'learning_rate': 0.14967629360700346, 'subsample': 0.5054535233636654, 'colsample_bytree': 0.7401385194659216, 'min_child_samples': 27, 'reg_alpha': 1.4212042567426725e-07, 'reg_lambda': 0.23605753701352003}. Best is trial 2 with value: 0.06682088409178456.
[I 2026-06-01 23:25:20,788] Trial 5 finished with value: -0.04383387890681898 and parameters: {'confidence_threshold': 0.7111850244908446, 'training_days': 490, 'n_estimators': 362, 'max_depth': 5, 'num_leaves': 40, 'learning_rate': 0.05960785724162737, 'subsample': 0.5589714368907717, 'colsample_bytree': 0.6659006943232806, 'min_child_samples': 42, 'reg_alpha': 0.6741360303045295, 'reg_lambda': 6.054601607143087e-08}. Best is trial 2 with value: 0.06682088409178456.
[I 2026-06-01 23:25:20,965] Trial 6 finished with value: -0.02582537199466024 and parameters: {'confidence_threshold': 0.667482545748023, 'training_days': 420, 'n_estimators': 279, 'max_depth': 3, 'num_leaves': 45, 'learning_rate': 0.040099592560849204, 'subsample': 0.8563114696415159, 'colsample_bytree': 0.5442917781944105, 'min_child_samples': 50, 'reg_alpha': 1.6407916423707903e-08, 'reg_lambda': 2.935907642973286e-05}. Best is trial 2 with value: 0.06682088409178456.
[I 2026-06-01 23:25:21,117] Trial 7 finished with value: -0.037144435754877386 and parameters: {'confidence_threshold': 0.5497381024139926, 'training_days': 120, 'n_estimators': 408, 'max_depth': 5, 'num_leaves': 38, 'learning_rate': 0.28049122657745795, 'subsample': 0.8806573338635493, 'colsample_bytree': 0.5454054113547102, 'min_child_samples': 63, 'reg_alpha': 0.01263008637940408, 'reg_lambda': 0.04588020805366937}. Best is trial 2 with value: 0.06682088409178456.
[I 2026-06-01 23:25:21,385] Trial 8 finished with value: -0.0521545662934901 and parameters: {'confidence_threshold': 0.719644804808716, 'training_days': 450, 'n_estimators': 410, 'max_depth': 4, 'num_leaves': 57, 'learning_rate': 0.04022026551478857, 'subsample': 0.5336085426932707, 'colsample_bytree': 0.5705742850577543, 'min_child_samples': 100, 'reg_alpha': 5.916398047912201e-07, 'reg_lambda': 0.9794034214488329}. Best is trial 2 with value: 0.06682088409178456.
[I 2026-06-01 23:25:21,414] Trial 9 finished with value: -2.039289165038087 and parameters: {'confidence_threshold': 0.7267463643917187, 'training_days': 20, 'n_estimators': 337, 'max_depth': 5, 'num_leaves': 23, 'learning_rate': 0.022153031811454605, 'subsample': 0.6305627572358737, 'colsample_bytree': 0.6613413774216214, 'min_child_samples': 81, 'reg_alpha': 5.7638634029410314e-08, 'reg_lambda': 8.26603016764008}. Best is trial 2 with value: 0.06682088409178456.
[I 2026-06-01 23:25:21,445] Trial 10 finished with value: -1.982579916185377 and parameters: {'confidence_threshold': 0.8398533911817929, 'training_days': 10, 'n_estimators': 228, 'max_depth': 3, 'num_leaves': 15, 'learning_rate': 0.2789359567293539, 'subsample': 0.6821883053833926, 'colsample_bytree': 0.9944479338273263, 'min_child_samples': 23, 'reg_alpha': 2.903134294418681, 'reg_lambda': 0.0032849428938367974}. Best is trial 2 with value: 0.06682088409178456.
[I 2026-06-01 23:25:21,526] Trial 11 finished with value: -8.025694310947106 and parameters: {'confidence_threshold': 0.7923497887859746, 'training_days': 160, 'n_estimators': 177, 'max_depth': 3, 'num_leaves': 54, 'learning_rate': 0.010105318775333922, 'subsample': 0.7538407084326916, 'colsample_bytree': 0.8016610248739169, 'min_child_samples': 100, 'reg_alpha': 3.2680883584933693e-05, 'reg_lambda': 0.00647465266809438}. Best is trial 2 with value: 0.06682088409178456.
[I 2026-06-01 23:25:21,635] Trial 12 finished with value: 0.02824591500575772 and parameters: {'confidence_threshold': 0.5145853631584999, 'training_days': 200, 'n_estimators': 164, 'max_depth': 3, 'num_leaves': 51, 'learning_rate': 0.13007949331851176, 'subsample': 0.9912016966112274, 'colsample_bytree': 0.6699726886825281, 'min_child_samples': 57, 'reg_alpha': 0.00012116501730499813, 'reg_lambda': 8.11725027325067}. Best is trial 2 with value: 0.06682088409178456.
[I 2026-06-01 23:25:21,832] Trial 13 finished with value: -0.022697101045609302 and parameters: {'confidence_threshold': 0.5007578887007379, 'training_days': 370, 'n_estimators': 229, 'max_depth': 4, 'num_leaves': 52, 'learning_rate': 0.13414838390428244, 'subsample': 0.9751564467099135, 'colsample_bytree': 0.633238312765511, 'min_child_samples': 55, 'reg_alpha': 0.0007156491747579006, 'reg_lambda': 6.822293390117055}. Best is trial 2 with value: 0.06682088409178456.
[I 2026-06-01 23:25:22,069] Trial 14 finished with value: 0.0027255408718876604 and parameters: {'confidence_threshold': 0.5057563615222779, 'training_days': 210, 'n_estimators': 500, 'max_depth': 3, 'num_leaves': 60, 'learning_rate': 0.1363860712788527, 'subsample': 0.7178512286146062, 'colsample_bytree': 0.507471161673424, 'min_child_samples': 66, 'reg_alpha': 0.0285042553012015, 'reg_lambda': 5.604461708154018e-06}. Best is trial 2 with value: 0.06682088409178456.
[I 2026-06-01 23:25:22,166] Trial 15 finished with value: -0.09021329633942124 and parameters: {'confidence_threshold': 0.6098306084926507, 'training_days': 100, 'n_estimators': 193, 'max_depth': 3, 'num_leaves': 31, 'learning_rate': 0.17207597477912198, 'subsample': 0.6271291404082032, 'colsample_bytree': 0.609678113319614, 'min_child_samples': 44, 'reg_alpha': 1.7836787545151695e-05, 'reg_lambda': 0.030977111081135437}. Best is trial 2 with value: 0.06682088409178456.
[I 2026-06-01 23:25:22,403] Trial 16 finished with value: -0.01959377078033613 and parameters: {'confidence_threshold': 0.5417929321116559, 'training_days': 330, 'n_estimators': 277, 'max_depth': 4, 'num_leaves': 51, 'learning_rate': 0.10480456467283118, 'subsample': 0.7897945568783066, 'colsample_bytree': 0.7065130225870049, 'min_child_samples': 38, 'reg_alpha': 0.0007271471959032802, 'reg_lambda': 0.000855876310048679}. Best is trial 2 with value: 0.06682088409178456.
