[I 2026-06-01 23:26:18,002] Trial 17 finished with value: 0.05961378833589959 and parameters: {'confidence_threshold': 0.5080881579696632, 'training_days': 430, 'n_estimators': 336, 'max_depth': 3, 'num_leaves': 51, 'learning_rate': 0.025037656797113103, 'subsample': 0.6718064291677197, 'colsample_bytree': 0.8150209829368628, 'min_child_samples': 90, 'reg_alpha': 9.211272153138313e-06, 'reg_lambda': 1.236781266363808e-05}. Best is trial 10 with value: 0.31452106013881537.

    [trial 9] 49 features, training_days=260 | threshold=0.620 | labels: 1102 long, 1051 short (51/49%)
    [trial 9] Sharpe=0.1064 (folds: -0.0069, 0.1193, 0.2954, 0.0141, 0.1102)
    [trial 10] 49 features, training_days=420 | threshold=0.845 | labels: 1102 long, 1051 short (51/49%)
    [trial 10] Sharpe=-1.9515 (folds: -0.1800, -0.1495, 0.2881, 0.2839, -10.0000)
    [trial 11] 49 features, training_days=350 | threshold=0.684 | labels: 1102 long, 1051 short (51/49%)
    [trial 11] Sharpe=0.0386 (folds: -0.0804, 0.0913, 0.2162, 0.0660, -0.1003)
    [trial 12] 49 features, training_days=330 | threshold=0.667 | labels: 1102 long, 1051 short (51/49%)
    [trial 12] Sharpe=0.1547 (folds: -0.0292, 0.1565, 0.4834, 0.1238, 0.0389)
    [trial 13] 49 features, training_days=330 | threshold=0.717 | labels: 1102 long, 1051 short (51/49%)
    [trial 13] Sharpe=0.1419 (folds: -0.1559, 0.1174, 0.5087, 0.1591, 0.0802)
    [trial 14] 49 features, training_days=490 | threshold=0.689 | labels: 1102 long, 1051 short (51/49%)
    [trial 14] Sharpe=0.1097 (folds: -0.1341, 0.1306, 0.2146, 0.1335, 0.2036)
    [trial 15] 49 features, training_days=370 | threshold=0.503 | labels: 1102 long, 1051 short (51/49%)
    [trial 15] Sharpe=0.0681 (folds: 0.0670, 0.0645, 0.1193, 0.0335, 0.0560)
    [trial 16] 49 features, training_days=440 | threshold=0.714 | labels: 1102 long, 1051 short (51/49%)
    [trial 16] Sharpe=0.1382 (folds: 0.0490, 0.1560, 0.2215, 0.1503, 0.1143)
    [trial 17] 49 features, training_days=290 | threshold=0.644 | labels: 1102 long, 1051 short (51/49%)
    [trial 17] Sharpe=0.1603 (folds: 0.0180, 0.1389, 0.3186, 0.0792, 0.2468)
  Optuna: 18 trials, best Sharpe = 0.1603
  Best params: n_estimators=430, max_depth=3, lr=0.0259, leaves=36
  Best confidence_threshold: 0.644
  Best training_days: 290
  Retrained on full data (864 samples, 49 features)
  [ensemble 3/3] seed=456
    [trial 0] 49 features, training_days=90 | threshold=0.587 | labels: 1102 long, 1051 short (51/49%)
    [CV fold 0] train_end=2021-04-24 08:00 | val_start=2021-05-02 00:00 | gap=184h (22 rows)
    [CV fold 1] train_end=2021-08-21 16:00 | val_start=2021-08-29 08:00 | gap=184h (22 rows)
    [CV fold 2] train_end=2021-12-19 00:00 | val_start=2021-12-26 16:00 | gap=184h (22 rows)
    [CV fold 3] train_end=2022-04-22 08:00 | val_start=2022-04-30 00:00 | gap=184h (22 rows)
    [CV fold 4] train_end=2022-08-19 16:00 | val_start=2022-08-27 08:00 | gap=184h (22 rows)
    [trial 0] Sharpe=-0.0642 (folds: -0.0835, -0.0726, -0.1003, -0.0853, 0.0207)
    [trial 1] 49 features, training_days=290 | threshold=0.635 | labels: 1102 long, 1051 short (51/49%)
    [trial 1] Sharpe=0.1455 (folds: -0.0317, 0.1092, 0.3157, 0.0913, 0.2432)
    [trial 2] 49 features, training_days=10 | threshold=0.585 | labels: 1102 long, 1051 short (51/49%)
    [trial 2] Sharpe=-0.0544 (folds: -0.2104, -0.0024, 0.1815, -0.0072, -0.2336)
    [trial 3] 49 features, training_days=220 | threshold=0.687 | labels: 1102 long, 1051 short (51/49%)
    [trial 3] Sharpe=0.0436 (folds: -0.1586, 0.1830, 0.1081, 0.0974, -0.0121)
    [trial 4] 49 features, training_days=300 | threshold=0.562 | labels: 1102 long, 1051 short (51/49%)
    [trial 4] Sharpe=0.0555 (folds: -0.0495, 0.1146, 0.2249, 0.0665, -0.0791)
    [trial 5] 49 features, training_days=490 | threshold=0.711 | labels: 1102 long, 1051 short (51/49%)
    [trial 5] Sharpe=0.0451 (folds: -0.0714, 0.0690, 0.1634, 0.0077, 0.0566)
    [trial 6] 49 features, training_days=420 | threshold=0.667 | labels: 1102 long, 1051 short (51/49%)
    [trial 6] Sharpe=0.0727 (folds: -0.0986, 0.0492, 0.2069, 0.1167, 0.0892)
    [trial 7] 49 features, training_days=120 | threshold=0.550 | labels: 1102 long, 1051 short (51/49%)
    [trial 7] Sharpe=-0.0323 (folds: 0.0249, -0.0106, -0.0113, -0.1216, -0.0430)
    [trial 8] 49 features, training_days=450 | threshold=0.720 | labels: 1102 long, 1051 short (51/49%)
    [trial 8] Sharpe=0.1522 (folds: 0.0791, 0.1750, 0.2019, 0.0609, 0.2443)
    [trial 9] 49 features, training_days=20 | threshold=0.727 | labels: 1102 long, 1051 short (51/49%)
    [trial 9] Sharpe=-8.0467 (folds: -10.0000, -10.0000, -10.0000, -10.0000, -0.2336)
    [trial 10] 49 features, training_days=400 | threshold=0.828 | labels: 1102 long, 1051 short (51/49%)
    [trial 10] Sharpe=0.3145 (folds: 0.1249, 0.1873, 0.4827, 0.3558, 0.4219)
    [trial 11] 49 features, training_days=400 | threshold=0.843 | labels: 1102 long, 1051 short (51/49%)
    [trial 11] Sharpe=0.3015 (folds: 0.2115, 0.0588, 0.5452, 0.3965, 0.2954)
    [trial 12] 49 features, training_days=380 | threshold=0.844 | labels: 1102 long, 1051 short (51/49%)
    [trial 12] Sharpe=0.2128 (folds: 0.0133, 0.0449, 0.5678, 0.2026, 0.2352)
    [trial 13] 49 features, training_days=360 | threshold=0.849 | labels: 1102 long, 1051 short (51/49%)
    [trial 13] Sharpe=0.2707 (folds: 0.1802, 0.1231, 0.5673, 0.2008, 0.2824)
    [trial 14] 49 features, training_days=210 | threshold=0.792 | labels: 1102 long, 1051 short (51/49%)
    [trial 14] Sharpe=0.0777 (folds: -0.0030, 0.1004, 0.2465, 0.0031, 0.0416)
    [trial 15] 49 features, training_days=350 | threshold=0.783 | labels: 1102 long, 1051 short (51/49%)
    [trial 15] Sharpe=0.1873 (folds: -0.0512, 0.1556, 0.4548, 0.1224, 0.2547)
    [trial 16] 49 features, training_days=500 | threshold=0.789 | labels: 1102 long, 1051 short (51/49%)
    [trial 16] Sharpe=0.1344 (folds: -0.1701, 0.0605, 0.3377, 0.1001, 0.3439)
    [trial 17] 49 features, training_days=430 | threshold=0.508 | labels: 1102 long, 1051 short (51/49%)
    [trial 17] Sharpe=0.0596 (folds: -0.0033, 0.0549, 0.0518, 0.0123, 0.1823)
  Optuna: 18 trials, best Sharpe = 0.3145
  Best params: n_estimators=485, max_depth=4, lr=0.0119, leaves=63
  Best confidence_threshold: 0.828
  Best training_days: 400
  Retrained on full data (1185 samples, 49 features)
  OOD: 16 features, cutoff (q=0.7) = 13.71
  Model trained for 2023-01: 93 test candles with features, confidence_threshold=0.756
[predict] 2023-01-11 16:00 LTCUSDT → SHORT (proba=0.82 TP=11.7%/SL=5.9%)
[trade:open] 2023-01-11 23:59 LTCUSDT SHORT @ 84.09 | SL=89.02 TP=74.22 | timeout=2023-01-18 23:59
[trade:close] 2023-01-14 07:59 LTCUSDT SHORT → stop_loss @ 89.02 | PnL=-5.87% (net -5.97%) | cum=+37.80% 2023-01=-5.97% 2023-01-14=-5.97%
[predict] 2023-01-23 16:00 LTCUSDT → SHORT (proba=0.82 TP=11.4%/SL=5.7%)
[trade:open] 2023-01-23 23:59 LTCUSDT SHORT @ 90.00 | SL=95.15 TP=79.71 | timeout=2023-01-30 23:59
[trade:close] 2023-01-29 07:59 LTCUSDT SHORT → stop_loss @ 95.15 | PnL=-5.72% (net -5.82%) | cum=+31.98% 2023-01=-11.78% 2023-01-29=-5.82%
[predict] 2023-01-30 00:00 LTCUSDT → SHORT (proba=0.87 TP=10.4%/SL=5.2%)
[trade:open] 2023-01-30 07:59 LTCUSDT SHORT @ 93.97 | SL=98.88 TP=84.15 | timeout=2023-02-06 07:59
[lgbm] === Training for 2023-02 ===
  Train window: 2021-02-01 → 2023-01-24
  2153 training samples from 1 symbols
  Samples per month: 2021-02: 84, 2021-03: 93, 2021-04: 90, 2021-05: 93, 2021-06: 90, 2021-07: 93, 2021-08: 93, 2021-09: 90, 2021-10: 93, 2021-11: 90, 2021-12: 93, 2022-01: 93, 2022-02: 75, 2022-03: 93, 2022-04: 84, 2022-05: 93, 2022-06: 90, 2022-07: 93, 2022-08: 93, 2022-09: 90, 2022-10: 93, 2022-11: 90, 2022-12: 93, 2023-01: 71
  [label] 2021-04-03 00:00 LTCUSDT entry=215.9100 → LONG | long=sl(-6.57%) short=sl(-6.57%) | scanned=10 | no_tp→fwd_return=+8.9111
  [label] 2021-04-05 08:00 LTCUSDT entry=209.8900 → LONG | long=tp(+14.58%) short=sl(-7.44%) | scanned=4 | long_tp_only
  [label] 2021-04-09 00:00 LTCUSDT entry=225.5900 → LONG | long=tp(+17.52%) short=sl(-8.91%) | scanned=13 | long_tp_only
  [label] 2021-05-03 16:00 LTCUSDT entry=294.9500 → LONG | long=sl(-7.35%) short=sl(-7.35%) | scanned=2 | no_tp→fwd_return=+0.9493
  [label] 2021-06-24 16:00 LTCUSDT entry=134.4900 → LONG | long=sl(-11.88%) short=timeout(-1.93%) | scanned=22 | no_tp→fwd_return=+1.8291
  [label] 2021-12-06 08:00 LTCUSDT entry=151.5600 → SHORT | long=timeout(-2.67%) short=timeout(+2.47%) | scanned=22 | no_tp→fwd_return=-2.5666
  [label] 2021-12-10 08:00 LTCUSDT entry=151.5200 → SHORT | long=timeout(-3.65%) short=timeout(+3.45%) | scanned=22 | no_tp→fwd_return=-3.5507[I 2026-06-01 23:26:18,578] A new study created in memory with name: no-name-6af5c3d1-0212-4ec6-ae0a-13f3d96cf1de
[I 2026-06-01 23:26:18,926] Trial 0 finished with value: 0.042413410304082924 and parameters: {'confidence_threshold': 0.6310890415965769, 'training_days': 480, 'n_estimators': 380, 'max_depth': 4, 'num_leaves': 22, 'learning_rate': 0.01699897838270077, 'subsample': 0.5290418060840998, 'colsample_bytree': 0.9330880728874675, 'min_child_samples': 68, 'reg_alpha': 0.023585940584142682, 'reg_lambda': 1.5320059381854043e-08}. Best is trial 0 with value: 0.042413410304082924.
[I 2026-06-01 23:26:19,053] Trial 1 finished with value: -3.9745591462121412 and parameters: {'confidence_threshold': 0.839468448256698, 'training_days': 420, 'n_estimators': 145, 'max_depth': 3, 'num_leaves': 23, 'learning_rate': 0.028145092716060652, 'subsample': 0.762378215816119, 'colsample_bytree': 0.7159725093210578, 'min_child_samples': 43, 'reg_alpha': 0.0032112643094417484, 'reg_lambda': 1.8007140198129195e-07}. Best is trial 0 with value: 0.042413410304082924.
[I 2026-06-01 23:26:19,199] Trial 2 finished with value: 0.03644503451213667 and parameters: {'confidence_threshold': 0.6022506269873263, 'training_days': 190, 'n_estimators': 255, 'max_depth': 5, 'num_leaves': 24, 'learning_rate': 0.05748924681991978, 'subsample': 0.7962072844310213, 'colsample_bytree': 0.5232252063599989, 'min_child_samples': 69, 'reg_alpha': 3.425445902633376e-07, 'reg_lambda': 3.850031979199519e-08}. Best is trial 0 with value: 0.042413410304082924.
[I 2026-06-01 23:26:19,474] Trial 3 finished with value: 0.05384738530321811 and parameters: {'confidence_threshold': 0.8321099380386666, 'training_days': 490, 'n_estimators': 414, 'max_depth': 3, 'num_leaves': 19, 'learning_rate': 0.1024932221692416, 'subsample': 0.7200762468698007, 'colsample_bytree': 0.5610191174223894, 'min_child_samples': 60, 'reg_alpha': 2.039373116525212e-08, 'reg_lambda': 1.527156759251193}. Best is trial 3 with value: 0.05384738530321811.
[I 2026-06-01 23:26:19,635] Trial 4 finished with value: 0.053632670306635544 and parameters: {'confidence_threshold': 0.5905729935600059, 'training_days': 340, 'n_estimators': 190, 'max_depth': 4, 'num_leaves': 41, 'learning_rate': 0.01875220945578641, 'subsample': 0.9847923138822793, 'colsample_bytree': 0.8875664116805573, 'min_child_samples': 96, 'reg_alpha': 1.1309571585271483, 'reg_lambda': 0.002404915432737351}. Best is trial 3 with value: 0.05384738530321811.
[I 2026-06-01 23:26:19,672] Trial 5 finished with value: -0.10939563278743673 and parameters: {'confidence_threshold': 0.8226559822580909, 'training_days': 50, 'n_estimators': 138, 'max_depth': 3, 'num_leaves': 30, 'learning_rate': 0.03750796359625606, 'subsample': 0.6356745158869479, 'colsample_bytree': 0.9143687545759647, 'min_child_samples': 48, 'reg_alpha': 3.376063348877853e-06, 'reg_lambda': 0.0007660634613082914}. Best is trial 3 with value: 0.05384738530321811.
[I 2026-06-01 23:26:19,777] Trial 6 finished with value: 0.07190855304637818 and parameters: {'confidence_threshold': 0.5493234787411669, 'training_days': 410, 'n_estimators': 83, 'max_depth': 5, 'num_leaves': 52, 'learning_rate': 0.019657448966046126, 'subsample': 0.5027610585618012, 'colsample_bytree': 0.9077307142274171, 'min_child_samples': 77, 'reg_alpha': 0.03639690979811287, 'reg_lambda': 0.08738424135626986}. Best is trial 6 with value: 0.07190855304637818.
[I 2026-06-01 23:26:19,888] Trial 7 finished with value: -0.058339096154384665 and parameters: {'confidence_threshold': 0.5259156281069316, 'training_days': 180, 'n_estimators': 102, 'max_depth': 5, 'num_leaves': 45, 'learning_rate': 0.030816017044468066, 'subsample': 0.5317791751430119, 'colsample_bytree': 0.6554911608578311, 'min_child_samples': 46, 'reg_alpha': 0.036851536911881845, 'reg_lambda': 0.005470376807480391}. Best is trial 6 with value: 0.07190855304637818.
[I 2026-06-01 23:26:19,991] Trial 8 finished with value: -0.028210847039032916 and parameters: {'confidence_threshold': 0.8105244599017143, 'training_days': 240, 'n_estimators': 103, 'max_depth': 5, 'num_leaves': 52, 'learning_rate': 0.06746437142284309, 'subsample': 0.8854835899772805, 'colsample_bytree': 0.7468977981821954, 'min_child_samples': 62, 'reg_alpha': 7.04480806377519e-05, 'reg_lambda': 1.6934490731313353e-08}. Best is trial 6 with value: 0.07190855304637818.
[I 2026-06-01 23:26:20,014] Trial 9 finished with value: -2.090077312945177 and parameters: {'confidence_threshold': 0.5377619994476566, 'training_days': 20, 'n_estimators': 337, 'max_depth': 3, 'num_leaves': 39, 'learning_rate': 0.21907142272152816, 'subsample': 0.6246461145744375, 'colsample_bytree': 0.7051914615178149, 'min_child_samples': 81, 'reg_alpha': 1.1459970229341322e-06, 'reg_lambda': 4.929685216887945e-08}. Best is trial 6 with value: 0.07190855304637818.
[I 2026-06-01 23:26:20,659] Trial 10 finished with value: -0.004255493720622816 and parameters: {'confidence_threshold': 0.7378545837642324, 'training_days': 350, 'n_estimators': 487, 'max_depth': 5, 'num_leaves': 62, 'learning_rate': 0.011407797829608154, 'subsample': 0.628963476300746, 'colsample_bytree': 0.8340915966600303, 'min_child_samples': 27, 'reg_alpha': 8.536188349289, 'reg_lambda': 8.145051292774586}. Best is trial 6 with value: 0.07190855304637818.
[I 2026-06-01 23:26:20,999] Trial 11 finished with value: 0.09539545646021541 and parameters: {'confidence_threshold': 0.7131090560543465, 'training_days': 480, 'n_estimators': 496, 'max_depth': 4, 'num_leaves': 55, 'learning_rate': 0.13748096120023556, 'subsample': 0.7008336560939579, 'colsample_bytree': 0.5039870416163934, 'min_child_samples': 85, 'reg_alpha': 5.426459702477891e-08, 'reg_lambda': 0.9693369363663902}. Best is trial 11 with value: 0.09539545646021541.
[I 2026-06-01 23:26:21,190] Trial 12 finished with value: 0.05425185546867954 and parameters: {'confidence_threshold': 0.7131758522018106, 'training_days': 380, 'n_estimators': 228, 'max_depth': 4, 'num_leaves': 63, 'learning_rate': 0.1882326481876032, 'subsample': 0.8394696566228461, 'colsample_bytree': 0.9955462072303609, 'min_child_samples': 89, 'reg_alpha': 0.00018576083317023635, 'reg_lambda': 0.21530468050360585}. Best is trial 11 with value: 0.09539545646021541.
[I 2026-06-01 23:26:21,568] Trial 13 finished with value: 0.07675170528037571 and parameters: {'confidence_threshold': 0.6715112328451753, 'training_days': 430, 'n_estimators': 500, 'max_depth': 4, 'num_leaves': 52, 'learning_rate': 0.1434956544335232, 'subsample': 0.6866291716128416, 'colsample_bytree': 0.8199433727435943, 'min_child_samples': 80, 'reg_alpha': 0.15436087412954164, 'reg_lambda': 0.052039727051948925}. Best is trial 11 with value: 0.09539545646021541.
[I 2026-06-01 23:26:21,915] Trial 14 finished with value: 0.08790234854911083 and parameters: {'confidence_threshold': 0.6805384022857991, 'training_days': 500, 'n_estimators': 499, 'max_depth': 4, 'num_leaves': 54, 'learning_rate': 0.134675187387675, 'subsample': 0.690487084433192, 'colsample_bytree': 0.6158991874863594, 'min_child_samples': 100, 'reg_alpha': 2.4306206384019134e-08, 'reg_lambda': 7.565770484313319e-06}. Best is trial 11 with value: 0.09539545646021541.
[I 2026-06-01 23:26:22,215] Trial 15 finished with value: 0.09693618931690862 and parameters: {'confidence_threshold': 0.7582587723116039, 'training_days': 500, 'n_estimators': 432, 'max_depth': 4, 'num_leaves': 57, 'learning_rate': 0.28812862187389127, 'subsample': 0.6882857299522153, 'colsample_bytree': 0.6118048941651124, 'min_child_samples': 100, 'reg_alpha': 1.0641912697925566e-08, 'reg_lambda': 8.353641949713611e-06}. Best is trial 15 with value: 0.09693618931690862.
[I 2026-06-01 23:26:22,473] Trial 16 finished with value: 0.09242756933802573 and parameters: {'confidence_threshold': 0.7629290811240131, 'training_days': 310, 'n_estimators': 426, 'max_depth': 4, 'num_leaves': 58, 'learning_rate': 0.29657484646241755, 'subsample': 0.5868630721554586, 'colsample_bytree': 0.5133000706514861, 'min_child_samples': 91, 'reg_alpha': 1.0081845430924853e-08, 'reg_lambda': 3.362874094963056e-05}. Best is trial 15 with value: 0.09693618931690862.
[I 2026-06-01 23:26:22,678] Trial 17 finished with value: 0.11009895382922508 and parameters: {'confidence_threshold': 0.77794786212987, 'training_days': 290, 'n_estimators': 321, 'max_depth': 4, 'num_leaves': 47, 'learning_rate': 0.08943312894666945, 'subsample': 0.9082676340052684, 'colsample_bytree': 0.6076369783598532, 'min_child_samples': 87, 'reg_alpha': 1.4874497637694555e-05, 'reg_lambda': 1.493656852319989e-06}. Best is trial 17 with value: 0.11009895382922508.
[I 2026-06-01 23:26:22,898] A new study created in memory with name: no-name-f9d8d7a7-a1e3-4ed1-8acc-9d70858bb5e4
[I 2026-06-01 23:26:23,003] Trial 0 finished with value: 0.034178400206502556 and parameters: {'confidence_threshold': 0.7437642149592516, 'training_days': 150, 'n_estimators': 152, 'max_depth': 4, 'num_leaves': 50, 'learning_rate': 0.04216766425047743, 'subsample': 0.9903820991923078, 'colsample_bytree': 0.8424148692924316, 'min_child_samples': 58, 'reg_alpha': 3.381097259762742e-05, 'reg_lambda': 1.2263152961306247e-05}. Best is trial 0 with value: 0.034178400206502556.
[I 2026-06-01 23:26:23,078] Trial 1 finished with value: -0.6942760935804959 and parameters: {'confidence_threshold': 0.7551673975844145, 'training_days': 220, 'n_estimators': 76, 'max_depth': 4, 'num_leaves': 51, 'learning_rate': 0.018602118810743477, 'subsample': 0.5877258780737462, 'colsample_bytree': 0.7657756869209191, 'min_child_samples': 63, 'reg_alpha': 0.005123994170264194, 'reg_lambda': 0.44145470178120466}. Best is trial 0 with value: 0.034178400206502556.
[I 2026-06-01 23:26:23,340] Trial 2 finished with value: -0.023639004293340232 and parameters: {'confidence_threshold': 0.7535593637012223, 'training_days': 310, 'n_estimators': 375, 'max_depth': 3, 'num_leaves': 32, 'learning_rate': 0.021735641882032388, 'subsample': 0.6468570231944146, 'colsample_bytree': 0.8154880619272439, 'min_child_samples': 27, 'reg_alpha': 8.004064028491336e-05, 'reg_lambda': 7.546835261630524e-05}. Best is trial 0 with value: 0.034178400206502556.
[I 2026-06-01 23:26:23,506] Trial 3 finished with value: -0.0076880054947897234 and parameters: {'confidence_threshold': 0.6727897841776072, 'training_days': 220, 'n_estimators': 190, 'max_depth': 4, 'num_leaves': 58, 'learning_rate': 0.24810689332636193, 'subsample': 0.7509183379421682, 'colsample_bytree': 0.8119764758960556, 'min_child_samples': 29, 'reg_alpha': 7.1708285081421445e-06, 'reg_lambda': 5.412973582738627e-05}. Best is trial 0 with value: 0.034178400206502556.
[I 2026-06-01 23:26:23,630] Trial 4 finished with value: 0.09019404785346749 and parameters: {'confidence_threshold': 0.803208205259178, 'training_days': 130, 'n_estimators': 267, 'max_depth': 5, 'num_leaves': 40, 'learning_rate': 0.08041175317374143, 'subsample': 0.5603143329951619, 'colsample_bytree': 0.9131704002534167, 'min_child_samples': 68, 'reg_alpha': 0.0008046593428183385, 'reg_lambda': 1.2158346158765583e-05}. Best is trial 4 with value: 0.09019404785346749.
[I 2026-06-01 23:26:23,865] Trial 5 finished with value: 0.06390118286189347 and parameters: {'confidence_threshold': 0.6064422761595144, 'training_days': 210, 'n_estimators': 357, 'max_depth': 5, 'num_leaves': 40, 'learning_rate': 0.0974221287220869, 'subsample': 0.7929682762811064, 'colsample_bytree': 0.8124517510478, 'min_child_samples': 74, 'reg_alpha': 0.3811377260781234, 'reg_lambda': 5.607314238392041e-08}. Best is trial 4 with value: 0.09019404785346749.
[I 2026-06-01 23:26:23,990] Trial 6 finished with value: 0.024804576043740333 and parameters: {'confidence_threshold': 0.7672889945051684, 'training_days': 130, 'n_estimators': 137, 'max_depth': 4, 'num_leaves': 19, 'learning_rate': 0.2031117614248665, 'subsample': 0.8136244860256343, 'colsample_bytree': 0.8617081790949774, 'min_child_samples': 21, 'reg_alpha': 0.002238138278733199, 'reg_lambda': 0.001025809534977322}. Best is trial 4 with value: 0.09019404785346749.
[I 2026-06-01 23:26:24,072] Trial 7 finished with value: 0.01467293912342434 and parameters: {'confidence_threshold': 0.555635875450653, 'training_days': 80, 'n_estimators': 363, 'max_depth': 3, 'num_leaves': 48, 'learning_rate': 0.06590089024008658, 'subsample': 0.6944752870615722, 'colsample_bytree': 0.962566244806993, 'min_child_samples': 88, 'reg_alpha': 1.6465620446426067e-05, 'reg_lambda': 2.4678750890085655e-08}. Best is trial 4 with value: 0.09019404785346749.
