[I 2026-06-01 23:27:22,897] Trial 17 finished with value: -0.008372666163384012 and parameters: {'confidence_threshold': 0.5080881579696632, 'training_days': 330, 'n_estimators': 372, 'max_depth': 3, 'num_leaves': 18, 'learning_rate': 0.040009635158584404, 'subsample': 0.9717118190871952, 'colsample_bytree': 0.7191095787088697, 'min_child_samples': 90, 'reg_alpha': 0.00022966087177981828, 'reg_lambda': 0.00039965744314963514}. Best is trial 10 with value: 0.12645413278155232.

    [trial 11] Sharpe=-7.9937 (folds: -10.0000, -10.0000, -10.0000, -10.0000, 0.0316)
    [trial 12] 49 features, training_days=350 | threshold=0.831 | labels: 1096 long, 1057 short (51/49%)
    [trial 12] Sharpe=-0.0051 (folds: 0.0088, 0.1243, -0.0706, -0.1513, 0.0632)
    [trial 13] 49 features, training_days=10 | threshold=0.668 | labels: 1096 long, 1057 short (51/49%)
    [trial 13] Sharpe=-1.9870 (folds: 0.1003, 0.1573, -0.1667, -10.0000, -0.0258)
    [trial 14] 49 features, training_days=110 | threshold=0.599 | labels: 1096 long, 1057 short (51/49%)
    [trial 14] Sharpe=0.0463 (folds: -0.0420, 0.2073, -0.0296, 0.1450, -0.0493)
    [trial 15] 49 features, training_days=320 | threshold=0.503 | labels: 1096 long, 1057 short (51/49%)
    [trial 15] Sharpe=-0.0369 (folds: -0.0698, 0.0176, -0.0999, 0.0292, -0.0617)
    [trial 16] 49 features, training_days=440 | threshold=0.712 | labels: 1096 long, 1057 short (51/49%)
    [trial 16] Sharpe=0.0642 (folds: -0.1087, 0.0896, -0.0454, 0.2419, 0.1438)
    [trial 17] 49 features, training_days=490 | threshold=0.708 | labels: 1096 long, 1057 short (51/49%)
    [trial 17] Sharpe=0.0213 (folds: -0.1187, 0.1352, -0.0560, 0.1308, 0.0155)
  Optuna: 18 trials, best Sharpe = 0.0642
  Best params: n_estimators=303, max_depth=4, lr=0.0473, leaves=25
  Best confidence_threshold: 0.712
  Best training_days: 440
  Retrained on full data (1314 samples, 49 features)
  [ensemble 3/3] seed=456
    [trial 0] 49 features, training_days=90 | threshold=0.587 | labels: 1096 long, 1057 short (51/49%)
    [CV fold 0] train_end=2021-09-22 08:00 | val_start=2021-09-30 00:00 | gap=184h (22 rows)
    [CV fold 1] train_end=2022-01-19 16:00 | val_start=2022-01-27 08:00 | gap=184h (22 rows)
    [CV fold 2] train_end=2022-05-24 00:00 | val_start=2022-05-31 16:00 | gap=184h (22 rows)
    [CV fold 3] train_end=2022-09-20 08:00 | val_start=2022-09-28 00:00 | gap=184h (22 rows)
    [CV fold 4] train_end=2023-01-17 16:00 | val_start=2023-01-25 08:00 | gap=184h (22 rows)
    [trial 0] Sharpe=0.0197 (folds: -0.0374, 0.1432, -0.0427, 0.1057, -0.0703)
    [trial 1] 49 features, training_days=290 | threshold=0.635 | labels: 1096 long, 1057 short (51/49%)
    [trial 1] Sharpe=-0.0119 (folds: -0.1188, 0.0282, -0.0861, 0.1129, 0.0043)
    [trial 2] 49 features, training_days=10 | threshold=0.585 | labels: 1096 long, 1057 short (51/49%)
    [trial 2] Sharpe=-1.9870 (folds: 0.1003, 0.1573, -0.1667, -10.0000, -0.0258)
    [trial 3] 49 features, training_days=220 | threshold=0.687 | labels: 1096 long, 1057 short (51/49%)
    [trial 3] Sharpe=0.0024 (folds: -0.2301, -0.0065, -0.0801, 0.1756, 0.1533)
    [trial 4] 49 features, training_days=300 | threshold=0.562 | labels: 1096 long, 1057 short (51/49%)
    [trial 4] Sharpe=-0.0032 (folds: -0.0100, 0.0525, -0.0799, 0.0158, 0.0054)
    [trial 5] 49 features, training_days=490 | threshold=0.711 | labels: 1096 long, 1057 short (51/49%)
    [trial 5] Sharpe=0.0210 (folds: 0.0370, 0.0383, -0.0946, 0.0874, 0.0367)
    [trial 6] 49 features, training_days=420 | threshold=0.667 | labels: 1096 long, 1057 short (51/49%)
    [trial 6] Sharpe=0.0267 (folds: 0.0405, 0.0598, -0.0782, 0.0610, 0.0502)
    [trial 7] 49 features, training_days=120 | threshold=0.550 | labels: 1096 long, 1057 short (51/49%)
    [trial 7] Sharpe=0.0421 (folds: 0.0132, 0.1153, -0.0344, 0.1335, -0.0172)
    [trial 8] 49 features, training_days=450 | threshold=0.720 | labels: 1096 long, 1057 short (51/49%)
    [trial 8] Sharpe=0.0752 (folds: -0.1455, 0.1506, -0.0607, 0.2891, 0.1422)
    [trial 9] 49 features, training_days=20 | threshold=0.727 | labels: 1096 long, 1057 short (51/49%)
    [trial 9] Sharpe=-6.0681 (folds: -10.0000, -10.0000, -10.0000, -0.3719, 0.0316)
    [trial 10] 49 features, training_days=400 | threshold=0.828 | labels: 1096 long, 1057 short (51/49%)
    [trial 10] Sharpe=0.1265 (folds: 0.0538, -0.0733, 0.0269, 0.1566, 0.4683)
    [trial 11] 49 features, training_days=400 | threshold=0.843 | labels: 1096 long, 1057 short (51/49%)
    [trial 11] Sharpe=-1.9181 (folds: 0.1339, -0.0611, 0.1675, 0.1690, -10.0000)
    [trial 12] 49 features, training_days=500 | threshold=0.810 | labels: 1096 long, 1057 short (51/49%)
    [trial 12] Sharpe=0.0251 (folds: 0.0347, 0.0389, -0.0345, -0.1540, 0.2407)
    [trial 13] 49 features, training_days=380 | threshold=0.782 | labels: 1096 long, 1057 short (51/49%)
    [trial 13] Sharpe=0.0577 (folds: -0.0292, 0.1551, -0.0568, -0.0056, 0.2249)
    [trial 14] 49 features, training_days=350 | threshold=0.772 | labels: 1096 long, 1057 short (51/49%)
    [trial 14] Sharpe=0.0349 (folds: -0.0751, 0.0943, -0.0465, 0.0299, 0.1718)
    [trial 15] 49 features, training_days=450 | threshold=0.849 | labels: 1096 long, 1057 short (51/49%)
    [trial 15] Sharpe=-3.9689 (folds: 0.0921, -0.1280, 0.1915, -10.0000, -10.0000)
    [trial 16] 49 features, training_days=240 | threshold=0.750 | labels: 1096 long, 1057 short (51/49%)
    [trial 16] Sharpe=0.0490 (folds: 0.0125, 0.0872, -0.1089, 0.0044, 0.2499)
    [trial 17] 49 features, training_days=330 | threshold=0.508 | labels: 1096 long, 1057 short (51/49%)
    [trial 17] Sharpe=-0.0084 (folds: -0.0750, 0.0845, -0.0680, 0.0521, -0.0355)
  Optuna: 18 trials, best Sharpe = 0.1265
  Best params: n_estimators=485, max_depth=4, lr=0.0119, leaves=63
  Best confidence_threshold: 0.828
  Best training_days: 400
  Retrained on full data (1200 samples, 49 features)
  OOD: 16 features, cutoff (q=0.7) = 13.79
  Model trained for 2023-06: 90 test candles with features, confidence_threshold=0.791
[predict] 2023-06-02 16:00 LTCUSDT → SHORT (proba=0.82 TP=8.8%/SL=4.4%)
[trade:open] 2023-06-02 23:59 LTCUSDT SHORT @ 95.42 | SL=99.62 TP=87.02 | timeout=2023-06-09 23:59
[trade:close] 2023-06-05 15:59 LTCUSDT SHORT → take_profit @ 87.02 | PnL=+8.81% (net +8.71%) | cum=+52.52% 2023-06=+8.71% 2023-06-05=+8.71%
[predict] 2023-06-09 08:00 LTCUSDT → SHORT (proba=0.85 TP=9.7%/SL=4.8%)
[trade:open] 2023-06-09 15:59 LTCUSDT SHORT @ 89.26 | SL=93.57 TP=80.64 | timeout=2023-06-16 15:59
[trade:close] 2023-06-10 07:59 LTCUSDT SHORT → take_profit @ 80.64 | PnL=+9.66% (net +9.56%) | cum=+62.08% 2023-06=+18.27% 2023-06-10=+9.56%
[predict] 2023-06-12 16:00 LTCUSDT → LONG (proba=0.82 TP=13.6%/SL=6.8%)
[trade:open] 2023-06-12 23:59 LTCUSDT LONG @ 77.45 | SL=72.18 TP=88.00 | timeout=2023-06-19 23:59
[trade:close] 2023-06-14 23:59 LTCUSDT LONG → stop_loss @ 72.18 | PnL=-6.81% (net -6.91%) | cum=+55.17% 2023-06=+11.36% 2023-06-14=-6.91%
[predict] 2023-06-15 16:00 LTCUSDT → LONG (proba=0.90 TP=13.0%/SL=6.5%)
[trade:open] 2023-06-15 23:59 LTCUSDT LONG @ 74.56 | SL=69.72 TP=84.25 | timeout=2023-06-22 23:59
[trade:close] 2023-06-21 07:59 LTCUSDT LONG → take_profit @ 84.25 | PnL=+12.99% (net +12.89%) | cum=+68.06% 2023-06=+24.25% 2023-06-21=+12.89%
[lgbm] === Training for 2023-07 ===
  Train window: 2021-07-01 → 2023-06-23
  2153 training samples from 1 symbols
  Samples per month: 2021-07: 93, 2021-08: 93, 2021-09: 90, 2021-10: 93, 2021-11: 90, 2021-12: 93, 2022-01: 93, 2022-02: 75, 2022-03: 93, 2022-04: 84, 2022-05: 93, 2022-06: 90, 2022-07: 93, 2022-08: 93, 2022-09: 90, 2022-10: 93, 2022-11: 90, 2022-12: 93, 2023-01: 93, 2023-02: 84, 2023-03: 93, 2023-04: 90, 2023-05: 93, 2023-06: 68
  [label] 2021-08-31 00:00 LTCUSDT entry=172.7600 → LONG | long=tp(+13.19%) short=sl(-6.74%) | scanned=10 | long_tp_only
  [label] 2021-09-02 08:00 LTCUSDT entry=182.4600 → LONG | long=tp(+12.18%) short=sl(-6.24%) | scanned=3 | long_tp_only
  [label] 2021-09-06 00:00 LTCUSDT entry=228.9900 → SHORT | long=sl(-7.29%) short=tp(+14.29%) | scanned=4 | short_tp_only
  [label] 2021-09-30 16:00 LTCUSDT entry=153.1700 → LONG | long=tp(+14.52%) short=sl(-7.41%) | scanned=15 | long_tp_only
  [label] 2021-11-21 16:00 LTCUSDT entry=221.3700 → SHORT | long=sl(-9.89%) short=timeout(+9.76%) | scanned=22 | no_tp→fwd_return=-9.8568
  [label] 2022-05-10 08:00 LTCUSDT entry=81.2000 → SHORT | long=sl(-11.09%) short=tp(+21.89%) | scanned=5 | short_tp_only
  [label] 2022-05-14 08:00 LTCUSDT entry=64.6600 → LONG | long=timeout(+8.11%) short=timeout(-8.31%) | scanned=22 | no_tp→fwd_return=+8.2122
  [label] 2022-05-25 00:00 LTCUSDT entry=69.5500 → SHORT | long=sl(-7.55%) short=timeout(+2.52%) | scanned=22 | no_tp→fwd_return=-2.6168[I 2026-06-01 23:27:23,632] A new study created in memory with name: no-name-e03f9601-57c8-4d58-9d83-f57225068047
[I 2026-06-01 23:27:24,164] Trial 0 finished with value: 0.07015883936020821 and parameters: {'confidence_threshold': 0.6310890415965769, 'training_days': 480, 'n_estimators': 380, 'max_depth': 4, 'num_leaves': 22, 'learning_rate': 0.01699897838270077, 'subsample': 0.5290418060840998, 'colsample_bytree': 0.9330880728874675, 'min_child_samples': 68, 'reg_alpha': 0.023585940584142682, 'reg_lambda': 1.5320059381854043e-08}. Best is trial 0 with value: 0.07015883936020821.
[I 2026-06-01 23:27:24,390] Trial 1 finished with value: -1.914135664103243 and parameters: {'confidence_threshold': 0.839468448256698, 'training_days': 420, 'n_estimators': 145, 'max_depth': 3, 'num_leaves': 23, 'learning_rate': 0.028145092716060652, 'subsample': 0.762378215816119, 'colsample_bytree': 0.7159725093210578, 'min_child_samples': 43, 'reg_alpha': 0.0032112643094417484, 'reg_lambda': 1.8007140198129195e-07}. Best is trial 0 with value: 0.07015883936020821.
[I 2026-06-01 23:27:24,633] Trial 2 finished with value: -0.0031425882392417696 and parameters: {'confidence_threshold': 0.6022506269873263, 'training_days': 190, 'n_estimators': 255, 'max_depth': 5, 'num_leaves': 24, 'learning_rate': 0.05748924681991978, 'subsample': 0.7962072844310213, 'colsample_bytree': 0.5232252063599989, 'min_child_samples': 69, 'reg_alpha': 3.425445902633376e-07, 'reg_lambda': 3.850031979199519e-08}. Best is trial 0 with value: 0.07015883936020821.
[I 2026-06-01 23:27:25,032] Trial 3 finished with value: 0.06926474722953521 and parameters: {'confidence_threshold': 0.8321099380386666, 'training_days': 490, 'n_estimators': 414, 'max_depth': 3, 'num_leaves': 19, 'learning_rate': 0.1024932221692416, 'subsample': 0.7200762468698007, 'colsample_bytree': 0.5610191174223894, 'min_child_samples': 60, 'reg_alpha': 2.039373116525212e-08, 'reg_lambda': 1.527156759251193}. Best is trial 0 with value: 0.07015883936020821.
[I 2026-06-01 23:27:25,252] Trial 4 finished with value: -0.025272973640361122 and parameters: {'confidence_threshold': 0.5905729935600059, 'training_days': 340, 'n_estimators': 190, 'max_depth': 4, 'num_leaves': 41, 'learning_rate': 0.01875220945578641, 'subsample': 0.9847923138822793, 'colsample_bytree': 0.8875664116805573, 'min_child_samples': 96, 'reg_alpha': 1.1309571585271483, 'reg_lambda': 0.002404915432737351}. Best is trial 0 with value: 0.07015883936020821.
[I 2026-06-01 23:27:25,315] Trial 5 finished with value: 0.014750262640930201 and parameters: {'confidence_threshold': 0.8226559822580909, 'training_days': 50, 'n_estimators': 138, 'max_depth': 3, 'num_leaves': 30, 'learning_rate': 0.03750796359625606, 'subsample': 0.6356745158869479, 'colsample_bytree': 0.9143687545759647, 'min_child_samples': 48, 'reg_alpha': 3.376063348877853e-06, 'reg_lambda': 0.0007660634613082914}. Best is trial 0 with value: 0.07015883936020821.
[I 2026-06-01 23:27:25,465] Trial 6 finished with value: -0.0389060306924415 and parameters: {'confidence_threshold': 0.5493234787411669, 'training_days': 410, 'n_estimators': 83, 'max_depth': 5, 'num_leaves': 52, 'learning_rate': 0.019657448966046126, 'subsample': 0.5027610585618012, 'colsample_bytree': 0.9077307142274171, 'min_child_samples': 77, 'reg_alpha': 0.03639690979811287, 'reg_lambda': 0.08738424135626986}. Best is trial 0 with value: 0.07015883936020821.
[I 2026-06-01 23:27:25,601] Trial 7 finished with value: 0.010314260078666624 and parameters: {'confidence_threshold': 0.5259156281069316, 'training_days': 180, 'n_estimators': 102, 'max_depth': 5, 'num_leaves': 45, 'learning_rate': 0.030816017044468066, 'subsample': 0.5317791751430119, 'colsample_bytree': 0.6554911608578311, 'min_child_samples': 46, 'reg_alpha': 0.036851536911881845, 'reg_lambda': 0.005470376807480391}. Best is trial 0 with value: 0.07015883936020821.
[I 2026-06-01 23:27:25,772] Trial 8 finished with value: -0.04106959032465994 and parameters: {'confidence_threshold': 0.8105244599017143, 'training_days': 240, 'n_estimators': 103, 'max_depth': 5, 'num_leaves': 52, 'learning_rate': 0.06746437142284309, 'subsample': 0.8854835899772805, 'colsample_bytree': 0.7468977981821954, 'min_child_samples': 62, 'reg_alpha': 7.04480806377519e-05, 'reg_lambda': 1.6934490731313353e-08}. Best is trial 0 with value: 0.07015883936020821.
[I 2026-06-01 23:27:25,809] Trial 9 finished with value: -4.04643102246016 and parameters: {'confidence_threshold': 0.5377619994476566, 'training_days': 20, 'n_estimators': 337, 'max_depth': 3, 'num_leaves': 39, 'learning_rate': 0.21907142272152816, 'subsample': 0.6246461145744375, 'colsample_bytree': 0.7051914615178149, 'min_child_samples': 81, 'reg_alpha': 1.1459970229341322e-06, 'reg_lambda': 4.929685216887945e-08}. Best is trial 0 with value: 0.07015883936020821.
[I 2026-06-01 23:27:26,664] Trial 10 finished with value: -0.011835249583424984 and parameters: {'confidence_threshold': 0.6938635787372303, 'training_days': 350, 'n_estimators': 487, 'max_depth': 4, 'num_leaves': 15, 'learning_rate': 0.011407797829608154, 'subsample': 0.6277217293825994, 'colsample_bytree': 0.9880699499289975, 'min_child_samples': 27, 'reg_alpha': 8.536188349289, 'reg_lambda': 3.3639426888455256e-06}. Best is trial 0 with value: 0.07015883936020821.
[I 2026-06-01 23:27:27,432] Trial 11 finished with value: 0.052714262767721586 and parameters: {'confidence_threshold': 0.7142966361932565, 'training_days': 490, 'n_estimators': 420, 'max_depth': 4, 'num_leaves': 15, 'learning_rate': 0.11529398851600968, 'subsample': 0.7100138054284578, 'colsample_bytree': 0.5081093472155149, 'min_child_samples': 55, 'reg_alpha': 5.66845160002491e-05, 'reg_lambda': 8.173625018275683}. Best is trial 0 with value: 0.07015883936020821.
[I 2026-06-01 23:27:27,843] Trial 12 finished with value: 0.11392453752580126 and parameters: {'confidence_threshold': 0.7366261665759144, 'training_days': 480, 'n_estimators': 366, 'max_depth': 4, 'num_leaves': 30, 'learning_rate': 0.11263608439461861, 'subsample': 0.846813044445794, 'colsample_bytree': 0.5987868290440799, 'min_child_samples': 89, 'reg_alpha': 1.098101963123914e-08, 'reg_lambda': 1.4289813315801497e-05}. Best is trial 12 with value: 0.11392453752580126.
[I 2026-06-01 23:27:28,194] Trial 13 finished with value: 0.04645495573101523 and parameters: {'confidence_threshold': 0.7562182429816536, 'training_days': 410, 'n_estimators': 334, 'max_depth': 4, 'num_leaves': 29, 'learning_rate': 0.28438438472956246, 'subsample': 0.8622582806728851, 'colsample_bytree': 0.8285471651137357, 'min_child_samples': 97, 'reg_alpha': 0.0010695159048720376, 'reg_lambda': 4.448098583586055e-06}. Best is trial 12 with value: 0.11392453752580126.
[I 2026-06-01 23:27:28,526] Trial 14 finished with value: 0.03994393070527576 and parameters: {'confidence_threshold': 0.6385044362194758, 'training_days': 330, 'n_estimators': 348, 'max_depth': 4, 'num_leaves': 33, 'learning_rate': 0.14245863607446319, 'subsample': 0.9479696629487587, 'colsample_bytree': 0.6149362997130857, 'min_child_samples': 84, 'reg_alpha': 0.053999514200188226, 'reg_lambda': 1.5195245747503235e-05}. Best is trial 12 with value: 0.11392453752580126.
[I 2026-06-01 23:27:28,775] Trial 15 finished with value: -3.9279933570691554 and parameters: {'confidence_threshold': 0.7563724225603027, 'training_days': 500, 'n_estimators': 251, 'max_depth': 4, 'num_leaves': 61, 'learning_rate': 0.01135891713160508, 'subsample': 0.8535972392831757, 'colsample_bytree': 0.8100744538922787, 'min_child_samples': 89, 'reg_alpha': 1.108583077350571e-08, 'reg_lambda': 7.482879404932238e-05}. Best is trial 12 with value: 0.11392453752580126.
[I 2026-06-01 23:27:29,147] Trial 16 finished with value: 0.0004356481206944073 and parameters: {'confidence_threshold': 0.6450316065801732, 'training_days': 290, 'n_estimators': 408, 'max_depth': 4, 'num_leaves': 36, 'learning_rate': 0.0771221987536403, 'subsample': 0.8013687718960705, 'colsample_bytree': 0.9826162589395974, 'min_child_samples': 66, 'reg_alpha': 1.6230643075200477e-05, 'reg_lambda': 8.347077506652892e-07}. Best is trial 12 with value: 0.11392453752580126.
[I 2026-06-01 23:27:29,494] Trial 17 finished with value: 0.01679844036658095 and parameters: {'confidence_threshold': 0.7296153420475378, 'training_days': 430, 'n_estimators': 475, 'max_depth': 3, 'num_leaves': 27, 'learning_rate': 0.16522729299476824, 'subsample': 0.5775708471916033, 'colsample_bytree': 0.6091330191487015, 'min_child_samples': 74, 'reg_alpha': 0.0029009054625462813, 'reg_lambda': 0.00014052361264652263}. Best is trial 12 with value: 0.11392453752580126.
[I 2026-06-01 23:27:29,861] A new study created in memory with name: no-name-0bfc50dd-0e88-455f-a702-e8d03c910aca
[I 2026-06-01 23:27:29,967] Trial 0 finished with value: 0.015160922880255312 and parameters: {'confidence_threshold': 0.7437642149592516, 'training_days': 150, 'n_estimators': 152, 'max_depth': 4, 'num_leaves': 50, 'learning_rate': 0.04216766425047743, 'subsample': 0.9903820991923078, 'colsample_bytree': 0.8424148692924316, 'min_child_samples': 58, 'reg_alpha': 3.381097259762742e-05, 'reg_lambda': 1.2263152961306247e-05}. Best is trial 0 with value: 0.015160922880255312.
[I 2026-06-01 23:27:30,052] Trial 1 finished with value: -1.980993621396506 and parameters: {'confidence_threshold': 0.7551673975844145, 'training_days': 220, 'n_estimators': 76, 'max_depth': 4, 'num_leaves': 51, 'learning_rate': 0.018602118810743477, 'subsample': 0.5877258780737462, 'colsample_bytree': 0.7657756869209191, 'min_child_samples': 63, 'reg_alpha': 0.005123994170264194, 'reg_lambda': 0.44145470178120466}. Best is trial 0 with value: 0.015160922880255312.
[I 2026-06-01 23:27:30,771] Trial 2 finished with value: 0.004934172324325949 and parameters: {'confidence_threshold': 0.7535593637012223, 'training_days': 310, 'n_estimators': 375, 'max_depth': 3, 'num_leaves': 32, 'learning_rate': 0.021735641882032388, 'subsample': 0.6468570231944146, 'colsample_bytree': 0.8154880619272439, 'min_child_samples': 27, 'reg_alpha': 8.004064028491336e-05, 'reg_lambda': 7.546835261630524e-05}. Best is trial 0 with value: 0.015160922880255312.
[I 2026-06-01 23:27:31,119] Trial 3 finished with value: -0.07373255880748461 and parameters: {'confidence_threshold': 0.6727897841776072, 'training_days': 220, 'n_estimators': 190, 'max_depth': 4, 'num_leaves': 58, 'learning_rate': 0.24810689332636193, 'subsample': 0.7509183379421682, 'colsample_bytree': 0.8119764758960556, 'min_child_samples': 29, 'reg_alpha': 7.1708285081421445e-06, 'reg_lambda': 5.412973582738627e-05}. Best is trial 0 with value: 0.015160922880255312.
[I 2026-06-01 23:27:31,303] Trial 4 finished with value: 0.03715584873970544 and parameters: {'confidence_threshold': 0.803208205259178, 'training_days': 130, 'n_estimators': 267, 'max_depth': 5, 'num_leaves': 40, 'learning_rate': 0.08041175317374143, 'subsample': 0.5603143329951619, 'colsample_bytree': 0.9131704002534167, 'min_child_samples': 68, 'reg_alpha': 0.0008046593428183385, 'reg_lambda': 1.2158346158765583e-05}. Best is trial 4 with value: 0.03715584873970544.
[I 2026-06-01 23:27:31,803] Trial 5 finished with value: 0.005113611525839298 and parameters: {'confidence_threshold': 0.6064422761595144, 'training_days': 210, 'n_estimators': 357, 'max_depth': 5, 'num_leaves': 40, 'learning_rate': 0.0974221287220869, 'subsample': 0.7929682762811064, 'colsample_bytree': 0.8124517510478, 'min_child_samples': 74, 'reg_alpha': 0.3811377260781234, 'reg_lambda': 5.607314238392041e-08}. Best is trial 4 with value: 0.03715584873970544.
[I 2026-06-01 23:27:31,974] Trial 6 finished with value: 0.025560737148380037 and parameters: {'confidence_threshold': 0.7672889945051684, 'training_days': 130, 'n_estimators': 137, 'max_depth': 4, 'num_leaves': 19, 'learning_rate': 0.2031117614248665, 'subsample': 0.8136244860256343, 'colsample_bytree': 0.8617081790949774, 'min_child_samples': 21, 'reg_alpha': 0.002238138278733199, 'reg_lambda': 0.001025809534977322}. Best is trial 4 with value: 0.03715584873970544.
[I 2026-06-01 23:27:32,098] Trial 7 finished with value: -0.041470001046852986 and parameters: {'confidence_threshold': 0.555635875450653, 'training_days': 80, 'n_estimators': 363, 'max_depth': 3, 'num_leaves': 48, 'learning_rate': 0.06590089024008658, 'subsample': 0.6944752870615722, 'colsample_bytree': 0.962566244806993, 'min_child_samples': 88, 'reg_alpha': 1.6465620446426067e-05, 'reg_lambda': 2.4678750890085655e-08}. Best is trial 4 with value: 0.03715584873970544.
[I 2026-06-01 23:27:33,082] Trial 8 finished with value: -0.027062062353408946 and parameters: {'confidence_threshold': 0.6066688256938841, 'training_days': 200, 'n_estimators': 367, 'max_depth': 5, 'num_leaves': 32, 'learning_rate': 0.13377519215934996, 'subsample': 0.7965884582811106, 'colsample_bytree': 0.8458508993500886, 'min_child_samples': 32, 'reg_alpha': 3.889436043816386e-05, 'reg_lambda': 1.4713062489380356e-06}. Best is trial 4 with value: 0.03715584873970544.
