[I 2026-06-01 23:25:12,472] Trial 17 finished with value: 0.06567826413708382 and parameters: {'confidence_threshold': 0.773117637686033, 'training_days': 280, 'n_estimators': 270, 'max_depth': 4, 'num_leaves': 62, 'learning_rate': 0.07169076523212334, 'subsample': 0.9272655966967175, 'colsample_bytree': 0.9055566711342192, 'min_child_samples': 54, 'reg_alpha': 0.008896971601743164, 'reg_lambda': 6.062884377077244e-06}. Best is trial 15 with value: 0.09252312327443557.

    [trial 17] Sharpe=0.0444 (folds: -0.1524, -0.0662, 0.3438, -0.0808, 0.1775)
  Optuna: 18 trials, best Sharpe = 0.1051
  Best params: n_estimators=350, max_depth=3, lr=0.0299, leaves=21
  Best confidence_threshold: 0.620
  Best training_days: 260
  Retrained on full data (765 samples, 49 features)
  [ensemble 3/3] seed=456
    [trial 0] 49 features, training_days=90 | threshold=0.587 | labels: 1123 long, 1030 short (52/48%)
    [CV fold 0] train_end=2020-10-22 08:00 | val_start=2020-10-30 00:00 | gap=184h (22 rows)
    [CV fold 1] train_end=2021-02-18 16:00 | val_start=2021-02-26 08:00 | gap=184h (22 rows)
    [CV fold 2] train_end=2021-06-18 00:00 | val_start=2021-06-25 16:00 | gap=184h (22 rows)
    [CV fold 3] train_end=2021-10-15 08:00 | val_start=2021-10-23 00:00 | gap=184h (22 rows)
    [CV fold 4] train_end=2022-02-11 16:00 | val_start=2022-02-19 08:00 | gap=184h (22 rows)
    [trial 0] Sharpe=0.0151 (folds: -0.0769, -0.0028, 0.1924, -0.0950, 0.0576)
    [trial 1] 49 features, training_days=290 | threshold=0.635 | labels: 1123 long, 1030 short (52/48%)
    [trial 1] Sharpe=0.0846 (folds: -0.0808, -0.0163, 0.3709, -0.0444, 0.1936)
    [trial 2] 49 features, training_days=10 | threshold=0.585 | labels: 1123 long, 1030 short (52/48%)
    [trial 2] Sharpe=0.0642 (folds: 0.2395, -0.0059, -0.2247, 0.2263, 0.0858)
    [trial 3] 49 features, training_days=220 | threshold=0.687 | labels: 1123 long, 1030 short (52/48%)
    [trial 3] Sharpe=0.0730 (folds: -0.1321, -0.1255, 0.3208, 0.0341, 0.2678)
    [trial 4] 49 features, training_days=300 | threshold=0.562 | labels: 1123 long, 1030 short (52/48%)
    [trial 4] Sharpe=0.0702 (folds: -0.1333, -0.0211, 0.3285, 0.0015, 0.1753)
    [trial 5] 49 features, training_days=490 | threshold=0.711 | labels: 1123 long, 1030 short (52/48%)
    [trial 5] Sharpe=0.0191 (folds: -0.1427, -0.0239, 0.3029, -0.0712, 0.0306)
    [trial 6] 49 features, training_days=420 | threshold=0.667 | labels: 1123 long, 1030 short (52/48%)
    [trial 6] Sharpe=0.0421 (folds: -0.1061, -0.1044, 0.3092, -0.1038, 0.2156)
    [trial 7] 49 features, training_days=120 | threshold=0.550 | labels: 1123 long, 1030 short (52/48%)
    [trial 7] Sharpe=0.0044 (folds: -0.1460, 0.0230, 0.1583, -0.0008, -0.0124)
    [trial 8] 49 features, training_days=450 | threshold=0.720 | labels: 1123 long, 1030 short (52/48%)
    [trial 8] Sharpe=0.0565 (folds: -0.1043, -0.0404, 0.2933, -0.0528, 0.1866)
    [trial 9] 49 features, training_days=20 | threshold=0.727 | labels: 1123 long, 1030 short (52/48%)
    [trial 9] Sharpe=-6.0917 (folds: -10.0000, -10.0000, -0.2247, -0.2336, -10.0000)
    [trial 10] 49 features, training_days=320 | threshold=0.840 | labels: 1123 long, 1030 short (52/48%)
    [trial 10] Sharpe=-1.9571 (folds: -10.0000, -0.2054, 0.2170, -0.1649, 0.3677)
    [trial 11] 49 features, training_days=210 | threshold=0.644 | labels: 1123 long, 1030 short (52/48%)
    [trial 11] Sharpe=0.0373 (folds: -0.0968, -0.1561, 0.3383, 0.0487, 0.0525)
    [trial 12] 49 features, training_days=220 | threshold=0.801 | labels: 1123 long, 1030 short (52/48%)
    [trial 12] Sharpe=-0.0408 (folds: -0.0595, -0.2540, 0.2616, 0.0155, -0.1675)
    [trial 13] 49 features, training_days=350 | threshold=0.504 | labels: 1123 long, 1030 short (52/48%)
    [trial 13] Sharpe=0.0689 (folds: 0.0033, -0.0656, 0.3028, -0.0472, 0.1515)
    [trial 14] 49 features, training_days=170 | threshold=0.631 | labels: 1123 long, 1030 short (52/48%)
    [trial 14] Sharpe=0.0637 (folds: -0.0727, -0.0692, 0.1962, 0.1780, 0.0860)
    [trial 15] 49 features, training_days=250 | threshold=0.759 | labels: 1123 long, 1030 short (52/48%)
    [trial 15] Sharpe=0.0925 (folds: -0.0820, -0.0560, 0.3058, 0.1062, 0.1886)
    [trial 16] 49 features, training_days=380 | threshold=0.764 | labels: 1123 long, 1030 short (52/48%)
    [trial 16] Sharpe=0.0639 (folds: -0.1240, 0.0032, 0.2662, -0.0912, 0.2652)
    [trial 17] 49 features, training_days=280 | threshold=0.773 | labels: 1123 long, 1030 short (52/48%)
    [trial 17] Sharpe=0.0657 (folds: -0.1267, -0.1111, 0.3599, -0.0040, 0.2102)
  Optuna: 18 trials, best Sharpe = 0.0925
  Best params: n_estimators=229, max_depth=3, lr=0.0918, leaves=48
  Best confidence_threshold: 0.759
  Best training_days: 250
  Retrained on full data (735 samples, 49 features)
  OOD: 16 features, cutoff (q=0.7) = 14.21
  Model trained for 2022-07: 93 test candles with features, confidence_threshold=0.682
[trade:close] 2022-07-04 08:00 LTCUSDT SHORT → timeout @ 49.88 | PnL=+14.38% (net +14.28%) | cum=+46.47% 2022-07=+14.28% 2022-07-04=+14.28%
[predict] 2022-07-05 16:00 LTCUSDT → SHORT (proba=0.91 TP=16.2%/SL=8.1%)
[trade:open] 2022-07-05 23:59 LTCUSDT SHORT @ 49.67 | SL=53.70 TP=41.62 | timeout=2022-07-12 23:59
[trade:close] 2022-07-08 07:59 LTCUSDT SHORT → stop_loss @ 53.70 | PnL=-8.11% (net -8.21%) | cum=+38.26% 2022-07=+6.08% 2022-07-08=-8.21%
[predict] 2022-07-09 00:00 LTCUSDT → SHORT (proba=0.72 TP=12.3%/SL=6.1%)
[trade:open] 2022-07-09 07:59 LTCUSDT SHORT @ 52.34 | SL=55.56 TP=45.91 | timeout=2022-07-16 07:59
[trade:close] 2022-07-16 08:00 LTCUSDT SHORT → timeout @ 51.18 | PnL=+2.22% (net +2.12%) | cum=+40.38% 2022-07=+8.19% 2022-07-16=+2.12%
[predict] 2022-07-17 00:00 LTCUSDT → SHORT (proba=0.90 TP=11.9%/SL=6.0%)
[trade:open] 2022-07-17 07:59 LTCUSDT SHORT @ 55.73 | SL=59.06 TP=49.08 | timeout=2022-07-24 07:59
[trade:close] 2022-07-18 15:59 LTCUSDT SHORT → stop_loss @ 59.06 | PnL=-5.97% (net -6.07%) | cum=+34.31% 2022-07=+2.13% 2022-07-18=-6.07%
[predict] 2022-07-19 08:00 LTCUSDT → SHORT (proba=0.90 TP=14.0%/SL=7.0%)
[trade:open] 2022-07-19 15:59 LTCUSDT SHORT @ 57.95 | SL=62.00 TP=49.86 | timeout=2022-07-26 15:59
[trade:close] 2022-07-26 16:00 LTCUSDT SHORT → timeout @ 52.00 | PnL=+10.27% (net +10.17%) | cum=+44.48% 2022-07=+12.30% 2022-07-26=+10.17%
[predict] 2022-07-27 08:00 LTCUSDT → SHORT (proba=0.99 TP=12.6%/SL=6.3%)
[trade:open] 2022-07-27 15:59 LTCUSDT SHORT @ 54.06 | SL=57.48 TP=47.23 | timeout=2022-08-03 15:59
[trade:close] 2022-07-27 23:59 LTCUSDT SHORT → stop_loss @ 57.48 | PnL=-6.32% (net -6.42%) | cum=+38.06% 2022-07=+5.87% 2022-07-27=-6.42%
[predict] 2022-07-29 16:00 LTCUSDT → SHORT (proba=0.85 TP=14.4%/SL=7.2%)
[trade:open] 2022-07-29 23:59 LTCUSDT SHORT @ 60.61 | SL=64.98 TP=51.87 | timeout=2022-08-05 23:59
[lgbm] === Training for 2022-08 ===
  Train window: 2020-08-01 → 2022-07-24
  2153 training samples from 1 symbols
  Samples per month: 2020-08: 93, 2020-09: 90, 2020-10: 93, 2020-11: 90, 2020-12: 93, 2021-01: 93, 2021-02: 84, 2021-03: 93, 2021-04: 90, 2021-05: 93, 2021-06: 90, 2021-07: 93, 2021-08: 93, 2021-09: 90, 2021-10: 93, 2021-11: 90, 2021-12: 93, 2022-01: 93, 2022-02: 75, 2022-03: 93, 2022-04: 84, 2022-05: 93, 2022-06: 90, 2022-07: 71
  [label] 2020-10-01 00:00 LTCUSDT entry=46.6500 → SHORT | long=sl(-4.12%) short=timeout(+1.49%) | scanned=22 | no_tp→fwd_return=-1.5863
  [label] 2020-10-03 08:00 LTCUSDT entry=45.8000 → LONG | long=tp(+9.47%) short=sl(-4.88%) | scanned=20 | long_tp_only
  [label] 2020-10-07 00:00 LTCUSDT entry=45.9800 → LONG | long=tp(+9.85%) short=sl(-5.07%) | scanned=10 | long_tp_only
  [label] 2020-10-31 16:00 LTCUSDT entry=55.7100 → LONG | long=sl(-6.53%) short=sl(-6.53%) | scanned=14 | no_tp→fwd_return=+6.4979
  [label] 2020-12-22 16:00 LTCUSDT entry=114.3700 → LONG | long=sl(-13.36%) short=sl(-13.36%) | scanned=10 | no_tp→fwd_return=+12.2759
  [label] 2021-06-05 08:00 LTCUSDT entry=174.4100 → SHORT | long=sl(-11.79%) short=timeout(+7.54%) | scanned=22 | no_tp→fwd_return=-7.6372
  [label] 2021-06-09 08:00 LTCUSDT entry=168.4200 → SHORT | long=timeout(-0.97%) short=timeout(+0.77%) | scanned=22 | no_tp→fwd_return=-0.8669
  [label] 2021-06-20 00:00 LTCUSDT entry=152.9000 → SHORT | long=sl(-7.84%) short=tp(+15.39%) | scanned=4 | short_tp_only
  [label] 2021-08-03 16:00 LTCUSDT entry=138.4800 → LONG | long=tp(+13.49%) short=sl(-6.90%) | scanned=13 | long_tp_only
  [label] 2021-08-12 00:00 LTCUSDT entry=170.3700 → SHORT | long=timeout(-2.57%) short=sl(-8.16%) | scanned=22 | no_tp→fwd_return=-2.4711
  [label] 2021-11-10 00:00 LTCUSDT entry=269.2600 → SHORT | long=sl(-7.67%) short=sl(-7.67%) | scanned=8 | no_tp→fwd_return=-6.6813[I 2026-06-01 23:25:12,911] A new study created in memory with name: no-name-acf0e44c-b55a-4e56-a15d-96277a769c3a
[I 2026-06-01 23:25:13,253] Trial 0 finished with value: -0.06963480788718843 and parameters: {'confidence_threshold': 0.6310890415965769, 'training_days': 480, 'n_estimators': 380, 'max_depth': 4, 'num_leaves': 22, 'learning_rate': 0.01699897838270077, 'subsample': 0.5290418060840998, 'colsample_bytree': 0.9330880728874675, 'min_child_samples': 68, 'reg_alpha': 0.023585940584142682, 'reg_lambda': 1.5320059381854043e-08}. Best is trial 0 with value: -0.06963480788718843.
[I 2026-06-01 23:25:13,378] Trial 1 finished with value: -2.067920603564265 and parameters: {'confidence_threshold': 0.839468448256698, 'training_days': 420, 'n_estimators': 145, 'max_depth': 3, 'num_leaves': 23, 'learning_rate': 0.028145092716060652, 'subsample': 0.762378215816119, 'colsample_bytree': 0.7159725093210578, 'min_child_samples': 43, 'reg_alpha': 0.0032112643094417484, 'reg_lambda': 1.8007140198129195e-07}. Best is trial 0 with value: -0.06963480788718843.
[I 2026-06-01 23:25:13,524] Trial 2 finished with value: -0.0007840096602674373 and parameters: {'confidence_threshold': 0.6022506269873263, 'training_days': 190, 'n_estimators': 255, 'max_depth': 5, 'num_leaves': 24, 'learning_rate': 0.05748924681991978, 'subsample': 0.7962072844310213, 'colsample_bytree': 0.5232252063599989, 'min_child_samples': 69, 'reg_alpha': 3.425445902633376e-07, 'reg_lambda': 3.850031979199519e-08}. Best is trial 2 with value: -0.0007840096602674373.
[I 2026-06-01 23:25:13,774] Trial 3 finished with value: -0.04340839752876115 and parameters: {'confidence_threshold': 0.8321099380386666, 'training_days': 490, 'n_estimators': 414, 'max_depth': 3, 'num_leaves': 19, 'learning_rate': 0.1024932221692416, 'subsample': 0.7200762468698007, 'colsample_bytree': 0.5610191174223894, 'min_child_samples': 60, 'reg_alpha': 2.039373116525212e-08, 'reg_lambda': 1.527156759251193}. Best is trial 2 with value: -0.0007840096602674373.
[I 2026-06-01 23:25:13,926] Trial 4 finished with value: -0.02968475047789909 and parameters: {'confidence_threshold': 0.5905729935600059, 'training_days': 340, 'n_estimators': 190, 'max_depth': 4, 'num_leaves': 41, 'learning_rate': 0.01875220945578641, 'subsample': 0.9847923138822793, 'colsample_bytree': 0.8875664116805573, 'min_child_samples': 96, 'reg_alpha': 1.1309571585271483, 'reg_lambda': 0.002404915432737351}. Best is trial 2 with value: -0.0007840096602674373.
[I 2026-06-01 23:25:13,963] Trial 5 finished with value: -0.05029628164119708 and parameters: {'confidence_threshold': 0.8226559822580909, 'training_days': 50, 'n_estimators': 138, 'max_depth': 3, 'num_leaves': 30, 'learning_rate': 0.03750796359625606, 'subsample': 0.6356745158869479, 'colsample_bytree': 0.9143687545759647, 'min_child_samples': 48, 'reg_alpha': 3.376063348877853e-06, 'reg_lambda': 0.0007660634613082914}. Best is trial 2 with value: -0.0007840096602674373.
[I 2026-06-01 23:25:14,076] Trial 6 finished with value: -0.08769760320435849 and parameters: {'confidence_threshold': 0.5493234787411669, 'training_days': 410, 'n_estimators': 83, 'max_depth': 5, 'num_leaves': 52, 'learning_rate': 0.019657448966046126, 'subsample': 0.5027610585618012, 'colsample_bytree': 0.9077307142274171, 'min_child_samples': 77, 'reg_alpha': 0.03639690979811287, 'reg_lambda': 0.08738424135626986}. Best is trial 2 with value: -0.0007840096602674373.
[I 2026-06-01 23:25:14,166] Trial 7 finished with value: -0.026140573394680188 and parameters: {'confidence_threshold': 0.5259156281069316, 'training_days': 180, 'n_estimators': 102, 'max_depth': 5, 'num_leaves': 45, 'learning_rate': 0.030816017044468066, 'subsample': 0.5317791751430119, 'colsample_bytree': 0.6554911608578311, 'min_child_samples': 46, 'reg_alpha': 0.036851536911881845, 'reg_lambda': 0.005470376807480391}. Best is trial 2 with value: -0.0007840096602674373.
[I 2026-06-01 23:25:14,268] Trial 8 finished with value: -0.01927266634211801 and parameters: {'confidence_threshold': 0.8105244599017143, 'training_days': 240, 'n_estimators': 103, 'max_depth': 5, 'num_leaves': 52, 'learning_rate': 0.06746437142284309, 'subsample': 0.8854835899772805, 'colsample_bytree': 0.7468977981821954, 'min_child_samples': 62, 'reg_alpha': 7.04480806377519e-05, 'reg_lambda': 1.6934490731313353e-08}. Best is trial 2 with value: -0.0007840096602674373.
[I 2026-06-01 23:25:14,297] Trial 9 finished with value: -0.013571763143345733 and parameters: {'confidence_threshold': 0.5377619994476566, 'training_days': 20, 'n_estimators': 337, 'max_depth': 3, 'num_leaves': 39, 'learning_rate': 0.21907142272152816, 'subsample': 0.6246461145744375, 'colsample_bytree': 0.7051914615178149, 'min_child_samples': 81, 'reg_alpha': 1.1459970229341322e-06, 'reg_lambda': 4.929685216887945e-08}. Best is trial 2 with value: -0.0007840096602674373.
[I 2026-06-01 23:25:14,594] Trial 10 finished with value: -0.02793405060566853 and parameters: {'confidence_threshold': 0.6797821749717731, 'training_days': 150, 'n_estimators': 487, 'max_depth': 5, 'num_leaves': 31, 'learning_rate': 0.1457937958927628, 'subsample': 0.8271882613853766, 'colsample_bytree': 0.5054398545048813, 'min_child_samples': 27, 'reg_alpha': 1.290626345465208e-08, 'reg_lambda': 3.3639426888455256e-06}. Best is trial 2 with value: -0.0007840096602674373.
[I 2026-06-01 23:25:14,634] Trial 11 finished with value: -4.050470974810311 and parameters: {'confidence_threshold': 0.6954836557727516, 'training_days': 30, 'n_estimators': 281, 'max_depth': 4, 'num_leaves': 60, 'learning_rate': 0.2910304752534194, 'subsample': 0.6503282236694341, 'colsample_bytree': 0.6244226578784926, 'min_child_samples': 85, 'reg_alpha': 2.2119367834953017e-06, 'reg_lambda': 7.868729181011707e-06}. Best is trial 2 with value: -0.0007840096602674373.
[I 2026-06-01 23:25:14,720] Trial 12 finished with value: -0.032683337901004875 and parameters: {'confidence_threshold': 0.5090948033066848, 'training_days': 110, 'n_estimators': 291, 'max_depth': 3, 'num_leaves': 33, 'learning_rate': 0.2959628420607887, 'subsample': 0.6351715277449148, 'colsample_bytree': 0.8304278626461433, 'min_child_samples': 100, 'reg_alpha': 8.662989110493308e-07, 'reg_lambda': 6.848626651232871e-06}. Best is trial 2 with value: -0.0007840096602674373.
[I 2026-06-01 23:25:14,958] Trial 13 finished with value: 0.008896290906525658 and parameters: {'confidence_threshold': 0.6015578333646459, 'training_days': 250, 'n_estimators': 340, 'max_depth': 4, 'num_leaves': 38, 'learning_rate': 0.14899872203154435, 'subsample': 0.7363717698830563, 'colsample_bytree': 0.8155421717694826, 'min_child_samples': 80, 'reg_alpha': 5.455813891552554e-05, 'reg_lambda': 3.0903419157408147e-07}. Best is trial 13 with value: 0.008896290906525658.
[I 2026-06-01 23:25:15,127] Trial 14 finished with value: -0.03391859473726745 and parameters: {'confidence_threshold': 0.6228216614784414, 'training_days': 280, 'n_estimators': 202, 'max_depth': 4, 'num_leaves': 15, 'learning_rate': 0.075361741037094, 'subsample': 0.8526927804471888, 'colsample_bytree': 0.8006409759574673, 'min_child_samples': 74, 'reg_alpha': 7.715447119021522e-05, 'reg_lambda': 8.271427175255343e-07}. Best is trial 13 with value: 0.008896290906525658.
[I 2026-06-01 23:25:15,288] Trial 15 finished with value: -0.026385917644234425 and parameters: {'confidence_threshold': 0.7238139631948072, 'training_days': 240, 'n_estimators': 227, 'max_depth': 4, 'num_leaves': 27, 'learning_rate': 0.12152511108551602, 'subsample': 0.7798079465483917, 'colsample_bytree': 0.8100744538922787, 'min_child_samples': 85, 'reg_alpha': 1.3660453131128643e-07, 'reg_lambda': 7.482879404932238e-05}. Best is trial 13 with value: 0.008896290906525658.
[I 2026-06-01 23:25:15,555] Trial 16 finished with value: -0.026825178364504404 and parameters: {'confidence_threshold': 0.5867837173667368, 'training_days': 310, 'n_estimators': 339, 'max_depth': 5, 'num_leaves': 47, 'learning_rate': 0.05008847448441746, 'subsample': 0.9371158895275773, 'colsample_bytree': 0.9826162589395974, 'min_child_samples': 91, 'reg_alpha': 1.6230643075200477e-05, 'reg_lambda': 3.219965400541009e-07}. Best is trial 13 with value: 0.008896290906525658.
[I 2026-06-01 23:25:15,774] Trial 17 finished with value: -0.014787051225038334 and parameters: {'confidence_threshold': 0.7611484084321937, 'training_days': 190, 'n_estimators': 417, 'max_depth': 4, 'num_leaves': 35, 'learning_rate': 0.010425658055299656, 'subsample': 0.7056372002342417, 'colsample_bytree': 0.6091330191487015, 'min_child_samples': 69, 'reg_alpha': 0.0005961727498011812, 'reg_lambda': 6.734399588889602e-05}. Best is trial 13 with value: 0.008896290906525658.
[I 2026-06-01 23:25:15,941] A new study created in memory with name: no-name-4e589366-24d4-49c9-abcc-67d05cfa2711
[I 2026-06-01 23:25:16,044] Trial 0 finished with value: -0.009374879378695772 and parameters: {'confidence_threshold': 0.7437642149592516, 'training_days': 150, 'n_estimators': 152, 'max_depth': 4, 'num_leaves': 50, 'learning_rate': 0.04216766425047743, 'subsample': 0.9903820991923078, 'colsample_bytree': 0.8424148692924316, 'min_child_samples': 58, 'reg_alpha': 3.381097259762742e-05, 'reg_lambda': 1.2263152961306247e-05}. Best is trial 0 with value: -0.009374879378695772.
[I 2026-06-01 23:25:16,111] Trial 1 finished with value: -2.220021186984408 and parameters: {'confidence_threshold': 0.7551673975844145, 'training_days': 220, 'n_estimators': 76, 'max_depth': 4, 'num_leaves': 51, 'learning_rate': 0.018602118810743477, 'subsample': 0.5877258780737462, 'colsample_bytree': 0.7657756869209191, 'min_child_samples': 63, 'reg_alpha': 0.005123994170264194, 'reg_lambda': 0.44145470178120466}. Best is trial 0 with value: -0.009374879378695772.
[I 2026-06-01 23:25:16,362] Trial 2 finished with value: -0.061123608921287945 and parameters: {'confidence_threshold': 0.7535593637012223, 'training_days': 310, 'n_estimators': 375, 'max_depth': 3, 'num_leaves': 32, 'learning_rate': 0.021735641882032388, 'subsample': 0.6468570231944146, 'colsample_bytree': 0.8154880619272439, 'min_child_samples': 27, 'reg_alpha': 8.004064028491336e-05, 'reg_lambda': 7.546835261630524e-05}. Best is trial 0 with value: -0.009374879378695772.
[I 2026-06-01 23:25:16,523] Trial 3 finished with value: 0.006573407684223237 and parameters: {'confidence_threshold': 0.6727897841776072, 'training_days': 220, 'n_estimators': 190, 'max_depth': 4, 'num_leaves': 58, 'learning_rate': 0.24810689332636193, 'subsample': 0.7509183379421682, 'colsample_bytree': 0.8119764758960556, 'min_child_samples': 29, 'reg_alpha': 7.1708285081421445e-06, 'reg_lambda': 5.412973582738627e-05}. Best is trial 3 with value: 0.006573407684223237.
[I 2026-06-01 23:25:16,639] Trial 4 finished with value: -0.03104799491857852 and parameters: {'confidence_threshold': 0.803208205259178, 'training_days': 130, 'n_estimators': 267, 'max_depth': 5, 'num_leaves': 40, 'learning_rate': 0.08041175317374143, 'subsample': 0.5603143329951619, 'colsample_bytree': 0.9131704002534167, 'min_child_samples': 68, 'reg_alpha': 0.0008046593428183385, 'reg_lambda': 1.2158346158765583e-05}. Best is trial 3 with value: 0.006573407684223237.
[I 2026-06-01 23:25:16,863] Trial 5 finished with value: 0.01504287635627019 and parameters: {'confidence_threshold': 0.6064422761595144, 'training_days': 210, 'n_estimators': 357, 'max_depth': 5, 'num_leaves': 40, 'learning_rate': 0.0974221287220869, 'subsample': 0.7929682762811064, 'colsample_bytree': 0.8124517510478, 'min_child_samples': 74, 'reg_alpha': 0.3811377260781234, 'reg_lambda': 5.607314238392041e-08}. Best is trial 5 with value: 0.01504287635627019.
[I 2026-06-01 23:25:16,962] Trial 6 finished with value: -0.052819302062228735 and parameters: {'confidence_threshold': 0.7672889945051684, 'training_days': 130, 'n_estimators': 137, 'max_depth': 4, 'num_leaves': 19, 'learning_rate': 0.2031117614248665, 'subsample': 0.8136244860256343, 'colsample_bytree': 0.8617081790949774, 'min_child_samples': 21, 'reg_alpha': 0.002238138278733199, 'reg_lambda': 0.001025809534977322}. Best is trial 5 with value: 0.01504287635627019.
[I 2026-06-01 23:25:17,053] Trial 7 finished with value: -0.03102195113930622 and parameters: {'confidence_threshold': 0.555635875450653, 'training_days': 80, 'n_estimators': 363, 'max_depth': 3, 'num_leaves': 48, 'learning_rate': 0.06590089024008658, 'subsample': 0.6944752870615722, 'colsample_bytree': 0.962566244806993, 'min_child_samples': 88, 'reg_alpha': 1.6465620446426067e-05, 'reg_lambda': 2.4678750890085655e-08}. Best is trial 5 with value: 0.01504287635627019.
[I 2026-06-01 23:25:17,378] Trial 8 finished with value: -0.012772432503549763 and parameters: {'confidence_threshold': 0.6066688256938841, 'training_days': 200, 'n_estimators': 367, 'max_depth': 5, 'num_leaves': 32, 'learning_rate': 0.13377519215934996, 'subsample': 0.7965884582811106, 'colsample_bytree': 0.8458508993500886, 'min_child_samples': 32, 'reg_alpha': 3.889436043816386e-05, 'reg_lambda': 1.4713062489380356e-06}. Best is trial 5 with value: 0.01504287635627019.
