[I 2026-06-01 23:24:04,143] A new study created in memory with name: no-name-a1036563-430e-46cf-99b5-98870c3b2c26
[I 2026-06-01 23:24:04,537] Trial 0 finished with value: -0.023774258042616254 and parameters: {'confidence_threshold': 0.6310890415965769, 'training_days': 480, 'n_estimators': 380, 'max_depth': 4, 'num_leaves': 22, 'learning_rate': 0.01699897838270077, 'subsample': 0.5290418060840998, 'colsample_bytree': 0.9330880728874675, 'min_child_samples': 68, 'reg_alpha': 0.023585940584142682, 'reg_lambda': 1.5320059381854043e-08}. Best is trial 0 with value: -0.023774258042616254.
[iter-v1/057] features-base-hash PASS: 921227a877c7287b... (49 columns; ltc_vs_btc_ret_ratio_30 ADDED)
======================================================================
iter-v1/057 — LTC-only specialist (ltc_vs_btc_ret_ratio_30 cross-asset feature)
  ITERATION_LABEL        : v1-057
  n_trials               : 18
  outer seeds            : 3 (offsets 0,3,6 ENSEMBLE_SEEDS; 3x3=9 disjoint inner seeds)
  ensemble_size          : 3 (inner)
  feature_columns        : 49 cols (V1_FEATURE_COLUMNS_PRUNED; 48→49)
  ltc_vs_btc_ret_ratio_30: index 14 of 49 (ADDED; LTC-only specialist)
  cohort                 : LTCUSDT only (V1_ITER057_UNIVERSE)
  model                  : D_LTC_specialist (R1=ON K=3/C=27, R2=OFF, R3=ON)
  verdict bands          :
    Mean IS Δ ≥ +0.50 → MULTI-SEED-SPECIALIST-CANDIDATE
    Mean IS Δ ∈ [+0.20, +0.50) → MULTI-SEED-PARTIAL-CONFIRMED
    Mean IS Δ ∈ [+0.05, +0.20) → MULTI-SEED-WEAK
    Mean IS Δ ∈ (-0.05, +0.05) → NEG-INERT
    Mean IS Δ < -0.05 → NEG-CLEAN; feature reverted
    Max-min spread > 0.50 → BASIN-LOTTERY downgrade
  trade-rate floor       : IS ≥ 50 per seed (mean), OOS ≥ 10 (mean)
  49-col hash            : 921227a877c7287baf423cefbe5155a3...
  48-col hash (old ref)  : b81176f893826500536ec5cee8ad00e7...
======================================================================
[run_baseline_v1] --ensemble-size override: 3 (mode default was 3)
v1 RUNNER mode=EXPLORATION iteration=v1-057
  symbols: ('LTCUSDT',)
  ENSEMBLE_SIZE: 3
  ensemble_seeds: [42, 123, 456] (offset=0)
  n_trials per cell: 18
  feature_columns: 49 columns
  bounds_profile: v1_pruned
  OOF_PARQUET_PATH: data/v1_iter_v1-057_trial_oof.parquet
  V1_EXCLUDED_SYMBOLS: ('XRPUSDT', 'DOGEUSDT', 'NEARUSDT', 'BCHUSDT', 'LDOUSDT', 'TRXUSDT', 'BNBUSDT')
  r5_vol_target_enabled: False
  r5_kill_low_natr_enabled: False
  sigma_source: natr
  sample_weight_mode: abs_pnl
  label_mode: triple_barrier
  optuna_objective: sharpe
  vol_ceiling_mode: none
  frozen_hp_mode: none (normal Optuna search)
  model_type: lgbm

[iter-v1/057] LTC-ONLY SPECIALIST HEAD ACTIVE: features=V1_FEATURE_COLUMNS_PRUNED (49 cols; ltc_vs_btc_ret_ratio_30 ADDED). R1=ON (K=3/C=27), R2=OFF, R3=ON (OOD cutoff=0.70). atr_tp=3.5, atr_sl=1.75 (Model D specialist convention). ENSEMBLE_SIZE=3 (inner), n_trials=18. NORMAL-RISK: additive feature + cohort isolation (no Optuna domain change). cycle-7 EXP-1/N. LTC baseline IS +0.17 / OOS -4.27; target: mean IS Δ ≥ +0.20.
============================================================
MODEL D_LTC_specialist (R1+R3): LTCUSDT (R1=True R2=False R3=on, n_trials=18, ENSEMBLE_SIZE=3, features=49, bounds=v1_pruned, sigma_source=natr)
============================================================
[lgbm] 49 feature columns, 54 walk-forward splits
[lgbm] ATR labeling: 6971/6991 rows with ATR values
[lgbm] No split for 2020-01 (insufficient training data)
[lgbm] No split for 2020-02 (insufficient training data)
[lgbm] No split for 2020-03 (insufficient training data)
[lgbm] No split for 2020-04 (insufficient training data)
[lgbm] No split for 2020-05 (insufficient training data)
[lgbm] No split for 2020-06 (insufficient training data)
[lgbm] No split for 2020-07 (insufficient training data)
[lgbm] No split for 2020-08 (insufficient training data)
[lgbm] No split for 2020-09 (insufficient training data)
[lgbm] No split for 2020-10 (insufficient training data)
[lgbm] No split for 2020-11 (insufficient training data)
[lgbm] No split for 2020-12 (insufficient training data)
[lgbm] No split for 2021-01 (insufficient training data)
[lgbm] No split for 2021-02 (insufficient training data)
[lgbm] No split for 2021-03 (insufficient training data)
[lgbm] No split for 2021-04 (insufficient training data)
[lgbm] No split for 2021-05 (insufficient training data)
[lgbm] No split for 2021-06 (insufficient training data)
[lgbm] No split for 2021-07 (insufficient training data)
[lgbm] No split for 2021-08 (insufficient training data)
[lgbm] No split for 2021-09 (insufficient training data)
[lgbm] No split for 2021-10 (insufficient training data)
[lgbm] No split for 2021-11 (insufficient training data)
[lgbm] No split for 2021-12 (insufficient training data)
[lgbm] === Training for 2022-01 ===
  Train window: 2020-01-01 → 2021-12-24
  2146 training samples from 1 symbols
  Samples per month: 2020-01: 68, 2020-02: 87, 2020-03: 93, 2020-04: 90, 2020-05: 93, 2020-06: 90, 2020-07: 93, 2020-08: 93, 2020-09: 90, 2020-10: 93, 2020-11: 90, 2020-12: 93, 2021-01: 93, 2021-02: 84, 2021-03: 93, 2021-04: 90, 2021-05: 93, 2021-06: 90, 2021-07: 93, 2021-08: 93, 2021-09: 90, 2021-10: 93, 2021-11: 90, 2021-12: 71
  [label] 2020-03-10 08:00 LTCUSDT entry=49.2300 → SHORT | long=sl(-10.57%) short=tp(+20.84%) | scanned=6 | short_tp_only
  [label] 2020-03-12 08:00 LTCUSDT entry=35.2200 → LONG | long=sl(-20.83%) short=timeout(-4.96%) | scanned=22 | no_tp→fwd_return=+4.8552
  [label] 2020-03-16 08:00 LTCUSDT entry=33.4700 → LONG | long=timeout(+13.94%) short=sl(-22.34%) | scanned=22 | no_tp→fwd_return=+14.0424
  [label] 2020-04-09 16:00 LTCUSDT entry=46.2800 → SHORT | long=sl(-6.33%) short=tp(+12.35%) | scanned=10 | short_tp_only
  [label] 2020-05-31 16:00 LTCUSDT entry=45.6500 → LONG | long=timeout(+2.05%) short=sl(-5.20%) | scanned=22 | no_tp→fwd_return=+2.1468
  [label] 2020-11-11 16:00 LTCUSDT entry=59.3500 → LONG | long=tp(+13.73%) short=sl(-7.02%) | scanned=13 | long_tp_only
  [label] 2020-11-15 16:00 LTCUSDT entry=62.3400 → LONG | long=tp(+13.93%) short=sl(-7.11%) | scanned=2 | long_tp_only
  [label] 2020-11-26 08:00 LTCUSDT entry=70.9000 → LONG | long=timeout(+27.49%) short=sl(-16.63%) | scanned=22 | no_tp→fwd_return=+27.5882
  [label] 2021-01-09 16:00 LTCUSDT entry=177.5600 → SHORT | long=sl(-13.11%) short=tp(+25.91%) | scanned=4 | short_tp_only
  [label] 2021-01-18 08:00 LTCUSDT entry=151.7000 → SHORT | long=sl(-13.24%) short=timeout(+3.86%) | scanned=22 | no_tp→fwd_return=-3.9618
  [label] 2021-04-17 16:00 LTCUSDT entry=301.4900 → SHORT | long=sl(-11.67%) short=tp(+23.03%) | scanned=1 | short_tp_only
  [label] 2021-05-19 08:00 LTCUSDT entry=206.4200 → SHORT | long=sl(-32.49%) short=timeout(+6.02%) | scanned=22 | no_tp→fwd_return=-6.1234
  [label] 2021-06-04 08:00 LTCUSDT entry=177.2000 → SHORT | long=sl(-12.31%) short=timeout(+6.05%) | scanned=22 | no_tp→fwd_return=-6.1512
  [label] 2021-06-16 16:00 LTCUSDT entry=166.5000 → SHORT | long=sl(-8.07%) short=tp(+15.83%) | scanned=13 | short_tp_only
  [label] 2021-07-05 00:00 LTCUSDT entry=140.5000 → SHORT | long=sl(-7.13%) short=timeout(+1.93%) | scanned=22 | no_tp→fwd_return=-2.0285
  [label] 2021-07-11 00:00 LTCUSDT entry=133.4800 → SHORT | long=sl(-6.59%) short=timeout(+9.18%) | scanned=22 | no_tp→fwd_return=-9.2823
  [label] 2021-07-23 08:00 LTCUSDT entry=118.6000 → LONG | long=tp(+13.19%) short=sl(-6.75%) | scanned=8 | long_tp_only
  [label] 2021-08-31 16:00 LTCUSDT entry=171.6800 → LONG | long=tp(+12.98%) short=sl(-6.64%) | scanned=8 | long_tp_only
  [label] 2021-09-10 08:00 LTCUSDT entry=175.8900 → LONG | long=tp(+24.94%) short=sl(-12.62%) | scanned=9 | long_tp_only
  [label] 2021-12-04 08:00 LTCUSDT entry=158.6400 → SHORT | long=timeout(-0.21%) short=timeout(+0.01%) | scanned=22 | no_tp→fwd_return=-0.1072
  Labels: 1186 long (55.3%), 960 short (44.7%) | weights: min=1.00, mean=3.59, max=10.00
  Features: 2146/2146 matched, 49 columns
  CV gap: 22 rows
  [ensemble 1/3] seed=42
    [trial 0] 49 features, training_days=480 | threshold=0.631 | labels: 1186 long, 960 short (55/45%)
    [CV fold 0] train_end=2020-05-01 00:00 | val_start=2020-05-08 16:00 | gap=184h (22 rows)
    [CV fold 1] train_end=2020-08-28 00:00 | val_start=2020-09-04 16:00 | gap=184h (22 rows)
    [CV fold 2] train_end=2020-12-25 00:00 | val_start=2021-01-01 16:00 | gap=184h (22 rows)
    [CV fold 3] train_end=2021-04-23 00:00 | val_start=2021-04-30 16:00 | gap=184h (22 rows)
    [CV fold 4] train_end=2021-08-20 00:00 | val_start=2021-08-27 16:00 | gap=184h (22 rows)
    [trial 0] Sharpe=-0.0238 (folds: 0.0200, -0.0740, -0.1407, -0.0119, 0.0877)
    [trial 1] 49 features, training_days=420 | threshold=0.839 | labels: 1186 long, 960 short (55/45%)[I 2026-06-01 23:24:04,667] Trial 1 finished with value: -0.039643686789807994 and parameters: {'confidence_threshold': 0.839468448256698, 'training_days': 420, 'n_estimators': 145, 'max_depth': 3, 'num_leaves': 23, 'learning_rate': 0.028145092716060652, 'subsample': 0.762378215816119, 'colsample_bytree': 0.7159725093210578, 'min_child_samples': 43, 'reg_alpha': 0.0032112643094417484, 'reg_lambda': 1.8007140198129195e-07}. Best is trial 0 with value: -0.023774258042616254.
[I 2026-06-01 23:24:04,811] Trial 2 finished with value: -0.004511617662984642 and parameters: {'confidence_threshold': 0.6022506269873263, 'training_days': 190, 'n_estimators': 255, 'max_depth': 5, 'num_leaves': 24, 'learning_rate': 0.05748924681991978, 'subsample': 0.7962072844310213, 'colsample_bytree': 0.5232252063599989, 'min_child_samples': 69, 'reg_alpha': 3.425445902633376e-07, 'reg_lambda': 3.850031979199519e-08}. Best is trial 2 with value: -0.004511617662984642.
[I 2026-06-01 23:24:05,090] Trial 3 finished with value: 0.0016757082409280754 and parameters: {'confidence_threshold': 0.8321099380386666, 'training_days': 490, 'n_estimators': 414, 'max_depth': 3, 'num_leaves': 19, 'learning_rate': 0.1024932221692416, 'subsample': 0.7200762468698007, 'colsample_bytree': 0.5610191174223894, 'min_child_samples': 60, 'reg_alpha': 2.039373116525212e-08, 'reg_lambda': 1.527156759251193}. Best is trial 3 with value: 0.0016757082409280754.
[I 2026-06-01 23:24:05,228] Trial 4 finished with value: -0.08305275539333842 and parameters: {'confidence_threshold': 0.5905729935600059, 'training_days': 340, 'n_estimators': 190, 'max_depth': 4, 'num_leaves': 41, 'learning_rate': 0.01875220945578641, 'subsample': 0.9847923138822793, 'colsample_bytree': 0.8875664116805573, 'min_child_samples': 96, 'reg_alpha': 1.1309571585271483, 'reg_lambda': 0.002404915432737351}. Best is trial 3 with value: 0.0016757082409280754.
[I 2026-06-01 23:24:05,267] Trial 5 finished with value: -0.08882360268887717 and parameters: {'confidence_threshold': 0.8226559822580909, 'training_days': 50, 'n_estimators': 138, 'max_depth': 3, 'num_leaves': 30, 'learning_rate': 0.03750796359625606, 'subsample': 0.6356745158869479, 'colsample_bytree': 0.9143687545759647, 'min_child_samples': 48, 'reg_alpha': 3.376063348877853e-06, 'reg_lambda': 0.0007660634613082914}. Best is trial 3 with value: 0.0016757082409280754.
[I 2026-06-01 23:24:05,363] Trial 6 finished with value: -0.06719585037366305 and parameters: {'confidence_threshold': 0.5493234787411669, 'training_days': 410, 'n_estimators': 83, 'max_depth': 5, 'num_leaves': 52, 'learning_rate': 0.019657448966046126, 'subsample': 0.5027610585618012, 'colsample_bytree': 0.9077307142274171, 'min_child_samples': 77, 'reg_alpha': 0.03639690979811287, 'reg_lambda': 0.08738424135626986}. Best is trial 3 with value: 0.0016757082409280754.
[I 2026-06-01 23:24:05,448] Trial 7 finished with value: -0.03672611998202439 and parameters: {'confidence_threshold': 0.5259156281069316, 'training_days': 180, 'n_estimators': 102, 'max_depth': 5, 'num_leaves': 45, 'learning_rate': 0.030816017044468066, 'subsample': 0.5317791751430119, 'colsample_bytree': 0.6554911608578311, 'min_child_samples': 46, 'reg_alpha': 0.036851536911881845, 'reg_lambda': 0.005470376807480391}. Best is trial 3 with value: 0.0016757082409280754.
[I 2026-06-01 23:24:05,540] Trial 8 finished with value: -0.01683194869359641 and parameters: {'confidence_threshold': 0.8105244599017143, 'training_days': 240, 'n_estimators': 103, 'max_depth': 5, 'num_leaves': 52, 'learning_rate': 0.06746437142284309, 'subsample': 0.8854835899772805, 'colsample_bytree': 0.7468977981821954, 'min_child_samples': 62, 'reg_alpha': 7.04480806377519e-05, 'reg_lambda': 1.6934490731313353e-08}. Best is trial 3 with value: 0.0016757082409280754.
[I 2026-06-01 23:24:05,565] Trial 9 finished with value: -0.05697479093830127 and parameters: {'confidence_threshold': 0.5377619994476566, 'training_days': 20, 'n_estimators': 337, 'max_depth': 3, 'num_leaves': 39, 'learning_rate': 0.21907142272152816, 'subsample': 0.6246461145744375, 'colsample_bytree': 0.7051914615178149, 'min_child_samples': 81, 'reg_alpha': 1.1459970229341322e-06, 'reg_lambda': 4.929685216887945e-08}. Best is trial 3 with value: 0.0016757082409280754.
[I 2026-06-01 23:24:06,047] Trial 10 finished with value: -0.007187759997746337 and parameters: {'confidence_threshold': 0.7301111584710253, 'training_days': 350, 'n_estimators': 487, 'max_depth': 4, 'num_leaves': 15, 'learning_rate': 0.1457937958927628, 'subsample': 0.6806559982209046, 'colsample_bytree': 0.5055805119629307, 'min_child_samples': 27, 'reg_alpha': 1.290626345465208e-08, 'reg_lambda': 8.530248590348572}. Best is trial 3 with value: 0.0016757082409280754.
[I 2026-06-01 23:24:06,172] Trial 11 finished with value: 0.011956768121762187 and parameters: {'confidence_threshold': 0.7005356062221744, 'training_days': 150, 'n_estimators': 258, 'max_depth': 4, 'num_leaves': 30, 'learning_rate': 0.07886508880857415, 'subsample': 0.7958418179650297, 'colsample_bytree': 0.5023735411654935, 'min_child_samples': 85, 'reg_alpha': 3.8085092945416025e-08, 'reg_lambda': 7.868729181011707e-06}. Best is trial 11 with value: 0.011956768121762187.
[I 2026-06-01 23:24:06,293] Trial 12 finished with value: 0.07657516686739248 and parameters: {'confidence_threshold': 0.7187189655115952, 'training_days': 120, 'n_estimators': 439, 'max_depth': 4, 'num_leaves': 32, 'learning_rate': 0.09894162917596783, 'subsample': 0.8255079015857973, 'colsample_bytree': 0.5911003516115678, 'min_child_samples': 100, 'reg_alpha': 1.0984048639892019e-08, 'reg_lambda': 8.348297043432798e-06}. Best is trial 12 with value: 0.07657516686739248.
[I 2026-06-01 23:24:06,373] Trial 13 finished with value: 0.059212669192017064 and parameters: {'confidence_threshold': 0.7187803615157188, 'training_days': 110, 'n_estimators': 263, 'max_depth': 4, 'num_leaves': 35, 'learning_rate': 0.1187692698349363, 'subsample': 0.8468019802633748, 'colsample_bytree': 0.600030331538236, 'min_child_samples': 98, 'reg_alpha': 5.455813891552554e-05, 'reg_lambda': 4.448098583586063e-06}. Best is trial 12 with value: 0.07657516686739248.
[I 2026-06-01 23:24:06,476] Trial 14 finished with value: 0.008945315313866114 and parameters: {'confidence_threshold': 0.7534219751173105, 'training_days': 90, 'n_estimators': 499, 'max_depth': 4, 'num_leaves': 33, 'learning_rate': 0.23603209709463693, 'subsample': 0.8914195778740635, 'colsample_bytree': 0.6150505145180986, 'min_child_samples': 100, 'reg_alpha': 5.5201944758814484e-05, 'reg_lambda': 1.4275926737866241e-05}. Best is trial 12 with value: 0.07657516686739248.
[I 2026-06-01 23:24:06,591] Trial 15 finished with value: 0.05791352510941006 and parameters: {'confidence_threshold': 0.6658499101833201, 'training_days': 110, 'n_estimators': 332, 'max_depth': 4, 'num_leaves': 61, 'learning_rate': 0.13579977411466637, 'subsample': 0.8802057965945713, 'colsample_bytree': 0.8100744538922787, 'min_child_samples': 91, 'reg_alpha': 0.001290932074125273, 'reg_lambda': 5.658550453655383e-06}. Best is trial 12 with value: 0.07657516686739248.
[I 2026-06-01 23:24:06,748] Trial 16 finished with value: -0.007193734360856829 and parameters: {'confidence_threshold': 0.7645936556537812, 'training_days': 260, 'n_estimators': 220, 'max_depth': 4, 'num_leaves': 35, 'learning_rate': 0.14900091655910053, 'subsample': 0.9612310239693962, 'colsample_bytree': 0.6241985587466846, 'min_child_samples': 89, 'reg_alpha': 1.6230643075200477e-05, 'reg_lambda': 8.357918486693912e-05}. Best is trial 12 with value: 0.07657516686739248.
[I 2026-06-01 23:24:06,830] Trial 17 finished with value: 0.15194919262029777 and parameters: {'confidence_threshold': 0.6755099553978283, 'training_days': 100, 'n_estimators': 316, 'max_depth': 4, 'num_leaves': 45, 'learning_rate': 0.010425658055299656, 'subsample': 0.8366733523272174, 'colsample_bytree': 0.9956385980717998, 'min_child_samples': 99, 'reg_alpha': 5.794624505597895, 'reg_lambda': 7.842424476924649e-07}. Best is trial 17 with value: 0.15194919262029777.
[I 2026-06-01 23:24:06,872] A new study created in memory with name: no-name-25f89461-360a-4bbd-8f87-ac7ca3fbf484
[I 2026-06-01 23:24:06,998] Trial 0 finished with value: 0.021179196491215614 and parameters: {'confidence_threshold': 0.7437642149592516, 'training_days': 150, 'n_estimators': 152, 'max_depth': 4, 'num_leaves': 50, 'learning_rate': 0.04216766425047743, 'subsample': 0.9903820991923078, 'colsample_bytree': 0.8424148692924316, 'min_child_samples': 58, 'reg_alpha': 3.381097259762742e-05, 'reg_lambda': 1.2263152961306247e-05}. Best is trial 0 with value: 0.021179196491215614.
[I 2026-06-01 23:24:07,087] Trial 1 finished with value: -0.07223891145310096 and parameters: {'confidence_threshold': 0.7551673975844145, 'training_days': 220, 'n_estimators': 76, 'max_depth': 4, 'num_leaves': 51, 'learning_rate': 0.018602118810743477, 'subsample': 0.5877258780737462, 'colsample_bytree': 0.7657756869209191, 'min_child_samples': 63, 'reg_alpha': 0.005123994170264194, 'reg_lambda': 0.44145470178120466}. Best is trial 0 with value: 0.021179196491215614.
[I 2026-06-01 23:24:07,368] Trial 2 finished with value: -0.07207966039107261 and parameters: {'confidence_threshold': 0.7535593637012223, 'training_days': 310, 'n_estimators': 375, 'max_depth': 3, 'num_leaves': 32, 'learning_rate': 0.021735641882032388, 'subsample': 0.6468570231944146, 'colsample_bytree': 0.8154880619272439, 'min_child_samples': 27, 'reg_alpha': 8.004064028491336e-05, 'reg_lambda': 7.546835261630524e-05}. Best is trial 0 with value: 0.021179196491215614.
[I 2026-06-01 23:24:07,534] Trial 3 finished with value: -0.007182122319079201 and parameters: {'confidence_threshold': 0.6727897841776072, 'training_days': 220, 'n_estimators': 190, 'max_depth': 4, 'num_leaves': 58, 'learning_rate': 0.24810689332636193, 'subsample': 0.7509183379421682, 'colsample_bytree': 0.8119764758960556, 'min_child_samples': 29, 'reg_alpha': 7.1708285081421445e-06, 'reg_lambda': 5.412973582738627e-05}. Best is trial 0 with value: 0.021179196491215614.
[I 2026-06-01 23:24:07,650] Trial 4 finished with value: 0.002884012316694635 and parameters: {'confidence_threshold': 0.803208205259178, 'training_days': 130, 'n_estimators': 267, 'max_depth': 5, 'num_leaves': 40, 'learning_rate': 0.08041175317374143, 'subsample': 0.5603143329951619, 'colsample_bytree': 0.9131704002534167, 'min_child_samples': 68, 'reg_alpha': 0.0008046593428183385, 'reg_lambda': 1.2158346158765583e-05}. Best is trial 0 with value: 0.021179196491215614.
[I 2026-06-01 23:24:07,875] Trial 5 finished with value: 0.023118272223067775 and parameters: {'confidence_threshold': 0.6064422761595144, 'training_days': 210, 'n_estimators': 357, 'max_depth': 5, 'num_leaves': 40, 'learning_rate': 0.0974221287220869, 'subsample': 0.7929682762811064, 'colsample_bytree': 0.8124517510478, 'min_child_samples': 74, 'reg_alpha': 0.3811377260781234, 'reg_lambda': 5.607314238392041e-08}. Best is trial 5 with value: 0.023118272223067775.
[I 2026-06-01 23:24:07,997] Trial 6 finished with value: -0.020782228770355134 and parameters: {'confidence_threshold': 0.7672889945051684, 'training_days': 130, 'n_estimators': 137, 'max_depth': 4, 'num_leaves': 19, 'learning_rate': 0.2031117614248665, 'subsample': 0.8136244860256343, 'colsample_bytree': 0.8617081790949774, 'min_child_samples': 21, 'reg_alpha': 0.002238138278733199, 'reg_lambda': 0.001025809534977322}. Best is trial 5 with value: 0.023118272223067775.
[I 2026-06-01 23:24:08,078] Trial 7 finished with value: -0.01995476575386685 and parameters: {'confidence_threshold': 0.555635875450653, 'training_days': 80, 'n_estimators': 363, 'max_depth': 3, 'num_leaves': 48, 'learning_rate': 0.06590089024008658, 'subsample': 0.6944752870615722, 'colsample_bytree': 0.962566244806993, 'min_child_samples': 88, 'reg_alpha': 1.6465620446426067e-05, 'reg_lambda': 2.4678750890085655e-08}. Best is trial 5 with value: 0.023118272223067775.
[I 2026-06-01 23:24:08,378] Trial 8 finished with value: 0.02443751907400134 and parameters: {'confidence_threshold': 0.6066688256938841, 'training_days': 200, 'n_estimators': 367, 'max_depth': 5, 'num_leaves': 32, 'learning_rate': 0.13377519215934996, 'subsample': 0.7965884582811106, 'colsample_bytree': 0.8458508993500886, 'min_child_samples': 32, 'reg_alpha': 3.889436043816386e-05, 'reg_lambda': 1.4713062489380356e-06}. Best is trial 8 with value: 0.02443751907400134.
[I 2026-06-01 23:24:08,591] Trial 9 finished with value: 0.009758636630868747 and parameters: {'confidence_threshold': 0.6202096049169137, 'training_days': 260, 'n_estimators': 350, 'max_depth': 3, 'num_leaves': 21, 'learning_rate': 0.02989540198065364, 'subsample': 0.8307821683331218, 'colsample_bytree': 0.923253112635361, 'min_child_samples': 64, 'reg_alpha': 0.4898604619604203, 'reg_lambda': 2.9076377687066166e-05}. Best is trial 8 with value: 0.02443751907400134.
