[I 2026-06-01 23:26:41,762] Trial 17 finished with value: 0.015273952456910423 and parameters: {'confidence_threshold': 0.5080881579696632, 'training_days': 180, 'n_estimators': 282, 'max_depth': 3, 'num_leaves': 50, 'learning_rate': 0.10516463404513446, 'subsample': 0.7845762479296312, 'colsample_bytree': 0.7142219102330146, 'min_child_samples': 54, 'reg_alpha': 0.1896801919087582, 'reg_lambda': 1.6270089394615807e-08}. Best is trial 11 with value: 0.07346607687034604.

    [trial 10] Sharpe=-2.0332 (folds: -10.0000, -0.4958, 0.2934, 0.1291, -0.0929)
    [trial 11] 49 features, training_days=10 | threshold=0.508 | labels: 1131 long, 1022 short (53/47%)
    [trial 11] Sharpe=-0.0927 (folds: -0.1779, 0.2364, 0.0899, -0.2266, -0.3852)
    [trial 12] 49 features, training_days=10 | threshold=0.517 | labels: 1131 long, 1022 short (53/47%)
    [trial 12] Sharpe=-0.0927 (folds: -0.1779, 0.2364, 0.0899, -0.2266, -0.3852)
    [trial 13] 49 features, training_days=110 | threshold=0.820 | labels: 1131 long, 1022 short (53/47%)
    [trial 13] Sharpe=0.0138 (folds: 0.0894, 0.0769, -0.0258, -0.2729, 0.2013)
    [trial 14] 49 features, training_days=70 | threshold=0.566 | labels: 1131 long, 1022 short (53/47%)
    [trial 14] Sharpe=-0.0590 (folds: -0.0846, 0.1095, 0.0467, -0.2266, -0.1402)
    [trial 15] 49 features, training_days=340 | threshold=0.681 | labels: 1131 long, 1022 short (53/47%)
    [trial 15] Sharpe=0.0342 (folds: 0.0975, 0.0698, 0.1153, -0.2084, 0.0970)
    [trial 16] 49 features, training_days=60 | threshold=0.695 | labels: 1131 long, 1022 short (53/47%)
    [trial 16] Sharpe=-0.0685 (folds: -0.1411, -0.0017, -0.0424, -0.2213, 0.0640)
    [trial 17] 49 features, training_days=80 | threshold=0.556 | labels: 1131 long, 1022 short (53/47%)
    [trial 17] Sharpe=0.0623 (folds: 0.2338, 0.1348, 0.0603, -0.2266, 0.1091)
  Optuna: 18 trials, best Sharpe = 0.0733
  Best params: n_estimators=267, max_depth=5, lr=0.0804, leaves=40
  Best confidence_threshold: 0.803
  Best training_days: 130
  Retrained on full data (390 samples, 49 features)
  [ensemble 3/3] seed=456
    [trial 0] 49 features, training_days=90 | threshold=0.587 | labels: 1131 long, 1022 short (53/47%)
    [CV fold 0] train_end=2021-06-22 08:00 | val_start=2021-06-30 00:00 | gap=184h (22 rows)
    [CV fold 1] train_end=2021-10-19 16:00 | val_start=2021-10-27 08:00 | gap=184h (22 rows)
    [CV fold 2] train_end=2022-02-16 00:00 | val_start=2022-02-23 16:00 | gap=184h (22 rows)
    [CV fold 3] train_end=2022-06-20 08:00 | val_start=2022-06-28 00:00 | gap=184h (22 rows)
    [CV fold 4] train_end=2022-10-17 16:00 | val_start=2022-10-25 08:00 | gap=184h (22 rows)
    [trial 0] Sharpe=-0.0283 (folds: 0.0823, -0.1398, 0.0133, -0.2185, 0.1210)
    [trial 1] 49 features, training_days=290 | threshold=0.635 | labels: 1131 long, 1022 short (53/47%)
    [trial 1] Sharpe=0.0269 (folds: 0.0820, -0.0034, 0.2005, -0.2188, 0.0744)
    [trial 2] 49 features, training_days=10 | threshold=0.585 | labels: 1131 long, 1022 short (53/47%)
    [trial 2] Sharpe=-2.0571 (folds: -10.0000, 0.2364, 0.0899, -0.2266, -0.3852)
    [trial 3] 49 features, training_days=220 | threshold=0.687 | labels: 1131 long, 1022 short (53/47%)
    [trial 3] Sharpe=-0.0140 (folds: 0.0338, -0.0697, 0.1185, -0.1933, 0.0409)
    [trial 4] 49 features, training_days=300 | threshold=0.562 | labels: 1131 long, 1022 short (53/47%)
    [trial 4] Sharpe=-0.0127 (folds: 0.0911, -0.0235, 0.1679, -0.2230, -0.0761)
    [trial 5] 49 features, training_days=490 | threshold=0.711 | labels: 1131 long, 1022 short (53/47%)
    [trial 5] Sharpe=0.0208 (folds: 0.0625, 0.0189, 0.1313, -0.2083, 0.0995)
    [trial 6] 49 features, training_days=420 | threshold=0.667 | labels: 1131 long, 1022 short (53/47%)
    [trial 6] Sharpe=-0.0120 (folds: 0.1285, 0.0198, 0.1556, -0.1911, -0.1728)
    [trial 7] 49 features, training_days=120 | threshold=0.550 | labels: 1131 long, 1022 short (53/47%)
    [trial 7] Sharpe=0.0125 (folds: 0.0976, 0.0140, -0.0016, -0.1856, 0.1383)
    [trial 8] 49 features, training_days=450 | threshold=0.720 | labels: 1131 long, 1022 short (53/47%)
    [trial 8] Sharpe=0.0639 (folds: 0.0448, 0.0832, 0.1960, -0.2035, 0.1990)
    [trial 9] 49 features, training_days=20 | threshold=0.727 | labels: 1131 long, 1022 short (53/47%)
    [trial 9] Sharpe=-5.9883 (folds: -0.1779, 0.2364, -10.0000, -10.0000, -10.0000)
    [trial 10] 49 features, training_days=400 | threshold=0.828 | labels: 1131 long, 1022 short (53/47%)
    [trial 10] Sharpe=-2.0457 (folds: -10.0000, -0.3455, 0.2339, -0.1750, 0.0583)
    [trial 11] 49 features, training_days=300 | threshold=0.783 | labels: 1131 long, 1022 short (53/47%)
    [trial 11] Sharpe=0.0735 (folds: 0.1957, 0.0578, 0.1949, -0.2025, 0.1214)
    [trial 12] 49 features, training_days=380 | threshold=0.785 | labels: 1131 long, 1022 short (53/47%)
    [trial 12] Sharpe=0.0369 (folds: 0.1948, 0.1018, 0.1973, -0.2199, -0.0897)
    [trial 13] 49 features, training_days=210 | threshold=0.759 | labels: 1131 long, 1022 short (53/47%)
    [trial 13] Sharpe=-0.0034 (folds: 0.1781, -0.0057, 0.1046, -0.1868, -0.1071)
    [trial 14] 49 features, training_days=470 | threshold=0.847 | labels: 1131 long, 1022 short (53/47%)
    [trial 14] Sharpe=0.0607 (folds: 0.0545, 0.0784, 0.2333, -0.1949, 0.1321)
    [trial 15] 49 features, training_days=350 | threshold=0.783 | labels: 1131 long, 1022 short (53/47%)
    [trial 15] Sharpe=0.0647 (folds: 0.2072, 0.0203, 0.2261, -0.2311, 0.1010)
    [trial 16] 49 features, training_days=340 | threshold=0.781 | labels: 1131 long, 1022 short (53/47%)
    [trial 16] Sharpe=0.0305 (folds: 0.1338, 0.0261, 0.1642, -0.1793, 0.0074)
    [trial 17] 49 features, training_days=180 | threshold=0.508 | labels: 1131 long, 1022 short (53/47%)
    [trial 17] Sharpe=0.0153 (folds: 0.1050, 0.1715, 0.1189, -0.2302, -0.0889)
  Optuna: 18 trials, best Sharpe = 0.0735
  Best params: n_estimators=189, max_depth=4, lr=0.1112, leaves=59
  Best confidence_threshold: 0.783
  Best training_days: 300
  Retrained on full data (900 samples, 49 features)
  OOD: 16 features, cutoff (q=0.7) = 13.30
  Model trained for 2023-03: 93 test candles with features, confidence_threshold=0.739
[trade:close] 2023-03-03 07:59 LTCUSDT LONG → stop_loss @ 90.83 | PnL=-4.00% (net -4.10%) | cum=+26.04% 2023-03=-4.10% 2023-03-03=-4.10%
[predict] 2023-03-22 00:00 LTCUSDT → LONG (proba=0.80 TP=15.9%/SL=8.0%)
[trade:open] 2023-03-22 07:59 LTCUSDT LONG @ 80.86 | SL=74.43 TP=93.72 | timeout=2023-03-29 07:59
[trade:close] 2023-03-23 15:59 LTCUSDT LONG → take_profit @ 93.72 | PnL=+15.91% (net +15.81%) | cum=+41.85% 2023-03=+11.70% 2023-03-23=+15.81%
[predict] 2023-03-25 00:00 LTCUSDT → LONG (proba=0.84 TP=16.1%/SL=8.0%)
[trade:open] 2023-03-25 07:59 LTCUSDT LONG @ 92.67 | SL=85.23 TP=107.55 | timeout=2023-04-01 07:59
[lgbm] === Training for 2023-04 ===
  Train window: 2021-04-01 → 2023-03-24
  2153 training samples from 1 symbols
  Samples per month: 2021-04: 90, 2021-05: 93, 2021-06: 90, 2021-07: 93, 2021-08: 93, 2021-09: 90, 2021-10: 93, 2021-11: 90, 2021-12: 93, 2022-01: 93, 2022-02: 75, 2022-03: 93, 2022-04: 84, 2022-05: 93, 2022-06: 90, 2022-07: 93, 2022-08: 93, 2022-09: 90, 2022-10: 93, 2022-11: 90, 2022-12: 93, 2023-01: 93, 2023-02: 84, 2023-03: 71
  [label] 2021-06-01 00:00 LTCUSDT entry=183.0900 → SHORT | long=sl(-14.90%) short=timeout(+13.78%) | scanned=22 | no_tp→fwd_return=-13.8839
  [label] 2021-06-03 08:00 LTCUSDT entry=188.7100 → SHORT | long=sl(-11.55%) short=tp(+22.80%) | scanned=15 | short_tp_only
  [label] 2021-06-07 00:00 LTCUSDT entry=177.9500 → SHORT | long=sl(-9.80%) short=timeout(+4.98%) | scanned=22 | no_tp→fwd_return=-5.0801
  [label] 2021-07-01 16:00 LTCUSDT entry=136.9500 → SHORT | long=timeout(-3.66%) short=timeout(+3.46%) | scanned=22 | no_tp→fwd_return=-3.5633
  [label] 2021-08-22 16:00 LTCUSDT entry=186.0500 → SHORT | long=sl(-7.52%) short=timeout(+6.13%) | scanned=22 | no_tp→fwd_return=-6.2295
  [label] 2022-02-03 08:00 LTCUSDT entry=108.6600 → LONG | long=tp(+14.21%) short=sl(-7.26%) | scanned=9 | long_tp_only
  [label] 2022-02-07 08:00 LTCUSDT entry=132.8100 → SHORT | long=sl(-6.50%) short=sl(-6.50%) | scanned=14 | no_tp→fwd_return=-7.2811
  [label] 2022-02-18 00:00 LTCUSDT entry=117.4200 → SHORT | long=sl(-7.40%) short=tp(+14.49%) | scanned=12 | short_tp_only
  [label] 2022-04-08 16:00 LTCUSDT entry=110.6000 → LONG | long=sl(-6.45%) short=timeout(-0.33%) | scanned=22 | no_tp→fwd_return=+0.2260
  [label] 2022-04-17 00:00 LTCUSDT entry=113.1700 → SHORT | long=sl(-4.90%) short=timeout(+6.79%) | scanned=22 | no_tp→fwd_return=-6.8923
  [label] 2022-07-16 00:00 LTCUSDT entry=51.1700 → LONG | long=tp(+12.40%) short=sl(-6.35%) | scanned=6 | long_tp_only[I 2026-06-01 23:26:42,280] A new study created in memory with name: no-name-2308b5fd-6f06-40e3-b771-1240c6425510
[I 2026-06-01 23:26:42,620] Trial 0 finished with value: 0.039745574335254774 and parameters: {'confidence_threshold': 0.6310890415965769, 'training_days': 480, 'n_estimators': 380, 'max_depth': 4, 'num_leaves': 22, 'learning_rate': 0.01699897838270077, 'subsample': 0.5290418060840998, 'colsample_bytree': 0.9330880728874675, 'min_child_samples': 68, 'reg_alpha': 0.023585940584142682, 'reg_lambda': 1.5320059381854043e-08}. Best is trial 0 with value: 0.039745574335254774.
[I 2026-06-01 23:26:42,747] Trial 1 finished with value: 0.21824615504706632 and parameters: {'confidence_threshold': 0.839468448256698, 'training_days': 420, 'n_estimators': 145, 'max_depth': 3, 'num_leaves': 23, 'learning_rate': 0.028145092716060652, 'subsample': 0.762378215816119, 'colsample_bytree': 0.7159725093210578, 'min_child_samples': 43, 'reg_alpha': 0.0032112643094417484, 'reg_lambda': 1.8007140198129195e-07}. Best is trial 1 with value: 0.21824615504706632.
[I 2026-06-01 23:26:42,912] Trial 2 finished with value: 0.01890445420362724 and parameters: {'confidence_threshold': 0.6022506269873263, 'training_days': 190, 'n_estimators': 255, 'max_depth': 5, 'num_leaves': 24, 'learning_rate': 0.05748924681991978, 'subsample': 0.7962072844310213, 'colsample_bytree': 0.5232252063599989, 'min_child_samples': 69, 'reg_alpha': 3.425445902633376e-07, 'reg_lambda': 3.850031979199519e-08}. Best is trial 1 with value: 0.21824615504706632.
[I 2026-06-01 23:26:43,176] Trial 3 finished with value: 0.03760270545419329 and parameters: {'confidence_threshold': 0.8321099380386666, 'training_days': 490, 'n_estimators': 414, 'max_depth': 3, 'num_leaves': 19, 'learning_rate': 0.1024932221692416, 'subsample': 0.7200762468698007, 'colsample_bytree': 0.5610191174223894, 'min_child_samples': 60, 'reg_alpha': 2.039373116525212e-08, 'reg_lambda': 1.527156759251193}. Best is trial 1 with value: 0.21824615504706632.
[I 2026-06-01 23:26:43,333] Trial 4 finished with value: 0.03734416861888391 and parameters: {'confidence_threshold': 0.5905729935600059, 'training_days': 340, 'n_estimators': 190, 'max_depth': 4, 'num_leaves': 41, 'learning_rate': 0.01875220945578641, 'subsample': 0.9847923138822793, 'colsample_bytree': 0.8875664116805573, 'min_child_samples': 96, 'reg_alpha': 1.1309571585271483, 'reg_lambda': 0.002404915432737351}. Best is trial 1 with value: 0.21824615504706632.
[I 2026-06-01 23:26:43,376] Trial 5 finished with value: -0.03501181161302984 and parameters: {'confidence_threshold': 0.8226559822580909, 'training_days': 50, 'n_estimators': 138, 'max_depth': 3, 'num_leaves': 30, 'learning_rate': 0.03750796359625606, 'subsample': 0.6356745158869479, 'colsample_bytree': 0.9143687545759647, 'min_child_samples': 48, 'reg_alpha': 3.376063348877853e-06, 'reg_lambda': 0.0007660634613082914}. Best is trial 1 with value: 0.21824615504706632.
[I 2026-06-01 23:26:43,488] Trial 6 finished with value: 0.003926428715140662 and parameters: {'confidence_threshold': 0.5493234787411669, 'training_days': 410, 'n_estimators': 83, 'max_depth': 5, 'num_leaves': 52, 'learning_rate': 0.019657448966046126, 'subsample': 0.5027610585618012, 'colsample_bytree': 0.9077307142274171, 'min_child_samples': 77, 'reg_alpha': 0.03639690979811287, 'reg_lambda': 0.08738424135626986}. Best is trial 1 with value: 0.21824615504706632.
[I 2026-06-01 23:26:43,583] Trial 7 finished with value: -0.08341388177344526 and parameters: {'confidence_threshold': 0.5259156281069316, 'training_days': 180, 'n_estimators': 102, 'max_depth': 5, 'num_leaves': 45, 'learning_rate': 0.030816017044468066, 'subsample': 0.5317791751430119, 'colsample_bytree': 0.6554911608578311, 'min_child_samples': 46, 'reg_alpha': 0.036851536911881845, 'reg_lambda': 0.005470376807480391}. Best is trial 1 with value: 0.21824615504706632.
[I 2026-06-01 23:26:43,699] Trial 8 finished with value: 0.09818852049191064 and parameters: {'confidence_threshold': 0.8105244599017143, 'training_days': 240, 'n_estimators': 103, 'max_depth': 5, 'num_leaves': 52, 'learning_rate': 0.06746437142284309, 'subsample': 0.8854835899772805, 'colsample_bytree': 0.7468977981821954, 'min_child_samples': 62, 'reg_alpha': 7.04480806377519e-05, 'reg_lambda': 1.6934490731313353e-08}. Best is trial 1 with value: 0.21824615504706632.
[I 2026-06-01 23:26:43,723] Trial 9 finished with value: -1.9112287159855845 and parameters: {'confidence_threshold': 0.5377619994476566, 'training_days': 20, 'n_estimators': 337, 'max_depth': 3, 'num_leaves': 39, 'learning_rate': 0.21907142272152816, 'subsample': 0.6246461145744375, 'colsample_bytree': 0.7051914615178149, 'min_child_samples': 81, 'reg_alpha': 1.1459970229341322e-06, 'reg_lambda': 4.929685216887945e-08}. Best is trial 1 with value: 0.21824615504706632.
[I 2026-06-01 23:26:44,220] Trial 10 finished with value: -0.032830437611526306 and parameters: {'confidence_threshold': 0.7286853308578232, 'training_days': 350, 'n_estimators': 487, 'max_depth': 4, 'num_leaves': 31, 'learning_rate': 0.011407797829608154, 'subsample': 0.8271882613853766, 'colsample_bytree': 0.8120417635861826, 'min_child_samples': 24, 'reg_alpha': 0.0005486918362336714, 'reg_lambda': 3.3639426888455256e-06}. Best is trial 1 with value: 0.21824615504706632.
[I 2026-06-01 23:26:44,408] Trial 11 finished with value: -0.03715273599060439 and parameters: {'confidence_threshold': 0.7440045644190331, 'training_days': 250, 'n_estimators': 206, 'max_depth': 4, 'num_leaves': 60, 'learning_rate': 0.08142580753149657, 'subsample': 0.9221526936614691, 'colsample_bytree': 0.7745443264032007, 'min_child_samples': 31, 'reg_alpha': 8.237157319612896e-05, 'reg_lambda': 7.868729181011707e-06}. Best is trial 1 with value: 0.21824615504706632.
[I 2026-06-01 23:26:44,486] Trial 12 finished with value: -0.01659653815661865 and parameters: {'confidence_threshold': 0.7724411876090038, 'training_days': 270, 'n_estimators': 59, 'max_depth': 3, 'num_leaves': 58, 'learning_rate': 0.1489685720346384, 'subsample': 0.8426110070012842, 'colsample_bytree': 0.6490082429333545, 'min_child_samples': 41, 'reg_alpha': 0.00034577150531565687, 'reg_lambda': 1.953219513655572e-06}. Best is trial 1 with value: 0.21824615504706632.
[I 2026-06-01 23:26:44,608] Trial 13 finished with value: -0.03580268389216713 and parameters: {'confidence_threshold': 0.8492910061460892, 'training_days': 150, 'n_estimators': 151, 'max_depth': 5, 'num_leaves': 52, 'learning_rate': 0.03817149751567075, 'subsample': 0.8939550645860711, 'colsample_bytree': 0.8155421717694826, 'min_child_samples': 49, 'reg_alpha': 5.455813891552554e-05, 'reg_lambda': 4.853786638244098e-07}. Best is trial 1 with value: 0.21824615504706632.
[I 2026-06-01 23:26:44,858] Trial 14 finished with value: 0.02289093066432339 and parameters: {'confidence_threshold': 0.689769751463316, 'training_days': 380, 'n_estimators': 277, 'max_depth': 4, 'num_leaves': 15, 'learning_rate': 0.0610528916383506, 'subsample': 0.7272205324450449, 'colsample_bytree': 0.7129757657279365, 'min_child_samples': 58, 'reg_alpha': 0.0038067556646802867, 'reg_lambda': 5.3861085653773555e-05}. Best is trial 1 with value: 0.21824615504706632.
[I 2026-06-01 23:26:44,950] Trial 15 finished with value: -5.978318357723088 and parameters: {'confidence_threshold': 0.7897255408101392, 'training_days': 260, 'n_estimators': 51, 'max_depth': 5, 'num_leaves': 32, 'learning_rate': 0.028672502833093406, 'subsample': 0.971963681209985, 'colsample_bytree': 0.6290746674720268, 'min_child_samples': 37, 'reg_alpha': 4.390567046064357, 'reg_lambda': 2.720986163642982e-07}. Best is trial 1 with value: 0.21824615504706632.
[I 2026-06-01 23:26:45,032] Trial 16 finished with value: -0.17564510188344262 and parameters: {'confidence_threshold': 0.7877045466299416, 'training_days': 100, 'n_estimators': 145, 'max_depth': 3, 'num_leaves': 46, 'learning_rate': 0.10112739203927937, 'subsample': 0.7848742979848755, 'colsample_bytree': 0.9826162589395974, 'min_child_samples': 58, 'reg_alpha': 1.4618334151747558e-05, 'reg_lambda': 1.1445074815007822e-08}. Best is trial 1 with value: 0.21824615504706632.
[I 2026-06-01 23:26:45,229] Trial 17 finished with value: -0.0018043326540885223 and parameters: {'confidence_threshold': 0.6796805210256975, 'training_days': 440, 'n_estimators': 230, 'max_depth': 4, 'num_leaves': 63, 'learning_rate': 0.24532083062807572, 'subsample': 0.9014795832164373, 'colsample_bytree': 0.7518217663577897, 'min_child_samples': 93, 'reg_alpha': 0.005047355373634929, 'reg_lambda': 6.614397595908694e-05}. Best is trial 1 with value: 0.21824615504706632.
[I 2026-06-01 23:26:45,453] A new study created in memory with name: no-name-f1c3d88f-3770-4884-9f88-2315dbc4d95c
[I 2026-06-01 23:26:45,547] Trial 0 finished with value: 0.007546577718689868 and parameters: {'confidence_threshold': 0.7437642149592516, 'training_days': 150, 'n_estimators': 152, 'max_depth': 4, 'num_leaves': 50, 'learning_rate': 0.04216766425047743, 'subsample': 0.9903820991923078, 'colsample_bytree': 0.8424148692924316, 'min_child_samples': 58, 'reg_alpha': 3.381097259762742e-05, 'reg_lambda': 1.2263152961306247e-05}. Best is trial 0 with value: 0.007546577718689868.
[I 2026-06-01 23:26:45,621] Trial 1 finished with value: -6.094652874457592 and parameters: {'confidence_threshold': 0.7551673975844145, 'training_days': 220, 'n_estimators': 76, 'max_depth': 4, 'num_leaves': 51, 'learning_rate': 0.018602118810743477, 'subsample': 0.5877258780737462, 'colsample_bytree': 0.7657756869209191, 'min_child_samples': 63, 'reg_alpha': 0.005123994170264194, 'reg_lambda': 0.44145470178120466}. Best is trial 0 with value: 0.007546577718689868.
[I 2026-06-01 23:26:45,874] Trial 2 finished with value: -0.050210427968086335 and parameters: {'confidence_threshold': 0.7535593637012223, 'training_days': 310, 'n_estimators': 375, 'max_depth': 3, 'num_leaves': 32, 'learning_rate': 0.021735641882032388, 'subsample': 0.6468570231944146, 'colsample_bytree': 0.8154880619272439, 'min_child_samples': 27, 'reg_alpha': 8.004064028491336e-05, 'reg_lambda': 7.546835261630524e-05}. Best is trial 0 with value: 0.007546577718689868.
[I 2026-06-01 23:26:46,044] Trial 3 finished with value: -0.023668317729409676 and parameters: {'confidence_threshold': 0.6727897841776072, 'training_days': 220, 'n_estimators': 190, 'max_depth': 4, 'num_leaves': 58, 'learning_rate': 0.24810689332636193, 'subsample': 0.7509183379421682, 'colsample_bytree': 0.8119764758960556, 'min_child_samples': 29, 'reg_alpha': 7.1708285081421445e-06, 'reg_lambda': 5.412973582738627e-05}. Best is trial 0 with value: 0.007546577718689868.
[I 2026-06-01 23:26:46,162] Trial 4 finished with value: -0.038599046407732304 and parameters: {'confidence_threshold': 0.803208205259178, 'training_days': 130, 'n_estimators': 267, 'max_depth': 5, 'num_leaves': 40, 'learning_rate': 0.08041175317374143, 'subsample': 0.5603143329951619, 'colsample_bytree': 0.9131704002534167, 'min_child_samples': 68, 'reg_alpha': 0.0008046593428183385, 'reg_lambda': 1.2158346158765583e-05}. Best is trial 0 with value: 0.007546577718689868.
[I 2026-06-01 23:26:46,391] Trial 5 finished with value: 0.01132947846020874 and parameters: {'confidence_threshold': 0.6064422761595144, 'training_days': 210, 'n_estimators': 357, 'max_depth': 5, 'num_leaves': 40, 'learning_rate': 0.0974221287220869, 'subsample': 0.7929682762811064, 'colsample_bytree': 0.8124517510478, 'min_child_samples': 74, 'reg_alpha': 0.3811377260781234, 'reg_lambda': 5.607314238392041e-08}. Best is trial 5 with value: 0.01132947846020874.
[I 2026-06-01 23:26:46,499] Trial 6 finished with value: -0.08447760751643225 and parameters: {'confidence_threshold': 0.7672889945051684, 'training_days': 130, 'n_estimators': 137, 'max_depth': 4, 'num_leaves': 19, 'learning_rate': 0.2031117614248665, 'subsample': 0.8136244860256343, 'colsample_bytree': 0.8617081790949774, 'min_child_samples': 21, 'reg_alpha': 0.002238138278733199, 'reg_lambda': 0.001025809534977322}. Best is trial 5 with value: 0.01132947846020874.
[I 2026-06-01 23:26:46,571] Trial 7 finished with value: -0.07898339302308655 and parameters: {'confidence_threshold': 0.555635875450653, 'training_days': 80, 'n_estimators': 363, 'max_depth': 3, 'num_leaves': 48, 'learning_rate': 0.06590089024008658, 'subsample': 0.6944752870615722, 'colsample_bytree': 0.962566244806993, 'min_child_samples': 88, 'reg_alpha': 1.6465620446426067e-05, 'reg_lambda': 2.4678750890085655e-08}. Best is trial 5 with value: 0.01132947846020874.
[I 2026-06-01 23:26:46,897] Trial 8 finished with value: -0.0462492243721795 and parameters: {'confidence_threshold': 0.6066688256938841, 'training_days': 200, 'n_estimators': 367, 'max_depth': 5, 'num_leaves': 32, 'learning_rate': 0.13377519215934996, 'subsample': 0.7965884582811106, 'colsample_bytree': 0.8458508993500886, 'min_child_samples': 32, 'reg_alpha': 3.889436043816386e-05, 'reg_lambda': 1.4713062489380356e-06}. Best is trial 5 with value: 0.01132947846020874.
