[I 2026-06-01 23:33:55,062] Trial 17 finished with value: -0.02157782600395364 and parameters: {'confidence_threshold': 0.6789363661861483, 'training_days': 220, 'n_estimators': 131, 'max_depth': 3, 'num_leaves': 52, 'learning_rate': 0.013380602232677397, 'subsample': 0.9162607923354252, 'colsample_bytree': 0.9072587291992488, 'min_child_samples': 93, 'reg_alpha': 3.461374408093068e-06, 'reg_lambda': 0.15302421781350042}. Best is trial 3 with value: 0.03969467287086839.
[I 2026-06-01 23:33:55,863] A new study created in memory with name: no-name-fa1dfde4-425f-4b7f-953f-67553396038a

    [CV fold 3] train_end=2025-02-18 08:00 | val_start=2025-02-26 00:00 | gap=184h (22 rows)
    [CV fold 4] train_end=2025-06-18 16:00 | val_start=2025-06-26 08:00 | gap=184h (22 rows)
    [trial 0] Sharpe=-0.0219 (folds: 0.1902, 0.0129, 0.0154, -0.1360, -0.1921)
    [trial 1] 49 features, training_days=290 | threshold=0.635 | labels: 1116 long, 1055 short (51/49%)
    [trial 1] Sharpe=-0.0117 (folds: 0.2105, -0.0415, 0.1006, -0.2839, -0.0440)
    [trial 2] 49 features, training_days=10 | threshold=0.585 | labels: 1116 long, 1055 short (51/49%)
    [trial 2] Sharpe=-0.0916 (folds: 0.1447, -0.2250, -0.1739, 0.2197, -0.4235)
    [trial 3] 49 features, training_days=220 | threshold=0.687 | labels: 1116 long, 1055 short (51/49%)
    [trial 3] Sharpe=0.0397 (folds: 0.1897, -0.0363, 0.1666, -0.3181, 0.1966)
    [trial 4] 49 features, training_days=300 | threshold=0.562 | labels: 1116 long, 1055 short (51/49%)
    [trial 4] Sharpe=0.0266 (folds: 0.2084, 0.0354, 0.1057, -0.1713, -0.0454)
    [trial 5] 49 features, training_days=490 | threshold=0.711 | labels: 1116 long, 1055 short (51/49%)
    [trial 5] Sharpe=-0.0118 (folds: 0.1714, 0.0032, 0.1117, -0.1986, -0.1466)
    [trial 6] 49 features, training_days=420 | threshold=0.667 | labels: 1116 long, 1055 short (51/49%)
    [trial 6] Sharpe=-0.0359 (folds: 0.1864, 0.0626, 0.0909, -0.3312, -0.1883)
    [trial 7] 49 features, training_days=120 | threshold=0.550 | labels: 1116 long, 1055 short (51/49%)
    [trial 7] Sharpe=-0.0027 (folds: 0.2027, -0.1412, 0.1054, -0.1146, -0.0657)
    [trial 8] 49 features, training_days=450 | threshold=0.720 | labels: 1116 long, 1055 short (51/49%)
    [trial 8] Sharpe=-0.0567 (folds: 0.2358, 0.0386, 0.0984, -0.3653, -0.2908)
    [trial 9] 49 features, training_days=20 | threshold=0.727 | labels: 1116 long, 1055 short (51/49%)
    [trial 9] Sharpe=-4.1944 (folds: -10.0000, -0.2250, -10.0000, -0.3235, -0.4235)
    [trial 10] 49 features, training_days=200 | threshold=0.828 | labels: 1116 long, 1055 short (51/49%)
    [trial 10] Sharpe=-2.0661 (folds: -0.4974, 0.1434, 0.2178, -0.1941, -10.0000)
    [trial 11] 49 features, training_days=310 | threshold=0.792 | labels: 1116 long, 1055 short (51/49%)
    [trial 11] Sharpe=-0.0143 (folds: 0.2252, 0.2160, 0.1056, -0.3647, -0.2534)
    [trial 12] 49 features, training_days=360 | threshold=0.515 | labels: 1116 long, 1055 short (51/49%)
    [trial 12] Sharpe=-0.0357 (folds: 0.1700, -0.0568, 0.0231, -0.3076, -0.0070)
    [trial 13] 49 features, training_days=210 | threshold=0.632 | labels: 1116 long, 1055 short (51/49%)
    [trial 13] Sharpe=0.0350 (folds: 0.2368, -0.0480, 0.0993, -0.1522, 0.0390)
    [trial 14] 49 features, training_days=210 | threshold=0.644 | labels: 1116 long, 1055 short (51/49%)
    [trial 14] Sharpe=0.0132 (folds: 0.2005, -0.0497, 0.1116, -0.1913, -0.0053)
    [trial 15] 49 features, training_days=190 | threshold=0.759 | labels: 1116 long, 1055 short (51/49%)
    [trial 15] Sharpe=-0.0670 (folds: 0.2285, -0.1071, 0.1185, -0.3931, -0.1817)
    [trial 16] 49 features, training_days=120 | threshold=0.629 | labels: 1116 long, 1055 short (51/49%)
    [trial 16] Sharpe=-0.0336 (folds: 0.2175, -0.2154, 0.0631, -0.0796, -0.1538)
    [trial 17] 49 features, training_days=220 | threshold=0.679 | labels: 1116 long, 1055 short (51/49%)
    [trial 17] Sharpe=-0.0216 (folds: 0.1665, -0.1227, 0.0985, -0.3223, 0.0721)
  Optuna: 18 trials, best Sharpe = 0.0397
  Best params: n_estimators=134, max_depth=3, lr=0.0335, leaves=45
  Best confidence_threshold: 0.687
  Best training_days: 220
  Retrained on full data (660 samples, 49 features)
  OOD: 16 features, cutoff (q=0.7) = 13.49
  Model trained for 2025-11: 90 test candles with features, confidence_threshold=0.706
[trade:close] 2025-11-03 15:59 LTCUSDT SHORT → take_profit @ 86.47 | PnL=+12.32% (net +12.22%) | cum=+145.28% 2025-11=+12.22% 2025-11-03=+12.22%
[predict] 2025-11-10 16:00 LTCUSDT → SHORT (proba=0.81 TP=20.7%/SL=10.3%)
[trade:open] 2025-11-10 23:59 LTCUSDT SHORT @ 104.20 | SL=114.98 TP=82.64 | timeout=2025-11-17 23:59
[trade:close] 2025-11-18 00:00 LTCUSDT SHORT → timeout @ 91.20 | PnL=+12.48% (net +12.38%) | cum=+157.65% 2025-11=+24.60% 2025-11-18=+12.38%
[predict] 2025-11-20 00:00 LTCUSDT → LONG (proba=0.75 TP=15.6%/SL=7.8%)
[trade:open] 2025-11-20 07:59 LTCUSDT LONG @ 93.10 | SL=85.83 TP=107.65 | timeout=2025-11-27 07:59
[trade:close] 2025-11-21 07:59 LTCUSDT LONG → stop_loss @ 85.83 | PnL=-7.81% (net -7.91%) | cum=+149.74% 2025-11=+16.68% 2025-11-21=-7.91%
[predict] 2025-11-23 08:00 LTCUSDT → LONG (proba=0.92 TP=15.3%/SL=7.6%)
[trade:open] 2025-11-23 15:59 LTCUSDT LONG @ 83.71 | SL=77.32 TP=96.49 | timeout=2025-11-30 15:59
[trade:close] 2025-11-30 16:00 LTCUSDT LONG → timeout @ 83.88 | PnL=+0.20% (net +0.10%) | cum=+149.84% 2025-11=+16.79% 2025-11-30=+0.10%
[lgbm] === Training for 2025-12 ===
  Train window: 2023-12-01 → 2025-11-23
  2171 training samples from 1 symbols
  Samples per month: 2023-12: 93, 2024-01: 93, 2024-02: 87, 2024-03: 93, 2024-04: 90, 2024-05: 93, 2024-06: 90, 2024-07: 93, 2024-08: 93, 2024-09: 90, 2024-10: 93, 2024-11: 90, 2024-12: 93, 2025-01: 93, 2025-02: 84, 2025-03: 93, 2025-04: 90, 2025-05: 93, 2025-06: 90, 2025-07: 93, 2025-08: 93, 2025-09: 90, 2025-10: 93, 2025-11: 68
  [label] 2024-01-31 16:00 LTCUSDT entry=66.7200 → LONG | long=timeout(+2.73%) short=timeout(-2.93%) | scanned=22 | no_tp→fwd_return=+2.8327
  [label] 2024-02-03 00:00 LTCUSDT entry=68.1800 → LONG | long=timeout(+3.54%) short=sl(-3.30%) | scanned=22 | no_tp→fwd_return=+3.6374
  [label] 2024-02-06 16:00 LTCUSDT entry=68.2800 → LONG | long=tp(+5.19%) short=sl(-2.75%) | scanned=7 | long_tp_only
  [label] 2024-03-02 08:00 LTCUSDT entry=91.0200 → SHORT | long=sl(-7.88%) short=tp(+15.45%) | scanned=10 | short_tp_only
  [label] 2024-04-24 00:00 LTCUSDT entry=86.8500 → SHORT | long=sl(-5.14%) short=tp(+9.97%) | scanned=19 | short_tp_only
  [label] 2024-10-07 00:00 LTCUSDT entry=67.3600 → SHORT | long=sl(-3.47%) short=timeout(+2.62%) | scanned=22 | no_tp→fwd_return=-2.7167
  [label] 2024-10-11 00:00 LTCUSDT entry=64.5700 → LONG | long=tp(+6.31%) short=sl(-3.30%) | scanned=14 | long_tp_only
  [label] 2024-10-21 16:00 LTCUSDT entry=70.7400 → LONG | long=sl(-4.39%) short=timeout(-0.17%) | scanned=22 | no_tp→fwd_return=+0.0707
  [label] 2024-12-05 16:00 LTCUSDT entry=135.8900 → SHORT | long=sl(-13.70%) short=tp(+27.10%) | scanned=12 | short_tp_only
  [label] 2024-12-14 08:00 LTCUSDT entry=119.9100 → SHORT | long=sl(-10.44%) short=tp(+20.58%) | scanned=16 | short_tp_only
  [label] 2025-03-14 16:00 LTCUSDT entry=91.2700 → SHORT | long=timeout(-0.63%) short=timeout(+0.43%) | scanned=22 | no_tp→fwd_return=-0.5259
  [label] 2025-04-15 16:00 LTCUSDT entry=75.2500 → LONG | long=timeout(+10.80%) short=sl(-6.55%) | scanned=22 | no_tp→fwd_return=+10.8970
  [label] 2025-05-02 00:00 LTCUSDT entry=87.9000 → LONG | long=sl(-5.45%) short=sl(-5.45%) | scanned=14 | no_tp→fwd_return=+4.1866
  [label] 2025-05-14 16:00 LTCUSDT entry=100.9100 → SHORT | long=sl(-7.66%) short=timeout(+3.73%) | scanned=22 | no_tp→fwd_return=-3.8252
  [label] 2025-06-02 00:00 LTCUSDT entry=89.0000 → SHORT | long=sl(-5.32%) short=timeout(+2.20%) | scanned=22 | no_tp→fwd_return=-2.3034
  [label] 2025-06-08 08:00 LTCUSDT entry=88.0000 → SHORT | long=sl(-4.24%) short=sl(-4.24%) | scanned=14 | no_tp→fwd_return=-4.8182
  [label] 2025-06-20 16:00 LTCUSDT entry=82.8800 → LONG | long=sl(-4.42%) short=timeout(-2.40%) | scanned=22 | no_tp→fwd_return=+2.3045
  [label] 2025-07-30 08:00 LTCUSDT entry=109.3300 → LONG | long=tp(+11.49%) short=sl(-5.90%) | scanned=17 | long_tp_only
  [label] 2025-08-09 00:00 LTCUSDT entry=125.1500 → SHORT | long=sl(-5.98%) short=sl(-5.98%) | scanned=19 | no_tp→fwd_return=-6.0727
  [label] 2025-11-03 08:00 LTCUSDT entry=87.6400 → LONG | long=sl(-8.09%) short=sl(-8.09%) | scanned=13 | no_tp→fwd_return=+16.2141
  Labels: 1092 long (50.3%), 1079 short (49.7%) | weights: min=1.00, mean=3.07, max=10.00
  Features: 2171/2171 matched, 49 columns
  CV gap: 22 rows
  [ensemble 1/3] seed=42
    [trial 0] 49 features, training_days=480 | threshold=0.631 | labels: 1092 long, 1079 short (50/50%)[I 2026-06-01 23:33:56,213] Trial 0 finished with value: -0.07742545393523755 and parameters: {'confidence_threshold': 0.6310890415965769, 'training_days': 480, 'n_estimators': 380, 'max_depth': 4, 'num_leaves': 22, 'learning_rate': 0.01699897838270077, 'subsample': 0.5290418060840998, 'colsample_bytree': 0.9330880728874675, 'min_child_samples': 68, 'reg_alpha': 0.023585940584142682, 'reg_lambda': 1.5320059381854043e-08}. Best is trial 0 with value: -0.07742545393523755.
[I 2026-06-01 23:33:56,343] Trial 1 finished with value: -1.8454399382446578 and parameters: {'confidence_threshold': 0.839468448256698, 'training_days': 420, 'n_estimators': 145, 'max_depth': 3, 'num_leaves': 23, 'learning_rate': 0.028145092716060652, 'subsample': 0.762378215816119, 'colsample_bytree': 0.7159725093210578, 'min_child_samples': 43, 'reg_alpha': 0.0032112643094417484, 'reg_lambda': 1.8007140198129195e-07}. Best is trial 0 with value: -0.07742545393523755.
[I 2026-06-01 23:33:56,491] Trial 2 finished with value: 0.01755476416554083 and parameters: {'confidence_threshold': 0.6022506269873263, 'training_days': 190, 'n_estimators': 255, 'max_depth': 5, 'num_leaves': 24, 'learning_rate': 0.05748924681991978, 'subsample': 0.7962072844310213, 'colsample_bytree': 0.5232252063599989, 'min_child_samples': 69, 'reg_alpha': 3.425445902633376e-07, 'reg_lambda': 3.850031979199519e-08}. Best is trial 2 with value: 0.01755476416554083.
[I 2026-06-01 23:33:56,763] Trial 3 finished with value: -0.05035042527469687 and parameters: {'confidence_threshold': 0.8321099380386666, 'training_days': 490, 'n_estimators': 414, 'max_depth': 3, 'num_leaves': 19, 'learning_rate': 0.1024932221692416, 'subsample': 0.7200762468698007, 'colsample_bytree': 0.5610191174223894, 'min_child_samples': 60, 'reg_alpha': 2.039373116525212e-08, 'reg_lambda': 1.527156759251193}. Best is trial 2 with value: 0.01755476416554083.
[I 2026-06-01 23:33:56,926] Trial 4 finished with value: -0.042925234653181356 and parameters: {'confidence_threshold': 0.5905729935600059, 'training_days': 340, 'n_estimators': 190, 'max_depth': 4, 'num_leaves': 41, 'learning_rate': 0.01875220945578641, 'subsample': 0.9847923138822793, 'colsample_bytree': 0.8875664116805573, 'min_child_samples': 96, 'reg_alpha': 1.1309571585271483, 'reg_lambda': 0.002404915432737351}. Best is trial 2 with value: 0.01755476416554083.
