[I 2026-06-01 23:27:44,146] Trial 17 finished with value: 0.01197197128014178 and parameters: {'confidence_threshold': 0.5080881579696632, 'training_days': 330, 'n_estimators': 437, 'max_depth': 3, 'num_leaves': 18, 'learning_rate': 0.10390862272433658, 'subsample': 0.5715511725502865, 'colsample_bytree': 0.6850054777135418, 'min_child_samples': 88, 'reg_alpha': 0.0008059760040484764, 'reg_lambda': 1.2555640280891443e-06}. Best is trial 12 with value: 0.09188049347132599.

    [trial 11] 49 features, training_days=20 | threshold=0.837 | labels: 1113 long, 1040 short (52/48%)
    [trial 11] Sharpe=-6.0290 (folds: -0.2522, 0.1071, -10.0000, -10.0000, -10.0000)
    [trial 12] 49 features, training_days=120 | threshold=0.798 | labels: 1113 long, 1040 short (52/48%)
    [trial 12] Sharpe=0.0058 (folds: -0.1142, 0.1372, -0.2188, 0.2504, -0.0258)
    [trial 13] 49 features, training_days=10 | threshold=0.719 | labels: 1113 long, 1040 short (52/48%)
    [trial 14] 49 features, training_days=340 | threshold=0.803 | labels: 1113 long, 1040 short (52/48%)
    [trial 14] Sharpe=-0.0288 (folds: 0.0142, 0.1514, -0.2327, -0.1476, 0.0706)
    [trial 15] 49 features, training_days=90 | threshold=0.699 | labels: 1113 long, 1040 short (52/48%)
    [trial 15] Sharpe=-0.0142 (folds: -0.0351, 0.1387, -0.2333, 0.3916, -0.3327)
    [trial 16] 49 features, training_days=150 | threshold=0.794 | labels: 1113 long, 1040 short (52/48%)
    [trial 16] Sharpe=-0.0211 (folds: -0.0255, 0.1181, -0.3045, 0.0674, 0.0389)
    [trial 17] 49 features, training_days=370 | threshold=0.500 | labels: 1113 long, 1040 short (52/48%)
    [trial 17] Sharpe=-0.0443 (folds: 0.0955, 0.1154, -0.2575, -0.1542, -0.0206)
  Optuna: 18 trials, best Sharpe = 0.0372
  Best params: n_estimators=267, max_depth=5, lr=0.0804, leaves=40
  Best confidence_threshold: 0.803
  Best training_days: 130
  Retrained on full data (390 samples, 49 features)
  [ensemble 3/3] seed=456
    [trial 0] 49 features, training_days=90 | threshold=0.587 | labels: 1113 long, 1040 short (52/48%)
    [CV fold 0] train_end=2021-10-22 08:00 | val_start=2021-10-30 00:00 | gap=184h (22 rows)
    [CV fold 1] train_end=2022-02-18 16:00 | val_start=2022-03-01 08:00 | gap=256h (22 rows)
    [CV fold 2] train_end=2022-06-23 00:00 | val_start=2022-06-30 16:00 | gap=184h (22 rows)
    [CV fold 3] train_end=2022-10-20 08:00 | val_start=2022-10-28 00:00 | gap=184h (22 rows)
    [CV fold 4] train_end=2023-02-16 16:00 | val_start=2023-02-24 08:00 | gap=184h (22 rows)
    [trial 0] Sharpe=-0.0243 (folds: -0.0788, 0.0780, -0.2534, 0.1513, -0.0184)
    [trial 1] 49 features, training_days=290 | threshold=0.635 | labels: 1113 long, 1040 short (52/48%)
    [trial 1] Sharpe=0.0070 (folds: 0.0309, 0.1779, -0.2580, 0.0759, 0.0083)
    [trial 2] 49 features, training_days=10 | threshold=0.585 | labels: 1113 long, 1040 short (52/48%)
    [trial 3] 49 features, training_days=220 | threshold=0.687 | labels: 1113 long, 1040 short (52/48%)
    [trial 3] Sharpe=-0.1128 (folds: -0.2663, 0.0302, -0.2460, -0.1794, 0.0975)
    [trial 4] 49 features, training_days=300 | threshold=0.562 | labels: 1113 long, 1040 short (52/48%)
    [trial 4] Sharpe=-0.0173 (folds: 0.0628, 0.1255, -0.2431, -0.0088, -0.0232)
    [trial 5] 49 features, training_days=490 | threshold=0.711 | labels: 1113 long, 1040 short (52/48%)
    [trial 5] Sharpe=0.0267 (folds: 0.0033, 0.1066, -0.2399, 0.1334, 0.1301)
    [trial 6] 49 features, training_days=420 | threshold=0.667 | labels: 1113 long, 1040 short (52/48%)
    [trial 6] Sharpe=0.0005 (folds: 0.1013, 0.2019, -0.2108, -0.2082, 0.1181)
    [trial 7] 49 features, training_days=120 | threshold=0.550 | labels: 1113 long, 1040 short (52/48%)
    [trial 7] Sharpe=0.0200 (folds: 0.0914, 0.0556, -0.2278, 0.1139, 0.0671)
    [trial 8] 49 features, training_days=450 | threshold=0.720 | labels: 1113 long, 1040 short (52/48%)
    [trial 8] Sharpe=0.0851 (folds: 0.0954, 0.2131, -0.2144, 0.2128, 0.1188)
    [trial 9] 49 features, training_days=20 | threshold=0.727 | labels: 1113 long, 1040 short (52/48%)
    [trial 9] Sharpe=-4.0464 (folds: -0.2522, 0.1071, -0.0871, -10.0000, -10.0000)
    [trial 10] 49 features, training_days=400 | threshold=0.828 | labels: 1113 long, 1040 short (52/48%)
    [trial 10] Sharpe=-1.8955 (folds: -10.0000, 0.2051, -0.0967, 0.0575, 0.3568)
    [trial 11] 49 features, training_days=500 | threshold=0.783 | labels: 1113 long, 1040 short (52/48%)
    [trial 11] Sharpe=0.0367 (folds: 0.0793, 0.1513, -0.2262, 0.0514, 0.1277)
    [trial 12] 49 features, training_days=500 | threshold=0.785 | labels: 1113 long, 1040 short (52/48%)
    [trial 12] Sharpe=0.0919 (folds: -0.0289, 0.2792, -0.2499, 0.1503, 0.3087)
    [trial 13] 49 features, training_days=390 | threshold=0.779 | labels: 1113 long, 1040 short (52/48%)
    [trial 13] Sharpe=-0.0705 (folds: -0.3907, 0.2391, -0.1989, -0.0048, 0.0029)
    [trial 14] 49 features, training_days=440 | threshold=0.847 | labels: 1113 long, 1040 short (52/48%)
    [trial 14] Sharpe=0.0285 (folds: -0.6029, 0.2782, -0.1727, 0.0897, 0.5500)
    [trial 15] 49 features, training_days=360 | threshold=0.759 | labels: 1113 long, 1040 short (52/48%)
    [trial 15] Sharpe=-0.0373 (folds: 0.0340, 0.2017, -0.2245, -0.0751, -0.1228)
    [trial 16] 49 features, training_days=220 | threshold=0.749 | labels: 1113 long, 1040 short (52/48%)
    [trial 16] Sharpe=-0.0806 (folds: -0.1801, 0.1176, -0.2421, -0.0279, -0.0706)
    [trial 17] 49 features, training_days=330 | threshold=0.508 | labels: 1113 long, 1040 short (52/48%)
    [trial 17] Sharpe=0.0120 (folds: 0.1504, 0.0919, -0.2537, 0.0358, 0.0355)
  Optuna: 18 trials, best Sharpe = 0.0919
  Best params: n_estimators=490, max_depth=4, lr=0.0158, leaves=60
  Best confidence_threshold: 0.785
  Best training_days: 500
  Retrained on full data (1485 samples, 49 features)
  OOD: 16 features, cutoff (q=0.7) = 13.64
  Model trained for 2023-07: 93 test candles with features, confidence_threshold=0.775
[predict] 2023-07-03 16:00 LTCUSDT → SHORT (proba=0.85 TP=18.3%/SL=9.1%)
[trade:open] 2023-07-03 23:59 LTCUSDT SHORT @ 107.32 | SL=117.13 TP=87.69 | timeout=2023-07-10 23:59
[trade:close] 2023-07-11 00:00 LTCUSDT SHORT → timeout @ 96.67 | PnL=+9.92% (net +9.82%) | cum=+77.89% 2023-07=+9.82% 2023-07-11=+9.82%
[predict] 2023-07-14 16:00 LTCUSDT → LONG (proba=0.79 TP=14.8%/SL=7.4%)
[trade:open] 2023-07-14 23:59 LTCUSDT LONG @ 95.06 | SL=88.04 TP=109.10 | timeout=2023-07-21 23:59
[trade:close] 2023-07-22 00:00 LTCUSDT LONG → timeout @ 94.03 | PnL=-1.08% (net -1.18%) | cum=+76.70% 2023-07=+8.64% 2023-07-22=-1.18%
[predict] 2023-07-22 16:00 LTCUSDT → LONG (proba=0.84 TP=9.0%/SL=4.5%)
[trade:open] 2023-07-22 23:59 LTCUSDT LONG @ 92.05 | SL=87.89 TP=100.36 | timeout=2023-07-29 23:59
[trade:close] 2023-07-24 15:59 LTCUSDT LONG → stop_loss @ 87.89 | PnL=-4.52% (net -4.62%) | cum=+72.09% 2023-07=+4.02% 2023-07-24=-4.62%
[predict] 2023-07-27 08:00 LTCUSDT → LONG (proba=0.81 TP=7.3%/SL=3.7%)
[trade:open] 2023-07-27 15:59 LTCUSDT LONG @ 90.60 | SL=87.27 TP=97.25 | timeout=2023-08-03 15:59
[lgbm] === Training for 2023-08 ===
  Train window: 2021-08-01 → 2023-07-24
  2153 training samples from 1 symbols
  Samples per month: 2021-08: 93, 2021-09: 90, 2021-10: 93, 2021-11: 90, 2021-12: 93, 2022-01: 93, 2022-02: 75, 2022-03: 93, 2022-04: 84, 2022-05: 93, 2022-06: 90, 2022-07: 93, 2022-08: 93, 2022-09: 90, 2022-10: 93, 2022-11: 90, 2022-12: 93, 2023-01: 93, 2023-02: 84, 2023-03: 93, 2023-04: 90, 2023-05: 93, 2023-06: 90, 2023-07: 71
  [label] 2021-10-01 00:00 LTCUSDT entry=158.6200 → LONG | long=tp(+14.30%) short=sl(-7.30%) | scanned=16 | long_tp_only
  [label] 2021-10-03 08:00 LTCUSDT entry=169.2300 → LONG | long=timeout(+6.68%) short=sl(-6.29%) | scanned=22 | no_tp→fwd_return=+6.7837
  [label] 2021-10-07 00:00 LTCUSDT entry=185.3400 → SHORT | long=sl(-7.43%) short=timeout(+3.45%) | scanned=22 | no_tp→fwd_return=-3.5502
  [label] 2021-10-31 16:00 LTCUSDT entry=192.0300 → LONG | long=timeout(+5.24%) short=sl(-6.21%) | scanned=22 | no_tp→fwd_return=+5.3429
  [label] 2021-12-22 16:00 LTCUSDT entry=155.3100 → SHORT | long=sl(-6.74%) short=sl(-6.74%) | scanned=18 | no_tp→fwd_return=-6.2713
  [label] 2022-06-10 08:00 LTCUSDT entry=57.4400 → SHORT | long=sl(-7.20%) short=tp(+14.10%) | scanned=5 | short_tp_only
  [label] 2022-06-14 08:00 LTCUSDT entry=45.5300 → LONG | long=timeout(+18.63%) short=sl(-13.23%) | scanned=22 | no_tp→fwd_return=+18.7349
  [label] 2022-06-25 00:00 LTCUSDT entry=56.9100 → SHORT | long=sl(-9.00%) short=timeout(+10.86%) | scanned=22 | no_tp→fwd_return=-10.9647
  [label] 2022-08-08 16:00 LTCUSDT entry=62.5700 → LONG | long=sl(-5.13%) short=sl(-5.13%) | scanned=16 | no_tp→fwd_return=+4.4910[I 2026-06-01 23:27:44,916] A new study created in memory with name: no-name-44322022-9be2-486d-87ac-7ccf2bf1288f
[I 2026-06-01 23:27:45,636] Trial 0 finished with value: 0.008731259135587699 and parameters: {'confidence_threshold': 0.6310890415965769, 'training_days': 480, 'n_estimators': 380, 'max_depth': 4, 'num_leaves': 22, 'learning_rate': 0.01699897838270077, 'subsample': 0.5290418060840998, 'colsample_bytree': 0.9330880728874675, 'min_child_samples': 68, 'reg_alpha': 0.023585940584142682, 'reg_lambda': 1.5320059381854043e-08}. Best is trial 0 with value: 0.008731259135587699.
[I 2026-06-01 23:27:45,850] Trial 1 finished with value: -1.8250129478582995 and parameters: {'confidence_threshold': 0.839468448256698, 'training_days': 420, 'n_estimators': 145, 'max_depth': 3, 'num_leaves': 23, 'learning_rate': 0.028145092716060652, 'subsample': 0.762378215816119, 'colsample_bytree': 0.7159725093210578, 'min_child_samples': 43, 'reg_alpha': 0.0032112643094417484, 'reg_lambda': 1.8007140198129195e-07}. Best is trial 0 with value: 0.008731259135587699.
[I 2026-06-01 23:27:46,113] Trial 2 finished with value: -0.020434805533800917 and parameters: {'confidence_threshold': 0.6022506269873263, 'training_days': 190, 'n_estimators': 255, 'max_depth': 5, 'num_leaves': 24, 'learning_rate': 0.05748924681991978, 'subsample': 0.7962072844310213, 'colsample_bytree': 0.5232252063599989, 'min_child_samples': 69, 'reg_alpha': 3.425445902633376e-07, 'reg_lambda': 3.850031979199519e-08}. Best is trial 0 with value: 0.008731259135587699.
[I 2026-06-01 23:27:46,489] Trial 3 finished with value: 0.007621480984119805 and parameters: {'confidence_threshold': 0.8321099380386666, 'training_days': 490, 'n_estimators': 414, 'max_depth': 3, 'num_leaves': 19, 'learning_rate': 0.1024932221692416, 'subsample': 0.7200762468698007, 'colsample_bytree': 0.5610191174223894, 'min_child_samples': 60, 'reg_alpha': 2.039373116525212e-08, 'reg_lambda': 1.527156759251193}. Best is trial 0 with value: 0.008731259135587699.
[I 2026-06-01 23:27:46,691] Trial 4 finished with value: -0.03510239566551521 and parameters: {'confidence_threshold': 0.5905729935600059, 'training_days': 340, 'n_estimators': 190, 'max_depth': 4, 'num_leaves': 41, 'learning_rate': 0.01875220945578641, 'subsample': 0.9847923138822793, 'colsample_bytree': 0.8875664116805573, 'min_child_samples': 96, 'reg_alpha': 1.1309571585271483, 'reg_lambda': 0.002404915432737351}. Best is trial 0 with value: 0.008731259135587699.
[I 2026-06-01 23:27:46,752] Trial 5 finished with value: 0.16455898479797582 and parameters: {'confidence_threshold': 0.8226559822580909, 'training_days': 50, 'n_estimators': 138, 'max_depth': 3, 'num_leaves': 30, 'learning_rate': 0.03750796359625606, 'subsample': 0.6356745158869479, 'colsample_bytree': 0.9143687545759647, 'min_child_samples': 48, 'reg_alpha': 3.376063348877853e-06, 'reg_lambda': 0.0007660634613082914}. Best is trial 5 with value: 0.16455898479797582.
[I 2026-06-01 23:27:46,913] Trial 6 finished with value: -0.016958874867678553 and parameters: {'confidence_threshold': 0.5493234787411669, 'training_days': 410, 'n_estimators': 83, 'max_depth': 5, 'num_leaves': 52, 'learning_rate': 0.019657448966046126, 'subsample': 0.5027610585618012, 'colsample_bytree': 0.9077307142274171, 'min_child_samples': 77, 'reg_alpha': 0.03639690979811287, 'reg_lambda': 0.08738424135626986}. Best is trial 5 with value: 0.16455898479797582.
[I 2026-06-01 23:27:47,051] Trial 7 finished with value: -0.05176597456777186 and parameters: {'confidence_threshold': 0.5259156281069316, 'training_days': 180, 'n_estimators': 102, 'max_depth': 5, 'num_leaves': 45, 'learning_rate': 0.030816017044468066, 'subsample': 0.5317791751430119, 'colsample_bytree': 0.6554911608578311, 'min_child_samples': 46, 'reg_alpha': 0.036851536911881845, 'reg_lambda': 0.005470376807480391}. Best is trial 5 with value: 0.16455898479797582.
[I 2026-06-01 23:27:47,198] Trial 8 finished with value: -0.004730801379325578 and parameters: {'confidence_threshold': 0.8105244599017143, 'training_days': 240, 'n_estimators': 103, 'max_depth': 5, 'num_leaves': 52, 'learning_rate': 0.06746437142284309, 'subsample': 0.8854835899772805, 'colsample_bytree': 0.7468977981821954, 'min_child_samples': 62, 'reg_alpha': 7.04480806377519e-05, 'reg_lambda': 1.6934490731313353e-08}. Best is trial 5 with value: 0.16455898479797582.
[I 2026-06-01 23:27:47,249] Trial 9 finished with value: 0.014923783670168203 and parameters: {'confidence_threshold': 0.5377619994476566, 'training_days': 20, 'n_estimators': 337, 'max_depth': 3, 'num_leaves': 39, 'learning_rate': 0.21907142272152816, 'subsample': 0.6246461145744375, 'colsample_bytree': 0.7051914615178149, 'min_child_samples': 81, 'reg_alpha': 1.1459970229341322e-06, 'reg_lambda': 4.929685216887945e-08}. Best is trial 5 with value: 0.16455898479797582.
[I 2026-06-01 23:27:47,310] Trial 10 finished with value: -0.0433564214558761 and parameters: {'confidence_threshold': 0.7318981109748116, 'training_days': 10, 'n_estimators': 487, 'max_depth': 4, 'num_leaves': 31, 'learning_rate': 0.14704103471568217, 'subsample': 0.628963476300746, 'colsample_bytree': 0.987470107623585, 'min_child_samples': 25, 'reg_alpha': 2.608784411827665e-05, 'reg_lambda': 3.3639426888455256e-06}. Best is trial 5 with value: 0.16455898479797582.
[I 2026-06-01 23:27:47,368] Trial 11 finished with value: -1.967308067787016 and parameters: {'confidence_threshold': 0.715357026933722, 'training_days': 20, 'n_estimators': 291, 'max_depth': 3, 'num_leaves': 33, 'learning_rate': 0.29081576079680116, 'subsample': 0.6496599335113177, 'colsample_bytree': 0.8271697325369484, 'min_child_samples': 92, 'reg_alpha': 1.8335640581015016e-06, 'reg_lambda': 1.7775498934647403e-05}. Best is trial 5 with value: 0.16455898479797582.
[I 2026-06-01 23:27:47,481] Trial 12 finished with value: -0.013476440725646535 and parameters: {'confidence_threshold': 0.7456670193224102, 'training_days': 90, 'n_estimators': 293, 'max_depth': 3, 'num_leaves': 33, 'learning_rate': 0.2959628420607887, 'subsample': 0.6274745095999714, 'colsample_bytree': 0.6562433298545489, 'min_child_samples': 84, 'reg_alpha': 3.1740335584318674e-06, 'reg_lambda': 7.90277059723651e-05}. Best is trial 5 with value: 0.16455898479797582.
[I 2026-06-01 23:27:47,619] Trial 13 finished with value: -0.050535787155714385 and parameters: {'confidence_threshold': 0.6675013492473675, 'training_days': 100, 'n_estimators': 216, 'max_depth': 3, 'num_leaves': 62, 'learning_rate': 0.1463043880061142, 'subsample': 0.6866291716128416, 'colsample_bytree': 0.8155421717694826, 'min_child_samples': 47, 'reg_alpha': 3.219567910488193e-08, 'reg_lambda': 3.4757862173186272e-06}. Best is trial 5 with value: 0.16455898479797582.
[I 2026-06-01 23:27:47,819] Trial 14 finished with value: -0.100151759120316 and parameters: {'confidence_threshold': 0.7871652886153421, 'training_days': 90, 'n_estimators': 348, 'max_depth': 3, 'num_leaves': 15, 'learning_rate': 0.039779566134606106, 'subsample': 0.5808433054196197, 'colsample_bytree': 0.8116145799213325, 'min_child_samples': 31, 'reg_alpha': 0.00045016022610937554, 'reg_lambda': 0.0006284807489164356}. Best is trial 5 with value: 0.16455898479797582.
[I 2026-06-01 23:27:47,935] Trial 15 finished with value: -0.09031646151583542 and parameters: {'confidence_threshold': 0.5073197482691914, 'training_days': 150, 'n_estimators': 175, 'max_depth': 4, 'num_leaves': 40, 'learning_rate': 0.010348803728867817, 'subsample': 0.8113381919370017, 'colsample_bytree': 0.6567290912374351, 'min_child_samples': 81, 'reg_alpha': 4.012615333244858e-07, 'reg_lambda': 0.05895604282432314}. Best is trial 5 with value: 0.16455898479797582.
[I 2026-06-01 23:27:48,565] Trial 16 finished with value: -0.10177160956638658 and parameters: {'confidence_threshold': 0.6760523483882178, 'training_days': 270, 'n_estimators': 339, 'max_depth': 3, 'num_leaves': 31, 'learning_rate': 0.09575912493579518, 'subsample': 0.6022959818573481, 'colsample_bytree': 0.5982136056513266, 'min_child_samples': 36, 'reg_alpha': 1.6230643075200477e-05, 'reg_lambda': 4.28170520176123e-07}. Best is trial 5 with value: 0.16455898479797582.
[I 2026-06-01 23:27:48,710] Trial 17 finished with value: 0.039695952985495137 and parameters: {'confidence_threshold': 0.5596614474862396, 'training_days': 50, 'n_estimators': 417, 'max_depth': 4, 'num_leaves': 47, 'learning_rate': 0.20267295612955097, 'subsample': 0.6977080924048726, 'colsample_bytree': 0.9956385980717998, 'min_child_samples': 54, 'reg_alpha': 1.7527045832330252e-07, 'reg_lambda': 0.0001164037083056549}. Best is trial 5 with value: 0.16455898479797582.
[I 2026-06-01 23:27:48,983] A new study created in memory with name: no-name-17c47e2e-78c2-4381-918a-57ede7e779d7
[I 2026-06-01 23:27:49,116] Trial 0 finished with value: -0.02461143520637263 and parameters: {'confidence_threshold': 0.7437642149592516, 'training_days': 150, 'n_estimators': 152, 'max_depth': 4, 'num_leaves': 50, 'learning_rate': 0.04216766425047743, 'subsample': 0.9903820991923078, 'colsample_bytree': 0.8424148692924316, 'min_child_samples': 58, 'reg_alpha': 3.381097259762742e-05, 'reg_lambda': 1.2263152961306247e-05}. Best is trial 0 with value: -0.02461143520637263.
[I 2026-06-01 23:27:49,277] Trial 1 finished with value: -4.348585476665155 and parameters: {'confidence_threshold': 0.7551673975844145, 'training_days': 220, 'n_estimators': 76, 'max_depth': 4, 'num_leaves': 51, 'learning_rate': 0.018602118810743477, 'subsample': 0.5877258780737462, 'colsample_bytree': 0.7657756869209191, 'min_child_samples': 63, 'reg_alpha': 0.005123994170264194, 'reg_lambda': 0.44145470178120466}. Best is trial 0 with value: -0.02461143520637263.
[I 2026-06-01 23:27:49,956] Trial 2 finished with value: -0.04320149959240567 and parameters: {'confidence_threshold': 0.7535593637012223, 'training_days': 310, 'n_estimators': 375, 'max_depth': 3, 'num_leaves': 32, 'learning_rate': 0.021735641882032388, 'subsample': 0.6468570231944146, 'colsample_bytree': 0.8154880619272439, 'min_child_samples': 27, 'reg_alpha': 8.004064028491336e-05, 'reg_lambda': 7.546835261630524e-05}. Best is trial 0 with value: -0.02461143520637263.
[I 2026-06-01 23:27:50,234] Trial 3 finished with value: -0.09663816925594376 and parameters: {'confidence_threshold': 0.6727897841776072, 'training_days': 220, 'n_estimators': 190, 'max_depth': 4, 'num_leaves': 58, 'learning_rate': 0.24810689332636193, 'subsample': 0.7509183379421682, 'colsample_bytree': 0.8119764758960556, 'min_child_samples': 29, 'reg_alpha': 7.1708285081421445e-06, 'reg_lambda': 5.412973582738627e-05}. Best is trial 0 with value: -0.02461143520637263.
[I 2026-06-01 23:27:50,450] Trial 4 finished with value: -0.0968551981790418 and parameters: {'confidence_threshold': 0.803208205259178, 'training_days': 130, 'n_estimators': 267, 'max_depth': 5, 'num_leaves': 40, 'learning_rate': 0.08041175317374143, 'subsample': 0.5603143329951619, 'colsample_bytree': 0.9131704002534167, 'min_child_samples': 68, 'reg_alpha': 0.0008046593428183385, 'reg_lambda': 1.2158346158765583e-05}. Best is trial 0 with value: -0.02461143520637263.
[I 2026-06-01 23:27:50,763] Trial 5 finished with value: -0.03731051615174614 and parameters: {'confidence_threshold': 0.6064422761595144, 'training_days': 210, 'n_estimators': 357, 'max_depth': 5, 'num_leaves': 40, 'learning_rate': 0.0974221287220869, 'subsample': 0.7929682762811064, 'colsample_bytree': 0.8124517510478, 'min_child_samples': 74, 'reg_alpha': 0.3811377260781234, 'reg_lambda': 5.607314238392041e-08}. Best is trial 0 with value: -0.02461143520637263.
[I 2026-06-01 23:27:50,916] Trial 6 finished with value: -0.05302773542280742 and parameters: {'confidence_threshold': 0.7672889945051684, 'training_days': 130, 'n_estimators': 137, 'max_depth': 4, 'num_leaves': 19, 'learning_rate': 0.2031117614248665, 'subsample': 0.8136244860256343, 'colsample_bytree': 0.8617081790949774, 'min_child_samples': 21, 'reg_alpha': 0.002238138278733199, 'reg_lambda': 0.001025809534977322}. Best is trial 0 with value: -0.02461143520637263.
[I 2026-06-01 23:27:51,034] Trial 7 finished with value: -0.029022896818735155 and parameters: {'confidence_threshold': 0.555635875450653, 'training_days': 80, 'n_estimators': 363, 'max_depth': 3, 'num_leaves': 48, 'learning_rate': 0.06590089024008658, 'subsample': 0.6944752870615722, 'colsample_bytree': 0.962566244806993, 'min_child_samples': 88, 'reg_alpha': 1.6465620446426067e-05, 'reg_lambda': 2.4678750890085655e-08}. Best is trial 0 with value: -0.02461143520637263.
[I 2026-06-01 23:27:51,438] Trial 8 finished with value: -0.08730197278126749 and parameters: {'confidence_threshold': 0.6066688256938841, 'training_days': 200, 'n_estimators': 367, 'max_depth': 5, 'num_leaves': 32, 'learning_rate': 0.13377519215934996, 'subsample': 0.7965884582811106, 'colsample_bytree': 0.8458508993500886, 'min_child_samples': 32, 'reg_alpha': 3.889436043816386e-05, 'reg_lambda': 1.4713062489380356e-06}. Best is trial 0 with value: -0.02461143520637263.
