[I 2026-06-01 23:30:15,097] Trial 9 finished with value: -3.989781296060592 and parameters: {'confidence_threshold': 0.7267463643917187, 'training_days': 20, 'n_estimators': 337, 'max_depth': 5, 'num_leaves': 23, 'learning_rate': 0.022153031811454605, 'subsample': 0.6305627572358737, 'colsample_bytree': 0.6613413774216214, 'min_child_samples': 81, 'reg_alpha': 5.7638634029410314e-08, 'reg_lambda': 8.26603016764008}. Best is trial 8 with value: 0.133826543081159.
[I 2026-06-01 23:30:15,456] Trial 10 finished with value: -1.868830552885301 and parameters: {'confidence_threshold': 0.8283920119574972, 'training_days': 400, 'n_estimators': 485, 'max_depth': 4, 'num_leaves': 63, 'learning_rate': 0.011927505552849117, 'subsample': 0.7130289643560688, 'colsample_bytree': 0.9944479338273263, 'min_child_samples': 100, 'reg_alpha': 5.0239970328459277e-05, 'reg_lambda': 0.0028438774509831773}. Best is trial 8 with value: 0.133826543081159.
[I 2026-06-01 23:30:15,568] Trial 11 finished with value: 0.14966544173718338 and parameters: {'confidence_threshold': 0.7766282449189577, 'training_days': 190, 'n_estimators': 186, 'max_depth': 3, 'num_leaves': 58, 'learning_rate': 0.029354876456257728, 'subsample': 0.7459055835274097, 'colsample_bytree': 0.8016610248739169, 'min_child_samples': 100, 'reg_alpha': 2.3530491583503867e-05, 'reg_lambda': 7.067893525937578}. Best is trial 11 with value: 0.14966544173718338.
[I 2026-06-01 23:30:15,709] Trial 12 finished with value: -1.9115040882363263 and parameters: {'confidence_threshold': 0.7820600390762451, 'training_days': 200, 'n_estimators': 219, 'max_depth': 4, 'num_leaves': 59, 'learning_rate': 0.01924681962976845, 'subsample': 0.7031217793761884, 'colsample_bytree': 0.6550757185518237, 'min_child_samples': 85, 'reg_alpha': 3.0366481742941654e-05, 'reg_lambda': 0.008293573582047036}. Best is trial 11 with value: 0.14966544173718338.
[I 2026-06-01 23:30:16,089] Trial 13 finished with value: 0.105412782618915 and parameters: {'confidence_threshold': 0.7787863434492263, 'training_days': 360, 'n_estimators': 476, 'max_depth': 4, 'num_leaves': 55, 'learning_rate': 0.025928125322233722, 'subsample': 0.7648858099106499, 'colsample_bytree': 0.8026832163283323, 'min_child_samples': 90, 'reg_alpha': 8.465942575614097e-06, 'reg_lambda': 6.822293390117055}. Best is trial 11 with value: 0.14966544173718338.
[I 2026-06-01 23:30:16,216] Trial 14 finished with value: -1.9511356331396144 and parameters: {'confidence_threshold': 0.7592501876464843, 'training_days': 150, 'n_estimators': 223, 'max_depth': 3, 'num_leaves': 53, 'learning_rate': 0.012336773265601368, 'subsample': 0.9741208330882516, 'colsample_bytree': 0.9309168871218617, 'min_child_samples': 70, 'reg_alpha': 0.0006256676634734064, 'reg_lambda': 3.815514745545098e-06}. Best is trial 11 with value: 0.14966544173718338.
[I 2026-06-01 23:30:16,411] Trial 15 finished with value: 0.09111993151108057 and parameters: {'confidence_threshold': 0.84897180008144, 'training_days': 500, 'n_estimators': 280, 'max_depth': 3, 'num_leaves': 52, 'learning_rate': 0.10775259849006046, 'subsample': 0.6512150728280258, 'colsample_bytree': 0.502925720040233, 'min_child_samples': 100, 'reg_alpha': 0.002133995302102601, 'reg_lambda': 0.0013467843257158065}. Best is trial 11 with value: 0.14966544173718338.
[I 2026-06-01 23:30:16,565] Trial 16 finished with value: 0.1570316606290223 and parameters: {'confidence_threshold': 0.7463092843201531, 'training_days': 340, 'n_estimators': 153, 'max_depth': 4, 'num_leaves': 62, 'learning_rate': 0.04237124023382382, 'subsample': 0.5196123615777505, 'colsample_bytree': 0.7365251254404247, 'min_child_samples': 55, 'reg_alpha': 2.192455664091066e-06, 'reg_lambda': 0.0907873920808829}. Best is trial 16 with value: 0.1570316606290223.
[I 2026-06-01 23:30:16,701] Trial 17 finished with value: 0.09081738469106762 and parameters: {'confidence_threshold': 0.5080881579696632, 'training_days': 330, 'n_estimators': 147, 'max_depth': 3, 'num_leaves': 63, 'learning_rate': 0.01830946254394227, 'subsample': 0.8002407697944357, 'colsample_bytree': 0.7244099579308704, 'min_child_samples': 54, 'reg_alpha': 4.902187722676547e-06, 'reg_lambda': 0.03687012925947551}. Best is trial 16 with value: 0.1570316606290223.

    [trial 1] 49 features, training_days=220 | threshold=0.755 | labels: 1125 long, 1046 short (52/48%)
    [trial 1] Sharpe=-1.9798 (folds: -10.0000, 0.1341, -0.0540, -0.2907, 0.3114)
    [trial 2] 49 features, training_days=310 | threshold=0.754 | labels: 1125 long, 1046 short (52/48%)
    [trial 2] Sharpe=0.0612 (folds: 0.2179, 0.0432, 0.0781, -0.2731, 0.2399)
    [trial 3] 49 features, training_days=220 | threshold=0.673 | labels: 1125 long, 1046 short (52/48%)
    [trial 3] Sharpe=0.0137 (folds: 0.1063, -0.0701, -0.1620, 0.0316, 0.1627)
    [trial 4] 49 features, training_days=130 | threshold=0.803 | labels: 1125 long, 1046 short (52/48%)
    [trial 4] Sharpe=0.1185 (folds: 0.1526, 0.0642, 0.3449, -0.1091, 0.1398)
    [trial 5] 49 features, training_days=210 | threshold=0.606 | labels: 1125 long, 1046 short (52/48%)
    [trial 5] Sharpe=0.0569 (folds: 0.1290, -0.0194, -0.0827, 0.0315, 0.2262)
    [trial 6] 49 features, training_days=130 | threshold=0.767 | labels: 1125 long, 1046 short (52/48%)
    [trial 6] Sharpe=0.0555 (folds: 0.1336, -0.0066, 0.1444, -0.1104, 0.1166)
    [trial 7] 49 features, training_days=80 | threshold=0.556 | labels: 1125 long, 1046 short (52/48%)
    [trial 7] Sharpe=0.0244 (folds: -0.1275, -0.1347, 0.0612, 0.1626, 0.1606)
    [trial 8] 49 features, training_days=200 | threshold=0.607 | labels: 1125 long, 1046 short (52/48%)
    [trial 8] Sharpe=0.0391 (folds: 0.1326, -0.0368, -0.0619, 0.0360, 0.1256)
    [trial 9] 49 features, training_days=260 | threshold=0.620 | labels: 1125 long, 1046 short (52/48%)
    [trial 9] Sharpe=0.0832 (folds: 0.0861, 0.0597, 0.0621, 0.1041, 0.1041)
    [trial 10] 49 features, training_days=470 | threshold=0.845 | labels: 1125 long, 1046 short (52/48%)
    [trial 10] Sharpe=0.3030 (folds: 0.4866, 0.1756, 0.2273, 0.2749, 0.3504)
    [trial 11] 49 features, training_days=500 | threshold=0.837 | labels: 1125 long, 1046 short (52/48%)
    [trial 11] Sharpe=0.3906 (folds: 0.4654, 0.2926, 0.2325, 0.2338, 0.7289)
    [trial 12] 49 features, training_days=500 | threshold=0.831 | labels: 1125 long, 1046 short (52/48%)
    [trial 12] Sharpe=0.4235 (folds: 0.4922, 0.3116, 0.2307, 0.2844, 0.7989)
    [trial 13] 49 features, training_days=500 | threshold=0.832 | labels: 1125 long, 1046 short (52/48%)
    [trial 13] Sharpe=0.3739 (folds: 0.4515, 0.2868, 0.1533, 0.2751, 0.7026)
    [trial 14] 49 features, training_days=400 | threshold=0.697 | labels: 1125 long, 1046 short (52/48%)
    [trial 14] Sharpe=0.1188 (folds: 0.2529, 0.0451, 0.0882, -0.0161, 0.2238)
    [trial 15] 49 features, training_days=390 | threshold=0.503 | labels: 1125 long, 1046 short (52/48%)
    [trial 15] Sharpe=0.0813 (folds: 0.1840, 0.0098, 0.0112, -0.0071, 0.2087)
    [trial 16] 49 features, training_days=430 | threshold=0.798 | labels: 1125 long, 1046 short (52/48%)
    [trial 16] Sharpe=0.2262 (folds: 0.2972, 0.2361, 0.2410, 0.1258, 0.2308)
    [trial 17] 49 features, training_days=330 | threshold=0.711 | labels: 1125 long, 1046 short (52/48%)
    [trial 17] Sharpe=0.0686 (folds: 0.0513, 0.0923, -0.0267, -0.0395, 0.2657)
  Optuna: 18 trials, best Sharpe = 0.4235
  Best params: n_estimators=499, max_depth=4, lr=0.0102, leaves=63
  Best confidence_threshold: 0.831
  Best training_days: 500
  Retrained on full data (1500 samples, 49 features)
  [ensemble 3/3] seed=456
    [trial 0] 49 features, training_days=90 | threshold=0.587 | labels: 1125 long, 1046 short (52/48%)
    [CV fold 0] train_end=2022-10-23 08:00 | val_start=2022-10-31 00:00 | gap=184h (22 rows)
    [CV fold 1] train_end=2023-02-20 16:00 | val_start=2023-02-28 08:00 | gap=184h (22 rows)
    [CV fold 2] train_end=2023-06-21 00:00 | val_start=2023-06-28 16:00 | gap=184h (22 rows)
    [CV fold 3] train_end=2023-10-19 08:00 | val_start=2023-10-27 00:00 | gap=184h (22 rows)
    [CV fold 4] train_end=2024-02-16 16:00 | val_start=2024-02-24 08:00 | gap=184h (22 rows)
    [trial 0] Sharpe=0.0341 (folds: -0.0603, -0.1018, 0.1046, 0.0954, 0.1325)
    [trial 1] 49 features, training_days=290 | threshold=0.635 | labels: 1125 long, 1046 short (52/48%)
    [trial 1] Sharpe=0.0594 (folds: 0.0796, 0.0871, 0.0116, -0.0693, 0.1881)
    [trial 2] 49 features, training_days=10 | threshold=0.585 | labels: 1125 long, 1046 short (52/48%)
    [trial 2] Sharpe=-0.0645 (folds: -0.3719, -0.0282, 0.1132, -0.1586, 0.1229)
    [trial 3] 49 features, training_days=220 | threshold=0.687 | labels: 1125 long, 1046 short (52/48%)
    [trial 3] Sharpe=0.1230 (folds: 0.2794, 0.1139, -0.0430, 0.1019, 0.1625)
    [trial 4] 49 features, training_days=300 | threshold=0.562 | labels: 1125 long, 1046 short (52/48%)
    [trial 4] Sharpe=0.0420 (folds: 0.1603, -0.0597, -0.0146, -0.0512, 0.1751)
    [trial 5] 49 features, training_days=490 | threshold=0.711 | labels: 1125 long, 1046 short (52/48%)
    [trial 5] Sharpe=0.1048 (folds: 0.2414, 0.0018, 0.0490, -0.0227, 0.2544)
    [trial 6] 49 features, training_days=420 | threshold=0.667 | labels: 1125 long, 1046 short (52/48%)
    [trial 6] Sharpe=0.0781 (folds: 0.1859, 0.0088, 0.0822, -0.0463, 0.1598)
    [trial 7] 49 features, training_days=120 | threshold=0.550 | labels: 1125 long, 1046 short (52/48%)
    [trial 7] Sharpe=0.0840 (folds: 0.1259, 0.0627, 0.1841, -0.0595, 0.1070)
    [trial 8] 49 features, training_days=450 | threshold=0.720 | labels: 1125 long, 1046 short (52/48%)
    [trial 8] Sharpe=0.1338 (folds: 0.3017, 0.0905, 0.0252, -0.0799, 0.3316)
    [trial 9] 49 features, training_days=20 | threshold=0.727 | labels: 1125 long, 1046 short (52/48%)
    [trial 9] Sharpe=-3.9898 (folds: 0.2820, -10.0000, -0.2278, -0.0031, -10.0000)
    [trial 10] 49 features, training_days=400 | threshold=0.828 | labels: 1125 long, 1046 short (52/48%)
    [trial 10] Sharpe=-1.8688 (folds: -10.0000, 0.4333, 0.1584, -0.0534, 0.1176)
    [trial 11] 49 features, training_days=190 | threshold=0.777 | labels: 1125 long, 1046 short (52/48%)
    [trial 11] Sharpe=0.1497 (folds: 0.4568, 0.1064, 0.0340, 0.0261, 0.1251)
    [trial 12] 49 features, training_days=200 | threshold=0.782 | labels: 1125 long, 1046 short (52/48%)
    [trial 12] Sharpe=-1.9115 (folds: -10.0000, 0.0335, 0.0732, 0.1308, 0.2050)
    [trial 13] 49 features, training_days=360 | threshold=0.779 | labels: 1125 long, 1046 short (52/48%)
    [trial 13] Sharpe=0.1054 (folds: 0.1664, 0.1107, -0.0553, -0.0404, 0.3457)
    [trial 14] 49 features, training_days=150 | threshold=0.759 | labels: 1125 long, 1046 short (52/48%)
    [trial 14] Sharpe=-1.9511 (folds: -10.0000, -0.0008, 0.1330, -0.0505, 0.1626)
    [trial 15] 49 features, training_days=500 | threshold=0.849 | labels: 1125 long, 1046 short (52/48%)
    [trial 15] Sharpe=0.0911 (folds: 0.1712, 0.0371, 0.0357, -0.0980, 0.3096)
    [trial 16] 49 features, training_days=340 | threshold=0.746 | labels: 1125 long, 1046 short (52/48%)
    [trial 16] Sharpe=0.1570 (folds: 0.2996, 0.1218, 0.0687, 0.0629, 0.2322)
    [trial 17] 49 features, training_days=330 | threshold=0.508 | labels: 1125 long, 1046 short (52/48%)
    [trial 17] Sharpe=0.0908 (folds: 0.1794, 0.0514, 0.0280, -0.0802, 0.2756)
  Optuna: 18 trials, best Sharpe = 0.1570
  Best params: n_estimators=153, max_depth=4, lr=0.0424, leaves=62
  Best confidence_threshold: 0.746
  Best training_days: 340
  Retrained on full data (1020 samples, 49 features)
  OOD: 16 features, cutoff (q=0.7) = 14.20
  Model trained for 2024-07: 93 test candles with features, confidence_threshold=0.805
[trade:close] 2024-07-02 16:00 LTCUSDT LONG → timeout @ 74.90 | PnL=+5.05% (net +4.95%) | cum=+114.70% 2024-07=+4.95% 2024-07-02=+4.95%
[predict] 2024-07-03 16:00 LTCUSDT → LONG (proba=0.82 TP=7.8%/SL=3.9%)
[trade:open] 2024-07-03 23:59 LTCUSDT LONG @ 72.05 | SL=69.25 TP=77.66 | timeout=2024-07-10 23:59
[trade:close] 2024-07-04 07:59 LTCUSDT LONG → stop_loss @ 69.25 | PnL=-3.89% (net -3.99%) | cum=+110.71% 2024-07=+0.96% 2024-07-04=-3.99%
[predict] 2024-07-08 00:00 LTCUSDT → LONG (proba=0.84 TP=14.3%/SL=7.1%)
[trade:open] 2024-07-08 07:59 LTCUSDT LONG @ 62.85 | SL=58.36 TP=71.83 | timeout=2024-07-15 07:59
[trade:close] 2024-07-15 08:00 LTCUSDT LONG → timeout @ 70.28 | PnL=+11.82% (net +11.72%) | cum=+122.43% 2024-07=+12.68% 2024-07-15=+11.72%[I 2026-06-01 23:30:17,340] A new study created in memory with name: no-name-de8a6bcb-0895-4e4a-a947-6e70ab6cd7a1
[I 2026-06-01 23:30:17,712] Trial 0 finished with value: 0.11276606243759804 and parameters: {'confidence_threshold': 0.6310890415965769, 'training_days': 480, 'n_estimators': 380, 'max_depth': 4, 'num_leaves': 22, 'learning_rate': 0.01699897838270077, 'subsample': 0.5290418060840998, 'colsample_bytree': 0.9330880728874675, 'min_child_samples': 68, 'reg_alpha': 0.023585940584142682, 'reg_lambda': 1.5320059381854043e-08}. Best is trial 0 with value: 0.11276606243759804.
[I 2026-06-01 23:30:17,846] Trial 1 finished with value: -0.11115556595509397 and parameters: {'confidence_threshold': 0.839468448256698, 'training_days': 420, 'n_estimators': 145, 'max_depth': 3, 'num_leaves': 23, 'learning_rate': 0.028145092716060652, 'subsample': 0.762378215816119, 'colsample_bytree': 0.7159725093210578, 'min_child_samples': 43, 'reg_alpha': 0.0032112643094417484, 'reg_lambda': 1.8007140198129195e-07}. Best is trial 0 with value: 0.11276606243759804.
[I 2026-06-01 23:30:18,012] Trial 2 finished with value: 0.05373945284926392 and parameters: {'confidence_threshold': 0.6022506269873263, 'training_days': 190, 'n_estimators': 255, 'max_depth': 5, 'num_leaves': 24, 'learning_rate': 0.05748924681991978, 'subsample': 0.7962072844310213, 'colsample_bytree': 0.5232252063599989, 'min_child_samples': 69, 'reg_alpha': 3.425445902633376e-07, 'reg_lambda': 3.850031979199519e-08}. Best is trial 0 with value: 0.11276606243759804.
[I 2026-06-01 23:30:18,296] Trial 3 finished with value: 0.0594482814519761 and parameters: {'confidence_threshold': 0.8321099380386666, 'training_days': 490, 'n_estimators': 414, 'max_depth': 3, 'num_leaves': 19, 'learning_rate': 0.1024932221692416, 'subsample': 0.7200762468698007, 'colsample_bytree': 0.5610191174223894, 'min_child_samples': 60, 'reg_alpha': 2.039373116525212e-08, 'reg_lambda': 1.527156759251193}. Best is trial 0 with value: 0.11276606243759804.
[I 2026-06-01 23:30:18,454] Trial 4 finished with value: 0.09073122636273241 and parameters: {'confidence_threshold': 0.5905729935600059, 'training_days': 340, 'n_estimators': 190, 'max_depth': 4, 'num_leaves': 41, 'learning_rate': 0.01875220945578641, 'subsample': 0.9847923138822793, 'colsample_bytree': 0.8875664116805573, 'min_child_samples': 96, 'reg_alpha': 1.1309571585271483, 'reg_lambda': 0.002404915432737351}. Best is trial 0 with value: 0.11276606243759804.
[I 2026-06-01 23:30:18,501] Trial 5 finished with value: 0.040374099230829893 and parameters: {'confidence_threshold': 0.8226559822580909, 'training_days': 50, 'n_estimators': 138, 'max_depth': 3, 'num_leaves': 30, 'learning_rate': 0.03750796359625606, 'subsample': 0.6356745158869479, 'colsample_bytree': 0.9143687545759647, 'min_child_samples': 48, 'reg_alpha': 3.376063348877853e-06, 'reg_lambda': 0.0007660634613082914}. Best is trial 0 with value: 0.11276606243759804.
[I 2026-06-01 23:30:18,614] Trial 6 finished with value: 0.1175128148742832 and parameters: {'confidence_threshold': 0.5493234787411669, 'training_days': 410, 'n_estimators': 83, 'max_depth': 5, 'num_leaves': 52, 'learning_rate': 0.019657448966046126, 'subsample': 0.5027610585618012, 'colsample_bytree': 0.9077307142274171, 'min_child_samples': 77, 'reg_alpha': 0.03639690979811287, 'reg_lambda': 0.08738424135626986}. Best is trial 6 with value: 0.1175128148742832.
[I 2026-06-01 23:30:18,708] Trial 7 finished with value: 0.0840007983462456 and parameters: {'confidence_threshold': 0.5259156281069316, 'training_days': 180, 'n_estimators': 102, 'max_depth': 5, 'num_leaves': 45, 'learning_rate': 0.030816017044468066, 'subsample': 0.5317791751430119, 'colsample_bytree': 0.6554911608578311, 'min_child_samples': 46, 'reg_alpha': 0.036851536911881845, 'reg_lambda': 0.005470376807480391}. Best is trial 6 with value: 0.1175128148742832.
[I 2026-06-01 23:30:18,818] Trial 8 finished with value: 0.03948894918582402 and parameters: {'confidence_threshold': 0.8105244599017143, 'training_days': 240, 'n_estimators': 103, 'max_depth': 5, 'num_leaves': 52, 'learning_rate': 0.06746437142284309, 'subsample': 0.8854835899772805, 'colsample_bytree': 0.7468977981821954, 'min_child_samples': 62, 'reg_alpha': 7.04480806377519e-05, 'reg_lambda': 1.6934490731313353e-08}. Best is trial 6 with value: 0.1175128148742832.
[I 2026-06-01 23:30:18,844] Trial 9 finished with value: -0.024776768213346116 and parameters: {'confidence_threshold': 0.5377619994476566, 'training_days': 20, 'n_estimators': 337, 'max_depth': 3, 'num_leaves': 39, 'learning_rate': 0.21907142272152816, 'subsample': 0.6246461145744375, 'colsample_bytree': 0.7051914615178149, 'min_child_samples': 81, 'reg_alpha': 1.1459970229341322e-06, 'reg_lambda': 4.929685216887945e-08}. Best is trial 6 with value: 0.1175128148742832.
[I 2026-06-01 23:30:19,547] Trial 10 finished with value: 0.12154700733739321 and parameters: {'confidence_threshold': 0.7378545837642324, 'training_days': 350, 'n_estimators': 487, 'max_depth': 5, 'num_leaves': 62, 'learning_rate': 0.011407797829608154, 'subsample': 0.628963476300746, 'colsample_bytree': 0.8340915966600303, 'min_child_samples': 27, 'reg_alpha': 8.536188349289, 'reg_lambda': 8.145051292774586}. Best is trial 10 with value: 0.12154700733739321.
[I 2026-06-01 23:30:20,277] Trial 11 finished with value: 0.1197349410780864 and parameters: {'confidence_threshold': 0.7161090655475574, 'training_days': 340, 'n_estimators': 469, 'max_depth': 5, 'num_leaves': 62, 'learning_rate': 0.010432023013264416, 'subsample': 0.6089267919181687, 'colsample_bytree': 0.839514762445579, 'min_child_samples': 20, 'reg_alpha': 4.101459409586907, 'reg_lambda': 9.674676883280053}. Best is trial 10 with value: 0.12154700733739321.
[I 2026-06-01 23:30:20,869] Trial 12 finished with value: 0.08942243387032153 and parameters: {'confidence_threshold': 0.7297339240159137, 'training_days': 320, 'n_estimators': 496, 'max_depth': 4, 'num_leaves': 63, 'learning_rate': 0.010345606055684764, 'subsample': 0.6401469569045313, 'colsample_bytree': 0.8222666041123305, 'min_child_samples': 20, 'reg_alpha': 5.771866614729529, 'reg_lambda': 4.068197949201287}. Best is trial 10 with value: 0.12154700733739321.
[I 2026-06-01 23:30:21,650] Trial 13 finished with value: 0.09586379340454834 and parameters: {'confidence_threshold': 0.7202892812668327, 'training_days': 320, 'n_estimators': 500, 'max_depth': 5, 'num_leaves': 62, 'learning_rate': 0.010490123274490452, 'subsample': 0.6866291716128416, 'colsample_bytree': 0.998946654046762, 'min_child_samples': 21, 'reg_alpha': 1.3806058092546691, 'reg_lambda': 1.0005247479739311e-05}. Best is trial 10 with value: 0.12154700733739321.
[I 2026-06-01 23:30:22,128] Trial 14 finished with value: 0.08278989096038063 and parameters: {'confidence_threshold': 0.7467244789105287, 'training_days': 380, 'n_estimators': 432, 'max_depth': 4, 'num_leaves': 56, 'learning_rate': 0.010286116956955036, 'subsample': 0.5853788474695865, 'colsample_bytree': 0.8196828421176937, 'min_child_samples': 31, 'reg_alpha': 6.243069797304175, 'reg_lambda': 0.19077794724538427}. Best is trial 10 with value: 0.12154700733739321.
[I 2026-06-01 23:30:22,535] Trial 15 finished with value: 0.029953350320846506 and parameters: {'confidence_threshold': 0.6753264252665752, 'training_days': 250, 'n_estimators': 332, 'max_depth': 5, 'num_leaves': 57, 'learning_rate': 0.2656554302157523, 'subsample': 0.7985215033339714, 'colsample_bytree': 0.8100744538922787, 'min_child_samples': 33, 'reg_alpha': 0.28389380687751853, 'reg_lambda': 6.211365108573285}. Best is trial 10 with value: 0.12154700733739321.
[I 2026-06-01 23:30:22,972] Trial 16 finished with value: 0.07426529836076312 and parameters: {'confidence_threshold': 0.7774033151001597, 'training_days': 290, 'n_estimators': 453, 'max_depth': 4, 'num_leaves': 50, 'learning_rate': 0.015379775696614754, 'subsample': 0.6979826615350619, 'colsample_bytree': 0.632035183231185, 'min_child_samples': 33, 'reg_alpha': 0.0004790370746190673, 'reg_lambda': 0.03695361259880048}. Best is trial 10 with value: 0.12154700733739321.
[I 2026-06-01 23:30:23,143] Trial 17 finished with value: 0.04359555204827927 and parameters: {'confidence_threshold': 0.6831688023696163, 'training_days': 150, 'n_estimators': 267, 'max_depth': 5, 'num_leaves': 34, 'learning_rate': 0.14168046193643385, 'subsample': 0.5805706315737604, 'colsample_bytree': 0.849491846877562, 'min_child_samples': 26, 'reg_alpha': 0.4838550687929037, 'reg_lambda': 6.218788543859664e-06}. Best is trial 10 with value: 0.12154700733739321.
[I 2026-06-01 23:30:23,646] A new study created in memory with name: no-name-aa4d6be5-7071-40c3-a672-f84dddaa987a
[I 2026-06-01 23:30:23,738] Trial 0 finished with value: 0.09754002741078548 and parameters: {'confidence_threshold': 0.7437642149592516, 'training_days': 150, 'n_estimators': 152, 'max_depth': 4, 'num_leaves': 50, 'learning_rate': 0.04216766425047743, 'subsample': 0.9903820991923078, 'colsample_bytree': 0.8424148692924316, 'min_child_samples': 58, 'reg_alpha': 3.381097259762742e-05, 'reg_lambda': 1.2263152961306247e-05}. Best is trial 0 with value: 0.09754002741078548.
