[I 2026-06-01 23:31:21,581] Trial 0 finished with value: 0.03515592966530885 and parameters: {'confidence_threshold': 0.7437642149592516, 'training_days': 150, 'n_estimators': 152, 'max_depth': 4, 'num_leaves': 50, 'learning_rate': 0.04216766425047743, 'subsample': 0.9903820991923078, 'colsample_bytree': 0.8424148692924316, 'min_child_samples': 58, 'reg_alpha': 3.381097259762742e-05, 'reg_lambda': 1.2263152961306247e-05}. Best is trial 0 with value: 0.03515592966530885.

[trade:open] 2024-11-06 23:59 LTCUSDT SHORT @ 71.04 | SL=74.92 TP=63.28 | timeout=2024-11-13 23:59
[trade:close] 2024-11-10 07:59 LTCUSDT SHORT → stop_loss @ 74.92 | PnL=-5.46% (net -5.56%) | cum=+119.91% 2024-11=-5.56% 2024-11-10=-5.56%
[lgbm] === Training for 2024-12 ===
  Train window: 2022-12-01 → 2024-11-23
  2171 training samples from 1 symbols
  Samples per month: 2022-12: 93, 2023-01: 93, 2023-02: 84, 2023-03: 93, 2023-04: 90, 2023-05: 93, 2023-06: 90, 2023-07: 93, 2023-08: 93, 2023-09: 90, 2023-10: 93, 2023-11: 90, 2023-12: 93, 2024-01: 93, 2024-02: 87, 2024-03: 93, 2024-04: 90, 2024-05: 93, 2024-06: 90, 2024-07: 93, 2024-08: 93, 2024-09: 90, 2024-10: 93, 2024-11: 68
  [label] 2023-01-31 16:00 LTCUSDT entry=94.1100 → LONG | long=timeout(+7.11%) short=sl(-5.88%) | scanned=22 | no_tp→fwd_return=+7.2150
  [label] 2023-02-03 00:00 LTCUSDT entry=98.1400 → SHORT | long=sl(-6.28%) short=timeout(+5.17%) | scanned=22 | no_tp→fwd_return=-5.2680
  [label] 2023-02-06 16:00 LTCUSDT entry=95.9700 → SHORT | long=sl(-5.02%) short=sl(-5.02%) | scanned=9 | no_tp→fwd_return=-4.1263
  [label] 2023-03-03 08:00 LTCUSDT entry=89.3400 → SHORT | long=sl(-5.63%) short=tp(+10.95%) | scanned=19 | short_tp_only
  [label] 2023-04-25 00:00 LTCUSDT entry=87.5600 → LONG | long=timeout(-0.08%) short=sl(-5.52%) | scanned=22 | no_tp→fwd_return=+0.0228
  [label] 2023-10-08 00:00 LTCUSDT entry=65.4900 → SHORT | long=sl(-2.86%) short=tp(+5.41%) | scanned=5 | short_tp_only
  [label] 2023-10-12 00:00 LTCUSDT entry=61.1800 → LONG | long=tp(+6.19%) short=sl(-3.24%) | scanned=13 | long_tp_only
  [label] 2023-10-22 16:00 LTCUSDT entry=65.2300 → LONG | long=tp(+7.14%) short=sl(-3.72%) | scanned=3 | long_tp_only
  [label] 2023-12-06 16:00 LTCUSDT entry=72.4400 → LONG | long=tp(+8.40%) short=sl(-4.35%) | scanned=6 | long_tp_only
  [label] 2023-12-15 08:00 LTCUSDT entry=71.3000 → LONG | long=timeout(+0.77%) short=timeout(-0.97%) | scanned=22 | no_tp→fwd_return=+0.8696
  [label] 2024-03-14 16:00 LTCUSDT entry=94.1800 → SHORT | long=sl(-9.10%) short=tp(+17.91%) | scanned=15 | short_tp_only
  [label] 2024-04-15 16:00 LTCUSDT entry=78.0600 → LONG | long=timeout(+9.23%) short=timeout(-9.43%) | scanned=22 | no_tp→fwd_return=+9.3262
  [label] 2024-05-02 00:00 LTCUSDT entry=78.8200 → LONG | long=timeout(+3.24%) short=sl(-6.43%) | scanned=22 | no_tp→fwd_return=+3.3367
  [label] 2024-05-14 16:00 LTCUSDT entry=78.7300 → LONG | long=tp(+8.11%) short=sl(-4.21%) | scanned=18 | long_tp_only
  [label] 2024-06-02 00:00 LTCUSDT entry=82.8900 → SHORT | long=sl(-3.16%) short=sl(-3.16%) | scanned=17 | no_tp→fwd_return=-3.3176
  [label] 2024-06-08 08:00 LTCUSDT entry=79.4500 → SHORT | long=sl(-4.13%) short=timeout(+1.11%) | scanned=22 | no_tp→fwd_return=-1.2083
  [label] 2024-06-20 16:00 LTCUSDT entry=74.6600 → SHORT | long=sl(-4.51%) short=tp(+8.73%) | scanned=12 | short_tp_only
  [label] 2024-07-30 08:00 LTCUSDT entry=73.2200 → SHORT | long=sl(-4.28%) short=tp(+8.26%) | scanned=7 | short_tp_only
  [label] 2024-08-09 00:00 LTCUSDT entry=60.6200 → LONG | long=timeout(+7.79%) short=sl(-8.31%) | scanned=22 | no_tp→fwd_return=+7.8852
  [label] 2024-11-03 08:00 LTCUSDT entry=65.9100 → LONG | long=tp(+9.56%) short=sl(-4.93%) | scanned=11 | long_tp_only
  Labels: 1116 long (51.4%), 1055 short (48.6%) | weights: min=1.00, mean=3.36, max=10.00
  Features: 2171/2171 matched, 49 columns
  CV gap: 22 rows
  [ensemble 1/3] seed=42
    [trial 0] 49 features, training_days=480 | threshold=0.631 | labels: 1116 long, 1055 short (51/49%)
    [CV fold 0] train_end=2023-03-25 08:00 | val_start=2023-04-02 00:00 | gap=184h (22 rows)
    [CV fold 1] train_end=2023-07-23 16:00 | val_start=2023-07-31 08:00 | gap=184h (22 rows)
    [CV fold 2] train_end=2023-11-21 00:00 | val_start=2023-11-28 16:00 | gap=184h (22 rows)
    [CV fold 3] train_end=2024-03-20 08:00 | val_start=2024-03-28 00:00 | gap=184h (22 rows)
    [CV fold 4] train_end=2024-07-18 16:00 | val_start=2024-07-26 08:00 | gap=184h (22 rows)
    [trial 0] Sharpe=0.0772 (folds: -0.1508, -0.0100, 0.2298, 0.2582, 0.0589)
    [trial 1] 49 features, training_days=420 | threshold=0.839 | labels: 1116 long, 1055 short (51/49%)
    [trial 1] Sharpe=-1.8568 (folds: -0.1297, -0.1567, -10.0000, -0.2736, 1.2760)
    [trial 2] 49 features, training_days=190 | threshold=0.602 | labels: 1116 long, 1055 short (51/49%)
    [trial 2] Sharpe=0.0296 (folds: -0.1432, 0.1861, 0.0243, 0.0952, -0.0143)
    [trial 3] 49 features, training_days=490 | threshold=0.832 | labels: 1116 long, 1055 short (51/49%)
    [trial 3] Sharpe=0.0445 (folds: -0.2109, -0.0109, 0.1312, 0.1716, 0.1414)
    [trial 4] 49 features, training_days=340 | threshold=0.591 | labels: 1116 long, 1055 short (51/49%)
    [trial 4] Sharpe=0.0353 (folds: -0.1502, -0.0332, 0.2078, 0.2467, -0.0946)
    [trial 5] 49 features, training_days=50 | threshold=0.823 | labels: 1116 long, 1055 short (51/49%)
    [trial 5] Sharpe=0.0517 (folds: 0.0500, 0.0957, 0.1599, -0.0451, -0.0017)
    [trial 6] 49 features, training_days=410 | threshold=0.549 | labels: 1116 long, 1055 short (51/49%)
    [trial 6] Sharpe=0.0874 (folds: -0.1322, -0.0272, 0.3605, 0.2505, -0.0145)
    [trial 7] 49 features, training_days=180 | threshold=0.526 | labels: 1116 long, 1055 short (51/49%)
    [trial 7] Sharpe=0.0752 (folds: -0.0308, 0.2236, 0.0726, 0.1091, 0.0015)
    [trial 8] 49 features, training_days=240 | threshold=0.811 | labels: 1116 long, 1055 short (51/49%)
    [trial 8] Sharpe=0.0316 (folds: -0.1794, -0.0001, 0.1827, 0.1532, 0.0019)
    [trial 9] 49 features, training_days=20 | threshold=0.538 | labels: 1116 long, 1055 short (51/49%)
    [trial 9] Sharpe=-0.0300 (folds: -0.1119, 0.0268, -0.1235, -0.1527, 0.2111)
    [trial 10] 49 features, training_days=350 | threshold=0.738 | labels: 1116 long, 1055 short (51/49%)
    [trial 10] Sharpe=0.0990 (folds: -0.0288, -0.1791, 0.2480, 0.2328, 0.2219)
    [trial 11] 49 features, training_days=340 | threshold=0.716 | labels: 1116 long, 1055 short (51/49%)
    [trial 11] Sharpe=0.1148 (folds: -0.0500, -0.1507, 0.2239, 0.3348, 0.2162)
    [trial 12] 49 features, training_days=320 | threshold=0.730 | labels: 1116 long, 1055 short (51/49%)
    [trial 12] Sharpe=0.0996 (folds: -0.0037, -0.1520, 0.3111, 0.2338, 0.1090)
    [trial 13] 49 features, training_days=310 | threshold=0.718 | labels: 1116 long, 1055 short (51/49%)
    [trial 13] Sharpe=0.0982 (folds: -0.0463, -0.1589, 0.2662, 0.2421, 0.1877)
    [trial 14] 49 features, training_days=260 | threshold=0.691 | labels: 1116 long, 1055 short (51/49%)
    [trial 14] Sharpe=0.0841 (folds: -0.0069, -0.0959, 0.2479, 0.2446, 0.0307)
    [trial 15] 49 features, training_days=130 | threshold=0.764 | labels: 1116 long, 1055 short (51/49%)
    [trial 15] Sharpe=0.0746 (folds: -0.0592, 0.2861, 0.1262, 0.1294, -0.1095)
    [trial 16] 49 features, training_days=380 | threshold=0.649 | labels: 1116 long, 1055 short (51/49%)
    [trial 16] Sharpe=0.1007 (folds: -0.0275, -0.0519, 0.3519, 0.1940, 0.0369)
    [trial 17] 49 features, training_days=410 | threshold=0.653 | labels: 1116 long, 1055 short (51/49%)
    [trial 17] Sharpe=0.0895 (folds: -0.0239, -0.0506, 0.3368, 0.2222, -0.0369)
  Optuna: 18 trials, best Sharpe = 0.1148
  Best params: n_estimators=469, max_depth=5, lr=0.0104, leaves=62
  Best confidence_threshold: 0.716
  Best training_days: 340
  Retrained on full data (1020 samples, 49 features)
  [ensemble 2/3] seed=123
    [trial 0] 49 features, training_days=150 | threshold=0.744 | labels: 1116 long, 1055 short (51/49%)
    [CV fold 0] train_end=2023-03-25 08:00 | val_start=2023-04-02 00:00 | gap=184h (22 rows)
    [CV fold 1] train_end=2023-07-23 16:00 | val_start=2023-07-31 08:00 | gap=184h (22 rows)
    [CV fold 2] train_end=2023-11-21 00:00 | val_start=2023-11-28 16:00 | gap=184h (22 rows)
    [CV fold 3] train_end=2024-03-20 08:00 | val_start=2024-03-28 00:00 | gap=184h (22 rows)
    [CV fold 4] train_end=2024-07-18 16:00 | val_start=2024-07-26 08:00 | gap=184h (22 rows)
    [trial 0] Sharpe=0.0352 (folds: -0.1511, 0.3357, 0.0320, 0.0622, -0.1030)
    [trial 1] 49 features, training_days=220 | threshold=0.755 | labels: 1116 long, 1055 short (51/49%)[I 2026-06-01 23:31:21,664] Trial 1 finished with value: -1.9655229975047888 and parameters: {'confidence_threshold': 0.7551673975844145, 'training_days': 220, 'n_estimators': 76, 'max_depth': 4, 'num_leaves': 51, 'learning_rate': 0.018602118810743477, 'subsample': 0.5877258780737462, 'colsample_bytree': 0.7657756869209191, 'min_child_samples': 63, 'reg_alpha': 0.005123994170264194, 'reg_lambda': 0.44145470178120466}. Best is trial 0 with value: 0.03515592966530885.
[I 2026-06-01 23:31:21,931] Trial 2 finished with value: 0.05203533725165714 and parameters: {'confidence_threshold': 0.7535593637012223, 'training_days': 310, 'n_estimators': 375, 'max_depth': 3, 'num_leaves': 32, 'learning_rate': 0.021735641882032388, 'subsample': 0.6468570231944146, 'colsample_bytree': 0.8154880619272439, 'min_child_samples': 27, 'reg_alpha': 8.004064028491336e-05, 'reg_lambda': 7.546835261630524e-05}. Best is trial 2 with value: 0.05203533725165714.
[I 2026-06-01 23:31:22,135] Trial 3 finished with value: 0.03050167621318812 and parameters: {'confidence_threshold': 0.6727897841776072, 'training_days': 220, 'n_estimators': 190, 'max_depth': 4, 'num_leaves': 58, 'learning_rate': 0.24810689332636193, 'subsample': 0.7509183379421682, 'colsample_bytree': 0.8119764758960556, 'min_child_samples': 29, 'reg_alpha': 7.1708285081421445e-06, 'reg_lambda': 5.412973582738627e-05}. Best is trial 2 with value: 0.05203533725165714.
[I 2026-06-01 23:31:22,266] Trial 4 finished with value: 0.03390305159340379 and parameters: {'confidence_threshold': 0.803208205259178, 'training_days': 130, 'n_estimators': 267, 'max_depth': 5, 'num_leaves': 40, 'learning_rate': 0.08041175317374143, 'subsample': 0.5603143329951619, 'colsample_bytree': 0.9131704002534167, 'min_child_samples': 68, 'reg_alpha': 0.0008046593428183385, 'reg_lambda': 1.2158346158765583e-05}. Best is trial 2 with value: 0.05203533725165714.
[I 2026-06-01 23:31:22,511] Trial 5 finished with value: 0.019106697878282116 and parameters: {'confidence_threshold': 0.6064422761595144, 'training_days': 210, 'n_estimators': 357, 'max_depth': 5, 'num_leaves': 40, 'learning_rate': 0.0974221287220869, 'subsample': 0.7929682762811064, 'colsample_bytree': 0.8124517510478, 'min_child_samples': 74, 'reg_alpha': 0.3811377260781234, 'reg_lambda': 5.607314238392041e-08}. Best is trial 2 with value: 0.05203533725165714.
[I 2026-06-01 23:31:22,623] Trial 6 finished with value: 0.07166954045586016 and parameters: {'confidence_threshold': 0.7672889945051684, 'training_days': 130, 'n_estimators': 137, 'max_depth': 4, 'num_leaves': 19, 'learning_rate': 0.2031117614248665, 'subsample': 0.8136244860256343, 'colsample_bytree': 0.8617081790949774, 'min_child_samples': 21, 'reg_alpha': 0.002238138278733199, 'reg_lambda': 0.001025809534977322}. Best is trial 6 with value: 0.07166954045586016.
[I 2026-06-01 23:31:22,714] Trial 7 finished with value: 0.11458065810766929 and parameters: {'confidence_threshold': 0.555635875450653, 'training_days': 80, 'n_estimators': 363, 'max_depth': 3, 'num_leaves': 48, 'learning_rate': 0.06590089024008658, 'subsample': 0.6944752870615722, 'colsample_bytree': 0.962566244806993, 'min_child_samples': 88, 'reg_alpha': 1.6465620446426067e-05, 'reg_lambda': 2.4678750890085655e-08}. Best is trial 7 with value: 0.11458065810766929.
[I 2026-06-01 23:31:23,079] Trial 8 finished with value: 0.07781681010943856 and parameters: {'confidence_threshold': 0.6066688256938841, 'training_days': 200, 'n_estimators': 367, 'max_depth': 5, 'num_leaves': 32, 'learning_rate': 0.13377519215934996, 'subsample': 0.7965884582811106, 'colsample_bytree': 0.8458508993500886, 'min_child_samples': 32, 'reg_alpha': 3.889436043816386e-05, 'reg_lambda': 1.4713062489380356e-06}. Best is trial 7 with value: 0.11458065810766929.
[I 2026-06-01 23:31:23,314] Trial 9 finished with value: 0.025097950751555187 and parameters: {'confidence_threshold': 0.6202096049169137, 'training_days': 260, 'n_estimators': 350, 'max_depth': 3, 'num_leaves': 21, 'learning_rate': 0.02989540198065364, 'subsample': 0.8307821683331218, 'colsample_bytree': 0.923253112635361, 'min_child_samples': 64, 'reg_alpha': 0.4898604619604203, 'reg_lambda': 2.9076377687066166e-05}. Best is trial 7 with value: 0.11458065810766929.
[I 2026-06-01 23:31:23,349] Trial 10 finished with value: -0.020847426174654748 and parameters: {'confidence_threshold': 0.5248809389721337, 'training_days': 10, 'n_estimators': 493, 'max_depth': 3, 'num_leaves': 63, 'learning_rate': 0.010221918552934462, 'subsample': 0.667749445701178, 'colsample_bytree': 0.6202684210924141, 'min_child_samples': 99, 'reg_alpha': 1.3884210513841762e-08, 'reg_lambda': 0.02273343343290072}. Best is trial 7 with value: 0.11458065810766929.
[I 2026-06-01 23:31:23,933] Trial 11 finished with value: 0.09632652669469219 and parameters: {'confidence_threshold': 0.5130958894507832, 'training_days': 480, 'n_estimators': 478, 'max_depth': 5, 'num_leaves': 33, 'learning_rate': 0.12199762873742671, 'subsample': 0.9207175105516022, 'colsample_bytree': 0.9824770089934525, 'min_child_samples': 42, 'reg_alpha': 4.28336488974334e-07, 'reg_lambda': 1.0009016775128433e-08}. Best is trial 7 with value: 0.11458065810766929.
[I 2026-06-01 23:31:24,325] Trial 12 finished with value: 0.07681418705099835 and parameters: {'confidence_threshold': 0.5096527642677648, 'training_days': 500, 'n_estimators': 498, 'max_depth': 3, 'num_leaves': 31, 'learning_rate': 0.05809128784912797, 'subsample': 0.92991693404731, 'colsample_bytree': 0.9737874829232072, 'min_child_samples': 47, 'reg_alpha': 2.5907884980586616e-07, 'reg_lambda': 4.7700930069436236e-08}. Best is trial 7 with value: 0.11458065810766929.
[I 2026-06-01 23:31:24,705] Trial 13 finished with value: 0.052142611394097024 and parameters: {'confidence_threshold': 0.5577371477731788, 'training_days': 490, 'n_estimators': 427, 'max_depth': 5, 'num_leaves': 49, 'learning_rate': 0.14044566672476927, 'subsample': 0.8883701703420057, 'colsample_bytree': 0.6564540780078124, 'min_child_samples': 86, 'reg_alpha': 6.170422498784323e-07, 'reg_lambda': 1.1191039211213949e-08}. Best is trial 7 with value: 0.11458065810766929.
[I 2026-06-01 23:31:25,008] Trial 14 finished with value: 0.07312737922983992 and parameters: {'confidence_threshold': 0.5626259740358373, 'training_days': 410, 'n_estimators': 280, 'max_depth': 4, 'num_leaves': 45, 'learning_rate': 0.06509138690238729, 'subsample': 0.7069527543913727, 'colsample_bytree': 0.9985432421067267, 'min_child_samples': 45, 'reg_alpha': 8.273681910932199e-07, 'reg_lambda': 2.753286064305453e-07}. Best is trial 7 with value: 0.11458065810766929.
[I 2026-06-01 23:31:25,049] Trial 15 finished with value: -4.038494724969306 and parameters: {'confidence_threshold': 0.6640221782353823, 'training_days': 10, 'n_estimators': 436, 'max_depth': 3, 'num_leaves': 25, 'learning_rate': 0.12590433810309265, 'subsample': 0.507007918467014, 'colsample_bytree': 0.5093920150666754, 'min_child_samples': 100, 'reg_alpha': 1.2060296271672016e-08, 'reg_lambda': 8.870336113463957e-07}. Best is trial 7 with value: 0.11458065810766929.
[I 2026-06-01 23:31:25,333] Trial 16 finished with value: 0.034974079613594965 and parameters: {'confidence_threshold': 0.5533473431490874, 'training_days': 350, 'n_estimators': 289, 'max_depth': 5, 'num_leaves': 37, 'learning_rate': 0.041467170985601036, 'subsample': 0.8868474056204897, 'colsample_bytree': 0.9269983158211239, 'min_child_samples': 80, 'reg_alpha': 0.01740179167334302, 'reg_lambda': 0.0019821772168074165}. Best is trial 7 with value: 0.11458065810766929.
[I 2026-06-01 23:31:25,482] Trial 17 finished with value: -0.014092461209946228 and parameters: {'confidence_threshold': 0.5004748807695347, 'training_days': 70, 'n_estimators': 434, 'max_depth': 4, 'num_leaves': 15, 'learning_rate': 0.18804260829478225, 'subsample': 0.9805986664905347, 'colsample_bytree': 0.699438795797602, 'min_child_samples': 46, 'reg_alpha': 2.3990757224272822e-06, 'reg_lambda': 1.7277433501997162e-08}. Best is trial 7 with value: 0.11458065810766929.
[I 2026-06-01 23:31:25,902] A new study created in memory with name: no-name-c4ca2f33-67c1-45b9-ae34-702da794f019
[I 2026-06-01 23:31:26,123] Trial 0 finished with value: 0.0027790945723819597 and parameters: {'confidence_threshold': 0.5870645682749857, 'training_days': 90, 'n_estimators': 403, 'max_depth': 5, 'num_leaves': 45, 'learning_rate': 0.0780457193679974, 'subsample': 0.9428509515574568, 'colsample_bytree': 0.8795587339164916, 'min_child_samples': 34, 'reg_alpha': 2.2465901234314442e-07, 'reg_lambda': 8.339007036475363e-05}. Best is trial 0 with value: 0.0027790945723819597.
[I 2026-06-01 23:31:26,242] Trial 1 finished with value: 0.07556662251734332 and parameters: {'confidence_threshold': 0.6348453934275313, 'training_days': 290, 'n_estimators': 115, 'max_depth': 5, 'num_leaves': 37, 'learning_rate': 0.06949568759029946, 'subsample': 0.8228505074024268, 'colsample_bytree': 0.8616703220431751, 'min_child_samples': 75, 'reg_alpha': 4.2486822725010923e-07, 'reg_lambda': 1.157247767047042e-07}. Best is trial 1 with value: 0.07556662251734332.
[I 2026-06-01 23:31:26,263] Trial 2 finished with value: -4.038494724969306 and parameters: {'confidence_threshold': 0.5849570384370288, 'training_days': 10, 'n_estimators': 212, 'max_depth': 3, 'num_leaves': 41, 'learning_rate': 0.18452095998378365, 'subsample': 0.6001060822924371, 'colsample_bytree': 0.5673167293506167, 'min_child_samples': 37, 'reg_alpha': 5.733250064217131, 'reg_lambda': 0.5308454292595461}. Best is trial 1 with value: 0.07556662251734332.
[I 2026-06-01 23:31:26,350] Trial 3 finished with value: 0.03976569883826574 and parameters: {'confidence_threshold': 0.6868248626683718, 'training_days': 220, 'n_estimators': 134, 'max_depth': 3, 'num_leaves': 45, 'learning_rate': 0.033529007907491595, 'subsample': 0.8647277071858408, 'colsample_bytree': 0.778494116634046, 'min_child_samples': 96, 'reg_alpha': 2.409409937265785e-07, 'reg_lambda': 1.1642073478060009}. Best is trial 1 with value: 0.07556662251734332.
[I 2026-06-01 23:31:26,448] Trial 4 finished with value: 0.10305894862062548 and parameters: {'confidence_threshold': 0.5623121348350352, 'training_days': 300, 'n_estimators': 69, 'max_depth': 4, 'num_leaves': 32, 'learning_rate': 0.14967629360700346, 'subsample': 0.5054535233636654, 'colsample_bytree': 0.7401385194659216, 'min_child_samples': 27, 'reg_alpha': 1.4212042567426725e-07, 'reg_lambda': 0.23605753701352003}. Best is trial 4 with value: 0.10305894862062548.
[I 2026-06-01 23:31:26,913] Trial 5 finished with value: 0.10100323143711876 and parameters: {'confidence_threshold': 0.7111850244908446, 'training_days': 490, 'n_estimators': 362, 'max_depth': 5, 'num_leaves': 40, 'learning_rate': 0.05960785724162737, 'subsample': 0.5589714368907717, 'colsample_bytree': 0.6659006943232806, 'min_child_samples': 42, 'reg_alpha': 0.6741360303045295, 'reg_lambda': 6.054601607143087e-08}. Best is trial 4 with value: 0.10305894862062548.
[I 2026-06-01 23:31:27,121] Trial 6 finished with value: 0.04874167502102179 and parameters: {'confidence_threshold': 0.667482545748023, 'training_days': 420, 'n_estimators': 279, 'max_depth': 3, 'num_leaves': 45, 'learning_rate': 0.040099592560849204, 'subsample': 0.8563114696415159, 'colsample_bytree': 0.5442917781944105, 'min_child_samples': 50, 'reg_alpha': 1.6407916423707903e-08, 'reg_lambda': 2.935907642973286e-05}. Best is trial 4 with value: 0.10305894862062548.
[I 2026-06-01 23:31:27,310] Trial 7 finished with value: 0.02909913148955783 and parameters: {'confidence_threshold': 0.5497381024139926, 'training_days': 120, 'n_estimators': 408, 'max_depth': 5, 'num_leaves': 38, 'learning_rate': 0.28049122657745795, 'subsample': 0.8806573338635493, 'colsample_bytree': 0.5454054113547102, 'min_child_samples': 63, 'reg_alpha': 0.01263008637940408, 'reg_lambda': 0.04588020805366937}. Best is trial 4 with value: 0.10305894862062548.
[I 2026-06-01 23:31:27,592] Trial 8 finished with value: 0.08630030907795191 and parameters: {'confidence_threshold': 0.719644804808716, 'training_days': 450, 'n_estimators': 410, 'max_depth': 4, 'num_leaves': 57, 'learning_rate': 0.04022026551478857, 'subsample': 0.5336085426932707, 'colsample_bytree': 0.5705742850577543, 'min_child_samples': 100, 'reg_alpha': 5.916398047912201e-07, 'reg_lambda': 0.9794034214488329}. Best is trial 4 with value: 0.10305894862062548.
[I 2026-06-01 23:31:27,622] Trial 9 finished with value: -1.999506618531272 and parameters: {'confidence_threshold': 0.7267463643917187, 'training_days': 20, 'n_estimators': 337, 'max_depth': 5, 'num_leaves': 23, 'learning_rate': 0.022153031811454605, 'subsample': 0.6305627572358737, 'colsample_bytree': 0.6613413774216214, 'min_child_samples': 81, 'reg_alpha': 5.7638634029410314e-08, 'reg_lambda': 8.26603016764008}. Best is trial 4 with value: 0.10305894862062548.
