[I 2026-06-01 23:33:49,822] Trial 9 finished with value: 0.031119659719603975 and parameters: {'confidence_threshold': 0.6202096049169137, 'training_days': 260, 'n_estimators': 350, 'max_depth': 3, 'num_leaves': 21, 'learning_rate': 0.02989540198065364, 'subsample': 0.8307821683331218, 'colsample_bytree': 0.923253112635361, 'min_child_samples': 64, 'reg_alpha': 0.4898604619604203, 'reg_lambda': 2.9076377687066166e-05}. Best is trial 9 with value: 0.031119659719603975.
[I 2026-06-01 23:33:50,160] Trial 10 finished with value: -0.01144445321406411 and parameters: {'confidence_threshold': 0.5342665212695602, 'training_days': 470, 'n_estimators': 493, 'max_depth': 3, 'num_leaves': 17, 'learning_rate': 0.010221918552934462, 'subsample': 0.9317514110288623, 'colsample_bytree': 0.6202684210924141, 'min_child_samples': 47, 'reg_alpha': 2.371385268938747e-08, 'reg_lambda': 0.010291221835057122}. Best is trial 9 with value: 0.031119659719603975.
[I 2026-06-01 23:33:50,545] Trial 11 finished with value: 0.02108949561870102 and parameters: {'confidence_threshold': 0.6332172030915592, 'training_days': 340, 'n_estimators': 477, 'max_depth': 5, 'num_leaves': 26, 'learning_rate': 0.036526978794621294, 'subsample': 0.8648160383699911, 'colsample_bytree': 0.6778283959364831, 'min_child_samples': 85, 'reg_alpha': 6.114661601749046, 'reg_lambda': 1.0011881639020481e-08}. Best is trial 9 with value: 0.031119659719603975.
[I 2026-06-01 23:33:50,582] Trial 12 finished with value: -4.1944087471533 and parameters: {'confidence_threshold': 0.5957244903382299, 'training_days': 20, 'n_estimators': 287, 'max_depth': 5, 'num_leaves': 39, 'learning_rate': 0.11207472241355503, 'subsample': 0.8849177709019147, 'colsample_bytree': 0.5197889515780572, 'min_child_samples': 75, 'reg_alpha': 1.8993135448076743, 'reg_lambda': 3.548506817334473e-07}. Best is trial 9 with value: 0.031119659719603975.
[I 2026-06-01 23:33:50,825] Trial 13 finished with value: 0.020637743466693764 and parameters: {'confidence_threshold': 0.503854589246995, 'training_days': 340, 'n_estimators': 291, 'max_depth': 3, 'num_leaves': 39, 'learning_rate': 0.029487296649619542, 'subsample': 0.72160265329214, 'colsample_bytree': 0.9292621018379528, 'min_child_samples': 53, 'reg_alpha': 0.1635186738615608, 'reg_lambda': 3.6235297055865935e-07}. Best is trial 9 with value: 0.031119659719603975.
[I 2026-06-01 23:33:51,159] Trial 14 finished with value: 0.021141610840049892 and parameters: {'confidence_threshold': 0.6655029001704718, 'training_days': 290, 'n_estimators': 419, 'max_depth': 4, 'num_leaves': 25, 'learning_rate': 0.08969652596100376, 'subsample': 0.8048623843554296, 'colsample_bytree': 0.9977226699583523, 'min_child_samples': 95, 'reg_alpha': 0.08859960648804263, 'reg_lambda': 0.0038081143008355752}. Best is trial 9 with value: 0.031119659719603975.
[I 2026-06-01 23:33:51,394] Trial 15 finished with value: -0.042803812608689505 and parameters: {'confidence_threshold': 0.709997187461685, 'training_days': 460, 'n_estimators': 235, 'max_depth': 5, 'num_leaves': 62, 'learning_rate': 0.047964452603681096, 'subsample': 0.507007918467014, 'colsample_bytree': 0.7241986323105418, 'min_child_samples': 78, 'reg_alpha': 0.06804241124177914, 'reg_lambda': 3.5532501480887757}. Best is trial 9 with value: 0.031119659719603975.
[I 2026-06-01 23:33:51,648] Trial 16 finished with value: 0.0015889865747016451 and parameters: {'confidence_threshold': 0.5790917025596629, 'training_days': 270, 'n_estimators': 326, 'max_depth': 3, 'num_leaves': 31, 'learning_rate': 0.011618707686079076, 'subsample': 0.875955326401745, 'colsample_bytree': 0.9182676696103418, 'min_child_samples': 48, 'reg_alpha': 0.7858479486685785, 'reg_lambda': 0.0579083901177897}. Best is trial 9 with value: 0.031119659719603975.
[I 2026-06-01 23:33:51,970] Trial 17 finished with value: 0.002870436382627686 and parameters: {'confidence_threshold': 0.6235092015218521, 'training_days': 390, 'n_estimators': 429, 'max_depth': 4, 'num_leaves': 44, 'learning_rate': 0.1612932586305445, 'subsample': 0.6575226778237575, 'colsample_bytree': 0.7608015240036585, 'min_child_samples': 100, 'reg_alpha': 0.017867971546418063, 'reg_lambda': 1.3035406015127168e-07}. Best is trial 9 with value: 0.031119659719603975.
[I 2026-06-01 23:33:52,549] A new study created in memory with name: no-name-d2c6adbb-d2c8-46fa-82a3-e469ffc47d08

    [CV fold 1] train_end=2024-06-22 16:00 | val_start=2024-06-30 08:00 | gap=184h (22 rows)
    [CV fold 2] train_end=2024-10-21 00:00 | val_start=2024-10-28 16:00 | gap=184h (22 rows)
    [CV fold 3] train_end=2025-02-18 08:00 | val_start=2025-02-26 00:00 | gap=184h (22 rows)
    [CV fold 4] train_end=2025-06-18 16:00 | val_start=2025-06-26 08:00 | gap=184h (22 rows)
    [trial 0] Sharpe=-0.0347 (folds: 0.1914, -0.0508, 0.0510, -0.3091, -0.0561)
    [trial 1] 49 features, training_days=420 | threshold=0.839 | labels: 1116 long, 1055 short (51/49%)
    [trial 1] Sharpe=-1.8373 (folds: 0.1937, 0.4771, 0.1812, -0.0384, -10.0000)
    [trial 2] 49 features, training_days=190 | threshold=0.602 | labels: 1116 long, 1055 short (51/49%)
    [trial 2] Sharpe=0.0228 (folds: 0.1691, 0.0458, 0.1213, -0.2189, -0.0033)
    [trial 3] 49 features, training_days=490 | threshold=0.832 | labels: 1116 long, 1055 short (51/49%)
    [trial 3] Sharpe=0.0020 (folds: 0.2109, 0.0486, 0.1209, -0.2345, -0.1361)
    [trial 4] 49 features, training_days=340 | threshold=0.591 | labels: 1116 long, 1055 short (51/49%)
    [trial 4] Sharpe=-0.0182 (folds: 0.2201, -0.1214, 0.0536, -0.3219, 0.0787)
    [trial 5] 49 features, training_days=50 | threshold=0.823 | labels: 1116 long, 1055 short (51/49%)
    [trial 5] Sharpe=-0.1646 (folds: 0.2962, -0.4718, 0.1534, -0.4250, -0.3756)
    [trial 6] 49 features, training_days=410 | threshold=0.549 | labels: 1116 long, 1055 short (51/49%)
    [trial 6] Sharpe=-0.0728 (folds: 0.1638, -0.1788, 0.0783, -0.3987, -0.0284)
    [trial 7] 49 features, training_days=180 | threshold=0.526 | labels: 1116 long, 1055 short (51/49%)
    [trial 7] Sharpe=0.0309 (folds: 0.2174, 0.0203, 0.0844, -0.0779, -0.0893)
    [trial 8] 49 features, training_days=240 | threshold=0.811 | labels: 1116 long, 1055 short (51/49%)
    [trial 8] Sharpe=0.1143 (folds: 0.2197, 0.1272, 0.1756, -0.2801, 0.3294)
    [trial 9] 49 features, training_days=20 | threshold=0.538 | labels: 1116 long, 1055 short (51/49%)
    [trial 9] Sharpe=-2.1928 (folds: 0.0082, -0.2250, -10.0000, -0.3235, -0.4235)
    [trial 10] 49 features, training_days=280 | threshold=0.734 | labels: 1116 long, 1055 short (51/49%)
    [trial 10] Sharpe=0.0128 (folds: 0.2116, -0.0158, 0.1396, -0.2112, -0.0600)
    [trial 11] 49 features, training_days=170 | threshold=0.719 | labels: 1116 long, 1055 short (51/49%)
    [trial 11] Sharpe=0.0165 (folds: 0.1921, -0.0398, 0.0744, -0.1809, 0.0370)
    [trial 12] 49 features, training_days=140 | threshold=0.736 | labels: 1116 long, 1055 short (51/49%)
    [trial 12] Sharpe=-0.0088 (folds: 0.2314, -0.2882, 0.1737, -0.2218, 0.0607)
    [trial 13] 49 features, training_days=250 | threshold=0.680 | labels: 1116 long, 1055 short (51/49%)
    [trial 13] Sharpe=0.0275 (folds: 0.1858, 0.0205, 0.1669, -0.1703, -0.0654)
    [trial 14] 49 features, training_days=100 | threshold=0.787 | labels: 1116 long, 1055 short (51/49%)
    [trial 14] Sharpe=-0.1074 (folds: 0.1833, -0.2253, 0.0683, -0.2833, -0.2801)
    [trial 15] 49 features, training_days=240 | threshold=0.503 | labels: 1116 long, 1055 short (51/49%)
    [trial 15] Sharpe=0.0314 (folds: 0.2073, -0.1200, 0.0833, -0.1095, 0.0959)
    [trial 16] 49 features, training_days=270 | threshold=0.660 | labels: 1116 long, 1055 short (51/49%)
    [trial 16] Sharpe=0.0200 (folds: 0.1970, -0.0296, 0.1900, -0.2344, -0.0232)
    [trial 17] 49 features, training_days=330 | threshold=0.789 | labels: 1116 long, 1055 short (51/49%)
    [trial 17] Sharpe=0.0027 (folds: 0.2373, 0.1357, 0.0937, -0.4282, -0.0250)
  Optuna: 18 trials, best Sharpe = 0.1143
  Best params: n_estimators=103, max_depth=5, lr=0.0675, leaves=52
  Best confidence_threshold: 0.811
  Best training_days: 240
  Retrained on full data (720 samples, 49 features)
  [ensemble 2/3] seed=123
    [trial 0] 49 features, training_days=150 | threshold=0.744 | labels: 1116 long, 1055 short (51/49%)
    [CV fold 0] train_end=2024-02-23 08:00 | val_start=2024-03-02 00:00 | gap=184h (22 rows)
    [CV fold 1] train_end=2024-06-22 16:00 | val_start=2024-06-30 08:00 | gap=184h (22 rows)
    [CV fold 2] train_end=2024-10-21 00:00 | val_start=2024-10-28 16:00 | gap=184h (22 rows)
    [CV fold 3] train_end=2025-02-18 08:00 | val_start=2025-02-26 00:00 | gap=184h (22 rows)
    [CV fold 4] train_end=2025-06-18 16:00 | val_start=2025-06-26 08:00 | gap=184h (22 rows)
    [trial 0] Sharpe=0.0118 (folds: 0.2248, -0.2089, 0.1712, -0.2035, 0.0756)
    [trial 1] 49 features, training_days=220 | threshold=0.755 | labels: 1116 long, 1055 short (51/49%)
    [trial 1] Sharpe=-1.8602 (folds: 0.2322, 0.5207, 0.1166, -0.1707, -10.0000)
    [trial 2] 49 features, training_days=310 | threshold=0.754 | labels: 1116 long, 1055 short (51/49%)
    [trial 2] Sharpe=-0.0259 (folds: 0.2478, 0.1428, 0.0901, -0.2872, -0.3229)
    [trial 3] 49 features, training_days=220 | threshold=0.673 | labels: 1116 long, 1055 short (51/49%)
    [trial 3] Sharpe=0.0090 (folds: 0.2050, -0.0468, 0.1909, -0.1501, -0.1542)
    [trial 4] 49 features, training_days=130 | threshold=0.803 | labels: 1116 long, 1055 short (51/49%)
    [trial 4] Sharpe=-0.0403 (folds: 0.2115, -0.3564, 0.0640, -0.0822, -0.0386)
    [trial 5] 49 features, training_days=210 | threshold=0.606 | labels: 1116 long, 1055 short (51/49%)
    [trial 5] Sharpe=0.0281 (folds: 0.1611, -0.0532, 0.1126, -0.0961, 0.0163)
    [trial 6] 49 features, training_days=130 | threshold=0.767 | labels: 1116 long, 1055 short (51/49%)
    [trial 6] Sharpe=0.0142 (folds: 0.2016, -0.2291, 0.1756, -0.0563, -0.0205)
    [trial 7] 49 features, training_days=80 | threshold=0.556 | labels: 1116 long, 1055 short (51/49%)
    [trial 7] Sharpe=-0.0338 (folds: 0.1515, -0.1623, 0.0393, -0.0552, -0.1424)
    [trial 8] 49 features, training_days=200 | threshold=0.607 | labels: 1116 long, 1055 short (51/49%)
    [trial 8] Sharpe=0.0034 (folds: 0.1886, 0.0252, 0.1160, -0.2178, -0.0949)
    [trial 9] 49 features, training_days=260 | threshold=0.620 | labels: 1116 long, 1055 short (51/49%)
    [trial 9] Sharpe=0.0311 (folds: 0.2029, 0.0264, 0.1440, -0.1983, -0.0195)
    [trial 10] 49 features, training_days=470 | threshold=0.534 | labels: 1116 long, 1055 short (51/49%)
    [trial 10] Sharpe=-0.0114 (folds: 0.1723, 0.0291, 0.0746, -0.2521, -0.0811)
    [trial 11] 49 features, training_days=340 | threshold=0.633 | labels: 1116 long, 1055 short (51/49%)
    [trial 11] Sharpe=0.0211 (folds: 0.2388, -0.0279, 0.0492, -0.3255, 0.1708)
    [trial 12] 49 features, training_days=20 | threshold=0.596 | labels: 1116 long, 1055 short (51/49%)
    [trial 12] Sharpe=-4.1944 (folds: -10.0000, -0.2250, -10.0000, -0.3235, -0.4235)
    [trial 13] 49 features, training_days=340 | threshold=0.504 | labels: 1116 long, 1055 short (51/49%)
    [trial 13] Sharpe=0.0206 (folds: 0.1537, -0.0013, 0.0606, -0.1265, 0.0167)
    [trial 14] 49 features, training_days=290 | threshold=0.666 | labels: 1116 long, 1055 short (51/49%)
    [trial 14] Sharpe=0.0211 (folds: 0.2242, -0.0543, 0.1469, -0.2880, 0.0769)
    [trial 15] 49 features, training_days=460 | threshold=0.710 | labels: 1116 long, 1055 short (51/49%)
    [trial 15] Sharpe=-0.0428 (folds: 0.2352, -0.0049, 0.1161, -0.3320, -0.2285)
    [trial 16] 49 features, training_days=270 | threshold=0.579 | labels: 1116 long, 1055 short (51/49%)
    [trial 16] Sharpe=0.0016 (folds: 0.1842, -0.0332, 0.1805, -0.2577, -0.0657)
    [trial 17] 49 features, training_days=390 | threshold=0.624 | labels: 1116 long, 1055 short (51/49%)
    [trial 17] Sharpe=0.0029 (folds: 0.2549, -0.0470, 0.1303, -0.2276, -0.0963)
  Optuna: 18 trials, best Sharpe = 0.0311
  Best params: n_estimators=350, max_depth=3, lr=0.0299, leaves=21
  Best confidence_threshold: 0.620
  Best training_days: 260
  Retrained on full data (780 samples, 49 features)
  [ensemble 3/3] seed=456
    [trial 0] 49 features, training_days=90 | threshold=0.587 | labels: 1116 long, 1055 short (51/49%)
    [CV fold 0] train_end=2024-02-23 08:00 | val_start=2024-03-02 00:00 | gap=184h (22 rows)
    [CV fold 1] train_end=2024-06-22 16:00 | val_start=2024-06-30 08:00 | gap=184h (22 rows)
    [CV fold 2] train_end=2024-10-21 00:00 | val_start=2024-10-28 16:00 | gap=184h (22 rows)[I 2026-06-01 23:33:52,753] Trial 0 finished with value: -0.021938901132170723 and parameters: {'confidence_threshold': 0.5870645682749857, 'training_days': 90, 'n_estimators': 403, 'max_depth': 5, 'num_leaves': 45, 'learning_rate': 0.0780457193679974, 'subsample': 0.9428509515574568, 'colsample_bytree': 0.8795587339164916, 'min_child_samples': 34, 'reg_alpha': 2.2465901234314442e-07, 'reg_lambda': 8.339007036475363e-05}. Best is trial 0 with value: -0.021938901132170723.
[I 2026-06-01 23:33:52,872] Trial 1 finished with value: -0.011686485825884508 and parameters: {'confidence_threshold': 0.6348453934275313, 'training_days': 290, 'n_estimators': 115, 'max_depth': 5, 'num_leaves': 37, 'learning_rate': 0.06949568759029946, 'subsample': 0.8228505074024268, 'colsample_bytree': 0.8616703220431751, 'min_child_samples': 75, 'reg_alpha': 4.2486822725010923e-07, 'reg_lambda': 1.157247767047042e-07}. Best is trial 1 with value: -0.011686485825884508.
[I 2026-06-01 23:33:52,897] Trial 2 finished with value: -0.09163038676570183 and parameters: {'confidence_threshold': 0.5849570384370288, 'training_days': 10, 'n_estimators': 212, 'max_depth': 3, 'num_leaves': 41, 'learning_rate': 0.18452095998378365, 'subsample': 0.6001060822924371, 'colsample_bytree': 0.5673167293506167, 'min_child_samples': 37, 'reg_alpha': 5.733250064217131, 'reg_lambda': 0.5308454292595461}. Best is trial 1 with value: -0.011686485825884508.
[I 2026-06-01 23:33:52,978] Trial 3 finished with value: 0.03969467287086839 and parameters: {'confidence_threshold': 0.6868248626683718, 'training_days': 220, 'n_estimators': 134, 'max_depth': 3, 'num_leaves': 45, 'learning_rate': 0.033529007907491595, 'subsample': 0.8647277071858408, 'colsample_bytree': 0.778494116634046, 'min_child_samples': 96, 'reg_alpha': 2.409409937265785e-07, 'reg_lambda': 1.1642073478060009}. Best is trial 3 with value: 0.03969467287086839.
[I 2026-06-01 23:33:53,076] Trial 4 finished with value: 0.026587714541589043 and parameters: {'confidence_threshold': 0.5623121348350352, 'training_days': 300, 'n_estimators': 69, 'max_depth': 4, 'num_leaves': 32, 'learning_rate': 0.14967629360700346, 'subsample': 0.5054535233636654, 'colsample_bytree': 0.7401385194659216, 'min_child_samples': 27, 'reg_alpha': 1.4212042567426725e-07, 'reg_lambda': 0.23605753701352003}. Best is trial 3 with value: 0.03969467287086839.
[I 2026-06-01 23:33:53,486] Trial 5 finished with value: -0.011793179970720996 and parameters: {'confidence_threshold': 0.7111850244908446, 'training_days': 490, 'n_estimators': 362, 'max_depth': 5, 'num_leaves': 40, 'learning_rate': 0.05960785724162737, 'subsample': 0.5589714368907717, 'colsample_bytree': 0.6659006943232806, 'min_child_samples': 42, 'reg_alpha': 0.6741360303045295, 'reg_lambda': 6.054601607143087e-08}. Best is trial 3 with value: 0.03969467287086839.
[I 2026-06-01 23:33:53,665] Trial 6 finished with value: -0.03592058065095719 and parameters: {'confidence_threshold': 0.667482545748023, 'training_days': 420, 'n_estimators': 279, 'max_depth': 3, 'num_leaves': 45, 'learning_rate': 0.040099592560849204, 'subsample': 0.8563114696415159, 'colsample_bytree': 0.5442917781944105, 'min_child_samples': 50, 'reg_alpha': 1.6407916423707903e-08, 'reg_lambda': 2.935907642973286e-05}. Best is trial 3 with value: 0.03969467287086839.
[I 2026-06-01 23:33:53,812] Trial 7 finished with value: -0.002675621397866651 and parameters: {'confidence_threshold': 0.5497381024139926, 'training_days': 120, 'n_estimators': 408, 'max_depth': 5, 'num_leaves': 38, 'learning_rate': 0.28049122657745795, 'subsample': 0.8806573338635493, 'colsample_bytree': 0.5454054113547102, 'min_child_samples': 63, 'reg_alpha': 0.01263008637940408, 'reg_lambda': 0.04588020805366937}. Best is trial 3 with value: 0.03969467287086839.
[I 2026-06-01 23:33:54,073] Trial 8 finished with value: -0.05665770962255301 and parameters: {'confidence_threshold': 0.719644804808716, 'training_days': 450, 'n_estimators': 410, 'max_depth': 4, 'num_leaves': 57, 'learning_rate': 0.04022026551478857, 'subsample': 0.5336085426932707, 'colsample_bytree': 0.5705742850577543, 'min_child_samples': 100, 'reg_alpha': 5.916398047912201e-07, 'reg_lambda': 0.9794034214488329}. Best is trial 3 with value: 0.03969467287086839.
[I 2026-06-01 23:33:54,094] Trial 9 finished with value: -4.1944087471533 and parameters: {'confidence_threshold': 0.7267463643917187, 'training_days': 20, 'n_estimators': 337, 'max_depth': 5, 'num_leaves': 23, 'learning_rate': 0.022153031811454605, 'subsample': 0.6305627572358737, 'colsample_bytree': 0.6613413774216214, 'min_child_samples': 81, 'reg_alpha': 5.7638634029410314e-08, 'reg_lambda': 8.26603016764008}. Best is trial 3 with value: 0.03969467287086839.
[I 2026-06-01 23:33:54,199] Trial 10 finished with value: -2.0660542963013535 and parameters: {'confidence_threshold': 0.8283920119574972, 'training_days': 200, 'n_estimators': 181, 'max_depth': 3, 'num_leaves': 62, 'learning_rate': 0.011579281028220855, 'subsample': 0.7130289643560688, 'colsample_bytree': 0.9944479338273263, 'min_child_samples': 100, 'reg_alpha': 6.837313901272251e-05, 'reg_lambda': 0.0027253228209330924}. Best is trial 3 with value: 0.03969467287086839.
[I 2026-06-01 23:33:54,291] Trial 11 finished with value: -0.014270173230589711 and parameters: {'confidence_threshold': 0.7923497887859747, 'training_days': 310, 'n_estimators': 54, 'max_depth': 4, 'num_leaves': 25, 'learning_rate': 0.1297992221495942, 'subsample': 0.7459055835274097, 'colsample_bytree': 0.7917880498308183, 'min_child_samples': 21, 'reg_alpha': 2.5646023357365184e-05, 'reg_lambda': 0.012624986057467648}. Best is trial 3 with value: 0.03969467287086839.
[I 2026-06-01 23:33:54,382] Trial 12 finished with value: -0.03565644561461347 and parameters: {'confidence_threshold': 0.5145853631584999, 'training_days': 360, 'n_estimators': 54, 'max_depth': 4, 'num_leaves': 15, 'learning_rate': 0.01924681962976845, 'subsample': 0.9912016966112274, 'colsample_bytree': 0.7212811753166903, 'min_child_samples': 21, 'reg_alpha': 7.696286523139123e-06, 'reg_lambda': 8.011904021122009}. Best is trial 3 with value: 0.03969467287086839.
[I 2026-06-01 23:33:54,493] Trial 13 finished with value: 0.03498993353226835 and parameters: {'confidence_threshold': 0.6315905555717393, 'training_days': 210, 'n_estimators': 157, 'max_depth': 4, 'num_leaves': 30, 'learning_rate': 0.1184251079677144, 'subsample': 0.6743545582959776, 'colsample_bytree': 0.8026832163283323, 'min_child_samples': 79, 'reg_alpha': 0.004306968559095825, 'reg_lambda': 0.16253577870240432}. Best is trial 3 with value: 0.03969467287086839.
[I 2026-06-01 23:33:54,744] Trial 14 finished with value: 0.013163131417207319 and parameters: {'confidence_threshold': 0.643644875354099, 'training_days': 210, 'n_estimators': 500, 'max_depth': 3, 'num_leaves': 51, 'learning_rate': 0.09880197334361072, 'subsample': 0.6776505255398512, 'colsample_bytree': 0.8367182409111542, 'min_child_samples': 85, 'reg_alpha': 0.0015042958650323245, 'reg_lambda': 0.0014709214223004336}. Best is trial 3 with value: 0.03969467287086839.
[I 2026-06-01 23:33:54,850] Trial 15 finished with value: -0.06698581650712954 and parameters: {'confidence_threshold': 0.7594279795954488, 'training_days': 190, 'n_estimators': 170, 'max_depth': 3, 'num_leaves': 27, 'learning_rate': 0.03315599571523477, 'subsample': 0.7859829960132325, 'colsample_bytree': 0.9570128790620087, 'min_child_samples': 88, 'reg_alpha': 0.03141571146122257, 'reg_lambda': 2.582339790441249e-06}. Best is trial 3 with value: 0.03969467287086839.
[I 2026-06-01 23:33:54,966] Trial 16 finished with value: -0.03364810167873892 and parameters: {'confidence_threshold': 0.6291338411642815, 'training_days': 120, 'n_estimators': 239, 'max_depth': 4, 'num_leaves': 32, 'learning_rate': 0.024676030620737723, 'subsample': 0.6693629824955956, 'colsample_bytree': 0.798073413313867, 'min_child_samples': 68, 'reg_alpha': 0.0013657987579759594, 'reg_lambda': 0.029497827431378437}. Best is trial 3 with value: 0.03969467287086839.
