[I 2026-06-01 23:27:08,708] Trial 17 finished with value: -0.03441256941307978 and parameters: {'confidence_threshold': 0.5080881579696632, 'training_days': 350, 'n_estimators': 224, 'max_depth': 3, 'num_leaves': 58, 'learning_rate': 0.024912690560271646, 'subsample': 0.6834810657068434, 'colsample_bytree': 0.941827526426991, 'min_child_samples': 54, 'reg_alpha': 4.698088701999544e-06, 'reg_lambda': 0.00034851977437836556}. Best is trial 11 with value: 0.2737559512797948.

    [trial 10] 49 features, training_days=420 | threshold=0.845 | labels: 1098 long, 1055 short (51/49%)
    [trial 10] Sharpe=0.4831 (folds: 0.1692, 0.8304, 0.3292, 0.6582, 0.4286)
    [trial 11] 49 features, training_days=430 | threshold=0.837 | labels: 1098 long, 1055 short (51/49%)
    [trial 11] Sharpe=0.4556 (folds: 0.1487, 0.6669, 0.3770, 0.7142, 0.3714)
    [trial 12] 49 features, training_days=480 | threshold=0.831 | labels: 1098 long, 1055 short (51/49%)
    [trial 12] Sharpe=-1.6829 (folds: 0.0579, 0.7119, 0.3801, -10.0000, 0.4358)
    [trial 13] 49 features, training_days=440 | threshold=0.832 | labels: 1098 long, 1055 short (51/49%)
    [trial 13] Sharpe=0.4400 (folds: 0.0881, 0.6770, 0.3112, 0.6925, 0.4312)
    [trial 14] 49 features, training_days=380 | threshold=0.697 | labels: 1098 long, 1055 short (51/49%)
    [trial 14] Sharpe=0.0460 (folds: 0.0168, 0.2692, 0.1571, -0.0073, -0.2057)
    [trial 15] 49 features, training_days=380 | threshold=0.845 | labels: 1098 long, 1055 short (51/49%)
    [trial 15] Sharpe=0.1738 (folds: 0.0330, 0.4248, 0.1556, 0.3118, -0.0563)
    [trial 16] 49 features, training_days=500 | threshold=0.794 | labels: 1098 long, 1055 short (51/49%)
    [trial 16] Sharpe=-1.7871 (folds: 0.0596, 0.4819, 0.2858, -10.0000, 0.2371)
    [trial 17] 49 features, training_days=380 | threshold=0.500 | labels: 1098 long, 1055 short (51/49%)
    [trial 17] Sharpe=0.0019 (folds: -0.0051, 0.2446, 0.0009, 0.0146, -0.2455)
  Optuna: 18 trials, best Sharpe = 0.4831
  Best params: n_estimators=494, max_depth=3, lr=0.0102, leaves=30
  Best confidence_threshold: 0.845
  Best training_days: 420
  Retrained on full data (1250 samples, 49 features)
  [ensemble 3/3] seed=456
    [trial 0] 49 features, training_days=90 | threshold=0.587 | labels: 1098 long, 1055 short (51/49%)
    [CV fold 0] train_end=2021-08-22 08:00 | val_start=2021-08-30 00:00 | gap=184h (22 rows)
    [CV fold 1] train_end=2021-12-19 16:00 | val_start=2021-12-27 08:00 | gap=184h (22 rows)
    [CV fold 2] train_end=2022-04-23 00:00 | val_start=2022-04-30 16:00 | gap=184h (22 rows)
    [CV fold 3] train_end=2022-08-20 08:00 | val_start=2022-08-28 00:00 | gap=184h (22 rows)
    [CV fold 4] train_end=2022-12-17 16:00 | val_start=2022-12-25 08:00 | gap=184h (22 rows)
    [trial 0] Sharpe=-0.0278 (folds: -0.1133, -0.0848, -0.0140, 0.0583, 0.0150)
    [trial 1] 49 features, training_days=290 | threshold=0.635 | labels: 1098 long, 1055 short (51/49%)
    [trial 1] Sharpe=0.0555 (folds: -0.0431, 0.2745, 0.1092, 0.1413, -0.2046)
    [trial 2] 49 features, training_days=10 | threshold=0.585 | labels: 1098 long, 1055 short (51/49%)
    [trial 2] Sharpe=-0.1343 (folds: 0.0031, -0.1070, -0.0081, -0.2317, -0.3278)
    [trial 3] 49 features, training_days=220 | threshold=0.687 | labels: 1098 long, 1055 short (51/49%)
    [trial 3] Sharpe=0.0100 (folds: 0.0601, 0.1299, 0.1178, -0.0563, -0.2017)
    [trial 4] 49 features, training_days=300 | threshold=0.562 | labels: 1098 long, 1055 short (51/49%)
    [trial 4] Sharpe=-0.0073 (folds: 0.0018, 0.2220, 0.0071, -0.0605, -0.2070)
    [trial 5] 49 features, training_days=490 | threshold=0.711 | labels: 1098 long, 1055 short (51/49%)
    [trial 5] Sharpe=0.0035 (folds: -0.0169, 0.2776, 0.0266, -0.0150, -0.2548)
    [trial 6] 49 features, training_days=420 | threshold=0.667 | labels: 1098 long, 1055 short (51/49%)
    [trial 6] Sharpe=0.0769 (folds: 0.0125, 0.3328, 0.0617, 0.1779, -0.2006)
    [trial 7] 49 features, training_days=120 | threshold=0.550 | labels: 1098 long, 1055 short (51/49%)
    [trial 7] Sharpe=-0.0350 (folds: -0.0224, 0.0202, -0.1148, -0.0002, -0.0575)
    [trial 8] 49 features, training_days=450 | threshold=0.720 | labels: 1098 long, 1055 short (51/49%)
    [trial 8] Sharpe=0.0814 (folds: 0.0133, 0.3142, 0.0648, 0.2502, -0.2353)
    [trial 9] 49 features, training_days=20 | threshold=0.727 | labels: 1098 long, 1055 short (51/49%)
    [trial 9] Sharpe=-4.1135 (folds: -10.0000, -10.0000, -0.0081, -0.2317, -0.3278)
    [trial 10] 49 features, training_days=400 | threshold=0.828 | labels: 1098 long, 1055 short (51/49%)
    [trial 10] Sharpe=0.2018 (folds: 0.0599, 0.2251, 0.1630, 0.4710, 0.0904)
    [trial 11] 49 features, training_days=400 | threshold=0.843 | labels: 1098 long, 1055 short (51/49%)
    [trial 11] Sharpe=0.2738 (folds: -0.0283, 0.2814, 0.2513, 0.5394, 0.3250)
    [trial 12] 49 features, training_days=380 | threshold=0.844 | labels: 1098 long, 1055 short (51/49%)
    [trial 12] Sharpe=0.1490 (folds: 0.1156, 0.2907, 0.1569, 0.0139, 0.1678)
    [trial 13] 49 features, training_days=360 | threshold=0.849 | labels: 1098 long, 1055 short (51/49%)
    [trial 13] Sharpe=0.2210 (folds: 0.1135, 0.3148, 0.2124, 0.2901, 0.1739)
    [trial 14] 49 features, training_days=340 | threshold=0.794 | labels: 1098 long, 1055 short (51/49%)
    [trial 14] Sharpe=0.0744 (folds: -0.0016, 0.3852, 0.0917, -0.0310, -0.0720)
    [trial 15] 49 features, training_days=220 | threshold=0.783 | labels: 1098 long, 1055 short (51/49%)
    [trial 15] Sharpe=0.0445 (folds: 0.0284, 0.2004, 0.0692, -0.0240, -0.0515)
    [trial 16] 49 features, training_days=490 | threshold=0.771 | labels: 1098 long, 1055 short (51/49%)
    [trial 16] Sharpe=0.0690 (folds: 0.1060, 0.2575, 0.2056, -0.0779, -0.1464)
    [trial 17] 49 features, training_days=350 | threshold=0.508 | labels: 1098 long, 1055 short (51/49%)
    [trial 17] Sharpe=-0.0344 (folds: 0.0009, 0.0934, 0.0491, -0.0841, -0.2314)
  Optuna: 18 trials, best Sharpe = 0.2738
  Best params: n_estimators=478, max_depth=4, lr=0.0100, leaves=61
  Best confidence_threshold: 0.843
  Best training_days: 400
  Retrained on full data (1194 samples, 49 features)
  OOD: 16 features, cutoff (q=0.7) = 12.90
  Model trained for 2023-05: 93 test candles with features, confidence_threshold=0.792
[trade:close] 2023-05-04 16:00 LTCUSDT SHORT → timeout @ 87.70 | PnL=+1.65% (net +1.55%) | cum=+39.43% 2023-05=+1.55% 2023-05-04=+1.55%
[predict] 2023-05-07 08:00 LTCUSDT → SHORT (proba=0.86 TP=9.2%/SL=4.6%)
[trade:open] 2023-05-07 15:59 LTCUSDT SHORT @ 83.82 | SL=87.68 TP=76.11 | timeout=2023-05-14 15:59
[trade:close] 2023-05-08 23:59 LTCUSDT SHORT → take_profit @ 76.11 | PnL=+9.20% (net +9.10%) | cum=+48.54% 2023-05=+10.65% 2023-05-08=+9.10%
[predict] 2023-05-24 16:00 LTCUSDT → SHORT (proba=0.83 TP=9.3%/SL=4.6%)
[trade:open] 2023-05-24 23:59 LTCUSDT SHORT @ 85.77 | SL=89.74 TP=77.83 | timeout=2023-05-31 23:59
[trade:close] 2023-05-28 07:59 LTCUSDT SHORT → stop_loss @ 89.74 | PnL=-4.63% (net -4.73%) | cum=+43.81% 2023-05=+5.92% 2023-05-28=-4.73%
[lgbm] === Training for 2023-06 ===
  Train window: 2021-06-01 → 2023-05-24
  2153 training samples from 1 symbols
  Samples per month: 2021-06: 90, 2021-07: 93, 2021-08: 93, 2021-09: 90, 2021-10: 93, 2021-11: 90, 2021-12: 93, 2022-01: 93, 2022-02: 75, 2022-03: 93, 2022-04: 84, 2022-05: 93, 2022-06: 90, 2022-07: 93, 2022-08: 93, 2022-09: 90, 2022-10: 93, 2022-11: 90, 2022-12: 93, 2023-01: 93, 2023-02: 84, 2023-03: 93, 2023-04: 90, 2023-05: 71
  [label] 2021-08-01 00:00 LTCUSDT entry=147.9600 → LONG | long=sl(-6.26%) short=sl(-6.26%) | scanned=21 | no_tp→fwd_return=+4.9743
  [label] 2021-08-03 08:00 LTCUSDT entry=138.4700 → LONG | long=tp(+13.92%) short=sl(-7.11%) | scanned=18 | long_tp_only
  [label] 2021-08-07 00:00 LTCUSDT entry=152.1700 → LONG | long=tp(+12.44%) short=sl(-6.37%) | scanned=12 | long_tp_only
  [label] 2021-08-31 16:00 LTCUSDT entry=171.6800 → LONG | long=tp(+12.98%) short=sl(-6.64%) | scanned=8 | long_tp_only
  [label] 2021-10-22 16:00 LTCUSDT entry=191.1400 → SHORT | long=sl(-7.14%) short=sl(-7.14%) | scanned=14 | no_tp→fwd_return=-4.5202
  [label] 2022-04-10 08:00 LTCUSDT entry=112.2200 → LONG | long=sl(-5.00%) short=timeout(-1.07%) | scanned=22 | no_tp→fwd_return=+0.9713
  [label] 2022-04-14 08:00 LTCUSDT entry=106.8200 → LONG | long=timeout(+5.64%) short=sl(-5.50%) | scanned=22 | no_tp→fwd_return=+5.7386
  [label] 2022-04-25 00:00 LTCUSDT entry=99.3800 → SHORT | long=sl(-5.42%) short=sl(-5.42%) | scanned=17 | no_tp→fwd_return=-3.6828
  [label] 2022-06-08 16:00 LTCUSDT entry=61.3400 → SHORT | long=sl(-6.54%) short=tp(+12.78%) | scanned=8 | short_tp_only[I 2026-06-01 23:27:09,328] A new study created in memory with name: no-name-42f3bf48-683d-46ea-a03c-ca8606b95aaa
[I 2026-06-01 23:27:09,722] Trial 0 finished with value: -0.014820655428711582 and parameters: {'confidence_threshold': 0.6310890415965769, 'training_days': 480, 'n_estimators': 380, 'max_depth': 4, 'num_leaves': 22, 'learning_rate': 0.01699897838270077, 'subsample': 0.5290418060840998, 'colsample_bytree': 0.9330880728874675, 'min_child_samples': 68, 'reg_alpha': 0.023585940584142682, 'reg_lambda': 1.5320059381854043e-08}. Best is trial 0 with value: -0.014820655428711582.
[I 2026-06-01 23:27:09,863] Trial 1 finished with value: -3.9519863883747335 and parameters: {'confidence_threshold': 0.839468448256698, 'training_days': 420, 'n_estimators': 145, 'max_depth': 3, 'num_leaves': 23, 'learning_rate': 0.028145092716060652, 'subsample': 0.762378215816119, 'colsample_bytree': 0.7159725093210578, 'min_child_samples': 43, 'reg_alpha': 0.0032112643094417484, 'reg_lambda': 1.8007140198129195e-07}. Best is trial 0 with value: -0.014820655428711582.
[I 2026-06-01 23:27:10,048] Trial 2 finished with value: 0.027703224359071986 and parameters: {'confidence_threshold': 0.6022506269873263, 'training_days': 190, 'n_estimators': 255, 'max_depth': 5, 'num_leaves': 24, 'learning_rate': 0.05748924681991978, 'subsample': 0.7962072844310213, 'colsample_bytree': 0.5232252063599989, 'min_child_samples': 69, 'reg_alpha': 3.425445902633376e-07, 'reg_lambda': 3.850031979199519e-08}. Best is trial 2 with value: 0.027703224359071986.
[I 2026-06-01 23:27:10,346] Trial 3 finished with value: 0.06014218359964172 and parameters: {'confidence_threshold': 0.8321099380386666, 'training_days': 490, 'n_estimators': 414, 'max_depth': 3, 'num_leaves': 19, 'learning_rate': 0.1024932221692416, 'subsample': 0.7200762468698007, 'colsample_bytree': 0.5610191174223894, 'min_child_samples': 60, 'reg_alpha': 2.039373116525212e-08, 'reg_lambda': 1.527156759251193}. Best is trial 3 with value: 0.06014218359964172.
[I 2026-06-01 23:27:10,534] Trial 4 finished with value: -0.02793555368478127 and parameters: {'confidence_threshold': 0.5905729935600059, 'training_days': 340, 'n_estimators': 190, 'max_depth': 4, 'num_leaves': 41, 'learning_rate': 0.01875220945578641, 'subsample': 0.9847923138822793, 'colsample_bytree': 0.8875664116805573, 'min_child_samples': 96, 'reg_alpha': 1.1309571585271483, 'reg_lambda': 0.002404915432737351}. Best is trial 3 with value: 0.06014218359964172.
[I 2026-06-01 23:27:10,584] Trial 5 finished with value: -0.32522199182585226 and parameters: {'confidence_threshold': 0.8226559822580909, 'training_days': 50, 'n_estimators': 138, 'max_depth': 3, 'num_leaves': 30, 'learning_rate': 0.03750796359625606, 'subsample': 0.6356745158869479, 'colsample_bytree': 0.9143687545759647, 'min_child_samples': 48, 'reg_alpha': 3.376063348877853e-06, 'reg_lambda': 0.0007660634613082914}. Best is trial 3 with value: 0.06014218359964172.
[I 2026-06-01 23:27:10,708] Trial 6 finished with value: 0.003915205591541497 and parameters: {'confidence_threshold': 0.5493234787411669, 'training_days': 410, 'n_estimators': 83, 'max_depth': 5, 'num_leaves': 52, 'learning_rate': 0.019657448966046126, 'subsample': 0.5027610585618012, 'colsample_bytree': 0.9077307142274171, 'min_child_samples': 77, 'reg_alpha': 0.03639690979811287, 'reg_lambda': 0.08738424135626986}. Best is trial 3 with value: 0.06014218359964172.
[I 2026-06-01 23:27:10,813] Trial 7 finished with value: -0.051499413898284094 and parameters: {'confidence_threshold': 0.5259156281069316, 'training_days': 180, 'n_estimators': 102, 'max_depth': 5, 'num_leaves': 45, 'learning_rate': 0.030816017044468066, 'subsample': 0.5317791751430119, 'colsample_bytree': 0.6554911608578311, 'min_child_samples': 46, 'reg_alpha': 0.036851536911881845, 'reg_lambda': 0.005470376807480391}. Best is trial 3 with value: 0.06014218359964172.
[I 2026-06-01 23:27:10,973] Trial 8 finished with value: 0.030073315402077395 and parameters: {'confidence_threshold': 0.8105244599017143, 'training_days': 240, 'n_estimators': 103, 'max_depth': 5, 'num_leaves': 52, 'learning_rate': 0.06746437142284309, 'subsample': 0.8854835899772805, 'colsample_bytree': 0.7468977981821954, 'min_child_samples': 62, 'reg_alpha': 7.04480806377519e-05, 'reg_lambda': 1.6934490731313353e-08}. Best is trial 3 with value: 0.06014218359964172.
[I 2026-06-01 23:27:11,006] Trial 9 finished with value: -0.04988195664155193 and parameters: {'confidence_threshold': 0.5377619994476566, 'training_days': 20, 'n_estimators': 337, 'max_depth': 3, 'num_leaves': 39, 'learning_rate': 0.21907142272152816, 'subsample': 0.6246461145744375, 'colsample_bytree': 0.7051914615178149, 'min_child_samples': 81, 'reg_alpha': 1.1459970229341322e-06, 'reg_lambda': 4.929685216887945e-08}. Best is trial 3 with value: 0.06014218359964172.
[I 2026-06-01 23:27:11,813] Trial 10 finished with value: 0.008004426029276493 and parameters: {'confidence_threshold': 0.7301111584710253, 'training_days': 350, 'n_estimators': 487, 'max_depth': 4, 'num_leaves': 15, 'learning_rate': 0.1457937958927628, 'subsample': 0.6806559982209046, 'colsample_bytree': 0.5055805119629307, 'min_child_samples': 27, 'reg_alpha': 1.290626345465208e-08, 'reg_lambda': 8.530248590348572}. Best is trial 3 with value: 0.06014218359964172.
[I 2026-06-01 23:27:12,195] Trial 11 finished with value: 0.048890031951327566 and parameters: {'confidence_threshold': 0.7615879655568232, 'training_days': 240, 'n_estimators': 496, 'max_depth': 4, 'num_leaves': 60, 'learning_rate': 0.08372255848813177, 'subsample': 0.8838129988503957, 'colsample_bytree': 0.6079180203564428, 'min_child_samples': 56, 'reg_alpha': 5.144645431489937e-05, 'reg_lambda': 7.868729181011707e-06}. Best is trial 3 with value: 0.06014218359964172.
[I 2026-06-01 23:27:12,452] Trial 12 finished with value: 0.030336104188863462 and parameters: {'confidence_threshold': 0.7352188398617514, 'training_days': 120, 'n_estimators': 497, 'max_depth': 4, 'num_leaves': 60, 'learning_rate': 0.09894162917596783, 'subsample': 0.836087844644569, 'colsample_bytree': 0.596601890424527, 'min_child_samples': 53, 'reg_alpha': 1.2372298153592243e-08, 'reg_lambda': 8.348297043432798e-06}. Best is trial 3 with value: 0.06014218359964172.
[I 2026-06-01 23:27:12,782] Trial 13 finished with value: -0.024982827366139805 and parameters: {'confidence_threshold': 0.7512132088079106, 'training_days': 300, 'n_estimators': 418, 'max_depth': 3, 'num_leaves': 62, 'learning_rate': 0.10724450253328564, 'subsample': 0.9293775058196592, 'colsample_bytree': 0.5962327473537032, 'min_child_samples': 31, 'reg_alpha': 6.086351326352555e-05, 'reg_lambda': 2.1573112424412734e-05}. Best is trial 3 with value: 0.06014218359964172.
[I 2026-06-01 23:27:13,024] Trial 14 finished with value: 0.049391163619928215 and parameters: {'confidence_threshold': 0.7871652886153421, 'training_days': 500, 'n_estimators': 431, 'max_depth': 3, 'num_leaves': 33, 'learning_rate': 0.20666235846041517, 'subsample': 0.7089081550453008, 'colsample_bytree': 0.5881852701656768, 'min_child_samples': 37, 'reg_alpha': 6.243069797304175, 'reg_lambda': 6.551588619002162}. Best is trial 3 with value: 0.06014218359964172.
[I 2026-06-01 23:27:13,282] Trial 15 finished with value: 0.0274417549034471 and parameters: {'confidence_threshold': 0.6722137252144118, 'training_days': 500, 'n_estimators': 299, 'max_depth': 3, 'num_leaves': 32, 'learning_rate': 0.29299291452318516, 'subsample': 0.7034569397764174, 'colsample_bytree': 0.8100744538922787, 'min_child_samples': 37, 'reg_alpha': 1.391021003769891, 'reg_lambda': 6.038050246690212}. Best is trial 3 with value: 0.06014218359964172.
[I 2026-06-01 23:27:13,539] Trial 16 finished with value: 0.04707578606165775 and parameters: {'confidence_threshold': 0.7846599612125905, 'training_days': 410, 'n_estimators': 408, 'max_depth': 3, 'num_leaves': 16, 'learning_rate': 0.16647185771444775, 'subsample': 0.713173333047047, 'colsample_bytree': 0.547854849210066, 'min_child_samples': 26, 'reg_alpha': 3.751800302727771, 'reg_lambda': 0.23529158002820744}. Best is trial 3 with value: 0.06014218359964172.
[I 2026-06-01 23:27:13,856] Trial 17 finished with value: 0.01583333479667135 and parameters: {'confidence_threshold': 0.7070311848485039, 'training_days': 450, 'n_estimators': 431, 'max_depth': 3, 'num_leaves': 31, 'learning_rate': 0.010425658055299656, 'subsample': 0.6006818104614414, 'colsample_bytree': 0.9956385980717998, 'min_child_samples': 91, 'reg_alpha': 0.0021301310173738176, 'reg_lambda': 0.515856308083867}. Best is trial 3 with value: 0.06014218359964172.
[I 2026-06-01 23:27:14,134] A new study created in memory with name: no-name-41134bb6-ed0d-427b-a674-921fbf12a184
[I 2026-06-01 23:27:14,233] Trial 0 finished with value: 0.029077716279723997 and parameters: {'confidence_threshold': 0.7437642149592516, 'training_days': 150, 'n_estimators': 152, 'max_depth': 4, 'num_leaves': 50, 'learning_rate': 0.04216766425047743, 'subsample': 0.9903820991923078, 'colsample_bytree': 0.8424148692924316, 'min_child_samples': 58, 'reg_alpha': 3.381097259762742e-05, 'reg_lambda': 1.2263152961306247e-05}. Best is trial 0 with value: 0.029077716279723997.
[I 2026-06-01 23:27:14,314] Trial 1 finished with value: -4.097280043652195 and parameters: {'confidence_threshold': 0.7551673975844145, 'training_days': 220, 'n_estimators': 76, 'max_depth': 4, 'num_leaves': 51, 'learning_rate': 0.018602118810743477, 'subsample': 0.5877258780737462, 'colsample_bytree': 0.7657756869209191, 'min_child_samples': 63, 'reg_alpha': 0.005123994170264194, 'reg_lambda': 0.44145470178120466}. Best is trial 0 with value: 0.029077716279723997.
[I 2026-06-01 23:27:14,643] Trial 2 finished with value: -0.013495676355009617 and parameters: {'confidence_threshold': 0.7535593637012223, 'training_days': 310, 'n_estimators': 375, 'max_depth': 3, 'num_leaves': 32, 'learning_rate': 0.021735641882032388, 'subsample': 0.6468570231944146, 'colsample_bytree': 0.8154880619272439, 'min_child_samples': 27, 'reg_alpha': 8.004064028491336e-05, 'reg_lambda': 7.546835261630524e-05}. Best is trial 0 with value: 0.029077716279723997.
[I 2026-06-01 23:27:14,845] Trial 3 finished with value: 0.003934862371557386 and parameters: {'confidence_threshold': 0.6727897841776072, 'training_days': 220, 'n_estimators': 190, 'max_depth': 4, 'num_leaves': 58, 'learning_rate': 0.24810689332636193, 'subsample': 0.7509183379421682, 'colsample_bytree': 0.8119764758960556, 'min_child_samples': 29, 'reg_alpha': 7.1708285081421445e-06, 'reg_lambda': 5.412973582738627e-05}. Best is trial 0 with value: 0.029077716279723997.
[I 2026-06-01 23:27:14,973] Trial 4 finished with value: 0.05711961344507523 and parameters: {'confidence_threshold': 0.803208205259178, 'training_days': 130, 'n_estimators': 267, 'max_depth': 5, 'num_leaves': 40, 'learning_rate': 0.08041175317374143, 'subsample': 0.5603143329951619, 'colsample_bytree': 0.9131704002534167, 'min_child_samples': 68, 'reg_alpha': 0.0008046593428183385, 'reg_lambda': 1.2158346158765583e-05}. Best is trial 4 with value: 0.05711961344507523.
[I 2026-06-01 23:27:15,225] Trial 5 finished with value: 0.06092608176285441 and parameters: {'confidence_threshold': 0.6064422761595144, 'training_days': 210, 'n_estimators': 357, 'max_depth': 5, 'num_leaves': 40, 'learning_rate': 0.0974221287220869, 'subsample': 0.7929682762811064, 'colsample_bytree': 0.8124517510478, 'min_child_samples': 74, 'reg_alpha': 0.3811377260781234, 'reg_lambda': 5.607314238392041e-08}. Best is trial 5 with value: 0.06092608176285441.
[I 2026-06-01 23:27:15,358] Trial 6 finished with value: 0.003627784537918454 and parameters: {'confidence_threshold': 0.7672889945051684, 'training_days': 130, 'n_estimators': 137, 'max_depth': 4, 'num_leaves': 19, 'learning_rate': 0.2031117614248665, 'subsample': 0.8136244860256343, 'colsample_bytree': 0.8617081790949774, 'min_child_samples': 21, 'reg_alpha': 0.002238138278733199, 'reg_lambda': 0.001025809534977322}. Best is trial 5 with value: 0.06092608176285441.
[I 2026-06-01 23:27:15,436] Trial 7 finished with value: 0.03756310190072289 and parameters: {'confidence_threshold': 0.555635875450653, 'training_days': 80, 'n_estimators': 363, 'max_depth': 3, 'num_leaves': 48, 'learning_rate': 0.06590089024008658, 'subsample': 0.6944752870615722, 'colsample_bytree': 0.962566244806993, 'min_child_samples': 88, 'reg_alpha': 1.6465620446426067e-05, 'reg_lambda': 2.4678750890085655e-08}. Best is trial 5 with value: 0.06092608176285441.
[I 2026-06-01 23:27:15,835] Trial 8 finished with value: -0.02576471855044033 and parameters: {'confidence_threshold': 0.6066688256938841, 'training_days': 200, 'n_estimators': 367, 'max_depth': 5, 'num_leaves': 32, 'learning_rate': 0.13377519215934996, 'subsample': 0.7965884582811106, 'colsample_bytree': 0.8458508993500886, 'min_child_samples': 32, 'reg_alpha': 3.889436043816386e-05, 'reg_lambda': 1.4713062489380356e-06}. Best is trial 5 with value: 0.06092608176285441.
