[I 2026-06-01 23:29:53,757] Trial 0 finished with value: 0.11998334066954994 and parameters: {'confidence_threshold': 0.7437642149592516, 'training_days': 150, 'n_estimators': 152, 'max_depth': 4, 'num_leaves': 50, 'learning_rate': 0.04216766425047743, 'subsample': 0.9903820991923078, 'colsample_bytree': 0.8424148692924316, 'min_child_samples': 58, 'reg_alpha': 3.381097259762742e-05, 'reg_lambda': 1.2263152961306247e-05}. Best is trial 0 with value: 0.11998334066954994.

[predict] 2024-05-28 08:00 LTCUSDT → LONG (proba=0.75 TP=7.7%/SL=3.8%)
[trade:open] 2024-05-28 15:59 LTCUSDT LONG @ 83.04 | SL=79.86 TP=89.40 | timeout=2024-06-04 15:59
[lgbm] === Training for 2024-06 ===
  Train window: 2022-06-01 → 2024-05-24
  2171 training samples from 1 symbols
  Samples per month: 2022-06: 90, 2022-07: 93, 2022-08: 93, 2022-09: 90, 2022-10: 93, 2022-11: 90, 2022-12: 93, 2023-01: 93, 2023-02: 84, 2023-03: 93, 2023-04: 90, 2023-05: 93, 2023-06: 90, 2023-07: 93, 2023-08: 93, 2023-09: 90, 2023-10: 93, 2023-11: 90, 2023-12: 93, 2024-01: 93, 2024-02: 87, 2024-03: 93, 2024-04: 90, 2024-05: 71
  [label] 2022-08-01 16:00 LTCUSDT entry=59.4300 → LONG | long=timeout(+5.18%) short=sl(-6.94%) | scanned=22 | no_tp→fwd_return=+5.2835
  [label] 2022-08-04 00:00 LTCUSDT entry=58.5300 → LONG | long=timeout(+5.40%) short=sl(-6.80%) | scanned=22 | no_tp→fwd_return=+5.5015
  [label] 2022-08-07 16:00 LTCUSDT entry=61.0600 → LONG | long=sl(-5.28%) short=sl(-5.28%) | scanned=16 | no_tp→fwd_return=+4.3727
  [label] 2022-09-01 08:00 LTCUSDT entry=54.8700 → LONG | long=tp(+14.19%) short=sl(-7.24%) | scanned=14 | long_tp_only
  [label] 2022-10-24 00:00 LTCUSDT entry=52.9400 → LONG | long=tp(+6.29%) short=sl(-3.29%) | scanned=5 | long_tp_only
  [label] 2023-04-08 00:00 LTCUSDT entry=90.9500 → LONG | long=tp(+8.56%) short=sl(-4.43%) | scanned=18 | long_tp_only
  [label] 2023-04-12 00:00 LTCUSDT entry=92.0300 → LONG | long=tp(+8.61%) short=sl(-4.45%) | scanned=13 | long_tp_only
  [label] 2023-04-22 16:00 LTCUSDT entry=86.9500 → LONG | long=timeout(+4.60%) short=sl(-6.21%) | scanned=22 | no_tp→fwd_return=+4.7039
  [label] 2023-06-06 16:00 LTCUSDT entry=90.8800 → SHORT | long=sl(-5.68%) short=tp(+11.07%) | scanned=10 | short_tp_only
  [label] 2023-06-15 08:00 LTCUSDT entry=73.6600 → LONG | long=tp(+13.29%) short=sl(-6.79%) | scanned=17 | long_tp_only
  [label] 2023-09-13 16:00 LTCUSDT entry=61.9500 → LONG | long=tp(+9.51%) short=sl(-4.90%) | scanned=17 | long_tp_only
  [label] 2023-10-15 16:00 LTCUSDT entry=61.5800 → LONG | long=tp(+4.39%) short=sl(-2.34%) | scanned=2 | long_tp_only
  [label] 2023-11-01 00:00 LTCUSDT entry=68.1300 → LONG | long=tp(+9.40%) short=sl(-4.85%) | scanned=17 | long_tp_only
  [label] 2023-11-13 16:00 LTCUSDT entry=71.1400 → SHORT | long=timeout(-2.36%) short=timeout(+2.16%) | scanned=22 | no_tp→fwd_return=-2.2631
  [label] 2023-12-02 00:00 LTCUSDT entry=71.8500 → LONG | long=tp(+5.53%) short=sl(-2.92%) | scanned=19 | long_tp_only
  [label] 2023-12-08 08:00 LTCUSDT entry=76.0300 → SHORT | long=sl(-4.37%) short=sl(-4.37%) | scanned=8 | no_tp→fwd_return=-3.7748
  [label] 2023-12-20 16:00 LTCUSDT entry=69.8800 → LONG | long=tp(+8.19%) short=sl(-4.24%) | scanned=20 | long_tp_only
  [label] 2024-01-29 08:00 LTCUSDT entry=67.5300 → SHORT | long=timeout(-0.13%) short=sl(-3.46%) | scanned=22 | no_tp→fwd_return=-0.0296
  [label] 2024-02-08 00:00 LTCUSDT entry=68.7600 → LONG | long=tp(+4.59%) short=sl(-2.44%) | scanned=9 | long_tp_only
  [label] 2024-05-04 08:00 LTCUSDT entry=82.3000 → SHORT | long=timeout(-1.92%) short=timeout(+1.72%) | scanned=22 | no_tp→fwd_return=-1.8226
  Labels: 1147 long (52.8%), 1024 short (47.2%) | weights: min=1.00, mean=3.21, max=10.00
  Features: 2171/2171 matched, 49 columns
  CV gap: 22 rows
  [ensemble 1/3] seed=42
    [trial 0] 49 features, training_days=480 | threshold=0.631 | labels: 1147 long, 1024 short (53/47%)
    [CV fold 0] train_end=2022-09-23 08:00 | val_start=2022-10-01 00:00 | gap=184h (22 rows)
    [CV fold 1] train_end=2023-01-21 16:00 | val_start=2023-01-29 08:00 | gap=184h (22 rows)
    [CV fold 2] train_end=2023-05-22 00:00 | val_start=2023-05-29 16:00 | gap=184h (22 rows)
    [CV fold 3] train_end=2023-09-19 08:00 | val_start=2023-09-27 00:00 | gap=184h (22 rows)
    [CV fold 4] train_end=2024-01-17 16:00 | val_start=2024-01-25 08:00 | gap=184h (22 rows)
    [trial 0] Sharpe=0.1422 (folds: 0.2290, 0.2543, -0.0127, -0.0823, 0.3226)
    [trial 1] 49 features, training_days=420 | threshold=0.839 | labels: 1147 long, 1024 short (53/47%)
    [trial 1] Sharpe=-1.8121 (folds: 0.2607, 0.2864, -0.1149, 0.5074, -10.0000)
    [trial 2] 49 features, training_days=190 | threshold=0.602 | labels: 1147 long, 1024 short (53/47%)
    [trial 2] Sharpe=0.0633 (folds: 0.1898, -0.0009, -0.0714, 0.0048, 0.1941)
    [trial 3] 49 features, training_days=490 | threshold=0.832 | labels: 1147 long, 1024 short (53/47%)
    [trial 3] Sharpe=0.1757 (folds: 0.1943, 0.3153, -0.0125, -0.0398, 0.4213)
    [trial 4] 49 features, training_days=340 | threshold=0.591 | labels: 1147 long, 1024 short (53/47%)
    [trial 4] Sharpe=0.1002 (folds: 0.1512, 0.2031, -0.0334, -0.1883, 0.3686)
    [trial 5] 49 features, training_days=50 | threshold=0.823 | labels: 1147 long, 1024 short (53/47%)
    [trial 5] Sharpe=0.0950 (folds: -0.2675, -0.0737, -0.0184, 0.5320, 0.3027)
    [trial 6] 49 features, training_days=410 | threshold=0.549 | labels: 1147 long, 1024 short (53/47%)
    [trial 6] Sharpe=0.1270 (folds: 0.0814, 0.1151, -0.0865, 0.0362, 0.4886)
    [trial 7] 49 features, training_days=180 | threshold=0.526 | labels: 1147 long, 1024 short (53/47%)
    [trial 7] Sharpe=0.0475 (folds: 0.0934, 0.0732, -0.1112, 0.0412, 0.1408)
    [trial 8] 49 features, training_days=240 | threshold=0.811 | labels: 1147 long, 1024 short (53/47%)
    [trial 8] Sharpe=0.1598 (folds: 0.3135, 0.2488, 0.0300, -0.0625, 0.2691)
    [trial 9] 49 features, training_days=20 | threshold=0.538 | labels: 1147 long, 1024 short (53/47%)
    [trial 9] Sharpe=-0.1036 (folds: -0.3951, 0.0242, -0.2648, -0.0333, 0.1512)
    [trial 10] 49 features, training_days=350 | threshold=0.730 | labels: 1147 long, 1024 short (53/47%)
    [trial 10] Sharpe=0.1444 (folds: 0.0677, 0.3398, 0.0028, 0.0391, 0.2725)
    [trial 11] 49 features, training_days=240 | threshold=0.762 | labels: 1147 long, 1024 short (53/47%)
    [trial 11] Sharpe=0.1200 (folds: 0.1651, 0.2275, 0.0055, 0.0350, 0.1672)
    [trial 12] 49 features, training_days=120 | threshold=0.770 | labels: 1147 long, 1024 short (53/47%)
    [trial 12] Sharpe=0.0850 (folds: 0.1280, -0.0589, 0.1386, -0.0177, 0.2350)
    [trial 13] 49 features, training_days=300 | threshold=0.694 | labels: 1147 long, 1024 short (53/47%)
    [trial 13] Sharpe=0.1046 (folds: 0.1449, 0.2815, -0.1061, -0.0874, 0.2902)
    [trial 14] 49 features, training_days=500 | threshold=0.787 | labels: 1147 long, 1024 short (53/47%)
    [trial 14] Sharpe=0.1656 (folds: 0.0876, 0.3524, 0.0171, -0.0649, 0.4357)
    [trial 15] 49 features, training_days=500 | threshold=0.778 | labels: 1147 long, 1024 short (53/47%)
    [trial 15] Sharpe=-3.8606 (folds: -10.0000, 0.5044, 0.0163, 0.1764, -10.0000)
    [trial 16] 49 features, training_days=410 | threshold=0.696 | labels: 1147 long, 1024 short (53/47%)
    [trial 16] Sharpe=0.1273 (folds: 0.0646, 0.3013, -0.0045, -0.0595, 0.3345)
    [trial 17] 49 features, training_days=450 | threshold=0.846 | labels: 1147 long, 1024 short (53/47%)
    [trial 17] Sharpe=0.2480 (folds: 0.1168, 0.4823, 0.0210, -0.0786, 0.6987)
  Optuna: 18 trials, best Sharpe = 0.2480
  Best params: n_estimators=303, max_depth=3, lr=0.0430, leaves=31
  Best confidence_threshold: 0.846
  Best training_days: 450
  Retrained on full data (1350 samples, 49 features)
  [ensemble 2/3] seed=123
    [trial 0] 49 features, training_days=150 | threshold=0.744 | labels: 1147 long, 1024 short (53/47%)
    [CV fold 0] train_end=2022-09-23 08:00 | val_start=2022-10-01 00:00 | gap=184h (22 rows)
    [CV fold 1] train_end=2023-01-21 16:00 | val_start=2023-01-29 08:00 | gap=184h (22 rows)
    [CV fold 2] train_end=2023-05-22 00:00 | val_start=2023-05-29 16:00 | gap=184h (22 rows)
    [CV fold 3] train_end=2023-09-19 08:00 | val_start=2023-09-27 00:00 | gap=184h (22 rows)
    [CV fold 4] train_end=2024-01-17 16:00 | val_start=2024-01-25 08:00 | gap=184h (22 rows)
    [trial 0] Sharpe=0.1200 (folds: 0.1686, 0.0303, 0.0455, 0.0507, 0.3048)
    [trial 1] 49 features, training_days=220 | threshold=0.755 | labels: 1147 long, 1024 short (53/47%)
    [trial 1] Sharpe=-1.8118 (folds: -10.0000, 0.2341, -0.0355, -0.0184, 0.7610)[I 2026-06-01 23:29:53,836] Trial 1 finished with value: -1.8117593617195378 and parameters: {'confidence_threshold': 0.7551673975844145, 'training_days': 220, 'n_estimators': 76, 'max_depth': 4, 'num_leaves': 51, 'learning_rate': 0.018602118810743477, 'subsample': 0.5877258780737462, 'colsample_bytree': 0.7657756869209191, 'min_child_samples': 63, 'reg_alpha': 0.005123994170264194, 'reg_lambda': 0.44145470178120466}. Best is trial 0 with value: 0.11998334066954994.
[I 2026-06-01 23:29:54,124] Trial 2 finished with value: 0.1023509032340515 and parameters: {'confidence_threshold': 0.7535593637012223, 'training_days': 310, 'n_estimators': 375, 'max_depth': 3, 'num_leaves': 32, 'learning_rate': 0.021735641882032388, 'subsample': 0.6468570231944146, 'colsample_bytree': 0.8154880619272439, 'min_child_samples': 27, 'reg_alpha': 8.004064028491336e-05, 'reg_lambda': 7.546835261630524e-05}. Best is trial 0 with value: 0.11998334066954994.
[I 2026-06-01 23:29:54,324] Trial 3 finished with value: 0.045044669009855896 and parameters: {'confidence_threshold': 0.6727897841776072, 'training_days': 220, 'n_estimators': 190, 'max_depth': 4, 'num_leaves': 58, 'learning_rate': 0.24810689332636193, 'subsample': 0.7509183379421682, 'colsample_bytree': 0.8119764758960556, 'min_child_samples': 29, 'reg_alpha': 7.1708285081421445e-06, 'reg_lambda': 5.412973582738627e-05}. Best is trial 0 with value: 0.11998334066954994.
[I 2026-06-01 23:29:54,477] Trial 4 finished with value: 0.12578271561141324 and parameters: {'confidence_threshold': 0.803208205259178, 'training_days': 130, 'n_estimators': 267, 'max_depth': 5, 'num_leaves': 40, 'learning_rate': 0.08041175317374143, 'subsample': 0.5603143329951619, 'colsample_bytree': 0.9131704002534167, 'min_child_samples': 68, 'reg_alpha': 0.0008046593428183385, 'reg_lambda': 1.2158346158765583e-05}. Best is trial 4 with value: 0.12578271561141324.
[I 2026-06-01 23:29:54,749] Trial 5 finished with value: 0.1073746346227065 and parameters: {'confidence_threshold': 0.6064422761595144, 'training_days': 210, 'n_estimators': 357, 'max_depth': 5, 'num_leaves': 40, 'learning_rate': 0.0974221287220869, 'subsample': 0.7929682762811064, 'colsample_bytree': 0.8124517510478, 'min_child_samples': 74, 'reg_alpha': 0.3811377260781234, 'reg_lambda': 5.607314238392041e-08}. Best is trial 4 with value: 0.12578271561141324.
[I 2026-06-01 23:29:54,891] Trial 6 finished with value: 0.06320323784949626 and parameters: {'confidence_threshold': 0.7672889945051684, 'training_days': 130, 'n_estimators': 137, 'max_depth': 4, 'num_leaves': 19, 'learning_rate': 0.2031117614248665, 'subsample': 0.8136244860256343, 'colsample_bytree': 0.8617081790949774, 'min_child_samples': 21, 'reg_alpha': 0.002238138278733199, 'reg_lambda': 0.001025809534977322}. Best is trial 4 with value: 0.12578271561141324.
[I 2026-06-01 23:29:54,984] Trial 7 finished with value: 0.10455033722185303 and parameters: {'confidence_threshold': 0.555635875450653, 'training_days': 80, 'n_estimators': 363, 'max_depth': 3, 'num_leaves': 48, 'learning_rate': 0.06590089024008658, 'subsample': 0.6944752870615722, 'colsample_bytree': 0.962566244806993, 'min_child_samples': 88, 'reg_alpha': 1.6465620446426067e-05, 'reg_lambda': 2.4678750890085655e-08}. Best is trial 4 with value: 0.12578271561141324.
[I 2026-06-01 23:29:55,431] Trial 8 finished with value: 0.06035448156261003 and parameters: {'confidence_threshold': 0.6066688256938841, 'training_days': 200, 'n_estimators': 367, 'max_depth': 5, 'num_leaves': 32, 'learning_rate': 0.13377519215934996, 'subsample': 0.7965884582811106, 'colsample_bytree': 0.8458508993500886, 'min_child_samples': 32, 'reg_alpha': 3.889436043816386e-05, 'reg_lambda': 1.4713062489380356e-06}. Best is trial 4 with value: 0.12578271561141324.
[I 2026-06-01 23:29:55,679] Trial 9 finished with value: 0.11766686754662774 and parameters: {'confidence_threshold': 0.6202096049169137, 'training_days': 260, 'n_estimators': 350, 'max_depth': 3, 'num_leaves': 21, 'learning_rate': 0.02989540198065364, 'subsample': 0.8307821683331218, 'colsample_bytree': 0.923253112635361, 'min_child_samples': 64, 'reg_alpha': 0.4898604619604203, 'reg_lambda': 2.9076377687066166e-05}. Best is trial 4 with value: 0.12578271561141324.
[I 2026-06-01 23:29:56,093] Trial 10 finished with value: -1.6040185947868348 and parameters: {'confidence_threshold': 0.8445241688507242, 'training_days': 470, 'n_estimators': 493, 'max_depth': 5, 'num_leaves': 63, 'learning_rate': 0.010221918552934462, 'subsample': 0.5019190721168774, 'colsample_bytree': 0.6202684210924141, 'min_child_samples': 99, 'reg_alpha': 1.9942621118187622e-08, 'reg_lambda': 0.0201634475791616}. Best is trial 4 with value: 0.12578271561141324.
[I 2026-06-01 23:29:56,123] Trial 11 finished with value: -10.0 and parameters: {'confidence_threshold': 0.8371297552840329, 'training_days': 20, 'n_estimators': 231, 'max_depth': 4, 'num_leaves': 42, 'learning_rate': 0.04419378524388841, 'subsample': 0.9939949979825393, 'colsample_bytree': 0.6778283959364831, 'min_child_samples': 51, 'reg_alpha': 3.867986746175684e-07, 'reg_lambda': 1.5530863293959958e-06}. Best is trial 4 with value: 0.12578271561141324.
[I 2026-06-01 23:29:56,425] Trial 12 finished with value: 0.12456789888322968 and parameters: {'confidence_threshold': 0.7147097017266781, 'training_days': 360, 'n_estimators': 275, 'max_depth': 5, 'num_leaves': 51, 'learning_rate': 0.05809128784912797, 'subsample': 0.9918302937157114, 'colsample_bytree': 0.5201164353688423, 'min_child_samples': 47, 'reg_alpha': 0.009430922971696443, 'reg_lambda': 1.6114975154815026e-06}. Best is trial 4 with value: 0.12578271561141324.
[I 2026-06-01 23:29:56,746] Trial 13 finished with value: 0.10618002242037497 and parameters: {'confidence_threshold': 0.7001814879650761, 'training_days': 370, 'n_estimators': 283, 'max_depth': 5, 'num_leaves': 32, 'learning_rate': 0.07642607080001533, 'subsample': 0.8836680992033887, 'colsample_bytree': 0.5389794258459311, 'min_child_samples': 41, 'reg_alpha': 0.012364597712185036, 'reg_lambda': 0.0038139884336564453}. Best is trial 4 with value: 0.12578271561141324.
[I 2026-06-01 23:29:57,003] Trial 14 finished with value: 0.11215822520490493 and parameters: {'confidence_threshold': 0.80448808266179, 'training_days': 390, 'n_estimators': 283, 'max_depth': 5, 'num_leaves': 44, 'learning_rate': 0.11895382971891064, 'subsample': 0.503062042826207, 'colsample_bytree': 0.5033829767322446, 'min_child_samples': 76, 'reg_alpha': 0.10336467417521716, 'reg_lambda': 1.2102325862348229e-06}. Best is trial 4 with value: 0.12578271561141324.
[I 2026-06-01 23:29:57,459] Trial 15 finished with value: 0.16795388102844028 and parameters: {'confidence_threshold': 0.6883708956969655, 'training_days': 490, 'n_estimators': 463, 'max_depth': 5, 'num_leaves': 56, 'learning_rate': 0.053567392929898795, 'subsample': 0.8966418548807951, 'colsample_bytree': 0.7040523095070745, 'min_child_samples': 46, 'reg_alpha': 8.071839304060962, 'reg_lambda': 1.1768139661303418e-07}. Best is trial 15 with value: 0.16795388102844028.
[I 2026-06-01 23:29:57,741] Trial 16 finished with value: 0.14616479944915786 and parameters: {'confidence_threshold': 0.659756767267747, 'training_days': 500, 'n_estimators': 496, 'max_depth': 5, 'num_leaves': 60, 'learning_rate': 0.18183429237322243, 'subsample': 0.8936515737175985, 'colsample_bytree': 0.6982877056862742, 'min_child_samples': 71, 'reg_alpha': 3.433399905162048, 'reg_lambda': 1.0865383498800313e-07}. Best is trial 15 with value: 0.16795388102844028.
[I 2026-06-01 23:29:57,985] Trial 17 finished with value: 0.10741098924476758 and parameters: {'confidence_threshold': 0.5004748807695347, 'training_days': 490, 'n_estimators': 496, 'max_depth': 5, 'num_leaves': 58, 'learning_rate': 0.16939682250539584, 'subsample': 0.9173838326350613, 'colsample_bytree': 0.6689376302145317, 'min_child_samples': 87, 'reg_alpha': 7.284070645541434, 'reg_lambda': 1.369980925855654e-07}. Best is trial 15 with value: 0.16795388102844028.
[I 2026-06-01 23:29:58,430] A new study created in memory with name: no-name-6197d019-6d33-44c4-8dce-a365b478ef06
[I 2026-06-01 23:29:58,615] Trial 0 finished with value: 0.13220888327429492 and parameters: {'confidence_threshold': 0.5870645682749857, 'training_days': 90, 'n_estimators': 403, 'max_depth': 5, 'num_leaves': 45, 'learning_rate': 0.0780457193679974, 'subsample': 0.9428509515574568, 'colsample_bytree': 0.8795587339164916, 'min_child_samples': 34, 'reg_alpha': 2.2465901234314442e-07, 'reg_lambda': 8.339007036475363e-05}. Best is trial 0 with value: 0.13220888327429492.
[I 2026-06-01 23:29:58,722] Trial 1 finished with value: 0.11308329274136897 and parameters: {'confidence_threshold': 0.6348453934275313, 'training_days': 290, 'n_estimators': 115, 'max_depth': 5, 'num_leaves': 37, 'learning_rate': 0.06949568759029946, 'subsample': 0.8228505074024268, 'colsample_bytree': 0.8616703220431751, 'min_child_samples': 75, 'reg_alpha': 4.2486822725010923e-07, 'reg_lambda': 1.157247767047042e-07}. Best is trial 0 with value: 0.13220888327429492.
[I 2026-06-01 23:29:58,748] Trial 2 finished with value: -0.0787630737919937 and parameters: {'confidence_threshold': 0.5849570384370288, 'training_days': 10, 'n_estimators': 212, 'max_depth': 3, 'num_leaves': 41, 'learning_rate': 0.18452095998378365, 'subsample': 0.6001060822924371, 'colsample_bytree': 0.5673167293506167, 'min_child_samples': 37, 'reg_alpha': 5.733250064217131, 'reg_lambda': 0.5308454292595461}. Best is trial 0 with value: 0.13220888327429492.
[I 2026-06-01 23:29:58,839] Trial 3 finished with value: 0.15552615931479039 and parameters: {'confidence_threshold': 0.6868248626683718, 'training_days': 220, 'n_estimators': 134, 'max_depth': 3, 'num_leaves': 45, 'learning_rate': 0.033529007907491595, 'subsample': 0.8647277071858408, 'colsample_bytree': 0.778494116634046, 'min_child_samples': 96, 'reg_alpha': 2.409409937265785e-07, 'reg_lambda': 1.1642073478060009}. Best is trial 3 with value: 0.15552615931479039.
[I 2026-06-01 23:29:58,932] Trial 4 finished with value: 0.08805284163463989 and parameters: {'confidence_threshold': 0.5623121348350352, 'training_days': 300, 'n_estimators': 69, 'max_depth': 4, 'num_leaves': 32, 'learning_rate': 0.14967629360700346, 'subsample': 0.5054535233636654, 'colsample_bytree': 0.7401385194659216, 'min_child_samples': 27, 'reg_alpha': 1.4212042567426725e-07, 'reg_lambda': 0.23605753701352003}. Best is trial 3 with value: 0.15552615931479039.
[I 2026-06-01 23:29:59,401] Trial 5 finished with value: 0.14951366022028303 and parameters: {'confidence_threshold': 0.7111850244908446, 'training_days': 490, 'n_estimators': 362, 'max_depth': 5, 'num_leaves': 40, 'learning_rate': 0.05960785724162737, 'subsample': 0.5589714368907717, 'colsample_bytree': 0.6659006943232806, 'min_child_samples': 42, 'reg_alpha': 0.6741360303045295, 'reg_lambda': 6.054601607143087e-08}. Best is trial 3 with value: 0.15552615931479039.
[I 2026-06-01 23:29:59,611] Trial 6 finished with value: 0.15212910290788956 and parameters: {'confidence_threshold': 0.667482545748023, 'training_days': 420, 'n_estimators': 279, 'max_depth': 3, 'num_leaves': 45, 'learning_rate': 0.040099592560849204, 'subsample': 0.8563114696415159, 'colsample_bytree': 0.5442917781944105, 'min_child_samples': 50, 'reg_alpha': 1.6407916423707903e-08, 'reg_lambda': 2.935907642973286e-05}. Best is trial 3 with value: 0.15552615931479039.
[I 2026-06-01 23:29:59,786] Trial 7 finished with value: 0.10763092910407082 and parameters: {'confidence_threshold': 0.5497381024139926, 'training_days': 120, 'n_estimators': 408, 'max_depth': 5, 'num_leaves': 38, 'learning_rate': 0.28049122657745795, 'subsample': 0.8806573338635493, 'colsample_bytree': 0.5454054113547102, 'min_child_samples': 63, 'reg_alpha': 0.01263008637940408, 'reg_lambda': 0.04588020805366937}. Best is trial 3 with value: 0.15552615931479039.
[I 2026-06-01 23:30:00,083] Trial 8 finished with value: 0.17319886104184232 and parameters: {'confidence_threshold': 0.719644804808716, 'training_days': 450, 'n_estimators': 410, 'max_depth': 4, 'num_leaves': 57, 'learning_rate': 0.04022026551478857, 'subsample': 0.5336085426932707, 'colsample_bytree': 0.5705742850577543, 'min_child_samples': 100, 'reg_alpha': 5.916398047912201e-07, 'reg_lambda': 0.9794034214488329}. Best is trial 8 with value: 0.17319886104184232.
[I 2026-06-01 23:30:00,110] Trial 9 finished with value: -6.074181514745907 and parameters: {'confidence_threshold': 0.7267463643917187, 'training_days': 20, 'n_estimators': 337, 'max_depth': 5, 'num_leaves': 23, 'learning_rate': 0.022153031811454605, 'subsample': 0.6305627572358737, 'colsample_bytree': 0.6613413774216214, 'min_child_samples': 81, 'reg_alpha': 5.7638634029410314e-08, 'reg_lambda': 8.26603016764008}. Best is trial 8 with value: 0.17319886104184232.
[I 2026-06-01 23:30:00,505] Trial 10 finished with value: -3.9154695729817197 and parameters: {'confidence_threshold': 0.8283920119574972, 'training_days': 400, 'n_estimators': 485, 'max_depth': 4, 'num_leaves': 63, 'learning_rate': 0.011927505552849117, 'subsample': 0.7130289643560688, 'colsample_bytree': 0.9944479338273263, 'min_child_samples': 100, 'reg_alpha': 5.0239970328459277e-05, 'reg_lambda': 0.0028438774509831773}. Best is trial 8 with value: 0.17319886104184232.
