[I 2026-06-01 23:28:50,494] Trial 17 finished with value: 0.014920825197289128 and parameters: {'confidence_threshold': 0.5028255678835912, 'training_days': 70, 'n_estimators': 319, 'max_depth': 3, 'num_leaves': 22, 'learning_rate': 0.1913942156766461, 'subsample': 0.7671123975508201, 'colsample_bytree': 0.720096132447481, 'min_child_samples': 62, 'reg_alpha': 0.0032469148398323448, 'reg_lambda': 3.756010955927394}. Best is trial 17 with value: 0.014920825197289128.

    [trial 9] 49 features, training_days=260 | threshold=0.620 | labels: 1062 long, 1091 short (49/51%)
    [trial 9] Sharpe=-0.0688 (folds: -0.2866, 0.0967, -0.1758, 0.0573, -0.0355)
    [trial 10] 49 features, training_days=470 | threshold=0.845 | labels: 1062 long, 1091 short (49/51%)
    [trial 10] Sharpe=-1.9342 (folds: -0.4285, -10.0000, 0.2677, 0.3232, 0.1665)
    [trial 11] 49 features, training_days=20 | threshold=0.726 | labels: 1062 long, 1091 short (49/51%)
    [trial 11] Sharpe=-0.0032 (folds: -0.2066, 0.0704, 0.1621, -0.0945, 0.0527)
    [trial 12] 49 features, training_days=10 | threshold=0.706 | labels: 1062 long, 1091 short (49/51%)
    [trial 12] Sharpe=0.0078 (folds: 0.0286, -0.2267, 0.1621, 0.0224, 0.0527)
    [trial 13] 49 features, training_days=10 | threshold=0.693 | labels: 1062 long, 1091 short (49/51%)
    [trial 13] Sharpe=0.0078 (folds: 0.0286, -0.2267, 0.1621, 0.0224, 0.0527)
    [trial 14] 49 features, training_days=20 | threshold=0.678 | labels: 1062 long, 1091 short (49/51%)
    [trial 14] Sharpe=-0.0032 (folds: -0.2066, 0.0704, 0.1621, -0.0945, 0.0527)
    [trial 15] 49 features, training_days=10 | threshold=0.682 | labels: 1062 long, 1091 short (49/51%)
    [trial 15] Sharpe=0.0078 (folds: 0.0286, -0.2267, 0.1621, 0.0224, 0.0527)
    [trial 16] 49 features, training_days=350 | threshold=0.703 | labels: 1062 long, 1091 short (49/51%)
    [trial 16] Sharpe=-0.1376 (folds: -0.3537, -0.0371, -0.1520, -0.0822, -0.0628)
    [trial 17] 49 features, training_days=70 | threshold=0.500 | labels: 1062 long, 1091 short (49/51%)
    [trial 17] Sharpe=-0.0308 (folds: -0.2933, -0.0445, 0.1792, 0.1323, -0.1277)
  Optuna: 18 trials, best Sharpe = 0.0078
  Best params: n_estimators=51, max_depth=4, lr=0.2676, leaves=63
  Best confidence_threshold: 0.706
  Best training_days: 10
  Retrained on full data (30 samples, 49 features)
  [ensemble 3/3] seed=456
    [trial 0] 49 features, training_days=90 | threshold=0.587 | labels: 1062 long, 1091 short (49/51%)
    [CV fold 0] train_end=2022-03-27 08:00 | val_start=2022-04-06 00:00 | gap=232h (22 rows)
    [CV fold 1] train_end=2022-07-26 16:00 | val_start=2022-08-03 08:00 | gap=184h (22 rows)
    [CV fold 2] train_end=2022-11-23 00:00 | val_start=2022-11-30 16:00 | gap=184h (22 rows)
    [CV fold 3] train_end=2023-03-22 08:00 | val_start=2023-03-30 00:00 | gap=184h (22 rows)
    [CV fold 4] train_end=2023-07-19 16:00 | val_start=2023-07-27 08:00 | gap=184h (22 rows)
    [trial 0] Sharpe=-0.0825 (folds: -0.3212, -0.1103, 0.0696, -0.1228, 0.0721)
    [trial 1] 49 features, training_days=290 | threshold=0.635 | labels: 1062 long, 1091 short (49/51%)
    [trial 1] Sharpe=-0.0445 (folds: -0.2956, 0.1637, -0.1440, 0.0749, -0.0214)
    [trial 2] 49 features, training_days=10 | threshold=0.585 | labels: 1062 long, 1091 short (49/51%)
    [trial 2] Sharpe=0.0078 (folds: 0.0286, -0.2267, 0.1621, 0.0224, 0.0527)
    [trial 3] 49 features, training_days=220 | threshold=0.687 | labels: 1062 long, 1091 short (49/51%)
    [trial 3] Sharpe=-0.0829 (folds: -0.5374, 0.1815, -0.1449, 0.1557, -0.0692)
    [trial 4] 49 features, training_days=300 | threshold=0.562 | labels: 1062 long, 1091 short (49/51%)
    [trial 4] Sharpe=-0.0927 (folds: -0.2892, -0.0639, -0.1589, -0.0093, 0.0577)
    [trial 5] 49 features, training_days=490 | threshold=0.711 | labels: 1062 long, 1091 short (49/51%)
    [trial 5] Sharpe=-0.1134 (folds: -0.2946, -0.1327, -0.1305, 0.0077, -0.0169)
    [trial 6] 49 features, training_days=420 | threshold=0.667 | labels: 1062 long, 1091 short (49/51%)
    [trial 6] Sharpe=-0.1248 (folds: -0.4028, -0.0230, -0.2023, 0.0263, -0.0221)
    [trial 7] 49 features, training_days=120 | threshold=0.550 | labels: 1062 long, 1091 short (49/51%)
    [trial 7] Sharpe=-0.0929 (folds: -0.4088, -0.0937, -0.0415, -0.0748, 0.1542)
    [trial 8] 49 features, training_days=450 | threshold=0.720 | labels: 1062 long, 1091 short (49/51%)
    [trial 8] Sharpe=-0.0336 (folds: -0.4340, 0.2093, -0.0030, 0.0841, -0.0243)
    [trial 9] 49 features, training_days=20 | threshold=0.727 | labels: 1062 long, 1091 short (49/51%)
    [trial 9] Sharpe=-0.0032 (folds: -0.2066, 0.0704, 0.1621, -0.0945, 0.0527)
    [trial 10] 49 features, training_days=10 | threshold=0.840 | labels: 1062 long, 1091 short (49/51%)
    [trial 10] Sharpe=0.0078 (folds: 0.0286, -0.2267, 0.1621, 0.0224, 0.0527)
    [trial 11] 49 features, training_days=10 | threshold=0.849 | labels: 1062 long, 1091 short (49/51%)
    [trial 11] Sharpe=0.0078 (folds: 0.0286, -0.2267, 0.1621, 0.0224, 0.0527)
    [trial 12] 49 features, training_days=140 | threshold=0.839 | labels: 1062 long, 1091 short (49/51%)
    [trial 12] Sharpe=-0.0574 (folds: -0.3382, -0.2605, 0.1285, -0.0210, 0.2042)
    [trial 13] 49 features, training_days=200 | threshold=0.504 | labels: 1062 long, 1091 short (49/51%)
    [trial 13] Sharpe=-0.0838 (folds: -0.3605, -0.0515, 0.0099, -0.0799, 0.0631)
    [trial 14] 49 features, training_days=70 | threshold=0.772 | labels: 1062 long, 1091 short (49/51%)
    [trial 14] Sharpe=-0.0516 (folds: -0.3847, -0.1290, 0.2448, -0.0614, 0.0723)
    [trial 15] 49 features, training_days=160 | threshold=0.783 | labels: 1062 long, 1091 short (49/51%)
    [trial 15] Sharpe=-2.0600 (folds: -0.4329, -10.0000, -0.1608, 0.0546, 0.2392)
    [trial 16] 49 features, training_days=360 | threshold=0.622 | labels: 1062 long, 1091 short (49/51%)
    [trial 16] Sharpe=-0.1055 (folds: -0.3358, -0.0713, -0.0799, -0.0130, -0.0273)
    [trial 17] 49 features, training_days=70 | threshold=0.503 | labels: 1062 long, 1091 short (49/51%)
    [trial 17] Sharpe=0.0149 (folds: -0.2779, 0.0848, 0.1735, 0.1022, -0.0080)
  Optuna: 18 trials, best Sharpe = 0.0149
  Best params: n_estimators=319, max_depth=3, lr=0.1914, leaves=22
  Best confidence_threshold: 0.503
  Best training_days: 70
  Retrained on full data (210 samples, 49 features)
  OOD: 16 features, cutoff (q=0.7) = 13.89
  Model trained for 2023-12: 93 test candles with features, confidence_threshold=0.677
[trade:close] 2023-12-01 15:59 LTCUSDT SHORT → stop_loss @ 71.52 | PnL=-3.14% (net -3.24%) | cum=+83.51% 2023-12=-3.24% 2023-12-01=-3.24%
[predict] 2023-12-02 08:00 LTCUSDT → LONG (proba=0.71 TP=5.5%/SL=2.8%)
[trade:open] 2023-12-02 15:59 LTCUSDT LONG @ 71.83 | SL=69.85 TP=75.80 | timeout=2023-12-09 15:59
[trade:close] 2023-12-08 15:59 LTCUSDT LONG → take_profit @ 75.80 | PnL=+5.52% (net +5.42%) | cum=+88.94% 2023-12=+2.18% 2023-12-08=+5.42%
[predict] 2023-12-09 08:00 LTCUSDT → SHORT (proba=0.84 TP=9.2%/SL=4.6%)
[trade:open] 2023-12-09 15:59 LTCUSDT SHORT @ 77.61 | SL=81.17 TP=70.49 | timeout=2023-12-16 15:59
[trade:close] 2023-12-11 07:59 LTCUSDT SHORT → take_profit @ 70.49 | PnL=+9.17% (net +9.07%) | cum=+98.01% 2023-12=+11.26% 2023-12-11=+9.07%
[predict] 2023-12-17 00:00 LTCUSDT → SHORT (proba=0.82 TP=8.2%/SL=4.1%)
[trade:open] 2023-12-17 07:59 LTCUSDT SHORT @ 72.82 | SL=75.80 TP=66.87 | timeout=2023-12-24 07:59
[trade:close] 2023-12-24 08:00 LTCUSDT SHORT → timeout @ 72.66 | PnL=+0.22% (net +0.12%) | cum=+98.13% 2023-12=+11.38% 2023-12-24=+0.12%
[predict] 2023-12-25 00:00 LTCUSDT → LONG (proba=0.69 TP=7.7%/SL=3.8%)
[trade:open] 2023-12-25 07:59 LTCUSDT LONG @ 72.07 | SL=69.30 TP=77.62 | timeout=2024-01-01 07:59
[trade:close] 2023-12-28 15:59 LTCUSDT LONG → take_profit @ 77.62 | PnL=+7.69% (net +7.59%) | cum=+105.72% 2023-12=+18.97% 2023-12-28=+7.59%
[predict] 2023-12-29 08:00 LTCUSDT → SHORT (proba=0.78 TP=10.1%/SL=5.0%)
[trade:open] 2023-12-29 15:59 LTCUSDT SHORT @ 75.56 | SL=79.36 TP=67.97 | timeout=2024-01-05 15:59
[lgbm] === Training for 2024-01 ===
  Train window: 2022-01-01 → 2023-12-24
  2153 training samples from 1 symbols
  Samples per month: 2022-01: 93, 2022-02: 75, 2022-03: 93, 2022-04: 84, 2022-05: 93, 2022-06: 90, 2022-07: 93, 2022-08: 93, 2022-09: 90, 2022-10: 93, 2022-11: 90, 2022-12: 93, 2023-01: 93, 2023-02: 84, 2023-03: 93, 2023-04: 90, 2023-05: 93, 2023-06: 90, 2023-07: 93, 2023-08: 93, 2023-09: 90, 2023-10: 93, 2023-11: 90, 2023-12: 71
  [label] 2022-03-06 00:00 LTCUSDT entry=103.4600 → LONG | long=timeout(+2.27%) short=timeout(-2.47%) | scanned=22 | no_tp→fwd_return=+2.3681[I 2026-06-01 23:28:51,090] A new study created in memory with name: no-name-1114ee4e-9b87-4684-8b39-4289ae72b162
[I 2026-06-01 23:28:51,493] Trial 0 finished with value: -0.05625572408956203 and parameters: {'confidence_threshold': 0.6310890415965769, 'training_days': 480, 'n_estimators': 380, 'max_depth': 4, 'num_leaves': 22, 'learning_rate': 0.01699897838270077, 'subsample': 0.5290418060840998, 'colsample_bytree': 0.9330880728874675, 'min_child_samples': 68, 'reg_alpha': 0.023585940584142682, 'reg_lambda': 1.5320059381854043e-08}. Best is trial 0 with value: -0.05625572408956203.
[I 2026-06-01 23:28:51,631] Trial 1 finished with value: -3.825662317089477 and parameters: {'confidence_threshold': 0.839468448256698, 'training_days': 420, 'n_estimators': 145, 'max_depth': 3, 'num_leaves': 23, 'learning_rate': 0.028145092716060652, 'subsample': 0.762378215816119, 'colsample_bytree': 0.7159725093210578, 'min_child_samples': 43, 'reg_alpha': 0.0032112643094417484, 'reg_lambda': 1.8007140198129195e-07}. Best is trial 0 with value: -0.05625572408956203.
[I 2026-06-01 23:28:51,830] Trial 2 finished with value: -0.01699881960651793 and parameters: {'confidence_threshold': 0.6022506269873263, 'training_days': 190, 'n_estimators': 255, 'max_depth': 5, 'num_leaves': 24, 'learning_rate': 0.05748924681991978, 'subsample': 0.7962072844310213, 'colsample_bytree': 0.5232252063599989, 'min_child_samples': 69, 'reg_alpha': 3.425445902633376e-07, 'reg_lambda': 3.850031979199519e-08}. Best is trial 2 with value: -0.01699881960651793.
[I 2026-06-01 23:28:52,145] Trial 3 finished with value: -0.04705762622587771 and parameters: {'confidence_threshold': 0.8321099380386666, 'training_days': 490, 'n_estimators': 414, 'max_depth': 3, 'num_leaves': 19, 'learning_rate': 0.1024932221692416, 'subsample': 0.7200762468698007, 'colsample_bytree': 0.5610191174223894, 'min_child_samples': 60, 'reg_alpha': 2.039373116525212e-08, 'reg_lambda': 1.527156759251193}. Best is trial 2 with value: -0.01699881960651793.
[I 2026-06-01 23:28:52,320] Trial 4 finished with value: -0.053762841615758096 and parameters: {'confidence_threshold': 0.5905729935600059, 'training_days': 340, 'n_estimators': 190, 'max_depth': 4, 'num_leaves': 41, 'learning_rate': 0.01875220945578641, 'subsample': 0.9847923138822793, 'colsample_bytree': 0.8875664116805573, 'min_child_samples': 96, 'reg_alpha': 1.1309571585271483, 'reg_lambda': 0.002404915432737351}. Best is trial 2 with value: -0.01699881960651793.
[I 2026-06-01 23:28:52,364] Trial 5 finished with value: -0.08831663579718128 and parameters: {'confidence_threshold': 0.8226559822580909, 'training_days': 50, 'n_estimators': 138, 'max_depth': 3, 'num_leaves': 30, 'learning_rate': 0.03750796359625606, 'subsample': 0.6356745158869479, 'colsample_bytree': 0.9143687545759647, 'min_child_samples': 48, 'reg_alpha': 3.376063348877853e-06, 'reg_lambda': 0.0007660634613082914}. Best is trial 2 with value: -0.01699881960651793.
[I 2026-06-01 23:28:52,482] Trial 6 finished with value: -0.06427311874873691 and parameters: {'confidence_threshold': 0.5493234787411669, 'training_days': 410, 'n_estimators': 83, 'max_depth': 5, 'num_leaves': 52, 'learning_rate': 0.019657448966046126, 'subsample': 0.5027610585618012, 'colsample_bytree': 0.9077307142274171, 'min_child_samples': 77, 'reg_alpha': 0.03639690979811287, 'reg_lambda': 0.08738424135626986}. Best is trial 2 with value: -0.01699881960651793.
[I 2026-06-01 23:28:52,588] Trial 7 finished with value: -0.026878545602948768 and parameters: {'confidence_threshold': 0.5259156281069316, 'training_days': 180, 'n_estimators': 102, 'max_depth': 5, 'num_leaves': 45, 'learning_rate': 0.030816017044468066, 'subsample': 0.5317791751430119, 'colsample_bytree': 0.6554911608578311, 'min_child_samples': 46, 'reg_alpha': 0.036851536911881845, 'reg_lambda': 0.005470376807480391}. Best is trial 2 with value: -0.01699881960651793.
[I 2026-06-01 23:28:52,705] Trial 8 finished with value: -0.06338261849644214 and parameters: {'confidence_threshold': 0.8105244599017143, 'training_days': 240, 'n_estimators': 103, 'max_depth': 5, 'num_leaves': 52, 'learning_rate': 0.06746437142284309, 'subsample': 0.8854835899772805, 'colsample_bytree': 0.7468977981821954, 'min_child_samples': 62, 'reg_alpha': 7.04480806377519e-05, 'reg_lambda': 1.6934490731313353e-08}. Best is trial 2 with value: -0.01699881960651793.
[I 2026-06-01 23:28:52,731] Trial 9 finished with value: -4.0812894561964725 and parameters: {'confidence_threshold': 0.5377619994476566, 'training_days': 20, 'n_estimators': 337, 'max_depth': 3, 'num_leaves': 39, 'learning_rate': 0.21907142272152816, 'subsample': 0.6246461145744375, 'colsample_bytree': 0.7051914615178149, 'min_child_samples': 81, 'reg_alpha': 1.1459970229341322e-06, 'reg_lambda': 4.929685216887945e-08}. Best is trial 2 with value: -0.01699881960651793.
[I 2026-06-01 23:28:53,082] Trial 10 finished with value: -0.02127431455448773 and parameters: {'confidence_threshold': 0.6797821749717731, 'training_days': 150, 'n_estimators': 487, 'max_depth': 5, 'num_leaves': 31, 'learning_rate': 0.1457937958927628, 'subsample': 0.8271882613853766, 'colsample_bytree': 0.5054398545048813, 'min_child_samples': 27, 'reg_alpha': 1.290626345465208e-08, 'reg_lambda': 3.3639426888455256e-06}. Best is trial 2 with value: -0.01699881960651793.
[I 2026-06-01 23:28:53,316] Trial 11 finished with value: -0.02214240783524423 and parameters: {'confidence_threshold': 0.7155079644808182, 'training_days': 150, 'n_estimators': 258, 'max_depth': 5, 'num_leaves': 31, 'learning_rate': 0.1741178839534614, 'subsample': 0.833349200313924, 'colsample_bytree': 0.5038827132281698, 'min_child_samples': 20, 'reg_alpha': 3.5096213893268635e-08, 'reg_lambda': 5.871612803064659e-06}. Best is trial 2 with value: -0.01699881960651793.
[I 2026-06-01 23:28:53,646] Trial 12 finished with value: -0.03241421995614052 and parameters: {'confidence_threshold': 0.7019148951179925, 'training_days': 130, 'n_estimators': 493, 'max_depth': 4, 'num_leaves': 30, 'learning_rate': 0.09894162917596783, 'subsample': 0.8963470821800655, 'colsample_bytree': 0.5926610850925079, 'min_child_samples': 20, 'reg_alpha': 5.0544381310348e-07, 'reg_lambda': 6.848626651232871e-06}. Best is trial 2 with value: -0.01699881960651793.
[I 2026-06-01 23:28:53,931] Trial 13 finished with value: -0.04817448068218929 and parameters: {'confidence_threshold': 0.648468212177187, 'training_days': 250, 'n_estimators': 260, 'max_depth': 5, 'num_leaves': 62, 'learning_rate': 0.2890863979957613, 'subsample': 0.7829028512372952, 'colsample_bytree': 0.5143705956006881, 'min_child_samples': 31, 'reg_alpha': 5.455813891552554e-05, 'reg_lambda': 4.448098583586063e-06}. Best is trial 2 with value: -0.01699881960651793.
[I 2026-06-01 23:28:54,063] Trial 14 finished with value: 0.001488527611447532 and parameters: {'confidence_threshold': 0.7534219751173105, 'training_days': 100, 'n_estimators': 489, 'max_depth': 4, 'num_leaves': 15, 'learning_rate': 0.1158192315768584, 'subsample': 0.9615710983774698, 'colsample_bytree': 0.6139966073958775, 'min_child_samples': 87, 'reg_alpha': 9.163584986803515e-08, 'reg_lambda': 5.644357024966341e-07}. Best is trial 14 with value: 0.001488527611447532.
[I 2026-06-01 23:28:54,150] Trial 15 finished with value: -0.01393487173344692 and parameters: {'confidence_threshold': 0.767613903308841, 'training_days': 90, 'n_estimators': 332, 'max_depth': 4, 'num_leaves': 15, 'learning_rate': 0.05690473955670278, 'subsample': 0.9846363749818691, 'colsample_bytree': 0.6219365349247488, 'min_child_samples': 99, 'reg_alpha': 8.585435746487168e-06, 'reg_lambda': 4.301918711845675e-07}. Best is trial 14 with value: 0.001488527611447532.
[I 2026-06-01 23:28:54,187] Trial 16 finished with value: -10.0 and parameters: {'confidence_threshold': 0.7583890479152594, 'training_days': 70, 'n_estimators': 330, 'max_depth': 4, 'num_leaves': 16, 'learning_rate': 0.08790683791114748, 'subsample': 0.9995215040498933, 'colsample_bytree': 0.8338962247920462, 'min_child_samples': 99, 'reg_alpha': 1.6230643075200477e-05, 'reg_lambda': 5.507336682929852e-05}. Best is trial 14 with value: 0.001488527611447532.
[I 2026-06-01 23:28:54,281] Trial 17 finished with value: -2.075272731010828 and parameters: {'confidence_threshold': 0.7611484084321937, 'training_days': 90, 'n_estimators': 417, 'max_depth': 4, 'num_leaves': 15, 'learning_rate': 0.010425658055299656, 'subsample': 0.939750397944035, 'colsample_bytree': 0.6505152466626335, 'min_child_samples': 86, 'reg_alpha': 0.0005961727498011812, 'reg_lambda': 4.652477371063959e-07}. Best is trial 14 with value: 0.001488527611447532.
[I 2026-06-01 23:28:54,563] A new study created in memory with name: no-name-03af9c23-82c5-4c57-8e87-78331b48de10
[I 2026-06-01 23:28:54,646] Trial 0 finished with value: -0.08451935595586335 and parameters: {'confidence_threshold': 0.7437642149592516, 'training_days': 150, 'n_estimators': 152, 'max_depth': 4, 'num_leaves': 50, 'learning_rate': 0.04216766425047743, 'subsample': 0.9903820991923078, 'colsample_bytree': 0.8424148692924316, 'min_child_samples': 58, 'reg_alpha': 3.381097259762742e-05, 'reg_lambda': 1.2263152961306247e-05}. Best is trial 0 with value: -0.08451935595586335.
[I 2026-06-01 23:28:54,721] Trial 1 finished with value: -0.1566467460078674 and parameters: {'confidence_threshold': 0.7551673975844145, 'training_days': 220, 'n_estimators': 76, 'max_depth': 4, 'num_leaves': 51, 'learning_rate': 0.018602118810743477, 'subsample': 0.5877258780737462, 'colsample_bytree': 0.7657756869209191, 'min_child_samples': 63, 'reg_alpha': 0.005123994170264194, 'reg_lambda': 0.44145470178120466}. Best is trial 0 with value: -0.08451935595586335.
[I 2026-06-01 23:28:54,971] Trial 2 finished with value: -0.11235273786386335 and parameters: {'confidence_threshold': 0.7535593637012223, 'training_days': 310, 'n_estimators': 375, 'max_depth': 3, 'num_leaves': 32, 'learning_rate': 0.021735641882032388, 'subsample': 0.6468570231944146, 'colsample_bytree': 0.8154880619272439, 'min_child_samples': 27, 'reg_alpha': 8.004064028491336e-05, 'reg_lambda': 7.546835261630524e-05}. Best is trial 0 with value: -0.08451935595586335.
