[I 2026-06-01 23:28:08,992] Trial 9 finished with value: 0.009122280434531371 and parameters: {'confidence_threshold': 0.6202096049169137, 'training_days': 260, 'n_estimators': 350, 'max_depth': 3, 'num_leaves': 21, 'learning_rate': 0.02989540198065364, 'subsample': 0.8307821683331218, 'colsample_bytree': 0.923253112635361, 'min_child_samples': 64, 'reg_alpha': 0.4898604619604203, 'reg_lambda': 2.9076377687066166e-05}. Best is trial 7 with value: 0.034649268049721.
[I 2026-06-01 23:28:09,049] Trial 10 finished with value: -0.04781571657148861 and parameters: {'confidence_threshold': 0.5248809389721337, 'training_days': 10, 'n_estimators': 493, 'max_depth': 3, 'num_leaves': 63, 'learning_rate': 0.010221918552934462, 'subsample': 0.667749445701178, 'colsample_bytree': 0.6202684210924141, 'min_child_samples': 99, 'reg_alpha': 1.3884210513841762e-08, 'reg_lambda': 0.02273343343290072}. Best is trial 7 with value: 0.034649268049721.
[I 2026-06-01 23:28:09,762] Trial 11 finished with value: 0.014273005741881617 and parameters: {'confidence_threshold': 0.5159231932719539, 'training_days': 470, 'n_estimators': 478, 'max_depth': 3, 'num_leaves': 20, 'learning_rate': 0.04419378524388841, 'subsample': 0.9151757641258503, 'colsample_bytree': 0.9824770089934525, 'min_child_samples': 91, 'reg_alpha': 5.56438571366154, 'reg_lambda': 1.0011775214419583e-08}. Best is trial 7 with value: 0.034649268049721.
[I 2026-06-01 23:28:10,345] Trial 12 finished with value: -0.01470495244039825 and parameters: {'confidence_threshold': 0.5099057851014799, 'training_days': 500, 'n_estimators': 498, 'max_depth': 3, 'num_leaves': 15, 'learning_rate': 0.05809128784912797, 'subsample': 0.92991693404731, 'colsample_bytree': 0.9737874829232072, 'min_child_samples': 100, 'reg_alpha': 2.721253576064185e-07, 'reg_lambda': 4.7703578398940335e-08}. Best is trial 7 with value: 0.034649268049721.
[I 2026-06-01 23:28:10,720] Trial 13 finished with value: 0.014459788590049361 and parameters: {'confidence_threshold': 0.5577371477731788, 'training_days': 490, 'n_estimators': 427, 'max_depth': 3, 'num_leaves': 29, 'learning_rate': 0.05254004142997767, 'subsample': 0.8882869054454436, 'colsample_bytree': 0.6564540780078124, 'min_child_samples': 84, 'reg_alpha': 0.03815351461659993, 'reg_lambda': 1.1191091925974851e-08}. Best is trial 7 with value: 0.034649268049721.

  [label] 2023-03-04 16:00 LTCUSDT entry=89.2900 → SHORT | long=sl(-4.87%) short=tp(+9.44%) | scanned=15 | short_tp_only
  [label] 2023-03-10 16:00 LTCUSDT entry=71.3600 → LONG | long=sl(-8.16%) short=sl(-8.16%) | scanned=7 | no_tp→fwd_return=+9.1648
  [label] 2023-03-23 00:00 LTCUSDT entry=87.8700 → LONG | long=timeout(+3.00%) short=sl(-8.11%) | scanned=22 | no_tp→fwd_return=+3.0955
  [label] 2023-05-01 08:00 LTCUSDT entry=86.8200 → SHORT | long=sl(-4.92%) short=timeout(+6.59%) | scanned=22 | no_tp→fwd_return=-6.6920
  [label] 2023-05-11 00:00 LTCUSDT entry=80.2200 → LONG | long=tp(+11.18%) short=sl(-5.74%) | scanned=15 | long_tp_only
  [label] 2023-08-04 08:00 LTCUSDT entry=83.2900 → SHORT | long=timeout(-0.42%) short=timeout(+0.22%) | scanned=22 | no_tp→fwd_return=-0.3242
  Labels: 1061 long (49.3%), 1092 short (50.7%) | weights: min=1.00, mean=3.40, max=10.00
  Features: 2153/2153 matched, 49 columns
  CV gap: 22 rows
  [ensemble 1/3] seed=42
    [trial 0] 49 features, training_days=480 | threshold=0.631 | labels: 1061 long, 1092 short (49/51%)
    [CV fold 0] train_end=2021-12-23 08:00 | val_start=2021-12-31 00:00 | gap=184h (22 rows)
    [CV fold 1] train_end=2022-04-26 16:00 | val_start=2022-05-04 08:00 | gap=184h (22 rows)
    [CV fold 2] train_end=2022-08-24 00:00 | val_start=2022-08-31 16:00 | gap=184h (22 rows)
    [CV fold 3] train_end=2022-12-21 08:00 | val_start=2022-12-29 00:00 | gap=184h (22 rows)
    [CV fold 4] train_end=2023-04-19 16:00 | val_start=2023-04-27 08:00 | gap=184h (22 rows)
    [trial 0] Sharpe=0.0008 (folds: 0.0204, 0.0394, 0.0113, -0.2701, 0.2029)
    [trial 1] 49 features, training_days=420 | threshold=0.839 | labels: 1061 long, 1092 short (49/51%)
    [trial 1] Sharpe=-1.8299 (folds: 0.0222, -0.2192, 0.2979, 0.7497, -10.0000)
    [trial 2] 49 features, training_days=190 | threshold=0.602 | labels: 1061 long, 1092 short (49/51%)
    [trial 2] Sharpe=-0.0259 (folds: 0.0568, -0.0876, -0.1360, 0.0338, 0.0035)
    [trial 3] 49 features, training_days=490 | threshold=0.832 | labels: 1061 long, 1092 short (49/51%)
    [trial 3] Sharpe=0.0395 (folds: 0.0715, 0.0461, -0.0608, -0.1721, 0.3129)
    [trial 4] 49 features, training_days=340 | threshold=0.591 | labels: 1061 long, 1092 short (49/51%)
    [trial 4] Sharpe=-0.0330 (folds: -0.0347, 0.0436, -0.1003, -0.2002, 0.1267)
    [trial 5] 49 features, training_days=50 | threshold=0.823 | labels: 1061 long, 1092 short (49/51%)
    [trial 5] Sharpe=-0.1514 (folds: 0.0024, -0.5028, -0.2046, -0.0236, -0.0282)
    [trial 6] 49 features, training_days=410 | threshold=0.549 | labels: 1061 long, 1092 short (49/51%)
    [trial 6] Sharpe=-0.0318 (folds: -0.1119, -0.0482, 0.0775, -0.1394, 0.0631)
    [trial 7] 49 features, training_days=180 | threshold=0.526 | labels: 1061 long, 1092 short (49/51%)
    [trial 7] Sharpe=-0.0492 (folds: -0.0463, -0.0396, -0.2215, -0.0495, 0.1107)
    [trial 8] 49 features, training_days=240 | threshold=0.811 | labels: 1061 long, 1092 short (49/51%)
    [trial 8] Sharpe=-0.0766 (folds: 0.0267, -0.0736, -0.0716, -0.2064, -0.0579)
    [trial 9] 49 features, training_days=20 | threshold=0.538 | labels: 1061 long, 1092 short (49/51%)
    [trial 9] Sharpe=-0.1747 (folds: -0.1128, -0.0127, -0.2216, -0.3134, -0.2128)
    [trial 10] 49 features, training_days=350 | threshold=0.730 | labels: 1061 long, 1092 short (49/51%)
    [trial 10] Sharpe=-0.0380 (folds: 0.0744, 0.0181, -0.1755, -0.1878, 0.0810)
    [trial 11] 49 features, training_days=490 | threshold=0.695 | labels: 1061 long, 1092 short (49/51%)
    [trial 11] Sharpe=0.0389 (folds: -0.0106, -0.0229, 0.1061, -0.2429, 0.3649)
    [trial 12] 49 features, training_days=480 | threshold=0.716 | labels: 1061 long, 1092 short (49/51%)
    [trial 12] Sharpe=0.0579 (folds: 0.0029, 0.0429, 0.1223, -0.1870, 0.3081)
    [trial 13] 49 features, training_days=500 | threshold=0.758 | labels: 1061 long, 1092 short (49/51%)
    [trial 13] Sharpe=-0.0193 (folds: 0.0812, -0.0321, -0.1827, -0.1874, 0.2244)
    [trial 14] 49 features, training_days=340 | threshold=0.759 | labels: 1061 long, 1092 short (49/51%)
    [trial 14] Sharpe=-0.0315 (folds: 0.0616, 0.0129, -0.2352, -0.1241, 0.1274)
    [trial 15] 49 features, training_days=420 | threshold=0.669 | labels: 1061 long, 1092 short (49/51%)
    [trial 15] Sharpe=-0.0001 (folds: 0.0889, 0.0696, -0.1468, -0.1257, 0.1136)
    [trial 16] 49 features, training_days=290 | threshold=0.797 | labels: 1061 long, 1092 short (49/51%)
    [trial 16] Sharpe=-0.0595 (folds: -0.0482, -0.0915, 0.0164, -0.1791, 0.0051)
    [trial 17] 49 features, training_days=120 | threshold=0.687 | labels: 1061 long, 1092 short (49/51%)
    [trial 17] Sharpe=-0.0114 (folds: 0.0633, -0.0001, -0.0584, -0.0822, 0.0204)
  Optuna: 18 trials, best Sharpe = 0.0579
  Best params: n_estimators=480, max_depth=4, lr=0.0106, leaves=15
  Best confidence_threshold: 0.716
  Best training_days: 480
  Retrained on full data (1440 samples, 49 features)
  [ensemble 2/3] seed=123
    [trial 0] 49 features, training_days=150 | threshold=0.744 | labels: 1061 long, 1092 short (49/51%)
    [CV fold 0] train_end=2021-12-23 08:00 | val_start=2021-12-31 00:00 | gap=184h (22 rows)
    [CV fold 1] train_end=2022-04-26 16:00 | val_start=2022-05-04 08:00 | gap=184h (22 rows)
    [CV fold 2] train_end=2022-08-24 00:00 | val_start=2022-08-31 16:00 | gap=184h (22 rows)
    [CV fold 3] train_end=2022-12-21 08:00 | val_start=2022-12-29 00:00 | gap=184h (22 rows)
    [CV fold 4] train_end=2023-04-19 16:00 | val_start=2023-04-27 08:00 | gap=184h (22 rows)
    [trial 0] Sharpe=-0.1125 (folds: 0.0425, -0.2340, -0.1734, -0.1123, -0.0854)
    [trial 1] 49 features, training_days=220 | threshold=0.755 | labels: 1061 long, 1092 short (49/51%)
    [trial 1] Sharpe=-0.2614 (folds: -0.1749, -0.3842, -0.6883, 0.1805, -0.2400)
    [trial 2] 49 features, training_days=310 | threshold=0.754 | labels: 1061 long, 1092 short (49/51%)
    [trial 2] Sharpe=-0.0347 (folds: 0.0056, 0.0840, -0.0530, -0.2966, 0.0866)
    [trial 3] 49 features, training_days=220 | threshold=0.673 | labels: 1061 long, 1092 short (49/51%)
    [trial 3] Sharpe=-0.0424 (folds: 0.0765, -0.0282, -0.1598, -0.1007, 0.0002)
    [trial 4] 49 features, training_days=130 | threshold=0.803 | labels: 1061 long, 1092 short (49/51%)
    [trial 4] Sharpe=-0.0295 (folds: 0.0758, 0.0026, -0.0890, -0.1184, -0.0182)
    [trial 5] 49 features, training_days=210 | threshold=0.606 | labels: 1061 long, 1092 short (49/51%)
    [trial 5] Sharpe=-0.0219 (folds: 0.0808, -0.0558, -0.1333, -0.0168, 0.0158)
    [trial 6] 49 features, training_days=130 | threshold=0.767 | labels: 1061 long, 1092 short (49/51%)
    [trial 6] Sharpe=-0.0353 (folds: 0.0665, -0.0211, -0.2134, -0.0549, 0.0466)
    [trial 7] 49 features, training_days=80 | threshold=0.556 | labels: 1061 long, 1092 short (49/51%)
    [trial 7] Sharpe=0.0346 (folds: 0.0852, -0.0427, 0.0298, -0.0759, 0.1769)
    [trial 8] 49 features, training_days=200 | threshold=0.607 | labels: 1061 long, 1092 short (49/51%)
    [trial 8] Sharpe=-0.0299 (folds: 0.0355, -0.0722, -0.1459, -0.0208, 0.0538)
    [trial 9] 49 features, training_days=260 | threshold=0.620 | labels: 1061 long, 1092 short (49/51%)
    [trial 9] Sharpe=0.0091 (folds: 0.0568, 0.0665, 0.0092, -0.2379, 0.1511)
    [trial 10] 49 features, training_days=10 | threshold=0.525 | labels: 1061 long, 1092 short (49/51%)
    [trial 10] Sharpe=-0.0478 (folds: 0.1357, -0.0127, -0.2216, -0.3134, 0.1729)
    [trial 11] 49 features, training_days=470 | threshold=0.516 | labels: 1061 long, 1092 short (49/51%)
    [trial 11] Sharpe=0.0143 (folds: -0.0163, 0.0949, 0.0141, -0.2263, 0.2050)
    [trial 12] 49 features, training_days=500 | threshold=0.510 | labels: 1061 long, 1092 short (49/51%)
    [trial 12] Sharpe=-0.0147 (folds: 0.0519, 0.0442, -0.0290, -0.2701, 0.1295)
    [trial 13] 49 features, training_days=490 | threshold=0.558 | labels: 1061 long, 1092 short (49/51%)
    [trial 13] Sharpe=0.0145 (folds: 0.0489, 0.0940, -0.0225, -0.2501, 0.2019)
    [trial 14] 49 features, training_days=410 | threshold=0.566 | labels: 1061 long, 1092 short (49/51%)
    [trial 14] Sharpe=0.0035 (folds: 0.0583, 0.0653, -0.0333, -0.1625, 0.0899)[I 2026-06-01 23:28:11,117] Trial 14 finished with value: 0.0035429909331697817 and parameters: {'confidence_threshold': 0.5659608707226916, 'training_days': 410, 'n_estimators': 419, 'max_depth': 3, 'num_leaves': 30, 'learning_rate': 0.0751153472101126, 'subsample': 0.7069527543913727, 'colsample_bytree': 0.6347607952757376, 'min_child_samples': 80, 'reg_alpha': 0.025924594515858483, 'reg_lambda': 2.753286064305453e-07}. Best is trial 7 with value: 0.034649268049721.
[I 2026-06-01 23:28:11,188] Trial 15 finished with value: -0.04781571657148861 and parameters: {'confidence_threshold': 0.6694644499280293, 'training_days': 10, 'n_estimators': 274, 'max_depth': 4, 'num_leaves': 47, 'learning_rate': 0.12629851654307794, 'subsample': 0.507007918467014, 'colsample_bytree': 0.5093920150666754, 'min_child_samples': 83, 'reg_alpha': 1.570172639790588e-06, 'reg_lambda': 9.294665025482195e-07}. Best is trial 7 with value: 0.034649268049721.
[I 2026-06-01 23:28:12,357] Trial 16 finished with value: -0.050261822571241566 and parameters: {'confidence_threshold': 0.5519956330926854, 'training_days': 350, 'n_estimators': 428, 'max_depth': 3, 'num_leaves': 44, 'learning_rate': 0.033005526838369055, 'subsample': 0.8868474056204897, 'colsample_bytree': 0.6775440438746345, 'min_child_samples': 41, 'reg_alpha': 0.05682468732545374, 'reg_lambda': 0.0019821772168074165}. Best is trial 7 with value: 0.034649268049721.
[I 2026-06-01 23:28:12,530] Trial 17 finished with value: 0.03131901987143058 and parameters: {'confidence_threshold': 0.5679741403932025, 'training_days': 70, 'n_estimators': 315, 'max_depth': 3, 'num_leaves': 29, 'learning_rate': 0.05883052339834492, 'subsample': 0.7237445829888742, 'colsample_bytree': 0.699438795797602, 'min_child_samples': 52, 'reg_alpha': 1.6143481501269274e-07, 'reg_lambda': 1.743222223873762e-08}. Best is trial 7 with value: 0.034649268049721.
[I 2026-06-01 23:28:12,828] A new study created in memory with name: no-name-6ddcf4b8-7b86-44b5-a11a-8fe0166b4187
[I 2026-06-01 23:28:13,076] Trial 0 finished with value: 0.004238864989946664 and parameters: {'confidence_threshold': 0.5870645682749857, 'training_days': 90, 'n_estimators': 403, 'max_depth': 5, 'num_leaves': 45, 'learning_rate': 0.0780457193679974, 'subsample': 0.9428509515574568, 'colsample_bytree': 0.8795587339164916, 'min_child_samples': 34, 'reg_alpha': 2.2465901234314442e-07, 'reg_lambda': 8.339007036475363e-05}. Best is trial 0 with value: 0.004238864989946664.
[I 2026-06-01 23:28:13,215] Trial 1 finished with value: 0.0019148629175500531 and parameters: {'confidence_threshold': 0.6348453934275313, 'training_days': 290, 'n_estimators': 115, 'max_depth': 5, 'num_leaves': 37, 'learning_rate': 0.06949568759029946, 'subsample': 0.8228505074024268, 'colsample_bytree': 0.8616703220431751, 'min_child_samples': 75, 'reg_alpha': 4.2486822725010923e-07, 'reg_lambda': 1.157247767047042e-07}. Best is trial 0 with value: 0.004238864989946664.
[I 2026-06-01 23:28:13,243] Trial 2 finished with value: -0.04781571657148861 and parameters: {'confidence_threshold': 0.5849570384370288, 'training_days': 10, 'n_estimators': 212, 'max_depth': 3, 'num_leaves': 41, 'learning_rate': 0.18452095998378365, 'subsample': 0.6001060822924371, 'colsample_bytree': 0.5673167293506167, 'min_child_samples': 37, 'reg_alpha': 5.733250064217131, 'reg_lambda': 0.5308454292595461}. Best is trial 0 with value: 0.004238864989946664.
[I 2026-06-01 23:28:13,363] Trial 3 finished with value: 0.02130252624991665 and parameters: {'confidence_threshold': 0.6868248626683718, 'training_days': 220, 'n_estimators': 134, 'max_depth': 3, 'num_leaves': 45, 'learning_rate': 0.033529007907491595, 'subsample': 0.8647277071858408, 'colsample_bytree': 0.778494116634046, 'min_child_samples': 96, 'reg_alpha': 2.409409937265785e-07, 'reg_lambda': 1.1642073478060009}. Best is trial 3 with value: 0.02130252624991665.
[I 2026-06-01 23:28:13,477] Trial 4 finished with value: -0.06381912985557621 and parameters: {'confidence_threshold': 0.5623121348350352, 'training_days': 300, 'n_estimators': 69, 'max_depth': 4, 'num_leaves': 32, 'learning_rate': 0.14967629360700346, 'subsample': 0.5054535233636654, 'colsample_bytree': 0.7401385194659216, 'min_child_samples': 27, 'reg_alpha': 1.4212042567426725e-07, 'reg_lambda': 0.23605753701352003}. Best is trial 3 with value: 0.02130252624991665.
[I 2026-06-01 23:28:14,156] Trial 5 finished with value: -0.03378053923099651 and parameters: {'confidence_threshold': 0.7111850244908446, 'training_days': 490, 'n_estimators': 362, 'max_depth': 5, 'num_leaves': 40, 'learning_rate': 0.05960785724162737, 'subsample': 0.5589714368907717, 'colsample_bytree': 0.6659006943232806, 'min_child_samples': 42, 'reg_alpha': 0.6741360303045295, 'reg_lambda': 6.054601607143087e-08}. Best is trial 3 with value: 0.02130252624991665.
[I 2026-06-01 23:28:14,587] Trial 6 finished with value: -0.0158698835057606 and parameters: {'confidence_threshold': 0.667482545748023, 'training_days': 420, 'n_estimators': 279, 'max_depth': 3, 'num_leaves': 45, 'learning_rate': 0.040099592560849204, 'subsample': 0.8563114696415159, 'colsample_bytree': 0.5442917781944105, 'min_child_samples': 50, 'reg_alpha': 1.6407916423707903e-08, 'reg_lambda': 2.935907642973286e-05}. Best is trial 3 with value: 0.02130252624991665.
[I 2026-06-01 23:28:14,890] Trial 7 finished with value: -0.015699275350339492 and parameters: {'confidence_threshold': 0.5497381024139926, 'training_days': 120, 'n_estimators': 408, 'max_depth': 5, 'num_leaves': 38, 'learning_rate': 0.28049122657745795, 'subsample': 0.8806573338635493, 'colsample_bytree': 0.5454054113547102, 'min_child_samples': 63, 'reg_alpha': 0.01263008637940408, 'reg_lambda': 0.04588020805366937}. Best is trial 3 with value: 0.02130252624991665.
[I 2026-06-01 23:28:15,298] Trial 8 finished with value: 0.026295122216961613 and parameters: {'confidence_threshold': 0.719644804808716, 'training_days': 450, 'n_estimators': 410, 'max_depth': 4, 'num_leaves': 57, 'learning_rate': 0.04022026551478857, 'subsample': 0.5336085426932707, 'colsample_bytree': 0.5705742850577543, 'min_child_samples': 100, 'reg_alpha': 5.916398047912201e-07, 'reg_lambda': 0.9794034214488329}. Best is trial 8 with value: 0.026295122216961613.
[I 2026-06-01 23:28:15,342] Trial 9 finished with value: -6.046865741325114 and parameters: {'confidence_threshold': 0.7267463643917187, 'training_days': 20, 'n_estimators': 337, 'max_depth': 5, 'num_leaves': 23, 'learning_rate': 0.022153031811454605, 'subsample': 0.6305627572358737, 'colsample_bytree': 0.6613413774216214, 'min_child_samples': 81, 'reg_alpha': 5.7638634029410314e-08, 'reg_lambda': 8.26603016764008}. Best is trial 8 with value: 0.026295122216961613.
[I 2026-06-01 23:28:15,894] Trial 10 finished with value: 0.1450318495709118 and parameters: {'confidence_threshold': 0.8283920119574972, 'training_days': 400, 'n_estimators': 485, 'max_depth': 4, 'num_leaves': 63, 'learning_rate': 0.011927505552849117, 'subsample': 0.7130289643560688, 'colsample_bytree': 0.9944479338273263, 'min_child_samples': 100, 'reg_alpha': 5.0239970328459277e-05, 'reg_lambda': 0.0028438774509831773}. Best is trial 10 with value: 0.1450318495709118.
[I 2026-06-01 23:28:16,380] Trial 11 finished with value: 0.16398063244490024 and parameters: {'confidence_threshold': 0.8431920368994753, 'training_days': 400, 'n_estimators': 478, 'max_depth': 4, 'num_leaves': 61, 'learning_rate': 0.010033528037260202, 'subsample': 0.6988002958677881, 'colsample_bytree': 0.9628722124262472, 'min_child_samples': 100, 'reg_alpha': 5.263694533895985e-05, 'reg_lambda': 0.0038935771291352755}. Best is trial 11 with value: 0.16398063244490024.
[I 2026-06-01 23:28:16,882] Trial 12 finished with value: 0.28284071833407587 and parameters: {'confidence_threshold': 0.8438571470748946, 'training_days': 380, 'n_estimators': 490, 'max_depth': 4, 'num_leaves': 63, 'learning_rate': 0.010159937976656527, 'subsample': 0.7118974055130827, 'colsample_bytree': 0.9826583982594713, 'min_child_samples': 85, 'reg_alpha': 5.113460481149383e-05, 'reg_lambda': 0.0025654558023732064}. Best is trial 12 with value: 0.28284071833407587.
[I 2026-06-01 23:28:17,383] Trial 13 finished with value: 0.06712661493309813 and parameters: {'confidence_threshold': 0.8491509226822421, 'training_days': 340, 'n_estimators': 497, 'max_depth': 4, 'num_leaves': 55, 'learning_rate': 0.010705997157931187, 'subsample': 0.7297071686352968, 'colsample_bytree': 0.9591893793820627, 'min_child_samples': 84, 'reg_alpha': 5.900837329147622e-05, 'reg_lambda': 0.0024053473580796887}. Best is trial 12 with value: 0.28284071833407587.
[I 2026-06-01 23:28:17,902] Trial 14 finished with value: 0.04924934857063011 and parameters: {'confidence_threshold': 0.7923679559701308, 'training_days': 360, 'n_estimators': 500, 'max_depth': 4, 'num_leaves': 62, 'learning_rate': 0.017771085918009254, 'subsample': 0.6776505255398512, 'colsample_bytree': 0.9104960823108069, 'min_child_samples': 66, 'reg_alpha': 0.0015221098663002438, 'reg_lambda': 2.9657614985995184e-06}. Best is trial 12 with value: 0.28284071833407587.
[I 2026-06-01 23:28:18,198] Trial 15 finished with value: -0.037697235659749584 and parameters: {'confidence_threshold': 0.7829525506318393, 'training_days': 220, 'n_estimators': 442, 'max_depth': 4, 'num_leaves': 54, 'learning_rate': 0.018366634759245874, 'subsample': 0.7883697618156693, 'colsample_bytree': 0.8144377937283438, 'min_child_samples': 88, 'reg_alpha': 8.389848446565311e-06, 'reg_lambda': 0.00387315817552123}. Best is trial 12 with value: 0.28284071833407587.
[I 2026-06-01 23:28:18,504] Trial 16 finished with value: 0.09394401014583445 and parameters: {'confidence_threshold': 0.7809712285122007, 'training_days': 500, 'n_estimators': 294, 'max_depth': 4, 'num_leaves': 51, 'learning_rate': 0.01003856720336505, 'subsample': 0.6577011495975604, 'colsample_bytree': 0.9373223525891455, 'min_child_samples': 71, 'reg_alpha': 0.0031944999728269687, 'reg_lambda': 0.022479599290053574}. Best is trial 12 with value: 0.28284071833407587.
