[I 2026-06-01 23:30:36,410] Trial 17 finished with value: 0.011937508021173692 and parameters: {'confidence_threshold': 0.789403558838043, 'training_days': 370, 'n_estimators': 257, 'max_depth': 3, 'num_leaves': 28, 'learning_rate': 0.04471585833326614, 'subsample': 0.65929079047196, 'colsample_bytree': 0.7952908891858086, 'min_child_samples': 35, 'reg_alpha': 0.5242130074727448, 'reg_lambda': 0.00030468089368308873}. Best is trial 14 with value: 0.10068600825540512.
[I 2026-06-01 23:30:36,834] A new study created in memory with name: no-name-da5d31a5-ca90-4414-8643-e2c12b72808e

[trade:close] 2024-08-29 15:59 LTCUSDT SHORT → stop_loss @ 63.06 | PnL=-5.07% (net -5.17%) | cum=+137.10% 2024-08=+14.67% 2024-08-29=-5.17%
[predict] 2024-08-31 00:00 LTCUSDT → SHORT (proba=0.78 TP=11.1%/SL=5.5%)
[trade:open] 2024-08-31 07:59 LTCUSDT SHORT @ 65.63 | SL=69.26 TP=58.36 | timeout=2024-09-07 07:59
[lgbm] === Training for 2024-09 ===
  Train window: 2022-09-01 → 2024-08-24
  2171 training samples from 1 symbols
  Samples per month: 2022-09: 90, 2022-10: 93, 2022-11: 90, 2022-12: 93, 2023-01: 93, 2023-02: 84, 2023-03: 93, 2023-04: 90, 2023-05: 93, 2023-06: 90, 2023-07: 93, 2023-08: 93, 2023-09: 90, 2023-10: 93, 2023-11: 90, 2023-12: 93, 2024-01: 93, 2024-02: 87, 2024-03: 93, 2024-04: 90, 2024-05: 93, 2024-06: 90, 2024-07: 93, 2024-08: 71
  [label] 2022-11-01 16:00 LTCUSDT entry=55.0600 → LONG | long=tp(+8.65%) short=sl(-4.48%) | scanned=2 | long_tp_only
  [label] 2022-11-04 00:00 LTCUSDT entry=64.1800 → LONG | long=tp(+13.14%) short=sl(-6.72%) | scanned=9 | long_tp_only
  [label] 2022-11-07 16:00 LTCUSDT entry=67.3800 → SHORT | long=sl(-7.98%) short=tp(+15.66%) | scanned=3 | short_tp_only
  [label] 2022-12-02 08:00 LTCUSDT entry=76.1900 → LONG | long=timeout(+0.70%) short=sl(-7.55%) | scanned=22 | no_tp→fwd_return=+0.8006
  [label] 2023-01-24 00:00 LTCUSDT entry=90.6600 → LONG | long=sl(-5.55%) short=sl(-5.55%) | scanned=15 | no_tp→fwd_return=+4.1694
  [label] 2023-07-09 00:00 LTCUSDT entry=96.6800 → SHORT | long=timeout(-2.10%) short=sl(-6.94%) | scanned=22 | no_tp→fwd_return=-1.9963
  [label] 2023-07-13 00:00 LTCUSDT entry=100.2300 → SHORT | long=sl(-5.57%) short=tp(+10.85%) | scanned=13 | short_tp_only
  [label] 2023-07-23 16:00 LTCUSDT entry=93.1100 → LONG | long=sl(-4.10%) short=timeout(-1.02%) | scanned=22 | no_tp→fwd_return=+0.9236
  [label] 2023-09-06 16:00 LTCUSDT entry=62.8400 → SHORT | long=sl(-3.63%) short=tp(+6.96%) | scanned=14 | short_tp_only
  [label] 2023-09-15 08:00 LTCUSDT entry=64.2100 → LONG | long=timeout(+0.34%) short=sl(-4.31%) | scanned=22 | no_tp→fwd_return=+0.4361
  [label] 2023-12-14 16:00 LTCUSDT entry=72.9900 → SHORT | long=sl(-5.32%) short=timeout(+2.64%) | scanned=22 | no_tp→fwd_return=-2.7401
  [label] 2024-01-15 16:00 LTCUSDT entry=69.1300 → SHORT | long=timeout(-2.66%) short=timeout(+2.46%) | scanned=22 | no_tp→fwd_return=-2.5604
  [label] 2024-02-01 00:00 LTCUSDT entry=66.5500 → LONG | long=timeout(+3.22%) short=timeout(-3.42%) | scanned=22 | no_tp→fwd_return=+3.3208
  [label] 2024-02-13 16:00 LTCUSDT entry=68.9700 → LONG | long=timeout(+0.94%) short=sl(-4.01%) | scanned=22 | no_tp→fwd_return=+1.0439
  [label] 2024-03-03 00:00 LTCUSDT entry=88.5800 → SHORT | long=sl(-9.43%) short=tp(+18.55%) | scanned=8 | short_tp_only
  [label] 2024-03-09 08:00 LTCUSDT entry=89.5600 → LONG | long=tp(+17.66%) short=sl(-8.98%) | scanned=7 | long_tp_only
  [label] 2024-03-21 16:00 LTCUSDT entry=85.8100 → LONG | long=timeout(+9.68%) short=sl(-9.13%) | scanned=22 | no_tp→fwd_return=+9.7774
  [label] 2024-04-30 08:00 LTCUSDT entry=78.7100 → LONG | long=timeout(+3.95%) short=sl(-6.03%) | scanned=22 | no_tp→fwd_return=+4.0529
  [label] 2024-05-10 00:00 LTCUSDT entry=83.0600 → LONG | long=sl(-4.12%) short=timeout(-0.62%) | scanned=22 | no_tp→fwd_return=+0.5177
  [label] 2024-08-04 08:00 LTCUSDT entry=63.0000 → SHORT | long=sl(-6.43%) short=tp(+12.55%) | scanned=2 | short_tp_only
  Labels: 1101 long (50.7%), 1070 short (49.3%) | weights: min=1.00, mean=3.38, max=10.00
  Features: 2171/2171 matched, 49 columns
  CV gap: 22 rows
  [ensemble 1/3] seed=42
    [trial 0] 49 features, training_days=480 | threshold=0.631 | labels: 1101 long, 1070 short (51/49%)
    [CV fold 0] train_end=2022-12-24 08:00 | val_start=2023-01-01 00:00 | gap=184h (22 rows)
    [CV fold 1] train_end=2023-04-23 16:00 | val_start=2023-05-01 08:00 | gap=184h (22 rows)
    [CV fold 2] train_end=2023-08-22 00:00 | val_start=2023-08-29 16:00 | gap=184h (22 rows)
    [CV fold 3] train_end=2023-12-20 08:00 | val_start=2023-12-28 00:00 | gap=184h (22 rows)
    [CV fold 4] train_end=2024-04-18 16:00 | val_start=2024-04-26 08:00 | gap=184h (22 rows)
    [trial 0] Sharpe=0.0770 (folds: -0.1718, 0.0942, -0.1601, 0.4327, 0.1901)
    [trial 1] 49 features, training_days=420 | threshold=0.839 | labels: 1101 long, 1070 short (51/49%)
    [trial 1] Sharpe=-1.9733 (folds: -0.0027, -0.3089, 0.1387, 0.3063, -10.0000)
    [trial 2] 49 features, training_days=190 | threshold=0.602 | labels: 1101 long, 1070 short (51/49%)
    [trial 2] Sharpe=-0.0232 (folds: -0.1809, 0.1015, -0.0549, 0.0393, -0.0207)
    [trial 3] 49 features, training_days=490 | threshold=0.832 | labels: 1101 long, 1070 short (51/49%)
    [trial 3] Sharpe=0.0205 (folds: -0.0880, -0.0345, -0.1173, 0.4622, -0.1201)
    [trial 4] 49 features, training_days=340 | threshold=0.591 | labels: 1101 long, 1070 short (51/49%)
    [trial 4] Sharpe=-0.0018 (folds: -0.2051, 0.0928, -0.1730, 0.2124, 0.0637)
    [trial 5] 49 features, training_days=50 | threshold=0.823 | labels: 1101 long, 1070 short (51/49%)
    [trial 5] Sharpe=0.0889 (folds: 0.0051, 0.1142, -0.3160, 0.3854, 0.2559)
    [trial 6] 49 features, training_days=410 | threshold=0.549 | labels: 1101 long, 1070 short (51/49%)
    [trial 6] Sharpe=0.0496 (folds: -0.1155, 0.0143, -0.1328, 0.3921, 0.0897)
    [trial 7] 49 features, training_days=180 | threshold=0.526 | labels: 1101 long, 1070 short (51/49%)
    [trial 7] Sharpe=-0.0001 (folds: -0.1466, 0.1445, -0.0036, 0.0184, -0.0129)
    [trial 8] 49 features, training_days=240 | threshold=0.811 | labels: 1101 long, 1070 short (51/49%)
    [trial 8] Sharpe=0.0418 (folds: -0.0523, -0.0343, -0.0920, 0.3941, -0.0065)
    [trial 9] 49 features, training_days=20 | threshold=0.538 | labels: 1101 long, 1070 short (51/49%)
    [trial 9] Sharpe=-1.9891 (folds: -10.0000, 0.1232, -0.1290, -0.0212, 0.0815)
    [trial 10] 49 features, training_days=10 | threshold=0.732 | labels: 1101 long, 1070 short (51/49%)
    [trial 10] Sharpe=-1.9913 (folds: 0.1525, -0.1695, -10.0000, -0.0212, 0.0815)
    [trial 11] 49 features, training_days=110 | threshold=0.695 | labels: 1101 long, 1070 short (51/49%)
    [trial 11] Sharpe=0.0382 (folds: -0.1479, 0.2728, -0.2721, 0.2341, 0.1039)
    [trial 12] 49 features, training_days=310 | threshold=0.640 | labels: 1101 long, 1070 short (51/49%)
    [trial 12] Sharpe=0.0368 (folds: -0.1074, 0.0966, -0.2784, 0.3908, 0.0822)
    [trial 13] 49 features, training_days=130 | threshold=0.751 | labels: 1101 long, 1070 short (51/49%)
    [trial 13] Sharpe=0.0350 (folds: -0.1173, 0.0470, -0.1238, 0.2745, 0.0946)
    [trial 14] 49 features, training_days=500 | threshold=0.665 | labels: 1101 long, 1070 short (51/49%)
    [trial 14] Sharpe=0.1007 (folds: -0.1037, 0.0698, -0.1681, 0.5945, 0.1110)
    [trial 15] 49 features, training_days=310 | threshold=0.767 | labels: 1101 long, 1070 short (51/49%)
    [trial 15] Sharpe=-0.0126 (folds: -0.0654, -0.0094, -0.3360, 0.2855, 0.0622)
    [trial 16] 49 features, training_days=70 | threshold=0.690 | labels: 1101 long, 1070 short (51/49%)
    [trial 16] Sharpe=-0.0550 (folds: -0.0243, 0.1011, -0.4549, 0.0843, 0.0187)
    [trial 17] 49 features, training_days=370 | threshold=0.789 | labels: 1101 long, 1070 short (51/49%)
    [trial 17] Sharpe=0.0119 (folds: -0.0750, -0.0566, -0.1501, 0.2610, 0.0804)
  Optuna: 18 trials, best Sharpe = 0.1007
  Best params: n_estimators=340, max_depth=3, lr=0.0185, leaves=30
  Best confidence_threshold: 0.665
  Best training_days: 500
  Retrained on full data (1500 samples, 49 features)
  [ensemble 2/3] seed=123
    [trial 0] 49 features, training_days=150 | threshold=0.744 | labels: 1101 long, 1070 short (51/49%)
    [CV fold 0] train_end=2022-12-24 08:00 | val_start=2023-01-01 00:00 | gap=184h (22 rows)
    [CV fold 1] train_end=2023-04-23 16:00 | val_start=2023-05-01 08:00 | gap=184h (22 rows)
    [CV fold 2] train_end=2023-08-22 00:00 | val_start=2023-08-29 16:00 | gap=184h (22 rows)
    [CV fold 3] train_end=2023-12-20 08:00 | val_start=2023-12-28 00:00 | gap=184h (22 rows)
    [CV fold 4] train_end=2024-04-18 16:00 | val_start=2024-04-26 08:00 | gap=184h (22 rows)[I 2026-06-01 23:30:36,923] Trial 0 finished with value: -0.024575523507389972 and parameters: {'confidence_threshold': 0.7437642149592516, 'training_days': 150, 'n_estimators': 152, 'max_depth': 4, 'num_leaves': 50, 'learning_rate': 0.04216766425047743, 'subsample': 0.9903820991923078, 'colsample_bytree': 0.8424148692924316, 'min_child_samples': 58, 'reg_alpha': 3.381097259762742e-05, 'reg_lambda': 1.2263152961306247e-05}. Best is trial 0 with value: -0.024575523507389972.
[I 2026-06-01 23:30:37,010] Trial 1 finished with value: 0.011116050171401106 and parameters: {'confidence_threshold': 0.7551673975844145, 'training_days': 220, 'n_estimators': 76, 'max_depth': 4, 'num_leaves': 51, 'learning_rate': 0.018602118810743477, 'subsample': 0.5877258780737462, 'colsample_bytree': 0.7657756869209191, 'min_child_samples': 63, 'reg_alpha': 0.005123994170264194, 'reg_lambda': 0.44145470178120466}. Best is trial 1 with value: 0.011116050171401106.
[I 2026-06-01 23:30:37,288] Trial 2 finished with value: 0.026591494036476714 and parameters: {'confidence_threshold': 0.7535593637012223, 'training_days': 310, 'n_estimators': 375, 'max_depth': 3, 'num_leaves': 32, 'learning_rate': 0.021735641882032388, 'subsample': 0.6468570231944146, 'colsample_bytree': 0.8154880619272439, 'min_child_samples': 27, 'reg_alpha': 8.004064028491336e-05, 'reg_lambda': 7.546835261630524e-05}. Best is trial 2 with value: 0.026591494036476714.
[I 2026-06-01 23:30:37,463] Trial 3 finished with value: 0.01920027302190671 and parameters: {'confidence_threshold': 0.6727897841776072, 'training_days': 220, 'n_estimators': 190, 'max_depth': 4, 'num_leaves': 58, 'learning_rate': 0.24810689332636193, 'subsample': 0.7509183379421682, 'colsample_bytree': 0.8119764758960556, 'min_child_samples': 29, 'reg_alpha': 7.1708285081421445e-06, 'reg_lambda': 5.412973582738627e-05}. Best is trial 2 with value: 0.026591494036476714.
[I 2026-06-01 23:30:37,590] Trial 4 finished with value: -0.026256450445141733 and parameters: {'confidence_threshold': 0.803208205259178, 'training_days': 130, 'n_estimators': 267, 'max_depth': 5, 'num_leaves': 40, 'learning_rate': 0.08041175317374143, 'subsample': 0.5603143329951619, 'colsample_bytree': 0.9131704002534167, 'min_child_samples': 68, 'reg_alpha': 0.0008046593428183385, 'reg_lambda': 1.2158346158765583e-05}. Best is trial 2 with value: 0.026591494036476714.
[I 2026-06-01 23:30:37,839] Trial 5 finished with value: -0.008515272160084084 and parameters: {'confidence_threshold': 0.6064422761595144, 'training_days': 210, 'n_estimators': 357, 'max_depth': 5, 'num_leaves': 40, 'learning_rate': 0.0974221287220869, 'subsample': 0.7929682762811064, 'colsample_bytree': 0.8124517510478, 'min_child_samples': 74, 'reg_alpha': 0.3811377260781234, 'reg_lambda': 5.607314238392041e-08}. Best is trial 2 with value: 0.026591494036476714.
[I 2026-06-01 23:30:37,966] Trial 6 finished with value: 0.00977772746791702 and parameters: {'confidence_threshold': 0.7672889945051684, 'training_days': 130, 'n_estimators': 137, 'max_depth': 4, 'num_leaves': 19, 'learning_rate': 0.2031117614248665, 'subsample': 0.8136244860256343, 'colsample_bytree': 0.8617081790949774, 'min_child_samples': 21, 'reg_alpha': 0.002238138278733199, 'reg_lambda': 0.001025809534977322}. Best is trial 2 with value: 0.026591494036476714.
[I 2026-06-01 23:30:38,052] Trial 7 finished with value: -0.06091027337856168 and parameters: {'confidence_threshold': 0.555635875450653, 'training_days': 80, 'n_estimators': 363, 'max_depth': 3, 'num_leaves': 48, 'learning_rate': 0.06590089024008658, 'subsample': 0.6944752870615722, 'colsample_bytree': 0.962566244806993, 'min_child_samples': 88, 'reg_alpha': 1.6465620446426067e-05, 'reg_lambda': 2.4678750890085655e-08}. Best is trial 2 with value: 0.026591494036476714.
[I 2026-06-01 23:30:38,415] Trial 8 finished with value: 0.050681972420349476 and parameters: {'confidence_threshold': 0.6066688256938841, 'training_days': 200, 'n_estimators': 367, 'max_depth': 5, 'num_leaves': 32, 'learning_rate': 0.13377519215934996, 'subsample': 0.7965884582811106, 'colsample_bytree': 0.8458508993500886, 'min_child_samples': 32, 'reg_alpha': 3.889436043816386e-05, 'reg_lambda': 1.4713062489380356e-06}. Best is trial 8 with value: 0.050681972420349476.
[I 2026-06-01 23:30:38,656] Trial 9 finished with value: 0.01414981352354896 and parameters: {'confidence_threshold': 0.6202096049169137, 'training_days': 260, 'n_estimators': 350, 'max_depth': 3, 'num_leaves': 21, 'learning_rate': 0.02989540198065364, 'subsample': 0.8307821683331218, 'colsample_bytree': 0.923253112635361, 'min_child_samples': 64, 'reg_alpha': 0.4898604619604203, 'reg_lambda': 2.9076377687066166e-05}. Best is trial 8 with value: 0.050681972420349476.
[I 2026-06-01 23:30:39,231] Trial 10 finished with value: 0.062010638559081656 and parameters: {'confidence_threshold': 0.5342665212695602, 'training_days': 470, 'n_estimators': 493, 'max_depth': 5, 'num_leaves': 30, 'learning_rate': 0.010221918552934462, 'subsample': 0.9182272143313567, 'colsample_bytree': 0.6202684210924141, 'min_child_samples': 44, 'reg_alpha': 1.466506858166308e-08, 'reg_lambda': 0.014616129255130504}. Best is trial 10 with value: 0.062010638559081656.
[I 2026-06-01 23:30:39,802] Trial 11 finished with value: 0.010975505243987074 and parameters: {'confidence_threshold': 0.5053494267891926, 'training_days': 500, 'n_estimators': 493, 'max_depth': 5, 'num_leaves': 27, 'learning_rate': 0.010535067237031162, 'subsample': 0.9447929548549752, 'colsample_bytree': 0.6012148974081734, 'min_child_samples': 42, 'reg_alpha': 1.0433308363955559e-08, 'reg_lambda': 0.055007902295957756}. Best is trial 10 with value: 0.062010638559081656.
[I 2026-06-01 23:30:40,423] Trial 12 finished with value: 0.036226436640802384 and parameters: {'confidence_threshold': 0.5118092925906144, 'training_days': 380, 'n_estimators': 498, 'max_depth': 5, 'num_leaves': 32, 'learning_rate': 0.13644045868674423, 'subsample': 0.8941395335595879, 'colsample_bytree': 0.6669454130036883, 'min_child_samples': 42, 'reg_alpha': 1.5848406515932054e-08, 'reg_lambda': 0.014975508821979377}. Best is trial 10 with value: 0.062010638559081656.
[I 2026-06-01 23:30:40,459] Trial 13 finished with value: -1.9913254344097187 and parameters: {'confidence_threshold': 0.588632291584897, 'training_days': 10, 'n_estimators': 426, 'max_depth': 5, 'num_leaves': 28, 'learning_rate': 0.14044566672476927, 'subsample': 0.8759730957086299, 'colsample_bytree': 0.5443982906148261, 'min_child_samples': 43, 'reg_alpha': 5.194653136028603e-07, 'reg_lambda': 5.233134334068283e-07}. Best is trial 10 with value: 0.062010638559081656.
[I 2026-06-01 23:30:40,791] Trial 14 finished with value: 0.1003743505729016 and parameters: {'confidence_threshold': 0.6656873451742872, 'training_days': 490, 'n_estimators': 271, 'max_depth': 5, 'num_leaves': 15, 'learning_rate': 0.010652243042179137, 'subsample': 0.9041989898518178, 'colsample_bytree': 0.6802878011921293, 'min_child_samples': 49, 'reg_alpha': 9.427124678017399e-07, 'reg_lambda': 0.002238160234885918}. Best is trial 14 with value: 0.1003743505729016.
[I 2026-06-01 23:30:41,068] Trial 15 finished with value: 0.13001298741201095 and parameters: {'confidence_threshold': 0.681110154342211, 'training_days': 500, 'n_estimators': 256, 'max_depth': 4, 'num_leaves': 15, 'learning_rate': 0.011295800196811564, 'subsample': 0.9884525083094883, 'colsample_bytree': 0.6794213026483693, 'min_child_samples': 48, 'reg_alpha': 2.81213374354101e-07, 'reg_lambda': 3.5532501480887757}. Best is trial 15 with value: 0.13001298741201095.
[I 2026-06-01 23:30:41,340] Trial 16 finished with value: 0.059155113274911 and parameters: {'confidence_threshold': 0.6837022230204387, 'training_days': 430, 'n_estimators': 261, 'max_depth': 4, 'num_leaves': 15, 'learning_rate': 0.01571964040494831, 'subsample': 0.9842897890453454, 'colsample_bytree': 0.6982877056862742, 'min_child_samples': 54, 'reg_alpha': 4.736943881829989e-07, 'reg_lambda': 4.847141270790323}. Best is trial 15 with value: 0.13001298741201095.
[I 2026-06-01 23:30:41,544] Trial 17 finished with value: -0.009957395772167954 and parameters: {'confidence_threshold': 0.6825760317001965, 'training_days': 370, 'n_estimators': 225, 'max_depth': 4, 'num_leaves': 15, 'learning_rate': 0.037550755529226196, 'subsample': 0.9546844548701633, 'colsample_bytree': 0.7091810666740554, 'min_child_samples': 78, 'reg_alpha': 6.229602473892305e-07, 'reg_lambda': 3.547854507583274}. Best is trial 15 with value: 0.13001298741201095.
[I 2026-06-01 23:30:41,976] A new study created in memory with name: no-name-4944ee67-813b-4ec7-aae7-891fcede05ab
[I 2026-06-01 23:30:42,189] Trial 0 finished with value: -0.0035398290087454514 and parameters: {'confidence_threshold': 0.5870645682749857, 'training_days': 90, 'n_estimators': 403, 'max_depth': 5, 'num_leaves': 45, 'learning_rate': 0.0780457193679974, 'subsample': 0.9428509515574568, 'colsample_bytree': 0.8795587339164916, 'min_child_samples': 34, 'reg_alpha': 2.2465901234314442e-07, 'reg_lambda': 8.339007036475363e-05}. Best is trial 0 with value: -0.0035398290087454514.
[I 2026-06-01 23:30:42,300] Trial 1 finished with value: 0.007142315865790857 and parameters: {'confidence_threshold': 0.6348453934275313, 'training_days': 290, 'n_estimators': 115, 'max_depth': 5, 'num_leaves': 37, 'learning_rate': 0.06949568759029946, 'subsample': 0.8228505074024268, 'colsample_bytree': 0.8616703220431751, 'min_child_samples': 75, 'reg_alpha': 4.2486822725010923e-07, 'reg_lambda': 1.157247767047042e-07}. Best is trial 1 with value: 0.007142315865790857.
[I 2026-06-01 23:30:42,321] Trial 2 finished with value: -1.9913254344097187 and parameters: {'confidence_threshold': 0.5849570384370288, 'training_days': 10, 'n_estimators': 212, 'max_depth': 3, 'num_leaves': 41, 'learning_rate': 0.18452095998378365, 'subsample': 0.6001060822924371, 'colsample_bytree': 0.5673167293506167, 'min_child_samples': 37, 'reg_alpha': 5.733250064217131, 'reg_lambda': 0.5308454292595461}. Best is trial 1 with value: 0.007142315865790857.
[I 2026-06-01 23:30:42,403] Trial 3 finished with value: 0.06034908991917479 and parameters: {'confidence_threshold': 0.6868248626683718, 'training_days': 220, 'n_estimators': 134, 'max_depth': 3, 'num_leaves': 45, 'learning_rate': 0.033529007907491595, 'subsample': 0.8647277071858408, 'colsample_bytree': 0.778494116634046, 'min_child_samples': 96, 'reg_alpha': 2.409409937265785e-07, 'reg_lambda': 1.1642073478060009}. Best is trial 3 with value: 0.06034908991917479.
[I 2026-06-01 23:30:42,500] Trial 4 finished with value: -0.007627894313420469 and parameters: {'confidence_threshold': 0.5623121348350352, 'training_days': 300, 'n_estimators': 69, 'max_depth': 4, 'num_leaves': 32, 'learning_rate': 0.14967629360700346, 'subsample': 0.5054535233636654, 'colsample_bytree': 0.7401385194659216, 'min_child_samples': 27, 'reg_alpha': 1.4212042567426725e-07, 'reg_lambda': 0.23605753701352003}. Best is trial 3 with value: 0.06034908991917479.
[I 2026-06-01 23:30:42,977] Trial 5 finished with value: 0.05949911588565878 and parameters: {'confidence_threshold': 0.7111850244908446, 'training_days': 490, 'n_estimators': 362, 'max_depth': 5, 'num_leaves': 40, 'learning_rate': 0.05960785724162737, 'subsample': 0.5589714368907717, 'colsample_bytree': 0.6659006943232806, 'min_child_samples': 42, 'reg_alpha': 0.6741360303045295, 'reg_lambda': 6.054601607143087e-08}. Best is trial 3 with value: 0.06034908991917479.
[I 2026-06-01 23:30:43,184] Trial 6 finished with value: 0.06715144623386246 and parameters: {'confidence_threshold': 0.667482545748023, 'training_days': 420, 'n_estimators': 279, 'max_depth': 3, 'num_leaves': 45, 'learning_rate': 0.040099592560849204, 'subsample': 0.8563114696415159, 'colsample_bytree': 0.5442917781944105, 'min_child_samples': 50, 'reg_alpha': 1.6407916423707903e-08, 'reg_lambda': 2.935907642973286e-05}. Best is trial 6 with value: 0.06715144623386246.
[I 2026-06-01 23:30:43,353] Trial 7 finished with value: -0.01599060500585047 and parameters: {'confidence_threshold': 0.5497381024139926, 'training_days': 120, 'n_estimators': 408, 'max_depth': 5, 'num_leaves': 38, 'learning_rate': 0.28049122657745795, 'subsample': 0.8806573338635493, 'colsample_bytree': 0.5454054113547102, 'min_child_samples': 63, 'reg_alpha': 0.01263008637940408, 'reg_lambda': 0.04588020805366937}. Best is trial 6 with value: 0.06715144623386246.
[I 2026-06-01 23:30:43,657] Trial 8 finished with value: 0.09372499311278788 and parameters: {'confidence_threshold': 0.719644804808716, 'training_days': 450, 'n_estimators': 410, 'max_depth': 4, 'num_leaves': 57, 'learning_rate': 0.04022026551478857, 'subsample': 0.5336085426932707, 'colsample_bytree': 0.5705742850577543, 'min_child_samples': 100, 'reg_alpha': 5.916398047912201e-07, 'reg_lambda': 0.9794034214488329}. Best is trial 8 with value: 0.09372499311278788.
