[I 2026-06-01 23:33:20,009] Trial 17 finished with value: 0.09128687815504555 and parameters: {'confidence_threshold': 0.7985382269156178, 'training_days': 150, 'n_estimators': 277, 'max_depth': 3, 'num_leaves': 30, 'learning_rate': 0.014399917848714062, 'subsample': 0.8002407697944357, 'colsample_bytree': 0.8361866934059126, 'min_child_samples': 57, 'reg_alpha': 0.08560417463696936, 'reg_lambda': 1.7282871767632007e-06}. Best is trial 17 with value: 0.09128687815504555.
[I 2026-06-01 23:33:20,810] A new study created in memory with name: no-name-3c954b60-6f88-474e-85ab-1e4b8bf647fe

    [CV fold 3] train_end=2024-11-18 08:00 | val_start=2024-11-26 00:00 | gap=184h (22 rows)
    [CV fold 4] train_end=2025-03-18 16:00 | val_start=2025-03-26 08:00 | gap=184h (22 rows)
    [trial 0] Sharpe=-0.0265 (folds: 0.0405, 0.1854, -0.1319, -0.0776, -0.1488)
    [trial 1] 49 features, training_days=290 | threshold=0.635 | labels: 1103 long, 1068 short (51/49%)
    [trial 1] Sharpe=-0.0157 (folds: -0.0318, 0.0687, 0.0937, -0.0820, -0.1274)
    [trial 2] 49 features, training_days=10 | threshold=0.585 | labels: 1103 long, 1068 short (51/49%)
    [trial 2] Sharpe=-0.0090 (folds: 0.1743, 0.1440, -0.3861, 0.0777, -0.0549)
    [trial 3] 49 features, training_days=220 | threshold=0.687 | labels: 1103 long, 1068 short (51/49%)
    [trial 3] Sharpe=0.0530 (folds: 0.2103, 0.1448, 0.0437, -0.1147, -0.0193)
    [trial 4] 49 features, training_days=300 | threshold=0.562 | labels: 1103 long, 1068 short (51/49%)
    [trial 4] Sharpe=0.0001 (folds: 0.0246, 0.1493, 0.0253, -0.0678, -0.1308)
    [trial 5] 49 features, training_days=490 | threshold=0.711 | labels: 1103 long, 1068 short (51/49%)
    [trial 5] Sharpe=-0.0090 (folds: 0.0486, 0.1195, -0.0521, 0.0082, -0.1691)
    [trial 6] 49 features, training_days=420 | threshold=0.667 | labels: 1103 long, 1068 short (51/49%)
    [trial 6] Sharpe=0.0090 (folds: 0.0697, 0.0989, 0.0053, -0.0084, -0.1207)
    [trial 7] 49 features, training_days=120 | threshold=0.550 | labels: 1103 long, 1068 short (51/49%)
    [trial 7] Sharpe=-0.0025 (folds: 0.0556, 0.1246, -0.1022, -0.0739, -0.0164)
    [trial 8] 49 features, training_days=450 | threshold=0.720 | labels: 1103 long, 1068 short (51/49%)
    [trial 8] Sharpe=0.0377 (folds: 0.1377, 0.0731, 0.1048, 0.0213, -0.1486)
    [trial 9] 49 features, training_days=20 | threshold=0.727 | labels: 1103 long, 1068 short (51/49%)
    [trial 9] Sharpe=-8.0230 (folds: -10.0000, -10.0000, -10.0000, -0.1148, -10.0000)
    [trial 10] 49 features, training_days=200 | threshold=0.828 | labels: 1103 long, 1068 short (51/49%)
    [trial 10] Sharpe=-3.9900 (folds: -10.0000, 0.0393, -10.0000, -0.0769, 0.0876)
    [trial 11] 49 features, training_days=380 | threshold=0.777 | labels: 1103 long, 1068 short (51/49%)
    [trial 11] Sharpe=0.0153 (folds: 0.1948, 0.0935, 0.1480, -0.0440, -0.3158)
    [trial 12] 49 features, training_days=200 | threshold=0.745 | labels: 1103 long, 1068 short (51/49%)
    [trial 12] Sharpe=0.0481 (folds: 0.1703, 0.1078, 0.0442, -0.1097, 0.0280)
    [trial 13] 49 features, training_days=200 | threshold=0.796 | labels: 1103 long, 1068 short (51/49%)
    [trial 13] Sharpe=0.0615 (folds: 0.1844, 0.1249, 0.0684, -0.1174, 0.0470)
    [trial 14] 49 features, training_days=210 | threshold=0.847 | labels: 1103 long, 1068 short (51/49%)
    [trial 14] Sharpe=-4.0122 (folds: -10.0000, 0.0831, -10.0000, -0.0392, -0.1050)
    [trial 15] 49 features, training_days=130 | threshold=0.786 | labels: 1103 long, 1068 short (51/49%)
    [trial 15] Sharpe=0.0736 (folds: 0.2502, 0.1569, -0.0492, -0.0746, 0.0844)
    [trial 16] 49 features, training_days=110 | threshold=0.787 | labels: 1103 long, 1068 short (51/49%)
    [trial 16] Sharpe=-0.0853 (folds: 0.4111, 0.1311, -0.0445, -0.0931, -0.8311)
    [trial 17] 49 features, training_days=150 | threshold=0.799 | labels: 1103 long, 1068 short (51/49%)
    [trial 17] Sharpe=0.0913 (folds: 0.1930, 0.1275, 0.2205, -0.0841, -0.0005)
  Optuna: 18 trials, best Sharpe = 0.0913
  Best params: n_estimators=277, max_depth=3, lr=0.0144, leaves=30
  Best confidence_threshold: 0.799
  Best training_days: 150
  Retrained on full data (450 samples, 49 features)
  OOD: 16 features, cutoff (q=0.7) = 13.77
  Model trained for 2025-08: 93 test candles with features, confidence_threshold=0.786
[predict] 2025-08-07 00:00 LTCUSDT → LONG (proba=0.80 TP=12.6%/SL=6.3%)
[trade:open] 2025-08-07 07:59 LTCUSDT LONG @ 119.45 | SL=111.94 TP=134.47 | timeout=2025-08-14 07:59
[trade:close] 2025-08-14 08:00 LTCUSDT LONG → timeout @ 129.58 | PnL=+8.48% (net +8.38%) | cum=+127.98% 2025-08=+8.38% 2025-08-14=+8.38%
[predict] 2025-08-16 00:00 LTCUSDT → LONG (proba=0.88 TP=13.5%/SL=6.8%)
[trade:open] 2025-08-16 07:59 LTCUSDT LONG @ 118.72 | SL=110.68 TP=134.80 | timeout=2025-08-23 07:59
[trade:close] 2025-08-23 08:00 LTCUSDT LONG → timeout @ 121.76 | PnL=+2.56% (net +2.46%) | cum=+130.44% 2025-08=+10.84% 2025-08-23=+2.46%
[lgbm] === Training for 2025-09 ===
  Train window: 2023-09-01 → 2025-08-24
  2171 training samples from 1 symbols
  Samples per month: 2023-09: 90, 2023-10: 93, 2023-11: 90, 2023-12: 93, 2024-01: 93, 2024-02: 87, 2024-03: 93, 2024-04: 90, 2024-05: 93, 2024-06: 90, 2024-07: 93, 2024-08: 93, 2024-09: 90, 2024-10: 93, 2024-11: 90, 2024-12: 93, 2025-01: 93, 2025-02: 84, 2025-03: 93, 2025-04: 90, 2025-05: 93, 2025-06: 90, 2025-07: 93, 2025-08: 71
  [label] 2023-11-01 16:00 LTCUSDT entry=70.0400 → LONG | long=timeout(+4.27%) short=sl(-5.30%) | scanned=22 | no_tp→fwd_return=+4.3689
  [label] 2023-11-04 00:00 LTCUSDT entry=69.4500 → LONG | long=tp(+9.10%) short=sl(-4.70%) | scanned=16 | long_tp_only
  [label] 2023-11-07 16:00 LTCUSDT entry=73.4600 → SHORT | long=sl(-5.21%) short=timeout(+3.74%) | scanned=22 | no_tp→fwd_return=-3.8388
  [label] 2023-12-02 08:00 LTCUSDT entry=71.8300 → LONG | long=tp(+5.42%) short=sl(-2.86%) | scanned=18 | long_tp_only
  [label] 2024-01-24 00:00 LTCUSDT entry=65.3800 → LONG | long=timeout(+4.26%) short=timeout(-4.46%) | scanned=22 | no_tp→fwd_return=+4.3591
  [label] 2024-07-08 00:00 LTCUSDT entry=62.8500 → LONG | long=timeout(+11.71%) short=sl(-7.24%) | scanned=22 | no_tp→fwd_return=+11.8059
  [label] 2024-07-12 00:00 LTCUSDT entry=68.9200 → LONG | long=timeout(+2.60%) short=sl(-5.10%) | scanned=22 | no_tp→fwd_return=+2.6988
  [label] 2024-07-22 16:00 LTCUSDT entry=71.2000 → LONG | long=sl(-4.34%) short=sl(-4.34%) | scanned=19 | no_tp→fwd_return=+5.1826
  [label] 2024-09-05 16:00 LTCUSDT entry=66.0100 → SHORT | long=sl(-5.80%) short=timeout(+4.78%) | scanned=22 | no_tp→fwd_return=-4.8780
  [label] 2024-09-14 08:00 LTCUSDT entry=66.5100 → SHORT | long=sl(-3.47%) short=tp(+6.63%) | scanned=8 | short_tp_only
  [label] 2024-12-13 16:00 LTCUSDT entry=124.4900 → SHORT | long=sl(-10.78%) short=tp(+21.25%) | scanned=18 | short_tp_only
  [label] 2025-01-14 16:00 LTCUSDT entry=102.4000 → LONG | long=tp(+12.25%) short=sl(-6.27%) | scanned=3 | long_tp_only
  [label] 2025-01-31 00:00 LTCUSDT entry=129.2300 → SHORT | long=sl(-9.31%) short=tp(+18.32%) | scanned=8 | short_tp_only
  [label] 2025-02-12 16:00 LTCUSDT entry=122.0100 → LONG | long=timeout(+10.40%) short=sl(-9.89%) | scanned=22 | no_tp→fwd_return=+10.4991
  [label] 2025-03-03 00:00 LTCUSDT entry=118.6300 → SHORT | long=sl(-11.57%) short=timeout(+18.75%) | scanned=22 | no_tp→fwd_return=-18.8485
  [label] 2025-03-09 08:00 LTCUSDT entry=99.8500 → SHORT | long=sl(-9.65%) short=timeout(+10.61%) | scanned=22 | no_tp→fwd_return=-10.7061
  [label] 2025-03-21 16:00 LTCUSDT entry=90.7900 → SHORT | long=sl(-5.51%) short=sl(-5.51%) | scanned=21 | no_tp→fwd_return=-3.8440
  [label] 2025-04-30 08:00 LTCUSDT entry=82.8000 → LONG | long=tp(+10.86%) short=sl(-5.58%) | scanned=19 | long_tp_only
  [label] 2025-05-10 00:00 LTCUSDT entry=103.9200 → SHORT | long=sl(-6.71%) short=timeout(+3.20%) | scanned=22 | no_tp→fwd_return=-3.3006
  [label] 2025-08-04 08:00 LTCUSDT entry=117.8000 → LONG | long=timeout(+6.17%) short=sl(-6.03%) | scanned=22 | no_tp→fwd_return=+6.2733
  Labels: 1106 long (50.9%), 1065 short (49.1%) | weights: min=1.00, mean=3.00, max=10.00
  Features: 2171/2171 matched, 49 columns
  CV gap: 22 rows
  [ensemble 1/3] seed=42
    [trial 0] 49 features, training_days=480 | threshold=0.631 | labels: 1106 long, 1065 short (51/49%)
    [CV fold 0] train_end=2023-12-24 08:00 | val_start=2024-01-01 00:00 | gap=184h (22 rows)
    [CV fold 1] train_end=2024-04-22 16:00 | val_start=2024-04-30 08:00 | gap=184h (22 rows)
    [CV fold 2] train_end=2024-08-21 00:00 | val_start=2024-08-28 16:00 | gap=184h (22 rows)
    [CV fold 3] train_end=2024-12-19 08:00 | val_start=2024-12-27 00:00 | gap=184h (22 rows)
    [CV fold 4] train_end=2025-04-18 16:00 | val_start=2025-04-26 08:00 | gap=184h (22 rows)[I 2026-06-01 23:33:21,168] Trial 0 finished with value: -0.03762177464847756 and parameters: {'confidence_threshold': 0.6310890415965769, 'training_days': 480, 'n_estimators': 380, 'max_depth': 4, 'num_leaves': 22, 'learning_rate': 0.01699897838270077, 'subsample': 0.5290418060840998, 'colsample_bytree': 0.9330880728874675, 'min_child_samples': 68, 'reg_alpha': 0.023585940584142682, 'reg_lambda': 1.5320059381854043e-08}. Best is trial 0 with value: -0.03762177464847756.
[I 2026-06-01 23:33:21,290] Trial 1 finished with value: -2.019589839232201 and parameters: {'confidence_threshold': 0.839468448256698, 'training_days': 420, 'n_estimators': 145, 'max_depth': 3, 'num_leaves': 23, 'learning_rate': 0.028145092716060652, 'subsample': 0.762378215816119, 'colsample_bytree': 0.7159725093210578, 'min_child_samples': 43, 'reg_alpha': 0.0032112643094417484, 'reg_lambda': 1.8007140198129195e-07}. Best is trial 0 with value: -0.03762177464847756.
[I 2026-06-01 23:33:21,455] Trial 2 finished with value: 0.03490564701056626 and parameters: {'confidence_threshold': 0.6022506269873263, 'training_days': 190, 'n_estimators': 255, 'max_depth': 5, 'num_leaves': 24, 'learning_rate': 0.05748924681991978, 'subsample': 0.7962072844310213, 'colsample_bytree': 0.5232252063599989, 'min_child_samples': 69, 'reg_alpha': 3.425445902633376e-07, 'reg_lambda': 3.850031979199519e-08}. Best is trial 2 with value: 0.03490564701056626.
[I 2026-06-01 23:33:21,762] Trial 3 finished with value: 0.02017117002326334 and parameters: {'confidence_threshold': 0.8321099380386666, 'training_days': 490, 'n_estimators': 414, 'max_depth': 3, 'num_leaves': 19, 'learning_rate': 0.1024932221692416, 'subsample': 0.7200762468698007, 'colsample_bytree': 0.5610191174223894, 'min_child_samples': 60, 'reg_alpha': 2.039373116525212e-08, 'reg_lambda': 1.527156759251193}. Best is trial 2 with value: 0.03490564701056626.
[I 2026-06-01 23:33:21,946] Trial 4 finished with value: 0.01568985798485443 and parameters: {'confidence_threshold': 0.5905729935600059, 'training_days': 340, 'n_estimators': 190, 'max_depth': 4, 'num_leaves': 41, 'learning_rate': 0.01875220945578641, 'subsample': 0.9847923138822793, 'colsample_bytree': 0.8875664116805573, 'min_child_samples': 96, 'reg_alpha': 1.1309571585271483, 'reg_lambda': 0.002404915432737351}. Best is trial 2 with value: 0.03490564701056626.
[I 2026-06-01 23:33:21,988] Trial 5 finished with value: 0.08377308714700721 and parameters: {'confidence_threshold': 0.8226559822580909, 'training_days': 50, 'n_estimators': 138, 'max_depth': 3, 'num_leaves': 30, 'learning_rate': 0.03750796359625606, 'subsample': 0.6356745158869479, 'colsample_bytree': 0.9143687545759647, 'min_child_samples': 48, 'reg_alpha': 3.376063348877853e-06, 'reg_lambda': 0.0007660634613082914}. Best is trial 5 with value: 0.08377308714700721.
[I 2026-06-01 23:33:22,119] Trial 6 finished with value: -0.010596808191658934 and parameters: {'confidence_threshold': 0.5493234787411669, 'training_days': 410, 'n_estimators': 83, 'max_depth': 5, 'num_leaves': 52, 'learning_rate': 0.019657448966046126, 'subsample': 0.5027610585618012, 'colsample_bytree': 0.9077307142274171, 'min_child_samples': 77, 'reg_alpha': 0.03639690979811287, 'reg_lambda': 0.08738424135626986}. Best is trial 5 with value: 0.08377308714700721.
[I 2026-06-01 23:33:22,223] Trial 7 finished with value: 0.010679961111314886 and parameters: {'confidence_threshold': 0.5259156281069316, 'training_days': 180, 'n_estimators': 102, 'max_depth': 5, 'num_leaves': 45, 'learning_rate': 0.030816017044468066, 'subsample': 0.5317791751430119, 'colsample_bytree': 0.6554911608578311, 'min_child_samples': 46, 'reg_alpha': 0.036851536911881845, 'reg_lambda': 0.005470376807480391}. Best is trial 5 with value: 0.08377308714700721.
[I 2026-06-01 23:33:22,336] Trial 8 finished with value: 0.018059104861939238 and parameters: {'confidence_threshold': 0.8105244599017143, 'training_days': 240, 'n_estimators': 103, 'max_depth': 5, 'num_leaves': 52, 'learning_rate': 0.06746437142284309, 'subsample': 0.8854835899772805, 'colsample_bytree': 0.7468977981821954, 'min_child_samples': 62, 'reg_alpha': 7.04480806377519e-05, 'reg_lambda': 1.6934490731313353e-08}. Best is trial 5 with value: 0.08377308714700721.
[I 2026-06-01 23:33:22,360] Trial 9 finished with value: 0.025573888183433053 and parameters: {'confidence_threshold': 0.5377619994476566, 'training_days': 20, 'n_estimators': 337, 'max_depth': 3, 'num_leaves': 39, 'learning_rate': 0.21907142272152816, 'subsample': 0.6246461145744375, 'colsample_bytree': 0.7051914615178149, 'min_child_samples': 81, 'reg_alpha': 1.1459970229341322e-06, 'reg_lambda': 4.929685216887945e-08}. Best is trial 5 with value: 0.08377308714700721.
[I 2026-06-01 23:33:22,396] Trial 10 finished with value: -0.05697661417082328 and parameters: {'confidence_threshold': 0.7318981109748116, 'training_days': 10, 'n_estimators': 487, 'max_depth': 4, 'num_leaves': 31, 'learning_rate': 0.14704103471568217, 'subsample': 0.628963476300746, 'colsample_bytree': 0.987470107623585, 'min_child_samples': 25, 'reg_alpha': 2.608784411827665e-05, 'reg_lambda': 3.3639426888455256e-06}. Best is trial 5 with value: 0.08377308714700721.
[I 2026-06-01 23:33:22,528] Trial 11 finished with value: 0.04073317353572888 and parameters: {'confidence_threshold': 0.7031315520633984, 'training_days': 120, 'n_estimators': 245, 'max_depth': 4, 'num_leaves': 30, 'learning_rate': 0.04928235056220389, 'subsample': 0.7958418179650298, 'colsample_bytree': 0.5038827132281698, 'min_child_samples': 49, 'reg_alpha': 1.9536858255923362e-07, 'reg_lambda': 3.526824099171197e-05}. Best is trial 5 with value: 0.08377308714700721.
[I 2026-06-01 23:33:22,694] Trial 12 finished with value: 0.043941866481265926 and parameters: {'confidence_threshold': 0.7207646115988526, 'training_days': 120, 'n_estimators': 206, 'max_depth': 4, 'num_leaves': 32, 'learning_rate': 0.04847920657422447, 'subsample': 0.6809720590816277, 'colsample_bytree': 0.8304278626461432, 'min_child_samples': 42, 'reg_alpha': 1.8934310003556793e-06, 'reg_lambda': 2.7122483638842596e-05}. Best is trial 5 with value: 0.08377308714700721.
[I 2026-06-01 23:33:22,807] Trial 13 finished with value: 0.05658827209704529 and parameters: {'confidence_threshold': 0.7639430072441064, 'training_days': 100, 'n_estimators': 189, 'max_depth': 3, 'num_leaves': 62, 'learning_rate': 0.04342469449614958, 'subsample': 0.6603114582112257, 'colsample_bytree': 0.8155421717694826, 'min_child_samples': 26, 'reg_alpha': 8.480408826954649e-06, 'reg_lambda': 6.437971469334524e-05}. Best is trial 5 with value: 0.08377308714700721.
[I 2026-06-01 23:33:22,911] Trial 14 finished with value: 0.02620827321195991 and parameters: {'confidence_threshold': 0.7871652886153421, 'training_days': 80, 'n_estimators': 186, 'max_depth': 3, 'num_leaves': 60, 'learning_rate': 0.012077948426478895, 'subsample': 0.614067888214008, 'colsample_bytree': 0.8312163037675877, 'min_child_samples': 20, 'reg_alpha': 8.585099082924308e-06, 'reg_lambda': 0.0006284807489164356}. Best is trial 5 with value: 0.08377308714700721.
[I 2026-06-01 23:33:22,969] Trial 15 finished with value: 0.07697588890570918 and parameters: {'confidence_threshold': 0.7736778258680712, 'training_days': 100, 'n_estimators': 54, 'max_depth': 3, 'num_leaves': 61, 'learning_rate': 0.034013509747781105, 'subsample': 0.6707750474677462, 'colsample_bytree': 0.8159769551709519, 'min_child_samples': 30, 'reg_alpha': 0.0003369445617144583, 'reg_lambda': 0.05951087746838391}. Best is trial 5 with value: 0.08377308714700721.
[I 2026-06-01 23:33:23,055] Trial 16 finished with value: 0.07801204469629734 and parameters: {'confidence_threshold': 0.7621455737048434, 'training_days': 270, 'n_estimators': 59, 'max_depth': 3, 'num_leaves': 54, 'learning_rate': 0.09806146822400062, 'subsample': 0.5766697539081078, 'colsample_bytree': 0.9826162589395974, 'min_child_samples': 34, 'reg_alpha': 0.0003728785861091332, 'reg_lambda': 0.04304741471306358}. Best is trial 5 with value: 0.08377308714700721.
[I 2026-06-01 23:33:23,197] Trial 17 finished with value: 0.034446145439894965 and parameters: {'confidence_threshold': 0.6680209595891509, 'training_days': 300, 'n_estimators': 125, 'max_depth': 3, 'num_leaves': 50, 'learning_rate': 0.09693167020891817, 'subsample': 0.5725292595562158, 'colsample_bytree': 0.9963445791431202, 'min_child_samples': 34, 'reg_alpha': 0.0005961727498011812, 'reg_lambda': 1.866054102202226}. Best is trial 5 with value: 0.08377308714700721.
[I 2026-06-01 23:33:23,693] A new study created in memory with name: no-name-6c79331f-577a-4c76-a45e-2f0609fdf92a
[I 2026-06-01 23:33:23,810] Trial 0 finished with value: 0.03765133156043958 and parameters: {'confidence_threshold': 0.7437642149592516, 'training_days': 150, 'n_estimators': 152, 'max_depth': 4, 'num_leaves': 50, 'learning_rate': 0.04216766425047743, 'subsample': 0.9903820991923078, 'colsample_bytree': 0.8424148692924316, 'min_child_samples': 58, 'reg_alpha': 3.381097259762742e-05, 'reg_lambda': 1.2263152961306247e-05}. Best is trial 0 with value: 0.03765133156043958.
[I 2026-06-01 23:33:23,882] Trial 1 finished with value: -1.9418967601086095 and parameters: {'confidence_threshold': 0.7551673975844145, 'training_days': 220, 'n_estimators': 76, 'max_depth': 4, 'num_leaves': 51, 'learning_rate': 0.018602118810743477, 'subsample': 0.5877258780737462, 'colsample_bytree': 0.7657756869209191, 'min_child_samples': 63, 'reg_alpha': 0.005123994170264194, 'reg_lambda': 0.44145470178120466}. Best is trial 0 with value: 0.03765133156043958.
[I 2026-06-01 23:33:24,149] Trial 2 finished with value: 0.052202969596464276 and parameters: {'confidence_threshold': 0.7535593637012223, 'training_days': 310, 'n_estimators': 375, 'max_depth': 3, 'num_leaves': 32, 'learning_rate': 0.021735641882032388, 'subsample': 0.6468570231944146, 'colsample_bytree': 0.8154880619272439, 'min_child_samples': 27, 'reg_alpha': 8.004064028491336e-05, 'reg_lambda': 7.546835261630524e-05}. Best is trial 2 with value: 0.052202969596464276.
[I 2026-06-01 23:33:24,313] Trial 3 finished with value: 0.051518054629318924 and parameters: {'confidence_threshold': 0.6727897841776072, 'training_days': 220, 'n_estimators': 190, 'max_depth': 4, 'num_leaves': 58, 'learning_rate': 0.24810689332636193, 'subsample': 0.7509183379421682, 'colsample_bytree': 0.8119764758960556, 'min_child_samples': 29, 'reg_alpha': 7.1708285081421445e-06, 'reg_lambda': 5.412973582738627e-05}. Best is trial 2 with value: 0.052202969596464276.
[I 2026-06-01 23:33:24,425] Trial 4 finished with value: -0.015236953814607318 and parameters: {'confidence_threshold': 0.803208205259178, 'training_days': 130, 'n_estimators': 267, 'max_depth': 5, 'num_leaves': 40, 'learning_rate': 0.08041175317374143, 'subsample': 0.5603143329951619, 'colsample_bytree': 0.9131704002534167, 'min_child_samples': 68, 'reg_alpha': 0.0008046593428183385, 'reg_lambda': 1.2158346158765583e-05}. Best is trial 2 with value: 0.052202969596464276.
[I 2026-06-01 23:33:24,673] Trial 5 finished with value: -0.030151467507072493 and parameters: {'confidence_threshold': 0.6064422761595144, 'training_days': 210, 'n_estimators': 357, 'max_depth': 5, 'num_leaves': 40, 'learning_rate': 0.0974221287220869, 'subsample': 0.7929682762811064, 'colsample_bytree': 0.8124517510478, 'min_child_samples': 74, 'reg_alpha': 0.3811377260781234, 'reg_lambda': 5.607314238392041e-08}. Best is trial 2 with value: 0.052202969596464276.
[I 2026-06-01 23:33:24,802] Trial 6 finished with value: 0.02918218056653928 and parameters: {'confidence_threshold': 0.7672889945051684, 'training_days': 130, 'n_estimators': 137, 'max_depth': 4, 'num_leaves': 19, 'learning_rate': 0.2031117614248665, 'subsample': 0.8136244860256343, 'colsample_bytree': 0.8617081790949774, 'min_child_samples': 21, 'reg_alpha': 0.002238138278733199, 'reg_lambda': 0.001025809534977322}. Best is trial 2 with value: 0.052202969596464276.
[I 2026-06-01 23:33:24,884] Trial 7 finished with value: -0.06721568319699275 and parameters: {'confidence_threshold': 0.555635875450653, 'training_days': 80, 'n_estimators': 363, 'max_depth': 3, 'num_leaves': 48, 'learning_rate': 0.06590089024008658, 'subsample': 0.6944752870615722, 'colsample_bytree': 0.962566244806993, 'min_child_samples': 88, 'reg_alpha': 1.6465620446426067e-05, 'reg_lambda': 2.4678750890085655e-08}. Best is trial 2 with value: 0.052202969596464276.
[I 2026-06-01 23:33:25,246] Trial 8 finished with value: -0.0035295758745580385 and parameters: {'confidence_threshold': 0.6066688256938841, 'training_days': 200, 'n_estimators': 367, 'max_depth': 5, 'num_leaves': 32, 'learning_rate': 0.13377519215934996, 'subsample': 0.7965884582811106, 'colsample_bytree': 0.8458508993500886, 'min_child_samples': 32, 'reg_alpha': 3.889436043816386e-05, 'reg_lambda': 1.4713062489380356e-06}. Best is trial 2 with value: 0.052202969596464276.
