[I 2026-06-01 23:26:05,268] Trial 17 finished with value: 0.012326671084916318 and parameters: {'confidence_threshold': 0.5080881579696632, 'training_days': 340, 'n_estimators': 278, 'max_depth': 3, 'num_leaves': 28, 'learning_rate': 0.019352225990314435, 'subsample': 0.6805494185343457, 'colsample_bytree': 0.7142219102330146, 'min_child_samples': 73, 'reg_alpha': 0.009117361187310847, 'reg_lambda': 0.03406236299923463}. Best is trial 12 with value: 0.14766605167422672.

    [trial 10] 49 features, training_days=470 | threshold=0.534 | labels: 1124 long, 1029 short (52/48%)
    [trial 10] Sharpe=-0.0396 (folds: 0.1638, -0.0087, -0.1449, -0.2320, 0.0238)
    [trial 11] 49 features, training_days=340 | threshold=0.633 | labels: 1124 long, 1029 short (52/48%)
    [trial 11] Sharpe=0.0236 (folds: 0.2444, 0.0337, -0.0244, -0.1280, -0.0076)
    [trial 12] 49 features, training_days=20 | threshold=0.596 | labels: 1124 long, 1029 short (52/48%)
    [trial 12] Sharpe=-0.0366 (folds: 0.0556, -0.1698, 0.1154, -0.2406, 0.0563)
    [trial 13] 49 features, training_days=340 | threshold=0.504 | labels: 1124 long, 1029 short (52/48%)
    [trial 13] Sharpe=-0.0417 (folds: 0.1486, 0.0176, -0.0769, -0.1077, -0.1899)
    [trial 14] 49 features, training_days=290 | threshold=0.666 | labels: 1124 long, 1029 short (52/48%)
    [trial 14] Sharpe=-0.0153 (folds: 0.1837, 0.0232, 0.0481, -0.1917, -0.1399)
    [trial 15] 49 features, training_days=460 | threshold=0.710 | labels: 1124 long, 1029 short (52/48%)
    [trial 15] Sharpe=0.0483 (folds: 0.2221, 0.0535, -0.0352, -0.1233, 0.1243)
    [trial 16] 49 features, training_days=500 | threshold=0.708 | labels: 1124 long, 1029 short (52/48%)
    [trial 16] Sharpe=-0.0018 (folds: 0.1766, -0.0039, -0.0627, -0.1495, 0.0305)
    [trial 17] 49 features, training_days=410 | threshold=0.828 | labels: 1124 long, 1029 short (52/48%)
    [trial 17] Sharpe=0.1862 (folds: 0.4254, 0.1458, -0.0714, 0.2365, 0.1949)
  Optuna: 18 trials, best Sharpe = 0.1862
  Best params: n_estimators=308, max_depth=4, lr=0.0164, leaves=56
  Best confidence_threshold: 0.828
  Best training_days: 410
  Retrained on full data (1215 samples, 49 features)
  [ensemble 3/3] seed=456
    [trial 0] 49 features, training_days=90 | threshold=0.587 | labels: 1124 long, 1029 short (52/48%)
    [CV fold 0] train_end=2021-03-24 08:00 | val_start=2021-04-01 00:00 | gap=184h (22 rows)
    [CV fold 1] train_end=2021-07-21 16:00 | val_start=2021-07-29 08:00 | gap=184h (22 rows)
    [CV fold 2] train_end=2021-11-18 00:00 | val_start=2021-11-25 16:00 | gap=184h (22 rows)
    [CV fold 3] train_end=2022-03-20 08:00 | val_start=2022-03-28 00:00 | gap=184h (22 rows)
    [CV fold 4] train_end=2022-07-19 16:00 | val_start=2022-07-27 08:00 | gap=184h (22 rows)
    [trial 0] Sharpe=-0.0826 (folds: 0.0044, -0.1375, -0.0143, -0.2264, -0.0389)
    [trial 1] 49 features, training_days=290 | threshold=0.635 | labels: 1124 long, 1029 short (52/48%)
    [trial 1] Sharpe=0.0023 (folds: 0.1765, 0.0225, 0.0418, -0.1644, -0.0649)
    [trial 2] 49 features, training_days=10 | threshold=0.585 | labels: 1124 long, 1029 short (52/48%)
    [trial 2] Sharpe=-2.0352 (folds: -10.0000, -0.1698, 0.1154, 0.0991, -0.2204)
    [trial 3] 49 features, training_days=220 | threshold=0.687 | labels: 1124 long, 1029 short (52/48%)
    [trial 3] Sharpe=0.0993 (folds: 0.2054, 0.1345, 0.1804, -0.2104, 0.1864)
    [trial 4] 49 features, training_days=300 | threshold=0.562 | labels: 1124 long, 1029 short (52/48%)
    [trial 4] Sharpe=-0.0294 (folds: 0.1029, 0.0382, 0.0562, -0.1338, -0.2104)
    [trial 5] 49 features, training_days=490 | threshold=0.711 | labels: 1124 long, 1029 short (52/48%)
    [trial 5] Sharpe=-0.0394 (folds: 0.0962, 0.0114, -0.0003, -0.2034, -0.1010)
    [trial 6] 49 features, training_days=420 | threshold=0.667 | labels: 1124 long, 1029 short (52/48%)
    [trial 6] Sharpe=-0.0083 (folds: 0.1691, -0.0007, -0.0728, -0.0583, -0.0786)
    [trial 7] 49 features, training_days=120 | threshold=0.550 | labels: 1124 long, 1029 short (52/48%)
    [trial 7] Sharpe=-0.0555 (folds: 0.1162, 0.0546, -0.0095, -0.3555, -0.0833)
    [trial 8] 49 features, training_days=450 | threshold=0.720 | labels: 1124 long, 1029 short (52/48%)
    [trial 8] Sharpe=0.0718 (folds: 0.3145, 0.0279, -0.0262, -0.0547, 0.0976)
    [trial 9] 49 features, training_days=20 | threshold=0.727 | labels: 1124 long, 1029 short (52/48%)
    [trial 9] Sharpe=-4.0139 (folds: 0.0556, -10.0000, 0.1154, -0.2406, -10.0000)
    [trial 10] 49 features, training_days=200 | threshold=0.828 | labels: 1124 long, 1029 short (52/48%)
    [trial 10] Sharpe=-7.9719 (folds: -10.0000, -10.0000, -10.0000, -10.0000, 0.1406)
    [trial 11] 49 features, training_days=380 | threshold=0.777 | labels: 1124 long, 1029 short (52/48%)
    [trial 11] Sharpe=0.0844 (folds: 0.3454, 0.0379, 0.0435, -0.1191, 0.1143)
    [trial 12] 49 features, training_days=360 | threshold=0.802 | labels: 1124 long, 1029 short (52/48%)
    [trial 12] Sharpe=0.1477 (folds: 0.3807, 0.1513, 0.0019, 0.0184, 0.1860)
    [trial 13] 49 features, training_days=210 | threshold=0.848 | labels: 1124 long, 1029 short (52/48%)
    [trial 13] Sharpe=0.0868 (folds: 0.3725, 0.2380, 0.2775, -0.6313, 0.1770)
    [trial 14] 49 features, training_days=340 | threshold=0.772 | labels: 1124 long, 1029 short (52/48%)
    [trial 14] Sharpe=0.0872 (folds: 0.3407, 0.3009, -0.4260, 0.0937, 0.1266)
    [trial 15] 49 features, training_days=220 | threshold=0.786 | labels: 1124 long, 1029 short (52/48%)
    [trial 15] Sharpe=0.1410 (folds: 0.2799, 0.0509, 0.3206, -0.2867, 0.3401)
    [trial 16] 49 features, training_days=130 | threshold=0.790 | labels: 1124 long, 1029 short (52/48%)
    [trial 16] Sharpe=-0.0409 (folds: 0.2087, -0.3846, 0.0709, -0.2103, 0.1109)
    [trial 17] 49 features, training_days=340 | threshold=0.508 | labels: 1124 long, 1029 short (52/48%)
    [trial 17] Sharpe=0.0123 (folds: 0.1396, 0.0342, -0.0481, -0.1003, 0.0363)
  Optuna: 18 trials, best Sharpe = 0.1477
  Best params: n_estimators=490, max_depth=4, lr=0.0192, leaves=54
  Best confidence_threshold: 0.802
  Best training_days: 360
  Retrained on full data (1065 samples, 49 features)
  OOD: 16 features, cutoff (q=0.7) = 13.71
  Model trained for 2022-12: 93 test candles with features, confidence_threshold=0.813
[trade:close] 2022-12-03 00:00 LTCUSDT SHORT → timeout @ 77.87 | PnL=-5.17% (net -5.27%) | cum=+54.24% 2022-12=-5.27% 2022-12-03=-5.27%
[predict] 2022-12-03 16:00 LTCUSDT → LONG (proba=0.94 TP=12.4%/SL=6.2%)
[trade:open] 2022-12-03 23:59 LTCUSDT LONG @ 76.42 | SL=71.68 TP=85.89 | timeout=2022-12-10 23:59
[trade:close] 2022-12-11 00:00 LTCUSDT LONG → timeout @ 76.30 | PnL=-0.16% (net -0.26%) | cum=+53.98% 2022-12=-5.53% 2022-12-11=-0.26%
[predict] 2022-12-22 00:00 LTCUSDT → SHORT (proba=0.86 TP=11.1%/SL=5.5%)
[trade:open] 2022-12-22 07:59 LTCUSDT SHORT @ 66.22 | SL=69.89 TP=58.88 | timeout=2022-12-29 07:59
[trade:close] 2022-12-26 15:59 LTCUSDT SHORT → stop_loss @ 69.89 | PnL=-5.54% (net -5.64%) | cum=+48.34% 2022-12=-11.17% 2022-12-26=-5.64%
[predict] 2022-12-29 08:00 LTCUSDT → SHORT (proba=0.86 TP=9.0%/SL=4.5%)
[trade:open] 2022-12-29 15:59 LTCUSDT SHORT @ 66.97 | SL=69.97 TP=60.97 | timeout=2023-01-05 15:59
[trade:close] 2022-12-31 15:59 LTCUSDT SHORT → stop_loss @ 69.97 | PnL=-4.48% (net -4.58%) | cum=+43.76% 2022-12=-15.75% 2022-12-31=-4.58%
[lgbm] === Training for 2023-01 ===
  Train window: 2021-01-01 → 2022-12-24
  2153 training samples from 1 symbols
  Samples per month: 2021-01: 93, 2021-02: 84, 2021-03: 93, 2021-04: 90, 2021-05: 93, 2021-06: 90, 2021-07: 93, 2021-08: 93, 2021-09: 90, 2021-10: 93, 2021-11: 90, 2021-12: 93, 2022-01: 93, 2022-02: 75, 2022-03: 93, 2022-04: 84, 2022-05: 93, 2022-06: 90, 2022-07: 93, 2022-08: 93, 2022-09: 90, 2022-10: 93, 2022-11: 90, 2022-12: 71
  [label] 2021-03-03 00:00 LTCUSDT entry=193.7400 → LONG | long=sl(-12.22%) short=timeout(-2.23%) | scanned=22 | no_tp→fwd_return=+2.1266
  [label] 2021-03-05 08:00 LTCUSDT entry=175.9500 → LONG | long=timeout(+19.54%) short=sl(-11.87%) | scanned=22 | no_tp→fwd_return=+19.6419
  [label] 2021-03-09 00:00 LTCUSDT entry=196.9000 → LONG | long=timeout(+3.25%) short=sl(-9.05%) | scanned=22 | no_tp→fwd_return=+3.3520
  [label] 2021-04-02 16:00 LTCUSDT entry=211.9600 → LONG | long=sl(-6.66%) short=sl(-6.66%) | scanned=9 | no_tp→fwd_return=+4.6613
  [label] 2021-05-24 16:00 LTCUSDT entry=185.2200 → LONG | long=timeout(+1.37%) short=timeout(-1.57%) | scanned=22 | no_tp→fwd_return=+1.4739
  [label] 2021-11-05 08:00 LTCUSDT entry=197.9400 → LONG | long=tp(+12.85%) short=sl(-6.57%) | scanned=10 | long_tp_only[I 2026-06-01 23:26:05,800] A new study created in memory with name: no-name-9bc552c3-7cb5-40a9-ba7c-c452057b3905
[I 2026-06-01 23:26:06,154] Trial 0 finished with value: 0.07646132278408398 and parameters: {'confidence_threshold': 0.6310890415965769, 'training_days': 480, 'n_estimators': 380, 'max_depth': 4, 'num_leaves': 22, 'learning_rate': 0.01699897838270077, 'subsample': 0.5290418060840998, 'colsample_bytree': 0.9330880728874675, 'min_child_samples': 68, 'reg_alpha': 0.023585940584142682, 'reg_lambda': 1.5320059381854043e-08}. Best is trial 0 with value: 0.07646132278408398.
[I 2026-06-01 23:26:06,270] Trial 1 finished with value: -4.029485121789269 and parameters: {'confidence_threshold': 0.839468448256698, 'training_days': 420, 'n_estimators': 145, 'max_depth': 3, 'num_leaves': 23, 'learning_rate': 0.028145092716060652, 'subsample': 0.762378215816119, 'colsample_bytree': 0.7159725093210578, 'min_child_samples': 43, 'reg_alpha': 0.0032112643094417484, 'reg_lambda': 1.8007140198129195e-07}. Best is trial 0 with value: 0.07646132278408398.
[I 2026-06-01 23:26:06,419] Trial 2 finished with value: 0.02246113486348287 and parameters: {'confidence_threshold': 0.6022506269873263, 'training_days': 190, 'n_estimators': 255, 'max_depth': 5, 'num_leaves': 24, 'learning_rate': 0.05748924681991978, 'subsample': 0.7962072844310213, 'colsample_bytree': 0.5232252063599989, 'min_child_samples': 69, 'reg_alpha': 3.425445902633376e-07, 'reg_lambda': 3.850031979199519e-08}. Best is trial 0 with value: 0.07646132278408398.
[I 2026-06-01 23:26:06,691] Trial 3 finished with value: 0.100068102548271 and parameters: {'confidence_threshold': 0.8321099380386666, 'training_days': 490, 'n_estimators': 414, 'max_depth': 3, 'num_leaves': 19, 'learning_rate': 0.1024932221692416, 'subsample': 0.7200762468698007, 'colsample_bytree': 0.5610191174223894, 'min_child_samples': 60, 'reg_alpha': 2.039373116525212e-08, 'reg_lambda': 1.527156759251193}. Best is trial 3 with value: 0.100068102548271.
[I 2026-06-01 23:26:06,861] Trial 4 finished with value: 0.04643027126984076 and parameters: {'confidence_threshold': 0.5905729935600059, 'training_days': 340, 'n_estimators': 190, 'max_depth': 4, 'num_leaves': 41, 'learning_rate': 0.01875220945578641, 'subsample': 0.9847923138822793, 'colsample_bytree': 0.8875664116805573, 'min_child_samples': 96, 'reg_alpha': 1.1309571585271483, 'reg_lambda': 0.002404915432737351}. Best is trial 3 with value: 0.100068102548271.
[I 2026-06-01 23:26:06,899] Trial 5 finished with value: -2.1109342508584037 and parameters: {'confidence_threshold': 0.8226559822580909, 'training_days': 50, 'n_estimators': 138, 'max_depth': 3, 'num_leaves': 30, 'learning_rate': 0.03750796359625606, 'subsample': 0.6356745158869479, 'colsample_bytree': 0.9143687545759647, 'min_child_samples': 48, 'reg_alpha': 3.376063348877853e-06, 'reg_lambda': 0.0007660634613082914}. Best is trial 3 with value: 0.100068102548271.
[I 2026-06-01 23:26:07,016] Trial 6 finished with value: 0.058608074684799186 and parameters: {'confidence_threshold': 0.5493234787411669, 'training_days': 410, 'n_estimators': 83, 'max_depth': 5, 'num_leaves': 52, 'learning_rate': 0.019657448966046126, 'subsample': 0.5027610585618012, 'colsample_bytree': 0.9077307142274171, 'min_child_samples': 77, 'reg_alpha': 0.03639690979811287, 'reg_lambda': 0.08738424135626986}. Best is trial 3 with value: 0.100068102548271.
[I 2026-06-01 23:26:07,116] Trial 7 finished with value: -0.0028887031886683707 and parameters: {'confidence_threshold': 0.5259156281069316, 'training_days': 180, 'n_estimators': 102, 'max_depth': 5, 'num_leaves': 45, 'learning_rate': 0.030816017044468066, 'subsample': 0.5317791751430119, 'colsample_bytree': 0.6554911608578311, 'min_child_samples': 46, 'reg_alpha': 0.036851536911881845, 'reg_lambda': 0.005470376807480391}. Best is trial 3 with value: 0.100068102548271.
[I 2026-06-01 23:26:07,212] Trial 8 finished with value: 0.06409242908935978 and parameters: {'confidence_threshold': 0.8105244599017143, 'training_days': 240, 'n_estimators': 103, 'max_depth': 5, 'num_leaves': 52, 'learning_rate': 0.06746437142284309, 'subsample': 0.8854835899772805, 'colsample_bytree': 0.7468977981821954, 'min_child_samples': 62, 'reg_alpha': 7.04480806377519e-05, 'reg_lambda': 1.6934490731313353e-08}. Best is trial 3 with value: 0.100068102548271.
[I 2026-06-01 23:26:07,235] Trial 9 finished with value: -2.0766223301871567 and parameters: {'confidence_threshold': 0.5377619994476566, 'training_days': 20, 'n_estimators': 337, 'max_depth': 3, 'num_leaves': 39, 'learning_rate': 0.21907142272152816, 'subsample': 0.6246461145744375, 'colsample_bytree': 0.7051914615178149, 'min_child_samples': 81, 'reg_alpha': 1.1459970229341322e-06, 'reg_lambda': 4.929685216887945e-08}. Best is trial 3 with value: 0.100068102548271.
[I 2026-06-01 23:26:07,725] Trial 10 finished with value: 0.04478453913517972 and parameters: {'confidence_threshold': 0.7301111584710253, 'training_days': 350, 'n_estimators': 487, 'max_depth': 4, 'num_leaves': 15, 'learning_rate': 0.1457937958927628, 'subsample': 0.6806559982209046, 'colsample_bytree': 0.5055805119629307, 'min_child_samples': 27, 'reg_alpha': 1.290626345465208e-08, 'reg_lambda': 8.530248590348572}. Best is trial 3 with value: 0.100068102548271.
[I 2026-06-01 23:26:08,117] Trial 11 finished with value: 0.0894290910109779 and parameters: {'confidence_threshold': 0.6954836557727516, 'training_days': 490, 'n_estimators': 420, 'max_depth': 4, 'num_leaves': 15, 'learning_rate': 0.010397937137834207, 'subsample': 0.5780545957082475, 'colsample_bytree': 0.8242066785264957, 'min_child_samples': 55, 'reg_alpha': 3.662834835098572, 'reg_lambda': 7.868729181011707e-06}. Best is trial 3 with value: 0.100068102548271.
[I 2026-06-01 23:26:08,639] Trial 12 finished with value: 0.09943444768827427 and parameters: {'confidence_threshold': 0.7158407934522353, 'training_days': 480, 'n_estimators': 480, 'max_depth': 4, 'num_leaves': 15, 'learning_rate': 0.010642679600809507, 'subsample': 0.7114719232100558, 'colsample_bytree': 0.8304278626461433, 'min_child_samples': 30, 'reg_alpha': 5.7716388202492235, 'reg_lambda': 8.348297043432798e-06}. Best is trial 3 with value: 0.100068102548271.
[I 2026-06-01 23:26:09,024] Trial 13 finished with value: 0.016539874570614427 and parameters: {'confidence_threshold': 0.7580929687031254, 'training_days': 500, 'n_estimators': 500, 'max_depth': 3, 'num_leaves': 62, 'learning_rate': 0.10036282443683886, 'subsample': 0.7089578143730195, 'colsample_bytree': 0.6138200283342398, 'min_child_samples': 22, 'reg_alpha': 0.00013793593955942335, 'reg_lambda': 2.1573112424412734e-05}. Best is trial 3 with value: 0.100068102548271.
[I 2026-06-01 23:26:09,337] Trial 14 finished with value: 0.062197749817998395 and parameters: {'confidence_threshold': 0.7594036169129817, 'training_days': 340, 'n_estimators': 431, 'max_depth': 3, 'num_leaves': 33, 'learning_rate': 0.11239432335316941, 'subsample': 0.8319560719535452, 'colsample_bytree': 0.8125859382071858, 'min_child_samples': 31, 'reg_alpha': 2.4270990787417795e-08, 'reg_lambda': 6.551588619002162}. Best is trial 3 with value: 0.100068102548271.
[I 2026-06-01 23:26:09,589] Trial 15 finished with value: 0.0600318710955182 and parameters: {'confidence_threshold': 0.6685557091133998, 'training_days': 420, 'n_estimators': 319, 'max_depth': 4, 'num_leaves': 29, 'learning_rate': 0.2699762584636849, 'subsample': 0.7056040605540663, 'colsample_bytree': 0.5845593918314319, 'min_child_samples': 37, 'reg_alpha': 0.3826359058909764, 'reg_lambda': 8.994225272210576e-06}. Best is trial 3 with value: 0.100068102548271.
[I 2026-06-01 23:26:09,841] Trial 16 finished with value: 0.21336701593159738 and parameters: {'confidence_threshold': 0.7967606832968345, 'training_days': 290, 'n_estimators': 427, 'max_depth': 3, 'num_leaves': 18, 'learning_rate': 0.011144181443272248, 'subsample': 0.8649514202852936, 'colsample_bytree': 0.9826162589395974, 'min_child_samples': 83, 'reg_alpha': 1.6230643075200477e-05, 'reg_lambda': 0.23529158002820744}. Best is trial 16 with value: 0.21336701593159738.
[I 2026-06-01 23:26:09,911] Trial 17 finished with value: -0.012245974399839534 and parameters: {'confidence_threshold': 0.789403558838043, 'training_days': 100, 'n_estimators': 261, 'max_depth': 3, 'num_leaves': 21, 'learning_rate': 0.07530437307582499, 'subsample': 0.9082676340052684, 'colsample_bytree': 0.9956385980717998, 'min_child_samples': 98, 'reg_alpha': 1.69283526458305e-05, 'reg_lambda': 0.2137955218070946}. Best is trial 16 with value: 0.21336701593159738.
[I 2026-06-01 23:26:10,132] A new study created in memory with name: no-name-c5750c6e-579e-40d9-b0ab-d7fd638f748b
[I 2026-06-01 23:26:10,242] Trial 0 finished with value: -0.10622931739660077 and parameters: {'confidence_threshold': 0.7437642149592516, 'training_days': 150, 'n_estimators': 152, 'max_depth': 4, 'num_leaves': 50, 'learning_rate': 0.04216766425047743, 'subsample': 0.9903820991923078, 'colsample_bytree': 0.8424148692924316, 'min_child_samples': 58, 'reg_alpha': 3.381097259762742e-05, 'reg_lambda': 1.2263152961306247e-05}. Best is trial 0 with value: -0.10622931739660077.
[I 2026-06-01 23:26:10,314] Trial 1 finished with value: -1.9686077855254134 and parameters: {'confidence_threshold': 0.7551673975844145, 'training_days': 220, 'n_estimators': 76, 'max_depth': 4, 'num_leaves': 51, 'learning_rate': 0.018602118810743477, 'subsample': 0.5877258780737462, 'colsample_bytree': 0.7657756869209191, 'min_child_samples': 63, 'reg_alpha': 0.005123994170264194, 'reg_lambda': 0.44145470178120466}. Best is trial 0 with value: -0.10622931739660077.
[I 2026-06-01 23:26:10,590] Trial 2 finished with value: 0.1410828003562214 and parameters: {'confidence_threshold': 0.7535593637012223, 'training_days': 310, 'n_estimators': 375, 'max_depth': 3, 'num_leaves': 32, 'learning_rate': 0.021735641882032388, 'subsample': 0.6468570231944146, 'colsample_bytree': 0.8154880619272439, 'min_child_samples': 27, 'reg_alpha': 8.004064028491336e-05, 'reg_lambda': 7.546835261630524e-05}. Best is trial 2 with value: 0.1410828003562214.
[I 2026-06-01 23:26:10,769] Trial 3 finished with value: 0.020930037951398243 and parameters: {'confidence_threshold': 0.6727897841776072, 'training_days': 220, 'n_estimators': 190, 'max_depth': 4, 'num_leaves': 58, 'learning_rate': 0.24810689332636193, 'subsample': 0.7509183379421682, 'colsample_bytree': 0.8119764758960556, 'min_child_samples': 29, 'reg_alpha': 7.1708285081421445e-06, 'reg_lambda': 5.412973582738627e-05}. Best is trial 2 with value: 0.1410828003562214.
[I 2026-06-01 23:26:10,898] Trial 4 finished with value: -0.016977180139777254 and parameters: {'confidence_threshold': 0.803208205259178, 'training_days': 130, 'n_estimators': 267, 'max_depth': 5, 'num_leaves': 40, 'learning_rate': 0.08041175317374143, 'subsample': 0.5603143329951619, 'colsample_bytree': 0.9131704002534167, 'min_child_samples': 68, 'reg_alpha': 0.0008046593428183385, 'reg_lambda': 1.2158346158765583e-05}. Best is trial 2 with value: 0.1410828003562214.
[I 2026-06-01 23:26:11,134] Trial 5 finished with value: 0.06423059727088429 and parameters: {'confidence_threshold': 0.6064422761595144, 'training_days': 210, 'n_estimators': 357, 'max_depth': 5, 'num_leaves': 40, 'learning_rate': 0.0974221287220869, 'subsample': 0.7929682762811064, 'colsample_bytree': 0.8124517510478, 'min_child_samples': 74, 'reg_alpha': 0.3811377260781234, 'reg_lambda': 5.607314238392041e-08}. Best is trial 2 with value: 0.1410828003562214.
[I 2026-06-01 23:26:11,242] Trial 6 finished with value: -0.06688761895062113 and parameters: {'confidence_threshold': 0.7672889945051684, 'training_days': 130, 'n_estimators': 137, 'max_depth': 4, 'num_leaves': 19, 'learning_rate': 0.2031117614248665, 'subsample': 0.8136244860256343, 'colsample_bytree': 0.8617081790949774, 'min_child_samples': 21, 'reg_alpha': 0.002238138278733199, 'reg_lambda': 0.001025809534977322}. Best is trial 2 with value: 0.1410828003562214.
