[I 2026-06-01 23:29:13,258] Trial 12 finished with value: 0.07722830609848812 and parameters: {'confidence_threshold': 0.5145853631584999, 'training_days': 100, 'n_estimators': 237, 'max_depth': 4, 'num_leaves': 51, 'learning_rate': 0.02532673736314218, 'subsample': 0.9860730178578258, 'colsample_bytree': 0.8597431919298063, 'min_child_samples': 62, 'reg_alpha': 8.46843277074541e-06, 'reg_lambda': 0.0011587658552242412}. Best is trial 12 with value: 0.07722830609848812.
[I 2026-06-01 23:29:13,399] Trial 13 finished with value: 0.010379551791495705 and parameters: {'confidence_threshold': 0.5012593228941856, 'training_days': 210, 'n_estimators': 185, 'max_depth': 4, 'num_leaves': 52, 'learning_rate': 0.02073800203501663, 'subsample': 0.7750964207843904, 'colsample_bytree': 0.8026832163283323, 'min_child_samples': 75, 'reg_alpha': 8.465942575614097e-06, 'reg_lambda': 0.0035673980805692837}. Best is trial 12 with value: 0.07722830609848812.
[I 2026-06-01 23:29:13,584] Trial 14 finished with value: 0.026195613971596487 and parameters: {'confidence_threshold': 0.7878219223520097, 'training_days': 380, 'n_estimators': 246, 'max_depth': 3, 'num_leaves': 17, 'learning_rate': 0.02479126776763476, 'subsample': 0.9294526207842858, 'colsample_bytree': 0.9716173144079501, 'min_child_samples': 87, 'reg_alpha': 0.007558490788345576, 'reg_lambda': 1.3173812139485217e-06}. Best is trial 12 with value: 0.07722830609848812.
[I 2026-06-01 23:29:13,686] Trial 15 finished with value: -0.07565242950068944 and parameters: {'confidence_threshold': 0.5071223900265609, 'training_days': 190, 'n_estimators': 127, 'max_depth': 3, 'num_leaves': 54, 'learning_rate': 0.010002670358528643, 'subsample': 0.9953817091963012, 'colsample_bytree': 0.7682974819988115, 'min_child_samples': 61, 'reg_alpha': 4.99025556679806e-06, 'reg_lambda': 0.0026406526000485684}. Best is trial 12 with value: 0.07722830609848812.
[I 2026-06-01 23:29:13,732] Trial 16 finished with value: -3.9736124469058742 and parameters: {'confidence_threshold': 0.7809712285122007, 'training_days': 60, 'n_estimators': 53, 'max_depth': 4, 'num_leaves': 31, 'learning_rate': 0.03443484454224182, 'subsample': 0.9141875728428007, 'colsample_bytree': 0.9195561550756048, 'min_child_samples': 51, 'reg_alpha': 0.0006920638879866894, 'reg_lambda': 0.02536740902632349}. Best is trial 12 with value: 0.07722830609848812.
[I 2026-06-01 23:29:13,922] Trial 17 finished with value: -0.0799544655423392 and parameters: {'confidence_threshold': 0.671130801624193, 'training_days': 330, 'n_estimators': 282, 'max_depth': 3, 'num_leaves': 62, 'learning_rate': 0.014399917848714062, 'subsample': 0.7912899898389397, 'colsample_bytree': 0.7142219102330146, 'min_child_samples': 88, 'reg_alpha': 0.0008059760040484764, 'reg_lambda': 0.00039965744314963514}. Best is trial 12 with value: 0.07722830609848812.

    [trial 3] 49 features, training_days=220 | threshold=0.673 | labels: 1082 long, 1071 short (50/50%)
    [trial 3] Sharpe=-0.0041 (folds: -0.1003, -0.0580, 0.0589, 0.0108, 0.0682)
    [trial 4] 49 features, training_days=130 | threshold=0.803 | labels: 1082 long, 1071 short (50/50%)
    [trial 4] Sharpe=0.0246 (folds: -0.1440, 0.2232, -0.1107, 0.2215, -0.0668)
    [trial 5] 49 features, training_days=210 | threshold=0.606 | labels: 1082 long, 1071 short (50/50%)
    [trial 5] Sharpe=0.0477 (folds: -0.0743, 0.1493, 0.0496, 0.0834, 0.0305)
    [trial 6] 49 features, training_days=130 | threshold=0.767 | labels: 1082 long, 1071 short (50/50%)
    [trial 6] Sharpe=-0.0173 (folds: -0.1195, -0.0683, -0.0603, 0.1263, 0.0352)
    [trial 7] 49 features, training_days=80 | threshold=0.556 | labels: 1082 long, 1071 short (50/50%)
    [trial 7] Sharpe=0.0565 (folds: -0.0165, 0.2259, -0.0031, 0.1182, -0.0418)
    [trial 8] 49 features, training_days=200 | threshold=0.607 | labels: 1082 long, 1071 short (50/50%)
    [trial 8] Sharpe=-0.0331 (folds: -0.1218, -0.0012, -0.0420, -0.0659, 0.0654)
    [trial 9] 49 features, training_days=260 | threshold=0.620 | labels: 1082 long, 1071 short (50/50%)
    [trial 9] Sharpe=-0.0246 (folds: -0.0978, -0.0077, 0.1084, -0.0447, -0.0814)
    [trial 10] 49 features, training_days=10 | threshold=0.525 | labels: 1082 long, 1071 short (50/50%)
    [trial 10] Sharpe=-0.1211 (folds: -0.2185, -0.4084, -0.0169, 0.1298, -0.0916)
    [trial 11] 49 features, training_days=480 | threshold=0.507 | labels: 1082 long, 1071 short (50/50%)
    [trial 11] Sharpe=-0.0166 (folds: -0.0766, 0.0524, 0.0547, 0.0486, -0.1619)
    [trial 12] 49 features, training_days=20 | threshold=0.575 | labels: 1082 long, 1071 short (50/50%)
    [trial 12] Sharpe=-2.1303 (folds: -0.2185, -0.4084, 0.0129, -10.0000, -0.0374)
    [trial 13] 49 features, training_days=340 | threshold=0.671 | labels: 1082 long, 1071 short (50/50%)
    [trial 13] Sharpe=-0.0086 (folds: -0.0869, 0.0803, 0.0253, -0.0091, -0.0524)
    [trial 14] 49 features, training_days=70 | threshold=0.563 | labels: 1082 long, 1071 short (50/50%)
    [trial 14] Sharpe=0.0239 (folds: -0.0539, 0.1096, -0.1056, 0.0479, 0.1216)
    [trial 15] 49 features, training_days=360 | threshold=0.630 | labels: 1082 long, 1071 short (50/50%)
    [trial 15] Sharpe=-0.0133 (folds: -0.0716, 0.0070, 0.0286, 0.0071, -0.0375)
    [trial 16] 49 features, training_days=90 | threshold=0.564 | labels: 1082 long, 1071 short (50/50%)
    [trial 16] Sharpe=0.0166 (folds: -0.1229, 0.2368, -0.0285, 0.0058, -0.0084)
    [trial 17] 49 features, training_days=480 | threshold=0.708 | labels: 1082 long, 1071 short (50/50%)
    [trial 17] Sharpe=0.0054 (folds: -0.1189, 0.0862, 0.0668, 0.0870, -0.0942)
  Optuna: 18 trials, best Sharpe = 0.0565
  Best params: n_estimators=363, max_depth=3, lr=0.0659, leaves=48
  Best confidence_threshold: 0.556
  Best training_days: 80
  Retrained on full data (240 samples, 49 features)
  [ensemble 3/3] seed=456
    [trial 0] 49 features, training_days=90 | threshold=0.587 | labels: 1082 long, 1071 short (50/50%)
    [CV fold 0] train_end=2022-05-30 08:00 | val_start=2022-06-07 00:00 | gap=184h (22 rows)
    [CV fold 1] train_end=2022-09-26 16:00 | val_start=2022-10-04 08:00 | gap=184h (22 rows)
    [CV fold 2] train_end=2023-01-24 00:00 | val_start=2023-01-31 16:00 | gap=184h (22 rows)
    [CV fold 3] train_end=2023-05-23 08:00 | val_start=2023-05-31 00:00 | gap=184h (22 rows)
    [CV fold 4] train_end=2023-09-19 16:00 | val_start=2023-09-27 08:00 | gap=184h (22 rows)
    [trial 0] Sharpe=0.0392 (folds: -0.1157, 0.2320, -0.1281, 0.2247, -0.0171)
    [trial 1] 49 features, training_days=290 | threshold=0.635 | labels: 1082 long, 1071 short (50/50%)
    [trial 1] Sharpe=-0.0512 (folds: -0.1169, -0.0033, 0.0303, -0.0317, -0.1344)
    [trial 2] 49 features, training_days=10 | threshold=0.585 | labels: 1082 long, 1071 short (50/50%)
    [trial 2] Sharpe=-0.1211 (folds: -0.2185, -0.4084, -0.0169, 0.1298, -0.0916)
    [trial 3] 49 features, training_days=220 | threshold=0.687 | labels: 1082 long, 1071 short (50/50%)
    [trial 3] Sharpe=0.0478 (folds: -0.2554, 0.2274, 0.1447, 0.1365, -0.0141)
    [trial 4] 49 features, training_days=300 | threshold=0.562 | labels: 1082 long, 1071 short (50/50%)
    [trial 4] Sharpe=-0.0423 (folds: -0.1130, -0.0926, 0.0734, 0.0039, -0.0832)
    [trial 5] 49 features, training_days=490 | threshold=0.711 | labels: 1082 long, 1071 short (50/50%)
    [trial 5] Sharpe=-0.0323 (folds: -0.1207, -0.1034, 0.0245, 0.1005, -0.0626)
    [trial 6] 49 features, training_days=420 | threshold=0.667 | labels: 1082 long, 1071 short (50/50%)
    [trial 6] Sharpe=-0.0017 (folds: -0.0930, -0.0832, 0.0302, 0.1417, -0.0045)
    [trial 7] 49 features, training_days=120 | threshold=0.550 | labels: 1082 long, 1071 short (50/50%)
    [trial 7] Sharpe=0.0164 (folds: -0.0642, 0.1975, -0.0306, 0.0948, -0.1156)
    [trial 8] 49 features, training_days=450 | threshold=0.720 | labels: 1082 long, 1071 short (50/50%)
    [trial 8] Sharpe=-0.0447 (folds: -0.2037, 0.1239, 0.0387, -0.0825, -0.0999)
    [trial 9] 49 features, training_days=20 | threshold=0.727 | labels: 1082 long, 1071 short (50/50%)
    [trial 9] Sharpe=-6.0411 (folds: -0.2185, -10.0000, 0.0129, -10.0000, -10.0000)
    [trial 10] 49 features, training_days=200 | threshold=0.828 | labels: 1082 long, 1071 short (50/50%)
    [trial 10] Sharpe=-10.0000 (folds: -10.0000, -10.0000, -10.0000, -10.0000, -10.0000)
    [trial 11] 49 features, training_days=140 | threshold=0.620 | labels: 1082 long, 1071 short (50/50%)
    [trial 11] Sharpe=0.0157 (folds: -0.0952, 0.0486, -0.0733, 0.1016, 0.0969)
    [trial 12] 49 features, training_days=100 | threshold=0.515 | labels: 1082 long, 1071 short (50/50%)
    [trial 12] Sharpe=0.0772 (folds: -0.0796, 0.1691, 0.0773, 0.2494, -0.0301)
    [trial 13] 49 features, training_days=210 | threshold=0.501 | labels: 1082 long, 1071 short (50/50%)
    [trial 13] Sharpe=0.0104 (folds: -0.0571, 0.0138, 0.0699, 0.0195, 0.0058)
    [trial 14] 49 features, training_days=380 | threshold=0.788 | labels: 1082 long, 1071 short (50/50%)
    [trial 14] Sharpe=0.0262 (folds: -0.3315, 0.0748, 0.3673, 0.0516, -0.0313)
    [trial 15] 49 features, training_days=190 | threshold=0.507 | labels: 1082 long, 1071 short (50/50%)
    [trial 15] Sharpe=-0.0757 (folds: -0.0912, -0.1801, -0.0373, -0.1029, 0.0333)
    [trial 16] 49 features, training_days=60 | threshold=0.781 | labels: 1082 long, 1071 short (50/50%)
    [trial 16] Sharpe=-3.9736 (folds: -0.1533, -10.0000, -10.0000, -0.0527, 0.3380)
    [trial 17] 49 features, training_days=330 | threshold=0.671 | labels: 1082 long, 1071 short (50/50%)
    [trial 17] Sharpe=-0.0800 (folds: -0.2040, 0.0058, 0.0199, -0.0160, -0.2054)
  Optuna: 18 trials, best Sharpe = 0.0772
  Best params: n_estimators=237, max_depth=4, lr=0.0253, leaves=51
  Best confidence_threshold: 0.515
  Best training_days: 100
  Retrained on full data (300 samples, 49 features)
  OOD: 16 features, cutoff (q=0.7) = 14.27
  Model trained for 2024-02: 87 test candles with features, confidence_threshold=0.575
[trade:close] 2024-02-04 08:00 LTCUSDT LONG → timeout @ 67.77 | PnL=-0.04% (net -0.14%) | cum=+94.72% 2024-02=-0.14% 2024-02-04=-0.14%
[predict] 2024-02-05 00:00 LTCUSDT → LONG (proba=0.99 TP=6.1%/SL=3.1%)
[trade:open] 2024-02-05 07:59 LTCUSDT LONG @ 67.52 | SL=65.45 TP=71.65 | timeout=2024-02-12 07:59
[trade:close] 2024-02-09 07:59 LTCUSDT LONG → take_profit @ 71.65 | PnL=+6.12% (net +6.02%) | cum=+100.74% 2024-02=+5.87% 2024-02-09=+6.02%
[predict] 2024-02-10 08:00 LTCUSDT → LONG (proba=0.73 TP=5.2%/SL=2.6%)
[trade:open] 2024-02-10 15:59 LTCUSDT LONG @ 70.35 | SL=68.53 TP=73.99 | timeout=2024-02-17 15:59
[trade:close] 2024-02-13 15:59 LTCUSDT LONG → stop_loss @ 68.53 | PnL=-2.59% (net -2.69%) | cum=+98.05% 2024-02=+3.18% 2024-02-13=-2.69%
[predict] 2024-02-14 08:00 LTCUSDT → SHORT (proba=0.71 TP=7.5%/SL=3.8%)
[trade:open] 2024-02-14 15:59 LTCUSDT SHORT @ 69.81 | SL=72.44 TP=64.55 | timeout=2024-02-21 15:59
[trade:close] 2024-02-21 16:00 LTCUSDT SHORT → timeout @ 68.23 | PnL=+2.26% (net +2.16%) | cum=+100.21% 2024-02=+5.35% 2024-02-21=+2.16%[I 2026-06-01 23:29:14,510] A new study created in memory with name: no-name-1222fabf-bbeb-40b3-9b07-1bd7faaf85ed
[I 2026-06-01 23:29:14,919] Trial 0 finished with value: -0.06885859017367252 and parameters: {'confidence_threshold': 0.6310890415965769, 'training_days': 480, 'n_estimators': 380, 'max_depth': 4, 'num_leaves': 22, 'learning_rate': 0.01699897838270077, 'subsample': 0.5290418060840998, 'colsample_bytree': 0.9330880728874675, 'min_child_samples': 68, 'reg_alpha': 0.023585940584142682, 'reg_lambda': 1.5320059381854043e-08}. Best is trial 0 with value: -0.06885859017367252.
[I 2026-06-01 23:29:15,075] Trial 1 finished with value: -1.9460232935649198 and parameters: {'confidence_threshold': 0.839468448256698, 'training_days': 420, 'n_estimators': 145, 'max_depth': 3, 'num_leaves': 23, 'learning_rate': 0.028145092716060652, 'subsample': 0.762378215816119, 'colsample_bytree': 0.7159725093210578, 'min_child_samples': 43, 'reg_alpha': 0.0032112643094417484, 'reg_lambda': 1.8007140198129195e-07}. Best is trial 0 with value: -0.06885859017367252.
[I 2026-06-01 23:29:15,253] Trial 2 finished with value: -0.08645976465014435 and parameters: {'confidence_threshold': 0.6022506269873263, 'training_days': 190, 'n_estimators': 255, 'max_depth': 5, 'num_leaves': 24, 'learning_rate': 0.05748924681991978, 'subsample': 0.7962072844310213, 'colsample_bytree': 0.5232252063599989, 'min_child_samples': 69, 'reg_alpha': 3.425445902633376e-07, 'reg_lambda': 3.850031979199519e-08}. Best is trial 0 with value: -0.06885859017367252.
[I 2026-06-01 23:29:15,548] Trial 3 finished with value: -0.010590175965342796 and parameters: {'confidence_threshold': 0.8321099380386666, 'training_days': 490, 'n_estimators': 414, 'max_depth': 3, 'num_leaves': 19, 'learning_rate': 0.1024932221692416, 'subsample': 0.7200762468698007, 'colsample_bytree': 0.5610191174223894, 'min_child_samples': 60, 'reg_alpha': 2.039373116525212e-08, 'reg_lambda': 1.527156759251193}. Best is trial 3 with value: -0.010590175965342796.
[I 2026-06-01 23:29:15,718] Trial 4 finished with value: -0.034039486185079904 and parameters: {'confidence_threshold': 0.5905729935600059, 'training_days': 340, 'n_estimators': 190, 'max_depth': 4, 'num_leaves': 41, 'learning_rate': 0.01875220945578641, 'subsample': 0.9847923138822793, 'colsample_bytree': 0.8875664116805573, 'min_child_samples': 96, 'reg_alpha': 1.1309571585271483, 'reg_lambda': 0.002404915432737351}. Best is trial 3 with value: -0.010590175965342796.
[I 2026-06-01 23:29:15,765] Trial 5 finished with value: 0.012643716151138906 and parameters: {'confidence_threshold': 0.8226559822580909, 'training_days': 50, 'n_estimators': 138, 'max_depth': 3, 'num_leaves': 30, 'learning_rate': 0.03750796359625606, 'subsample': 0.6356745158869479, 'colsample_bytree': 0.9143687545759647, 'min_child_samples': 48, 'reg_alpha': 3.376063348877853e-06, 'reg_lambda': 0.0007660634613082914}. Best is trial 5 with value: 0.012643716151138906.
[I 2026-06-01 23:29:15,880] Trial 6 finished with value: -0.02406960454992417 and parameters: {'confidence_threshold': 0.5493234787411669, 'training_days': 410, 'n_estimators': 83, 'max_depth': 5, 'num_leaves': 52, 'learning_rate': 0.019657448966046126, 'subsample': 0.5027610585618012, 'colsample_bytree': 0.9077307142274171, 'min_child_samples': 77, 'reg_alpha': 0.03639690979811287, 'reg_lambda': 0.08738424135626986}. Best is trial 5 with value: 0.012643716151138906.
[I 2026-06-01 23:29:15,983] Trial 7 finished with value: -0.06283430109462404 and parameters: {'confidence_threshold': 0.5259156281069316, 'training_days': 180, 'n_estimators': 102, 'max_depth': 5, 'num_leaves': 45, 'learning_rate': 0.030816017044468066, 'subsample': 0.5317791751430119, 'colsample_bytree': 0.6554911608578311, 'min_child_samples': 46, 'reg_alpha': 0.036851536911881845, 'reg_lambda': 0.005470376807480391}. Best is trial 5 with value: 0.012643716151138906.
[I 2026-06-01 23:29:16,107] Trial 8 finished with value: -0.0645362616746187 and parameters: {'confidence_threshold': 0.8105244599017143, 'training_days': 240, 'n_estimators': 103, 'max_depth': 5, 'num_leaves': 52, 'learning_rate': 0.06746437142284309, 'subsample': 0.8854835899772805, 'colsample_bytree': 0.7468977981821954, 'min_child_samples': 62, 'reg_alpha': 7.04480806377519e-05, 'reg_lambda': 1.6934490731313353e-08}. Best is trial 5 with value: 0.012643716151138906.
[I 2026-06-01 23:29:16,132] Trial 9 finished with value: -2.0068691884455023 and parameters: {'confidence_threshold': 0.5377619994476566, 'training_days': 20, 'n_estimators': 337, 'max_depth': 3, 'num_leaves': 39, 'learning_rate': 0.21907142272152816, 'subsample': 0.6246461145744375, 'colsample_bytree': 0.7051914615178149, 'min_child_samples': 81, 'reg_alpha': 1.1459970229341322e-06, 'reg_lambda': 4.929685216887945e-08}. Best is trial 5 with value: 0.012643716151138906.
[I 2026-06-01 23:29:16,164] Trial 10 finished with value: -0.13980490943443755 and parameters: {'confidence_threshold': 0.7318981109748116, 'training_days': 10, 'n_estimators': 487, 'max_depth': 4, 'num_leaves': 31, 'learning_rate': 0.14704103471568217, 'subsample': 0.628963476300746, 'colsample_bytree': 0.987470107623585, 'min_child_samples': 25, 'reg_alpha': 2.608784411827665e-05, 'reg_lambda': 3.3639426888455256e-06}. Best is trial 5 with value: 0.012643716151138906.
[I 2026-06-01 23:29:16,357] Trial 11 finished with value: 0.01724706254799901 and parameters: {'confidence_threshold': 0.7615879655568232, 'training_days': 100, 'n_estimators': 496, 'max_depth': 3, 'num_leaves': 16, 'learning_rate': 0.10448448531784886, 'subsample': 0.6639587836397178, 'colsample_bytree': 0.5039870416163934, 'min_child_samples': 48, 'reg_alpha': 2.6854712383446556e-08, 'reg_lambda': 9.763153609723526}. Best is trial 11 with value: 0.01724706254799901.
[I 2026-06-01 23:29:16,480] Trial 12 finished with value: 0.004366559529166812 and parameters: {'confidence_threshold': 0.7295768943185144, 'training_days': 120, 'n_estimators': 216, 'max_depth': 3, 'num_leaves': 15, 'learning_rate': 0.2959628420607887, 'subsample': 0.6551512766854299, 'colsample_bytree': 0.8304278626461432, 'min_child_samples': 42, 'reg_alpha': 1.0591890956247148e-08, 'reg_lambda': 3.6085660531747657e-05}. Best is trial 11 with value: 0.01724706254799901.
[I 2026-06-01 23:29:16,752] Trial 13 finished with value: -0.0037700654775884995 and parameters: {'confidence_threshold': 0.7725243002910354, 'training_days': 100, 'n_estimators': 500, 'max_depth': 3, 'num_leaves': 31, 'learning_rate': 0.09041131802083763, 'subsample': 0.6938517325178342, 'colsample_bytree': 0.8199433727435943, 'min_child_samples': 26, 'reg_alpha': 2.065644199421762e-06, 'reg_lambda': 8.269104214243404}. Best is trial 11 with value: 0.01724706254799901.
[I 2026-06-01 23:29:16,887] Trial 14 finished with value: -0.031806479052428935 and parameters: {'confidence_threshold': 0.6886092795855716, 'training_days': 80, 'n_estimators': 311, 'max_depth': 3, 'num_leaves': 30, 'learning_rate': 0.03458646774961807, 'subsample': 0.5874657612141081, 'colsample_bytree': 0.6196272842028331, 'min_child_samples': 36, 'reg_alpha': 1.1326844403006852e-07, 'reg_lambda': 0.08086831891997665}. Best is trial 11 with value: 0.01724706254799901.
[I 2026-06-01 23:29:17,147] Trial 15 finished with value: 0.05838314412715775 and parameters: {'confidence_threshold': 0.7726662910631253, 'training_days': 160, 'n_estimators': 427, 'max_depth': 4, 'num_leaves': 61, 'learning_rate': 0.011116006240813693, 'subsample': 0.8057732484457805, 'colsample_bytree': 0.8100744538922787, 'min_child_samples': 55, 'reg_alpha': 5.710902547355221e-06, 'reg_lambda': 0.00010079030010438331}. Best is trial 15 with value: 0.05838314412715775.
[I 2026-06-01 23:29:17,402] Trial 16 finished with value: 0.03952212691174487 and parameters: {'confidence_threshold': 0.761566148701542, 'training_days': 160, 'n_estimators': 426, 'max_depth': 4, 'num_leaves': 63, 'learning_rate': 0.011142837795183162, 'subsample': 0.81783888896463, 'colsample_bytree': 0.7832771838600566, 'min_child_samples': 55, 'reg_alpha': 1.6230643075200477e-05, 'reg_lambda': 7.107646510459564e-06}. Best is trial 15 with value: 0.05838314412715775.
