[I 2026-06-01 23:32:34,480] Trial 9 finished with value: -0.00457261770565334 and parameters: {'confidence_threshold': 0.6202096049169137, 'training_days': 260, 'n_estimators': 350, 'max_depth': 3, 'num_leaves': 21, 'learning_rate': 0.02989540198065364, 'subsample': 0.8307821683331218, 'colsample_bytree': 0.923253112635361, 'min_child_samples': 64, 'reg_alpha': 0.4898604619604203, 'reg_lambda': 2.9076377687066166e-05}. Best is trial 1 with value: 0.028271779425085398.
[I 2026-06-01 23:32:34,973] Trial 10 finished with value: 0.1275203607388655 and parameters: {'confidence_threshold': 0.8445241688507242, 'training_days': 470, 'n_estimators': 493, 'max_depth': 4, 'num_leaves': 63, 'learning_rate': 0.010221918552934462, 'subsample': 0.5019190721168774, 'colsample_bytree': 0.6202684210924141, 'min_child_samples': 47, 'reg_alpha': 2.371385268938747e-08, 'reg_lambda': 1.7987349911222597}. Best is trial 10 with value: 0.1275203607388655.
[I 2026-06-01 23:32:35,417] Trial 11 finished with value: 0.07898841838446442 and parameters: {'confidence_threshold': 0.8371297552840329, 'training_days': 480, 'n_estimators': 493, 'max_depth': 4, 'num_leaves': 63, 'learning_rate': 0.010535067237031154, 'subsample': 0.5082312939353781, 'colsample_bytree': 0.625107197757402, 'min_child_samples': 47, 'reg_alpha': 1.0529589035799712e-08, 'reg_lambda': 2.2589911631542003}. Best is trial 10 with value: 0.1275203607388655.
[I 2026-06-01 23:32:35,881] Trial 12 finished with value: 0.08705368174778624 and parameters: {'confidence_threshold': 0.830632524875604, 'training_days': 500, 'n_estimators': 499, 'max_depth': 4, 'num_leaves': 63, 'learning_rate': 0.010201143194486034, 'subsample': 0.5172176338346133, 'colsample_bytree': 0.5773925919454104, 'min_child_samples': 45, 'reg_alpha': 1.3450797333889757e-08, 'reg_lambda': 3.4309645602811933}. Best is trial 10 with value: 0.1275203607388655.
[I 2026-06-01 23:32:36,340] Trial 13 finished with value: 0.14815681926834273 and parameters: {'confidence_threshold': 0.8320048612945233, 'training_days': 500, 'n_estimators': 475, 'max_depth': 4, 'num_leaves': 63, 'learning_rate': 0.011020432354152414, 'subsample': 0.5019824557515645, 'colsample_bytree': 0.5337994462004911, 'min_child_samples': 44, 'reg_alpha': 1.2418618155563554e-08, 'reg_lambda': 0.029696564609662805}. Best is trial 13 with value: 0.14815681926834273.
[I 2026-06-01 23:32:36,644] Trial 14 finished with value: 0.00538993872625802 and parameters: {'confidence_threshold': 0.6968624890517784, 'training_days': 400, 'n_estimators': 442, 'max_depth': 3, 'num_leaves': 56, 'learning_rate': 0.01645102485501106, 'subsample': 0.6148787147180652, 'colsample_bytree': 0.5022281513859994, 'min_child_samples': 44, 'reg_alpha': 2.886975654176598e-07, 'reg_lambda': 0.012322382205702547}. Best is trial 13 with value: 0.14815681926834273.
[I 2026-06-01 23:32:36,965] Trial 15 finished with value: 0.0007977104082736719 and parameters: {'confidence_threshold': 0.5026055290809989, 'training_days': 400, 'n_estimators': 436, 'max_depth': 4, 'num_leaves': 56, 'learning_rate': 0.037392478764815176, 'subsample': 0.9296279388562269, 'colsample_bytree': 0.654335597631192, 'min_child_samples': 100, 'reg_alpha': 5.011892081220446e-07, 'reg_lambda': 0.05138157439645094}. Best is trial 13 with value: 0.14815681926834273.

  [label] 2024-11-18 16:00 LTCUSDT entry=89.2900 → LONG | long=timeout(+3.34%) short=sl(-11.37%) | scanned=22 | no_tp→fwd_return=+3.4382
  [label] 2024-12-28 08:00 LTCUSDT entry=99.7000 → LONG | long=tp(+15.00%) short=sl(-7.65%) | scanned=19 | long_tp_only
  [label] 2025-01-07 00:00 LTCUSDT entry=112.9100 → SHORT | long=sl(-5.40%) short=tp(+10.50%) | scanned=3 | short_tp_only
  [label] 2025-04-03 08:00 LTCUSDT entry=81.8100 → SHORT | long=sl(-7.45%) short=tp(+14.60%) | scanned=10 | short_tp_only
  Labels: 1063 long (49.0%), 1108 short (51.0%) | weights: min=1.00, mean=3.00, max=10.00
  Features: 2171/2171 matched, 49 columns
  CV gap: 22 rows
  [ensemble 1/3] seed=42
    [trial 0] 49 features, training_days=480 | threshold=0.631 | labels: 1063 long, 1108 short (49/51%)
    [CV fold 0] train_end=2023-08-23 08:00 | val_start=2023-08-31 00:00 | gap=184h (22 rows)
    [CV fold 1] train_end=2023-12-21 16:00 | val_start=2023-12-29 08:00 | gap=184h (22 rows)
    [CV fold 2] train_end=2024-04-20 00:00 | val_start=2024-04-27 16:00 | gap=184h (22 rows)
    [CV fold 3] train_end=2024-08-18 08:00 | val_start=2024-08-26 00:00 | gap=184h (22 rows)
    [CV fold 4] train_end=2024-12-16 16:00 | val_start=2024-12-24 08:00 | gap=184h (22 rows)
    [trial 0] Sharpe=-0.0217 (folds: -0.2713, 0.2551, 0.0664, -0.0696, -0.0889)
    [trial 1] 49 features, training_days=420 | threshold=0.839 | labels: 1063 long, 1108 short (49/51%)
    [trial 1] Sharpe=0.0999 (folds: -0.2379, 0.6426, -0.1125, 0.0558, 0.1513)
    [trial 2] 49 features, training_days=190 | threshold=0.602 | labels: 1063 long, 1108 short (49/51%)
    [trial 2] Sharpe=-0.0278 (folds: -0.1974, 0.0506, -0.0176, -0.0967, 0.1221)
    [trial 3] 49 features, training_days=490 | threshold=0.832 | labels: 1063 long, 1108 short (49/51%)
    [trial 3] Sharpe=-0.0129 (folds: -0.1679, 0.2235, 0.0399, -0.1077, -0.0525)
    [trial 4] 49 features, training_days=340 | threshold=0.591 | labels: 1063 long, 1108 short (49/51%)
    [trial 4] Sharpe=0.0184 (folds: -0.0669, 0.3697, 0.0387, -0.0983, -0.1514)
    [trial 5] 49 features, training_days=50 | threshold=0.823 | labels: 1063 long, 1108 short (49/51%)
    [trial 5] Sharpe=0.0538 (folds: -0.2641, 0.3728, 0.1491, -0.0752, 0.0863)
    [trial 6] 49 features, training_days=410 | threshold=0.549 | labels: 1063 long, 1108 short (49/51%)
    [trial 6] Sharpe=-0.0058 (folds: -0.1121, 0.2244, 0.0631, -0.0761, -0.1285)
    [trial 7] 49 features, training_days=180 | threshold=0.526 | labels: 1063 long, 1108 short (49/51%)
    [trial 7] Sharpe=-0.0609 (folds: -0.2950, 0.0492, -0.0457, -0.1020, 0.0890)
    [trial 8] 49 features, training_days=240 | threshold=0.811 | labels: 1063 long, 1108 short (49/51%)
    [trial 8] Sharpe=0.0066 (folds: -0.1922, 0.4043, -0.0377, -0.3018, 0.1606)
    [trial 9] 49 features, training_days=20 | threshold=0.538 | labels: 1063 long, 1108 short (49/51%)
    [trial 9] Sharpe=0.0231 (folds: -0.1241, -0.0194, 0.0743, 0.1578, 0.0267)
    [trial 10] 49 features, training_days=350 | threshold=0.729 | labels: 1063 long, 1108 short (49/51%)
    [trial 10] Sharpe=0.0308 (folds: -0.2726, 0.3310, 0.0386, -0.0411, 0.0979)
    [trial 11] 49 features, training_days=40 | threshold=0.762 | labels: 1063 long, 1108 short (49/51%)
    [trial 11] Sharpe=0.0153 (folds: -0.2721, 0.2460, 0.3384, -0.2513, 0.0154)
    [trial 12] 49 features, training_days=140 | threshold=0.848 | labels: 1063 long, 1108 short (49/51%)
    [trial 12] Sharpe=0.0197 (folds: -0.1894, 0.1578, 0.0692, -0.0979, 0.1585)
    [trial 13] 49 features, training_days=320 | threshold=0.751 | labels: 1063 long, 1108 short (49/51%)
    [trial 13] Sharpe=0.0243 (folds: -0.3204, 0.1818, 0.1442, -0.0519, 0.1677)
    [trial 14] 49 features, training_days=80 | threshold=0.690 | labels: 1063 long, 1108 short (49/51%)
    [trial 14] Sharpe=-0.0213 (folds: -0.3606, 0.0976, 0.1240, -0.0959, 0.1285)
    [trial 15] 49 features, training_days=270 | threshold=0.790 | labels: 1063 long, 1108 short (49/51%)
    [trial 15] Sharpe=-10.0000 (folds: -10.0000, -10.0000, -10.0000, -10.0000, -10.0000)
    [trial 16] 49 features, training_days=410 | threshold=0.697 | labels: 1063 long, 1108 short (49/51%)
    [trial 16] Sharpe=-0.0230 (folds: -0.2802, 0.3895, 0.1148, -0.0949, -0.2443)
    [trial 17] 49 features, training_days=110 | threshold=0.789 | labels: 1063 long, 1108 short (49/51%)
    [trial 17] Sharpe=-0.0367 (folds: -0.2423, 0.1304, 0.1033, -0.1768, 0.0019)
  Optuna: 18 trials, best Sharpe = 0.0999
  Best params: n_estimators=145, max_depth=3, lr=0.0281, leaves=23
  Best confidence_threshold: 0.839
  Best training_days: 420
  Retrained on full data (1260 samples, 49 features)
  [ensemble 2/3] seed=123
    [trial 0] 49 features, training_days=150 | threshold=0.744 | labels: 1063 long, 1108 short (49/51%)
    [CV fold 0] train_end=2023-08-23 08:00 | val_start=2023-08-31 00:00 | gap=184h (22 rows)
    [CV fold 1] train_end=2023-12-21 16:00 | val_start=2023-12-29 08:00 | gap=184h (22 rows)
    [CV fold 2] train_end=2024-04-20 00:00 | val_start=2024-04-27 16:00 | gap=184h (22 rows)
    [CV fold 3] train_end=2024-08-18 08:00 | val_start=2024-08-26 00:00 | gap=184h (22 rows)
    [CV fold 4] train_end=2024-12-16 16:00 | val_start=2024-12-24 08:00 | gap=184h (22 rows)
    [trial 0] Sharpe=-0.0391 (folds: -0.2807, 0.0987, 0.0588, -0.2035, 0.1312)
    [trial 1] 49 features, training_days=220 | threshold=0.755 | labels: 1063 long, 1108 short (49/51%)
    [trial 1] Sharpe=0.0283 (folds: -0.4763, 0.6754, 0.0234, -0.0137, -0.0674)
    [trial 2] 49 features, training_days=310 | threshold=0.754 | labels: 1063 long, 1108 short (49/51%)
    [trial 2] Sharpe=-0.0006 (folds: -0.2621, 0.3132, 0.0350, -0.0835, -0.0057)
    [trial 3] 49 features, training_days=220 | threshold=0.673 | labels: 1063 long, 1108 short (49/51%)
    [trial 3] Sharpe=-0.0200 (folds: -0.2040, 0.0515, -0.0118, -0.0287, 0.0931)
    [trial 4] 49 features, training_days=130 | threshold=0.803 | labels: 1063 long, 1108 short (49/51%)
    [trial 4] Sharpe=-0.0526 (folds: -0.2146, 0.0231, 0.1137, -0.2473, 0.0623)
    [trial 5] 49 features, training_days=210 | threshold=0.606 | labels: 1063 long, 1108 short (49/51%)
    [trial 5] Sharpe=-0.0284 (folds: -0.1521, 0.0568, -0.0385, -0.0948, 0.0866)
    [trial 6] 49 features, training_days=130 | threshold=0.767 | labels: 1063 long, 1108 short (49/51%)
    [trial 6] Sharpe=-0.0334 (folds: -0.2898, 0.1614, 0.1112, -0.1721, 0.0225)
    [trial 7] 49 features, training_days=80 | threshold=0.556 | labels: 1063 long, 1108 short (49/51%)
    [trial 7] Sharpe=-0.0886 (folds: -0.4506, 0.0663, -0.0325, -0.1808, 0.1545)
    [trial 8] 49 features, training_days=200 | threshold=0.607 | labels: 1063 long, 1108 short (49/51%)
    [trial 8] Sharpe=-0.0142 (folds: -0.2197, 0.1209, 0.0025, -0.0634, 0.0885)
    [trial 9] 49 features, training_days=260 | threshold=0.620 | labels: 1063 long, 1108 short (49/51%)
    [trial 9] Sharpe=-0.0046 (folds: -0.2358, 0.2634, 0.0135, -0.1269, 0.0629)
    [trial 10] 49 features, training_days=470 | threshold=0.845 | labels: 1063 long, 1108 short (49/51%)
    [trial 10] Sharpe=0.1275 (folds: -0.2450, 0.6124, -0.0381, 0.1359, 0.1723)
    [trial 11] 49 features, training_days=480 | threshold=0.837 | labels: 1063 long, 1108 short (49/51%)
    [trial 11] Sharpe=0.0790 (folds: -0.2318, 0.5579, -0.0177, -0.0171, 0.1036)
    [trial 12] 49 features, training_days=500 | threshold=0.831 | labels: 1063 long, 1108 short (49/51%)
    [trial 12] Sharpe=0.0871 (folds: -0.2113, 0.4981, -0.0209, 0.0618, 0.1076)
    [trial 13] 49 features, training_days=500 | threshold=0.832 | labels: 1063 long, 1108 short (49/51%)
    [trial 13] Sharpe=0.1482 (folds: -0.2268, 0.6013, -0.0092, 0.0391, 0.3364)
    [trial 14] 49 features, training_days=400 | threshold=0.697 | labels: 1063 long, 1108 short (49/51%)
    [trial 14] Sharpe=0.0054 (folds: -0.2668, 0.3264, 0.0730, -0.1170, 0.0114)
    [trial 15] 49 features, training_days=400 | threshold=0.503 | labels: 1063 long, 1108 short (49/51%)
    [trial 15] Sharpe=0.0008 (folds: -0.0929, 0.1628, 0.0665, -0.0439, -0.0886)
    [trial 16] 49 features, training_days=430 | threshold=0.798 | labels: 1063 long, 1108 short (49/51%)[I 2026-06-01 23:32:37,265] Trial 16 finished with value: 0.06203782953905862 and parameters: {'confidence_threshold': 0.7977991059633813, 'training_days': 430, 'n_estimators': 279, 'max_depth': 5, 'num_leaves': 45, 'learning_rate': 0.0142468201984381, 'subsample': 0.6705072097045393, 'colsample_bytree': 0.5031154191570618, 'min_child_samples': 52, 'reg_alpha': 4.346939460499519e-07, 'reg_lambda': 0.017741265132700145}. Best is trial 13 with value: 0.14815681926834273.
[I 2026-06-01 23:32:37,648] Trial 17 finished with value: 0.02987828058927079 and parameters: {'confidence_threshold': 0.7110519736587814, 'training_days': 330, 'n_estimators': 432, 'max_depth': 4, 'num_leaves': 59, 'learning_rate': 0.02985024780159564, 'subsample': 0.5573561929325529, 'colsample_bytree': 0.6661682243353865, 'min_child_samples': 38, 'reg_alpha': 7.674043559465562e-08, 'reg_lambda': 0.17882282702888586}. Best is trial 13 with value: 0.14815681926834273.
[I 2026-06-01 23:32:38,186] A new study created in memory with name: no-name-3677d8b8-cf0a-496c-a1e0-e53c753dfb37
[I 2026-06-01 23:32:38,381] Trial 0 finished with value: -0.051927601188402964 and parameters: {'confidence_threshold': 0.5870645682749857, 'training_days': 90, 'n_estimators': 403, 'max_depth': 5, 'num_leaves': 45, 'learning_rate': 0.0780457193679974, 'subsample': 0.9428509515574568, 'colsample_bytree': 0.8795587339164916, 'min_child_samples': 34, 'reg_alpha': 2.2465901234314442e-07, 'reg_lambda': 8.339007036475363e-05}. Best is trial 0 with value: -0.051927601188402964.
[I 2026-06-01 23:32:38,501] Trial 1 finished with value: 0.004422759776598343 and parameters: {'confidence_threshold': 0.6348453934275313, 'training_days': 290, 'n_estimators': 115, 'max_depth': 5, 'num_leaves': 37, 'learning_rate': 0.06949568759029946, 'subsample': 0.8228505074024268, 'colsample_bytree': 0.8616703220431751, 'min_child_samples': 75, 'reg_alpha': 4.2486822725010923e-07, 'reg_lambda': 1.157247767047042e-07}. Best is trial 1 with value: 0.004422759776598343.
[I 2026-06-01 23:32:38,525] Trial 2 finished with value: -0.019750659980353226 and parameters: {'confidence_threshold': 0.5849570384370288, 'training_days': 10, 'n_estimators': 212, 'max_depth': 3, 'num_leaves': 41, 'learning_rate': 0.18452095998378365, 'subsample': 0.6001060822924371, 'colsample_bytree': 0.5673167293506167, 'min_child_samples': 37, 'reg_alpha': 5.733250064217131, 'reg_lambda': 0.5308454292595461}. Best is trial 1 with value: 0.004422759776598343.
[I 2026-06-01 23:32:38,614] Trial 3 finished with value: 0.032392361052384355 and parameters: {'confidence_threshold': 0.6868248626683718, 'training_days': 220, 'n_estimators': 134, 'max_depth': 3, 'num_leaves': 45, 'learning_rate': 0.033529007907491595, 'subsample': 0.8647277071858408, 'colsample_bytree': 0.778494116634046, 'min_child_samples': 96, 'reg_alpha': 2.409409937265785e-07, 'reg_lambda': 1.1642073478060009}. Best is trial 3 with value: 0.032392361052384355.
[I 2026-06-01 23:32:38,711] Trial 4 finished with value: 0.0010666941817863407 and parameters: {'confidence_threshold': 0.5623121348350352, 'training_days': 300, 'n_estimators': 69, 'max_depth': 4, 'num_leaves': 32, 'learning_rate': 0.14967629360700346, 'subsample': 0.5054535233636654, 'colsample_bytree': 0.7401385194659216, 'min_child_samples': 27, 'reg_alpha': 1.4212042567426725e-07, 'reg_lambda': 0.23605753701352003}. Best is trial 3 with value: 0.032392361052384355.
[I 2026-06-01 23:32:39,165] Trial 5 finished with value: -0.006463933109717876 and parameters: {'confidence_threshold': 0.7111850244908446, 'training_days': 490, 'n_estimators': 362, 'max_depth': 5, 'num_leaves': 40, 'learning_rate': 0.05960785724162737, 'subsample': 0.5589714368907717, 'colsample_bytree': 0.6659006943232806, 'min_child_samples': 42, 'reg_alpha': 0.6741360303045295, 'reg_lambda': 6.054601607143087e-08}. Best is trial 3 with value: 0.032392361052384355.
[I 2026-06-01 23:32:39,346] Trial 6 finished with value: 0.002041004185080841 and parameters: {'confidence_threshold': 0.667482545748023, 'training_days': 420, 'n_estimators': 279, 'max_depth': 3, 'num_leaves': 45, 'learning_rate': 0.040099592560849204, 'subsample': 0.8563114696415159, 'colsample_bytree': 0.5442917781944105, 'min_child_samples': 50, 'reg_alpha': 1.6407916423707903e-08, 'reg_lambda': 2.935907642973286e-05}. Best is trial 3 with value: 0.032392361052384355.
[I 2026-06-01 23:32:39,489] Trial 7 finished with value: -0.05498635025762692 and parameters: {'confidence_threshold': 0.5497381024139926, 'training_days': 120, 'n_estimators': 408, 'max_depth': 5, 'num_leaves': 38, 'learning_rate': 0.28049122657745795, 'subsample': 0.8806573338635493, 'colsample_bytree': 0.5454054113547102, 'min_child_samples': 63, 'reg_alpha': 0.01263008637940408, 'reg_lambda': 0.04588020805366937}. Best is trial 3 with value: 0.032392361052384355.
[I 2026-06-01 23:32:39,766] Trial 8 finished with value: 0.03395131925698511 and parameters: {'confidence_threshold': 0.719644804808716, 'training_days': 450, 'n_estimators': 410, 'max_depth': 4, 'num_leaves': 57, 'learning_rate': 0.04022026551478857, 'subsample': 0.5336085426932707, 'colsample_bytree': 0.5705742850577543, 'min_child_samples': 100, 'reg_alpha': 5.916398047912201e-07, 'reg_lambda': 0.9794034214488329}. Best is trial 8 with value: 0.03395131925698511.
[I 2026-06-01 23:32:39,791] Trial 9 finished with value: -3.987920597495184 and parameters: {'confidence_threshold': 0.7267463643917187, 'training_days': 20, 'n_estimators': 337, 'max_depth': 5, 'num_leaves': 23, 'learning_rate': 0.022153031811454605, 'subsample': 0.6305627572358737, 'colsample_bytree': 0.6613413774216214, 'min_child_samples': 81, 'reg_alpha': 5.7638634029410314e-08, 'reg_lambda': 8.26603016764008}. Best is trial 8 with value: 0.03395131925698511.
[I 2026-06-01 23:32:40,178] Trial 10 finished with value: 0.041268580013586534 and parameters: {'confidence_threshold': 0.8283920119574972, 'training_days': 400, 'n_estimators': 485, 'max_depth': 4, 'num_leaves': 63, 'learning_rate': 0.011927505552849117, 'subsample': 0.7130289643560688, 'colsample_bytree': 0.9944479338273263, 'min_child_samples': 100, 'reg_alpha': 5.0239970328459277e-05, 'reg_lambda': 0.0028438774509831773}. Best is trial 10 with value: 0.041268580013586534.
[I 2026-06-01 23:32:40,543] Trial 11 finished with value: 0.03066280738956882 and parameters: {'confidence_threshold': 0.8431920368994753, 'training_days': 400, 'n_estimators': 478, 'max_depth': 4, 'num_leaves': 61, 'learning_rate': 0.010033528037260202, 'subsample': 0.6988002958677881, 'colsample_bytree': 0.9628722124262472, 'min_child_samples': 100, 'reg_alpha': 5.263694533895985e-05, 'reg_lambda': 0.0038935771291352755}. Best is trial 10 with value: 0.041268580013586534.
[I 2026-06-01 23:32:40,969] Trial 12 finished with value: 0.15867991902377315 and parameters: {'confidence_threshold': 0.8097987051847976, 'training_days': 500, 'n_estimators': 490, 'max_depth': 4, 'num_leaves': 63, 'learning_rate': 0.010255894610795194, 'subsample': 0.7221629666626523, 'colsample_bytree': 0.9826583982594713, 'min_child_samples': 85, 'reg_alpha': 3.0366481742941654e-05, 'reg_lambda': 0.004296708263438564}. Best is trial 12 with value: 0.15867991902377315.
[I 2026-06-01 23:32:41,368] Trial 13 finished with value: 0.09642916766048829 and parameters: {'confidence_threshold': 0.8484351053652746, 'training_days': 350, 'n_estimators': 497, 'max_depth': 4, 'num_leaves': 54, 'learning_rate': 0.010372751528714915, 'subsample': 0.7384868771224989, 'colsample_bytree': 0.977673677256957, 'min_child_samples': 84, 'reg_alpha': 3.8284786278705456e-05, 'reg_lambda': 0.0027586845402793147}. Best is trial 12 with value: 0.15867991902377315.
[I 2026-06-01 23:32:41,757] Trial 14 finished with value: 0.018721144413397915 and parameters: {'confidence_threshold': 0.7755919381427883, 'training_days': 340, 'n_estimators': 500, 'max_depth': 4, 'num_leaves': 53, 'learning_rate': 0.01791843787614803, 'subsample': 0.7752184888262061, 'colsample_bytree': 0.9010709999783574, 'min_child_samples': 82, 'reg_alpha': 0.0009497212391115747, 'reg_lambda': 3.2164123066927923e-06}. Best is trial 12 with value: 0.15867991902377315.
[I 2026-06-01 23:32:42,065] Trial 15 finished with value: -0.008504866804658118 and parameters: {'confidence_threshold': 0.7868799664828685, 'training_days': 220, 'n_estimators': 442, 'max_depth': 4, 'num_leaves': 53, 'learning_rate': 0.017185040299148795, 'subsample': 0.6664918457394214, 'colsample_bytree': 0.958571474174821, 'min_child_samples': 70, 'reg_alpha': 5.453045381751335e-06, 'reg_lambda': 0.0026406526000485684}. Best is trial 12 with value: 0.15867991902377315.
[I 2026-06-01 23:32:42,321] Trial 16 finished with value: 0.11555993398550446 and parameters: {'confidence_threshold': 0.7840881130299969, 'training_days': 490, 'n_estimators': 298, 'max_depth': 4, 'num_leaves': 52, 'learning_rate': 0.013912862213567563, 'subsample': 0.7703045206032462, 'colsample_bytree': 0.8274233307493665, 'min_child_samples': 87, 'reg_alpha': 0.00249345494164316, 'reg_lambda': 0.024215718750695368}. Best is trial 12 with value: 0.15867991902377315.
