[I 2026-06-01 23:24:14,737] Trial 17 finished with value: -0.03535513474491368 and parameters: {'confidence_threshold': 0.781067420392579, 'training_days': 330, 'n_estimators': 443, 'max_depth': 3, 'num_leaves': 22, 'learning_rate': 0.1235032584129197, 'subsample': 0.7721303652966689, 'colsample_bytree': 0.8410805723564942, 'min_child_samples': 87, 'reg_alpha': 1.6219291681437763e-05, 'reg_lambda': 5.070634049906367e-06}. Best is trial 15 with value: 0.07944822129340315.
[I 2026-06-01 23:24:15,090] A new study created in memory with name: no-name-10779f82-7c8e-4fbd-b0e3-d0e6f41d27db

    [trial 3] 49 features, training_days=220 | threshold=0.687 | labels: 1186 long, 960 short (55/45%)
    [trial 3] Sharpe=-0.0477 (folds: -0.0632, -0.0963, -0.0852, -0.1094, 0.1156)
    [trial 4] 49 features, training_days=300 | threshold=0.562 | labels: 1186 long, 960 short (55/45%)
    [trial 4] Sharpe=-0.0142 (folds: 0.0021, -0.0284, -0.0989, -0.0653, 0.1192)
    [trial 5] 49 features, training_days=490 | threshold=0.711 | labels: 1186 long, 960 short (55/45%)
    [trial 5] Sharpe=-0.0132 (folds: -0.0192, 0.0580, -0.1874, 0.0582, 0.0245)
    [trial 6] 49 features, training_days=420 | threshold=0.667 | labels: 1186 long, 960 short (55/45%)
    [trial 6] Sharpe=-0.0150 (folds: 0.0145, 0.0202, -0.1440, -0.0366, 0.0708)
    [trial 7] 49 features, training_days=120 | threshold=0.550 | labels: 1186 long, 960 short (55/45%)
    [trial 7] Sharpe=0.0177 (folds: 0.0289, -0.0955, 0.0373, 0.1022, 0.0153)
    [trial 8] 49 features, training_days=450 | threshold=0.720 | labels: 1186 long, 960 short (55/45%)
    [trial 8] Sharpe=-0.0519 (folds: -0.0227, -0.1209, -0.2476, 0.0433, 0.0882)
    [trial 9] 49 features, training_days=20 | threshold=0.727 | labels: 1186 long, 960 short (55/45%)
    [trial 9] Sharpe=-3.9506 (folds: -0.0872, -10.0000, 0.2455, -10.0000, 0.0889)
    [trial 10] 49 features, training_days=180 | threshold=0.840 | labels: 1186 long, 960 short (55/45%)
    [trial 10] Sharpe=0.0363 (folds: 0.0152, -0.0382, 0.0224, 0.1042, 0.0779)
    [trial 11] 49 features, training_days=160 | threshold=0.849 | labels: 1186 long, 960 short (55/45%)
    [trial 11] Sharpe=0.0267 (folds: -0.0229, 0.0177, -0.0248, 0.1020, 0.0615)
    [trial 12] 49 features, training_days=190 | threshold=0.844 | labels: 1186 long, 960 short (55/45%)
    [trial 12] Sharpe=-0.0294 (folds: -0.0653, -0.1731, -0.1941, 0.0763, 0.2093)
    [trial 13] 49 features, training_days=160 | threshold=0.849 | labels: 1186 long, 960 short (55/45%)
    [trial 13] Sharpe=0.0726 (folds: -0.0113, 0.0680, 0.0651, 0.1467, 0.0945)
    [trial 14] 49 features, training_days=250 | threshold=0.794 | labels: 1186 long, 960 short (55/45%)
    [trial 14] Sharpe=-0.0029 (folds: -0.0345, -0.0227, -0.0306, -0.0080, 0.0813)
    [trial 15] 49 features, training_days=100 | threshold=0.783 | labels: 1186 long, 960 short (55/45%)
    [trial 15] Sharpe=0.0794 (folds: 0.0122, 0.0412, 0.2008, 0.1525, -0.0096)
    [trial 16] 49 features, training_days=80 | threshold=0.781 | labels: 1186 long, 960 short (55/45%)
    [trial 16] Sharpe=-0.0604 (folds: -0.0030, 0.0422, 0.0479, -0.0699, -0.3192)
    [trial 17] 49 features, training_days=330 | threshold=0.781 | labels: 1186 long, 960 short (55/45%)
    [trial 17] Sharpe=-0.0354 (folds: 0.0019, -0.0188, -0.1520, -0.0384, 0.0305)
  Optuna: 18 trials, best Sharpe = 0.0794
  Best params: n_estimators=442, max_depth=4, lr=0.1087, leaves=23
  Best confidence_threshold: 0.783
  Best training_days: 100
  Retrained on full data (300 samples, 49 features)
  OOD: 16 features, cutoff (q=0.7) = 14.10
  Model trained for 2022-01: 93 test candles with features, confidence_threshold=0.715
[predict] 2022-01-03 16:00 LTCUSDT → LONG (proba=0.73 TP=9.1%/SL=4.6%)
[trade:open] 2022-01-03 23:59 LTCUSDT LONG @ 148.43 | SL=141.67 TP=161.95 | timeout=2022-01-10 23:59
[trade:close] 2022-01-05 23:59 LTCUSDT LONG → stop_loss @ 141.67 | PnL=-4.56% (net -4.66%) | cum=-4.66% 2022-01=-4.66% 2022-01-05=-4.66%
[predict] 2022-01-07 16:00 LTCUSDT → LONG (proba=0.92 TP=15.0%/SL=7.5%)
[trade:open] 2022-01-07 23:59 LTCUSDT LONG @ 131.36 | SL=121.50 TP=151.08 | timeout=2022-01-14 23:59
[trade:close] 2022-01-10 15:59 LTCUSDT LONG → stop_loss @ 121.50 | PnL=-7.51% (net -7.61%) | cum=-12.26% 2022-01=-12.26% 2022-01-10=-7.61%
[predict] 2022-01-11 08:00 LTCUSDT → LONG (proba=0.92 TP=13.6%/SL=6.8%)
[trade:open] 2022-01-11 15:59 LTCUSDT LONG @ 129.19 | SL=120.40 TP=146.76 | timeout=2022-01-18 15:59
[trade:close] 2022-01-15 07:59 LTCUSDT LONG → take_profit @ 146.76 | PnL=+13.60% (net +13.50%) | cum=+1.24% 2022-01=+1.24% 2022-01-15=+13.50%
[predict] 2022-01-24 16:00 LTCUSDT → LONG (proba=0.94 TP=26.7%/SL=13.3%)
[trade:open] 2022-01-24 23:59 LTCUSDT LONG @ 109.48 | SL=94.89 TP=138.66 | timeout=2022-01-31 23:59
[trade:close] 2022-02-01 00:00 LTCUSDT LONG → timeout @ 109.43 | PnL=-0.05% (net -0.15%) | cum=+1.09% 2022-02=-0.15% 2022-02-01=-0.15%
[lgbm] === Training for 2022-02 ===
  Train window: 2020-02-01 → 2022-01-24
  2171 training samples from 1 symbols
  Samples per month: 2020-02: 87, 2020-03: 93, 2020-04: 90, 2020-05: 93, 2020-06: 90, 2020-07: 93, 2020-08: 93, 2020-09: 90, 2020-10: 93, 2020-11: 90, 2020-12: 93, 2021-01: 93, 2021-02: 84, 2021-03: 93, 2021-04: 90, 2021-05: 93, 2021-06: 90, 2021-07: 93, 2021-08: 93, 2021-09: 90, 2021-10: 93, 2021-11: 90, 2021-12: 93, 2022-01: 71
  [label] 2020-04-02 16:00 LTCUSDT entry=39.9200 → LONG | long=tp(+14.63%) short=sl(-7.46%) | scanned=13 | long_tp_only
  [label] 2020-04-05 00:00 LTCUSDT entry=40.6100 → LONG | long=tp(+11.56%) short=sl(-5.93%) | scanned=6 | long_tp_only
  [label] 2020-04-08 16:00 LTCUSDT entry=46.5900 → SHORT | long=sl(-6.44%) short=tp(+12.59%) | scanned=13 | short_tp_only
  [label] 2020-05-03 08:00 LTCUSDT entry=47.6600 → SHORT | long=sl(-6.46%) short=tp(+12.62%) | scanned=20 | short_tp_only
  [label] 2020-06-25 00:00 LTCUSDT entry=42.4700 → SHORT | long=sl(-3.80%) short=tp(+7.30%) | scanned=8 | short_tp_only
  [label] 2020-12-08 00:00 LTCUSDT entry=82.4000 → SHORT | long=sl(-8.78%) short=timeout(+0.70%) | scanned=22 | no_tp→fwd_return=-0.8010
  [label] 2020-12-12 00:00 LTCUSDT entry=75.5000 → LONG | long=tp(+16.90%) short=sl(-8.60%) | scanned=13 | long_tp_only
  [label] 2020-12-22 16:00 LTCUSDT entry=114.3700 → LONG | long=sl(-13.36%) short=sl(-13.36%) | scanned=10 | no_tp→fwd_return=+12.2759
  [label] 2021-02-05 16:00 LTCUSDT entry=155.2800 → LONG | long=tp(+17.63%) short=sl(-8.97%) | scanned=12 | long_tp_only
  [label] 2021-02-14 08:00 LTCUSDT entry=212.8400 → LONG | long=sl(-12.34%) short=sl(-12.34%) | scanned=11 | no_tp→fwd_return=+8.3020
  [label] 2021-05-15 16:00 LTCUSDT entry=300.4200 → SHORT | long=sl(-14.45%) short=tp(+28.59%) | scanned=11 | short_tp_only
  [label] 2021-06-16 16:00 LTCUSDT entry=166.5000 → SHORT | long=sl(-8.07%) short=tp(+15.83%) | scanned=13 | short_tp_only
  [label] 2021-07-03 00:00 LTCUSDT entry=139.0800 → SHORT | long=sl(-8.01%) short=timeout(+4.13%) | scanned=22 | no_tp→fwd_return=-4.2350
  [label] 2021-07-15 16:00 LTCUSDT entry=125.8100 → SHORT | long=sl(-7.35%) short=tp(+14.41%) | scanned=13 | short_tp_only
  [label] 2021-08-03 00:00 LTCUSDT entry=138.7900 → LONG | long=tp(+14.04%) short=sl(-7.17%) | scanned=19 | long_tp_only
  [label] 2021-08-09 08:00 LTCUSDT entry=164.3100 → LONG | long=tp(+14.10%) short=sl(-7.20%) | scanned=20 | long_tp_only
  [label] 2021-08-21 16:00 LTCUSDT entry=179.7900 → SHORT | long=sl(-7.23%) short=timeout(+2.12%) | scanned=22 | no_tp→fwd_return=-2.2248
  [label] 2021-09-30 08:00 LTCUSDT entry=152.5200 → LONG | long=tp(+15.27%) short=sl(-7.78%) | scanned=17 | long_tp_only
  [label] 2021-10-10 00:00 LTCUSDT entry=182.9900 → LONG | long=sl(-6.51%) short=timeout(-1.53%) | scanned=22 | no_tp→fwd_return=+1.4318
  [label] 2022-01-04 08:00 LTCUSDT entry=150.3700 → SHORT | long=sl(-4.39%) short=tp(+8.49%) | scanned=4 | short_tp_only
  Labels: 1162 long (53.5%), 1009 short (46.5%) | weights: min=1.00, mean=3.58, max=10.00
  Features: 2171/2171 matched, 49 columns
  CV gap: 22 rows
  [ensemble 1/3] seed=42
    [trial 0] 49 features, training_days=480 | threshold=0.631 | labels: 1162 long, 1009 short (54/46%)
    [CV fold 0] train_end=2020-05-25 08:00 | val_start=2020-06-02 00:00 | gap=184h (22 rows)
    [CV fold 1] train_end=2020-09-22 16:00 | val_start=2020-09-30 08:00 | gap=184h (22 rows)
    [CV fold 2] train_end=2021-01-21 00:00 | val_start=2021-01-28 16:00 | gap=184h (22 rows)
    [CV fold 3] train_end=2021-05-21 08:00 | val_start=2021-05-29 00:00 | gap=184h (22 rows)
    [CV fold 4] train_end=2021-09-18 16:00 | val_start=2021-09-26 08:00 | gap=184h (22 rows)
    [trial 0] Sharpe=-0.0175 (folds: 0.0772, -0.0056, -0.3347, 0.1863, -0.0109)[I 2026-06-01 23:24:15,466] Trial 0 finished with value: -0.017526379420173217 and parameters: {'confidence_threshold': 0.6310890415965769, 'training_days': 480, 'n_estimators': 380, 'max_depth': 4, 'num_leaves': 22, 'learning_rate': 0.01699897838270077, 'subsample': 0.5290418060840998, 'colsample_bytree': 0.9330880728874675, 'min_child_samples': 68, 'reg_alpha': 0.023585940584142682, 'reg_lambda': 1.5320059381854043e-08}. Best is trial 0 with value: -0.017526379420173217.
[I 2026-06-01 23:24:15,628] Trial 1 finished with value: -0.22438473041744333 and parameters: {'confidence_threshold': 0.839468448256698, 'training_days': 420, 'n_estimators': 145, 'max_depth': 3, 'num_leaves': 23, 'learning_rate': 0.028145092716060652, 'subsample': 0.762378215816119, 'colsample_bytree': 0.7159725093210578, 'min_child_samples': 43, 'reg_alpha': 0.0032112643094417484, 'reg_lambda': 1.8007140198129195e-07}. Best is trial 0 with value: -0.017526379420173217.
[I 2026-06-01 23:24:15,780] Trial 2 finished with value: 0.021308484269297847 and parameters: {'confidence_threshold': 0.6022506269873263, 'training_days': 190, 'n_estimators': 255, 'max_depth': 5, 'num_leaves': 24, 'learning_rate': 0.05748924681991978, 'subsample': 0.7962072844310213, 'colsample_bytree': 0.5232252063599989, 'min_child_samples': 69, 'reg_alpha': 3.425445902633376e-07, 'reg_lambda': 3.850031979199519e-08}. Best is trial 2 with value: 0.021308484269297847.
[I 2026-06-01 23:24:16,060] Trial 3 finished with value: 0.016984469842135676 and parameters: {'confidence_threshold': 0.8321099380386666, 'training_days': 490, 'n_estimators': 414, 'max_depth': 3, 'num_leaves': 19, 'learning_rate': 0.1024932221692416, 'subsample': 0.7200762468698007, 'colsample_bytree': 0.5610191174223894, 'min_child_samples': 60, 'reg_alpha': 2.039373116525212e-08, 'reg_lambda': 1.527156759251193}. Best is trial 2 with value: 0.021308484269297847.
[I 2026-06-01 23:24:16,214] Trial 4 finished with value: -0.022920331219115315 and parameters: {'confidence_threshold': 0.5905729935600059, 'training_days': 340, 'n_estimators': 190, 'max_depth': 4, 'num_leaves': 41, 'learning_rate': 0.01875220945578641, 'subsample': 0.9847923138822793, 'colsample_bytree': 0.8875664116805573, 'min_child_samples': 96, 'reg_alpha': 1.1309571585271483, 'reg_lambda': 0.002404915432737351}. Best is trial 2 with value: 0.021308484269297847.
[I 2026-06-01 23:24:16,260] Trial 5 finished with value: 0.0967511252340265 and parameters: {'confidence_threshold': 0.8226559822580909, 'training_days': 50, 'n_estimators': 138, 'max_depth': 3, 'num_leaves': 30, 'learning_rate': 0.03750796359625606, 'subsample': 0.6356745158869479, 'colsample_bytree': 0.9143687545759647, 'min_child_samples': 48, 'reg_alpha': 3.376063348877853e-06, 'reg_lambda': 0.0007660634613082914}. Best is trial 5 with value: 0.0967511252340265.
[I 2026-06-01 23:24:16,359] Trial 6 finished with value: -0.01848578292935598 and parameters: {'confidence_threshold': 0.5493234787411669, 'training_days': 410, 'n_estimators': 83, 'max_depth': 5, 'num_leaves': 52, 'learning_rate': 0.019657448966046126, 'subsample': 0.5027610585618012, 'colsample_bytree': 0.9077307142274171, 'min_child_samples': 77, 'reg_alpha': 0.03639690979811287, 'reg_lambda': 0.08738424135626986}. Best is trial 5 with value: 0.0967511252340265.
[I 2026-06-01 23:24:16,444] Trial 7 finished with value: 0.007468384894745023 and parameters: {'confidence_threshold': 0.5259156281069316, 'training_days': 180, 'n_estimators': 102, 'max_depth': 5, 'num_leaves': 45, 'learning_rate': 0.030816017044468066, 'subsample': 0.5317791751430119, 'colsample_bytree': 0.6554911608578311, 'min_child_samples': 46, 'reg_alpha': 0.036851536911881845, 'reg_lambda': 0.005470376807480391}. Best is trial 5 with value: 0.0967511252340265.
[I 2026-06-01 23:24:16,549] Trial 8 finished with value: -0.0720126738015685 and parameters: {'confidence_threshold': 0.8105244599017143, 'training_days': 240, 'n_estimators': 103, 'max_depth': 5, 'num_leaves': 52, 'learning_rate': 0.06746437142284309, 'subsample': 0.8854835899772805, 'colsample_bytree': 0.7468977981821954, 'min_child_samples': 62, 'reg_alpha': 7.04480806377519e-05, 'reg_lambda': 1.6934490731313353e-08}. Best is trial 5 with value: 0.0967511252340265.
[I 2026-06-01 23:24:16,577] Trial 9 finished with value: -0.13268986544233527 and parameters: {'confidence_threshold': 0.5377619994476566, 'training_days': 20, 'n_estimators': 337, 'max_depth': 3, 'num_leaves': 39, 'learning_rate': 0.21907142272152816, 'subsample': 0.6246461145744375, 'colsample_bytree': 0.7051914615178149, 'min_child_samples': 81, 'reg_alpha': 1.1459970229341322e-06, 'reg_lambda': 4.929685216887945e-08}. Best is trial 5 with value: 0.0967511252340265.
[I 2026-06-01 23:24:16,610] Trial 10 finished with value: -3.9869858427830644 and parameters: {'confidence_threshold': 0.7318981109748116, 'training_days': 10, 'n_estimators': 487, 'max_depth': 4, 'num_leaves': 31, 'learning_rate': 0.14704103471568217, 'subsample': 0.628963476300746, 'colsample_bytree': 0.987470107623585, 'min_child_samples': 25, 'reg_alpha': 2.608784411827665e-05, 'reg_lambda': 3.3639426888455256e-06}. Best is trial 5 with value: 0.0967511252340265.
[I 2026-06-01 23:24:16,739] Trial 11 finished with value: -0.029038131908179277 and parameters: {'confidence_threshold': 0.7031315520633984, 'training_days': 120, 'n_estimators': 245, 'max_depth': 4, 'num_leaves': 30, 'learning_rate': 0.04928235056220389, 'subsample': 0.7958418179650298, 'colsample_bytree': 0.5038827132281698, 'min_child_samples': 49, 'reg_alpha': 1.9536858255923362e-07, 'reg_lambda': 3.526824099171197e-05}. Best is trial 5 with value: 0.0967511252340265.
[I 2026-06-01 23:24:16,891] Trial 12 finished with value: -0.0217960571161444 and parameters: {'confidence_threshold': 0.7674220338368787, 'training_days': 110, 'n_estimators': 242, 'max_depth': 5, 'num_leaves': 30, 'learning_rate': 0.05445057683691509, 'subsample': 0.6424283043115616, 'colsample_bytree': 0.8304278626461432, 'min_child_samples': 30, 'reg_alpha': 3.310691985108358e-06, 'reg_lambda': 3.5382603563116506e-05}. Best is trial 5 with value: 0.0967511252340265.
[I 2026-06-01 23:24:16,977] Trial 13 finished with value: 0.001774680976540055 and parameters: {'confidence_threshold': 0.648468212177187, 'training_days': 90, 'n_estimators': 292, 'max_depth': 3, 'num_leaves': 62, 'learning_rate': 0.03614754421776377, 'subsample': 0.8577600573105582, 'colsample_bytree': 0.8155421717694826, 'min_child_samples': 80, 'reg_alpha': 2.0822076524159483e-08, 'reg_lambda': 0.0007138495395699125}. Best is trial 5 with value: 0.0967511252340265.
[I 2026-06-01 23:24:17,155] Trial 14 finished with value: -0.006743954422411294 and parameters: {'confidence_threshold': 0.6122975625169359, 'training_days': 250, 'n_estimators': 182, 'max_depth': 4, 'num_leaves': 15, 'learning_rate': 0.011598420046188914, 'subsample': 0.6862140018961148, 'colsample_bytree': 0.6139966073958775, 'min_child_samples': 36, 'reg_alpha': 4.397180241972316e-06, 'reg_lambda': 2.3821707061012336e-06}. Best is trial 5 with value: 0.0967511252340265.
[I 2026-06-01 23:24:17,226] Trial 15 finished with value: 0.005075759675616623 and parameters: {'confidence_threshold': 0.684718799302787, 'training_days': 200, 'n_estimators': 52, 'max_depth': 5, 'num_leaves': 34, 'learning_rate': 0.08974661203791316, 'subsample': 0.8204526640423708, 'colsample_bytree': 0.8100744538922787, 'min_child_samples': 55, 'reg_alpha': 2.3471885835747283e-07, 'reg_lambda': 0.10351163679178875}. Best is trial 5 with value: 0.0967511252340265.
[I 2026-06-01 23:24:17,361] Trial 16 finished with value: 0.0018741013189028377 and parameters: {'confidence_threshold': 0.7680450702459489, 'training_days': 320, 'n_estimators': 185, 'max_depth': 3, 'num_leaves': 27, 'learning_rate': 0.2839164582885758, 'subsample': 0.9371158895275773, 'colsample_bytree': 0.9826162589395974, 'min_child_samples': 71, 'reg_alpha': 0.00028046800123827784, 'reg_lambda': 3.877359240532991e-05}. Best is trial 5 with value: 0.0967511252340265.
[I 2026-06-01 23:24:17,416] Trial 17 finished with value: 0.15732263092766335 and parameters: {'confidence_threshold': 0.5655520462931906, 'training_days': 70, 'n_estimators': 267, 'max_depth': 4, 'num_leaves': 15, 'learning_rate': 0.04302553031342478, 'subsample': 0.5829261830537771, 'colsample_bytree': 0.5216004247704905, 'min_child_samples': 94, 'reg_alpha': 1.9755861052302274e-05, 'reg_lambda': 6.880925840516315e-07}. Best is trial 17 with value: 0.15732263092766335.
[I 2026-06-01 23:24:17,464] A new study created in memory with name: no-name-b17892bb-3eec-48a1-bc96-1ca7e470c47e
[I 2026-06-01 23:24:17,558] Trial 0 finished with value: -0.08957374712511236 and parameters: {'confidence_threshold': 0.7437642149592516, 'training_days': 150, 'n_estimators': 152, 'max_depth': 4, 'num_leaves': 50, 'learning_rate': 0.04216766425047743, 'subsample': 0.9903820991923078, 'colsample_bytree': 0.8424148692924316, 'min_child_samples': 58, 'reg_alpha': 3.381097259762742e-05, 'reg_lambda': 1.2263152961306247e-05}. Best is trial 0 with value: -0.08957374712511236.
[I 2026-06-01 23:24:17,620] Trial 1 finished with value: -0.21962430633830735 and parameters: {'confidence_threshold': 0.7551673975844145, 'training_days': 220, 'n_estimators': 76, 'max_depth': 4, 'num_leaves': 51, 'learning_rate': 0.018602118810743477, 'subsample': 0.5877258780737462, 'colsample_bytree': 0.7657756869209191, 'min_child_samples': 63, 'reg_alpha': 0.005123994170264194, 'reg_lambda': 0.44145470178120466}. Best is trial 0 with value: -0.08957374712511236.
[I 2026-06-01 23:24:17,870] Trial 2 finished with value: 0.008482868909868943 and parameters: {'confidence_threshold': 0.7535593637012223, 'training_days': 310, 'n_estimators': 375, 'max_depth': 3, 'num_leaves': 32, 'learning_rate': 0.021735641882032388, 'subsample': 0.6468570231944146, 'colsample_bytree': 0.8154880619272439, 'min_child_samples': 27, 'reg_alpha': 8.004064028491336e-05, 'reg_lambda': 7.546835261630524e-05}. Best is trial 2 with value: 0.008482868909868943.
[I 2026-06-01 23:24:18,056] Trial 3 finished with value: 0.02050714901987163 and parameters: {'confidence_threshold': 0.6727897841776072, 'training_days': 220, 'n_estimators': 190, 'max_depth': 4, 'num_leaves': 58, 'learning_rate': 0.24810689332636193, 'subsample': 0.7509183379421682, 'colsample_bytree': 0.8119764758960556, 'min_child_samples': 29, 'reg_alpha': 7.1708285081421445e-06, 'reg_lambda': 5.412973582738627e-05}. Best is trial 3 with value: 0.02050714901987163.
[I 2026-06-01 23:24:18,178] Trial 4 finished with value: -0.04472412330933804 and parameters: {'confidence_threshold': 0.803208205259178, 'training_days': 130, 'n_estimators': 267, 'max_depth': 5, 'num_leaves': 40, 'learning_rate': 0.08041175317374143, 'subsample': 0.5603143329951619, 'colsample_bytree': 0.9131704002534167, 'min_child_samples': 68, 'reg_alpha': 0.0008046593428183385, 'reg_lambda': 1.2158346158765583e-05}. Best is trial 3 with value: 0.02050714901987163.
[I 2026-06-01 23:24:18,408] Trial 5 finished with value: -0.0060468459311852135 and parameters: {'confidence_threshold': 0.6064422761595144, 'training_days': 210, 'n_estimators': 357, 'max_depth': 5, 'num_leaves': 40, 'learning_rate': 0.0974221287220869, 'subsample': 0.7929682762811064, 'colsample_bytree': 0.8124517510478, 'min_child_samples': 74, 'reg_alpha': 0.3811377260781234, 'reg_lambda': 5.607314238392041e-08}. Best is trial 3 with value: 0.02050714901987163.
[I 2026-06-01 23:24:18,519] Trial 6 finished with value: -0.03876540469559399 and parameters: {'confidence_threshold': 0.7672889945051684, 'training_days': 130, 'n_estimators': 137, 'max_depth': 4, 'num_leaves': 19, 'learning_rate': 0.2031117614248665, 'subsample': 0.8136244860256343, 'colsample_bytree': 0.8617081790949774, 'min_child_samples': 21, 'reg_alpha': 0.002238138278733199, 'reg_lambda': 0.001025809534977322}. Best is trial 3 with value: 0.02050714901987163.
[I 2026-06-01 23:24:18,592] Trial 7 finished with value: -0.048154121769623144 and parameters: {'confidence_threshold': 0.555635875450653, 'training_days': 80, 'n_estimators': 363, 'max_depth': 3, 'num_leaves': 48, 'learning_rate': 0.06590089024008658, 'subsample': 0.6944752870615722, 'colsample_bytree': 0.962566244806993, 'min_child_samples': 88, 'reg_alpha': 1.6465620446426067e-05, 'reg_lambda': 2.4678750890085655e-08}. Best is trial 3 with value: 0.02050714901987163.
[I 2026-06-01 23:24:18,899] Trial 8 finished with value: 0.05609160211521806 and parameters: {'confidence_threshold': 0.6066688256938841, 'training_days': 200, 'n_estimators': 367, 'max_depth': 5, 'num_leaves': 32, 'learning_rate': 0.13377519215934996, 'subsample': 0.7965884582811106, 'colsample_bytree': 0.8458508993500886, 'min_child_samples': 32, 'reg_alpha': 3.889436043816386e-05, 'reg_lambda': 1.4713062489380356e-06}. Best is trial 8 with value: 0.05609160211521806.
