[I 2026-06-01 23:29:17,763] Trial 17 finished with value: -0.06940020057157757 and parameters: {'confidence_threshold': 0.682534639271943, 'training_days': 290, 'n_estimators': 417, 'max_depth': 4, 'num_leaves': 63, 'learning_rate': 0.010343169772781215, 'subsample': 0.839233757591078, 'colsample_bytree': 0.7952908891858086, 'min_child_samples': 56, 'reg_alpha': 0.0005961727498011812, 'reg_lambda': 3.7664898059335654e-05}. Best is trial 15 with value: 0.05838314412715775.
[I 2026-06-01 23:29:18,106] A new study created in memory with name: no-name-b6ec5d54-8f88-455e-8111-251507cfbd1d

[predict] 2024-02-22 08:00 LTCUSDT → LONG (proba=0.96 TP=7.7%/SL=3.9%)
[trade:open] 2024-02-22 15:59 LTCUSDT LONG @ 69.59 | SL=66.91 TP=74.95 | timeout=2024-02-29 15:59
[trade:close] 2024-02-27 07:59 LTCUSDT LONG → take_profit @ 74.95 | PnL=+7.71% (net +7.61%) | cum=+107.82% 2024-02=+12.95% 2024-02-27=+7.61%
[predict] 2024-02-28 00:00 LTCUSDT → SHORT (proba=0.91 TP=8.4%/SL=4.2%)
[trade:open] 2024-02-28 07:59 LTCUSDT SHORT @ 74.93 | SL=78.09 TP=68.60 | timeout=2024-03-06 07:59
[trade:close] 2024-02-28 23:59 LTCUSDT SHORT → stop_loss @ 78.09 | PnL=-4.22% (net -4.32%) | cum=+103.50% 2024-02=+8.63% 2024-02-28=-4.32%
[lgbm] === Training for 2024-03 ===
  Train window: 2022-03-01 → 2024-02-22
  2165 training samples from 1 symbols
  Samples per month: 2022-03: 93, 2022-04: 84, 2022-05: 93, 2022-06: 90, 2022-07: 93, 2022-08: 93, 2022-09: 90, 2022-10: 93, 2022-11: 90, 2022-12: 93, 2023-01: 93, 2023-02: 84, 2023-03: 93, 2023-04: 90, 2023-05: 93, 2023-06: 90, 2023-07: 93, 2023-08: 93, 2023-09: 90, 2023-10: 93, 2023-11: 90, 2023-12: 93, 2024-01: 93, 2024-02: 65
  [label] 2022-05-03 08:00 LTCUSDT entry=100.9600 → SHORT | long=sl(-5.10%) short=sl(-5.10%) | scanned=7 | no_tp→fwd_return=-4.1105
  [label] 2022-05-05 16:00 LTCUSDT entry=96.8100 → SHORT | long=sl(-6.57%) short=tp(+12.84%) | scanned=11 | short_tp_only
  [label] 2022-05-09 08:00 LTCUSDT entry=84.4700 → SHORT | long=sl(-8.13%) short=tp(+15.96%) | scanned=6 | short_tp_only
  [label] 2022-06-03 08:00 LTCUSDT entry=61.8000 → SHORT | long=sl(-6.83%) short=sl(-6.83%) | scanned=21 | no_tp→fwd_return=-7.0550
  [label] 2022-07-25 08:00 LTCUSDT entry=56.4200 → LONG | long=sl(-6.88%) short=sl(-6.88%) | scanned=8 | no_tp→fwd_return=+5.4236
  [label] 2023-01-07 00:00 LTCUSDT entry=76.0200 → LONG | long=tp(+9.41%) short=sl(-4.86%) | scanned=6 | long_tp_only
  [label] 2023-01-11 08:00 LTCUSDT entry=80.7900 → LONG | long=tp(+11.28%) short=sl(-5.79%) | scanned=8 | long_tp_only
  [label] 2023-01-22 00:00 LTCUSDT entry=88.7600 → LONG | long=timeout(+6.30%) short=sl(-5.93%) | scanned=22 | no_tp→fwd_return=+6.3993
  [label] 2023-03-07 16:00 LTCUSDT entry=86.2700 → SHORT | long=sl(-4.97%) short=tp(+9.63%) | scanned=6 | short_tp_only
  [label] 2023-03-16 08:00 LTCUSDT entry=79.0000 → LONG | long=tp(+19.11%) short=sl(-9.71%) | scanned=21 | long_tp_only
  [label] 2023-06-14 16:00 LTCUSDT entry=73.0900 → LONG | long=tp(+14.27%) short=sl(-7.29%) | scanned=19 | long_tp_only
  [label] 2023-07-16 08:00 LTCUSDT entry=94.8000 → SHORT | long=sl(-5.90%) short=timeout(+2.75%) | scanned=22 | no_tp→fwd_return=-2.8481
  [label] 2023-08-01 08:00 LTCUSDT entry=93.0700 → SHORT | long=sl(-5.06%) short=tp(+9.83%) | scanned=7 | short_tp_only
  [label] 2023-08-14 00:00 LTCUSDT entry=82.1900 → SHORT | long=sl(-2.69%) short=tp(+5.09%) | scanned=5 | short_tp_only
  [label] 2023-09-01 16:00 LTCUSDT entry=62.9400 → SHORT | long=timeout(-0.70%) short=timeout(+0.50%) | scanned=22 | no_tp→fwd_return=-0.6037
  [label] 2023-09-07 16:00 LTCUSDT entry=63.6800 → SHORT | long=sl(-3.47%) short=tp(+6.64%) | scanned=11 | short_tp_only
  [label] 2023-09-20 00:00 LTCUSDT entry=66.4700 → SHORT | long=sl(-4.64%) short=timeout(+3.87%) | scanned=22 | no_tp→fwd_return=-3.9717
  [label] 2023-10-29 16:00 LTCUSDT entry=68.8200 → LONG | long=timeout(+4.01%) short=sl(-4.71%) | scanned=22 | no_tp→fwd_return=+4.1122
  [label] 2023-11-08 08:00 LTCUSDT entry=73.2300 → LONG | long=sl(-4.91%) short=sl(-4.91%) | scanned=12 | no_tp→fwd_return=+2.5946
  [label] 2024-02-02 08:00 LTCUSDT entry=68.3700 → LONG | long=timeout(+3.56%) short=sl(-3.61%) | scanned=22 | no_tp→fwd_return=+3.6566
  Labels: 1108 long (51.2%), 1057 short (48.8%) | weights: min=1.00, mean=3.14, max=10.00
  Features: 2165/2165 matched, 49 columns
  CV gap: 22 rows
  [ensemble 1/3] seed=42
    [trial 0] 49 features, training_days=480 | threshold=0.631 | labels: 1108 long, 1057 short (51/49%)
    [CV fold 0] train_end=2022-06-25 00:00 | val_start=2022-07-02 16:00 | gap=184h (22 rows)
    [CV fold 1] train_end=2022-10-23 00:00 | val_start=2022-10-30 16:00 | gap=184h (22 rows)
    [CV fold 2] train_end=2023-02-20 00:00 | val_start=2023-02-27 16:00 | gap=184h (22 rows)
    [CV fold 3] train_end=2023-06-20 00:00 | val_start=2023-06-27 16:00 | gap=184h (22 rows)
    [CV fold 4] train_end=2023-10-18 00:00 | val_start=2023-10-25 16:00 | gap=184h (22 rows)
    [trial 0] Sharpe=-0.0689 (folds: -0.2587, 0.0091, -0.0481, 0.0438, -0.0904)
    [trial 1] 49 features, training_days=420 | threshold=0.839 | labels: 1108 long, 1057 short (51/49%)
    [trial 1] Sharpe=-1.9460 (folds: -0.2909, 0.1097, -10.0000, 0.2060, 0.2451)
    [trial 2] 49 features, training_days=190 | threshold=0.602 | labels: 1108 long, 1057 short (51/49%)
    [trial 2] Sharpe=-0.0865 (folds: -0.2170, -0.0489, -0.0397, -0.0948, -0.0319)
    [trial 3] 49 features, training_days=490 | threshold=0.832 | labels: 1108 long, 1057 short (51/49%)
    [trial 3] Sharpe=-0.0106 (folds: -0.2460, 0.1231, 0.0655, 0.0837, -0.0793)
    [trial 4] 49 features, training_days=340 | threshold=0.591 | labels: 1108 long, 1057 short (51/49%)
    [trial 4] Sharpe=-0.0340 (folds: -0.2584, 0.0028, 0.1049, -0.0093, -0.0102)
    [trial 5] 49 features, training_days=50 | threshold=0.823 | labels: 1108 long, 1057 short (51/49%)
    [trial 5] Sharpe=0.0126 (folds: -0.2586, -0.2104, 0.1959, -0.0027, 0.3391)
    [trial 6] 49 features, training_days=410 | threshold=0.549 | labels: 1108 long, 1057 short (51/49%)
    [trial 6] Sharpe=-0.0241 (folds: -0.2317, -0.0121, 0.0432, 0.0331, 0.0472)
    [trial 7] 49 features, training_days=180 | threshold=0.526 | labels: 1108 long, 1057 short (51/49%)
    [trial 7] Sharpe=-0.0628 (folds: -0.2586, -0.0353, 0.0290, -0.0489, -0.0005)
    [trial 8] 49 features, training_days=240 | threshold=0.811 | labels: 1108 long, 1057 short (51/49%)
    [trial 8] Sharpe=-0.0645 (folds: -0.3743, -0.0768, 0.1355, -0.0266, 0.0195)
    [trial 9] 49 features, training_days=20 | threshold=0.538 | labels: 1108 long, 1057 short (51/49%)
    [trial 9] Sharpe=-2.0069 (folds: -0.0770, 0.2888, -10.0000, -0.2169, -0.0293)
    [trial 10] 49 features, training_days=10 | threshold=0.732 | labels: 1108 long, 1057 short (51/49%)
    [trial 10] Sharpe=-0.1398 (folds: -0.2586, -0.3708, -0.0247, 0.1060, -0.1509)
    [trial 11] 49 features, training_days=100 | threshold=0.762 | labels: 1108 long, 1057 short (51/49%)
    [trial 11] Sharpe=0.0172 (folds: -0.2516, 0.1566, -0.0144, 0.0588, 0.1368)
    [trial 12] 49 features, training_days=120 | threshold=0.730 | labels: 1108 long, 1057 short (51/49%)
    [trial 12] Sharpe=0.0044 (folds: -0.2302, 0.1760, 0.0192, 0.1106, -0.0538)
    [trial 13] 49 features, training_days=100 | threshold=0.773 | labels: 1108 long, 1057 short (51/49%)
    [trial 13] Sharpe=-0.0038 (folds: -0.2617, 0.1947, -0.0659, 0.0047, 0.1094)
    [trial 14] 49 features, training_days=80 | threshold=0.689 | labels: 1108 long, 1057 short (51/49%)
    [trial 14] Sharpe=-0.0318 (folds: -0.2483, -0.1149, -0.0249, 0.0927, 0.1364)
    [trial 15] 49 features, training_days=160 | threshold=0.773 | labels: 1108 long, 1057 short (51/49%)
    [trial 15] Sharpe=0.0584 (folds: -0.2765, 0.2010, 0.0292, 0.2781, 0.0600)
    [trial 16] 49 features, training_days=160 | threshold=0.762 | labels: 1108 long, 1057 short (51/49%)
    [trial 16] Sharpe=0.0395 (folds: -0.2711, 0.1649, 0.0292, 0.2490, 0.0256)
    [trial 17] 49 features, training_days=290 | threshold=0.683 | labels: 1108 long, 1057 short (51/49%)
    [trial 17] Sharpe=-0.0694 (folds: -0.2693, -0.0655, 0.0378, 0.0380, -0.0879)
  Optuna: 18 trials, best Sharpe = 0.0584
  Best params: n_estimators=427, max_depth=4, lr=0.0111, leaves=61
  Best confidence_threshold: 0.773
  Best training_days: 160
  Retrained on full data (480 samples, 49 features)
  [ensemble 2/3] seed=123
    [trial 0] 49 features, training_days=150 | threshold=0.744 | labels: 1108 long, 1057 short (51/49%)
    [CV fold 0] train_end=2022-06-25 00:00 | val_start=2022-07-02 16:00 | gap=184h (22 rows)
    [CV fold 1] train_end=2022-10-23 00:00 | val_start=2022-10-30 16:00 | gap=184h (22 rows)
    [CV fold 2] train_end=2023-02-20 00:00 | val_start=2023-02-27 16:00 | gap=184h (22 rows)[I 2026-06-01 23:29:18,200] Trial 0 finished with value: 0.049494535217651854 and parameters: {'confidence_threshold': 0.7437642149592516, 'training_days': 150, 'n_estimators': 152, 'max_depth': 4, 'num_leaves': 50, 'learning_rate': 0.04216766425047743, 'subsample': 0.9903820991923078, 'colsample_bytree': 0.8424148692924316, 'min_child_samples': 58, 'reg_alpha': 3.381097259762742e-05, 'reg_lambda': 1.2263152961306247e-05}. Best is trial 0 with value: 0.049494535217651854.
[I 2026-06-01 23:29:18,272] Trial 1 finished with value: 0.0019200941334045305 and parameters: {'confidence_threshold': 0.7551673975844145, 'training_days': 220, 'n_estimators': 76, 'max_depth': 4, 'num_leaves': 51, 'learning_rate': 0.018602118810743477, 'subsample': 0.5877258780737462, 'colsample_bytree': 0.7657756869209191, 'min_child_samples': 63, 'reg_alpha': 0.005123994170264194, 'reg_lambda': 0.44145470178120466}. Best is trial 0 with value: 0.049494535217651854.
[I 2026-06-01 23:29:18,520] Trial 2 finished with value: -0.12748545252337595 and parameters: {'confidence_threshold': 0.7535593637012223, 'training_days': 310, 'n_estimators': 375, 'max_depth': 3, 'num_leaves': 32, 'learning_rate': 0.021735641882032388, 'subsample': 0.6468570231944146, 'colsample_bytree': 0.8154880619272439, 'min_child_samples': 27, 'reg_alpha': 8.004064028491336e-05, 'reg_lambda': 7.546835261630524e-05}. Best is trial 0 with value: 0.049494535217651854.
[I 2026-06-01 23:29:18,690] Trial 3 finished with value: -0.08501053396114504 and parameters: {'confidence_threshold': 0.6727897841776072, 'training_days': 220, 'n_estimators': 190, 'max_depth': 4, 'num_leaves': 58, 'learning_rate': 0.24810689332636193, 'subsample': 0.7509183379421682, 'colsample_bytree': 0.8119764758960556, 'min_child_samples': 29, 'reg_alpha': 7.1708285081421445e-06, 'reg_lambda': 5.412973582738627e-05}. Best is trial 0 with value: 0.049494535217651854.
[I 2026-06-01 23:29:18,819] Trial 4 finished with value: 0.013776523005465674 and parameters: {'confidence_threshold': 0.803208205259178, 'training_days': 130, 'n_estimators': 267, 'max_depth': 5, 'num_leaves': 40, 'learning_rate': 0.08041175317374143, 'subsample': 0.5603143329951619, 'colsample_bytree': 0.9131704002534167, 'min_child_samples': 68, 'reg_alpha': 0.0008046593428183385, 'reg_lambda': 1.2158346158765583e-05}. Best is trial 0 with value: 0.049494535217651854.
[I 2026-06-01 23:29:19,073] Trial 5 finished with value: -0.05608602969061623 and parameters: {'confidence_threshold': 0.6064422761595144, 'training_days': 210, 'n_estimators': 357, 'max_depth': 5, 'num_leaves': 40, 'learning_rate': 0.0974221287220869, 'subsample': 0.7929682762811064, 'colsample_bytree': 0.8124517510478, 'min_child_samples': 74, 'reg_alpha': 0.3811377260781234, 'reg_lambda': 5.607314238392041e-08}. Best is trial 0 with value: 0.049494535217651854.
[I 2026-06-01 23:29:19,193] Trial 6 finished with value: -0.006436376279184719 and parameters: {'confidence_threshold': 0.7672889945051684, 'training_days': 130, 'n_estimators': 137, 'max_depth': 4, 'num_leaves': 19, 'learning_rate': 0.2031117614248665, 'subsample': 0.8136244860256343, 'colsample_bytree': 0.8617081790949774, 'min_child_samples': 21, 'reg_alpha': 0.002238138278733199, 'reg_lambda': 0.001025809534977322}. Best is trial 0 with value: 0.049494535217651854.
[I 2026-06-01 23:29:19,279] Trial 7 finished with value: -0.048500818991380076 and parameters: {'confidence_threshold': 0.555635875450653, 'training_days': 80, 'n_estimators': 363, 'max_depth': 3, 'num_leaves': 48, 'learning_rate': 0.06590089024008658, 'subsample': 0.6944752870615722, 'colsample_bytree': 0.962566244806993, 'min_child_samples': 88, 'reg_alpha': 1.6465620446426067e-05, 'reg_lambda': 2.4678750890085655e-08}. Best is trial 0 with value: 0.049494535217651854.
[I 2026-06-01 23:29:19,669] Trial 8 finished with value: -0.07352028956070543 and parameters: {'confidence_threshold': 0.6066688256938841, 'training_days': 200, 'n_estimators': 367, 'max_depth': 5, 'num_leaves': 32, 'learning_rate': 0.13377519215934996, 'subsample': 0.7965884582811106, 'colsample_bytree': 0.8458508993500886, 'min_child_samples': 32, 'reg_alpha': 3.889436043816386e-05, 'reg_lambda': 1.4713062489380356e-06}. Best is trial 0 with value: 0.049494535217651854.
[I 2026-06-01 23:29:19,922] Trial 9 finished with value: 0.01928872811348708 and parameters: {'confidence_threshold': 0.6202096049169137, 'training_days': 260, 'n_estimators': 350, 'max_depth': 3, 'num_leaves': 21, 'learning_rate': 0.02989540198065364, 'subsample': 0.8307821683331218, 'colsample_bytree': 0.923253112635361, 'min_child_samples': 64, 'reg_alpha': 0.4898604619604203, 'reg_lambda': 2.9076377687066166e-05}. Best is trial 0 with value: 0.049494535217651854.
[I 2026-06-01 23:29:20,395] Trial 10 finished with value: -2.015710619780875 and parameters: {'confidence_threshold': 0.8445241688507242, 'training_days': 470, 'n_estimators': 493, 'max_depth': 4, 'num_leaves': 63, 'learning_rate': 0.010221918552934462, 'subsample': 0.9783426417503635, 'colsample_bytree': 0.6202684210924141, 'min_child_samples': 46, 'reg_alpha': 1.452403597240567e-08, 'reg_lambda': 0.02027317446694866}. Best is trial 0 with value: 0.049494535217651854.
[I 2026-06-01 23:29:20,588] Trial 11 finished with value: -0.03453416768470233 and parameters: {'confidence_threshold': 0.6840516532713735, 'training_days': 340, 'n_estimators': 234, 'max_depth': 3, 'num_leaves': 20, 'learning_rate': 0.03481626436053209, 'subsample': 0.9957871000674493, 'colsample_bytree': 0.6778283959364831, 'min_child_samples': 50, 'reg_alpha': 5.56438571366154, 'reg_lambda': 1.5530863293959958e-06}. Best is trial 0 with value: 0.049494535217651854.
[I 2026-06-01 23:29:20,618] Trial 12 finished with value: -0.13980490943443755 and parameters: {'confidence_threshold': 0.66034247783242, 'training_days': 10, 'n_estimators': 51, 'max_depth': 3, 'num_leaves': 15, 'learning_rate': 0.03554970762940541, 'subsample': 0.8998743051493682, 'colsample_bytree': 0.5201164353688423, 'min_child_samples': 83, 'reg_alpha': 3.9876523655594356e-07, 'reg_lambda': 0.0022441080122261804}. Best is trial 0 with value: 0.049494535217651854.
[I 2026-06-01 23:29:20,974] Trial 13 finished with value: -0.0560620218959215 and parameters: {'confidence_threshold': 0.5209041556509941, 'training_days': 390, 'n_estimators': 475, 'max_depth': 3, 'num_leaves': 28, 'learning_rate': 0.04317436237981049, 'subsample': 0.8997148619896647, 'colsample_bytree': 0.9292621018379528, 'min_child_samples': 51, 'reg_alpha': 0.06836747032241897, 'reg_lambda': 1.326712683298711e-06}. Best is trial 0 with value: 0.049494535217651854.
[I 2026-06-01 23:29:21,128] Trial 14 finished with value: -0.0862092790225705 and parameters: {'confidence_threshold': 0.7206447362029313, 'training_days': 290, 'n_estimators': 162, 'max_depth': 4, 'num_leaves': 48, 'learning_rate': 0.02126917802421522, 'subsample': 0.8926168994791444, 'colsample_bytree': 0.9977226699583523, 'min_child_samples': 95, 'reg_alpha': 0.03811558081491512, 'reg_lambda': 0.04086584195812554}. Best is trial 0 with value: 0.049494535217651854.
[I 2026-06-01 23:29:21,286] Trial 15 finished with value: 0.006354823642777929 and parameters: {'confidence_threshold': 0.6098185384687194, 'training_days': 130, 'n_estimators': 300, 'max_depth': 4, 'num_leaves': 56, 'learning_rate': 0.05062153254411768, 'subsample': 0.8559082393725492, 'colsample_bytree': 0.7209251544817151, 'min_child_samples': 55, 'reg_alpha': 9.061543342246209, 'reg_lambda': 3.5532501480887757}. Best is trial 0 with value: 0.049494535217651854.
[I 2026-06-01 23:29:21,597] Trial 16 finished with value: -0.04508465984759126 and parameters: {'confidence_threshold': 0.6433594868320274, 'training_days': 390, 'n_estimators': 438, 'max_depth': 3, 'num_leaves': 25, 'learning_rate': 0.011618707686079076, 'subsample': 0.9526510928301031, 'colsample_bytree': 0.8998014720332306, 'min_child_samples': 75, 'reg_alpha': 1.6323832176782968e-06, 'reg_lambda': 1.0948117719643203e-05}. Best is trial 0 with value: 0.049494535217651854.
[I 2026-06-01 23:29:21,664] Trial 17 finished with value: 0.1068313893183647 and parameters: {'confidence_threshold': 0.7110519736587814, 'training_days': 40, 'n_estimators': 220, 'max_depth': 5, 'num_leaves': 44, 'learning_rate': 0.02878502401489677, 'subsample': 0.7099269644716071, 'colsample_bytree': 0.7444531483120822, 'min_child_samples': 44, 'reg_alpha': 1.1757174970758209e-07, 'reg_lambda': 1.6801200786640447e-07}. Best is trial 17 with value: 0.1068313893183647.
[I 2026-06-01 23:29:21,962] A new study created in memory with name: no-name-dfb39104-10a2-4690-bf37-dea5e5abe137
[I 2026-06-01 23:29:22,162] Trial 0 finished with value: -0.022032845581605558 and parameters: {'confidence_threshold': 0.5870645682749857, 'training_days': 90, 'n_estimators': 403, 'max_depth': 5, 'num_leaves': 45, 'learning_rate': 0.0780457193679974, 'subsample': 0.9428509515574568, 'colsample_bytree': 0.8795587339164916, 'min_child_samples': 34, 'reg_alpha': 2.2465901234314442e-07, 'reg_lambda': 8.339007036475363e-05}. Best is trial 0 with value: -0.022032845581605558.
[I 2026-06-01 23:29:22,278] Trial 1 finished with value: -0.030731357249429003 and parameters: {'confidence_threshold': 0.6348453934275313, 'training_days': 290, 'n_estimators': 115, 'max_depth': 5, 'num_leaves': 37, 'learning_rate': 0.06949568759029946, 'subsample': 0.8228505074024268, 'colsample_bytree': 0.8616703220431751, 'min_child_samples': 75, 'reg_alpha': 4.2486822725010923e-07, 'reg_lambda': 1.157247767047042e-07}. Best is trial 0 with value: -0.022032845581605558.
[I 2026-06-01 23:29:22,299] Trial 2 finished with value: -0.13980490943443755 and parameters: {'confidence_threshold': 0.5849570384370288, 'training_days': 10, 'n_estimators': 212, 'max_depth': 3, 'num_leaves': 41, 'learning_rate': 0.18452095998378365, 'subsample': 0.6001060822924371, 'colsample_bytree': 0.5673167293506167, 'min_child_samples': 37, 'reg_alpha': 5.733250064217131, 'reg_lambda': 0.5308454292595461}. Best is trial 0 with value: -0.022032845581605558.
[I 2026-06-01 23:29:22,380] Trial 3 finished with value: -0.0602782652700801 and parameters: {'confidence_threshold': 0.6868248626683718, 'training_days': 220, 'n_estimators': 134, 'max_depth': 3, 'num_leaves': 45, 'learning_rate': 0.033529007907491595, 'subsample': 0.8647277071858408, 'colsample_bytree': 0.778494116634046, 'min_child_samples': 96, 'reg_alpha': 2.409409937265785e-07, 'reg_lambda': 1.1642073478060009}. Best is trial 0 with value: -0.022032845581605558.
[I 2026-06-01 23:29:22,466] Trial 4 finished with value: -0.08858316503208086 and parameters: {'confidence_threshold': 0.5623121348350352, 'training_days': 300, 'n_estimators': 69, 'max_depth': 4, 'num_leaves': 32, 'learning_rate': 0.14967629360700346, 'subsample': 0.5054535233636654, 'colsample_bytree': 0.7401385194659216, 'min_child_samples': 27, 'reg_alpha': 1.4212042567426725e-07, 'reg_lambda': 0.23605753701352003}. Best is trial 0 with value: -0.022032845581605558.
[I 2026-06-01 23:29:22,921] Trial 5 finished with value: -0.031733567969921876 and parameters: {'confidence_threshold': 0.7111850244908446, 'training_days': 490, 'n_estimators': 362, 'max_depth': 5, 'num_leaves': 40, 'learning_rate': 0.05960785724162737, 'subsample': 0.5589714368907717, 'colsample_bytree': 0.6659006943232806, 'min_child_samples': 42, 'reg_alpha': 0.6741360303045295, 'reg_lambda': 6.054601607143087e-08}. Best is trial 0 with value: -0.022032845581605558.
[I 2026-06-01 23:29:23,122] Trial 6 finished with value: -0.034879730084015785 and parameters: {'confidence_threshold': 0.667482545748023, 'training_days': 420, 'n_estimators': 279, 'max_depth': 3, 'num_leaves': 45, 'learning_rate': 0.040099592560849204, 'subsample': 0.8563114696415159, 'colsample_bytree': 0.5442917781944105, 'min_child_samples': 50, 'reg_alpha': 1.6407916423707903e-08, 'reg_lambda': 2.935907642973286e-05}. Best is trial 0 with value: -0.022032845581605558.
[I 2026-06-01 23:29:23,291] Trial 7 finished with value: -0.00161004763059239 and parameters: {'confidence_threshold': 0.5497381024139926, 'training_days': 120, 'n_estimators': 408, 'max_depth': 5, 'num_leaves': 38, 'learning_rate': 0.28049122657745795, 'subsample': 0.8806573338635493, 'colsample_bytree': 0.5454054113547102, 'min_child_samples': 63, 'reg_alpha': 0.01263008637940408, 'reg_lambda': 0.04588020805366937}. Best is trial 7 with value: -0.00161004763059239.
[I 2026-06-01 23:29:23,597] Trial 8 finished with value: -0.01566060413827328 and parameters: {'confidence_threshold': 0.719644804808716, 'training_days': 450, 'n_estimators': 410, 'max_depth': 4, 'num_leaves': 57, 'learning_rate': 0.04022026551478857, 'subsample': 0.5336085426932707, 'colsample_bytree': 0.5705742850577543, 'min_child_samples': 100, 'reg_alpha': 5.916398047912201e-07, 'reg_lambda': 0.9794034214488329}. Best is trial 7 with value: -0.00161004763059239.
