[I 2026-06-01 23:24:40,633] Trial 9 finished with value: 0.12259404935612546 and parameters: {'confidence_threshold': 0.6202096049169137, 'training_days': 260, 'n_estimators': 350, 'max_depth': 3, 'num_leaves': 21, 'learning_rate': 0.02989540198065364, 'subsample': 0.8307821683331218, 'colsample_bytree': 0.923253112635361, 'min_child_samples': 64, 'reg_alpha': 0.4898604619604203, 'reg_lambda': 2.9076377687066166e-05}. Best is trial 9 with value: 0.12259404935612546.
[I 2026-06-01 23:24:40,934] Trial 10 finished with value: 0.005725952048804772 and parameters: {'confidence_threshold': 0.5342665212695602, 'training_days': 470, 'n_estimators': 493, 'max_depth': 3, 'num_leaves': 17, 'learning_rate': 0.010221918552934462, 'subsample': 0.9317514110288623, 'colsample_bytree': 0.6202684210924141, 'min_child_samples': 47, 'reg_alpha': 2.371385268938747e-08, 'reg_lambda': 0.010291221835057122}. Best is trial 9 with value: 0.12259404935612546.
[I 2026-06-01 23:24:41,068] Trial 11 finished with value: 0.056536164206143616 and parameters: {'confidence_threshold': 0.672304345793606, 'training_days': 340, 'n_estimators': 234, 'max_depth': 3, 'num_leaves': 62, 'learning_rate': 0.2941034455271501, 'subsample': 0.8826538612718937, 'colsample_bytree': 0.6778283959364831, 'min_child_samples': 48, 'reg_alpha': 5.56438571366154, 'reg_lambda': 0.0038467626144150177}. Best is trial 9 with value: 0.12259404935612546.
[I 2026-06-01 23:24:41,213] Trial 12 finished with value: 0.06357872784158598 and parameters: {'confidence_threshold': 0.6727899930733724, 'training_days': 340, 'n_estimators': 202, 'max_depth': 4, 'num_leaves': 63, 'learning_rate': 0.03554970762940541, 'subsample': 0.7245561114853949, 'colsample_bytree': 0.5196457038790347, 'min_child_samples': 100, 'reg_alpha': 1.6619318482295187e-07, 'reg_lambda': 1.2188980793434613e-06}. Best is trial 9 with value: 0.12259404935612546.
[I 2026-06-01 23:24:41,248] Trial 13 finished with value: -1.948659954012403 and parameters: {'confidence_threshold': 0.6188172440027945, 'training_days': 10, 'n_estimators': 475, 'max_depth': 3, 'num_leaves': 26, 'learning_rate': 0.024281561878971163, 'subsample': 0.8524819925064617, 'colsample_bytree': 0.9292621018379528, 'min_child_samples': 40, 'reg_alpha': 1.0060661308529223e-06, 'reg_lambda': 0.06617758437351451}. Best is trial 9 with value: 0.12259404935612546.
[I 2026-06-01 23:24:41,458] Trial 14 finished with value: 0.0586823508848938 and parameters: {'confidence_threshold': 0.6978580818353284, 'training_days': 290, 'n_estimators': 280, 'max_depth': 4, 'num_leaves': 56, 'learning_rate': 0.1450254414015962, 'subsample': 0.6612240067383277, 'colsample_bytree': 0.9977226699583523, 'min_child_samples': 80, 'reg_alpha': 0.06393304247493362, 'reg_lambda': 0.00019286729276019797}. Best is trial 9 with value: 0.12259404935612546.
[I 2026-06-01 23:24:41,731] Trial 15 finished with value: 0.0737789032599121 and parameters: {'confidence_threshold': 0.5026055290809989, 'training_days': 460, 'n_estimators': 300, 'max_depth': 4, 'num_leaves': 24, 'learning_rate': 0.047964452603681096, 'subsample': 0.507007918467014, 'colsample_bytree': 0.7241986323105418, 'min_child_samples': 55, 'reg_alpha': 9.061543342246209, 'reg_lambda': 3.5532501480887757}. Best is trial 9 with value: 0.12259404935612546.
[I 2026-06-01 23:24:42,012] Trial 16 finished with value: 0.09161488711249537 and parameters: {'confidence_threshold': 0.6433594868320274, 'training_days': 270, 'n_estimators': 438, 'max_depth': 3, 'num_leaves': 35, 'learning_rate': 0.011618707686079076, 'subsample': 0.7616663246379325, 'colsample_bytree': 0.9182676696103418, 'min_child_samples': 39, 'reg_alpha': 1.6323832176782968e-06, 'reg_lambda': 3.808650723358034e-07}. Best is trial 9 with value: 0.12259404935612546.
[I 2026-06-01 23:24:42,178] Trial 17 finished with value: 0.04353954104581858 and parameters: {'confidence_threshold': 0.7110519736587814, 'training_days': 390, 'n_estimators': 162, 'max_depth': 5, 'num_leaves': 44, 'learning_rate': 0.03384621832572817, 'subsample': 0.9014122584775794, 'colsample_bytree': 0.7604011355749908, 'min_child_samples': 82, 'reg_alpha': 0.031339913113165224, 'reg_lambda': 5.109832492945068e-05}. Best is trial 9 with value: 0.12259404935612546.

  [label] 2021-12-05 16:00 LTCUSDT entry=156.2500 → LONG | long=timeout(+1.56%) short=timeout(-1.76%) | scanned=22 | no_tp→fwd_return=+1.6576
  [label] 2022-03-04 08:00 LTCUSDT entry=104.8000 → SHORT | long=timeout(-1.18%) short=timeout(+0.98%) | scanned=22 | no_tp→fwd_return=-1.0782
  Labels: 1177 long (54.5%), 982 short (45.5%) | weights: min=1.00, mean=3.55, max=10.00
  Features: 2159/2159 matched, 49 columns
  CV gap: 22 rows
  [ensemble 1/3] seed=42
    [trial 0] 49 features, training_days=480 | threshold=0.631 | labels: 1177 long, 982 short (55/45%)
    [CV fold 0] train_end=2020-07-23 16:00 | val_start=2020-07-31 08:00 | gap=184h (22 rows)
    [CV fold 1] train_end=2020-11-20 08:00 | val_start=2020-11-28 00:00 | gap=184h (22 rows)
    [CV fold 2] train_end=2021-03-20 00:00 | val_start=2021-03-27 16:00 | gap=184h (22 rows)
    [CV fold 3] train_end=2021-07-17 16:00 | val_start=2021-07-25 08:00 | gap=184h (22 rows)
    [CV fold 4] train_end=2021-11-14 08:00 | val_start=2021-11-22 00:00 | gap=184h (22 rows)
    [trial 0] Sharpe=0.0585 (folds: 0.1235, 0.1820, 0.0384, 0.2013, -0.2528)
    [trial 1] 49 features, training_days=420 | threshold=0.839 | labels: 1177 long, 982 short (55/45%)
    [trial 1] Sharpe=0.1558 (folds: 0.0487, 0.4886, -0.1105, 0.7065, -0.3542)
    [trial 2] 49 features, training_days=190 | threshold=0.602 | labels: 1177 long, 982 short (55/45%)
    [trial 2] Sharpe=0.0733 (folds: 0.1526, -0.0953, 0.0453, 0.0002, 0.2640)
    [trial 3] 49 features, training_days=490 | threshold=0.832 | labels: 1177 long, 982 short (55/45%)
    [trial 3] Sharpe=0.0495 (folds: 0.1679, 0.1313, -0.0586, 0.1388, -0.1322)
    [trial 4] 49 features, training_days=340 | threshold=0.591 | labels: 1177 long, 982 short (55/45%)
    [trial 4] Sharpe=0.0652 (folds: 0.0908, 0.1793, -0.0092, 0.1482, -0.0830)
    [trial 5] 49 features, training_days=50 | threshold=0.823 | labels: 1177 long, 982 short (55/45%)
    [trial 5] Sharpe=0.0508 (folds: 0.0448, 0.1396, 0.2985, -0.3787, 0.1495)
    [trial 6] 49 features, training_days=410 | threshold=0.549 | labels: 1177 long, 982 short (55/45%)
    [trial 6] Sharpe=-0.0241 (folds: 0.0769, 0.2139, -0.0807, 0.0869, -0.4175)
    [trial 7] 49 features, training_days=180 | threshold=0.526 | labels: 1177 long, 982 short (55/45%)
    [trial 7] Sharpe=0.0368 (folds: 0.0914, 0.0556, -0.0401, -0.0392, 0.1162)
    [trial 8] 49 features, training_days=240 | threshold=0.811 | labels: 1177 long, 982 short (55/45%)
    [trial 8] Sharpe=0.1093 (folds: 0.1206, 0.2890, -0.1531, 0.0948, 0.1951)
    [trial 9] 49 features, training_days=20 | threshold=0.538 | labels: 1177 long, 982 short (55/45%)
    [trial 9] Sharpe=-1.9804 (folds: 0.0312, 0.2110, 0.0541, -0.1984, -10.0000)
    [trial 10] 49 features, training_days=350 | threshold=0.729 | labels: 1177 long, 982 short (55/45%)
    [trial 10] Sharpe=0.0853 (folds: 0.1665, 0.2470, -0.0229, 0.1451, -0.1091)
    [trial 11] 49 features, training_days=250 | threshold=0.744 | labels: 1177 long, 982 short (55/45%)
    [trial 11] Sharpe=0.0742 (folds: 0.1812, 0.1320, 0.0372, -0.0447, 0.0652)
    [trial 12] 49 features, training_days=270 | threshold=0.772 | labels: 1177 long, 982 short (55/45%)
    [trial 12] Sharpe=0.1297 (folds: 0.2167, 0.2668, -0.0045, 0.0793, 0.0900)
    [trial 13] 49 features, training_days=350 | threshold=0.753 | labels: 1177 long, 982 short (55/45%)
    [trial 13] Sharpe=0.0286 (folds: 0.1752, 0.1614, -0.0507, 0.0916, -0.2344)
    [trial 14] 49 features, training_days=110 | threshold=0.690 | labels: 1177 long, 982 short (55/45%)
    [trial 14] Sharpe=-0.0736 (folds: 0.1155, -0.0794, -0.0388, -0.2847, -0.0809)
    [trial 15] 49 features, training_days=420 | threshold=0.788 | labels: 1177 long, 982 short (55/45%)
    [trial 15] Sharpe=0.1425 (folds: 0.1428, 0.6165, -0.1878, 0.2932, -0.1520)
    [trial 16] 49 features, training_days=430 | threshold=0.788 | labels: 1177 long, 982 short (55/45%)
    [trial 16] Sharpe=0.0371 (folds: 0.1823, 0.2194, -0.0407, 0.0761, -0.2516)
    [trial 17] 49 features, training_days=410 | threshold=0.846 | labels: 1177 long, 982 short (55/45%)
    [trial 17] Sharpe=0.1359 (folds: 0.0710, 0.2553, 0.0064, 0.6210, -0.2740)
  Optuna: 18 trials, best Sharpe = 0.1558
  Best params: n_estimators=145, max_depth=3, lr=0.0281, leaves=23
  Best confidence_threshold: 0.839
  Best training_days: 420
  Retrained on full data (1251 samples, 49 features)
  [ensemble 2/3] seed=123
    [trial 0] 49 features, training_days=150 | threshold=0.744 | labels: 1177 long, 982 short (55/45%)
    [CV fold 0] train_end=2020-07-23 16:00 | val_start=2020-07-31 08:00 | gap=184h (22 rows)
    [CV fold 1] train_end=2020-11-20 08:00 | val_start=2020-11-28 00:00 | gap=184h (22 rows)
    [CV fold 2] train_end=2021-03-20 00:00 | val_start=2021-03-27 16:00 | gap=184h (22 rows)
    [CV fold 3] train_end=2021-07-17 16:00 | val_start=2021-07-25 08:00 | gap=184h (22 rows)
    [CV fold 4] train_end=2021-11-14 08:00 | val_start=2021-11-22 00:00 | gap=184h (22 rows)
    [trial 0] Sharpe=0.0663 (folds: 0.1797, -0.0775, 0.1062, -0.2540, 0.3772)
    [trial 1] 49 features, training_days=220 | threshold=0.755 | labels: 1177 long, 982 short (55/45%)
    [trial 1] Sharpe=-1.9296 (folds: 0.0871, 0.2655, -0.1149, -10.0000, 0.1145)
    [trial 2] 49 features, training_days=310 | threshold=0.754 | labels: 1177 long, 982 short (55/45%)
    [trial 2] Sharpe=0.0854 (folds: 0.1890, 0.2149, -0.0526, 0.1725, -0.0971)
    [trial 3] 49 features, training_days=220 | threshold=0.673 | labels: 1177 long, 982 short (55/45%)
    [trial 3] Sharpe=0.1041 (folds: 0.1757, 0.1013, 0.0276, 0.0895, 0.1262)
    [trial 4] 49 features, training_days=130 | threshold=0.803 | labels: 1177 long, 982 short (55/45%)
    [trial 4] Sharpe=0.0697 (folds: 0.1650, -0.0549, 0.0875, 0.0308, 0.1202)
    [trial 5] 49 features, training_days=210 | threshold=0.606 | labels: 1177 long, 982 short (55/45%)
    [trial 5] Sharpe=0.0875 (folds: 0.1644, -0.0379, 0.0762, 0.0732, 0.1618)
    [trial 6] 49 features, training_days=130 | threshold=0.767 | labels: 1177 long, 982 short (55/45%)
    [trial 6] Sharpe=0.0164 (folds: 0.1684, 0.0069, 0.0326, -0.0837, -0.0420)
    [trial 7] 49 features, training_days=80 | threshold=0.556 | labels: 1177 long, 982 short (55/45%)
    [trial 7] Sharpe=0.0149 (folds: 0.0113, 0.1429, 0.0685, -0.1663, 0.0183)
    [trial 8] 49 features, training_days=200 | threshold=0.607 | labels: 1177 long, 982 short (55/45%)
    [trial 8] Sharpe=0.0619 (folds: 0.1624, 0.0789, 0.0004, -0.0921, 0.1599)
    [trial 9] 49 features, training_days=260 | threshold=0.620 | labels: 1177 long, 982 short (55/45%)
    [trial 9] Sharpe=0.1226 (folds: 0.1497, 0.2003, 0.0245, 0.1401, 0.0983)
    [trial 10] 49 features, training_days=470 | threshold=0.534 | labels: 1177 long, 982 short (55/45%)
    [trial 10] Sharpe=0.0057 (folds: 0.1203, 0.1818, 0.0474, 0.0345, -0.3553)
    [trial 11] 49 features, training_days=340 | threshold=0.672 | labels: 1177 long, 982 short (55/45%)
    [trial 11] Sharpe=0.0565 (folds: 0.1758, 0.0882, -0.0201, 0.0537, -0.0149)
    [trial 12] 49 features, training_days=340 | threshold=0.673 | labels: 1177 long, 982 short (55/45%)
    [trial 12] Sharpe=0.0636 (folds: 0.1307, 0.1854, 0.0185, 0.0846, -0.1012)
    [trial 13] 49 features, training_days=10 | threshold=0.619 | labels: 1177 long, 982 short (55/45%)
    [trial 13] Sharpe=-1.9487 (folds: -0.1410, 0.2110, 0.0541, -10.0000, 0.1327)
    [trial 14] 49 features, training_days=290 | threshold=0.698 | labels: 1177 long, 982 short (55/45%)
    [trial 14] Sharpe=0.0587 (folds: 0.1714, 0.1424, -0.0650, -0.0209, 0.0656)
    [trial 15] 49 features, training_days=460 | threshold=0.503 | labels: 1177 long, 982 short (55/45%)
    [trial 15] Sharpe=0.0738 (folds: 0.1197, 0.1725, 0.0453, 0.1326, -0.1011)
    [trial 16] 49 features, training_days=270 | threshold=0.643 | labels: 1177 long, 982 short (55/45%)
    [trial 16] Sharpe=0.0916 (folds: 0.1680, 0.1538, 0.0477, 0.0804, 0.0081)
    [trial 17] 49 features, training_days=390 | threshold=0.711 | labels: 1177 long, 982 short (55/45%)
    [trial 17] Sharpe=0.0435 (folds: 0.1273, 0.1893, -0.0645, 0.1812, -0.2157)
  Optuna: 18 trials, best Sharpe = 0.1226[I 2026-06-01 23:24:42,297] A new study created in memory with name: no-name-5b8c22a4-e9b0-48af-a900-1507a35d196c
[I 2026-06-01 23:24:42,477] Trial 0 finished with value: -0.034758154477705 and parameters: {'confidence_threshold': 0.5870645682749857, 'training_days': 90, 'n_estimators': 403, 'max_depth': 5, 'num_leaves': 45, 'learning_rate': 0.0780457193679974, 'subsample': 0.9428509515574568, 'colsample_bytree': 0.8795587339164916, 'min_child_samples': 34, 'reg_alpha': 2.2465901234314442e-07, 'reg_lambda': 8.339007036475363e-05}. Best is trial 0 with value: -0.034758154477705.
[I 2026-06-01 23:24:42,587] Trial 1 finished with value: 0.08106885189289115 and parameters: {'confidence_threshold': 0.6348453934275313, 'training_days': 290, 'n_estimators': 115, 'max_depth': 5, 'num_leaves': 37, 'learning_rate': 0.06949568759029946, 'subsample': 0.8228505074024268, 'colsample_bytree': 0.8616703220431751, 'min_child_samples': 75, 'reg_alpha': 4.2486822725010923e-07, 'reg_lambda': 1.157247767047042e-07}. Best is trial 1 with value: 0.08106885189289115.
[I 2026-06-01 23:24:42,606] Trial 2 finished with value: 0.011650223828002126 and parameters: {'confidence_threshold': 0.5849570384370288, 'training_days': 10, 'n_estimators': 212, 'max_depth': 3, 'num_leaves': 41, 'learning_rate': 0.18452095998378365, 'subsample': 0.6001060822924371, 'colsample_bytree': 0.5673167293506167, 'min_child_samples': 37, 'reg_alpha': 5.733250064217131, 'reg_lambda': 0.5308454292595461}. Best is trial 1 with value: 0.08106885189289115.
[I 2026-06-01 23:24:42,684] Trial 3 finished with value: 0.10207403670834707 and parameters: {'confidence_threshold': 0.6868248626683718, 'training_days': 220, 'n_estimators': 134, 'max_depth': 3, 'num_leaves': 45, 'learning_rate': 0.033529007907491595, 'subsample': 0.8647277071858408, 'colsample_bytree': 0.778494116634046, 'min_child_samples': 96, 'reg_alpha': 2.409409937265785e-07, 'reg_lambda': 1.1642073478060009}. Best is trial 3 with value: 0.10207403670834707.
[I 2026-06-01 23:24:42,793] Trial 4 finished with value: 0.030877545329750823 and parameters: {'confidence_threshold': 0.5623121348350352, 'training_days': 300, 'n_estimators': 69, 'max_depth': 4, 'num_leaves': 32, 'learning_rate': 0.14967629360700346, 'subsample': 0.5054535233636654, 'colsample_bytree': 0.7401385194659216, 'min_child_samples': 27, 'reg_alpha': 1.4212042567426725e-07, 'reg_lambda': 0.23605753701352003}. Best is trial 3 with value: 0.10207403670834707.
[I 2026-06-01 23:24:43,185] Trial 5 finished with value: 0.07294575724439911 and parameters: {'confidence_threshold': 0.7111850244908446, 'training_days': 490, 'n_estimators': 362, 'max_depth': 5, 'num_leaves': 40, 'learning_rate': 0.05960785724162737, 'subsample': 0.5589714368907717, 'colsample_bytree': 0.6659006943232806, 'min_child_samples': 42, 'reg_alpha': 0.6741360303045295, 'reg_lambda': 6.054601607143087e-08}. Best is trial 3 with value: 0.10207403670834707.
[I 2026-06-01 23:24:43,382] Trial 6 finished with value: 0.029513699638309215 and parameters: {'confidence_threshold': 0.667482545748023, 'training_days': 420, 'n_estimators': 279, 'max_depth': 3, 'num_leaves': 45, 'learning_rate': 0.040099592560849204, 'subsample': 0.8563114696415159, 'colsample_bytree': 0.5442917781944105, 'min_child_samples': 50, 'reg_alpha': 1.6407916423707903e-08, 'reg_lambda': 2.935907642973286e-05}. Best is trial 3 with value: 0.10207403670834707.
[I 2026-06-01 23:24:43,535] Trial 7 finished with value: 0.05196566360221363 and parameters: {'confidence_threshold': 0.5497381024139926, 'training_days': 120, 'n_estimators': 408, 'max_depth': 5, 'num_leaves': 38, 'learning_rate': 0.28049122657745795, 'subsample': 0.8806573338635493, 'colsample_bytree': 0.5454054113547102, 'min_child_samples': 63, 'reg_alpha': 0.01263008637940408, 'reg_lambda': 0.04588020805366937}. Best is trial 3 with value: 0.10207403670834707.
[I 2026-06-01 23:24:43,851] Trial 8 finished with value: 0.03014799919519708 and parameters: {'confidence_threshold': 0.719644804808716, 'training_days': 450, 'n_estimators': 410, 'max_depth': 4, 'num_leaves': 57, 'learning_rate': 0.04022026551478857, 'subsample': 0.5336085426932707, 'colsample_bytree': 0.5705742850577543, 'min_child_samples': 100, 'reg_alpha': 5.916398047912201e-07, 'reg_lambda': 0.9794034214488329}. Best is trial 3 with value: 0.10207403670834707.
[I 2026-06-01 23:24:43,910] Trial 9 finished with value: -1.9804346054730781 and parameters: {'confidence_threshold': 0.7267463643917187, 'training_days': 20, 'n_estimators': 337, 'max_depth': 5, 'num_leaves': 23, 'learning_rate': 0.022153031811454605, 'subsample': 0.6305627572358737, 'colsample_bytree': 0.6613413774216214, 'min_child_samples': 81, 'reg_alpha': 5.7638634029410314e-08, 'reg_lambda': 8.26603016764008}. Best is trial 3 with value: 0.10207403670834707.
[I 2026-06-01 23:24:44,007] Trial 10 finished with value: -5.922096705688962 and parameters: {'confidence_threshold': 0.8283920119574972, 'training_days': 200, 'n_estimators': 181, 'max_depth': 3, 'num_leaves': 62, 'learning_rate': 0.011579281028220855, 'subsample': 0.7130289643560688, 'colsample_bytree': 0.9944479338273263, 'min_child_samples': 100, 'reg_alpha': 6.837313901272251e-05, 'reg_lambda': 0.0027253228209330924}. Best is trial 3 with value: 0.10207403670834707.
[I 2026-06-01 23:24:44,078] Trial 11 finished with value: 0.047442067440532656 and parameters: {'confidence_threshold': 0.6435110568867387, 'training_days': 300, 'n_estimators': 53, 'max_depth': 4, 'num_leaves': 52, 'learning_rate': 0.0222741777320615, 'subsample': 0.7864449612484271, 'colsample_bytree': 0.8566211708639163, 'min_child_samples': 82, 'reg_alpha': 2.5646023357365184e-05, 'reg_lambda': 7.359299995524362e-08}. Best is trial 3 with value: 0.10207403670834707.
[I 2026-06-01 23:24:44,179] Trial 12 finished with value: 0.12419167286447996 and parameters: {'confidence_threshold': 0.8008961038526314, 'training_days': 220, 'n_estimators': 139, 'max_depth': 4, 'num_leaves': 28, 'learning_rate': 0.09265206884400709, 'subsample': 0.9912016966112274, 'colsample_bytree': 0.8319084769095351, 'min_child_samples': 77, 'reg_alpha': 3.5050805301964397e-06, 'reg_lambda': 2.323935870907716e-06}. Best is trial 12 with value: 0.12419167286447996.
[I 2026-06-01 23:24:44,280] Trial 13 finished with value: 0.11740001465856795 and parameters: {'confidence_threshold': 0.8155882952259649, 'training_days': 200, 'n_estimators': 167, 'max_depth': 4, 'num_leaves': 15, 'learning_rate': 0.10689882610703773, 'subsample': 0.9814243437154605, 'colsample_bytree': 0.7704197786801941, 'min_child_samples': 89, 'reg_alpha': 7.181938493272106e-06, 'reg_lambda': 5.735142082835628e-06}. Best is trial 12 with value: 0.12419167286447996.
[I 2026-06-01 23:24:44,529] Trial 14 finished with value: 0.08763105295343496 and parameters: {'confidence_threshold': 0.8478974230575745, 'training_days': 160, 'n_estimators': 500, 'max_depth': 4, 'num_leaves': 15, 'learning_rate': 0.1186531342808804, 'subsample': 0.9899990900402367, 'colsample_bytree': 0.7780938649581539, 'min_child_samples': 67, 'reg_alpha': 1.1551822108194917e-05, 'reg_lambda': 4.806251673728146e-06}. Best is trial 12 with value: 0.12419167286447996.
[I 2026-06-01 23:24:44,721] Trial 15 finished with value: 0.06600394889234715 and parameters: {'confidence_threshold': 0.7829525506318393, 'training_days': 390, 'n_estimators': 210, 'max_depth': 4, 'num_leaves': 25, 'learning_rate': 0.10081415651986095, 'subsample': 0.991956684499091, 'colsample_bytree': 0.9456728834580875, 'min_child_samples': 88, 'reg_alpha': 0.002133995302102601, 'reg_lambda': 1.5753431440718837e-06}. Best is trial 12 with value: 0.12419167286447996.
[I 2026-06-01 23:24:45,063] Trial 16 finished with value: 0.06162885327895159 and parameters: {'confidence_threshold': 0.7809712285122007, 'training_days': 350, 'n_estimators': 258, 'max_depth': 4, 'num_leaves': 15, 'learning_rate': 0.24446277343411657, 'subsample': 0.9300509395801979, 'colsample_bytree': 0.7096607677273958, 'min_child_samples': 73, 'reg_alpha': 3.758941447895367e-06, 'reg_lambda': 0.0015964295612429704}. Best is trial 12 with value: 0.12419167286447996.
