[I 2026-06-01 23:27:00,643] Trial 8 finished with value: -0.01600683290127209 and parameters: {'confidence_threshold': 0.6066688256938841, 'training_days': 200, 'n_estimators': 367, 'max_depth': 5, 'num_leaves': 32, 'learning_rate': 0.13377519215934996, 'subsample': 0.7965884582811106, 'colsample_bytree': 0.8458508993500886, 'min_child_samples': 32, 'reg_alpha': 3.889436043816386e-05, 'reg_lambda': 1.4713062489380356e-06}. Best is trial 2 with value: 0.05585267501663084.

  [label] 2022-03-23 00:00 LTCUSDT entry=120.0800 → LONG | long=timeout(+8.28%) short=sl(-5.73%) | scanned=22 | no_tp→fwd_return=+8.3777
  [label] 2022-05-08 16:00 LTCUSDT entry=93.8400 → SHORT | long=sl(-6.31%) short=tp(+12.32%) | scanned=3 | short_tp_only
  [label] 2022-05-17 00:00 LTCUSDT entry=70.1200 → SHORT | long=timeout(-1.26%) short=timeout(+1.06%) | scanned=22 | no_tp→fwd_return=-1.1552
  [label] 2022-08-15 00:00 LTCUSDT entry=61.3000 → SHORT | long=sl(-6.68%) short=tp(+13.06%) | scanned=14 | short_tp_only
  [label] 2022-09-15 16:00 LTCUSDT entry=56.3100 → SHORT | long=sl(-8.38%) short=timeout(+4.85%) | scanned=22 | no_tp→fwd_return=-4.9547
  [label] 2022-10-01 16:00 LTCUSDT entry=52.8700 → SHORT | long=timeout(-0.31%) short=sl(-5.06%) | scanned=22 | no_tp→fwd_return=-0.2081
  [label] 2022-10-14 00:00 LTCUSDT entry=51.8700 → SHORT | long=timeout(-2.05%) short=timeout(+1.85%) | scanned=22 | no_tp→fwd_return=-1.9472
  [label] 2022-11-01 16:00 LTCUSDT entry=55.0600 → LONG | long=tp(+8.65%) short=sl(-4.48%) | scanned=2 | long_tp_only
  [label] 2022-11-07 16:00 LTCUSDT entry=67.3800 → SHORT | long=sl(-7.98%) short=tp(+15.66%) | scanned=3 | short_tp_only
  [label] 2022-11-20 00:00 LTCUSDT entry=63.3300 → LONG | long=tp(+13.53%) short=sl(-6.91%) | scanned=9 | long_tp_only
  [label] 2022-12-29 08:00 LTCUSDT entry=66.9700 → LONG | long=tp(+8.85%) short=sl(-4.58%) | scanned=11 | long_tp_only
  [label] 2023-01-08 00:00 LTCUSDT entry=75.7700 → LONG | long=tp(+8.59%) short=sl(-4.45%) | scanned=3 | long_tp_only
  [label] 2023-04-03 08:00 LTCUSDT entry=91.8500 → LONG | long=timeout(+0.26%) short=timeout(-0.46%) | scanned=22 | no_tp→fwd_return=+0.3593
  Labels: 1098 long (51.0%), 1055 short (49.0%) | weights: min=1.00, mean=3.16, max=10.00
  Features: 2153/2153 matched, 49 columns
  CV gap: 22 rows
  [ensemble 1/3] seed=42
    [trial 0] 49 features, training_days=480 | threshold=0.631 | labels: 1098 long, 1055 short (51/49%)
    [CV fold 0] train_end=2021-08-22 08:00 | val_start=2021-08-30 00:00 | gap=184h (22 rows)
    [CV fold 1] train_end=2021-12-19 16:00 | val_start=2021-12-27 08:00 | gap=184h (22 rows)
    [CV fold 2] train_end=2022-04-23 00:00 | val_start=2022-04-30 16:00 | gap=184h (22 rows)
    [CV fold 3] train_end=2022-08-20 08:00 | val_start=2022-08-28 00:00 | gap=184h (22 rows)
    [CV fold 4] train_end=2022-12-17 16:00 | val_start=2022-12-25 08:00 | gap=184h (22 rows)
    [trial 0] Sharpe=0.0410 (folds: -0.0167, 0.2164, 0.0682, 0.1938, -0.2568)
    [trial 1] 49 features, training_days=420 | threshold=0.839 | labels: 1098 long, 1055 short (51/49%)
    [trial 1] Sharpe=-1.6210 (folds: 0.1708, 0.8265, 0.2855, -10.0000, 0.6125)
    [trial 2] 49 features, training_days=190 | threshold=0.602 | labels: 1098 long, 1055 short (51/49%)
    [trial 2] Sharpe=0.0403 (folds: -0.0433, 0.2378, -0.0808, -0.0336, 0.1212)
    [trial 3] 49 features, training_days=490 | threshold=0.832 | labels: 1098 long, 1055 short (51/49%)
    [trial 3] Sharpe=0.0589 (folds: 0.0115, 0.3964, 0.0265, 0.0125, -0.1525)
    [trial 4] 49 features, training_days=340 | threshold=0.591 | labels: 1098 long, 1055 short (51/49%)
    [trial 4] Sharpe=0.0009 (folds: 0.0858, 0.0740, 0.0656, -0.0175, -0.2036)
    [trial 5] 49 features, training_days=50 | threshold=0.823 | labels: 1098 long, 1055 short (51/49%)
    [trial 5] Sharpe=-2.0338 (folds: -0.2240, -0.0372, -10.0000, 0.1357, -0.0435)
    [trial 6] 49 features, training_days=410 | threshold=0.549 | labels: 1098 long, 1055 short (51/49%)
    [trial 6] Sharpe=0.0608 (folds: 0.0558, 0.0241, 0.1458, 0.2266, -0.1485)
    [trial 7] 49 features, training_days=180 | threshold=0.526 | labels: 1098 long, 1055 short (51/49%)
    [trial 7] Sharpe=0.0154 (folds: 0.0565, 0.2091, 0.0054, -0.1414, -0.0528)
    [trial 8] 49 features, training_days=240 | threshold=0.811 | labels: 1098 long, 1055 short (51/49%)
    [trial 8] Sharpe=0.0506 (folds: 0.0658, 0.3030, -0.1002, 0.0924, -0.1082)
    [trial 9] 49 features, training_days=20 | threshold=0.538 | labels: 1098 long, 1055 short (51/49%)
    [trial 9] Sharpe=-2.1017 (folds: 0.0589, -10.0000, -0.0081, -0.2317, -0.3278)
    [trial 10] 49 features, training_days=350 | threshold=0.738 | labels: 1098 long, 1055 short (51/49%)
    [trial 10] Sharpe=0.0645 (folds: 0.0342, 0.2482, 0.1209, 0.0836, -0.1648)
    [trial 11] 49 features, training_days=340 | threshold=0.716 | labels: 1098 long, 1055 short (51/49%)
    [trial 11] Sharpe=0.0349 (folds: 0.0041, 0.2418, 0.1195, -0.0048, -0.1861)
    [trial 12] 49 features, training_days=360 | threshold=0.723 | labels: 1098 long, 1055 short (51/49%)
    [trial 12] Sharpe=0.0692 (folds: -0.0097, 0.1633, 0.1650, 0.2029, -0.1755)
    [trial 13] 49 features, training_days=320 | threshold=0.732 | labels: 1098 long, 1055 short (51/49%)
    [trial 13] Sharpe=0.0409 (folds: -0.0585, 0.2093, 0.1363, 0.1469, -0.2296)
    [trial 14] 49 features, training_days=270 | threshold=0.753 | labels: 1098 long, 1055 short (51/49%)
    [trial 14] Sharpe=0.0493 (folds: -0.0276, 0.2583, -0.0073, 0.1950, -0.1720)
    [trial 15] 49 features, training_days=400 | threshold=0.676 | labels: 1098 long, 1055 short (51/49%)
    [trial 15] Sharpe=0.0351 (folds: -0.0427, 0.2639, 0.0100, 0.0558, -0.1115)
    [trial 16] 49 features, training_days=100 | threshold=0.777 | labels: 1098 long, 1055 short (51/49%)
    [trial 16] Sharpe=-0.0324 (folds: -0.0866, -0.0371, -0.0604, 0.0162, 0.0058)
    [trial 17] 49 features, training_days=290 | threshold=0.689 | labels: 1098 long, 1055 short (51/49%)
    [trial 17] Sharpe=0.0714 (folds: 0.0308, 0.2685, 0.0787, 0.1359, -0.1569)
  Optuna: 18 trials, best Sharpe = 0.0714
  Best params: n_estimators=261, max_depth=4, lr=0.1417, leaves=47
  Best confidence_threshold: 0.689
  Best training_days: 290
  Retrained on full data (870 samples, 49 features)
  [ensemble 2/3] seed=123
    [trial 0] 49 features, training_days=150 | threshold=0.744 | labels: 1098 long, 1055 short (51/49%)
    [CV fold 0] train_end=2021-08-22 08:00 | val_start=2021-08-30 00:00 | gap=184h (22 rows)
    [CV fold 1] train_end=2021-12-19 16:00 | val_start=2021-12-27 08:00 | gap=184h (22 rows)
    [CV fold 2] train_end=2022-04-23 00:00 | val_start=2022-04-30 16:00 | gap=184h (22 rows)
    [CV fold 3] train_end=2022-08-20 08:00 | val_start=2022-08-28 00:00 | gap=184h (22 rows)
    [CV fold 4] train_end=2022-12-17 16:00 | val_start=2022-12-25 08:00 | gap=184h (22 rows)
    [trial 0] Sharpe=-0.0968 (folds: -0.0126, -0.0930, -0.2715, -0.1087, 0.0019)
    [trial 1] 49 features, training_days=220 | threshold=0.755 | labels: 1098 long, 1055 short (51/49%)
    [trial 1] Sharpe=-3.8342 (folds: -0.0132, 0.7514, -10.0000, -10.0000, 0.0908)
    [trial 2] 49 features, training_days=310 | threshold=0.754 | labels: 1098 long, 1055 short (51/49%)
    [trial 2] Sharpe=0.0559 (folds: -0.0241, 0.2515, 0.1823, 0.0767, -0.2072)
    [trial 3] 49 features, training_days=220 | threshold=0.673 | labels: 1098 long, 1055 short (51/49%)
    [trial 3] Sharpe=-0.0308 (folds: -0.1148, 0.1893, -0.0308, -0.0679, -0.1299)
    [trial 4] 49 features, training_days=130 | threshold=0.803 | labels: 1098 long, 1055 short (51/49%)
    [trial 4] Sharpe=-0.0287 (folds: -0.0091, -0.0177, 0.0084, 0.0022, -0.1274)
    [trial 5] 49 features, training_days=210 | threshold=0.606 | labels: 1098 long, 1055 short (51/49%)
    [trial 5] Sharpe=0.0172 (folds: -0.0619, 0.2407, -0.0132, -0.1153, 0.0356)
    [trial 6] 49 features, training_days=130 | threshold=0.767 | labels: 1098 long, 1055 short (51/49%)
    [trial 6] Sharpe=-0.0777 (folds: -0.0989, -0.0228, -0.0508, -0.1466, -0.0692)
    [trial 7] 49 features, training_days=80 | threshold=0.556 | labels: 1098 long, 1055 short (51/49%)
    [trial 7] Sharpe=-0.0112 (folds: -0.1024, -0.0285, -0.0789, 0.1498, 0.0041)
    [trial 8] 49 features, training_days=200 | threshold=0.607 | labels: 1098 long, 1055 short (51/49%)
    [trial 8] Sharpe=-0.0160 (folds: -0.1503, 0.2442, -0.0691, -0.1031, -0.0018)
    [trial 9] 49 features, training_days=260 | threshold=0.620 | labels: 1098 long, 1055 short (51/49%)
    [trial 9] Sharpe=0.0118 (folds: -0.0345, 0.2205, 0.0270, 0.0511, -0.2052)[I 2026-06-01 23:27:00,871] Trial 9 finished with value: 0.011779463055902661 and parameters: {'confidence_threshold': 0.6202096049169137, 'training_days': 260, 'n_estimators': 350, 'max_depth': 3, 'num_leaves': 21, 'learning_rate': 0.02989540198065364, 'subsample': 0.8307821683331218, 'colsample_bytree': 0.923253112635361, 'min_child_samples': 64, 'reg_alpha': 0.4898604619604203, 'reg_lambda': 2.9076377687066166e-05}. Best is trial 2 with value: 0.05585267501663084.
[I 2026-06-01 23:27:01,204] Trial 10 finished with value: 0.4831236328975065 and parameters: {'confidence_threshold': 0.8445241688507242, 'training_days': 420, 'n_estimators': 494, 'max_depth': 3, 'num_leaves': 30, 'learning_rate': 0.010221918552934462, 'subsample': 0.5019190721168774, 'colsample_bytree': 0.6202684210924141, 'min_child_samples': 45, 'reg_alpha': 1.5494783182896407e-08, 'reg_lambda': 0.018878930586497852}. Best is trial 10 with value: 0.4831236328975065.
[I 2026-06-01 23:27:01,537] Trial 11 finished with value: 0.4556328555342648 and parameters: {'confidence_threshold': 0.8371297552840329, 'training_days': 430, 'n_estimators': 493, 'max_depth': 3, 'num_leaves': 27, 'learning_rate': 0.010535067237031154, 'subsample': 0.5082312939353781, 'colsample_bytree': 0.625107197757402, 'min_child_samples': 45, 'reg_alpha': 1.0468203878541749e-08, 'reg_lambda': 0.01313348781546612}. Best is trial 10 with value: 0.4831236328975065.
[I 2026-06-01 23:27:01,884] Trial 12 finished with value: -1.6828659993294952 and parameters: {'confidence_threshold': 0.830632524875604, 'training_days': 480, 'n_estimators': 500, 'max_depth': 3, 'num_leaves': 27, 'learning_rate': 0.010201143194486034, 'subsample': 0.5172176338346133, 'colsample_bytree': 0.5773925919454104, 'min_child_samples': 47, 'reg_alpha': 1.3447320113864774e-08, 'reg_lambda': 0.03524119936949945}. Best is trial 10 with value: 0.4831236328975065.
[I 2026-06-01 23:27:02,226] Trial 13 finished with value: 0.4400038906094873 and parameters: {'confidence_threshold': 0.8319880314934806, 'training_days': 440, 'n_estimators': 481, 'max_depth': 3, 'num_leaves': 26, 'learning_rate': 0.010533478929525117, 'subsample': 0.5019824557515645, 'colsample_bytree': 0.6239217506299629, 'min_child_samples': 44, 'reg_alpha': 1.2419126705468136e-08, 'reg_lambda': 0.007333862701978235}. Best is trial 10 with value: 0.4831236328975065.
[I 2026-06-01 23:27:02,583] Trial 14 finished with value: 0.04600863303078314 and parameters: {'confidence_threshold': 0.6968624890517784, 'training_days': 380, 'n_estimators': 442, 'max_depth': 3, 'num_leaves': 15, 'learning_rate': 0.01645102485501106, 'subsample': 0.6148787147180652, 'colsample_bytree': 0.6622802537877405, 'min_child_samples': 45, 'reg_alpha': 4.956005056947948e-07, 'reg_lambda': 2.8848831766599905}. Best is trial 10 with value: 0.4831236328975065.
[I 2026-06-01 23:27:02,874] Trial 15 finished with value: 0.1737749820032402 and parameters: {'confidence_threshold': 0.8445000260475277, 'training_days': 380, 'n_estimators': 430, 'max_depth': 4, 'num_leaves': 33, 'learning_rate': 0.037392478764815176, 'subsample': 0.9296279388562269, 'colsample_bytree': 0.5093920150666754, 'min_child_samples': 100, 'reg_alpha': 3.0439081596040093e-07, 'reg_lambda': 0.05138157439645094}. Best is trial 10 with value: 0.4831236328975065.
[I 2026-06-01 23:27:03,095] Trial 16 finished with value: -1.7871121797098222 and parameters: {'confidence_threshold': 0.7941483518384257, 'training_days': 500, 'n_estimators': 279, 'max_depth': 3, 'num_leaves': 25, 'learning_rate': 0.0142468201984381, 'subsample': 0.6697434700565401, 'colsample_bytree': 0.6982877056862742, 'min_child_samples': 53, 'reg_alpha': 4.4694403302430627e-07, 'reg_lambda': 0.0019821772168074165}. Best is trial 10 with value: 0.4831236328975065.
[I 2026-06-01 23:27:03,387] Trial 17 finished with value: 0.0018919719866618279 and parameters: {'confidence_threshold': 0.5004748807695347, 'training_days': 380, 'n_estimators': 433, 'max_depth': 3, 'num_leaves': 36, 'learning_rate': 0.02985024780159564, 'subsample': 0.5573561929325529, 'colsample_bytree': 0.5573432434060188, 'min_child_samples': 37, 'reg_alpha': 7.741004120748901e-08, 'reg_lambda': 0.23012817067313873}. Best is trial 10 with value: 0.4831236328975065.
[I 2026-06-01 23:27:03,663] A new study created in memory with name: no-name-ae1a53d8-34fd-464c-856b-b0811c901519
[I 2026-06-01 23:27:03,868] Trial 0 finished with value: -0.027768593697597266 and parameters: {'confidence_threshold': 0.5870645682749857, 'training_days': 90, 'n_estimators': 403, 'max_depth': 5, 'num_leaves': 45, 'learning_rate': 0.0780457193679974, 'subsample': 0.9428509515574568, 'colsample_bytree': 0.8795587339164916, 'min_child_samples': 34, 'reg_alpha': 2.2465901234314442e-07, 'reg_lambda': 8.339007036475363e-05}. Best is trial 0 with value: -0.027768593697597266.
[I 2026-06-01 23:27:03,993] Trial 1 finished with value: 0.05545161483566126 and parameters: {'confidence_threshold': 0.6348453934275313, 'training_days': 290, 'n_estimators': 115, 'max_depth': 5, 'num_leaves': 37, 'learning_rate': 0.06949568759029946, 'subsample': 0.8228505074024268, 'colsample_bytree': 0.8616703220431751, 'min_child_samples': 75, 'reg_alpha': 4.2486822725010923e-07, 'reg_lambda': 1.157247767047042e-07}. Best is trial 1 with value: 0.05545161483566126.
[I 2026-06-01 23:27:04,019] Trial 2 finished with value: -0.13430374996160993 and parameters: {'confidence_threshold': 0.5849570384370288, 'training_days': 10, 'n_estimators': 212, 'max_depth': 3, 'num_leaves': 41, 'learning_rate': 0.18452095998378365, 'subsample': 0.6001060822924371, 'colsample_bytree': 0.5673167293506167, 'min_child_samples': 37, 'reg_alpha': 5.733250064217131, 'reg_lambda': 0.5308454292595461}. Best is trial 1 with value: 0.05545161483566126.
[I 2026-06-01 23:27:04,111] Trial 3 finished with value: 0.009951493741489393 and parameters: {'confidence_threshold': 0.6868248626683718, 'training_days': 220, 'n_estimators': 134, 'max_depth': 3, 'num_leaves': 45, 'learning_rate': 0.033529007907491595, 'subsample': 0.8647277071858408, 'colsample_bytree': 0.778494116634046, 'min_child_samples': 96, 'reg_alpha': 2.409409937265785e-07, 'reg_lambda': 1.1642073478060009}. Best is trial 1 with value: 0.05545161483566126.
[I 2026-06-01 23:27:04,208] Trial 4 finished with value: -0.0073117881640403 and parameters: {'confidence_threshold': 0.5623121348350352, 'training_days': 300, 'n_estimators': 69, 'max_depth': 4, 'num_leaves': 32, 'learning_rate': 0.14967629360700346, 'subsample': 0.5054535233636654, 'colsample_bytree': 0.7401385194659216, 'min_child_samples': 27, 'reg_alpha': 1.4212042567426725e-07, 'reg_lambda': 0.23605753701352003}. Best is trial 1 with value: 0.05545161483566126.
[I 2026-06-01 23:27:04,670] Trial 5 finished with value: 0.0035226374539046867 and parameters: {'confidence_threshold': 0.7111850244908446, 'training_days': 490, 'n_estimators': 362, 'max_depth': 5, 'num_leaves': 40, 'learning_rate': 0.05960785724162737, 'subsample': 0.5589714368907717, 'colsample_bytree': 0.6659006943232806, 'min_child_samples': 42, 'reg_alpha': 0.6741360303045295, 'reg_lambda': 6.054601607143087e-08}. Best is trial 1 with value: 0.05545161483566126.
[I 2026-06-01 23:27:04,866] Trial 6 finished with value: 0.07685873780071231 and parameters: {'confidence_threshold': 0.667482545748023, 'training_days': 420, 'n_estimators': 279, 'max_depth': 3, 'num_leaves': 45, 'learning_rate': 0.040099592560849204, 'subsample': 0.8563114696415159, 'colsample_bytree': 0.5442917781944105, 'min_child_samples': 50, 'reg_alpha': 1.6407916423707903e-08, 'reg_lambda': 2.935907642973286e-05}. Best is trial 6 with value: 0.07685873780071231.
[I 2026-06-01 23:27:05,045] Trial 7 finished with value: -0.0349631987949953 and parameters: {'confidence_threshold': 0.5497381024139926, 'training_days': 120, 'n_estimators': 408, 'max_depth': 5, 'num_leaves': 38, 'learning_rate': 0.28049122657745795, 'subsample': 0.8806573338635493, 'colsample_bytree': 0.5454054113547102, 'min_child_samples': 63, 'reg_alpha': 0.01263008637940408, 'reg_lambda': 0.04588020805366937}. Best is trial 6 with value: 0.07685873780071231.
[I 2026-06-01 23:27:05,347] Trial 8 finished with value: 0.08141947198481456 and parameters: {'confidence_threshold': 0.719644804808716, 'training_days': 450, 'n_estimators': 410, 'max_depth': 4, 'num_leaves': 57, 'learning_rate': 0.04022026551478857, 'subsample': 0.5336085426932707, 'colsample_bytree': 0.5705742850577543, 'min_child_samples': 100, 'reg_alpha': 5.916398047912201e-07, 'reg_lambda': 0.9794034214488329}. Best is trial 8 with value: 0.08141947198481456.
[I 2026-06-01 23:27:05,375] Trial 9 finished with value: -4.113518669665649 and parameters: {'confidence_threshold': 0.7267463643917187, 'training_days': 20, 'n_estimators': 337, 'max_depth': 5, 'num_leaves': 23, 'learning_rate': 0.022153031811454605, 'subsample': 0.6305627572358737, 'colsample_bytree': 0.6613413774216214, 'min_child_samples': 81, 'reg_alpha': 5.7638634029410314e-08, 'reg_lambda': 8.26603016764008}. Best is trial 8 with value: 0.08141947198481456.
[I 2026-06-01 23:27:05,771] Trial 10 finished with value: 0.20184404372195436 and parameters: {'confidence_threshold': 0.8283920119574972, 'training_days': 400, 'n_estimators': 485, 'max_depth': 4, 'num_leaves': 63, 'learning_rate': 0.011927505552849117, 'subsample': 0.7130289643560688, 'colsample_bytree': 0.9944479338273263, 'min_child_samples': 100, 'reg_alpha': 5.0239970328459277e-05, 'reg_lambda': 0.0028438774509831773}. Best is trial 10 with value: 0.20184404372195436.
[I 2026-06-01 23:27:06,174] Trial 11 finished with value: 0.2737559512797948 and parameters: {'confidence_threshold': 0.8431920368994753, 'training_days': 400, 'n_estimators': 478, 'max_depth': 4, 'num_leaves': 61, 'learning_rate': 0.010033528037260202, 'subsample': 0.6988002958677881, 'colsample_bytree': 0.9628722124262472, 'min_child_samples': 100, 'reg_alpha': 5.263694533895985e-05, 'reg_lambda': 0.0038935771291352755}. Best is trial 11 with value: 0.2737559512797948.
[I 2026-06-01 23:27:06,773] Trial 12 finished with value: 0.14899095426189649 and parameters: {'confidence_threshold': 0.8438571470748946, 'training_days': 380, 'n_estimators': 490, 'max_depth': 4, 'num_leaves': 63, 'learning_rate': 0.010159937976656527, 'subsample': 0.7118974055130827, 'colsample_bytree': 0.9826583982594713, 'min_child_samples': 85, 'reg_alpha': 5.113460481149383e-05, 'reg_lambda': 0.0025654558023732064}. Best is trial 11 with value: 0.2737559512797948.
[I 2026-06-01 23:27:07,248] Trial 13 finished with value: 0.22096407885760408 and parameters: {'confidence_threshold': 0.8491456140421829, 'training_days': 360, 'n_estimators': 494, 'max_depth': 4, 'num_leaves': 55, 'learning_rate': 0.010365171391461736, 'subsample': 0.7186328263857324, 'colsample_bytree': 0.977673677256957, 'min_child_samples': 90, 'reg_alpha': 6.04585595393063e-05, 'reg_lambda': 0.0025452809525593196}. Best is trial 11 with value: 0.2737559512797948.
[I 2026-06-01 23:27:07,758] Trial 14 finished with value: 0.07444082491239905 and parameters: {'confidence_threshold': 0.7943081452865708, 'training_days': 340, 'n_estimators': 500, 'max_depth': 4, 'num_leaves': 54, 'learning_rate': 0.017771085918009254, 'subsample': 0.7551466216757982, 'colsample_bytree': 0.9084453274554588, 'min_child_samples': 69, 'reg_alpha': 0.0015221098663002438, 'reg_lambda': 2.9657614985995184e-06}. Best is trial 11 with value: 0.2737559512797948.
[I 2026-06-01 23:27:08,110] Trial 15 finished with value: 0.04450025912864488 and parameters: {'confidence_threshold': 0.7829525506318393, 'training_days': 220, 'n_estimators': 442, 'max_depth': 4, 'num_leaves': 54, 'learning_rate': 0.017185741931187777, 'subsample': 0.6586504560541906, 'colsample_bytree': 0.9433376621271292, 'min_child_samples': 88, 'reg_alpha': 8.389848446565311e-06, 'reg_lambda': 0.00387315817552123}. Best is trial 11 with value: 0.2737559512797948.
[I 2026-06-01 23:27:08,406] Trial 16 finished with value: 0.06895717885639877 and parameters: {'confidence_threshold': 0.7707332394897592, 'training_days': 490, 'n_estimators': 297, 'max_depth': 4, 'num_leaves': 51, 'learning_rate': 0.013913112912201937, 'subsample': 0.7929846751481868, 'colsample_bytree': 0.8250538738745807, 'min_child_samples': 90, 'reg_alpha': 0.0036866572374291543, 'reg_lambda': 0.022479599290053574}. Best is trial 11 with value: 0.2737559512797948.
