[I 2026-06-01 23:29:07,460] Trial 1 finished with value: -2.0046997128300257 and parameters: {'confidence_threshold': 0.7551673975844145, 'training_days': 220, 'n_estimators': 76, 'max_depth': 4, 'num_leaves': 51, 'learning_rate': 0.018602118810743477, 'subsample': 0.5877258780737462, 'colsample_bytree': 0.7657756869209191, 'min_child_samples': 63, 'reg_alpha': 0.005123994170264194, 'reg_lambda': 0.44145470178120466}. Best is trial 0 with value: 0.02229943251133184.

  Samples per month: 2022-02: 75, 2022-03: 93, 2022-04: 84, 2022-05: 93, 2022-06: 90, 2022-07: 93, 2022-08: 93, 2022-09: 90, 2022-10: 93, 2022-11: 90, 2022-12: 93, 2023-01: 93, 2023-02: 84, 2023-03: 93, 2023-04: 90, 2023-05: 93, 2023-06: 90, 2023-07: 93, 2023-08: 93, 2023-09: 90, 2023-10: 93, 2023-11: 90, 2023-12: 93, 2024-01: 71
  [label] 2022-04-08 00:00 LTCUSDT entry=115.0000 → SHORT | long=sl(-5.90%) short=tp(+11.50%) | scanned=12 | short_tp_only
  [label] 2022-04-10 08:00 LTCUSDT entry=112.2200 → LONG | long=sl(-5.00%) short=timeout(-1.07%) | scanned=22 | no_tp→fwd_return=+0.9713
  [label] 2022-04-14 00:00 LTCUSDT entry=110.7700 → LONG | long=sl(-5.13%) short=timeout(-0.46%) | scanned=22 | no_tp→fwd_return=+0.3611
  [label] 2022-05-08 16:00 LTCUSDT entry=93.8400 → SHORT | long=sl(-6.31%) short=tp(+12.32%) | scanned=3 | short_tp_only
  [label] 2022-06-29 16:00 LTCUSDT entry=53.6500 → SHORT | long=sl(-8.59%) short=timeout(+6.11%) | scanned=22 | no_tp→fwd_return=-6.2069
  [label] 2022-12-11 08:00 LTCUSDT entry=77.3900 → SHORT | long=sl(-4.64%) short=tp(+8.97%) | scanned=15 | short_tp_only
  [label] 2022-12-15 08:00 LTCUSDT entry=73.9800 → SHORT | long=sl(-5.60%) short=tp(+10.90%) | scanned=4 | short_tp_only
  [label] 2022-12-26 00:00 LTCUSDT entry=68.8700 → SHORT | long=sl(-4.14%) short=sl(-4.14%) | scanned=8 | no_tp→fwd_return=-3.7752
  [label] 2023-02-08 16:00 LTCUSDT entry=99.1900 → SHORT | long=sl(-5.02%) short=tp(+9.74%) | scanned=15 | short_tp_only
  [label] 2023-02-17 00:00 LTCUSDT entry=99.5000 → SHORT | long=sl(-6.10%) short=timeout(+5.42%) | scanned=22 | no_tp→fwd_return=-5.5176
  [label] 2023-05-18 00:00 LTCUSDT entry=92.9200 → SHORT | long=sl(-5.09%) short=tp(+9.87%) | scanned=21 | short_tp_only
  [label] 2023-06-18 16:00 LTCUSDT entry=77.1400 → LONG | long=tp(+9.11%) short=sl(-4.71%) | scanned=7 | long_tp_only
  [label] 2023-07-04 16:00 LTCUSDT entry=104.3100 → SHORT | long=sl(-8.85%) short=timeout(+7.19%) | scanned=22 | no_tp→fwd_return=-7.2860
  [label] 2023-07-17 00:00 LTCUSDT entry=92.9700 → SHORT | long=timeout(-0.66%) short=timeout(+0.46%) | scanned=22 | no_tp→fwd_return=-0.5593
  [label] 2023-08-04 16:00 LTCUSDT entry=82.1800 → LONG | long=timeout(+1.55%) short=timeout(-1.75%) | scanned=22 | no_tp→fwd_return=+1.6549
  [label] 2023-08-10 16:00 LTCUSDT entry=83.0900 → SHORT | long=sl(-3.51%) short=tp(+6.72%) | scanned=15 | short_tp_only
  [label] 2023-08-23 00:00 LTCUSDT entry=64.9900 → LONG | long=timeout(+4.05%) short=sl(-6.16%) | scanned=22 | no_tp→fwd_return=+4.1545
  [label] 2023-10-01 08:00 LTCUSDT entry=66.8600 → SHORT | long=sl(-3.04%) short=sl(-3.04%) | scanned=4 | no_tp→fwd_return=-1.4059
  [label] 2023-10-11 00:00 LTCUSDT entry=62.7100 → LONG | long=sl(-3.14%) short=sl(-3.14%) | scanned=16 | no_tp→fwd_return=+1.2438
  [label] 2024-01-04 08:00 LTCUSDT entry=66.3100 → LONG | long=sl(-7.43%) short=sl(-7.43%) | scanned=19 | no_tp→fwd_return=+5.7307
  Labels: 1082 long (50.3%), 1071 short (49.7%) | weights: min=1.00, mean=3.24, max=10.00
  Features: 2153/2153 matched, 49 columns
  CV gap: 22 rows
  [ensemble 1/3] seed=42
    [trial 0] 49 features, training_days=480 | threshold=0.631 | labels: 1082 long, 1071 short (50/50%)
    [CV fold 0] train_end=2022-05-30 08:00 | val_start=2022-06-07 00:00 | gap=184h (22 rows)
    [CV fold 1] train_end=2022-09-26 16:00 | val_start=2022-10-04 08:00 | gap=184h (22 rows)
    [CV fold 2] train_end=2023-01-24 00:00 | val_start=2023-01-31 16:00 | gap=184h (22 rows)
    [CV fold 3] train_end=2023-05-23 08:00 | val_start=2023-05-31 00:00 | gap=184h (22 rows)
    [CV fold 4] train_end=2023-09-19 16:00 | val_start=2023-09-27 08:00 | gap=184h (22 rows)
    [trial 0] Sharpe=-0.0119 (folds: -0.1335, -0.0178, 0.0690, 0.1137, -0.0908)
    [trial 1] 49 features, training_days=420 | threshold=0.839 | labels: 1082 long, 1071 short (50/50%)
    [trial 1] Sharpe=-3.8576 (folds: 0.2129, -10.0000, -10.0000, 0.0286, 0.4705)
    [trial 2] 49 features, training_days=190 | threshold=0.602 | labels: 1082 long, 1071 short (50/50%)
    [trial 2] Sharpe=0.0000 (folds: -0.0774, 0.0544, 0.0040, -0.0111, 0.0304)
    [trial 3] 49 features, training_days=490 | threshold=0.832 | labels: 1082 long, 1071 short (50/50%)
    [trial 3] Sharpe=0.0129 (folds: -0.0602, -0.0366, 0.1217, 0.0926, -0.0531)
    [trial 4] 49 features, training_days=340 | threshold=0.591 | labels: 1082 long, 1071 short (50/50%)
    [trial 4] Sharpe=-0.0862 (folds: -0.1252, -0.0909, 0.0205, -0.0712, -0.1639)
    [trial 5] 49 features, training_days=50 | threshold=0.823 | labels: 1082 long, 1071 short (50/50%)
    [trial 5] Sharpe=-0.0172 (folds: -0.1768, -0.2680, -0.2285, 0.0688, 0.5188)
    [trial 6] 49 features, training_days=410 | threshold=0.549 | labels: 1082 long, 1071 short (50/50%)
    [trial 6] Sharpe=-0.0233 (folds: -0.1533, -0.0487, 0.0619, -0.0054, 0.0291)
    [trial 7] 49 features, training_days=180 | threshold=0.526 | labels: 1082 long, 1071 short (50/50%)
    [trial 7] Sharpe=-0.0569 (folds: -0.0908, -0.1406, -0.0092, -0.0834, 0.0395)
    [trial 8] 49 features, training_days=240 | threshold=0.811 | labels: 1082 long, 1071 short (50/50%)
    [trial 8] Sharpe=-0.0475 (folds: -0.0926, -0.2703, 0.2488, -0.0619, -0.0614)
    [trial 9] 49 features, training_days=20 | threshold=0.538 | labels: 1082 long, 1071 short (50/50%)
    [trial 9] Sharpe=-2.1303 (folds: -0.2185, -0.4084, 0.0129, -10.0000, -0.0374)
    [trial 10] 49 features, training_days=350 | threshold=0.730 | labels: 1082 long, 1071 short (50/50%)
    [trial 10] Sharpe=-0.0424 (folds: -0.0877, -0.1371, 0.0188, 0.0003, -0.0062)
    [trial 11] 49 features, training_days=150 | threshold=0.701 | labels: 1082 long, 1071 short (50/50%)
    [trial 11] Sharpe=-0.0095 (folds: -0.1530, 0.1115, -0.0343, 0.0981, -0.0699)
    [trial 12] 49 features, training_days=260 | threshold=0.744 | labels: 1082 long, 1071 short (50/50%)
    [trial 12] Sharpe=-0.0104 (folds: -0.1158, -0.0281, 0.1020, -0.0211, 0.0112)
    [trial 13] 49 features, training_days=140 | threshold=0.648 | labels: 1082 long, 1071 short (50/50%)
    [trial 13] Sharpe=0.0254 (folds: -0.0510, 0.1622, -0.0643, 0.1327, -0.0528)
    [trial 14] 49 features, training_days=100 | threshold=0.661 | labels: 1082 long, 1071 short (50/50%)
    [trial 14] Sharpe=0.0209 (folds: -0.0009, 0.1049, -0.0783, 0.1992, -0.1205)
    [trial 15] 49 features, training_days=100 | threshold=0.666 | labels: 1082 long, 1071 short (50/50%)
    [trial 15] Sharpe=-0.0066 (folds: -0.0377, 0.1133, -0.1231, 0.1737, -0.1591)
    [trial 16] 49 features, training_days=100 | threshold=0.653 | labels: 1082 long, 1071 short (50/50%)
    [trial 16] Sharpe=0.0326 (folds: -0.0017, 0.1843, -0.1022, 0.2336, -0.1508)
    [trial 17] 49 features, training_days=100 | threshold=0.764 | labels: 1082 long, 1071 short (50/50%)
    [trial 17] Sharpe=0.0143 (folds: -0.0813, 0.1704, -0.0830, 0.2388, -0.1736)
  Optuna: 18 trials, best Sharpe = 0.0326
  Best params: n_estimators=220, max_depth=3, lr=0.1645, leaves=63
  Best confidence_threshold: 0.653
  Best training_days: 100
  Retrained on full data (300 samples, 49 features)
  [ensemble 2/3] seed=123
    [trial 0] 49 features, training_days=150 | threshold=0.744 | labels: 1082 long, 1071 short (50/50%)
    [CV fold 0] train_end=2022-05-30 08:00 | val_start=2022-06-07 00:00 | gap=184h (22 rows)
    [CV fold 1] train_end=2022-09-26 16:00 | val_start=2022-10-04 08:00 | gap=184h (22 rows)
    [CV fold 2] train_end=2023-01-24 00:00 | val_start=2023-01-31 16:00 | gap=184h (22 rows)
    [CV fold 3] train_end=2023-05-23 08:00 | val_start=2023-05-31 00:00 | gap=184h (22 rows)
    [CV fold 4] train_end=2023-09-19 16:00 | val_start=2023-09-27 08:00 | gap=184h (22 rows)
    [trial 0] Sharpe=0.0223 (folds: -0.0322, 0.0718, -0.0263, 0.0515, 0.0466)
    [trial 1] 49 features, training_days=220 | threshold=0.755 | labels: 1082 long, 1071 short (50/50%)
    [trial 1] Sharpe=-2.0047 (folds: 0.0956, -10.0000, -0.0583, 0.0415, -0.1023)
    [trial 2] 49 features, training_days=310 | threshold=0.754 | labels: 1082 long, 1071 short (50/50%)
    [trial 2] Sharpe=-0.0743 (folds: -0.1529, -0.1949, 0.1091, -0.0048, -0.1283)[I 2026-06-01 23:29:07,722] Trial 2 finished with value: -0.0743346323586446 and parameters: {'confidence_threshold': 0.7535593637012223, 'training_days': 310, 'n_estimators': 375, 'max_depth': 3, 'num_leaves': 32, 'learning_rate': 0.021735641882032388, 'subsample': 0.6468570231944146, 'colsample_bytree': 0.8154880619272439, 'min_child_samples': 27, 'reg_alpha': 8.004064028491336e-05, 'reg_lambda': 7.546835261630524e-05}. Best is trial 0 with value: 0.02229943251133184.
[I 2026-06-01 23:29:07,895] Trial 3 finished with value: -0.004083266390071094 and parameters: {'confidence_threshold': 0.6727897841776072, 'training_days': 220, 'n_estimators': 190, 'max_depth': 4, 'num_leaves': 58, 'learning_rate': 0.24810689332636193, 'subsample': 0.7509183379421682, 'colsample_bytree': 0.8119764758960556, 'min_child_samples': 29, 'reg_alpha': 7.1708285081421445e-06, 'reg_lambda': 5.412973582738627e-05}. Best is trial 0 with value: 0.02229943251133184.
[I 2026-06-01 23:29:08,023] Trial 4 finished with value: 0.024636720834279 and parameters: {'confidence_threshold': 0.803208205259178, 'training_days': 130, 'n_estimators': 267, 'max_depth': 5, 'num_leaves': 40, 'learning_rate': 0.08041175317374143, 'subsample': 0.5603143329951619, 'colsample_bytree': 0.9131704002534167, 'min_child_samples': 68, 'reg_alpha': 0.0008046593428183385, 'reg_lambda': 1.2158346158765583e-05}. Best is trial 4 with value: 0.024636720834279.
[I 2026-06-01 23:29:08,276] Trial 5 finished with value: 0.04770547640543285 and parameters: {'confidence_threshold': 0.6064422761595144, 'training_days': 210, 'n_estimators': 357, 'max_depth': 5, 'num_leaves': 40, 'learning_rate': 0.0974221287220869, 'subsample': 0.7929682762811064, 'colsample_bytree': 0.8124517510478, 'min_child_samples': 74, 'reg_alpha': 0.3811377260781234, 'reg_lambda': 5.607314238392041e-08}. Best is trial 5 with value: 0.04770547640543285.
[I 2026-06-01 23:29:08,393] Trial 6 finished with value: -0.0173315317342002 and parameters: {'confidence_threshold': 0.7672889945051684, 'training_days': 130, 'n_estimators': 137, 'max_depth': 4, 'num_leaves': 19, 'learning_rate': 0.2031117614248665, 'subsample': 0.8136244860256343, 'colsample_bytree': 0.8617081790949774, 'min_child_samples': 21, 'reg_alpha': 0.002238138278733199, 'reg_lambda': 0.001025809534977322}. Best is trial 5 with value: 0.04770547640543285.
[I 2026-06-01 23:29:08,475] Trial 7 finished with value: 0.056530936624807904 and parameters: {'confidence_threshold': 0.555635875450653, 'training_days': 80, 'n_estimators': 363, 'max_depth': 3, 'num_leaves': 48, 'learning_rate': 0.06590089024008658, 'subsample': 0.6944752870615722, 'colsample_bytree': 0.962566244806993, 'min_child_samples': 88, 'reg_alpha': 1.6465620446426067e-05, 'reg_lambda': 2.4678750890085655e-08}. Best is trial 7 with value: 0.056530936624807904.
[I 2026-06-01 23:29:08,847] Trial 8 finished with value: -0.03309443614007158 and parameters: {'confidence_threshold': 0.6066688256938841, 'training_days': 200, 'n_estimators': 367, 'max_depth': 5, 'num_leaves': 32, 'learning_rate': 0.13377519215934996, 'subsample': 0.7965884582811106, 'colsample_bytree': 0.8458508993500886, 'min_child_samples': 32, 'reg_alpha': 3.889436043816386e-05, 'reg_lambda': 1.4713062489380356e-06}. Best is trial 7 with value: 0.056530936624807904.
[I 2026-06-01 23:29:09,095] Trial 9 finished with value: -0.024631304483385668 and parameters: {'confidence_threshold': 0.6202096049169137, 'training_days': 260, 'n_estimators': 350, 'max_depth': 3, 'num_leaves': 21, 'learning_rate': 0.02989540198065364, 'subsample': 0.8307821683331218, 'colsample_bytree': 0.923253112635361, 'min_child_samples': 64, 'reg_alpha': 0.4898604619604203, 'reg_lambda': 2.9076377687066166e-05}. Best is trial 7 with value: 0.056530936624807904.
[I 2026-06-01 23:29:09,133] Trial 10 finished with value: -0.12113348506553871 and parameters: {'confidence_threshold': 0.5248809389721337, 'training_days': 10, 'n_estimators': 493, 'max_depth': 3, 'num_leaves': 63, 'learning_rate': 0.010221918552934462, 'subsample': 0.667749445701178, 'colsample_bytree': 0.6202684210924141, 'min_child_samples': 99, 'reg_alpha': 1.3884210513841762e-08, 'reg_lambda': 0.02273343343290072}. Best is trial 7 with value: 0.056530936624807904.
[I 2026-06-01 23:29:09,594] Trial 11 finished with value: -0.016555042211349003 and parameters: {'confidence_threshold': 0.506770946178031, 'training_days': 480, 'n_estimators': 477, 'max_depth': 5, 'num_leaves': 44, 'learning_rate': 0.08604837218818126, 'subsample': 0.9122404934365217, 'colsample_bytree': 0.9844260248324604, 'min_child_samples': 90, 'reg_alpha': 0.22420772377574527, 'reg_lambda': 1.001500342919187e-08}. Best is trial 7 with value: 0.056530936624807904.
[I 2026-06-01 23:29:09,632] Trial 12 finished with value: -2.1303001175871574 and parameters: {'confidence_threshold': 0.5748362128974933, 'training_days': 20, 'n_estimators': 287, 'max_depth': 5, 'num_leaves': 33, 'learning_rate': 0.06804217507392854, 'subsample': 0.6617484219667187, 'colsample_bytree': 0.6669454130036883, 'min_child_samples': 82, 'reg_alpha': 6.210448045058425, 'reg_lambda': 5.4007404801918065e-08}. Best is trial 7 with value: 0.056530936624807904.
[I 2026-06-01 23:29:09,883] Trial 13 finished with value: -0.008561602919074634 and parameters: {'confidence_threshold': 0.6707470517555971, 'training_days': 340, 'n_estimators': 413, 'max_depth': 3, 'num_leaves': 47, 'learning_rate': 0.1305743004594783, 'subsample': 0.5024707401359401, 'colsample_bytree': 0.5443982906148261, 'min_child_samples': 79, 'reg_alpha': 3.0088863979121155e-07, 'reg_lambda': 3.0523674035427045e-07}. Best is trial 7 with value: 0.056530936624807904.
[I 2026-06-01 23:29:09,983] Trial 14 finished with value: 0.0239090156931309 and parameters: {'confidence_threshold': 0.5629551456965542, 'training_days': 70, 'n_estimators': 296, 'max_depth': 4, 'num_leaves': 39, 'learning_rate': 0.04845593946981536, 'subsample': 0.7204416227477246, 'colsample_bytree': 0.9980801867049148, 'min_child_samples': 49, 'reg_alpha': 0.03895716396495772, 'reg_lambda': 2.6673212293642084e-07}. Best is trial 7 with value: 0.056530936624807904.
[I 2026-06-01 23:29:10,353] Trial 15 finished with value: -0.013277267699996473 and parameters: {'confidence_threshold': 0.630011031389721, 'training_days': 360, 'n_estimators': 436, 'max_depth': 5, 'num_leaves': 56, 'learning_rate': 0.12590433810309265, 'subsample': 0.8966418548807951, 'colsample_bytree': 0.7100615801253825, 'min_child_samples': 78, 'reg_alpha': 1.570172639790588e-06, 'reg_lambda': 0.0017946564161561709}. Best is trial 7 with value: 0.056530936624807904.
[I 2026-06-01 23:29:10,437] Trial 16 finished with value: 0.016557533837492137 and parameters: {'confidence_threshold': 0.5640466097691189, 'training_days': 90, 'n_estimators': 253, 'max_depth': 3, 'num_leaves': 25, 'learning_rate': 0.04001405295822491, 'subsample': 0.7311916895834284, 'colsample_bytree': 0.9182676696103418, 'min_child_samples': 99, 'reg_alpha': 4.931272808054431, 'reg_lambda': 2.6589224612714345e-08}. Best is trial 7 with value: 0.056530936624807904.
[I 2026-06-01 23:29:10,717] Trial 17 finished with value: 0.005385262697282458 and parameters: {'confidence_threshold': 0.7083504317363137, 'training_days': 480, 'n_estimators': 332, 'max_depth': 4, 'num_leaves': 43, 'learning_rate': 0.10135076674102335, 'subsample': 0.8814834397914189, 'colsample_bytree': 0.7479391032148799, 'min_child_samples': 88, 'reg_alpha': 0.017867971546418063, 'reg_lambda': 1.3489951187488e-06}. Best is trial 7 with value: 0.056530936624807904.
[I 2026-06-01 23:29:11,012] A new study created in memory with name: no-name-e9439072-6888-445b-8144-7cb8e367800e
[I 2026-06-01 23:29:11,208] Trial 0 finished with value: 0.03917051228612175 and parameters: {'confidence_threshold': 0.5870645682749857, 'training_days': 90, 'n_estimators': 403, 'max_depth': 5, 'num_leaves': 45, 'learning_rate': 0.0780457193679974, 'subsample': 0.9428509515574568, 'colsample_bytree': 0.8795587339164916, 'min_child_samples': 34, 'reg_alpha': 2.2465901234314442e-07, 'reg_lambda': 8.339007036475363e-05}. Best is trial 0 with value: 0.03917051228612175.
[I 2026-06-01 23:29:11,322] Trial 1 finished with value: -0.05118902035939297 and parameters: {'confidence_threshold': 0.6348453934275313, 'training_days': 290, 'n_estimators': 115, 'max_depth': 5, 'num_leaves': 37, 'learning_rate': 0.06949568759029946, 'subsample': 0.8228505074024268, 'colsample_bytree': 0.8616703220431751, 'min_child_samples': 75, 'reg_alpha': 4.2486822725010923e-07, 'reg_lambda': 1.157247767047042e-07}. Best is trial 0 with value: 0.03917051228612175.
[I 2026-06-01 23:29:11,345] Trial 2 finished with value: -0.12113348506553871 and parameters: {'confidence_threshold': 0.5849570384370288, 'training_days': 10, 'n_estimators': 212, 'max_depth': 3, 'num_leaves': 41, 'learning_rate': 0.18452095998378365, 'subsample': 0.6001060822924371, 'colsample_bytree': 0.5673167293506167, 'min_child_samples': 37, 'reg_alpha': 5.733250064217131, 'reg_lambda': 0.5308454292595461}. Best is trial 0 with value: 0.03917051228612175.
[I 2026-06-01 23:29:11,435] Trial 3 finished with value: 0.047844027748089255 and parameters: {'confidence_threshold': 0.6868248626683718, 'training_days': 220, 'n_estimators': 134, 'max_depth': 3, 'num_leaves': 45, 'learning_rate': 0.033529007907491595, 'subsample': 0.8647277071858408, 'colsample_bytree': 0.778494116634046, 'min_child_samples': 96, 'reg_alpha': 2.409409937265785e-07, 'reg_lambda': 1.1642073478060009}. Best is trial 3 with value: 0.047844027748089255.
[I 2026-06-01 23:29:11,529] Trial 4 finished with value: -0.04230606244451578 and parameters: {'confidence_threshold': 0.5623121348350352, 'training_days': 300, 'n_estimators': 69, 'max_depth': 4, 'num_leaves': 32, 'learning_rate': 0.14967629360700346, 'subsample': 0.5054535233636654, 'colsample_bytree': 0.7401385194659216, 'min_child_samples': 27, 'reg_alpha': 1.4212042567426725e-07, 'reg_lambda': 0.23605753701352003}. Best is trial 3 with value: 0.047844027748089255.
[I 2026-06-01 23:29:11,984] Trial 5 finished with value: -0.03233421053908432 and parameters: {'confidence_threshold': 0.7111850244908446, 'training_days': 490, 'n_estimators': 362, 'max_depth': 5, 'num_leaves': 40, 'learning_rate': 0.05960785724162737, 'subsample': 0.5589714368907717, 'colsample_bytree': 0.6659006943232806, 'min_child_samples': 42, 'reg_alpha': 0.6741360303045295, 'reg_lambda': 6.054601607143087e-08}. Best is trial 3 with value: 0.047844027748089255.
[I 2026-06-01 23:29:12,168] Trial 6 finished with value: -0.0017428008362506812 and parameters: {'confidence_threshold': 0.667482545748023, 'training_days': 420, 'n_estimators': 279, 'max_depth': 3, 'num_leaves': 45, 'learning_rate': 0.040099592560849204, 'subsample': 0.8563114696415159, 'colsample_bytree': 0.5442917781944105, 'min_child_samples': 50, 'reg_alpha': 1.6407916423707903e-08, 'reg_lambda': 2.935907642973286e-05}. Best is trial 3 with value: 0.047844027748089255.
[I 2026-06-01 23:29:12,338] Trial 7 finished with value: 0.016381475633520833 and parameters: {'confidence_threshold': 0.5497381024139926, 'training_days': 120, 'n_estimators': 408, 'max_depth': 5, 'num_leaves': 38, 'learning_rate': 0.28049122657745795, 'subsample': 0.8806573338635493, 'colsample_bytree': 0.5454054113547102, 'min_child_samples': 63, 'reg_alpha': 0.01263008637940408, 'reg_lambda': 0.04588020805366937}. Best is trial 3 with value: 0.047844027748089255.
[I 2026-06-01 23:29:12,639] Trial 8 finished with value: -0.04467063916888157 and parameters: {'confidence_threshold': 0.719644804808716, 'training_days': 450, 'n_estimators': 410, 'max_depth': 4, 'num_leaves': 57, 'learning_rate': 0.04022026551478857, 'subsample': 0.5336085426932707, 'colsample_bytree': 0.5705742850577543, 'min_child_samples': 100, 'reg_alpha': 5.916398047912201e-07, 'reg_lambda': 0.9794034214488329}. Best is trial 3 with value: 0.047844027748089255.
[I 2026-06-01 23:29:12,662] Trial 9 finished with value: -6.041138466490461 and parameters: {'confidence_threshold': 0.7267463643917187, 'training_days': 20, 'n_estimators': 337, 'max_depth': 5, 'num_leaves': 23, 'learning_rate': 0.022153031811454605, 'subsample': 0.6305627572358737, 'colsample_bytree': 0.6613413774216214, 'min_child_samples': 81, 'reg_alpha': 5.7638634029410314e-08, 'reg_lambda': 8.26603016764008}. Best is trial 3 with value: 0.047844027748089255.
[I 2026-06-01 23:29:12,768] Trial 10 finished with value: -10.0 and parameters: {'confidence_threshold': 0.8283920119574972, 'training_days': 200, 'n_estimators': 181, 'max_depth': 3, 'num_leaves': 62, 'learning_rate': 0.011579281028220855, 'subsample': 0.7130289643560688, 'colsample_bytree': 0.9944479338273263, 'min_child_samples': 100, 'reg_alpha': 6.837313901272251e-05, 'reg_lambda': 0.0027253228209330924}. Best is trial 3 with value: 0.047844027748089255.
[I 2026-06-01 23:29:13,154] Trial 11 finished with value: 0.015717905931218062 and parameters: {'confidence_threshold': 0.6199117858976716, 'training_days': 140, 'n_estimators': 478, 'max_depth': 4, 'num_leaves': 50, 'learning_rate': 0.09545304377912815, 'subsample': 0.9905541628258661, 'colsample_bytree': 0.8685569825074387, 'min_child_samples': 23, 'reg_alpha': 2.5646023357365184e-05, 'reg_lambda': 1.7304651813913034e-05}. Best is trial 3 with value: 0.047844027748089255.
