[I 2026-06-01 12:59:26,633] Trial 7 finished with value: 0.02005145142789965 and parameters: {'confidence_threshold': 0.5259156281069316, 'training_days': 180, 'n_estimators': 102, 'max_depth': 5, 'num_leaves': 45, 'learning_rate': 0.030816017044468066, 'subsample': 0.5317791751430119, 'colsample_bytree': 0.6554911608578311, 'min_child_samples': 46, 'reg_alpha': 0.036851536911881845, 'reg_lambda': 0.005470376807480391}. Best is trial 4 with value: 0.03922468093100358.

    [trial 13] 48 features, training_days=350 | threshold=0.805 | labels: 1040 long, 1128 short (48/52%)
    [trial 13] Sharpe=-0.1736 (folds: -0.4601, 0.0171, -0.3482, -0.0240, -0.0527)
    [trial 14] 48 features, training_days=130 | threshold=0.772 | labels: 1040 long, 1128 short (48/52%)
    [trial 14] Sharpe=-0.0373 (folds: -0.2825, 0.0137, -0.1002, 0.0522, 0.1305)
    [trial 15] 48 features, training_days=210 | threshold=0.667 | labels: 1040 long, 1128 short (48/52%)
    [trial 15] Sharpe=-0.0462 (folds: -0.1136, 0.0970, -0.4536, 0.0770, 0.1622)
    [trial 16] 48 features, training_days=350 | threshold=0.619 | labels: 1040 long, 1128 short (48/52%)
    [trial 16] Sharpe=-0.0989 (folds: -0.1005, -0.1317, -0.3133, 0.0564, -0.0055)
    [trial 17] 48 features, training_days=70 | threshold=0.503 | labels: 1040 long, 1128 short (48/52%)
    [trial 17] Sharpe=-0.0063 (folds: 0.0360, -0.0595, 0.0330, -0.0006, -0.0402)
  Optuna: 18 trials, best Sharpe = -0.0063
  Best params: n_estimators=253, max_depth=3, lr=0.0132, leaves=41
  Best confidence_threshold: 0.503
  Best training_days: 70
  Retrained on full data (210 samples, 48 features)
  OOD: 16 features, cutoff (q=0.7) = 10.49
  Model trained for 2023-10: 93 test candles with features, confidence_threshold=0.694
[trade:close] 2023-10-01 23:59 BTCUSDT SHORT → stop_loss @ 27510.28 | PnL=-2.30% (net -2.40%) | cum=-13.03% 2023-10=-2.40% 2023-10-01=-2.40%
[predict] 2023-10-03 00:00 BTCUSDT → SHORT (proba=0.83 TP=5.7%/SL=2.9%)
[trade:open] 2023-10-03 07:59 BTCUSDT SHORT @ 27528.10 | SL=28314.64 TP=25955.03 | timeout=2023-10-10 07:59
[trade:close] 2023-10-06 23:59 BTCUSDT SHORT → stop_loss @ 28314.64 | PnL=-2.86% (net -2.96%) | cum=-15.99% 2023-10=-5.36% 2023-10-06=-2.96%
[predict] 2023-10-07 16:00 BTCUSDT → SHORT (proba=0.84 TP=4.9%/SL=2.4%)
[trade:open] 2023-10-07 23:59 BTCUSDT SHORT @ 27943.00 | SL=28625.92 TP=26577.16 | timeout=2023-10-14 23:59
[trade:close] 2023-10-11 23:59 BTCUSDT SHORT → take_profit @ 26577.16 | PnL=+4.89% (net +4.79%) | cum=-11.20% 2023-10=-0.57% 2023-10-11=+4.79%
[predict] 2023-10-12 16:00 BTCUSDT → SHORT (proba=0.71 TP=4.5%/SL=2.3%)
[trade:open] 2023-10-12 23:59 BTCUSDT SHORT @ 26744.00 | SL=27350.88 TP=25530.25 | timeout=2023-10-19 23:59
[trade:close] 2023-10-15 23:59 BTCUSDT SHORT → stop_loss @ 27350.88 | PnL=-2.27% (net -2.37%) | cum=-13.57% 2023-10=-2.94% 2023-10-15=-2.37%
[predict] 2023-10-18 16:00 BTCUSDT → SHORT (proba=0.75 TP=6.8%/SL=3.4%)
[trade:open] 2023-10-18 23:59 BTCUSDT SHORT @ 28307.10 | SL=29270.79 TP=26379.72 | timeout=2023-10-25 23:59
[trade:close] 2023-10-20 07:59 BTCUSDT SHORT → stop_loss @ 29270.79 | PnL=-3.40% (net -3.50%) | cum=-17.08% 2023-10=-6.45% 2023-10-20=-3.50%
[predict] 2023-10-31 00:00 BTCUSDT → SHORT (proba=0.71 TP=6.6%/SL=3.3%)
[trade:open] 2023-10-31 07:59 BTCUSDT SHORT @ 34151.90 | SL=35272.03 TP=31911.63 | timeout=2023-11-07 07:59
[lgbm] === Training for 2023-11 ===
  Train window: 2021-11-01 → 2023-10-24
  2168 training samples from 1 symbols
  Samples per month: 2021-11: 90, 2021-12: 93, 2022-01: 93, 2022-02: 84, 2022-03: 93, 2022-04: 90, 2022-05: 93, 2022-06: 90, 2022-07: 93, 2022-08: 93, 2022-09: 90, 2022-10: 93, 2022-11: 90, 2022-12: 93, 2023-01: 93, 2023-02: 84, 2023-03: 93, 2023-04: 90, 2023-05: 93, 2023-06: 90, 2023-07: 93, 2023-08: 93, 2023-09: 90, 2023-10: 71
  [label] 2022-01-01 16:00 BTCUSDT entry=47704.3500 → SHORT | long=sl(-4.75%) short=tp(+9.21%) | scanned=12 | short_tp_only
  [label] 2022-01-03 16:00 BTCUSDT entry=46445.8100 → SHORT | long=sl(-4.36%) short=tp(+8.42%) | scanned=6 | short_tp_only
  [label] 2022-01-07 16:00 BTCUSDT entry=41553.8600 → LONG | long=timeout(+3.48%) short=sl(-6.35%) | scanned=22 | no_tp→fwd_return=+3.5822
  [label] 2022-02-01 08:00 BTCUSDT entry=38604.9700 → LONG | long=sl(-5.31%) short=sl(-5.31%) | scanned=10 | no_tp→fwd_return=+7.6286
  [label] 2022-03-25 16:00 BTCUSDT entry=44290.6000 → LONG | long=tp(+7.65%) short=sl(-3.98%) | scanned=7 | long_tp_only
  [label] 2022-09-07 16:00 BTCUSDT entry=19287.0000 → LONG | long=tp(+8.29%) short=sl(-4.30%) | scanned=5 | long_tp_only
  [label] 2022-09-11 16:00 BTCUSDT entry=21820.3000 → SHORT | long=sl(-4.07%) short=sl(-4.07%) | scanned=5 | no_tp→fwd_return=-4.5664
  [label] 2022-09-22 08:00 BTCUSDT entry=18975.5000 → LONG | long=timeout(+1.51%) short=sl(-6.56%) | scanned=22 | no_tp→fwd_return=+1.6084
  [label] 2022-11-06 08:00 BTCUSDT entry=21233.7000 → SHORT | long=sl(-2.83%) short=tp(+5.36%) | scanned=5 | short_tp_only
  [label] 2022-11-14 16:00 BTCUSDT entry=16605.2000 → SHORT | long=timeout(-5.11%) short=timeout(+4.91%) | scanned=22 | no_tp→fwd_return=-5.0117
  [label] 2023-02-13 00:00 BTCUSDT entry=21857.2000 → LONG | long=tp(+5.45%) short=sl(-2.88%) | scanned=8 | long_tp_only
  [label] 2023-03-17 00:00 BTCUSDT entry=26046.9000 → LONG | long=timeout(+8.43%) short=sl(-6.40%) | scanned=22 | no_tp→fwd_return=+8.5346
  [label] 2023-04-02 00:00 BTCUSDT entry=28401.3000 → SHORT | long=sl(-3.73%) short=timeout(+1.71%) | scanned=22 | no_tp→fwd_return=-1.8066
  [label] 2023-04-14 16:00 BTCUSDT entry=30453.1000 → SHORT | long=sl(-3.34%) short=tp(+6.38%) | scanned=17 | short_tp_only
  [label] 2023-05-03 08:00 BTCUSDT entry=28292.7000 → SHORT | long=timeout(-0.64%) short=sl(-3.95%) | scanned=22 | no_tp→fwd_return=-0.5355
  [label] 2023-05-09 16:00 BTCUSDT entry=27610.2000 → SHORT | long=sl(-3.70%) short=timeout(+2.02%) | scanned=22 | no_tp→fwd_return=-2.1202
  [label] 2023-05-22 00:00 BTCUSDT entry=26830.7000 → SHORT | long=sl(-2.52%) short=sl(-2.52%) | scanned=7 | no_tp→fwd_return=-1.9522
  [label] 2023-06-30 08:00 BTCUSDT entry=30052.0000 → LONG | long=timeout(+0.98%) short=sl(-4.00%) | scanned=22 | no_tp→fwd_return=+1.0761
  [label] 2023-07-10 08:00 BTCUSDT entry=30297.6000 → LONG | long=tp(+4.61%) short=sl(-2.45%) | scanned=10 | long_tp_only
  [label] 2023-10-04 08:00 BTCUSDT entry=27388.3000 → SHORT | long=timeout(-2.36%) short=sl(-2.77%) | scanned=22 | no_tp→fwd_return=-2.2608
  Labels: 1041 long (48.0%), 1127 short (52.0%) | weights: min=1.00, mean=3.02, max=10.00
  Features: 2168/2168 matched, 48 columns
  CV gap: 22 rows
  [ensemble 1/3] seed=42
    [trial 0] 48 features, training_days=480 | threshold=0.631 | labels: 1041 long, 1127 short (48/52%)
    [CV fold 0] train_end=2022-02-22 08:00 | val_start=2022-03-02 00:00 | gap=184h (22 rows)
    [CV fold 1] train_end=2022-06-22 16:00 | val_start=2022-06-30 08:00 | gap=184h (22 rows)
    [CV fold 2] train_end=2022-10-21 00:00 | val_start=2022-10-28 16:00 | gap=184h (22 rows)
    [CV fold 3] train_end=2023-02-18 08:00 | val_start=2023-02-26 00:00 | gap=184h (22 rows)
    [CV fold 4] train_end=2023-06-18 16:00 | val_start=2023-06-26 08:00 | gap=184h (22 rows)
    [trial 0] Sharpe=0.0034 (folds: -0.0480, 0.1167, -0.2521, -0.0320, 0.2323)
    [trial 1] 48 features, training_days=420 | threshold=0.839 | labels: 1041 long, 1127 short (48/52%)
    [trial 1] Sharpe=-3.9194 (folds: -0.0977, 0.5636, -0.0629, -10.0000, -10.0000)
    [trial 2] 48 features, training_days=190 | threshold=0.602 | labels: 1041 long, 1127 short (48/52%)
    [trial 2] Sharpe=-0.0151 (folds: -0.0824, -0.0620, -0.2040, 0.0147, 0.2583)
    [trial 3] 48 features, training_days=490 | threshold=0.832 | labels: 1041 long, 1127 short (48/52%)
    [trial 3] Sharpe=0.0227 (folds: -0.0752, 0.1838, -0.2606, 0.0030, 0.2625)
    [trial 4] 48 features, training_days=340 | threshold=0.591 | labels: 1041 long, 1127 short (48/52%)
    [trial 4] Sharpe=0.0392 (folds: 0.0197, 0.1952, -0.1925, -0.0452, 0.2189)
    [trial 5] 48 features, training_days=50 | threshold=0.823 | labels: 1041 long, 1127 short (48/52%)
    [trial 5] Sharpe=-0.2342 (folds: 0.1163, -1.6419, -0.1455, 0.5906, -0.0905)
    [trial 6] 48 features, training_days=410 | threshold=0.549 | labels: 1041 long, 1127 short (48/52%)
    [trial 6] Sharpe=-0.0064 (folds: 0.0009, 0.1218, -0.1895, -0.0297, 0.0645)
    [trial 7] 48 features, training_days=180 | threshold=0.526 | labels: 1041 long, 1127 short (48/52%)
    [trial 7] Sharpe=0.0201 (folds: 0.0202, 0.0699, -0.1696, 0.0749, 0.1050)
    [trial 8] 48 features, training_days=240 | threshold=0.811 | labels: 1041 long, 1127 short (48/52%)[I 2026-06-01 12:59:26,737] Trial 8 finished with value: 0.05860148031960044 and parameters: {'confidence_threshold': 0.8105244599017143, 'training_days': 240, 'n_estimators': 103, 'max_depth': 5, 'num_leaves': 52, 'learning_rate': 0.06746437142284309, 'subsample': 0.8854835899772805, 'colsample_bytree': 0.7468977981821954, 'min_child_samples': 62, 'reg_alpha': 7.04480806377519e-05, 'reg_lambda': 1.6934490731313353e-08}. Best is trial 8 with value: 0.05860148031960044.
[I 2026-06-01 12:59:26,762] Trial 9 finished with value: 0.0295807222979718 and parameters: {'confidence_threshold': 0.5377619994476566, 'training_days': 20, 'n_estimators': 337, 'max_depth': 3, 'num_leaves': 39, 'learning_rate': 0.21907142272152816, 'subsample': 0.6246461145744375, 'colsample_bytree': 0.7051914615178149, 'min_child_samples': 81, 'reg_alpha': 1.1459970229341322e-06, 'reg_lambda': 4.929685216887945e-08}. Best is trial 8 with value: 0.05860148031960044.
[I 2026-06-01 12:59:27,343] Trial 10 finished with value: -0.03708677974484938 and parameters: {'confidence_threshold': 0.734042426776949, 'training_days': 280, 'n_estimators': 487, 'max_depth': 5, 'num_leaves': 62, 'learning_rate': 0.10432148521337849, 'subsample': 0.9416850669512905, 'colsample_bytree': 0.8120417635861826, 'min_child_samples': 27, 'reg_alpha': 7.238112263003475e-05, 'reg_lambda': 3.3639426888455256e-06}. Best is trial 8 with value: 0.05860148031960044.
[I 2026-06-01 12:59:27,503] Trial 11 finished with value: 0.04219244991246579 and parameters: {'confidence_threshold': 0.7192552477034038, 'training_days': 290, 'n_estimators': 223, 'max_depth': 4, 'num_leaves': 53, 'learning_rate': 0.010418004616766478, 'subsample': 0.9987925440125851, 'colsample_bytree': 0.8164708272936286, 'min_child_samples': 97, 'reg_alpha': 5.370415467243256, 'reg_lambda': 1.2919440532274802e-05}. Best is trial 8 with value: 0.05860148031960044.
[I 2026-06-01 12:59:27,639] Trial 12 finished with value: 0.14771447610682226 and parameters: {'confidence_threshold': 0.7341332481359052, 'training_days': 190, 'n_estimators': 256, 'max_depth': 4, 'num_leaves': 55, 'learning_rate': 0.01064264120978801, 'subsample': 0.8848579707387314, 'colsample_bytree': 0.8029806514921616, 'min_child_samples': 100, 'reg_alpha': 5.770700012836293, 'reg_lambda': 7.618021677092772e-06}. Best is trial 12 with value: 0.14771447610682226.
[I 2026-06-01 12:59:27,900] Trial 13 finished with value: 0.00010721377761327422 and parameters: {'confidence_threshold': 0.7680477997919558, 'training_days': 160, 'n_estimators': 310, 'max_depth': 4, 'num_leaves': 62, 'learning_rate': 0.07177834328984714, 'subsample': 0.8690491710631163, 'colsample_bytree': 0.9983412400714563, 'min_child_samples': 22, 'reg_alpha': 0.00011610679556904135, 'reg_lambda': 4.448098583586055e-06}. Best is trial 12 with value: 0.14771447610682226.
[I 2026-06-01 12:59:27,950] Trial 14 finished with value: 0.023504849876551624 and parameters: {'confidence_threshold': 0.680081175030563, 'training_days': 130, 'n_estimators': 58, 'max_depth': 4, 'num_leaves': 52, 'learning_rate': 0.15967921648819136, 'subsample': 0.8681243940127022, 'colsample_bytree': 0.7902943510091687, 'min_child_samples': 86, 'reg_alpha': 0.0009052870261507429, 'reg_lambda': 7.564493563877157e-05}. Best is trial 12 with value: 0.14771447610682226.
[I 2026-06-01 12:59:28,158] Trial 15 finished with value: 0.20980689795566332 and parameters: {'confidence_threshold': 0.7674115984642694, 'training_days': 230, 'n_estimators': 182, 'max_depth': 5, 'num_leaves': 57, 'learning_rate': 0.010029988198646294, 'subsample': 0.8634823758940223, 'colsample_bytree': 0.6290746674720268, 'min_child_samples': 37, 'reg_alpha': 0.3826390912478647, 'reg_lambda': 7.704374603230853e-07}. Best is trial 15 with value: 0.20980689795566332.
[I 2026-06-01 12:59:28,271] Trial 16 finished with value: 0.024507288364484216 and parameters: {'confidence_threshold': 0.7686380379188933, 'training_days': 100, 'n_estimators': 197, 'max_depth': 4, 'num_leaves': 58, 'learning_rate': 0.010587034665113864, 'subsample': 0.8013687718960705, 'colsample_bytree': 0.6314737693661125, 'min_child_samples': 34, 'reg_alpha': 0.6829100015381286, 'reg_lambda': 4.28170520176123e-07}. Best is trial 15 with value: 0.20980689795566332.
[I 2026-06-01 12:59:28,513] Trial 17 finished with value: 0.03656898520863455 and parameters: {'confidence_threshold': 0.6755099553978283, 'training_days': 250, 'n_estimators': 267, 'max_depth': 4, 'num_leaves': 44, 'learning_rate': 0.01582959487593344, 'subsample': 0.9186361534906717, 'colsample_bytree': 0.6091330191487015, 'min_child_samples': 36, 'reg_alpha': 9.691197969586646, 'reg_lambda': 5.63290508372359e-05}. Best is trial 15 with value: 0.20980689795566332.
[I 2026-06-01 12:59:28,793] A new study created in memory with name: no-name-96c03500-a9cb-4962-b362-c66b9255b80a
[I 2026-06-01 12:59:28,891] Trial 0 finished with value: -0.0018258878077971163 and parameters: {'confidence_threshold': 0.7437642149592516, 'training_days': 150, 'n_estimators': 152, 'max_depth': 4, 'num_leaves': 50, 'learning_rate': 0.04216766425047743, 'subsample': 0.9903820991923078, 'colsample_bytree': 0.8424148692924316, 'min_child_samples': 58, 'reg_alpha': 3.381097259762742e-05, 'reg_lambda': 1.2263152961306247e-05}. Best is trial 0 with value: -0.0018258878077971163.
[I 2026-06-01 12:59:28,958] Trial 1 finished with value: -1.601505072953638 and parameters: {'confidence_threshold': 0.7551673975844145, 'training_days': 220, 'n_estimators': 76, 'max_depth': 4, 'num_leaves': 51, 'learning_rate': 0.018602118810743477, 'subsample': 0.5877258780737462, 'colsample_bytree': 0.7657756869209191, 'min_child_samples': 63, 'reg_alpha': 0.005123994170264194, 'reg_lambda': 0.44145470178120466}. Best is trial 0 with value: -0.0018258878077971163.
[I 2026-06-01 12:59:29,218] Trial 2 finished with value: 0.06561948113397424 and parameters: {'confidence_threshold': 0.7535593637012223, 'training_days': 310, 'n_estimators': 375, 'max_depth': 3, 'num_leaves': 32, 'learning_rate': 0.021735641882032388, 'subsample': 0.6468570231944146, 'colsample_bytree': 0.8154880619272439, 'min_child_samples': 27, 'reg_alpha': 8.004064028491336e-05, 'reg_lambda': 7.546835261630524e-05}. Best is trial 2 with value: 0.06561948113397424.
[I 2026-06-01 12:59:29,386] Trial 3 finished with value: -0.03928096635728527 and parameters: {'confidence_threshold': 0.6727897841776072, 'training_days': 220, 'n_estimators': 190, 'max_depth': 4, 'num_leaves': 58, 'learning_rate': 0.24810689332636193, 'subsample': 0.7509183379421682, 'colsample_bytree': 0.8119764758960556, 'min_child_samples': 29, 'reg_alpha': 7.1708285081421445e-06, 'reg_lambda': 5.412973582738627e-05}. Best is trial 2 with value: 0.06561948113397424.
[I 2026-06-01 12:59:29,510] Trial 4 finished with value: -0.008254003316785996 and parameters: {'confidence_threshold': 0.803208205259178, 'training_days': 130, 'n_estimators': 267, 'max_depth': 5, 'num_leaves': 40, 'learning_rate': 0.08041175317374143, 'subsample': 0.5603143329951619, 'colsample_bytree': 0.9131704002534167, 'min_child_samples': 68, 'reg_alpha': 0.0008046593428183385, 'reg_lambda': 1.2158346158765583e-05}. Best is trial 2 with value: 0.06561948113397424.
[I 2026-06-01 12:59:29,740] Trial 5 finished with value: -0.014983253253023927 and parameters: {'confidence_threshold': 0.6064422761595144, 'training_days': 210, 'n_estimators': 357, 'max_depth': 5, 'num_leaves': 40, 'learning_rate': 0.0974221287220869, 'subsample': 0.7929682762811064, 'colsample_bytree': 0.8124517510478, 'min_child_samples': 74, 'reg_alpha': 0.3811377260781234, 'reg_lambda': 5.607314238392041e-08}. Best is trial 2 with value: 0.06561948113397424.
[I 2026-06-01 12:59:29,858] Trial 6 finished with value: -0.05173435140465793 and parameters: {'confidence_threshold': 0.7672889945051684, 'training_days': 130, 'n_estimators': 137, 'max_depth': 4, 'num_leaves': 19, 'learning_rate': 0.2031117614248665, 'subsample': 0.8136244860256343, 'colsample_bytree': 0.8617081790949774, 'min_child_samples': 21, 'reg_alpha': 0.002238138278733199, 'reg_lambda': 0.001025809534977322}. Best is trial 2 with value: 0.06561948113397424.
[I 2026-06-01 12:59:29,932] Trial 7 finished with value: -0.04112209445449867 and parameters: {'confidence_threshold': 0.555635875450653, 'training_days': 80, 'n_estimators': 363, 'max_depth': 3, 'num_leaves': 48, 'learning_rate': 0.06590089024008658, 'subsample': 0.6944752870615722, 'colsample_bytree': 0.962566244806993, 'min_child_samples': 88, 'reg_alpha': 1.6465620446426067e-05, 'reg_lambda': 2.4678750890085655e-08}. Best is trial 2 with value: 0.06561948113397424.
[I 2026-06-01 12:59:30,267] Trial 8 finished with value: -0.02943739224059223 and parameters: {'confidence_threshold': 0.6066688256938841, 'training_days': 200, 'n_estimators': 367, 'max_depth': 5, 'num_leaves': 32, 'learning_rate': 0.13377519215934996, 'subsample': 0.7965884582811106, 'colsample_bytree': 0.8458508993500886, 'min_child_samples': 32, 'reg_alpha': 3.889436043816386e-05, 'reg_lambda': 1.4713062489380356e-06}. Best is trial 2 with value: 0.06561948113397424.
[I 2026-06-01 12:59:30,490] Trial 9 finished with value: -0.03192148642674406 and parameters: {'confidence_threshold': 0.6202096049169137, 'training_days': 260, 'n_estimators': 350, 'max_depth': 3, 'num_leaves': 21, 'learning_rate': 0.02989540198065364, 'subsample': 0.8307821683331218, 'colsample_bytree': 0.923253112635361, 'min_child_samples': 64, 'reg_alpha': 0.4898604619604203, 'reg_lambda': 2.9076377687066166e-05}. Best is trial 2 with value: 0.06561948113397424.
[I 2026-06-01 12:59:30,829] Trial 10 finished with value: -2.1609933657434257 and parameters: {'confidence_threshold': 0.8445241688507242, 'training_days': 420, 'n_estimators': 494, 'max_depth': 3, 'num_leaves': 30, 'learning_rate': 0.010221918552934462, 'subsample': 0.5019190721168774, 'colsample_bytree': 0.6202684210924141, 'min_child_samples': 45, 'reg_alpha': 1.5494783182896407e-08, 'reg_lambda': 0.018878930586497852}. Best is trial 2 with value: 0.06561948113397424.
[I 2026-06-01 12:59:30,996] Trial 11 finished with value: -0.0001951529374353722 and parameters: {'confidence_threshold': 0.7162109107873752, 'training_days': 360, 'n_estimators': 233, 'max_depth': 3, 'num_leaves': 61, 'learning_rate': 0.03452957696027875, 'subsample': 0.9939949979825393, 'colsample_bytree': 0.6778283959364831, 'min_child_samples': 49, 'reg_alpha': 1.992549479603352e-07, 'reg_lambda': 0.0023652564224911103}. Best is trial 2 with value: 0.06561948113397424.
[I 2026-06-01 12:59:31,182] Trial 12 finished with value: -0.0066426406137031655 and parameters: {'confidence_threshold': 0.6976607825800625, 'training_days': 360, 'n_estimators': 244, 'max_depth': 3, 'num_leaves': 63, 'learning_rate': 0.02392651870535563, 'subsample': 0.9903748330118821, 'colsample_bytree': 0.6669454130036883, 'min_child_samples': 41, 'reg_alpha': 8.872579804238418e-08, 'reg_lambda': 0.003601448669274239}. Best is trial 2 with value: 0.06561948113397424.
[I 2026-06-01 12:59:31,486] Trial 13 finished with value: -0.02199271684033387 and parameters: {'confidence_threshold': 0.7017429935408052, 'training_days': 330, 'n_estimators': 453, 'max_depth': 3, 'num_leaves': 28, 'learning_rate': 0.015185642668290348, 'subsample': 0.6692276593280039, 'colsample_bytree': 0.5443982906148261, 'min_child_samples': 46, 'reg_alpha': 5.634909252877297e-07, 'reg_lambda': 0.21775111652651932}. Best is trial 2 with value: 0.06561948113397424.
[I 2026-06-01 12:59:31,705] Trial 14 finished with value: 0.008359217809571473 and parameters: {'confidence_threshold': 0.6639044847393095, 'training_days': 490, 'n_estimators': 310, 'max_depth': 3, 'num_leaves': 37, 'learning_rate': 0.040639696652765026, 'subsample': 0.8997284260729373, 'colsample_bytree': 0.7024651632207747, 'min_child_samples': 51, 'reg_alpha': 3.637854878180481e-07, 'reg_lambda': 0.040022921892968195}. Best is trial 2 with value: 0.06561948113397424.
[I 2026-06-01 12:59:32,003] Trial 15 finished with value: -0.008621752039965513 and parameters: {'confidence_threshold': 0.5026055290809989, 'training_days': 500, 'n_estimators': 415, 'max_depth': 4, 'num_leaves': 35, 'learning_rate': 0.050575438646396145, 'subsample': 0.8966418548807951, 'colsample_bytree': 0.7363697412244323, 'min_child_samples': 100, 'reg_alpha': 1.570172639790588e-06, 'reg_lambda': 5.476718658179037}. Best is trial 2 with value: 0.06561948113397424.
[I 2026-06-01 12:59:32,252] Trial 16 finished with value: 0.04147670791434246 and parameters: {'confidence_threshold': 0.6492959949405844, 'training_days': 500, 'n_estimators': 308, 'max_depth': 3, 'num_leaves': 25, 'learning_rate': 0.011618707686079076, 'subsample': 0.8940402766905926, 'colsample_bytree': 0.5092292594919029, 'min_child_samples': 22, 'reg_alpha': 0.05682468732545374, 'reg_lambda': 0.0002786624127605132}. Best is trial 2 with value: 0.06561948113397424.
