[I 2026-06-01 13:03:01,702] Trial 9 finished with value: -0.040259946229636925 and parameters: {'confidence_threshold': 0.5377619994476566, 'training_days': 20, 'n_estimators': 337, 'max_depth': 3, 'num_leaves': 39, 'learning_rate': 0.21907142272152816, 'subsample': 0.6246461145744375, 'colsample_bytree': 0.7051914615178149, 'min_child_samples': 81, 'reg_alpha': 1.1459970229341322e-06, 'reg_lambda': 4.929685216887945e-08}. Best is trial 9 with value: -0.040259946229636925.

    [trial 17] Sharpe=-0.0683 (folds: -0.5289, 0.3380, 0.1025, -0.0644, -0.1889)
  Optuna: 18 trials, best Sharpe = 0.0231
  Best params: n_estimators=212, max_depth=3, lr=0.0112, leaves=60
  Best confidence_threshold: 0.506
  Best training_days: 70
  Retrained on full data (210 samples, 48 features)
  OOD: 16 features, cutoff (q=0.7) = 9.33
  Model trained for 2025-05: 93 test candles with features, confidence_threshold=0.538
[trade:close] 2025-05-01 15:59 BTCUSDT SHORT → stop_loss @ 96184.82 | PnL=-2.66% (net -2.76%) | cum=-11.91% 2025-05=-2.76% 2025-05-01=-2.76%
[predict] 2025-05-02 08:00 BTCUSDT → SHORT (proba=0.80 TP=5.3%/SL=2.7%)
[trade:open] 2025-05-02 15:59 BTCUSDT SHORT @ 97270.10 | SL=99869.73 TP=92070.83 | timeout=2025-05-09 15:59
[trade:close] 2025-05-08 15:59 BTCUSDT SHORT → stop_loss @ 99869.73 | PnL=-2.67% (net -2.77%) | cum=-14.68% 2025-05=-5.53% 2025-05-08=-2.77%
[predict] 2025-05-09 16:00 BTCUSDT → SHORT (proba=0.79 TP=5.8%/SL=2.9%)
[trade:open] 2025-05-09 23:59 BTCUSDT SHORT @ 102941.90 | SL=105923.40 TP=96978.90 | timeout=2025-05-16 23:59
[trade:close] 2025-05-17 00:00 BTCUSDT SHORT → timeout @ 103412.20 | PnL=-0.46% (net -0.56%) | cum=-15.24% 2025-05=-6.08% 2025-05-17=-0.56%
[predict] 2025-05-17 16:00 BTCUSDT → SHORT (proba=0.72 TP=4.7%/SL=2.3%)
[trade:open] 2025-05-17 23:59 BTCUSDT SHORT @ 103079.60 | SL=105486.58 TP=98265.63 | timeout=2025-05-24 23:59
[trade:close] 2025-05-18 15:59 BTCUSDT SHORT → stop_loss @ 105486.58 | PnL=-2.34% (net -2.44%) | cum=-17.67% 2025-05=-8.52% 2025-05-18=-2.44%
[predict] 2025-05-19 16:00 BTCUSDT → SHORT (proba=0.80 TP=6.4%/SL=3.2%)
[trade:open] 2025-05-19 23:59 BTCUSDT SHORT @ 105531.60 | SL=108899.69 TP=98795.43 | timeout=2025-05-26 23:59
[trade:close] 2025-05-21 15:59 BTCUSDT SHORT → stop_loss @ 108899.69 | PnL=-3.19% (net -3.29%) | cum=-20.96% 2025-05=-11.81% 2025-05-21=-3.29%
[predict] 2025-05-23 00:00 BTCUSDT → SHORT (proba=0.70 TP=6.6%/SL=3.3%)
[trade:open] 2025-05-23 07:59 BTCUSDT SHORT @ 110685.20 | SL=114313.01 TP=103429.58 | timeout=2025-05-30 07:59
[trade:close] 2025-05-30 08:00 BTCUSDT SHORT → timeout @ 104997.50 | PnL=+5.14% (net +5.04%) | cum=-15.92% 2025-05=-6.77% 2025-05-30=+5.04%
[predict] 2025-05-31 00:00 BTCUSDT → LONG (proba=0.67 TP=6.0%/SL=3.0%)
[trade:open] 2025-05-31 07:59 BTCUSDT LONG @ 103700.60 | SL=100589.64 TP=109922.52 | timeout=2025-06-07 07:59
[lgbm] === Training for 2025-06 ===
  Train window: 2023-06-01 → 2025-05-24
  2171 training samples from 1 symbols
  Samples per month: 2023-06: 90, 2023-07: 93, 2023-08: 93, 2023-09: 90, 2023-10: 93, 2023-11: 90, 2023-12: 93, 2024-01: 93, 2024-02: 87, 2024-03: 93, 2024-04: 90, 2024-05: 93, 2024-06: 90, 2024-07: 93, 2024-08: 93, 2024-09: 90, 2024-10: 93, 2024-11: 90, 2024-12: 93, 2025-01: 93, 2025-02: 84, 2025-03: 93, 2025-04: 90, 2025-05: 71
  [label] 2023-08-01 16:00 BTCUSDT entry=29701.2000 → LONG | long=sl(-2.19%) short=timeout(-0.29%) | scanned=22 | no_tp→fwd_return=+0.1946
  [label] 2023-08-04 00:00 BTCUSDT entry=29201.6000 → LONG | long=timeout(+0.60%) short=sl(-2.20%) | scanned=22 | no_tp→fwd_return=+0.7024
  [label] 2023-08-07 16:00 BTCUSDT entry=29202.7000 → LONG | long=tp(+3.43%) short=sl(-1.87%) | scanned=3 | long_tp_only
  [label] 2023-09-01 08:00 BTCUSDT entry=25798.0000 → LONG | long=timeout(+0.02%) short=timeout(-0.22%) | scanned=22 | no_tp→fwd_return=+0.1233
  [label] 2023-10-24 00:00 BTCUSDT entry=34025.9000 → LONG | long=timeout(+0.27%) short=timeout(-0.47%) | scanned=22 | no_tp→fwd_return=+0.3703
  [label] 2024-04-07 00:00 BTCUSDT entry=69367.4000 → SHORT | long=sl(-4.05%) short=sl(-4.05%) | scanned=17 | no_tp→fwd_return=-3.2162
  [label] 2024-04-11 00:00 BTCUSDT entry=70789.1000 → SHORT | long=sl(-4.13%) short=tp(+7.95%) | scanned=8 | short_tp_only
  [label] 2024-04-21 16:00 BTCUSDT entry=64912.6000 → SHORT | long=timeout(-2.91%) short=timeout(+2.71%) | scanned=22 | no_tp→fwd_return=-2.8104
  [label] 2024-06-05 16:00 BTCUSDT entry=71133.3000 → SHORT | long=sl(-2.93%) short=tp(+5.55%) | scanned=17 | short_tp_only
  [label] 2024-06-14 08:00 BTCUSDT entry=66380.0000 → SHORT | long=sl(-3.50%) short=timeout(+3.91%) | scanned=22 | no_tp→fwd_return=-4.0119
  [label] 2024-09-12 16:00 BTCUSDT entry=58097.0000 → LONG | long=tp(+7.91%) short=sl(-4.11%) | scanned=20 | long_tp_only
  [label] 2024-10-14 16:00 BTCUSDT entry=66064.9000 → LONG | long=timeout(+1.87%) short=sl(-3.24%) | scanned=22 | no_tp→fwd_return=+1.9737
  [label] 2024-10-31 00:00 BTCUSDT entry=72417.8000 → SHORT | long=sl(-2.92%) short=tp(+5.53%) | scanned=9 | short_tp_only
  [label] 2024-11-12 16:00 BTCUSDT entry=87972.0000 → LONG | long=timeout(+4.86%) short=sl(-5.43%) | scanned=22 | no_tp→fwd_return=+4.9606
  [label] 2024-12-01 00:00 BTCUSDT entry=96525.4000 → LONG | long=tp(+6.33%) short=sl(-3.31%) | scanned=12 | long_tp_only
  [label] 2024-12-07 08:00 BTCUSDT entry=99811.4000 → LONG | long=sl(-5.03%) short=timeout(-1.89%) | scanned=22 | no_tp→fwd_return=+1.7939
  [label] 2024-12-19 16:00 BTCUSDT entry=97434.4000 → SHORT | long=sl(-5.29%) short=timeout(+1.63%) | scanned=22 | no_tp→fwd_return=-1.7277
  [label] 2025-01-28 08:00 BTCUSDT entry=102730.6000 → SHORT | long=sl(-4.70%) short=tp(+9.10%) | scanned=17 | short_tp_only
  [label] 2025-02-07 00:00 BTCUSDT entry=96705.1000 → LONG | long=timeout(+0.09%) short=timeout(-0.29%) | scanned=22 | no_tp→fwd_return=+0.1911
  [label] 2025-05-04 08:00 BTCUSDT entry=95421.1000 → LONG | long=sl(-2.27%) short=sl(-2.27%) | scanned=8 | no_tp→fwd_return=+1.5918
  Labels: 1242 long (57.2%), 929 short (42.8%) | weights: min=1.00, mean=3.50, max=10.00
  Features: 2171/2171 matched, 48 columns
  CV gap: 22 rows
  [ensemble 1/3] seed=42
    [trial 0] 48 features, training_days=480 | threshold=0.631 | labels: 1242 long, 929 short (57/43%)
    [CV fold 0] train_end=2023-09-23 08:00 | val_start=2023-10-01 00:00 | gap=184h (22 rows)
    [CV fold 1] train_end=2024-01-21 16:00 | val_start=2024-01-29 08:00 | gap=184h (22 rows)
    [CV fold 2] train_end=2024-05-21 00:00 | val_start=2024-05-28 16:00 | gap=184h (22 rows)
    [CV fold 3] train_end=2024-09-18 08:00 | val_start=2024-09-26 00:00 | gap=184h (22 rows)
    [CV fold 4] train_end=2025-01-16 16:00 | val_start=2025-01-24 08:00 | gap=184h (22 rows)
    [trial 0] Sharpe=-0.0817 (folds: 0.0113, 0.0593, -0.2112, -0.1603, -0.1076)
    [trial 1] 48 features, training_days=420 | threshold=0.839 | labels: 1242 long, 929 short (57/43%)
    [trial 1] Sharpe=-3.9523 (folds: 0.0877, 0.1238, 0.0269, -10.0000, -10.0000)
    [trial 2] 48 features, training_days=190 | threshold=0.602 | labels: 1242 long, 929 short (57/43%)
    [trial 2] Sharpe=-0.1412 (folds: -0.0619, -0.0136, -0.2387, -0.3540, -0.0380)
    [trial 3] 48 features, training_days=490 | threshold=0.832 | labels: 1242 long, 929 short (57/43%)
    [trial 3] Sharpe=-0.0769 (folds: -0.0317, -0.0527, -0.2018, 0.0662, -0.1647)
    [trial 4] 48 features, training_days=340 | threshold=0.591 | labels: 1242 long, 929 short (57/43%)
    [trial 4] Sharpe=-0.1081 (folds: -0.2173, 0.0906, -0.1466, -0.1482, -0.1191)
    [trial 5] 48 features, training_days=50 | threshold=0.823 | labels: 1242 long, 929 short (57/43%)
    [trial 5] Sharpe=-0.0561 (folds: -0.2797, 0.0132, -0.1679, 0.1309, 0.0228)
    [trial 6] 48 features, training_days=410 | threshold=0.549 | labels: 1242 long, 929 short (57/43%)
    [trial 6] Sharpe=-0.0547 (folds: -0.1349, 0.1848, -0.1174, -0.0808, -0.1251)
    [trial 7] 48 features, training_days=180 | threshold=0.526 | labels: 1242 long, 929 short (57/43%)
    [trial 7] Sharpe=-0.1573 (folds: -0.1450, -0.0168, -0.2787, -0.3474, 0.0012)
    [trial 8] 48 features, training_days=240 | threshold=0.811 | labels: 1242 long, 929 short (57/43%)
    [trial 8] Sharpe=-0.1426 (folds: -0.0039, 0.0234, -0.1718, -0.3689, -0.1920)
    [trial 9] 48 features, training_days=20 | threshold=0.538 | labels: 1242 long, 929 short (57/43%)
    [trial 9] Sharpe=-0.0403 (folds: 0.2985, -0.1011, 0.0541, -0.4223, -0.0305)
    [trial 10] 48 features, training_days=10 | threshold=0.745 | labels: 1242 long, 929 short (57/43%)
    [trial 10] Sharpe=-2.0264 (folds: 0.2985, -10.0000, 0.0541, -0.4223, -0.0623)[I 2026-06-01 13:03:01,736] Trial 10 finished with value: -2.02638722332117 and parameters: {'confidence_threshold': 0.7449289185605341, 'training_days': 10, 'n_estimators': 487, 'max_depth': 3, 'num_leaves': 61, 'learning_rate': 0.21914469472126635, 'subsample': 0.628963476300746, 'colsample_bytree': 0.8189858776055304, 'min_child_samples': 27, 'reg_alpha': 2.8948477959263623e-05, 'reg_lambda': 3.3639426888455256e-06}. Best is trial 9 with value: -0.040259946229636925.
[I 2026-06-01 13:03:02,025] Trial 11 finished with value: -0.10663094257881618 and parameters: {'confidence_threshold': 0.5031729138375424, 'training_days': 350, 'n_estimators': 327, 'max_depth': 4, 'num_leaves': 52, 'learning_rate': 0.010432023013264416, 'subsample': 0.6089267919181687, 'colsample_bytree': 0.8279718712234718, 'min_child_samples': 89, 'reg_alpha': 4.018687704804354, 'reg_lambda': 0.5855213887055177}. Best is trial 9 with value: -0.040259946229636925.
[I 2026-06-01 13:03:02,139] Trial 12 finished with value: -0.05990684814383198 and parameters: {'confidence_threshold': 0.5524132565058795, 'training_days': 140, 'n_estimators': 228, 'max_depth': 4, 'num_leaves': 33, 'learning_rate': 0.2959628420607887, 'subsample': 0.5392311924833902, 'colsample_bytree': 0.9955462072303609, 'min_child_samples': 84, 'reg_alpha': 0.0010435482830539913, 'reg_lambda': 3.06242583717076e-05}. Best is trial 9 with value: -0.040259946229636925.
[I 2026-06-01 13:03:02,405] Trial 13 finished with value: -0.1371917191674677 and parameters: {'confidence_threshold': 0.6715112328451753, 'training_days': 320, 'n_estimators': 311, 'max_depth': 5, 'num_leaves': 47, 'learning_rate': 0.1463043880061142, 'subsample': 0.6864507539038798, 'colsample_bytree': 0.6239332671128688, 'min_child_samples': 80, 'reg_alpha': 4.477777874073389e-08, 'reg_lambda': 0.052039727051948925}. Best is trial 9 with value: -0.040259946229636925.
[I 2026-06-01 13:03:02,452] Trial 14 finished with value: -0.040817671559805986 and parameters: {'confidence_threshold': 0.553552529035454, 'training_days': 80, 'n_estimators': 59, 'max_depth': 4, 'num_leaves': 60, 'learning_rate': 0.09029126552542201, 'subsample': 0.5808433054196197, 'colsample_bytree': 0.8127588751857924, 'min_child_samples': 100, 'reg_alpha': 2.6081099171939565e-06, 'reg_lambda': 7.565770484313319e-06}. Best is trial 9 with value: -0.040259946229636925.
[I 2026-06-01 13:03:02,499] Trial 15 finished with value: -0.035016908559118244 and parameters: {'confidence_threshold': 0.66472866195257, 'training_days': 90, 'n_estimators': 52, 'max_depth': 3, 'num_leaves': 61, 'learning_rate': 0.11614976593856452, 'subsample': 0.5936332549288843, 'colsample_bytree': 0.8100744538922787, 'min_child_samples': 100, 'reg_alpha': 2.492303987055042e-06, 'reg_lambda': 1.359738585363646e-06}. Best is trial 15 with value: -0.035016908559118244.
[I 2026-06-01 13:03:02,611] Trial 16 finished with value: -0.07870004497807889 and parameters: {'confidence_threshold': 0.7159591998523662, 'training_days': 100, 'n_estimators': 363, 'max_depth': 3, 'num_leaves': 34, 'learning_rate': 0.15013971957309138, 'subsample': 0.6753870112153237, 'colsample_bytree': 0.6807885959221373, 'min_child_samples': 91, 'reg_alpha': 6.07092256036327e-07, 'reg_lambda': 8.019266479935875e-07}. Best is trial 15 with value: -0.035016908559118244.
[I 2026-06-01 13:03:02,644] Trial 17 finished with value: -2.02638722332117 and parameters: {'confidence_threshold': 0.6652429013116167, 'training_days': 10, 'n_estimators': 461, 'max_depth': 3, 'num_leaves': 40, 'learning_rate': 0.16861086145603055, 'subsample': 0.8366733523272174, 'colsample_bytree': 0.7861983638172064, 'min_child_samples': 100, 'reg_alpha': 2.1866064201313886e-05, 'reg_lambda': 4.935134953996157e-05}. Best is trial 15 with value: -0.035016908559118244.
[I 2026-06-01 13:03:03,097] A new study created in memory with name: no-name-90e87dd2-5edf-42cf-a105-fa6841f1081d
[I 2026-06-01 13:03:03,202] Trial 0 finished with value: -0.033603801618322146 and parameters: {'confidence_threshold': 0.7437642149592516, 'training_days': 150, 'n_estimators': 152, 'max_depth': 4, 'num_leaves': 50, 'learning_rate': 0.04216766425047743, 'subsample': 0.9903820991923078, 'colsample_bytree': 0.8424148692924316, 'min_child_samples': 58, 'reg_alpha': 3.381097259762742e-05, 'reg_lambda': 1.2263152961306247e-05}. Best is trial 0 with value: -0.033603801618322146.
[I 2026-06-01 13:03:03,281] Trial 1 finished with value: 0.1880489604266594 and parameters: {'confidence_threshold': 0.7551673975844145, 'training_days': 220, 'n_estimators': 76, 'max_depth': 4, 'num_leaves': 51, 'learning_rate': 0.018602118810743477, 'subsample': 0.5877258780737462, 'colsample_bytree': 0.7657756869209191, 'min_child_samples': 63, 'reg_alpha': 0.005123994170264194, 'reg_lambda': 0.44145470178120466}. Best is trial 1 with value: 0.1880489604266594.
[I 2026-06-01 13:03:03,551] Trial 2 finished with value: -0.09726970740346995 and parameters: {'confidence_threshold': 0.7535593637012223, 'training_days': 310, 'n_estimators': 375, 'max_depth': 3, 'num_leaves': 32, 'learning_rate': 0.021735641882032388, 'subsample': 0.6468570231944146, 'colsample_bytree': 0.8154880619272439, 'min_child_samples': 27, 'reg_alpha': 8.004064028491336e-05, 'reg_lambda': 7.546835261630524e-05}. Best is trial 1 with value: 0.1880489604266594.
[I 2026-06-01 13:03:03,757] Trial 3 finished with value: -0.14145494500177808 and parameters: {'confidence_threshold': 0.6727897841776072, 'training_days': 220, 'n_estimators': 190, 'max_depth': 4, 'num_leaves': 58, 'learning_rate': 0.24810689332636193, 'subsample': 0.7509183379421682, 'colsample_bytree': 0.8119764758960556, 'min_child_samples': 29, 'reg_alpha': 7.1708285081421445e-06, 'reg_lambda': 5.412973582738627e-05}. Best is trial 1 with value: 0.1880489604266594.
[I 2026-06-01 13:03:03,914] Trial 4 finished with value: -0.038061045771924866 and parameters: {'confidence_threshold': 0.803208205259178, 'training_days': 130, 'n_estimators': 267, 'max_depth': 5, 'num_leaves': 40, 'learning_rate': 0.08041175317374143, 'subsample': 0.5603143329951619, 'colsample_bytree': 0.9131704002534167, 'min_child_samples': 68, 'reg_alpha': 0.0008046593428183385, 'reg_lambda': 1.2158346158765583e-05}. Best is trial 1 with value: 0.1880489604266594.
[I 2026-06-01 13:03:04,183] Trial 5 finished with value: -0.09553250405169611 and parameters: {'confidence_threshold': 0.6064422761595144, 'training_days': 210, 'n_estimators': 357, 'max_depth': 5, 'num_leaves': 40, 'learning_rate': 0.0974221287220869, 'subsample': 0.7929682762811064, 'colsample_bytree': 0.8124517510478, 'min_child_samples': 74, 'reg_alpha': 0.3811377260781234, 'reg_lambda': 5.607314238392041e-08}. Best is trial 1 with value: 0.1880489604266594.
[I 2026-06-01 13:03:04,299] Trial 6 finished with value: -0.04047913644710336 and parameters: {'confidence_threshold': 0.7672889945051684, 'training_days': 130, 'n_estimators': 137, 'max_depth': 4, 'num_leaves': 19, 'learning_rate': 0.2031117614248665, 'subsample': 0.8136244860256343, 'colsample_bytree': 0.8617081790949774, 'min_child_samples': 21, 'reg_alpha': 0.002238138278733199, 'reg_lambda': 0.001025809534977322}. Best is trial 1 with value: 0.1880489604266594.
[I 2026-06-01 13:03:04,390] Trial 7 finished with value: -0.045747934189050425 and parameters: {'confidence_threshold': 0.555635875450653, 'training_days': 80, 'n_estimators': 363, 'max_depth': 3, 'num_leaves': 48, 'learning_rate': 0.06590089024008658, 'subsample': 0.6944752870615722, 'colsample_bytree': 0.962566244806993, 'min_child_samples': 88, 'reg_alpha': 1.6465620446426067e-05, 'reg_lambda': 2.4678750890085655e-08}. Best is trial 1 with value: 0.1880489604266594.
[I 2026-06-01 13:03:04,757] Trial 8 finished with value: -0.14637342048489618 and parameters: {'confidence_threshold': 0.6066688256938841, 'training_days': 200, 'n_estimators': 367, 'max_depth': 5, 'num_leaves': 32, 'learning_rate': 0.13377519215934996, 'subsample': 0.7965884582811106, 'colsample_bytree': 0.8458508993500886, 'min_child_samples': 32, 'reg_alpha': 3.889436043816386e-05, 'reg_lambda': 1.4713062489380356e-06}. Best is trial 1 with value: 0.1880489604266594.
[I 2026-06-01 13:03:05,035] Trial 9 finished with value: -0.15964950328919086 and parameters: {'confidence_threshold': 0.6202096049169137, 'training_days': 260, 'n_estimators': 350, 'max_depth': 3, 'num_leaves': 21, 'learning_rate': 0.02989540198065364, 'subsample': 0.8307821683331218, 'colsample_bytree': 0.923253112635361, 'min_child_samples': 64, 'reg_alpha': 0.4898604619604203, 'reg_lambda': 2.9076377687066166e-05}. Best is trial 1 with value: 0.1880489604266594.
[I 2026-06-01 13:03:05,495] Trial 10 finished with value: -3.9750772579658418 and parameters: {'confidence_threshold': 0.8445241688507242, 'training_days': 470, 'n_estimators': 493, 'max_depth': 4, 'num_leaves': 63, 'learning_rate': 0.010221918552934462, 'subsample': 0.5019190721168774, 'colsample_bytree': 0.6202684210924141, 'min_child_samples': 47, 'reg_alpha': 2.371385268938747e-08, 'reg_lambda': 1.7987349911222597}. Best is trial 1 with value: 0.1880489604266594.
[I 2026-06-01 13:03:05,577] Trial 11 finished with value: 0.05202054503898812 and parameters: {'confidence_threshold': 0.7174288593751746, 'training_days': 360, 'n_estimators': 51, 'max_depth': 4, 'num_leaves': 51, 'learning_rate': 0.0331806759289438, 'subsample': 0.9939949979825393, 'colsample_bytree': 0.6778283959364831, 'min_child_samples': 50, 'reg_alpha': 0.01678787532514755, 'reg_lambda': 0.03134201620075969}. Best is trial 1 with value: 0.1880489604266594.
[I 2026-06-01 13:03:05,663] Trial 12 finished with value: -4.088238341538064 and parameters: {'confidence_threshold': 0.698674177124539, 'training_days': 360, 'n_estimators': 51, 'max_depth': 4, 'num_leaves': 50, 'learning_rate': 0.01513839365153443, 'subsample': 0.9903748330118821, 'colsample_bytree': 0.6669454130036883, 'min_child_samples': 47, 'reg_alpha': 0.013768636706817034, 'reg_lambda': 0.19933243869828327}. Best is trial 1 with value: 0.1880489604266594.
[I 2026-06-01 13:03:05,743] Trial 13 finished with value: 0.007470941452118907 and parameters: {'confidence_threshold': 0.7027516953792432, 'training_days': 410, 'n_estimators': 53, 'max_depth': 4, 'num_leaves': 56, 'learning_rate': 0.03192255891712965, 'subsample': 0.9131786262689576, 'colsample_bytree': 0.7082407533656954, 'min_child_samples': 82, 'reg_alpha': 0.024510194560445127, 'reg_lambda': 0.013171734888796855}. Best is trial 1 with value: 0.1880489604266594.
[I 2026-06-01 13:03:05,774] Trial 14 finished with value: -2.099950670712489 and parameters: {'confidence_threshold': 0.6639044847393095, 'training_days': 20, 'n_estimators': 132, 'max_depth': 4, 'num_leaves': 46, 'learning_rate': 0.01645102485501106, 'subsample': 0.6522384243407336, 'colsample_bytree': 0.5085403973902197, 'min_child_samples': 49, 'reg_alpha': 0.027136969260464973, 'reg_lambda': 5.210716042091857}. Best is trial 1 with value: 0.1880489604266594.
[I 2026-06-01 13:03:05,962] Trial 15 finished with value: -0.1767754555538555 and parameters: {'confidence_threshold': 0.5026055290809989, 'training_days': 320, 'n_estimators': 230, 'max_depth': 5, 'num_leaves': 56, 'learning_rate': 0.044940374212760106, 'subsample': 0.8966418548807951, 'colsample_bytree': 0.599275181090995, 'min_child_samples': 100, 'reg_alpha': 8.328207629937566, 'reg_lambda': 0.01942522303509738}. Best is trial 1 with value: 0.1880489604266594.
[I 2026-06-01 13:03:06,066] Trial 16 finished with value: -5.8605058394954055 and parameters: {'confidence_threshold': 0.8104188407338415, 'training_days': 500, 'n_estimators': 92, 'max_depth': 3, 'num_leaves': 63, 'learning_rate': 0.023108535528245537, 'subsample': 0.5824016374699942, 'colsample_bytree': 0.7481739964352268, 'min_child_samples': 55, 'reg_alpha': 5.292044899879069e-07, 'reg_lambda': 0.05779562937107981}. Best is trial 1 with value: 0.1880489604266594.
[I 2026-06-01 13:03:06,198] Trial 17 finished with value: -1.8293327690413057 and parameters: {'confidence_threshold': 0.7200120332925483, 'training_days': 390, 'n_estimators': 95, 'max_depth': 4, 'num_leaves': 34, 'learning_rate': 0.010762732882439, 'subsample': 0.891140987455929, 'colsample_bytree': 0.7424424663239667, 'min_child_samples': 40, 'reg_alpha': 0.21211158421634815, 'reg_lambda': 0.0014532040761386954}. Best is trial 1 with value: 0.1880489604266594.
[I 2026-06-01 13:03:06,668] A new study created in memory with name: no-name-4f586105-8b94-49d0-a0a4-c9debbd4505e
[I 2026-06-01 13:03:06,870] Trial 0 finished with value: -0.07032123364735934 and parameters: {'confidence_threshold': 0.5870645682749857, 'training_days': 90, 'n_estimators': 403, 'max_depth': 5, 'num_leaves': 45, 'learning_rate': 0.0780457193679974, 'subsample': 0.9428509515574568, 'colsample_bytree': 0.8795587339164916, 'min_child_samples': 34, 'reg_alpha': 2.2465901234314442e-07, 'reg_lambda': 8.339007036475363e-05}. Best is trial 0 with value: -0.07032123364735934.
