[I 2026-06-01 12:56:42,946] Trial 9 finished with value: -0.01470460197207013 and parameters: {'confidence_threshold': 0.6202096049169137, 'training_days': 260, 'n_estimators': 350, 'max_depth': 3, 'num_leaves': 21, 'learning_rate': 0.02989540198065364, 'subsample': 0.8307821683331218, 'colsample_bytree': 0.923253112635361, 'min_child_samples': 64, 'reg_alpha': 0.4898604619604203, 'reg_lambda': 2.9076377687066166e-05}. Best is trial 2 with value: 0.019341493135039304.
[I 2026-06-01 12:56:43,241] Trial 10 finished with value: -1.9887300397053085 and parameters: {'confidence_threshold': 0.8445241688507242, 'training_days': 420, 'n_estimators': 494, 'max_depth': 3, 'num_leaves': 30, 'learning_rate': 0.010221918552934462, 'subsample': 0.5019190721168774, 'colsample_bytree': 0.6202684210924141, 'min_child_samples': 45, 'reg_alpha': 1.5494783182896407e-08, 'reg_lambda': 0.018878930586497852}. Best is trial 2 with value: 0.019341493135039304.
[I 2026-06-01 12:56:43,540] Trial 11 finished with value: -0.03957385209496201 and parameters: {'confidence_threshold': 0.7263621239445149, 'training_days': 350, 'n_estimators': 481, 'max_depth': 3, 'num_leaves': 18, 'learning_rate': 0.27998203834948215, 'subsample': 0.9047249980702942, 'colsample_bytree': 0.6612241103206169, 'min_child_samples': 21, 'reg_alpha': 0.008782410124447885, 'reg_lambda': 0.0021817177740447087}. Best is trial 2 with value: 0.019341493135039304.
[I 2026-06-01 12:56:43,615] Trial 12 finished with value: -1.980995474993484 and parameters: {'confidence_threshold': 0.6885368974453678, 'training_days': 330, 'n_estimators': 51, 'max_depth': 4, 'num_leaves': 26, 'learning_rate': 0.021442972716943478, 'subsample': 0.6761118380300324, 'colsample_bytree': 0.5201164353688423, 'min_child_samples': 41, 'reg_alpha': 4.7371025346464785e-07, 'reg_lambda': 0.001793325873299761}. Best is trial 2 with value: 0.019341493135039304.
[I 2026-06-01 12:56:43,639] Trial 13 finished with value: -2.0093873144837593 and parameters: {'confidence_threshold': 0.7904261155050077, 'training_days': 10, 'n_estimators': 244, 'max_depth': 3, 'num_leaves': 16, 'learning_rate': 0.15152203000979778, 'subsample': 0.6551660007450526, 'colsample_bytree': 0.7082407533656954, 'min_child_samples': 21, 'reg_alpha': 0.028156791715610006, 'reg_lambda': 0.20450827096805074}. Best is trial 2 with value: 0.019341493135039304.
[I 2026-06-01 12:56:43,998] Trial 14 finished with value: -1.9983353924040455 and parameters: {'confidence_threshold': 0.8361769397784786, 'training_days': 490, 'n_estimators': 422, 'max_depth': 4, 'num_leaves': 35, 'learning_rate': 0.010733865484948656, 'subsample': 0.878658194230511, 'colsample_bytree': 0.9959348592397881, 'min_child_samples': 44, 'reg_alpha': 0.0004038446729585459, 'reg_lambda': 0.0005136831379360077}. Best is trial 2 with value: 0.019341493135039304.
[I 2026-06-01 12:56:44,101] Trial 15 finished with value: 0.041449877760831214 and parameters: {'confidence_threshold': 0.5026055290809989, 'training_days': 300, 'n_estimators': 125, 'max_depth': 4, 'num_leaves': 24, 'learning_rate': 0.0419787125797444, 'subsample': 0.6180845387466594, 'colsample_bytree': 0.8873172358830831, 'min_child_samples': 100, 'reg_alpha': 7.209816057093941, 'reg_lambda': 3.5532501480887757}. Best is trial 15 with value: 0.041449877760831214.
[I 2026-06-01 12:56:44,280] Trial 16 finished with value: -0.0065806319324197395 and parameters: {'confidence_threshold': 0.6867334044832473, 'training_days': 310, 'n_estimators': 300, 'max_depth': 3, 'num_leaves': 25, 'learning_rate': 0.04120917212923311, 'subsample': 0.6259757956590382, 'colsample_bytree': 0.7515374857923315, 'min_child_samples': 99, 'reg_alpha': 3.433399905162048, 'reg_lambda': 2.768872688174693}. Best is trial 15 with value: 0.041449877760831214.
[I 2026-06-01 12:56:44,479] Trial 17 finished with value: 0.010159114381350021 and parameters: {'confidence_threshold': 0.5004748807695347, 'training_days': 390, 'n_estimators': 215, 'max_depth': 5, 'num_leaves': 27, 'learning_rate': 0.018167663093744707, 'subsample': 0.7138783067057664, 'colsample_bytree': 0.9036129330415438, 'min_child_samples': 81, 'reg_alpha': 6.229602473892305e-07, 'reg_lambda': 6.536602842883305e-07}. Best is trial 15 with value: 0.041449877760831214.
[I 2026-06-01 12:56:44,575] A new study created in memory with name: no-name-bfb4aff8-887e-4c37-8dff-fa72325e1073

    [CV fold 1] train_end=2021-01-20 16:00 | val_start=2021-01-28 08:00 | gap=184h (22 rows)
    [CV fold 2] train_end=2021-05-21 00:00 | val_start=2021-05-28 16:00 | gap=184h (22 rows)
    [CV fold 3] train_end=2021-09-18 08:00 | val_start=2021-09-26 00:00 | gap=184h (22 rows)
    [CV fold 4] train_end=2022-01-16 16:00 | val_start=2022-01-24 08:00 | gap=184h (22 rows)
    [trial 0] Sharpe=0.0000 (folds: 0.1208, -0.0727, 0.1576, 0.1184, -0.3240)
    [trial 1] 48 features, training_days=420 | threshold=0.839 | labels: 1168 long, 1000 short (54/46%)
    [trial 1] Sharpe=-1.9600 (folds: 0.2738, -0.1537, 0.2794, -0.1997, -10.0000)
    [trial 2] 48 features, training_days=190 | threshold=0.602 | labels: 1168 long, 1000 short (54/46%)
    [trial 2] Sharpe=-0.0504 (folds: 0.0934, -0.1308, 0.1437, -0.0083, -0.3500)
    [trial 3] 48 features, training_days=490 | threshold=0.832 | labels: 1168 long, 1000 short (54/46%)
    [trial 3] Sharpe=-0.0906 (folds: 0.0630, -0.1983, 0.0565, 0.0029, -0.3771)
    [trial 4] 48 features, training_days=340 | threshold=0.591 | labels: 1168 long, 1000 short (54/46%)
    [trial 4] Sharpe=0.0232 (folds: 0.1273, -0.0283, 0.1594, 0.1328, -0.2753)
    [trial 5] 48 features, training_days=50 | threshold=0.823 | labels: 1168 long, 1000 short (54/46%)
    [trial 5] Sharpe=0.1316 (folds: 0.3445, 0.1570, 0.0006, 0.1512, 0.0045)
    [trial 6] 48 features, training_days=410 | threshold=0.549 | labels: 1168 long, 1000 short (54/46%)
    [trial 6] Sharpe=0.0325 (folds: 0.1982, 0.0725, 0.0305, 0.1470, -0.2856)
    [trial 7] 48 features, training_days=180 | threshold=0.526 | labels: 1168 long, 1000 short (54/46%)
    [trial 7] Sharpe=-0.0305 (folds: 0.2181, -0.0019, 0.0404, 0.0249, -0.4340)
    [trial 8] 48 features, training_days=240 | threshold=0.811 | labels: 1168 long, 1000 short (54/46%)
    [trial 8] Sharpe=-0.0209 (folds: 0.1622, -0.1038, 0.2014, 0.0230, -0.3871)
    [trial 9] 48 features, training_days=20 | threshold=0.538 | labels: 1168 long, 1000 short (54/46%)
    [trial 9] Sharpe=-0.0699 (folds: -0.3028, -0.0653, -0.0930, 0.0738, 0.0376)
    [trial 10] 48 features, training_days=10 | threshold=0.732 | labels: 1168 long, 1000 short (54/46%)
    [trial 10] Sharpe=-2.0094 (folds: -10.0000, -0.0653, -0.0930, 0.0738, 0.0376)
    [trial 11] 48 features, training_days=110 | threshold=0.716 | labels: 1168 long, 1000 short (54/46%)
    [trial 11] Sharpe=-5.9341 (folds: -10.0000, 0.3649, -10.0000, -10.0000, -0.0352)
    [trial 12] 48 features, training_days=340 | threshold=0.746 | labels: 1168 long, 1000 short (54/46%)
    [trial 12] Sharpe=-0.0206 (folds: 0.0700, -0.0864, 0.1465, -0.1132, -0.1201)
    [trial 13] 48 features, training_days=330 | threshold=0.663 | labels: 1168 long, 1000 short (54/46%)
    [trial 13] Sharpe=0.0122 (folds: 0.2397, -0.0783, 0.1388, 0.0169, -0.2562)
    [trial 14] 48 features, training_days=90 | threshold=0.787 | labels: 1168 long, 1000 short (54/46%)
    [trial 14] Sharpe=0.1198 (folds: 0.2031, 0.1445, 0.1080, 0.2713, -0.1280)
    [trial 15] 48 features, training_days=90 | threshold=0.778 | labels: 1168 long, 1000 short (54/46%)
    [trial 15] Sharpe=0.2026 (folds: 0.5043, 0.0607, 0.1296, 0.3044, 0.0141)
    [trial 16] 48 features, training_days=90 | threshold=0.780 | labels: 1168 long, 1000 short (54/46%)
    [trial 16] Sharpe=0.0298 (folds: 0.0303, 0.0291, -0.0670, 0.2580, -0.1015)
    [trial 17] 48 features, training_days=150 | threshold=0.771 | labels: 1168 long, 1000 short (54/46%)
    [trial 17] Sharpe=0.0241 (folds: 0.1734, -0.0364, 0.2992, -0.0177, -0.2980)
  Optuna: 18 trials, best Sharpe = 0.2026
  Best params: n_estimators=251, max_depth=3, lr=0.0100, leaves=31
  Best confidence_threshold: 0.778
  Best training_days: 90
  Retrained on full data (270 samples, 48 features)
  [ensemble 2/3] seed=123
    [trial 0] 48 features, training_days=150 | threshold=0.744 | labels: 1168 long, 1000 short (54/46%)
    [CV fold 0] train_end=2020-09-22 08:00 | val_start=2020-09-30 00:00 | gap=184h (22 rows)
    [CV fold 1] train_end=2021-01-20 16:00 | val_start=2021-01-28 08:00 | gap=184h (22 rows)
    [CV fold 2] train_end=2021-05-21 00:00 | val_start=2021-05-28 16:00 | gap=184h (22 rows)
    [CV fold 3] train_end=2021-09-18 08:00 | val_start=2021-09-26 00:00 | gap=184h (22 rows)
    [CV fold 4] train_end=2022-01-16 16:00 | val_start=2022-01-24 08:00 | gap=184h (22 rows)
    [trial 0] Sharpe=-0.0070 (folds: 0.1085, -0.0749, 0.2024, 0.1071, -0.3779)
    [trial 1] 48 features, training_days=220 | threshold=0.755 | labels: 1168 long, 1000 short (54/46%)
    [trial 1] Sharpe=-0.1109 (folds: 0.3888, -0.2029, 0.1364, -0.2189, -0.6577)
    [trial 2] 48 features, training_days=310 | threshold=0.754 | labels: 1168 long, 1000 short (54/46%)
    [trial 2] Sharpe=0.0193 (folds: 0.2322, -0.1199, 0.1680, -0.1282, -0.0553)
    [trial 3] 48 features, training_days=220 | threshold=0.673 | labels: 1168 long, 1000 short (54/46%)
    [trial 3] Sharpe=-0.0812 (folds: 0.1134, -0.1601, 0.1841, -0.1171, -0.4263)
    [trial 4] 48 features, training_days=130 | threshold=0.803 | labels: 1168 long, 1000 short (54/46%)
    [trial 4] Sharpe=-0.0415 (folds: 0.0563, -0.0510, 0.0627, 0.0712, -0.3467)
    [trial 5] 48 features, training_days=210 | threshold=0.606 | labels: 1168 long, 1000 short (54/46%)
    [trial 5] Sharpe=-0.0531 (folds: 0.0785, -0.1385, 0.1361, -0.0398, -0.3018)
    [trial 6] 48 features, training_days=130 | threshold=0.767 | labels: 1168 long, 1000 short (54/46%)
    [trial 6] Sharpe=-0.0004 (folds: 0.0798, -0.1021, 0.1734, -0.0022, -0.1509)
    [trial 7] 48 features, training_days=80 | threshold=0.556 | labels: 1168 long, 1000 short (54/46%)
    [trial 7] Sharpe=-0.0136 (folds: 0.1774, -0.1181, -0.1528, 0.2154, -0.1898)
    [trial 8] 48 features, training_days=200 | threshold=0.607 | labels: 1168 long, 1000 short (54/46%)
    [trial 8] Sharpe=-0.0683 (folds: 0.1306, -0.1475, 0.1500, -0.1264, -0.3484)
    [trial 9] 48 features, training_days=260 | threshold=0.620 | labels: 1168 long, 1000 short (54/46%)
    [trial 9] Sharpe=-0.0147 (folds: 0.0684, -0.1975, 0.2229, 0.1050, -0.2723)
    [trial 10] 48 features, training_days=420 | threshold=0.845 | labels: 1168 long, 1000 short (54/46%)
    [trial 10] Sharpe=-1.9887 (folds: 0.1512, -0.0886, 0.2149, -0.2211, -10.0000)
    [trial 11] 48 features, training_days=350 | threshold=0.726 | labels: 1168 long, 1000 short (54/46%)
    [trial 11] Sharpe=-0.0396 (folds: 0.0718, -0.1567, 0.1286, -0.1015, -0.1401)
    [trial 12] 48 features, training_days=330 | threshold=0.689 | labels: 1168 long, 1000 short (54/46%)
    [trial 12] Sharpe=-1.9810 (folds: 0.2556, -0.1290, 0.1882, -0.2198, -10.0000)
    [trial 13] 48 features, training_days=10 | threshold=0.790 | labels: 1168 long, 1000 short (54/46%)
    [trial 13] Sharpe=-2.0094 (folds: -10.0000, -0.0653, -0.0930, 0.0738, 0.0376)
    [trial 14] 48 features, training_days=490 | threshold=0.836 | labels: 1168 long, 1000 short (54/46%)
    [trial 14] Sharpe=-1.9983 (folds: 0.1178, -0.1483, 0.1499, -0.1110, -10.0000)
    [trial 15] 48 features, training_days=300 | threshold=0.503 | labels: 1168 long, 1000 short (54/46%)
    [trial 15] Sharpe=0.0414 (folds: 0.1148, -0.0931, 0.1402, 0.1787, -0.1334)
    [trial 16] 48 features, training_days=310 | threshold=0.687 | labels: 1168 long, 1000 short (54/46%)
    [trial 16] Sharpe=-0.0066 (folds: 0.0547, -0.1731, 0.2160, 0.0137, -0.1442)
    [trial 17] 48 features, training_days=390 | threshold=0.500 | labels: 1168 long, 1000 short (54/46%)
    [trial 17] Sharpe=0.0102 (folds: 0.1503, -0.0085, 0.0722, 0.1390, -0.3021)
  Optuna: 18 trials, best Sharpe = 0.0414
  Best params: n_estimators=125, max_depth=4, lr=0.0420, leaves=24
  Best confidence_threshold: 0.503
  Best training_days: 300
  Retrained on full data (900 samples, 48 features)
  [ensemble 3/3] seed=456
    [trial 0] 48 features, training_days=90 | threshold=0.587 | labels: 1168 long, 1000 short (54/46%)
    [CV fold 0] train_end=2020-09-22 08:00 | val_start=2020-09-30 00:00 | gap=184h (22 rows)
    [CV fold 1] train_end=2021-01-20 16:00 | val_start=2021-01-28 08:00 | gap=184h (22 rows)
    [CV fold 2] train_end=2021-05-21 00:00 | val_start=2021-05-28 16:00 | gap=184h (22 rows)[I 2026-06-01 12:56:44,753] Trial 0 finished with value: 0.03289330667824973 and parameters: {'confidence_threshold': 0.5870645682749857, 'training_days': 90, 'n_estimators': 403, 'max_depth': 5, 'num_leaves': 45, 'learning_rate': 0.0780457193679974, 'subsample': 0.9428509515574568, 'colsample_bytree': 0.8795587339164916, 'min_child_samples': 34, 'reg_alpha': 2.2465901234314442e-07, 'reg_lambda': 8.339007036475363e-05}. Best is trial 0 with value: 0.03289330667824973.
[I 2026-06-01 12:56:44,858] Trial 1 finished with value: -0.004865461463528786 and parameters: {'confidence_threshold': 0.6348453934275313, 'training_days': 290, 'n_estimators': 115, 'max_depth': 5, 'num_leaves': 37, 'learning_rate': 0.06949568759029946, 'subsample': 0.8228505074024268, 'colsample_bytree': 0.8616703220431751, 'min_child_samples': 75, 'reg_alpha': 4.2486822725010923e-07, 'reg_lambda': 1.157247767047042e-07}. Best is trial 0 with value: 0.03289330667824973.
[I 2026-06-01 12:56:44,875] Trial 2 finished with value: -0.06993986644148377 and parameters: {'confidence_threshold': 0.5849570384370288, 'training_days': 10, 'n_estimators': 212, 'max_depth': 3, 'num_leaves': 41, 'learning_rate': 0.18452095998378365, 'subsample': 0.6001060822924371, 'colsample_bytree': 0.5673167293506167, 'min_child_samples': 37, 'reg_alpha': 5.733250064217131, 'reg_lambda': 0.5308454292595461}. Best is trial 0 with value: 0.03289330667824973.
[I 2026-06-01 12:56:44,949] Trial 3 finished with value: -0.09427806715723011 and parameters: {'confidence_threshold': 0.6868248626683718, 'training_days': 220, 'n_estimators': 134, 'max_depth': 3, 'num_leaves': 45, 'learning_rate': 0.033529007907491595, 'subsample': 0.8647277071858408, 'colsample_bytree': 0.778494116634046, 'min_child_samples': 96, 'reg_alpha': 2.409409937265785e-07, 'reg_lambda': 1.1642073478060009}. Best is trial 0 with value: 0.03289330667824973.
[I 2026-06-01 12:56:45,023] Trial 4 finished with value: -0.01960278432164206 and parameters: {'confidence_threshold': 0.5623121348350352, 'training_days': 300, 'n_estimators': 69, 'max_depth': 4, 'num_leaves': 32, 'learning_rate': 0.14967629360700346, 'subsample': 0.5054535233636654, 'colsample_bytree': 0.7401385194659216, 'min_child_samples': 27, 'reg_alpha': 1.4212042567426725e-07, 'reg_lambda': 0.23605753701352003}. Best is trial 0 with value: 0.03289330667824973.
[I 2026-06-01 12:56:45,419] Trial 5 finished with value: -0.025172135133796826 and parameters: {'confidence_threshold': 0.7111850244908446, 'training_days': 490, 'n_estimators': 362, 'max_depth': 5, 'num_leaves': 40, 'learning_rate': 0.05960785724162737, 'subsample': 0.5589714368907717, 'colsample_bytree': 0.6659006943232806, 'min_child_samples': 42, 'reg_alpha': 0.6741360303045295, 'reg_lambda': 6.054601607143087e-08}. Best is trial 0 with value: 0.03289330667824973.
[I 2026-06-01 12:56:45,584] Trial 6 finished with value: -0.02780516135508986 and parameters: {'confidence_threshold': 0.667482545748023, 'training_days': 420, 'n_estimators': 279, 'max_depth': 3, 'num_leaves': 45, 'learning_rate': 0.040099592560849204, 'subsample': 0.8563114696415159, 'colsample_bytree': 0.5442917781944105, 'min_child_samples': 50, 'reg_alpha': 1.6407916423707903e-08, 'reg_lambda': 2.935907642973286e-05}. Best is trial 0 with value: 0.03289330667824973.
[I 2026-06-01 12:56:45,725] Trial 7 finished with value: -0.04748960615814646 and parameters: {'confidence_threshold': 0.5497381024139926, 'training_days': 120, 'n_estimators': 408, 'max_depth': 5, 'num_leaves': 38, 'learning_rate': 0.28049122657745795, 'subsample': 0.8806573338635493, 'colsample_bytree': 0.5454054113547102, 'min_child_samples': 63, 'reg_alpha': 0.01263008637940408, 'reg_lambda': 0.04588020805366937}. Best is trial 0 with value: 0.03289330667824973.
[I 2026-06-01 12:56:45,978] Trial 8 finished with value: -0.04492520451673325 and parameters: {'confidence_threshold': 0.719644804808716, 'training_days': 450, 'n_estimators': 410, 'max_depth': 4, 'num_leaves': 57, 'learning_rate': 0.04022026551478857, 'subsample': 0.5336085426932707, 'colsample_bytree': 0.5705742850577543, 'min_child_samples': 100, 'reg_alpha': 5.916398047912201e-07, 'reg_lambda': 0.9794034214488329}. Best is trial 0 with value: 0.03289330667824973.
[I 2026-06-01 12:56:46,001] Trial 9 finished with value: -6.03166723875515 and parameters: {'confidence_threshold': 0.7267463643917187, 'training_days': 20, 'n_estimators': 337, 'max_depth': 5, 'num_leaves': 23, 'learning_rate': 0.022153031811454605, 'subsample': 0.6305627572358737, 'colsample_bytree': 0.6613413774216214, 'min_child_samples': 81, 'reg_alpha': 5.7638634029410314e-08, 'reg_lambda': 8.26603016764008}. Best is trial 0 with value: 0.03289330667824973.
[I 2026-06-01 12:56:46,316] Trial 10 finished with value: 0.04915717014600779 and parameters: {'confidence_threshold': 0.8398533911817929, 'training_days': 130, 'n_estimators': 485, 'max_depth': 4, 'num_leaves': 62, 'learning_rate': 0.014251957942824738, 'subsample': 0.9901604570372973, 'colsample_bytree': 0.9944479338273263, 'min_child_samples': 23, 'reg_alpha': 6.837313901272251e-05, 'reg_lambda': 0.0006976939169966911}. Best is trial 10 with value: 0.04915717014600779.
[I 2026-06-01 12:56:46,648] Trial 11 finished with value: 0.060869687600823175 and parameters: {'confidence_threshold': 0.8491135887906174, 'training_days': 140, 'n_estimators': 478, 'max_depth': 4, 'num_leaves': 61, 'learning_rate': 0.010040680771315659, 'subsample': 0.9943448329854054, 'colsample_bytree': 0.9775347597655288, 'min_child_samples': 20, 'reg_alpha': 7.328612622954525e-05, 'reg_lambda': 0.0002767360651732308}. Best is trial 11 with value: 0.060869687600823175.
[I 2026-06-01 12:56:47,041] Trial 12 finished with value: -0.023877403689216183 and parameters: {'confidence_threshold': 0.844172879916663, 'training_days': 180, 'n_estimators': 490, 'max_depth': 4, 'num_leaves': 63, 'learning_rate': 0.01016004474536195, 'subsample': 0.9950368342558168, 'colsample_bytree': 0.9826583982594713, 'min_child_samples': 20, 'reg_alpha': 5.113460481149383e-05, 'reg_lambda': 0.0022105109201275095}. Best is trial 11 with value: 0.060869687600823175.
[I 2026-06-01 12:56:47,365] Trial 13 finished with value: 0.041903706295779615 and parameters: {'confidence_threshold': 0.8491911315870185, 'training_days': 130, 'n_estimators': 494, 'max_depth': 4, 'num_leaves': 55, 'learning_rate': 0.010365414043456918, 'subsample': 0.7073909792186277, 'colsample_bytree': 0.977673677256957, 'min_child_samples': 23, 'reg_alpha': 7.991749892477264e-05, 'reg_lambda': 4.1910078918541625e-06}. Best is trial 11 with value: 0.060869687600823175.
[I 2026-06-01 12:56:47,637] Trial 14 finished with value: -0.05713867172619563 and parameters: {'confidence_threshold': 0.7942966523343237, 'training_days': 190, 'n_estimators': 458, 'max_depth': 4, 'num_leaves': 62, 'learning_rate': 0.017319899206968994, 'subsample': 0.994555864249346, 'colsample_bytree': 0.9010809538959501, 'min_child_samples': 54, 'reg_alpha': 0.0019056569144804095, 'reg_lambda': 0.0020591486530605477}. Best is trial 11 with value: 0.060869687600823175.
[I 2026-06-01 12:56:47,758] Trial 15 finished with value: 0.019514322173805446 and parameters: {'confidence_threshold': 0.7829525506318393, 'training_days': 70, 'n_estimators': 285, 'max_depth': 4, 'num_leaves': 53, 'learning_rate': 0.016690996870677925, 'subsample': 0.7631147670190621, 'colsample_bytree': 0.9934286300532085, 'min_child_samples': 30, 'reg_alpha': 1.0347887266434179e-05, 'reg_lambda': 2.582339790441249e-06}. Best is trial 11 with value: 0.060869687600823175.
[I 2026-06-01 12:56:48,108] Trial 16 finished with value: -0.06565451879339698 and parameters: {'confidence_threshold': 0.7843607111441431, 'training_days': 250, 'n_estimators': 448, 'max_depth': 4, 'num_leaves': 16, 'learning_rate': 0.015152059756701577, 'subsample': 0.9173462606754889, 'colsample_bytree': 0.923059818374438, 'min_child_samples': 45, 'reg_alpha': 0.004345365238253474, 'reg_lambda': 0.0055249121913186336}. Best is trial 11 with value: 0.060869687600823175.
