[I 2026-06-01 12:59:37,618] Trial 7 finished with value: -0.06215202509368216 and parameters: {'confidence_threshold': 0.5259156281069316, 'training_days': 180, 'n_estimators': 102, 'max_depth': 5, 'num_leaves': 45, 'learning_rate': 0.030816017044468066, 'subsample': 0.5317791751430119, 'colsample_bytree': 0.6554911608578311, 'min_child_samples': 46, 'reg_alpha': 0.036851536911881845, 'reg_lambda': 0.005470376807480391}. Best is trial 6 with value: 0.009218145721338389.

    [trial 9] Sharpe=-7.9612 (folds: 0.1941, -10.0000, -10.0000, -10.0000, -10.0000)
    [trial 10] 48 features, training_days=200 | threshold=0.828 | labels: 1041 long, 1127 short (48/52%)
    [trial 10] Sharpe=-5.9261 (folds: -10.0000, 0.2502, -10.0000, 0.1191, -10.0000)
    [trial 11] 48 features, training_days=380 | threshold=0.777 | labels: 1041 long, 1127 short (48/52%)
    [trial 11] Sharpe=0.0088 (folds: -0.0507, 0.2914, -0.2388, -0.2988, 0.3407)
    [trial 12] 48 features, training_days=200 | threshold=0.745 | labels: 1041 long, 1127 short (48/52%)
    [trial 12] Sharpe=0.0605 (folds: -0.0170, 0.0611, -0.1585, 0.0867, 0.3301)
    [trial 13] 48 features, training_days=200 | threshold=0.796 | labels: 1041 long, 1127 short (48/52%)
    [trial 13] Sharpe=0.1414 (folds: 0.0986, 0.0907, -0.2502, 0.1137, 0.6541)
    [trial 14] 48 features, training_days=210 | threshold=0.847 | labels: 1041 long, 1127 short (48/52%)
    [trial 14] Sharpe=-4.0382 (folds: 0.1875, -0.0360, -0.3425, -10.0000, -10.0000)
    [trial 15] 48 features, training_days=130 | threshold=0.786 | labels: 1041 long, 1127 short (48/52%)
    [trial 15] Sharpe=0.1080 (folds: 0.1507, -0.1924, -0.0656, 0.3145, 0.3329)
    [trial 16] 48 features, training_days=110 | threshold=0.787 | labels: 1041 long, 1127 short (48/52%)
    [trial 16] Sharpe=-0.0325 (folds: 0.0207, -0.4902, -0.2641, 0.1573, 0.4140)
    [trial 17] 48 features, training_days=150 | threshold=0.799 | labels: 1041 long, 1127 short (48/52%)
    [trial 17] Sharpe=0.0742 (folds: -0.0964, -0.1435, -0.0383, 0.2882, 0.3612)
  Optuna: 18 trials, best Sharpe = 0.1414
  Best params: n_estimators=494, max_depth=4, lr=0.0139, leaves=52
  Best confidence_threshold: 0.796
  Best training_days: 200
  Retrained on full data (600 samples, 48 features)
  OOD: 16 features, cutoff (q=0.7) = 10.59
  Model trained for 2023-11: 90 test candles with features, confidence_threshold=0.772
[trade:close] 2023-11-01 23:59 BTCUSDT SHORT → stop_loss @ 35272.03 | PnL=-3.28% (net -3.38%) | cum=-20.46% 2023-11=-3.38% 2023-11-01=-3.38%
[predict] 2023-11-03 00:00 BTCUSDT → LONG (proba=0.84 TP=7.7%/SL=3.8%)
[trade:open] 2023-11-03 07:59 BTCUSDT LONG @ 34470.00 | SL=33151.41 TP=37107.19 | timeout=2023-11-10 07:59
[trade:close] 2023-11-09 15:59 BTCUSDT LONG → take_profit @ 37107.19 | PnL=+7.65% (net +7.55%) | cum=-12.91% 2023-11=+4.17% 2023-11-09=+7.55%
[predict] 2023-11-16 00:00 BTCUSDT → SHORT (proba=0.82 TP=7.8%/SL=3.9%)
[trade:open] 2023-11-16 07:59 BTCUSDT SHORT @ 37460.70 | SL=38914.65 TP=34552.81 | timeout=2023-11-23 07:59
[trade:close] 2023-11-23 08:00 BTCUSDT SHORT → timeout @ 37378.50 | PnL=+0.22% (net +0.12%) | cum=-12.79% 2023-11=+4.29% 2023-11-23=+0.12%
[predict] 2023-11-24 00:00 BTCUSDT → SHORT (proba=0.85 TP=7.1%/SL=3.5%)
[trade:open] 2023-11-24 07:59 BTCUSDT SHORT @ 37531.10 | SL=38854.13 TP=34885.04 | timeout=2023-12-01 07:59
[lgbm] === Training for 2023-12 ===
  Train window: 2021-12-01 → 2023-11-23
  2168 training samples from 1 symbols
  Samples per month: 2021-12: 93, 2022-01: 93, 2022-02: 84, 2022-03: 93, 2022-04: 90, 2022-05: 93, 2022-06: 90, 2022-07: 93, 2022-08: 93, 2022-09: 90, 2022-10: 93, 2022-11: 90, 2022-12: 93, 2023-01: 93, 2023-02: 84, 2023-03: 93, 2023-04: 90, 2023-05: 93, 2023-06: 90, 2023-07: 93, 2023-08: 93, 2023-09: 90, 2023-10: 93, 2023-11: 68
  [label] 2022-01-31 16:00 BTCUSDT entry=38439.0400 → LONG | long=sl(-5.64%) short=sl(-5.64%) | scanned=12 | no_tp→fwd_return=+8.0932
  [label] 2022-02-02 16:00 BTCUSDT entry=36892.0300 → LONG | long=tp(+10.47%) short=sl(-5.38%) | scanned=6 | long_tp_only
  [label] 2022-02-06 16:00 BTCUSDT entry=42361.3500 → SHORT | long=timeout(-0.86%) short=sl(-4.78%) | scanned=22 | no_tp→fwd_return=-0.7559
  [label] 2022-03-03 08:00 BTCUSDT entry=42549.5000 → SHORT | long=sl(-6.78%) short=timeout(+7.88%) | scanned=22 | no_tp→fwd_return=-7.9761
  [label] 2022-04-24 16:00 BTCUSDT entry=39433.4000 → SHORT | long=sl(-3.83%) short=timeout(+2.42%) | scanned=22 | no_tp→fwd_return=-2.5179
  [label] 2022-10-07 16:00 BTCUSDT entry=19520.9000 → SHORT | long=sl(-3.99%) short=tp(+7.67%) | scanned=17 | short_tp_only
  [label] 2022-10-11 16:00 BTCUSDT entry=19055.0000 → SHORT | long=sl(-2.96%) short=tp(+5.62%) | scanned=5 | short_tp_only
  [label] 2022-10-22 08:00 BTCUSDT entry=19223.7000 → LONG | long=tp(+4.55%) short=sl(-2.42%) | scanned=10 | long_tp_only
  [label] 2022-12-06 08:00 BTCUSDT entry=16974.9000 → LONG | long=tp(+4.89%) short=sl(-2.59%) | scanned=21 | long_tp_only
  [label] 2022-12-14 16:00 BTCUSDT entry=17803.9000 → SHORT | long=sl(-2.96%) short=tp(+5.61%) | scanned=6 | short_tp_only
  [label] 2023-03-15 00:00 BTCUSDT entry=24892.0000 → LONG | long=tp(+14.33%) short=sl(-7.31%) | scanned=16 | long_tp_only
  [label] 2023-04-16 00:00 BTCUSDT entry=30330.8000 → SHORT | long=sl(-2.77%) short=tp(+5.23%) | scanned=11 | short_tp_only
  [label] 2023-05-02 00:00 BTCUSDT entry=28045.0000 → SHORT | long=timeout(-1.51%) short=sl(-4.08%) | scanned=22 | no_tp→fwd_return=-1.4109
  [label] 2023-05-14 16:00 BTCUSDT entry=26901.9000 → SHORT | long=timeout(-0.73%) short=timeout(+0.53%) | scanned=22 | no_tp→fwd_return=-0.6286
  [label] 2023-06-02 08:00 BTCUSDT entry=27081.3000 → SHORT | long=sl(-3.20%) short=tp(+6.09%) | scanned=10 | short_tp_only
  [label] 2023-06-08 16:00 BTCUSDT entry=26485.9000 → SHORT | long=sl(-3.53%) short=timeout(+3.30%) | scanned=22 | no_tp→fwd_return=-3.3973
  [label] 2023-06-21 00:00 BTCUSDT entry=28860.4000 → LONG | long=tp(+6.77%) short=sl(-3.54%) | scanned=7 | long_tp_only
  [label] 2023-07-30 08:00 BTCUSDT entry=29337.1000 → LONG | long=sl(-1.55%) short=sl(-1.55%) | scanned=8 | no_tp→fwd_return=+0.7942
  [label] 2023-08-09 08:00 BTCUSDT entry=29749.4000 → SHORT | long=sl(-2.16%) short=timeout(+2.09%) | scanned=22 | no_tp→fwd_return=-2.1896
  [label] 2023-11-03 08:00 BTCUSDT entry=34759.5000 → LONG | long=tp(+7.46%) short=sl(-3.88%) | scanned=18 | long_tp_only
  Labels: 1080 long (49.8%), 1088 short (50.2%) | weights: min=1.00, mean=2.96, max=10.00
  Features: 2168/2168 matched, 48 columns
  CV gap: 22 rows
  [ensemble 1/3] seed=42
    [trial 0] 48 features, training_days=480 | threshold=0.631 | labels: 1080 long, 1088 short (50/50%)
    [CV fold 0] train_end=2022-03-24 08:00 | val_start=2022-04-01 00:00 | gap=184h (22 rows)
    [CV fold 1] train_end=2022-07-22 16:00 | val_start=2022-07-30 08:00 | gap=184h (22 rows)
    [CV fold 2] train_end=2022-11-20 00:00 | val_start=2022-11-27 16:00 | gap=184h (22 rows)
    [CV fold 3] train_end=2023-03-20 08:00 | val_start=2023-03-28 00:00 | gap=184h (22 rows)
    [CV fold 4] train_end=2023-07-18 16:00 | val_start=2023-07-26 08:00 | gap=184h (22 rows)
    [trial 0] Sharpe=-0.0525 (folds: -0.1919, -0.2596, -0.1152, 0.0837, 0.2207)
    [trial 1] 48 features, training_days=420 | threshold=0.839 | labels: 1080 long, 1088 short (50/50%)
    [trial 1] Sharpe=-3.9323 (folds: -0.0539, -10.0000, -0.0673, -10.0000, 0.4599)
    [trial 2] 48 features, training_days=190 | threshold=0.602 | labels: 1080 long, 1088 short (50/50%)
    [trial 2] Sharpe=-0.0388 (folds: -0.1374, -0.3305, -0.1571, 0.1752, 0.2558)
    [trial 3] 48 features, training_days=490 | threshold=0.832 | labels: 1080 long, 1088 short (50/50%)
    [trial 3] Sharpe=-0.0548 (folds: -0.0423, -0.2345, -0.2351, 0.0213, 0.2167)
    [trial 4] 48 features, training_days=340 | threshold=0.591 | labels: 1080 long, 1088 short (50/50%)
    [trial 4] Sharpe=-0.0378 (folds: -0.1068, -0.2088, -0.2114, 0.2508, 0.0874)
    [trial 5] 48 features, training_days=50 | threshold=0.823 | labels: 1080 long, 1088 short (50/50%)
    [trial 5] Sharpe=0.0041 (folds: -0.0878, -0.2775, 0.0303, 0.2713, 0.0841)
    [trial 6] 48 features, training_days=410 | threshold=0.549 | labels: 1080 long, 1088 short (50/50%)
    [trial 6] Sharpe=0.0092 (folds: -0.1594, -0.1172, -0.0827, 0.0142, 0.3913)
    [trial 7] 48 features, training_days=180 | threshold=0.526 | labels: 1080 long, 1088 short (50/50%)
    [trial 7] Sharpe=-0.0622 (folds: -0.1127, -0.3015, -0.1314, 0.0804, 0.1545)
    [trial 8] 48 features, training_days=240 | threshold=0.811 | labels: 1080 long, 1088 short (50/50%)[I 2026-06-01 12:59:37,727] Trial 8 finished with value: -0.13100072673205068 and parameters: {'confidence_threshold': 0.8105244599017143, 'training_days': 240, 'n_estimators': 103, 'max_depth': 5, 'num_leaves': 52, 'learning_rate': 0.06746437142284309, 'subsample': 0.8854835899772805, 'colsample_bytree': 0.7468977981821954, 'min_child_samples': 62, 'reg_alpha': 7.04480806377519e-05, 'reg_lambda': 1.6934490731313353e-08}. Best is trial 6 with value: 0.009218145721338389.
[I 2026-06-01 12:59:37,751] Trial 9 finished with value: -0.1861293008651023 and parameters: {'confidence_threshold': 0.5377619994476566, 'training_days': 20, 'n_estimators': 337, 'max_depth': 3, 'num_leaves': 39, 'learning_rate': 0.21907142272152816, 'subsample': 0.6246461145744375, 'colsample_bytree': 0.7051914615178149, 'min_child_samples': 81, 'reg_alpha': 1.1459970229341322e-06, 'reg_lambda': 4.929685216887945e-08}. Best is trial 6 with value: 0.009218145721338389.
[I 2026-06-01 12:59:38,407] Trial 10 finished with value: -0.10386796229309411 and parameters: {'confidence_threshold': 0.7378545837642324, 'training_days': 350, 'n_estimators': 487, 'max_depth': 5, 'num_leaves': 62, 'learning_rate': 0.011407797829608154, 'subsample': 0.628963476300746, 'colsample_bytree': 0.8340915966600303, 'min_child_samples': 27, 'reg_alpha': 8.536188349289, 'reg_lambda': 8.145051292774586}. Best is trial 6 with value: 0.009218145721338389.
[I 2026-06-01 12:59:38,436] Trial 11 finished with value: -2.0919618318997797 and parameters: {'confidence_threshold': 0.715357026933722, 'training_days': 20, 'n_estimators': 65, 'max_depth': 4, 'num_leaves': 33, 'learning_rate': 0.03598276311441651, 'subsample': 0.6290161990788976, 'colsample_bytree': 0.9670246438738912, 'min_child_samples': 92, 'reg_alpha': 7.791525617942995e-05, 'reg_lambda': 1.7775498934647403e-05}. Best is trial 6 with value: 0.009218145721338389.
[I 2026-06-01 12:59:38,559] Trial 12 finished with value: -0.12694336566980047 and parameters: {'confidence_threshold': 0.7456670193224102, 'training_days': 140, 'n_estimators': 206, 'max_depth': 3, 'num_leaves': 54, 'learning_rate': 0.010706617829904863, 'subsample': 0.5222281423323654, 'colsample_bytree': 0.8377221318966512, 'min_child_samples': 45, 'reg_alpha': 8.617472048291632e-06, 'reg_lambda': 0.1624885012894648}. Best is trial 6 with value: 0.009218145721338389.
[I 2026-06-01 12:59:38,606] Trial 13 finished with value: -0.13887584016615118 and parameters: {'confidence_threshold': 0.663455030204664, 'training_days': 100, 'n_estimators': 60, 'max_depth': 4, 'num_leaves': 29, 'learning_rate': 0.13142972743430661, 'subsample': 0.6803710106053958, 'colsample_bytree': 0.9994455923633134, 'min_child_samples': 80, 'reg_alpha': 0.0010966824639232749, 'reg_lambda': 3.9794797075090296e-05}. Best is trial 6 with value: 0.009218145721338389.
[I 2026-06-01 12:59:38,856] Trial 14 finished with value: -0.0969043491766909 and parameters: {'confidence_threshold': 0.7871652886153421, 'training_days': 320, 'n_estimators': 202, 'max_depth': 4, 'num_leaves': 48, 'learning_rate': 0.021955792387256895, 'subsample': 0.5808433054196197, 'colsample_bytree': 0.8426390154207808, 'min_child_samples': 21, 'reg_alpha': 3.770845974254184e-08, 'reg_lambda': 0.03263199243425326}. Best is trial 6 with value: 0.009218145721338389.
[I 2026-06-01 12:59:39,056] Trial 15 finished with value: -0.030223367656715922 and parameters: {'confidence_threshold': 0.6872250565433545, 'training_days': 270, 'n_estimators': 149, 'max_depth': 5, 'num_leaves': 61, 'learning_rate': 0.04150363557318294, 'subsample': 0.5827518795786422, 'colsample_bytree': 0.9044007374054165, 'min_child_samples': 37, 'reg_alpha': 0.16592715326982113, 'reg_lambda': 0.00026489767775597043}. Best is trial 6 with value: 0.009218145721338389.
[I 2026-06-01 12:59:39,263] Trial 16 finished with value: -0.011033389714884701 and parameters: {'confidence_threshold': 0.5654847779645644, 'training_days': 420, 'n_estimators': 293, 'max_depth': 3, 'num_leaves': 33, 'learning_rate': 0.08200164591835346, 'subsample': 0.688182201978983, 'colsample_bytree': 0.7895188207605416, 'min_child_samples': 52, 'reg_alpha': 6.6666985972045525e-06, 'reg_lambda': 1.5949783981171654e-06}. Best is trial 6 with value: 0.009218145721338389.
[I 2026-06-01 12:59:39,290] Trial 17 finished with value: -10.0 and parameters: {'confidence_threshold': 0.6478758927091923, 'training_days': 60, 'n_estimators': 135, 'max_depth': 4, 'num_leaves': 36, 'learning_rate': 0.04686716143402948, 'subsample': 0.8366733523272174, 'colsample_bytree': 0.929206606205561, 'min_child_samples': 80, 'reg_alpha': 0.0036307618429302947, 'reg_lambda': 0.2041475808495042}. Best is trial 6 with value: 0.009218145721338389.
[I 2026-06-01 12:59:39,585] A new study created in memory with name: no-name-a5db2807-bef9-4c22-a223-75f0a310c31c
[I 2026-06-01 12:59:39,681] Trial 0 finished with value: -0.052403106024925414 and parameters: {'confidence_threshold': 0.7437642149592516, 'training_days': 150, 'n_estimators': 152, 'max_depth': 4, 'num_leaves': 50, 'learning_rate': 0.04216766425047743, 'subsample': 0.9903820991923078, 'colsample_bytree': 0.8424148692924316, 'min_child_samples': 58, 'reg_alpha': 3.381097259762742e-05, 'reg_lambda': 1.2263152961306247e-05}. Best is trial 0 with value: -0.052403106024925414.
[I 2026-06-01 12:59:39,760] Trial 1 finished with value: -3.8858270030425617 and parameters: {'confidence_threshold': 0.7551673975844145, 'training_days': 220, 'n_estimators': 76, 'max_depth': 4, 'num_leaves': 51, 'learning_rate': 0.018602118810743477, 'subsample': 0.5877258780737462, 'colsample_bytree': 0.7657756869209191, 'min_child_samples': 63, 'reg_alpha': 0.005123994170264194, 'reg_lambda': 0.44145470178120466}. Best is trial 0 with value: -0.052403106024925414.
[I 2026-06-01 12:59:40,006] Trial 2 finished with value: -0.04617210588089803 and parameters: {'confidence_threshold': 0.7535593637012223, 'training_days': 310, 'n_estimators': 375, 'max_depth': 3, 'num_leaves': 32, 'learning_rate': 0.021735641882032388, 'subsample': 0.6468570231944146, 'colsample_bytree': 0.8154880619272439, 'min_child_samples': 27, 'reg_alpha': 8.004064028491336e-05, 'reg_lambda': 7.546835261630524e-05}. Best is trial 2 with value: -0.04617210588089803.
[I 2026-06-01 12:59:40,190] Trial 3 finished with value: 0.021255467888522773 and parameters: {'confidence_threshold': 0.6727897841776072, 'training_days': 220, 'n_estimators': 190, 'max_depth': 4, 'num_leaves': 58, 'learning_rate': 0.24810689332636193, 'subsample': 0.7509183379421682, 'colsample_bytree': 0.8119764758960556, 'min_child_samples': 29, 'reg_alpha': 7.1708285081421445e-06, 'reg_lambda': 5.412973582738627e-05}. Best is trial 3 with value: 0.021255467888522773.
[I 2026-06-01 12:59:40,309] Trial 4 finished with value: -0.02232594044653417 and parameters: {'confidence_threshold': 0.803208205259178, 'training_days': 130, 'n_estimators': 267, 'max_depth': 5, 'num_leaves': 40, 'learning_rate': 0.08041175317374143, 'subsample': 0.5603143329951619, 'colsample_bytree': 0.9131704002534167, 'min_child_samples': 68, 'reg_alpha': 0.0008046593428183385, 'reg_lambda': 1.2158346158765583e-05}. Best is trial 3 with value: 0.021255467888522773.
[I 2026-06-01 12:59:40,553] Trial 5 finished with value: -0.03205509236859683 and parameters: {'confidence_threshold': 0.6064422761595144, 'training_days': 210, 'n_estimators': 357, 'max_depth': 5, 'num_leaves': 40, 'learning_rate': 0.0974221287220869, 'subsample': 0.7929682762811064, 'colsample_bytree': 0.8124517510478, 'min_child_samples': 74, 'reg_alpha': 0.3811377260781234, 'reg_lambda': 5.607314238392041e-08}. Best is trial 3 with value: 0.021255467888522773.
[I 2026-06-01 12:59:40,677] Trial 6 finished with value: -0.03678506828769395 and parameters: {'confidence_threshold': 0.7672889945051684, 'training_days': 130, 'n_estimators': 137, 'max_depth': 4, 'num_leaves': 19, 'learning_rate': 0.2031117614248665, 'subsample': 0.8136244860256343, 'colsample_bytree': 0.8617081790949774, 'min_child_samples': 21, 'reg_alpha': 0.002238138278733199, 'reg_lambda': 0.001025809534977322}. Best is trial 3 with value: 0.021255467888522773.
[I 2026-06-01 12:59:40,759] Trial 7 finished with value: -0.058194042664007704 and parameters: {'confidence_threshold': 0.555635875450653, 'training_days': 80, 'n_estimators': 363, 'max_depth': 3, 'num_leaves': 48, 'learning_rate': 0.06590089024008658, 'subsample': 0.6944752870615722, 'colsample_bytree': 0.962566244806993, 'min_child_samples': 88, 'reg_alpha': 1.6465620446426067e-05, 'reg_lambda': 2.4678750890085655e-08}. Best is trial 3 with value: 0.021255467888522773.
[I 2026-06-01 12:59:41,096] Trial 8 finished with value: 0.03835923577526856 and parameters: {'confidence_threshold': 0.6066688256938841, 'training_days': 200, 'n_estimators': 367, 'max_depth': 5, 'num_leaves': 32, 'learning_rate': 0.13377519215934996, 'subsample': 0.7965884582811106, 'colsample_bytree': 0.8458508993500886, 'min_child_samples': 32, 'reg_alpha': 3.889436043816386e-05, 'reg_lambda': 1.4713062489380356e-06}. Best is trial 8 with value: 0.03835923577526856.
[I 2026-06-01 12:59:41,314] Trial 9 finished with value: -0.023298188166231183 and parameters: {'confidence_threshold': 0.6202096049169137, 'training_days': 260, 'n_estimators': 350, 'max_depth': 3, 'num_leaves': 21, 'learning_rate': 0.02989540198065364, 'subsample': 0.8307821683331218, 'colsample_bytree': 0.923253112635361, 'min_child_samples': 64, 'reg_alpha': 0.4898604619604203, 'reg_lambda': 2.9076377687066166e-05}. Best is trial 8 with value: 0.03835923577526856.
[I 2026-06-01 12:59:41,862] Trial 10 finished with value: -0.0271124734734046 and parameters: {'confidence_threshold': 0.5342665212695602, 'training_days': 470, 'n_estimators': 493, 'max_depth': 5, 'num_leaves': 30, 'learning_rate': 0.010221918552934462, 'subsample': 0.9182272143313567, 'colsample_bytree': 0.6202684210924141, 'min_child_samples': 44, 'reg_alpha': 1.466506858166308e-08, 'reg_lambda': 0.014616129255130504}. Best is trial 8 with value: 0.03835923577526856.
[I 2026-06-01 12:59:42,098] Trial 11 finished with value: -0.045119510231009546 and parameters: {'confidence_threshold': 0.672304345793606, 'training_days': 360, 'n_estimators': 248, 'max_depth': 4, 'num_leaves': 62, 'learning_rate': 0.29626502575289787, 'subsample': 0.7185615065128308, 'colsample_bytree': 0.6661831737797719, 'min_child_samples': 39, 'reg_alpha': 4.28336488974334e-07, 'reg_lambda': 6.470692703374516e-07}. Best is trial 8 with value: 0.03835923577526856.
[I 2026-06-01 12:59:42,131] Trial 12 finished with value: -2.0919618318997797 and parameters: {'confidence_threshold': 0.6727899930733724, 'training_days': 20, 'n_estimators': 212, 'max_depth': 5, 'num_leaves': 63, 'learning_rate': 0.15265377916176726, 'subsample': 0.8941395335595879, 'colsample_bytree': 0.5196457038790347, 'min_child_samples': 37, 'reg_alpha': 1.0353404194374763e-06, 'reg_lambda': 7.796589835036051e-07}. Best is trial 8 with value: 0.03835923577526856.
[I 2026-06-01 12:59:42,524] Trial 13 finished with value: -0.02618539083810028 and parameters: {'confidence_threshold': 0.6107637354176927, 'training_days': 400, 'n_estimators': 475, 'max_depth': 4, 'num_leaves': 28, 'learning_rate': 0.13909139382788904, 'subsample': 0.7397610004410885, 'colsample_bytree': 0.7082407533656954, 'min_child_samples': 51, 'reg_alpha': 1.44204771542611e-06, 'reg_lambda': 0.004402943395258396}. Best is trial 8 with value: 0.03835923577526856.
[I 2026-06-01 12:59:42,848] Trial 14 finished with value: -0.020984934248392557 and parameters: {'confidence_threshold': 0.6968624890517784, 'training_days': 290, 'n_estimators': 419, 'max_depth': 5, 'num_leaves': 56, 'learning_rate': 0.27607551914806794, 'subsample': 0.6612240067383277, 'colsample_bytree': 0.9951780710339017, 'min_child_samples': 28, 'reg_alpha': 0.016435092915656313, 'reg_lambda': 1.834862228450529e-06}. Best is trial 8 with value: 0.03835923577526856.
[I 2026-06-01 12:59:43,005] Trial 15 finished with value: -0.02407145788586672 and parameters: {'confidence_threshold': 0.5026055290809989, 'training_days': 200, 'n_estimators': 300, 'max_depth': 4, 'num_leaves': 36, 'learning_rate': 0.12590433810309265, 'subsample': 0.507007918467014, 'colsample_bytree': 0.738971151174427, 'min_child_samples': 100, 'reg_alpha': 2.197752769017764e-08, 'reg_lambda': 3.5532501480887757}. Best is trial 8 with value: 0.03835923577526856.
[I 2026-06-01 12:59:43,205] Trial 16 finished with value: -0.007316234046641013 and parameters: {'confidence_threshold': 0.6402970181279737, 'training_days': 340, 'n_estimators': 173, 'max_depth': 4, 'num_leaves': 44, 'learning_rate': 0.19484010919105957, 'subsample': 0.8868474056204897, 'colsample_bytree': 0.8835081131605972, 'min_child_samples': 32, 'reg_alpha': 6.553288766686698e-06, 'reg_lambda': 0.0002786624127605132}. Best is trial 8 with value: 0.03835923577526856.
