[I 2026-06-01 13:03:27,940] Trial 13 finished with value: -0.0464141204280131 and parameters: {'confidence_threshold': 0.675744999501409, 'training_days': 10, 'n_estimators': 53, 'max_depth': 4, 'num_leaves': 49, 'learning_rate': 0.04317436237981049, 'subsample': 0.9126423722626453, 'colsample_bytree': 0.5443982906148261, 'min_child_samples': 47, 'reg_alpha': 5.74930698123691e-07, 'reg_lambda': 0.0029021818848209086}. Best is trial 11 with value: -0.006594622265732491.
[I 2026-06-01 13:03:27,992] Trial 14 finished with value: -0.06997411557493738 and parameters: {'confidence_threshold': 0.6968624890517784, 'training_days': 90, 'n_estimators': 143, 'max_depth': 5, 'num_leaves': 15, 'learning_rate': 0.1406364723725228, 'subsample': 0.9182426786262438, 'colsample_bytree': 0.6931256975676139, 'min_child_samples': 83, 'reg_alpha': 1.1965699977759898e-06, 'reg_lambda': 1.1176595207900044e-06}. Best is trial 11 with value: -0.006594622265732491.
[I 2026-06-01 13:03:28,169] Trial 15 finished with value: -0.0423641324617374 and parameters: {'confidence_threshold': 0.5026055290809989, 'training_days': 320, 'n_estimators': 272, 'max_depth': 4, 'num_leaves': 34, 'learning_rate': 0.12590433810309265, 'subsample': 0.8966418548807951, 'colsample_bytree': 0.5093920150666754, 'min_child_samples': 100, 'reg_alpha': 1.2060296271672016e-08, 'reg_lambda': 3.5532501480887757}. Best is trial 11 with value: -0.006594622265732491.
[I 2026-06-01 13:03:28,229] Trial 16 finished with value: -0.021440139007400515 and parameters: {'confidence_threshold': 0.7241344883463222, 'training_days': 60, 'n_estimators': 209, 'max_depth': 4, 'num_leaves': 44, 'learning_rate': 0.032731564388588784, 'subsample': 0.9468858596551566, 'colsample_bytree': 0.7369444896723635, 'min_child_samples': 54, 'reg_alpha': 0.03162588031476967, 'reg_lambda': 1.8908879639848226e-07}. Best is trial 11 with value: -0.006594622265732491.
[I 2026-06-01 13:03:28,332] Trial 17 finished with value: -0.022022533195545504 and parameters: {'confidence_threshold': 0.5617278450091161, 'training_days': 140, 'n_estimators': 139, 'max_depth': 5, 'num_leaves': 55, 'learning_rate': 0.05883052339834492, 'subsample': 0.8522224846808604, 'colsample_bytree': 0.6042669130757778, 'min_child_samples': 40, 'reg_alpha': 7.284070645541434, 'reg_lambda': 5.650390830666988e-06}. Best is trial 11 with value: -0.006594622265732491.
[I 2026-06-01 13:03:28,801] A new study created in memory with name: no-name-f7656338-09d1-48a7-9f7a-b2800881bbf7
[I 2026-06-01 13:03:29,015] Trial 0 finished with value: -0.04792215185206791 and parameters: {'confidence_threshold': 0.5870645682749857, 'training_days': 90, 'n_estimators': 403, 'max_depth': 5, 'num_leaves': 45, 'learning_rate': 0.0780457193679974, 'subsample': 0.9428509515574568, 'colsample_bytree': 0.8795587339164916, 'min_child_samples': 34, 'reg_alpha': 2.2465901234314442e-07, 'reg_lambda': 8.339007036475363e-05}. Best is trial 0 with value: -0.04792215185206791.
[I 2026-06-01 13:03:29,120] Trial 1 finished with value: -0.12788439391653017 and parameters: {'confidence_threshold': 0.6348453934275313, 'training_days': 290, 'n_estimators': 115, 'max_depth': 5, 'num_leaves': 37, 'learning_rate': 0.06949568759029946, 'subsample': 0.8228505074024268, 'colsample_bytree': 0.8616703220431751, 'min_child_samples': 75, 'reg_alpha': 4.2486822725010923e-07, 'reg_lambda': 1.157247767047042e-07}. Best is trial 0 with value: -0.04792215185206791.
[I 2026-06-01 13:03:29,140] Trial 2 finished with value: -0.0464141204280131 and parameters: {'confidence_threshold': 0.5849570384370288, 'training_days': 10, 'n_estimators': 212, 'max_depth': 3, 'num_leaves': 41, 'learning_rate': 0.18452095998378365, 'subsample': 0.6001060822924371, 'colsample_bytree': 0.5673167293506167, 'min_child_samples': 37, 'reg_alpha': 5.733250064217131, 'reg_lambda': 0.5308454292595461}. Best is trial 2 with value: -0.0464141204280131.
[I 2026-06-01 13:03:29,223] Trial 3 finished with value: -0.014484595497699215 and parameters: {'confidence_threshold': 0.6868248626683718, 'training_days': 220, 'n_estimators': 134, 'max_depth': 3, 'num_leaves': 45, 'learning_rate': 0.033529007907491595, 'subsample': 0.8647277071858408, 'colsample_bytree': 0.778494116634046, 'min_child_samples': 96, 'reg_alpha': 2.409409937265785e-07, 'reg_lambda': 1.1642073478060009}. Best is trial 3 with value: -0.014484595497699215.
[I 2026-06-01 13:03:29,309] Trial 4 finished with value: -0.06486911719443804 and parameters: {'confidence_threshold': 0.5623121348350352, 'training_days': 300, 'n_estimators': 69, 'max_depth': 4, 'num_leaves': 32, 'learning_rate': 0.14967629360700346, 'subsample': 0.5054535233636654, 'colsample_bytree': 0.7401385194659216, 'min_child_samples': 27, 'reg_alpha': 1.4212042567426725e-07, 'reg_lambda': 0.23605753701352003}. Best is trial 3 with value: -0.014484595497699215.

    [trial 4] Sharpe=-0.0679 (folds: 0.3923, -0.0526, -0.0697, -0.3459, -0.2635)
    [trial 5] 48 features, training_days=50 | threshold=0.823 | labels: 1257 long, 914 short (58/42%)
    [trial 5] Sharpe=-0.3326 (folds: 0.3755, -0.0962, 0.1104, -0.2125, -1.8400)
    [trial 6] 48 features, training_days=410 | threshold=0.549 | labels: 1257 long, 914 short (58/42%)
    [trial 6] Sharpe=-0.0523 (folds: 0.1848, -0.0345, -0.0399, -0.1521, -0.2196)
    [trial 7] 48 features, training_days=180 | threshold=0.526 | labels: 1257 long, 914 short (58/42%)
    [trial 7] Sharpe=-0.0622 (folds: 0.1145, -0.0709, -0.0641, -0.1890, -0.1014)
    [trial 8] 48 features, training_days=240 | threshold=0.811 | labels: 1257 long, 914 short (58/42%)
    [trial 8] Sharpe=-0.1806 (folds: 0.1279, -0.0656, -0.0239, -0.5980, -0.3433)
    [trial 9] 48 features, training_days=20 | threshold=0.538 | labels: 1257 long, 914 short (58/42%)
    [trial 9] Sharpe=0.1087 (folds: 0.2753, 0.0234, 0.1642, -0.0785, 0.1592)
    [trial 10] 48 features, training_days=10 | threshold=0.745 | labels: 1257 long, 914 short (58/42%)
    [trial 10] Sharpe=-0.0464 (folds: 0.2753, 0.0234, -0.1782, -0.0785, -0.2742)
    [trial 11] 48 features, training_days=100 | threshold=0.713 | labels: 1257 long, 914 short (58/42%)
    [trial 11] Sharpe=0.0001 (folds: 0.2721, 0.0061, 0.2120, -0.1352, -0.3543)
    [trial 12] 48 features, training_days=110 | threshold=0.690 | labels: 1257 long, 914 short (58/42%)
    [trial 12] Sharpe=-0.0849 (folds: 0.1941, -0.1527, 0.0718, -0.1673, -0.3704)
    [trial 13] 48 features, training_days=100 | threshold=0.697 | labels: 1257 long, 914 short (58/42%)
    [trial 13] Sharpe=0.0007 (folds: 0.2790, -0.0120, 0.2166, -0.1374, -0.3426)
    [trial 14] 48 features, training_days=100 | threshold=0.753 | labels: 1257 long, 914 short (58/42%)
    [trial 14] Sharpe=-0.0241 (folds: 0.3194, -0.2069, 0.1867, -0.1267, -0.2932)
    [trial 15] 48 features, training_days=10 | threshold=0.647 | labels: 1257 long, 914 short (58/42%)
    [trial 15] Sharpe=-0.0464 (folds: 0.2753, 0.0234, -0.1782, -0.0785, -0.2742)
    [trial 16] 48 features, training_days=140 | threshold=0.565 | labels: 1257 long, 914 short (58/42%)
    [trial 16] Sharpe=-0.0162 (folds: 0.1115, 0.0059, -0.0087, -0.1347, -0.0549)
    [trial 17] 48 features, training_days=290 | threshold=0.512 | labels: 1257 long, 914 short (58/42%)
    [trial 17] Sharpe=-0.0708 (folds: 0.2147, -0.0144, -0.0832, -0.2136, -0.2575)
  Optuna: 18 trials, best Sharpe = 0.1087
  Best params: n_estimators=337, max_depth=3, lr=0.2191, leaves=39
  Best confidence_threshold: 0.538
  Best training_days: 20
  Retrained on full data (60 samples, 48 features)
  [ensemble 2/3] seed=123
    [trial 0] 48 features, training_days=150 | threshold=0.744 | labels: 1257 long, 914 short (58/42%)
    [CV fold 0] train_end=2023-11-23 08:00 | val_start=2023-12-01 00:00 | gap=184h (22 rows)
    [CV fold 1] train_end=2024-03-22 16:00 | val_start=2024-03-30 08:00 | gap=184h (22 rows)
    [CV fold 2] train_end=2024-07-21 00:00 | val_start=2024-07-28 16:00 | gap=184h (22 rows)
    [CV fold 3] train_end=2024-11-18 08:00 | val_start=2024-11-26 00:00 | gap=184h (22 rows)
    [CV fold 4] train_end=2025-03-18 16:00 | val_start=2025-03-26 08:00 | gap=184h (22 rows)
    [trial 0] Sharpe=-0.0081 (folds: 0.2096, -0.1028, 0.0419, -0.1111, -0.0779)
    [trial 1] 48 features, training_days=220 | threshold=0.755 | labels: 1257 long, 914 short (58/42%)
    [trial 1] Sharpe=-4.0235 (folds: 0.1415, -0.0637, -10.0000, -0.1954, -10.0000)
    [trial 2] 48 features, training_days=310 | threshold=0.754 | labels: 1257 long, 914 short (58/42%)
    [trial 2] Sharpe=-0.0849 (folds: 0.0962, -0.0291, 0.2133, -0.1883, -0.5166)
    [trial 3] 48 features, training_days=220 | threshold=0.673 | labels: 1257 long, 914 short (58/42%)
    [trial 3] Sharpe=-0.0882 (folds: 0.0671, -0.1084, 0.0465, -0.1717, -0.2743)
    [trial 4] 48 features, training_days=130 | threshold=0.803 | labels: 1257 long, 914 short (58/42%)
    [trial 4] Sharpe=-0.0545 (folds: 0.1064, 0.0034, 0.0051, -0.1386, -0.2490)
    [trial 5] 48 features, training_days=210 | threshold=0.606 | labels: 1257 long, 914 short (58/42%)
    [trial 5] Sharpe=-0.0581 (folds: 0.0824, -0.0394, 0.0319, -0.2489, -0.1166)
    [trial 6] 48 features, training_days=130 | threshold=0.767 | labels: 1257 long, 914 short (58/42%)
    [trial 6] Sharpe=-0.0449 (folds: 0.0918, -0.0248, -0.0274, -0.1001, -0.1639)
    [trial 7] 48 features, training_days=80 | threshold=0.556 | labels: 1257 long, 914 short (58/42%)
    [trial 7] Sharpe=-0.0934 (folds: 0.2800, -0.2318, 0.0146, -0.2095, -0.3205)
    [trial 8] 48 features, training_days=200 | threshold=0.607 | labels: 1257 long, 914 short (58/42%)
    [trial 8] Sharpe=-0.0301 (folds: 0.1121, -0.0197, 0.0569, -0.2336, -0.0663)
    [trial 9] 48 features, training_days=260 | threshold=0.620 | labels: 1257 long, 914 short (58/42%)
    [trial 9] Sharpe=-0.1637 (folds: 0.0668, -0.0920, -0.1480, -0.2211, -0.4243)
    [trial 10] 48 features, training_days=470 | threshold=0.845 | labels: 1257 long, 914 short (58/42%)
    [trial 10] Sharpe=-1.8757 (folds: 0.2310, -0.2263, 0.7226, -0.1056, -10.0000)
    [trial 11] 48 features, training_days=30 | threshold=0.513 | labels: 1257 long, 914 short (58/42%)
    [trial 11] Sharpe=-0.0066 (folds: 0.2753, 0.0306, 0.1642, -0.2290, -0.2742)
    [trial 12] 48 features, training_days=10 | threshold=0.516 | labels: 1257 long, 914 short (58/42%)
    [trial 12] Sharpe=-0.0464 (folds: 0.2753, 0.0234, -0.1782, -0.0785, -0.2742)
    [trial 13] 48 features, training_days=10 | threshold=0.676 | labels: 1257 long, 914 short (58/42%)
    [trial 13] Sharpe=-0.0464 (folds: 0.2753, 0.0234, -0.1782, -0.0785, -0.2742)
    [trial 14] 48 features, training_days=90 | threshold=0.697 | labels: 1257 long, 914 short (58/42%)
    [trial 14] Sharpe=-0.0700 (folds: 0.2327, -0.1160, 0.2461, -0.1962, -0.5165)
    [trial 15] 48 features, training_days=320 | threshold=0.503 | labels: 1257 long, 914 short (58/42%)
    [trial 15] Sharpe=-0.0424 (folds: 0.1575, -0.0232, -0.0754, -0.1312, -0.1394)
    [trial 16] 48 features, training_days=60 | threshold=0.724 | labels: 1257 long, 914 short (58/42%)
    [trial 16] Sharpe=-0.0214 (folds: 0.2680, -0.0258, 0.1640, -0.2507, -0.2626)
    [trial 17] 48 features, training_days=140 | threshold=0.562 | labels: 1257 long, 914 short (58/42%)
    [trial 17] Sharpe=-0.0220 (folds: 0.1266, 0.0465, -0.0108, -0.2163, -0.0561)
  Optuna: 18 trials, best Sharpe = -0.0066
  Best params: n_estimators=226, max_depth=5, lr=0.1198, leaves=28
  Best confidence_threshold: 0.513
  Best training_days: 30
  Retrained on full data (90 samples, 48 features)
  [ensemble 3/3] seed=456
    [trial 0] 48 features, training_days=90 | threshold=0.587 | labels: 1257 long, 914 short (58/42%)
    [CV fold 0] train_end=2023-11-23 08:00 | val_start=2023-12-01 00:00 | gap=184h (22 rows)
    [CV fold 1] train_end=2024-03-22 16:00 | val_start=2024-03-30 08:00 | gap=184h (22 rows)
    [CV fold 2] train_end=2024-07-21 00:00 | val_start=2024-07-28 16:00 | gap=184h (22 rows)
    [CV fold 3] train_end=2024-11-18 08:00 | val_start=2024-11-26 00:00 | gap=184h (22 rows)
    [CV fold 4] train_end=2025-03-18 16:00 | val_start=2025-03-26 08:00 | gap=184h (22 rows)
    [trial 0] Sharpe=-0.0479 (folds: 0.2065, -0.0839, 0.1287, -0.1820, -0.3089)
    [trial 1] 48 features, training_days=290 | threshold=0.635 | labels: 1257 long, 914 short (58/42%)
    [trial 1] Sharpe=-0.1279 (folds: 0.1533, -0.0761, -0.0838, -0.3335, -0.2994)
    [trial 2] 48 features, training_days=10 | threshold=0.585 | labels: 1257 long, 914 short (58/42%)
    [trial 2] Sharpe=-0.0464 (folds: 0.2753, 0.0234, -0.1782, -0.0785, -0.2742)
    [trial 3] 48 features, training_days=220 | threshold=0.687 | labels: 1257 long, 914 short (58/42%)
    [trial 3] Sharpe=-0.0145 (folds: 0.4321, -0.0262, 0.1274, -0.2111, -0.3946)
    [trial 4] 48 features, training_days=300 | threshold=0.562 | labels: 1257 long, 914 short (58/42%)
    [trial 4] Sharpe=-0.0649 (folds: 0.1012, -0.0493, 0.1234, -0.2360, -0.2637)
    [trial 5] 48 features, training_days=490 | threshold=0.711 | labels: 1257 long, 914 short (58/42%)[I 2026-06-01 13:03:29,727] Trial 5 finished with value: -0.040189775317332935 and parameters: {'confidence_threshold': 0.7111850244908446, 'training_days': 490, 'n_estimators': 362, 'max_depth': 5, 'num_leaves': 40, 'learning_rate': 0.05960785724162737, 'subsample': 0.5589714368907717, 'colsample_bytree': 0.6659006943232806, 'min_child_samples': 42, 'reg_alpha': 0.6741360303045295, 'reg_lambda': 6.054601607143087e-08}. Best is trial 3 with value: -0.014484595497699215.
[I 2026-06-01 13:03:29,915] Trial 6 finished with value: -0.060866283426789604 and parameters: {'confidence_threshold': 0.667482545748023, 'training_days': 420, 'n_estimators': 279, 'max_depth': 3, 'num_leaves': 45, 'learning_rate': 0.040099592560849204, 'subsample': 0.8563114696415159, 'colsample_bytree': 0.5442917781944105, 'min_child_samples': 50, 'reg_alpha': 1.6407916423707903e-08, 'reg_lambda': 2.935907642973286e-05}. Best is trial 3 with value: -0.014484595497699215.
[I 2026-06-01 13:03:30,070] Trial 7 finished with value: -0.026917544785495674 and parameters: {'confidence_threshold': 0.5497381024139926, 'training_days': 120, 'n_estimators': 408, 'max_depth': 5, 'num_leaves': 38, 'learning_rate': 0.28049122657745795, 'subsample': 0.8806573338635493, 'colsample_bytree': 0.5454054113547102, 'min_child_samples': 63, 'reg_alpha': 0.01263008637940408, 'reg_lambda': 0.04588020805366937}. Best is trial 3 with value: -0.014484595497699215.
[I 2026-06-01 13:03:30,368] Trial 8 finished with value: 0.022990361938732936 and parameters: {'confidence_threshold': 0.719644804808716, 'training_days': 450, 'n_estimators': 410, 'max_depth': 4, 'num_leaves': 57, 'learning_rate': 0.04022026551478857, 'subsample': 0.5336085426932707, 'colsample_bytree': 0.5705742850577543, 'min_child_samples': 100, 'reg_alpha': 5.916398047912201e-07, 'reg_lambda': 0.9794034214488329}. Best is trial 8 with value: 0.022990361938732936.
[I 2026-06-01 13:03:30,391] Trial 9 finished with value: -5.9828493626139245 and parameters: {'confidence_threshold': 0.7267463643917187, 'training_days': 20, 'n_estimators': 337, 'max_depth': 5, 'num_leaves': 23, 'learning_rate': 0.022153031811454605, 'subsample': 0.6305627572358737, 'colsample_bytree': 0.6613413774216214, 'min_child_samples': 81, 'reg_alpha': 5.7638634029410314e-08, 'reg_lambda': 8.26603016764008}. Best is trial 8 with value: 0.022990361938732936.
[I 2026-06-01 13:03:30,773] Trial 10 finished with value: -3.8817872521387926 and parameters: {'confidence_threshold': 0.8283920119574972, 'training_days': 400, 'n_estimators': 485, 'max_depth': 4, 'num_leaves': 63, 'learning_rate': 0.011927505552849117, 'subsample': 0.7130289643560688, 'colsample_bytree': 0.9944479338273263, 'min_child_samples': 100, 'reg_alpha': 5.0239970328459277e-05, 'reg_lambda': 0.0028438774509831773}. Best is trial 8 with value: 0.022990361938732936.
[I 2026-06-01 13:03:30,890] Trial 11 finished with value: -0.027483385067388722 and parameters: {'confidence_threshold': 0.7766282449189577, 'training_days': 190, 'n_estimators': 186, 'max_depth': 3, 'num_leaves': 58, 'learning_rate': 0.029354876456257728, 'subsample': 0.7459055835274097, 'colsample_bytree': 0.8016610248739169, 'min_child_samples': 100, 'reg_alpha': 2.3530491583503867e-05, 'reg_lambda': 7.067893525937578}. Best is trial 8 with value: 0.022990361938732936.
[I 2026-06-01 13:03:31,185] Trial 12 finished with value: -0.039545405498112966 and parameters: {'confidence_threshold': 0.7449212105048096, 'training_days': 220, 'n_estimators': 490, 'max_depth': 4, 'num_leaves': 54, 'learning_rate': 0.01924681962976845, 'subsample': 0.9912016966112274, 'colsample_bytree': 0.6646287431572568, 'min_child_samples': 85, 'reg_alpha': 8.85890496668e-06, 'reg_lambda': 0.0043762371699676405}. Best is trial 8 with value: 0.022990361938732936.
[I 2026-06-01 13:03:31,355] Trial 13 finished with value: -0.05770282303398054 and parameters: {'confidence_threshold': 0.674016069087747, 'training_days': 370, 'n_estimators': 190, 'max_depth': 4, 'num_leaves': 52, 'learning_rate': 0.04144677730363681, 'subsample': 0.6795590770167038, 'colsample_bytree': 0.7477878654225999, 'min_child_samples': 90, 'reg_alpha': 0.0013950587799583445, 'reg_lambda': 0.020982782052301665}. Best is trial 8 with value: 0.022990361938732936.
[I 2026-06-01 13:03:31,527] Trial 14 finished with value: -3.8506453631855324 and parameters: {'confidence_threshold': 0.8063557078693834, 'training_days': 340, 'n_estimators': 253, 'max_depth': 3, 'num_leaves': 51, 'learning_rate': 0.012882340619131948, 'subsample': 0.7851487748866213, 'colsample_bytree': 0.6122042522489387, 'min_child_samples': 70, 'reg_alpha': 2.204988820551451e-06, 'reg_lambda': 1.1816043408326617}. Best is trial 8 with value: 0.022990361938732936.
[I 2026-06-01 13:03:31,631] Trial 15 finished with value: -0.04322078723587742 and parameters: {'confidence_threshold': 0.654086456186345, 'training_days': 500, 'n_estimators': 130, 'max_depth': 3, 'num_leaves': 17, 'learning_rate': 0.09246729598324224, 'subsample': 0.9130673202651429, 'colsample_bytree': 0.502925720040233, 'min_child_samples': 91, 'reg_alpha': 0.00030540690605735836, 'reg_lambda': 2.582339790441249e-06}. Best is trial 8 with value: 0.022990361938732936.
[I 2026-06-01 13:03:31,828] Trial 16 finished with value: -0.06111809461428318 and parameters: {'confidence_threshold': 0.6254407841818546, 'training_days': 180, 'n_estimators': 308, 'max_depth': 4, 'num_leaves': 61, 'learning_rate': 0.03443484454224182, 'subsample': 0.7980665993112352, 'colsample_bytree': 0.798073413313867, 'min_child_samples': 56, 'reg_alpha': 1.5405576829429918e-06, 'reg_lambda': 0.000855876310048679}. Best is trial 8 with value: 0.022990361938732936.
