[I 2026-06-01 13:03:37,933] Trial 9 finished with value: -0.1043971999584226 and parameters: {'confidence_threshold': 0.6202096049169137, 'training_days': 260, 'n_estimators': 350, 'max_depth': 3, 'num_leaves': 21, 'learning_rate': 0.02989540198065364, 'subsample': 0.8307821683331218, 'colsample_bytree': 0.923253112635361, 'min_child_samples': 64, 'reg_alpha': 0.4898604619604203, 'reg_lambda': 2.9076377687066166e-05}. Best is trial 7 with value: -0.034989374685137485.
[I 2026-06-01 13:03:37,971] Trial 10 finished with value: -0.126101363148315 and parameters: {'confidence_threshold': 0.5248809389721337, 'training_days': 10, 'n_estimators': 493, 'max_depth': 3, 'num_leaves': 63, 'learning_rate': 0.010221918552934462, 'subsample': 0.667749445701178, 'colsample_bytree': 0.6202684210924141, 'min_child_samples': 99, 'reg_alpha': 1.3884210513841762e-08, 'reg_lambda': 0.02273343343290072}. Best is trial 7 with value: -0.034989374685137485.
[I 2026-06-01 13:03:38,044] Trial 11 finished with value: -0.021709613296958055 and parameters: {'confidence_threshold': 0.5077463503498806, 'training_days': 480, 'n_estimators': 51, 'max_depth': 3, 'num_leaves': 18, 'learning_rate': 0.29452324091564064, 'subsample': 0.9022119262021717, 'colsample_bytree': 0.9864508096204552, 'min_child_samples': 100, 'reg_alpha': 2.5493772909886044e-07, 'reg_lambda': 0.006998721582327246}. Best is trial 11 with value: -0.021709613296958055.
[I 2026-06-01 13:03:38,362] Trial 12 finished with value: -0.03416985684254505 and parameters: {'confidence_threshold': 0.5091995832515449, 'training_days': 500, 'n_estimators': 489, 'max_depth': 3, 'num_leaves': 15, 'learning_rate': 0.05809128784912797, 'subsample': 0.92991693404731, 'colsample_bytree': 0.9737874829232072, 'min_child_samples': 100, 'reg_alpha': 2.5907884980586616e-07, 'reg_lambda': 0.007411726388141345}. Best is trial 11 with value: -0.021709613296958055.
[I 2026-06-01 13:03:38,644] Trial 13 finished with value: -0.0383448855929422 and parameters: {'confidence_threshold': 0.501145614105161, 'training_days': 500, 'n_estimators': 475, 'max_depth': 3, 'num_leaves': 16, 'learning_rate': 0.14636121041652106, 'subsample': 0.946916413445936, 'colsample_bytree': 0.6564540780078124, 'min_child_samples': 95, 'reg_alpha': 7.145418468218336e-08, 'reg_lambda': 0.006689165483345361}. Best is trial 11 with value: -0.021709613296958055.
[I 2026-06-01 13:03:38,722] Trial 14 finished with value: -0.032461717635336784 and parameters: {'confidence_threshold': 0.560351483431234, 'training_days': 490, 'n_estimators': 60, 'max_depth': 3, 'num_leaves': 28, 'learning_rate': 0.04845593946981536, 'subsample': 0.8921508959184046, 'colsample_bytree': 0.9975218255524461, 'min_child_samples': 82, 'reg_alpha': 1.928249988058155e-07, 'reg_lambda': 2.118726905954136}. Best is trial 11 with value: -0.021709613296958055.
[I 2026-06-01 13:03:38,808] Trial 15 finished with value: -0.05552185110155354 and parameters: {'confidence_threshold': 0.5670696373783232, 'training_days': 400, 'n_estimators': 71, 'max_depth': 4, 'num_leaves': 25, 'learning_rate': 0.037392478764815176, 'subsample': 0.8814185333106145, 'colsample_bytree': 0.5093920150666754, 'min_child_samples': 83, 'reg_alpha': 1.1276341537767952e-06, 'reg_lambda': 7.465468644193579}. Best is trial 11 with value: -0.021709613296958055.
[I 2026-06-01 13:03:38,888] Trial 16 finished with value: -0.0765344454088129 and parameters: {'confidence_threshold': 0.6708968705265699, 'training_days': 390, 'n_estimators': 50, 'max_depth': 3, 'num_leaves': 27, 'learning_rate': 0.1082045536912223, 'subsample': 0.8868474056204897, 'colsample_bytree': 0.9182676696103418, 'min_child_samples': 80, 'reg_alpha': 1.0390825586399666e-08, 'reg_lambda': 0.5009197426674707}. Best is trial 11 with value: -0.021709613296958055.
[I 2026-06-01 13:03:39,082] Trial 17 finished with value: -0.06177015379888624 and parameters: {'confidence_threshold': 0.5617278450091161, 'training_days': 430, 'n_estimators': 230, 'max_depth': 3, 'num_leaves': 32, 'learning_rate': 0.19769141751608604, 'subsample': 0.8710241725890091, 'colsample_bytree': 0.9834860805066139, 'min_child_samples': 52, 'reg_alpha': 1.4483964421057927e-06, 'reg_lambda': 0.22645826205079594}. Best is trial 11 with value: -0.021709613296958055.
[I 2026-06-01 13:03:39,604] A new study created in memory with name: no-name-5b3a03ec-9141-44a0-8934-1b6ecd2ed745

    [CV fold 4] train_end=2025-04-18 16:00 | val_start=2025-04-26 08:00 | gap=184h (22 rows)
    [trial 0] Sharpe=-0.0308 (folds: 0.0899, 0.0248, -0.0239, -0.2956, 0.0510)
    [trial 1] 48 features, training_days=420 | threshold=0.839 | labels: 1242 long, 929 short (57/43%)
    [trial 1] Sharpe=-5.9360 (folds: 0.2130, 0.1072, -10.0000, -10.0000, -10.0000)
    [trial 2] 48 features, training_days=190 | threshold=0.602 | labels: 1242 long, 929 short (57/43%)
    [trial 2] Sharpe=-0.0955 (folds: 0.1148, 0.0121, -0.1729, -0.2208, -0.2106)
    [trial 3] 48 features, training_days=490 | threshold=0.832 | labels: 1242 long, 929 short (57/43%)
    [trial 3] Sharpe=-0.0123 (folds: 0.1945, 0.0453, -0.0359, -0.2727, 0.0073)
    [trial 4] 48 features, training_days=340 | threshold=0.591 | labels: 1242 long, 929 short (57/43%)
    [trial 4] Sharpe=-0.1051 (folds: 0.1205, 0.0153, -0.1179, -0.4379, -0.1057)
    [trial 5] 48 features, training_days=50 | threshold=0.823 | labels: 1242 long, 929 short (57/43%)
    [trial 5] Sharpe=-2.0088 (folds: 0.1194, 0.0014, -10.0000, -0.0165, -0.1483)
    [trial 6] 48 features, training_days=410 | threshold=0.549 | labels: 1242 long, 929 short (57/43%)
    [trial 6] Sharpe=-0.0416 (folds: 0.1851, -0.0336, -0.0379, -0.2534, -0.0682)
    [trial 7] 48 features, training_days=180 | threshold=0.526 | labels: 1242 long, 929 short (57/43%)
    [trial 7] Sharpe=-0.0915 (folds: 0.0266, -0.0723, -0.1080, -0.0963, -0.2076)
    [trial 8] 48 features, training_days=240 | threshold=0.811 | labels: 1242 long, 929 short (57/43%)
    [trial 8] Sharpe=-0.1021 (folds: 0.1474, -0.0138, -0.0145, -0.3272, -0.3026)
    [trial 9] 48 features, training_days=20 | threshold=0.538 | labels: 1242 long, 929 short (57/43%)
    [trial 9] Sharpe=0.0319 (folds: 0.1612, -0.0556, 0.1807, -0.0883, -0.0384)
    [trial 10] 48 features, training_days=10 | threshold=0.745 | labels: 1242 long, 929 short (57/43%)
    [trial 10] Sharpe=-0.1261 (folds: -0.0105, -0.0556, -0.3303, -0.0883, -0.1458)
    [trial 11] 48 features, training_days=100 | threshold=0.713 | labels: 1242 long, 929 short (57/43%)
    [trial 11] Sharpe=-0.0351 (folds: 0.2328, -0.0842, -0.1150, -0.1434, -0.0656)
    [trial 12] 48 features, training_days=320 | threshold=0.664 | labels: 1242 long, 929 short (57/43%)
    [trial 12] Sharpe=-0.1078 (folds: 0.0658, 0.0236, -0.2153, -0.3077, -0.1057)
    [trial 13] 48 features, training_days=130 | threshold=0.756 | labels: 1242 long, 929 short (57/43%)
    [trial 13] Sharpe=-0.0790 (folds: 0.1224, -0.2049, 0.0052, -0.1208, -0.1970)
    [trial 14] 48 features, training_days=500 | threshold=0.699 | labels: 1242 long, 929 short (57/43%)
    [trial 14] Sharpe=-0.0505 (folds: 0.1286, 0.0108, -0.0770, -0.3196, 0.0049)
    [trial 15] 48 features, training_days=290 | threshold=0.507 | labels: 1242 long, 929 short (57/43%)
    [trial 15] Sharpe=-0.0975 (folds: 0.0787, -0.0072, -0.2082, -0.2745, -0.0763)
    [trial 16] 48 features, training_days=380 | threshold=0.782 | labels: 1242 long, 929 short (57/43%)
    [trial 16] Sharpe=-0.0554 (folds: 0.1332, 0.0227, -0.0292, -0.3238, -0.0797)
    [trial 17] 48 features, training_days=190 | threshold=0.568 | labels: 1242 long, 929 short (57/43%)
    [trial 17] Sharpe=-0.0966 (folds: 0.1378, -0.0957, -0.1160, -0.1728, -0.2361)
  Optuna: 18 trials, best Sharpe = 0.0319
  Best params: n_estimators=337, max_depth=3, lr=0.2191, leaves=39
  Best confidence_threshold: 0.538
  Best training_days: 20
  Retrained on full data (60 samples, 48 features)
  [ensemble 2/3] seed=123
    [trial 0] 48 features, training_days=150 | threshold=0.744 | labels: 1242 long, 929 short (57/43%)
    [CV fold 0] train_end=2023-12-24 08:00 | val_start=2024-01-01 00:00 | gap=184h (22 rows)
    [CV fold 1] train_end=2024-04-22 16:00 | val_start=2024-04-30 08:00 | gap=184h (22 rows)
    [CV fold 2] train_end=2024-08-21 00:00 | val_start=2024-08-28 16:00 | gap=184h (22 rows)
    [CV fold 3] train_end=2024-12-19 08:00 | val_start=2024-12-27 00:00 | gap=184h (22 rows)
    [CV fold 4] train_end=2025-04-18 16:00 | val_start=2025-04-26 08:00 | gap=184h (22 rows)
    [trial 0] Sharpe=-0.1119 (folds: 0.1378, -0.1519, -0.1011, -0.1730, -0.2713)
    [trial 1] 48 features, training_days=220 | threshold=0.755 | labels: 1242 long, 929 short (57/43%)
    [trial 1] Sharpe=-4.0085 (folds: 0.3279, 0.1078, -10.0000, -0.4782, -10.0000)
    [trial 2] 48 features, training_days=310 | threshold=0.754 | labels: 1242 long, 929 short (57/43%)
    [trial 2] Sharpe=-0.2017 (folds: 0.0987, -0.0028, -0.2225, -0.4465, -0.4352)
    [trial 3] 48 features, training_days=220 | threshold=0.673 | labels: 1242 long, 929 short (57/43%)
    [trial 3] Sharpe=-0.0539 (folds: 0.1017, 0.0010, 0.0146, -0.2915, -0.0951)
    [trial 4] 48 features, training_days=130 | threshold=0.803 | labels: 1242 long, 929 short (57/43%)
    [trial 4] Sharpe=-0.0832 (folds: 0.1989, -0.2141, 0.0515, -0.2354, -0.2168)
    [trial 5] 48 features, training_days=210 | threshold=0.606 | labels: 1242 long, 929 short (57/43%)
    [trial 5] Sharpe=-0.1198 (folds: 0.1411, -0.0398, -0.1979, -0.2920, -0.2105)
    [trial 6] 48 features, training_days=130 | threshold=0.767 | labels: 1242 long, 929 short (57/43%)
    [trial 6] Sharpe=-0.0417 (folds: 0.1220, -0.0548, 0.0845, -0.1668, -0.1936)
    [trial 7] 48 features, training_days=80 | threshold=0.556 | labels: 1242 long, 929 short (57/43%)
    [trial 7] Sharpe=-0.0350 (folds: 0.2046, 0.0614, -0.0848, -0.1628, -0.1934)
    [trial 8] 48 features, training_days=200 | threshold=0.607 | labels: 1242 long, 929 short (57/43%)
    [trial 8] Sharpe=-0.0966 (folds: 0.1200, -0.0387, -0.1529, -0.3080, -0.1032)
    [trial 9] 48 features, training_days=260 | threshold=0.620 | labels: 1242 long, 929 short (57/43%)
    [trial 9] Sharpe=-0.1044 (folds: 0.1103, 0.0547, -0.1687, -0.3278, -0.1905)
    [trial 10] 48 features, training_days=10 | threshold=0.525 | labels: 1242 long, 929 short (57/43%)
    [trial 10] Sharpe=-0.1261 (folds: -0.0105, -0.0556, -0.3303, -0.0883, -0.1458)
    [trial 11] 48 features, training_days=480 | threshold=0.508 | labels: 1242 long, 929 short (57/43%)
    [trial 11] Sharpe=-0.0217 (folds: 0.1184, 0.0342, -0.0753, -0.1897, 0.0038)
    [trial 12] 48 features, training_days=500 | threshold=0.509 | labels: 1242 long, 929 short (57/43%)
    [trial 12] Sharpe=-0.0342 (folds: 0.1310, 0.0483, -0.0652, -0.2739, -0.0110)
    [trial 13] 48 features, training_days=500 | threshold=0.501 | labels: 1242 long, 929 short (57/43%)
    [trial 13] Sharpe=-0.0383 (folds: 0.1034, 0.0170, -0.1597, -0.1671, 0.0148)
    [trial 14] 48 features, training_days=490 | threshold=0.560 | labels: 1242 long, 929 short (57/43%)
    [trial 14] Sharpe=-0.0325 (folds: 0.1351, -0.0135, -0.0427, -0.2372, -0.0039)
    [trial 15] 48 features, training_days=400 | threshold=0.567 | labels: 1242 long, 929 short (57/43%)
    [trial 15] Sharpe=-0.0555 (folds: 0.1252, -0.0140, -0.0725, -0.2109, -0.1055)
    [trial 16] 48 features, training_days=390 | threshold=0.671 | labels: 1242 long, 929 short (57/43%)
    [trial 16] Sharpe=-0.0765 (folds: 0.1985, 0.0226, -0.0876, -0.4378, -0.0784)
    [trial 17] 48 features, training_days=430 | threshold=0.562 | labels: 1242 long, 929 short (57/43%)
    [trial 17] Sharpe=-0.0618 (folds: 0.1797, 0.0027, -0.1314, -0.3587, -0.0012)
  Optuna: 18 trials, best Sharpe = -0.0217
  Best params: n_estimators=51, max_depth=3, lr=0.2945, leaves=18
  Best confidence_threshold: 0.508
  Best training_days: 480
  Retrained on full data (1440 samples, 48 features)
  [ensemble 3/3] seed=456
    [trial 0] 48 features, training_days=90 | threshold=0.587 | labels: 1242 long, 929 short (57/43%)
    [CV fold 0] train_end=2023-12-24 08:00 | val_start=2024-01-01 00:00 | gap=184h (22 rows)
    [CV fold 1] train_end=2024-04-22 16:00 | val_start=2024-04-30 08:00 | gap=184h (22 rows)
    [CV fold 2] train_end=2024-08-21 00:00 | val_start=2024-08-28 16:00 | gap=184h (22 rows)
    [CV fold 3] train_end=2024-12-19 08:00 | val_start=2024-12-27 00:00 | gap=184h (22 rows)
    [CV fold 4] train_end=2025-04-18 16:00 | val_start=2025-04-26 08:00 | gap=184h (22 rows)
    [trial 0] Sharpe=-0.0774 (folds: 0.1299, -0.1218, -0.0308, -0.2100, -0.1541)[I 2026-06-01 13:03:39,803] Trial 0 finished with value: -0.0773509160403927 and parameters: {'confidence_threshold': 0.5870645682749857, 'training_days': 90, 'n_estimators': 403, 'max_depth': 5, 'num_leaves': 45, 'learning_rate': 0.0780457193679974, 'subsample': 0.9428509515574568, 'colsample_bytree': 0.8795587339164916, 'min_child_samples': 34, 'reg_alpha': 2.2465901234314442e-07, 'reg_lambda': 8.339007036475363e-05}. Best is trial 0 with value: -0.0773509160403927.
[I 2026-06-01 13:03:39,915] Trial 1 finished with value: -0.13548736751610024 and parameters: {'confidence_threshold': 0.6348453934275313, 'training_days': 290, 'n_estimators': 115, 'max_depth': 5, 'num_leaves': 37, 'learning_rate': 0.06949568759029946, 'subsample': 0.8228505074024268, 'colsample_bytree': 0.8616703220431751, 'min_child_samples': 75, 'reg_alpha': 4.2486822725010923e-07, 'reg_lambda': 1.157247767047042e-07}. Best is trial 0 with value: -0.0773509160403927.
[I 2026-06-01 13:03:39,932] Trial 2 finished with value: -0.126101363148315 and parameters: {'confidence_threshold': 0.5849570384370288, 'training_days': 10, 'n_estimators': 212, 'max_depth': 3, 'num_leaves': 41, 'learning_rate': 0.18452095998378365, 'subsample': 0.6001060822924371, 'colsample_bytree': 0.5673167293506167, 'min_child_samples': 37, 'reg_alpha': 5.733250064217131, 'reg_lambda': 0.5308454292595461}. Best is trial 0 with value: -0.0773509160403927.
[I 2026-06-01 13:03:40,009] Trial 3 finished with value: -0.1895006304815365 and parameters: {'confidence_threshold': 0.6868248626683718, 'training_days': 220, 'n_estimators': 134, 'max_depth': 3, 'num_leaves': 45, 'learning_rate': 0.033529007907491595, 'subsample': 0.8647277071858408, 'colsample_bytree': 0.778494116634046, 'min_child_samples': 96, 'reg_alpha': 2.409409937265785e-07, 'reg_lambda': 1.1642073478060009}. Best is trial 0 with value: -0.0773509160403927.
[I 2026-06-01 13:03:40,089] Trial 4 finished with value: -0.14466910954415108 and parameters: {'confidence_threshold': 0.5623121348350352, 'training_days': 300, 'n_estimators': 69, 'max_depth': 4, 'num_leaves': 32, 'learning_rate': 0.14967629360700346, 'subsample': 0.5054535233636654, 'colsample_bytree': 0.7401385194659216, 'min_child_samples': 27, 'reg_alpha': 1.4212042567426725e-07, 'reg_lambda': 0.23605753701352003}. Best is trial 0 with value: -0.0773509160403927.
[I 2026-06-01 13:03:40,524] Trial 5 finished with value: -0.05614932558908107 and parameters: {'confidence_threshold': 0.7111850244908446, 'training_days': 490, 'n_estimators': 362, 'max_depth': 5, 'num_leaves': 40, 'learning_rate': 0.05960785724162737, 'subsample': 0.5589714368907717, 'colsample_bytree': 0.6659006943232806, 'min_child_samples': 42, 'reg_alpha': 0.6741360303045295, 'reg_lambda': 6.054601607143087e-08}. Best is trial 5 with value: -0.05614932558908107.
[I 2026-06-01 13:03:40,713] Trial 6 finished with value: -0.10931882110547067 and parameters: {'confidence_threshold': 0.667482545748023, 'training_days': 420, 'n_estimators': 279, 'max_depth': 3, 'num_leaves': 45, 'learning_rate': 0.040099592560849204, 'subsample': 0.8563114696415159, 'colsample_bytree': 0.5442917781944105, 'min_child_samples': 50, 'reg_alpha': 1.6407916423707903e-08, 'reg_lambda': 2.935907642973286e-05}. Best is trial 5 with value: -0.05614932558908107.
[I 2026-06-01 13:03:40,884] Trial 7 finished with value: -0.08238736792953406 and parameters: {'confidence_threshold': 0.5497381024139926, 'training_days': 120, 'n_estimators': 408, 'max_depth': 5, 'num_leaves': 38, 'learning_rate': 0.28049122657745795, 'subsample': 0.8806573338635493, 'colsample_bytree': 0.5454054113547102, 'min_child_samples': 63, 'reg_alpha': 0.01263008637940408, 'reg_lambda': 0.04588020805366937}. Best is trial 5 with value: -0.05614932558908107.
[I 2026-06-01 13:03:41,174] Trial 8 finished with value: -0.030338518964554462 and parameters: {'confidence_threshold': 0.719644804808716, 'training_days': 450, 'n_estimators': 410, 'max_depth': 4, 'num_leaves': 57, 'learning_rate': 0.04022026551478857, 'subsample': 0.5336085426932707, 'colsample_bytree': 0.5705742850577543, 'min_child_samples': 100, 'reg_alpha': 5.916398047912201e-07, 'reg_lambda': 0.9794034214488329}. Best is trial 8 with value: -0.030338518964554462.
[I 2026-06-01 13:03:41,197] Trial 9 finished with value: -5.9715425490032 and parameters: {'confidence_threshold': 0.7267463643917187, 'training_days': 20, 'n_estimators': 337, 'max_depth': 5, 'num_leaves': 23, 'learning_rate': 0.022153031811454605, 'subsample': 0.6305627572358737, 'colsample_bytree': 0.6613413774216214, 'min_child_samples': 81, 'reg_alpha': 5.7638634029410314e-08, 'reg_lambda': 8.26603016764008}. Best is trial 8 with value: -0.030338518964554462.
[I 2026-06-01 13:03:41,557] Trial 10 finished with value: 0.009361709684358191 and parameters: {'confidence_threshold': 0.8283920119574972, 'training_days': 400, 'n_estimators': 485, 'max_depth': 4, 'num_leaves': 63, 'learning_rate': 0.011927505552849117, 'subsample': 0.7130289643560688, 'colsample_bytree': 0.9944479338273263, 'min_child_samples': 100, 'reg_alpha': 5.0239970328459277e-05, 'reg_lambda': 0.0028438774509831773}. Best is trial 10 with value: 0.009361709684358191.
[I 2026-06-01 13:03:41,906] Trial 11 finished with value: -5.977978274769347 and parameters: {'confidence_threshold': 0.8431920368994753, 'training_days': 400, 'n_estimators': 478, 'max_depth': 4, 'num_leaves': 61, 'learning_rate': 0.010033528037260202, 'subsample': 0.6988002958677881, 'colsample_bytree': 0.9628722124262472, 'min_child_samples': 100, 'reg_alpha': 5.263694533895985e-05, 'reg_lambda': 0.0038935771291352755}. Best is trial 10 with value: 0.009361709684358191.
[I 2026-06-01 13:03:42,305] Trial 12 finished with value: 0.02646260330072538 and parameters: {'confidence_threshold': 0.8097987051847976, 'training_days': 500, 'n_estimators': 490, 'max_depth': 4, 'num_leaves': 63, 'learning_rate': 0.010255894610795194, 'subsample': 0.7221629666626523, 'colsample_bytree': 0.9826583982594713, 'min_child_samples': 85, 'reg_alpha': 3.0366481742941654e-05, 'reg_lambda': 0.004296708263438564}. Best is trial 12 with value: 0.02646260330072538.
[I 2026-06-01 13:03:42,690] Trial 13 finished with value: -1.931155712149966 and parameters: {'confidence_threshold': 0.8484351053652746, 'training_days': 350, 'n_estimators': 497, 'max_depth': 4, 'num_leaves': 54, 'learning_rate': 0.010372751528714915, 'subsample': 0.7384868771224989, 'colsample_bytree': 0.977673677256957, 'min_child_samples': 84, 'reg_alpha': 3.8284786278705456e-05, 'reg_lambda': 0.0027586845402793147}. Best is trial 12 with value: 0.02646260330072538.
[I 2026-06-01 13:03:43,118] Trial 14 finished with value: -0.030358635444643334 and parameters: {'confidence_threshold': 0.7855846898014007, 'training_days': 470, 'n_estimators': 500, 'max_depth': 4, 'num_leaves': 62, 'learning_rate': 0.017454558761233658, 'subsample': 0.6776505255398512, 'colsample_bytree': 0.9007048146894701, 'min_child_samples': 66, 'reg_alpha': 0.0014623796630832343, 'reg_lambda': 2.293505289769991e-06}. Best is trial 12 with value: 0.02646260330072538.
[I 2026-06-01 13:03:43,480] Trial 15 finished with value: -0.03709300927410973 and parameters: {'confidence_threshold': 0.7829525506318393, 'training_days': 370, 'n_estimators': 442, 'max_depth': 4, 'num_leaves': 52, 'learning_rate': 0.016814633156869492, 'subsample': 0.7719943444111433, 'colsample_bytree': 0.9934286300532085, 'min_child_samples': 88, 'reg_alpha': 8.084592721939181e-06, 'reg_lambda': 0.0020424904923636938}. Best is trial 12 with value: 0.02646260330072538.
[I 2026-06-01 13:03:43,761] Trial 16 finished with value: -0.021929940868565312 and parameters: {'confidence_threshold': 0.7809712285122007, 'training_days': 500, 'n_estimators': 309, 'max_depth': 4, 'num_leaves': 51, 'learning_rate': 0.0146455870071904, 'subsample': 0.7624357316660103, 'colsample_bytree': 0.923059818374438, 'min_child_samples': 71, 'reg_alpha': 0.0020449178771483473, 'reg_lambda': 0.01767030824976349}. Best is trial 12 with value: 0.02646260330072538.
