[I 2026-06-01 12:57:20,399] Trial 17 finished with value: -0.012616871447887626 and parameters: {'confidence_threshold': 0.5080881579696632, 'training_days': 150, 'n_estimators': 485, 'max_depth': 3, 'num_leaves': 51, 'learning_rate': 0.02985772050288147, 'subsample': 0.7888736858489783, 'colsample_bytree': 0.6842551132318673, 'min_child_samples': 70, 'reg_alpha': 0.13786329254623136, 'reg_lambda': 0.00039965744314963514}. Best is trial 3 with value: 0.07846789526966448.

  Optuna: 18 trials, best Sharpe = 0.0916
  Best params: n_estimators=190, max_depth=4, lr=0.2481, leaves=58
  Best confidence_threshold: 0.673
  Best training_days: 220
  Retrained on full data (660 samples, 48 features)
  [ensemble 3/3] seed=456
    [trial 0] 48 features, training_days=90 | threshold=0.587 | labels: 1161 long, 1007 short (54/46%)
    [CV fold 0] train_end=2020-12-23 08:00 | val_start=2020-12-31 00:00 | gap=184h (22 rows)
    [CV fold 1] train_end=2021-04-22 16:00 | val_start=2021-04-30 08:00 | gap=184h (22 rows)
    [CV fold 2] train_end=2021-08-21 00:00 | val_start=2021-08-28 16:00 | gap=184h (22 rows)
    [CV fold 3] train_end=2021-12-19 08:00 | val_start=2021-12-27 00:00 | gap=184h (22 rows)
    [CV fold 4] train_end=2022-04-18 16:00 | val_start=2022-04-26 08:00 | gap=184h (22 rows)
    [trial 0] Sharpe=-0.0227 (folds: 0.2362, -0.1384, -0.0618, -0.0372, -0.1122)
    [trial 1] 48 features, training_days=290 | threshold=0.635 | labels: 1161 long, 1007 short (54/46%)
    [trial 1] Sharpe=0.0585 (folds: 0.1597, 0.0429, 0.1083, 0.0311, -0.0493)
    [trial 2] 48 features, training_days=10 | threshold=0.585 | labels: 1161 long, 1007 short (54/46%)
    [trial 2] Sharpe=-0.0321 (folds: -0.2327, 0.1338, 0.0598, 0.0561, -0.1773)
    [trial 3] 48 features, training_days=220 | threshold=0.687 | labels: 1161 long, 1007 short (54/46%)
    [trial 3] Sharpe=0.0785 (folds: 0.2374, 0.0587, 0.1471, -0.1012, 0.0504)
    [trial 4] 48 features, training_days=300 | threshold=0.562 | labels: 1161 long, 1007 short (54/46%)
    [trial 4] Sharpe=0.0342 (folds: 0.2313, 0.0148, 0.0499, -0.0466, -0.0782)
    [trial 5] 48 features, training_days=490 | threshold=0.711 | labels: 1161 long, 1007 short (54/46%)
    [trial 5] Sharpe=0.0245 (folds: 0.1363, 0.0452, 0.1836, -0.0795, -0.1632)
    [trial 6] 48 features, training_days=420 | threshold=0.667 | labels: 1161 long, 1007 short (54/46%)
    [trial 6] Sharpe=0.0518 (folds: 0.1846, 0.0242, 0.1234, -0.0307, -0.0422)
    [trial 7] 48 features, training_days=120 | threshold=0.550 | labels: 1161 long, 1007 short (54/46%)
    [trial 7] Sharpe=0.0355 (folds: 0.1675, -0.0843, 0.1956, -0.1102, 0.0087)
    [trial 8] 48 features, training_days=450 | threshold=0.720 | labels: 1161 long, 1007 short (54/46%)
    [trial 8] Sharpe=0.0545 (folds: 0.2065, -0.0073, 0.1720, -0.0756, -0.0232)
    [trial 9] 48 features, training_days=20 | threshold=0.727 | labels: 1161 long, 1007 short (54/46%)
    [trial 9] Sharpe=-3.9037 (folds: 0.2879, 0.1338, 0.0598, -10.0000, -10.0000)
    [trial 10] 48 features, training_days=200 | threshold=0.828 | labels: 1161 long, 1007 short (54/46%)
    [trial 10] Sharpe=-5.9572 (folds: 0.1640, 0.0501, -10.0000, -10.0000, -10.0000)
    [trial 11] 48 features, training_days=300 | threshold=0.644 | labels: 1161 long, 1007 short (54/46%)
    [trial 11] Sharpe=-0.0357 (folds: 0.2537, -0.1209, 0.0599, -0.1950, -0.1763)
    [trial 12] 48 features, training_days=220 | threshold=0.801 | labels: 1161 long, 1007 short (54/46%)
    [trial 12] Sharpe=0.0610 (folds: 0.1786, 0.0089, 0.0708, 0.0152, 0.0317)
    [trial 13] 48 features, training_days=200 | threshold=0.816 | labels: 1161 long, 1007 short (54/46%)
    [trial 13] Sharpe=0.0074 (folds: 0.1081, -0.0712, 0.0435, -0.0036, -0.0397)
    [trial 14] 48 features, training_days=210 | threshold=0.772 | labels: 1161 long, 1007 short (54/46%)
    [trial 14] Sharpe=0.0690 (folds: 0.1820, 0.0754, 0.1392, -0.0316, -0.0201)
    [trial 15] 48 features, training_days=130 | threshold=0.759 | labels: 1161 long, 1007 short (54/46%)
    [trial 15] Sharpe=-0.0438 (folds: 0.1542, -0.0100, 0.1502, -0.3280, -0.1853)
    [trial 16] 48 features, training_days=360 | threshold=0.772 | labels: 1161 long, 1007 short (54/46%)
    [trial 16] Sharpe=-2.1245 (folds: 0.1767, -0.0806, -0.2004, -10.0000, -0.5182)
    [trial 17] 48 features, training_days=150 | threshold=0.508 | labels: 1161 long, 1007 short (54/46%)
    [trial 17] Sharpe=-0.0126 (folds: 0.1546, -0.0771, 0.1367, -0.2110, -0.0663)
  Optuna: 18 trials, best Sharpe = 0.0785
  Best params: n_estimators=134, max_depth=3, lr=0.0335, leaves=45
  Best confidence_threshold: 0.687
  Best training_days: 220
  Retrained on full data (660 samples, 48 features)
  OOD: 16 features, cutoff (q=0.7) = 9.30
  Model trained for 2022-09: 90 test candles with features, confidence_threshold=0.701
[trade:close] 2022-09-05 08:00 BTCUSDT LONG → timeout @ 19739.90 | PnL=-0.73% (net -0.83%) | cum=+1.12% 2022-09=-0.83% 2022-09-05=-0.83%
[predict] 2022-09-06 00:00 BTCUSDT → LONG (proba=0.89 TP=7.0%/SL=3.5%)
[trade:open] 2022-09-06 07:59 BTCUSDT LONG @ 19900.70 | SL=19204.86 TP=21292.38 | timeout=2022-09-13 07:59
[trade:close] 2022-09-06 23:59 BTCUSDT LONG → stop_loss @ 19204.86 | PnL=-3.50% (net -3.60%) | cum=-2.48% 2022-09=-4.43% 2022-09-06=-3.60%
[predict] 2022-09-07 16:00 BTCUSDT → SHORT (proba=0.93 TP=8.4%/SL=4.2%)
[trade:open] 2022-09-07 23:59 BTCUSDT SHORT @ 19287.00 | SL=20096.16 TP=17668.68 | timeout=2022-09-14 23:59
[trade:close] 2022-09-09 07:59 BTCUSDT SHORT → stop_loss @ 20096.16 | PnL=-4.20% (net -4.30%) | cum=-6.77% 2022-09=-8.72% 2022-09-09=-4.30%
[predict] 2022-09-12 08:00 BTCUSDT → SHORT (proba=0.96 TP=8.3%/SL=4.2%)
[trade:open] 2022-09-12 15:59 BTCUSDT SHORT @ 22106.00 | SL=23025.64 TP=20266.73 | timeout=2022-09-19 15:59
[trade:close] 2022-09-13 23:59 BTCUSDT SHORT → take_profit @ 20266.73 | PnL=+8.32% (net +8.22%) | cum=+1.45% 2022-09=-0.50% 2022-09-13=+8.22%
[predict] 2022-09-16 08:00 BTCUSDT → SHORT (proba=0.89 TP=10.5%/SL=5.3%)
[trade:open] 2022-09-16 15:59 BTCUSDT SHORT @ 19653.30 | SL=20686.97 TP=17585.97 | timeout=2022-09-23 15:59
[trade:close] 2022-09-23 16:00 BTCUSDT SHORT → timeout @ 18704.40 | PnL=+4.83% (net +4.73%) | cum=+6.18% 2022-09=+4.23% 2022-09-23=+4.73%
[predict] 2022-09-24 08:00 BTCUSDT → SHORT (proba=0.81 TP=11.5%/SL=5.7%)
[trade:open] 2022-09-24 15:59 BTCUSDT SHORT @ 19115.20 | SL=20213.46 TP=16918.69 | timeout=2022-10-01 15:59
[trade:close] 2022-09-27 07:59 BTCUSDT SHORT → stop_loss @ 20213.46 | PnL=-5.75% (net -5.85%) | cum=+0.33% 2022-09=-1.62% 2022-09-27=-5.85%
[predict] 2022-09-28 00:00 BTCUSDT → LONG (proba=0.75 TP=11.7%/SL=5.8%)
[trade:open] 2022-09-28 07:59 BTCUSDT LONG @ 18770.60 | SL=17674.89 TP=20962.02 | timeout=2022-10-05 07:59
[lgbm] === Training for 2022-10 ===
  Train window: 2020-10-01 → 2022-09-23
  2168 training samples from 1 symbols
  Samples per month: 2020-10: 93, 2020-11: 90, 2020-12: 93, 2021-01: 93, 2021-02: 84, 2021-03: 93, 2021-04: 90, 2021-05: 93, 2021-06: 90, 2021-07: 93, 2021-08: 93, 2021-09: 90, 2021-10: 93, 2021-11: 90, 2021-12: 93, 2022-01: 93, 2022-02: 84, 2022-03: 93, 2022-04: 90, 2022-05: 93, 2022-06: 90, 2022-07: 93, 2022-08: 93, 2022-09: 68
  [label] 2020-12-01 16:00 BTCUSDT entry=18772.7000 → SHORT | long=timeout(-2.52%) short=timeout(+2.32%) | scanned=22 | no_tp→fwd_return=-2.4151
  [label] 2020-12-03 16:00 BTCUSDT entry=19434.3000 → SHORT | long=sl(-6.16%) short=timeout(+5.98%) | scanned=22 | no_tp→fwd_return=-6.0758
  [label] 2020-12-07 16:00 BTCUSDT entry=19172.8800 → LONG | long=sl(-4.34%) short=timeout(-0.61%) | scanned=22 | no_tp→fwd_return=+0.5102
  [label] 2021-01-01 08:00 BTCUSDT entry=29210.8400 → LONG | long=tp(+12.58%) short=sl(-6.44%) | scanned=4 | long_tp_only
  [label] 2021-02-22 16:00 BTCUSDT entry=54121.1000 → SHORT | long=sl(-8.84%) short=tp(+17.38%) | scanned=10 | short_tp_only
  [label] 2021-08-07 16:00 BTCUSDT entry=44601.1100 → LONG | long=timeout(+5.47%) short=sl(-6.41%) | scanned=22 | no_tp→fwd_return=+5.5663
  [label] 2021-08-11 16:00 BTCUSDT entry=45522.1200 → SHORT | long=timeout(-1.88%) short=sl(-5.67%) | scanned=22 | no_tp→fwd_return=-1.7750
  [label] 2021-08-22 08:00 BTCUSDT entry=48549.7800 → SHORT | long=sl(-4.76%) short=timeout(+0.02%) | scanned=22 | no_tp→fwd_return=-0.1232
  [label] 2021-10-06 08:00 BTCUSDT entry=55014.0400 → LONG | long=timeout(+2.00%) short=timeout(-2.20%) | scanned=22 | no_tp→fwd_return=+2.1028
  [label] 2021-10-14 16:00 BTCUSDT entry=57378.1900 → LONG | long=tp(+10.09%) short=sl(-5.20%) | scanned=3 | long_tp_only
  [label] 2022-01-13 00:00 BTCUSDT entry=43682.7000 → SHORT | long=sl(-4.98%) short=timeout(+3.66%) | scanned=22 | no_tp→fwd_return=-3.7606[I 2026-06-01 12:57:20,816] A new study created in memory with name: no-name-f135c433-ca18-415b-91ec-e73eccbe3b5e
[I 2026-06-01 12:57:21,118] Trial 0 finished with value: 0.018847949585881086 and parameters: {'confidence_threshold': 0.6310890415965769, 'training_days': 480, 'n_estimators': 380, 'max_depth': 4, 'num_leaves': 22, 'learning_rate': 0.01699897838270077, 'subsample': 0.5290418060840998, 'colsample_bytree': 0.9330880728874675, 'min_child_samples': 68, 'reg_alpha': 0.023585940584142682, 'reg_lambda': 1.5320059381854043e-08}. Best is trial 0 with value: 0.018847949585881086.
[I 2026-06-01 12:57:21,232] Trial 1 finished with value: -2.0154730640885186 and parameters: {'confidence_threshold': 0.839468448256698, 'training_days': 420, 'n_estimators': 145, 'max_depth': 3, 'num_leaves': 23, 'learning_rate': 0.028145092716060652, 'subsample': 0.762378215816119, 'colsample_bytree': 0.7159725093210578, 'min_child_samples': 43, 'reg_alpha': 0.0032112643094417484, 'reg_lambda': 1.8007140198129195e-07}. Best is trial 0 with value: 0.018847949585881086.
[I 2026-06-01 12:57:21,370] Trial 2 finished with value: -0.0387757250754215 and parameters: {'confidence_threshold': 0.6022506269873263, 'training_days': 190, 'n_estimators': 255, 'max_depth': 5, 'num_leaves': 24, 'learning_rate': 0.05748924681991978, 'subsample': 0.7962072844310213, 'colsample_bytree': 0.5232252063599989, 'min_child_samples': 69, 'reg_alpha': 3.425445902633376e-07, 'reg_lambda': 3.850031979199519e-08}. Best is trial 0 with value: 0.018847949585881086.
[I 2026-06-01 12:57:21,616] Trial 3 finished with value: -0.06309712009344919 and parameters: {'confidence_threshold': 0.8321099380386666, 'training_days': 490, 'n_estimators': 414, 'max_depth': 3, 'num_leaves': 19, 'learning_rate': 0.1024932221692416, 'subsample': 0.7200762468698007, 'colsample_bytree': 0.5610191174223894, 'min_child_samples': 60, 'reg_alpha': 2.039373116525212e-08, 'reg_lambda': 1.527156759251193}. Best is trial 0 with value: 0.018847949585881086.
[I 2026-06-01 12:57:21,764] Trial 4 finished with value: 0.009345840920975781 and parameters: {'confidence_threshold': 0.5905729935600059, 'training_days': 340, 'n_estimators': 190, 'max_depth': 4, 'num_leaves': 41, 'learning_rate': 0.01875220945578641, 'subsample': 0.9847923138822793, 'colsample_bytree': 0.8875664116805573, 'min_child_samples': 96, 'reg_alpha': 1.1309571585271483, 'reg_lambda': 0.002404915432737351}. Best is trial 0 with value: 0.018847949585881086.
[I 2026-06-01 12:57:21,798] Trial 5 finished with value: 0.09820531896533559 and parameters: {'confidence_threshold': 0.8226559822580909, 'training_days': 50, 'n_estimators': 138, 'max_depth': 3, 'num_leaves': 30, 'learning_rate': 0.03750796359625606, 'subsample': 0.6356745158869479, 'colsample_bytree': 0.9143687545759647, 'min_child_samples': 48, 'reg_alpha': 3.376063348877853e-06, 'reg_lambda': 0.0007660634613082914}. Best is trial 5 with value: 0.09820531896533559.
[I 2026-06-01 12:57:21,899] Trial 6 finished with value: 0.021671724453191744 and parameters: {'confidence_threshold': 0.5493234787411669, 'training_days': 410, 'n_estimators': 83, 'max_depth': 5, 'num_leaves': 52, 'learning_rate': 0.019657448966046126, 'subsample': 0.5027610585618012, 'colsample_bytree': 0.9077307142274171, 'min_child_samples': 77, 'reg_alpha': 0.03639690979811287, 'reg_lambda': 0.08738424135626986}. Best is trial 5 with value: 0.09820531896533559.
[I 2026-06-01 12:57:21,983] Trial 7 finished with value: -0.07130009257613865 and parameters: {'confidence_threshold': 0.5259156281069316, 'training_days': 180, 'n_estimators': 102, 'max_depth': 5, 'num_leaves': 45, 'learning_rate': 0.030816017044468066, 'subsample': 0.5317791751430119, 'colsample_bytree': 0.6554911608578311, 'min_child_samples': 46, 'reg_alpha': 0.036851536911881845, 'reg_lambda': 0.005470376807480391}. Best is trial 5 with value: 0.09820531896533559.
[I 2026-06-01 12:57:22,076] Trial 8 finished with value: 0.016018983351021292 and parameters: {'confidence_threshold': 0.8105244599017143, 'training_days': 240, 'n_estimators': 103, 'max_depth': 5, 'num_leaves': 52, 'learning_rate': 0.06746437142284309, 'subsample': 0.8854835899772805, 'colsample_bytree': 0.7468977981821954, 'min_child_samples': 62, 'reg_alpha': 7.04480806377519e-05, 'reg_lambda': 1.6934490731313353e-08}. Best is trial 5 with value: 0.09820531896533559.
[I 2026-06-01 12:57:22,097] Trial 9 finished with value: 0.010026565959081302 and parameters: {'confidence_threshold': 0.5377619994476566, 'training_days': 20, 'n_estimators': 337, 'max_depth': 3, 'num_leaves': 39, 'learning_rate': 0.21907142272152816, 'subsample': 0.6246461145744375, 'colsample_bytree': 0.7051914615178149, 'min_child_samples': 81, 'reg_alpha': 1.1459970229341322e-06, 'reg_lambda': 4.929685216887945e-08}. Best is trial 5 with value: 0.09820531896533559.
[I 2026-06-01 12:57:22,129] Trial 10 finished with value: -3.9957132795469428 and parameters: {'confidence_threshold': 0.7318981109748116, 'training_days': 10, 'n_estimators': 487, 'max_depth': 4, 'num_leaves': 31, 'learning_rate': 0.14704103471568217, 'subsample': 0.628963476300746, 'colsample_bytree': 0.987470107623585, 'min_child_samples': 25, 'reg_alpha': 2.608784411827665e-05, 'reg_lambda': 3.3639426888455256e-06}. Best is trial 5 with value: 0.09820531896533559.
[I 2026-06-01 12:57:22,171] Trial 11 finished with value: -3.741131458215836 and parameters: {'confidence_threshold': 0.7161090655475574, 'training_days': 110, 'n_estimators': 65, 'max_depth': 4, 'num_leaves': 60, 'learning_rate': 0.011154303114805692, 'subsample': 0.6290161990788976, 'colsample_bytree': 0.8438489693453172, 'min_child_samples': 92, 'reg_alpha': 1.6115749528927317, 'reg_lambda': 0.5855213887055177}. Best is trial 5 with value: 0.09820531896533559.
[I 2026-06-01 12:57:22,313] Trial 12 finished with value: 0.016774192552952337 and parameters: {'confidence_threshold': 0.7456670193224102, 'training_days': 340, 'n_estimators': 206, 'max_depth': 3, 'num_leaves': 33, 'learning_rate': 0.03208899494279826, 'subsample': 0.5222281423323654, 'colsample_bytree': 0.8304278626461432, 'min_child_samples': 45, 'reg_alpha': 0.0006941608047409722, 'reg_lambda': 5.899790100111974e-05}. Best is trial 5 with value: 0.09820531896533559.
[I 2026-06-01 12:57:22,396] Trial 13 finished with value: 0.037306517267878106 and parameters: {'confidence_threshold': 0.663455030204664, 'training_days': 330, 'n_estimators': 60, 'max_depth': 5, 'num_leaves': 62, 'learning_rate': 0.041055899057314625, 'subsample': 0.6803710106053958, 'colsample_bytree': 0.9994455923633134, 'min_child_samples': 80, 'reg_alpha': 4.9164566205838954e-06, 'reg_lambda': 0.05682130535124364}. Best is trial 5 with value: 0.09820531896533559.
[I 2026-06-01 12:57:22,629] Trial 14 finished with value: -0.012209720934796785 and parameters: {'confidence_threshold': 0.6686878790035377, 'training_days': 320, 'n_estimators': 202, 'max_depth': 4, 'num_leaves': 60, 'learning_rate': 0.045979036743030444, 'subsample': 0.7032844684077715, 'colsample_bytree': 0.9911969536017466, 'min_child_samples': 21, 'reg_alpha': 2.670693886528206e-06, 'reg_lambda': 0.0002979489411625065}. Best is trial 5 with value: 0.09820531896533559.
[I 2026-06-01 12:57:22,671] Trial 15 finished with value: 0.12722604070656224 and parameters: {'confidence_threshold': 0.7674254349466498, 'training_days': 90, 'n_estimators': 51, 'max_depth': 3, 'num_leaves': 31, 'learning_rate': 0.08876419902202462, 'subsample': 0.6707750474677462, 'colsample_bytree': 0.8100744538922787, 'min_child_samples': 37, 'reg_alpha': 1.2100098262675792e-08, 'reg_lambda': 0.019345028254750467}. Best is trial 15 with value: 0.12722604070656224.
[I 2026-06-01 12:57:22,750] Trial 16 finished with value: 0.07510139404688883 and parameters: {'confidence_threshold': 0.7804801620132263, 'training_days': 90, 'n_estimators': 144, 'max_depth': 3, 'num_leaves': 31, 'learning_rate': 0.08688622469163675, 'subsample': 0.8122420272264456, 'colsample_bytree': 0.8202998023298633, 'min_child_samples': 34, 'reg_alpha': 1.0133767211208676e-08, 'reg_lambda': 3.697560059264701e-05}. Best is trial 15 with value: 0.12722604070656224.
[I 2026-06-01 12:57:22,859] Trial 17 finished with value: 0.026176494402140222 and parameters: {'confidence_threshold': 0.789403558838043, 'training_days': 90, 'n_estimators': 282, 'max_depth': 3, 'num_leaves': 15, 'learning_rate': 0.263781705870737, 'subsample': 0.5915866025419536, 'colsample_bytree': 0.7861983638172064, 'min_child_samples': 53, 'reg_alpha': 1.727158298865187e-07, 'reg_lambda': 0.0049393924646631724}. Best is trial 15 with value: 0.12722604070656224.
[I 2026-06-01 12:57:22,997] A new study created in memory with name: no-name-e2e0f5eb-5ef7-4918-8181-aa9b8a0d1a48
[I 2026-06-01 12:57:23,088] Trial 0 finished with value: -0.03167355227931578 and parameters: {'confidence_threshold': 0.7437642149592516, 'training_days': 150, 'n_estimators': 152, 'max_depth': 4, 'num_leaves': 50, 'learning_rate': 0.04216766425047743, 'subsample': 0.9903820991923078, 'colsample_bytree': 0.8424148692924316, 'min_child_samples': 58, 'reg_alpha': 3.381097259762742e-05, 'reg_lambda': 1.2263152961306247e-05}. Best is trial 0 with value: -0.03167355227931578.
[I 2026-06-01 12:57:23,160] Trial 1 finished with value: 0.03097877729242946 and parameters: {'confidence_threshold': 0.7551673975844145, 'training_days': 220, 'n_estimators': 76, 'max_depth': 4, 'num_leaves': 51, 'learning_rate': 0.018602118810743477, 'subsample': 0.5877258780737462, 'colsample_bytree': 0.7657756869209191, 'min_child_samples': 63, 'reg_alpha': 0.005123994170264194, 'reg_lambda': 0.44145470178120466}. Best is trial 1 with value: 0.03097877729242946.
[I 2026-06-01 12:57:23,394] Trial 2 finished with value: 0.0575062106101373 and parameters: {'confidence_threshold': 0.7535593637012223, 'training_days': 310, 'n_estimators': 375, 'max_depth': 3, 'num_leaves': 32, 'learning_rate': 0.021735641882032388, 'subsample': 0.6468570231944146, 'colsample_bytree': 0.8154880619272439, 'min_child_samples': 27, 'reg_alpha': 8.004064028491336e-05, 'reg_lambda': 7.546835261630524e-05}. Best is trial 2 with value: 0.0575062106101373.
[I 2026-06-01 12:57:23,553] Trial 3 finished with value: -0.04906119122415904 and parameters: {'confidence_threshold': 0.6727897841776072, 'training_days': 220, 'n_estimators': 190, 'max_depth': 4, 'num_leaves': 58, 'learning_rate': 0.24810689332636193, 'subsample': 0.7509183379421682, 'colsample_bytree': 0.8119764758960556, 'min_child_samples': 29, 'reg_alpha': 7.1708285081421445e-06, 'reg_lambda': 5.412973582738627e-05}. Best is trial 2 with value: 0.0575062106101373.
[I 2026-06-01 12:57:23,663] Trial 4 finished with value: -0.04177885717814887 and parameters: {'confidence_threshold': 0.803208205259178, 'training_days': 130, 'n_estimators': 267, 'max_depth': 5, 'num_leaves': 40, 'learning_rate': 0.08041175317374143, 'subsample': 0.5603143329951619, 'colsample_bytree': 0.9131704002534167, 'min_child_samples': 68, 'reg_alpha': 0.0008046593428183385, 'reg_lambda': 1.2158346158765583e-05}. Best is trial 2 with value: 0.0575062106101373.
[I 2026-06-01 12:57:23,878] Trial 5 finished with value: -0.023641935375478686 and parameters: {'confidence_threshold': 0.6064422761595144, 'training_days': 210, 'n_estimators': 357, 'max_depth': 5, 'num_leaves': 40, 'learning_rate': 0.0974221287220869, 'subsample': 0.7929682762811064, 'colsample_bytree': 0.8124517510478, 'min_child_samples': 74, 'reg_alpha': 0.3811377260781234, 'reg_lambda': 5.607314238392041e-08}. Best is trial 2 with value: 0.0575062106101373.
[I 2026-06-01 12:57:23,972] Trial 6 finished with value: -0.03281930900661341 and parameters: {'confidence_threshold': 0.7672889945051684, 'training_days': 130, 'n_estimators': 137, 'max_depth': 4, 'num_leaves': 19, 'learning_rate': 0.2031117614248665, 'subsample': 0.8136244860256343, 'colsample_bytree': 0.8617081790949774, 'min_child_samples': 21, 'reg_alpha': 0.002238138278733199, 'reg_lambda': 0.001025809534977322}. Best is trial 2 with value: 0.0575062106101373.
[I 2026-06-01 12:57:24,032] Trial 7 finished with value: -0.054689428904637995 and parameters: {'confidence_threshold': 0.555635875450653, 'training_days': 80, 'n_estimators': 363, 'max_depth': 3, 'num_leaves': 48, 'learning_rate': 0.06590089024008658, 'subsample': 0.6944752870615722, 'colsample_bytree': 0.962566244806993, 'min_child_samples': 88, 'reg_alpha': 1.6465620446426067e-05, 'reg_lambda': 2.4678750890085655e-08}. Best is trial 2 with value: 0.0575062106101373.
[I 2026-06-01 12:57:24,336] Trial 8 finished with value: -0.08189233087015999 and parameters: {'confidence_threshold': 0.6066688256938841, 'training_days': 200, 'n_estimators': 367, 'max_depth': 5, 'num_leaves': 32, 'learning_rate': 0.13377519215934996, 'subsample': 0.7965884582811106, 'colsample_bytree': 0.8458508993500886, 'min_child_samples': 32, 'reg_alpha': 3.889436043816386e-05, 'reg_lambda': 1.4713062489380356e-06}. Best is trial 2 with value: 0.0575062106101373.
