[I 2026-06-01 13:00:12,875] Trial 9 finished with value: -0.07601363468844594 and parameters: {'confidence_threshold': 0.6202096049169137, 'training_days': 260, 'n_estimators': 350, 'max_depth': 3, 'num_leaves': 21, 'learning_rate': 0.02989540198065364, 'subsample': 0.8307821683331218, 'colsample_bytree': 0.923253112635361, 'min_child_samples': 64, 'reg_alpha': 0.4898604619604203, 'reg_lambda': 2.9076377687066166e-05}. Best is trial 4 with value: -0.02424602585777052.
[I 2026-06-01 13:00:13,230] Trial 10 finished with value: -2.4774239334494146 and parameters: {'confidence_threshold': 0.8445241688507242, 'training_days': 470, 'n_estimators': 493, 'max_depth': 5, 'num_leaves': 63, 'learning_rate': 0.010221918552934462, 'subsample': 0.5019190721168774, 'colsample_bytree': 0.6202684210924141, 'min_child_samples': 99, 'reg_alpha': 1.9942621118187622e-08, 'reg_lambda': 0.0201634475791616}. Best is trial 4 with value: -0.02424602585777052.
[I 2026-06-01 13:00:13,260] Trial 11 finished with value: -0.15818909993093816 and parameters: {'confidence_threshold': 0.5077463503498806, 'training_days': 10, 'n_estimators': 262, 'max_depth': 3, 'num_leaves': 44, 'learning_rate': 0.07372430395837165, 'subsample': 0.6622634123372779, 'colsample_bytree': 0.9864508096204552, 'min_child_samples': 90, 'reg_alpha': 2.5493772909886044e-07, 'reg_lambda': 1.0030982359513554e-08}. Best is trial 4 with value: -0.02424602585777052.
[I 2026-06-01 13:00:13,290] Trial 12 finished with value: -0.15818909993093816 and parameters: {'confidence_threshold': 0.5170417950991051, 'training_days': 10, 'n_estimators': 257, 'max_depth': 5, 'num_leaves': 33, 'learning_rate': 0.058010368762976855, 'subsample': 0.5261232538758528, 'colsample_bytree': 0.9722524044717222, 'min_child_samples': 82, 'reg_alpha': 0.009505264432762285, 'reg_lambda': 4.1917597734041396e-07}. Best is trial 4 with value: -0.02424602585777052.
[I 2026-06-01 13:00:13,480] Trial 13 finished with value: -0.04030856716503638 and parameters: {'confidence_threshold': 0.8203595759501172, 'training_days': 110, 'n_estimators': 475, 'max_depth': 3, 'num_leaves': 47, 'learning_rate': 0.1305743004594783, 'subsample': 0.6692276593280039, 'colsample_bytree': 0.6564540780078124, 'min_child_samples': 48, 'reg_alpha': 1.0060661308529223e-06, 'reg_lambda': 0.0030828115890163877}. Best is trial 4 with value: -0.02424602585777052.
[I 2026-06-01 13:00:13,548] Trial 14 finished with value: -0.05160477372483503 and parameters: {'confidence_threshold': 0.5659608707226916, 'training_days': 70, 'n_estimators': 301, 'max_depth': 4, 'num_leaves': 39, 'learning_rate': 0.04074110489853438, 'subsample': 0.567189419034034, 'colsample_bytree': 0.9233992221540936, 'min_child_samples': 76, 'reg_alpha': 0.000938266511305414, 'reg_lambda': 1.2193512856586523e-06}. Best is trial 4 with value: -0.02424602585777052.
[I 2026-06-01 13:00:13,839] Trial 15 finished with value: 0.0010524208899358775 and parameters: {'confidence_threshold': 0.681110154342211, 'training_days': 340, 'n_estimators': 436, 'max_depth': 5, 'num_leaves': 56, 'learning_rate': 0.08209307851411338, 'subsample': 0.8966418548807951, 'colsample_bytree': 0.5093920150666754, 'min_child_samples': 100, 'reg_alpha': 0.018188481815116102, 'reg_lambda': 3.5532501480887824}. Best is trial 15 with value: 0.0010524208899358775.
[I 2026-06-01 13:00:14,290] Trial 16 finished with value: -0.04995954382859007 and parameters: {'confidence_threshold': 0.6972287834683146, 'training_days': 370, 'n_estimators': 441, 'max_depth': 5, 'num_leaves': 54, 'learning_rate': 0.10471605723180304, 'subsample': 0.8936515737175985, 'colsample_bytree': 0.5092292594919029, 'min_child_samples': 46, 'reg_alpha': 0.05682468732545374, 'reg_lambda': 2.7688726881746946}. Best is trial 15 with value: 0.0010524208899358775.
[I 2026-06-01 13:00:14,445] Trial 17 finished with value: -0.03132473808549829 and parameters: {'confidence_threshold': 0.6825760317001965, 'training_days': 380, 'n_estimators': 222, 'max_depth': 5, 'num_leaves': 25, 'learning_rate': 0.17899479903630214, 'subsample': 0.9202138733708044, 'colsample_bytree': 0.5225343572251958, 'min_child_samples': 100, 'reg_alpha': 7.284070645541434, 'reg_lambda': 0.04415140786907817}. Best is trial 15 with value: 0.0010524208899358775.
[I 2026-06-01 13:00:14,824] A new study created in memory with name: no-name-97b8ffed-32cd-4525-9842-8ee05ab56a89
[I 2026-06-01 13:00:15,032] Trial 0 finished with value: -0.02927235884947546 and parameters: {'confidence_threshold': 0.5870645682749857, 'training_days': 90, 'n_estimators': 403, 'max_depth': 5, 'num_leaves': 45, 'learning_rate': 0.0780457193679974, 'subsample': 0.9428509515574568, 'colsample_bytree': 0.8795587339164916, 'min_child_samples': 34, 'reg_alpha': 2.2465901234314442e-07, 'reg_lambda': 8.339007036475363e-05}. Best is trial 0 with value: -0.02927235884947546.

    [trial 0] Sharpe=-0.0585 (folds: -0.3017, -0.1379, -0.1130, 0.2756, -0.0155)
    [trial 1] 48 features, training_days=420 | threshold=0.839 | labels: 1143 long, 1028 short (53/47%)
    [trial 1] Sharpe=-3.9833 (folds: -0.1044, -0.2395, -10.0000, -10.0000, 0.4273)
    [trial 2] 48 features, training_days=190 | threshold=0.602 | labels: 1143 long, 1028 short (53/47%)
    [trial 2] Sharpe=-0.0537 (folds: -0.2263, -0.1887, 0.0052, 0.2730, -0.1318)
    [trial 3] 48 features, training_days=490 | threshold=0.832 | labels: 1143 long, 1028 short (53/47%)
    [trial 3] Sharpe=-0.0797 (folds: -0.2911, -0.2175, -0.1246, 0.2450, -0.0102)
    [trial 4] 48 features, training_days=340 | threshold=0.591 | labels: 1143 long, 1028 short (53/47%)
    [trial 4] Sharpe=-0.0741 (folds: -0.3401, -0.1338, -0.0349, 0.1999, -0.0616)
    [trial 5] 48 features, training_days=50 | threshold=0.823 | labels: 1143 long, 1028 short (53/47%)
    [trial 5] Sharpe=-2.5006 (folds: -2.2236, -0.3616, -10.0000, -0.1443, 0.2264)
    [trial 6] 48 features, training_days=410 | threshold=0.549 | labels: 1143 long, 1028 short (53/47%)
    [trial 6] Sharpe=-0.1157 (folds: -0.3510, -0.1726, -0.0551, 0.0775, -0.0771)
    [trial 7] 48 features, training_days=180 | threshold=0.526 | labels: 1143 long, 1028 short (53/47%)
    [trial 7] Sharpe=-0.0967 (folds: -0.2807, -0.1638, 0.0795, 0.1007, -0.2189)
    [trial 8] 48 features, training_days=240 | threshold=0.811 | labels: 1143 long, 1028 short (53/47%)
    [trial 8] Sharpe=-0.0930 (folds: -0.2775, -0.2228, -0.0198, 0.2325, -0.1775)
    [trial 9] 48 features, training_days=20 | threshold=0.538 | labels: 1143 long, 1028 short (53/47%)
    [trial 9] Sharpe=0.0603 (folds: -0.0381, -0.1161, 0.0137, 0.1085, 0.3335)
    [trial 10] 48 features, training_days=10 | threshold=0.745 | labels: 1143 long, 1028 short (53/47%)
    [trial 10] Sharpe=-0.1582 (folds: -0.0381, -0.1161, 0.0019, -0.3416, -0.2971)
    [trial 11] 48 features, training_days=130 | threshold=0.671 | labels: 1143 long, 1028 short (53/47%)
    [trial 11] Sharpe=-0.0289 (folds: -0.1382, -0.0447, 0.0689, 0.0996, -0.1299)
    [trial 12] 48 features, training_days=110 | threshold=0.702 | labels: 1143 long, 1028 short (53/47%)
    [trial 12] Sharpe=-0.0340 (folds: -0.2859, -0.0253, 0.1100, 0.0994, -0.0681)
    [trial 13] 48 features, training_days=100 | threshold=0.672 | labels: 1143 long, 1028 short (53/47%)
    [trial 13] Sharpe=-0.0448 (folds: -0.2126, -0.0274, 0.1841, -0.0114, -0.1566)
    [trial 14] 48 features, training_days=110 | threshold=0.753 | labels: 1143 long, 1028 short (53/47%)
    [trial 14] Sharpe=-0.0667 (folds: -0.2907, -0.1493, 0.0529, 0.2341, -0.1803)
    [trial 15] 48 features, training_days=10 | threshold=0.503 | labels: 1143 long, 1028 short (53/47%)
    [trial 15] Sharpe=-0.1582 (folds: -0.0381, -0.1161, 0.0019, -0.3416, -0.2971)
    [trial 16] 48 features, training_days=200 | threshold=0.656 | labels: 1143 long, 1028 short (53/47%)
    [trial 16] Sharpe=-0.0953 (folds: -0.2546, -0.2213, 0.0307, 0.2451, -0.2762)
    [trial 17] 48 features, training_days=300 | threshold=0.560 | labels: 1143 long, 1028 short (53/47%)
    [trial 17] Sharpe=-0.0920 (folds: -0.2958, -0.1205, -0.0440, 0.0691, -0.0691)
  Optuna: 18 trials, best Sharpe = 0.0603
  Best params: n_estimators=337, max_depth=3, lr=0.2191, leaves=39
  Best confidence_threshold: 0.538
  Best training_days: 20
  Retrained on full data (60 samples, 48 features)
  [ensemble 2/3] seed=123
    [trial 0] 48 features, training_days=150 | threshold=0.744 | labels: 1143 long, 1028 short (53/47%)
    [CV fold 0] train_end=2022-06-23 08:00 | val_start=2022-07-01 00:00 | gap=184h (22 rows)
    [CV fold 1] train_end=2022-10-21 16:00 | val_start=2022-10-29 08:00 | gap=184h (22 rows)
    [CV fold 2] train_end=2023-02-19 00:00 | val_start=2023-02-26 16:00 | gap=184h (22 rows)
    [CV fold 3] train_end=2023-06-19 08:00 | val_start=2023-06-27 00:00 | gap=184h (22 rows)
    [CV fold 4] train_end=2023-10-17 16:00 | val_start=2023-10-25 08:00 | gap=184h (22 rows)
    [trial 0] Sharpe=-0.0990 (folds: -0.4141, -0.1836, 0.1857, 0.2027, -0.2855)
    [trial 1] 48 features, training_days=220 | threshold=0.755 | labels: 1143 long, 1028 short (53/47%)
    [trial 1] Sharpe=-3.8324 (folds: -10.0000, -0.1837, -10.0000, 1.1813, -0.1596)
    [trial 2] 48 features, training_days=310 | threshold=0.754 | labels: 1143 long, 1028 short (53/47%)
    [trial 2] Sharpe=-0.0649 (folds: -0.3783, -0.1827, -0.1951, 0.4161, 0.0155)
    [trial 3] 48 features, training_days=220 | threshold=0.673 | labels: 1143 long, 1028 short (53/47%)
    [trial 3] Sharpe=-0.0592 (folds: -0.2225, -0.1457, -0.0290, 0.1263, -0.0251)
    [trial 4] 48 features, training_days=130 | threshold=0.803 | labels: 1143 long, 1028 short (53/47%)
    [trial 4] Sharpe=-0.0242 (folds: -0.2235, -0.0914, 0.1867, 0.0482, -0.0413)
    [trial 5] 48 features, training_days=210 | threshold=0.606 | labels: 1143 long, 1028 short (53/47%)
    [trial 5] Sharpe=-0.0705 (folds: -0.1543, -0.1673, -0.0347, 0.1741, -0.1703)
    [trial 6] 48 features, training_days=130 | threshold=0.767 | labels: 1143 long, 1028 short (53/47%)
    [trial 6] Sharpe=-0.0639 (folds: -0.1827, -0.1519, 0.1102, -0.0349, -0.0602)
    [trial 7] 48 features, training_days=80 | threshold=0.556 | labels: 1143 long, 1028 short (53/47%)
    [trial 7] Sharpe=-0.0327 (folds: -0.2416, 0.0079, 0.1495, -0.0367, -0.0428)
    [trial 8] 48 features, training_days=200 | threshold=0.607 | labels: 1143 long, 1028 short (53/47%)
    [trial 8] Sharpe=-0.0883 (folds: -0.1736, -0.1136, -0.1075, 0.1293, -0.1761)
    [trial 9] 48 features, training_days=260 | threshold=0.620 | labels: 1143 long, 1028 short (53/47%)
    [trial 9] Sharpe=-0.0760 (folds: -0.2758, -0.1616, -0.2541, 0.2728, 0.0386)
    [trial 10] 48 features, training_days=470 | threshold=0.845 | labels: 1143 long, 1028 short (53/47%)
    [trial 10] Sharpe=-2.4774 (folds: -0.3107, -0.2574, -1.5389, -10.0000, -0.2800)
    [trial 11] 48 features, training_days=10 | threshold=0.508 | labels: 1143 long, 1028 short (53/47%)
    [trial 11] Sharpe=-0.1582 (folds: -0.0381, -0.1161, 0.0019, -0.3416, -0.2971)
    [trial 12] 48 features, training_days=10 | threshold=0.517 | labels: 1143 long, 1028 short (53/47%)
    [trial 12] Sharpe=-0.1582 (folds: -0.0381, -0.1161, 0.0019, -0.3416, -0.2971)
    [trial 13] 48 features, training_days=110 | threshold=0.820 | labels: 1143 long, 1028 short (53/47%)
    [trial 13] Sharpe=-0.0403 (folds: -0.2632, -0.1050, 0.1252, 0.0169, 0.0245)
    [trial 14] 48 features, training_days=70 | threshold=0.566 | labels: 1143 long, 1028 short (53/47%)
    [trial 14] Sharpe=-0.0516 (folds: -0.3003, -0.0293, 0.1327, -0.0783, 0.0172)
    [trial 15] 48 features, training_days=340 | threshold=0.681 | labels: 1143 long, 1028 short (53/47%)
    [trial 15] Sharpe=0.0011 (folds: -0.1507, -0.1324, -0.0297, 0.2854, 0.0326)
    [trial 16] 48 features, training_days=370 | threshold=0.697 | labels: 1143 long, 1028 short (53/47%)
    [trial 16] Sharpe=-0.0500 (folds: -0.1915, -0.2195, -0.1277, 0.2627, 0.0262)
    [trial 17] 48 features, training_days=380 | threshold=0.683 | labels: 1143 long, 1028 short (53/47%)
    [trial 17] Sharpe=-0.0313 (folds: -0.1838, -0.1642, -0.0069, 0.2712, -0.0729)
  Optuna: 18 trials, best Sharpe = 0.0011
  Best params: n_estimators=436, max_depth=5, lr=0.0821, leaves=56
  Best confidence_threshold: 0.681
  Best training_days: 340
  Retrained on full data (1020 samples, 48 features)
  [ensemble 3/3] seed=456
    [trial 0] 48 features, training_days=90 | threshold=0.587 | labels: 1143 long, 1028 short (53/47%)
    [CV fold 0] train_end=2022-06-23 08:00 | val_start=2022-07-01 00:00 | gap=184h (22 rows)
    [CV fold 1] train_end=2022-10-21 16:00 | val_start=2022-10-29 08:00 | gap=184h (22 rows)
    [CV fold 2] train_end=2023-02-19 00:00 | val_start=2023-02-26 16:00 | gap=184h (22 rows)
    [CV fold 3] train_end=2023-06-19 08:00 | val_start=2023-06-27 00:00 | gap=184h (22 rows)
    [CV fold 4] train_end=2023-10-17 16:00 | val_start=2023-10-25 08:00 | gap=184h (22 rows)
    [trial 0] Sharpe=-0.0293 (folds: -0.1304, -0.0461, 0.1601, -0.1731, 0.0431)
    [trial 1] 48 features, training_days=290 | threshold=0.635 | labels: 1143 long, 1028 short (53/47%)[I 2026-06-01 13:00:15,146] Trial 1 finished with value: -0.08593785082323488 and parameters: {'confidence_threshold': 0.6348453934275313, 'training_days': 290, 'n_estimators': 115, 'max_depth': 5, 'num_leaves': 37, 'learning_rate': 0.06949568759029946, 'subsample': 0.8228505074024268, 'colsample_bytree': 0.8616703220431751, 'min_child_samples': 75, 'reg_alpha': 4.2486822725010923e-07, 'reg_lambda': 1.157247767047042e-07}. Best is trial 0 with value: -0.02927235884947546.
[I 2026-06-01 13:00:15,163] Trial 2 finished with value: -0.15818909993093816 and parameters: {'confidence_threshold': 0.5849570384370288, 'training_days': 10, 'n_estimators': 212, 'max_depth': 3, 'num_leaves': 41, 'learning_rate': 0.18452095998378365, 'subsample': 0.6001060822924371, 'colsample_bytree': 0.5673167293506167, 'min_child_samples': 37, 'reg_alpha': 5.733250064217131, 'reg_lambda': 0.5308454292595461}. Best is trial 0 with value: -0.02927235884947546.
[I 2026-06-01 13:00:15,244] Trial 3 finished with value: 0.02760659847580803 and parameters: {'confidence_threshold': 0.6868248626683718, 'training_days': 220, 'n_estimators': 134, 'max_depth': 3, 'num_leaves': 45, 'learning_rate': 0.033529007907491595, 'subsample': 0.8647277071858408, 'colsample_bytree': 0.778494116634046, 'min_child_samples': 96, 'reg_alpha': 2.409409937265785e-07, 'reg_lambda': 1.1642073478060009}. Best is trial 3 with value: 0.02760659847580803.
[I 2026-06-01 13:00:15,342] Trial 4 finished with value: -0.09528497548894402 and parameters: {'confidence_threshold': 0.5623121348350352, 'training_days': 300, 'n_estimators': 69, 'max_depth': 4, 'num_leaves': 32, 'learning_rate': 0.14967629360700346, 'subsample': 0.5054535233636654, 'colsample_bytree': 0.7401385194659216, 'min_child_samples': 27, 'reg_alpha': 1.4212042567426725e-07, 'reg_lambda': 0.23605753701352003}. Best is trial 3 with value: 0.02760659847580803.
[I 2026-06-01 13:00:15,812] Trial 5 finished with value: -0.06075575423507672 and parameters: {'confidence_threshold': 0.7111850244908446, 'training_days': 490, 'n_estimators': 362, 'max_depth': 5, 'num_leaves': 40, 'learning_rate': 0.05960785724162737, 'subsample': 0.5589714368907717, 'colsample_bytree': 0.6659006943232806, 'min_child_samples': 42, 'reg_alpha': 0.6741360303045295, 'reg_lambda': 6.054601607143087e-08}. Best is trial 3 with value: 0.02760659847580803.
[I 2026-06-01 13:00:15,993] Trial 6 finished with value: -0.07088933133593808 and parameters: {'confidence_threshold': 0.667482545748023, 'training_days': 420, 'n_estimators': 279, 'max_depth': 3, 'num_leaves': 45, 'learning_rate': 0.040099592560849204, 'subsample': 0.8563114696415159, 'colsample_bytree': 0.5442917781944105, 'min_child_samples': 50, 'reg_alpha': 1.6407916423707903e-08, 'reg_lambda': 2.935907642973286e-05}. Best is trial 3 with value: 0.02760659847580803.
[I 2026-06-01 13:00:16,158] Trial 7 finished with value: -0.02676733177871008 and parameters: {'confidence_threshold': 0.5497381024139926, 'training_days': 120, 'n_estimators': 408, 'max_depth': 5, 'num_leaves': 38, 'learning_rate': 0.28049122657745795, 'subsample': 0.8806573338635493, 'colsample_bytree': 0.5454054113547102, 'min_child_samples': 63, 'reg_alpha': 0.01263008637940408, 'reg_lambda': 0.04588020805366937}. Best is trial 3 with value: 0.02760659847580803.
[I 2026-06-01 13:00:16,434] Trial 8 finished with value: -0.03561307564617942 and parameters: {'confidence_threshold': 0.719644804808716, 'training_days': 450, 'n_estimators': 410, 'max_depth': 4, 'num_leaves': 57, 'learning_rate': 0.04022026551478857, 'subsample': 0.5336085426932707, 'colsample_bytree': 0.5705742850577543, 'min_child_samples': 100, 'reg_alpha': 5.916398047912201e-07, 'reg_lambda': 0.9794034214488329}. Best is trial 3 with value: 0.02760659847580803.
[I 2026-06-01 13:00:16,460] Trial 9 finished with value: -7.978304739080054 and parameters: {'confidence_threshold': 0.7267463643917187, 'training_days': 20, 'n_estimators': 337, 'max_depth': 5, 'num_leaves': 23, 'learning_rate': 0.022153031811454605, 'subsample': 0.6305627572358737, 'colsample_bytree': 0.6613413774216214, 'min_child_samples': 81, 'reg_alpha': 5.7638634029410314e-08, 'reg_lambda': 8.26603016764008}. Best is trial 3 with value: 0.02760659847580803.
[I 2026-06-01 13:00:16,564] Trial 10 finished with value: -5.953101257891129 and parameters: {'confidence_threshold': 0.8283920119574972, 'training_days': 200, 'n_estimators': 181, 'max_depth': 3, 'num_leaves': 62, 'learning_rate': 0.011579281028220855, 'subsample': 0.7130289643560688, 'colsample_bytree': 0.9944479338273263, 'min_child_samples': 100, 'reg_alpha': 6.837313901272251e-05, 'reg_lambda': 0.0027253228209330924}. Best is trial 3 with value: 0.02760659847580803.
[I 2026-06-01 13:00:16,824] Trial 11 finished with value: -0.004874069234197603 and parameters: {'confidence_threshold': 0.7923497887859746, 'training_days': 170, 'n_estimators': 478, 'max_depth': 4, 'num_leaves': 54, 'learning_rate': 0.23812253955588647, 'subsample': 0.986770314616891, 'colsample_bytree': 0.8016610248739169, 'min_child_samples': 67, 'reg_alpha': 0.005499191077847832, 'reg_lambda': 0.00647465266809438}. Best is trial 3 with value: 0.02760659847580803.
[I 2026-06-01 13:00:17,081] Trial 12 finished with value: 0.03536108684964554 and parameters: {'confidence_threshold': 0.823724329897743, 'training_days': 200, 'n_estimators': 490, 'max_depth': 4, 'num_leaves': 53, 'learning_rate': 0.01924681962976845, 'subsample': 0.9947888650594279, 'colsample_bytree': 0.8360023000930683, 'min_child_samples': 83, 'reg_alpha': 0.0001122021494573007, 'reg_lambda': 0.0043177364034381925}. Best is trial 12 with value: 0.03536108684964554.
[I 2026-06-01 13:00:17,447] Trial 13 finished with value: -0.02761110024560644 and parameters: {'confidence_threshold': 0.5040535938350955, 'training_days': 370, 'n_estimators': 494, 'max_depth': 4, 'num_leaves': 52, 'learning_rate': 0.01599763794568145, 'subsample': 0.7705941434665807, 'colsample_bytree': 0.9109205692488689, 'min_child_samples': 86, 'reg_alpha': 1.982372748651499e-05, 'reg_lambda': 4.21352662959834e-06}. Best is trial 12 with value: 0.03536108684964554.
[I 2026-06-01 13:00:17,571] Trial 14 finished with value: -0.0599937485241155 and parameters: {'confidence_threshold': 0.7723320301796328, 'training_days': 240, 'n_estimators': 192, 'max_depth': 3, 'num_leaves': 51, 'learning_rate': 0.02360820129122137, 'subsample': 0.9294526207842858, 'colsample_bytree': 0.7707768064662349, 'min_child_samples': 89, 'reg_alpha': 1.083725918399518e-05, 'reg_lambda': 0.0014709214223004336}. Best is trial 12 with value: 0.03536108684964554.
[I 2026-06-01 13:00:17,734] Trial 15 finished with value: -0.07017745624840317 and parameters: {'confidence_threshold': 0.8491775285505467, 'training_days': 320, 'n_estimators': 274, 'max_depth': 3, 'num_leaves': 27, 'learning_rate': 0.028637144256945673, 'subsample': 0.9954639116704334, 'colsample_bytree': 0.6847880161419897, 'min_child_samples': 91, 'reg_alpha': 0.0012563597432170752, 'reg_lambda': 7.697467210155571}. Best is trial 12 with value: 0.03536108684964554.
[I 2026-06-01 13:00:17,836] Trial 16 finished with value: -6.01862928230054 and parameters: {'confidence_threshold': 0.7736148395034319, 'training_days': 210, 'n_estimators': 125, 'max_depth': 4, 'num_leaves': 61, 'learning_rate': 0.010192565023565005, 'subsample': 0.7875785259469402, 'colsample_bytree': 0.8200054716792924, 'min_child_samples': 73, 'reg_alpha': 4.150912771946041e-06, 'reg_lambda': 0.020446405020009804}. Best is trial 12 with value: 0.03536108684964554.
[I 2026-06-01 13:00:17,968] Trial 17 finished with value: -0.01493621736237418 and parameters: {'confidence_threshold': 0.6631541823595956, 'training_days': 140, 'n_estimators': 261, 'max_depth': 3, 'num_leaves': 47, 'learning_rate': 0.09657662365219205, 'subsample': 0.6915123096609068, 'colsample_bytree': 0.9538783746600454, 'min_child_samples': 54, 'reg_alpha': 0.00041705583111673137, 'reg_lambda': 0.00039965744314963514}. Best is trial 12 with value: 0.03536108684964554.
[I 2026-06-01 13:00:18,550] A new study created in memory with name: no-name-3705bda2-e18c-4542-b6e9-41b31690d6fc
[I 2026-06-01 13:00:18,878] Trial 0 finished with value: 0.04354891217317821 and parameters: {'confidence_threshold': 0.6310890415965769, 'training_days': 480, 'n_estimators': 380, 'max_depth': 4, 'num_leaves': 22, 'learning_rate': 0.01699897838270077, 'subsample': 0.5290418060840998, 'colsample_bytree': 0.9330880728874675, 'min_child_samples': 68, 'reg_alpha': 0.023585940584142682, 'reg_lambda': 1.5320059381854043e-08}. Best is trial 0 with value: 0.04354891217317821.
