[I 2026-06-01 12:56:03,140] Trial 17 finished with value: 0.03235396891114563 and parameters: {'confidence_threshold': 0.6242852058051342, 'training_days': 190, 'n_estimators': 56, 'max_depth': 3, 'num_leaves': 18, 'learning_rate': 0.024656370885969458, 'subsample': 0.7958532224517256, 'colsample_bytree': 0.7999277126916458, 'min_child_samples': 57, 'reg_alpha': 0.0008059760040484764, 'reg_lambda': 0.001352150060975526}. Best is trial 12 with value: 0.1708865009118798.
[I 2026-06-01 12:56:03,459] A new study created in memory with name: no-name-2015bbdc-c843-4916-905d-4a6b329d401e

    [trial 1] Sharpe=0.0655 (folds: -0.2055, 0.0872, 0.2655, 0.0605, 0.1199)
    [trial 2] 48 features, training_days=10 | threshold=0.585 | labels: 1285 long, 886 short (59/41%)
    [trial 2] Sharpe=-0.2010 (folds: -0.2380, -0.5742, -0.2332, 0.1277, -0.0873)
    [trial 3] 48 features, training_days=220 | threshold=0.687 | labels: 1285 long, 886 short (59/41%)
    [trial 3] Sharpe=0.0620 (folds: 0.0883, -0.0614, 0.0940, 0.0642, 0.1250)
    [trial 4] 48 features, training_days=300 | threshold=0.562 | labels: 1285 long, 886 short (59/41%)
    [trial 4] Sharpe=0.0569 (folds: -0.2824, 0.1711, 0.2271, 0.0596, 0.1089)
    [trial 5] 48 features, training_days=490 | threshold=0.711 | labels: 1285 long, 886 short (59/41%)
    [trial 5] Sharpe=0.0265 (folds: -0.3380, 0.1534, 0.2448, -0.0539, 0.1262)
    [trial 6] 48 features, training_days=420 | threshold=0.667 | labels: 1285 long, 886 short (59/41%)
    [trial 6] Sharpe=0.0236 (folds: -0.2508, 0.0383, 0.2683, -0.0373, 0.0994)
    [trial 7] 48 features, training_days=120 | threshold=0.550 | labels: 1285 long, 886 short (59/41%)
    [trial 7] Sharpe=0.0563 (folds: -0.1234, 0.1252, 0.1964, -0.0784, 0.1617)
    [trial 8] 48 features, training_days=450 | threshold=0.720 | labels: 1285 long, 886 short (59/41%)
    [trial 8] Sharpe=0.0718 (folds: -0.0536, 0.1164, 0.1837, -0.0571, 0.1695)
    [trial 9] 48 features, training_days=20 | threshold=0.727 | labels: 1285 long, 886 short (59/41%)
    [trial 9] Sharpe=-1.8908 (folds: 0.0416, -10.0000, 0.3022, 0.1277, 0.0745)
    [trial 10] 48 features, training_days=400 | threshold=0.828 | labels: 1285 long, 886 short (59/41%)
    [trial 10] Sharpe=-1.9856 (folds: -10.0000, 0.0112, -0.0198, -0.0648, 0.1453)
    [trial 11] 48 features, training_days=300 | threshold=0.783 | labels: 1285 long, 886 short (59/41%)
    [trial 11] Sharpe=0.0539 (folds: -0.1997, 0.1688, 0.1913, 0.0713, 0.0378)
    [trial 12] 48 features, training_days=380 | threshold=0.631 | labels: 1285 long, 886 short (59/41%)
    [trial 12] Sharpe=0.1709 (folds: 0.2721, 0.2602, 0.2718, -0.0594, 0.1097)
    [trial 13] 48 features, training_days=390 | threshold=0.504 | labels: 1285 long, 886 short (59/41%)
    [trial 13] Sharpe=0.0753 (folds: -0.0684, 0.0287, 0.2148, 0.0817, 0.1198)
    [trial 14] 48 features, training_days=370 | threshold=0.509 | labels: 1285 long, 886 short (59/41%)
    [trial 14] Sharpe=0.0586 (folds: -0.0670, 0.0199, 0.2172, 0.0332, 0.0898)
    [trial 15] 48 features, training_days=360 | threshold=0.506 | labels: 1285 long, 886 short (59/41%)
    [trial 15] Sharpe=0.0662 (folds: -0.0504, -0.0042, 0.2418, 0.0380, 0.1058)
    [trial 16] 48 features, training_days=190 | threshold=0.611 | labels: 1285 long, 886 short (59/41%)
    [trial 16] Sharpe=0.1188 (folds: -0.0707, 0.3597, 0.2389, -0.0679, 0.1340)
    [trial 17] 48 features, training_days=190 | threshold=0.624 | labels: 1285 long, 886 short (59/41%)
    [trial 17] Sharpe=0.0324 (folds: -0.1902, 0.1519, 0.1492, -0.0201, 0.0710)
  Optuna: 18 trials, best Sharpe = 0.1709
  Best params: n_estimators=54, max_depth=4, lr=0.0231, leaves=54
  Best confidence_threshold: 0.631
  Best training_days: 380
  Retrained on full data (1140 samples, 48 features)
  OOD: 16 features, cutoff (q=0.7) = 8.27
  Model trained for 2022-01: 93 test candles with features, confidence_threshold=0.715
[predict] 2022-01-01 16:00 BTCUSDT → SHORT (proba=0.72 TP=9.3%/SL=4.7%)
[trade:open] 2022-01-01 23:59 BTCUSDT SHORT @ 47704.35 | SL=49923.86 TP=43265.33 | timeout=2022-01-08 23:59
[trade:close] 2022-01-05 23:59 BTCUSDT SHORT → take_profit @ 43265.33 | PnL=+9.31% (net +9.21%) | cum=+9.21% 2022-01=+9.21% 2022-01-05=+9.21%
[predict] 2022-01-09 16:00 BTCUSDT → LONG (proba=0.73 TP=10.8%/SL=5.4%)
[trade:open] 2022-01-09 23:59 BTCUSDT LONG @ 41851.22 | SL=39581.35 TP=46390.96 | timeout=2022-01-16 23:59
[trade:close] 2022-01-17 00:00 BTCUSDT LONG → timeout @ 43060.66 | PnL=+2.89% (net +2.79%) | cum=+12.00% 2022-01=+12.00% 2022-01-17=+2.79%
[predict] 2022-01-18 00:00 BTCUSDT → LONG (proba=0.82 TP=7.5%/SL=3.7%)
[trade:open] 2022-01-18 07:59 BTCUSDT LONG @ 42040.00 | SL=40465.34 TP=45189.31 | timeout=2022-01-25 07:59
[trade:close] 2022-01-21 07:59 BTCUSDT LONG → stop_loss @ 40465.34 | PnL=-3.75% (net -3.85%) | cum=+8.15% 2022-01=+8.15% 2022-01-21=-3.85%
[predict] 2022-01-26 00:00 BTCUSDT → SHORT (proba=0.73 TP=15.5%/SL=7.7%)
[trade:open] 2022-01-26 07:59 BTCUSDT SHORT @ 37321.95 | SL=40208.76 TP=31548.33 | timeout=2022-02-02 07:59
[lgbm] === Training for 2022-02 ===
  Train window: 2020-02-01 → 2022-01-24
  2171 training samples from 1 symbols
  Samples per month: 2020-02: 87, 2020-03: 93, 2020-04: 90, 2020-05: 93, 2020-06: 90, 2020-07: 93, 2020-08: 93, 2020-09: 90, 2020-10: 93, 2020-11: 90, 2020-12: 93, 2021-01: 93, 2021-02: 84, 2021-03: 93, 2021-04: 90, 2021-05: 93, 2021-06: 90, 2021-07: 93, 2021-08: 93, 2021-09: 90, 2021-10: 93, 2021-11: 90, 2021-12: 93, 2022-01: 71
  [label] 2020-04-02 16:00 BTCUSDT entry=6791.6300 → LONG | long=timeout(+7.07%) short=sl(-7.81%) | scanned=22 | no_tp→fwd_return=+7.1709
  [label] 2020-04-05 00:00 BTCUSDT entry=6769.3000 → LONG | long=timeout(+0.73%) short=sl(-7.10%) | scanned=22 | no_tp→fwd_return=+0.8299
  [label] 2020-04-08 16:00 BTCUSDT entry=7357.6600 → SHORT | long=sl(-5.68%) short=timeout(+9.97%) | scanned=22 | no_tp→fwd_return=-10.0680
  [label] 2020-05-03 08:00 BTCUSDT entry=8817.7300 → LONG | long=tp(+11.63%) short=sl(-5.97%) | scanned=13 | long_tp_only
  [label] 2020-06-25 00:00 BTCUSDT entry=9169.4400 → LONG | long=sl(-3.47%) short=timeout(-0.54%) | scanned=22 | no_tp→fwd_return=+0.4355
  [label] 2020-12-08 00:00 BTCUSDT entry=19151.5000 → SHORT | long=sl(-4.16%) short=tp(+8.02%) | scanned=10 | short_tp_only
  [label] 2020-12-12 00:00 BTCUSDT entry=18368.0000 → LONG | long=tp(+9.07%) short=sl(-4.69%) | scanned=13 | long_tp_only
  [label] 2020-12-22 16:00 BTCUSDT entry=23826.9900 → LONG | long=tp(+12.98%) short=sl(-6.64%) | scanned=13 | long_tp_only
  [label] 2021-02-05 16:00 BTCUSDT entry=38362.6500 → LONG | long=tp(+13.86%) short=sl(-7.08%) | scanned=8 | long_tp_only
  [label] 2021-02-14 08:00 BTCUSDT entry=48630.0900 → LONG | long=tp(+14.28%) short=sl(-7.29%) | scanned=16 | long_tp_only
  [label] 2021-05-15 16:00 BTCUSDT entry=46793.4100 → SHORT | long=sl(-9.28%) short=tp(+18.26%) | scanned=11 | short_tp_only
  [label] 2021-06-16 16:00 BTCUSDT entry=38344.9700 → SHORT | long=sl(-7.18%) short=tp(+14.06%) | scanned=13 | short_tp_only
  [label] 2021-07-03 00:00 BTCUSDT entry=34477.4600 → SHORT | long=sl(-6.75%) short=timeout(+2.02%) | scanned=22 | no_tp→fwd_return=-2.1158
  [label] 2021-07-15 16:00 BTCUSDT entry=31866.4300 → LONG | long=sl(-5.17%) short=timeout(-1.36%) | scanned=22 | no_tp→fwd_return=+1.2605
  [label] 2021-08-03 00:00 BTCUSDT entry=38569.9900 → LONG | long=tp(+13.88%) short=sl(-7.09%) | scanned=13 | long_tp_only
  [label] 2021-08-09 08:00 BTCUSDT entry=45872.1100 → LONG | long=timeout(+0.94%) short=timeout(-1.14%) | scanned=22 | no_tp→fwd_return=+1.0435
  [label] 2021-08-21 16:00 BTCUSDT entry=48848.2900 → LONG | long=sl(-4.90%) short=timeout(-0.27%) | scanned=22 | no_tp→fwd_return=+0.1713
  [label] 2021-09-30 08:00 BTCUSDT entry=43126.7700 → LONG | long=tp(+11.79%) short=sl(-6.04%) | scanned=4 | long_tp_only
  [label] 2021-10-10 00:00 BTCUSDT entry=55699.0000 → LONG | long=tp(+9.55%) short=sl(-4.92%) | scanned=17 | long_tp_only
  [label] 2022-01-04 08:00 BTCUSDT entry=46925.2800 → SHORT | long=sl(-4.20%) short=tp(+8.10%) | scanned=4 | short_tp_only
  Labels: 1237 long (57.0%), 934 short (43.0%) | weights: min=1.00, mean=3.18, max=10.00
  Features: 2171/2171 matched, 48 columns
  CV gap: 22 rows
  [ensemble 1/3] seed=42
    [trial 0] 48 features, training_days=480 | threshold=0.631 | labels: 1237 long, 934 short (57/43%)
    [CV fold 0] train_end=2020-05-25 08:00 | val_start=2020-06-02 00:00 | gap=184h (22 rows)
    [CV fold 1] train_end=2020-09-22 16:00 | val_start=2020-09-30 08:00 | gap=184h (22 rows)
    [CV fold 2] train_end=2021-01-21 00:00 | val_start=2021-01-28 16:00 | gap=184h (22 rows)
    [CV fold 3] train_end=2021-05-21 08:00 | val_start=2021-05-29 00:00 | gap=184h (22 rows)[I 2026-06-01 12:56:03,785] Trial 0 finished with value: -0.007400448452124242 and parameters: {'confidence_threshold': 0.6310890415965769, 'training_days': 480, 'n_estimators': 380, 'max_depth': 4, 'num_leaves': 22, 'learning_rate': 0.01699897838270077, 'subsample': 0.5290418060840998, 'colsample_bytree': 0.9330880728874675, 'min_child_samples': 68, 'reg_alpha': 0.023585940584142682, 'reg_lambda': 1.5320059381854043e-08}. Best is trial 0 with value: -0.007400448452124242.
[I 2026-06-01 12:56:03,889] Trial 1 finished with value: -0.04660177907675719 and parameters: {'confidence_threshold': 0.839468448256698, 'training_days': 420, 'n_estimators': 145, 'max_depth': 3, 'num_leaves': 23, 'learning_rate': 0.028145092716060652, 'subsample': 0.762378215816119, 'colsample_bytree': 0.7159725093210578, 'min_child_samples': 43, 'reg_alpha': 0.0032112643094417484, 'reg_lambda': 1.8007140198129195e-07}. Best is trial 0 with value: -0.007400448452124242.
[I 2026-06-01 12:56:04,029] Trial 2 finished with value: -0.023468044675553912 and parameters: {'confidence_threshold': 0.6022506269873263, 'training_days': 190, 'n_estimators': 255, 'max_depth': 5, 'num_leaves': 24, 'learning_rate': 0.05748924681991978, 'subsample': 0.7962072844310213, 'colsample_bytree': 0.5232252063599989, 'min_child_samples': 69, 'reg_alpha': 3.425445902633376e-07, 'reg_lambda': 3.850031979199519e-08}. Best is trial 0 with value: -0.007400448452124242.
[I 2026-06-01 12:56:04,287] Trial 3 finished with value: -0.03855106438254754 and parameters: {'confidence_threshold': 0.8321099380386666, 'training_days': 490, 'n_estimators': 414, 'max_depth': 3, 'num_leaves': 19, 'learning_rate': 0.1024932221692416, 'subsample': 0.7200762468698007, 'colsample_bytree': 0.5610191174223894, 'min_child_samples': 60, 'reg_alpha': 2.039373116525212e-08, 'reg_lambda': 1.527156759251193}. Best is trial 0 with value: -0.007400448452124242.
[I 2026-06-01 12:56:04,432] Trial 4 finished with value: 0.005299921763723509 and parameters: {'confidence_threshold': 0.5905729935600059, 'training_days': 340, 'n_estimators': 190, 'max_depth': 4, 'num_leaves': 41, 'learning_rate': 0.01875220945578641, 'subsample': 0.9847923138822793, 'colsample_bytree': 0.8875664116805573, 'min_child_samples': 96, 'reg_alpha': 1.1309571585271483, 'reg_lambda': 0.002404915432737351}. Best is trial 4 with value: 0.005299921763723509.
[I 2026-06-01 12:56:04,468] Trial 5 finished with value: 0.0371665806648895 and parameters: {'confidence_threshold': 0.8226559822580909, 'training_days': 50, 'n_estimators': 138, 'max_depth': 3, 'num_leaves': 30, 'learning_rate': 0.03750796359625606, 'subsample': 0.6356745158869479, 'colsample_bytree': 0.9143687545759647, 'min_child_samples': 48, 'reg_alpha': 3.376063348877853e-06, 'reg_lambda': 0.0007660634613082914}. Best is trial 5 with value: 0.0371665806648895.
[I 2026-06-01 12:56:04,581] Trial 6 finished with value: 0.0366480318713999 and parameters: {'confidence_threshold': 0.5493234787411669, 'training_days': 410, 'n_estimators': 83, 'max_depth': 5, 'num_leaves': 52, 'learning_rate': 0.019657448966046126, 'subsample': 0.5027610585618012, 'colsample_bytree': 0.9077307142274171, 'min_child_samples': 77, 'reg_alpha': 0.03639690979811287, 'reg_lambda': 0.08738424135626986}. Best is trial 5 with value: 0.0371665806648895.
[I 2026-06-01 12:56:04,667] Trial 7 finished with value: -0.023694982030907343 and parameters: {'confidence_threshold': 0.5259156281069316, 'training_days': 180, 'n_estimators': 102, 'max_depth': 5, 'num_leaves': 45, 'learning_rate': 0.030816017044468066, 'subsample': 0.5317791751430119, 'colsample_bytree': 0.6554911608578311, 'min_child_samples': 46, 'reg_alpha': 0.036851536911881845, 'reg_lambda': 0.005470376807480391}. Best is trial 5 with value: 0.0371665806648895.
[I 2026-06-01 12:56:04,755] Trial 8 finished with value: -0.03725194239984091 and parameters: {'confidence_threshold': 0.8105244599017143, 'training_days': 240, 'n_estimators': 103, 'max_depth': 5, 'num_leaves': 52, 'learning_rate': 0.06746437142284309, 'subsample': 0.8854835899772805, 'colsample_bytree': 0.7468977981821954, 'min_child_samples': 62, 'reg_alpha': 7.04480806377519e-05, 'reg_lambda': 1.6934490731313353e-08}. Best is trial 5 with value: 0.0371665806648895.
[I 2026-06-01 12:56:04,778] Trial 9 finished with value: -0.1203105856668587 and parameters: {'confidence_threshold': 0.5377619994476566, 'training_days': 20, 'n_estimators': 337, 'max_depth': 3, 'num_leaves': 39, 'learning_rate': 0.21907142272152816, 'subsample': 0.6246461145744375, 'colsample_bytree': 0.7051914615178149, 'min_child_samples': 81, 'reg_alpha': 1.1459970229341322e-06, 'reg_lambda': 4.929685216887945e-08}. Best is trial 5 with value: 0.0371665806648895.
[I 2026-06-01 12:56:04,805] Trial 10 finished with value: -2.059013794364664 and parameters: {'confidence_threshold': 0.7318981109748116, 'training_days': 10, 'n_estimators': 487, 'max_depth': 4, 'num_leaves': 31, 'learning_rate': 0.14704103471568217, 'subsample': 0.628963476300746, 'colsample_bytree': 0.987470107623585, 'min_child_samples': 25, 'reg_alpha': 2.608784411827665e-05, 'reg_lambda': 3.3639426888455256e-06}. Best is trial 5 with value: 0.0371665806648895.
[I 2026-06-01 12:56:04,846] Trial 11 finished with value: -7.922662577041288 and parameters: {'confidence_threshold': 0.7161090655475574, 'training_days': 110, 'n_estimators': 65, 'max_depth': 4, 'num_leaves': 60, 'learning_rate': 0.011154303114805692, 'subsample': 0.6290161990788976, 'colsample_bytree': 0.8438489693453172, 'min_child_samples': 92, 'reg_alpha': 1.6115749528927317, 'reg_lambda': 0.5855213887055177}. Best is trial 5 with value: 0.0371665806648895.
[I 2026-06-01 12:56:04,982] Trial 12 finished with value: -0.033303958092514116 and parameters: {'confidence_threshold': 0.7456670193224102, 'training_days': 340, 'n_estimators': 206, 'max_depth': 3, 'num_leaves': 33, 'learning_rate': 0.03208899494279826, 'subsample': 0.5222281423323654, 'colsample_bytree': 0.8304278626461432, 'min_child_samples': 45, 'reg_alpha': 0.0006941608047409722, 'reg_lambda': 5.899790100111974e-05}. Best is trial 5 with value: 0.0371665806648895.
[I 2026-06-01 12:56:05,062] Trial 13 finished with value: 0.012681518179989948 and parameters: {'confidence_threshold': 0.663455030204664, 'training_days': 330, 'n_estimators': 60, 'max_depth': 5, 'num_leaves': 62, 'learning_rate': 0.041055899057314625, 'subsample': 0.6803710106053958, 'colsample_bytree': 0.9994455923633134, 'min_child_samples': 80, 'reg_alpha': 4.9164566205838954e-06, 'reg_lambda': 0.05682130535124364}. Best is trial 5 with value: 0.0371665806648895.
[I 2026-06-01 12:56:05,172] Trial 14 finished with value: 0.07895235263688051 and parameters: {'confidence_threshold': 0.7871652886153421, 'training_days': 90, 'n_estimators': 202, 'max_depth': 4, 'num_leaves': 54, 'learning_rate': 0.010586219226284353, 'subsample': 0.5808433054196197, 'colsample_bytree': 0.816535373912939, 'min_child_samples': 31, 'reg_alpha': 3.770845974254184e-08, 'reg_lambda': 0.0002979489411625065}. Best is trial 14 with value: 0.07895235263688051.
[I 2026-06-01 12:56:05,288] Trial 15 finished with value: 0.1570836897526891 and parameters: {'confidence_threshold': 0.7775952481140708, 'training_days': 90, 'n_estimators': 251, 'max_depth': 3, 'num_leaves': 31, 'learning_rate': 0.01002406654804393, 'subsample': 0.5936332549288843, 'colsample_bytree': 0.8100744538922787, 'min_child_samples': 21, 'reg_alpha': 1.0692888771850759e-08, 'reg_lambda': 7.482879404932238e-05}. Best is trial 15 with value: 0.1570836897526891.
[I 2026-06-01 12:56:05,472] Trial 16 finished with value: 0.006230142949493886 and parameters: {'confidence_threshold': 0.7809295392133032, 'training_days': 110, 'n_estimators': 293, 'max_depth': 4, 'num_leaves': 51, 'learning_rate': 0.010586713296794885, 'subsample': 0.8349413516513706, 'colsample_bytree': 0.8017786733723106, 'min_child_samples': 23, 'reg_alpha': 1.0081466942662916e-08, 'reg_lambda': 4.206139457068922e-05}. Best is trial 15 with value: 0.1570836897526891.
[I 2026-06-01 12:56:05,602] Trial 17 finished with value: 0.11236549404863208 and parameters: {'confidence_threshold': 0.7742942271451168, 'training_days': 100, 'n_estimators': 248, 'max_depth': 4, 'num_leaves': 15, 'learning_rate': 0.010425658055299656, 'subsample': 0.5817443029964644, 'colsample_bytree': 0.6505152466626335, 'min_child_samples': 34, 'reg_alpha': 1.331244850498912e-07, 'reg_lambda': 1.493656852319989e-06}. Best is trial 15 with value: 0.1570836897526891.
[I 2026-06-01 12:56:05,662] A new study created in memory with name: no-name-18c7cd98-130f-47db-bae5-ff8bace067f8
[I 2026-06-01 12:56:05,748] Trial 0 finished with value: 0.013905944948251984 and parameters: {'confidence_threshold': 0.7437642149592516, 'training_days': 150, 'n_estimators': 152, 'max_depth': 4, 'num_leaves': 50, 'learning_rate': 0.04216766425047743, 'subsample': 0.9903820991923078, 'colsample_bytree': 0.8424148692924316, 'min_child_samples': 58, 'reg_alpha': 3.381097259762742e-05, 'reg_lambda': 1.2263152961306247e-05}. Best is trial 0 with value: 0.013905944948251984.
[I 2026-06-01 12:56:05,814] Trial 1 finished with value: -0.06970911548739803 and parameters: {'confidence_threshold': 0.7551673975844145, 'training_days': 220, 'n_estimators': 76, 'max_depth': 4, 'num_leaves': 51, 'learning_rate': 0.018602118810743477, 'subsample': 0.5877258780737462, 'colsample_bytree': 0.7657756869209191, 'min_child_samples': 63, 'reg_alpha': 0.005123994170264194, 'reg_lambda': 0.44145470178120466}. Best is trial 0 with value: 0.013905944948251984.
[I 2026-06-01 12:56:06,050] Trial 2 finished with value: -0.018711398623073954 and parameters: {'confidence_threshold': 0.7535593637012223, 'training_days': 310, 'n_estimators': 375, 'max_depth': 3, 'num_leaves': 32, 'learning_rate': 0.021735641882032388, 'subsample': 0.6468570231944146, 'colsample_bytree': 0.8154880619272439, 'min_child_samples': 27, 'reg_alpha': 8.004064028491336e-05, 'reg_lambda': 7.546835261630524e-05}. Best is trial 0 with value: 0.013905944948251984.
[I 2026-06-01 12:56:06,209] Trial 3 finished with value: 0.004703199208716068 and parameters: {'confidence_threshold': 0.6727897841776072, 'training_days': 220, 'n_estimators': 190, 'max_depth': 4, 'num_leaves': 58, 'learning_rate': 0.24810689332636193, 'subsample': 0.7509183379421682, 'colsample_bytree': 0.8119764758960556, 'min_child_samples': 29, 'reg_alpha': 7.1708285081421445e-06, 'reg_lambda': 5.412973582738627e-05}. Best is trial 0 with value: 0.013905944948251984.
[I 2026-06-01 12:56:06,318] Trial 4 finished with value: 0.014573953440245294 and parameters: {'confidence_threshold': 0.803208205259178, 'training_days': 130, 'n_estimators': 267, 'max_depth': 5, 'num_leaves': 40, 'learning_rate': 0.08041175317374143, 'subsample': 0.5603143329951619, 'colsample_bytree': 0.9131704002534167, 'min_child_samples': 68, 'reg_alpha': 0.0008046593428183385, 'reg_lambda': 1.2158346158765583e-05}. Best is trial 4 with value: 0.014573953440245294.
[I 2026-06-01 12:56:06,535] Trial 5 finished with value: -0.02558424461455804 and parameters: {'confidence_threshold': 0.6064422761595144, 'training_days': 210, 'n_estimators': 357, 'max_depth': 5, 'num_leaves': 40, 'learning_rate': 0.0974221287220869, 'subsample': 0.7929682762811064, 'colsample_bytree': 0.8124517510478, 'min_child_samples': 74, 'reg_alpha': 0.3811377260781234, 'reg_lambda': 5.607314238392041e-08}. Best is trial 4 with value: 0.014573953440245294.
[I 2026-06-01 12:56:06,639] Trial 6 finished with value: -0.005468747715161609 and parameters: {'confidence_threshold': 0.7672889945051684, 'training_days': 130, 'n_estimators': 137, 'max_depth': 4, 'num_leaves': 19, 'learning_rate': 0.2031117614248665, 'subsample': 0.8136244860256343, 'colsample_bytree': 0.8617081790949774, 'min_child_samples': 21, 'reg_alpha': 0.002238138278733199, 'reg_lambda': 0.001025809534977322}. Best is trial 4 with value: 0.014573953440245294.
[I 2026-06-01 12:56:06,699] Trial 7 finished with value: 0.026369528566736022 and parameters: {'confidence_threshold': 0.555635875450653, 'training_days': 80, 'n_estimators': 363, 'max_depth': 3, 'num_leaves': 48, 'learning_rate': 0.06590089024008658, 'subsample': 0.6944752870615722, 'colsample_bytree': 0.962566244806993, 'min_child_samples': 88, 'reg_alpha': 1.6465620446426067e-05, 'reg_lambda': 2.4678750890085655e-08}. Best is trial 7 with value: 0.026369528566736022.
[I 2026-06-01 12:56:06,995] Trial 8 finished with value: -0.01387409473022653 and parameters: {'confidence_threshold': 0.6066688256938841, 'training_days': 200, 'n_estimators': 367, 'max_depth': 5, 'num_leaves': 32, 'learning_rate': 0.13377519215934996, 'subsample': 0.7965884582811106, 'colsample_bytree': 0.8458508993500886, 'min_child_samples': 32, 'reg_alpha': 3.889436043816386e-05, 'reg_lambda': 1.4713062489380356e-06}. Best is trial 7 with value: 0.026369528566736022.
