[I 2026-06-01 12:57:04,678] Trial 9 finished with value: 0.08562612020914973 and parameters: {'confidence_threshold': 0.6202096049169137, 'training_days': 260, 'n_estimators': 350, 'max_depth': 3, 'num_leaves': 21, 'learning_rate': 0.02989540198065364, 'subsample': 0.8307821683331218, 'colsample_bytree': 0.923253112635361, 'min_child_samples': 64, 'reg_alpha': 0.4898604619604203, 'reg_lambda': 2.9076377687066166e-05}. Best is trial 3 with value: 0.12122304072366727.
[I 2026-06-01 12:57:05,076] Trial 10 finished with value: 0.04584362108821199 and parameters: {'confidence_threshold': 0.6756170272727778, 'training_days': 470, 'n_estimators': 493, 'max_depth': 4, 'num_leaves': 63, 'learning_rate': 0.010221918552934462, 'subsample': 0.9383547926937981, 'colsample_bytree': 0.6202684210924141, 'min_child_samples': 44, 'reg_alpha': 2.371385268938747e-08, 'reg_lambda': 0.015315426420116851}. Best is trial 3 with value: 0.12122304072366727.
[I 2026-06-01 12:57:05,207] Trial 11 finished with value: 0.04633471771878871 and parameters: {'confidence_threshold': 0.5130539202318031, 'training_days': 360, 'n_estimators': 240, 'max_depth': 5, 'num_leaves': 62, 'learning_rate': 0.2959690066750305, 'subsample': 0.7286462650868973, 'colsample_bytree': 0.6778283959364831, 'min_child_samples': 85, 'reg_alpha': 5.52148235930095, 'reg_lambda': 1.003877192537953e-08}. Best is trial 3 with value: 0.12122304072366727.
[I 2026-06-01 12:57:05,236] Trial 12 finished with value: -1.928852602545529 and parameters: {'confidence_threshold': 0.6727899930733724, 'training_days': 20, 'n_estimators': 208, 'max_depth': 5, 'num_leaves': 41, 'learning_rate': 0.11827280733062773, 'subsample': 0.8941395335595879, 'colsample_bytree': 0.5196457038790347, 'min_child_samples': 100, 'reg_alpha': 1.6619318482295187e-07, 'reg_lambda': 3.4564366996258125e-07}. Best is trial 3 with value: 0.12122304072366727.
[I 2026-06-01 12:57:05,616] Trial 13 finished with value: 0.0648328288290028 and parameters: {'confidence_threshold': 0.6676681644376227, 'training_days': 360, 'n_estimators': 475, 'max_depth': 4, 'num_leaves': 56, 'learning_rate': 0.17046417675278192, 'subsample': 0.6692276593280039, 'colsample_bytree': 0.7127943105272387, 'min_child_samples': 49, 'reg_alpha': 0.14818704307411545, 'reg_lambda': 0.004788009985073303}. Best is trial 3 with value: 0.12122304072366727.
[I 2026-06-01 12:57:05,772] Trial 14 finished with value: 0.06611969780110649 and parameters: {'confidence_threshold': 0.6064803304844418, 'training_days': 280, 'n_estimators': 184, 'max_depth': 5, 'num_leaves': 30, 'learning_rate': 0.26508115524576814, 'subsample': 0.762401725462525, 'colsample_bytree': 0.7704425590179644, 'min_child_samples': 75, 'reg_alpha': 8.955273563402083e-07, 'reg_lambda': 1.66052015319664}. Best is trial 3 with value: 0.12122304072366727.
[I 2026-06-01 12:57:06,038] Trial 15 finished with value: 0.10586843738216148 and parameters: {'confidence_threshold': 0.7050367233919248, 'training_days': 440, 'n_estimators': 300, 'max_depth': 4, 'num_leaves': 44, 'learning_rate': 0.08917594676785659, 'subsample': 0.507007918467014, 'colsample_bytree': 0.6337595094051601, 'min_child_samples': 40, 'reg_alpha': 0.01828979793574368, 'reg_lambda': 2.9911222285945383e-07}. Best is trial 3 with value: 0.12122304072366727.
[I 2026-06-01 12:57:06,311] Trial 16 finished with value: 0.09514586660520157 and parameters: {'confidence_threshold': 0.7041109893343561, 'training_days': 500, 'n_estimators': 299, 'max_depth': 4, 'num_leaves': 56, 'learning_rate': 0.04734750546511042, 'subsample': 0.5058433788977154, 'colsample_bytree': 0.6155885267093099, 'min_child_samples': 38, 'reg_alpha': 0.032786166436377905, 'reg_lambda': 4.0785369849668187e-07}. Best is trial 3 with value: 0.12122304072366727.

  [label] 2022-03-30 08:00 BTCUSDT entry=47153.7000 → SHORT | long=sl(-3.61%) short=tp(+6.92%) | scanned=21 | short_tp_only
  [label] 2022-04-09 08:00 BTCUSDT entry=42243.9000 → SHORT | long=sl(-4.09%) short=timeout(+5.12%) | scanned=22 | no_tp→fwd_return=-5.2176
  [label] 2022-07-04 08:00 BTCUSDT entry=19792.4000 → LONG | long=tp(+11.20%) short=sl(-5.75%) | scanned=11 | long_tp_only
  Labels: 1161 long (53.6%), 1007 short (46.4%) | weights: min=1.00, mean=3.62, max=10.00
  Features: 2168/2168 matched, 48 columns
  CV gap: 22 rows
  [ensemble 1/3] seed=42
    [trial 0] 48 features, training_days=480 | threshold=0.631 | labels: 1161 long, 1007 short (54/46%)
    [CV fold 0] train_end=2020-11-22 08:00 | val_start=2020-11-30 00:00 | gap=184h (22 rows)
    [CV fold 1] train_end=2021-03-22 16:00 | val_start=2021-03-30 08:00 | gap=184h (22 rows)
    [CV fold 2] train_end=2021-07-21 00:00 | val_start=2021-07-28 16:00 | gap=184h (22 rows)
    [CV fold 3] train_end=2021-11-18 08:00 | val_start=2021-11-26 00:00 | gap=184h (22 rows)
    [CV fold 4] train_end=2022-03-18 16:00 | val_start=2022-03-26 08:00 | gap=184h (22 rows)
    [trial 0] Sharpe=0.0760 (folds: 0.1554, -0.1292, 0.3764, -0.0086, -0.0140)
    [trial 1] 48 features, training_days=420 | threshold=0.839 | labels: 1161 long, 1007 short (54/46%)
    [trial 1] Sharpe=-0.0631 (folds: 0.2177, -0.0850, 0.0431, -0.1005, -0.3908)
    [trial 2] 48 features, training_days=190 | threshold=0.602 | labels: 1161 long, 1007 short (54/46%)
    [trial 2] Sharpe=0.0703 (folds: 0.1713, -0.1027, 0.0377, 0.2014, 0.0436)
    [trial 3] 48 features, training_days=490 | threshold=0.832 | labels: 1161 long, 1007 short (54/46%)
    [trial 3] Sharpe=0.0889 (folds: 0.2004, -0.0869, 0.3643, -0.1103, 0.0773)
    [trial 4] 48 features, training_days=340 | threshold=0.591 | labels: 1161 long, 1007 short (54/46%)
    [trial 4] Sharpe=0.0756 (folds: 0.1881, -0.1244, 0.3534, 0.0410, -0.0803)
    [trial 5] 48 features, training_days=50 | threshold=0.823 | labels: 1161 long, 1007 short (54/46%)
    [trial 5] Sharpe=0.0264 (folds: 0.1613, -0.0791, -0.3794, 0.5161, -0.0868)
    [trial 6] 48 features, training_days=410 | threshold=0.549 | labels: 1161 long, 1007 short (54/46%)
    [trial 6] Sharpe=0.0581 (folds: 0.3023, -0.1988, 0.2965, 0.1423, -0.2518)
    [trial 7] 48 features, training_days=180 | threshold=0.526 | labels: 1161 long, 1007 short (54/46%)
    [trial 7] Sharpe=0.0680 (folds: 0.3106, -0.0896, 0.0758, 0.0748, -0.0318)
    [trial 8] 48 features, training_days=240 | threshold=0.811 | labels: 1161 long, 1007 short (54/46%)
    [trial 8] Sharpe=0.1243 (folds: 0.3066, -0.1358, 0.3143, 0.2075, -0.0712)
    [trial 9] 48 features, training_days=20 | threshold=0.538 | labels: 1161 long, 1007 short (54/46%)
    [trial 9] Sharpe=0.0101 (folds: 0.3937, 0.2195, -0.3050, 0.0175, -0.2749)
    [trial 10] 48 features, training_days=280 | threshold=0.734 | labels: 1161 long, 1007 short (54/46%)
    [trial 10] Sharpe=0.1183 (folds: 0.3185, -0.0271, 0.1570, 0.1700, -0.0270)
    [trial 11] 48 features, training_days=280 | threshold=0.742 | labels: 1161 long, 1007 short (54/46%)
    [trial 11] Sharpe=0.0886 (folds: 0.2876, -0.0925, 0.1255, 0.1435, -0.0212)
    [trial 12] 48 features, training_days=190 | threshold=0.746 | labels: 1161 long, 1007 short (54/46%)
    [trial 12] Sharpe=0.1037 (folds: 0.3135, -0.0754, -0.0165, 0.1667, 0.1301)
    [trial 13] 48 features, training_days=290 | threshold=0.732 | labels: 1161 long, 1007 short (54/46%)
    [trial 13] Sharpe=0.1228 (folds: 0.3899, -0.0544, 0.1605, 0.1522, -0.0344)
    [trial 14] 48 features, training_days=140 | threshold=0.691 | labels: 1161 long, 1007 short (54/46%)
    [trial 14] Sharpe=0.0188 (folds: 0.3487, -0.1533, -0.2350, 0.1057, 0.0279)
    [trial 15] 48 features, training_days=340 | threshold=0.790 | labels: 1161 long, 1007 short (54/46%)
    [trial 15] Sharpe=-7.9755 (folds: 0.1225, -10.0000, -10.0000, -10.0000, -10.0000)
    [trial 16] 48 features, training_days=110 | threshold=0.686 | labels: 1161 long, 1007 short (54/46%)
    [trial 16] Sharpe=0.0070 (folds: 0.3053, -0.2466, -0.2448, 0.1858, 0.0352)
    [trial 17] 48 features, training_days=240 | threshold=0.786 | labels: 1161 long, 1007 short (54/46%)
    [trial 17] Sharpe=0.1202 (folds: 0.2131, -0.1059, 0.2158, 0.1409, 0.1369)
  Optuna: 18 trials, best Sharpe = 0.1243
  Best params: n_estimators=103, max_depth=5, lr=0.0675, leaves=52
  Best confidence_threshold: 0.811
  Best training_days: 240
  Retrained on full data (720 samples, 48 features)
  [ensemble 2/3] seed=123
    [trial 0] 48 features, training_days=150 | threshold=0.744 | labels: 1161 long, 1007 short (54/46%)
    [CV fold 0] train_end=2020-11-22 08:00 | val_start=2020-11-30 00:00 | gap=184h (22 rows)
    [CV fold 1] train_end=2021-03-22 16:00 | val_start=2021-03-30 08:00 | gap=184h (22 rows)
    [CV fold 2] train_end=2021-07-21 00:00 | val_start=2021-07-28 16:00 | gap=184h (22 rows)
    [CV fold 3] train_end=2021-11-18 08:00 | val_start=2021-11-26 00:00 | gap=184h (22 rows)
    [CV fold 4] train_end=2022-03-18 16:00 | val_start=2022-03-26 08:00 | gap=184h (22 rows)
    [trial 0] Sharpe=-0.0184 (folds: 0.2267, -0.2029, -0.2718, 0.2859, -0.1301)
    [trial 1] 48 features, training_days=220 | threshold=0.755 | labels: 1161 long, 1007 short (54/46%)
    [trial 1] Sharpe=0.0323 (folds: 0.4650, -0.1941, 0.2898, 0.0052, -0.4042)
    [trial 2] 48 features, training_days=310 | threshold=0.754 | labels: 1161 long, 1007 short (54/46%)
    [trial 2] Sharpe=0.0853 (folds: 0.3231, -0.1841, 0.2775, 0.0452, -0.0354)
    [trial 3] 48 features, training_days=220 | threshold=0.673 | labels: 1161 long, 1007 short (54/46%)
    [trial 3] Sharpe=0.1212 (folds: 0.3011, -0.0840, 0.1787, 0.0997, 0.1105)
    [trial 4] 48 features, training_days=130 | threshold=0.803 | labels: 1161 long, 1007 short (54/46%)
    [trial 4] Sharpe=0.0627 (folds: 0.2327, -0.1813, -0.0384, 0.2362, 0.0641)
    [trial 5] 48 features, training_days=210 | threshold=0.606 | labels: 1161 long, 1007 short (54/46%)
    [trial 5] Sharpe=0.1004 (folds: 0.1848, -0.0267, 0.1300, 0.1552, 0.0586)
    [trial 6] 48 features, training_days=130 | threshold=0.767 | labels: 1161 long, 1007 short (54/46%)
    [trial 6] Sharpe=0.0111 (folds: 0.2610, -0.1761, -0.2567, 0.1831, 0.0441)
    [trial 7] 48 features, training_days=80 | threshold=0.556 | labels: 1161 long, 1007 short (54/46%)
    [trial 7] Sharpe=0.0357 (folds: 0.2803, -0.0544, -0.1973, 0.2622, -0.1123)
    [trial 8] 48 features, training_days=200 | threshold=0.607 | labels: 1161 long, 1007 short (54/46%)
    [trial 8] Sharpe=0.0941 (folds: 0.3259, -0.0582, 0.0192, 0.0939, 0.0895)
    [trial 9] 48 features, training_days=260 | threshold=0.620 | labels: 1161 long, 1007 short (54/46%)
    [trial 9] Sharpe=0.0856 (folds: 0.2197, -0.1118, 0.2500, 0.0992, -0.0289)
    [trial 10] 48 features, training_days=470 | threshold=0.676 | labels: 1161 long, 1007 short (54/46%)
    [trial 10] Sharpe=0.0458 (folds: 0.2413, -0.1564, 0.2750, -0.0822, -0.0485)
    [trial 11] 48 features, training_days=360 | threshold=0.513 | labels: 1161 long, 1007 short (54/46%)
    [trial 11] Sharpe=0.0463 (folds: 0.1328, -0.0434, 0.2707, 0.0683, -0.1968)
    [trial 12] 48 features, training_days=20 | threshold=0.673 | labels: 1161 long, 1007 short (54/46%)
    [trial 12] Sharpe=-1.9289 (folds: 0.3937, 0.2195, -10.0000, 0.0175, -0.2749)
    [trial 13] 48 features, training_days=360 | threshold=0.668 | labels: 1161 long, 1007 short (54/46%)
    [trial 13] Sharpe=0.0648 (folds: 0.1738, -0.0747, 0.2562, 0.0975, -0.1287)
    [trial 14] 48 features, training_days=280 | threshold=0.606 | labels: 1161 long, 1007 short (54/46%)
    [trial 14] Sharpe=0.0661 (folds: 0.1531, -0.0786, 0.2090, 0.1857, -0.1386)
    [trial 15] 48 features, training_days=440 | threshold=0.705 | labels: 1161 long, 1007 short (54/46%)
    [trial 15] Sharpe=0.1059 (folds: 0.3272, -0.1148, 0.2890, 0.0359, -0.0081)
    [trial 16] 48 features, training_days=500 | threshold=0.704 | labels: 1161 long, 1007 short (54/46%)
    [trial 16] Sharpe=0.0951 (folds: 0.2720, -0.1028, 0.2769, 0.0014, 0.0282)
    [trial 17] 48 features, training_days=410 | threshold=0.828 | labels: 1161 long, 1007 short (54/46%)[I 2026-06-01 12:57:06,408] Trial 17 finished with value: 0.07497415682499771 and parameters: {'confidence_threshold': 0.8278557618575797, 'training_days': 410, 'n_estimators': 81, 'max_depth': 4, 'num_leaves': 45, 'learning_rate': 0.1926230277672984, 'subsample': 0.6270074572905617, 'colsample_bytree': 0.5225343572251958, 'min_child_samples': 49, 'reg_alpha': 4.601015253135745e-06, 'reg_lambda': 0.00029433365007660304}. Best is trial 3 with value: 0.12122304072366727.
[I 2026-06-01 12:57:06,559] A new study created in memory with name: no-name-86b3d74e-88be-4311-923c-4880eace28eb
[I 2026-06-01 12:57:06,771] Trial 0 finished with value: -0.024603997185927266 and parameters: {'confidence_threshold': 0.5870645682749857, 'training_days': 90, 'n_estimators': 403, 'max_depth': 5, 'num_leaves': 45, 'learning_rate': 0.0780457193679974, 'subsample': 0.9428509515574568, 'colsample_bytree': 0.8795587339164916, 'min_child_samples': 34, 'reg_alpha': 2.2465901234314442e-07, 'reg_lambda': 8.339007036475363e-05}. Best is trial 0 with value: -0.024603997185927266.
[I 2026-06-01 12:57:06,870] Trial 1 finished with value: 0.053708607377221364 and parameters: {'confidence_threshold': 0.6348453934275313, 'training_days': 290, 'n_estimators': 115, 'max_depth': 5, 'num_leaves': 37, 'learning_rate': 0.06949568759029946, 'subsample': 0.8228505074024268, 'colsample_bytree': 0.8616703220431751, 'min_child_samples': 75, 'reg_alpha': 4.2486822725010923e-07, 'reg_lambda': 1.157247767047042e-07}. Best is trial 1 with value: 0.053708607377221364.
[I 2026-06-01 12:57:06,890] Trial 2 finished with value: -0.037004748191824095 and parameters: {'confidence_threshold': 0.5849570384370288, 'training_days': 10, 'n_estimators': 212, 'max_depth': 3, 'num_leaves': 41, 'learning_rate': 0.18452095998378365, 'subsample': 0.6001060822924371, 'colsample_bytree': 0.5673167293506167, 'min_child_samples': 37, 'reg_alpha': 5.733250064217131, 'reg_lambda': 0.5308454292595461}. Best is trial 1 with value: 0.053708607377221364.
[I 2026-06-01 12:57:06,963] Trial 3 finished with value: 0.11654647491906087 and parameters: {'confidence_threshold': 0.6868248626683718, 'training_days': 220, 'n_estimators': 134, 'max_depth': 3, 'num_leaves': 45, 'learning_rate': 0.033529007907491595, 'subsample': 0.8647277071858408, 'colsample_bytree': 0.778494116634046, 'min_child_samples': 96, 'reg_alpha': 2.409409937265785e-07, 'reg_lambda': 1.1642073478060009}. Best is trial 3 with value: 0.11654647491906087.
[I 2026-06-01 12:57:07,042] Trial 4 finished with value: 0.08111988957596562 and parameters: {'confidence_threshold': 0.5623121348350352, 'training_days': 300, 'n_estimators': 69, 'max_depth': 4, 'num_leaves': 32, 'learning_rate': 0.14967629360700346, 'subsample': 0.5054535233636654, 'colsample_bytree': 0.7401385194659216, 'min_child_samples': 27, 'reg_alpha': 1.4212042567426725e-07, 'reg_lambda': 0.23605753701352003}. Best is trial 3 with value: 0.11654647491906087.
[I 2026-06-01 12:57:07,425] Trial 5 finished with value: 0.09361103256421328 and parameters: {'confidence_threshold': 0.7111850244908446, 'training_days': 490, 'n_estimators': 362, 'max_depth': 5, 'num_leaves': 40, 'learning_rate': 0.05960785724162737, 'subsample': 0.5589714368907717, 'colsample_bytree': 0.6659006943232806, 'min_child_samples': 42, 'reg_alpha': 0.6741360303045295, 'reg_lambda': 6.054601607143087e-08}. Best is trial 3 with value: 0.11654647491906087.
[I 2026-06-01 12:57:07,600] Trial 6 finished with value: 0.062458031554001314 and parameters: {'confidence_threshold': 0.667482545748023, 'training_days': 420, 'n_estimators': 279, 'max_depth': 3, 'num_leaves': 45, 'learning_rate': 0.040099592560849204, 'subsample': 0.8563114696415159, 'colsample_bytree': 0.5442917781944105, 'min_child_samples': 50, 'reg_alpha': 1.6407916423707903e-08, 'reg_lambda': 2.935907642973286e-05}. Best is trial 3 with value: 0.11654647491906087.
[I 2026-06-01 12:57:07,736] Trial 7 finished with value: 0.03797926366749253 and parameters: {'confidence_threshold': 0.5497381024139926, 'training_days': 120, 'n_estimators': 408, 'max_depth': 5, 'num_leaves': 38, 'learning_rate': 0.28049122657745795, 'subsample': 0.8806573338635493, 'colsample_bytree': 0.5454054113547102, 'min_child_samples': 63, 'reg_alpha': 0.01263008637940408, 'reg_lambda': 0.04588020805366937}. Best is trial 3 with value: 0.11654647491906087.
[I 2026-06-01 12:57:07,989] Trial 8 finished with value: 0.019008541981897296 and parameters: {'confidence_threshold': 0.719644804808716, 'training_days': 450, 'n_estimators': 410, 'max_depth': 4, 'num_leaves': 57, 'learning_rate': 0.04022026551478857, 'subsample': 0.5336085426932707, 'colsample_bytree': 0.5705742850577543, 'min_child_samples': 100, 'reg_alpha': 5.916398047912201e-07, 'reg_lambda': 0.9794034214488329}. Best is trial 3 with value: 0.11654647491906087.
[I 2026-06-01 12:57:08,009] Trial 9 finished with value: -1.928852602545529 and parameters: {'confidence_threshold': 0.7267463643917187, 'training_days': 20, 'n_estimators': 337, 'max_depth': 5, 'num_leaves': 23, 'learning_rate': 0.022153031811454605, 'subsample': 0.6305627572358737, 'colsample_bytree': 0.6613413774216214, 'min_child_samples': 81, 'reg_alpha': 5.7638634029410314e-08, 'reg_lambda': 8.26603016764008}. Best is trial 3 with value: 0.11654647491906087.
[I 2026-06-01 12:57:08,097] Trial 10 finished with value: -3.95970908883596 and parameters: {'confidence_threshold': 0.8283920119574972, 'training_days': 200, 'n_estimators': 181, 'max_depth': 3, 'num_leaves': 62, 'learning_rate': 0.011579281028220855, 'subsample': 0.7130289643560688, 'colsample_bytree': 0.9944479338273263, 'min_child_samples': 100, 'reg_alpha': 6.837313901272251e-05, 'reg_lambda': 0.0027253228209330924}. Best is trial 3 with value: 0.11654647491906087.
[I 2026-06-01 12:57:08,492] Trial 11 finished with value: 0.09654175155175726 and parameters: {'confidence_threshold': 0.7766282449189577, 'training_days': 370, 'n_estimators': 478, 'max_depth': 4, 'num_leaves': 51, 'learning_rate': 0.022523073393840902, 'subsample': 0.7459055835274097, 'colsample_bytree': 0.7148395505787478, 'min_child_samples': 49, 'reg_alpha': 9.443402751011643, 'reg_lambda': 2.313463030717144e-08}. Best is trial 3 with value: 0.11654647491906087.
[I 2026-06-01 12:57:08,845] Trial 12 finished with value: 0.08598089005906928 and parameters: {'confidence_threshold': 0.8016884727846801, 'training_days': 360, 'n_estimators': 490, 'max_depth': 4, 'num_leaves': 52, 'learning_rate': 0.01924681962976845, 'subsample': 0.7376180335274016, 'colsample_bytree': 0.7975929811950214, 'min_child_samples': 62, 'reg_alpha': 5.113460481149383e-05, 'reg_lambda': 2.3719127535290438e-06}. Best is trial 3 with value: 0.11654647491906087.
[I 2026-06-01 12:57:09,104] Trial 13 finished with value: 0.09677247985054264 and parameters: {'confidence_threshold': 0.7586389545742787, 'training_days': 210, 'n_estimators': 494, 'max_depth': 4, 'num_leaves': 52, 'learning_rate': 0.023468126747120118, 'subsample': 0.9755936541801561, 'colsample_bytree': 0.7070224016584752, 'min_child_samples': 78, 'reg_alpha': 0.008164906512916936, 'reg_lambda': 0.004344943341578826}. Best is trial 3 with value: 0.11654647491906087.
[I 2026-06-01 12:57:09,208] Trial 14 finished with value: 0.12826743063229845 and parameters: {'confidence_threshold': 0.7723320301796328, 'training_days': 210, 'n_estimators': 192, 'max_depth': 3, 'num_leaves': 17, 'learning_rate': 0.011686369082481836, 'subsample': 0.9938449549933169, 'colsample_bytree': 0.8196615034437331, 'min_child_samples': 85, 'reg_alpha': 0.001972445802088624, 'reg_lambda': 0.0038298446839400754}. Best is trial 14 with value: 0.12826743063229845.
[I 2026-06-01 12:57:09,299] Trial 15 finished with value: -5.938256468898507 and parameters: {'confidence_threshold': 0.8489100034738095, 'training_days': 180, 'n_estimators': 170, 'max_depth': 3, 'num_leaves': 16, 'learning_rate': 0.010002167823998476, 'subsample': 0.9954694329058789, 'colsample_bytree': 0.8283431670740264, 'min_child_samples': 89, 'reg_alpha': 6.501983032348578e-06, 'reg_lambda': 0.0026406526000485684}. Best is trial 14 with value: 0.12826743063229845.
[I 2026-06-01 12:57:09,433] Trial 16 finished with value: 0.04807426890500506 and parameters: {'confidence_threshold': 0.6565031430168125, 'training_days': 260, 'n_estimators': 239, 'max_depth': 3, 'num_leaves': 30, 'learning_rate': 0.016484647096883267, 'subsample': 0.9145118177960921, 'colsample_bytree': 0.9373223525891455, 'min_child_samples': 88, 'reg_alpha': 0.0034668021349783078, 'reg_lambda': 0.018404431921098783}. Best is trial 14 with value: 0.12826743063229845.
