[I 2026-06-01 13:03:54,139] Trial 17 finished with value: -0.20522177919325602 and parameters: {'confidence_threshold': 0.7873735958410488, 'training_days': 370, 'n_estimators': 443, 'max_depth': 3, 'num_leaves': 63, 'learning_rate': 0.026817067331372367, 'subsample': 0.727945113711327, 'colsample_bytree': 0.8410805723564942, 'min_child_samples': 64, 'reg_alpha': 0.0016652158126850868, 'reg_lambda': 0.0034145695644685345}. Best is trial 15 with value: 0.023891245874007642.

  [ensemble 3/3] seed=456
    [trial 0] 48 features, training_days=90 | threshold=0.587 | labels: 1241 long, 930 short (57/43%)
    [CV fold 0] train_end=2024-01-23 08:00 | val_start=2024-01-31 00:00 | gap=184h (22 rows)
    [CV fold 1] train_end=2024-05-22 16:00 | val_start=2024-05-30 08:00 | gap=184h (22 rows)
    [CV fold 2] train_end=2024-09-20 00:00 | val_start=2024-09-27 16:00 | gap=184h (22 rows)
    [CV fold 3] train_end=2025-01-18 08:00 | val_start=2025-01-26 00:00 | gap=184h (22 rows)
    [CV fold 4] train_end=2025-05-18 16:00 | val_start=2025-05-26 08:00 | gap=184h (22 rows)
    [trial 0] Sharpe=-0.0121 (folds: 0.0949, -0.0502, -0.0485, 0.0122, -0.0688)
    [trial 1] 48 features, training_days=290 | threshold=0.635 | labels: 1241 long, 930 short (57/43%)
    [trial 1] Sharpe=-0.1021 (folds: 0.2169, -0.2651, -0.1475, -0.0780, -0.2370)
    [trial 2] 48 features, training_days=10 | threshold=0.585 | labels: 1241 long, 930 short (57/43%)
    [trial 2] Sharpe=-0.0643 (folds: 0.2481, -0.0219, -0.4366, -0.0629, -0.0484)
    [trial 3] 48 features, training_days=220 | threshold=0.687 | labels: 1241 long, 930 short (57/43%)
    [trial 3] Sharpe=-0.2301 (folds: 0.0746, -0.2333, -0.1422, -0.2964, -0.5530)
    [trial 4] 48 features, training_days=300 | threshold=0.562 | labels: 1241 long, 930 short (57/43%)
    [trial 4] Sharpe=-0.1589 (folds: 0.1508, -0.2713, -0.2436, -0.2235, -0.2068)
    [trial 5] 48 features, training_days=490 | threshold=0.711 | labels: 1241 long, 930 short (57/43%)
    [trial 5] Sharpe=-0.1378 (folds: 0.0917, -0.2602, -0.1830, -0.1557, -0.1818)
    [trial 6] 48 features, training_days=420 | threshold=0.667 | labels: 1241 long, 930 short (57/43%)
    [trial 6] Sharpe=-0.1414 (folds: 0.0858, -0.2611, -0.2040, -0.0973, -0.2305)
    [trial 7] 48 features, training_days=120 | threshold=0.550 | labels: 1241 long, 930 short (57/43%)
    [trial 7] Sharpe=-0.0625 (folds: 0.0783, -0.0951, -0.0778, -0.0835, -0.1343)
    [trial 8] 48 features, training_days=450 | threshold=0.720 | labels: 1241 long, 930 short (57/43%)
    [trial 8] Sharpe=-0.1222 (folds: 0.0595, -0.2746, -0.1681, -0.0605, -0.1671)
    [trial 9] 48 features, training_days=20 | threshold=0.727 | labels: 1241 long, 930 short (57/43%)
    [trial 9] Sharpe=-0.1264 (folds: -0.1116, 0.0329, -0.4366, -0.0259, -0.0910)
    [trial 10] 48 features, training_days=130 | threshold=0.840 | labels: 1241 long, 930 short (57/43%)
    [trial 10] Sharpe=-0.0067 (folds: 0.1560, -0.0865, -0.1143, 0.0442, -0.0331)
    [trial 11] 48 features, training_days=140 | threshold=0.849 | labels: 1241 long, 930 short (57/43%)
    [trial 11] Sharpe=-0.0460 (folds: 0.0922, -0.1444, 0.0022, -0.0624, -0.1177)
    [trial 12] 48 features, training_days=120 | threshold=0.839 | labels: 1241 long, 930 short (57/43%)
    [trial 12] Sharpe=0.0200 (folds: 0.1863, -0.0800, 0.0098, -0.0213, 0.0053)
    [trial 13] 48 features, training_days=200 | threshold=0.848 | labels: 1241 long, 930 short (57/43%)
    [trial 13] Sharpe=-0.1330 (folds: 0.2102, -0.2000, -0.2329, -0.2942, -0.1479)
    [trial 14] 48 features, training_days=180 | threshold=0.790 | labels: 1241 long, 930 short (57/43%)
    [trial 14] Sharpe=-0.1483 (folds: 0.1461, -0.1942, -0.3973, 0.0073, -0.3035)
    [trial 15] 48 features, training_days=70 | threshold=0.783 | labels: 1241 long, 930 short (57/43%)
    [trial 15] Sharpe=0.0239 (folds: 0.0460, -0.0500, 0.0401, 0.0659, 0.0175)
    [trial 16] 48 features, training_days=60 | threshold=0.781 | labels: 1241 long, 930 short (57/43%)
    [trial 16] Sharpe=-0.0197 (folds: -0.0599, -0.1278, 0.0042, 0.0684, 0.0168)
    [trial 17] 48 features, training_days=370 | threshold=0.787 | labels: 1241 long, 930 short (57/43%)
    [trial 17] Sharpe=-0.2052 (folds: 0.1595, -0.2116, -0.1376, -0.1258, -0.7105)
  Optuna: 18 trials, best Sharpe = 0.0239
  Best params: n_estimators=442, max_depth=4, lr=0.0168, leaves=62
  Best confidence_threshold: 0.783
  Best training_days: 70
  Retrained on full data (210 samples, 48 features)
  OOD: 16 features, cutoff (q=0.7) = 9.75
  Model trained for 2025-10: 93 test candles with features, confidence_threshold=0.723
[trade:close] 2025-10-01 15:59 BTCUSDT SHORT → stop_loss @ 116457.64 | PnL=-1.93% (net -2.03%) | cum=-41.95% 2025-10=-2.03% 2025-10-01=-2.03%
[predict] 2025-10-03 08:00 BTCUSDT → SHORT (proba=0.79 TP=4.6%/SL=2.3%)
[trade:open] 2025-10-03 15:59 BTCUSDT SHORT @ 122238.50 | SL=125041.13 TP=116633.24 | timeout=2025-10-10 15:59
[trade:close] 2025-10-05 07:59 BTCUSDT SHORT → stop_loss @ 125041.13 | PnL=-2.29% (net -2.39%) | cum=-44.35% 2025-10=-4.42% 2025-10-05=-2.39%
[predict] 2025-10-06 00:00 BTCUSDT → SHORT (proba=0.83 TP=4.8%/SL=2.4%)
[trade:open] 2025-10-06 07:59 BTCUSDT SHORT @ 123332.30 | SL=126293.23 TP=117410.44 | timeout=2025-10-13 07:59
[trade:close] 2025-10-10 23:59 BTCUSDT SHORT → take_profit @ 117410.44 | PnL=+4.80% (net +4.70%) | cum=-39.65% 2025-10=+0.28% 2025-10-10=+4.70%
[predict] 2025-10-22 16:00 BTCUSDT → SHORT (proba=0.74 TP=8.6%/SL=4.3%)
[trade:open] 2025-10-22 23:59 BTCUSDT SHORT @ 107532.00 | SL=112133.46 TP=98329.08 | timeout=2025-10-29 23:59
[trade:close] 2025-10-26 15:59 BTCUSDT SHORT → stop_loss @ 112133.46 | PnL=-4.28% (net -4.38%) | cum=-44.02% 2025-10=-4.10% 2025-10-26=-4.38%
[predict] 2025-10-27 16:00 BTCUSDT → SHORT (proba=0.78 TP=5.8%/SL=2.9%)
[trade:open] 2025-10-27 23:59 BTCUSDT SHORT @ 114064.10 | SL=117366.78 TP=107458.74 | timeout=2025-11-03 23:59
[trade:close] 2025-10-30 15:59 BTCUSDT SHORT → take_profit @ 107458.74 | PnL=+5.79% (net +5.69%) | cum=-38.33% 2025-10=+1.59% 2025-10-30=+5.69%
[predict] 2025-10-31 08:00 BTCUSDT → SHORT (proba=0.92 TP=7.3%/SL=3.7%)
[trade:open] 2025-10-31 15:59 BTCUSDT SHORT @ 110160.10 | SL=114184.07 TP=102112.17 | timeout=2025-11-07 15:59
[lgbm] === Training for 2025-11 ===
  Train window: 2023-11-01 → 2025-10-24
  2171 training samples from 1 symbols
  Samples per month: 2023-11: 90, 2023-12: 93, 2024-01: 93, 2024-02: 87, 2024-03: 93, 2024-04: 90, 2024-05: 93, 2024-06: 90, 2024-07: 93, 2024-08: 93, 2024-09: 90, 2024-10: 93, 2024-11: 90, 2024-12: 93, 2025-01: 93, 2025-02: 84, 2025-03: 93, 2025-04: 90, 2025-05: 93, 2025-06: 90, 2025-07: 93, 2025-08: 93, 2025-09: 90, 2025-10: 71
  [label] 2024-01-01 16:00 BTCUSDT entry=44230.2000 → SHORT | long=sl(-3.17%) short=sl(-3.17%) | scanned=5 | no_tp→fwd_return=-2.7497
  [label] 2024-01-04 00:00 BTCUSDT entry=42775.0000 → LONG | long=tp(+9.95%) short=sl(-5.13%) | scanned=14 | long_tp_only
  [label] 2024-01-07 16:00 BTCUSDT entry=43916.9000 → LONG | long=tp(+7.91%) short=sl(-4.10%) | scanned=6 | long_tp_only
  [label] 2024-02-01 08:00 BTCUSDT entry=42500.1000 → LONG | long=timeout(+6.74%) short=sl(-3.63%) | scanned=22 | no_tp→fwd_return=+6.8381
  [label] 2024-03-25 00:00 BTCUSDT entry=66866.6000 → LONG | long=timeout(+4.04%) short=sl(-5.86%) | scanned=22 | no_tp→fwd_return=+4.1432
  [label] 2024-09-07 00:00 BTCUSDT entry=54258.1000 → LONG | long=tp(+9.67%) short=sl(-4.99%) | scanned=19 | long_tp_only
  [label] 2024-09-11 00:00 BTCUSDT entry=56675.1000 → LONG | long=timeout(+6.48%) short=sl(-4.34%) | scanned=22 | no_tp→fwd_return=+6.5789
  [label] 2024-09-21 16:00 BTCUSDT entry=63320.6000 → LONG | long=timeout(+3.85%) short=sl(-3.17%) | scanned=22 | no_tp→fwd_return=+3.9513
  [label] 2024-11-05 16:00 BTCUSDT entry=69353.1000 → LONG | long=tp(+7.11%) short=sl(-3.71%) | scanned=1 | long_tp_only
  [label] 2024-11-14 08:00 BTCUSDT entry=88000.0000 → LONG | long=timeout(+9.77%) short=sl(-6.31%) | scanned=22 | no_tp→fwd_return=+9.8682
  [label] 2025-02-12 16:00 BTCUSDT entry=97816.3000 → SHORT | long=sl(-3.69%) short=timeout(+1.15%) | scanned=22 | no_tp→fwd_return=-1.2455
  [label] 2025-03-16 16:00 BTCUSDT entry=82541.6000 → LONG | long=timeout(+4.14%) short=sl(-4.60%) | scanned=22 | no_tp→fwd_return=+4.2434
  [label] 2025-04-02 00:00 BTCUSDT entry=84389.8000 → SHORT | long=sl(-3.23%) short=sl(-3.23%) | scanned=4 | no_tp→fwd_return=-2.8297
  [label] 2025-04-14 16:00 BTCUSDT entry=84553.9000 → LONG | long=timeout(+3.34%) short=sl(-4.53%) | scanned=22 | no_tp→fwd_return=+3.4441
  [label] 2025-05-03 00:00 BTCUSDT entry=96290.8000 → LONG | long=sl(-2.65%) short=sl(-2.65%) | scanned=15 | no_tp→fwd_return=+3.0337[I 2026-06-01 13:03:54,917] A new study created in memory with name: no-name-1fcd73e8-cc58-4bd5-8efb-125ba2051f8d
[I 2026-06-01 13:03:55,243] Trial 0 finished with value: -0.14695325265736175 and parameters: {'confidence_threshold': 0.6310890415965769, 'training_days': 480, 'n_estimators': 380, 'max_depth': 4, 'num_leaves': 22, 'learning_rate': 0.01699897838270077, 'subsample': 0.5290418060840998, 'colsample_bytree': 0.9330880728874675, 'min_child_samples': 68, 'reg_alpha': 0.023585940584142682, 'reg_lambda': 1.5320059381854043e-08}. Best is trial 0 with value: -0.14695325265736175.
[I 2026-06-01 13:03:55,357] Trial 1 finished with value: -5.962331334486288 and parameters: {'confidence_threshold': 0.839468448256698, 'training_days': 420, 'n_estimators': 145, 'max_depth': 3, 'num_leaves': 23, 'learning_rate': 0.028145092716060652, 'subsample': 0.762378215816119, 'colsample_bytree': 0.7159725093210578, 'min_child_samples': 43, 'reg_alpha': 0.0032112643094417484, 'reg_lambda': 1.8007140198129195e-07}. Best is trial 0 with value: -0.14695325265736175.
[I 2026-06-01 13:03:55,493] Trial 2 finished with value: -0.13065769193242863 and parameters: {'confidence_threshold': 0.6022506269873263, 'training_days': 190, 'n_estimators': 255, 'max_depth': 5, 'num_leaves': 24, 'learning_rate': 0.05748924681991978, 'subsample': 0.7962072844310213, 'colsample_bytree': 0.5232252063599989, 'min_child_samples': 69, 'reg_alpha': 3.425445902633376e-07, 'reg_lambda': 3.850031979199519e-08}. Best is trial 2 with value: -0.13065769193242863.
[I 2026-06-01 13:03:55,742] Trial 3 finished with value: -0.20386419672720782 and parameters: {'confidence_threshold': 0.8321099380386666, 'training_days': 490, 'n_estimators': 414, 'max_depth': 3, 'num_leaves': 19, 'learning_rate': 0.1024932221692416, 'subsample': 0.7200762468698007, 'colsample_bytree': 0.5610191174223894, 'min_child_samples': 60, 'reg_alpha': 2.039373116525212e-08, 'reg_lambda': 1.527156759251193}. Best is trial 2 with value: -0.13065769193242863.
[I 2026-06-01 13:03:55,902] Trial 4 finished with value: -0.16211389826959233 and parameters: {'confidence_threshold': 0.5905729935600059, 'training_days': 340, 'n_estimators': 190, 'max_depth': 4, 'num_leaves': 41, 'learning_rate': 0.01875220945578641, 'subsample': 0.9847923138822793, 'colsample_bytree': 0.8875664116805573, 'min_child_samples': 96, 'reg_alpha': 1.1309571585271483, 'reg_lambda': 0.002404915432737351}. Best is trial 2 with value: -0.13065769193242863.
[I 2026-06-01 13:03:55,942] Trial 5 finished with value: -2.199853006807383 and parameters: {'confidence_threshold': 0.8226559822580909, 'training_days': 50, 'n_estimators': 138, 'max_depth': 3, 'num_leaves': 30, 'learning_rate': 0.03750796359625606, 'subsample': 0.6356745158869479, 'colsample_bytree': 0.9143687545759647, 'min_child_samples': 48, 'reg_alpha': 3.376063348877853e-06, 'reg_lambda': 0.0007660634613082914}. Best is trial 2 with value: -0.13065769193242863.
[I 2026-06-01 13:03:56,046] Trial 6 finished with value: -0.14104291033274952 and parameters: {'confidence_threshold': 0.5493234787411669, 'training_days': 410, 'n_estimators': 83, 'max_depth': 5, 'num_leaves': 52, 'learning_rate': 0.019657448966046126, 'subsample': 0.5027610585618012, 'colsample_bytree': 0.9077307142274171, 'min_child_samples': 77, 'reg_alpha': 0.03639690979811287, 'reg_lambda': 0.08738424135626986}. Best is trial 2 with value: -0.13065769193242863.
[I 2026-06-01 13:03:56,139] Trial 7 finished with value: -0.1323683675323813 and parameters: {'confidence_threshold': 0.5259156281069316, 'training_days': 180, 'n_estimators': 102, 'max_depth': 5, 'num_leaves': 45, 'learning_rate': 0.030816017044468066, 'subsample': 0.5317791751430119, 'colsample_bytree': 0.6554911608578311, 'min_child_samples': 46, 'reg_alpha': 0.036851536911881845, 'reg_lambda': 0.005470376807480391}. Best is trial 2 with value: -0.13065769193242863.
[I 2026-06-01 13:03:56,238] Trial 8 finished with value: -0.1282140101815923 and parameters: {'confidence_threshold': 0.8105244599017143, 'training_days': 240, 'n_estimators': 103, 'max_depth': 5, 'num_leaves': 52, 'learning_rate': 0.06746437142284309, 'subsample': 0.8854835899772805, 'colsample_bytree': 0.7468977981821954, 'min_child_samples': 62, 'reg_alpha': 7.04480806377519e-05, 'reg_lambda': 1.6934490731313353e-08}. Best is trial 8 with value: -0.1282140101815923.
[I 2026-06-01 13:03:56,261] Trial 9 finished with value: -2.061361894277594 and parameters: {'confidence_threshold': 0.5377619994476566, 'training_days': 20, 'n_estimators': 337, 'max_depth': 3, 'num_leaves': 39, 'learning_rate': 0.21907142272152816, 'subsample': 0.6246461145744375, 'colsample_bytree': 0.7051914615178149, 'min_child_samples': 81, 'reg_alpha': 1.1459970229341322e-06, 'reg_lambda': 4.929685216887945e-08}. Best is trial 8 with value: -0.1282140101815923.
[I 2026-06-01 13:03:56,819] Trial 10 finished with value: -0.1340820494590998 and parameters: {'confidence_threshold': 0.734042426776949, 'training_days': 280, 'n_estimators': 487, 'max_depth': 5, 'num_leaves': 62, 'learning_rate': 0.10432148521337849, 'subsample': 0.9416850669512905, 'colsample_bytree': 0.8120417635861826, 'min_child_samples': 27, 'reg_alpha': 7.238112263003475e-05, 'reg_lambda': 3.3639426888455256e-06}. Best is trial 8 with value: -0.1282140101815923.
[I 2026-06-01 13:03:56,942] Trial 11 finished with value: -0.06810086900536408 and parameters: {'confidence_threshold': 0.7064141682072129, 'training_days': 170, 'n_estimators': 245, 'max_depth': 5, 'num_leaves': 55, 'learning_rate': 0.070278144758503, 'subsample': 0.863624974073976, 'colsample_bytree': 0.5038432927256977, 'min_child_samples': 87, 'reg_alpha': 4.76478459329104e-08, 'reg_lambda': 7.868729181011707e-06}. Best is trial 11 with value: -0.06810086900536408.
[I 2026-06-01 13:03:57,046] Trial 12 finished with value: -0.052260897649226326 and parameters: {'confidence_threshold': 0.7237259162125326, 'training_days': 140, 'n_estimators': 280, 'max_depth': 4, 'num_leaves': 63, 'learning_rate': 0.08962717626942573, 'subsample': 0.8551998429125597, 'colsample_bytree': 0.5956944306901697, 'min_child_samples': 100, 'reg_alpha': 5.6535530920430964e-05, 'reg_lambda': 1.1190466847099739e-05}. Best is trial 12 with value: -0.052260897649226326.
[I 2026-06-01 13:03:57,145] Trial 13 finished with value: -0.007828259231815174 and parameters: {'confidence_threshold': 0.7147540260697856, 'training_days': 130, 'n_estimators': 258, 'max_depth': 4, 'num_leaves': 62, 'learning_rate': 0.1943028360961248, 'subsample': 0.8510829255929584, 'colsample_bytree': 0.6006483961025697, 'min_child_samples': 98, 'reg_alpha': 1.9256662618120963e-08, 'reg_lambda': 1.9311978801476145e-05}. Best is trial 13 with value: -0.007828259231815174.
[I 2026-06-01 13:03:57,226] Trial 14 finished with value: -0.011083782362392668 and parameters: {'confidence_threshold': 0.7534219751173105, 'training_days': 100, 'n_estimators': 311, 'max_depth': 4, 'num_leaves': 62, 'learning_rate': 0.2619483597250563, 'subsample': 0.8446045128759723, 'colsample_bytree': 0.6151107073931985, 'min_child_samples': 100, 'reg_alpha': 1.2280406137831398e-05, 'reg_lambda': 1.7915898828504024e-05}. Best is trial 13 with value: -0.007828259231815174.
[I 2026-06-01 13:03:57,303] Trial 15 finished with value: -0.06090373049461326 and parameters: {'confidence_threshold': 0.767613903308841, 'training_days': 90, 'n_estimators': 318, 'max_depth': 4, 'num_leaves': 57, 'learning_rate': 0.2945358272664763, 'subsample': 0.8174229241743176, 'colsample_bytree': 0.6290746674720268, 'min_child_samples': 90, 'reg_alpha': 2.492303987055042e-06, 'reg_lambda': 7.482879404932238e-05}. Best is trial 13 with value: -0.007828259231815174.
[I 2026-06-01 13:03:57,368] Trial 16 finished with value: -0.027397789787129246 and parameters: {'confidence_threshold': 0.6590218553734106, 'training_days': 100, 'n_estimators': 197, 'max_depth': 4, 'num_leaves': 59, 'learning_rate': 0.16906478698461613, 'subsample': 0.7094131888957373, 'colsample_bytree': 0.6662245429667588, 'min_child_samples': 99, 'reg_alpha': 1.005751507344205e-08, 'reg_lambda': 1.0175019183688724e-06}. Best is trial 13 with value: -0.007828259231815174.
[I 2026-06-01 13:03:57,666] Trial 17 finished with value: -0.15118805441309757 and parameters: {'confidence_threshold': 0.7790460804576542, 'training_days': 250, 'n_estimators': 417, 'max_depth': 4, 'num_leaves': 47, 'learning_rate': 0.010425658055299656, 'subsample': 0.9277017162527352, 'colsample_bytree': 0.9956385980717998, 'min_child_samples': 81, 'reg_alpha': 2.3995479519991656e-07, 'reg_lambda': 7.950243996051078e-05}. Best is trial 13 with value: -0.007828259231815174.
[I 2026-06-01 13:03:58,195] A new study created in memory with name: no-name-d21f59b0-3881-4da4-9391-ac9560390296
[I 2026-06-01 13:03:58,291] Trial 0 finished with value: -0.10204989928842263 and parameters: {'confidence_threshold': 0.7437642149592516, 'training_days': 150, 'n_estimators': 152, 'max_depth': 4, 'num_leaves': 50, 'learning_rate': 0.04216766425047743, 'subsample': 0.9903820991923078, 'colsample_bytree': 0.8424148692924316, 'min_child_samples': 58, 'reg_alpha': 3.381097259762742e-05, 'reg_lambda': 1.2263152961306247e-05}. Best is trial 0 with value: -0.10204989928842263.
[I 2026-06-01 13:03:58,358] Trial 1 finished with value: -4.051701688983418 and parameters: {'confidence_threshold': 0.7551673975844145, 'training_days': 220, 'n_estimators': 76, 'max_depth': 4, 'num_leaves': 51, 'learning_rate': 0.018602118810743477, 'subsample': 0.5877258780737462, 'colsample_bytree': 0.7657756869209191, 'min_child_samples': 63, 'reg_alpha': 0.005123994170264194, 'reg_lambda': 0.44145470178120466}. Best is trial 0 with value: -0.10204989928842263.
[I 2026-06-01 13:03:58,604] Trial 2 finished with value: -0.14835145608132863 and parameters: {'confidence_threshold': 0.7535593637012223, 'training_days': 310, 'n_estimators': 375, 'max_depth': 3, 'num_leaves': 32, 'learning_rate': 0.021735641882032388, 'subsample': 0.6468570231944146, 'colsample_bytree': 0.8154880619272439, 'min_child_samples': 27, 'reg_alpha': 8.004064028491336e-05, 'reg_lambda': 7.546835261630524e-05}. Best is trial 0 with value: -0.10204989928842263.
[I 2026-06-01 13:03:58,789] Trial 3 finished with value: -0.11644965810828403 and parameters: {'confidence_threshold': 0.6727897841776072, 'training_days': 220, 'n_estimators': 190, 'max_depth': 4, 'num_leaves': 58, 'learning_rate': 0.24810689332636193, 'subsample': 0.7509183379421682, 'colsample_bytree': 0.8119764758960556, 'min_child_samples': 29, 'reg_alpha': 7.1708285081421445e-06, 'reg_lambda': 5.412973582738627e-05}. Best is trial 0 with value: -0.10204989928842263.
[I 2026-06-01 13:03:58,920] Trial 4 finished with value: -0.05227720921774286 and parameters: {'confidence_threshold': 0.803208205259178, 'training_days': 130, 'n_estimators': 267, 'max_depth': 5, 'num_leaves': 40, 'learning_rate': 0.08041175317374143, 'subsample': 0.5603143329951619, 'colsample_bytree': 0.9131704002534167, 'min_child_samples': 68, 'reg_alpha': 0.0008046593428183385, 'reg_lambda': 1.2158346158765583e-05}. Best is trial 4 with value: -0.05227720921774286.
[I 2026-06-01 13:03:59,155] Trial 5 finished with value: -0.12348110589695924 and parameters: {'confidence_threshold': 0.6064422761595144, 'training_days': 210, 'n_estimators': 357, 'max_depth': 5, 'num_leaves': 40, 'learning_rate': 0.0974221287220869, 'subsample': 0.7929682762811064, 'colsample_bytree': 0.8124517510478, 'min_child_samples': 74, 'reg_alpha': 0.3811377260781234, 'reg_lambda': 5.607314238392041e-08}. Best is trial 4 with value: -0.05227720921774286.
[I 2026-06-01 13:03:59,264] Trial 6 finished with value: -0.033595697300868456 and parameters: {'confidence_threshold': 0.7672889945051684, 'training_days': 130, 'n_estimators': 137, 'max_depth': 4, 'num_leaves': 19, 'learning_rate': 0.2031117614248665, 'subsample': 0.8136244860256343, 'colsample_bytree': 0.8617081790949774, 'min_child_samples': 21, 'reg_alpha': 0.002238138278733199, 'reg_lambda': 0.001025809534977322}. Best is trial 6 with value: -0.033595697300868456.
[I 2026-06-01 13:03:59,329] Trial 7 finished with value: -0.06558020579444346 and parameters: {'confidence_threshold': 0.555635875450653, 'training_days': 80, 'n_estimators': 363, 'max_depth': 3, 'num_leaves': 48, 'learning_rate': 0.06590089024008658, 'subsample': 0.6944752870615722, 'colsample_bytree': 0.962566244806993, 'min_child_samples': 88, 'reg_alpha': 1.6465620446426067e-05, 'reg_lambda': 2.4678750890085655e-08}. Best is trial 6 with value: -0.033595697300868456.
[I 2026-06-01 13:03:59,657] Trial 8 finished with value: -0.15660855133619792 and parameters: {'confidence_threshold': 0.6066688256938841, 'training_days': 200, 'n_estimators': 367, 'max_depth': 5, 'num_leaves': 32, 'learning_rate': 0.13377519215934996, 'subsample': 0.7965884582811106, 'colsample_bytree': 0.8458508993500886, 'min_child_samples': 32, 'reg_alpha': 3.889436043816386e-05, 'reg_lambda': 1.4713062489380356e-06}. Best is trial 6 with value: -0.033595697300868456.
