[I 2026-06-01 12:58:02,447] Trial 7 finished with value: 0.04750663230081999 and parameters: {'confidence_threshold': 0.555635875450653, 'training_days': 80, 'n_estimators': 363, 'max_depth': 3, 'num_leaves': 48, 'learning_rate': 0.06590089024008658, 'subsample': 0.6944752870615722, 'colsample_bytree': 0.962566244806993, 'min_child_samples': 88, 'reg_alpha': 1.6465620446426067e-05, 'reg_lambda': 2.4678750890085655e-08}. Best is trial 7 with value: 0.04750663230081999.

  [label] 2021-12-08 16:00 BTCUSDT entry=50455.6100 → SHORT | long=sl(-7.07%) short=timeout(+3.04%) | scanned=22 | no_tp→fwd_return=-3.1416
  [label] 2021-12-12 16:00 BTCUSDT entry=50057.0100 → SHORT | long=sl(-5.84%) short=timeout(+6.67%) | scanned=22 | no_tp→fwd_return=-6.7690
  [label] 2021-12-23 08:00 BTCUSDT entry=48788.0000 → SHORT | long=sl(-4.43%) short=sl(-4.43%) | scanned=18 | no_tp→fwd_return=-1.7353
  [label] 2022-02-06 08:00 BTCUSDT entry=41494.9900 → LONG | long=tp(+9.34%) short=sl(-4.82%) | scanned=5 | long_tp_only
  [label] 2022-02-14 16:00 BTCUSDT entry=42525.1400 → SHORT | long=sl(-4.72%) short=sl(-4.72%) | scanned=9 | no_tp→fwd_return=-4.7817
  [label] 2022-05-16 00:00 BTCUSDT entry=29572.8000 → LONG | long=timeout(+2.86%) short=timeout(-3.06%) | scanned=22 | no_tp→fwd_return=+2.9551
  [label] 2022-06-17 00:00 BTCUSDT entry=21087.5000 → SHORT | long=sl(-12.18%) short=timeout(+0.77%) | scanned=22 | no_tp→fwd_return=-0.8707
  [label] 2022-07-03 00:00 BTCUSDT entry=19127.8000 → LONG | long=tp(+12.21%) short=sl(-6.25%) | scanned=14 | long_tp_only
  [label] 2022-07-15 16:00 BTCUSDT entry=20823.1000 → LONG | long=tp(+11.12%) short=sl(-5.71%) | scanned=11 | long_tp_only
  [label] 2022-08-03 08:00 BTCUSDT entry=23346.0000 → LONG | long=timeout(+2.63%) short=timeout(-2.83%) | scanned=22 | no_tp→fwd_return=+2.7311
  [label] 2022-08-09 16:00 BTCUSDT entry=23140.2000 → LONG | long=tp(+7.49%) short=sl(-3.89%) | scanned=5 | long_tp_only
  [label] 2022-08-22 00:00 BTCUSDT entry=21089.1000 → SHORT | long=sl(-4.64%) short=timeout(+5.61%) | scanned=22 | no_tp→fwd_return=-5.7082
  [label] 2022-09-30 08:00 BTCUSDT entry=19749.4000 → SHORT | long=timeout(-0.99%) short=timeout(+0.79%) | scanned=22 | no_tp→fwd_return=-0.8876
  [label] 2022-10-10 08:00 BTCUSDT entry=19261.7000 → SHORT | long=sl(-2.96%) short=tp(+5.62%) | scanned=9 | short_tp_only
  [label] 2023-01-04 08:00 BTCUSDT entry=16846.5000 → LONG | long=tp(+2.96%) short=sl(-1.63%) | scanned=16 | long_tp_only
  Labels: 1105 long (51.0%), 1063 short (49.0%) | weights: min=1.00, mean=3.34, max=10.00
  Features: 2168/2168 matched, 48 columns
  CV gap: 22 rows
  [ensemble 1/3] seed=42
    [trial 0] 48 features, training_days=480 | threshold=0.631 | labels: 1105 long, 1063 short (51/49%)
    [CV fold 0] train_end=2021-05-25 08:00 | val_start=2021-06-02 00:00 | gap=184h (22 rows)
    [CV fold 1] train_end=2021-09-22 16:00 | val_start=2021-09-30 08:00 | gap=184h (22 rows)
    [CV fold 2] train_end=2022-01-21 00:00 | val_start=2022-01-28 16:00 | gap=184h (22 rows)
    [CV fold 3] train_end=2022-05-21 08:00 | val_start=2022-05-29 00:00 | gap=184h (22 rows)
    [CV fold 4] train_end=2022-09-18 16:00 | val_start=2022-09-26 08:00 | gap=184h (22 rows)
    [trial 0] Sharpe=-0.0406 (folds: 0.0042, 0.1199, -0.2145, -0.0801, -0.0326)
    [trial 1] 48 features, training_days=420 | threshold=0.839 | labels: 1105 long, 1063 short (51/49%)
    [trial 1] Sharpe=-4.0496 (folds: 0.2276, -0.1565, -10.0000, -0.3188, -10.0000)
    [trial 2] 48 features, training_days=190 | threshold=0.602 | labels: 1105 long, 1063 short (51/49%)
    [trial 2] Sharpe=-0.1007 (folds: 0.0277, -0.0847, -0.2688, -0.0833, -0.0944)
    [trial 3] 48 features, training_days=490 | threshold=0.832 | labels: 1105 long, 1063 short (51/49%)
    [trial 3] Sharpe=-0.0653 (folds: 0.0999, -0.0113, -0.2153, -0.1364, -0.0634)
    [trial 4] 48 features, training_days=340 | threshold=0.591 | labels: 1105 long, 1063 short (51/49%)
    [trial 4] Sharpe=-0.0877 (folds: -0.0149, 0.1061, -0.3031, -0.0555, -0.1712)
    [trial 5] 48 features, training_days=50 | threshold=0.823 | labels: 1105 long, 1063 short (51/49%)
    [trial 5] Sharpe=0.0901 (folds: 0.2041, 0.2381, -0.0172, 0.0240, 0.0016)
    [trial 6] 48 features, training_days=410 | threshold=0.549 | labels: 1105 long, 1063 short (51/49%)
    [trial 6] Sharpe=-0.0614 (folds: -0.0156, 0.1024, -0.1654, -0.0547, -0.1736)
    [trial 7] 48 features, training_days=180 | threshold=0.526 | labels: 1105 long, 1063 short (51/49%)
    [trial 7] Sharpe=-0.0953 (folds: 0.0900, -0.0289, -0.3364, -0.0812, -0.1199)
    [trial 8] 48 features, training_days=240 | threshold=0.811 | labels: 1105 long, 1063 short (51/49%)
    [trial 8] Sharpe=-0.0691 (folds: 0.1602, -0.0282, -0.3415, 0.1514, -0.2877)
    [trial 9] 48 features, training_days=20 | threshold=0.538 | labels: 1105 long, 1063 short (51/49%)
    [trial 9] Sharpe=-0.0194 (folds: -0.1308, 0.0893, 0.0309, 0.0907, -0.1772)
    [trial 10] 48 features, training_days=10 | threshold=0.732 | labels: 1105 long, 1063 short (51/49%)
    [trial 10] Sharpe=-1.9933 (folds: -10.0000, 0.0893, 0.0309, 0.0907, -0.1772)
    [trial 11] 48 features, training_days=20 | threshold=0.715 | labels: 1105 long, 1063 short (51/49%)
    [trial 11] Sharpe=-0.0194 (folds: -0.1308, 0.0893, 0.0309, 0.0907, -0.1772)
    [trial 12] 48 features, training_days=90 | threshold=0.746 | labels: 1105 long, 1063 short (51/49%)
    [trial 12] Sharpe=0.0330 (folds: -0.1528, 0.3080, -0.0689, 0.0711, 0.0077)
    [trial 13] 48 features, training_days=110 | threshold=0.762 | labels: 1105 long, 1063 short (51/49%)
    [trial 13] Sharpe=0.0502 (folds: 0.0983, 0.3686, -0.2691, 0.1417, -0.0884)
    [trial 14] 48 features, training_days=120 | threshold=0.787 | labels: 1105 long, 1063 short (51/49%)
    [trial 14] Sharpe=-0.0197 (folds: 0.1173, 0.4378, -0.3025, -0.0172, -0.3339)
    [trial 15] 48 features, training_days=100 | threshold=0.773 | labels: 1105 long, 1063 short (51/49%)
    [trial 15] Sharpe=0.0889 (folds: 0.1310, 0.3393, -0.0427, 0.2435, -0.2268)
    [trial 16] 48 features, training_days=90 | threshold=0.676 | labels: 1105 long, 1063 short (51/49%)
    [trial 16] Sharpe=0.0902 (folds: 0.1820, 0.2252, 0.0329, 0.1214, -0.1106)
    [trial 17] 48 features, training_days=290 | threshold=0.676 | labels: 1105 long, 1063 short (51/49%)
    [trial 17] Sharpe=-0.0920 (folds: 0.0271, 0.0270, -0.2356, -0.0241, -0.2545)
  Optuna: 18 trials, best Sharpe = 0.0902
  Best params: n_estimators=161, max_depth=4, lr=0.0457, leaves=54
  Best confidence_threshold: 0.676
  Best training_days: 90
  Retrained on full data (270 samples, 48 features)
  [ensemble 2/3] seed=123
    [trial 0] 48 features, training_days=150 | threshold=0.744 | labels: 1105 long, 1063 short (51/49%)
    [CV fold 0] train_end=2021-05-25 08:00 | val_start=2021-06-02 00:00 | gap=184h (22 rows)
    [CV fold 1] train_end=2021-09-22 16:00 | val_start=2021-09-30 08:00 | gap=184h (22 rows)
    [CV fold 2] train_end=2022-01-21 00:00 | val_start=2022-01-28 16:00 | gap=184h (22 rows)
    [CV fold 3] train_end=2022-05-21 08:00 | val_start=2022-05-29 00:00 | gap=184h (22 rows)
    [CV fold 4] train_end=2022-09-18 16:00 | val_start=2022-09-26 08:00 | gap=184h (22 rows)
    [trial 0] Sharpe=-0.0792 (folds: 0.1293, 0.1637, -0.3556, -0.1857, -0.1478)
    [trial 1] 48 features, training_days=220 | threshold=0.755 | labels: 1105 long, 1063 short (51/49%)
    [trial 1] Sharpe=-0.1533 (folds: -0.0260, -0.2506, -0.4337, 0.4356, -0.4920)
    [trial 2] 48 features, training_days=310 | threshold=0.754 | labels: 1105 long, 1063 short (51/49%)
    [trial 2] Sharpe=-0.0374 (folds: 0.0980, 0.0527, -0.0356, -0.0430, -0.2590)
    [trial 3] 48 features, training_days=220 | threshold=0.673 | labels: 1105 long, 1063 short (51/49%)
    [trial 3] Sharpe=-0.1441 (folds: -0.0012, -0.1561, -0.3033, 0.0684, -0.3284)
    [trial 4] 48 features, training_days=130 | threshold=0.803 | labels: 1105 long, 1063 short (51/49%)
    [trial 4] Sharpe=-0.0113 (folds: 0.0760, 0.2933, -0.4157, -0.0253, 0.0151)
    [trial 5] 48 features, training_days=210 | threshold=0.606 | labels: 1105 long, 1063 short (51/49%)
    [trial 5] Sharpe=-0.0956 (folds: 0.0334, -0.0562, -0.3050, 0.0532, -0.2037)
    [trial 6] 48 features, training_days=130 | threshold=0.767 | labels: 1105 long, 1063 short (51/49%)
    [trial 6] Sharpe=-0.0286 (folds: 0.0327, 0.1490, -0.1407, -0.0634, -0.1203)
    [trial 7] 48 features, training_days=80 | threshold=0.556 | labels: 1105 long, 1063 short (51/49%)
    [trial 7] Sharpe=0.0475 (folds: 0.0855, 0.2000, 0.0181, -0.0734, 0.0074)
    [trial 8] 48 features, training_days=200 | threshold=0.607 | labels: 1105 long, 1063 short (51/49%)[I 2026-06-01 12:58:02,758] Trial 8 finished with value: -0.13427288346051625 and parameters: {'confidence_threshold': 0.6066688256938841, 'training_days': 200, 'n_estimators': 367, 'max_depth': 5, 'num_leaves': 32, 'learning_rate': 0.13377519215934996, 'subsample': 0.7965884582811106, 'colsample_bytree': 0.8458508993500886, 'min_child_samples': 32, 'reg_alpha': 3.889436043816386e-05, 'reg_lambda': 1.4713062489380356e-06}. Best is trial 7 with value: 0.04750663230081999.
[I 2026-06-01 12:58:02,962] Trial 9 finished with value: -0.07780103476259519 and parameters: {'confidence_threshold': 0.6202096049169137, 'training_days': 260, 'n_estimators': 350, 'max_depth': 3, 'num_leaves': 21, 'learning_rate': 0.02989540198065364, 'subsample': 0.8307821683331218, 'colsample_bytree': 0.923253112635361, 'min_child_samples': 64, 'reg_alpha': 0.4898604619604203, 'reg_lambda': 2.9076377687066166e-05}. Best is trial 7 with value: 0.04750663230081999.
[I 2026-06-01 12:58:02,995] Trial 10 finished with value: -0.019428972715096852 and parameters: {'confidence_threshold': 0.5248809389721337, 'training_days': 10, 'n_estimators': 493, 'max_depth': 3, 'num_leaves': 63, 'learning_rate': 0.010221918552934462, 'subsample': 0.667749445701178, 'colsample_bytree': 0.6202684210924141, 'min_child_samples': 99, 'reg_alpha': 1.3884210513841762e-08, 'reg_lambda': 0.02273343343290072}. Best is trial 7 with value: 0.04750663230081999.
[I 2026-06-01 12:58:03,233] Trial 11 finished with value: -0.03349004639560298 and parameters: {'confidence_threshold': 0.8371297552840329, 'training_days': 480, 'n_estimators': 262, 'max_depth': 5, 'num_leaves': 44, 'learning_rate': 0.07372430395837165, 'subsample': 0.508231293935378, 'colsample_bytree': 0.9864508096204552, 'min_child_samples': 90, 'reg_alpha': 2.5493772909886044e-07, 'reg_lambda': 1.0030982359513554e-08}. Best is trial 7 with value: 0.04750663230081999.
[I 2026-06-01 12:58:03,259] Trial 12 finished with value: -0.019428972715096852 and parameters: {'confidence_threshold': 0.5170417950991051, 'training_days': 10, 'n_estimators': 257, 'max_depth': 5, 'num_leaves': 33, 'learning_rate': 0.058010368762976855, 'subsample': 0.5261232538758528, 'colsample_bytree': 0.9722524044717222, 'min_child_samples': 82, 'reg_alpha': 0.009505264432762285, 'reg_lambda': 4.1917597734041396e-07}. Best is trial 7 with value: 0.04750663230081999.
[I 2026-06-01 12:58:03,440] Trial 13 finished with value: 0.07460045440175814 and parameters: {'confidence_threshold': 0.8203595759501172, 'training_days': 110, 'n_estimators': 475, 'max_depth': 3, 'num_leaves': 47, 'learning_rate': 0.1305743004594783, 'subsample': 0.6692276593280039, 'colsample_bytree': 0.6564540780078124, 'min_child_samples': 48, 'reg_alpha': 1.0060661308529223e-06, 'reg_lambda': 0.0030828115890163877}. Best is trial 13 with value: 0.07460045440175814.
[I 2026-06-01 12:58:03,566] Trial 14 finished with value: -0.005971365244014173 and parameters: {'confidence_threshold': 0.6968624890517784, 'training_days': 70, 'n_estimators': 492, 'max_depth': 3, 'num_leaves': 50, 'learning_rate': 0.1373951154450043, 'subsample': 0.7069527543913727, 'colsample_bytree': 0.6347607952757376, 'min_child_samples': 49, 'reg_alpha': 8.273681910932199e-07, 'reg_lambda': 0.0038081143008355752}. Best is trial 13 with value: 0.07460045440175814.
[I 2026-06-01 12:58:03,809] Trial 15 finished with value: -0.05922200288093012 and parameters: {'confidence_threshold': 0.5599043896728939, 'training_days': 320, 'n_estimators': 436, 'max_depth': 3, 'num_leaves': 56, 'learning_rate': 0.15180606860563364, 'subsample': 0.8966418548807951, 'colsample_bytree': 0.5093920150666754, 'min_child_samples': 46, 'reg_alpha': 5.011892081220446e-07, 'reg_lambda': 3.5532501480887757}. Best is trial 13 with value: 0.07460045440175814.
[I 2026-06-01 12:58:03,935] Trial 16 finished with value: 0.032210723126230696 and parameters: {'confidence_threshold': 0.6708968705265699, 'training_days': 80, 'n_estimators': 428, 'max_depth': 3, 'num_leaves': 46, 'learning_rate': 0.04383730292392055, 'subsample': 0.6259757956590382, 'colsample_bytree': 0.6775440438746345, 'min_child_samples': 43, 'reg_alpha': 1.0563135528401649e-08, 'reg_lambda': 0.13228843061046103}. Best is trial 13 with value: 0.07460045440175814.
[I 2026-06-01 12:58:04,010] Trial 17 finished with value: 0.012653695279458527 and parameters: {'confidence_threshold': 0.5617278450091161, 'training_days': 70, 'n_estimators': 429, 'max_depth': 4, 'num_leaves': 36, 'learning_rate': 0.11691186970230498, 'subsample': 0.7063502486083922, 'colsample_bytree': 0.699438795797602, 'min_child_samples': 82, 'reg_alpha': 4.116507707689404e-06, 'reg_lambda': 0.005307178876063852}. Best is trial 13 with value: 0.07460045440175814.
[I 2026-06-01 12:58:04,208] A new study created in memory with name: no-name-be8fefb6-956d-409f-a5cc-60478f76e2bf
[I 2026-06-01 12:58:04,412] Trial 0 finished with value: 0.024787258920277683 and parameters: {'confidence_threshold': 0.5870645682749857, 'training_days': 90, 'n_estimators': 403, 'max_depth': 5, 'num_leaves': 45, 'learning_rate': 0.0780457193679974, 'subsample': 0.9428509515574568, 'colsample_bytree': 0.8795587339164916, 'min_child_samples': 34, 'reg_alpha': 2.2465901234314442e-07, 'reg_lambda': 8.339007036475363e-05}. Best is trial 0 with value: 0.024787258920277683.
[I 2026-06-01 12:58:04,519] Trial 1 finished with value: -0.09207532605206992 and parameters: {'confidence_threshold': 0.6348453934275313, 'training_days': 290, 'n_estimators': 115, 'max_depth': 5, 'num_leaves': 37, 'learning_rate': 0.06949568759029946, 'subsample': 0.8228505074024268, 'colsample_bytree': 0.8616703220431751, 'min_child_samples': 75, 'reg_alpha': 4.2486822725010923e-07, 'reg_lambda': 1.157247767047042e-07}. Best is trial 0 with value: 0.024787258920277683.
[I 2026-06-01 12:58:04,536] Trial 2 finished with value: -0.019428972715096852 and parameters: {'confidence_threshold': 0.5849570384370288, 'training_days': 10, 'n_estimators': 212, 'max_depth': 3, 'num_leaves': 41, 'learning_rate': 0.18452095998378365, 'subsample': 0.6001060822924371, 'colsample_bytree': 0.5673167293506167, 'min_child_samples': 37, 'reg_alpha': 5.733250064217131, 'reg_lambda': 0.5308454292595461}. Best is trial 0 with value: 0.024787258920277683.
[I 2026-06-01 12:58:04,616] Trial 3 finished with value: -0.12524179433818744 and parameters: {'confidence_threshold': 0.6868248626683718, 'training_days': 220, 'n_estimators': 134, 'max_depth': 3, 'num_leaves': 45, 'learning_rate': 0.033529007907491595, 'subsample': 0.8647277071858408, 'colsample_bytree': 0.778494116634046, 'min_child_samples': 96, 'reg_alpha': 2.409409937265785e-07, 'reg_lambda': 1.1642073478060009}. Best is trial 0 with value: 0.024787258920277683.
[I 2026-06-01 12:58:04,702] Trial 4 finished with value: -0.1108904758322212 and parameters: {'confidence_threshold': 0.5623121348350352, 'training_days': 300, 'n_estimators': 69, 'max_depth': 4, 'num_leaves': 32, 'learning_rate': 0.14967629360700346, 'subsample': 0.5054535233636654, 'colsample_bytree': 0.7401385194659216, 'min_child_samples': 27, 'reg_alpha': 1.4212042567426725e-07, 'reg_lambda': 0.23605753701352003}. Best is trial 0 with value: 0.024787258920277683.
[I 2026-06-01 12:58:05,086] Trial 5 finished with value: -0.0783545123779988 and parameters: {'confidence_threshold': 0.7111850244908446, 'training_days': 490, 'n_estimators': 362, 'max_depth': 5, 'num_leaves': 40, 'learning_rate': 0.05960785724162737, 'subsample': 0.5589714368907717, 'colsample_bytree': 0.6659006943232806, 'min_child_samples': 42, 'reg_alpha': 0.6741360303045295, 'reg_lambda': 6.054601607143087e-08}. Best is trial 0 with value: 0.024787258920277683.
[I 2026-06-01 12:58:05,245] Trial 6 finished with value: -0.07423793685734754 and parameters: {'confidence_threshold': 0.667482545748023, 'training_days': 420, 'n_estimators': 279, 'max_depth': 3, 'num_leaves': 45, 'learning_rate': 0.040099592560849204, 'subsample': 0.8563114696415159, 'colsample_bytree': 0.5442917781944105, 'min_child_samples': 50, 'reg_alpha': 1.6407916423707903e-08, 'reg_lambda': 2.935907642973286e-05}. Best is trial 0 with value: 0.024787258920277683.
[I 2026-06-01 12:58:05,381] Trial 7 finished with value: -0.0045575816970767815 and parameters: {'confidence_threshold': 0.5497381024139926, 'training_days': 120, 'n_estimators': 408, 'max_depth': 5, 'num_leaves': 38, 'learning_rate': 0.28049122657745795, 'subsample': 0.8806573338635493, 'colsample_bytree': 0.5454054113547102, 'min_child_samples': 63, 'reg_alpha': 0.01263008637940408, 'reg_lambda': 0.04588020805366937}. Best is trial 0 with value: 0.024787258920277683.
[I 2026-06-01 12:58:05,638] Trial 8 finished with value: -0.08510163340939184 and parameters: {'confidence_threshold': 0.719644804808716, 'training_days': 450, 'n_estimators': 410, 'max_depth': 4, 'num_leaves': 57, 'learning_rate': 0.04022026551478857, 'subsample': 0.5336085426932707, 'colsample_bytree': 0.5705742850577543, 'min_child_samples': 100, 'reg_alpha': 5.916398047912201e-07, 'reg_lambda': 0.9794034214488329}. Best is trial 0 with value: 0.024787258920277683.
[I 2026-06-01 12:58:05,665] Trial 9 finished with value: -1.9839873844554425 and parameters: {'confidence_threshold': 0.7267463643917187, 'training_days': 20, 'n_estimators': 337, 'max_depth': 5, 'num_leaves': 23, 'learning_rate': 0.022153031811454605, 'subsample': 0.6305627572358737, 'colsample_bytree': 0.6613413774216214, 'min_child_samples': 81, 'reg_alpha': 5.7638634029410314e-08, 'reg_lambda': 8.26603016764008}. Best is trial 0 with value: 0.024787258920277683.
[I 2026-06-01 12:58:05,974] Trial 10 finished with value: 0.017330181886512593 and parameters: {'confidence_threshold': 0.8398533911817929, 'training_days': 130, 'n_estimators': 485, 'max_depth': 4, 'num_leaves': 62, 'learning_rate': 0.014251957942824738, 'subsample': 0.9901604570372973, 'colsample_bytree': 0.9944479338273263, 'min_child_samples': 23, 'reg_alpha': 6.837313901272251e-05, 'reg_lambda': 0.0006976939169966911}. Best is trial 0 with value: 0.024787258920277683.
[I 2026-06-01 12:58:06,296] Trial 11 finished with value: -0.06052782208430145 and parameters: {'confidence_threshold': 0.8491135887906174, 'training_days': 140, 'n_estimators': 478, 'max_depth': 4, 'num_leaves': 61, 'learning_rate': 0.010040680771315659, 'subsample': 0.9943448329854054, 'colsample_bytree': 0.9775347597655288, 'min_child_samples': 20, 'reg_alpha': 7.328612622954525e-05, 'reg_lambda': 0.0002767360651732308}. Best is trial 0 with value: 0.024787258920277683.
[I 2026-06-01 12:58:06,567] Trial 12 finished with value: 0.04964583301581219 and parameters: {'confidence_threshold': 0.83900033179092, 'training_days': 120, 'n_estimators': 490, 'max_depth': 4, 'num_leaves': 54, 'learning_rate': 0.010310812825333917, 'subsample': 0.9949021454548997, 'colsample_bytree': 0.9826583982594713, 'min_child_samples': 32, 'reg_alpha': 3.2356567490488907e-05, 'reg_lambda': 7.35834427504219e-06}. Best is trial 12 with value: 0.04964583301581219.
[I 2026-06-01 12:58:06,744] Trial 13 finished with value: -0.0028180227952308763 and parameters: {'confidence_threshold': 0.5040535938350955, 'training_days': 80, 'n_estimators': 497, 'max_depth': 4, 'num_leaves': 52, 'learning_rate': 0.10561030749654025, 'subsample': 0.7167465116351245, 'colsample_bytree': 0.8987697222250639, 'min_child_samples': 37, 'reg_alpha': 8.076430909539039e-06, 'reg_lambda': 4.1742585603347775e-06}. Best is trial 12 with value: 0.04964583301581219.
[I 2026-06-01 12:58:07,055] Trial 14 finished with value: -0.11297888442183286 and parameters: {'confidence_threshold': 0.7723320301796328, 'training_days': 210, 'n_estimators': 419, 'max_depth': 5, 'num_leaves': 51, 'learning_rate': 0.0210691650752431, 'subsample': 0.9294526207842858, 'colsample_bytree': 0.8938410767605052, 'min_child_samples': 54, 'reg_alpha': 0.0071529387925444755, 'reg_lambda': 1.9886829632959904e-06}. Best is trial 12 with value: 0.04964583301581219.
[I 2026-06-01 12:58:07,270] Trial 15 finished with value: -0.0933015874801853 and parameters: {'confidence_threshold': 0.6118100966604268, 'training_days': 180, 'n_estimators': 310, 'max_depth': 4, 'num_leaves': 52, 'learning_rate': 0.09876059752254504, 'subsample': 0.777815496142171, 'colsample_bytree': 0.8283431670740264, 'min_child_samples': 34, 'reg_alpha': 4.7783549780930786e-06, 'reg_lambda': 0.0026406526000485684}. Best is trial 12 with value: 0.04964583301581219.
[I 2026-06-01 12:58:07,349] Trial 16 finished with value: 0.0068971708299427805 and parameters: {'confidence_threshold': 0.7809712285122007, 'training_days': 70, 'n_estimators': 229, 'max_depth': 4, 'num_leaves': 29, 'learning_rate': 0.09325618440644227, 'subsample': 0.9472433443810231, 'colsample_bytree': 0.9373223525891455, 'min_child_samples': 48, 'reg_alpha': 0.0021590476326598246, 'reg_lambda': 2.0326812125715088e-05}. Best is trial 12 with value: 0.04964583301581219.
