[I 2026-06-01 13:02:43,949] Trial 11 finished with value: 0.06452453486882612 and parameters: {'confidence_threshold': 0.7615879655568232, 'training_days': 100, 'n_estimators': 496, 'max_depth': 3, 'num_leaves': 16, 'learning_rate': 0.10448448531784886, 'subsample': 0.6639587836397178, 'colsample_bytree': 0.5039870416163934, 'min_child_samples': 48, 'reg_alpha': 2.6854712383446556e-08, 'reg_lambda': 9.763153609723526}. Best is trial 5 with value: 0.10635557302138246.
[I 2026-06-01 13:02:44,070] Trial 12 finished with value: -0.02308882876806854 and parameters: {'confidence_threshold': 0.7295768943185144, 'training_days': 120, 'n_estimators': 216, 'max_depth': 3, 'num_leaves': 15, 'learning_rate': 0.2959628420607887, 'subsample': 0.6551512766854299, 'colsample_bytree': 0.8304278626461432, 'min_child_samples': 42, 'reg_alpha': 1.0591890956247148e-08, 'reg_lambda': 3.6085660531747657e-05}. Best is trial 5 with value: 0.10635557302138246.
[I 2026-06-01 13:02:44,308] Trial 13 finished with value: 0.057138161675960156 and parameters: {'confidence_threshold': 0.7725243002910354, 'training_days': 100, 'n_estimators': 500, 'max_depth': 3, 'num_leaves': 31, 'learning_rate': 0.09041131802083763, 'subsample': 0.6938517325178342, 'colsample_bytree': 0.8199433727435943, 'min_child_samples': 26, 'reg_alpha': 2.065644199421762e-06, 'reg_lambda': 8.269104214243404}. Best is trial 5 with value: 0.10635557302138246.
[I 2026-06-01 13:02:44,434] Trial 14 finished with value: -0.022215650099221055 and parameters: {'confidence_threshold': 0.6886092795855716, 'training_days': 80, 'n_estimators': 311, 'max_depth': 3, 'num_leaves': 30, 'learning_rate': 0.03458646774961807, 'subsample': 0.5874657612141081, 'colsample_bytree': 0.6196272842028331, 'min_child_samples': 36, 'reg_alpha': 1.1326844403006852e-07, 'reg_lambda': 0.08086831891997665}. Best is trial 5 with value: 0.10635557302138246.
[I 2026-06-01 13:02:44,686] Trial 15 finished with value: 0.031609023894391006 and parameters: {'confidence_threshold': 0.7726662910631253, 'training_days': 160, 'n_estimators': 427, 'max_depth': 4, 'num_leaves': 61, 'learning_rate': 0.011116006240813693, 'subsample': 0.8057732484457805, 'colsample_bytree': 0.8100744538922787, 'min_child_samples': 55, 'reg_alpha': 5.710902547355221e-06, 'reg_lambda': 0.00010079030010438331}. Best is trial 5 with value: 0.10635557302138246.
[I 2026-06-01 13:02:44,825] Trial 16 finished with value: -0.056665220989691366 and parameters: {'confidence_threshold': 0.7804801620132263, 'training_days': 270, 'n_estimators': 173, 'max_depth': 3, 'num_leaves': 16, 'learning_rate': 0.13925662003742165, 'subsample': 0.572989737474535, 'colsample_bytree': 0.9826162589395974, 'min_child_samples': 50, 'reg_alpha': 0.0003728785861091332, 'reg_lambda': 1.5949783981171654e-06}. Best is trial 5 with value: 0.10635557302138246.
[I 2026-06-01 13:02:44,930] Trial 17 finished with value: -0.0056198854065785285 and parameters: {'confidence_threshold': 0.717958655990226, 'training_days': 60, 'n_estimators': 257, 'max_depth': 4, 'num_leaves': 28, 'learning_rate': 0.043851439012794806, 'subsample': 0.6977080924048726, 'colsample_bytree': 0.6091330191487015, 'min_child_samples': 32, 'reg_alpha': 8.089339609894541e-08, 'reg_lambda': 0.2041475808495042}. Best is trial 5 with value: 0.10635557302138246.
[I 2026-06-01 13:02:45,336] A new study created in memory with name: no-name-df734f81-9baa-481a-a2d6-1312e8a8b78b

[predict] 2025-03-16 16:00 BTCUSDT → LONG (proba=0.70 TP=9.0%/SL=4.5%)
[trade:open] 2025-03-16 23:59 BTCUSDT LONG @ 82541.60 | SL=78827.81 TP=89969.18 | timeout=2025-03-23 23:59
[trade:close] 2025-03-24 00:00 BTCUSDT LONG → timeout @ 86044.10 | PnL=+4.24% (net +4.14%) | cum=+5.83% 2025-03=+4.14% 2025-03-24=+4.14%
[predict] 2025-03-25 00:00 BTCUSDT → SHORT (proba=0.79 TP=5.8%/SL=2.9%)
[trade:open] 2025-03-25 07:59 BTCUSDT SHORT @ 86404.40 | SL=88914.28 TP=81384.64 | timeout=2025-04-01 07:59
[trade:close] 2025-03-31 07:59 BTCUSDT SHORT → take_profit @ 81384.64 | PnL=+5.81% (net +5.71%) | cum=+11.54% 2025-03=+9.85% 2025-03-31=+5.71%
[lgbm] === Training for 2025-04 ===
  Train window: 2023-04-01 → 2025-03-24
  2171 training samples from 1 symbols
  Samples per month: 2023-04: 90, 2023-05: 93, 2023-06: 90, 2023-07: 93, 2023-08: 93, 2023-09: 90, 2023-10: 93, 2023-11: 90, 2023-12: 93, 2024-01: 93, 2024-02: 87, 2024-03: 93, 2024-04: 90, 2024-05: 93, 2024-06: 90, 2024-07: 93, 2024-08: 93, 2024-09: 90, 2024-10: 93, 2024-11: 90, 2024-12: 93, 2025-01: 93, 2025-02: 84, 2025-03: 71
  [label] 2023-06-01 16:00 BTCUSDT entry=26805.3000 → SHORT | long=sl(-3.12%) short=timeout(+1.09%) | scanned=22 | no_tp→fwd_return=-1.1916
  [label] 2023-06-04 00:00 BTCUSDT entry=27141.0000 → SHORT | long=sl(-2.67%) short=tp(+5.05%) | scanned=5 | short_tp_only
  [label] 2023-06-07 16:00 BTCUSDT entry=26325.9000 → SHORT | long=sl(-3.83%) short=timeout(+4.50%) | scanned=22 | no_tp→fwd_return=-4.5962
  [label] 2023-07-02 08:00 BTCUSDT entry=30491.4000 → SHORT | long=timeout(-0.61%) short=sl(-3.10%) | scanned=22 | no_tp→fwd_return=-0.5070
  [label] 2023-08-24 00:00 BTCUSDT entry=26460.7000 → LONG | long=tp(+5.35%) short=sl(-2.82%) | scanned=17 | long_tp_only
  [label] 2024-02-06 00:00 BTCUSDT entry=42870.0000 → LONG | long=tp(+5.34%) short=sl(-2.82%) | scanned=7 | long_tp_only
  [label] 2024-02-10 00:00 BTCUSDT entry=47130.5000 → LONG | long=tp(+5.93%) short=sl(-3.12%) | scanned=8 | long_tp_only
  [label] 2024-02-20 16:00 BTCUSDT entry=52297.4000 → LONG | long=sl(-3.41%) short=sl(-3.41%) | scanned=18 | no_tp→fwd_return=+4.2339
  [label] 2024-04-05 16:00 BTCUSDT entry=67825.7000 → SHORT | long=timeout(-1.12%) short=sl(-4.69%) | scanned=22 | no_tp→fwd_return=-1.0163
  [label] 2024-04-14 08:00 BTCUSDT entry=64163.3000 → LONG | long=sl(-6.41%) short=timeout(-1.43%) | scanned=22 | no_tp→fwd_return=+1.3274
  [label] 2024-07-13 16:00 BTCUSDT entry=59174.0000 → LONG | long=tp(+8.15%) short=sl(-4.22%) | scanned=6 | long_tp_only
  [label] 2024-08-14 16:00 BTCUSDT entry=58648.1000 → LONG | long=timeout(+4.11%) short=sl(-5.46%) | scanned=22 | no_tp→fwd_return=+4.2148
  [label] 2024-08-31 00:00 BTCUSDT entry=59060.8000 → SHORT | long=sl(-4.45%) short=tp(+8.59%) | scanned=19 | short_tp_only
  [label] 2024-09-12 16:00 BTCUSDT entry=58097.0000 → LONG | long=tp(+7.91%) short=sl(-4.11%) | scanned=20 | long_tp_only
  [label] 2024-10-01 00:00 BTCUSDT entry=64017.0000 → SHORT | long=sl(-2.74%) short=tp(+5.18%) | scanned=2 | short_tp_only
  [label] 2024-10-07 08:00 BTCUSDT entry=63620.0000 → SHORT | long=sl(-3.00%) short=tp(+5.70%) | scanned=10 | short_tp_only
  [label] 2024-10-19 16:00 BTCUSDT entry=68357.1000 → SHORT | long=sl(-2.60%) short=timeout(+1.78%) | scanned=22 | no_tp→fwd_return=-1.8803
  [label] 2024-11-28 08:00 BTCUSDT entry=95067.3000 → LONG | long=tp(+8.30%) short=sl(-4.30%) | scanned=20 | long_tp_only
  [label] 2024-12-08 00:00 BTCUSDT entry=99741.5000 → LONG | long=sl(-4.48%) short=timeout(-2.04%) | scanned=22 | no_tp→fwd_return=+1.9354
  [label] 2025-03-04 08:00 BTCUSDT entry=82945.0000 → SHORT | long=sl(-7.74%) short=sl(-7.74%) | scanned=20 | no_tp→fwd_return=-3.0852
  Labels: 1182 long (54.4%), 989 short (45.6%) | weights: min=1.00, mean=3.49, max=10.00
  Features: 2171/2171 matched, 48 columns
  CV gap: 22 rows
  [ensemble 1/3] seed=42
    [trial 0] 48 features, training_days=480 | threshold=0.631 | labels: 1182 long, 989 short (54/46%)
    [CV fold 0] train_end=2023-07-24 08:00 | val_start=2023-08-01 00:00 | gap=184h (22 rows)
    [CV fold 1] train_end=2023-11-21 16:00 | val_start=2023-11-29 08:00 | gap=184h (22 rows)
    [CV fold 2] train_end=2024-03-21 00:00 | val_start=2024-03-28 16:00 | gap=184h (22 rows)
    [CV fold 3] train_end=2024-07-19 08:00 | val_start=2024-07-27 00:00 | gap=184h (22 rows)
    [CV fold 4] train_end=2024-11-16 16:00 | val_start=2024-11-24 08:00 | gap=184h (22 rows)
    [trial 0] Sharpe=-0.0538 (folds: -0.0385, -0.0823, 0.0915, 0.0979, -0.3375)
    [trial 1] 48 features, training_days=420 | threshold=0.839 | labels: 1182 long, 989 short (54/46%)
    [trial 1] Sharpe=-4.1351 (folds: 0.0616, -0.5882, -0.1487, -10.0000, -10.0000)
    [trial 2] 48 features, training_days=190 | threshold=0.602 | labels: 1182 long, 989 short (54/46%)
    [trial 2] Sharpe=-0.0453 (folds: 0.0015, 0.1114, -0.0485, -0.0672, -0.2236)
    [trial 3] 48 features, training_days=490 | threshold=0.832 | labels: 1182 long, 989 short (54/46%)
    [trial 3] Sharpe=-0.0006 (folds: 0.0136, 0.0221, -0.0328, 0.1273, -0.1331)
    [trial 4] 48 features, training_days=340 | threshold=0.591 | labels: 1182 long, 989 short (54/46%)
    [trial 4] Sharpe=-0.0383 (folds: 0.0266, 0.0419, 0.0104, -0.0051, -0.2653)
    [trial 5] 48 features, training_days=50 | threshold=0.823 | labels: 1182 long, 989 short (54/46%)
    [trial 5] Sharpe=0.1064 (folds: 0.3748, 0.3830, -0.1179, 0.0940, -0.2020)
    [trial 6] 48 features, training_days=410 | threshold=0.549 | labels: 1182 long, 989 short (54/46%)
    [trial 6] Sharpe=-0.0186 (folds: 0.0258, -0.0349, 0.0194, 0.0039, -0.1073)
    [trial 7] 48 features, training_days=180 | threshold=0.526 | labels: 1182 long, 989 short (54/46%)
    [trial 7] Sharpe=-0.0304 (folds: -0.0259, 0.1153, 0.0013, -0.0424, -0.2002)
    [trial 8] 48 features, training_days=240 | threshold=0.811 | labels: 1182 long, 989 short (54/46%)
    [trial 8] Sharpe=-0.0771 (folds: -0.0058, -0.0364, -0.0104, 0.0772, -0.4099)
    [trial 9] 48 features, training_days=20 | threshold=0.538 | labels: 1182 long, 989 short (54/46%)
    [trial 9] Sharpe=-2.0776 (folds: -0.4813, -10.0000, 0.0241, 0.1607, -0.0918)
    [trial 10] 48 features, training_days=10 | threshold=0.732 | labels: 1182 long, 989 short (54/46%)
    [trial 10] Sharpe=-0.0172 (folds: -0.4813, 0.3020, 0.0241, 0.1607, -0.0918)
    [trial 11] 48 features, training_days=100 | threshold=0.762 | labels: 1182 long, 989 short (54/46%)
    [trial 11] Sharpe=0.0645 (folds: 0.0434, 0.1949, 0.0199, 0.1991, -0.1346)
    [trial 12] 48 features, training_days=120 | threshold=0.730 | labels: 1182 long, 989 short (54/46%)
    [trial 12] Sharpe=-0.0231 (folds: -0.0163, 0.0896, -0.0203, 0.0132, -0.1816)
    [trial 13] 48 features, training_days=100 | threshold=0.773 | labels: 1182 long, 989 short (54/46%)
    [trial 13] Sharpe=0.0571 (folds: 0.0595, 0.2209, 0.0234, 0.1507, -0.1687)
    [trial 14] 48 features, training_days=80 | threshold=0.689 | labels: 1182 long, 989 short (54/46%)
    [trial 14] Sharpe=-0.0222 (folds: -0.1485, 0.2173, -0.0368, 0.0806, -0.2236)
    [trial 15] 48 features, training_days=160 | threshold=0.773 | labels: 1182 long, 989 short (54/46%)
    [trial 15] Sharpe=0.0316 (folds: -0.0066, 0.2047, 0.0234, -0.0029, -0.0606)
    [trial 16] 48 features, training_days=270 | threshold=0.780 | labels: 1182 long, 989 short (54/46%)
    [trial 16] Sharpe=-0.0567 (folds: -0.0195, -0.0622, -0.0658, 0.0692, -0.2050)
    [trial 17] 48 features, training_days=60 | threshold=0.718 | labels: 1182 long, 989 short (54/46%)
    [trial 17] Sharpe=-0.0056 (folds: -0.0920, 0.2718, 0.0175, 0.0816, -0.3069)
  Optuna: 18 trials, best Sharpe = 0.1064
  Best params: n_estimators=138, max_depth=3, lr=0.0375, leaves=30
  Best confidence_threshold: 0.823
  Best training_days: 50
  Retrained on full data (150 samples, 48 features)
  [ensemble 2/3] seed=123
    [trial 0] 48 features, training_days=150 | threshold=0.744 | labels: 1182 long, 989 short (54/46%)
    [CV fold 0] train_end=2023-07-24 08:00 | val_start=2023-08-01 00:00 | gap=184h (22 rows)
    [CV fold 1] train_end=2023-11-21 16:00 | val_start=2023-11-29 08:00 | gap=184h (22 rows)[I 2026-06-01 13:02:45,423] Trial 0 finished with value: -0.0019541100381533115 and parameters: {'confidence_threshold': 0.7437642149592516, 'training_days': 150, 'n_estimators': 152, 'max_depth': 4, 'num_leaves': 50, 'learning_rate': 0.04216766425047743, 'subsample': 0.9903820991923078, 'colsample_bytree': 0.8424148692924316, 'min_child_samples': 58, 'reg_alpha': 3.381097259762742e-05, 'reg_lambda': 1.2263152961306247e-05}. Best is trial 0 with value: -0.0019541100381533115.
[I 2026-06-01 13:02:45,496] Trial 1 finished with value: -2.076209565526712 and parameters: {'confidence_threshold': 0.7551673975844145, 'training_days': 220, 'n_estimators': 76, 'max_depth': 4, 'num_leaves': 51, 'learning_rate': 0.018602118810743477, 'subsample': 0.5877258780737462, 'colsample_bytree': 0.7657756869209191, 'min_child_samples': 63, 'reg_alpha': 0.005123994170264194, 'reg_lambda': 0.44145470178120466}. Best is trial 0 with value: -0.0019541100381533115.
[I 2026-06-01 13:02:45,775] Trial 2 finished with value: -0.03206001480537034 and parameters: {'confidence_threshold': 0.7535593637012223, 'training_days': 310, 'n_estimators': 375, 'max_depth': 3, 'num_leaves': 32, 'learning_rate': 0.021735641882032388, 'subsample': 0.6468570231944146, 'colsample_bytree': 0.8154880619272439, 'min_child_samples': 27, 'reg_alpha': 8.004064028491336e-05, 'reg_lambda': 7.546835261630524e-05}. Best is trial 0 with value: -0.0019541100381533115.
[I 2026-06-01 13:02:45,945] Trial 3 finished with value: -0.020001098540603758 and parameters: {'confidence_threshold': 0.6727897841776072, 'training_days': 220, 'n_estimators': 190, 'max_depth': 4, 'num_leaves': 58, 'learning_rate': 0.24810689332636193, 'subsample': 0.7509183379421682, 'colsample_bytree': 0.8119764758960556, 'min_child_samples': 29, 'reg_alpha': 7.1708285081421445e-06, 'reg_lambda': 5.412973582738627e-05}. Best is trial 0 with value: -0.0019541100381533115.
[I 2026-06-01 13:02:46,060] Trial 4 finished with value: -0.036426925530329064 and parameters: {'confidence_threshold': 0.803208205259178, 'training_days': 130, 'n_estimators': 267, 'max_depth': 5, 'num_leaves': 40, 'learning_rate': 0.08041175317374143, 'subsample': 0.5603143329951619, 'colsample_bytree': 0.9131704002534167, 'min_child_samples': 68, 'reg_alpha': 0.0008046593428183385, 'reg_lambda': 1.2158346158765583e-05}. Best is trial 0 with value: -0.0019541100381533115.
[I 2026-06-01 13:02:46,278] Trial 5 finished with value: -0.06882772667617494 and parameters: {'confidence_threshold': 0.6064422761595144, 'training_days': 210, 'n_estimators': 357, 'max_depth': 5, 'num_leaves': 40, 'learning_rate': 0.0974221287220869, 'subsample': 0.7929682762811064, 'colsample_bytree': 0.8124517510478, 'min_child_samples': 74, 'reg_alpha': 0.3811377260781234, 'reg_lambda': 5.607314238392041e-08}. Best is trial 0 with value: -0.0019541100381533115.
[I 2026-06-01 13:02:46,375] Trial 6 finished with value: -0.02176511270733227 and parameters: {'confidence_threshold': 0.7672889945051684, 'training_days': 130, 'n_estimators': 137, 'max_depth': 4, 'num_leaves': 19, 'learning_rate': 0.2031117614248665, 'subsample': 0.8136244860256343, 'colsample_bytree': 0.8617081790949774, 'min_child_samples': 21, 'reg_alpha': 0.002238138278733199, 'reg_lambda': 0.001025809534977322}. Best is trial 0 with value: -0.0019541100381533115.
[I 2026-06-01 13:02:46,447] Trial 7 finished with value: 0.007301858621661106 and parameters: {'confidence_threshold': 0.555635875450653, 'training_days': 80, 'n_estimators': 363, 'max_depth': 3, 'num_leaves': 48, 'learning_rate': 0.06590089024008658, 'subsample': 0.6944752870615722, 'colsample_bytree': 0.962566244806993, 'min_child_samples': 88, 'reg_alpha': 1.6465620446426067e-05, 'reg_lambda': 2.4678750890085655e-08}. Best is trial 7 with value: 0.007301858621661106.
[I 2026-06-01 13:02:46,800] Trial 8 finished with value: -0.004580554279348242 and parameters: {'confidence_threshold': 0.6066688256938841, 'training_days': 200, 'n_estimators': 367, 'max_depth': 5, 'num_leaves': 32, 'learning_rate': 0.13377519215934996, 'subsample': 0.7965884582811106, 'colsample_bytree': 0.8458508993500886, 'min_child_samples': 32, 'reg_alpha': 3.889436043816386e-05, 'reg_lambda': 1.4713062489380356e-06}. Best is trial 7 with value: 0.007301858621661106.
[I 2026-06-01 13:02:47,030] Trial 9 finished with value: -0.11276650116015854 and parameters: {'confidence_threshold': 0.6202096049169137, 'training_days': 260, 'n_estimators': 350, 'max_depth': 3, 'num_leaves': 21, 'learning_rate': 0.02989540198065364, 'subsample': 0.8307821683331218, 'colsample_bytree': 0.923253112635361, 'min_child_samples': 64, 'reg_alpha': 0.4898604619604203, 'reg_lambda': 2.9076377687066166e-05}. Best is trial 7 with value: 0.007301858621661106.
[I 2026-06-01 13:02:47,069] Trial 10 finished with value: -0.01724768072803169 and parameters: {'confidence_threshold': 0.5248809389721337, 'training_days': 10, 'n_estimators': 493, 'max_depth': 3, 'num_leaves': 63, 'learning_rate': 0.010221918552934462, 'subsample': 0.667749445701178, 'colsample_bytree': 0.6202684210924141, 'min_child_samples': 99, 'reg_alpha': 1.3884210513841762e-08, 'reg_lambda': 0.02273343343290072}. Best is trial 7 with value: 0.007301858621661106.
[I 2026-06-01 13:02:47,248] Trial 11 finished with value: -0.0683113154366789 and parameters: {'confidence_threshold': 0.5077463503498806, 'training_days': 480, 'n_estimators': 245, 'max_depth': 3, 'num_leaves': 49, 'learning_rate': 0.047907454503262954, 'subsample': 0.9939949979825393, 'colsample_bytree': 0.9864508096204552, 'min_child_samples': 89, 'reg_alpha': 6.406297885587639e-07, 'reg_lambda': 1.0031010917688901e-08}. Best is trial 7 with value: 0.007301858621661106.
[I 2026-06-01 13:02:47,279] Trial 12 finished with value: -0.01724768072803169 and parameters: {'confidence_threshold': 0.66034247783242, 'training_days': 10, 'n_estimators': 459, 'max_depth': 4, 'num_leaves': 48, 'learning_rate': 0.046905974008408464, 'subsample': 0.9918302937157114, 'colsample_bytree': 0.6669454130036883, 'min_child_samples': 47, 'reg_alpha': 5.828909593622513e-07, 'reg_lambda': 4.2084308291483265e-07}. Best is trial 7 with value: 0.007301858621661106.
[I 2026-06-01 13:02:47,326] Trial 13 finished with value: 0.03236775782814177 and parameters: {'confidence_threshold': 0.7129257884245761, 'training_days': 120, 'n_estimators': 53, 'max_depth': 3, 'num_leaves': 55, 'learning_rate': 0.06910557097515196, 'subsample': 0.9227064439647955, 'colsample_bytree': 0.5443982906148261, 'min_child_samples': 47, 'reg_alpha': 2.026620404672971e-06, 'reg_lambda': 0.0031247055541074147}. Best is trial 13 with value: 0.03236775782814177.
[I 2026-06-01 13:02:47,367] Trial 14 finished with value: 0.0006600524475236069 and parameters: {'confidence_threshold': 0.5626259740358373, 'training_days': 70, 'n_estimators': 60, 'max_depth': 3, 'num_leaves': 56, 'learning_rate': 0.0800055167729914, 'subsample': 0.9029371036317264, 'colsample_bytree': 0.5034139861451107, 'min_child_samples': 44, 'reg_alpha': 1.0022500260682206e-08, 'reg_lambda': 0.0038081143008355752}. Best is trial 13 with value: 0.03236775782814177.
[I 2026-06-01 13:02:47,598] Trial 15 finished with value: -0.0859767418140055 and parameters: {'confidence_threshold': 0.7070374455443044, 'training_days': 320, 'n_estimators': 436, 'max_depth': 3, 'num_leaves': 43, 'learning_rate': 0.12629851654307794, 'subsample': 0.6761183949002001, 'colsample_bytree': 0.5093920150666754, 'min_child_samples': 84, 'reg_alpha': 5.011892081220446e-07, 'reg_lambda': 3.5532501480887757}. Best is trial 13 with value: 0.03236775782814177.
[I 2026-06-01 13:02:47,720] Trial 16 finished with value: -0.058919133811063965 and parameters: {'confidence_threshold': 0.8218356327948213, 'training_days': 80, 'n_estimators': 304, 'max_depth': 3, 'num_leaves': 63, 'learning_rate': 0.0662624965928644, 'subsample': 0.5026339332325482, 'colsample_bytree': 0.6751292166711489, 'min_child_samples': 48, 'reg_alpha': 0.01740179167334302, 'reg_lambda': 0.1334975841194959}. Best is trial 13 with value: 0.03236775782814177.
[I 2026-06-01 13:02:47,778] Trial 17 finished with value: 0.036495800690265395 and parameters: {'confidence_threshold': 0.5617278450091161, 'training_days': 70, 'n_estimators': 223, 'max_depth': 3, 'num_leaves': 33, 'learning_rate': 0.16091213482876748, 'subsample': 0.8952300823478766, 'colsample_bytree': 0.5627312450987496, 'min_child_samples': 82, 'reg_alpha': 7.284070645541434, 'reg_lambda': 0.005365335080286266}. Best is trial 17 with value: 0.036495800690265395.
[I 2026-06-01 13:02:48,179] A new study created in memory with name: no-name-4dfdb05e-ffac-42a9-89d5-60813b809ab8
[I 2026-06-01 13:02:48,399] Trial 0 finished with value: -0.022010074311293988 and parameters: {'confidence_threshold': 0.5870645682749857, 'training_days': 90, 'n_estimators': 403, 'max_depth': 5, 'num_leaves': 45, 'learning_rate': 0.0780457193679974, 'subsample': 0.9428509515574568, 'colsample_bytree': 0.8795587339164916, 'min_child_samples': 34, 'reg_alpha': 2.2465901234314442e-07, 'reg_lambda': 8.339007036475363e-05}. Best is trial 0 with value: -0.022010074311293988.
[I 2026-06-01 13:02:48,508] Trial 1 finished with value: -0.11665080684788846 and parameters: {'confidence_threshold': 0.6348453934275313, 'training_days': 290, 'n_estimators': 115, 'max_depth': 5, 'num_leaves': 37, 'learning_rate': 0.06949568759029946, 'subsample': 0.8228505074024268, 'colsample_bytree': 0.8616703220431751, 'min_child_samples': 75, 'reg_alpha': 4.2486822725010923e-07, 'reg_lambda': 1.157247767047042e-07}. Best is trial 0 with value: -0.022010074311293988.
[I 2026-06-01 13:02:48,531] Trial 2 finished with value: -0.01724768072803169 and parameters: {'confidence_threshold': 0.5849570384370288, 'training_days': 10, 'n_estimators': 212, 'max_depth': 3, 'num_leaves': 41, 'learning_rate': 0.18452095998378365, 'subsample': 0.6001060822924371, 'colsample_bytree': 0.5673167293506167, 'min_child_samples': 37, 'reg_alpha': 5.733250064217131, 'reg_lambda': 0.5308454292595461}. Best is trial 2 with value: -0.01724768072803169.
