[I 2026-06-01 12:58:11,994] Trial 5 finished with value: -0.09355825883574469 and parameters: {'confidence_threshold': 0.6064422761595144, 'training_days': 210, 'n_estimators': 357, 'max_depth': 5, 'num_leaves': 40, 'learning_rate': 0.0974221287220869, 'subsample': 0.7929682762811064, 'colsample_bytree': 0.8124517510478, 'min_child_samples': 74, 'reg_alpha': 0.3811377260781234, 'reg_lambda': 5.607314238392041e-08}. Best is trial 5 with value: -0.09355825883574469.

  [label] 2021-06-01 08:00 BTCUSDT entry=36233.5900 → SHORT | long=sl(-9.68%) short=timeout(+12.45%) | scanned=22 | no_tp→fwd_return=-12.5482
  [label] 2021-07-23 16:00 BTCUSDT entry=33634.4600 → LONG | long=tp(+9.31%) short=sl(-4.81%) | scanned=7 | long_tp_only
  [label] 2022-01-05 16:00 BTCUSDT entry=43421.6900 → LONG | long=sl(-5.82%) short=timeout(-1.16%) | scanned=22 | no_tp→fwd_return=+1.0571
  [label] 2022-01-09 16:00 BTCUSDT entry=41851.2200 → LONG | long=timeout(+2.79%) short=sl(-5.52%) | scanned=22 | no_tp→fwd_return=+2.8899
  [label] 2022-01-20 08:00 BTCUSDT entry=43275.7400 → SHORT | long=sl(-4.19%) short=tp(+8.07%) | scanned=2 | short_tp_only
  [label] 2022-03-06 08:00 BTCUSDT entry=38845.0000 → LONG | long=timeout(+0.08%) short=sl(-6.02%) | scanned=22 | no_tp→fwd_return=+0.1769
  [label] 2022-03-14 16:00 BTCUSDT entry=39653.8000 → LONG | long=timeout(+3.25%) short=sl(-5.53%) | scanned=22 | no_tp→fwd_return=+3.3495
  [label] 2022-06-13 00:00 BTCUSDT entry=24801.2000 → SHORT | long=sl(-7.98%) short=tp(+15.65%) | scanned=3 | short_tp_only
  [label] 2022-07-15 00:00 BTCUSDT entry=20823.4000 → LONG | long=tp(+11.77%) short=sl(-6.04%) | scanned=14 | long_tp_only
  [label] 2022-07-31 00:00 BTCUSDT entry=23704.9000 → SHORT | long=sl(-5.55%) short=timeout(+2.87%) | scanned=22 | no_tp→fwd_return=-2.9736
  [label] 2022-08-12 16:00 BTCUSDT entry=24387.5000 → SHORT | long=sl(-4.29%) short=tp(+8.28%) | scanned=19 | short_tp_only
  [label] 2022-08-31 08:00 BTCUSDT entry=20130.5000 → SHORT | long=sl(-4.78%) short=timeout(+6.19%) | scanned=22 | no_tp→fwd_return=-6.2949
  [label] 2022-09-06 16:00 BTCUSDT entry=18781.5000 → LONG | long=tp(+8.71%) short=sl(-4.51%) | scanned=7 | long_tp_only
  [label] 2022-09-19 00:00 BTCUSDT entry=18459.6000 → LONG | long=timeout(+2.30%) short=sl(-5.32%) | scanned=22 | no_tp→fwd_return=+2.3982
  [label] 2022-10-28 08:00 BTCUSDT entry=20473.2000 → LONG | long=timeout(+1.64%) short=sl(-3.36%) | scanned=22 | no_tp→fwd_return=+1.7393
  [label] 2022-11-07 08:00 BTCUSDT entry=20756.2000 → SHORT | long=sl(-2.96%) short=tp(+5.62%) | scanned=2 | short_tp_only
  [label] 2023-02-01 08:00 BTCUSDT entry=22975.7000 → SHORT | long=timeout(-0.59%) short=sl(-3.34%) | scanned=22 | no_tp→fwd_return=-0.4931
  Labels: 1075 long (49.6%), 1093 short (50.4%) | weights: min=1.00, mean=3.24, max=10.00
  Features: 2168/2168 matched, 48 columns
  CV gap: 22 rows
  [ensemble 1/3] seed=42
    [trial 0] 48 features, training_days=480 | threshold=0.631 | labels: 1075 long, 1093 short (50/50%)
    [CV fold 0] train_end=2021-06-22 08:00 | val_start=2021-06-30 00:00 | gap=184h (22 rows)
    [CV fold 1] train_end=2021-10-20 16:00 | val_start=2021-10-28 08:00 | gap=184h (22 rows)
    [CV fold 2] train_end=2022-02-18 00:00 | val_start=2022-02-25 16:00 | gap=184h (22 rows)
    [CV fold 3] train_end=2022-06-18 08:00 | val_start=2022-06-26 00:00 | gap=184h (22 rows)
    [CV fold 4] train_end=2022-10-16 16:00 | val_start=2022-10-24 08:00 | gap=184h (22 rows)
    [trial 0] Sharpe=-0.1327 (folds: -0.2222, 0.0073, -0.1473, -0.0626, -0.2385)
    [trial 1] 48 features, training_days=420 | threshold=0.839 | labels: 1075 long, 1093 short (50/50%)
    [trial 1] Sharpe=0.0582 (folds: -0.2884, -0.0572, 0.0856, 0.4724, 0.0786)
    [trial 2] 48 features, training_days=190 | threshold=0.602 | labels: 1075 long, 1093 short (50/50%)
    [trial 2] Sharpe=-0.1126 (folds: -0.2034, -0.0012, -0.0141, -0.0198, -0.3245)
    [trial 3] 48 features, training_days=490 | threshold=0.832 | labels: 1075 long, 1093 short (50/50%)
    [trial 3] Sharpe=-0.1677 (folds: -0.2763, -0.0852, -0.1198, 0.0110, -0.3679)
    [trial 4] 48 features, training_days=340 | threshold=0.591 | labels: 1075 long, 1093 short (50/50%)
    [trial 4] Sharpe=-0.1395 (folds: -0.2977, -0.0070, -0.1123, -0.0182, -0.2622)
    [trial 5] 48 features, training_days=50 | threshold=0.823 | labels: 1075 long, 1093 short (50/50%)
    [trial 5] Sharpe=-2.2275 (folds: -10.0000, 0.1504, 0.0390, -1.1351, -0.1920)
    [trial 6] 48 features, training_days=410 | threshold=0.549 | labels: 1075 long, 1093 short (50/50%)
    [trial 6] Sharpe=-0.1174 (folds: -0.2382, -0.0400, -0.1227, 0.0017, -0.1878)
    [trial 7] 48 features, training_days=180 | threshold=0.526 | labels: 1075 long, 1093 short (50/50%)
    [trial 7] Sharpe=-0.0837 (folds: -0.1760, -0.0280, -0.0886, 0.0554, -0.1810)
    [trial 8] 48 features, training_days=240 | threshold=0.811 | labels: 1075 long, 1093 short (50/50%)
    [trial 8] Sharpe=-0.1203 (folds: -0.2778, -0.0870, -0.2082, 0.3562, -0.3849)
    [trial 9] 48 features, training_days=20 | threshold=0.538 | labels: 1075 long, 1093 short (50/50%)
    [trial 9] Sharpe=-0.1258 (folds: -0.4008, -0.2245, 0.1655, -0.0081, -0.1610)
    [trial 10] 48 features, training_days=350 | threshold=0.729 | labels: 1075 long, 1093 short (50/50%)
    [trial 10] Sharpe=-0.1269 (folds: -0.1615, -0.1020, -0.0905, 0.0295, -0.3102)
    [trial 11] 48 features, training_days=150 | threshold=0.716 | labels: 1075 long, 1093 short (50/50%)
    [trial 11] Sharpe=-0.1095 (folds: -0.2248, -0.0220, -0.1205, 0.0484, -0.2284)
    [trial 12] 48 features, training_days=140 | threshold=0.743 | labels: 1075 long, 1093 short (50/50%)
    [trial 12] Sharpe=0.0998 (folds: -0.3153, 0.0246, -0.1652, 1.1214, -0.1666)
    [trial 13] 48 features, training_days=80 | threshold=0.759 | labels: 1075 long, 1093 short (50/50%)
    [trial 13] Sharpe=-0.1038 (folds: -0.2869, 0.0152, -0.0447, -0.1316, -0.0709)
    [trial 14] 48 features, training_days=290 | threshold=0.759 | labels: 1075 long, 1093 short (50/50%)
    [trial 14] Sharpe=-0.1170 (folds: -0.2110, -0.0429, -0.2821, 0.1973, -0.2461)
    [trial 15] 48 features, training_days=110 | threshold=0.679 | labels: 1075 long, 1093 short (50/50%)
    [trial 15] Sharpe=-0.2195 (folds: -0.1876, -0.1957, 0.0300, -0.5143, -0.2298)
    [trial 16] 48 features, training_days=250 | threshold=0.782 | labels: 1075 long, 1093 short (50/50%)
    [trial 16] Sharpe=-0.1149 (folds: -0.2519, -0.0483, -0.1598, 0.2201, -0.3345)
    [trial 17] 48 features, training_days=410 | threshold=0.846 | labels: 1075 long, 1093 short (50/50%)
    [trial 17] Sharpe=-0.1751 (folds: -0.2720, -0.0299, -0.1795, -0.1392, -0.2551)
  Optuna: 18 trials, best Sharpe = 0.0998
  Best params: n_estimators=59, max_depth=3, lr=0.0321, leaves=41
  Best confidence_threshold: 0.743
  Best training_days: 140
  Retrained on full data (420 samples, 48 features)
  [ensemble 2/3] seed=123
    [trial 0] 48 features, training_days=150 | threshold=0.744 | labels: 1075 long, 1093 short (50/50%)
    [CV fold 0] train_end=2021-06-22 08:00 | val_start=2021-06-30 00:00 | gap=184h (22 rows)
    [CV fold 1] train_end=2021-10-20 16:00 | val_start=2021-10-28 08:00 | gap=184h (22 rows)
    [CV fold 2] train_end=2022-02-18 00:00 | val_start=2022-02-25 16:00 | gap=184h (22 rows)
    [CV fold 3] train_end=2022-06-18 08:00 | val_start=2022-06-26 00:00 | gap=184h (22 rows)
    [CV fold 4] train_end=2022-10-16 16:00 | val_start=2022-10-24 08:00 | gap=184h (22 rows)
    [trial 0] Sharpe=-0.1317 (folds: -0.2778, 0.0529, -0.1834, -0.0643, -0.1858)
    [trial 1] 48 features, training_days=220 | threshold=0.755 | labels: 1075 long, 1093 short (50/50%)
    [trial 1] Sharpe=-0.1438 (folds: -0.2498, -0.2311, -0.4090, 0.1353, 0.0355)
    [trial 2] 48 features, training_days=310 | threshold=0.754 | labels: 1075 long, 1093 short (50/50%)
    [trial 2] Sharpe=-0.1153 (folds: -0.2299, -0.0485, -0.1793, 0.1702, -0.2890)
    [trial 3] 48 features, training_days=220 | threshold=0.673 | labels: 1075 long, 1093 short (50/50%)
    [trial 3] Sharpe=-0.1351 (folds: -0.2157, -0.1603, -0.1176, 0.0750, -0.2570)
    [trial 4] 48 features, training_days=130 | threshold=0.803 | labels: 1075 long, 1093 short (50/50%)
    [trial 4] Sharpe=-0.1329 (folds: -0.2367, 0.0155, -0.1687, -0.0279, -0.2469)
    [trial 5] 48 features, training_days=210 | threshold=0.606 | labels: 1075 long, 1093 short (50/50%)
    [trial 5] Sharpe=-0.0936 (folds: -0.2284, 0.0024, -0.0110, 0.0173, -0.2482)
    [trial 6] 48 features, training_days=130 | threshold=0.767 | labels: 1075 long, 1093 short (50/50%)[I 2026-06-01 12:58:12,109] Trial 6 finished with value: -0.11197277097286526 and parameters: {'confidence_threshold': 0.7672889945051684, 'training_days': 130, 'n_estimators': 137, 'max_depth': 4, 'num_leaves': 19, 'learning_rate': 0.2031117614248665, 'subsample': 0.8136244860256343, 'colsample_bytree': 0.8617081790949774, 'min_child_samples': 21, 'reg_alpha': 0.002238138278733199, 'reg_lambda': 0.001025809534977322}. Best is trial 5 with value: -0.09355825883574469.
[I 2026-06-01 12:58:12,183] Trial 7 finished with value: -0.11612653463595062 and parameters: {'confidence_threshold': 0.555635875450653, 'training_days': 80, 'n_estimators': 363, 'max_depth': 3, 'num_leaves': 48, 'learning_rate': 0.06590089024008658, 'subsample': 0.6944752870615722, 'colsample_bytree': 0.962566244806993, 'min_child_samples': 88, 'reg_alpha': 1.6465620446426067e-05, 'reg_lambda': 2.4678750890085655e-08}. Best is trial 5 with value: -0.09355825883574469.
[I 2026-06-01 12:58:12,553] Trial 8 finished with value: -0.10545329244893584 and parameters: {'confidence_threshold': 0.6066688256938841, 'training_days': 200, 'n_estimators': 367, 'max_depth': 5, 'num_leaves': 32, 'learning_rate': 0.13377519215934996, 'subsample': 0.7965884582811106, 'colsample_bytree': 0.8458508993500886, 'min_child_samples': 32, 'reg_alpha': 3.889436043816386e-05, 'reg_lambda': 1.4713062489380356e-06}. Best is trial 5 with value: -0.09355825883574469.
[I 2026-06-01 12:58:12,772] Trial 9 finished with value: -0.099298930821122 and parameters: {'confidence_threshold': 0.6202096049169137, 'training_days': 260, 'n_estimators': 350, 'max_depth': 3, 'num_leaves': 21, 'learning_rate': 0.02989540198065364, 'subsample': 0.8307821683331218, 'colsample_bytree': 0.923253112635361, 'min_child_samples': 64, 'reg_alpha': 0.4898604619604203, 'reg_lambda': 2.9076377687066166e-05}. Best is trial 5 with value: -0.09355825883574469.
[I 2026-06-01 12:58:13,132] Trial 10 finished with value: -0.10952846930990853 and parameters: {'confidence_threshold': 0.5342665212695602, 'training_days': 470, 'n_estimators': 493, 'max_depth': 5, 'num_leaves': 63, 'learning_rate': 0.010221918552934462, 'subsample': 0.9166551855891288, 'colsample_bytree': 0.6202684210924141, 'min_child_samples': 99, 'reg_alpha': 2.371385268938747e-08, 'reg_lambda': 8.795022395727933e-08}. Best is trial 5 with value: -0.09355825883574469.
[I 2026-06-01 12:58:13,448] Trial 11 finished with value: -0.1159390953687652 and parameters: {'confidence_threshold': 0.6332172030915592, 'training_days': 340, 'n_estimators': 477, 'max_depth': 3, 'num_leaves': 20, 'learning_rate': 0.036526978794621294, 'subsample': 0.8648160383699911, 'colsample_bytree': 0.6778283959364831, 'min_child_samples': 76, 'reg_alpha': 6.114661601749046, 'reg_lambda': 0.009497899016907575}. Best is trial 5 with value: -0.09355825883574469.
[I 2026-06-01 12:58:13,478] Trial 12 finished with value: -0.12579286921558913 and parameters: {'confidence_threshold': 0.5957244903382299, 'training_days': 20, 'n_estimators': 287, 'max_depth': 5, 'num_leaves': 28, 'learning_rate': 0.11207472241355503, 'subsample': 0.8941395335595879, 'colsample_bytree': 0.5197889515780572, 'min_child_samples': 50, 'reg_alpha': 1.8993135448076743, 'reg_lambda': 3.548506817334473e-07}. Best is trial 5 with value: -0.09355825883574469.
[I 2026-06-01 12:58:13,668] Trial 13 finished with value: -0.10109597487533054 and parameters: {'confidence_threshold': 0.503854589246995, 'training_days': 340, 'n_estimators': 291, 'max_depth': 3, 'num_leaves': 39, 'learning_rate': 0.029487296649619542, 'subsample': 0.72160265329214, 'colsample_bytree': 0.9292621018379528, 'min_child_samples': 79, 'reg_alpha': 0.1635186738615608, 'reg_lambda': 1.147897733478235e-08}. Best is trial 5 with value: -0.09355825883574469.
[I 2026-06-01 12:58:14,037] Trial 14 finished with value: -0.16742882896881978 and parameters: {'confidence_threshold': 0.6655029001704718, 'training_days': 290, 'n_estimators': 419, 'max_depth': 4, 'num_leaves': 15, 'learning_rate': 0.08969652596100376, 'subsample': 0.8048623843554296, 'colsample_bytree': 0.9977226699583523, 'min_child_samples': 44, 'reg_alpha': 0.08859960648804263, 'reg_lambda': 0.0038296281754494417}. Best is trial 5 with value: -0.09355825883574469.
[I 2026-06-01 12:58:14,255] Trial 15 finished with value: -0.10275088193777981 and parameters: {'confidence_threshold': 0.709997187461685, 'training_days': 460, 'n_estimators': 235, 'max_depth': 5, 'num_leaves': 41, 'learning_rate': 0.047964452603681096, 'subsample': 0.9750095790709927, 'colsample_bytree': 0.7241986323105418, 'min_child_samples': 78, 'reg_alpha': 0.06804241124177914, 'reg_lambda': 3.5532501480887757}. Best is trial 5 with value: -0.09355825883574469.
[I 2026-06-01 12:58:14,481] Trial 16 finished with value: -0.12363959187243098 and parameters: {'confidence_threshold': 0.5790917025596629, 'training_days': 270, 'n_estimators': 326, 'max_depth': 3, 'num_leaves': 25, 'learning_rate': 0.011618707686079076, 'subsample': 0.6513704876372882, 'colsample_bytree': 0.9182676696103418, 'min_child_samples': 51, 'reg_alpha': 0.7858479486685785, 'reg_lambda': 1.5327755669433652e-06}. Best is trial 5 with value: -0.09355825883574469.
[I 2026-06-01 12:58:14,771] Trial 17 finished with value: -0.16606345206388481 and parameters: {'confidence_threshold': 0.6235092015218521, 'training_days': 390, 'n_estimators': 429, 'max_depth': 4, 'num_leaves': 32, 'learning_rate': 0.1612932586305445, 'subsample': 0.8537241982825334, 'colsample_bytree': 0.7608015240036585, 'min_child_samples': 90, 'reg_alpha': 0.017867971546418063, 'reg_lambda': 0.06284793650257053}. Best is trial 5 with value: -0.09355825883574469.
[I 2026-06-01 12:58:15,019] A new study created in memory with name: no-name-3a9ea22a-c458-4488-aecd-64dfab387129
[I 2026-06-01 12:58:15,229] Trial 0 finished with value: -0.09139042609955374 and parameters: {'confidence_threshold': 0.5870645682749857, 'training_days': 90, 'n_estimators': 403, 'max_depth': 5, 'num_leaves': 45, 'learning_rate': 0.0780457193679974, 'subsample': 0.9428509515574568, 'colsample_bytree': 0.8795587339164916, 'min_child_samples': 34, 'reg_alpha': 2.2465901234314442e-07, 'reg_lambda': 8.339007036475363e-05}. Best is trial 0 with value: -0.09139042609955374.
[I 2026-06-01 12:58:15,344] Trial 1 finished with value: -0.12204857539470974 and parameters: {'confidence_threshold': 0.6348453934275313, 'training_days': 290, 'n_estimators': 115, 'max_depth': 5, 'num_leaves': 37, 'learning_rate': 0.06949568759029946, 'subsample': 0.8228505074024268, 'colsample_bytree': 0.8616703220431751, 'min_child_samples': 75, 'reg_alpha': 4.2486822725010923e-07, 'reg_lambda': 1.157247767047042e-07}. Best is trial 0 with value: -0.09139042609955374.
[I 2026-06-01 12:58:15,366] Trial 2 finished with value: -1.9233581039418095 and parameters: {'confidence_threshold': 0.5849570384370288, 'training_days': 10, 'n_estimators': 212, 'max_depth': 3, 'num_leaves': 41, 'learning_rate': 0.18452095998378365, 'subsample': 0.6001060822924371, 'colsample_bytree': 0.5673167293506167, 'min_child_samples': 37, 'reg_alpha': 5.733250064217131, 'reg_lambda': 0.5308454292595461}. Best is trial 0 with value: -0.09139042609955374.
[I 2026-06-01 12:58:15,444] Trial 3 finished with value: -0.15927110361506003 and parameters: {'confidence_threshold': 0.6868248626683718, 'training_days': 220, 'n_estimators': 134, 'max_depth': 3, 'num_leaves': 45, 'learning_rate': 0.033529007907491595, 'subsample': 0.8647277071858408, 'colsample_bytree': 0.778494116634046, 'min_child_samples': 96, 'reg_alpha': 2.409409937265785e-07, 'reg_lambda': 1.1642073478060009}. Best is trial 0 with value: -0.09139042609955374.
[I 2026-06-01 12:58:15,541] Trial 4 finished with value: -0.16034656029252048 and parameters: {'confidence_threshold': 0.5623121348350352, 'training_days': 300, 'n_estimators': 69, 'max_depth': 4, 'num_leaves': 32, 'learning_rate': 0.14967629360700346, 'subsample': 0.5054535233636654, 'colsample_bytree': 0.7401385194659216, 'min_child_samples': 27, 'reg_alpha': 1.4212042567426725e-07, 'reg_lambda': 0.23605753701352003}. Best is trial 0 with value: -0.09139042609955374.
[I 2026-06-01 12:58:15,957] Trial 5 finished with value: -0.14418496950778006 and parameters: {'confidence_threshold': 0.7111850244908446, 'training_days': 490, 'n_estimators': 362, 'max_depth': 5, 'num_leaves': 40, 'learning_rate': 0.05960785724162737, 'subsample': 0.5589714368907717, 'colsample_bytree': 0.6659006943232806, 'min_child_samples': 42, 'reg_alpha': 0.6741360303045295, 'reg_lambda': 6.054601607143087e-08}. Best is trial 0 with value: -0.09139042609955374.
[I 2026-06-01 12:58:16,141] Trial 6 finished with value: -0.15540320957636836 and parameters: {'confidence_threshold': 0.667482545748023, 'training_days': 420, 'n_estimators': 279, 'max_depth': 3, 'num_leaves': 45, 'learning_rate': 0.040099592560849204, 'subsample': 0.8563114696415159, 'colsample_bytree': 0.5442917781944105, 'min_child_samples': 50, 'reg_alpha': 1.6407916423707903e-08, 'reg_lambda': 2.935907642973286e-05}. Best is trial 0 with value: -0.09139042609955374.
[I 2026-06-01 12:58:16,298] Trial 7 finished with value: -0.1406114294793796 and parameters: {'confidence_threshold': 0.5497381024139926, 'training_days': 120, 'n_estimators': 408, 'max_depth': 5, 'num_leaves': 38, 'learning_rate': 0.28049122657745795, 'subsample': 0.8806573338635493, 'colsample_bytree': 0.5454054113547102, 'min_child_samples': 63, 'reg_alpha': 0.01263008637940408, 'reg_lambda': 0.04588020805366937}. Best is trial 0 with value: -0.09139042609955374.
[I 2026-06-01 12:58:16,583] Trial 8 finished with value: -0.14115075789046977 and parameters: {'confidence_threshold': 0.719644804808716, 'training_days': 450, 'n_estimators': 410, 'max_depth': 4, 'num_leaves': 57, 'learning_rate': 0.04022026551478857, 'subsample': 0.5336085426932707, 'colsample_bytree': 0.5705742850577543, 'min_child_samples': 100, 'reg_alpha': 5.916398047912201e-07, 'reg_lambda': 0.9794034214488329}. Best is trial 0 with value: -0.09139042609955374.
[I 2026-06-01 12:58:16,606] Trial 9 finished with value: -2.0456325473583092 and parameters: {'confidence_threshold': 0.7267463643917187, 'training_days': 20, 'n_estimators': 337, 'max_depth': 5, 'num_leaves': 23, 'learning_rate': 0.022153031811454605, 'subsample': 0.6305627572358737, 'colsample_bytree': 0.6613413774216214, 'min_child_samples': 81, 'reg_alpha': 5.7638634029410314e-08, 'reg_lambda': 8.26603016764008}. Best is trial 0 with value: -0.09139042609955374.
[I 2026-06-01 12:58:16,948] Trial 10 finished with value: -0.1374251106010327 and parameters: {'confidence_threshold': 0.8398533911817929, 'training_days': 130, 'n_estimators': 485, 'max_depth': 4, 'num_leaves': 62, 'learning_rate': 0.014251957942824738, 'subsample': 0.9901604570372973, 'colsample_bytree': 0.9944479338273263, 'min_child_samples': 23, 'reg_alpha': 6.837313901272251e-05, 'reg_lambda': 0.0006976939169966911}. Best is trial 0 with value: -0.09139042609955374.
[I 2026-06-01 12:58:17,142] Trial 11 finished with value: -0.16082621123059732 and parameters: {'confidence_threshold': 0.61963915631361, 'training_days': 310, 'n_estimators': 197, 'max_depth': 5, 'num_leaves': 15, 'learning_rate': 0.07987426175704845, 'subsample': 0.7481072826739482, 'colsample_bytree': 0.9060119313244169, 'min_child_samples': 70, 'reg_alpha': 1.809401237976435e-05, 'reg_lambda': 2.125381774242723e-08}. Best is trial 0 with value: -0.09139042609955374.
[I 2026-06-01 12:58:17,200] Trial 12 finished with value: -0.06356049888409972 and parameters: {'confidence_threshold': 0.5145853631584999, 'training_days': 210, 'n_estimators': 57, 'max_depth': 5, 'num_leaves': 51, 'learning_rate': 0.09541405269589062, 'subsample': 0.992100720652319, 'colsample_bytree': 0.8695773615745706, 'min_child_samples': 77, 'reg_alpha': 8.46843277074541e-06, 'reg_lambda': 1.520544537164083e-06}. Best is trial 12 with value: -0.06356049888409972.
[I 2026-06-01 12:58:17,474] Trial 13 finished with value: -0.09610733652870335 and parameters: {'confidence_threshold': 0.5007578887007379, 'training_days': 160, 'n_estimators': 475, 'max_depth': 5, 'num_leaves': 52, 'learning_rate': 0.10926619326285375, 'subsample': 0.9831068069319819, 'colsample_bytree': 0.8801415488619871, 'min_child_samples': 53, 'reg_alpha': 8.465942575614097e-06, 'reg_lambda': 5.572580561461903e-06}. Best is trial 12 with value: -0.06356049888409972.
[I 2026-06-01 12:58:17,555] Trial 14 finished with value: -0.07533033531973296 and parameters: {'confidence_threshold': 0.5059456949419407, 'training_days': 80, 'n_estimators': 283, 'max_depth': 4, 'num_leaves': 51, 'learning_rate': 0.10938512207808881, 'subsample': 0.9294526207842858, 'colsample_bytree': 0.9903260103998537, 'min_child_samples': 86, 'reg_alpha': 0.0005061136429986853, 'reg_lambda': 0.0014709214223004336}. Best is trial 12 with value: -0.06356049888409972.
