[I 2026-06-01 12:55:54,276] A new study created in memory with name: no-name-45aec2d4-0103-4e8b-a5b9-65a50e957adf
[iter-v1/053] features-base-hash PASS: 106003ea8f1779b3... (48 columns; btc_funding_rate_8h_impulse + btc_funding_spread_30_90 UNCHANGED from /052)
======================================================================
iter-v1/053 — BTC-only multi-seed re-validation (/052 PROMISING mandate)
  ITERATION_LABEL        : v1-053
  n_trials               : 18
  outer seeds            : 3 (offsets 0,3,6 ENSEMBLE_SEEDS; 3x3=9 disjoint)
  ensemble_size          : 3 (inner; UNCHANGED from /052)
  feature_columns        : 48 cols (V1_FEATURE_COLUMNS_PRUNED; UNCHANGED from /052)
  btc_funding_rate_8h_impulse: index 0 of 48 (rank38@/052 INERT)
  btc_funding_spread_30_90   : index 1 of 48 (rank4@/052 STRONGLY-LEARNED)
  parquet_regen          : NOT REQUIRED (features already in parquet from /052)
  cohort                 : BTCUSDT only (V1_ITER053_UNIVERSE)
  model                  : A_BTC_specialist (R3=ON, R1=OFF, R2=OFF)
  verdict bands          :
    mean IS Δ ≥ +0.85 + max-min ≤ 0.5 → SPECIALIST-CONFIRMED
    mean IS Δ ∈ [+0.30, +0.85) → PARTIAL-CONFIRMED
    mean IS Δ < +0.30 → NEG-CLEAN-MULTI-SEED (revert both features)
  basin-lottery          : max-min > 0.5 FLAG (TIGHTENED from /051 threshold 1.0)
  trade-rate floor       : mean IS ≥ 50 AND mean OOS ≥ 10
  seed=42 sanity         : offset=0 must reproduce /052 IS Sharpe ±0.0005
  features-base-hash     : 106003ea8f1779b3ac3e1c051ee4c709...
======================================================================
[run_baseline_v1] --ensemble-size override: 3 (mode default was 3)
v1 RUNNER mode=EXPLORATION iteration=v1-053
  symbols: ('BTCUSDT',)
  ENSEMBLE_SIZE: 3
  ensemble_seeds: [42, 123, 456] (offset=0)
  n_trials per cell: 18
  feature_columns: 48 columns
  bounds_profile: v1_pruned
  OOF_PARQUET_PATH: data/v1_iter_v1-053_trial_oof.parquet
  V1_EXCLUDED_SYMBOLS: ('XRPUSDT', 'DOGEUSDT', 'NEARUSDT', 'BCHUSDT', 'LDOUSDT', 'TRXUSDT', 'BNBUSDT')
  r5_vol_target_enabled: False
  r5_kill_low_natr_enabled: False
  sigma_source: natr
  sample_weight_mode: abs_pnl
  label_mode: triple_barrier
  optuna_objective: sharpe
  vol_ceiling_mode: none
  frozen_hp_mode: none (normal Optuna search)
  model_type: lgbm

[iter-v1/053] BTC-ONLY MULTI-SEED RE-VALIDATION ACTIVE: features=btc_funding_rate_8h_impulse (rank38@/052 INERT) + btc_funding_spread_30_90 (rank4@/052 STRONGLY-LEARNED) — 48 cols unchanged. _OUTER_SEED_OFFSETS=(0, 3, 6) (scope-patched by runner). ENSEMBLE_SIZE=3 (inner), n_trials=18. NORMAL-RISK: seed variation only. cycle-6 EXP-8/10. Verdict bands: mean IS Δ ≥ +0.85 + max-min ≤ 0.5 SPECIALIST-CONFIRMED / [+0.30, +0.85) PARTIAL-CONFIRMED / < +0.30 NEG-CLEAN-MULTI-SEED.
============================================================
MODEL A_BTC_specialist (R3-only): BTCUSDT (R1=False R2=False R3=on, n_trials=18, ENSEMBLE_SIZE=3, features=48, bounds=v1_pruned, sigma_source=natr)
============================================================
[lgbm] 48 feature columns, 53 walk-forward splits
[lgbm] ATR labeling: 6995/7015 rows with ATR values
[lgbm] No split for 2020-01 (insufficient training data)
[lgbm] No split for 2020-02 (insufficient training data)
[lgbm] No split for 2020-03 (insufficient training data)
[lgbm] No split for 2020-04 (insufficient training data)
[lgbm] No split for 2020-05 (insufficient training data)
[lgbm] No split for 2020-06 (insufficient training data)
[lgbm] No split for 2020-07 (insufficient training data)
[lgbm] No split for 2020-08 (insufficient training data)
[lgbm] No split for 2020-09 (insufficient training data)
[lgbm] No split for 2020-10 (insufficient training data)
[lgbm] No split for 2020-11 (insufficient training data)
[lgbm] No split for 2020-12 (insufficient training data)
[lgbm] No split for 2021-01 (insufficient training data)
[lgbm] No split for 2021-02 (insufficient training data)
[lgbm] No split for 2021-03 (insufficient training data)
[lgbm] No split for 2021-04 (insufficient training data)
[lgbm] No split for 2021-05 (insufficient training data)
[lgbm] No split for 2021-06 (insufficient training data)
[lgbm] No split for 2021-07 (insufficient training data)
[lgbm] No split for 2021-08 (insufficient training data)
[lgbm] No split for 2021-09 (insufficient training data)
[lgbm] No split for 2021-10 (insufficient training data)
[lgbm] No split for 2021-11 (insufficient training data)
[lgbm] No split for 2021-12 (insufficient training data)
[lgbm] === Training for 2022-01 ===
  Train window: 2020-01-01 → 2021-12-24
  2171 training samples from 1 symbols
  Samples per month: 2020-01: 93, 2020-02: 87, 2020-03: 93, 2020-04: 90, 2020-05: 93, 2020-06: 90, 2020-07: 93, 2020-08: 93, 2020-09: 90, 2020-10: 93, 2020-11: 90, 2020-12: 93, 2021-01: 93, 2021-02: 84, 2021-03: 93, 2021-04: 90, 2021-05: 93, 2021-06: 90, 2021-07: 93, 2021-08: 93, 2021-09: 90, 2021-10: 93, 2021-11: 90, 2021-12: 71
  [label] 2020-03-02 16:00 BTCUSDT entry=8919.7000 → SHORT | long=sl(-4.51%) short=tp(+8.72%) | scanned=18 | short_tp_only
  [label] 2020-03-05 00:00 BTCUSDT entry=8902.0000 → SHORT | long=sl(-3.89%) short=tp(+7.48%) | scanned=11 | short_tp_only
  [label] 2020-03-08 16:00 BTCUSDT entry=8038.4600 → SHORT | long=sl(-5.00%) short=tp(+9.70%) | scanned=11 | short_tp_only
  [label] 2020-04-02 08:00 BTCUSDT entry=6801.0000 → LONG | long=timeout(+6.91%) short=sl(-6.89%) | scanned=22 | no_tp→fwd_return=+7.0122
  [label] 2020-05-25 00:00 BTCUSDT entry=8861.6400 → LONG | long=timeout(+7.82%) short=sl(-5.32%) | scanned=22 | no_tp→fwd_return=+7.9209
  [label] 2020-11-07 00:00 BTCUSDT entry=15459.4200 → LONG | long=sl(-5.40%) short=sl(-5.40%) | scanned=17 | no_tp→fwd_return=+5.3663
  [label] 2020-11-11 00:00 BTCUSDT entry=15401.9300 → LONG | long=tp(+10.44%) short=sl(-5.37%) | scanned=19 | long_tp_only
  [label] 2020-11-21 16:00 BTCUSDT entry=18721.9900 → SHORT | long=sl(-5.23%) short=tp(+10.17%) | scanned=14 | short_tp_only
  [label] 2021-01-05 16:00 BTCUSDT entry=33999.5200 → LONG | long=tp(+20.03%) short=sl(-10.17%) | scanned=8 | long_tp_only
  [label] 2021-01-14 08:00 BTCUSDT entry=39580.9600 → SHORT | long=sl(-12.77%) short=timeout(+20.51%) | scanned=22 | no_tp→fwd_return=-20.6131
  [label] 2021-04-14 16:00 BTCUSDT entry=63019.1000 → SHORT | long=sl(-4.81%) short=tp(+9.33%) | scanned=10 | short_tp_only
  [label] 2021-05-16 16:00 BTCUSDT entry=46429.2800 → SHORT | long=sl(-10.05%) short=tp(+19.80%) | scanned=8 | short_tp_only
  [label] 2021-06-02 00:00 BTCUSDT entry=37218.1900 → SHORT | long=sl(-8.87%) short=timeout(+8.16%) | scanned=22 | no_tp→fwd_return=-8.2613
  [label] 2021-06-14 16:00 BTCUSDT entry=40489.1000 → SHORT | long=sl(-7.38%) short=tp(+14.45%) | scanned=17 | short_tp_only
  [label] 2021-07-03 00:00 BTCUSDT entry=34477.4600 → SHORT | long=sl(-6.75%) short=timeout(+2.02%) | scanned=22 | no_tp→fwd_return=-2.1158
  [label] 2021-07-09 08:00 BTCUSDT entry=33537.4900 → SHORT | long=sl(-5.73%) short=timeout(+4.17%) | scanned=22 | no_tp→fwd_return=-4.2689
  [label] 2021-07-21 16:00 BTCUSDT entry=32120.0000 → LONG | long=tp(+10.30%) short=sl(-5.30%) | scanned=13 | long_tp_only
  [label] 2021-08-30 08:00 BTCUSDT entry=48039.9900 → LONG | long=tp(+8.28%) short=sl(-4.29%) | scanned=21 | long_tp_only
  [label] 2021-09-09 00:00 BTCUSDT entry=46271.6400 → LONG | long=timeout(+4.33%) short=timeout(-4.53%) | scanned=22 | no_tp→fwd_return=+4.4268
  [label] 2021-12-04 08:00 BTCUSDT entry=48162.0000 → LONG | long=timeout(+1.08%) short=timeout(-1.28%) | scanned=22 | no_tp→fwd_return=+1.1804
  Labels: 1285 long (59.2%), 886 short (40.8%) | weights: min=1.00, mean=3.17, max=10.00
  Features: 2171/2171 matched, 48 columns
  CV gap: 22 rows
  [ensemble 1/3] seed=42
    [trial 0] 48 features, training_days=480 | threshold=0.631 | labels: 1285 long, 886 short (59/41%)
    [CV fold 0] train_end=2020-04-24 08:00 | val_start=2020-05-02 00:00 | gap=184h (22 rows)
    [CV fold 1] train_end=2020-08-22 16:00 | val_start=2020-08-30 08:00 | gap=184h (22 rows)
    [CV fold 2] train_end=2020-12-21 00:00 | val_start=2020-12-28 16:00 | gap=184h (22 rows)
    [CV fold 3] train_end=2021-04-20 08:00 | val_start=2021-04-28 00:00 | gap=184h (22 rows)[I 2026-06-01 12:55:54,697] Trial 0 finished with value: 0.03764476520988754 and parameters: {'confidence_threshold': 0.6310890415965769, 'training_days': 480, 'n_estimators': 380, 'max_depth': 4, 'num_leaves': 22, 'learning_rate': 0.01699897838270077, 'subsample': 0.5290418060840998, 'colsample_bytree': 0.9330880728874675, 'min_child_samples': 68, 'reg_alpha': 0.023585940584142682, 'reg_lambda': 1.5320059381854043e-08}. Best is trial 0 with value: 0.03764476520988754.
[I 2026-06-01 12:55:54,820] Trial 1 finished with value: -0.17771878064551555 and parameters: {'confidence_threshold': 0.839468448256698, 'training_days': 420, 'n_estimators': 145, 'max_depth': 3, 'num_leaves': 23, 'learning_rate': 0.028145092716060652, 'subsample': 0.762378215816119, 'colsample_bytree': 0.7159725093210578, 'min_child_samples': 43, 'reg_alpha': 0.0032112643094417484, 'reg_lambda': 1.8007140198129195e-07}. Best is trial 0 with value: 0.03764476520988754.
[I 2026-06-01 12:55:54,971] Trial 2 finished with value: 0.046837952769475576 and parameters: {'confidence_threshold': 0.6022506269873263, 'training_days': 190, 'n_estimators': 255, 'max_depth': 5, 'num_leaves': 24, 'learning_rate': 0.05748924681991978, 'subsample': 0.7962072844310213, 'colsample_bytree': 0.5232252063599989, 'min_child_samples': 69, 'reg_alpha': 3.425445902633376e-07, 'reg_lambda': 3.850031979199519e-08}. Best is trial 2 with value: 0.046837952769475576.
[I 2026-06-01 12:55:55,244] Trial 3 finished with value: 0.07367037692758208 and parameters: {'confidence_threshold': 0.8321099380386666, 'training_days': 490, 'n_estimators': 414, 'max_depth': 3, 'num_leaves': 19, 'learning_rate': 0.1024932221692416, 'subsample': 0.7200762468698007, 'colsample_bytree': 0.5610191174223894, 'min_child_samples': 60, 'reg_alpha': 2.039373116525212e-08, 'reg_lambda': 1.527156759251193}. Best is trial 3 with value: 0.07367037692758208.
[I 2026-06-01 12:55:55,400] Trial 4 finished with value: 0.07831110882712376 and parameters: {'confidence_threshold': 0.5905729935600059, 'training_days': 340, 'n_estimators': 190, 'max_depth': 4, 'num_leaves': 41, 'learning_rate': 0.01875220945578641, 'subsample': 0.9847923138822793, 'colsample_bytree': 0.8875664116805573, 'min_child_samples': 96, 'reg_alpha': 1.1309571585271483, 'reg_lambda': 0.002404915432737351}. Best is trial 4 with value: 0.07831110882712376.
[I 2026-06-01 12:55:55,441] Trial 5 finished with value: -0.13580610992239467 and parameters: {'confidence_threshold': 0.8226559822580909, 'training_days': 50, 'n_estimators': 138, 'max_depth': 3, 'num_leaves': 30, 'learning_rate': 0.03750796359625606, 'subsample': 0.6356745158869479, 'colsample_bytree': 0.9143687545759647, 'min_child_samples': 48, 'reg_alpha': 3.376063348877853e-06, 'reg_lambda': 0.0007660634613082914}. Best is trial 4 with value: 0.07831110882712376.
[I 2026-06-01 12:55:55,546] Trial 6 finished with value: 0.06845862315640114 and parameters: {'confidence_threshold': 0.5493234787411669, 'training_days': 410, 'n_estimators': 83, 'max_depth': 5, 'num_leaves': 52, 'learning_rate': 0.019657448966046126, 'subsample': 0.5027610585618012, 'colsample_bytree': 0.9077307142274171, 'min_child_samples': 77, 'reg_alpha': 0.03639690979811287, 'reg_lambda': 0.08738424135626986}. Best is trial 4 with value: 0.07831110882712376.
[I 2026-06-01 12:55:55,636] Trial 7 finished with value: -0.017777542387818646 and parameters: {'confidence_threshold': 0.5259156281069316, 'training_days': 180, 'n_estimators': 102, 'max_depth': 5, 'num_leaves': 45, 'learning_rate': 0.030816017044468066, 'subsample': 0.5317791751430119, 'colsample_bytree': 0.6554911608578311, 'min_child_samples': 46, 'reg_alpha': 0.036851536911881845, 'reg_lambda': 0.005470376807480391}. Best is trial 4 with value: 0.07831110882712376.
[I 2026-06-01 12:55:55,734] Trial 8 finished with value: 0.008026970186239985 and parameters: {'confidence_threshold': 0.8105244599017143, 'training_days': 240, 'n_estimators': 103, 'max_depth': 5, 'num_leaves': 52, 'learning_rate': 0.06746437142284309, 'subsample': 0.8854835899772805, 'colsample_bytree': 0.7468977981821954, 'min_child_samples': 62, 'reg_alpha': 7.04480806377519e-05, 'reg_lambda': 1.6934490731313353e-08}. Best is trial 4 with value: 0.07831110882712376.
[I 2026-06-01 12:55:55,758] Trial 9 finished with value: -0.005633384599073821 and parameters: {'confidence_threshold': 0.5377619994476566, 'training_days': 20, 'n_estimators': 337, 'max_depth': 3, 'num_leaves': 39, 'learning_rate': 0.21907142272152816, 'subsample': 0.6246461145744375, 'colsample_bytree': 0.7051914615178149, 'min_child_samples': 81, 'reg_alpha': 1.1459970229341322e-06, 'reg_lambda': 4.929685216887945e-08}. Best is trial 4 with value: 0.07831110882712376.
[I 2026-06-01 12:55:56,091] Trial 10 finished with value: 0.07433025844749325 and parameters: {'confidence_threshold': 0.6797821749717731, 'training_days': 350, 'n_estimators': 487, 'max_depth': 4, 'num_leaves': 61, 'learning_rate': 0.011407797829608154, 'subsample': 0.9865389998628291, 'colsample_bytree': 0.8382861898713898, 'min_child_samples': 98, 'reg_alpha': 8.536188349289, 'reg_lambda': 3.3639426888455256e-06}. Best is trial 4 with value: 0.07831110882712376.
[I 2026-06-01 12:55:56,277] Trial 11 finished with value: 0.1206129837192264 and parameters: {'confidence_threshold': 0.7161090655475574, 'training_days': 330, 'n_estimators': 243, 'max_depth': 4, 'num_leaves': 61, 'learning_rate': 0.010418004616766478, 'subsample': 0.999465390980953, 'colsample_bytree': 0.8374910753955798, 'min_child_samples': 98, 'reg_alpha': 5.370415467243256, 'reg_lambda': 8.43884102267831e-06}. Best is trial 11 with value: 0.1206129837192264.
[I 2026-06-01 12:55:56,453] Trial 12 finished with value: -1.9181970490891977 and parameters: {'confidence_threshold': 0.7320119217665193, 'training_days': 320, 'n_estimators': 236, 'max_depth': 4, 'num_leaves': 63, 'learning_rate': 0.01034516421369995, 'subsample': 0.9955029648729099, 'colsample_bytree': 0.8304278626461432, 'min_child_samples': 100, 'reg_alpha': 7.2784942089383495, 'reg_lambda': 8.798559565396065e-06}. Best is trial 11 with value: 0.1206129837192264.
[I 2026-06-01 12:55:56,718] Trial 13 finished with value: -0.019137292989337258 and parameters: {'confidence_threshold': 0.7321922500141939, 'training_days': 310, 'n_estimators': 207, 'max_depth': 4, 'num_leaves': 36, 'learning_rate': 0.01603405587855917, 'subsample': 0.8926693639590267, 'colsample_bytree': 0.9989214412813241, 'min_child_samples': 22, 'reg_alpha': 0.7997509548654934, 'reg_lambda': 3.9794797075090296e-05}. Best is trial 11 with value: 0.1206129837192264.
[I 2026-06-01 12:55:56,936] Trial 14 finished with value: 0.14642918508845795 and parameters: {'confidence_threshold': 0.679923654853914, 'training_days': 260, 'n_estimators': 311, 'max_depth': 4, 'num_leaves': 48, 'learning_rate': 0.010285750662444379, 'subsample': 0.9234837154885365, 'colsample_bytree': 0.824447639387103, 'min_child_samples': 88, 'reg_alpha': 0.2983284693351703, 'reg_lambda': 0.006308737670289537}. Best is trial 14 with value: 0.14642918508845795.
[I 2026-06-01 12:55:57,043] Trial 15 finished with value: 0.20918055493116613 and parameters: {'confidence_threshold': 0.7116739250706681, 'training_days': 130, 'n_estimators': 306, 'max_depth': 4, 'num_leaves': 54, 'learning_rate': 0.010016141796319393, 'subsample': 0.909510915500125, 'colsample_bytree': 0.8100744538922787, 'min_child_samples': 86, 'reg_alpha': 0.00020283771938964755, 'reg_lambda': 0.02927768789926799}. Best is trial 15 with value: 0.20918055493116613.
[I 2026-06-01 12:55:57,140] Trial 16 finished with value: 0.03772389070811357 and parameters: {'confidence_threshold': 0.7729038139830636, 'training_days': 110, 'n_estimators': 317, 'max_depth': 4, 'num_leaves': 48, 'learning_rate': 0.28104816775946334, 'subsample': 0.9000813224105079, 'colsample_bytree': 0.7832771838600566, 'min_child_samples': 84, 'reg_alpha': 0.00013799898110705166, 'reg_lambda': 0.09508074342358959}. Best is trial 15 with value: 0.20918055493116613.
[I 2026-06-01 12:55:57,238] Trial 17 finished with value: 0.0613181646778269 and parameters: {'confidence_threshold': 0.6652429013116167, 'training_days': 120, 'n_estimators': 296, 'max_depth': 4, 'num_leaves': 54, 'learning_rate': 0.14168046193643385, 'subsample': 0.8366733523272174, 'colsample_bytree': 0.6505152466626335, 'min_child_samples': 87, 'reg_alpha': 0.0008260202174451412, 'reg_lambda': 3.5307605546929857}. Best is trial 15 with value: 0.20918055493116613.
[I 2026-06-01 12:55:57,286] A new study created in memory with name: no-name-d6dd7789-110e-474b-9b56-ffbb27af0d91
[I 2026-06-01 12:55:57,374] Trial 0 finished with value: 0.09173679660717365 and parameters: {'confidence_threshold': 0.7437642149592516, 'training_days': 150, 'n_estimators': 152, 'max_depth': 4, 'num_leaves': 50, 'learning_rate': 0.04216766425047743, 'subsample': 0.9903820991923078, 'colsample_bytree': 0.8424148692924316, 'min_child_samples': 58, 'reg_alpha': 3.381097259762742e-05, 'reg_lambda': 1.2263152961306247e-05}. Best is trial 0 with value: 0.09173679660717365.
[I 2026-06-01 12:55:57,450] Trial 1 finished with value: -2.012251954047426 and parameters: {'confidence_threshold': 0.7551673975844145, 'training_days': 220, 'n_estimators': 76, 'max_depth': 4, 'num_leaves': 51, 'learning_rate': 0.018602118810743477, 'subsample': 0.5877258780737462, 'colsample_bytree': 0.7657756869209191, 'min_child_samples': 63, 'reg_alpha': 0.005123994170264194, 'reg_lambda': 0.44145470178120466}. Best is trial 0 with value: 0.09173679660717365.
[I 2026-06-01 12:55:57,689] Trial 2 finished with value: -0.00035588765868099364 and parameters: {'confidence_threshold': 0.7535593637012223, 'training_days': 310, 'n_estimators': 375, 'max_depth': 3, 'num_leaves': 32, 'learning_rate': 0.021735641882032388, 'subsample': 0.6468570231944146, 'colsample_bytree': 0.8154880619272439, 'min_child_samples': 27, 'reg_alpha': 8.004064028491336e-05, 'reg_lambda': 7.546835261630524e-05}. Best is trial 0 with value: 0.09173679660717365.
[I 2026-06-01 12:55:57,848] Trial 3 finished with value: 0.08908962812454205 and parameters: {'confidence_threshold': 0.6727897841776072, 'training_days': 220, 'n_estimators': 190, 'max_depth': 4, 'num_leaves': 58, 'learning_rate': 0.24810689332636193, 'subsample': 0.7509183379421682, 'colsample_bytree': 0.8119764758960556, 'min_child_samples': 29, 'reg_alpha': 7.1708285081421445e-06, 'reg_lambda': 5.412973582738627e-05}. Best is trial 0 with value: 0.09173679660717365.
[I 2026-06-01 12:55:57,966] Trial 4 finished with value: 0.11954041287087132 and parameters: {'confidence_threshold': 0.803208205259178, 'training_days': 130, 'n_estimators': 267, 'max_depth': 5, 'num_leaves': 40, 'learning_rate': 0.08041175317374143, 'subsample': 0.5603143329951619, 'colsample_bytree': 0.9131704002534167, 'min_child_samples': 68, 'reg_alpha': 0.0008046593428183385, 'reg_lambda': 1.2158346158765583e-05}. Best is trial 4 with value: 0.11954041287087132.
[I 2026-06-01 12:55:58,179] Trial 5 finished with value: 0.0755660430641471 and parameters: {'confidence_threshold': 0.6064422761595144, 'training_days': 210, 'n_estimators': 357, 'max_depth': 5, 'num_leaves': 40, 'learning_rate': 0.0974221287220869, 'subsample': 0.7929682762811064, 'colsample_bytree': 0.8124517510478, 'min_child_samples': 74, 'reg_alpha': 0.3811377260781234, 'reg_lambda': 5.607314238392041e-08}. Best is trial 4 with value: 0.11954041287087132.
[I 2026-06-01 12:55:58,294] Trial 6 finished with value: 0.04629664508139766 and parameters: {'confidence_threshold': 0.7672889945051684, 'training_days': 130, 'n_estimators': 137, 'max_depth': 4, 'num_leaves': 19, 'learning_rate': 0.2031117614248665, 'subsample': 0.8136244860256343, 'colsample_bytree': 0.8617081790949774, 'min_child_samples': 21, 'reg_alpha': 0.002238138278733199, 'reg_lambda': 0.001025809534977322}. Best is trial 4 with value: 0.11954041287087132.
[I 2026-06-01 12:55:58,360] Trial 7 finished with value: -0.04676084669096757 and parameters: {'confidence_threshold': 0.555635875450653, 'training_days': 80, 'n_estimators': 363, 'max_depth': 3, 'num_leaves': 48, 'learning_rate': 0.06590089024008658, 'subsample': 0.6944752870615722, 'colsample_bytree': 0.962566244806993, 'min_child_samples': 88, 'reg_alpha': 1.6465620446426067e-05, 'reg_lambda': 2.4678750890085655e-08}. Best is trial 4 with value: 0.11954041287087132.
[I 2026-06-01 12:55:58,677] Trial 8 finished with value: 0.04637233250543686 and parameters: {'confidence_threshold': 0.6066688256938841, 'training_days': 200, 'n_estimators': 367, 'max_depth': 5, 'num_leaves': 32, 'learning_rate': 0.13377519215934996, 'subsample': 0.7965884582811106, 'colsample_bytree': 0.8458508993500886, 'min_child_samples': 32, 'reg_alpha': 3.889436043816386e-05, 'reg_lambda': 1.4713062489380356e-06}. Best is trial 4 with value: 0.11954041287087132.
[I 2026-06-01 12:55:58,895] Trial 9 finished with value: 0.07368434725358111 and parameters: {'confidence_threshold': 0.6202096049169137, 'training_days': 260, 'n_estimators': 350, 'max_depth': 3, 'num_leaves': 21, 'learning_rate': 0.02989540198065364, 'subsample': 0.8307821683331218, 'colsample_bytree': 0.923253112635361, 'min_child_samples': 64, 'reg_alpha': 0.4898604619604203, 'reg_lambda': 2.9076377687066166e-05}. Best is trial 4 with value: 0.11954041287087132.
