[I 2026-06-01 12:56:34,408] Trial 9 finished with value: 0.12998006742570717 and parameters: {'confidence_threshold': 0.6202096049169137, 'training_days': 260, 'n_estimators': 350, 'max_depth': 3, 'num_leaves': 21, 'learning_rate': 0.02989540198065364, 'subsample': 0.8307821683331218, 'colsample_bytree': 0.923253112635361, 'min_child_samples': 64, 'reg_alpha': 0.4898604619604203, 'reg_lambda': 2.9076377687066166e-05}. Best is trial 9 with value: 0.12998006742570717.
[I 2026-06-01 12:56:34,698] Trial 10 finished with value: 0.0966223924845759 and parameters: {'confidence_threshold': 0.5342665212695602, 'training_days': 470, 'n_estimators': 493, 'max_depth': 3, 'num_leaves': 17, 'learning_rate': 0.010221918552934462, 'subsample': 0.9317514110288623, 'colsample_bytree': 0.6202684210924141, 'min_child_samples': 47, 'reg_alpha': 2.371385268938747e-08, 'reg_lambda': 0.010291221835057122}. Best is trial 9 with value: 0.12998006742570717.
[I 2026-06-01 12:56:35,036] Trial 11 finished with value: 0.1282852832431353 and parameters: {'confidence_threshold': 0.6332172030915592, 'training_days': 340, 'n_estimators': 477, 'max_depth': 5, 'num_leaves': 26, 'learning_rate': 0.036526978794621294, 'subsample': 0.8648160383699911, 'colsample_bytree': 0.6778283959364831, 'min_child_samples': 85, 'reg_alpha': 6.114661601749046, 'reg_lambda': 1.0011881639020481e-08}. Best is trial 9 with value: 0.12998006742570717.
[I 2026-06-01 12:56:35,343] Trial 12 finished with value: 0.130676329891294 and parameters: {'confidence_threshold': 0.6670695753293601, 'training_days': 340, 'n_estimators': 498, 'max_depth': 5, 'num_leaves': 25, 'learning_rate': 0.04177264325494071, 'subsample': 0.8941395335595879, 'colsample_bytree': 0.6669454130036883, 'min_child_samples': 100, 'reg_alpha': 6.210448045058425, 'reg_lambda': 5.116535876235931e-07}. Best is trial 12 with value: 0.130676329891294.
[I 2026-06-01 12:56:35,588] Trial 13 finished with value: 0.0805564154344333 and parameters: {'confidence_threshold': 0.6865742981200051, 'training_days': 400, 'n_estimators': 436, 'max_depth': 3, 'num_leaves': 23, 'learning_rate': 0.028483584615231934, 'subsample': 0.8937837507513531, 'colsample_bytree': 0.5443982906148261, 'min_child_samples': 46, 'reg_alpha': 0.16415566591725667, 'reg_lambda': 5.773739425937502e-07}. Best is trial 12 with value: 0.130676329891294.
[I 2026-06-01 12:56:35,764] Trial 14 finished with value: 0.19180353204084943 and parameters: {'confidence_threshold': 0.6768809925534595, 'training_days': 310, 'n_estimators': 276, 'max_depth': 4, 'num_leaves': 29, 'learning_rate': 0.013490145922692041, 'subsample': 0.9646743619040078, 'colsample_bytree': 0.6937299455622933, 'min_child_samples': 97, 'reg_alpha': 2.84652550119345, 'reg_lambda': 0.002238160234885918}. Best is trial 14 with value: 0.19180353204084943.
[I 2026-06-01 12:56:35,935] Trial 15 finished with value: 0.1804203556038961 and parameters: {'confidence_threshold': 0.6970872133530517, 'training_days': 390, 'n_estimators': 255, 'max_depth': 4, 'num_leaves': 30, 'learning_rate': 0.012232870344667673, 'subsample': 0.9931576587601673, 'colsample_bytree': 0.6861577038357892, 'min_child_samples': 100, 'reg_alpha': 9.103531544676414, 'reg_lambda': 0.01942522303509738}. Best is trial 14 with value: 0.19180353204084943.
[I 2026-06-01 12:56:36,130] Trial 16 finished with value: 0.12020110932636192 and parameters: {'confidence_threshold': 0.7086649563588184, 'training_days': 500, 'n_estimators': 260, 'max_depth': 4, 'num_leaves': 32, 'learning_rate': 0.010214876848918546, 'subsample': 0.9847348077339052, 'colsample_bytree': 0.6982877056862742, 'min_child_samples': 99, 'reg_alpha': 0.033477114555910036, 'reg_lambda': 0.40138366841685913}. Best is trial 14 with value: 0.19180353204084943.
[I 2026-06-01 12:56:36,295] Trial 17 finished with value: -1.8108008747275033 and parameters: {'confidence_threshold': 0.8278557618575797, 'training_days': 410, 'n_estimators': 229, 'max_depth': 4, 'num_leaves': 35, 'learning_rate': 0.014930359767147966, 'subsample': 0.9405197315508822, 'colsample_bytree': 0.5793374884475764, 'min_child_samples': 87, 'reg_alpha': 7.284070645541434, 'reg_lambda': 0.020039636744228144}. Best is trial 14 with value: 0.19180353204084943.
[I 2026-06-01 12:56:36,403] A new study created in memory with name: no-name-457dbf4d-d4d9-4c8d-837a-04c7deb22535

    [CV fold 0] train_end=2020-08-22 08:00 | val_start=2020-08-30 00:00 | gap=184h (22 rows)
    [CV fold 1] train_end=2020-12-20 16:00 | val_start=2020-12-28 08:00 | gap=184h (22 rows)
    [CV fold 2] train_end=2021-04-20 00:00 | val_start=2021-04-27 16:00 | gap=184h (22 rows)
    [CV fold 3] train_end=2021-08-18 08:00 | val_start=2021-08-26 00:00 | gap=184h (22 rows)
    [CV fold 4] train_end=2021-12-16 16:00 | val_start=2021-12-24 08:00 | gap=184h (22 rows)
    [trial 0] Sharpe=0.1345 (folds: 0.2483, 0.2447, 0.0083, 0.1112, 0.0597)
    [trial 1] 48 features, training_days=420 | threshold=0.839 | labels: 1209 long, 959 short (56/44%)
    [trial 1] Sharpe=-2.0470 (folds: 0.2586, -0.0139, 0.0250, -0.5048, -10.0000)
    [trial 2] 48 features, training_days=190 | threshold=0.602 | labels: 1209 long, 959 short (56/44%)
    [trial 2] Sharpe=0.0488 (folds: 0.2177, 0.0170, 0.0622, 0.0608, -0.1138)
    [trial 3] 48 features, training_days=490 | threshold=0.832 | labels: 1209 long, 959 short (56/44%)
    [trial 3] Sharpe=0.1027 (folds: 0.1834, 0.2445, 0.0801, 0.1489, -0.1436)
    [trial 4] 48 features, training_days=340 | threshold=0.591 | labels: 1209 long, 959 short (56/44%)
    [trial 4] Sharpe=0.1771 (folds: 0.3614, 0.3006, -0.0039, 0.2088, 0.0184)
    [trial 5] 48 features, training_days=50 | threshold=0.823 | labels: 1209 long, 959 short (56/44%)
    [trial 5] Sharpe=-0.1495 (folds: -0.2912, 0.1847, -0.4655, -0.0260, -0.1496)
    [trial 6] 48 features, training_days=410 | threshold=0.549 | labels: 1209 long, 959 short (56/44%)
    [trial 6] Sharpe=0.1902 (folds: 0.3793, 0.3177, -0.0064, 0.0870, 0.1736)
    [trial 7] 48 features, training_days=180 | threshold=0.526 | labels: 1209 long, 959 short (56/44%)
    [trial 7] Sharpe=0.1023 (folds: 0.2122, 0.2601, 0.0586, 0.0180, -0.0377)
    [trial 8] 48 features, training_days=240 | threshold=0.811 | labels: 1209 long, 959 short (56/44%)
    [trial 8] Sharpe=0.0915 (folds: 0.1817, 0.1482, 0.0106, 0.1216, -0.0046)
    [trial 9] 48 features, training_days=20 | threshold=0.538 | labels: 1209 long, 959 short (56/44%)
    [trial 9] Sharpe=0.0014 (folds: -0.5723, 0.3065, 0.1271, 0.0790, 0.0665)
    [trial 10] 48 features, training_days=350 | threshold=0.738 | labels: 1209 long, 959 short (56/44%)
    [trial 10] Sharpe=0.0994 (folds: 0.1837, 0.2821, 0.0368, 0.1251, -0.1308)
    [trial 11] 48 features, training_days=360 | threshold=0.587 | labels: 1209 long, 959 short (56/44%)
    [trial 11] Sharpe=0.1704 (folds: 0.3359, 0.3364, -0.0216, 0.1555, 0.0456)
    [trial 12] 48 features, training_days=330 | threshold=0.669 | labels: 1209 long, 959 short (56/44%)
    [trial 12] Sharpe=0.3567 (folds: 1.0477, 0.3556, -0.1114, 0.1372, 0.3543)
    [trial 13] 48 features, training_days=290 | threshold=0.694 | labels: 1209 long, 959 short (56/44%)
    [trial 13] Sharpe=0.2904 (folds: 1.0550, 0.2356, -0.0101, -0.0453, 0.2166)
    [trial 14] 48 features, training_days=300 | threshold=0.700 | labels: 1209 long, 959 short (56/44%)
    [trial 14] Sharpe=0.1873 (folds: 0.6076, 0.2976, 0.0645, -0.1378, 0.1044)
    [trial 15] 48 features, training_days=250 | threshold=0.738 | labels: 1209 long, 959 short (56/44%)
    [trial 15] Sharpe=0.1156 (folds: 0.2387, 0.2180, -0.1108, 0.1787, 0.0532)
    [trial 16] 48 features, training_days=140 | threshold=0.671 | labels: 1209 long, 959 short (56/44%)
    [trial 16] Sharpe=0.0588 (folds: 0.3562, 0.2201, -0.0576, 0.1682, -0.3929)
    [trial 17] 48 features, training_days=290 | threshold=0.665 | labels: 1209 long, 959 short (56/44%)
    [trial 17] Sharpe=0.2450 (folds: 0.4386, 0.3162, 0.0716, 0.1316, 0.2669)
  Optuna: 18 trials, best Sharpe = 0.3567
  Best params: n_estimators=58, max_depth=4, lr=0.0217, leaves=38
  Best confidence_threshold: 0.669
  Best training_days: 330
  Retrained on full data (990 samples, 48 features)
  [ensemble 2/3] seed=123
    [trial 0] 48 features, training_days=150 | threshold=0.744 | labels: 1209 long, 959 short (56/44%)
    [CV fold 0] train_end=2020-08-22 08:00 | val_start=2020-08-30 00:00 | gap=184h (22 rows)
    [CV fold 1] train_end=2020-12-20 16:00 | val_start=2020-12-28 08:00 | gap=184h (22 rows)
    [CV fold 2] train_end=2021-04-20 00:00 | val_start=2021-04-27 16:00 | gap=184h (22 rows)
    [CV fold 3] train_end=2021-08-18 08:00 | val_start=2021-08-26 00:00 | gap=184h (22 rows)
    [CV fold 4] train_end=2021-12-16 16:00 | val_start=2021-12-24 08:00 | gap=184h (22 rows)
    [trial 0] Sharpe=0.0555 (folds: 0.2141, 0.1925, 0.0569, 0.1253, -0.3111)
    [trial 1] 48 features, training_days=220 | threshold=0.755 | labels: 1209 long, 959 short (56/44%)
    [trial 1] Sharpe=0.0035 (folds: 0.8130, 0.0414, 0.0144, -0.2992, -0.5520)
    [trial 2] 48 features, training_days=310 | threshold=0.754 | labels: 1209 long, 959 short (56/44%)
    [trial 2] Sharpe=0.0542 (folds: 0.0477, 0.1856, 0.0308, 0.0590, -0.0521)
    [trial 3] 48 features, training_days=220 | threshold=0.673 | labels: 1209 long, 959 short (56/44%)
    [trial 3] Sharpe=0.0837 (folds: 0.1733, 0.1874, 0.0958, 0.0186, -0.0568)
    [trial 4] 48 features, training_days=130 | threshold=0.803 | labels: 1209 long, 959 short (56/44%)
    [trial 4] Sharpe=0.0708 (folds: 0.1886, 0.2110, -0.0451, 0.1698, -0.1704)
    [trial 5] 48 features, training_days=210 | threshold=0.606 | labels: 1209 long, 959 short (56/44%)
    [trial 5] Sharpe=0.1232 (folds: 0.1841, 0.2168, 0.0749, 0.0904, 0.0500)
    [trial 6] 48 features, training_days=130 | threshold=0.767 | labels: 1209 long, 959 short (56/44%)
    [trial 6] Sharpe=0.0878 (folds: 0.0973, 0.3160, -0.0007, 0.1220, -0.0957)
    [trial 7] 48 features, training_days=80 | threshold=0.556 | labels: 1209 long, 959 short (56/44%)
    [trial 7] Sharpe=-0.0609 (folds: -0.2382, 0.1955, -0.2750, 0.0160, -0.0029)
    [trial 8] 48 features, training_days=200 | threshold=0.607 | labels: 1209 long, 959 short (56/44%)
    [trial 8] Sharpe=0.1017 (folds: 0.1792, 0.2142, 0.0618, 0.0674, -0.0142)
    [trial 9] 48 features, training_days=260 | threshold=0.620 | labels: 1209 long, 959 short (56/44%)
    [trial 9] Sharpe=0.1300 (folds: 0.2308, 0.2202, 0.0531, 0.1565, -0.0108)
    [trial 10] 48 features, training_days=470 | threshold=0.534 | labels: 1209 long, 959 short (56/44%)
    [trial 10] Sharpe=0.0966 (folds: 0.1668, 0.2446, 0.0307, 0.1166, -0.0757)
    [trial 11] 48 features, training_days=340 | threshold=0.633 | labels: 1209 long, 959 short (56/44%)
    [trial 11] Sharpe=0.1283 (folds: 0.2424, 0.2359, 0.0008, 0.0867, 0.0755)
    [trial 12] 48 features, training_days=340 | threshold=0.667 | labels: 1209 long, 959 short (56/44%)
    [trial 12] Sharpe=0.1307 (folds: 0.3003, 0.2649, -0.0203, 0.1056, 0.0029)
    [trial 13] 48 features, training_days=400 | threshold=0.687 | labels: 1209 long, 959 short (56/44%)
    [trial 13] Sharpe=0.0806 (folds: 0.1624, 0.1898, 0.0228, 0.1141, -0.0863)
    [trial 14] 48 features, training_days=310 | threshold=0.677 | labels: 1209 long, 959 short (56/44%)
    [trial 14] Sharpe=0.1918 (folds: 0.4210, 0.3110, 0.0040, 0.0905, 0.1326)
    [trial 15] 48 features, training_days=390 | threshold=0.697 | labels: 1209 long, 959 short (56/44%)
    [trial 15] Sharpe=0.1804 (folds: 0.5400, 0.3147, -0.1191, 0.1841, -0.0177)
    [trial 16] 48 features, training_days=500 | threshold=0.709 | labels: 1209 long, 959 short (56/44%)
    [trial 16] Sharpe=0.1202 (folds: 0.5703, 0.2797, -0.1047, 0.1082, -0.2525)
    [trial 17] 48 features, training_days=410 | threshold=0.828 | labels: 1209 long, 959 short (56/44%)
    [trial 17] Sharpe=-1.8108 (folds: 1.0442, 0.0188, -0.0245, -0.0925, -10.0000)
  Optuna: 18 trials, best Sharpe = 0.1918
  Best params: n_estimators=276, max_depth=4, lr=0.0135, leaves=29
  Best confidence_threshold: 0.677
  Best training_days: 310
  Retrained on full data (930 samples, 48 features)
  [ensemble 3/3] seed=456
    [trial 0] 48 features, training_days=90 | threshold=0.587 | labels: 1209 long, 959 short (56/44%)
    [CV fold 0] train_end=2020-08-22 08:00 | val_start=2020-08-30 00:00 | gap=184h (22 rows)
    [CV fold 1] train_end=2020-12-20 16:00 | val_start=2020-12-28 08:00 | gap=184h (22 rows)
    [CV fold 2] train_end=2021-04-20 00:00 | val_start=2021-04-27 16:00 | gap=184h (22 rows)[I 2026-06-01 12:56:36,605] Trial 0 finished with value: 0.02842385926468279 and parameters: {'confidence_threshold': 0.5870645682749857, 'training_days': 90, 'n_estimators': 403, 'max_depth': 5, 'num_leaves': 45, 'learning_rate': 0.0780457193679974, 'subsample': 0.9428509515574568, 'colsample_bytree': 0.8795587339164916, 'min_child_samples': 34, 'reg_alpha': 2.2465901234314442e-07, 'reg_lambda': 8.339007036475363e-05}. Best is trial 0 with value: 0.02842385926468279.
[I 2026-06-01 12:56:36,707] Trial 1 finished with value: 0.14617952882644478 and parameters: {'confidence_threshold': 0.6348453934275313, 'training_days': 290, 'n_estimators': 115, 'max_depth': 5, 'num_leaves': 37, 'learning_rate': 0.06949568759029946, 'subsample': 0.8228505074024268, 'colsample_bytree': 0.8616703220431751, 'min_child_samples': 75, 'reg_alpha': 4.2486822725010923e-07, 'reg_lambda': 1.157247767047042e-07}. Best is trial 1 with value: 0.14617952882644478.
[I 2026-06-01 12:56:36,726] Trial 2 finished with value: -0.1602423517177038 and parameters: {'confidence_threshold': 0.5849570384370288, 'training_days': 10, 'n_estimators': 212, 'max_depth': 3, 'num_leaves': 41, 'learning_rate': 0.18452095998378365, 'subsample': 0.6001060822924371, 'colsample_bytree': 0.5673167293506167, 'min_child_samples': 37, 'reg_alpha': 5.733250064217131, 'reg_lambda': 0.5308454292595461}. Best is trial 1 with value: 0.14617952882644478.
[I 2026-06-01 12:56:36,801] Trial 3 finished with value: 0.12581893554562845 and parameters: {'confidence_threshold': 0.6868248626683718, 'training_days': 220, 'n_estimators': 134, 'max_depth': 3, 'num_leaves': 45, 'learning_rate': 0.033529007907491595, 'subsample': 0.8647277071858408, 'colsample_bytree': 0.778494116634046, 'min_child_samples': 96, 'reg_alpha': 2.409409937265785e-07, 'reg_lambda': 1.1642073478060009}. Best is trial 1 with value: 0.14617952882644478.
[I 2026-06-01 12:56:36,883] Trial 4 finished with value: 0.1118180578076314 and parameters: {'confidence_threshold': 0.5623121348350352, 'training_days': 300, 'n_estimators': 69, 'max_depth': 4, 'num_leaves': 32, 'learning_rate': 0.14967629360700346, 'subsample': 0.5054535233636654, 'colsample_bytree': 0.7401385194659216, 'min_child_samples': 27, 'reg_alpha': 1.4212042567426725e-07, 'reg_lambda': 0.23605753701352003}. Best is trial 1 with value: 0.14617952882644478.
[I 2026-06-01 12:56:37,264] Trial 5 finished with value: 0.07618001812541268 and parameters: {'confidence_threshold': 0.7111850244908446, 'training_days': 490, 'n_estimators': 362, 'max_depth': 5, 'num_leaves': 40, 'learning_rate': 0.05960785724162737, 'subsample': 0.5589714368907717, 'colsample_bytree': 0.6659006943232806, 'min_child_samples': 42, 'reg_alpha': 0.6741360303045295, 'reg_lambda': 6.054601607143087e-08}. Best is trial 1 with value: 0.14617952882644478.
[I 2026-06-01 12:56:37,426] Trial 6 finished with value: 0.12529429134877648 and parameters: {'confidence_threshold': 0.667482545748023, 'training_days': 420, 'n_estimators': 279, 'max_depth': 3, 'num_leaves': 45, 'learning_rate': 0.040099592560849204, 'subsample': 0.8563114696415159, 'colsample_bytree': 0.5442917781944105, 'min_child_samples': 50, 'reg_alpha': 1.6407916423707903e-08, 'reg_lambda': 2.935907642973286e-05}. Best is trial 1 with value: 0.14617952882644478.
[I 2026-06-01 12:56:37,570] Trial 7 finished with value: 0.056896697766280147 and parameters: {'confidence_threshold': 0.5497381024139926, 'training_days': 120, 'n_estimators': 408, 'max_depth': 5, 'num_leaves': 38, 'learning_rate': 0.28049122657745795, 'subsample': 0.8806573338635493, 'colsample_bytree': 0.5454054113547102, 'min_child_samples': 63, 'reg_alpha': 0.01263008637940408, 'reg_lambda': 0.04588020805366937}. Best is trial 1 with value: 0.14617952882644478.
[I 2026-06-01 12:56:37,804] Trial 8 finished with value: 0.11803113812047945 and parameters: {'confidence_threshold': 0.719644804808716, 'training_days': 450, 'n_estimators': 410, 'max_depth': 4, 'num_leaves': 57, 'learning_rate': 0.04022026551478857, 'subsample': 0.5336085426932707, 'colsample_bytree': 0.5705742850577543, 'min_child_samples': 100, 'reg_alpha': 5.916398047912201e-07, 'reg_lambda': 0.9794034214488329}. Best is trial 1 with value: 0.14617952882644478.
[I 2026-06-01 12:56:37,824] Trial 9 finished with value: -5.922898835547128 and parameters: {'confidence_threshold': 0.7267463643917187, 'training_days': 20, 'n_estimators': 337, 'max_depth': 5, 'num_leaves': 23, 'learning_rate': 0.022153031811454605, 'subsample': 0.6305627572358737, 'colsample_bytree': 0.6613413774216214, 'min_child_samples': 81, 'reg_alpha': 5.7638634029410314e-08, 'reg_lambda': 8.26603016764008}. Best is trial 1 with value: 0.14617952882644478.
[I 2026-06-01 12:56:37,966] Trial 10 finished with value: -1.8850197683774828 and parameters: {'confidence_threshold': 0.8398533911817929, 'training_days': 320, 'n_estimators': 181, 'max_depth': 4, 'num_leaves': 15, 'learning_rate': 0.013684491588422613, 'subsample': 0.7320664585010437, 'colsample_bytree': 0.9944479338273263, 'min_child_samples': 74, 'reg_alpha': 4.136971884522066e-05, 'reg_lambda': 1.4599322889399585e-08}. Best is trial 1 with value: 0.14617952882644478.
[I 2026-06-01 12:56:38,014] Trial 11 finished with value: 0.13042097635782327 and parameters: {'confidence_threshold': 0.6435110568867387, 'training_days': 210, 'n_estimators': 53, 'max_depth': 3, 'num_leaves': 54, 'learning_rate': 0.09545304377912815, 'subsample': 0.7822362848789972, 'colsample_bytree': 0.8566211708639163, 'min_child_samples': 100, 'reg_alpha': 2.5646023357365184e-05, 'reg_lambda': 1.8393286658602933e-06}. Best is trial 1 with value: 0.14617952882644478.
[I 2026-06-01 12:56:38,067] Trial 12 finished with value: 0.12058812940588866 and parameters: {'confidence_threshold': 0.6312717333908874, 'training_days': 220, 'n_estimators': 54, 'max_depth': 3, 'num_leaves': 63, 'learning_rate': 0.09265206884400709, 'subsample': 0.7554010767848054, 'colsample_bytree': 0.8843111708753615, 'min_child_samples': 82, 'reg_alpha': 2.8799691672879213e-05, 'reg_lambda': 1.1532086430124854e-06}. Best is trial 1 with value: 0.14617952882644478.
[I 2026-06-01 12:56:38,181] Trial 13 finished with value: 0.1095537647508595 and parameters: {'confidence_threshold': 0.5040535938350955, 'training_days': 350, 'n_estimators': 123, 'max_depth': 4, 'num_leaves': 53, 'learning_rate': 0.11842510796771445, 'subsample': 0.7418566148836822, 'colsample_bytree': 0.8717336803460861, 'min_child_samples': 67, 'reg_alpha': 8.465942575614097e-06, 'reg_lambda': 1.8799948266058237e-06}. Best is trial 1 with value: 0.14617952882644478.
[I 2026-06-01 12:56:38,386] Trial 14 finished with value: 0.036043102746741704 and parameters: {'confidence_threshold': 0.7723320301796328, 'training_days': 170, 'n_estimators': 500, 'max_depth': 4, 'num_leaves': 31, 'learning_rate': 0.06572301414583324, 'subsample': 0.7900379222047733, 'colsample_bytree': 0.988495325225795, 'min_child_samples': 89, 'reg_alpha': 0.0006732687992177285, 'reg_lambda': 0.0019530823330849093}. Best is trial 1 with value: 0.14617952882644478.
[I 2026-06-01 12:56:38,506] Trial 15 finished with value: 0.11103769560983348 and parameters: {'confidence_threshold': 0.6428767796013061, 'training_days': 250, 'n_estimators': 109, 'max_depth': 5, 'num_leaves': 52, 'learning_rate': 0.2564327358480658, 'subsample': 0.6860540431152082, 'colsample_bytree': 0.8129764381129657, 'min_child_samples': 51, 'reg_alpha': 0.002133995302102601, 'reg_lambda': 5.321397038151458e-07}. Best is trial 1 with value: 0.14617952882644478.
[I 2026-06-01 12:56:38,659] Trial 16 finished with value: 0.1088672831089075 and parameters: {'confidence_threshold': 0.6388779883939387, 'training_days': 380, 'n_estimators': 216, 'max_depth': 3, 'num_leaves': 32, 'learning_rate': 0.11244157386866539, 'subsample': 0.9682632526518532, 'colsample_bytree': 0.9373223525891455, 'min_child_samples': 88, 'reg_alpha': 6.089431141504192e-06, 'reg_lambda': 1.375021948721695e-05}. Best is trial 1 with value: 0.14617952882644478.
