[I 2026-06-01 13:00:24,864] Trial 11 finished with value: 0.017399942494542648 and parameters: {'confidence_threshold': 0.5077463503498806, 'training_days': 480, 'n_estimators': 245, 'max_depth': 3, 'num_leaves': 49, 'learning_rate': 0.047907454503262954, 'subsample': 0.9939949979825393, 'colsample_bytree': 0.9864508096204552, 'min_child_samples': 89, 'reg_alpha': 6.406297885587639e-07, 'reg_lambda': 1.0031010917688901e-08}. Best is trial 7 with value: 0.06394346136800766.
[I 2026-06-01 13:00:24,897] Trial 12 finished with value: -2.009461399980311 and parameters: {'confidence_threshold': 0.66034247783242, 'training_days': 10, 'n_estimators': 459, 'max_depth': 4, 'num_leaves': 48, 'learning_rate': 0.046905974008408464, 'subsample': 0.9918302937157114, 'colsample_bytree': 0.6669454130036883, 'min_child_samples': 47, 'reg_alpha': 5.828909593622513e-07, 'reg_lambda': 4.2084308291483265e-07}. Best is trial 7 with value: 0.06394346136800766.
[I 2026-06-01 13:00:24,944] Trial 13 finished with value: -0.03795632075627645 and parameters: {'confidence_threshold': 0.7129257884245761, 'training_days': 120, 'n_estimators': 53, 'max_depth': 3, 'num_leaves': 55, 'learning_rate': 0.06910557097515196, 'subsample': 0.9227064439647955, 'colsample_bytree': 0.5443982906148261, 'min_child_samples': 47, 'reg_alpha': 2.026620404672971e-06, 'reg_lambda': 0.0031247055541074147}. Best is trial 7 with value: 0.06394346136800766.
[I 2026-06-01 13:00:25,001] Trial 14 finished with value: 0.06926764535604255 and parameters: {'confidence_threshold': 0.5659608707226916, 'training_days': 70, 'n_estimators': 181, 'max_depth': 4, 'num_leaves': 43, 'learning_rate': 0.03442741182013394, 'subsample': 0.8891415662862411, 'colsample_bytree': 0.9983252119032336, 'min_child_samples': 80, 'reg_alpha': 2.382456714227536e-08, 'reg_lambda': 1.225712991181481e-06}. Best is trial 14 with value: 0.06926764535604255.
[I 2026-06-01 13:00:25,033] Trial 15 finished with value: -3.958199482624874 and parameters: {'confidence_threshold': 0.5551423717289238, 'training_days': 60, 'n_estimators': 214, 'max_depth': 4, 'num_leaves': 33, 'learning_rate': 0.027436894852676693, 'subsample': 0.8809601138794614, 'colsample_bytree': 0.9973735403541777, 'min_child_samples': 82, 'reg_alpha': 1.1430556990263622e-08, 'reg_lambda': 6.2999517590895e-07}. Best is trial 14 with value: 0.06926764535604255.
[I 2026-06-01 13:00:25,225] Trial 16 finished with value: 0.005661610595457991 and parameters: {'confidence_threshold': 0.5519956330926854, 'training_days': 350, 'n_estimators': 311, 'max_depth': 3, 'num_leaves': 43, 'learning_rate': 0.1314736552765009, 'subsample': 0.6850821925623382, 'colsample_bytree': 0.9269983158211239, 'min_child_samples': 99, 'reg_alpha': 1.5574845105570906e-07, 'reg_lambda': 2.6589224612714156e-08}. Best is trial 14 with value: 0.06926764535604255.
[I 2026-06-01 13:00:25,310] Trial 17 finished with value: 0.03080398854168127 and parameters: {'confidence_threshold': 0.5679741403932025, 'training_days': 70, 'n_estimators': 429, 'max_depth': 5, 'num_leaves': 27, 'learning_rate': 0.01081372288765719, 'subsample': 0.7233043362051199, 'colsample_bytree': 0.699438795797602, 'min_child_samples': 85, 'reg_alpha': 0.031339913113165224, 'reg_lambda': 1.3351193442445375e-07}. Best is trial 14 with value: 0.06926764535604255.
[I 2026-06-01 13:00:25,602] A new study created in memory with name: no-name-38eaac5b-7612-4cd1-8d18-d0b93f53934f
[I 2026-06-01 13:00:25,793] Trial 0 finished with value: -0.051288478009910564 and parameters: {'confidence_threshold': 0.5870645682749857, 'training_days': 90, 'n_estimators': 403, 'max_depth': 5, 'num_leaves': 45, 'learning_rate': 0.0780457193679974, 'subsample': 0.9428509515574568, 'colsample_bytree': 0.8795587339164916, 'min_child_samples': 34, 'reg_alpha': 2.2465901234314442e-07, 'reg_lambda': 8.339007036475363e-05}. Best is trial 0 with value: -0.051288478009910564.
[I 2026-06-01 13:00:25,895] Trial 1 finished with value: 0.012700069983124024 and parameters: {'confidence_threshold': 0.6348453934275313, 'training_days': 290, 'n_estimators': 115, 'max_depth': 5, 'num_leaves': 37, 'learning_rate': 0.06949568759029946, 'subsample': 0.8228505074024268, 'colsample_bytree': 0.8616703220431751, 'min_child_samples': 75, 'reg_alpha': 4.2486822725010923e-07, 'reg_lambda': 1.157247767047042e-07}. Best is trial 1 with value: 0.012700069983124024.
[I 2026-06-01 13:00:25,916] Trial 2 finished with value: -2.009461399980311 and parameters: {'confidence_threshold': 0.5849570384370288, 'training_days': 10, 'n_estimators': 212, 'max_depth': 3, 'num_leaves': 41, 'learning_rate': 0.18452095998378365, 'subsample': 0.6001060822924371, 'colsample_bytree': 0.5673167293506167, 'min_child_samples': 37, 'reg_alpha': 5.733250064217131, 'reg_lambda': 0.5308454292595461}. Best is trial 1 with value: 0.012700069983124024.
[I 2026-06-01 13:00:25,991] Trial 3 finished with value: 0.047130059550750295 and parameters: {'confidence_threshold': 0.6868248626683718, 'training_days': 220, 'n_estimators': 134, 'max_depth': 3, 'num_leaves': 45, 'learning_rate': 0.033529007907491595, 'subsample': 0.8647277071858408, 'colsample_bytree': 0.778494116634046, 'min_child_samples': 96, 'reg_alpha': 2.409409937265785e-07, 'reg_lambda': 1.1642073478060009}. Best is trial 3 with value: 0.047130059550750295.
[I 2026-06-01 13:00:26,077] Trial 4 finished with value: 0.05339488284345373 and parameters: {'confidence_threshold': 0.5623121348350352, 'training_days': 300, 'n_estimators': 69, 'max_depth': 4, 'num_leaves': 32, 'learning_rate': 0.14967629360700346, 'subsample': 0.5054535233636654, 'colsample_bytree': 0.7401385194659216, 'min_child_samples': 27, 'reg_alpha': 1.4212042567426725e-07, 'reg_lambda': 0.23605753701352003}. Best is trial 4 with value: 0.05339488284345373.
[I 2026-06-01 13:00:26,530] Trial 5 finished with value: 0.015327988582495445 and parameters: {'confidence_threshold': 0.7111850244908446, 'training_days': 490, 'n_estimators': 362, 'max_depth': 5, 'num_leaves': 40, 'learning_rate': 0.05960785724162737, 'subsample': 0.5589714368907717, 'colsample_bytree': 0.6659006943232806, 'min_child_samples': 42, 'reg_alpha': 0.6741360303045295, 'reg_lambda': 6.054601607143087e-08}. Best is trial 4 with value: 0.05339488284345373.

    [trial 6] 48 features, training_days=410 | threshold=0.549 | labels: 1147 long, 1024 short (53/47%)
    [trial 6] Sharpe=0.0309 (folds: -0.2911, -0.2244, 0.1109, 0.3661, 0.1932)
    [trial 7] 48 features, training_days=180 | threshold=0.526 | labels: 1147 long, 1024 short (53/47%)
    [trial 7] Sharpe=0.0114 (folds: -0.1740, -0.1421, 0.0997, 0.1606, 0.1128)
    [trial 8] 48 features, training_days=240 | threshold=0.811 | labels: 1147 long, 1024 short (53/47%)
    [trial 8] Sharpe=-0.0943 (folds: -0.3072, -0.2813, 0.0830, 0.2538, -0.2197)
    [trial 9] 48 features, training_days=20 | threshold=0.538 | labels: 1147 long, 1024 short (53/47%)
    [trial 9] Sharpe=-0.1474 (folds: -0.3433, -0.1234, -0.1527, -0.4692, 0.3517)
    [trial 10] 48 features, training_days=350 | threshold=0.694 | labels: 1147 long, 1024 short (53/47%)
    [trial 10] Sharpe=0.0196 (folds: -0.2651, -0.2043, 0.2348, 0.1633, 0.1692)
    [trial 11] 48 features, training_days=480 | threshold=0.679 | labels: 1147 long, 1024 short (53/47%)
    [trial 11] Sharpe=0.0210 (folds: -0.2456, -0.1990, 0.1189, 0.2293, 0.2015)
    [trial 12] 48 features, training_days=380 | threshold=0.600 | labels: 1147 long, 1024 short (53/47%)
    [trial 12] Sharpe=0.0278 (folds: -0.2660, -0.1010, 0.1402, 0.2114, 0.1544)
    [trial 13] 48 features, training_days=430 | threshold=0.732 | labels: 1147 long, 1024 short (53/47%)
    [trial 13] Sharpe=0.0300 (folds: -0.2500, -0.3387, 0.2459, 0.3680, 0.1251)
    [trial 14] 48 features, training_days=280 | threshold=0.566 | labels: 1147 long, 1024 short (53/47%)
    [trial 14] Sharpe=-0.0029 (folds: -0.2121, -0.0781, 0.0007, 0.1870, 0.0880)
    [trial 15] 48 features, training_days=500 | threshold=0.646 | labels: 1147 long, 1024 short (53/47%)
    [trial 15] Sharpe=0.0696 (folds: -0.3193, -0.1023, 0.1517, 0.2492, 0.3688)
    [trial 16] 48 features, training_days=470 | threshold=0.639 | labels: 1147 long, 1024 short (53/47%)
    [trial 16] Sharpe=0.0253 (folds: -0.2228, -0.0861, 0.0703, 0.1347, 0.2304)
    [trial 17] 48 features, training_days=500 | threshold=0.730 | labels: 1147 long, 1024 short (53/47%)
    [trial 17] Sharpe=0.0051 (folds: -0.2573, -0.1307, 0.0517, 0.0770, 0.2848)
  Optuna: 18 trials, best Sharpe = 0.0696
  Best params: n_estimators=52, max_depth=5, lr=0.1165, leaves=51
  Best confidence_threshold: 0.646
  Best training_days: 500
  Retrained on full data (1500 samples, 48 features)
  [ensemble 2/3] seed=123
    [trial 0] 48 features, training_days=150 | threshold=0.744 | labels: 1147 long, 1024 short (53/47%)
    [CV fold 0] train_end=2022-07-24 08:00 | val_start=2022-08-01 00:00 | gap=184h (22 rows)
    [CV fold 1] train_end=2022-11-21 16:00 | val_start=2022-11-29 08:00 | gap=184h (22 rows)
    [CV fold 2] train_end=2023-03-22 00:00 | val_start=2023-03-29 16:00 | gap=184h (22 rows)
    [CV fold 3] train_end=2023-07-20 08:00 | val_start=2023-07-28 00:00 | gap=184h (22 rows)
    [CV fold 4] train_end=2023-11-17 16:00 | val_start=2023-11-25 08:00 | gap=184h (22 rows)
    [trial 0] Sharpe=0.0540 (folds: -0.2511, -0.2886, 0.4164, 0.2547, 0.1387)
    [trial 1] 48 features, training_days=220 | threshold=0.755 | labels: 1147 long, 1024 short (53/47%)
    [trial 1] Sharpe=-0.0056 (folds: -1.0497, -0.5749, 0.5568, 1.0546, -0.0147)
    [trial 2] 48 features, training_days=310 | threshold=0.754 | labels: 1147 long, 1024 short (53/47%)
    [trial 2] Sharpe=-0.0068 (folds: -0.3337, -0.1981, 0.0952, 0.1545, 0.2482)
    [trial 3] 48 features, training_days=220 | threshold=0.673 | labels: 1147 long, 1024 short (53/47%)
    [trial 3] Sharpe=0.0092 (folds: -0.2796, -0.0209, 0.0556, 0.2441, 0.0467)
    [trial 4] 48 features, training_days=130 | threshold=0.803 | labels: 1147 long, 1024 short (53/47%)
    [trial 4] Sharpe=0.0132 (folds: -0.2424, -0.0448, 0.2986, -0.0011, 0.0558)
    [trial 5] 48 features, training_days=210 | threshold=0.606 | labels: 1147 long, 1024 short (53/47%)
    [trial 5] Sharpe=-0.0043 (folds: -0.2672, -0.0698, 0.0982, 0.2495, -0.0324)
    [trial 6] 48 features, training_days=130 | threshold=0.767 | labels: 1147 long, 1024 short (53/47%)
    [trial 6] Sharpe=0.0184 (folds: -0.1974, -0.0135, 0.1333, 0.1301, 0.0397)
    [trial 7] 48 features, training_days=80 | threshold=0.556 | labels: 1147 long, 1024 short (53/47%)
    [trial 7] Sharpe=0.0639 (folds: -0.2198, 0.0758, 0.0476, 0.1017, 0.3144)
    [trial 8] 48 features, training_days=200 | threshold=0.607 | labels: 1147 long, 1024 short (53/47%)
    [trial 8] Sharpe=0.0171 (folds: -0.2653, -0.0269, 0.1409, 0.1783, 0.0583)
    [trial 9] 48 features, training_days=260 | threshold=0.620 | labels: 1147 long, 1024 short (53/47%)
    [trial 9] Sharpe=0.0029 (folds: -0.2457, -0.0896, 0.1244, 0.1483, 0.0769)
    [trial 10] 48 features, training_days=10 | threshold=0.525 | labels: 1147 long, 1024 short (53/47%)
    [trial 10] Sharpe=0.0340 (folds: 0.0895, 0.2173, -0.0193, -0.4692, 0.3517)
    [trial 11] 48 features, training_days=480 | threshold=0.508 | labels: 1147 long, 1024 short (53/47%)
    [trial 11] Sharpe=0.0174 (folds: -0.2751, -0.0592, 0.0672, 0.1641, 0.1899)
    [trial 12] 48 features, training_days=10 | threshold=0.660 | labels: 1147 long, 1024 short (53/47%)
    [trial 12] Sharpe=-2.0095 (folds: 0.0895, -10.0000, -0.0193, -0.4692, 0.3517)
    [trial 13] 48 features, training_days=120 | threshold=0.713 | labels: 1147 long, 1024 short (53/47%)
    [trial 13] Sharpe=-0.0380 (folds: -0.4078, -0.1087, 0.2520, -0.0044, 0.0791)
    [trial 14] 48 features, training_days=70 | threshold=0.566 | labels: 1147 long, 1024 short (53/47%)
    [trial 14] Sharpe=0.0693 (folds: -0.2574, 0.0090, 0.1979, 0.1112, 0.2856)
    [trial 15] 48 features, training_days=60 | threshold=0.555 | labels: 1147 long, 1024 short (53/47%)
    [trial 15] Sharpe=-3.9582 (folds: -10.0000, -0.1234, -0.0193, -10.0000, 0.3517)
    [trial 16] 48 features, training_days=350 | threshold=0.552 | labels: 1147 long, 1024 short (53/47%)
    [trial 16] Sharpe=0.0057 (folds: -0.3193, -0.0919, 0.1675, 0.1202, 0.1519)
    [trial 17] 48 features, training_days=70 | threshold=0.568 | labels: 1147 long, 1024 short (53/47%)
    [trial 17] Sharpe=0.0308 (folds: -0.2361, -0.1014, 0.0663, 0.1792, 0.2459)
  Optuna: 18 trials, best Sharpe = 0.0693
  Best params: n_estimators=181, max_depth=4, lr=0.0344, leaves=43
  Best confidence_threshold: 0.566
  Best training_days: 70
  Retrained on full data (210 samples, 48 features)
  [ensemble 3/3] seed=456
    [trial 0] 48 features, training_days=90 | threshold=0.587 | labels: 1147 long, 1024 short (53/47%)
    [CV fold 0] train_end=2022-07-24 08:00 | val_start=2022-08-01 00:00 | gap=184h (22 rows)
    [CV fold 1] train_end=2022-11-21 16:00 | val_start=2022-11-29 08:00 | gap=184h (22 rows)
    [CV fold 2] train_end=2023-03-22 00:00 | val_start=2023-03-29 16:00 | gap=184h (22 rows)
    [CV fold 3] train_end=2023-07-20 08:00 | val_start=2023-07-28 00:00 | gap=184h (22 rows)
    [CV fold 4] train_end=2023-11-17 16:00 | val_start=2023-11-25 08:00 | gap=184h (22 rows)
    [trial 0] Sharpe=-0.0513 (folds: -0.3667, -0.0839, 0.0974, -0.0694, 0.1661)
    [trial 1] 48 features, training_days=290 | threshold=0.635 | labels: 1147 long, 1024 short (53/47%)
    [trial 1] Sharpe=0.0127 (folds: -0.2682, -0.1371, 0.0613, 0.2282, 0.1793)
    [trial 2] 48 features, training_days=10 | threshold=0.585 | labels: 1147 long, 1024 short (53/47%)
    [trial 2] Sharpe=-2.0095 (folds: 0.0895, -10.0000, -0.0193, -0.4692, 0.3517)
    [trial 3] 48 features, training_days=220 | threshold=0.687 | labels: 1147 long, 1024 short (53/47%)
    [trial 3] Sharpe=0.0471 (folds: -0.2443, -0.0621, 0.1754, 0.5035, -0.1369)
    [trial 4] 48 features, training_days=300 | threshold=0.562 | labels: 1147 long, 1024 short (53/47%)
    [trial 4] Sharpe=0.0534 (folds: -0.2820, 0.0085, 0.1158, 0.1358, 0.2889)
    [trial 5] 48 features, training_days=490 | threshold=0.711 | labels: 1147 long, 1024 short (53/47%)
    [trial 5] Sharpe=0.0153 (folds: -0.2883, -0.1348, 0.0696, 0.1858, 0.2444)
    [trial 6] 48 features, training_days=420 | threshold=0.667 | labels: 1147 long, 1024 short (53/47%)
    [trial 6] Sharpe=0.0535 (folds: -0.2816, -0.0947, 0.1188, 0.2998, 0.2250)[I 2026-06-01 13:00:26,733] Trial 6 finished with value: 0.05345487668910136 and parameters: {'confidence_threshold': 0.667482545748023, 'training_days': 420, 'n_estimators': 279, 'max_depth': 3, 'num_leaves': 45, 'learning_rate': 0.040099592560849204, 'subsample': 0.8563114696415159, 'colsample_bytree': 0.5442917781944105, 'min_child_samples': 50, 'reg_alpha': 1.6407916423707903e-08, 'reg_lambda': 2.935907642973286e-05}. Best is trial 6 with value: 0.05345487668910136.
[I 2026-06-01 13:00:26,906] Trial 7 finished with value: 0.0005842722995044181 and parameters: {'confidence_threshold': 0.5497381024139926, 'training_days': 120, 'n_estimators': 408, 'max_depth': 5, 'num_leaves': 38, 'learning_rate': 0.28049122657745795, 'subsample': 0.8806573338635493, 'colsample_bytree': 0.5454054113547102, 'min_child_samples': 63, 'reg_alpha': 0.01263008637940408, 'reg_lambda': 0.04588020805366937}. Best is trial 6 with value: 0.05345487668910136.
[I 2026-06-01 13:00:27,170] Trial 8 finished with value: 0.00603579593687264 and parameters: {'confidence_threshold': 0.719644804808716, 'training_days': 450, 'n_estimators': 410, 'max_depth': 4, 'num_leaves': 57, 'learning_rate': 0.04022026551478857, 'subsample': 0.5336085426932707, 'colsample_bytree': 0.5705742850577543, 'min_child_samples': 100, 'reg_alpha': 5.916398047912201e-07, 'reg_lambda': 0.9794034214488329}. Best is trial 6 with value: 0.05345487668910136.
[I 2026-06-01 13:00:27,193] Trial 9 finished with value: -2.2176940575393442 and parameters: {'confidence_threshold': 0.7267463643917187, 'training_days': 20, 'n_estimators': 337, 'max_depth': 5, 'num_leaves': 23, 'learning_rate': 0.022153031811454605, 'subsample': 0.6305627572358737, 'colsample_bytree': 0.6613413774216214, 'min_child_samples': 81, 'reg_alpha': 5.7638634029410314e-08, 'reg_lambda': 8.26603016764008}. Best is trial 6 with value: 0.05345487668910136.
[I 2026-06-01 13:00:27,377] Trial 10 finished with value: -6.183578375384545 and parameters: {'confidence_threshold': 0.8283920119574972, 'training_days': 400, 'n_estimators': 240, 'max_depth': 3, 'num_leaves': 62, 'learning_rate': 0.011921022686883517, 'subsample': 0.7130289643560688, 'colsample_bytree': 0.9944479338273263, 'min_child_samples': 54, 'reg_alpha': 6.837313901272251e-05, 'reg_lambda': 2.741063772648371e-05}. Best is trial 6 with value: 0.05345487668910136.
[I 2026-06-01 13:00:27,470] Trial 11 finished with value: 0.049936019818045616 and parameters: {'confidence_threshold': 0.5379676273538253, 'training_days': 310, 'n_estimators': 53, 'max_depth': 4, 'num_leaves': 25, 'learning_rate': 0.1124439291556862, 'subsample': 0.7384269625592588, 'colsample_bytree': 0.6677492448297637, 'min_child_samples': 22, 'reg_alpha': 2.573708591509265e-05, 'reg_lambda': 0.0033293716187691694}. Best is trial 6 with value: 0.05345487668910136.
[I 2026-06-01 13:00:27,961] Trial 12 finished with value: 0.04935719165021997 and parameters: {'confidence_threshold': 0.8008961038526314, 'training_days': 380, 'n_estimators': 490, 'max_depth': 4, 'num_leaves': 30, 'learning_rate': 0.13007949331851176, 'subsample': 0.9912016966112274, 'colsample_bytree': 0.7688237932711304, 'min_child_samples': 20, 'reg_alpha': 1.578782038256806e-08, 'reg_lambda': 1.4304147444691813e-06}. Best is trial 6 with value: 0.05345487668910136.
[I 2026-06-01 13:00:28,094] Trial 13 finished with value: -0.010143872287791489 and parameters: {'confidence_threshold': 0.5040535938350955, 'training_days': 210, 'n_estimators': 181, 'max_depth': 4, 'num_leaves': 17, 'learning_rate': 0.020094703918199067, 'subsample': 0.7828410184206098, 'colsample_bytree': 0.5057176292212995, 'min_child_samples': 50, 'reg_alpha': 8.465942575614097e-06, 'reg_lambda': 0.002213814638104446}. Best is trial 6 with value: 0.05345487668910136.
[I 2026-06-01 13:00:28,289] Trial 14 finished with value: -0.017179237216703717 and parameters: {'confidence_threshold': 0.6439954054899397, 'training_days': 350, 'n_estimators': 282, 'max_depth': 3, 'num_leaves': 51, 'learning_rate': 0.27349873244637934, 'subsample': 0.6774290892659396, 'colsample_bytree': 0.8536267081796187, 'min_child_samples': 66, 'reg_alpha': 0.001975311898816492, 'reg_lambda': 5.453830306136823e-06}. Best is trial 6 with value: 0.05345487668910136.
[I 2026-06-01 13:00:28,522] Trial 15 finished with value: 0.03153785056354526 and parameters: {'confidence_threshold': 0.7594279795954488, 'training_days': 450, 'n_estimators': 300, 'max_depth': 3, 'num_leaves': 31, 'learning_rate': 0.11538657869346905, 'subsample': 0.5095075980971637, 'colsample_bytree': 0.62007722132989, 'min_child_samples': 30, 'reg_alpha': 4.399135734869746e-06, 'reg_lambda': 0.0013467843257158065}. Best is trial 6 with value: 0.05345487668910136.
[I 2026-06-01 13:00:28,596] Trial 16 finished with value: -0.012111465134775803 and parameters: {'confidence_threshold': 0.6271294915627879, 'training_days': 250, 'n_estimators': 53, 'max_depth': 4, 'num_leaves': 51, 'learning_rate': 0.04266871908460725, 'subsample': 0.9116770713851491, 'colsample_bytree': 0.7209162599055009, 'min_child_samples': 46, 'reg_alpha': 2.077292719016441e-06, 'reg_lambda': 0.031725862882062465}. Best is trial 6 with value: 0.05345487668910136.
[I 2026-06-01 13:00:28,745] Trial 17 finished with value: 0.021899878159888548 and parameters: {'confidence_threshold': 0.5911886590788379, 'training_days': 330, 'n_estimators': 178, 'max_depth': 3, 'num_leaves': 30, 'learning_rate': 0.02201894951926673, 'subsample': 0.8002407697944357, 'colsample_bytree': 0.9920053259992261, 'min_child_samples': 57, 'reg_alpha': 1.2085417367722102e-08, 'reg_lambda': 0.00024521850680081633}. Best is trial 6 with value: 0.05345487668910136.
[I 2026-06-01 13:00:29,323] A new study created in memory with name: no-name-52bc14c0-fb29-4704-9118-68d275646e9a
[I 2026-06-01 13:00:29,649] Trial 0 finished with value: 0.0017396312893937726 and parameters: {'confidence_threshold': 0.6310890415965769, 'training_days': 480, 'n_estimators': 380, 'max_depth': 4, 'num_leaves': 22, 'learning_rate': 0.01699897838270077, 'subsample': 0.5290418060840998, 'colsample_bytree': 0.9330880728874675, 'min_child_samples': 68, 'reg_alpha': 0.023585940584142682, 'reg_lambda': 1.5320059381854043e-08}. Best is trial 0 with value: 0.0017396312893937726.
[I 2026-06-01 13:00:29,775] Trial 1 finished with value: -6.117767721360627 and parameters: {'confidence_threshold': 0.839468448256698, 'training_days': 420, 'n_estimators': 145, 'max_depth': 3, 'num_leaves': 23, 'learning_rate': 0.028145092716060652, 'subsample': 0.762378215816119, 'colsample_bytree': 0.7159725093210578, 'min_child_samples': 43, 'reg_alpha': 0.0032112643094417484, 'reg_lambda': 1.8007140198129195e-07}. Best is trial 0 with value: 0.0017396312893937726.
[I 2026-06-01 13:00:29,935] Trial 2 finished with value: -0.011170212836159717 and parameters: {'confidence_threshold': 0.6022506269873263, 'training_days': 190, 'n_estimators': 255, 'max_depth': 5, 'num_leaves': 24, 'learning_rate': 0.05748924681991978, 'subsample': 0.7962072844310213, 'colsample_bytree': 0.5232252063599989, 'min_child_samples': 69, 'reg_alpha': 3.425445902633376e-07, 'reg_lambda': 3.850031979199519e-08}. Best is trial 0 with value: 0.0017396312893937726.
