[I 2026-06-01 13:01:54,094] Trial 1 finished with value: -1.7683747303029105 and parameters: {'confidence_threshold': 0.839468448256698, 'training_days': 420, 'n_estimators': 145, 'max_depth': 3, 'num_leaves': 23, 'learning_rate': 0.028145092716060652, 'subsample': 0.762378215816119, 'colsample_bytree': 0.7159725093210578, 'min_child_samples': 43, 'reg_alpha': 0.0032112643094417484, 'reg_lambda': 1.8007140198129195e-07}. Best is trial 0 with value: 0.11400686349010188.
[I 2026-06-01 13:01:54,266] Trial 2 finished with value: 0.0985326693521887 and parameters: {'confidence_threshold': 0.6022506269873263, 'training_days': 190, 'n_estimators': 255, 'max_depth': 5, 'num_leaves': 24, 'learning_rate': 0.05748924681991978, 'subsample': 0.7962072844310213, 'colsample_bytree': 0.5232252063599989, 'min_child_samples': 69, 'reg_alpha': 3.425445902633376e-07, 'reg_lambda': 3.850031979199519e-08}. Best is trial 0 with value: 0.11400686349010188.
[I 2026-06-01 13:01:54,530] Trial 3 finished with value: 0.14336273186270038 and parameters: {'confidence_threshold': 0.8321099380386666, 'training_days': 490, 'n_estimators': 414, 'max_depth': 3, 'num_leaves': 19, 'learning_rate': 0.1024932221692416, 'subsample': 0.7200762468698007, 'colsample_bytree': 0.5610191174223894, 'min_child_samples': 60, 'reg_alpha': 2.039373116525212e-08, 'reg_lambda': 1.527156759251193}. Best is trial 3 with value: 0.14336273186270038.
[I 2026-06-01 13:01:54,697] Trial 4 finished with value: 0.06914222670836048 and parameters: {'confidence_threshold': 0.5905729935600059, 'training_days': 340, 'n_estimators': 190, 'max_depth': 4, 'num_leaves': 41, 'learning_rate': 0.01875220945578641, 'subsample': 0.9847923138822793, 'colsample_bytree': 0.8875664116805573, 'min_child_samples': 96, 'reg_alpha': 1.1309571585271483, 'reg_lambda': 0.002404915432737351}. Best is trial 3 with value: 0.14336273186270038.

    [trial 0] Sharpe=0.0383 (folds: 0.0955, -0.0685, 0.1147, 0.0605, -0.0108)
    [trial 1] 48 features, training_days=290 | threshold=0.635 | labels: 1182 long, 989 short (54/46%)
    [trial 1] Sharpe=0.0338 (folds: 0.1225, 0.2876, -0.0215, -0.0674, -0.1520)
    [trial 2] 48 features, training_days=10 | threshold=0.585 | labels: 1182 long, 989 short (54/46%)
    [trial 2] Sharpe=-0.0597 (folds: -0.0592, 0.1342, -0.2925, 0.0967, -0.1778)
    [trial 3] 48 features, training_days=220 | threshold=0.687 | labels: 1182 long, 989 short (54/46%)
    [trial 3] Sharpe=0.0531 (folds: 0.1485, 0.4159, -0.0106, -0.0735, -0.2147)
    [trial 4] 48 features, training_days=300 | threshold=0.562 | labels: 1182 long, 989 short (54/46%)
    [trial 4] Sharpe=0.0569 (folds: 0.1180, 0.1534, 0.0733, 0.0032, -0.0636)
    [trial 5] 48 features, training_days=490 | threshold=0.711 | labels: 1182 long, 989 short (54/46%)
    [trial 5] Sharpe=0.0816 (folds: 0.1215, 0.2402, 0.1044, 0.0365, -0.0947)
    [trial 6] 48 features, training_days=420 | threshold=0.667 | labels: 1182 long, 989 short (54/46%)
    [trial 6] Sharpe=0.1088 (folds: 0.1322, 0.3071, -0.0567, 0.1606, 0.0006)
    [trial 7] 48 features, training_days=120 | threshold=0.550 | labels: 1182 long, 989 short (54/46%)
    [trial 7] Sharpe=0.0417 (folds: 0.1146, 0.0502, -0.0038, 0.0689, -0.0216)
    [trial 8] 48 features, training_days=450 | threshold=0.720 | labels: 1182 long, 989 short (54/46%)
    [trial 8] Sharpe=0.1129 (folds: 0.1534, 0.3485, 0.0436, 0.0936, -0.0747)
    [trial 9] 48 features, training_days=20 | threshold=0.727 | labels: 1182 long, 989 short (54/46%)
    [trial 9] Sharpe=-2.0591 (folds: -10.0000, 0.1342, -0.2925, 0.0404, -0.1778)
    [trial 10] 48 features, training_days=400 | threshold=0.828 | labels: 1182 long, 989 short (54/46%)
    [trial 10] Sharpe=0.2540 (folds: 0.3609, 0.2458, 0.0470, 0.1307, 0.4854)
    [trial 11] 48 features, training_days=400 | threshold=0.843 | labels: 1182 long, 989 short (54/46%)
    [trial 11] Sharpe=0.1664 (folds: 0.1883, 0.0017, -0.1626, 0.1638, 0.6405)
    [trial 12] 48 features, training_days=380 | threshold=0.844 | labels: 1182 long, 989 short (54/46%)
    [trial 12] Sharpe=0.1769 (folds: 0.1914, 0.3203, -0.0515, 0.1717, 0.2524)
    [trial 13] 48 features, training_days=340 | threshold=0.849 | labels: 1182 long, 989 short (54/46%)
    [trial 13] Sharpe=0.1081 (folds: 0.2483, 0.3701, 0.0647, -0.1833, 0.0409)
    [trial 14] 48 features, training_days=360 | threshold=0.792 | labels: 1182 long, 989 short (54/46%)
    [trial 14] Sharpe=0.0985 (folds: 0.2193, 0.3652, 0.0293, 0.0233, -0.1446)
    [trial 15] 48 features, training_days=220 | threshold=0.783 | labels: 1182 long, 989 short (54/46%)
    [trial 15] Sharpe=0.0324 (folds: 0.1593, 0.4109, -0.1394, -0.1093, -0.1597)
    [trial 16] 48 features, training_days=500 | threshold=0.790 | labels: 1182 long, 989 short (54/46%)
    [trial 16] Sharpe=0.1424 (folds: 0.2768, 0.3252, 0.0632, -0.1137, 0.1606)
    [trial 17] 48 features, training_days=360 | threshold=0.508 | labels: 1182 long, 989 short (54/46%)
    [trial 17] Sharpe=0.0564 (folds: 0.1054, 0.2298, 0.0400, 0.0962, -0.1895)
  Optuna: 18 trials, best Sharpe = 0.2540
  Best params: n_estimators=485, max_depth=4, lr=0.0119, leaves=63
  Best confidence_threshold: 0.828
  Best training_days: 400
  Retrained on full data (1200 samples, 48 features)
  OOD: 16 features, cutoff (q=0.7) = 10.17
  Model trained for 2024-11: 90 test candles with features, confidence_threshold=0.808
[lgbm] === Training for 2024-12 ===
  Train window: 2022-12-01 → 2024-11-23
  2171 training samples from 1 symbols
  Samples per month: 2022-12: 93, 2023-01: 93, 2023-02: 84, 2023-03: 93, 2023-04: 90, 2023-05: 93, 2023-06: 90, 2023-07: 93, 2023-08: 93, 2023-09: 90, 2023-10: 93, 2023-11: 90, 2023-12: 93, 2024-01: 93, 2024-02: 87, 2024-03: 93, 2024-04: 90, 2024-05: 93, 2024-06: 90, 2024-07: 93, 2024-08: 93, 2024-09: 90, 2024-10: 93, 2024-11: 68
  [label] 2023-01-31 16:00 BTCUSDT entry=23119.4000 → LONG | long=timeout(+0.40%) short=sl(-3.66%) | scanned=22 | no_tp→fwd_return=+0.4961
  [label] 2023-02-03 00:00 BTCUSDT entry=23457.1000 → SHORT | long=sl(-3.74%) short=tp(+7.19%) | scanned=20 | short_tp_only
  [label] 2023-02-06 16:00 BTCUSDT entry=22757.7000 → SHORT | long=sl(-3.35%) short=timeout(+4.26%) | scanned=22 | no_tp→fwd_return=-4.3568
  [label] 2023-03-03 08:00 BTCUSDT entry=22323.9000 → SHORT | long=sl(-4.38%) short=tp(+8.46%) | scanned=19 | short_tp_only
  [label] 2023-04-25 00:00 BTCUSDT entry=27252.3000 → LONG | long=tp(+6.71%) short=sl(-3.50%) | scanned=4 | long_tp_only
  [label] 2023-10-08 00:00 BTCUSDT entry=27892.4000 → SHORT | long=sl(-2.45%) short=tp(+4.60%) | scanned=11 | short_tp_only
  [label] 2023-10-12 00:00 BTCUSDT entry=26799.4000 → LONG | long=tp(+4.67%) short=sl(-2.49%) | scanned=12 | long_tp_only
  [label] 2023-10-22 16:00 BTCUSDT entry=29981.5000 → LONG | long=tp(+5.81%) short=sl(-3.05%) | scanned=3 | long_tp_only
  [label] 2023-12-06 16:00 BTCUSDT entry=43774.8000 → SHORT | long=sl(-3.68%) short=tp(+7.06%) | scanned=13 | short_tp_only
  [label] 2023-12-15 08:00 BTCUSDT entry=41930.3000 → LONG | long=timeout(+4.12%) short=sl(-4.66%) | scanned=22 | no_tp→fwd_return=+4.2203
  [label] 2024-03-14 16:00 BTCUSDT entry=71455.5000 → SHORT | long=sl(-5.29%) short=tp(+10.28%) | scanned=13 | short_tp_only
  [label] 2024-04-15 16:00 BTCUSDT entry=63392.7000 → LONG | long=timeout(+5.24%) short=timeout(-5.44%) | scanned=22 | no_tp→fwd_return=+5.3402
  [label] 2024-05-02 00:00 BTCUSDT entry=57645.0000 → LONG | long=tp(+10.79%) short=sl(-5.54%) | scanned=7 | long_tp_only
  [label] 2024-05-14 16:00 BTCUSDT entry=61550.5000 → LONG | long=tp(+6.63%) short=sl(-3.46%) | scanned=3 | long_tp_only
  [label] 2024-06-02 00:00 BTCUSDT entry=67743.0000 → LONG | long=tp(+5.01%) short=sl(-2.65%) | scanned=9 | long_tp_only
  [label] 2024-06-08 08:00 BTCUSDT entry=69462.1000 → SHORT | long=sl(-2.88%) short=tp(+5.45%) | scanned=19 | short_tp_only
  [label] 2024-06-20 16:00 BTCUSDT entry=64854.0000 → SHORT | long=sl(-3.16%) short=tp(+6.01%) | scanned=11 | short_tp_only
  [label] 2024-07-30 08:00 BTCUSDT entry=66198.0000 → SHORT | long=sl(-3.94%) short=tp(+7.57%) | scanned=11 | short_tp_only
  [label] 2024-08-09 00:00 BTCUSDT entry=60844.0000 → SHORT | long=sl(-7.15%) short=timeout(+3.88%) | scanned=22 | no_tp→fwd_return=-3.9784
  [label] 2024-11-03 08:00 BTCUSDT entry=68076.0000 → LONG | long=tp(+6.32%) short=sl(-3.31%) | scanned=8 | long_tp_only
  Labels: 1217 long (56.1%), 954 short (43.9%) | weights: min=1.00, mean=3.47, max=10.00
  Features: 2171/2171 matched, 48 columns
  CV gap: 22 rows
  [ensemble 1/3] seed=42
    [trial 0] 48 features, training_days=480 | threshold=0.631 | labels: 1217 long, 954 short (56/44%)
    [CV fold 0] train_end=2023-03-25 08:00 | val_start=2023-04-02 00:00 | gap=184h (22 rows)
    [CV fold 1] train_end=2023-07-23 16:00 | val_start=2023-07-31 08:00 | gap=184h (22 rows)
    [CV fold 2] train_end=2023-11-21 00:00 | val_start=2023-11-28 16:00 | gap=184h (22 rows)
    [CV fold 3] train_end=2024-03-20 08:00 | val_start=2024-03-28 00:00 | gap=184h (22 rows)
    [CV fold 4] train_end=2024-07-18 16:00 | val_start=2024-07-26 08:00 | gap=184h (22 rows)
    [trial 0] Sharpe=0.1140 (folds: 0.2371, 0.1494, 0.1575, -0.0067, 0.0327)
    [trial 1] 48 features, training_days=420 | threshold=0.839 | labels: 1217 long, 954 short (56/44%)
    [trial 1] Sharpe=-1.7684 (folds: 0.1754, 0.5694, 0.3241, 0.0893, -10.0000)
    [trial 2] 48 features, training_days=190 | threshold=0.602 | labels: 1217 long, 954 short (56/44%)
    [trial 2] Sharpe=0.0985 (folds: 0.1852, 0.2587, 0.1127, 0.0067, -0.0706)
    [trial 3] 48 features, training_days=490 | threshold=0.832 | labels: 1217 long, 954 short (56/44%)
    [trial 3] Sharpe=0.1434 (folds: 0.2730, 0.2548, 0.2269, -0.0814, 0.0435)
    [trial 4] 48 features, training_days=340 | threshold=0.591 | labels: 1217 long, 954 short (56/44%)
    [trial 4] Sharpe=0.0691 (folds: 0.0150, 0.2082, 0.1639, -0.0012, -0.0402)
    [trial 5] 48 features, training_days=50 | threshold=0.823 | labels: 1217 long, 954 short (56/44%)[I 2026-06-01 13:01:54,756] Trial 5 finished with value: 0.2124438990759304 and parameters: {'confidence_threshold': 0.8226559822580909, 'training_days': 50, 'n_estimators': 138, 'max_depth': 3, 'num_leaves': 30, 'learning_rate': 0.03750796359625606, 'subsample': 0.6356745158869479, 'colsample_bytree': 0.9143687545759647, 'min_child_samples': 48, 'reg_alpha': 3.376063348877853e-06, 'reg_lambda': 0.0007660634613082914}. Best is trial 5 with value: 0.2124438990759304.
[I 2026-06-01 13:01:54,880] Trial 6 finished with value: 0.056482674106518624 and parameters: {'confidence_threshold': 0.5493234787411669, 'training_days': 410, 'n_estimators': 83, 'max_depth': 5, 'num_leaves': 52, 'learning_rate': 0.019657448966046126, 'subsample': 0.5027610585618012, 'colsample_bytree': 0.9077307142274171, 'min_child_samples': 77, 'reg_alpha': 0.03639690979811287, 'reg_lambda': 0.08738424135626986}. Best is trial 5 with value: 0.2124438990759304.
[I 2026-06-01 13:01:54,983] Trial 7 finished with value: 0.07280091354354964 and parameters: {'confidence_threshold': 0.5259156281069316, 'training_days': 180, 'n_estimators': 102, 'max_depth': 5, 'num_leaves': 45, 'learning_rate': 0.030816017044468066, 'subsample': 0.5317791751430119, 'colsample_bytree': 0.6554911608578311, 'min_child_samples': 46, 'reg_alpha': 0.036851536911881845, 'reg_lambda': 0.005470376807480391}. Best is trial 5 with value: 0.2124438990759304.
[I 2026-06-01 13:01:55,091] Trial 8 finished with value: 0.08523916100800581 and parameters: {'confidence_threshold': 0.8105244599017143, 'training_days': 240, 'n_estimators': 103, 'max_depth': 5, 'num_leaves': 52, 'learning_rate': 0.06746437142284309, 'subsample': 0.8854835899772805, 'colsample_bytree': 0.7468977981821954, 'min_child_samples': 62, 'reg_alpha': 7.04480806377519e-05, 'reg_lambda': 1.6934490731313353e-08}. Best is trial 5 with value: 0.2124438990759304.
[I 2026-06-01 13:01:55,113] Trial 9 finished with value: -2.0871983538892023 and parameters: {'confidence_threshold': 0.5377619994476566, 'training_days': 20, 'n_estimators': 337, 'max_depth': 3, 'num_leaves': 39, 'learning_rate': 0.21907142272152816, 'subsample': 0.6246461145744375, 'colsample_bytree': 0.7051914615178149, 'min_child_samples': 81, 'reg_alpha': 1.1459970229341322e-06, 'reg_lambda': 4.929685216887945e-08}. Best is trial 5 with value: 0.2124438990759304.
[I 2026-06-01 13:01:55,148] Trial 10 finished with value: -1.9956515436904347 and parameters: {'confidence_threshold': 0.7318981109748116, 'training_days': 10, 'n_estimators': 487, 'max_depth': 4, 'num_leaves': 31, 'learning_rate': 0.14704103471568217, 'subsample': 0.628963476300746, 'colsample_bytree': 0.987470107623585, 'min_child_samples': 25, 'reg_alpha': 2.608784411827665e-05, 'reg_lambda': 3.3639426888455256e-06}. Best is trial 5 with value: 0.2124438990759304.
[I 2026-06-01 13:01:55,329] Trial 11 finished with value: 0.10791464276472032 and parameters: {'confidence_threshold': 0.7615879655568232, 'training_days': 100, 'n_estimators': 496, 'max_depth': 3, 'num_leaves': 16, 'learning_rate': 0.10448448531784886, 'subsample': 0.6639587836397178, 'colsample_bytree': 0.5039870416163934, 'min_child_samples': 48, 'reg_alpha': 2.6854712383446556e-08, 'reg_lambda': 9.763153609723526}. Best is trial 5 with value: 0.2124438990759304.
[I 2026-06-01 13:01:55,639] Trial 12 finished with value: 0.07768804974583106 and parameters: {'confidence_threshold': 0.7131758522018106, 'training_days': 310, 'n_estimators': 398, 'max_depth': 3, 'num_leaves': 32, 'learning_rate': 0.09214174051661962, 'subsample': 0.7105018827142541, 'colsample_bytree': 0.8304278626461433, 'min_child_samples': 30, 'reg_alpha': 1.1705664386528927e-08, 'reg_lambda': 0.828800806411494}. Best is trial 5 with value: 0.2124438990759304.
[I 2026-06-01 13:01:55,755] Trial 13 finished with value: 0.0891189080903777 and parameters: {'confidence_threshold': 0.7896585694142172, 'training_days': 130, 'n_estimators': 242, 'max_depth': 3, 'num_leaves': 62, 'learning_rate': 0.04815035925095873, 'subsample': 0.8086805742721823, 'colsample_bytree': 0.6138200283342398, 'min_child_samples': 55, 'reg_alpha': 3.3701359467890716e-06, 'reg_lambda': 3.9794797075090296e-05}. Best is trial 5 with value: 0.2124438990759304.
[I 2026-06-01 13:01:55,999] Trial 14 finished with value: 0.2280361095622509 and parameters: {'confidence_threshold': 0.6848615936326523, 'training_days': 500, 'n_estimators': 315, 'max_depth': 3, 'num_leaves': 15, 'learning_rate': 0.011598420046188914, 'subsample': 0.691147724147662, 'colsample_bytree': 0.8154778121342577, 'min_child_samples': 36, 'reg_alpha': 1.376150206979546e-07, 'reg_lambda': 0.00011276430067742513}. Best is trial 14 with value: 0.2280361095622509.
[I 2026-06-01 13:01:56,309] Trial 15 finished with value: 0.15171215934500043 and parameters: {'confidence_threshold': 0.6848109749990784, 'training_days': 300, 'n_estimators': 309, 'max_depth': 4, 'num_leaves': 32, 'learning_rate': 0.010023954330410353, 'subsample': 0.5923947879142555, 'colsample_bytree': 0.8159769551709519, 'min_child_samples': 33, 'reg_alpha': 1.1075870473842905e-05, 'reg_lambda': 0.00010079030010438331}. Best is trial 14 with value: 0.2280361095622509.
[I 2026-06-01 13:01:56,394] Trial 16 finished with value: 0.04583656098309625 and parameters: {'confidence_threshold': 0.6636864002591771, 'training_days': 70, 'n_estimators': 197, 'max_depth': 3, 'num_leaves': 27, 'learning_rate': 0.010901237270277066, 'subsample': 0.8649514202852935, 'colsample_bytree': 0.8202998023298633, 'min_child_samples': 36, 'reg_alpha': 2.609148149670165e-07, 'reg_lambda': 3.9352320260393124e-06}. Best is trial 14 with value: 0.2280361095622509.
[I 2026-06-01 13:01:56,630] Trial 17 finished with value: 0.1617235111693746 and parameters: {'confidence_threshold': 0.765237237661524, 'training_days': 370, 'n_estimators': 183, 'max_depth': 4, 'num_leaves': 15, 'learning_rate': 0.036350405651898204, 'subsample': 0.6740760862661878, 'colsample_bytree': 0.9956385980717998, 'min_child_samples': 24, 'reg_alpha': 0.000421628945103269, 'reg_lambda': 0.0017377542249006697}. Best is trial 14 with value: 0.2280361095622509.
[I 2026-06-01 13:01:57,071] A new study created in memory with name: no-name-7e46ca88-673e-4941-b07a-05e9eefac71b
[I 2026-06-01 13:01:57,164] Trial 0 finished with value: 0.10420603514939782 and parameters: {'confidence_threshold': 0.7437642149592516, 'training_days': 150, 'n_estimators': 152, 'max_depth': 4, 'num_leaves': 50, 'learning_rate': 0.04216766425047743, 'subsample': 0.9903820991923078, 'colsample_bytree': 0.8424148692924316, 'min_child_samples': 58, 'reg_alpha': 3.381097259762742e-05, 'reg_lambda': 1.2263152961306247e-05}. Best is trial 0 with value: 0.10420603514939782.
[I 2026-06-01 13:01:57,226] Trial 1 finished with value: -1.6860855695044137 and parameters: {'confidence_threshold': 0.7551673975844145, 'training_days': 220, 'n_estimators': 76, 'max_depth': 4, 'num_leaves': 51, 'learning_rate': 0.018602118810743477, 'subsample': 0.5877258780737462, 'colsample_bytree': 0.7657756869209191, 'min_child_samples': 63, 'reg_alpha': 0.005123994170264194, 'reg_lambda': 0.44145470178120466}. Best is trial 0 with value: 0.10420603514939782.
[I 2026-06-01 13:01:57,486] Trial 2 finished with value: 0.15344531589949212 and parameters: {'confidence_threshold': 0.7535593637012223, 'training_days': 310, 'n_estimators': 375, 'max_depth': 3, 'num_leaves': 32, 'learning_rate': 0.021735641882032388, 'subsample': 0.6468570231944146, 'colsample_bytree': 0.8154880619272439, 'min_child_samples': 27, 'reg_alpha': 8.004064028491336e-05, 'reg_lambda': 7.546835261630524e-05}. Best is trial 2 with value: 0.15344531589949212.
[I 2026-06-01 13:01:57,660] Trial 3 finished with value: 0.09583829964543492 and parameters: {'confidence_threshold': 0.6727897841776072, 'training_days': 220, 'n_estimators': 190, 'max_depth': 4, 'num_leaves': 58, 'learning_rate': 0.24810689332636193, 'subsample': 0.7509183379421682, 'colsample_bytree': 0.8119764758960556, 'min_child_samples': 29, 'reg_alpha': 7.1708285081421445e-06, 'reg_lambda': 5.412973582738627e-05}. Best is trial 2 with value: 0.15344531589949212.
[I 2026-06-01 13:01:57,781] Trial 4 finished with value: 0.09145968469535973 and parameters: {'confidence_threshold': 0.803208205259178, 'training_days': 130, 'n_estimators': 267, 'max_depth': 5, 'num_leaves': 40, 'learning_rate': 0.08041175317374143, 'subsample': 0.5603143329951619, 'colsample_bytree': 0.9131704002534167, 'min_child_samples': 68, 'reg_alpha': 0.0008046593428183385, 'reg_lambda': 1.2158346158765583e-05}. Best is trial 2 with value: 0.15344531589949212.
[I 2026-06-01 13:01:58,027] Trial 5 finished with value: 0.05888598909167966 and parameters: {'confidence_threshold': 0.6064422761595144, 'training_days': 210, 'n_estimators': 357, 'max_depth': 5, 'num_leaves': 40, 'learning_rate': 0.0974221287220869, 'subsample': 0.7929682762811064, 'colsample_bytree': 0.8124517510478, 'min_child_samples': 74, 'reg_alpha': 0.3811377260781234, 'reg_lambda': 5.607314238392041e-08}. Best is trial 2 with value: 0.15344531589949212.
[I 2026-06-01 13:01:58,141] Trial 6 finished with value: 0.07903451134701475 and parameters: {'confidence_threshold': 0.7672889945051684, 'training_days': 130, 'n_estimators': 137, 'max_depth': 4, 'num_leaves': 19, 'learning_rate': 0.2031117614248665, 'subsample': 0.8136244860256343, 'colsample_bytree': 0.8617081790949774, 'min_child_samples': 21, 'reg_alpha': 0.002238138278733199, 'reg_lambda': 0.001025809534977322}. Best is trial 2 with value: 0.15344531589949212.
[I 2026-06-01 13:01:58,209] Trial 7 finished with value: 0.06876654208749998 and parameters: {'confidence_threshold': 0.555635875450653, 'training_days': 80, 'n_estimators': 363, 'max_depth': 3, 'num_leaves': 48, 'learning_rate': 0.06590089024008658, 'subsample': 0.6944752870615722, 'colsample_bytree': 0.962566244806993, 'min_child_samples': 88, 'reg_alpha': 1.6465620446426067e-05, 'reg_lambda': 2.4678750890085655e-08}. Best is trial 2 with value: 0.15344531589949212.
[I 2026-06-01 13:01:58,536] Trial 8 finished with value: 0.07315951640467384 and parameters: {'confidence_threshold': 0.6066688256938841, 'training_days': 200, 'n_estimators': 367, 'max_depth': 5, 'num_leaves': 32, 'learning_rate': 0.13377519215934996, 'subsample': 0.7965884582811106, 'colsample_bytree': 0.8458508993500886, 'min_child_samples': 32, 'reg_alpha': 3.889436043816386e-05, 'reg_lambda': 1.4713062489380356e-06}. Best is trial 2 with value: 0.15344531589949212.
[I 2026-06-01 13:01:58,770] Trial 9 finished with value: 0.04784142655849581 and parameters: {'confidence_threshold': 0.6202096049169137, 'training_days': 260, 'n_estimators': 350, 'max_depth': 3, 'num_leaves': 21, 'learning_rate': 0.02989540198065364, 'subsample': 0.8307821683331218, 'colsample_bytree': 0.923253112635361, 'min_child_samples': 64, 'reg_alpha': 0.4898604619604203, 'reg_lambda': 2.9076377687066166e-05}. Best is trial 2 with value: 0.15344531589949212.
[I 2026-06-01 13:01:59,101] Trial 10 finished with value: -1.8232365697903283 and parameters: {'confidence_threshold': 0.8445241688507242, 'training_days': 420, 'n_estimators': 494, 'max_depth': 3, 'num_leaves': 30, 'learning_rate': 0.010221918552934462, 'subsample': 0.5019190721168774, 'colsample_bytree': 0.6202684210924141, 'min_child_samples': 45, 'reg_alpha': 1.5494783182896407e-08, 'reg_lambda': 0.018878930586497852}. Best is trial 2 with value: 0.15344531589949212.
[I 2026-06-01 13:01:59,277] Trial 11 finished with value: 0.15519114278894267 and parameters: {'confidence_threshold': 0.7162109107873752, 'training_days': 360, 'n_estimators': 233, 'max_depth': 3, 'num_leaves': 61, 'learning_rate': 0.03452957696027875, 'subsample': 0.9939949979825393, 'colsample_bytree': 0.6778283959364831, 'min_child_samples': 49, 'reg_alpha': 1.992549479603352e-07, 'reg_lambda': 0.0023652564224911103}. Best is trial 11 with value: 0.15519114278894267.
