[I 2026-06-01 13:01:23,243] Trial 9 finished with value: 0.031073199180235777 and parameters: {'confidence_threshold': 0.6202096049169137, 'training_days': 260, 'n_estimators': 350, 'max_depth': 3, 'num_leaves': 21, 'learning_rate': 0.02989540198065364, 'subsample': 0.8307821683331218, 'colsample_bytree': 0.923253112635361, 'min_child_samples': 64, 'reg_alpha': 0.4898604619604203, 'reg_lambda': 2.9076377687066166e-05}. Best is trial 1 with value: 0.10630001427475029.
[I 2026-06-01 13:01:23,664] Trial 10 finished with value: -0.021273139509476062 and parameters: {'confidence_threshold': 0.8445241688507242, 'training_days': 470, 'n_estimators': 493, 'max_depth': 4, 'num_leaves': 63, 'learning_rate': 0.010221918552934462, 'subsample': 0.5019190721168774, 'colsample_bytree': 0.6202684210924141, 'min_child_samples': 47, 'reg_alpha': 2.371385268938747e-08, 'reg_lambda': 1.7987349911222597}. Best is trial 1 with value: 0.10630001427475029.
[I 2026-06-01 13:01:23,690] Trial 11 finished with value: -0.07799106655486968 and parameters: {'confidence_threshold': 0.5077463503498806, 'training_days': 10, 'n_estimators': 51, 'max_depth': 3, 'num_leaves': 50, 'learning_rate': 0.015148209657231146, 'subsample': 0.6237809734061339, 'colsample_bytree': 0.6634105482198105, 'min_child_samples': 100, 'reg_alpha': 2.5493772909886044e-07, 'reg_lambda': 0.03070898466711572}. Best is trial 1 with value: 0.10630001427475029.
[I 2026-06-01 13:01:23,727] Trial 12 finished with value: -0.07799106655486968 and parameters: {'confidence_threshold': 0.5170417950991051, 'training_days': 20, 'n_estimators': 482, 'max_depth': 3, 'num_leaves': 48, 'learning_rate': 0.05809128784912797, 'subsample': 0.6603294427279409, 'colsample_bytree': 0.5035271166589392, 'min_child_samples': 90, 'reg_alpha': 0.01228710721755922, 'reg_lambda': 1.7055365254835695}. Best is trial 1 with value: 0.10630001427475029.
[I 2026-06-01 13:01:23,899] Trial 13 finished with value: 0.01780974020603836 and parameters: {'confidence_threshold': 0.6955529552558224, 'training_days': 340, 'n_estimators': 258, 'max_depth': 3, 'num_leaves': 55, 'learning_rate': 0.04317436237981049, 'subsample': 0.6953657734181349, 'colsample_bytree': 0.7082407533656954, 'min_child_samples': 82, 'reg_alpha': 0.024510194560445127, 'reg_lambda': 1.147897733478235e-08}. Best is trial 1 with value: 0.10630001427475029.
[I 2026-06-01 13:01:23,943] Trial 14 finished with value: -0.04398682555309329 and parameters: {'confidence_threshold': 0.5659608707226916, 'training_days': 70, 'n_estimators': 60, 'max_depth': 4, 'num_leaves': 43, 'learning_rate': 0.027676057135866915, 'subsample': 0.5751276042178022, 'colsample_bytree': 0.9976451397202877, 'min_child_samples': 49, 'reg_alpha': 8.70158361284731e-07, 'reg_lambda': 0.007961062461168726}. Best is trial 1 with value: 0.10630001427475029.
[I 2026-06-01 13:01:24,274] Trial 15 finished with value: 0.02735163520646396 and parameters: {'confidence_threshold': 0.681110154342211, 'training_days': 380, 'n_estimators': 436, 'max_depth': 4, 'num_leaves': 33, 'learning_rate': 0.06661858669608547, 'subsample': 0.8966418548807951, 'colsample_bytree': 0.9952938205037909, 'min_child_samples': 85, 'reg_alpha': 0.02839933371520006, 'reg_lambda': 0.05138157439645094}. Best is trial 1 with value: 0.10630001427475029.
[I 2026-06-01 13:01:24,357] Trial 16 finished with value: 0.048339746001249385 and parameters: {'confidence_threshold': 0.7142986078095346, 'training_days': 100, 'n_estimators': 310, 'max_depth': 3, 'num_leaves': 56, 'learning_rate': 0.014080619158868648, 'subsample': 0.7114881502622578, 'colsample_bytree': 0.5489148768447338, 'min_child_samples': 99, 'reg_alpha': 3.433399905162048, 'reg_lambda': 4.3444817175363964e-07}. Best is trial 1 with value: 0.10630001427475029.
[I 2026-06-01 13:01:24,520] Trial 17 finished with value: 0.008921021221620756 and parameters: {'confidence_threshold': 0.7175771349672251, 'training_days': 290, 'n_estimators': 221, 'max_depth': 5, 'num_leaves': 63, 'learning_rate': 0.010225610817906858, 'subsample': 0.5798718144131003, 'colsample_bytree': 0.5586577958792487, 'min_child_samples': 100, 'reg_alpha': 7.284070645541434, 'reg_lambda': 5.078253914116079e-07}. Best is trial 1 with value: 0.10630001427475029.
[I 2026-06-01 13:01:24,885] A new study created in memory with name: no-name-663f313e-e703-42b9-9836-2f6a44e2206d

    [CV fold 1] train_end=2023-04-23 16:00 | val_start=2023-05-01 08:00 | gap=184h (22 rows)
    [CV fold 2] train_end=2023-08-22 00:00 | val_start=2023-08-29 16:00 | gap=184h (22 rows)
    [CV fold 3] train_end=2023-12-20 08:00 | val_start=2023-12-28 00:00 | gap=184h (22 rows)
    [CV fold 4] train_end=2024-04-18 16:00 | val_start=2024-04-26 08:00 | gap=184h (22 rows)
    [trial 0] Sharpe=0.0315 (folds: 0.0352, 0.0258, -0.1378, 0.3126, -0.0785)
    [trial 1] 48 features, training_days=420 | threshold=0.839 | labels: 1186 long, 985 short (55/45%)
    [trial 1] Sharpe=-2.1062 (folds: -0.2333, -0.1593, -0.2145, -10.0000, 0.0761)
    [trial 2] 48 features, training_days=190 | threshold=0.602 | labels: 1186 long, 985 short (55/45%)
    [trial 2] Sharpe=0.0259 (folds: 0.0228, 0.1137, 0.0188, 0.0566, -0.0822)
    [trial 3] 48 features, training_days=490 | threshold=0.832 | labels: 1186 long, 985 short (55/45%)
    [trial 3] Sharpe=0.0260 (folds: -0.0385, -0.1249, 0.0036, 0.3443, -0.0544)
    [trial 4] 48 features, training_days=340 | threshold=0.591 | labels: 1186 long, 985 short (55/45%)
    [trial 4] Sharpe=0.0862 (folds: 0.1047, 0.0774, -0.0063, 0.3454, -0.0902)
    [trial 5] 48 features, training_days=50 | threshold=0.823 | labels: 1186 long, 985 short (55/45%)
    [trial 5] Sharpe=-0.0279 (folds: 0.1137, -0.0928, -0.4204, 0.2479, 0.0122)
    [trial 6] 48 features, training_days=410 | threshold=0.549 | labels: 1186 long, 985 short (55/45%)
    [trial 6] Sharpe=0.0493 (folds: 0.0750, 0.0319, -0.2065, 0.4115, -0.0652)
    [trial 7] 48 features, training_days=180 | threshold=0.526 | labels: 1186 long, 985 short (55/45%)
    [trial 7] Sharpe=0.0540 (folds: 0.0778, 0.0384, 0.0296, 0.1812, -0.0569)
    [trial 8] 48 features, training_days=240 | threshold=0.811 | labels: 1186 long, 985 short (55/45%)
    [trial 8] Sharpe=-0.0258 (folds: -0.1110, -0.1290, 0.0493, 0.1114, -0.0500)
    [trial 9] 48 features, training_days=20 | threshold=0.538 | labels: 1186 long, 985 short (55/45%)
    [trial 9] Sharpe=-0.0780 (folds: -0.1154, -0.0206, -0.4214, 0.2143, -0.0469)
    [trial 10] 48 features, training_days=350 | threshold=0.680 | labels: 1186 long, 985 short (55/45%)
    [trial 10] Sharpe=0.0679 (folds: 0.0467, 0.0248, -0.0894, 0.4063, -0.0490)
    [trial 11] 48 features, training_days=330 | threshold=0.716 | labels: 1186 long, 985 short (55/45%)
    [trial 11] Sharpe=-0.0304 (folds: -0.1241, 0.0057, -0.1604, 0.2614, -0.1343)
    [trial 12] 48 features, training_days=330 | threshold=0.713 | labels: 1186 long, 985 short (55/45%)
    [trial 12] Sharpe=0.0438 (folds: 0.0242, 0.0125, -0.0063, 0.3436, -0.1548)
    [trial 13] 48 features, training_days=330 | threshold=0.662 | labels: 1186 long, 985 short (55/45%)
    [trial 13] Sharpe=0.0481 (folds: -0.0212, 0.0165, -0.0740, 0.4506, -0.1316)
    [trial 14] 48 features, training_days=380 | threshold=0.591 | labels: 1186 long, 985 short (55/45%)
    [trial 14] Sharpe=0.0703 (folds: 0.0413, 0.0492, -0.0805, 0.3566, -0.0150)
    [trial 15] 48 features, training_days=250 | threshold=0.588 | labels: 1186 long, 985 short (55/45%)
    [trial 15] Sharpe=0.0587 (folds: 0.0306, 0.0718, 0.1334, 0.0965, -0.0391)
    [trial 16] 48 features, training_days=410 | threshold=0.580 | labels: 1186 long, 985 short (55/45%)
    [trial 16] Sharpe=0.0719 (folds: 0.0503, 0.0406, -0.0346, 0.2738, 0.0295)
    [trial 17] 48 features, training_days=450 | threshold=0.560 | labels: 1186 long, 985 short (55/45%)
    [trial 17] Sharpe=0.0583 (folds: -0.0027, 0.0239, 0.0141, 0.3003, -0.0439)
  Optuna: 18 trials, best Sharpe = 0.0862
  Best params: n_estimators=190, max_depth=4, lr=0.0188, leaves=41
  Best confidence_threshold: 0.591
  Best training_days: 340
  Retrained on full data (1020 samples, 48 features)
  [ensemble 2/3] seed=123
    [trial 0] 48 features, training_days=150 | threshold=0.744 | labels: 1186 long, 985 short (55/45%)
    [CV fold 0] train_end=2022-12-24 08:00 | val_start=2023-01-01 00:00 | gap=184h (22 rows)
    [CV fold 1] train_end=2023-04-23 16:00 | val_start=2023-05-01 08:00 | gap=184h (22 rows)
    [CV fold 2] train_end=2023-08-22 00:00 | val_start=2023-08-29 16:00 | gap=184h (22 rows)
    [CV fold 3] train_end=2023-12-20 08:00 | val_start=2023-12-28 00:00 | gap=184h (22 rows)
    [CV fold 4] train_end=2024-04-18 16:00 | val_start=2024-04-26 08:00 | gap=184h (22 rows)
    [trial 0] Sharpe=-0.0189 (folds: 0.0093, 0.1277, -0.1195, 0.0612, -0.1729)
    [trial 1] 48 features, training_days=220 | threshold=0.755 | labels: 1186 long, 985 short (55/45%)
    [trial 1] Sharpe=0.1063 (folds: -0.2844, 0.3970, -0.0380, 0.3896, 0.0673)
    [trial 2] 48 features, training_days=310 | threshold=0.754 | labels: 1186 long, 985 short (55/45%)
    [trial 2] Sharpe=0.0359 (folds: -0.0307, -0.0263, -0.0562, 0.4120, -0.1194)
    [trial 3] 48 features, training_days=220 | threshold=0.673 | labels: 1186 long, 985 short (55/45%)
    [trial 3] Sharpe=0.0405 (folds: -0.0008, 0.0451, 0.0196, 0.1424, -0.0039)
    [trial 4] 48 features, training_days=130 | threshold=0.803 | labels: 1186 long, 985 short (55/45%)
    [trial 4] Sharpe=-0.0085 (folds: -0.0110, 0.0529, -0.1427, 0.2647, -0.2065)
    [trial 5] 48 features, training_days=210 | threshold=0.606 | labels: 1186 long, 985 short (55/45%)
    [trial 5] Sharpe=-0.0036 (folds: 0.0227, 0.0617, 0.0448, -0.0746, -0.0725)
    [trial 6] 48 features, training_days=130 | threshold=0.767 | labels: 1186 long, 985 short (55/45%)
    [trial 6] Sharpe=-0.0377 (folds: -0.0019, 0.0155, -0.2900, 0.1577, -0.0695)
    [trial 7] 48 features, training_days=80 | threshold=0.556 | labels: 1186 long, 985 short (55/45%)
    [trial 7] Sharpe=0.0412 (folds: -0.0690, -0.0115, 0.0272, 0.2489, 0.0102)
    [trial 8] 48 features, training_days=200 | threshold=0.607 | labels: 1186 long, 985 short (55/45%)
    [trial 8] Sharpe=0.0218 (folds: 0.0334, 0.0614, -0.0452, 0.1220, -0.0626)
    [trial 9] 48 features, training_days=260 | threshold=0.620 | labels: 1186 long, 985 short (55/45%)
    [trial 9] Sharpe=0.0311 (folds: 0.0808, -0.0372, 0.0673, 0.1113, -0.0668)
    [trial 10] 48 features, training_days=470 | threshold=0.845 | labels: 1186 long, 985 short (55/45%)
    [trial 10] Sharpe=-0.0213 (folds: -0.1515, -0.1626, -0.0897, 0.3715, -0.0740)
    [trial 11] 48 features, training_days=10 | threshold=0.508 | labels: 1186 long, 985 short (55/45%)
    [trial 11] Sharpe=-0.0780 (folds: -0.1154, -0.0206, -0.4214, 0.2143, -0.0469)
    [trial 12] 48 features, training_days=20 | threshold=0.517 | labels: 1186 long, 985 short (55/45%)
    [trial 12] Sharpe=-0.0780 (folds: -0.1154, -0.0206, -0.4214, 0.2143, -0.0469)
    [trial 13] 48 features, training_days=340 | threshold=0.696 | labels: 1186 long, 985 short (55/45%)
    [trial 13] Sharpe=0.0178 (folds: -0.0657, -0.0229, -0.0077, 0.3116, -0.1262)
    [trial 14] 48 features, training_days=70 | threshold=0.566 | labels: 1186 long, 985 short (55/45%)
    [trial 14] Sharpe=-0.0440 (folds: -0.0077, -0.0974, -0.3388, 0.2156, 0.0083)
    [trial 15] 48 features, training_days=380 | threshold=0.681 | labels: 1186 long, 985 short (55/45%)
    [trial 15] Sharpe=0.0274 (folds: -0.0302, -0.0291, 0.0036, 0.2479, -0.0554)
    [trial 16] 48 features, training_days=100 | threshold=0.714 | labels: 1186 long, 985 short (55/45%)
    [trial 16] Sharpe=0.0483 (folds: -0.2616, 0.2204, -0.2126, 0.5276, -0.0321)
    [trial 17] 48 features, training_days=290 | threshold=0.718 | labels: 1186 long, 985 short (55/45%)
    [trial 17] Sharpe=0.0089 (folds: -0.3327, -0.0425, 0.2154, 0.1482, 0.0562)
  Optuna: 18 trials, best Sharpe = 0.1063
  Best params: n_estimators=76, max_depth=4, lr=0.0186, leaves=51
  Best confidence_threshold: 0.755
  Best training_days: 220
  Retrained on full data (660 samples, 48 features)
  [ensemble 3/3] seed=456
    [trial 0] 48 features, training_days=90 | threshold=0.587 | labels: 1186 long, 985 short (55/45%)
    [CV fold 0] train_end=2022-12-24 08:00 | val_start=2023-01-01 00:00 | gap=184h (22 rows)
    [CV fold 1] train_end=2023-04-23 16:00 | val_start=2023-05-01 08:00 | gap=184h (22 rows)
    [CV fold 2] train_end=2023-08-22 00:00 | val_start=2023-08-29 16:00 | gap=184h (22 rows)
    [CV fold 3] train_end=2023-12-20 08:00 | val_start=2023-12-28 00:00 | gap=184h (22 rows)[I 2026-06-01 13:01:25,081] Trial 0 finished with value: 0.0006797595743146076 and parameters: {'confidence_threshold': 0.5870645682749857, 'training_days': 90, 'n_estimators': 403, 'max_depth': 5, 'num_leaves': 45, 'learning_rate': 0.0780457193679974, 'subsample': 0.9428509515574568, 'colsample_bytree': 0.8795587339164916, 'min_child_samples': 34, 'reg_alpha': 2.2465901234314442e-07, 'reg_lambda': 8.339007036475363e-05}. Best is trial 0 with value: 0.0006797595743146076.
[I 2026-06-01 13:01:25,197] Trial 1 finished with value: 0.05334539071776758 and parameters: {'confidence_threshold': 0.6348453934275313, 'training_days': 290, 'n_estimators': 115, 'max_depth': 5, 'num_leaves': 37, 'learning_rate': 0.06949568759029946, 'subsample': 0.8228505074024268, 'colsample_bytree': 0.8616703220431751, 'min_child_samples': 75, 'reg_alpha': 4.2486822725010923e-07, 'reg_lambda': 1.157247767047042e-07}. Best is trial 1 with value: 0.05334539071776758.
[I 2026-06-01 13:01:25,220] Trial 2 finished with value: -0.07799106655486968 and parameters: {'confidence_threshold': 0.5849570384370288, 'training_days': 10, 'n_estimators': 212, 'max_depth': 3, 'num_leaves': 41, 'learning_rate': 0.18452095998378365, 'subsample': 0.6001060822924371, 'colsample_bytree': 0.5673167293506167, 'min_child_samples': 37, 'reg_alpha': 5.733250064217131, 'reg_lambda': 0.5308454292595461}. Best is trial 1 with value: 0.05334539071776758.
[I 2026-06-01 13:01:25,307] Trial 3 finished with value: 0.05730086012506347 and parameters: {'confidence_threshold': 0.6868248626683718, 'training_days': 220, 'n_estimators': 134, 'max_depth': 3, 'num_leaves': 45, 'learning_rate': 0.033529007907491595, 'subsample': 0.8647277071858408, 'colsample_bytree': 0.778494116634046, 'min_child_samples': 96, 'reg_alpha': 2.409409937265785e-07, 'reg_lambda': 1.1642073478060009}. Best is trial 3 with value: 0.05730086012506347.
[I 2026-06-01 13:01:25,391] Trial 4 finished with value: 0.03652914118232087 and parameters: {'confidence_threshold': 0.5623121348350352, 'training_days': 300, 'n_estimators': 69, 'max_depth': 4, 'num_leaves': 32, 'learning_rate': 0.14967629360700346, 'subsample': 0.5054535233636654, 'colsample_bytree': 0.7401385194659216, 'min_child_samples': 27, 'reg_alpha': 1.4212042567426725e-07, 'reg_lambda': 0.23605753701352003}. Best is trial 3 with value: 0.05730086012506347.
[I 2026-06-01 13:01:25,826] Trial 5 finished with value: 0.040859955847657246 and parameters: {'confidence_threshold': 0.7111850244908446, 'training_days': 490, 'n_estimators': 362, 'max_depth': 5, 'num_leaves': 40, 'learning_rate': 0.05960785724162737, 'subsample': 0.5589714368907717, 'colsample_bytree': 0.6659006943232806, 'min_child_samples': 42, 'reg_alpha': 0.6741360303045295, 'reg_lambda': 6.054601607143087e-08}. Best is trial 3 with value: 0.05730086012506347.
[I 2026-06-01 13:01:26,013] Trial 6 finished with value: 0.01814563183954599 and parameters: {'confidence_threshold': 0.667482545748023, 'training_days': 420, 'n_estimators': 279, 'max_depth': 3, 'num_leaves': 45, 'learning_rate': 0.040099592560849204, 'subsample': 0.8563114696415159, 'colsample_bytree': 0.5442917781944105, 'min_child_samples': 50, 'reg_alpha': 1.6407916423707903e-08, 'reg_lambda': 2.935907642973286e-05}. Best is trial 3 with value: 0.05730086012506347.
[I 2026-06-01 13:01:26,173] Trial 7 finished with value: -0.019191752029404558 and parameters: {'confidence_threshold': 0.5497381024139926, 'training_days': 120, 'n_estimators': 408, 'max_depth': 5, 'num_leaves': 38, 'learning_rate': 0.28049122657745795, 'subsample': 0.8806573338635493, 'colsample_bytree': 0.5454054113547102, 'min_child_samples': 63, 'reg_alpha': 0.01263008637940408, 'reg_lambda': 0.04588020805366937}. Best is trial 3 with value: 0.05730086012506347.
[I 2026-06-01 13:01:26,443] Trial 8 finished with value: 0.061791879888914714 and parameters: {'confidence_threshold': 0.719644804808716, 'training_days': 450, 'n_estimators': 410, 'max_depth': 4, 'num_leaves': 57, 'learning_rate': 0.04022026551478857, 'subsample': 0.5336085426932707, 'colsample_bytree': 0.5705742850577543, 'min_child_samples': 100, 'reg_alpha': 5.916398047912201e-07, 'reg_lambda': 0.9794034214488329}. Best is trial 8 with value: 0.061791879888914714.
[I 2026-06-01 13:01:26,471] Trial 9 finished with value: -8.084278421182045 and parameters: {'confidence_threshold': 0.7267463643917187, 'training_days': 20, 'n_estimators': 337, 'max_depth': 5, 'num_leaves': 23, 'learning_rate': 0.022153031811454605, 'subsample': 0.6305627572358737, 'colsample_bytree': 0.6613413774216214, 'min_child_samples': 81, 'reg_alpha': 5.7638634029410314e-08, 'reg_lambda': 8.26603016764008}. Best is trial 8 with value: 0.061791879888914714.
[I 2026-06-01 13:01:26,825] Trial 10 finished with value: -0.06310240672087841 and parameters: {'confidence_threshold': 0.8283920119574972, 'training_days': 400, 'n_estimators': 485, 'max_depth': 4, 'num_leaves': 63, 'learning_rate': 0.011927505552849117, 'subsample': 0.7130289643560688, 'colsample_bytree': 0.9944479338273263, 'min_child_samples': 100, 'reg_alpha': 5.0239970328459277e-05, 'reg_lambda': 0.0028438774509831773}. Best is trial 8 with value: 0.061791879888914714.
[I 2026-06-01 13:01:26,932] Trial 11 finished with value: 0.01893333506535231 and parameters: {'confidence_threshold': 0.7766282449189577, 'training_days': 190, 'n_estimators': 186, 'max_depth': 3, 'num_leaves': 58, 'learning_rate': 0.029354876456257728, 'subsample': 0.7459055835274097, 'colsample_bytree': 0.8016610248739169, 'min_child_samples': 100, 'reg_alpha': 2.3530491583503867e-05, 'reg_lambda': 7.067893525937578}. Best is trial 8 with value: 0.061791879888914714.
[I 2026-06-01 13:01:27,188] Trial 12 finished with value: 0.019240704123292374 and parameters: {'confidence_threshold': 0.7449212105048096, 'training_days': 220, 'n_estimators': 490, 'max_depth': 4, 'num_leaves': 54, 'learning_rate': 0.01924681962976845, 'subsample': 0.9912016966112274, 'colsample_bytree': 0.6646287431572568, 'min_child_samples': 85, 'reg_alpha': 8.85890496668e-06, 'reg_lambda': 0.0043762371699676405}. Best is trial 8 with value: 0.061791879888914714.
[I 2026-06-01 13:01:27,362] Trial 13 finished with value: 0.038502430409223284 and parameters: {'confidence_threshold': 0.674016069087747, 'training_days': 370, 'n_estimators': 190, 'max_depth': 4, 'num_leaves': 52, 'learning_rate': 0.04144677730363681, 'subsample': 0.6795590770167038, 'colsample_bytree': 0.7477878654225999, 'min_child_samples': 90, 'reg_alpha': 0.0013950587799583445, 'reg_lambda': 0.020982782052301665}. Best is trial 8 with value: 0.061791879888914714.
[I 2026-06-01 13:01:27,534] Trial 14 finished with value: -2.151150413099711 and parameters: {'confidence_threshold': 0.8063557078693834, 'training_days': 340, 'n_estimators': 253, 'max_depth': 3, 'num_leaves': 51, 'learning_rate': 0.012882340619131948, 'subsample': 0.7851487748866213, 'colsample_bytree': 0.6122042522489387, 'min_child_samples': 70, 'reg_alpha': 2.204988820551451e-06, 'reg_lambda': 1.1816043408326617}. Best is trial 8 with value: 0.061791879888914714.
[I 2026-06-01 13:01:27,636] Trial 15 finished with value: 0.07428447396480384 and parameters: {'confidence_threshold': 0.654086456186345, 'training_days': 500, 'n_estimators': 130, 'max_depth': 3, 'num_leaves': 17, 'learning_rate': 0.09246729598324224, 'subsample': 0.9130673202651429, 'colsample_bytree': 0.502925720040233, 'min_child_samples': 91, 'reg_alpha': 0.00030540690605735836, 'reg_lambda': 2.582339790441249e-06}. Best is trial 15 with value: 0.07428447396480384.
[I 2026-06-01 13:01:27,880] Trial 16 finished with value: 0.024300325143487348 and parameters: {'confidence_threshold': 0.5156958281455359, 'training_days': 500, 'n_estimators': 300, 'max_depth': 4, 'num_leaves': 15, 'learning_rate': 0.10984583677724832, 'subsample': 0.9295293929743823, 'colsample_bytree': 0.5094684644014628, 'min_child_samples': 57, 'reg_alpha': 0.0008041702942040633, 'reg_lambda': 3.178317487349024e-06}. Best is trial 15 with value: 0.07428447396480384.
