[I 2026-06-01 13:02:06,457] Trial 4 finished with value: 0.03338850500964685 and parameters: {'confidence_threshold': 0.5905729935600059, 'training_days': 340, 'n_estimators': 190, 'max_depth': 4, 'num_leaves': 41, 'learning_rate': 0.01875220945578641, 'subsample': 0.9847923138822793, 'colsample_bytree': 0.8875664116805573, 'min_child_samples': 96, 'reg_alpha': 1.1309571585271483, 'reg_lambda': 0.002404915432737351}. Best is trial 3 with value: 0.09394829566038064.
[I 2026-06-01 13:02:06,510] Trial 5 finished with value: -2.0774030076336794 and parameters: {'confidence_threshold': 0.8226559822580909, 'training_days': 50, 'n_estimators': 138, 'max_depth': 3, 'num_leaves': 30, 'learning_rate': 0.03750796359625606, 'subsample': 0.6356745158869479, 'colsample_bytree': 0.9143687545759647, 'min_child_samples': 48, 'reg_alpha': 3.376063348877853e-06, 'reg_lambda': 0.0007660634613082914}. Best is trial 3 with value: 0.09394829566038064.
[I 2026-06-01 13:02:06,631] Trial 6 finished with value: 0.06119934420059879 and parameters: {'confidence_threshold': 0.5493234787411669, 'training_days': 410, 'n_estimators': 83, 'max_depth': 5, 'num_leaves': 52, 'learning_rate': 0.019657448966046126, 'subsample': 0.5027610585618012, 'colsample_bytree': 0.9077307142274171, 'min_child_samples': 77, 'reg_alpha': 0.03639690979811287, 'reg_lambda': 0.08738424135626986}. Best is trial 3 with value: 0.09394829566038064.
[I 2026-06-01 13:02:06,722] Trial 7 finished with value: -0.00678430784823224 and parameters: {'confidence_threshold': 0.5259156281069316, 'training_days': 180, 'n_estimators': 102, 'max_depth': 5, 'num_leaves': 45, 'learning_rate': 0.030816017044468066, 'subsample': 0.5317791751430119, 'colsample_bytree': 0.6554911608578311, 'min_child_samples': 46, 'reg_alpha': 0.036851536911881845, 'reg_lambda': 0.005470376807480391}. Best is trial 3 with value: 0.09394829566038064.
[I 2026-06-01 13:02:06,832] Trial 8 finished with value: 0.06747149432440856 and parameters: {'confidence_threshold': 0.8105244599017143, 'training_days': 240, 'n_estimators': 103, 'max_depth': 5, 'num_leaves': 52, 'learning_rate': 0.06746437142284309, 'subsample': 0.8854835899772805, 'colsample_bytree': 0.7468977981821954, 'min_child_samples': 62, 'reg_alpha': 7.04480806377519e-05, 'reg_lambda': 1.6934490731313353e-08}. Best is trial 3 with value: 0.09394829566038064.
[I 2026-06-01 13:02:06,856] Trial 9 finished with value: -2.029327323471949 and parameters: {'confidence_threshold': 0.5377619994476566, 'training_days': 20, 'n_estimators': 337, 'max_depth': 3, 'num_leaves': 39, 'learning_rate': 0.21907142272152816, 'subsample': 0.6246461145744375, 'colsample_bytree': 0.7051914615178149, 'min_child_samples': 81, 'reg_alpha': 1.1459970229341322e-06, 'reg_lambda': 4.929685216887945e-08}. Best is trial 3 with value: 0.09394829566038064.
[I 2026-06-01 13:02:07,351] Trial 10 finished with value: 0.029191168897545427 and parameters: {'confidence_threshold': 0.7301111584710253, 'training_days': 350, 'n_estimators': 487, 'max_depth': 4, 'num_leaves': 15, 'learning_rate': 0.1457937958927628, 'subsample': 0.6806559982209046, 'colsample_bytree': 0.5055805119629307, 'min_child_samples': 27, 'reg_alpha': 1.290626345465208e-08, 'reg_lambda': 8.530248590348572}. Best is trial 3 with value: 0.09394829566038064.

    [trial 7] 48 features, training_days=120 | threshold=0.550 | labels: 1217 long, 954 short (56/44%)
    [trial 7] Sharpe=0.0344 (folds: 0.1029, -0.0128, 0.0906, -0.0502, 0.0413)
    [trial 8] 48 features, training_days=450 | threshold=0.720 | labels: 1217 long, 954 short (56/44%)
    [trial 8] Sharpe=0.1496 (folds: 0.1277, 0.3422, 0.2720, -0.0894, 0.0957)
    [trial 9] 48 features, training_days=20 | threshold=0.727 | labels: 1217 long, 954 short (56/44%)
    [trial 9] Sharpe=-4.0930 (folds: -0.1462, -0.4790, -10.0000, -10.0000, 0.1604)
    [trial 10] 48 features, training_days=400 | threshold=0.828 | labels: 1217 long, 954 short (56/44%)
    [trial 10] Sharpe=-5.7165 (folds: 0.4841, 0.9332, -10.0000, -10.0000, -10.0000)
    [trial 11] 48 features, training_days=500 | threshold=0.783 | labels: 1217 long, 954 short (56/44%)
    [trial 11] Sharpe=0.1926 (folds: 0.0903, 0.3850, 0.3530, -0.0554, 0.1904)
    [trial 12] 48 features, training_days=380 | threshold=0.801 | labels: 1217 long, 954 short (56/44%)
    [trial 12] Sharpe=0.1825 (folds: 0.3034, 0.2328, 0.3143, -0.1586, 0.2208)
    [trial 13] 48 features, training_days=380 | threshold=0.820 | labels: 1217 long, 954 short (56/44%)
    [trial 13] Sharpe=0.2767 (folds: 0.4634, 0.3027, 0.4321, -0.1565, 0.3417)
    [trial 14] 48 features, training_days=350 | threshold=0.775 | labels: 1217 long, 954 short (56/44%)
    [trial 14] Sharpe=0.2257 (folds: 0.1811, 0.3318, 0.3755, -0.0947, 0.3349)
    [trial 15] 48 features, training_days=330 | threshold=0.849 | labels: 1217 long, 954 short (56/44%)
    [trial 15] Sharpe=0.2373 (folds: 0.2370, 0.3741, 0.4090, -0.2976, 0.4641)
    [trial 16] 48 features, training_days=210 | threshold=0.850 | labels: 1217 long, 954 short (56/44%)
    [trial 16] Sharpe=0.2600 (folds: 0.4788, 0.4385, 0.1268, -0.0418, 0.2975)
    [trial 17] 48 features, training_days=190 | threshold=0.508 | labels: 1217 long, 954 short (56/44%)
    [trial 17] Sharpe=0.0710 (folds: 0.1247, 0.2341, 0.0706, -0.0102, -0.0639)
  Optuna: 18 trials, best Sharpe = 0.2767
  Best params: n_estimators=497, max_depth=4, lr=0.0160, leaves=55
  Best confidence_threshold: 0.820
  Best training_days: 380
  Retrained on full data (1140 samples, 48 features)
  OOD: 16 features, cutoff (q=0.7) = 10.11
  Model trained for 2024-12: 93 test candles with features, confidence_threshold=0.715
[lgbm] === Training for 2025-01 ===
  Train window: 2023-01-01 → 2024-12-24
  2171 training samples from 1 symbols
  Samples per month: 2023-01: 93, 2023-02: 84, 2023-03: 93, 2023-04: 90, 2023-05: 93, 2023-06: 90, 2023-07: 93, 2023-08: 93, 2023-09: 90, 2023-10: 93, 2023-11: 90, 2023-12: 93, 2024-01: 93, 2024-02: 87, 2024-03: 93, 2024-04: 90, 2024-05: 93, 2024-06: 90, 2024-07: 93, 2024-08: 93, 2024-09: 90, 2024-10: 93, 2024-11: 90, 2024-12: 71
  [label] 2023-03-03 16:00 BTCUSDT entry=22342.8000 → SHORT | long=sl(-4.21%) short=tp(+8.12%) | scanned=18 | short_tp_only
  [label] 2023-03-06 00:00 BTCUSDT entry=22380.9000 → SHORT | long=sl(-3.11%) short=tp(+5.92%) | scanned=11 | short_tp_only
  [label] 2023-03-09 16:00 BTCUSDT entry=20348.3000 → LONG | long=tp(+8.44%) short=sl(-4.37%) | scanned=9 | long_tp_only
  [label] 2023-04-03 08:00 BTCUSDT entry=28032.5000 → LONG | long=timeout(+1.31%) short=timeout(-1.51%) | scanned=22 | no_tp→fwd_return=+1.4098
  [label] 2023-05-26 00:00 BTCUSDT entry=26491.3000 → LONG | long=tp(+5.28%) short=sl(-2.79%) | scanned=8 | long_tp_only
  [label] 2023-11-08 00:00 BTCUSDT entry=35239.6000 → LONG | long=tp(+5.85%) short=sl(-3.08%) | scanned=4 | long_tp_only
  [label] 2023-11-12 00:00 BTCUSDT entry=37154.1000 → SHORT | long=sl(-3.53%) short=tp(+6.75%) | scanned=8 | short_tp_only
  [label] 2023-11-22 16:00 BTCUSDT entry=37413.4000 → LONG | long=timeout(+1.03%) short=timeout(-1.23%) | scanned=22 | no_tp→fwd_return=+1.1325
  [label] 2024-01-06 16:00 BTCUSDT entry=43956.7000 → LONG | long=tp(+8.97%) short=sl(-4.63%) | scanned=9 | long_tp_only
  [label] 2024-01-15 08:00 BTCUSDT entry=42278.7000 → SHORT | long=timeout(-3.66%) short=timeout(+3.46%) | scanned=22 | no_tp→fwd_return=-3.5573
  [label] 2024-04-14 16:00 BTCUSDT entry=65615.9000 → SHORT | long=sl(-6.50%) short=timeout(+0.97%) | scanned=22 | no_tp→fwd_return=-1.0718
  [label] 2024-05-16 16:00 BTCUSDT entry=65217.7000 → LONG | long=tp(+7.13%) short=sl(-3.71%) | scanned=12 | long_tp_only
  [label] 2024-06-02 00:00 BTCUSDT entry=67743.0000 → LONG | long=tp(+5.01%) short=sl(-2.65%) | scanned=9 | long_tp_only
  [label] 2024-06-14 16:00 BTCUSDT entry=66039.7000 → SHORT | long=sl(-3.59%) short=timeout(+2.80%) | scanned=22 | no_tp→fwd_return=-2.9008
  [label] 2024-07-03 00:00 BTCUSDT entry=60859.9000 → SHORT | long=sl(-3.02%) short=tp(+5.74%) | scanned=4 | short_tp_only
  [label] 2024-07-09 08:00 BTCUSDT entry=57445.3000 → LONG | long=tp(+9.92%) short=sl(-5.11%) | scanned=18 | long_tp_only
  [label] 2024-07-21 16:00 BTCUSDT entry=68138.0000 → LONG | long=sl(-3.62%) short=timeout(-0.21%) | scanned=22 | no_tp→fwd_return=+0.1137
  [label] 2024-08-30 08:00 BTCUSDT entry=58073.1000 → SHORT | long=sl(-4.77%) short=timeout(+6.88%) | scanned=22 | no_tp→fwd_return=-6.9757
  [label] 2024-09-09 00:00 BTCUSDT entry=54939.1000 → LONG | long=tp(+8.14%) short=sl(-4.22%) | scanned=13 | long_tp_only
  [label] 2024-12-04 08:00 BTCUSDT entry=95813.0000 → LONG | long=tp(+6.49%) short=sl(-3.40%) | scanned=2 | long_tp_only
  Labels: 1211 long (55.8%), 960 short (44.2%) | weights: min=1.00, mean=3.53, max=10.00
  Features: 2171/2171 matched, 48 columns
  CV gap: 22 rows
  [ensemble 1/3] seed=42
    [trial 0] 48 features, training_days=480 | threshold=0.631 | labels: 1211 long, 960 short (56/44%)
    [CV fold 0] train_end=2023-04-25 08:00 | val_start=2023-05-03 00:00 | gap=184h (22 rows)
    [CV fold 1] train_end=2023-08-23 16:00 | val_start=2023-08-31 08:00 | gap=184h (22 rows)
    [CV fold 2] train_end=2023-12-22 00:00 | val_start=2023-12-29 16:00 | gap=184h (22 rows)
    [CV fold 3] train_end=2024-04-20 08:00 | val_start=2024-04-28 00:00 | gap=184h (22 rows)
    [CV fold 4] train_end=2024-08-18 16:00 | val_start=2024-08-26 08:00 | gap=184h (22 rows)
    [trial 0] Sharpe=0.0860 (folds: -0.0156, 0.0249, 0.3803, -0.0731, 0.1134)
    [trial 1] 48 features, training_days=420 | threshold=0.839 | labels: 1211 long, 960 short (56/44%)
    [trial 1] Sharpe=-3.9680 (folds: 0.1372, -0.1118, -10.0000, 0.1344, -10.0000)
    [trial 2] 48 features, training_days=190 | threshold=0.602 | labels: 1211 long, 960 short (56/44%)
    [trial 2] Sharpe=-0.0461 (folds: -0.0646, 0.0081, 0.0325, -0.0438, -0.1629)
    [trial 3] 48 features, training_days=490 | threshold=0.832 | labels: 1211 long, 960 short (56/44%)
    [trial 3] Sharpe=0.0939 (folds: -0.0364, 0.1267, 0.2965, -0.0605, 0.1433)
    [trial 4] 48 features, training_days=340 | threshold=0.591 | labels: 1211 long, 960 short (56/44%)
    [trial 4] Sharpe=0.0334 (folds: -0.0811, 0.0376, 0.3863, -0.0551, -0.1208)
    [trial 5] 48 features, training_days=50 | threshold=0.823 | labels: 1211 long, 960 short (56/44%)
    [trial 5] Sharpe=-2.0774 (folds: -0.1051, -0.4277, 0.1746, -0.0288, -10.0000)
    [trial 6] 48 features, training_days=410 | threshold=0.549 | labels: 1211 long, 960 short (56/44%)
    [trial 6] Sharpe=0.0612 (folds: -0.0476, -0.0110, 0.3718, -0.0164, 0.0092)
    [trial 7] 48 features, training_days=180 | threshold=0.526 | labels: 1211 long, 960 short (56/44%)
    [trial 7] Sharpe=-0.0068 (folds: -0.0426, 0.0459, 0.1156, -0.0684, -0.0844)
    [trial 8] 48 features, training_days=240 | threshold=0.811 | labels: 1211 long, 960 short (56/44%)
    [trial 8] Sharpe=0.0675 (folds: 0.0801, 0.0619, 0.1241, -0.0527, 0.1240)
    [trial 9] 48 features, training_days=20 | threshold=0.538 | labels: 1211 long, 960 short (56/44%)
    [trial 9] Sharpe=-2.0293 (folds: -10.0000, -0.4769, 0.1943, -0.0485, 0.1846)
    [trial 10] 48 features, training_days=350 | threshold=0.730 | labels: 1211 long, 960 short (56/44%)
    [trial 10] Sharpe=0.0292 (folds: -0.0189, 0.1480, 0.2010, -0.0974, -0.0868)
    [trial 11] 48 features, training_days=490 | threshold=0.695 | labels: 1211 long, 960 short (56/44%)[I 2026-06-01 13:02:07,732] Trial 11 finished with value: 0.09947435290390885 and parameters: {'confidence_threshold': 0.6954836557727516, 'training_days': 490, 'n_estimators': 420, 'max_depth': 4, 'num_leaves': 15, 'learning_rate': 0.010397937137834207, 'subsample': 0.5780545957082475, 'colsample_bytree': 0.8242066785264957, 'min_child_samples': 55, 'reg_alpha': 3.662834835098572, 'reg_lambda': 7.868729181011707e-06}. Best is trial 11 with value: 0.09947435290390885.
[I 2026-06-01 13:02:08,282] Trial 12 finished with value: 0.051453471091765936 and parameters: {'confidence_threshold': 0.7158407934522353, 'training_days': 480, 'n_estimators': 480, 'max_depth': 4, 'num_leaves': 15, 'learning_rate': 0.010642679600809507, 'subsample': 0.7114719232100558, 'colsample_bytree': 0.8304278626461433, 'min_child_samples': 30, 'reg_alpha': 5.7716388202492235, 'reg_lambda': 8.348297043432798e-06}. Best is trial 11 with value: 0.09947435290390885.
[I 2026-06-01 13:02:08,541] Trial 13 finished with value: 0.05623861023694625 and parameters: {'confidence_threshold': 0.761090948209192, 'training_days': 500, 'n_estimators': 399, 'max_depth': 3, 'num_leaves': 62, 'learning_rate': 0.10036282443683886, 'subsample': 0.8428345170270246, 'colsample_bytree': 0.6138200283342398, 'min_child_samples': 53, 'reg_alpha': 0.00013793593955942335, 'reg_lambda': 2.1573112424412734e-05}. Best is trial 11 with value: 0.09947435290390885.
[I 2026-06-01 13:02:08,855] Trial 14 finished with value: 0.03301927551772128 and parameters: {'confidence_threshold': 0.6730556752351576, 'training_days': 340, 'n_estimators': 431, 'max_depth': 3, 'num_leaves': 33, 'learning_rate': 0.11352144131631174, 'subsample': 0.6009149043314107, 'colsample_bytree': 0.8076393787329184, 'min_child_samples': 36, 'reg_alpha': 2.4270990787417795e-08, 'reg_lambda': 6.551588619002162}. Best is trial 11 with value: 0.09947435290390885.
[I 2026-06-01 13:02:09,094] Trial 15 finished with value: 0.05060469569901238 and parameters: {'confidence_threshold': 0.7751924326211777, 'training_days': 420, 'n_estimators': 299, 'max_depth': 4, 'num_leaves': 29, 'learning_rate': 0.2699762584636849, 'subsample': 0.5907198978054452, 'colsample_bytree': 0.5845593918314319, 'min_child_samples': 55, 'reg_alpha': 0.6849391813640988, 'reg_lambda': 8.602986234924761e-06}. Best is trial 11 with value: 0.09947435290390885.
[I 2026-06-01 13:02:09,355] Trial 16 finished with value: -0.019130260727263464 and parameters: {'confidence_threshold': 0.6760523483882178, 'training_days': 270, 'n_estimators': 434, 'max_depth': 3, 'num_leaves': 18, 'learning_rate': 0.08232909866670433, 'subsample': 0.713173333047047, 'colsample_bytree': 0.9826162589395974, 'min_child_samples': 87, 'reg_alpha': 1.6230643075200477e-05, 'reg_lambda': 0.23529158002820744}. Best is trial 11 with value: 0.09947435290390885.
[I 2026-06-01 13:02:09,641] Trial 17 finished with value: 0.20923012557837675 and parameters: {'confidence_threshold': 0.789403558838043, 'training_days': 400, 'n_estimators': 344, 'max_depth': 4, 'num_leaves': 21, 'learning_rate': 0.010425658055299656, 'subsample': 0.9082676340052684, 'colsample_bytree': 0.7952908891858086, 'min_child_samples': 63, 'reg_alpha': 0.0024316771103747967, 'reg_lambda': 6.880925840516315e-07}. Best is trial 17 with value: 0.20923012557837675.
[I 2026-06-01 13:02:10,068] A new study created in memory with name: no-name-9dde3794-d179-468d-afaf-97fb01043cd7
[I 2026-06-01 13:02:10,158] Trial 0 finished with value: -0.0874690620113264 and parameters: {'confidence_threshold': 0.7437642149592516, 'training_days': 150, 'n_estimators': 152, 'max_depth': 4, 'num_leaves': 50, 'learning_rate': 0.04216766425047743, 'subsample': 0.9903820991923078, 'colsample_bytree': 0.8424148692924316, 'min_child_samples': 58, 'reg_alpha': 3.381097259762742e-05, 'reg_lambda': 1.2263152961306247e-05}. Best is trial 0 with value: -0.0874690620113264.
[I 2026-06-01 13:02:10,227] Trial 1 finished with value: -1.8660391335145974 and parameters: {'confidence_threshold': 0.7551673975844145, 'training_days': 220, 'n_estimators': 76, 'max_depth': 4, 'num_leaves': 51, 'learning_rate': 0.018602118810743477, 'subsample': 0.5877258780737462, 'colsample_bytree': 0.7657756869209191, 'min_child_samples': 63, 'reg_alpha': 0.005123994170264194, 'reg_lambda': 0.44145470178120466}. Best is trial 0 with value: -0.0874690620113264.
[I 2026-06-01 13:02:10,472] Trial 2 finished with value: 0.04491297610198788 and parameters: {'confidence_threshold': 0.7535593637012223, 'training_days': 310, 'n_estimators': 375, 'max_depth': 3, 'num_leaves': 32, 'learning_rate': 0.021735641882032388, 'subsample': 0.6468570231944146, 'colsample_bytree': 0.8154880619272439, 'min_child_samples': 27, 'reg_alpha': 8.004064028491336e-05, 'reg_lambda': 7.546835261630524e-05}. Best is trial 2 with value: 0.04491297610198788.
[I 2026-06-01 13:02:10,637] Trial 3 finished with value: 0.0013475565581566652 and parameters: {'confidence_threshold': 0.6727897841776072, 'training_days': 220, 'n_estimators': 190, 'max_depth': 4, 'num_leaves': 58, 'learning_rate': 0.24810689332636193, 'subsample': 0.7509183379421682, 'colsample_bytree': 0.8119764758960556, 'min_child_samples': 29, 'reg_alpha': 7.1708285081421445e-06, 'reg_lambda': 5.412973582738627e-05}. Best is trial 2 with value: 0.04491297610198788.
[I 2026-06-01 13:02:10,741] Trial 4 finished with value: -0.019386614478724317 and parameters: {'confidence_threshold': 0.803208205259178, 'training_days': 130, 'n_estimators': 267, 'max_depth': 5, 'num_leaves': 40, 'learning_rate': 0.08041175317374143, 'subsample': 0.5603143329951619, 'colsample_bytree': 0.9131704002534167, 'min_child_samples': 68, 'reg_alpha': 0.0008046593428183385, 'reg_lambda': 1.2158346158765583e-05}. Best is trial 2 with value: 0.04491297610198788.
[I 2026-06-01 13:02:10,983] Trial 5 finished with value: -0.05759018031562315 and parameters: {'confidence_threshold': 0.6064422761595144, 'training_days': 210, 'n_estimators': 357, 'max_depth': 5, 'num_leaves': 40, 'learning_rate': 0.0974221287220869, 'subsample': 0.7929682762811064, 'colsample_bytree': 0.8124517510478, 'min_child_samples': 74, 'reg_alpha': 0.3811377260781234, 'reg_lambda': 5.607314238392041e-08}. Best is trial 2 with value: 0.04491297610198788.
[I 2026-06-01 13:02:11,097] Trial 6 finished with value: -0.06290579673664144 and parameters: {'confidence_threshold': 0.7672889945051684, 'training_days': 130, 'n_estimators': 137, 'max_depth': 4, 'num_leaves': 19, 'learning_rate': 0.2031117614248665, 'subsample': 0.8136244860256343, 'colsample_bytree': 0.8617081790949774, 'min_child_samples': 21, 'reg_alpha': 0.002238138278733199, 'reg_lambda': 0.001025809534977322}. Best is trial 2 with value: 0.04491297610198788.
[I 2026-06-01 13:02:11,167] Trial 7 finished with value: 0.04778123724946219 and parameters: {'confidence_threshold': 0.555635875450653, 'training_days': 80, 'n_estimators': 363, 'max_depth': 3, 'num_leaves': 48, 'learning_rate': 0.06590089024008658, 'subsample': 0.6944752870615722, 'colsample_bytree': 0.962566244806993, 'min_child_samples': 88, 'reg_alpha': 1.6465620446426067e-05, 'reg_lambda': 2.4678750890085655e-08}. Best is trial 7 with value: 0.04778123724946219.
[I 2026-06-01 13:02:11,549] Trial 8 finished with value: -0.02187583257609996 and parameters: {'confidence_threshold': 0.6066688256938841, 'training_days': 200, 'n_estimators': 367, 'max_depth': 5, 'num_leaves': 32, 'learning_rate': 0.13377519215934996, 'subsample': 0.7965884582811106, 'colsample_bytree': 0.8458508993500886, 'min_child_samples': 32, 'reg_alpha': 3.889436043816386e-05, 'reg_lambda': 1.4713062489380356e-06}. Best is trial 7 with value: 0.04778123724946219.
[I 2026-06-01 13:02:11,761] Trial 9 finished with value: -0.01846409384861178 and parameters: {'confidence_threshold': 0.6202096049169137, 'training_days': 260, 'n_estimators': 350, 'max_depth': 3, 'num_leaves': 21, 'learning_rate': 0.02989540198065364, 'subsample': 0.8307821683331218, 'colsample_bytree': 0.923253112635361, 'min_child_samples': 64, 'reg_alpha': 0.4898604619604203, 'reg_lambda': 2.9076377687066166e-05}. Best is trial 7 with value: 0.04778123724946219.
[I 2026-06-01 13:02:11,800] Trial 10 finished with value: -0.016432417890590818 and parameters: {'confidence_threshold': 0.5248809389721337, 'training_days': 10, 'n_estimators': 493, 'max_depth': 3, 'num_leaves': 63, 'learning_rate': 0.010221918552934462, 'subsample': 0.667749445701178, 'colsample_bytree': 0.6202684210924141, 'min_child_samples': 99, 'reg_alpha': 1.3884210513841762e-08, 'reg_lambda': 0.02273343343290072}. Best is trial 7 with value: 0.04778123724946219.
[I 2026-06-01 13:02:12,100] Trial 11 finished with value: 0.05179416155306391 and parameters: {'confidence_threshold': 0.5077463503498806, 'training_days': 440, 'n_estimators': 481, 'max_depth': 3, 'num_leaves': 34, 'learning_rate': 0.026648706335371596, 'subsample': 0.6581542700946174, 'colsample_bytree': 0.9846700359148485, 'min_child_samples': 100, 'reg_alpha': 2.5493772909886044e-07, 'reg_lambda': 1.0035776237342458e-08}. Best is trial 11 with value: 0.05179416155306391.
[I 2026-06-01 13:02:12,416] Trial 12 finished with value: 0.05020862070217984 and parameters: {'confidence_threshold': 0.5091995832515449, 'training_days': 500, 'n_estimators': 498, 'max_depth': 3, 'num_leaves': 47, 'learning_rate': 0.05809128784912797, 'subsample': 0.6772104159737814, 'colsample_bytree': 0.9737874829232072, 'min_child_samples': 100, 'reg_alpha': 2.5907884980586616e-07, 'reg_lambda': 4.772660246110662e-08}. Best is trial 11 with value: 0.05179416155306391.
[I 2026-06-01 13:02:12,687] Trial 13 finished with value: 0.06586422492361438 and parameters: {'confidence_threshold': 0.501145614105161, 'training_days': 500, 'n_estimators': 475, 'max_depth': 3, 'num_leaves': 30, 'learning_rate': 0.04317436237981049, 'subsample': 0.5024707401359401, 'colsample_bytree': 0.6564540780078124, 'min_child_samples': 95, 'reg_alpha': 7.145418468218336e-08, 'reg_lambda': 3.0523674035427045e-07}. Best is trial 13 with value: 0.06586422492361438.
