[I 2026-06-01 12:58:31,562] Trial 17 finished with value: 0.03363833868408705 and parameters: {'confidence_threshold': 0.5187678045423305, 'training_days': 290, 'n_estimators': 143, 'max_depth': 4, 'num_leaves': 63, 'learning_rate': 0.010425658055299656, 'subsample': 0.7004831188261247, 'colsample_bytree': 0.9956385980717998, 'min_child_samples': 71, 'reg_alpha': 7.811196825683239, 'reg_lambda': 0.44219958495189055}. Best is trial 2 with value: 0.03563057219444145.
[I 2026-06-01 12:58:31,797] A new study created in memory with name: no-name-89767e52-c64a-4665-9cf9-89e4f5413fe7

[trade:close] 2023-04-26 15:59 BTCUSDT SHORT → stop_loss @ 29187.55 | PnL=-3.71% (net -3.81%) | cum=-15.10% 2023-04=-3.24% 2023-04-26=-3.81%
[predict] 2023-04-28 00:00 BTCUSDT → LONG (proba=0.71 TP=9.7%/SL=4.8%)
[trade:open] 2023-04-28 07:59 BTCUSDT LONG @ 29473.90 | SL=28046.93 TP=32327.84 | timeout=2023-05-05 07:59
[lgbm] === Training for 2023-05 ===
  Train window: 2021-05-01 → 2023-04-23
  2168 training samples from 1 symbols
  Samples per month: 2021-05: 93, 2021-06: 90, 2021-07: 93, 2021-08: 93, 2021-09: 90, 2021-10: 93, 2021-11: 90, 2021-12: 93, 2022-01: 93, 2022-02: 84, 2022-03: 93, 2022-04: 90, 2022-05: 93, 2022-06: 90, 2022-07: 93, 2022-08: 93, 2022-09: 90, 2022-10: 93, 2022-11: 90, 2022-12: 93, 2023-01: 93, 2023-02: 84, 2023-03: 93, 2023-04: 68
  [label] 2021-07-01 16:00 BTCUSDT entry=33489.9600 → SHORT | long=timeout(-2.00%) short=sl(-7.42%) | scanned=22 | no_tp→fwd_return=-1.9048
  [label] 2021-07-03 16:00 BTCUSDT entry=34652.9400 → SHORT | long=sl(-6.07%) short=timeout(+3.23%) | scanned=22 | no_tp→fwd_return=-3.3329
  [label] 2021-07-07 16:00 BTCUSDT entry=33845.6400 → SHORT | long=sl(-5.69%) short=timeout(+2.98%) | scanned=22 | no_tp→fwd_return=-3.0805
  [label] 2021-08-01 08:00 BTCUSDT entry=41303.7200 → LONG | long=sl(-6.56%) short=sl(-6.56%) | scanned=18 | no_tp→fwd_return=+4.9843
  [label] 2021-09-22 16:00 BTCUSDT entry=43520.0000 → SHORT | long=timeout(-4.74%) short=timeout(+4.54%) | scanned=22 | no_tp→fwd_return=-4.6422
  [label] 2022-03-07 16:00 BTCUSDT entry=37963.8000 → LONG | long=timeout(+4.35%) short=sl(-6.61%) | scanned=22 | no_tp→fwd_return=+4.4516
  [label] 2022-03-11 16:00 BTCUSDT entry=38713.0000 → LONG | long=timeout(+7.75%) short=sl(-6.63%) | scanned=22 | no_tp→fwd_return=+7.8488
  [label] 2022-03-22 08:00 BTCUSDT entry=42567.2000 → LONG | long=tp(+8.96%) short=sl(-4.63%) | scanned=16 | long_tp_only
  [label] 2022-05-06 08:00 BTCUSDT entry=35989.1000 → SHORT | long=sl(-5.91%) short=tp(+11.52%) | scanned=10 | short_tp_only
  [label] 2022-05-14 16:00 BTCUSDT entry=30079.8000 → SHORT | long=timeout(-2.27%) short=timeout(+2.07%) | scanned=22 | no_tp→fwd_return=-2.1689
  [label] 2022-08-13 00:00 BTCUSDT entry=24566.1000 → SHORT | long=sl(-4.24%) short=tp(+8.19%) | scanned=18 | short_tp_only
  [label] 2022-09-14 00:00 BTCUSDT entry=20235.3000 → SHORT | long=sl(-6.07%) short=timeout(+6.31%) | scanned=22 | no_tp→fwd_return=-6.4071
  [label] 2022-09-30 00:00 BTCUSDT entry=19560.8000 → LONG | long=timeout(+1.72%) short=timeout(-1.92%) | scanned=22 | no_tp→fwd_return=+1.8200
  [label] 2022-10-12 16:00 BTCUSDT entry=19148.0000 → SHORT | long=sl(-2.73%) short=tp(+5.17%) | scanned=2 | short_tp_only
  [label] 2022-10-31 08:00 BTCUSDT entry=20390.4000 → LONG | long=timeout(+1.69%) short=sl(-3.13%) | scanned=22 | no_tp→fwd_return=+1.7940
  [label] 2022-11-06 16:00 BTCUSDT entry=20900.0000 → SHORT | long=sl(-2.93%) short=tp(+5.56%) | scanned=4 | short_tp_only
  [label] 2022-11-19 00:00 BTCUSDT entry=16592.2000 → SHORT | long=sl(-4.51%) short=timeout(-0.01%) | scanned=22 | no_tp→fwd_return=-0.0922
  [label] 2022-12-28 08:00 BTCUSDT entry=16571.3000 → LONG | long=timeout(+1.56%) short=sl(-1.84%) | scanned=22 | no_tp→fwd_return=+1.6607
  [label] 2023-01-07 08:00 BTCUSDT entry=16934.5000 → LONG | long=tp(+2.60%) short=sl(-1.45%) | scanned=10 | long_tp_only
  [label] 2023-04-03 08:00 BTCUSDT entry=28032.5000 → LONG | long=timeout(+1.31%) short=timeout(-1.51%) | scanned=22 | no_tp→fwd_return=+1.4098
  Labels: 1054 long (48.6%), 1114 short (51.4%) | weights: min=1.00, mean=3.15, max=10.00
  Features: 2168/2168 matched, 48 columns
  CV gap: 22 rows
  [ensemble 1/3] seed=42
    [trial 0] 48 features, training_days=480 | threshold=0.631 | labels: 1054 long, 1114 short (49/51%)
    [CV fold 0] train_end=2021-08-22 08:00 | val_start=2021-08-30 00:00 | gap=184h (22 rows)
    [CV fold 1] train_end=2021-12-20 16:00 | val_start=2021-12-28 08:00 | gap=184h (22 rows)
    [CV fold 2] train_end=2022-04-20 00:00 | val_start=2022-04-27 16:00 | gap=184h (22 rows)
    [CV fold 3] train_end=2022-08-18 08:00 | val_start=2022-08-26 00:00 | gap=184h (22 rows)
    [CV fold 4] train_end=2022-12-16 16:00 | val_start=2022-12-24 08:00 | gap=184h (22 rows)
    [trial 0] Sharpe=-0.0095 (folds: 0.3165, -0.0370, -0.1185, -0.2410, 0.0323)
    [trial 1] 48 features, training_days=420 | threshold=0.839 | labels: 1054 long, 1114 short (49/51%)
    [trial 1] Sharpe=-2.3060 (folds: 0.0564, -0.9385, -0.5041, -10.0000, -0.1438)
    [trial 2] 48 features, training_days=190 | threshold=0.602 | labels: 1054 long, 1114 short (49/51%)
    [trial 2] Sharpe=0.0356 (folds: 0.2456, -0.0704, 0.0681, -0.0837, 0.0186)
    [trial 3] 48 features, training_days=490 | threshold=0.832 | labels: 1054 long, 1114 short (49/51%)
    [trial 3] Sharpe=-0.0386 (folds: 0.2087, -0.0454, -0.1376, -0.2028, -0.0160)
    [trial 4] 48 features, training_days=340 | threshold=0.591 | labels: 1054 long, 1114 short (49/51%)
    [trial 4] Sharpe=0.0052 (folds: 0.3299, -0.0557, -0.0715, -0.1568, -0.0198)
    [trial 5] 48 features, training_days=50 | threshold=0.823 | labels: 1054 long, 1114 short (49/51%)
    [trial 5] Sharpe=-0.0833 (folds: 0.0278, -0.0161, 0.0982, -0.1770, -0.3495)
    [trial 6] 48 features, training_days=410 | threshold=0.549 | labels: 1054 long, 1114 short (49/51%)
    [trial 6] Sharpe=0.0017 (folds: 0.2560, -0.1143, -0.1045, -0.0316, 0.0031)
    [trial 7] 48 features, training_days=180 | threshold=0.526 | labels: 1054 long, 1114 short (49/51%)
    [trial 7] Sharpe=0.0216 (folds: 0.2437, -0.0604, -0.0170, -0.1192, 0.0610)
    [trial 8] 48 features, training_days=240 | threshold=0.811 | labels: 1054 long, 1114 short (49/51%)
    [trial 8] Sharpe=-0.0591 (folds: 0.1546, -0.0373, -0.0167, -0.2954, -0.1008)
    [trial 9] 48 features, training_days=20 | threshold=0.538 | labels: 1054 long, 1114 short (49/51%)
    [trial 9] Sharpe=-1.9569 (folds: 0.0539, -0.0200, -10.0000, -0.0242, 0.2055)
    [trial 10] 48 features, training_days=150 | threshold=0.680 | labels: 1054 long, 1114 short (49/51%)
    [trial 10] Sharpe=-0.0122 (folds: 0.1800, -0.0665, -0.0729, -0.1064, 0.0047)
    [trial 11] 48 features, training_days=190 | threshold=0.504 | labels: 1054 long, 1114 short (49/51%)
    [trial 11] Sharpe=0.0057 (folds: 0.1885, -0.0415, 0.0354, -0.1396, -0.0143)
    [trial 12] 48 features, training_days=130 | threshold=0.712 | labels: 1054 long, 1114 short (49/51%)
    [trial 12] Sharpe=-0.1036 (folds: 0.1670, -0.2551, -0.1157, -0.2947, -0.0196)
    [trial 13] 48 features, training_days=300 | threshold=0.609 | labels: 1054 long, 1114 short (49/51%)
    [trial 13] Sharpe=-0.0060 (folds: 0.2274, -0.0403, -0.0891, -0.1303, 0.0021)
    [trial 14] 48 features, training_days=220 | threshold=0.564 | labels: 1054 long, 1114 short (49/51%)
    [trial 14] Sharpe=0.0042 (folds: 0.2962, -0.0309, 0.0278, -0.2269, -0.0454)
    [trial 15] 48 features, training_days=120 | threshold=0.646 | labels: 1054 long, 1114 short (49/51%)
    [trial 15] Sharpe=-0.1229 (folds: 0.2135, -0.2904, -0.3329, -0.1573, -0.0472)
    [trial 16] 48 features, training_days=80 | threshold=0.741 | labels: 1054 long, 1114 short (49/51%)
    [trial 16] Sharpe=-0.0879 (folds: 0.0652, -0.2805, 0.0034, -0.1473, -0.0805)
    [trial 17] 48 features, training_days=290 | threshold=0.519 | labels: 1054 long, 1114 short (49/51%)
    [trial 17] Sharpe=0.0336 (folds: 0.2906, -0.0932, 0.0599, -0.0416, -0.0475)
  Optuna: 18 trials, best Sharpe = 0.0356
  Best params: n_estimators=255, max_depth=5, lr=0.0575, leaves=24
  Best confidence_threshold: 0.602
  Best training_days: 190
  Retrained on full data (570 samples, 48 features)
  [ensemble 2/3] seed=123
    [trial 0] 48 features, training_days=150 | threshold=0.744 | labels: 1054 long, 1114 short (49/51%)
    [CV fold 0] train_end=2021-08-22 08:00 | val_start=2021-08-30 00:00 | gap=184h (22 rows)
    [CV fold 1] train_end=2021-12-20 16:00 | val_start=2021-12-28 08:00 | gap=184h (22 rows)
    [CV fold 2] train_end=2022-04-20 00:00 | val_start=2022-04-27 16:00 | gap=184h (22 rows)
    [CV fold 3] train_end=2022-08-18 08:00 | val_start=2022-08-26 00:00 | gap=184h (22 rows)[I 2026-06-01 12:58:31,891] Trial 0 finished with value: -0.04232024137474441 and parameters: {'confidence_threshold': 0.7437642149592516, 'training_days': 150, 'n_estimators': 152, 'max_depth': 4, 'num_leaves': 50, 'learning_rate': 0.04216766425047743, 'subsample': 0.9903820991923078, 'colsample_bytree': 0.8424148692924316, 'min_child_samples': 58, 'reg_alpha': 3.381097259762742e-05, 'reg_lambda': 1.2263152961306247e-05}. Best is trial 0 with value: -0.04232024137474441.
[I 2026-06-01 12:58:31,962] Trial 1 finished with value: -2.1650945099951233 and parameters: {'confidence_threshold': 0.7551673975844145, 'training_days': 220, 'n_estimators': 76, 'max_depth': 4, 'num_leaves': 51, 'learning_rate': 0.018602118810743477, 'subsample': 0.5877258780737462, 'colsample_bytree': 0.7657756869209191, 'min_child_samples': 63, 'reg_alpha': 0.005123994170264194, 'reg_lambda': 0.44145470178120466}. Best is trial 0 with value: -0.04232024137474441.
[I 2026-06-01 12:58:32,218] Trial 2 finished with value: -0.09008064701153674 and parameters: {'confidence_threshold': 0.7535593637012223, 'training_days': 310, 'n_estimators': 375, 'max_depth': 3, 'num_leaves': 32, 'learning_rate': 0.021735641882032388, 'subsample': 0.6468570231944146, 'colsample_bytree': 0.8154880619272439, 'min_child_samples': 27, 'reg_alpha': 8.004064028491336e-05, 'reg_lambda': 7.546835261630524e-05}. Best is trial 0 with value: -0.04232024137474441.
[I 2026-06-01 12:58:32,400] Trial 3 finished with value: -0.016068399546433434 and parameters: {'confidence_threshold': 0.6727897841776072, 'training_days': 220, 'n_estimators': 190, 'max_depth': 4, 'num_leaves': 58, 'learning_rate': 0.24810689332636193, 'subsample': 0.7509183379421682, 'colsample_bytree': 0.8119764758960556, 'min_child_samples': 29, 'reg_alpha': 7.1708285081421445e-06, 'reg_lambda': 5.412973582738627e-05}. Best is trial 3 with value: -0.016068399546433434.
[I 2026-06-01 12:58:32,514] Trial 4 finished with value: -0.09459160180365996 and parameters: {'confidence_threshold': 0.803208205259178, 'training_days': 130, 'n_estimators': 267, 'max_depth': 5, 'num_leaves': 40, 'learning_rate': 0.08041175317374143, 'subsample': 0.5603143329951619, 'colsample_bytree': 0.9131704002534167, 'min_child_samples': 68, 'reg_alpha': 0.0008046593428183385, 'reg_lambda': 1.2158346158765583e-05}. Best is trial 3 with value: -0.016068399546433434.
[I 2026-06-01 12:58:32,740] Trial 5 finished with value: 0.024526351946873824 and parameters: {'confidence_threshold': 0.6064422761595144, 'training_days': 210, 'n_estimators': 357, 'max_depth': 5, 'num_leaves': 40, 'learning_rate': 0.0974221287220869, 'subsample': 0.7929682762811064, 'colsample_bytree': 0.8124517510478, 'min_child_samples': 74, 'reg_alpha': 0.3811377260781234, 'reg_lambda': 5.607314238392041e-08}. Best is trial 5 with value: 0.024526351946873824.
[I 2026-06-01 12:58:32,845] Trial 6 finished with value: -0.03427608354596596 and parameters: {'confidence_threshold': 0.7672889945051684, 'training_days': 130, 'n_estimators': 137, 'max_depth': 4, 'num_leaves': 19, 'learning_rate': 0.2031117614248665, 'subsample': 0.8136244860256343, 'colsample_bytree': 0.8617081790949774, 'min_child_samples': 21, 'reg_alpha': 0.002238138278733199, 'reg_lambda': 0.001025809534977322}. Best is trial 5 with value: 0.024526351946873824.
[I 2026-06-01 12:58:32,913] Trial 7 finished with value: -0.0408473389147643 and parameters: {'confidence_threshold': 0.555635875450653, 'training_days': 80, 'n_estimators': 363, 'max_depth': 3, 'num_leaves': 48, 'learning_rate': 0.06590089024008658, 'subsample': 0.6944752870615722, 'colsample_bytree': 0.962566244806993, 'min_child_samples': 88, 'reg_alpha': 1.6465620446426067e-05, 'reg_lambda': 2.4678750890085655e-08}. Best is trial 5 with value: 0.024526351946873824.
[I 2026-06-01 12:58:33,218] Trial 8 finished with value: 0.01479688537652957 and parameters: {'confidence_threshold': 0.6066688256938841, 'training_days': 200, 'n_estimators': 367, 'max_depth': 5, 'num_leaves': 32, 'learning_rate': 0.13377519215934996, 'subsample': 0.7965884582811106, 'colsample_bytree': 0.8458508993500886, 'min_child_samples': 32, 'reg_alpha': 3.889436043816386e-05, 'reg_lambda': 1.4713062489380356e-06}. Best is trial 5 with value: 0.024526351946873824.
[I 2026-06-01 12:58:33,417] Trial 9 finished with value: 0.009248017542519985 and parameters: {'confidence_threshold': 0.6202096049169137, 'training_days': 260, 'n_estimators': 350, 'max_depth': 3, 'num_leaves': 21, 'learning_rate': 0.02989540198065364, 'subsample': 0.8307821683331218, 'colsample_bytree': 0.923253112635361, 'min_child_samples': 64, 'reg_alpha': 0.4898604619604203, 'reg_lambda': 2.9076377687066166e-05}. Best is trial 5 with value: 0.024526351946873824.
[I 2026-06-01 12:58:33,795] Trial 10 finished with value: -0.00814646218318317 and parameters: {'confidence_threshold': 0.5342665212695602, 'training_days': 470, 'n_estimators': 493, 'max_depth': 5, 'num_leaves': 63, 'learning_rate': 0.010221918552934462, 'subsample': 0.9166551855891288, 'colsample_bytree': 0.6202684210924141, 'min_child_samples': 99, 'reg_alpha': 2.371385268938747e-08, 'reg_lambda': 8.795022395727933e-08}. Best is trial 5 with value: 0.024526351946873824.
[I 2026-06-01 12:58:34,219] Trial 11 finished with value: -0.030854208119174824 and parameters: {'confidence_threshold': 0.607296338357605, 'training_days': 360, 'n_estimators': 477, 'max_depth': 5, 'num_leaves': 32, 'learning_rate': 0.12199762873742671, 'subsample': 0.8344214603932569, 'colsample_bytree': 0.6661831737797719, 'min_child_samples': 42, 'reg_alpha': 0.22420772377574527, 'reg_lambda': 2.6358630354747385e-07}. Best is trial 5 with value: 0.024526351946873824.
[I 2026-06-01 12:58:34,247] Trial 12 finished with value: -1.9569496327061366 and parameters: {'confidence_threshold': 0.6181766826006161, 'training_days': 20, 'n_estimators': 287, 'max_depth': 5, 'num_leaves': 34, 'learning_rate': 0.12809347518986527, 'subsample': 0.7462630151554006, 'colsample_bytree': 0.5197889515780572, 'min_child_samples': 81, 'reg_alpha': 6.210448045058425, 'reg_lambda': 8.211318722004658e-07}. Best is trial 5 with value: 0.024526351946873824.
[I 2026-06-01 12:58:34,632] Trial 13 finished with value: -0.01156086650994208 and parameters: {'confidence_threshold': 0.503854589246995, 'training_days': 400, 'n_estimators': 413, 'max_depth': 5, 'num_leaves': 26, 'learning_rate': 0.1263297812055253, 'subsample': 0.8767161339646822, 'colsample_bytree': 0.7082407533656954, 'min_child_samples': 51, 'reg_alpha': 5.118802298244082e-07, 'reg_lambda': 0.004788009985073303}. Best is trial 5 with value: 0.024526351946873824.
[I 2026-06-01 12:58:34,953] Trial 14 finished with value: 0.010275237182454895 and parameters: {'confidence_threshold': 0.686501707298844, 'training_days': 270, 'n_estimators': 296, 'max_depth': 5, 'num_leaves': 42, 'learning_rate': 0.08683124309802116, 'subsample': 0.7204416227477246, 'colsample_bytree': 0.9951780710339017, 'min_child_samples': 40, 'reg_alpha': 0.03895716396495772, 'reg_lambda': 1.4878293542285148e-06}. Best is trial 5 with value: 0.024526351946873824.
[I 2026-06-01 12:58:35,170] Trial 15 finished with value: 0.014148579277439488 and parameters: {'confidence_threshold': 0.6701749786802792, 'training_days': 190, 'n_estimators': 436, 'max_depth': 5, 'num_leaves': 25, 'learning_rate': 0.1645541284075095, 'subsample': 0.507007918467014, 'colsample_bytree': 0.738971151174427, 'min_child_samples': 78, 'reg_alpha': 5.646373403336726e-07, 'reg_lambda': 2.5307567175602323e-08}. Best is trial 5 with value: 0.024526351946873824.
[I 2026-06-01 12:58:35,407] Trial 16 finished with value: -0.029379042370064428 and parameters: {'confidence_threshold': 0.5790917025596629, 'training_days': 310, 'n_estimators': 253, 'max_depth': 4, 'num_leaves': 15, 'learning_rate': 0.04734750546511042, 'subsample': 0.9319167121324619, 'colsample_bytree': 0.8835081131605972, 'min_child_samples': 48, 'reg_alpha': 4.931272808054431, 'reg_lambda': 1.007505525387849e-06}. Best is trial 5 with value: 0.024526351946873824.
[I 2026-06-01 12:58:35,443] Trial 17 finished with value: -5.980680334773882 and parameters: {'confidence_threshold': 0.7083118357742697, 'training_days': 50, 'n_estimators': 335, 'max_depth': 5, 'num_leaves': 44, 'learning_rate': 0.09397647074866274, 'subsample': 0.7880066290704743, 'colsample_bytree': 0.7882069742740347, 'min_child_samples': 75, 'reg_alpha': 0.018947354949615365, 'reg_lambda': 0.004147168456156341}. Best is trial 5 with value: 0.024526351946873824.
[I 2026-06-01 12:58:35,699] A new study created in memory with name: no-name-cd0e5070-db60-4fe1-9be7-b62ab9dc4593
[I 2026-06-01 12:58:35,883] Trial 0 finished with value: -0.03021431316971373 and parameters: {'confidence_threshold': 0.5870645682749857, 'training_days': 90, 'n_estimators': 403, 'max_depth': 5, 'num_leaves': 45, 'learning_rate': 0.0780457193679974, 'subsample': 0.9428509515574568, 'colsample_bytree': 0.8795587339164916, 'min_child_samples': 34, 'reg_alpha': 2.2465901234314442e-07, 'reg_lambda': 8.339007036475363e-05}. Best is trial 0 with value: -0.03021431316971373.
[I 2026-06-01 12:58:35,981] Trial 1 finished with value: -0.0004070297689855607 and parameters: {'confidence_threshold': 0.6348453934275313, 'training_days': 290, 'n_estimators': 115, 'max_depth': 5, 'num_leaves': 37, 'learning_rate': 0.06949568759029946, 'subsample': 0.8228505074024268, 'colsample_bytree': 0.8616703220431751, 'min_child_samples': 75, 'reg_alpha': 4.2486822725010923e-07, 'reg_lambda': 1.157247767047042e-07}. Best is trial 1 with value: -0.0004070297689855607.
[I 2026-06-01 12:58:35,998] Trial 2 finished with value: -2.025534669978198 and parameters: {'confidence_threshold': 0.5849570384370288, 'training_days': 10, 'n_estimators': 212, 'max_depth': 3, 'num_leaves': 41, 'learning_rate': 0.18452095998378365, 'subsample': 0.6001060822924371, 'colsample_bytree': 0.5673167293506167, 'min_child_samples': 37, 'reg_alpha': 5.733250064217131, 'reg_lambda': 0.5308454292595461}. Best is trial 1 with value: -0.0004070297689855607.
[I 2026-06-01 12:58:36,075] Trial 3 finished with value: -0.05666174299184602 and parameters: {'confidence_threshold': 0.6868248626683718, 'training_days': 220, 'n_estimators': 134, 'max_depth': 3, 'num_leaves': 45, 'learning_rate': 0.033529007907491595, 'subsample': 0.8647277071858408, 'colsample_bytree': 0.778494116634046, 'min_child_samples': 96, 'reg_alpha': 2.409409937265785e-07, 'reg_lambda': 1.1642073478060009}. Best is trial 1 with value: -0.0004070297689855607.
[I 2026-06-01 12:58:36,154] Trial 4 finished with value: 0.023500930225365136 and parameters: {'confidence_threshold': 0.5623121348350352, 'training_days': 300, 'n_estimators': 69, 'max_depth': 4, 'num_leaves': 32, 'learning_rate': 0.14967629360700346, 'subsample': 0.5054535233636654, 'colsample_bytree': 0.7401385194659216, 'min_child_samples': 27, 'reg_alpha': 1.4212042567426725e-07, 'reg_lambda': 0.23605753701352003}. Best is trial 4 with value: 0.023500930225365136.
[I 2026-06-01 12:58:36,558] Trial 5 finished with value: -0.017747251463239307 and parameters: {'confidence_threshold': 0.7111850244908446, 'training_days': 490, 'n_estimators': 362, 'max_depth': 5, 'num_leaves': 40, 'learning_rate': 0.05960785724162737, 'subsample': 0.5589714368907717, 'colsample_bytree': 0.6659006943232806, 'min_child_samples': 42, 'reg_alpha': 0.6741360303045295, 'reg_lambda': 6.054601607143087e-08}. Best is trial 4 with value: 0.023500930225365136.
[I 2026-06-01 12:58:36,727] Trial 6 finished with value: 0.009334892567117517 and parameters: {'confidence_threshold': 0.667482545748023, 'training_days': 420, 'n_estimators': 279, 'max_depth': 3, 'num_leaves': 45, 'learning_rate': 0.040099592560849204, 'subsample': 0.8563114696415159, 'colsample_bytree': 0.5442917781944105, 'min_child_samples': 50, 'reg_alpha': 1.6407916423707903e-08, 'reg_lambda': 2.935907642973286e-05}. Best is trial 4 with value: 0.023500930225365136.
[I 2026-06-01 12:58:36,876] Trial 7 finished with value: -0.0397745584041316 and parameters: {'confidence_threshold': 0.5497381024139926, 'training_days': 120, 'n_estimators': 408, 'max_depth': 5, 'num_leaves': 38, 'learning_rate': 0.28049122657745795, 'subsample': 0.8806573338635493, 'colsample_bytree': 0.5454054113547102, 'min_child_samples': 63, 'reg_alpha': 0.01263008637940408, 'reg_lambda': 0.04588020805366937}. Best is trial 4 with value: 0.023500930225365136.
[I 2026-06-01 12:58:37,147] Trial 8 finished with value: -0.02218940563495154 and parameters: {'confidence_threshold': 0.719644804808716, 'training_days': 450, 'n_estimators': 410, 'max_depth': 4, 'num_leaves': 57, 'learning_rate': 0.04022026551478857, 'subsample': 0.5336085426932707, 'colsample_bytree': 0.5705742850577543, 'min_child_samples': 100, 'reg_alpha': 5.916398047912201e-07, 'reg_lambda': 0.9794034214488329}. Best is trial 4 with value: 0.023500930225365136.
