[I 2026-06-01 13:03:32,082] Trial 17 finished with value: -0.13723538574036015 and parameters: {'confidence_threshold': 0.5070510478759762, 'training_days': 260, 'n_estimators': 426, 'max_depth': 3, 'num_leaves': 50, 'learning_rate': 0.020004054216929315, 'subsample': 0.6718064291677197, 'colsample_bytree': 0.9920053259992261, 'min_child_samples': 92, 'reg_alpha': 1.4629720869365953e-08, 'reg_lambda': 0.06383882781931195}. Best is trial 8 with value: 0.022990361938732936.
[I 2026-06-01 13:03:32,924] A new study created in memory with name: no-name-04f70d4b-f7a6-4f84-af29-038d0fd868e0

    [trial 5] Sharpe=-0.0402 (folds: 0.1266, -0.0560, 0.0704, -0.2704, -0.0715)
    [trial 6] 48 features, training_days=420 | threshold=0.667 | labels: 1257 long, 914 short (58/42%)
    [trial 6] Sharpe=-0.0609 (folds: 0.1443, -0.0975, 0.0908, -0.2582, -0.1838)
    [trial 7] 48 features, training_days=120 | threshold=0.550 | labels: 1257 long, 914 short (58/42%)
    [trial 7] Sharpe=-0.0269 (folds: 0.1131, -0.0266, 0.0498, -0.1691, -0.1019)
    [trial 8] 48 features, training_days=450 | threshold=0.720 | labels: 1257 long, 914 short (58/42%)
    [trial 8] Sharpe=0.0230 (folds: 0.3486, -0.1392, 0.0604, -0.1404, -0.0144)
    [trial 9] 48 features, training_days=20 | threshold=0.727 | labels: 1257 long, 914 short (58/42%)
    [trial 9] Sharpe=-5.9828 (folds: -10.0000, -10.0000, 0.1642, -0.0785, -10.0000)
    [trial 10] 48 features, training_days=400 | threshold=0.828 | labels: 1257 long, 914 short (58/42%)
    [trial 10] Sharpe=-3.8818 (folds: -10.0000, -0.1676, 0.7760, -10.0000, -0.0174)
    [trial 11] 48 features, training_days=190 | threshold=0.777 | labels: 1257 long, 914 short (58/42%)
    [trial 11] Sharpe=-0.0275 (folds: 1.0415, -0.1303, 0.0214, -0.1671, -0.9030)
    [trial 12] 48 features, training_days=220 | threshold=0.745 | labels: 1257 long, 914 short (58/42%)
    [trial 12] Sharpe=-0.0395 (folds: 0.3915, -0.0118, 0.0473, -0.2109, -0.4139)
    [trial 13] 48 features, training_days=370 | threshold=0.674 | labels: 1257 long, 914 short (58/42%)
    [trial 13] Sharpe=-0.0577 (folds: 0.2998, -0.0867, 0.0304, -0.3208, -0.2111)
    [trial 14] 48 features, training_days=340 | threshold=0.806 | labels: 1257 long, 914 short (58/42%)
    [trial 14] Sharpe=-3.8506 (folds: 0.1339, -0.0827, 0.6956, -10.0000, -10.0000)
    [trial 15] 48 features, training_days=500 | threshold=0.654 | labels: 1257 long, 914 short (58/42%)
    [trial 15] Sharpe=-0.0432 (folds: 0.2439, -0.0790, 0.0670, -0.2006, -0.2474)
    [trial 16] 48 features, training_days=180 | threshold=0.625 | labels: 1257 long, 914 short (58/42%)
    [trial 16] Sharpe=-0.0611 (folds: 0.1158, -0.0378, -0.0262, -0.1915, -0.1659)
    [trial 17] 48 features, training_days=260 | threshold=0.507 | labels: 1257 long, 914 short (58/42%)
    [trial 17] Sharpe=-0.1372 (folds: 0.1349, -0.0570, -0.0931, -0.2937, -0.3774)
  Optuna: 18 trials, best Sharpe = 0.0230
  Best params: n_estimators=410, max_depth=4, lr=0.0402, leaves=57
  Best confidence_threshold: 0.720
  Best training_days: 450
  Retrained on full data (1350 samples, 48 features)
  OOD: 16 features, cutoff (q=0.7) = 9.43
  Model trained for 2025-08: 93 test candles with features, confidence_threshold=0.590
[predict] 2025-08-01 00:00 BTCUSDT → LONG (proba=0.66 TP=4.9%/SL=2.4%)
[trade:open] 2025-08-01 07:59 BTCUSDT LONG @ 115015.10 | SL=112208.20 TP=120628.89 | timeout=2025-08-08 07:59
[trade:close] 2025-08-02 23:59 BTCUSDT LONG → stop_loss @ 112208.20 | PnL=-2.44% (net -2.54%) | cum=-30.53% 2025-08=-2.54% 2025-08-02=-2.54%
[predict] 2025-08-04 16:00 BTCUSDT → LONG (proba=0.60 TP=4.3%/SL=2.2%)
[trade:open] 2025-08-04 23:59 BTCUSDT LONG @ 115002.10 | SL=112521.22 TP=119963.85 | timeout=2025-08-11 23:59
[trade:close] 2025-08-11 07:59 BTCUSDT LONG → take_profit @ 119963.85 | PnL=+4.31% (net +4.21%) | cum=-26.32% 2025-08=+1.67% 2025-08-11=+4.21%
[predict] 2025-08-12 00:00 BTCUSDT → LONG (proba=0.62 TP=5.0%/SL=2.5%)
[trade:open] 2025-08-12 07:59 BTCUSDT LONG @ 118931.90 | SL=115988.22 TP=124819.26 | timeout=2025-08-19 07:59
[trade:close] 2025-08-18 07:59 BTCUSDT LONG → stop_loss @ 115988.22 | PnL=-2.48% (net -2.58%) | cum=-28.90% 2025-08=-0.90% 2025-08-18=-2.58%
[predict] 2025-08-19 00:00 BTCUSDT → LONG (proba=0.62 TP=4.9%/SL=2.5%)
[trade:open] 2025-08-19 07:59 BTCUSDT LONG @ 114928.70 | SL=112090.96 TP=120604.17 | timeout=2025-08-26 07:59
[trade:close] 2025-08-21 23:59 BTCUSDT LONG → stop_loss @ 112090.96 | PnL=-2.47% (net -2.57%) | cum=-31.46% 2025-08=-3.47% 2025-08-21=-2.57%
[predict] 2025-08-22 16:00 BTCUSDT → LONG (proba=0.63 TP=5.4%/SL=2.7%)
[trade:open] 2025-08-22 23:59 BTCUSDT LONG @ 116897.50 | SL=113712.72 TP=123267.05 | timeout=2025-08-29 23:59
[trade:close] 2025-08-24 23:59 BTCUSDT LONG → stop_loss @ 113712.72 | PnL=-2.72% (net -2.82%) | cum=-34.29% 2025-08=-6.29% 2025-08-24=-2.82%
[predict] 2025-08-26 00:00 BTCUSDT → LONG (proba=0.84 TP=6.4%/SL=3.2%)
[trade:open] 2025-08-26 07:59 BTCUSDT LONG @ 110244.20 | SL=106737.13 TP=117258.34 | timeout=2025-09-02 07:59
[lgbm] === Training for 2025-09 ===
  Train window: 2023-09-01 → 2025-08-24
  2171 training samples from 1 symbols
  Samples per month: 2023-09: 90, 2023-10: 93, 2023-11: 90, 2023-12: 93, 2024-01: 93, 2024-02: 87, 2024-03: 93, 2024-04: 90, 2024-05: 93, 2024-06: 90, 2024-07: 93, 2024-08: 93, 2024-09: 90, 2024-10: 93, 2024-11: 90, 2024-12: 93, 2025-01: 93, 2025-02: 84, 2025-03: 93, 2025-04: 90, 2025-05: 93, 2025-06: 90, 2025-07: 93, 2025-08: 71
  [label] 2023-11-01 16:00 BTCUSDT entry=35437.4000 → LONG | long=sl(-3.66%) short=timeout(-0.63%) | scanned=22 | no_tp→fwd_return=+0.5342
  [label] 2023-11-04 00:00 BTCUSDT entry=34759.1000 → LONG | long=tp(+7.08%) short=sl(-3.69%) | scanned=16 | long_tp_only
  [label] 2023-11-07 16:00 BTCUSDT entry=35406.5000 → LONG | long=tp(+6.16%) short=sl(-3.23%) | scanned=5 | long_tp_only
  [label] 2023-12-02 08:00 BTCUSDT entry=38787.0000 → LONG | long=tp(+4.67%) short=sl(-2.48%) | scanned=5 | long_tp_only
  [label] 2024-01-24 00:00 BTCUSDT entry=39979.4000 → LONG | long=tp(+7.40%) short=sl(-3.85%) | scanned=17 | long_tp_only
  [label] 2024-07-08 00:00 BTCUSDT entry=55828.4000 → LONG | long=tp(+9.64%) short=sl(-4.97%) | scanned=20 | long_tp_only
  [label] 2024-07-12 00:00 BTCUSDT entry=57071.4000 → LONG | long=tp(+9.19%) short=sl(-4.75%) | scanned=9 | long_tp_only
  [label] 2024-07-22 16:00 BTCUSDT entry=67499.2000 → LONG | long=sl(-3.67%) short=sl(-3.67%) | scanned=20 | no_tp→fwd_return=+0.8415
  [label] 2024-09-05 16:00 BTCUSDT entry=56145.7000 → LONG | long=sl(-4.43%) short=sl(-4.43%) | scanned=20 | no_tp→fwd_return=+2.3624
  [label] 2024-09-14 08:00 BTCUSDT entry=59840.1000 → LONG | long=sl(-3.64%) short=sl(-3.64%) | scanned=14 | no_tp→fwd_return=+3.7281
  [label] 2024-12-13 16:00 BTCUSDT entry=101371.9000 → SHORT | long=sl(-4.15%) short=sl(-4.15%) | scanned=18 | no_tp→fwd_return=-3.8842
  [label] 2025-01-14 16:00 BTCUSDT entry=96514.9000 → LONG | long=tp(+7.75%) short=sl(-4.03%) | scanned=8 | long_tp_only
  [label] 2025-01-31 00:00 BTCUSDT entry=104160.1000 → SHORT | long=sl(-3.92%) short=tp(+7.54%) | scanned=8 | short_tp_only
  [label] 2025-02-12 16:00 BTCUSDT entry=97816.3000 → SHORT | long=sl(-3.69%) short=timeout(+1.15%) | scanned=22 | no_tp→fwd_return=-1.2455
  [label] 2025-03-03 00:00 BTCUSDT entry=92318.0000 → SHORT | long=sl(-6.10%) short=tp(+11.90%) | scanned=4 | short_tp_only
  [label] 2025-03-09 08:00 BTCUSDT entry=83030.5000 → LONG | long=sl(-6.20%) short=timeout(-0.40%) | scanned=22 | no_tp→fwd_return=+0.3005
  [label] 2025-03-21 16:00 BTCUSDT entry=84050.3000 → LONG | long=timeout(+0.29%) short=sl(-3.74%) | scanned=22 | no_tp→fwd_return=+0.3932
  [label] 2025-04-30 08:00 BTCUSDT entry=93948.4000 → LONG | long=timeout(+3.03%) short=sl(-2.95%) | scanned=22 | no_tp→fwd_return=+3.1300
  [label] 2025-05-10 00:00 BTCUSDT entry=103721.7000 → SHORT | long=sl(-2.91%) short=timeout(+0.21%) | scanned=22 | no_tp→fwd_return=-0.3107
  [label] 2025-08-04 08:00 BTCUSDT entry=114766.3000 → LONG | long=tp(+4.32%) short=sl(-2.31%) | scanned=20 | long_tp_only
  Labels: 1242 long (57.2%), 929 short (42.8%) | weights: min=1.00, mean=3.52, max=10.00
  Features: 2171/2171 matched, 48 columns
  CV gap: 22 rows
  [ensemble 1/3] seed=42
    [trial 0] 48 features, training_days=480 | threshold=0.631 | labels: 1242 long, 929 short (57/43%)
    [CV fold 0] train_end=2023-12-24 08:00 | val_start=2024-01-01 00:00 | gap=184h (22 rows)
    [CV fold 1] train_end=2024-04-22 16:00 | val_start=2024-04-30 08:00 | gap=184h (22 rows)
    [CV fold 2] train_end=2024-08-21 00:00 | val_start=2024-08-28 16:00 | gap=184h (22 rows)
    [CV fold 3] train_end=2024-12-19 08:00 | val_start=2024-12-27 00:00 | gap=184h (22 rows)[I 2026-06-01 13:03:33,235] Trial 0 finished with value: -0.030758529767435573 and parameters: {'confidence_threshold': 0.6310890415965769, 'training_days': 480, 'n_estimators': 380, 'max_depth': 4, 'num_leaves': 22, 'learning_rate': 0.01699897838270077, 'subsample': 0.5290418060840998, 'colsample_bytree': 0.9330880728874675, 'min_child_samples': 68, 'reg_alpha': 0.023585940584142682, 'reg_lambda': 1.5320059381854043e-08}. Best is trial 0 with value: -0.030758529767435573.
[I 2026-06-01 13:03:33,363] Trial 1 finished with value: -5.935969403362795 and parameters: {'confidence_threshold': 0.839468448256698, 'training_days': 420, 'n_estimators': 145, 'max_depth': 3, 'num_leaves': 23, 'learning_rate': 0.028145092716060652, 'subsample': 0.762378215816119, 'colsample_bytree': 0.7159725093210578, 'min_child_samples': 43, 'reg_alpha': 0.0032112643094417484, 'reg_lambda': 1.8007140198129195e-07}. Best is trial 0 with value: -0.030758529767435573.
[I 2026-06-01 13:03:33,506] Trial 2 finished with value: -0.09547606584777246 and parameters: {'confidence_threshold': 0.6022506269873263, 'training_days': 190, 'n_estimators': 255, 'max_depth': 5, 'num_leaves': 24, 'learning_rate': 0.05748924681991978, 'subsample': 0.7962072844310213, 'colsample_bytree': 0.5232252063599989, 'min_child_samples': 69, 'reg_alpha': 3.425445902633376e-07, 'reg_lambda': 3.850031979199519e-08}. Best is trial 0 with value: -0.030758529767435573.
[I 2026-06-01 13:03:33,798] Trial 3 finished with value: -0.012279803025922317 and parameters: {'confidence_threshold': 0.8321099380386666, 'training_days': 490, 'n_estimators': 414, 'max_depth': 3, 'num_leaves': 19, 'learning_rate': 0.1024932221692416, 'subsample': 0.7200762468698007, 'colsample_bytree': 0.5610191174223894, 'min_child_samples': 60, 'reg_alpha': 2.039373116525212e-08, 'reg_lambda': 1.527156759251193}. Best is trial 3 with value: -0.012279803025922317.
[I 2026-06-01 13:03:33,960] Trial 4 finished with value: -0.10513376911139231 and parameters: {'confidence_threshold': 0.5905729935600059, 'training_days': 340, 'n_estimators': 190, 'max_depth': 4, 'num_leaves': 41, 'learning_rate': 0.01875220945578641, 'subsample': 0.9847923138822793, 'colsample_bytree': 0.8875664116805573, 'min_child_samples': 96, 'reg_alpha': 1.1309571585271483, 'reg_lambda': 0.002404915432737351}. Best is trial 3 with value: -0.012279803025922317.
[I 2026-06-01 13:03:34,003] Trial 5 finished with value: -2.0087920588397665 and parameters: {'confidence_threshold': 0.8226559822580909, 'training_days': 50, 'n_estimators': 138, 'max_depth': 3, 'num_leaves': 30, 'learning_rate': 0.03750796359625606, 'subsample': 0.6356745158869479, 'colsample_bytree': 0.9143687545759647, 'min_child_samples': 48, 'reg_alpha': 3.376063348877853e-06, 'reg_lambda': 0.0007660634613082914}. Best is trial 3 with value: -0.012279803025922317.
[I 2026-06-01 13:03:34,111] Trial 6 finished with value: -0.041611296273616184 and parameters: {'confidence_threshold': 0.5493234787411669, 'training_days': 410, 'n_estimators': 83, 'max_depth': 5, 'num_leaves': 52, 'learning_rate': 0.019657448966046126, 'subsample': 0.5027610585618012, 'colsample_bytree': 0.9077307142274171, 'min_child_samples': 77, 'reg_alpha': 0.03639690979811287, 'reg_lambda': 0.08738424135626986}. Best is trial 3 with value: -0.012279803025922317.
[I 2026-06-01 13:03:34,205] Trial 7 finished with value: -0.09153589868783234 and parameters: {'confidence_threshold': 0.5259156281069316, 'training_days': 180, 'n_estimators': 102, 'max_depth': 5, 'num_leaves': 45, 'learning_rate': 0.030816017044468066, 'subsample': 0.5317791751430119, 'colsample_bytree': 0.6554911608578311, 'min_child_samples': 46, 'reg_alpha': 0.036851536911881845, 'reg_lambda': 0.005470376807480391}. Best is trial 3 with value: -0.012279803025922317.
[I 2026-06-01 13:03:34,313] Trial 8 finished with value: -0.10212816705866974 and parameters: {'confidence_threshold': 0.8105244599017143, 'training_days': 240, 'n_estimators': 103, 'max_depth': 5, 'num_leaves': 52, 'learning_rate': 0.06746437142284309, 'subsample': 0.8854835899772805, 'colsample_bytree': 0.7468977981821954, 'min_child_samples': 62, 'reg_alpha': 7.04480806377519e-05, 'reg_lambda': 1.6934490731313353e-08}. Best is trial 3 with value: -0.012279803025922317.
[I 2026-06-01 13:03:34,337] Trial 9 finished with value: 0.03192722580519381 and parameters: {'confidence_threshold': 0.5377619994476566, 'training_days': 20, 'n_estimators': 337, 'max_depth': 3, 'num_leaves': 39, 'learning_rate': 0.21907142272152816, 'subsample': 0.6246461145744375, 'colsample_bytree': 0.7051914615178149, 'min_child_samples': 81, 'reg_alpha': 1.1459970229341322e-06, 'reg_lambda': 4.929685216887945e-08}. Best is trial 9 with value: 0.03192722580519381.
[I 2026-06-01 13:03:34,366] Trial 10 finished with value: -0.126101363148315 and parameters: {'confidence_threshold': 0.7449289185605341, 'training_days': 10, 'n_estimators': 487, 'max_depth': 3, 'num_leaves': 61, 'learning_rate': 0.21914469472126635, 'subsample': 0.628963476300746, 'colsample_bytree': 0.8189858776055304, 'min_child_samples': 27, 'reg_alpha': 2.8948477959263623e-05, 'reg_lambda': 3.3639426888455256e-06}. Best is trial 9 with value: 0.03192722580519381.
[I 2026-06-01 13:03:34,471] Trial 11 finished with value: -0.035077553351508146 and parameters: {'confidence_threshold': 0.7131090560543465, 'training_days': 100, 'n_estimators': 402, 'max_depth': 4, 'num_leaves': 34, 'learning_rate': 0.18963242937653546, 'subsample': 0.667263233140043, 'colsample_bytree': 0.5659808164583418, 'min_child_samples': 85, 'reg_alpha': 2.6854712383446556e-08, 'reg_lambda': 9.74477562314831}. Best is trial 9 with value: 0.03192722580519381.
[I 2026-06-01 13:03:34,666] Trial 12 finished with value: -0.10784551326961507 and parameters: {'confidence_threshold': 0.6640468266107448, 'training_days': 320, 'n_estimators': 349, 'max_depth': 3, 'num_leaves': 15, 'learning_rate': 0.11263608439461861, 'subsample': 0.7105018827142541, 'colsample_bytree': 0.6253368206392822, 'min_child_samples': 100, 'reg_alpha': 1.1278679165176199e-08, 'reg_lambda': 4.931237356704141e-06}. Best is trial 9 with value: 0.03192722580519381.
[I 2026-06-01 13:03:34,783] Trial 13 finished with value: -0.07899680000358739 and parameters: {'confidence_threshold': 0.7560688345775685, 'training_days': 130, 'n_estimators': 311, 'max_depth': 3, 'num_leaves': 34, 'learning_rate': 0.29334696803744015, 'subsample': 0.8487074083337192, 'colsample_bytree': 0.6429519565855484, 'min_child_samples': 81, 'reg_alpha': 5.32834008417404e-07, 'reg_lambda': 6.4252658050441624}. Best is trial 9 with value: 0.03192722580519381.
[I 2026-06-01 13:03:35,117] Trial 14 finished with value: -0.05046961884085823 and parameters: {'confidence_threshold': 0.6993865793821226, 'training_days': 500, 'n_estimators': 457, 'max_depth': 3, 'num_leaves': 15, 'learning_rate': 0.11965769825690181, 'subsample': 0.5936601268695657, 'colsample_bytree': 0.8091894831673617, 'min_child_samples': 56, 'reg_alpha': 2.476242452498029e-07, 'reg_lambda': 4.4389057327136946e-05}. Best is trial 9 with value: 0.03192722580519381.
[I 2026-06-01 13:03:35,346] Trial 15 finished with value: -0.09748868428478982 and parameters: {'confidence_threshold': 0.5073197482691914, 'training_days': 290, 'n_estimators': 251, 'max_depth': 4, 'num_leaves': 61, 'learning_rate': 0.11024183074392371, 'subsample': 0.708112781199396, 'colsample_bytree': 0.5065896071904618, 'min_child_samples': 33, 'reg_alpha': 5.5477873895597596e-06, 'reg_lambda': 0.10351163679178875}. Best is trial 9 with value: 0.03192722580519381.
[I 2026-06-01 13:03:35,588] Trial 16 finished with value: -0.05537159321222305 and parameters: {'confidence_threshold': 0.7819378015753823, 'training_days': 380, 'n_estimators': 437, 'max_depth': 3, 'num_leaves': 47, 'learning_rate': 0.154266998811376, 'subsample': 0.8115896656853097, 'colsample_bytree': 0.5839396278718992, 'min_child_samples': 88, 'reg_alpha': 6.102470761504136e-08, 'reg_lambda': 0.23529158002820744}. Best is trial 9 with value: 0.03192722580519381.
[I 2026-06-01 13:03:35,789] Trial 17 finished with value: -0.09655119344346672 and parameters: {'confidence_threshold': 0.5684038604771198, 'training_days': 190, 'n_estimators': 321, 'max_depth': 4, 'num_leaves': 28, 'learning_rate': 0.010425658055299656, 'subsample': 0.580247673506071, 'colsample_bytree': 0.9956385980717998, 'min_child_samples': 70, 'reg_alpha': 0.0005961727498011812, 'reg_lambda': 6.880925840516315e-07}. Best is trial 9 with value: 0.03192722580519381.
[I 2026-06-01 13:03:36,274] A new study created in memory with name: no-name-04186e4e-360a-4b22-8796-ec8cba847386
[I 2026-06-01 13:03:36,370] Trial 0 finished with value: -0.11187708324555298 and parameters: {'confidence_threshold': 0.7437642149592516, 'training_days': 150, 'n_estimators': 152, 'max_depth': 4, 'num_leaves': 50, 'learning_rate': 0.04216766425047743, 'subsample': 0.9903820991923078, 'colsample_bytree': 0.8424148692924316, 'min_child_samples': 58, 'reg_alpha': 3.381097259762742e-05, 'reg_lambda': 1.2263152961306247e-05}. Best is trial 0 with value: -0.11187708324555298.
[I 2026-06-01 13:03:36,435] Trial 1 finished with value: -4.0084974219496186 and parameters: {'confidence_threshold': 0.7551673975844145, 'training_days': 220, 'n_estimators': 76, 'max_depth': 4, 'num_leaves': 51, 'learning_rate': 0.018602118810743477, 'subsample': 0.5877258780737462, 'colsample_bytree': 0.7657756869209191, 'min_child_samples': 63, 'reg_alpha': 0.005123994170264194, 'reg_lambda': 0.44145470178120466}. Best is trial 0 with value: -0.11187708324555298.
[I 2026-06-01 13:03:36,676] Trial 2 finished with value: -0.20166184795635528 and parameters: {'confidence_threshold': 0.7535593637012223, 'training_days': 310, 'n_estimators': 375, 'max_depth': 3, 'num_leaves': 32, 'learning_rate': 0.021735641882032388, 'subsample': 0.6468570231944146, 'colsample_bytree': 0.8154880619272439, 'min_child_samples': 27, 'reg_alpha': 8.004064028491336e-05, 'reg_lambda': 7.546835261630524e-05}. Best is trial 0 with value: -0.11187708324555298.
[I 2026-06-01 13:03:36,847] Trial 3 finished with value: -0.05385002284208899 and parameters: {'confidence_threshold': 0.6727897841776072, 'training_days': 220, 'n_estimators': 190, 'max_depth': 4, 'num_leaves': 58, 'learning_rate': 0.24810689332636193, 'subsample': 0.7509183379421682, 'colsample_bytree': 0.8119764758960556, 'min_child_samples': 29, 'reg_alpha': 7.1708285081421445e-06, 'reg_lambda': 5.412973582738627e-05}. Best is trial 3 with value: -0.05385002284208899.
[I 2026-06-01 13:03:36,961] Trial 4 finished with value: -0.08318675081575204 and parameters: {'confidence_threshold': 0.803208205259178, 'training_days': 130, 'n_estimators': 267, 'max_depth': 5, 'num_leaves': 40, 'learning_rate': 0.08041175317374143, 'subsample': 0.5603143329951619, 'colsample_bytree': 0.9131704002534167, 'min_child_samples': 68, 'reg_alpha': 0.0008046593428183385, 'reg_lambda': 1.2158346158765583e-05}. Best is trial 3 with value: -0.05385002284208899.
[I 2026-06-01 13:03:37,195] Trial 5 finished with value: -0.11982730635773112 and parameters: {'confidence_threshold': 0.6064422761595144, 'training_days': 210, 'n_estimators': 357, 'max_depth': 5, 'num_leaves': 40, 'learning_rate': 0.0974221287220869, 'subsample': 0.7929682762811064, 'colsample_bytree': 0.8124517510478, 'min_child_samples': 74, 'reg_alpha': 0.3811377260781234, 'reg_lambda': 5.607314238392041e-08}. Best is trial 3 with value: -0.05385002284208899.
[I 2026-06-01 13:03:37,305] Trial 6 finished with value: -0.04171405311334746 and parameters: {'confidence_threshold': 0.7672889945051684, 'training_days': 130, 'n_estimators': 137, 'max_depth': 4, 'num_leaves': 19, 'learning_rate': 0.2031117614248665, 'subsample': 0.8136244860256343, 'colsample_bytree': 0.8617081790949774, 'min_child_samples': 21, 'reg_alpha': 0.002238138278733199, 'reg_lambda': 0.001025809534977322}. Best is trial 6 with value: -0.04171405311334746.
[I 2026-06-01 13:03:37,380] Trial 7 finished with value: -0.034989374685137485 and parameters: {'confidence_threshold': 0.555635875450653, 'training_days': 80, 'n_estimators': 363, 'max_depth': 3, 'num_leaves': 48, 'learning_rate': 0.06590089024008658, 'subsample': 0.6944752870615722, 'colsample_bytree': 0.962566244806993, 'min_child_samples': 88, 'reg_alpha': 1.6465620446426067e-05, 'reg_lambda': 2.4678750890085655e-08}. Best is trial 7 with value: -0.034989374685137485.
[I 2026-06-01 13:03:37,712] Trial 8 finished with value: -0.09658101927728804 and parameters: {'confidence_threshold': 0.6066688256938841, 'training_days': 200, 'n_estimators': 367, 'max_depth': 5, 'num_leaves': 32, 'learning_rate': 0.13377519215934996, 'subsample': 0.7965884582811106, 'colsample_bytree': 0.8458508993500886, 'min_child_samples': 32, 'reg_alpha': 3.889436043816386e-05, 'reg_lambda': 1.4713062489380356e-06}. Best is trial 7 with value: -0.034989374685137485.
