[I 2026-06-01 13:00:46,893] Trial 10 finished with value: 0.004161381176830186 and parameters: {'confidence_threshold': 0.8445241688507242, 'training_days': 470, 'n_estimators': 493, 'max_depth': 5, 'num_leaves': 63, 'learning_rate': 0.010221918552934462, 'subsample': 0.5019190721168774, 'colsample_bytree': 0.6202684210924141, 'min_child_samples': 99, 'reg_alpha': 1.9942621118187622e-08, 'reg_lambda': 0.0201634475791616}. Best is trial 4 with value: 0.0600230358555132.
[I 2026-06-01 13:00:47,093] Trial 11 finished with value: -0.004801287844667301 and parameters: {'confidence_threshold': 0.672304345793606, 'training_days': 340, 'n_estimators': 259, 'max_depth': 3, 'num_leaves': 20, 'learning_rate': 0.038446678522004944, 'subsample': 0.9151757641258503, 'colsample_bytree': 0.9824770089934525, 'min_child_samples': 50, 'reg_alpha': 5.798469484691256, 'reg_lambda': 1.5530863293959958e-06}. Best is trial 4 with value: 0.0600230358555132.
[I 2026-06-01 13:00:47,124] Trial 12 finished with value: -0.0743177243128924 and parameters: {'confidence_threshold': 0.5206353696085495, 'training_days': 10, 'n_estimators': 246, 'max_depth': 5, 'num_leaves': 28, 'learning_rate': 0.07194140759860877, 'subsample': 0.8802519325340237, 'colsample_bytree': 0.6669454130036883, 'min_child_samples': 78, 'reg_alpha': 0.059036792486226994, 'reg_lambda': 0.0022441080122261804}. Best is trial 4 with value: 0.0600230358555132.
[I 2026-06-01 13:00:47,443] Trial 13 finished with value: 0.05090153537953703 and parameters: {'confidence_threshold': 0.8203595759501172, 'training_days': 340, 'n_estimators': 475, 'max_depth': 3, 'num_leaves': 39, 'learning_rate': 0.029487296649619542, 'subsample': 0.5024707401359401, 'colsample_bytree': 0.9292621018379528, 'min_child_samples': 48, 'reg_alpha': 3.2493163864137123e-07, 'reg_lambda': 1.326712683298711e-06}. Best is trial 4 with value: 0.0600230358555132.
[I 2026-06-01 13:00:47,906] Trial 14 finished with value: -0.003340889635211286 and parameters: {'confidence_threshold': 0.842408201104146, 'training_days': 420, 'n_estimators': 487, 'max_depth': 4, 'num_leaves': 42, 'learning_rate': 0.11895382971891064, 'subsample': 0.503062042826207, 'colsample_bytree': 0.9091270355200468, 'min_child_samples': 44, 'reg_alpha': 2.2589649045137145e-07, 'reg_lambda': 1.2102325862348229e-06}. Best is trial 4 with value: 0.0600230358555132.
[I 2026-06-01 13:00:48,324] Trial 15 finished with value: 0.03654374298071774 and parameters: {'confidence_threshold': 0.7959836506371863, 'training_days': 370, 'n_estimators': 431, 'max_depth': 5, 'num_leaves': 35, 'learning_rate': 0.014671873355694956, 'subsample': 0.5802361721649505, 'colsample_bytree': 0.5093920150666754, 'min_child_samples': 42, 'reg_alpha': 5.011892081220446e-07, 'reg_lambda': 1.1768139661303418e-07}. Best is trial 4 with value: 0.0600230358555132.
[I 2026-06-01 13:00:48,531] Trial 16 finished with value: 0.08836808786158565 and parameters: {'confidence_threshold': 0.7984848021291868, 'training_days': 500, 'n_estimators': 303, 'max_depth': 3, 'num_leaves': 43, 'learning_rate': 0.05191283172207654, 'subsample': 0.5729509427453855, 'colsample_bytree': 0.7060712077553755, 'min_child_samples': 71, 'reg_alpha': 0.0008531910677749794, 'reg_lambda': 4.816607904919047e-07}. Best is trial 16 with value: 0.08836808786158565.
[I 2026-06-01 13:00:48,775] Trial 17 finished with value: 0.03691861029152872 and parameters: {'confidence_threshold': 0.7110519736587814, 'training_days': 490, 'n_estimators': 306, 'max_depth': 4, 'num_leaves': 45, 'learning_rate': 0.05208424834113865, 'subsample': 0.5975400821780594, 'colsample_bytree': 0.7235351535799338, 'min_child_samples': 75, 'reg_alpha': 0.0009244637405588324, 'reg_lambda': 2.5084222964315347e-07}. Best is trial 16 with value: 0.08836808786158565.
[I 2026-06-01 13:00:49,138] A new study created in memory with name: no-name-31b3b03d-daf6-4220-b53a-353e200d12b0
[I 2026-06-01 13:00:49,338] Trial 0 finished with value: -0.0594554950030334 and parameters: {'confidence_threshold': 0.5870645682749857, 'training_days': 90, 'n_estimators': 403, 'max_depth': 5, 'num_leaves': 45, 'learning_rate': 0.0780457193679974, 'subsample': 0.9428509515574568, 'colsample_bytree': 0.8795587339164916, 'min_child_samples': 34, 'reg_alpha': 2.2465901234314442e-07, 'reg_lambda': 8.339007036475363e-05}. Best is trial 0 with value: -0.0594554950030334.
[I 2026-06-01 13:00:49,446] Trial 1 finished with value: -0.010305618312035527 and parameters: {'confidence_threshold': 0.6348453934275313, 'training_days': 290, 'n_estimators': 115, 'max_depth': 5, 'num_leaves': 37, 'learning_rate': 0.06949568759029946, 'subsample': 0.8228505074024268, 'colsample_bytree': 0.8616703220431751, 'min_child_samples': 75, 'reg_alpha': 4.2486822725010923e-07, 'reg_lambda': 1.157247767047042e-07}. Best is trial 1 with value: -0.010305618312035527.

    [trial 1] Sharpe=-4.0094 (folds: -0.3333, -0.4019, -10.0000, 0.6881, -10.0000)
    [trial 2] 48 features, training_days=190 | threshold=0.602 | labels: 1170 long, 1001 short (54/46%)
    [trial 2] Sharpe=-0.0035 (folds: 0.0773, -0.0348, 0.0345, -0.0892, -0.0053)
    [trial 3] 48 features, training_days=490 | threshold=0.832 | labels: 1170 long, 1001 short (54/46%)
    [trial 3] Sharpe=0.0101 (folds: -0.0051, -0.0855, -0.0590, -0.0031, 0.2030)
    [trial 4] 48 features, training_days=340 | threshold=0.591 | labels: 1170 long, 1001 short (54/46%)
    [trial 4] Sharpe=0.0387 (folds: -0.0720, -0.0149, 0.0117, -0.0082, 0.2771)
    [trial 5] 48 features, training_days=50 | threshold=0.823 | labels: 1170 long, 1001 short (54/46%)
    [trial 5] Sharpe=-0.0851 (folds: -0.3028, -0.0525, 0.5121, -0.5205, -0.0615)
    [trial 6] 48 features, training_days=410 | threshold=0.549 | labels: 1170 long, 1001 short (54/46%)
    [trial 6] Sharpe=0.0225 (folds: -0.0905, 0.0494, -0.0750, 0.0261, 0.2024)
    [trial 7] 48 features, training_days=180 | threshold=0.526 | labels: 1170 long, 1001 short (54/46%)
    [trial 7] Sharpe=-0.0351 (folds: -0.0904, 0.1317, -0.0285, -0.1176, -0.0708)
    [trial 8] 48 features, training_days=240 | threshold=0.811 | labels: 1170 long, 1001 short (54/46%)
    [trial 8] Sharpe=0.0439 (folds: -0.0137, -0.1291, 0.2197, 0.1061, 0.0365)
    [trial 9] 48 features, training_days=20 | threshold=0.538 | labels: 1170 long, 1001 short (54/46%)
    [trial 9] Sharpe=-2.0760 (folds: -0.1865, 0.0969, -0.1679, -10.0000, -0.1223)
    [trial 10] 48 features, training_days=280 | threshold=0.734 | labels: 1170 long, 1001 short (54/46%)
    [trial 10] Sharpe=-0.0478 (folds: -0.2033, -0.0406, -0.0822, 0.0876, -0.0007)
    [trial 11] 48 features, training_days=290 | threshold=0.719 | labels: 1170 long, 1001 short (54/46%)
    [trial 11] Sharpe=0.0926 (folds: -0.0438, 0.0110, 0.2441, 0.1709, 0.0809)
    [trial 12] 48 features, training_days=190 | threshold=0.734 | labels: 1170 long, 1001 short (54/46%)
    [trial 12] Sharpe=0.1282 (folds: -0.0002, 0.0252, 0.3032, 0.0291, 0.2836)
    [trial 13] 48 features, training_days=120 | threshold=0.721 | labels: 1170 long, 1001 short (54/46%)
    [trial 13] Sharpe=-0.0340 (folds: -0.0619, -0.3382, 0.7501, -0.4069, -0.1129)
    [trial 14] 48 features, training_days=300 | threshold=0.732 | labels: 1170 long, 1001 short (54/46%)
    [trial 14] Sharpe=0.0863 (folds: -0.0912, 0.2740, 0.0454, 0.1255, 0.0777)
    [trial 15] 48 features, training_days=130 | threshold=0.679 | labels: 1170 long, 1001 short (54/46%)
    [trial 15] Sharpe=0.1395 (folds: 0.1153, 0.1987, 0.2867, -0.1599, 0.2564)
    [trial 16] 48 features, training_days=100 | threshold=0.665 | labels: 1170 long, 1001 short (54/46%)
    [trial 16] Sharpe=-0.0164 (folds: -0.0569, 0.0401, 0.1259, -0.1488, -0.0425)
    [trial 17] 48 features, training_days=170 | threshold=0.783 | labels: 1170 long, 1001 short (54/46%)
    [trial 17] Sharpe=-0.0097 (folds: 0.0382, -0.0435, 0.0779, -0.1366, 0.0155)
  Optuna: 18 trials, best Sharpe = 0.1395
  Best params: n_estimators=217, max_depth=4, lr=0.0100, leaves=47
  Best confidence_threshold: 0.679
  Best training_days: 130
  Retrained on full data (390 samples, 48 features)
  [ensemble 2/3] seed=123
    [trial 0] 48 features, training_days=150 | threshold=0.744 | labels: 1170 long, 1001 short (54/46%)
    [CV fold 0] train_end=2022-09-23 08:00 | val_start=2022-10-01 00:00 | gap=184h (22 rows)
    [CV fold 1] train_end=2023-01-21 16:00 | val_start=2023-01-29 08:00 | gap=184h (22 rows)
    [CV fold 2] train_end=2023-05-22 00:00 | val_start=2023-05-29 16:00 | gap=184h (22 rows)
    [CV fold 3] train_end=2023-09-19 08:00 | val_start=2023-09-27 00:00 | gap=184h (22 rows)
    [CV fold 4] train_end=2024-01-17 16:00 | val_start=2024-01-25 08:00 | gap=184h (22 rows)
    [trial 0] Sharpe=-0.0513 (folds: -0.1067, -0.0818, 0.0603, -0.2178, 0.0893)
    [trial 1] 48 features, training_days=220 | threshold=0.755 | labels: 1170 long, 1001 short (54/46%)
    [trial 1] Sharpe=-1.7671 (folds: -10.0000, 0.0217, 0.3159, 0.4944, 0.3323)
    [trial 2] 48 features, training_days=310 | threshold=0.754 | labels: 1170 long, 1001 short (54/46%)
    [trial 2] Sharpe=-0.0024 (folds: -0.2821, -0.1776, 0.1184, 0.1663, 0.1628)
    [trial 3] 48 features, training_days=220 | threshold=0.673 | labels: 1170 long, 1001 short (54/46%)
    [trial 3] Sharpe=-0.0819 (folds: -0.2204, -0.1324, -0.0320, 0.0155, -0.0402)
    [trial 4] 48 features, training_days=130 | threshold=0.803 | labels: 1170 long, 1001 short (54/46%)
    [trial 4] Sharpe=0.0600 (folds: 0.0267, 0.0118, 0.1959, -0.0502, 0.1160)
    [trial 5] 48 features, training_days=210 | threshold=0.606 | labels: 1170 long, 1001 short (54/46%)
    [trial 5] Sharpe=-0.0063 (folds: 0.0670, -0.0322, -0.0309, -0.0047, -0.0305)
    [trial 6] 48 features, training_days=130 | threshold=0.767 | labels: 1170 long, 1001 short (54/46%)
    [trial 6] Sharpe=-0.0237 (folds: -0.2344, 0.0086, 0.0748, -0.0476, 0.0799)
    [trial 7] 48 features, training_days=80 | threshold=0.556 | labels: 1170 long, 1001 short (54/46%)
    [trial 7] Sharpe=-0.0622 (folds: -0.0368, 0.0010, -0.0496, -0.2115, -0.0143)
    [trial 8] 48 features, training_days=200 | threshold=0.607 | labels: 1170 long, 1001 short (54/46%)
    [trial 8] Sharpe=-0.0459 (folds: -0.1842, -0.0586, -0.0132, -0.0052, 0.0316)
    [trial 9] 48 features, training_days=260 | threshold=0.620 | labels: 1170 long, 1001 short (54/46%)
    [trial 9] Sharpe=0.0151 (folds: 0.0098, -0.0219, 0.0845, 0.0293, -0.0263)
    [trial 10] 48 features, training_days=470 | threshold=0.845 | labels: 1170 long, 1001 short (54/46%)
    [trial 10] Sharpe=0.0042 (folds: -0.0038, -0.2317, 0.0528, 0.0574, 0.1461)
    [trial 11] 48 features, training_days=340 | threshold=0.672 | labels: 1170 long, 1001 short (54/46%)
    [trial 11] Sharpe=-0.0048 (folds: -0.1302, -0.0876, -0.0872, 0.0216, 0.2594)
    [trial 12] 48 features, training_days=10 | threshold=0.521 | labels: 1170 long, 1001 short (54/46%)
    [trial 12] Sharpe=-0.0743 (folds: 0.0890, 0.0969, -0.1679, -0.2673, -0.1223)
    [trial 13] 48 features, training_days=340 | threshold=0.820 | labels: 1170 long, 1001 short (54/46%)
    [trial 13] Sharpe=0.0509 (folds: -0.1212, -0.0749, -0.0021, 0.2110, 0.2418)
    [trial 14] 48 features, training_days=420 | threshold=0.842 | labels: 1170 long, 1001 short (54/46%)
    [trial 14] Sharpe=-0.0033 (folds: -0.1100, -0.1531, -0.1169, 0.1570, 0.2064)
    [trial 15] 48 features, training_days=370 | threshold=0.796 | labels: 1170 long, 1001 short (54/46%)
    [trial 15] Sharpe=0.0365 (folds: -0.2108, -0.1110, 0.2062, 0.1093, 0.1891)
    [trial 16] 48 features, training_days=500 | threshold=0.798 | labels: 1170 long, 1001 short (54/46%)
    [trial 16] Sharpe=0.0884 (folds: 0.0820, -0.0243, -0.0135, 0.0685, 0.3291)
    [trial 17] 48 features, training_days=490 | threshold=0.711 | labels: 1170 long, 1001 short (54/46%)
    [trial 17] Sharpe=0.0369 (folds: 0.0891, -0.0416, -0.0361, 0.0015, 0.1717)
  Optuna: 18 trials, best Sharpe = 0.0884
  Best params: n_estimators=303, max_depth=3, lr=0.0519, leaves=43
  Best confidence_threshold: 0.798
  Best training_days: 500
  Retrained on full data (1500 samples, 48 features)
  [ensemble 3/3] seed=456
    [trial 0] 48 features, training_days=90 | threshold=0.587 | labels: 1170 long, 1001 short (54/46%)
    [CV fold 0] train_end=2022-09-23 08:00 | val_start=2022-10-01 00:00 | gap=184h (22 rows)
    [CV fold 1] train_end=2023-01-21 16:00 | val_start=2023-01-29 08:00 | gap=184h (22 rows)
    [CV fold 2] train_end=2023-05-22 00:00 | val_start=2023-05-29 16:00 | gap=184h (22 rows)
    [CV fold 3] train_end=2023-09-19 08:00 | val_start=2023-09-27 00:00 | gap=184h (22 rows)
    [CV fold 4] train_end=2024-01-17 16:00 | val_start=2024-01-25 08:00 | gap=184h (22 rows)
    [trial 0] Sharpe=-0.0595 (folds: -0.2138, 0.0113, -0.0315, -0.0673, 0.0040)
    [trial 1] 48 features, training_days=290 | threshold=0.635 | labels: 1170 long, 1001 short (54/46%)
    [trial 1] Sharpe=-0.0103 (folds: 0.0024, -0.0576, -0.0180, 0.0746, -0.0529)
    [trial 2] 48 features, training_days=10 | threshold=0.585 | labels: 1170 long, 1001 short (54/46%)[I 2026-06-01 13:00:49,464] Trial 2 finished with value: -0.0743177243128924 and parameters: {'confidence_threshold': 0.5849570384370288, 'training_days': 10, 'n_estimators': 212, 'max_depth': 3, 'num_leaves': 41, 'learning_rate': 0.18452095998378365, 'subsample': 0.6001060822924371, 'colsample_bytree': 0.5673167293506167, 'min_child_samples': 37, 'reg_alpha': 5.733250064217131, 'reg_lambda': 0.5308454292595461}. Best is trial 1 with value: -0.010305618312035527.
[I 2026-06-01 13:00:49,552] Trial 3 finished with value: 0.10749933455658489 and parameters: {'confidence_threshold': 0.6868248626683718, 'training_days': 220, 'n_estimators': 134, 'max_depth': 3, 'num_leaves': 45, 'learning_rate': 0.033529007907491595, 'subsample': 0.8647277071858408, 'colsample_bytree': 0.778494116634046, 'min_child_samples': 96, 'reg_alpha': 2.409409937265785e-07, 'reg_lambda': 1.1642073478060009}. Best is trial 3 with value: 0.10749933455658489.
[I 2026-06-01 13:00:49,642] Trial 4 finished with value: -0.03634511289240281 and parameters: {'confidence_threshold': 0.5623121348350352, 'training_days': 300, 'n_estimators': 69, 'max_depth': 4, 'num_leaves': 32, 'learning_rate': 0.14967629360700346, 'subsample': 0.5054535233636654, 'colsample_bytree': 0.7401385194659216, 'min_child_samples': 27, 'reg_alpha': 1.4212042567426725e-07, 'reg_lambda': 0.23605753701352003}. Best is trial 3 with value: 0.10749933455658489.
[I 2026-06-01 13:00:50,064] Trial 5 finished with value: -0.043178774883151784 and parameters: {'confidence_threshold': 0.7111850244908446, 'training_days': 490, 'n_estimators': 362, 'max_depth': 5, 'num_leaves': 40, 'learning_rate': 0.05960785724162737, 'subsample': 0.5589714368907717, 'colsample_bytree': 0.6659006943232806, 'min_child_samples': 42, 'reg_alpha': 0.6741360303045295, 'reg_lambda': 6.054601607143087e-08}. Best is trial 3 with value: 0.10749933455658489.
[I 2026-06-01 13:00:50,242] Trial 6 finished with value: 0.04931560388814214 and parameters: {'confidence_threshold': 0.667482545748023, 'training_days': 420, 'n_estimators': 279, 'max_depth': 3, 'num_leaves': 45, 'learning_rate': 0.040099592560849204, 'subsample': 0.8563114696415159, 'colsample_bytree': 0.5442917781944105, 'min_child_samples': 50, 'reg_alpha': 1.6407916423707903e-08, 'reg_lambda': 2.935907642973286e-05}. Best is trial 3 with value: 0.10749933455658489.
[I 2026-06-01 13:00:50,395] Trial 7 finished with value: -0.024340990268249534 and parameters: {'confidence_threshold': 0.5497381024139926, 'training_days': 120, 'n_estimators': 408, 'max_depth': 5, 'num_leaves': 38, 'learning_rate': 0.28049122657745795, 'subsample': 0.8806573338635493, 'colsample_bytree': 0.5454054113547102, 'min_child_samples': 63, 'reg_alpha': 0.01263008637940408, 'reg_lambda': 0.04588020805366937}. Best is trial 3 with value: 0.10749933455658489.
[I 2026-06-01 13:00:50,668] Trial 8 finished with value: 0.11397464841709515 and parameters: {'confidence_threshold': 0.719644804808716, 'training_days': 450, 'n_estimators': 410, 'max_depth': 4, 'num_leaves': 57, 'learning_rate': 0.04022026551478857, 'subsample': 0.5336085426932707, 'colsample_bytree': 0.5705742850577543, 'min_child_samples': 100, 'reg_alpha': 5.916398047912201e-07, 'reg_lambda': 0.9794034214488329}. Best is trial 8 with value: 0.11397464841709515.
[I 2026-06-01 13:00:50,691] Trial 9 finished with value: -6.017915865463624 and parameters: {'confidence_threshold': 0.7267463643917187, 'training_days': 20, 'n_estimators': 337, 'max_depth': 5, 'num_leaves': 23, 'learning_rate': 0.022153031811454605, 'subsample': 0.6305627572358737, 'colsample_bytree': 0.6613413774216214, 'min_child_samples': 81, 'reg_alpha': 5.7638634029410314e-08, 'reg_lambda': 8.26603016764008}. Best is trial 8 with value: 0.11397464841709515.
[I 2026-06-01 13:00:51,048] Trial 10 finished with value: 0.14399018606347108 and parameters: {'confidence_threshold': 0.8283920119574972, 'training_days': 400, 'n_estimators': 485, 'max_depth': 4, 'num_leaves': 63, 'learning_rate': 0.011927505552849117, 'subsample': 0.7130289643560688, 'colsample_bytree': 0.9944479338273263, 'min_child_samples': 100, 'reg_alpha': 5.0239970328459277e-05, 'reg_lambda': 0.0028438774509831773}. Best is trial 10 with value: 0.14399018606347108.
[I 2026-06-01 13:00:51,389] Trial 11 finished with value: 0.04616060297951835 and parameters: {'confidence_threshold': 0.8431920368994753, 'training_days': 400, 'n_estimators': 478, 'max_depth': 4, 'num_leaves': 61, 'learning_rate': 0.010033528037260202, 'subsample': 0.6988002958677881, 'colsample_bytree': 0.9628722124262472, 'min_child_samples': 100, 'reg_alpha': 5.263694533895985e-05, 'reg_lambda': 0.0038935771291352755}. Best is trial 10 with value: 0.14399018606347108.
[I 2026-06-01 13:00:51,798] Trial 12 finished with value: 0.13850523390967084 and parameters: {'confidence_threshold': 0.8097987051847976, 'training_days': 500, 'n_estimators': 490, 'max_depth': 4, 'num_leaves': 63, 'learning_rate': 0.010255894610795194, 'subsample': 0.7221629666626523, 'colsample_bytree': 0.9826583982594713, 'min_child_samples': 85, 'reg_alpha': 3.0366481742941654e-05, 'reg_lambda': 0.004296708263438564}. Best is trial 10 with value: 0.14399018606347108.
[I 2026-06-01 13:00:52,176] Trial 13 finished with value: 0.09258857328067863 and parameters: {'confidence_threshold': 0.8484351053652746, 'training_days': 350, 'n_estimators': 497, 'max_depth': 4, 'num_leaves': 54, 'learning_rate': 0.010372751528714915, 'subsample': 0.7384868771224989, 'colsample_bytree': 0.977673677256957, 'min_child_samples': 84, 'reg_alpha': 3.8284786278705456e-05, 'reg_lambda': 0.0027586845402793147}. Best is trial 10 with value: 0.14399018606347108.
[I 2026-06-01 13:00:52,587] Trial 14 finished with value: 0.016859349226213488 and parameters: {'confidence_threshold': 0.7855846898014007, 'training_days': 470, 'n_estimators': 500, 'max_depth': 4, 'num_leaves': 62, 'learning_rate': 0.017454558761233658, 'subsample': 0.6776505255398512, 'colsample_bytree': 0.9007048146894701, 'min_child_samples': 66, 'reg_alpha': 0.0014623796630832343, 'reg_lambda': 2.293505289769991e-06}. Best is trial 10 with value: 0.14399018606347108.
[I 2026-06-01 13:00:52,932] Trial 15 finished with value: 0.1411534422725234 and parameters: {'confidence_threshold': 0.7829525506318393, 'training_days': 370, 'n_estimators': 442, 'max_depth': 4, 'num_leaves': 52, 'learning_rate': 0.016814633156869492, 'subsample': 0.7719943444111433, 'colsample_bytree': 0.9934286300532085, 'min_child_samples': 88, 'reg_alpha': 8.084592721939181e-06, 'reg_lambda': 0.0020424904923636938}. Best is trial 10 with value: 0.14399018606347108.
[I 2026-06-01 13:00:53,165] Trial 16 finished with value: 0.14180825887639717 and parameters: {'confidence_threshold': 0.7698059031510821, 'training_days': 370, 'n_estimators': 299, 'max_depth': 4, 'num_leaves': 51, 'learning_rate': 0.01835371998409231, 'subsample': 0.7746738230932809, 'colsample_bytree': 0.8243349954238306, 'min_child_samples': 90, 'reg_alpha': 7.284760131661268e-06, 'reg_lambda': 0.00036311474992745054}. Best is trial 10 with value: 0.14399018606347108.
