[I 2026-06-01 13:00:41,797] Trial 0 finished with value: 0.019890894754473275 and parameters: {'confidence_threshold': 0.6310890415965769, 'training_days': 480, 'n_estimators': 380, 'max_depth': 4, 'num_leaves': 22, 'learning_rate': 0.01699897838270077, 'subsample': 0.5290418060840998, 'colsample_bytree': 0.9330880728874675, 'min_child_samples': 68, 'reg_alpha': 0.023585940584142682, 'reg_lambda': 1.5320059381854043e-08}. Best is trial 0 with value: 0.019890894754473275.

    [trial 7] 48 features, training_days=120 | threshold=0.550 | labels: 1152 long, 1019 short (53/47%)
    [trial 7] Sharpe=-0.0579 (folds: -0.1840, -0.0294, -0.1153, -0.1231, 0.1623)
    [trial 8] 48 features, training_days=450 | threshold=0.720 | labels: 1152 long, 1019 short (53/47%)
    [trial 8] Sharpe=0.0006 (folds: -0.0926, -0.1208, -0.1675, 0.0790, 0.3050)
    [trial 9] 48 features, training_days=20 | threshold=0.727 | labels: 1152 long, 1019 short (53/47%)
    [trial 9] Sharpe=-6.0914 (folds: -0.0359, -10.0000, -10.0000, -0.4211, -10.0000)
    [trial 10] 48 features, training_days=400 | threshold=0.828 | labels: 1152 long, 1019 short (53/47%)
    [trial 10] Sharpe=-6.1502 (folds: -0.3841, -0.3670, -10.0000, -10.0000, -10.0000)
    [trial 11] 48 features, training_days=310 | threshold=0.538 | labels: 1152 long, 1019 short (53/47%)
    [trial 11] Sharpe=0.0317 (folds: -0.1088, 0.0660, -0.1685, 0.0557, 0.3142)
    [trial 12] 48 features, training_days=380 | threshold=0.515 | labels: 1152 long, 1019 short (53/47%)
    [trial 12] Sharpe=0.0060 (folds: -0.0782, 0.0080, -0.1933, 0.0348, 0.2587)
    [trial 13] 48 features, training_days=380 | threshold=0.805 | labels: 1152 long, 1019 short (53/47%)
    [trial 13] Sharpe=0.0110 (folds: -0.2551, -0.2267, -0.0916, -0.0639, 0.6921)
    [trial 14] 48 features, training_days=220 | threshold=0.638 | labels: 1152 long, 1019 short (53/47%)
    [trial 14] Sharpe=-0.0218 (folds: -0.1618, -0.0054, -0.0892, 0.0904, 0.0570)
    [trial 15] 48 features, training_days=350 | threshold=0.783 | labels: 1152 long, 1019 short (53/47%)
    [trial 15] Sharpe=-0.0386 (folds: -0.0969, -0.1484, -0.1294, -0.1284, 0.3100)
    [trial 16] 48 features, training_days=450 | threshold=0.628 | labels: 1152 long, 1019 short (53/47%)
    [trial 16] Sharpe=0.0341 (folds: -0.2943, -0.0301, -0.0123, 0.1713, 0.3358)
    [trial 17] 48 features, training_days=480 | threshold=0.501 | labels: 1152 long, 1019 short (53/47%)
    [trial 17] Sharpe=-0.0560 (folds: -0.3463, -0.0479, -0.0626, -0.0580, 0.2347)
  Optuna: 18 trials, best Sharpe = 0.0341
  Best params: n_estimators=153, max_depth=4, lr=0.0103, leaves=32
  Best confidence_threshold: 0.628
  Best training_days: 450
  Retrained on full data (1350 samples, 48 features)
  OOD: 16 features, cutoff (q=0.7) = 10.31
  Model trained for 2024-05: 93 test candles with features, confidence_threshold=0.610
[predict] 2024-05-06 16:00 BTCUSDT → SHORT (proba=0.81 TP=8.6%/SL=4.3%)
[trade:open] 2024-05-06 23:59 BTCUSDT SHORT @ 63142.80 | SL=65847.13 TP=57734.13 | timeout=2024-05-13 23:59
[trade:close] 2024-05-14 00:00 BTCUSDT SHORT → timeout @ 62912.20 | PnL=+0.37% (net +0.27%) | cum=+33.23% 2024-05=+0.27% 2024-05-14=+0.27%
[predict] 2024-05-14 16:00 BTCUSDT → LONG (proba=0.74 TP=6.7%/SL=3.4%)
[trade:open] 2024-05-14 23:59 BTCUSDT LONG @ 61550.50 | SL=59479.83 TP=65691.85 | timeout=2024-05-21 23:59
[trade:close] 2024-05-15 23:59 BTCUSDT LONG → take_profit @ 65691.85 | PnL=+6.73% (net +6.63%) | cum=+39.86% 2024-05=+6.89% 2024-05-15=+6.63%
[predict] 2024-05-16 16:00 BTCUSDT → SHORT (proba=0.77 TP=7.2%/SL=3.6%)
[trade:open] 2024-05-16 23:59 BTCUSDT SHORT @ 65217.70 | SL=67574.67 TP=60503.75 | timeout=2024-05-23 23:59
[trade:close] 2024-05-19 15:59 BTCUSDT SHORT → stop_loss @ 67574.67 | PnL=-3.61% (net -3.71%) | cum=+36.15% 2024-05=+3.18% 2024-05-19=-3.71%
[predict] 2024-05-20 08:00 BTCUSDT → SHORT (proba=0.73 TP=5.7%/SL=2.8%)
[trade:open] 2024-05-20 15:59 BTCUSDT SHORT @ 67382.10 | SL=69287.07 TP=63572.15 | timeout=2024-05-27 15:59
[trade:close] 2024-05-20 23:59 BTCUSDT SHORT → stop_loss @ 69287.07 | PnL=-2.83% (net -2.93%) | cum=+33.22% 2024-05=+0.25% 2024-05-20=-2.93%
[predict] 2024-05-21 16:00 BTCUSDT → SHORT (proba=0.80 TP=7.0%/SL=3.5%)
[trade:open] 2024-05-21 23:59 BTCUSDT SHORT @ 70168.80 | SL=72622.71 TP=65260.99 | timeout=2024-05-28 23:59
[trade:close] 2024-05-29 00:00 BTCUSDT SHORT → timeout @ 68440.40 | PnL=+2.46% (net +2.36%) | cum=+35.58% 2024-05=+2.62% 2024-05-29=+2.36%
[predict] 2024-05-29 16:00 BTCUSDT → LONG (proba=0.75 TP=6.5%/SL=3.3%)
[trade:open] 2024-05-29 23:59 BTCUSDT LONG @ 67686.70 | SL=65483.03 TP=72094.04 | timeout=2024-06-05 23:59
[lgbm] === Training for 2024-06 ===
  Train window: 2022-06-01 → 2024-05-24
  2171 training samples from 1 symbols
  Samples per month: 2022-06: 90, 2022-07: 93, 2022-08: 93, 2022-09: 90, 2022-10: 93, 2022-11: 90, 2022-12: 93, 2023-01: 93, 2023-02: 84, 2023-03: 93, 2023-04: 90, 2023-05: 93, 2023-06: 90, 2023-07: 93, 2023-08: 93, 2023-09: 90, 2023-10: 93, 2023-11: 90, 2023-12: 93, 2024-01: 93, 2024-02: 87, 2024-03: 93, 2024-04: 90, 2024-05: 71
  [label] 2022-08-01 16:00 BTCUSDT entry=23257.6000 → LONG | long=timeout(+2.25%) short=timeout(-2.45%) | scanned=22 | no_tp→fwd_return=+2.3511
  [label] 2022-08-04 00:00 BTCUSDT entry=22935.0000 → LONG | long=timeout(+6.42%) short=sl(-4.95%) | scanned=22 | no_tp→fwd_return=+6.5162
  [label] 2022-08-07 16:00 BTCUSDT entry=23167.8000 → LONG | long=tp(+7.12%) short=sl(-3.71%) | scanned=11 | long_tp_only
  [label] 2022-09-01 08:00 BTCUSDT entry=19775.8000 → SHORT | long=sl(-4.66%) short=timeout(+2.61%) | scanned=22 | no_tp→fwd_return=-2.7073
  [label] 2022-10-24 00:00 BTCUSDT entry=19318.4000 → LONG | long=tp(+4.59%) short=sl(-2.45%) | scanned=5 | long_tp_only
  [label] 2023-04-08 00:00 BTCUSDT entry=28073.8000 → LONG | long=tp(+5.53%) short=sl(-2.92%) | scanned=8 | long_tp_only
  [label] 2023-04-12 00:00 BTCUSDT entry=29979.4000 → LONG | long=timeout(+0.18%) short=sl(-3.17%) | scanned=22 | no_tp→fwd_return=+0.2849
  [label] 2023-04-22 16:00 BTCUSDT entry=27807.2000 → LONG | long=tp(+6.86%) short=sl(-3.58%) | scanned=11 | long_tp_only
  [label] 2023-06-06 16:00 BTCUSDT entry=27221.5000 → SHORT | long=sl(-3.60%) short=tp(+6.91%) | scanned=12 | short_tp_only
  [label] 2023-06-15 08:00 BTCUSDT entry=24948.4000 → LONG | long=tp(+6.30%) short=sl(-3.30%) | scanned=5 | long_tp_only
  [label] 2023-09-13 16:00 BTCUSDT entry=26209.9000 → LONG | long=timeout(+3.33%) short=sl(-3.08%) | scanned=22 | no_tp→fwd_return=+3.4254
  [label] 2023-10-15 16:00 BTCUSDT entry=27139.8000 → LONG | long=tp(+3.66%) short=sl(-1.98%) | scanned=1 | long_tp_only
  [label] 2023-11-01 00:00 BTCUSDT entry=34463.9000 → LONG | long=timeout(+2.15%) short=sl(-3.13%) | scanned=22 | no_tp→fwd_return=+2.2508
  [label] 2023-11-13 16:00 BTCUSDT entry=36486.2000 → LONG | long=sl(-3.23%) short=sl(-3.23%) | scanned=6 | no_tp→fwd_return=+3.8354
  [label] 2023-12-02 00:00 BTCUSDT entry=38683.9000 → LONG | long=tp(+4.94%) short=sl(-2.62%) | scanned=6 | long_tp_only
  [label] 2023-12-08 08:00 BTCUSDT entry=43778.5000 → SHORT | long=sl(-3.44%) short=tp(+6.59%) | scanned=8 | short_tp_only
  [label] 2023-12-20 16:00 BTCUSDT entry=43708.9000 → SHORT | long=sl(-4.22%) short=timeout(+0.48%) | scanned=22 | no_tp→fwd_return=-0.5836
  [label] 2024-01-29 08:00 BTCUSDT entry=42623.2000 → LONG | long=timeout(-0.08%) short=timeout(-0.12%) | scanned=22 | no_tp→fwd_return=+0.0152
  [label] 2024-02-08 00:00 BTCUSDT entry=44500.8000 → LONG | long=tp(+5.11%) short=sl(-2.71%) | scanned=4 | long_tp_only
  [label] 2024-05-04 08:00 BTCUSDT entry=63590.0000 → SHORT | long=sl(-4.94%) short=timeout(+3.74%) | scanned=22 | no_tp→fwd_return=-3.8432
  Labels: 1170 long (53.9%), 1001 short (46.1%) | weights: min=1.00, mean=2.88, max=10.00
  Features: 2171/2171 matched, 48 columns
  CV gap: 22 rows
  [ensemble 1/3] seed=42
    [trial 0] 48 features, training_days=480 | threshold=0.631 | labels: 1170 long, 1001 short (54/46%)
    [CV fold 0] train_end=2022-09-23 08:00 | val_start=2022-10-01 00:00 | gap=184h (22 rows)
    [CV fold 1] train_end=2023-01-21 16:00 | val_start=2023-01-29 08:00 | gap=184h (22 rows)
    [CV fold 2] train_end=2023-05-22 00:00 | val_start=2023-05-29 16:00 | gap=184h (22 rows)
    [CV fold 3] train_end=2023-09-19 08:00 | val_start=2023-09-27 00:00 | gap=184h (22 rows)
    [CV fold 4] train_end=2024-01-17 16:00 | val_start=2024-01-25 08:00 | gap=184h (22 rows)
    [trial 0] Sharpe=0.0199 (folds: 0.0105, -0.0333, 0.0175, -0.0794, 0.1843)
    [trial 1] 48 features, training_days=420 | threshold=0.839 | labels: 1170 long, 1001 short (54/46%)[I 2026-06-01 13:00:41,930] Trial 1 finished with value: -4.009443447947417 and parameters: {'confidence_threshold': 0.839468448256698, 'training_days': 420, 'n_estimators': 145, 'max_depth': 3, 'num_leaves': 23, 'learning_rate': 0.028145092716060652, 'subsample': 0.762378215816119, 'colsample_bytree': 0.7159725093210578, 'min_child_samples': 43, 'reg_alpha': 0.0032112643094417484, 'reg_lambda': 1.8007140198129195e-07}. Best is trial 0 with value: 0.019890894754473275.
[I 2026-06-01 13:00:42,095] Trial 2 finished with value: -0.003497284497323816 and parameters: {'confidence_threshold': 0.6022506269873263, 'training_days': 190, 'n_estimators': 255, 'max_depth': 5, 'num_leaves': 24, 'learning_rate': 0.05748924681991978, 'subsample': 0.7962072844310213, 'colsample_bytree': 0.5232252063599989, 'min_child_samples': 69, 'reg_alpha': 3.425445902633376e-07, 'reg_lambda': 3.850031979199519e-08}. Best is trial 0 with value: 0.019890894754473275.
[I 2026-06-01 13:00:42,358] Trial 3 finished with value: 0.01008091841216725 and parameters: {'confidence_threshold': 0.8321099380386666, 'training_days': 490, 'n_estimators': 414, 'max_depth': 3, 'num_leaves': 19, 'learning_rate': 0.1024932221692416, 'subsample': 0.7200762468698007, 'colsample_bytree': 0.5610191174223894, 'min_child_samples': 60, 'reg_alpha': 2.039373116525212e-08, 'reg_lambda': 1.527156759251193}. Best is trial 0 with value: 0.019890894754473275.
[I 2026-06-01 13:00:42,525] Trial 4 finished with value: 0.03874407705736943 and parameters: {'confidence_threshold': 0.5905729935600059, 'training_days': 340, 'n_estimators': 190, 'max_depth': 4, 'num_leaves': 41, 'learning_rate': 0.01875220945578641, 'subsample': 0.9847923138822793, 'colsample_bytree': 0.8875664116805573, 'min_child_samples': 96, 'reg_alpha': 1.1309571585271483, 'reg_lambda': 0.002404915432737351}. Best is trial 4 with value: 0.03874407705736943.
[I 2026-06-01 13:00:42,564] Trial 5 finished with value: -0.08505170821392297 and parameters: {'confidence_threshold': 0.8226559822580909, 'training_days': 50, 'n_estimators': 138, 'max_depth': 3, 'num_leaves': 30, 'learning_rate': 0.03750796359625606, 'subsample': 0.6356745158869479, 'colsample_bytree': 0.9143687545759647, 'min_child_samples': 48, 'reg_alpha': 3.376063348877853e-06, 'reg_lambda': 0.0007660634613082914}. Best is trial 4 with value: 0.03874407705736943.
[I 2026-06-01 13:00:42,681] Trial 6 finished with value: 0.02246512443365254 and parameters: {'confidence_threshold': 0.5493234787411669, 'training_days': 410, 'n_estimators': 83, 'max_depth': 5, 'num_leaves': 52, 'learning_rate': 0.019657448966046126, 'subsample': 0.5027610585618012, 'colsample_bytree': 0.9077307142274171, 'min_child_samples': 77, 'reg_alpha': 0.03639690979811287, 'reg_lambda': 0.08738424135626986}. Best is trial 4 with value: 0.03874407705736943.
[I 2026-06-01 13:00:42,789] Trial 7 finished with value: -0.03512345996311812 and parameters: {'confidence_threshold': 0.5259156281069316, 'training_days': 180, 'n_estimators': 102, 'max_depth': 5, 'num_leaves': 45, 'learning_rate': 0.030816017044468066, 'subsample': 0.5317791751430119, 'colsample_bytree': 0.6554911608578311, 'min_child_samples': 46, 'reg_alpha': 0.036851536911881845, 'reg_lambda': 0.005470376807480391}. Best is trial 4 with value: 0.03874407705736943.
[I 2026-06-01 13:00:42,901] Trial 8 finished with value: 0.04387636322514808 and parameters: {'confidence_threshold': 0.8105244599017143, 'training_days': 240, 'n_estimators': 103, 'max_depth': 5, 'num_leaves': 52, 'learning_rate': 0.06746437142284309, 'subsample': 0.8854835899772805, 'colsample_bytree': 0.7468977981821954, 'min_child_samples': 62, 'reg_alpha': 7.04480806377519e-05, 'reg_lambda': 1.6934490731313353e-08}. Best is trial 8 with value: 0.04387636322514808.
[I 2026-06-01 13:00:42,923] Trial 9 finished with value: -2.075969972911742 and parameters: {'confidence_threshold': 0.5377619994476566, 'training_days': 20, 'n_estimators': 337, 'max_depth': 3, 'num_leaves': 39, 'learning_rate': 0.21907142272152816, 'subsample': 0.6246461145744375, 'colsample_bytree': 0.7051914615178149, 'min_child_samples': 81, 'reg_alpha': 1.1459970229341322e-06, 'reg_lambda': 4.929685216887945e-08}. Best is trial 8 with value: 0.04387636322514808.
[I 2026-06-01 13:00:43,517] Trial 10 finished with value: -0.047843278576684536 and parameters: {'confidence_threshold': 0.734042426776949, 'training_days': 280, 'n_estimators': 487, 'max_depth': 5, 'num_leaves': 62, 'learning_rate': 0.10432148521337849, 'subsample': 0.9416850669512905, 'colsample_bytree': 0.8120417635861826, 'min_child_samples': 27, 'reg_alpha': 7.238112263003475e-05, 'reg_lambda': 3.3639426888455256e-06}. Best is trial 8 with value: 0.04387636322514808.
[I 2026-06-01 13:00:43,684] Trial 11 finished with value: 0.09261966919799783 and parameters: {'confidence_threshold': 0.7192552477034038, 'training_days': 290, 'n_estimators': 223, 'max_depth': 4, 'num_leaves': 53, 'learning_rate': 0.010418004616766478, 'subsample': 0.9987925440125851, 'colsample_bytree': 0.8164708272936286, 'min_child_samples': 97, 'reg_alpha': 5.370415467243256, 'reg_lambda': 1.2919440532274802e-05}. Best is trial 11 with value: 0.09261966919799783.
[I 2026-06-01 13:00:43,821] Trial 12 finished with value: 0.12816909386299055 and parameters: {'confidence_threshold': 0.7341332481359052, 'training_days': 190, 'n_estimators': 256, 'max_depth': 4, 'num_leaves': 55, 'learning_rate': 0.01064264120978801, 'subsample': 0.8848579707387314, 'colsample_bytree': 0.8029806514921616, 'min_child_samples': 100, 'reg_alpha': 5.770700012836293, 'reg_lambda': 7.618021677092772e-06}. Best is trial 12 with value: 0.12816909386299055.
[I 2026-06-01 13:00:43,909] Trial 13 finished with value: -0.03397066246724791 and parameters: {'confidence_threshold': 0.7206458079127686, 'training_days': 120, 'n_estimators': 242, 'max_depth': 4, 'num_leaves': 62, 'learning_rate': 0.01091628689104191, 'subsample': 0.8713655069203587, 'colsample_bytree': 0.8209461751992195, 'min_child_samples': 98, 'reg_alpha': 6.815689780417498, 'reg_lambda': 2.1126971728173883e-05}. Best is trial 12 with value: 0.12816909386299055.
[I 2026-06-01 13:00:44,132] Trial 14 finished with value: 0.08627422814192955 and parameters: {'confidence_threshold': 0.7324581611303704, 'training_days': 300, 'n_estimators': 311, 'max_depth': 4, 'num_leaves': 55, 'learning_rate': 0.010530397750796885, 'subsample': 0.9930392365737959, 'colsample_bytree': 0.9897127958863723, 'min_child_samples': 87, 'reg_alpha': 0.8731118707630132, 'reg_lambda': 2.0055787985723364e-05}. Best is trial 12 with value: 0.12816909386299055.
[I 2026-06-01 13:00:44,225] Trial 15 finished with value: 0.13945446370022058 and parameters: {'confidence_threshold': 0.6787592501016728, 'training_days': 130, 'n_estimators': 217, 'max_depth': 4, 'num_leaves': 47, 'learning_rate': 0.010029988198646294, 'subsample': 0.8634823758940223, 'colsample_bytree': 0.816215831401889, 'min_child_samples': 100, 'reg_alpha': 7.524925957494491, 'reg_lambda': 1.3659921948358352e-06}. Best is trial 15 with value: 0.13945446370022058.
[I 2026-06-01 13:00:44,306] Trial 16 finished with value: -0.016446953015264235 and parameters: {'confidence_threshold': 0.6654755442748165, 'training_days': 100, 'n_estimators': 293, 'max_depth': 4, 'num_leaves': 47, 'learning_rate': 0.015416145769244502, 'subsample': 0.8649514202852935, 'colsample_bytree': 0.632035183231185, 'min_child_samples': 88, 'reg_alpha': 0.7595060421506533, 'reg_lambda': 1.5949783981171654e-06}. Best is trial 15 with value: 0.13945446370022058.
[I 2026-06-01 13:00:44,407] Trial 17 finished with value: -0.009687216852285801 and parameters: {'confidence_threshold': 0.7831439044414398, 'training_days': 170, 'n_estimators': 189, 'max_depth': 4, 'num_leaves': 34, 'learning_rate': 0.21227334472098047, 'subsample': 0.8172916470134068, 'colsample_bytree': 0.7861983638172064, 'min_child_samples': 87, 'reg_alpha': 0.0015341764941707576, 'reg_lambda': 0.00020614774879284444}. Best is trial 15 with value: 0.13945446370022058.
[I 2026-06-01 13:00:44,737] A new study created in memory with name: no-name-22c878c9-c2e2-4c7f-a434-1b759a8484ec
[I 2026-06-01 13:00:44,841] Trial 0 finished with value: -0.05132838250127262 and parameters: {'confidence_threshold': 0.7437642149592516, 'training_days': 150, 'n_estimators': 152, 'max_depth': 4, 'num_leaves': 50, 'learning_rate': 0.04216766425047743, 'subsample': 0.9903820991923078, 'colsample_bytree': 0.8424148692924316, 'min_child_samples': 58, 'reg_alpha': 3.381097259762742e-05, 'reg_lambda': 1.2263152961306247e-05}. Best is trial 0 with value: -0.05132838250127262.
[I 2026-06-01 13:00:44,912] Trial 1 finished with value: -1.7671440915083714 and parameters: {'confidence_threshold': 0.7551673975844145, 'training_days': 220, 'n_estimators': 76, 'max_depth': 4, 'num_leaves': 51, 'learning_rate': 0.018602118810743477, 'subsample': 0.5877258780737462, 'colsample_bytree': 0.7657756869209191, 'min_child_samples': 63, 'reg_alpha': 0.005123994170264194, 'reg_lambda': 0.44145470178120466}. Best is trial 0 with value: -0.05132838250127262.
[I 2026-06-01 13:00:45,168] Trial 2 finished with value: -0.0024117095886173946 and parameters: {'confidence_threshold': 0.7535593637012223, 'training_days': 310, 'n_estimators': 375, 'max_depth': 3, 'num_leaves': 32, 'learning_rate': 0.021735641882032388, 'subsample': 0.6468570231944146, 'colsample_bytree': 0.8154880619272439, 'min_child_samples': 27, 'reg_alpha': 8.004064028491336e-05, 'reg_lambda': 7.546835261630524e-05}. Best is trial 2 with value: -0.0024117095886173946.
[I 2026-06-01 13:00:45,354] Trial 3 finished with value: -0.08188943053803689 and parameters: {'confidence_threshold': 0.6727897841776072, 'training_days': 220, 'n_estimators': 190, 'max_depth': 4, 'num_leaves': 58, 'learning_rate': 0.24810689332636193, 'subsample': 0.7509183379421682, 'colsample_bytree': 0.8119764758960556, 'min_child_samples': 29, 'reg_alpha': 7.1708285081421445e-06, 'reg_lambda': 5.412973582738627e-05}. Best is trial 2 with value: -0.0024117095886173946.
[I 2026-06-01 13:00:45,487] Trial 4 finished with value: 0.0600230358555132 and parameters: {'confidence_threshold': 0.803208205259178, 'training_days': 130, 'n_estimators': 267, 'max_depth': 5, 'num_leaves': 40, 'learning_rate': 0.08041175317374143, 'subsample': 0.5603143329951619, 'colsample_bytree': 0.9131704002534167, 'min_child_samples': 68, 'reg_alpha': 0.0008046593428183385, 'reg_lambda': 1.2158346158765583e-05}. Best is trial 4 with value: 0.0600230358555132.
[I 2026-06-01 13:00:45,726] Trial 5 finished with value: -0.006264068425598092 and parameters: {'confidence_threshold': 0.6064422761595144, 'training_days': 210, 'n_estimators': 357, 'max_depth': 5, 'num_leaves': 40, 'learning_rate': 0.0974221287220869, 'subsample': 0.7929682762811064, 'colsample_bytree': 0.8124517510478, 'min_child_samples': 74, 'reg_alpha': 0.3811377260781234, 'reg_lambda': 5.607314238392041e-08}. Best is trial 4 with value: 0.0600230358555132.
[I 2026-06-01 13:00:45,843] Trial 6 finished with value: -0.023729896174914236 and parameters: {'confidence_threshold': 0.7672889945051684, 'training_days': 130, 'n_estimators': 137, 'max_depth': 4, 'num_leaves': 19, 'learning_rate': 0.2031117614248665, 'subsample': 0.8136244860256343, 'colsample_bytree': 0.8617081790949774, 'min_child_samples': 21, 'reg_alpha': 0.002238138278733199, 'reg_lambda': 0.001025809534977322}. Best is trial 4 with value: 0.0600230358555132.
[I 2026-06-01 13:00:45,912] Trial 7 finished with value: -0.06224057691255182 and parameters: {'confidence_threshold': 0.555635875450653, 'training_days': 80, 'n_estimators': 363, 'max_depth': 3, 'num_leaves': 48, 'learning_rate': 0.06590089024008658, 'subsample': 0.6944752870615722, 'colsample_bytree': 0.962566244806993, 'min_child_samples': 88, 'reg_alpha': 1.6465620446426067e-05, 'reg_lambda': 2.4678750890085655e-08}. Best is trial 4 with value: 0.0600230358555132.
[I 2026-06-01 13:00:46,271] Trial 8 finished with value: -0.04591336170335452 and parameters: {'confidence_threshold': 0.6066688256938841, 'training_days': 200, 'n_estimators': 367, 'max_depth': 5, 'num_leaves': 32, 'learning_rate': 0.13377519215934996, 'subsample': 0.7965884582811106, 'colsample_bytree': 0.8458508993500886, 'min_child_samples': 32, 'reg_alpha': 3.889436043816386e-05, 'reg_lambda': 1.4713062489380356e-06}. Best is trial 4 with value: 0.0600230358555132.
[I 2026-06-01 13:00:46,504] Trial 9 finished with value: 0.015079768851592474 and parameters: {'confidence_threshold': 0.6202096049169137, 'training_days': 260, 'n_estimators': 350, 'max_depth': 3, 'num_leaves': 21, 'learning_rate': 0.02989540198065364, 'subsample': 0.8307821683331218, 'colsample_bytree': 0.923253112635361, 'min_child_samples': 64, 'reg_alpha': 0.4898604619604203, 'reg_lambda': 2.9076377687066166e-05}. Best is trial 4 with value: 0.0600230358555132.
