[I 2026-06-01 13:02:26,112] Trial 17 finished with value: -1.6640985791786993 and parameters: {'confidence_threshold': 0.7200120332925483, 'training_days': 390, 'n_estimators': 95, 'max_depth': 4, 'num_leaves': 34, 'learning_rate': 0.010762732882439, 'subsample': 0.891140987455929, 'colsample_bytree': 0.7424424663239667, 'min_child_samples': 40, 'reg_alpha': 0.21211158421634815, 'reg_lambda': 0.0014532040761386954}. Best is trial 1 with value: 0.3316226917972685.
[I 2026-06-01 13:02:26,494] A new study created in memory with name: no-name-bb90e2b5-97dc-440c-a672-2ea84766e68b
[I 2026-06-01 13:02:26,695] Trial 0 finished with value: -0.0435718558249361 and parameters: {'confidence_threshold': 0.5870645682749857, 'training_days': 90, 'n_estimators': 403, 'max_depth': 5, 'num_leaves': 45, 'learning_rate': 0.0780457193679974, 'subsample': 0.9428509515574568, 'colsample_bytree': 0.8795587339164916, 'min_child_samples': 34, 'reg_alpha': 2.2465901234314442e-07, 'reg_lambda': 8.339007036475363e-05}. Best is trial 0 with value: -0.0435718558249361.
[I 2026-06-01 13:02:26,791] Trial 1 finished with value: -0.012634015413788164 and parameters: {'confidence_threshold': 0.6348453934275313, 'training_days': 290, 'n_estimators': 115, 'max_depth': 5, 'num_leaves': 37, 'learning_rate': 0.06949568759029946, 'subsample': 0.8228505074024268, 'colsample_bytree': 0.8616703220431751, 'min_child_samples': 75, 'reg_alpha': 4.2486822725010923e-07, 'reg_lambda': 1.157247767047042e-07}. Best is trial 1 with value: -0.012634015413788164.
[I 2026-06-01 13:02:26,810] Trial 2 finished with value: -0.20225387660879174 and parameters: {'confidence_threshold': 0.5849570384370288, 'training_days': 10, 'n_estimators': 212, 'max_depth': 3, 'num_leaves': 41, 'learning_rate': 0.18452095998378365, 'subsample': 0.6001060822924371, 'colsample_bytree': 0.5673167293506167, 'min_child_samples': 37, 'reg_alpha': 5.733250064217131, 'reg_lambda': 0.5308454292595461}. Best is trial 1 with value: -0.012634015413788164.
[I 2026-06-01 13:02:26,885] Trial 3 finished with value: 0.05523174997029302 and parameters: {'confidence_threshold': 0.6868248626683718, 'training_days': 220, 'n_estimators': 134, 'max_depth': 3, 'num_leaves': 45, 'learning_rate': 0.033529007907491595, 'subsample': 0.8647277071858408, 'colsample_bytree': 0.778494116634046, 'min_child_samples': 96, 'reg_alpha': 2.409409937265785e-07, 'reg_lambda': 1.1642073478060009}. Best is trial 3 with value: 0.05523174997029302.
[I 2026-06-01 13:02:26,968] Trial 4 finished with value: -0.03922606110326631 and parameters: {'confidence_threshold': 0.5623121348350352, 'training_days': 300, 'n_estimators': 69, 'max_depth': 4, 'num_leaves': 32, 'learning_rate': 0.14967629360700346, 'subsample': 0.5054535233636654, 'colsample_bytree': 0.7401385194659216, 'min_child_samples': 27, 'reg_alpha': 1.4212042567426725e-07, 'reg_lambda': 0.23605753701352003}. Best is trial 3 with value: 0.05523174997029302.
[I 2026-06-01 13:02:27,384] Trial 5 finished with value: 0.021753888895398827 and parameters: {'confidence_threshold': 0.7111850244908446, 'training_days': 490, 'n_estimators': 362, 'max_depth': 5, 'num_leaves': 40, 'learning_rate': 0.05960785724162737, 'subsample': 0.5589714368907717, 'colsample_bytree': 0.6659006943232806, 'min_child_samples': 42, 'reg_alpha': 0.6741360303045295, 'reg_lambda': 6.054601607143087e-08}. Best is trial 3 with value: 0.05523174997029302.
[I 2026-06-01 13:02:27,578] Trial 6 finished with value: 0.0708444383809452 and parameters: {'confidence_threshold': 0.667482545748023, 'training_days': 420, 'n_estimators': 279, 'max_depth': 3, 'num_leaves': 45, 'learning_rate': 0.040099592560849204, 'subsample': 0.8563114696415159, 'colsample_bytree': 0.5442917781944105, 'min_child_samples': 50, 'reg_alpha': 1.6407916423707903e-08, 'reg_lambda': 2.935907642973286e-05}. Best is trial 6 with value: 0.0708444383809452.
[I 2026-06-01 13:02:27,723] Trial 7 finished with value: 0.022466799593545896 and parameters: {'confidence_threshold': 0.5497381024139926, 'training_days': 120, 'n_estimators': 408, 'max_depth': 5, 'num_leaves': 38, 'learning_rate': 0.28049122657745795, 'subsample': 0.8806573338635493, 'colsample_bytree': 0.5454054113547102, 'min_child_samples': 63, 'reg_alpha': 0.01263008637940408, 'reg_lambda': 0.04588020805366937}. Best is trial 6 with value: 0.0708444383809452.
[I 2026-06-01 13:02:27,982] Trial 8 finished with value: 0.04826271296032123 and parameters: {'confidence_threshold': 0.719644804808716, 'training_days': 450, 'n_estimators': 410, 'max_depth': 4, 'num_leaves': 57, 'learning_rate': 0.04022026551478857, 'subsample': 0.5336085426932707, 'colsample_bytree': 0.5705742850577543, 'min_child_samples': 100, 'reg_alpha': 5.916398047912201e-07, 'reg_lambda': 0.9794034214488329}. Best is trial 6 with value: 0.0708444383809452.
[I 2026-06-01 13:02:28,006] Trial 9 finished with value: -4.094373860711154 and parameters: {'confidence_threshold': 0.7267463643917187, 'training_days': 20, 'n_estimators': 337, 'max_depth': 5, 'num_leaves': 23, 'learning_rate': 0.022153031811454605, 'subsample': 0.6305627572358737, 'colsample_bytree': 0.6613413774216214, 'min_child_samples': 81, 'reg_alpha': 5.7638634029410314e-08, 'reg_lambda': 8.26603016764008}. Best is trial 6 with value: 0.0708444383809452.
[I 2026-06-01 13:02:28,196] Trial 10 finished with value: -3.7535569981790204 and parameters: {'confidence_threshold': 0.8283920119574972, 'training_days': 400, 'n_estimators': 240, 'max_depth': 3, 'num_leaves': 62, 'learning_rate': 0.011921022686883517, 'subsample': 0.7130289643560688, 'colsample_bytree': 0.9944479338273263, 'min_child_samples': 54, 'reg_alpha': 6.837313901272251e-05, 'reg_lambda': 2.741063772648371e-05}. Best is trial 6 with value: 0.0708444383809452.
[I 2026-06-01 13:02:28,303] Trial 11 finished with value: 0.00317351757158047 and parameters: {'confidence_threshold': 0.6624828863039158, 'training_days': 210, 'n_estimators': 186, 'max_depth': 3, 'num_leaves': 50, 'learning_rate': 0.029354876456257728, 'subsample': 0.9833364932696866, 'colsample_bytree': 0.8016610248739169, 'min_child_samples': 100, 'reg_alpha': 2.573708591509265e-05, 'reg_lambda': 0.002302539738527198}. Best is trial 6 with value: 0.0708444383809452.
[I 2026-06-01 13:02:28,621] Trial 12 finished with value: 0.11694704032504444 and parameters: {'confidence_threshold': 0.7974391396451452, 'training_days': 370, 'n_estimators': 490, 'max_depth': 3, 'num_leaves': 51, 'learning_rate': 0.01924681962976845, 'subsample': 0.7893290191182136, 'colsample_bytree': 0.6866172385346349, 'min_child_samples': 52, 'reg_alpha': 1.578782038256806e-08, 'reg_lambda': 1.4304147444691813e-06}. Best is trial 12 with value: 0.11694704032504444.
[I 2026-06-01 13:02:29,023] Trial 13 finished with value: 0.08861656428754502 and parameters: {'confidence_threshold': 0.8049870194265122, 'training_days': 380, 'n_estimators': 495, 'max_depth': 4, 'num_leaves': 52, 'learning_rate': 0.013893880554546854, 'subsample': 0.7400982867638108, 'colsample_bytree': 0.6636342088903148, 'min_child_samples': 51, 'reg_alpha': 1.1746990909742665e-08, 'reg_lambda': 1.8977888929545579e-06}. Best is trial 12 with value: 0.11694704032504444.
[I 2026-06-01 13:02:29,395] Trial 14 finished with value: 0.0940533994195657 and parameters: {'confidence_threshold': 0.8356912434843972, 'training_days': 350, 'n_estimators': 500, 'max_depth': 4, 'num_leaves': 55, 'learning_rate': 0.010878781321560152, 'subsample': 0.7383555752954697, 'colsample_bytree': 0.658600878541351, 'min_child_samples': 66, 'reg_alpha': 1.1551822108194917e-05, 'reg_lambda': 1.015208799880295e-06}. Best is trial 12 with value: 0.11694704032504444.
[I 2026-06-01 13:02:29,750] Trial 15 finished with value: 0.11493043206773342 and parameters: {'confidence_threshold': 0.7816325827870564, 'training_days': 360, 'n_estimators': 488, 'max_depth': 4, 'num_leaves': 61, 'learning_rate': 0.017175876973546864, 'subsample': 0.6813731065992973, 'colsample_bytree': 0.6340082704444222, 'min_child_samples': 67, 'reg_alpha': 0.002133995302102601, 'reg_lambda': 1.0910395808862402e-06}. Best is trial 12 with value: 0.11694704032504444.

    [trial 16] 48 features, training_days=400 | threshold=0.756 | labels: 1190 long, 981 short (55/45%)
    [trial 16] Sharpe=0.0430 (folds: 0.2227, 0.1413, 0.1911, -0.1783, -0.1615)
    [trial 17] 48 features, training_days=290 | threshold=0.761 | labels: 1190 long, 981 short (55/45%)
    [trial 17] Sharpe=-0.0655 (folds: 0.2100, 0.0915, -0.0769, -0.2680, -0.2841)
  Optuna: 18 trials, best Sharpe = 0.2043
  Best params: n_estimators=315, max_depth=4, lr=0.0106, leaves=60
  Best confidence_threshold: 0.725
  Best training_days: 500
  Retrained on full data (1500 samples, 48 features)
  [ensemble 2/3] seed=123
    [trial 0] 48 features, training_days=150 | threshold=0.744 | labels: 1190 long, 981 short (55/45%)
    [CV fold 0] train_end=2023-05-26 08:00 | val_start=2023-06-03 00:00 | gap=184h (22 rows)
    [CV fold 1] train_end=2023-09-23 16:00 | val_start=2023-10-01 08:00 | gap=184h (22 rows)
    [CV fold 2] train_end=2024-01-22 00:00 | val_start=2024-01-29 16:00 | gap=184h (22 rows)
    [CV fold 3] train_end=2024-05-21 08:00 | val_start=2024-05-29 00:00 | gap=184h (22 rows)
    [CV fold 4] train_end=2024-09-18 16:00 | val_start=2024-09-26 08:00 | gap=184h (22 rows)
    [trial 0] Sharpe=0.0295 (folds: 0.3988, -0.1655, 0.1693, -0.1664, -0.0886)
    [trial 1] 48 features, training_days=220 | threshold=0.755 | labels: 1190 long, 981 short (55/45%)
    [trial 1] Sharpe=0.3316 (folds: 0.8364, -0.0839, 0.5930, 0.1219, 0.1907)
    [trial 2] 48 features, training_days=310 | threshold=0.754 | labels: 1190 long, 981 short (55/45%)
    [trial 2] Sharpe=0.0170 (folds: 0.2291, 0.0872, 0.1409, -0.1086, -0.2635)
    [trial 3] 48 features, training_days=220 | threshold=0.673 | labels: 1190 long, 981 short (55/45%)
    [trial 3] Sharpe=-0.0918 (folds: 0.0897, 0.0478, -0.0771, -0.2427, -0.2765)
    [trial 4] 48 features, training_days=130 | threshold=0.803 | labels: 1190 long, 981 short (55/45%)
    [trial 4] Sharpe=0.0213 (folds: 0.3729, -0.0133, 0.0663, -0.1639, -0.1552)
    [trial 5] 48 features, training_days=210 | threshold=0.606 | labels: 1190 long, 981 short (55/45%)
    [trial 5] Sharpe=-0.0673 (folds: 0.1966, -0.0029, -0.0005, -0.3004, -0.2290)
    [trial 6] 48 features, training_days=130 | threshold=0.767 | labels: 1190 long, 981 short (55/45%)
    [trial 6] Sharpe=-0.0094 (folds: 0.1164, -0.0241, 0.0972, -0.0734, -0.1632)
    [trial 7] 48 features, training_days=80 | threshold=0.556 | labels: 1190 long, 981 short (55/45%)
    [trial 7] Sharpe=-0.0792 (folds: -0.1039, -0.1860, 0.1113, -0.1366, -0.0808)
    [trial 8] 48 features, training_days=200 | threshold=0.607 | labels: 1190 long, 981 short (55/45%)
    [trial 8] Sharpe=-0.0889 (folds: 0.0828, -0.0335, 0.0836, -0.2818, -0.2953)
    [trial 9] 48 features, training_days=260 | threshold=0.620 | labels: 1190 long, 981 short (55/45%)
    [trial 9] Sharpe=-0.0130 (folds: 0.2562, 0.1517, -0.0009, -0.2234, -0.2485)
    [trial 10] 48 features, training_days=470 | threshold=0.845 | labels: 1190 long, 981 short (55/45%)
    [trial 10] Sharpe=-1.8851 (folds: 0.2507, 0.0819, 0.1565, 0.0856, -10.0000)
    [trial 11] 48 features, training_days=360 | threshold=0.717 | labels: 1190 long, 981 short (55/45%)
    [trial 11] Sharpe=0.2285 (folds: 0.3760, 0.2567, 0.2445, -0.1162, 0.3813)
    [trial 12] 48 features, training_days=360 | threshold=0.699 | labels: 1190 long, 981 short (55/45%)
    [trial 12] Sharpe=-3.8364 (folds: -10.0000, -10.0000, 0.2692, 0.1601, 0.3888)
    [trial 13] 48 features, training_days=410 | threshold=0.703 | labels: 1190 long, 981 short (55/45%)
    [trial 13] Sharpe=0.1735 (folds: 0.5498, 0.0227, 0.2207, 0.0264, 0.0479)
    [trial 14] 48 features, training_days=20 | threshold=0.664 | labels: 1190 long, 981 short (55/45%)
    [trial 14] Sharpe=-4.0944 (folds: -10.0000, -10.0000, -0.1030, 0.0509, -0.4197)
    [trial 15] 48 features, training_days=320 | threshold=0.503 | labels: 1190 long, 981 short (55/45%)
    [trial 15] Sharpe=-0.0338 (folds: 0.1462, 0.0958, 0.0954, -0.2287, -0.2778)
    [trial 16] 48 features, training_days=500 | threshold=0.810 | labels: 1190 long, 981 short (55/45%)
    [trial 16] Sharpe=-5.8653 (folds: 0.4968, -10.0000, -10.0000, 0.1769, -10.0000)
    [trial 17] 48 features, training_days=390 | threshold=0.720 | labels: 1190 long, 981 short (55/45%)
    [trial 17] Sharpe=-1.6641 (folds: 0.9758, 0.3096, 0.4556, -0.0615, -10.0000)
  Optuna: 18 trials, best Sharpe = 0.3316
  Best params: n_estimators=76, max_depth=4, lr=0.0186, leaves=51
  Best confidence_threshold: 0.755
  Best training_days: 220
  Retrained on full data (660 samples, 48 features)
  [ensemble 3/3] seed=456
    [trial 0] 48 features, training_days=90 | threshold=0.587 | labels: 1190 long, 981 short (55/45%)
    [CV fold 0] train_end=2023-05-26 08:00 | val_start=2023-06-03 00:00 | gap=184h (22 rows)
    [CV fold 1] train_end=2023-09-23 16:00 | val_start=2023-10-01 08:00 | gap=184h (22 rows)
    [CV fold 2] train_end=2024-01-22 00:00 | val_start=2024-01-29 16:00 | gap=184h (22 rows)
    [CV fold 3] train_end=2024-05-21 08:00 | val_start=2024-05-29 00:00 | gap=184h (22 rows)
    [CV fold 4] train_end=2024-09-18 16:00 | val_start=2024-09-26 08:00 | gap=184h (22 rows)
    [trial 0] Sharpe=-0.0436 (folds: -0.0212, -0.0216, 0.0284, -0.0264, -0.1771)
    [trial 1] 48 features, training_days=290 | threshold=0.635 | labels: 1190 long, 981 short (55/45%)
    [trial 1] Sharpe=-0.0126 (folds: 0.2788, 0.1429, -0.0624, -0.2261, -0.1964)
    [trial 2] 48 features, training_days=10 | threshold=0.585 | labels: 1190 long, 981 short (55/45%)
    [trial 2] Sharpe=-0.2023 (folds: -0.2651, -0.2743, -0.1030, 0.0509, -0.4197)
    [trial 3] 48 features, training_days=220 | threshold=0.687 | labels: 1190 long, 981 short (55/45%)
    [trial 3] Sharpe=0.0552 (folds: 0.2912, 0.2044, 0.1113, -0.2073, -0.1235)
    [trial 4] 48 features, training_days=300 | threshold=0.562 | labels: 1190 long, 981 short (55/45%)
    [trial 4] Sharpe=-0.0392 (folds: 0.0645, 0.1326, 0.0654, -0.1654, -0.2932)
    [trial 5] 48 features, training_days=490 | threshold=0.711 | labels: 1190 long, 981 short (55/45%)
    [trial 5] Sharpe=0.0218 (folds: 0.2295, 0.1406, 0.1087, -0.2385, -0.1316)
    [trial 6] 48 features, training_days=420 | threshold=0.667 | labels: 1190 long, 981 short (55/45%)
    [trial 6] Sharpe=0.0708 (folds: 0.2245, 0.1476, 0.2482, -0.1103, -0.1557)
    [trial 7] 48 features, training_days=120 | threshold=0.550 | labels: 1190 long, 981 short (55/45%)
    [trial 7] Sharpe=0.0225 (folds: 0.1851, 0.0769, 0.0653, -0.1027, -0.1123)
    [trial 8] 48 features, training_days=450 | threshold=0.720 | labels: 1190 long, 981 short (55/45%)
    [trial 8] Sharpe=0.0483 (folds: 0.2775, 0.0659, 0.1795, -0.1878, -0.0937)
    [trial 9] 48 features, training_days=20 | threshold=0.727 | labels: 1190 long, 981 short (55/45%)
    [trial 9] Sharpe=-4.0944 (folds: -10.0000, -10.0000, -0.1030, 0.0509, -0.4197)
    [trial 10] 48 features, training_days=400 | threshold=0.828 | labels: 1190 long, 981 short (55/45%)
    [trial 10] Sharpe=-3.7536 (folds: 0.3600, 0.4729, -10.0000, 0.3993, -10.0000)
    [trial 11] 48 features, training_days=210 | threshold=0.662 | labels: 1190 long, 981 short (55/45%)
    [trial 11] Sharpe=0.0032 (folds: 0.1743, 0.1013, 0.1557, -0.2565, -0.1589)
    [trial 12] 48 features, training_days=370 | threshold=0.797 | labels: 1190 long, 981 short (55/45%)
    [trial 12] Sharpe=0.1169 (folds: 0.3530, 0.0737, 0.2680, -0.0664, -0.0436)
    [trial 13] 48 features, training_days=380 | threshold=0.805 | labels: 1190 long, 981 short (55/45%)
    [trial 13] Sharpe=0.0886 (folds: 0.3007, 0.0821, 0.1963, -0.1079, -0.0281)
    [trial 14] 48 features, training_days=350 | threshold=0.836 | labels: 1190 long, 981 short (55/45%)
    [trial 14] Sharpe=0.0941 (folds: 0.3489, 0.0989, 0.2873, -0.0606, -0.2042)
    [trial 15] 48 features, training_days=360 | threshold=0.782 | labels: 1190 long, 981 short (55/45%)
    [trial 15] Sharpe=0.1149 (folds: 0.3775, 0.1112, 0.2720, -0.1601, -0.0260)
    [trial 16] 48 features, training_days=330 | threshold=0.770 | labels: 1190 long, 981 short (55/45%)
    [trial 16] Sharpe=0.0855 (folds: 0.3758, 0.1751, 0.1578, -0.1459, -0.1351)[I 2026-06-01 13:02:30,075] Trial 16 finished with value: 0.08552986750506766 and parameters: {'confidence_threshold': 0.7697043956796212, 'training_days': 330, 'n_estimators': 454, 'max_depth': 4, 'num_leaves': 62, 'learning_rate': 0.018629734904172537, 'subsample': 0.6707412788502211, 'colsample_bytree': 0.7195458406931168, 'min_child_samples': 72, 'reg_alpha': 0.0036991964421060736, 'reg_lambda': 1.8170121359417022e-06}. Best is trial 12 with value: 0.11694704032504444.
[I 2026-06-01 13:02:30,322] Trial 17 finished with value: -0.02074285817991469 and parameters: {'confidence_threshold': 0.7733001962675531, 'training_days': 260, 'n_estimators': 323, 'max_depth': 3, 'num_leaves': 58, 'learning_rate': 0.019352225990314435, 'subsample': 0.8002407697944357, 'colsample_bytree': 0.596888666536953, 'min_child_samples': 22, 'reg_alpha': 0.0013614156040697544, 'reg_lambda': 1.8722486957336976e-08}. Best is trial 12 with value: 0.11694704032504444.
[I 2026-06-01 13:02:31,023] A new study created in memory with name: no-name-7ed738d1-ab47-4e2c-a8a1-c3267ae7f162
[I 2026-06-01 13:02:31,332] Trial 0 finished with value: 0.003884469334859142 and parameters: {'confidence_threshold': 0.6310890415965769, 'training_days': 480, 'n_estimators': 380, 'max_depth': 4, 'num_leaves': 22, 'learning_rate': 0.01699897838270077, 'subsample': 0.5290418060840998, 'colsample_bytree': 0.9330880728874675, 'min_child_samples': 68, 'reg_alpha': 0.023585940584142682, 'reg_lambda': 1.5320059381854043e-08}. Best is trial 0 with value: 0.003884469334859142.
[I 2026-06-01 13:02:31,462] Trial 1 finished with value: -1.8464937199547855 and parameters: {'confidence_threshold': 0.839468448256698, 'training_days': 420, 'n_estimators': 145, 'max_depth': 3, 'num_leaves': 23, 'learning_rate': 0.028145092716060652, 'subsample': 0.762378215816119, 'colsample_bytree': 0.7159725093210578, 'min_child_samples': 43, 'reg_alpha': 0.0032112643094417484, 'reg_lambda': 1.8007140198129195e-07}. Best is trial 0 with value: 0.003884469334859142.
[I 2026-06-01 13:02:31,624] Trial 2 finished with value: -0.07875055370516192 and parameters: {'confidence_threshold': 0.6022506269873263, 'training_days': 190, 'n_estimators': 255, 'max_depth': 5, 'num_leaves': 24, 'learning_rate': 0.05748924681991978, 'subsample': 0.7962072844310213, 'colsample_bytree': 0.5232252063599989, 'min_child_samples': 69, 'reg_alpha': 3.425445902633376e-07, 'reg_lambda': 3.850031979199519e-08}. Best is trial 0 with value: 0.003884469334859142.
[I 2026-06-01 13:02:31,897] Trial 3 finished with value: -0.06877395134679312 and parameters: {'confidence_threshold': 0.8321099380386666, 'training_days': 490, 'n_estimators': 414, 'max_depth': 3, 'num_leaves': 19, 'learning_rate': 0.1024932221692416, 'subsample': 0.7200762468698007, 'colsample_bytree': 0.5610191174223894, 'min_child_samples': 60, 'reg_alpha': 2.039373116525212e-08, 'reg_lambda': 1.527156759251193}. Best is trial 0 with value: 0.003884469334859142.
[I 2026-06-01 13:02:32,050] Trial 4 finished with value: -0.01739360728930537 and parameters: {'confidence_threshold': 0.5905729935600059, 'training_days': 340, 'n_estimators': 190, 'max_depth': 4, 'num_leaves': 41, 'learning_rate': 0.01875220945578641, 'subsample': 0.9847923138822793, 'colsample_bytree': 0.8875664116805573, 'min_child_samples': 96, 'reg_alpha': 1.1309571585271483, 'reg_lambda': 0.002404915432737351}. Best is trial 0 with value: 0.003884469334859142.
[I 2026-06-01 13:02:32,092] Trial 5 finished with value: -0.07335476309026694 and parameters: {'confidence_threshold': 0.8226559822580909, 'training_days': 50, 'n_estimators': 138, 'max_depth': 3, 'num_leaves': 30, 'learning_rate': 0.03750796359625606, 'subsample': 0.6356745158869479, 'colsample_bytree': 0.9143687545759647, 'min_child_samples': 48, 'reg_alpha': 3.376063348877853e-06, 'reg_lambda': 0.0007660634613082914}. Best is trial 0 with value: 0.003884469334859142.
[I 2026-06-01 13:02:32,200] Trial 6 finished with value: 0.01638175927737861 and parameters: {'confidence_threshold': 0.5493234787411669, 'training_days': 410, 'n_estimators': 83, 'max_depth': 5, 'num_leaves': 52, 'learning_rate': 0.019657448966046126, 'subsample': 0.5027610585618012, 'colsample_bytree': 0.9077307142274171, 'min_child_samples': 77, 'reg_alpha': 0.03639690979811287, 'reg_lambda': 0.08738424135626986}. Best is trial 6 with value: 0.01638175927737861.
[I 2026-06-01 13:02:32,298] Trial 7 finished with value: -0.04607969311938923 and parameters: {'confidence_threshold': 0.5259156281069316, 'training_days': 180, 'n_estimators': 102, 'max_depth': 5, 'num_leaves': 45, 'learning_rate': 0.030816017044468066, 'subsample': 0.5317791751430119, 'colsample_bytree': 0.6554911608578311, 'min_child_samples': 46, 'reg_alpha': 0.036851536911881845, 'reg_lambda': 0.005470376807480391}. Best is trial 6 with value: 0.01638175927737861.
[I 2026-06-01 13:02:32,409] Trial 8 finished with value: -0.15558625148300514 and parameters: {'confidence_threshold': 0.8105244599017143, 'training_days': 240, 'n_estimators': 103, 'max_depth': 5, 'num_leaves': 52, 'learning_rate': 0.06746437142284309, 'subsample': 0.8854835899772805, 'colsample_bytree': 0.7468977981821954, 'min_child_samples': 62, 'reg_alpha': 7.04480806377519e-05, 'reg_lambda': 1.6934490731313353e-08}. Best is trial 6 with value: 0.01638175927737861.
