[I 2026-06-01 12:57:09,502] Trial 17 finished with value: 0.025726895836762298 and parameters: {'confidence_threshold': 0.5080881579696632, 'training_days': 140, 'n_estimators': 119, 'max_depth': 3, 'num_leaves': 17, 'learning_rate': 0.03363984518409088, 'subsample': 0.8166496944734324, 'colsample_bytree': 0.7831422336388655, 'min_child_samples': 70, 'reg_alpha': 0.0008059760040484764, 'reg_lambda': 4.011863171046581}. Best is trial 14 with value: 0.12826743063229845.

    [trial 17] Sharpe=0.0750 (folds: 0.0988, -0.1076, 0.3875, 0.0321, -0.0360)
  Optuna: 18 trials, best Sharpe = 0.1212
  Best params: n_estimators=190, max_depth=4, lr=0.2481, leaves=58
  Best confidence_threshold: 0.673
  Best training_days: 220
  Retrained on full data (660 samples, 48 features)
  [ensemble 3/3] seed=456
    [trial 0] 48 features, training_days=90 | threshold=0.587 | labels: 1161 long, 1007 short (54/46%)
    [CV fold 0] train_end=2020-11-22 08:00 | val_start=2020-11-30 00:00 | gap=184h (22 rows)
    [CV fold 1] train_end=2021-03-22 16:00 | val_start=2021-03-30 08:00 | gap=184h (22 rows)
    [CV fold 2] train_end=2021-07-21 00:00 | val_start=2021-07-28 16:00 | gap=184h (22 rows)
    [CV fold 3] train_end=2021-11-18 08:00 | val_start=2021-11-26 00:00 | gap=184h (22 rows)
    [CV fold 4] train_end=2022-03-18 16:00 | val_start=2022-03-26 08:00 | gap=184h (22 rows)
    [trial 0] Sharpe=-0.0246 (folds: 0.1831, -0.2061, -0.2718, 0.1392, 0.0326)
    [trial 1] 48 features, training_days=290 | threshold=0.635 | labels: 1161 long, 1007 short (54/46%)
    [trial 1] Sharpe=0.0537 (folds: 0.1224, -0.1316, 0.2605, 0.1601, -0.1428)
    [trial 2] 48 features, training_days=10 | threshold=0.585 | labels: 1161 long, 1007 short (54/46%)
    [trial 2] Sharpe=-0.0370 (folds: -0.3236, 0.2195, -0.3050, 0.0175, 0.2066)
    [trial 3] 48 features, training_days=220 | threshold=0.687 | labels: 1161 long, 1007 short (54/46%)
    [trial 3] Sharpe=0.1165 (folds: 0.1557, -0.1738, 0.4032, 0.1810, 0.0166)
    [trial 4] 48 features, training_days=300 | threshold=0.562 | labels: 1161 long, 1007 short (54/46%)
    [trial 4] Sharpe=0.0811 (folds: 0.2054, -0.1053, 0.2156, 0.1105, -0.0206)
    [trial 5] 48 features, training_days=490 | threshold=0.711 | labels: 1161 long, 1007 short (54/46%)
    [trial 5] Sharpe=0.0936 (folds: 0.2199, -0.1057, 0.3050, 0.0156, 0.0333)
    [trial 6] 48 features, training_days=420 | threshold=0.667 | labels: 1161 long, 1007 short (54/46%)
    [trial 6] Sharpe=0.0625 (folds: 0.2014, -0.1316, 0.3078, 0.0805, -0.1458)
    [trial 7] 48 features, training_days=120 | threshold=0.550 | labels: 1161 long, 1007 short (54/46%)
    [trial 7] Sharpe=0.0380 (folds: 0.1340, -0.1654, 0.0307, 0.1683, 0.0222)
    [trial 8] 48 features, training_days=450 | threshold=0.720 | labels: 1161 long, 1007 short (54/46%)
    [trial 8] Sharpe=0.0190 (folds: 0.0872, -0.1096, 0.3457, -0.1001, -0.1281)
    [trial 9] 48 features, training_days=20 | threshold=0.727 | labels: 1161 long, 1007 short (54/46%)
    [trial 9] Sharpe=-1.9289 (folds: 0.3937, 0.2195, -10.0000, 0.0175, -0.2749)
    [trial 10] 48 features, training_days=200 | threshold=0.828 | labels: 1161 long, 1007 short (54/46%)
    [trial 10] Sharpe=-3.9597 (folds: 0.0544, 0.3553, -10.0000, -0.2083, -10.0000)
    [trial 11] 48 features, training_days=370 | threshold=0.777 | labels: 1161 long, 1007 short (54/46%)
    [trial 11] Sharpe=0.0965 (folds: 0.2993, -0.1365, 0.3958, 0.0852, -0.1611)
    [trial 12] 48 features, training_days=360 | threshold=0.802 | labels: 1161 long, 1007 short (54/46%)
    [trial 12] Sharpe=0.0860 (folds: 0.2783, -0.1668, 0.4067, 0.0612, -0.1494)
    [trial 13] 48 features, training_days=210 | threshold=0.759 | labels: 1161 long, 1007 short (54/46%)
    [trial 13] Sharpe=0.0968 (folds: 0.1324, -0.0751, 0.2791, 0.1950, -0.0475)
    [trial 14] 48 features, training_days=210 | threshold=0.772 | labels: 1161 long, 1007 short (54/46%)
    [trial 14] Sharpe=0.1283 (folds: 0.3111, -0.1377, 0.0600, 0.1145, 0.2934)
    [trial 15] 48 features, training_days=180 | threshold=0.849 | labels: 1161 long, 1007 short (54/46%)
    [trial 15] Sharpe=-5.9383 (folds: 0.0784, 0.2303, -10.0000, -10.0000, -10.0000)
    [trial 16] 48 features, training_days=260 | threshold=0.657 | labels: 1161 long, 1007 short (54/46%)
    [trial 16] Sharpe=0.0481 (folds: 0.1151, -0.1202, 0.2792, 0.1063, -0.1400)
    [trial 17] 48 features, training_days=140 | threshold=0.508 | labels: 1161 long, 1007 short (54/46%)
    [trial 17] Sharpe=0.0257 (folds: 0.2174, -0.0525, -0.1009, 0.1989, -0.1343)
  Optuna: 18 trials, best Sharpe = 0.1283
  Best params: n_estimators=192, max_depth=3, lr=0.0117, leaves=17
  Best confidence_threshold: 0.772
  Best training_days: 210
  Retrained on full data (630 samples, 48 features)
  OOD: 16 features, cutoff (q=0.7) = 9.26
  Model trained for 2022-08: 93 test candles with features, confidence_threshold=0.752
[trade:close] 2022-08-06 16:00 BTCUSDT SHORT → timeout @ 23191.20 | PnL=+5.43% (net +5.33%) | cum=+10.98% 2022-08=+5.33% 2022-08-06=+5.33%
[predict] 2022-08-12 08:00 BTCUSDT → LONG (proba=0.80 TP=8.6%/SL=4.3%)
[trade:open] 2022-08-12 15:59 BTCUSDT LONG @ 23966.70 | SL=22930.64 TP=26038.83 | timeout=2022-08-19 15:59
[trade:close] 2022-08-19 07:59 BTCUSDT LONG → stop_loss @ 22930.64 | PnL=-4.32% (net -4.42%) | cum=+6.56% 2022-08=+0.91% 2022-08-19=-4.42%
[predict] 2022-08-22 08:00 BTCUSDT → LONG (proba=0.85 TP=9.0%/SL=4.5%)
[trade:open] 2022-08-22 15:59 BTCUSDT LONG @ 21388.00 | SL=20424.66 TP=23314.69 | timeout=2022-08-29 15:59
[trade:close] 2022-08-26 23:59 BTCUSDT LONG → stop_loss @ 20424.66 | PnL=-4.50% (net -4.60%) | cum=+1.95% 2022-08=-3.70% 2022-08-26=-4.60%
[predict] 2022-08-29 00:00 BTCUSDT → LONG (proba=0.83 TP=8.4%/SL=4.2%)
[trade:open] 2022-08-29 07:59 BTCUSDT LONG @ 19885.30 | SL=19047.18 TP=21561.54 | timeout=2022-09-05 07:59
[lgbm] === Training for 2022-09 ===
  Train window: 2020-09-01 → 2022-08-24
  2168 training samples from 1 symbols
  Samples per month: 2020-09: 90, 2020-10: 93, 2020-11: 90, 2020-12: 93, 2021-01: 93, 2021-02: 84, 2021-03: 93, 2021-04: 90, 2021-05: 93, 2021-06: 90, 2021-07: 93, 2021-08: 93, 2021-09: 90, 2021-10: 93, 2021-11: 90, 2021-12: 93, 2022-01: 93, 2022-02: 84, 2022-03: 93, 2022-04: 90, 2022-05: 93, 2022-06: 90, 2022-07: 93, 2022-08: 71
  [label] 2020-11-01 16:00 BTCUSDT entry=13752.8600 → LONG | long=tp(+8.27%) short=sl(-4.28%) | scanned=11 | long_tp_only
  [label] 2020-11-03 16:00 BTCUSDT entry=14016.5500 → LONG | long=tp(+8.54%) short=sl(-4.42%) | scanned=6 | long_tp_only
  [label] 2020-11-07 16:00 BTCUSDT entry=14824.3400 → LONG | long=timeout(+8.27%) short=sl(-6.22%) | scanned=22 | no_tp→fwd_return=+8.3658
  [label] 2020-12-02 08:00 BTCUSDT entry=18898.9700 → SHORT | long=timeout(-3.03%) short=timeout(+2.83%) | scanned=22 | no_tp→fwd_return=-2.9312
  [label] 2021-01-23 16:00 BTCUSDT entry=32086.4800 → LONG | long=timeout(+6.77%) short=sl(-11.02%) | scanned=22 | no_tp→fwd_return=+6.8670
  [label] 2021-07-08 16:00 BTCUSDT entry=32852.0400 → SHORT | long=timeout(-3.10%) short=timeout(+2.90%) | scanned=22 | no_tp→fwd_return=-3.0001
  [label] 2021-07-12 16:00 BTCUSDT entry=33070.8700 → SHORT | long=sl(-4.89%) short=timeout(+6.70%) | scanned=22 | no_tp→fwd_return=-6.7953
  [label] 2021-07-23 08:00 BTCUSDT entry=32305.8300 → LONG | long=tp(+8.86%) short=sl(-4.58%) | scanned=7 | long_tp_only
  [label] 2021-09-06 08:00 BTCUSDT entry=51631.8400 → SHORT | long=sl(-3.86%) short=tp(+7.42%) | scanned=3 | short_tp_only
  [label] 2021-09-14 16:00 BTCUSDT entry=47087.1800 → SHORT | long=sl(-5.74%) short=tp(+11.19%) | scanned=19 | short_tp_only
  [label] 2021-12-14 00:00 BTCUSDT entry=46981.7900 → LONG | long=timeout(+3.29%) short=timeout(-3.49%) | scanned=22 | no_tp→fwd_return=+3.3898
  [label] 2022-01-15 00:00 BTCUSDT entry=43073.9900 → SHORT | long=sl(-4.64%) short=tp(+8.98%) | scanned=18 | short_tp_only
  [label] 2022-01-31 00:00 BTCUSDT entry=37098.6800 → LONG | long=tp(+11.63%) short=sl(-5.97%) | scanned=14 | long_tp_only
  [label] 2022-02-12 16:00 BTCUSDT entry=42199.8700 → SHORT | long=sl(-5.76%) short=sl(-5.76%) | scanned=17 | no_tp→fwd_return=-5.6748
  [label] 2022-03-03 08:00 BTCUSDT entry=42549.5000 → SHORT | long=sl(-6.78%) short=timeout(+7.88%) | scanned=22 | no_tp→fwd_return=-7.9761
  [label] 2022-03-09 16:00 BTCUSDT entry=41937.5000 → SHORT | long=sl(-5.99%) short=timeout(+1.88%) | scanned=22 | no_tp→fwd_return=-1.9832
  [label] 2022-03-22 00:00 BTCUSDT entry=42197.9000 → LONG | long=tp(+9.02%) short=sl(-4.66%) | scanned=17 | long_tp_only
  [label] 2022-04-30 08:00 BTCUSDT entry=38439.9000 → SHORT | long=sl(-4.25%) short=sl(-4.25%) | scanned=15 | no_tp→fwd_return=-4.0414[I 2026-06-01 12:57:09,900] A new study created in memory with name: no-name-3368e6a2-c2f5-4052-8658-8f6fbe596a92
[I 2026-06-01 12:57:10,217] Trial 0 finished with value: 0.03148486435861676 and parameters: {'confidence_threshold': 0.6310890415965769, 'training_days': 480, 'n_estimators': 380, 'max_depth': 4, 'num_leaves': 22, 'learning_rate': 0.01699897838270077, 'subsample': 0.5290418060840998, 'colsample_bytree': 0.9330880728874675, 'min_child_samples': 68, 'reg_alpha': 0.023585940584142682, 'reg_lambda': 1.5320059381854043e-08}. Best is trial 0 with value: 0.03148486435861676.
[I 2026-06-01 12:57:10,341] Trial 1 finished with value: -2.029846538754092 and parameters: {'confidence_threshold': 0.839468448256698, 'training_days': 420, 'n_estimators': 145, 'max_depth': 3, 'num_leaves': 23, 'learning_rate': 0.028145092716060652, 'subsample': 0.762378215816119, 'colsample_bytree': 0.7159725093210578, 'min_child_samples': 43, 'reg_alpha': 0.0032112643094417484, 'reg_lambda': 1.8007140198129195e-07}. Best is trial 0 with value: 0.03148486435861676.
[I 2026-06-01 12:57:10,493] Trial 2 finished with value: 0.02981794737949372 and parameters: {'confidence_threshold': 0.6022506269873263, 'training_days': 190, 'n_estimators': 255, 'max_depth': 5, 'num_leaves': 24, 'learning_rate': 0.05748924681991978, 'subsample': 0.7962072844310213, 'colsample_bytree': 0.5232252063599989, 'min_child_samples': 69, 'reg_alpha': 3.425445902633376e-07, 'reg_lambda': 3.850031979199519e-08}. Best is trial 0 with value: 0.03148486435861676.
[I 2026-06-01 12:57:10,740] Trial 3 finished with value: 0.0443135058556786 and parameters: {'confidence_threshold': 0.8321099380386666, 'training_days': 490, 'n_estimators': 414, 'max_depth': 3, 'num_leaves': 19, 'learning_rate': 0.1024932221692416, 'subsample': 0.7200762468698007, 'colsample_bytree': 0.5610191174223894, 'min_child_samples': 60, 'reg_alpha': 2.039373116525212e-08, 'reg_lambda': 1.527156759251193}. Best is trial 3 with value: 0.0443135058556786.
[I 2026-06-01 12:57:10,877] Trial 4 finished with value: 0.062197026155027424 and parameters: {'confidence_threshold': 0.5905729935600059, 'training_days': 340, 'n_estimators': 190, 'max_depth': 4, 'num_leaves': 41, 'learning_rate': 0.01875220945578641, 'subsample': 0.9847923138822793, 'colsample_bytree': 0.8875664116805573, 'min_child_samples': 96, 'reg_alpha': 1.1309571585271483, 'reg_lambda': 0.002404915432737351}. Best is trial 4 with value: 0.062197026155027424.
[I 2026-06-01 12:57:10,912] Trial 5 finished with value: 0.016255517985803956 and parameters: {'confidence_threshold': 0.8226559822580909, 'training_days': 50, 'n_estimators': 138, 'max_depth': 3, 'num_leaves': 30, 'learning_rate': 0.03750796359625606, 'subsample': 0.6356745158869479, 'colsample_bytree': 0.9143687545759647, 'min_child_samples': 48, 'reg_alpha': 3.376063348877853e-06, 'reg_lambda': 0.0007660634613082914}. Best is trial 4 with value: 0.062197026155027424.
[I 2026-06-01 12:57:11,011] Trial 6 finished with value: 0.06318532802060747 and parameters: {'confidence_threshold': 0.5493234787411669, 'training_days': 410, 'n_estimators': 83, 'max_depth': 5, 'num_leaves': 52, 'learning_rate': 0.019657448966046126, 'subsample': 0.5027610585618012, 'colsample_bytree': 0.9077307142274171, 'min_child_samples': 77, 'reg_alpha': 0.03639690979811287, 'reg_lambda': 0.08738424135626986}. Best is trial 6 with value: 0.06318532802060747.
[I 2026-06-01 12:57:11,094] Trial 7 finished with value: 0.040608323002158005 and parameters: {'confidence_threshold': 0.5259156281069316, 'training_days': 180, 'n_estimators': 102, 'max_depth': 5, 'num_leaves': 45, 'learning_rate': 0.030816017044468066, 'subsample': 0.5317791751430119, 'colsample_bytree': 0.6554911608578311, 'min_child_samples': 46, 'reg_alpha': 0.036851536911881845, 'reg_lambda': 0.005470376807480391}. Best is trial 6 with value: 0.06318532802060747.
[I 2026-06-01 12:57:11,194] Trial 8 finished with value: 0.07038615647539777 and parameters: {'confidence_threshold': 0.8105244599017143, 'training_days': 240, 'n_estimators': 103, 'max_depth': 5, 'num_leaves': 52, 'learning_rate': 0.06746437142284309, 'subsample': 0.8854835899772805, 'colsample_bytree': 0.7468977981821954, 'min_child_samples': 62, 'reg_alpha': 7.04480806377519e-05, 'reg_lambda': 1.6934490731313353e-08}. Best is trial 8 with value: 0.07038615647539777.
[I 2026-06-01 12:57:11,218] Trial 9 finished with value: -3.9036915695656873 and parameters: {'confidence_threshold': 0.5377619994476566, 'training_days': 20, 'n_estimators': 337, 'max_depth': 3, 'num_leaves': 39, 'learning_rate': 0.21907142272152816, 'subsample': 0.6246461145744375, 'colsample_bytree': 0.7051914615178149, 'min_child_samples': 81, 'reg_alpha': 1.1459970229341322e-06, 'reg_lambda': 4.929685216887945e-08}. Best is trial 8 with value: 0.07038615647539777.
[I 2026-06-01 12:57:11,753] Trial 10 finished with value: 0.094907768314445 and parameters: {'confidence_threshold': 0.734042426776949, 'training_days': 280, 'n_estimators': 487, 'max_depth': 5, 'num_leaves': 62, 'learning_rate': 0.10432148521337849, 'subsample': 0.9416850669512905, 'colsample_bytree': 0.8120417635861826, 'min_child_samples': 27, 'reg_alpha': 7.238112263003475e-05, 'reg_lambda': 3.3639426888455256e-06}. Best is trial 10 with value: 0.094907768314445.
[I 2026-06-01 12:57:12,279] Trial 11 finished with value: 0.09947163806260469 and parameters: {'confidence_threshold': 0.7421374894694948, 'training_days': 280, 'n_estimators': 461, 'max_depth': 5, 'num_leaves': 62, 'learning_rate': 0.10109116109881597, 'subsample': 0.9447271656461484, 'colsample_bytree': 0.8173450355221697, 'min_child_samples': 20, 'reg_alpha': 8.428275500049382e-05, 'reg_lambda': 7.868729181011707e-06}. Best is trial 11 with value: 0.09947163806260469.
[I 2026-06-01 12:57:12,730] Trial 12 finished with value: 0.04917659224968824 and parameters: {'confidence_threshold': 0.7268100231367182, 'training_days': 300, 'n_estimators': 496, 'max_depth': 4, 'num_leaves': 63, 'learning_rate': 0.1448009769002747, 'subsample': 0.9934454970174319, 'colsample_bytree': 0.8304278626461432, 'min_child_samples': 20, 'reg_alpha': 8.52081282924587e-05, 'reg_lambda': 8.348297043432798e-06}. Best is trial 11 with value: 0.09947163806260469.
[I 2026-06-01 12:57:12,895] Trial 13 finished with value: 0.027106433411574555 and parameters: {'confidence_threshold': 0.7321922500141939, 'training_days': 140, 'n_estimators': 500, 'max_depth': 5, 'num_leaves': 62, 'learning_rate': 0.28159013993464826, 'subsample': 0.9038642171952159, 'colsample_bytree': 0.8155421717694826, 'min_child_samples': 21, 'reg_alpha': 0.0006870663253818823, 'reg_lambda': 1.0174852371049091e-05}. Best is trial 11 with value: 0.09947163806260469.
[I 2026-06-01 12:57:13,267] Trial 14 finished with value: 0.07799410991819765 and parameters: {'confidence_threshold': 0.7384584543503676, 'training_days': 320, 'n_estimators': 432, 'max_depth': 4, 'num_leaves': 56, 'learning_rate': 0.106651680623901, 'subsample': 0.9010118929036222, 'colsample_bytree': 0.9897127958863723, 'min_child_samples': 31, 'reg_alpha': 1.5179952289587111e-05, 'reg_lambda': 7.565770484313319e-06}. Best is trial 11 with value: 0.09947163806260469.
[I 2026-06-01 12:57:13,611] Trial 15 finished with value: 0.08986224049893901 and parameters: {'confidence_threshold': 0.6805818154477248, 'training_days': 250, 'n_estimators': 332, 'max_depth': 5, 'num_leaves': 57, 'learning_rate': 0.14058695742519775, 'subsample': 0.8481481337248893, 'colsample_bytree': 0.8100744538922787, 'min_child_samples': 33, 'reg_alpha': 0.0005760465164056275, 'reg_lambda': 1.2540349502725664e-06}. Best is trial 11 with value: 0.09947163806260469.
[I 2026-06-01 12:57:13,974] Trial 16 finished with value: 0.06904479563689583 and parameters: {'confidence_threshold': 0.7749754345994851, 'training_days': 350, 'n_estimators': 453, 'max_depth': 4, 'num_leaves': 50, 'learning_rate': 0.08346838843108018, 'subsample': 0.9397541766618512, 'colsample_bytree': 0.632035183231185, 'min_child_samples': 33, 'reg_alpha': 2.44367267277551e-08, 'reg_lambda': 0.00013240252459959464}. Best is trial 11 with value: 0.09947163806260469.
[I 2026-06-01 12:57:14,137] Trial 17 finished with value: -0.00672090989028803 and parameters: {'confidence_threshold': 0.6755099553978283, 'training_days': 100, 'n_estimators': 267, 'max_depth': 5, 'num_leaves': 34, 'learning_rate': 0.010425658055299656, 'subsample': 0.8311093077036282, 'colsample_bytree': 0.7861983638172064, 'min_child_samples': 26, 'reg_alpha': 5.26328120461896, 'reg_lambda': 0.00015577397902894196}. Best is trial 11 with value: 0.09947163806260469.
[I 2026-06-01 12:57:14,375] A new study created in memory with name: no-name-ef9cff9e-eaca-49f1-b6f2-b73e28d92c6b
[I 2026-06-01 12:57:14,466] Trial 0 finished with value: 0.00959855924536806 and parameters: {'confidence_threshold': 0.7437642149592516, 'training_days': 150, 'n_estimators': 152, 'max_depth': 4, 'num_leaves': 50, 'learning_rate': 0.04216766425047743, 'subsample': 0.9903820991923078, 'colsample_bytree': 0.8424148692924316, 'min_child_samples': 58, 'reg_alpha': 3.381097259762742e-05, 'reg_lambda': 1.2263152961306247e-05}. Best is trial 0 with value: 0.00959855924536806.
[I 2026-06-01 12:57:14,534] Trial 1 finished with value: -0.09473137053483374 and parameters: {'confidence_threshold': 0.7551673975844145, 'training_days': 220, 'n_estimators': 76, 'max_depth': 4, 'num_leaves': 51, 'learning_rate': 0.018602118810743477, 'subsample': 0.5877258780737462, 'colsample_bytree': 0.7657756869209191, 'min_child_samples': 63, 'reg_alpha': 0.005123994170264194, 'reg_lambda': 0.44145470178120466}. Best is trial 0 with value: 0.00959855924536806.
[I 2026-06-01 12:57:14,775] Trial 2 finished with value: 0.016905660047053565 and parameters: {'confidence_threshold': 0.7535593637012223, 'training_days': 310, 'n_estimators': 375, 'max_depth': 3, 'num_leaves': 32, 'learning_rate': 0.021735641882032388, 'subsample': 0.6468570231944146, 'colsample_bytree': 0.8154880619272439, 'min_child_samples': 27, 'reg_alpha': 8.004064028491336e-05, 'reg_lambda': 7.546835261630524e-05}. Best is trial 2 with value: 0.016905660047053565.
[I 2026-06-01 12:57:14,931] Trial 3 finished with value: 0.09155242098591491 and parameters: {'confidence_threshold': 0.6727897841776072, 'training_days': 220, 'n_estimators': 190, 'max_depth': 4, 'num_leaves': 58, 'learning_rate': 0.24810689332636193, 'subsample': 0.7509183379421682, 'colsample_bytree': 0.8119764758960556, 'min_child_samples': 29, 'reg_alpha': 7.1708285081421445e-06, 'reg_lambda': 5.412973582738627e-05}. Best is trial 3 with value: 0.09155242098591491.
[I 2026-06-01 12:57:15,039] Trial 4 finished with value: -0.007405487213378759 and parameters: {'confidence_threshold': 0.803208205259178, 'training_days': 130, 'n_estimators': 267, 'max_depth': 5, 'num_leaves': 40, 'learning_rate': 0.08041175317374143, 'subsample': 0.5603143329951619, 'colsample_bytree': 0.9131704002534167, 'min_child_samples': 68, 'reg_alpha': 0.0008046593428183385, 'reg_lambda': 1.2158346158765583e-05}. Best is trial 3 with value: 0.09155242098591491.
[I 2026-06-01 12:57:15,250] Trial 5 finished with value: 0.07389893204853897 and parameters: {'confidence_threshold': 0.6064422761595144, 'training_days': 210, 'n_estimators': 357, 'max_depth': 5, 'num_leaves': 40, 'learning_rate': 0.0974221287220869, 'subsample': 0.7929682762811064, 'colsample_bytree': 0.8124517510478, 'min_child_samples': 74, 'reg_alpha': 0.3811377260781234, 'reg_lambda': 5.607314238392041e-08}. Best is trial 3 with value: 0.09155242098591491.
[I 2026-06-01 12:57:15,351] Trial 6 finished with value: 0.03299316130764812 and parameters: {'confidence_threshold': 0.7672889945051684, 'training_days': 130, 'n_estimators': 137, 'max_depth': 4, 'num_leaves': 19, 'learning_rate': 0.2031117614248665, 'subsample': 0.8136244860256343, 'colsample_bytree': 0.8617081790949774, 'min_child_samples': 21, 'reg_alpha': 0.002238138278733199, 'reg_lambda': 0.001025809534977322}. Best is trial 3 with value: 0.09155242098591491.
[I 2026-06-01 12:57:15,418] Trial 7 finished with value: -0.020459719300163638 and parameters: {'confidence_threshold': 0.555635875450653, 'training_days': 80, 'n_estimators': 363, 'max_depth': 3, 'num_leaves': 48, 'learning_rate': 0.06590089024008658, 'subsample': 0.6944752870615722, 'colsample_bytree': 0.962566244806993, 'min_child_samples': 88, 'reg_alpha': 1.6465620446426067e-05, 'reg_lambda': 2.4678750890085655e-08}. Best is trial 3 with value: 0.09155242098591491.
[I 2026-06-01 12:57:15,743] Trial 8 finished with value: 0.0648546157113395 and parameters: {'confidence_threshold': 0.6066688256938841, 'training_days': 200, 'n_estimators': 367, 'max_depth': 5, 'num_leaves': 32, 'learning_rate': 0.13377519215934996, 'subsample': 0.7965884582811106, 'colsample_bytree': 0.8458508993500886, 'min_child_samples': 32, 'reg_alpha': 3.889436043816386e-05, 'reg_lambda': 1.4713062489380356e-06}. Best is trial 3 with value: 0.09155242098591491.
