[I 2026-06-01 12:56:16,896] Trial 9 finished with value: 0.023139554232713917 and parameters: {'confidence_threshold': 0.6202096049169137, 'training_days': 260, 'n_estimators': 350, 'max_depth': 3, 'num_leaves': 21, 'learning_rate': 0.02989540198065364, 'subsample': 0.8307821683331218, 'colsample_bytree': 0.923253112635361, 'min_child_samples': 64, 'reg_alpha': 0.4898604619604203, 'reg_lambda': 2.9076377687066166e-05}. Best is trial 8 with value: 0.05878082162132335.
[I 2026-06-01 12:56:17,390] Trial 10 finished with value: -0.0022270253363620486 and parameters: {'confidence_threshold': 0.5342665212695602, 'training_days': 470, 'n_estimators': 493, 'max_depth': 5, 'num_leaves': 30, 'learning_rate': 0.010221918552934462, 'subsample': 0.9182272143313567, 'colsample_bytree': 0.6202684210924141, 'min_child_samples': 44, 'reg_alpha': 1.466506858166308e-08, 'reg_lambda': 0.014616129255130504}. Best is trial 8 with value: 0.05878082162132335.
[I 2026-06-01 12:56:17,606] Trial 11 finished with value: 0.013951126358039228 and parameters: {'confidence_threshold': 0.672304345793606, 'training_days': 360, 'n_estimators': 248, 'max_depth': 4, 'num_leaves': 62, 'learning_rate': 0.29626502575289787, 'subsample': 0.7185615065128308, 'colsample_bytree': 0.6661831737797719, 'min_child_samples': 39, 'reg_alpha': 4.28336488974334e-07, 'reg_lambda': 6.470692703374516e-07}. Best is trial 8 with value: 0.05878082162132335.
[I 2026-06-01 12:56:17,637] Trial 12 finished with value: -2.038845641986206 and parameters: {'confidence_threshold': 0.6727899930733724, 'training_days': 20, 'n_estimators': 212, 'max_depth': 5, 'num_leaves': 63, 'learning_rate': 0.15265377916176726, 'subsample': 0.8941395335595879, 'colsample_bytree': 0.5196457038790347, 'min_child_samples': 37, 'reg_alpha': 1.0353404194374763e-06, 'reg_lambda': 7.796589835036051e-07}. Best is trial 8 with value: 0.05878082162132335.
[I 2026-06-01 12:56:17,990] Trial 13 finished with value: 0.019554952308574788 and parameters: {'confidence_threshold': 0.6107637354176927, 'training_days': 400, 'n_estimators': 475, 'max_depth': 4, 'num_leaves': 28, 'learning_rate': 0.13909139382788904, 'subsample': 0.7397610004410885, 'colsample_bytree': 0.7082407533656954, 'min_child_samples': 51, 'reg_alpha': 1.44204771542611e-06, 'reg_lambda': 0.004402943395258396}. Best is trial 8 with value: 0.05878082162132335.
[I 2026-06-01 12:56:18,257] Trial 14 finished with value: 0.05399709287835973 and parameters: {'confidence_threshold': 0.6968624890517784, 'training_days': 290, 'n_estimators': 419, 'max_depth': 5, 'num_leaves': 56, 'learning_rate': 0.27607551914806794, 'subsample': 0.6612240067383277, 'colsample_bytree': 0.9951780710339017, 'min_child_samples': 28, 'reg_alpha': 0.016435092915656313, 'reg_lambda': 1.834862228450529e-06}. Best is trial 8 with value: 0.05878082162132335.
[I 2026-06-01 12:56:18,448] Trial 15 finished with value: 0.020466545927598927 and parameters: {'confidence_threshold': 0.5026055290809989, 'training_days': 300, 'n_estimators': 436, 'max_depth': 5, 'num_leaves': 35, 'learning_rate': 0.12590433810309265, 'subsample': 0.507007918467014, 'colsample_bytree': 0.996817491883344, 'min_child_samples': 100, 'reg_alpha': 8.31952480812236, 'reg_lambda': 7.173485942113719e-07}. Best is trial 8 with value: 0.05878082162132335.
[I 2026-06-01 12:56:18,818] Trial 16 finished with value: 0.02228168118729989 and parameters: {'confidence_threshold': 0.7084759820617051, 'training_days': 370, 'n_estimators': 430, 'max_depth': 5, 'num_leaves': 25, 'learning_rate': 0.18402739289574635, 'subsample': 0.6543905327586119, 'colsample_bytree': 0.9005914761372691, 'min_child_samples': 20, 'reg_alpha': 0.03547983045987384, 'reg_lambda': 3.1095821486983487e-07}. Best is trial 8 with value: 0.05878082162132335.

  [label] 2021-11-07 08:00 BTCUSDT entry=61979.7000 → LONG | long=tp(+7.82%) short=sl(-4.06%) | scanned=4 | long_tp_only
  [label] 2022-02-01 08:00 BTCUSDT entry=38604.9700 → LONG | long=sl(-5.31%) short=sl(-5.31%) | scanned=10 | no_tp→fwd_return=+7.6286
  Labels: 1238 long (57.1%), 930 short (42.9%) | weights: min=1.00, mean=3.19, max=10.00
  Features: 2168/2168 matched, 48 columns
  CV gap: 22 rows
  [ensemble 1/3] seed=42
    [trial 0] 48 features, training_days=480 | threshold=0.631 | labels: 1238 long, 930 short (57/43%)
    [CV fold 0] train_end=2020-06-22 08:00 | val_start=2020-06-30 00:00 | gap=184h (22 rows)
    [CV fold 1] train_end=2020-10-20 16:00 | val_start=2020-10-28 08:00 | gap=184h (22 rows)
    [CV fold 2] train_end=2021-02-18 00:00 | val_start=2021-02-25 16:00 | gap=184h (22 rows)
    [CV fold 3] train_end=2021-06-18 08:00 | val_start=2021-06-26 00:00 | gap=184h (22 rows)
    [CV fold 4] train_end=2021-10-16 16:00 | val_start=2021-10-24 08:00 | gap=184h (22 rows)
    [trial 0] Sharpe=0.0440 (folds: -0.2397, 0.2724, -0.2628, 0.4739, -0.0236)
    [trial 1] 48 features, training_days=420 | threshold=0.839 | labels: 1238 long, 930 short (57/43%)
    [trial 1] Sharpe=-0.1704 (folds: -0.9081, 0.0475, -0.1336, 0.4338, -0.2916)
    [trial 2] 48 features, training_days=190 | threshold=0.602 | labels: 1238 long, 930 short (57/43%)
    [trial 2] Sharpe=0.0386 (folds: -0.2171, 0.3464, -0.2179, 0.3426, -0.0612)
    [trial 3] 48 features, training_days=490 | threshold=0.832 | labels: 1238 long, 930 short (57/43%)
    [trial 3] Sharpe=0.0156 (folds: -0.1764, 0.3308, -0.3131, 0.3680, -0.1315)
    [trial 4] 48 features, training_days=340 | threshold=0.591 | labels: 1238 long, 930 short (57/43%)
    [trial 4] Sharpe=0.0728 (folds: -0.1971, 0.2172, -0.1242, 0.5086, -0.0405)
    [trial 5] 48 features, training_days=50 | threshold=0.823 | labels: 1238 long, 930 short (57/43%)
    [trial 5] Sharpe=-0.0461 (folds: -0.2061, 0.1818, -0.3437, -0.3178, 0.4554)
    [trial 6] 48 features, training_days=410 | threshold=0.549 | labels: 1238 long, 930 short (57/43%)
    [trial 6] Sharpe=0.0267 (folds: -0.1756, 0.1795, -0.2712, 0.4067, -0.0062)
    [trial 7] 48 features, training_days=180 | threshold=0.526 | labels: 1238 long, 930 short (57/43%)
    [trial 7] Sharpe=0.0063 (folds: -0.1478, 0.2084, -0.2115, 0.2294, -0.0468)
    [trial 8] 48 features, training_days=240 | threshold=0.811 | labels: 1238 long, 930 short (57/43%)
    [trial 8] Sharpe=0.0316 (folds: -0.2887, 0.2341, -0.1134, 0.4135, -0.0875)
    [trial 9] 48 features, training_days=20 | threshold=0.538 | labels: 1238 long, 930 short (57/43%)
    [trial 9] Sharpe=-2.0388 (folds: -0.4860, 0.4406, 0.1036, -10.0000, -0.2524)
    [trial 10] 48 features, training_days=350 | threshold=0.680 | labels: 1238 long, 930 short (57/43%)
    [trial 10] Sharpe=0.0027 (folds: -0.4109, 0.1454, -0.1573, 0.4891, -0.0526)
    [trial 11] 48 features, training_days=320 | threshold=0.654 | labels: 1238 long, 930 short (57/43%)
    [trial 11] Sharpe=0.0607 (folds: -0.2376, 0.2025, -0.0853, 0.4930, -0.0689)
    [trial 12] 48 features, training_days=310 | threshold=0.713 | labels: 1238 long, 930 short (57/43%)
    [trial 12] Sharpe=-0.0053 (folds: -0.3717, 0.1422, -0.1553, 0.4959, -0.1376)
    [trial 13] 48 features, training_days=310 | threshold=0.732 | labels: 1238 long, 930 short (57/43%)
    [trial 13] Sharpe=0.0886 (folds: -0.1781, 0.3466, -0.2043, 0.4485, 0.0303)
    [trial 14] 48 features, training_days=260 | threshold=0.747 | labels: 1238 long, 930 short (57/43%)
    [trial 14] Sharpe=0.0201 (folds: -0.2732, 0.3791, -0.2596, 0.3632, -0.1090)
    [trial 15] 48 features, training_days=130 | threshold=0.753 | labels: 1238 long, 930 short (57/43%)
    [trial 15] Sharpe=-0.0571 (folds: -0.1074, -0.0013, -0.0854, -0.0702, -0.0214)
    [trial 16] 48 features, training_days=380 | threshold=0.587 | labels: 1238 long, 930 short (57/43%)
    [trial 16] Sharpe=0.0467 (folds: -0.1421, 0.2051, -0.2442, 0.4096, 0.0052)
    [trial 17] 48 features, training_days=290 | threshold=0.697 | labels: 1238 long, 930 short (57/43%)
    [trial 17] Sharpe=0.0173 (folds: -0.4085, 0.2768, -0.1950, 0.4113, 0.0020)
  Optuna: 18 trials, best Sharpe = 0.0886
  Best params: n_estimators=207, max_depth=4, lr=0.0160, leaves=33
  Best confidence_threshold: 0.732
  Best training_days: 310
  Retrained on full data (930 samples, 48 features)
  [ensemble 2/3] seed=123
    [trial 0] 48 features, training_days=150 | threshold=0.744 | labels: 1238 long, 930 short (57/43%)
    [CV fold 0] train_end=2020-06-22 08:00 | val_start=2020-06-30 00:00 | gap=184h (22 rows)
    [CV fold 1] train_end=2020-10-20 16:00 | val_start=2020-10-28 08:00 | gap=184h (22 rows)
    [CV fold 2] train_end=2021-02-18 00:00 | val_start=2021-02-25 16:00 | gap=184h (22 rows)
    [CV fold 3] train_end=2021-06-18 08:00 | val_start=2021-06-26 00:00 | gap=184h (22 rows)
    [CV fold 4] train_end=2021-10-16 16:00 | val_start=2021-10-24 08:00 | gap=184h (22 rows)
    [trial 0] Sharpe=-0.0009 (folds: -0.2671, 0.1904, -0.1827, 0.2543, 0.0007)
    [trial 1] 48 features, training_days=220 | threshold=0.755 | labels: 1238 long, 930 short (57/43%)
    [trial 1] Sharpe=-1.8641 (folds: -10.0000, 0.2531, 0.0407, 0.4029, -0.0173)
    [trial 2] 48 features, training_days=310 | threshold=0.754 | labels: 1238 long, 930 short (57/43%)
    [trial 2] Sharpe=0.0433 (folds: -0.2051, 0.3135, -0.2067, 0.4535, -0.1386)
    [trial 3] 48 features, training_days=220 | threshold=0.673 | labels: 1238 long, 930 short (57/43%)
    [trial 3] Sharpe=0.0485 (folds: -0.0727, 0.1914, -0.0761, 0.2972, -0.0973)
    [trial 4] 48 features, training_days=130 | threshold=0.803 | labels: 1238 long, 930 short (57/43%)
    [trial 4] Sharpe=-0.0364 (folds: -0.2289, 0.1784, -0.1560, 0.0005, 0.0239)
    [trial 5] 48 features, training_days=210 | threshold=0.606 | labels: 1238 long, 930 short (57/43%)
    [trial 5] Sharpe=0.0481 (folds: -0.1788, 0.3693, -0.1615, 0.2801, -0.0687)
    [trial 6] 48 features, training_days=130 | threshold=0.767 | labels: 1238 long, 930 short (57/43%)
    [trial 6] Sharpe=-0.0674 (folds: -0.1202, -0.0343, -0.0919, -0.0887, -0.0021)
    [trial 7] 48 features, training_days=80 | threshold=0.556 | labels: 1238 long, 930 short (57/43%)
    [trial 7] Sharpe=0.0316 (folds: -0.0020, 0.1145, -0.0931, 0.1241, 0.0146)
    [trial 8] 48 features, training_days=200 | threshold=0.607 | labels: 1238 long, 930 short (57/43%)
    [trial 8] Sharpe=0.0588 (folds: -0.1334, 0.2195, -0.0563, 0.3019, -0.0377)
    [trial 9] 48 features, training_days=260 | threshold=0.620 | labels: 1238 long, 930 short (57/43%)
    [trial 9] Sharpe=0.0231 (folds: -0.2054, 0.2246, -0.2215, 0.3524, -0.0343)
    [trial 10] 48 features, training_days=470 | threshold=0.534 | labels: 1238 long, 930 short (57/43%)
    [trial 10] Sharpe=-0.0022 (folds: -0.1310, 0.1788, -0.2820, 0.3275, -0.1044)
    [trial 11] 48 features, training_days=360 | threshold=0.672 | labels: 1238 long, 930 short (57/43%)
    [trial 11] Sharpe=0.0140 (folds: -0.0816, 0.2153, -0.2203, 0.3052, -0.1487)
    [trial 12] 48 features, training_days=20 | threshold=0.673 | labels: 1238 long, 930 short (57/43%)
    [trial 12] Sharpe=-2.0388 (folds: -0.4860, 0.4406, 0.1036, -10.0000, -0.2524)
    [trial 13] 48 features, training_days=400 | threshold=0.611 | labels: 1238 long, 930 short (57/43%)
    [trial 13] Sharpe=0.0196 (folds: -0.1212, 0.2000, -0.2512, 0.3478, -0.0775)
    [trial 14] 48 features, training_days=290 | threshold=0.697 | labels: 1238 long, 930 short (57/43%)
    [trial 14] Sharpe=0.0540 (folds: -0.1320, 0.2427, -0.0598, 0.3210, -0.1019)
    [trial 15] 48 features, training_days=300 | threshold=0.503 | labels: 1238 long, 930 short (57/43%)
    [trial 15] Sharpe=0.0205 (folds: -0.2212, 0.2329, -0.1510, 0.3008, -0.0592)
    [trial 16] 48 features, training_days=370 | threshold=0.708 | labels: 1238 long, 930 short (57/43%)
    [trial 16] Sharpe=0.0223 (folds: -0.1557, 0.2887, -0.2767, 0.3691, -0.1140)
    [trial 17] 48 features, training_days=490 | threshold=0.828 | labels: 1238 long, 930 short (57/43%)
    [trial 17] Sharpe=-0.0179 (folds: -0.1373, 0.2133, -0.2588, 0.3722, -0.2790)[I 2026-06-01 12:56:19,201] Trial 17 finished with value: -0.017911366397998934 and parameters: {'confidence_threshold': 0.8278557618575797, 'training_days': 490, 'n_estimators': 310, 'max_depth': 5, 'num_leaves': 15, 'learning_rate': 0.09997095025047835, 'subsample': 0.8692205520422795, 'colsample_bytree': 0.9729169556795105, 'min_child_samples': 32, 'reg_alpha': 0.031339913113165224, 'reg_lambda': 4.064707400136435e-06}. Best is trial 8 with value: 0.05878082162132335.
[I 2026-06-01 12:56:19,317] A new study created in memory with name: no-name-1a91c17a-a2ed-4862-9dfa-9108a41033fb
[I 2026-06-01 12:56:19,497] Trial 0 finished with value: -0.049164008202976804 and parameters: {'confidence_threshold': 0.5870645682749857, 'training_days': 90, 'n_estimators': 403, 'max_depth': 5, 'num_leaves': 45, 'learning_rate': 0.0780457193679974, 'subsample': 0.9428509515574568, 'colsample_bytree': 0.8795587339164916, 'min_child_samples': 34, 'reg_alpha': 2.2465901234314442e-07, 'reg_lambda': 8.339007036475363e-05}. Best is trial 0 with value: -0.049164008202976804.
[I 2026-06-01 12:56:19,601] Trial 1 finished with value: 0.030449854546911608 and parameters: {'confidence_threshold': 0.6348453934275313, 'training_days': 290, 'n_estimators': 115, 'max_depth': 5, 'num_leaves': 37, 'learning_rate': 0.06949568759029946, 'subsample': 0.8228505074024268, 'colsample_bytree': 0.8616703220431751, 'min_child_samples': 75, 'reg_alpha': 4.2486822725010923e-07, 'reg_lambda': 1.157247767047042e-07}. Best is trial 1 with value: 0.030449854546911608.
[I 2026-06-01 12:56:19,619] Trial 2 finished with value: -0.2725289934843648 and parameters: {'confidence_threshold': 0.5849570384370288, 'training_days': 10, 'n_estimators': 212, 'max_depth': 3, 'num_leaves': 41, 'learning_rate': 0.18452095998378365, 'subsample': 0.6001060822924371, 'colsample_bytree': 0.5673167293506167, 'min_child_samples': 37, 'reg_alpha': 5.733250064217131, 'reg_lambda': 0.5308454292595461}. Best is trial 1 with value: 0.030449854546911608.
[I 2026-06-01 12:56:19,691] Trial 3 finished with value: -0.04996887205028075 and parameters: {'confidence_threshold': 0.6868248626683718, 'training_days': 220, 'n_estimators': 134, 'max_depth': 3, 'num_leaves': 45, 'learning_rate': 0.033529007907491595, 'subsample': 0.8647277071858408, 'colsample_bytree': 0.778494116634046, 'min_child_samples': 96, 'reg_alpha': 2.409409937265785e-07, 'reg_lambda': 1.1642073478060009}. Best is trial 1 with value: 0.030449854546911608.
[I 2026-06-01 12:56:19,780] Trial 4 finished with value: 0.05037481134034701 and parameters: {'confidence_threshold': 0.5623121348350352, 'training_days': 300, 'n_estimators': 69, 'max_depth': 4, 'num_leaves': 32, 'learning_rate': 0.14967629360700346, 'subsample': 0.5054535233636654, 'colsample_bytree': 0.7401385194659216, 'min_child_samples': 27, 'reg_alpha': 1.4212042567426725e-07, 'reg_lambda': 0.23605753701352003}. Best is trial 4 with value: 0.05037481134034701.
[I 2026-06-01 12:56:20,157] Trial 5 finished with value: -0.006551939637220239 and parameters: {'confidence_threshold': 0.7111850244908446, 'training_days': 490, 'n_estimators': 362, 'max_depth': 5, 'num_leaves': 40, 'learning_rate': 0.05960785724162737, 'subsample': 0.5589714368907717, 'colsample_bytree': 0.6659006943232806, 'min_child_samples': 42, 'reg_alpha': 0.6741360303045295, 'reg_lambda': 6.054601607143087e-08}. Best is trial 4 with value: 0.05037481134034701.
[I 2026-06-01 12:56:20,329] Trial 6 finished with value: 0.005105898969058939 and parameters: {'confidence_threshold': 0.667482545748023, 'training_days': 420, 'n_estimators': 279, 'max_depth': 3, 'num_leaves': 45, 'learning_rate': 0.040099592560849204, 'subsample': 0.8563114696415159, 'colsample_bytree': 0.5442917781944105, 'min_child_samples': 50, 'reg_alpha': 1.6407916423707903e-08, 'reg_lambda': 2.935907642973286e-05}. Best is trial 4 with value: 0.05037481134034701.
[I 2026-06-01 12:56:20,474] Trial 7 finished with value: -0.06644886591036121 and parameters: {'confidence_threshold': 0.5497381024139926, 'training_days': 120, 'n_estimators': 408, 'max_depth': 5, 'num_leaves': 38, 'learning_rate': 0.28049122657745795, 'subsample': 0.8806573338635493, 'colsample_bytree': 0.5454054113547102, 'min_child_samples': 63, 'reg_alpha': 0.01263008637940408, 'reg_lambda': 0.04588020805366937}. Best is trial 4 with value: 0.05037481134034701.
[I 2026-06-01 12:56:20,727] Trial 8 finished with value: -0.04105694639021786 and parameters: {'confidence_threshold': 0.719644804808716, 'training_days': 450, 'n_estimators': 410, 'max_depth': 4, 'num_leaves': 57, 'learning_rate': 0.04022026551478857, 'subsample': 0.5336085426932707, 'colsample_bytree': 0.5705742850577543, 'min_child_samples': 100, 'reg_alpha': 5.916398047912201e-07, 'reg_lambda': 0.9794034214488329}. Best is trial 4 with value: 0.05037481134034701.
[I 2026-06-01 12:56:20,747] Trial 9 finished with value: -2.038845641986206 and parameters: {'confidence_threshold': 0.7267463643917187, 'training_days': 20, 'n_estimators': 337, 'max_depth': 5, 'num_leaves': 23, 'learning_rate': 0.022153031811454605, 'subsample': 0.6305627572358737, 'colsample_bytree': 0.6613413774216214, 'min_child_samples': 81, 'reg_alpha': 5.7638634029410314e-08, 'reg_lambda': 8.26603016764008}. Best is trial 4 with value: 0.05037481134034701.
[I 2026-06-01 12:56:20,831] Trial 10 finished with value: 0.025379693763767124 and parameters: {'confidence_threshold': 0.8398533911817929, 'training_days': 320, 'n_estimators': 52, 'max_depth': 4, 'num_leaves': 15, 'learning_rate': 0.1708019296390162, 'subsample': 0.7130289643560688, 'colsample_bytree': 0.9944479338273263, 'min_child_samples': 23, 'reg_alpha': 6.837313901272251e-05, 'reg_lambda': 0.007549769720510555}. Best is trial 4 with value: 0.05037481134034701.
[I 2026-06-01 12:56:20,906] Trial 11 finished with value: 0.12241232157837278 and parameters: {'confidence_threshold': 0.6075016155177957, 'training_days': 300, 'n_estimators': 54, 'max_depth': 4, 'num_leaves': 29, 'learning_rate': 0.010226258249598861, 'subsample': 0.741942921860466, 'colsample_bytree': 0.8016610248739169, 'min_child_samples': 71, 'reg_alpha': 2.5646023357365184e-05, 'reg_lambda': 7.359299995524362e-08}. Best is trial 11 with value: 0.12241232157837278.
[I 2026-06-01 12:56:20,981] Trial 12 finished with value: 0.08169520457977342 and parameters: {'confidence_threshold': 0.5145853631584999, 'training_days': 360, 'n_estimators': 54, 'max_depth': 4, 'num_leaves': 26, 'learning_rate': 0.010306365551845425, 'subsample': 0.708221374482378, 'colsample_bytree': 0.7647361233728238, 'min_child_samples': 62, 'reg_alpha': 5.113460481149383e-05, 'reg_lambda': 2.0831803692649198e-06}. Best is trial 11 with value: 0.12241232157837278.
[I 2026-06-01 12:56:21,135] Trial 13 finished with value: 0.03854979864371666 and parameters: {'confidence_threshold': 0.5007980174560137, 'training_days': 380, 'n_estimators': 173, 'max_depth': 4, 'num_leaves': 26, 'learning_rate': 0.010705624380955025, 'subsample': 0.726582544092044, 'colsample_bytree': 0.8210465133139258, 'min_child_samples': 66, 'reg_alpha': 5.900837329147622e-05, 'reg_lambda': 1.8799948266058237e-06}. Best is trial 11 with value: 0.12241232157837278.
[I 2026-06-01 12:56:21,442] Trial 14 finished with value: 0.01972516531571909 and parameters: {'confidence_threshold': 0.507711390763921, 'training_days': 210, 'n_estimators': 500, 'max_depth': 4, 'num_leaves': 22, 'learning_rate': 0.010647603372449754, 'subsample': 0.6776505255398512, 'colsample_bytree': 0.9164666575214448, 'min_child_samples': 55, 'reg_alpha': 0.0012157097512001643, 'reg_lambda': 1.9694969619555796e-06}. Best is trial 11 with value: 0.12241232157837278.
[I 2026-06-01 12:56:21,604] Trial 15 finished with value: 0.04913297319727853 and parameters: {'confidence_threshold': 0.62610416774382, 'training_days': 370, 'n_estimators': 223, 'max_depth': 4, 'num_leaves': 29, 'learning_rate': 0.01850360054888599, 'subsample': 0.7886626664195051, 'colsample_bytree': 0.7191693270702846, 'min_child_samples': 82, 'reg_alpha': 4.791800625030742e-06, 'reg_lambda': 1.2340764146845138e-08}. Best is trial 11 with value: 0.12241232157837278.
[I 2026-06-01 12:56:21,667] Trial 16 finished with value: -1.83610035684474 and parameters: {'confidence_threshold': 0.7809712285122007, 'training_days': 170, 'n_estimators': 105, 'max_depth': 4, 'num_leaves': 15, 'learning_rate': 0.01728819964216773, 'subsample': 0.6577011495975604, 'colsample_bytree': 0.6654049967128317, 'min_child_samples': 70, 'reg_alpha': 0.0031944999728269687, 'reg_lambda': 2.7523544267386608e-06}. Best is trial 11 with value: 0.12241232157837278.
