[I 2026-06-01 12:57:53,730] Trial 9 finished with value: 0.004458150048249071 and parameters: {'confidence_threshold': 0.6202096049169137, 'training_days': 260, 'n_estimators': 350, 'max_depth': 3, 'num_leaves': 21, 'learning_rate': 0.02989540198065364, 'subsample': 0.8307821683331218, 'colsample_bytree': 0.923253112635361, 'min_child_samples': 64, 'reg_alpha': 0.4898604619604203, 'reg_lambda': 2.9076377687066166e-05}. Best is trial 9 with value: 0.004458150048249071.
[I 2026-06-01 12:57:54,030] Trial 10 finished with value: -0.002329274543692811 and parameters: {'confidence_threshold': 0.5342665212695602, 'training_days': 470, 'n_estimators': 493, 'max_depth': 3, 'num_leaves': 17, 'learning_rate': 0.010221918552934462, 'subsample': 0.9317514110288623, 'colsample_bytree': 0.6202684210924141, 'min_child_samples': 47, 'reg_alpha': 2.371385268938747e-08, 'reg_lambda': 0.010291221835057122}. Best is trial 9 with value: 0.004458150048249071.
[I 2026-06-01 12:57:54,250] Trial 11 finished with value: -0.03608007393509033 and parameters: {'confidence_threshold': 0.6332172030915592, 'training_days': 340, 'n_estimators': 479, 'max_depth': 5, 'num_leaves': 27, 'learning_rate': 0.14215561968558607, 'subsample': 0.8675382509658957, 'colsample_bytree': 0.6778283959364831, 'min_child_samples': 48, 'reg_alpha': 5.56438571366154, 'reg_lambda': 1.5530863293959958e-06}. Best is trial 9 with value: 0.004458150048249071.

  [label] 2022-06-02 00:00 BTCUSDT entry=29952.8000 → LONG | long=timeout(+1.65%) short=sl(-5.15%) | scanned=22 | no_tp→fwd_return=+1.7511
  [label] 2022-06-14 16:00 BTCUSDT entry=22122.7000 → SHORT | long=sl(-11.38%) short=timeout(+6.27%) | scanned=22 | no_tp→fwd_return=-6.3717
  [label] 2022-07-03 08:00 BTCUSDT entry=19035.3000 → LONG | long=tp(+11.52%) short=sl(-5.91%) | scanned=13 | long_tp_only
  [label] 2022-07-09 16:00 BTCUSDT entry=21580.0000 → SHORT | long=sl(-5.29%) short=tp(+10.28%) | scanned=9 | short_tp_only
  [label] 2022-07-22 00:00 BTCUSDT entry=23109.2000 → LONG | long=sl(-6.57%) short=timeout(-3.69%) | scanned=22 | no_tp→fwd_return=+3.5865
  [label] 2022-08-30 08:00 BTCUSDT entry=19743.8000 → LONG | long=timeout(+0.24%) short=timeout(-0.44%) | scanned=22 | no_tp→fwd_return=+0.3358
  [label] 2022-09-09 08:00 BTCUSDT entry=21258.5000 → SHORT | long=sl(-4.66%) short=sl(-4.66%) | scanned=13 | no_tp→fwd_return=-5.1556
  [label] 2022-12-04 08:00 BTCUSDT entry=17022.2000 → LONG | long=timeout(+0.62%) short=timeout(-0.82%) | scanned=22 | no_tp→fwd_return=+0.7243
  Labels: 1076 long (49.6%), 1092 short (50.4%) | weights: min=1.00, mean=3.49, max=10.00
  Features: 2168/2168 matched, 48 columns
  CV gap: 22 rows
  [ensemble 1/3] seed=42
    [trial 0] 48 features, training_days=480 | threshold=0.631 | labels: 1076 long, 1092 short (50/50%)
    [CV fold 0] train_end=2021-04-24 08:00 | val_start=2021-05-02 00:00 | gap=184h (22 rows)
    [CV fold 1] train_end=2021-08-22 16:00 | val_start=2021-08-30 08:00 | gap=184h (22 rows)
    [CV fold 2] train_end=2021-12-21 00:00 | val_start=2021-12-28 16:00 | gap=184h (22 rows)
    [CV fold 3] train_end=2022-04-20 08:00 | val_start=2022-04-28 00:00 | gap=184h (22 rows)
    [CV fold 4] train_end=2022-08-18 16:00 | val_start=2022-08-26 08:00 | gap=184h (22 rows)
    [trial 0] Sharpe=-0.0669 (folds: -0.0087, 0.2099, -0.1814, -0.0932, -0.2610)
    [trial 1] 48 features, training_days=420 | threshold=0.839 | labels: 1076 long, 1092 short (50/50%)
    [trial 1] Sharpe=-4.1051 (folds: 0.0152, -0.2524, -10.0000, -0.2884, -10.0000)
    [trial 2] 48 features, training_days=190 | threshold=0.602 | labels: 1076 long, 1092 short (50/50%)
    [trial 2] Sharpe=-0.0271 (folds: -0.0869, 0.0498, -0.0383, 0.0509, -0.1110)
    [trial 3] 48 features, training_days=490 | threshold=0.832 | labels: 1076 long, 1092 short (50/50%)
    [trial 3] Sharpe=-0.0617 (folds: -0.0693, 0.1665, -0.0745, -0.1629, -0.1682)
    [trial 4] 48 features, training_days=340 | threshold=0.591 | labels: 1076 long, 1092 short (50/50%)
    [trial 4] Sharpe=-0.0464 (folds: -0.1434, 0.2595, -0.1422, -0.0344, -0.1713)
    [trial 5] 48 features, training_days=50 | threshold=0.823 | labels: 1076 long, 1092 short (50/50%)
    [trial 5] Sharpe=-0.0913 (folds: -0.1119, 0.0165, -0.0476, -0.1698, -0.1435)
    [trial 6] 48 features, training_days=410 | threshold=0.549 | labels: 1076 long, 1092 short (50/50%)
    [trial 6] Sharpe=-0.0248 (folds: 0.0058, 0.2635, -0.1688, -0.2011, -0.0232)
    [trial 7] 48 features, training_days=180 | threshold=0.526 | labels: 1076 long, 1092 short (50/50%)
    [trial 7] Sharpe=-0.0006 (folds: 0.1483, 0.0220, -0.0403, 0.0063, -0.1394)
    [trial 8] 48 features, training_days=240 | threshold=0.811 | labels: 1076 long, 1092 short (50/50%)
    [trial 8] Sharpe=-0.0631 (folds: -0.0407, 0.0910, -0.0909, -0.0349, -0.2397)
    [trial 9] 48 features, training_days=20 | threshold=0.538 | labels: 1076 long, 1092 short (50/50%)
    [trial 9] Sharpe=-1.9744 (folds: 0.1278, 0.0487, -0.0201, -10.0000, -0.0282)
    [trial 10] 48 features, training_days=140 | threshold=0.680 | labels: 1076 long, 1092 short (50/50%)
    [trial 10] Sharpe=-0.0512 (folds: 0.0058, 0.1661, -0.2010, -0.0935, -0.1333)
    [trial 11] 48 features, training_days=320 | threshold=0.503 | labels: 1076 long, 1092 short (50/50%)
    [trial 11] Sharpe=0.0116 (folds: 0.2181, 0.2052, -0.1103, -0.1132, -0.1420)
    [trial 12] 48 features, training_days=310 | threshold=0.507 | labels: 1076 long, 1092 short (50/50%)
    [trial 12] Sharpe=0.0188 (folds: 0.1832, 0.2047, -0.1483, -0.0264, -0.1195)
    [trial 13] 48 features, training_days=310 | threshold=0.507 | labels: 1076 long, 1092 short (50/50%)
    [trial 13] Sharpe=-0.0162 (folds: -0.0080, 0.1594, -0.0282, -0.0597, -0.1448)
    [trial 14] 48 features, training_days=320 | threshold=0.713 | labels: 1076 long, 1092 short (50/50%)
    [trial 14] Sharpe=-0.0297 (folds: 0.0103, 0.2554, -0.1220, -0.1494, -0.1430)
    [trial 15] 48 features, training_days=260 | threshold=0.572 | labels: 1076 long, 1092 short (50/50%)
    [trial 15] Sharpe=-0.0608 (folds: -0.0422, 0.2493, -0.2531, -0.1202, -0.1376)
    [trial 16] 48 features, training_days=370 | threshold=0.741 | labels: 1076 long, 1092 short (50/50%)
    [trial 16] Sharpe=-0.0610 (folds: -0.0295, 0.2017, -0.1522, -0.0763, -0.2488)
    [trial 17] 48 features, training_days=250 | threshold=0.622 | labels: 1076 long, 1092 short (50/50%)
    [trial 17] Sharpe=-0.0055 (folds: 0.0424, 0.1685, -0.0191, -0.0212, -0.1982)
  Optuna: 18 trials, best Sharpe = 0.0188
  Best params: n_estimators=57, max_depth=4, lr=0.0321, leaves=47
  Best confidence_threshold: 0.507
  Best training_days: 310
  Retrained on full data (930 samples, 48 features)
  [ensemble 2/3] seed=123
    [trial 0] 48 features, training_days=150 | threshold=0.744 | labels: 1076 long, 1092 short (50/50%)
    [CV fold 0] train_end=2021-04-24 08:00 | val_start=2021-05-02 00:00 | gap=184h (22 rows)
    [CV fold 1] train_end=2021-08-22 16:00 | val_start=2021-08-30 08:00 | gap=184h (22 rows)
    [CV fold 2] train_end=2021-12-21 00:00 | val_start=2021-12-28 16:00 | gap=184h (22 rows)
    [CV fold 3] train_end=2022-04-20 08:00 | val_start=2022-04-28 00:00 | gap=184h (22 rows)
    [CV fold 4] train_end=2022-08-18 16:00 | val_start=2022-08-26 08:00 | gap=184h (22 rows)
    [trial 0] Sharpe=-0.0690 (folds: -0.0189, 0.1623, -0.2046, -0.1261, -0.1576)
    [trial 1] 48 features, training_days=220 | threshold=0.755 | labels: 1076 long, 1092 short (50/50%)
    [trial 1] Sharpe=-2.1095 (folds: -0.1011, -0.0208, -0.4233, -0.0021, -10.0000)
    [trial 2] 48 features, training_days=310 | threshold=0.754 | labels: 1076 long, 1092 short (50/50%)
    [trial 2] Sharpe=-0.1202 (folds: -0.0232, 0.1353, -0.4000, -0.1706, -0.1428)
    [trial 3] 48 features, training_days=220 | threshold=0.673 | labels: 1076 long, 1092 short (50/50%)
    [trial 3] Sharpe=-0.0220 (folds: 0.0060, 0.1002, -0.0157, -0.0147, -0.1855)
    [trial 4] 48 features, training_days=130 | threshold=0.803 | labels: 1076 long, 1092 short (50/50%)
    [trial 4] Sharpe=-0.0801 (folds: -0.1207, 0.1765, -0.1538, -0.1009, -0.2017)
    [trial 5] 48 features, training_days=210 | threshold=0.606 | labels: 1076 long, 1092 short (50/50%)
    [trial 5] Sharpe=-0.0107 (folds: -0.1166, 0.1271, 0.0393, 0.0437, -0.1469)
    [trial 6] 48 features, training_days=130 | threshold=0.767 | labels: 1076 long, 1092 short (50/50%)
    [trial 6] Sharpe=-0.0473 (folds: -0.0235, 0.0989, -0.0929, -0.0430, -0.1760)
    [trial 7] 48 features, training_days=80 | threshold=0.556 | labels: 1076 long, 1092 short (50/50%)
    [trial 7] Sharpe=-0.0936 (folds: -0.2606, 0.0796, -0.1847, 0.0606, -0.1629)
    [trial 8] 48 features, training_days=200 | threshold=0.607 | labels: 1076 long, 1092 short (50/50%)
    [trial 8] Sharpe=-0.0012 (folds: -0.0409, 0.1022, 0.0116, 0.0715, -0.1503)
    [trial 9] 48 features, training_days=260 | threshold=0.620 | labels: 1076 long, 1092 short (50/50%)
    [trial 9] Sharpe=0.0045 (folds: -0.0217, 0.1980, -0.0028, 0.0083, -0.1595)
    [trial 10] 48 features, training_days=470 | threshold=0.534 | labels: 1076 long, 1092 short (50/50%)
    [trial 10] Sharpe=-0.0023 (folds: 0.1354, 0.2021, -0.1258, -0.0468, -0.1765)
    [trial 11] 48 features, training_days=340 | threshold=0.633 | labels: 1076 long, 1092 short (50/50%)
    [trial 11] Sharpe=-0.0361 (folds: -0.0153, 0.1841, -0.0291, -0.1122, -0.2080)
    [trial 12] 48 features, training_days=20 | threshold=0.596 | labels: 1076 long, 1092 short (50/50%)
    [trial 12] Sharpe=-1.9744 (folds: 0.1278, 0.0487, -0.0201, -10.0000, -0.0282)[I 2026-06-01 12:57:54,286] Trial 12 finished with value: -1.9743709191578849 and parameters: {'confidence_threshold': 0.5957244903382299, 'training_days': 20, 'n_estimators': 295, 'max_depth': 5, 'num_leaves': 27, 'learning_rate': 0.03554970762940541, 'subsample': 0.8874898062898399, 'colsample_bytree': 0.5201164353688423, 'min_child_samples': 100, 'reg_alpha': 4.358361104179878e-07, 'reg_lambda': 5.116535876235931e-07}. Best is trial 9 with value: 0.004458150048249071.
[I 2026-06-01 12:57:54,589] Trial 13 finished with value: -0.011789557405939389 and parameters: {'confidence_threshold': 0.5038682324313483, 'training_days': 340, 'n_estimators': 419, 'max_depth': 3, 'num_leaves': 25, 'learning_rate': 0.028247451073708796, 'subsample': 0.7238232087977978, 'colsample_bytree': 0.9292621018379528, 'min_child_samples': 40, 'reg_alpha': 0.07643354360222979, 'reg_lambda': 0.004788009985073303}. Best is trial 9 with value: 0.004458150048249071.
[I 2026-06-01 12:57:54,814] Trial 14 finished with value: -0.017315286638011344 and parameters: {'confidence_threshold': 0.6656873451742872, 'training_days': 290, 'n_estimators': 304, 'max_depth': 4, 'num_leaves': 35, 'learning_rate': 0.13295981651304423, 'subsample': 0.8309863135352407, 'colsample_bytree': 0.9977226699583523, 'min_child_samples': 80, 'reg_alpha': 0.03811558081491512, 'reg_lambda': 7.416844546684965e-07}. Best is trial 9 with value: 0.004458150048249071.
[I 2026-06-01 12:57:55,087] Trial 15 finished with value: -0.04597875725046864 and parameters: {'confidence_threshold': 0.710187083027052, 'training_days': 460, 'n_estimators': 243, 'max_depth': 5, 'num_leaves': 15, 'learning_rate': 0.047964452603681096, 'subsample': 0.507007918467014, 'colsample_bytree': 0.7237973854743056, 'min_child_samples': 55, 'reg_alpha': 9.061543342246209, 'reg_lambda': 3.5532501480887757}. Best is trial 9 with value: 0.004458150048249071.
[I 2026-06-01 12:57:55,398] Trial 16 finished with value: 0.037663420976934 and parameters: {'confidence_threshold': 0.5792373923850699, 'training_days': 430, 'n_estimators': 430, 'max_depth': 3, 'num_leaves': 24, 'learning_rate': 0.011618707686079076, 'subsample': 0.9487565384635182, 'colsample_bytree': 0.901895850601498, 'min_child_samples': 39, 'reg_alpha': 1.6323832176782968e-06, 'reg_lambda': 0.04562421533585181}. Best is trial 16 with value: 0.037663420976934.
[I 2026-06-01 12:57:55,692] Trial 17 finished with value: 0.02455164504961437 and parameters: {'confidence_threshold': 0.5652442305774447, 'training_days': 410, 'n_estimators': 439, 'max_depth': 3, 'num_leaves': 23, 'learning_rate': 0.01020133185214465, 'subsample': 0.9863452220385296, 'colsample_bytree': 0.9025995692230441, 'min_child_samples': 44, 'reg_alpha': 6.229602473892305e-07, 'reg_lambda': 0.03897518139286469}. Best is trial 16 with value: 0.037663420976934.
[I 2026-06-01 12:57:55,919] A new study created in memory with name: no-name-8a4be27d-f282-49cb-82d1-8178dd1d5d96
[I 2026-06-01 12:57:56,122] Trial 0 finished with value: -0.08655343024641818 and parameters: {'confidence_threshold': 0.5870645682749857, 'training_days': 90, 'n_estimators': 403, 'max_depth': 5, 'num_leaves': 45, 'learning_rate': 0.0780457193679974, 'subsample': 0.9428509515574568, 'colsample_bytree': 0.8795587339164916, 'min_child_samples': 34, 'reg_alpha': 2.2465901234314442e-07, 'reg_lambda': 8.339007036475363e-05}. Best is trial 0 with value: -0.08655343024641818.
[I 2026-06-01 12:57:56,227] Trial 1 finished with value: -0.030498817831767 and parameters: {'confidence_threshold': 0.6348453934275313, 'training_days': 290, 'n_estimators': 115, 'max_depth': 5, 'num_leaves': 37, 'learning_rate': 0.06949568759029946, 'subsample': 0.8228505074024268, 'colsample_bytree': 0.8616703220431751, 'min_child_samples': 75, 'reg_alpha': 4.2486822725010923e-07, 'reg_lambda': 1.157247767047042e-07}. Best is trial 1 with value: -0.030498817831767.
[I 2026-06-01 12:57:56,244] Trial 2 finished with value: -0.010438489463298038 and parameters: {'confidence_threshold': 0.5849570384370288, 'training_days': 10, 'n_estimators': 212, 'max_depth': 3, 'num_leaves': 41, 'learning_rate': 0.18452095998378365, 'subsample': 0.6001060822924371, 'colsample_bytree': 0.5673167293506167, 'min_child_samples': 37, 'reg_alpha': 5.733250064217131, 'reg_lambda': 0.5308454292595461}. Best is trial 2 with value: -0.010438489463298038.
[I 2026-06-01 12:57:56,322] Trial 3 finished with value: -0.07703742680884437 and parameters: {'confidence_threshold': 0.6868248626683718, 'training_days': 220, 'n_estimators': 134, 'max_depth': 3, 'num_leaves': 45, 'learning_rate': 0.033529007907491595, 'subsample': 0.8647277071858408, 'colsample_bytree': 0.778494116634046, 'min_child_samples': 96, 'reg_alpha': 2.409409937265785e-07, 'reg_lambda': 1.1642073478060009}. Best is trial 2 with value: -0.010438489463298038.
[I 2026-06-01 12:57:56,406] Trial 4 finished with value: -0.0030434304385153267 and parameters: {'confidence_threshold': 0.5623121348350352, 'training_days': 300, 'n_estimators': 69, 'max_depth': 4, 'num_leaves': 32, 'learning_rate': 0.14967629360700346, 'subsample': 0.5054535233636654, 'colsample_bytree': 0.7401385194659216, 'min_child_samples': 27, 'reg_alpha': 1.4212042567426725e-07, 'reg_lambda': 0.23605753701352003}. Best is trial 4 with value: -0.0030434304385153267.
[I 2026-06-01 12:57:56,802] Trial 5 finished with value: -0.03723983545192339 and parameters: {'confidence_threshold': 0.7111850244908446, 'training_days': 490, 'n_estimators': 362, 'max_depth': 5, 'num_leaves': 40, 'learning_rate': 0.05960785724162737, 'subsample': 0.5589714368907717, 'colsample_bytree': 0.6659006943232806, 'min_child_samples': 42, 'reg_alpha': 0.6741360303045295, 'reg_lambda': 6.054601607143087e-08}. Best is trial 4 with value: -0.0030434304385153267.
[I 2026-06-01 12:57:56,981] Trial 6 finished with value: 0.002174543729456235 and parameters: {'confidence_threshold': 0.667482545748023, 'training_days': 420, 'n_estimators': 279, 'max_depth': 3, 'num_leaves': 45, 'learning_rate': 0.040099592560849204, 'subsample': 0.8563114696415159, 'colsample_bytree': 0.5442917781944105, 'min_child_samples': 50, 'reg_alpha': 1.6407916423707903e-08, 'reg_lambda': 2.935907642973286e-05}. Best is trial 6 with value: 0.002174543729456235.
[I 2026-06-01 12:57:57,133] Trial 7 finished with value: -0.038679213629508755 and parameters: {'confidence_threshold': 0.5497381024139926, 'training_days': 120, 'n_estimators': 408, 'max_depth': 5, 'num_leaves': 38, 'learning_rate': 0.28049122657745795, 'subsample': 0.8806573338635493, 'colsample_bytree': 0.5454054113547102, 'min_child_samples': 63, 'reg_alpha': 0.01263008637940408, 'reg_lambda': 0.04588020805366937}. Best is trial 6 with value: 0.002174543729456235.
[I 2026-06-01 12:57:57,397] Trial 8 finished with value: -0.07636354849286775 and parameters: {'confidence_threshold': 0.719644804808716, 'training_days': 450, 'n_estimators': 410, 'max_depth': 4, 'num_leaves': 57, 'learning_rate': 0.04022026551478857, 'subsample': 0.5336085426932707, 'colsample_bytree': 0.5705742850577543, 'min_child_samples': 100, 'reg_alpha': 5.916398047912201e-07, 'reg_lambda': 0.9794034214488329}. Best is trial 6 with value: 0.002174543729456235.
[I 2026-06-01 12:57:57,423] Trial 9 finished with value: -7.990262684954459 and parameters: {'confidence_threshold': 0.7267463643917187, 'training_days': 20, 'n_estimators': 337, 'max_depth': 5, 'num_leaves': 23, 'learning_rate': 0.022153031811454605, 'subsample': 0.6305627572358737, 'colsample_bytree': 0.6613413774216214, 'min_child_samples': 81, 'reg_alpha': 5.7638634029410314e-08, 'reg_lambda': 8.26603016764008}. Best is trial 6 with value: 0.002174543729456235.
[I 2026-06-01 12:57:57,610] Trial 10 finished with value: -4.047705103292696 and parameters: {'confidence_threshold': 0.8283920119574972, 'training_days': 400, 'n_estimators': 240, 'max_depth': 3, 'num_leaves': 62, 'learning_rate': 0.011921022686883517, 'subsample': 0.7130289643560688, 'colsample_bytree': 0.9944479338273263, 'min_child_samples': 54, 'reg_alpha': 6.837313901272251e-05, 'reg_lambda': 2.741063772648371e-05}. Best is trial 6 with value: 0.002174543729456235.
[I 2026-06-01 12:57:57,695] Trial 11 finished with value: -0.008896420259842126 and parameters: {'confidence_threshold': 0.5379676273538253, 'training_days': 310, 'n_estimators': 53, 'max_depth': 4, 'num_leaves': 25, 'learning_rate': 0.1124439291556862, 'subsample': 0.7384269625592588, 'colsample_bytree': 0.6677492448297637, 'min_child_samples': 22, 'reg_alpha': 2.573708591509265e-05, 'reg_lambda': 0.0033293716187691694}. Best is trial 6 with value: 0.002174543729456235.
[I 2026-06-01 12:57:58,170] Trial 12 finished with value: -0.03281546573998286 and parameters: {'confidence_threshold': 0.8008961038526314, 'training_days': 380, 'n_estimators': 490, 'max_depth': 4, 'num_leaves': 30, 'learning_rate': 0.13007949331851176, 'subsample': 0.9912016966112274, 'colsample_bytree': 0.7688237932711304, 'min_child_samples': 20, 'reg_alpha': 1.578782038256806e-08, 'reg_lambda': 1.4304147444691813e-06}. Best is trial 6 with value: 0.002174543729456235.
[I 2026-06-01 12:57:58,293] Trial 13 finished with value: 0.005541589949928089 and parameters: {'confidence_threshold': 0.5040535938350955, 'training_days': 210, 'n_estimators': 181, 'max_depth': 4, 'num_leaves': 17, 'learning_rate': 0.020094703918199067, 'subsample': 0.7828410184206098, 'colsample_bytree': 0.5057176292212995, 'min_child_samples': 50, 'reg_alpha': 8.465942575614097e-06, 'reg_lambda': 0.002213814638104446}. Best is trial 13 with value: 0.005541589949928089.
[I 2026-06-01 12:57:58,403] Trial 14 finished with value: 0.0022055772107955314 and parameters: {'confidence_threshold': 0.5097978216180294, 'training_days': 210, 'n_estimators': 195, 'max_depth': 3, 'num_leaves': 17, 'learning_rate': 0.01862434997907136, 'subsample': 0.790548822348085, 'colsample_bytree': 0.501760737889846, 'min_child_samples': 51, 'reg_alpha': 8.578078590535353e-06, 'reg_lambda': 0.0014709214223004336}. Best is trial 13 with value: 0.005541589949928089.
[I 2026-06-01 12:57:58,502] Trial 15 finished with value: -0.004001981955002028 and parameters: {'confidence_threshold': 0.507124322777852, 'training_days': 200, 'n_estimators': 193, 'max_depth': 3, 'num_leaves': 16, 'learning_rate': 0.010001197000326315, 'subsample': 0.6859019701005558, 'colsample_bytree': 0.502925720040233, 'min_child_samples': 65, 'reg_alpha': 0.002133995302102601, 'reg_lambda': 0.002437110633080971}. Best is trial 13 with value: 0.005541589949928089.
[I 2026-06-01 12:57:58,605] Trial 16 finished with value: -0.03154786481422834 and parameters: {'confidence_threshold': 0.5033938067897841, 'training_days': 170, 'n_estimators': 162, 'max_depth': 4, 'num_leaves': 15, 'learning_rate': 0.0181964570760257, 'subsample': 0.7904281889019825, 'colsample_bytree': 0.6127340607996291, 'min_child_samples': 47, 'reg_alpha': 7.614271583590461e-06, 'reg_lambda': 0.0019638162691940847}. Best is trial 13 with value: 0.005541589949928089.
