[I 2026-06-01 12:59:52,726] Trial 11 finished with value: -0.05297422247612306 and parameters: {'confidence_threshold': 0.607296338357605, 'training_days': 360, 'n_estimators': 477, 'max_depth': 5, 'num_leaves': 36, 'learning_rate': 0.12199762873742671, 'subsample': 0.8344214603932569, 'colsample_bytree': 0.6661831737797719, 'min_child_samples': 86, 'reg_alpha': 0.22420772377574527, 'reg_lambda': 3.030764495173662e-08}. Best is trial 8 with value: -0.002304588082957225.
[I 2026-06-01 12:59:52,758] Trial 12 finished with value: -2.0456146112612994 and parameters: {'confidence_threshold': 0.6181766826006161, 'training_days': 20, 'n_estimators': 287, 'max_depth': 5, 'num_leaves': 41, 'learning_rate': 0.12809347518986527, 'subsample': 0.7462630151554006, 'colsample_bytree': 0.5197889515780572, 'min_child_samples': 100, 'reg_alpha': 6.210448045058425, 'reg_lambda': 5.116535876235931e-07}. Best is trial 8 with value: -0.002304588082957225.
[I 2026-06-01 12:59:53,167] Trial 13 finished with value: -0.010998919599111884 and parameters: {'confidence_threshold': 0.503854589246995, 'training_days': 400, 'n_estimators': 413, 'max_depth': 5, 'num_leaves': 26, 'learning_rate': 0.1263297812055253, 'subsample': 0.8767161339646822, 'colsample_bytree': 0.7082407533656954, 'min_child_samples': 51, 'reg_alpha': 5.118802298244082e-07, 'reg_lambda': 3.9280290511036376e-07}. Best is trial 8 with value: -0.002304588082957225.
[I 2026-06-01 12:59:53,614] Trial 14 finished with value: -0.01664152687896303 and parameters: {'confidence_threshold': 0.5166805703527768, 'training_days': 410, 'n_estimators': 419, 'max_depth': 5, 'num_leaves': 26, 'learning_rate': 0.1646242173101266, 'subsample': 0.9041989898518178, 'colsample_bytree': 0.7098579632475662, 'min_child_samples': 44, 'reg_alpha': 3.1465882351055764e-07, 'reg_lambda': 8.455589229323778e-07}. Best is trial 8 with value: -0.002304588082957225.
[I 2026-06-01 12:59:53,970] Trial 15 finished with value: -0.055682365493159504 and parameters: {'confidence_threshold': 0.5026055290809989, 'training_days': 500, 'n_estimators': 436, 'max_depth': 4, 'num_leaves': 15, 'learning_rate': 0.2662524632365439, 'subsample': 0.8966418548807951, 'colsample_bytree': 0.6200968882668203, 'min_child_samples': 44, 'reg_alpha': 5.011892081220446e-07, 'reg_lambda': 9.294665025482195e-07}. Best is trial 8 with value: -0.002304588082957225.
[I 2026-06-01 12:59:54,268] Trial 16 finished with value: -0.07616844951469312 and parameters: {'confidence_threshold': 0.6823651177196454, 'training_days': 330, 'n_estimators': 279, 'max_depth': 5, 'num_leaves': 25, 'learning_rate': 0.05244721185562069, 'subsample': 0.964974232551383, 'colsample_bytree': 0.7397973507045297, 'min_child_samples': 37, 'reg_alpha': 1.6323832176782968e-06, 'reg_lambda': 0.0019821772168074165}. Best is trial 8 with value: -0.002304588082957225.
[I 2026-06-01 12:59:54,643] Trial 17 finished with value: -0.004059933662652287 and parameters: {'confidence_threshold': 0.5617278450091161, 'training_days': 410, 'n_estimators': 429, 'max_depth': 5, 'num_leaves': 31, 'learning_rate': 0.1588875418566278, 'subsample': 0.8692205520422795, 'colsample_bytree': 0.5225343572251958, 'min_child_samples': 53, 'reg_alpha': 2.360833674183338e-08, 'reg_lambda': 3.0565840734356794e-07}. Best is trial 8 with value: -0.002304588082957225.
[I 2026-06-01 12:59:54,989] A new study created in memory with name: no-name-eb24d0af-9196-448d-b5eb-8f8cdc3e3e08
[I 2026-06-01 12:59:55,193] Trial 0 finished with value: -0.019671812792927172 and parameters: {'confidence_threshold': 0.5870645682749857, 'training_days': 90, 'n_estimators': 403, 'max_depth': 5, 'num_leaves': 45, 'learning_rate': 0.0780457193679974, 'subsample': 0.9428509515574568, 'colsample_bytree': 0.8795587339164916, 'min_child_samples': 34, 'reg_alpha': 2.2465901234314442e-07, 'reg_lambda': 8.339007036475363e-05}. Best is trial 0 with value: -0.019671812792927172.
[I 2026-06-01 12:59:55,307] Trial 1 finished with value: -0.07867950478121692 and parameters: {'confidence_threshold': 0.6348453934275313, 'training_days': 290, 'n_estimators': 115, 'max_depth': 5, 'num_leaves': 37, 'learning_rate': 0.06949568759029946, 'subsample': 0.8228505074024268, 'colsample_bytree': 0.8616703220431751, 'min_child_samples': 75, 'reg_alpha': 4.2486822725010923e-07, 'reg_lambda': 1.157247767047042e-07}. Best is trial 0 with value: -0.019671812792927172.
[I 2026-06-01 12:59:55,331] Trial 2 finished with value: -0.01323465330104855 and parameters: {'confidence_threshold': 0.5849570384370288, 'training_days': 10, 'n_estimators': 212, 'max_depth': 3, 'num_leaves': 41, 'learning_rate': 0.18452095998378365, 'subsample': 0.6001060822924371, 'colsample_bytree': 0.5673167293506167, 'min_child_samples': 37, 'reg_alpha': 5.733250064217131, 'reg_lambda': 0.5308454292595461}. Best is trial 2 with value: -0.01323465330104855.

    [trial 3] 48 features, training_days=490 | threshold=0.832 | labels: 1107 long, 1061 short (51/49%)
    [trial 3] Sharpe=-0.0635 (folds: -0.0453, -0.0538, -0.0484, -0.1944, 0.0245)
    [trial 4] 48 features, training_days=340 | threshold=0.591 | labels: 1107 long, 1061 short (51/49%)
    [trial 4] Sharpe=-0.0779 (folds: -0.1730, -0.1920, 0.0553, -0.1282, 0.0485)
    [trial 5] 48 features, training_days=50 | threshold=0.823 | labels: 1107 long, 1061 short (51/49%)
    [trial 5] Sharpe=-0.0457 (folds: 0.0962, 0.0817, -0.0508, -0.1785, -0.1772)
    [trial 6] 48 features, training_days=410 | threshold=0.549 | labels: 1107 long, 1061 short (51/49%)
    [trial 6] Sharpe=-0.0803 (folds: -0.1954, -0.0495, 0.0238, -0.2146, 0.0342)
    [trial 7] 48 features, training_days=180 | threshold=0.526 | labels: 1107 long, 1061 short (51/49%)
    [trial 7] Sharpe=0.0026 (folds: -0.0424, -0.1031, 0.0944, -0.0094, 0.0734)
    [trial 8] 48 features, training_days=240 | threshold=0.811 | labels: 1107 long, 1061 short (51/49%)
    [trial 8] Sharpe=-0.0835 (folds: -0.2196, 0.0322, -0.1313, -0.2006, 0.1017)
    [trial 9] 48 features, training_days=20 | threshold=0.538 | labels: 1107 long, 1061 short (51/49%)
    [trial 9] Sharpe=-2.0456 (folds: -10.0000, -0.0303, 0.2286, 0.0025, -0.4289)
    [trial 10] 48 features, training_days=150 | threshold=0.680 | labels: 1107 long, 1061 short (51/49%)
    [trial 10] Sharpe=-0.0374 (folds: -0.0299, -0.0995, 0.0596, -0.0091, -0.1082)
    [trial 11] 48 features, training_days=190 | threshold=0.504 | labels: 1107 long, 1061 short (51/49%)
    [trial 11] Sharpe=-0.0190 (folds: -0.0299, -0.0738, -0.0049, -0.0085, 0.0219)
    [trial 12] 48 features, training_days=130 | threshold=0.712 | labels: 1107 long, 1061 short (51/49%)
    [trial 12] Sharpe=-0.0529 (folds: -0.0986, -0.2325, -0.0647, 0.4347, -0.3034)
    [trial 13] 48 features, training_days=300 | threshold=0.609 | labels: 1107 long, 1061 short (51/49%)
    [trial 13] Sharpe=-0.0610 (folds: -0.0214, -0.1391, -0.0001, -0.2704, 0.1260)
    [trial 14] 48 features, training_days=220 | threshold=0.564 | labels: 1107 long, 1061 short (51/49%)
    [trial 14] Sharpe=-0.0250 (folds: 0.0267, -0.1822, -0.0468, -0.0606, 0.1379)
    [trial 15] 48 features, training_days=120 | threshold=0.646 | labels: 1107 long, 1061 short (51/49%)
    [trial 15] Sharpe=-0.1535 (folds: -0.2519, -0.2473, -0.0261, -0.0644, -0.1777)
    [trial 16] 48 features, training_days=80 | threshold=0.741 | labels: 1107 long, 1061 short (51/49%)
    [trial 16] Sharpe=-0.0331 (folds: 0.0028, 0.0240, -0.1418, -0.0195, -0.0311)
    [trial 17] 48 features, training_days=290 | threshold=0.519 | labels: 1107 long, 1061 short (51/49%)
    [trial 17] Sharpe=-0.0555 (folds: -0.1782, -0.1531, 0.0751, -0.1002, 0.0787)
  Optuna: 18 trials, best Sharpe = 0.0103
  Best params: n_estimators=255, max_depth=5, lr=0.0575, leaves=24
  Best confidence_threshold: 0.602
  Best training_days: 190
  Retrained on full data (570 samples, 48 features)
  [ensemble 2/3] seed=123
    [trial 0] 48 features, training_days=150 | threshold=0.744 | labels: 1107 long, 1061 short (51/49%)
    [CV fold 0] train_end=2022-04-24 08:00 | val_start=2022-05-02 00:00 | gap=184h (22 rows)
    [CV fold 1] train_end=2022-08-22 16:00 | val_start=2022-08-30 08:00 | gap=184h (22 rows)
    [CV fold 2] train_end=2022-12-21 00:00 | val_start=2022-12-28 16:00 | gap=184h (22 rows)
    [CV fold 3] train_end=2023-04-20 08:00 | val_start=2023-04-28 00:00 | gap=184h (22 rows)
    [CV fold 4] train_end=2023-08-18 16:00 | val_start=2023-08-26 08:00 | gap=184h (22 rows)
    [trial 0] Sharpe=-0.0681 (folds: -0.1730, -0.1470, 0.0668, 0.0966, -0.1837)
    [trial 1] 48 features, training_days=220 | threshold=0.755 | labels: 1107 long, 1061 short (51/49%)
    [trial 1] Sharpe=-0.1369 (folds: -0.7078, -0.0620, -0.5272, 0.4823, 0.1303)
    [trial 2] 48 features, training_days=310 | threshold=0.754 | labels: 1107 long, 1061 short (51/49%)
    [trial 2] Sharpe=-0.0370 (folds: -0.0635, 0.1036, 0.0117, -0.3182, 0.0813)
    [trial 3] 48 features, training_days=220 | threshold=0.673 | labels: 1107 long, 1061 short (51/49%)
    [trial 3] Sharpe=-0.0219 (folds: -0.0281, -0.2370, 0.0547, -0.0357, 0.1367)
    [trial 4] 48 features, training_days=130 | threshold=0.803 | labels: 1107 long, 1061 short (51/49%)
    [trial 4] Sharpe=-0.0816 (folds: -0.0487, -0.2208, -0.1225, 0.0765, -0.0924)
    [trial 5] 48 features, training_days=210 | threshold=0.606 | labels: 1107 long, 1061 short (51/49%)
    [trial 5] Sharpe=-0.0142 (folds: 0.0004, -0.0911, -0.0319, -0.0280, 0.0795)
    [trial 6] 48 features, training_days=130 | threshold=0.767 | labels: 1107 long, 1061 short (51/49%)
    [trial 6] Sharpe=-0.0853 (folds: -0.0615, -0.1609, 0.0082, 0.0154, -0.2277)
    [trial 7] 48 features, training_days=80 | threshold=0.556 | labels: 1107 long, 1061 short (51/49%)
    [trial 7] Sharpe=-0.0410 (folds: 0.0309, -0.0024, -0.0744, -0.0426, -0.1164)
    [trial 8] 48 features, training_days=200 | threshold=0.607 | labels: 1107 long, 1061 short (51/49%)
    [trial 8] Sharpe=-0.0023 (folds: -0.0427, -0.0693, 0.0236, 0.0173, 0.0595)
    [trial 9] 48 features, training_days=260 | threshold=0.620 | labels: 1107 long, 1061 short (51/49%)
    [trial 9] Sharpe=-0.0654 (folds: -0.0907, -0.1135, 0.0092, -0.1619, 0.0297)
    [trial 10] 48 features, training_days=470 | threshold=0.534 | labels: 1107 long, 1061 short (51/49%)
    [trial 10] Sharpe=-0.0466 (folds: -0.0506, -0.1618, 0.0304, -0.1971, 0.1463)
    [trial 11] 48 features, training_days=360 | threshold=0.607 | labels: 1107 long, 1061 short (51/49%)
    [trial 11] Sharpe=-0.0530 (folds: 0.0165, -0.1414, -0.0189, -0.1866, 0.0655)
    [trial 12] 48 features, training_days=20 | threshold=0.618 | labels: 1107 long, 1061 short (51/49%)
    [trial 12] Sharpe=-2.0456 (folds: -10.0000, -0.0303, 0.2286, 0.0025, -0.4289)
    [trial 13] 48 features, training_days=400 | threshold=0.504 | labels: 1107 long, 1061 short (51/49%)
    [trial 13] Sharpe=-0.0110 (folds: 0.0456, -0.1766, 0.0519, -0.1161, 0.1402)
    [trial 14] 48 features, training_days=410 | threshold=0.517 | labels: 1107 long, 1061 short (51/49%)
    [trial 14] Sharpe=-0.0166 (folds: 0.0419, -0.1348, 0.0603, -0.1821, 0.1315)
    [trial 15] 48 features, training_days=500 | threshold=0.503 | labels: 1107 long, 1061 short (51/49%)
    [trial 15] Sharpe=-0.0557 (folds: 0.0522, -0.1329, 0.0607, -0.1703, -0.0882)
    [trial 16] 48 features, training_days=330 | threshold=0.682 | labels: 1107 long, 1061 short (51/49%)
    [trial 16] Sharpe=-0.0762 (folds: -0.0408, -0.1390, 0.0430, -0.2486, 0.0045)
    [trial 17] 48 features, training_days=410 | threshold=0.562 | labels: 1107 long, 1061 short (51/49%)
    [trial 17] Sharpe=-0.0041 (folds: 0.0479, -0.1396, 0.0515, -0.1000, 0.1200)
  Optuna: 18 trials, best Sharpe = -0.0023
  Best params: n_estimators=367, max_depth=5, lr=0.1338, leaves=32
  Best confidence_threshold: 0.607
  Best training_days: 200
  Retrained on full data (600 samples, 48 features)
  [ensemble 3/3] seed=456
    [trial 0] 48 features, training_days=90 | threshold=0.587 | labels: 1107 long, 1061 short (51/49%)
    [CV fold 0] train_end=2022-04-24 08:00 | val_start=2022-05-02 00:00 | gap=184h (22 rows)
    [CV fold 1] train_end=2022-08-22 16:00 | val_start=2022-08-30 08:00 | gap=184h (22 rows)
    [CV fold 2] train_end=2022-12-21 00:00 | val_start=2022-12-28 16:00 | gap=184h (22 rows)
    [CV fold 3] train_end=2023-04-20 08:00 | val_start=2023-04-28 00:00 | gap=184h (22 rows)
    [CV fold 4] train_end=2023-08-18 16:00 | val_start=2023-08-26 08:00 | gap=184h (22 rows)
    [trial 0] Sharpe=-0.0197 (folds: 0.0067, 0.0227, 0.0462, -0.0976, -0.0764)
    [trial 1] 48 features, training_days=290 | threshold=0.635 | labels: 1107 long, 1061 short (51/49%)
    [trial 1] Sharpe=-0.0787 (folds: -0.1123, -0.1110, -0.0058, -0.2532, 0.0889)
    [trial 2] 48 features, training_days=10 | threshold=0.585 | labels: 1107 long, 1061 short (51/49%)
    [trial 2] Sharpe=-0.0132 (folds: 0.1619, -0.0303, 0.2286, 0.0025, -0.4289)
    [trial 3] 48 features, training_days=220 | threshold=0.687 | labels: 1107 long, 1061 short (51/49%)
    [trial 3] Sharpe=-0.0453 (folds: -0.1910, -0.1788, -0.0272, -0.0506, 0.2211)[I 2026-06-01 12:59:55,409] Trial 3 finished with value: -0.04531424689499241 and parameters: {'confidence_threshold': 0.6868248626683718, 'training_days': 220, 'n_estimators': 134, 'max_depth': 3, 'num_leaves': 45, 'learning_rate': 0.033529007907491595, 'subsample': 0.8647277071858408, 'colsample_bytree': 0.778494116634046, 'min_child_samples': 96, 'reg_alpha': 2.409409937265785e-07, 'reg_lambda': 1.1642073478060009}. Best is trial 2 with value: -0.01323465330104855.
[I 2026-06-01 12:59:55,507] Trial 4 finished with value: -0.01138019654171048 and parameters: {'confidence_threshold': 0.5623121348350352, 'training_days': 300, 'n_estimators': 69, 'max_depth': 4, 'num_leaves': 32, 'learning_rate': 0.14967629360700346, 'subsample': 0.5054535233636654, 'colsample_bytree': 0.7401385194659216, 'min_child_samples': 27, 'reg_alpha': 1.4212042567426725e-07, 'reg_lambda': 0.23605753701352003}. Best is trial 4 with value: -0.01138019654171048.
[I 2026-06-01 12:59:55,929] Trial 5 finished with value: -0.05133149985632721 and parameters: {'confidence_threshold': 0.7111850244908446, 'training_days': 490, 'n_estimators': 362, 'max_depth': 5, 'num_leaves': 40, 'learning_rate': 0.05960785724162737, 'subsample': 0.5589714368907717, 'colsample_bytree': 0.6659006943232806, 'min_child_samples': 42, 'reg_alpha': 0.6741360303045295, 'reg_lambda': 6.054601607143087e-08}. Best is trial 4 with value: -0.01138019654171048.
[I 2026-06-01 12:59:56,113] Trial 6 finished with value: -0.02669323291642995 and parameters: {'confidence_threshold': 0.667482545748023, 'training_days': 420, 'n_estimators': 279, 'max_depth': 3, 'num_leaves': 45, 'learning_rate': 0.040099592560849204, 'subsample': 0.8563114696415159, 'colsample_bytree': 0.5442917781944105, 'min_child_samples': 50, 'reg_alpha': 1.6407916423707903e-08, 'reg_lambda': 2.935907642973286e-05}. Best is trial 4 with value: -0.01138019654171048.
[I 2026-06-01 12:59:56,269] Trial 7 finished with value: -0.08446436708771798 and parameters: {'confidence_threshold': 0.5497381024139926, 'training_days': 120, 'n_estimators': 408, 'max_depth': 5, 'num_leaves': 38, 'learning_rate': 0.28049122657745795, 'subsample': 0.8806573338635493, 'colsample_bytree': 0.5454054113547102, 'min_child_samples': 63, 'reg_alpha': 0.01263008637940408, 'reg_lambda': 0.04588020805366937}. Best is trial 4 with value: -0.01138019654171048.
[I 2026-06-01 12:59:56,543] Trial 8 finished with value: -0.06239276902740838 and parameters: {'confidence_threshold': 0.719644804808716, 'training_days': 450, 'n_estimators': 410, 'max_depth': 4, 'num_leaves': 57, 'learning_rate': 0.04022026551478857, 'subsample': 0.5336085426932707, 'colsample_bytree': 0.5705742850577543, 'min_child_samples': 100, 'reg_alpha': 5.916398047912201e-07, 'reg_lambda': 0.9794034214488329}. Best is trial 4 with value: -0.01138019654171048.
[I 2026-06-01 12:59:56,569] Trial 9 finished with value: -6.09183716021637 and parameters: {'confidence_threshold': 0.7267463643917187, 'training_days': 20, 'n_estimators': 337, 'max_depth': 5, 'num_leaves': 23, 'learning_rate': 0.022153031811454605, 'subsample': 0.6305627572358737, 'colsample_bytree': 0.6613413774216214, 'min_child_samples': 81, 'reg_alpha': 5.7638634029410314e-08, 'reg_lambda': 8.26603016764008}. Best is trial 4 with value: -0.01138019654171048.
[I 2026-06-01 12:59:56,666] Trial 10 finished with value: -0.03457115650775883 and parameters: {'confidence_threshold': 0.8398533911817929, 'training_days': 320, 'n_estimators': 52, 'max_depth': 4, 'num_leaves': 15, 'learning_rate': 0.1708019296390162, 'subsample': 0.7130289643560688, 'colsample_bytree': 0.9944479338273263, 'min_child_samples': 23, 'reg_alpha': 6.837313901272251e-05, 'reg_lambda': 0.007549769720510555}. Best is trial 4 with value: -0.01138019654171048.
[I 2026-06-01 12:59:56,780] Trial 11 finished with value: -0.008018403993848476 and parameters: {'confidence_threshold': 0.5379676273538253, 'training_days': 180, 'n_estimators': 204, 'max_depth': 3, 'num_leaves': 29, 'learning_rate': 0.13801824878993882, 'subsample': 0.5002496713119235, 'colsample_bytree': 0.6708638410329584, 'min_child_samples': 21, 'reg_alpha': 4.71960309647786, 'reg_lambda': 0.007687944390807006}. Best is trial 11 with value: -0.008018403993848476.
[I 2026-06-01 12:59:56,968] Trial 12 finished with value: -0.03384839261694131 and parameters: {'confidence_threshold': 0.5115366705732524, 'training_days': 200, 'n_estimators': 198, 'max_depth': 4, 'num_leaves': 26, 'learning_rate': 0.12411615325331521, 'subsample': 0.5113037912630438, 'colsample_bytree': 0.7179310383001429, 'min_child_samples': 20, 'reg_alpha': 5.8238500617376337e-05, 'reg_lambda': 0.0022105109201275095}. Best is trial 11 with value: -0.008018403993848476.
[I 2026-06-01 12:59:57,054] Trial 13 finished with value: -0.05278536598294524 and parameters: {'confidence_threshold': 0.5009668550695914, 'training_days': 360, 'n_estimators': 50, 'max_depth': 4, 'num_leaves': 30, 'learning_rate': 0.11357167740469078, 'subsample': 0.6896619104000163, 'colsample_bytree': 0.7964950430311403, 'min_child_samples': 27, 'reg_alpha': 0.00930131356579549, 'reg_lambda': 0.03361773949482451}. Best is trial 11 with value: -0.008018403993848476.
[I 2026-06-01 12:59:57,297] Trial 14 finished with value: 0.0012021809998856055 and parameters: {'confidence_threshold': 0.6082883351792399, 'training_days': 180, 'n_estimators': 500, 'max_depth': 3, 'num_leaves': 31, 'learning_rate': 0.27426317011357787, 'subsample': 0.6567168684613636, 'colsample_bytree': 0.658600878541351, 'min_child_samples': 53, 'reg_alpha': 8.89994029139661e-06, 'reg_lambda': 0.0005812594697021825}. Best is trial 14 with value: 0.0012021809998856055.
[I 2026-06-01 12:59:57,518] Trial 15 finished with value: -0.019903467545060775 and parameters: {'confidence_threshold': 0.63588465956968, 'training_days': 160, 'n_estimators': 477, 'max_depth': 3, 'num_leaves': 18, 'learning_rate': 0.010051447858271811, 'subsample': 0.7714781855681041, 'colsample_bytree': 0.6340082704444222, 'min_child_samples': 56, 'reg_alpha': 0.002133995302102601, 'reg_lambda': 2.582339790441249e-06}. Best is trial 14 with value: 0.0012021809998856055.
[I 2026-06-01 12:59:57,671] Trial 16 finished with value: 0.003597901502802034 and parameters: {'confidence_threshold': 0.7809712285122007, 'training_days': 230, 'n_estimators': 244, 'max_depth': 3, 'num_leaves': 55, 'learning_rate': 0.294792541648729, 'subsample': 0.6445597718547219, 'colsample_bytree': 0.621264366424942, 'min_child_samples': 64, 'reg_alpha': 7.827345118464819e-06, 'reg_lambda': 0.0008362364127125189}. Best is trial 16 with value: 0.003597901502802034.
