[I 2026-06-01 12:56:38,800] Trial 17 finished with value: 0.14797766629714157 and parameters: {'confidence_threshold': 0.773117637686033, 'training_days': 280, 'n_estimators': 178, 'max_depth': 4, 'num_leaves': 62, 'learning_rate': 0.025986180097530998, 'subsample': 0.8166496944734324, 'colsample_bytree': 0.8241637570156474, 'min_child_samples': 70, 'reg_alpha': 2.453653279910662e-06, 'reg_lambda': 0.001352150060975526}. Best is trial 17 with value: 0.14797766629714157.
[I 2026-06-01 12:56:39,163] A new study created in memory with name: no-name-1ba41e58-150e-4b2d-b00a-b26c974f83bf

    [CV fold 3] train_end=2021-08-18 08:00 | val_start=2021-08-26 00:00 | gap=184h (22 rows)
    [CV fold 4] train_end=2021-12-16 16:00 | val_start=2021-12-24 08:00 | gap=184h (22 rows)
    [trial 0] Sharpe=0.0284 (folds: 0.0931, 0.2511, -0.1119, -0.0279, -0.0623)
    [trial 1] 48 features, training_days=290 | threshold=0.635 | labels: 1209 long, 959 short (56/44%)
    [trial 1] Sharpe=0.1462 (folds: 0.1933, 0.2689, 0.0780, 0.1280, 0.0628)
    [trial 2] 48 features, training_days=10 | threshold=0.585 | labels: 1209 long, 959 short (56/44%)
    [trial 2] Sharpe=-0.1602 (folds: -0.5723, -0.2333, 0.1271, -0.0940, -0.0287)
    [trial 3] 48 features, training_days=220 | threshold=0.687 | labels: 1209 long, 959 short (56/44%)
    [trial 3] Sharpe=0.1258 (folds: 0.4211, 0.1365, 0.0222, 0.1093, -0.0600)
    [trial 4] 48 features, training_days=300 | threshold=0.562 | labels: 1209 long, 959 short (56/44%)
    [trial 4] Sharpe=0.1118 (folds: 0.1402, 0.2442, 0.0290, 0.1021, 0.0435)
    [trial 5] 48 features, training_days=490 | threshold=0.711 | labels: 1209 long, 959 short (56/44%)
    [trial 5] Sharpe=0.0762 (folds: 0.1376, 0.1920, 0.0445, 0.0941, -0.0873)
    [trial 6] 48 features, training_days=420 | threshold=0.667 | labels: 1209 long, 959 short (56/44%)
    [trial 6] Sharpe=0.1253 (folds: 0.1688, 0.1729, 0.0747, 0.1363, 0.0737)
    [trial 7] 48 features, training_days=120 | threshold=0.550 | labels: 1209 long, 959 short (56/44%)
    [trial 7] Sharpe=0.0569 (folds: 0.1775, 0.1847, -0.0725, 0.1651, -0.1703)
    [trial 8] 48 features, training_days=450 | threshold=0.720 | labels: 1209 long, 959 short (56/44%)
    [trial 8] Sharpe=0.1180 (folds: 0.3467, 0.2386, 0.0300, 0.1265, -0.1517)
    [trial 9] 48 features, training_days=20 | threshold=0.727 | labels: 1209 long, 959 short (56/44%)
    [trial 9] Sharpe=-5.9229 (folds: -10.0000, 0.3065, -10.0000, 0.0790, -10.0000)
    [trial 10] 48 features, training_days=320 | threshold=0.840 | labels: 1209 long, 959 short (56/44%)
    [trial 10] Sharpe=-1.8850 (folds: 0.6972, 0.1177, 0.1173, -0.3573, -10.0000)
    [trial 11] 48 features, training_days=210 | threshold=0.644 | labels: 1209 long, 959 short (56/44%)
    [trial 11] Sharpe=0.1304 (folds: 0.4019, 0.0811, 0.0616, 0.1579, -0.0504)
    [trial 12] 48 features, training_days=220 | threshold=0.631 | labels: 1209 long, 959 short (56/44%)
    [trial 12] Sharpe=0.1206 (folds: 0.3014, 0.1106, 0.1059, 0.0782, 0.0070)
    [trial 13] 48 features, training_days=350 | threshold=0.504 | labels: 1209 long, 959 short (56/44%)
    [trial 13] Sharpe=0.1096 (folds: 0.1881, 0.1937, 0.0251, 0.1060, 0.0348)
    [trial 14] 48 features, training_days=170 | threshold=0.772 | labels: 1209 long, 959 short (56/44%)
    [trial 14] Sharpe=0.0360 (folds: 0.2076, 0.0753, -0.0431, 0.0146, -0.0743)
    [trial 15] 48 features, training_days=250 | threshold=0.643 | labels: 1209 long, 959 short (56/44%)
    [trial 15] Sharpe=0.1110 (folds: 0.1648, 0.1853, 0.0214, 0.1942, -0.0106)
    [trial 16] 48 features, training_days=380 | threshold=0.639 | labels: 1209 long, 959 short (56/44%)
    [trial 16] Sharpe=0.1089 (folds: 0.1721, 0.2041, 0.0263, 0.2046, -0.0629)
    [trial 17] 48 features, training_days=280 | threshold=0.773 | labels: 1209 long, 959 short (56/44%)
    [trial 17] Sharpe=0.1480 (folds: 0.4245, 0.2053, -0.0482, -0.0524, 0.2107)
  Optuna: 18 trials, best Sharpe = 0.1480
  Best params: n_estimators=178, max_depth=4, lr=0.0260, leaves=62
  Best confidence_threshold: 0.773
  Best training_days: 280
  Retrained on full data (840 samples, 48 features)
  OOD: 16 features, cutoff (q=0.7) = 8.87
  Model trained for 2022-05: 93 test candles with features, confidence_threshold=0.706
[predict] 2022-05-02 08:00 BTCUSDT → SHORT (proba=0.78 TP=8.3%/SL=4.2%)
[trade:open] 2022-05-02 15:59 BTCUSDT SHORT @ 38692.10 | SL=40302.20 TP=35471.90 | timeout=2022-05-09 15:59
[trade:close] 2022-05-05 23:59 BTCUSDT SHORT → take_profit @ 35471.90 | PnL=+8.32% (net +8.22%) | cum=-4.91% 2022-05=+8.22% 2022-05-05=+8.22%
[predict] 2022-05-13 00:00 BTCUSDT → LONG (proba=0.71 TP=23.3%/SL=11.7%)
[trade:open] 2022-05-13 07:59 BTCUSDT LONG @ 30172.30 | SL=26650.53 TP=37215.83 | timeout=2022-05-20 07:59
[trade:close] 2022-05-20 08:00 BTCUSDT LONG → timeout @ 30251.60 | PnL=+0.26% (net +0.16%) | cum=-4.75% 2022-05=+8.39% 2022-05-20=+0.16%
[predict] 2022-05-21 00:00 BTCUSDT → LONG (proba=0.81 TP=13.4%/SL=6.7%)
[trade:open] 2022-05-21 07:59 BTCUSDT LONG @ 29411.10 | SL=27441.56 TP=33350.19 | timeout=2022-05-28 07:59
[trade:close] 2022-05-28 08:00 BTCUSDT LONG → timeout @ 28871.00 | PnL=-1.84% (net -1.94%) | cum=-6.68% 2022-05=+6.45% 2022-05-28=-1.94%
[lgbm] === Training for 2022-06 ===
  Train window: 2020-06-01 → 2022-05-24
  2168 training samples from 1 symbols
  Samples per month: 2020-06: 90, 2020-07: 93, 2020-08: 93, 2020-09: 90, 2020-10: 93, 2020-11: 90, 2020-12: 93, 2021-01: 93, 2021-02: 84, 2021-03: 93, 2021-04: 90, 2021-05: 93, 2021-06: 90, 2021-07: 93, 2021-08: 93, 2021-09: 90, 2021-10: 93, 2021-11: 90, 2021-12: 93, 2022-01: 93, 2022-02: 84, 2022-03: 93, 2022-04: 90, 2022-05: 71
  [label] 2020-08-01 16:00 BTCUSDT entry=11811.4200 → SHORT | long=sl(-4.60%) short=tp(+8.90%) | scanned=1 | short_tp_only
  [label] 2020-08-03 16:00 BTCUSDT entry=11227.0700 → LONG | long=timeout(+5.87%) short=sl(-6.19%) | scanned=22 | no_tp→fwd_return=+5.9661
  [label] 2020-08-07 16:00 BTCUSDT entry=11596.0600 → LONG | long=timeout(+1.38%) short=timeout(-1.58%) | scanned=22 | no_tp→fwd_return=+1.4818
  [label] 2020-09-01 08:00 BTCUSDT entry=12049.1300 → SHORT | long=sl(-2.91%) short=tp(+5.51%) | scanned=3 | short_tp_only
  [label] 2020-10-23 16:00 BTCUSDT entry=12925.8200 → LONG | long=timeout(+4.72%) short=sl(-3.74%) | scanned=22 | no_tp→fwd_return=+4.8221
  [label] 2021-04-07 16:00 BTCUSDT entry=56018.1800 → LONG | long=tp(+9.09%) short=sl(-4.69%) | scanned=7 | long_tp_only
  [label] 2021-04-11 16:00 BTCUSDT entry=60090.2000 → SHORT | long=sl(-4.28%) short=sl(-4.28%) | scanned=19 | no_tp→fwd_return=-6.4460
  [label] 2021-04-22 08:00 BTCUSDT entry=54672.0700 → SHORT | long=sl(-7.65%) short=timeout(+1.59%) | scanned=22 | no_tp→fwd_return=-1.6888
  [label] 2021-06-06 08:00 BTCUSDT entry=36159.2400 → SHORT | long=sl(-7.78%) short=timeout(+0.32%) | scanned=22 | no_tp→fwd_return=-0.4194
  [label] 2021-06-14 16:00 BTCUSDT entry=40489.1000 → SHORT | long=sl(-7.38%) short=tp(+14.45%) | scanned=17 | short_tp_only
  [label] 2021-09-13 00:00 BTCUSDT entry=44492.1400 → LONG | long=timeout(+0.65%) short=sl(-5.92%) | scanned=22 | no_tp→fwd_return=+0.7498
  [label] 2021-10-15 00:00 BTCUSDT entry=59290.7800 → LONG | long=tp(+10.59%) short=sl(-5.44%) | scanned=16 | long_tp_only
  [label] 2021-10-31 00:00 BTCUSDT entry=61413.3400 → LONG | long=timeout(+0.55%) short=timeout(-0.75%) | scanned=22 | no_tp→fwd_return=+0.6529
  [label] 2021-11-12 16:00 BTCUSDT entry=64156.0800 → SHORT | long=sl(-5.27%) short=tp(+10.24%) | scanned=18 | short_tp_only
  [label] 2021-12-01 08:00 BTCUSDT entry=58650.2500 → SHORT | long=sl(-5.43%) short=tp(+10.57%) | scanned=7 | short_tp_only
  [label] 2021-12-07 16:00 BTCUSDT entry=50577.2000 → SHORT | long=sl(-7.75%) short=timeout(+4.35%) | scanned=22 | no_tp→fwd_return=-4.4549
  [label] 2021-12-20 00:00 BTCUSDT entry=46421.6600 → LONG | long=tp(+10.97%) short=sl(-5.64%) | scanned=14 | long_tp_only
  [label] 2022-01-28 08:00 BTCUSDT entry=37169.9900 → LONG | long=timeout(+6.12%) short=timeout(-6.32%) | scanned=22 | no_tp→fwd_return=+6.2193
  [label] 2022-02-07 08:00 BTCUSDT entry=43805.2600 → SHORT | long=sl(-4.94%) short=timeout(+2.73%) | scanned=22 | no_tp→fwd_return=-2.8313
  [label] 2022-05-04 08:00 BTCUSDT entry=38969.0000 → SHORT | long=sl(-3.86%) short=tp(+7.43%) | scanned=3 | short_tp_only
  Labels: 1168 long (53.9%), 1000 short (46.1%) | weights: min=1.00, mean=3.47, max=10.00
  Features: 2168/2168 matched, 48 columns
  CV gap: 22 rows
  [ensemble 1/3] seed=42
    [trial 0] 48 features, training_days=480 | threshold=0.631 | labels: 1168 long, 1000 short (54/46%)
    [CV fold 0] train_end=2020-09-22 08:00 | val_start=2020-09-30 00:00 | gap=184h (22 rows)[I 2026-06-01 12:56:39,487] Trial 0 finished with value: 4.4997322192863456e-05 and parameters: {'confidence_threshold': 0.6310890415965769, 'training_days': 480, 'n_estimators': 380, 'max_depth': 4, 'num_leaves': 22, 'learning_rate': 0.01699897838270077, 'subsample': 0.5290418060840998, 'colsample_bytree': 0.9330880728874675, 'min_child_samples': 68, 'reg_alpha': 0.023585940584142682, 'reg_lambda': 1.5320059381854043e-08}. Best is trial 0 with value: 4.4997322192863456e-05.
[I 2026-06-01 12:56:39,596] Trial 1 finished with value: -1.9600103214168239 and parameters: {'confidence_threshold': 0.839468448256698, 'training_days': 420, 'n_estimators': 145, 'max_depth': 3, 'num_leaves': 23, 'learning_rate': 0.028145092716060652, 'subsample': 0.762378215816119, 'colsample_bytree': 0.7159725093210578, 'min_child_samples': 43, 'reg_alpha': 0.0032112643094417484, 'reg_lambda': 1.8007140198129195e-07}. Best is trial 0 with value: 4.4997322192863456e-05.
[I 2026-06-01 12:56:39,739] Trial 2 finished with value: -0.050395829068585404 and parameters: {'confidence_threshold': 0.6022506269873263, 'training_days': 190, 'n_estimators': 255, 'max_depth': 5, 'num_leaves': 24, 'learning_rate': 0.05748924681991978, 'subsample': 0.7962072844310213, 'colsample_bytree': 0.5232252063599989, 'min_child_samples': 69, 'reg_alpha': 3.425445902633376e-07, 'reg_lambda': 3.850031979199519e-08}. Best is trial 0 with value: 4.4997322192863456e-05.
[I 2026-06-01 12:56:39,978] Trial 3 finished with value: -0.0905925411000685 and parameters: {'confidence_threshold': 0.8321099380386666, 'training_days': 490, 'n_estimators': 414, 'max_depth': 3, 'num_leaves': 19, 'learning_rate': 0.1024932221692416, 'subsample': 0.7200762468698007, 'colsample_bytree': 0.5610191174223894, 'min_child_samples': 60, 'reg_alpha': 2.039373116525212e-08, 'reg_lambda': 1.527156759251193}. Best is trial 0 with value: 4.4997322192863456e-05.
[I 2026-06-01 12:56:40,147] Trial 4 finished with value: 0.023173248077818766 and parameters: {'confidence_threshold': 0.5905729935600059, 'training_days': 340, 'n_estimators': 190, 'max_depth': 4, 'num_leaves': 41, 'learning_rate': 0.01875220945578641, 'subsample': 0.9847923138822793, 'colsample_bytree': 0.8875664116805573, 'min_child_samples': 96, 'reg_alpha': 1.1309571585271483, 'reg_lambda': 0.002404915432737351}. Best is trial 4 with value: 0.023173248077818766.
[I 2026-06-01 12:56:40,182] Trial 5 finished with value: 0.13155449763922047 and parameters: {'confidence_threshold': 0.8226559822580909, 'training_days': 50, 'n_estimators': 138, 'max_depth': 3, 'num_leaves': 30, 'learning_rate': 0.03750796359625606, 'subsample': 0.6356745158869479, 'colsample_bytree': 0.9143687545759647, 'min_child_samples': 48, 'reg_alpha': 3.376063348877853e-06, 'reg_lambda': 0.0007660634613082914}. Best is trial 5 with value: 0.13155449763922047.
[I 2026-06-01 12:56:40,286] Trial 6 finished with value: 0.03252104221486037 and parameters: {'confidence_threshold': 0.5493234787411669, 'training_days': 410, 'n_estimators': 83, 'max_depth': 5, 'num_leaves': 52, 'learning_rate': 0.019657448966046126, 'subsample': 0.5027610585618012, 'colsample_bytree': 0.9077307142274171, 'min_child_samples': 77, 'reg_alpha': 0.03639690979811287, 'reg_lambda': 0.08738424135626986}. Best is trial 5 with value: 0.13155449763922047.
[I 2026-06-01 12:56:40,377] Trial 7 finished with value: -0.03051710202674034 and parameters: {'confidence_threshold': 0.5259156281069316, 'training_days': 180, 'n_estimators': 102, 'max_depth': 5, 'num_leaves': 45, 'learning_rate': 0.030816017044468066, 'subsample': 0.5317791751430119, 'colsample_bytree': 0.6554911608578311, 'min_child_samples': 46, 'reg_alpha': 0.036851536911881845, 'reg_lambda': 0.005470376807480391}. Best is trial 5 with value: 0.13155449763922047.
[I 2026-06-01 12:56:40,476] Trial 8 finished with value: -0.02086244883107604 and parameters: {'confidence_threshold': 0.8105244599017143, 'training_days': 240, 'n_estimators': 103, 'max_depth': 5, 'num_leaves': 52, 'learning_rate': 0.06746437142284309, 'subsample': 0.8854835899772805, 'colsample_bytree': 0.7468977981821954, 'min_child_samples': 62, 'reg_alpha': 7.04480806377519e-05, 'reg_lambda': 1.6934490731313353e-08}. Best is trial 5 with value: 0.13155449763922047.
[I 2026-06-01 12:56:40,497] Trial 9 finished with value: -0.06993986644148377 and parameters: {'confidence_threshold': 0.5377619994476566, 'training_days': 20, 'n_estimators': 337, 'max_depth': 3, 'num_leaves': 39, 'learning_rate': 0.21907142272152816, 'subsample': 0.6246461145744375, 'colsample_bytree': 0.7051914615178149, 'min_child_samples': 81, 'reg_alpha': 1.1459970229341322e-06, 'reg_lambda': 4.929685216887945e-08}. Best is trial 5 with value: 0.13155449763922047.
[I 2026-06-01 12:56:40,524] Trial 10 finished with value: -2.0093873144837593 and parameters: {'confidence_threshold': 0.7318981109748116, 'training_days': 10, 'n_estimators': 487, 'max_depth': 4, 'num_leaves': 31, 'learning_rate': 0.14704103471568217, 'subsample': 0.628963476300746, 'colsample_bytree': 0.987470107623585, 'min_child_samples': 25, 'reg_alpha': 2.608784411827665e-05, 'reg_lambda': 3.3639426888455256e-06}. Best is trial 5 with value: 0.13155449763922047.
[I 2026-06-01 12:56:40,565] Trial 11 finished with value: -5.9340651960240915 and parameters: {'confidence_threshold': 0.7161090655475574, 'training_days': 110, 'n_estimators': 65, 'max_depth': 4, 'num_leaves': 60, 'learning_rate': 0.011154303114805692, 'subsample': 0.6290161990788976, 'colsample_bytree': 0.8438489693453172, 'min_child_samples': 92, 'reg_alpha': 1.6115749528927317, 'reg_lambda': 0.5855213887055177}. Best is trial 5 with value: 0.13155449763922047.
[I 2026-06-01 12:56:40,716] Trial 12 finished with value: -0.02064680425987304 and parameters: {'confidence_threshold': 0.7456670193224102, 'training_days': 340, 'n_estimators': 206, 'max_depth': 3, 'num_leaves': 33, 'learning_rate': 0.03208899494279826, 'subsample': 0.5222281423323654, 'colsample_bytree': 0.8304278626461432, 'min_child_samples': 45, 'reg_alpha': 0.0006941608047409722, 'reg_lambda': 5.899790100111974e-05}. Best is trial 5 with value: 0.13155449763922047.
[I 2026-06-01 12:56:40,795] Trial 13 finished with value: 0.012176136542122285 and parameters: {'confidence_threshold': 0.663455030204664, 'training_days': 330, 'n_estimators': 60, 'max_depth': 5, 'num_leaves': 62, 'learning_rate': 0.041055899057314625, 'subsample': 0.6803710106053958, 'colsample_bytree': 0.9994455923633134, 'min_child_samples': 80, 'reg_alpha': 4.9164566205838954e-06, 'reg_lambda': 0.05682130535124364}. Best is trial 5 with value: 0.13155449763922047.
[I 2026-06-01 12:56:40,902] Trial 14 finished with value: 0.11975056973804832 and parameters: {'confidence_threshold': 0.7871652886153421, 'training_days': 90, 'n_estimators': 202, 'max_depth': 4, 'num_leaves': 54, 'learning_rate': 0.010586219226284353, 'subsample': 0.5808433054196197, 'colsample_bytree': 0.816535373912939, 'min_child_samples': 31, 'reg_alpha': 3.770845974254184e-08, 'reg_lambda': 0.0002979489411625065}. Best is trial 5 with value: 0.13155449763922047.
[I 2026-06-01 12:56:41,020] Trial 15 finished with value: 0.20262249876791882 and parameters: {'confidence_threshold': 0.7775952481140708, 'training_days': 90, 'n_estimators': 251, 'max_depth': 3, 'num_leaves': 31, 'learning_rate': 0.01002406654804393, 'subsample': 0.5936332549288843, 'colsample_bytree': 0.8100744538922787, 'min_child_samples': 21, 'reg_alpha': 1.0692888771850759e-08, 'reg_lambda': 7.482879404932238e-05}. Best is trial 15 with value: 0.20262249876791882.
[I 2026-06-01 12:56:41,143] Trial 16 finished with value: 0.029792382697920117 and parameters: {'confidence_threshold': 0.7804801620132263, 'training_days': 90, 'n_estimators': 293, 'max_depth': 3, 'num_leaves': 31, 'learning_rate': 0.09197671648676446, 'subsample': 0.6832758279827469, 'colsample_bytree': 0.7895188207605416, 'min_child_samples': 34, 'reg_alpha': 2.687108826802341e-07, 'reg_lambda': 5.604190238592203e-06}. Best is trial 15 with value: 0.20262249876791882.
[I 2026-06-01 12:56:41,286] Trial 17 finished with value: 0.0240940688646898 and parameters: {'confidence_threshold': 0.7711936322836233, 'training_days': 150, 'n_estimators': 261, 'max_depth': 3, 'num_leaves': 15, 'learning_rate': 0.04302553031342478, 'subsample': 0.8366733523272174, 'colsample_bytree': 0.6505152466626335, 'min_child_samples': 24, 'reg_alpha': 1.2901899524789028e-08, 'reg_lambda': 2.523142520672657e-05}. Best is trial 15 with value: 0.20262249876791882.
[I 2026-06-01 12:56:41,381] A new study created in memory with name: no-name-ec6ac6b2-2356-4622-be85-c1062838ec5c
[I 2026-06-01 12:56:41,468] Trial 0 finished with value: -0.006966787956507514 and parameters: {'confidence_threshold': 0.7437642149592516, 'training_days': 150, 'n_estimators': 152, 'max_depth': 4, 'num_leaves': 50, 'learning_rate': 0.04216766425047743, 'subsample': 0.9903820991923078, 'colsample_bytree': 0.8424148692924316, 'min_child_samples': 58, 'reg_alpha': 3.381097259762742e-05, 'reg_lambda': 1.2263152961306247e-05}. Best is trial 0 with value: -0.006966787956507514.
[I 2026-06-01 12:56:41,536] Trial 1 finished with value: -0.11085104903297445 and parameters: {'confidence_threshold': 0.7551673975844145, 'training_days': 220, 'n_estimators': 76, 'max_depth': 4, 'num_leaves': 51, 'learning_rate': 0.018602118810743477, 'subsample': 0.5877258780737462, 'colsample_bytree': 0.7657756869209191, 'min_child_samples': 63, 'reg_alpha': 0.005123994170264194, 'reg_lambda': 0.44145470178120466}. Best is trial 0 with value: -0.006966787956507514.
[I 2026-06-01 12:56:41,759] Trial 2 finished with value: 0.019341493135039304 and parameters: {'confidence_threshold': 0.7535593637012223, 'training_days': 310, 'n_estimators': 375, 'max_depth': 3, 'num_leaves': 32, 'learning_rate': 0.021735641882032388, 'subsample': 0.6468570231944146, 'colsample_bytree': 0.8154880619272439, 'min_child_samples': 27, 'reg_alpha': 8.004064028491336e-05, 'reg_lambda': 7.546835261630524e-05}. Best is trial 2 with value: 0.019341493135039304.
[I 2026-06-01 12:56:41,921] Trial 3 finished with value: -0.08118490307236298 and parameters: {'confidence_threshold': 0.6727897841776072, 'training_days': 220, 'n_estimators': 190, 'max_depth': 4, 'num_leaves': 58, 'learning_rate': 0.24810689332636193, 'subsample': 0.7509183379421682, 'colsample_bytree': 0.8119764758960556, 'min_child_samples': 29, 'reg_alpha': 7.1708285081421445e-06, 'reg_lambda': 5.412973582738627e-05}. Best is trial 2 with value: 0.019341493135039304.
[I 2026-06-01 12:56:42,021] Trial 4 finished with value: -0.04151345712327538 and parameters: {'confidence_threshold': 0.803208205259178, 'training_days': 130, 'n_estimators': 267, 'max_depth': 5, 'num_leaves': 40, 'learning_rate': 0.08041175317374143, 'subsample': 0.5603143329951619, 'colsample_bytree': 0.9131704002534167, 'min_child_samples': 68, 'reg_alpha': 0.0008046593428183385, 'reg_lambda': 1.2158346158765583e-05}. Best is trial 2 with value: 0.019341493135039304.
[I 2026-06-01 12:56:42,237] Trial 5 finished with value: -0.053094494657451155 and parameters: {'confidence_threshold': 0.6064422761595144, 'training_days': 210, 'n_estimators': 357, 'max_depth': 5, 'num_leaves': 40, 'learning_rate': 0.0974221287220869, 'subsample': 0.7929682762811064, 'colsample_bytree': 0.8124517510478, 'min_child_samples': 74, 'reg_alpha': 0.3811377260781234, 'reg_lambda': 5.607314238392041e-08}. Best is trial 2 with value: 0.019341493135039304.
[I 2026-06-01 12:56:42,352] Trial 6 finished with value: -0.00041542529110643044 and parameters: {'confidence_threshold': 0.7672889945051684, 'training_days': 130, 'n_estimators': 137, 'max_depth': 4, 'num_leaves': 19, 'learning_rate': 0.2031117614248665, 'subsample': 0.8136244860256343, 'colsample_bytree': 0.8617081790949774, 'min_child_samples': 21, 'reg_alpha': 0.002238138278733199, 'reg_lambda': 0.001025809534977322}. Best is trial 2 with value: 0.019341493135039304.
[I 2026-06-01 12:56:42,416] Trial 7 finished with value: -0.013574888021340844 and parameters: {'confidence_threshold': 0.555635875450653, 'training_days': 80, 'n_estimators': 363, 'max_depth': 3, 'num_leaves': 48, 'learning_rate': 0.06590089024008658, 'subsample': 0.6944752870615722, 'colsample_bytree': 0.962566244806993, 'min_child_samples': 88, 'reg_alpha': 1.6465620446426067e-05, 'reg_lambda': 2.4678750890085655e-08}. Best is trial 2 with value: 0.019341493135039304.
[I 2026-06-01 12:56:42,744] Trial 8 finished with value: -0.06832665395308987 and parameters: {'confidence_threshold': 0.6066688256938841, 'training_days': 200, 'n_estimators': 367, 'max_depth': 5, 'num_leaves': 32, 'learning_rate': 0.13377519215934996, 'subsample': 0.7965884582811106, 'colsample_bytree': 0.8458508993500886, 'min_child_samples': 32, 'reg_alpha': 3.889436043816386e-05, 'reg_lambda': 1.4713062489380356e-06}. Best is trial 2 with value: 0.019341493135039304.
