[I 2026-06-01 12:58:55,412] Trial 9 finished with value: -2.031976005912509 and parameters: {'confidence_threshold': 0.7267463643917187, 'training_days': 20, 'n_estimators': 337, 'max_depth': 5, 'num_leaves': 23, 'learning_rate': 0.022153031811454605, 'subsample': 0.6305627572358737, 'colsample_bytree': 0.6613413774216214, 'min_child_samples': 81, 'reg_alpha': 5.7638634029410314e-08, 'reg_lambda': 8.26603016764008}. Best is trial 2 with value: 0.08108204347326808.
[I 2026-06-01 12:58:55,446] Trial 10 finished with value: -1.9350245947556437 and parameters: {'confidence_threshold': 0.8398533911817929, 'training_days': 10, 'n_estimators': 228, 'max_depth': 3, 'num_leaves': 15, 'learning_rate': 0.2789359567293539, 'subsample': 0.6821883053833926, 'colsample_bytree': 0.9944479338273263, 'min_child_samples': 23, 'reg_alpha': 2.903134294418681, 'reg_lambda': 0.0032849428938367974}. Best is trial 2 with value: 0.08108204347326808.
[I 2026-06-01 12:58:55,775] Trial 11 finished with value: -0.18786720798633358 and parameters: {'confidence_threshold': 0.7828153509856826, 'training_days': 390, 'n_estimators': 478, 'max_depth': 4, 'num_leaves': 61, 'learning_rate': 0.010149195339562909, 'subsample': 0.6166034018233607, 'colsample_bytree': 0.5017024210185925, 'min_child_samples': 100, 'reg_alpha': 3.2680883584933693e-05, 'reg_lambda': 0.0116807260968321}. Best is trial 2 with value: 0.08108204347326808.
[I 2026-06-01 12:58:55,927] Trial 12 finished with value: -0.035962440826259524 and parameters: {'confidence_threshold': 0.5145853631584999, 'training_days': 190, 'n_estimators': 219, 'max_depth': 4, 'num_leaves': 61, 'learning_rate': 0.12684915465165553, 'subsample': 0.7320962322476842, 'colsample_bytree': 0.6281898303671872, 'min_child_samples': 55, 'reg_alpha': 5.232970147002359e-05, 'reg_lambda': 8.063057934030398}. Best is trial 2 with value: 0.08108204347326808.
[I 2026-06-01 12:58:56,059] Trial 13 finished with value: -0.051069749666594555 and parameters: {'confidence_threshold': 0.5007578887007379, 'training_days': 180, 'n_estimators': 205, 'max_depth': 4, 'num_leaves': 55, 'learning_rate': 0.13269709925057152, 'subsample': 0.7481153425476467, 'colsample_bytree': 0.633238312765511, 'min_child_samples': 54, 'reg_alpha': 0.00034747152340043093, 'reg_lambda': 6.822293390117055}. Best is trial 2 with value: 0.08108204347326808.
[I 2026-06-01 12:58:56,164] Trial 14 finished with value: -0.03416106034332981 and parameters: {'confidence_threshold': 0.5057563615222779, 'training_days': 120, 'n_estimators': 212, 'max_depth': 3, 'num_leaves': 52, 'learning_rate': 0.13554579800014765, 'subsample': 0.7364928321817219, 'colsample_bytree': 0.6122042522489388, 'min_child_samples': 41, 'reg_alpha': 0.02707476070013714, 'reg_lambda': 0.0012308414650161585}. Best is trial 2 with value: 0.08108204347326808.
[I 2026-06-01 12:58:56,255] Trial 15 finished with value: -0.09129366575394296 and parameters: {'confidence_threshold': 0.6098306084926507, 'training_days': 100, 'n_estimators': 166, 'max_depth': 3, 'num_leaves': 51, 'learning_rate': 0.17207597477912198, 'subsample': 0.6697877592847596, 'colsample_bytree': 0.7160387341669634, 'min_child_samples': 39, 'reg_alpha': 0.10733538167332386, 'reg_lambda': 2.582339790441249e-06}. Best is trial 2 with value: 0.08108204347326808.
[I 2026-06-01 12:58:56,329] Trial 16 finished with value: -0.03972902879310719 and parameters: {'confidence_threshold': 0.5417929321116559, 'training_days': 60, 'n_estimators': 277, 'max_depth': 3, 'num_leaves': 29, 'learning_rate': 0.10480456467283118, 'subsample': 0.5929811194170346, 'colsample_bytree': 0.5967120517736741, 'min_child_samples': 45, 'reg_alpha': 0.012388577523000672, 'reg_lambda': 0.000855876310048679}. Best is trial 2 with value: 0.08108204347326808.
[I 2026-06-01 12:58:56,423] Trial 17 finished with value: 6.620683125034832e-05 and parameters: {'confidence_threshold': 0.6118939741680012, 'training_days': 150, 'n_estimators': 312, 'max_depth': 3, 'num_leaves': 52, 'learning_rate': 0.19736891279684507, 'subsample': 0.8002407697944357, 'colsample_bytree': 0.5068774116861596, 'min_child_samples': 33, 'reg_alpha': 7.5887192437265565, 'reg_lambda': 5.076676689880016e-06}. Best is trial 2 with value: 0.08108204347326808.

  Best params: n_estimators=103, max_depth=5, lr=0.0675, leaves=52
  Best confidence_threshold: 0.811
  Best training_days: 240
  Retrained on full data (720 samples, 48 features)
  [ensemble 2/3] seed=123
    [trial 0] 48 features, training_days=150 | threshold=0.744 | labels: 1066 long, 1102 short (49/51%)
    [CV fold 0] train_end=2021-10-22 08:00 | val_start=2021-10-30 00:00 | gap=184h (22 rows)
    [CV fold 1] train_end=2022-02-19 16:00 | val_start=2022-02-27 08:00 | gap=184h (22 rows)
    [CV fold 2] train_end=2022-06-20 00:00 | val_start=2022-06-27 16:00 | gap=184h (22 rows)
    [CV fold 3] train_end=2022-10-18 08:00 | val_start=2022-10-26 00:00 | gap=184h (22 rows)
    [CV fold 4] train_end=2023-02-15 16:00 | val_start=2023-02-23 08:00 | gap=184h (22 rows)
    [trial 0] Sharpe=-0.0458 (folds: 0.0905, -0.1678, -0.0806, -0.2163, 0.1452)
    [trial 1] 48 features, training_days=220 | threshold=0.755 | labels: 1066 long, 1102 short (49/51%)
    [trial 1] Sharpe=-2.0885 (folds: -0.0252, -0.5333, 0.2866, -0.1705, -10.0000)
    [trial 2] 48 features, training_days=310 | threshold=0.754 | labels: 1066 long, 1102 short (49/51%)
    [trial 2] Sharpe=-0.0978 (folds: -0.0089, -0.1916, 0.0411, -0.2397, -0.0897)
    [trial 3] 48 features, training_days=220 | threshold=0.673 | labels: 1066 long, 1102 short (49/51%)
    [trial 3] Sharpe=-0.1039 (folds: -0.0693, -0.1533, 0.0612, -0.2636, -0.0946)
    [trial 4] 48 features, training_days=130 | threshold=0.803 | labels: 1066 long, 1102 short (49/51%)
    [trial 4] Sharpe=-0.0345 (folds: 0.0571, -0.1513, 0.0003, -0.2284, 0.1500)
    [trial 5] 48 features, training_days=210 | threshold=0.606 | labels: 1066 long, 1102 short (49/51%)
    [trial 5] Sharpe=-0.0470 (folds: 0.0797, -0.0612, -0.0128, -0.2271, -0.0135)
    [trial 6] 48 features, training_days=130 | threshold=0.767 | labels: 1066 long, 1102 short (49/51%)
    [trial 6] Sharpe=-0.0402 (folds: -0.0582, -0.1081, 0.0271, -0.2178, 0.1559)
    [trial 7] 48 features, training_days=80 | threshold=0.556 | labels: 1066 long, 1102 short (49/51%)
    [trial 7] Sharpe=-0.0614 (folds: -0.0026, -0.0468, -0.2541, -0.0421, 0.0386)
    [trial 8] 48 features, training_days=200 | threshold=0.607 | labels: 1066 long, 1102 short (49/51%)
    [trial 8] Sharpe=-0.0793 (folds: -0.0376, -0.0625, 0.0004, -0.1470, -0.1495)
    [trial 9] 48 features, training_days=260 | threshold=0.620 | labels: 1066 long, 1102 short (49/51%)
    [trial 9] Sharpe=-0.0603 (folds: 0.1458, -0.0655, 0.0547, -0.2341, -0.2024)
    [trial 10] 48 features, training_days=470 | threshold=0.845 | labels: 1066 long, 1102 short (49/51%)
    [trial 10] Sharpe=-0.2436 (folds: -0.5495, -0.2538, 0.3562, -0.0043, -0.7667)
    [trial 11] 48 features, training_days=20 | threshold=0.837 | labels: 1066 long, 1102 short (49/51%)
    [trial 11] Sharpe=-5.9883 (folds: -10.0000, 0.1993, -10.0000, -0.1409, -10.0000)
    [trial 12] 48 features, training_days=120 | threshold=0.798 | labels: 1066 long, 1102 short (49/51%)
    [trial 12] Sharpe=-0.0805 (folds: 0.1429, -0.0938, -0.3641, -0.2092, 0.1218)
    [trial 13] 48 features, training_days=10 | threshold=0.719 | labels: 1066 long, 1102 short (49/51%)
    [trial 13] Sharpe=-1.9350 (folds: 0.1757, 0.1993, -0.0380, -10.0000, -0.0121)
    [trial 14] 48 features, training_days=340 | threshold=0.803 | labels: 1066 long, 1102 short (49/51%)
    [trial 14] Sharpe=-0.1424 (folds: 0.0489, -0.1475, -0.0779, -0.3350, -0.2007)
    [trial 15] 48 features, training_days=90 | threshold=0.699 | labels: 1066 long, 1102 short (49/51%)
    [trial 15] Sharpe=-0.0745 (folds: -0.0503, -0.0364, -0.2144, -0.2253, 0.1537)
    [trial 16] 48 features, training_days=150 | threshold=0.794 | labels: 1066 long, 1102 short (49/51%)
    [trial 16] Sharpe=-0.0350 (folds: -0.0133, -0.1081, -0.0096, -0.1476, 0.1036)
    [trial 17] 48 features, training_days=370 | threshold=0.500 | labels: 1066 long, 1102 short (49/51%)
    [trial 17] Sharpe=-0.0823 (folds: 0.0449, -0.1042, -0.0496, -0.2729, -0.0296)
  Optuna: 18 trials, best Sharpe = -0.0345
  Best params: n_estimators=267, max_depth=5, lr=0.0804, leaves=40
  Best confidence_threshold: 0.803
  Best training_days: 130
  Retrained on full data (390 samples, 48 features)
  [ensemble 3/3] seed=456
    [trial 0] 48 features, training_days=90 | threshold=0.587 | labels: 1066 long, 1102 short (49/51%)
    [CV fold 0] train_end=2021-10-22 08:00 | val_start=2021-10-30 00:00 | gap=184h (22 rows)
    [CV fold 1] train_end=2022-02-19 16:00 | val_start=2022-02-27 08:00 | gap=184h (22 rows)
    [CV fold 2] train_end=2022-06-20 00:00 | val_start=2022-06-27 16:00 | gap=184h (22 rows)
    [CV fold 3] train_end=2022-10-18 08:00 | val_start=2022-10-26 00:00 | gap=184h (22 rows)
    [CV fold 4] train_end=2023-02-15 16:00 | val_start=2023-02-23 08:00 | gap=184h (22 rows)
    [trial 0] Sharpe=-0.0688 (folds: -0.1178, -0.0555, -0.1543, -0.0743, 0.0578)
    [trial 1] 48 features, training_days=290 | threshold=0.635 | labels: 1066 long, 1102 short (49/51%)
    [trial 1] Sharpe=-0.0615 (folds: 0.1696, -0.0974, -0.0401, -0.2541, -0.0853)
    [trial 2] 48 features, training_days=10 | threshold=0.585 | labels: 1066 long, 1102 short (49/51%)
    [trial 2] Sharpe=0.0811 (folds: 0.1757, 0.1993, -0.0380, 0.0805, -0.0121)
    [trial 3] 48 features, training_days=220 | threshold=0.687 | labels: 1066 long, 1102 short (49/51%)
    [trial 3] Sharpe=-0.0513 (folds: -0.0314, -0.2246, -0.0351, -0.0788, 0.1133)
    [trial 4] 48 features, training_days=300 | threshold=0.562 | labels: 1066 long, 1102 short (49/51%)
    [trial 4] Sharpe=-0.1343 (folds: 0.1114, -0.1828, -0.2208, -0.2945, -0.0846)
    [trial 5] 48 features, training_days=490 | threshold=0.711 | labels: 1066 long, 1102 short (49/51%)
    [trial 5] Sharpe=-0.0946 (folds: 0.0588, -0.1332, -0.1596, -0.2301, -0.0091)
    [trial 6] 48 features, training_days=420 | threshold=0.667 | labels: 1066 long, 1102 short (49/51%)
    [trial 6] Sharpe=-0.0575 (folds: 0.1797, -0.1767, -0.0515, -0.2898, 0.0507)
    [trial 7] 48 features, training_days=120 | threshold=0.550 | labels: 1066 long, 1102 short (49/51%)
    [trial 7] Sharpe=-0.0367 (folds: 0.0655, -0.0714, -0.1300, -0.1406, 0.0932)
    [trial 8] 48 features, training_days=450 | threshold=0.720 | labels: 1066 long, 1102 short (49/51%)
    [trial 8] Sharpe=-0.0361 (folds: 0.1425, -0.1161, 0.0058, -0.2514, 0.0385)
    [trial 9] 48 features, training_days=20 | threshold=0.727 | labels: 1066 long, 1102 short (49/51%)
    [trial 9] Sharpe=-2.0320 (folds: -0.1803, 0.1993, -0.0380, -0.1409, -10.0000)
    [trial 10] 48 features, training_days=10 | threshold=0.840 | labels: 1066 long, 1102 short (49/51%)
    [trial 10] Sharpe=-1.9350 (folds: 0.1757, 0.1993, -0.0380, -10.0000, -0.0121)
    [trial 11] 48 features, training_days=390 | threshold=0.783 | labels: 1066 long, 1102 short (49/51%)
    [trial 11] Sharpe=-0.1879 (folds: -0.1698, -0.3112, 0.3446, -0.2639, -0.5391)
    [trial 12] 48 features, training_days=190 | threshold=0.515 | labels: 1066 long, 1102 short (49/51%)
    [trial 12] Sharpe=-0.0360 (folds: 0.0805, -0.0142, 0.0426, -0.2986, 0.0100)
    [trial 13] 48 features, training_days=180 | threshold=0.501 | labels: 1066 long, 1102 short (49/51%)
    [trial 13] Sharpe=-0.0511 (folds: 0.1103, -0.0198, -0.0938, -0.2386, -0.0135)
    [trial 14] 48 features, training_days=120 | threshold=0.506 | labels: 1066 long, 1102 short (49/51%)
    [trial 14] Sharpe=-0.0342 (folds: 0.0740, -0.0852, -0.1740, -0.1340, 0.1483)
    [trial 15] 48 features, training_days=100 | threshold=0.610 | labels: 1066 long, 1102 short (49/51%)
    [trial 15] Sharpe=-0.0913 (folds: -0.0202, -0.0656, -0.3119, -0.1313, 0.0726)
    [trial 16] 48 features, training_days=60 | threshold=0.542 | labels: 1066 long, 1102 short (49/51%)
    [trial 16] Sharpe=-0.0397 (folds: 0.0129, -0.0841, -0.0137, -0.1672, 0.0534)
    [trial 17] 48 features, training_days=150 | threshold=0.612 | labels: 1066 long, 1102 short (49/51%)
    [trial 17] Sharpe=0.0001 (folds: 0.1419, -0.1196, 0.0350, -0.1887, 0.1317)
  Optuna: 18 trials, best Sharpe = 0.0811
  Best params: n_estimators=212, max_depth=3, lr=0.1845, leaves=41
  Best confidence_threshold: 0.585[I 2026-06-01 12:58:56,907] A new study created in memory with name: no-name-7753281b-cc5e-4939-89cd-c33962d00d47
[I 2026-06-01 12:58:57,275] Trial 0 finished with value: -0.002252067857707973 and parameters: {'confidence_threshold': 0.6310890415965769, 'training_days': 480, 'n_estimators': 380, 'max_depth': 4, 'num_leaves': 22, 'learning_rate': 0.01699897838270077, 'subsample': 0.5290418060840998, 'colsample_bytree': 0.9330880728874675, 'min_child_samples': 68, 'reg_alpha': 0.023585940584142682, 'reg_lambda': 1.5320059381854043e-08}. Best is trial 0 with value: -0.002252067857707973.
[I 2026-06-01 12:58:57,410] Trial 1 finished with value: -6.03874716932724 and parameters: {'confidence_threshold': 0.839468448256698, 'training_days': 420, 'n_estimators': 145, 'max_depth': 3, 'num_leaves': 23, 'learning_rate': 0.028145092716060652, 'subsample': 0.762378215816119, 'colsample_bytree': 0.7159725093210578, 'min_child_samples': 43, 'reg_alpha': 0.0032112643094417484, 'reg_lambda': 1.8007140198129195e-07}. Best is trial 0 with value: -0.002252067857707973.
[I 2026-06-01 12:58:57,569] Trial 2 finished with value: -0.02982400978263282 and parameters: {'confidence_threshold': 0.6022506269873263, 'training_days': 190, 'n_estimators': 255, 'max_depth': 5, 'num_leaves': 24, 'learning_rate': 0.05748924681991978, 'subsample': 0.7962072844310213, 'colsample_bytree': 0.5232252063599989, 'min_child_samples': 69, 'reg_alpha': 3.425445902633376e-07, 'reg_lambda': 3.850031979199519e-08}. Best is trial 0 with value: -0.002252067857707973.
[I 2026-06-01 12:58:57,834] Trial 3 finished with value: -0.08321538823816697 and parameters: {'confidence_threshold': 0.8321099380386666, 'training_days': 490, 'n_estimators': 414, 'max_depth': 3, 'num_leaves': 19, 'learning_rate': 0.1024932221692416, 'subsample': 0.7200762468698007, 'colsample_bytree': 0.5610191174223894, 'min_child_samples': 60, 'reg_alpha': 2.039373116525212e-08, 'reg_lambda': 1.527156759251193}. Best is trial 0 with value: -0.002252067857707973.
[I 2026-06-01 12:58:57,995] Trial 4 finished with value: -0.0007701182392016559 and parameters: {'confidence_threshold': 0.5905729935600059, 'training_days': 340, 'n_estimators': 190, 'max_depth': 4, 'num_leaves': 41, 'learning_rate': 0.01875220945578641, 'subsample': 0.9847923138822793, 'colsample_bytree': 0.8875664116805573, 'min_child_samples': 96, 'reg_alpha': 1.1309571585271483, 'reg_lambda': 0.002404915432737351}. Best is trial 4 with value: -0.0007701182392016559.
[I 2026-06-01 12:58:58,034] Trial 5 finished with value: 0.06892793911315329 and parameters: {'confidence_threshold': 0.8226559822580909, 'training_days': 50, 'n_estimators': 138, 'max_depth': 3, 'num_leaves': 30, 'learning_rate': 0.03750796359625606, 'subsample': 0.6356745158869479, 'colsample_bytree': 0.9143687545759647, 'min_child_samples': 48, 'reg_alpha': 3.376063348877853e-06, 'reg_lambda': 0.0007660634613082914}. Best is trial 5 with value: 0.06892793911315329.
[I 2026-06-01 12:58:58,147] Trial 6 finished with value: -0.034464141610897 and parameters: {'confidence_threshold': 0.5493234787411669, 'training_days': 410, 'n_estimators': 83, 'max_depth': 5, 'num_leaves': 52, 'learning_rate': 0.019657448966046126, 'subsample': 0.5027610585618012, 'colsample_bytree': 0.9077307142274171, 'min_child_samples': 77, 'reg_alpha': 0.03639690979811287, 'reg_lambda': 0.08738424135626986}. Best is trial 5 with value: 0.06892793911315329.
[I 2026-06-01 12:58:58,246] Trial 7 finished with value: -0.03382401375586215 and parameters: {'confidence_threshold': 0.5259156281069316, 'training_days': 180, 'n_estimators': 102, 'max_depth': 5, 'num_leaves': 45, 'learning_rate': 0.030816017044468066, 'subsample': 0.5317791751430119, 'colsample_bytree': 0.6554911608578311, 'min_child_samples': 46, 'reg_alpha': 0.036851536911881845, 'reg_lambda': 0.005470376807480391}. Best is trial 5 with value: 0.06892793911315329.
[I 2026-06-01 12:58:58,350] Trial 8 finished with value: -0.17081080040719396 and parameters: {'confidence_threshold': 0.8105244599017143, 'training_days': 240, 'n_estimators': 103, 'max_depth': 5, 'num_leaves': 52, 'learning_rate': 0.06746437142284309, 'subsample': 0.8854835899772805, 'colsample_bytree': 0.7468977981821954, 'min_child_samples': 62, 'reg_alpha': 7.04480806377519e-05, 'reg_lambda': 1.6934490731313353e-08}. Best is trial 5 with value: 0.06892793911315329.
[I 2026-06-01 12:58:58,372] Trial 9 finished with value: -0.08851288384688848 and parameters: {'confidence_threshold': 0.5377619994476566, 'training_days': 20, 'n_estimators': 337, 'max_depth': 3, 'num_leaves': 39, 'learning_rate': 0.21907142272152816, 'subsample': 0.6246461145744375, 'colsample_bytree': 0.7051914615178149, 'min_child_samples': 81, 'reg_alpha': 1.1459970229341322e-06, 'reg_lambda': 4.929685216887945e-08}. Best is trial 5 with value: 0.06892793911315329.
[I 2026-06-01 12:58:58,407] Trial 10 finished with value: -1.943067553241938 and parameters: {'confidence_threshold': 0.7318981109748116, 'training_days': 10, 'n_estimators': 487, 'max_depth': 4, 'num_leaves': 31, 'learning_rate': 0.14704103471568217, 'subsample': 0.628963476300746, 'colsample_bytree': 0.987470107623585, 'min_child_samples': 25, 'reg_alpha': 2.608784411827665e-05, 'reg_lambda': 3.3639426888455256e-06}. Best is trial 5 with value: 0.06892793911315329.
[I 2026-06-01 12:58:58,583] Trial 11 finished with value: -0.08194056144229933 and parameters: {'confidence_threshold': 0.716511937042965, 'training_days': 320, 'n_estimators': 227, 'max_depth': 4, 'num_leaves': 36, 'learning_rate': 0.010391584450418287, 'subsample': 0.962497596528612, 'colsample_bytree': 0.8291852193868787, 'min_child_samples': 96, 'reg_alpha': 5.370415467243256, 'reg_lambda': 0.00010207276241911574}. Best is trial 5 with value: 0.06892793911315329.
[I 2026-06-01 12:58:58,739] Trial 12 finished with value: -0.046668017351427865 and parameters: {'confidence_threshold': 0.6640468266107448, 'training_days': 310, 'n_estimators': 188, 'max_depth': 4, 'num_leaves': 62, 'learning_rate': 0.03716786383248443, 'subsample': 0.9908747608152276, 'colsample_bytree': 0.8336228052393174, 'min_child_samples': 100, 'reg_alpha': 2.8240404785498425, 'reg_lambda': 0.0003730020761712416}. Best is trial 5 with value: 0.06892793911315329.
[I 2026-06-01 12:58:58,846] Trial 13 finished with value: -0.15819833466844002 and parameters: {'confidence_threshold': 0.7511004938244776, 'training_days': 130, 'n_estimators': 189, 'max_depth': 3, 'num_leaves': 33, 'learning_rate': 0.012631547203540382, 'subsample': 0.6722689798236687, 'colsample_bytree': 0.8550696328428302, 'min_child_samples': 43, 'reg_alpha': 5.089139747366672e-06, 'reg_lambda': 0.002378020147307651}. Best is trial 5 with value: 0.06892793911315329.
[I 2026-06-01 12:58:58,979] Trial 14 finished with value: 0.0076259835129025705 and parameters: {'confidence_threshold': 0.6122975625169359, 'training_days': 80, 'n_estimators': 303, 'max_depth': 3, 'num_leaves': 45, 'learning_rate': 0.04434357603129747, 'subsample': 0.8574360317672965, 'colsample_bytree': 0.9897127958863723, 'min_child_samples': 23, 'reg_alpha': 0.0017482274705964084, 'reg_lambda': 1.5447328191365746e-05}. Best is trial 5 with value: 0.06892793911315329.
[I 2026-06-01 12:58:59,140] Trial 15 finished with value: -0.03945686953332001 and parameters: {'confidence_threshold': 0.7674254349466498, 'training_days': 90, 'n_estimators': 312, 'max_depth': 3, 'num_leaves': 50, 'learning_rate': 0.07973853439670876, 'subsample': 0.8535972392831757, 'colsample_bytree': 0.9549250636962112, 'min_child_samples': 21, 'reg_alpha': 0.0018780797504261812, 'reg_lambda': 1.443673471097838e-05}. Best is trial 5 with value: 0.06892793911315329.
