[I 2026-06-01 12:56:29,854] Trial 17 finished with value: 0.014860258676068095 and parameters: {'confidence_threshold': 0.6789363661861483, 'training_days': 140, 'n_estimators': 123, 'max_depth': 3, 'num_leaves': 62, 'learning_rate': 0.02852299476290232, 'subsample': 0.7912899898389397, 'colsample_bytree': 0.9369733185219081, 'min_child_samples': 54, 'reg_alpha': 5.2494349038324404e-06, 'reg_lambda': 0.03342820828150801}. Best is trial 11 with value: 0.23545748949812198.
[I 2026-06-01 12:56:30,182] A new study created in memory with name: no-name-2f20911a-62bf-47b2-833d-b05f77a1ed35

    [trial 16] 48 features, training_days=500 | threshold=0.810 | labels: 1255 long, 913 short (58/42%)
    [trial 16] Sharpe=-3.7527 (folds: 0.9149, 0.2886, 0.0330, -10.0000, -10.0000)
    [trial 17] 48 features, training_days=290 | threshold=0.653 | labels: 1255 long, 913 short (58/42%)
    [trial 17] Sharpe=0.1500 (folds: 0.0904, 0.4622, -0.1660, 0.3531, 0.0102)
  Optuna: 18 trials, best Sharpe = 0.2724
  Best params: n_estimators=51, max_depth=3, lr=0.0151, leaves=15
  Best confidence_threshold: 0.701
  Best training_days: 360
  Retrained on full data (1080 samples, 48 features)
  [ensemble 3/3] seed=456
    [trial 0] 48 features, training_days=90 | threshold=0.587 | labels: 1255 long, 913 short (58/42%)
    [CV fold 0] train_end=2020-07-23 08:00 | val_start=2020-07-31 00:00 | gap=184h (22 rows)
    [CV fold 1] train_end=2020-11-20 16:00 | val_start=2020-11-28 08:00 | gap=184h (22 rows)
    [CV fold 2] train_end=2021-03-21 00:00 | val_start=2021-03-28 16:00 | gap=184h (22 rows)
    [CV fold 3] train_end=2021-07-19 08:00 | val_start=2021-07-27 00:00 | gap=184h (22 rows)
    [CV fold 4] train_end=2021-11-16 16:00 | val_start=2021-11-24 08:00 | gap=184h (22 rows)
    [trial 0] Sharpe=-0.0541 (folds: -0.0730, 0.1573, -0.2319, -0.2697, 0.1469)
    [trial 1] 48 features, training_days=290 | threshold=0.635 | labels: 1255 long, 913 short (58/42%)
    [trial 1] Sharpe=0.1483 (folds: 0.0087, 0.4762, -0.1530, 0.3131, 0.0966)
    [trial 2] 48 features, training_days=10 | threshold=0.585 | labels: 1255 long, 913 short (58/42%)
    [trial 2] Sharpe=-0.1786 (folds: -0.4968, -0.3282, 0.2175, -0.3156, 0.0303)
    [trial 3] 48 features, training_days=220 | threshold=0.687 | labels: 1255 long, 913 short (58/42%)
    [trial 3] Sharpe=0.1667 (folds: -0.0039, 0.4827, -0.1880, 0.4190, 0.1238)
    [trial 4] 48 features, training_days=300 | threshold=0.562 | labels: 1255 long, 913 short (58/42%)
    [trial 4] Sharpe=0.1176 (folds: -0.0662, 0.4536, -0.1015, 0.1895, 0.1127)
    [trial 5] 48 features, training_days=490 | threshold=0.711 | labels: 1255 long, 913 short (58/42%)
    [trial 5] Sharpe=0.1215 (folds: -0.0974, 0.4726, -0.0953, 0.3447, -0.0171)
    [trial 6] 48 features, training_days=420 | threshold=0.667 | labels: 1255 long, 913 short (58/42%)
    [trial 6] Sharpe=0.1382 (folds: -0.0850, 0.5025, -0.1281, 0.3374, 0.0643)
    [trial 7] 48 features, training_days=120 | threshold=0.550 | labels: 1255 long, 913 short (58/42%)
    [trial 7] Sharpe=0.0376 (folds: -0.0535, 0.2555, -0.1355, -0.0729, 0.1943)
    [trial 8] 48 features, training_days=450 | threshold=0.720 | labels: 1255 long, 913 short (58/42%)
    [trial 8] Sharpe=0.1167 (folds: -0.0336, 0.4669, -0.1475, 0.4111, -0.1132)
    [trial 9] 48 features, training_days=20 | threshold=0.727 | labels: 1255 long, 913 short (58/42%)
    [trial 9] Sharpe=-5.8566 (folds: 0.3171, 0.4001, -10.0000, -10.0000, -10.0000)
    [trial 10] 48 features, training_days=200 | threshold=0.828 | labels: 1255 long, 913 short (58/42%)
    [trial 10] Sharpe=-3.9350 (folds: -10.0000, 0.2578, 0.2292, -10.0000, -0.1621)
    [trial 11] 48 features, training_days=300 | threshold=0.644 | labels: 1255 long, 913 short (58/42%)
    [trial 11] Sharpe=0.2355 (folds: 0.3448, 0.4001, -0.1696, 0.4538, 0.1481)
    [trial 12] 48 features, training_days=360 | threshold=0.781 | labels: 1255 long, 913 short (58/42%)
    [trial 12] Sharpe=-3.9346 (folds: -10.0000, 0.3978, -0.0671, -10.0000, -0.0038)
    [trial 13] 48 features, training_days=210 | threshold=0.504 | labels: 1255 long, 913 short (58/42%)
    [trial 13] Sharpe=0.1299 (folds: -0.0944, 0.4082, -0.0329, 0.2727, 0.0957)
    [trial 14] 48 features, training_days=210 | threshold=0.644 | labels: 1255 long, 913 short (58/42%)
    [trial 14] Sharpe=0.1370 (folds: -0.0550, 0.4524, -0.1901, 0.3200, 0.1577)
    [trial 15] 48 features, training_days=310 | threshold=0.759 | labels: 1255 long, 913 short (58/42%)
    [trial 15] Sharpe=0.1383 (folds: 0.0562, 0.4437, -0.1688, 0.2898, 0.0708)
    [trial 16] 48 features, training_days=380 | threshold=0.639 | labels: 1255 long, 913 short (58/42%)
    [trial 16] Sharpe=0.1348 (folds: -0.0557, 0.4884, -0.1493, 0.2823, 0.1083)
    [trial 17] 48 features, training_days=140 | threshold=0.679 | labels: 1255 long, 913 short (58/42%)
    [trial 17] Sharpe=0.0149 (folds: -0.0432, 0.4040, -0.1910, -0.2599, 0.1644)
  Optuna: 18 trials, best Sharpe = 0.2355
  Best params: n_estimators=53, max_depth=4, lr=0.0223, leaves=52
  Best confidence_threshold: 0.644
  Best training_days: 300
  Retrained on full data (900 samples, 48 features)
  OOD: 16 features, cutoff (q=0.7) = 8.84
  Model trained for 2022-04: 90 test candles with features, confidence_threshold=0.688
[trade:close] 2022-04-05 08:00 BTCUSDT SHORT → timeout @ 46705.40 | PnL=+1.32% (net +1.22%) | cum=-13.13% 2022-04=+1.22% 2022-04-05=+1.22%
[lgbm] === Training for 2022-05 ===
  Train window: 2020-05-01 → 2022-04-23
  2168 training samples from 1 symbols
  Samples per month: 2020-05: 93, 2020-06: 90, 2020-07: 93, 2020-08: 93, 2020-09: 90, 2020-10: 93, 2020-11: 90, 2020-12: 93, 2021-01: 93, 2021-02: 84, 2021-03: 93, 2021-04: 90, 2021-05: 93, 2021-06: 90, 2021-07: 93, 2021-08: 93, 2021-09: 90, 2021-10: 93, 2021-11: 90, 2021-12: 93, 2022-01: 93, 2022-02: 84, 2022-03: 93, 2022-04: 68
  [label] 2020-07-01 16:00 BTCUSDT entry=9233.2900 → LONG | long=sl(-2.54%) short=sl(-2.54%) | scanned=20 | no_tp→fwd_return=+1.9238
  [label] 2020-07-03 16:00 BTCUSDT entry=9057.5200 → LONG | long=timeout(+2.45%) short=sl(-2.53%) | scanned=22 | no_tp→fwd_return=+2.5489
  [label] 2020-07-07 16:00 BTCUSDT entry=9258.5100 → SHORT | long=timeout(-0.15%) short=sl(-2.36%) | scanned=22 | no_tp→fwd_return=-0.0469
  [label] 2020-08-01 08:00 BTCUSDT entry=11642.1300 → SHORT | long=sl(-4.66%) short=tp(+9.02%) | scanned=2 | short_tp_only
  [label] 2020-09-22 16:00 BTCUSDT entry=10523.3200 → LONG | long=sl(-3.35%) short=sl(-3.35%) | scanned=16 | no_tp→fwd_return=+3.1322
  [label] 2021-03-07 16:00 BTCUSDT entry=50995.2700 → LONG | long=tp(+13.88%) short=sl(-7.09%) | scanned=12 | long_tp_only
  [label] 2021-03-11 16:00 BTCUSDT entry=57844.5200 → SHORT | long=sl(-6.44%) short=sl(-6.44%) | scanned=13 | no_tp→fwd_return=-4.4551
  [label] 2021-03-22 08:00 BTCUSDT entry=57121.2000 → LONG | long=sl(-6.06%) short=timeout(-1.23%) | scanned=22 | no_tp→fwd_return=+1.1275
  [label] 2021-05-06 08:00 BTCUSDT entry=57173.4900 → SHORT | long=sl(-5.88%) short=tp(+11.46%) | scanned=19 | short_tp_only
  [label] 2021-05-14 16:00 BTCUSDT entry=49873.2700 → SHORT | long=sl(-9.03%) short=tp(+17.75%) | scanned=13 | short_tp_only
  [label] 2021-08-13 00:00 BTCUSDT entry=46108.8500 → LONG | long=timeout(+1.55%) short=timeout(-1.75%) | scanned=22 | no_tp→fwd_return=+1.6536
  [label] 2021-09-14 00:00 BTCUSDT entry=45731.1000 → SHORT | long=sl(-6.25%) short=sl(-6.25%) | scanned=19 | no_tp→fwd_return=-4.1420
  [label] 2021-09-30 00:00 BTCUSDT entry=43276.0200 → LONG | long=tp(+12.07%) short=sl(-6.18%) | scanned=11 | long_tp_only
  [label] 2021-10-12 16:00 BTCUSDT entry=56011.8400 → LONG | long=tp(+10.68%) short=sl(-5.49%) | scanned=9 | long_tp_only
  [label] 2021-10-31 08:00 BTCUSDT entry=60521.9900 → LONG | long=timeout(+2.31%) short=sl(-5.12%) | scanned=22 | no_tp→fwd_return=+2.4086
  [label] 2021-11-06 16:00 BTCUSDT entry=61511.3000 → LONG | long=tp(+8.41%) short=sl(-4.35%) | scanned=6 | long_tp_only
  [label] 2021-11-19 00:00 BTCUSDT entry=56026.3700 → LONG | long=timeout(+1.66%) short=sl(-6.01%) | scanned=22 | no_tp→fwd_return=+1.7639
  [label] 2021-12-28 08:00 BTCUSDT entry=48921.8400 → SHORT | long=sl(-4.55%) short=timeout(+3.98%) | scanned=22 | no_tp→fwd_return=-4.0811
  [label] 2022-01-07 08:00 BTCUSDT entry=41297.4100 → LONG | long=timeout(+4.22%) short=sl(-6.41%) | scanned=22 | no_tp→fwd_return=+4.3227
  [label] 2022-04-03 08:00 BTCUSDT entry=46397.9000 → SHORT | long=sl(-3.92%) short=tp(+7.55%) | scanned=11 | short_tp_only
  Labels: 1209 long (55.8%), 959 short (44.2%) | weights: min=1.00, mean=3.52, max=10.00
  Features: 2168/2168 matched, 48 columns
  CV gap: 22 rows
  [ensemble 1/3] seed=42
    [trial 0] 48 features, training_days=480 | threshold=0.631 | labels: 1209 long, 959 short (56/44%)[I 2026-06-01 12:56:30,504] Trial 0 finished with value: 0.13445072517168621 and parameters: {'confidence_threshold': 0.6310890415965769, 'training_days': 480, 'n_estimators': 380, 'max_depth': 4, 'num_leaves': 22, 'learning_rate': 0.01699897838270077, 'subsample': 0.5290418060840998, 'colsample_bytree': 0.9330880728874675, 'min_child_samples': 68, 'reg_alpha': 0.023585940584142682, 'reg_lambda': 1.5320059381854043e-08}. Best is trial 0 with value: 0.13445072517168621.
[I 2026-06-01 12:56:30,619] Trial 1 finished with value: -2.0470160537103887 and parameters: {'confidence_threshold': 0.839468448256698, 'training_days': 420, 'n_estimators': 145, 'max_depth': 3, 'num_leaves': 23, 'learning_rate': 0.028145092716060652, 'subsample': 0.762378215816119, 'colsample_bytree': 0.7159725093210578, 'min_child_samples': 43, 'reg_alpha': 0.0032112643094417484, 'reg_lambda': 1.8007140198129195e-07}. Best is trial 0 with value: 0.13445072517168621.
[I 2026-06-01 12:56:30,760] Trial 2 finished with value: 0.04878983357234323 and parameters: {'confidence_threshold': 0.6022506269873263, 'training_days': 190, 'n_estimators': 255, 'max_depth': 5, 'num_leaves': 24, 'learning_rate': 0.05748924681991978, 'subsample': 0.7962072844310213, 'colsample_bytree': 0.5232252063599989, 'min_child_samples': 69, 'reg_alpha': 3.425445902633376e-07, 'reg_lambda': 3.850031979199519e-08}. Best is trial 0 with value: 0.13445072517168621.
[I 2026-06-01 12:56:31,013] Trial 3 finished with value: 0.10266906035702852 and parameters: {'confidence_threshold': 0.8321099380386666, 'training_days': 490, 'n_estimators': 414, 'max_depth': 3, 'num_leaves': 19, 'learning_rate': 0.1024932221692416, 'subsample': 0.7200762468698007, 'colsample_bytree': 0.5610191174223894, 'min_child_samples': 60, 'reg_alpha': 2.039373116525212e-08, 'reg_lambda': 1.527156759251193}. Best is trial 0 with value: 0.13445072517168621.
[I 2026-06-01 12:56:31,147] Trial 4 finished with value: 0.17707919707725314 and parameters: {'confidence_threshold': 0.5905729935600059, 'training_days': 340, 'n_estimators': 190, 'max_depth': 4, 'num_leaves': 41, 'learning_rate': 0.01875220945578641, 'subsample': 0.9847923138822793, 'colsample_bytree': 0.8875664116805573, 'min_child_samples': 96, 'reg_alpha': 1.1309571585271483, 'reg_lambda': 0.002404915432737351}. Best is trial 4 with value: 0.17707919707725314.
[I 2026-06-01 12:56:31,180] Trial 5 finished with value: -0.1495176932449087 and parameters: {'confidence_threshold': 0.8226559822580909, 'training_days': 50, 'n_estimators': 138, 'max_depth': 3, 'num_leaves': 30, 'learning_rate': 0.03750796359625606, 'subsample': 0.6356745158869479, 'colsample_bytree': 0.9143687545759647, 'min_child_samples': 48, 'reg_alpha': 3.376063348877853e-06, 'reg_lambda': 0.0007660634613082914}. Best is trial 4 with value: 0.17707919707725314.
[I 2026-06-01 12:56:31,273] Trial 6 finished with value: 0.1902372841237327 and parameters: {'confidence_threshold': 0.5493234787411669, 'training_days': 410, 'n_estimators': 83, 'max_depth': 5, 'num_leaves': 52, 'learning_rate': 0.019657448966046126, 'subsample': 0.5027610585618012, 'colsample_bytree': 0.9077307142274171, 'min_child_samples': 77, 'reg_alpha': 0.03639690979811287, 'reg_lambda': 0.08738424135626986}. Best is trial 6 with value: 0.1902372841237327.
[I 2026-06-01 12:56:31,363] Trial 7 finished with value: 0.10226607890813869 and parameters: {'confidence_threshold': 0.5259156281069316, 'training_days': 180, 'n_estimators': 102, 'max_depth': 5, 'num_leaves': 45, 'learning_rate': 0.030816017044468066, 'subsample': 0.5317791751430119, 'colsample_bytree': 0.6554911608578311, 'min_child_samples': 46, 'reg_alpha': 0.036851536911881845, 'reg_lambda': 0.005470376807480391}. Best is trial 6 with value: 0.1902372841237327.
[I 2026-06-01 12:56:31,462] Trial 8 finished with value: 0.09148258451486424 and parameters: {'confidence_threshold': 0.8105244599017143, 'training_days': 240, 'n_estimators': 103, 'max_depth': 5, 'num_leaves': 52, 'learning_rate': 0.06746437142284309, 'subsample': 0.8854835899772805, 'colsample_bytree': 0.7468977981821954, 'min_child_samples': 62, 'reg_alpha': 7.04480806377519e-05, 'reg_lambda': 1.6934490731313353e-08}. Best is trial 6 with value: 0.1902372841237327.
[I 2026-06-01 12:56:31,482] Trial 9 finished with value: 0.0013719466947812065 and parameters: {'confidence_threshold': 0.5377619994476566, 'training_days': 20, 'n_estimators': 337, 'max_depth': 3, 'num_leaves': 39, 'learning_rate': 0.21907142272152816, 'subsample': 0.6246461145744375, 'colsample_bytree': 0.7051914615178149, 'min_child_samples': 81, 'reg_alpha': 1.1459970229341322e-06, 'reg_lambda': 4.929685216887945e-08}. Best is trial 6 with value: 0.1902372841237327.
[I 2026-06-01 12:56:32,083] Trial 10 finished with value: 0.09937100692337501 and parameters: {'confidence_threshold': 0.7378545837642324, 'training_days': 350, 'n_estimators': 487, 'max_depth': 5, 'num_leaves': 62, 'learning_rate': 0.011407797829608154, 'subsample': 0.628963476300746, 'colsample_bytree': 0.8340915966600303, 'min_child_samples': 27, 'reg_alpha': 8.536188349289, 'reg_lambda': 8.145051292774586}. Best is trial 6 with value: 0.1902372841237327.
[I 2026-06-01 12:56:32,259] Trial 11 finished with value: 0.1703550377806091 and parameters: {'confidence_threshold': 0.5868432171372693, 'training_days': 360, 'n_estimators': 227, 'max_depth': 4, 'num_leaves': 53, 'learning_rate': 0.010391584450418287, 'subsample': 0.9931345598701656, 'colsample_bytree': 0.8291852193868787, 'min_child_samples': 98, 'reg_alpha': 2.5735961046969034, 'reg_lambda': 0.03049385913476132}. Best is trial 6 with value: 0.1902372841237327.
[I 2026-06-01 12:56:32,332] Trial 12 finished with value: 0.3566707764049195 and parameters: {'confidence_threshold': 0.6685474338405596, 'training_days': 330, 'n_estimators': 58, 'max_depth': 4, 'num_leaves': 38, 'learning_rate': 0.021652690184947147, 'subsample': 0.9908747608152276, 'colsample_bytree': 0.9949834803492208, 'min_child_samples': 100, 'reg_alpha': 0.4496120379467682, 'reg_lambda': 5.899790100111974e-05}. Best is trial 12 with value: 0.3566707764049195.
[I 2026-06-01 12:56:32,398] Trial 13 finished with value: 0.29037080687480604 and parameters: {'confidence_threshold': 0.694422166807498, 'training_days': 290, 'n_estimators': 58, 'max_depth': 4, 'num_leaves': 33, 'learning_rate': 0.018778076270349095, 'subsample': 0.8817624431453447, 'colsample_bytree': 0.9997326420273288, 'min_child_samples': 83, 'reg_alpha': 0.11432183262743495, 'reg_lambda': 4.448098583586055e-06}. Best is trial 12 with value: 0.3566707764049195.
[I 2026-06-01 12:56:32,468] Trial 14 finished with value: 0.18726298354289386 and parameters: {'confidence_threshold': 0.7002258235541601, 'training_days': 300, 'n_estimators': 55, 'max_depth': 4, 'num_leaves': 33, 'learning_rate': 0.040484244665583854, 'subsample': 0.8997741745622141, 'colsample_bytree': 0.9912124020133742, 'min_child_samples': 87, 'reg_alpha': 0.28401785891132736, 'reg_lambda': 7.565770484313319e-06}. Best is trial 12 with value: 0.3566707764049195.
[I 2026-06-01 12:56:32,587] Trial 15 finished with value: 0.11558486764243439 and parameters: {'confidence_threshold': 0.7378310865820259, 'training_days': 250, 'n_estimators': 179, 'max_depth': 4, 'num_leaves': 32, 'learning_rate': 0.09347237905208686, 'subsample': 0.9039403340046928, 'colsample_bytree': 0.9572509011380751, 'min_child_samples': 90, 'reg_alpha': 0.00030350986474493076, 'reg_lambda': 1.4717008973213665e-05}. Best is trial 12 with value: 0.3566707764049195.
[I 2026-06-01 12:56:32,691] Trial 16 finished with value: 0.058800175592753065 and parameters: {'confidence_threshold': 0.6706020421797252, 'training_days': 140, 'n_estimators': 297, 'max_depth': 4, 'num_leaves': 39, 'learning_rate': 0.015946721441282688, 'subsample': 0.9397541766618512, 'colsample_bytree': 0.8338962247920462, 'min_child_samples': 82, 'reg_alpha': 0.0021309630022075497, 'reg_lambda': 2.061046509052206e-05}. Best is trial 12 with value: 0.3566707764049195.
[I 2026-06-01 12:56:32,804] Trial 17 finished with value: 0.2449807562509616 and parameters: {'confidence_threshold': 0.6652429013116167, 'training_days': 290, 'n_estimators': 149, 'max_depth': 4, 'num_leaves': 15, 'learning_rate': 0.025964140633009707, 'subsample': 0.8366733523272174, 'colsample_bytree': 0.9967281389545056, 'min_child_samples': 99, 'reg_alpha': 0.13922865427952366, 'reg_lambda': 1.493656852319989e-06}. Best is trial 12 with value: 0.3566707764049195.
[I 2026-06-01 12:56:32,883] A new study created in memory with name: no-name-ebd44b25-68a4-40bf-a067-c0104f8b5888
[I 2026-06-01 12:56:32,974] Trial 0 finished with value: 0.055525070244373996 and parameters: {'confidence_threshold': 0.7437642149592516, 'training_days': 150, 'n_estimators': 152, 'max_depth': 4, 'num_leaves': 50, 'learning_rate': 0.04216766425047743, 'subsample': 0.9903820991923078, 'colsample_bytree': 0.8424148692924316, 'min_child_samples': 58, 'reg_alpha': 3.381097259762742e-05, 'reg_lambda': 1.2263152961306247e-05}. Best is trial 0 with value: 0.055525070244373996.
[I 2026-06-01 12:56:33,039] Trial 1 finished with value: 0.0035415710176393 and parameters: {'confidence_threshold': 0.7551673975844145, 'training_days': 220, 'n_estimators': 76, 'max_depth': 4, 'num_leaves': 51, 'learning_rate': 0.018602118810743477, 'subsample': 0.5877258780737462, 'colsample_bytree': 0.7657756869209191, 'min_child_samples': 63, 'reg_alpha': 0.005123994170264194, 'reg_lambda': 0.44145470178120466}. Best is trial 0 with value: 0.055525070244373996.
[I 2026-06-01 12:56:33,264] Trial 2 finished with value: 0.05418844518619165 and parameters: {'confidence_threshold': 0.7535593637012223, 'training_days': 310, 'n_estimators': 375, 'max_depth': 3, 'num_leaves': 32, 'learning_rate': 0.021735641882032388, 'subsample': 0.6468570231944146, 'colsample_bytree': 0.8154880619272439, 'min_child_samples': 27, 'reg_alpha': 8.004064028491336e-05, 'reg_lambda': 7.546835261630524e-05}. Best is trial 0 with value: 0.055525070244373996.
[I 2026-06-01 12:56:33,441] Trial 3 finished with value: 0.08365845559767865 and parameters: {'confidence_threshold': 0.6727897841776072, 'training_days': 220, 'n_estimators': 190, 'max_depth': 4, 'num_leaves': 58, 'learning_rate': 0.24810689332636193, 'subsample': 0.7509183379421682, 'colsample_bytree': 0.8119764758960556, 'min_child_samples': 29, 'reg_alpha': 7.1708285081421445e-06, 'reg_lambda': 5.412973582738627e-05}. Best is trial 3 with value: 0.08365845559767865.
[I 2026-06-01 12:56:33,554] Trial 4 finished with value: 0.0707726901900653 and parameters: {'confidence_threshold': 0.803208205259178, 'training_days': 130, 'n_estimators': 267, 'max_depth': 5, 'num_leaves': 40, 'learning_rate': 0.08041175317374143, 'subsample': 0.5603143329951619, 'colsample_bytree': 0.9131704002534167, 'min_child_samples': 68, 'reg_alpha': 0.0008046593428183385, 'reg_lambda': 1.2158346158765583e-05}. Best is trial 3 with value: 0.08365845559767865.
[I 2026-06-01 12:56:33,754] Trial 5 finished with value: 0.1232327282211916 and parameters: {'confidence_threshold': 0.6064422761595144, 'training_days': 210, 'n_estimators': 357, 'max_depth': 5, 'num_leaves': 40, 'learning_rate': 0.0974221287220869, 'subsample': 0.7929682762811064, 'colsample_bytree': 0.8124517510478, 'min_child_samples': 74, 'reg_alpha': 0.3811377260781234, 'reg_lambda': 5.607314238392041e-08}. Best is trial 5 with value: 0.1232327282211916.
[I 2026-06-01 12:56:33,848] Trial 6 finished with value: 0.08778106905208383 and parameters: {'confidence_threshold': 0.7672889945051684, 'training_days': 130, 'n_estimators': 137, 'max_depth': 4, 'num_leaves': 19, 'learning_rate': 0.2031117614248665, 'subsample': 0.8136244860256343, 'colsample_bytree': 0.8617081790949774, 'min_child_samples': 21, 'reg_alpha': 0.002238138278733199, 'reg_lambda': 0.001025809534977322}. Best is trial 5 with value: 0.1232327282211916.
[I 2026-06-01 12:56:33,907] Trial 7 finished with value: -0.06091602947184708 and parameters: {'confidence_threshold': 0.555635875450653, 'training_days': 80, 'n_estimators': 363, 'max_depth': 3, 'num_leaves': 48, 'learning_rate': 0.06590089024008658, 'subsample': 0.6944752870615722, 'colsample_bytree': 0.962566244806993, 'min_child_samples': 88, 'reg_alpha': 1.6465620446426067e-05, 'reg_lambda': 2.4678750890085655e-08}. Best is trial 5 with value: 0.1232327282211916.
[I 2026-06-01 12:56:34,205] Trial 8 finished with value: 0.1016675433587575 and parameters: {'confidence_threshold': 0.6066688256938841, 'training_days': 200, 'n_estimators': 367, 'max_depth': 5, 'num_leaves': 32, 'learning_rate': 0.13377519215934996, 'subsample': 0.7965884582811106, 'colsample_bytree': 0.8458508993500886, 'min_child_samples': 32, 'reg_alpha': 3.889436043816386e-05, 'reg_lambda': 1.4713062489380356e-06}. Best is trial 5 with value: 0.1232327282211916.
