[I 2026-06-01 13:00:08,074] Trial 17 finished with value: -0.06342644780280157 and parameters: {'confidence_threshold': 0.5416011431378513, 'training_days': 150, 'n_estimators': 127, 'max_depth': 4, 'num_leaves': 25, 'learning_rate': 0.09948680606663793, 'subsample': 0.698498614209736, 'colsample_bytree': 0.6239004320642261, 'min_child_samples': 53, 'reg_alpha': 0.0004166938723197114, 'reg_lambda': 0.04777002235935246}. Best is trial 3 with value: 0.00795758143262204.
[I 2026-06-01 13:00:08,606] A new study created in memory with name: no-name-7ae4b45c-c1e7-4e39-a214-c05336e2e088

    [trial 0] Sharpe=-0.0559 (folds: 0.0029, -0.1994, 0.0313, -0.0274, -0.0869)
    [trial 1] 48 features, training_days=290 | threshold=0.635 | labels: 1110 long, 1058 short (51/49%)
    [trial 1] Sharpe=-0.0676 (folds: -0.1596, -0.2561, 0.0364, 0.0248, 0.0167)
    [trial 2] 48 features, training_days=10 | threshold=0.585 | labels: 1110 long, 1058 short (51/49%)
    [trial 2] Sharpe=-0.0339 (folds: 0.0752, 0.0872, 0.0868, -0.1539, -0.2651)
    [trial 3] 48 features, training_days=220 | threshold=0.687 | labels: 1110 long, 1058 short (51/49%)
    [trial 3] Sharpe=0.0080 (folds: -0.0067, -0.2874, 0.0849, 0.1172, 0.1318)
    [trial 4] 48 features, training_days=300 | threshold=0.562 | labels: 1110 long, 1058 short (51/49%)
    [trial 4] Sharpe=-0.0708 (folds: -0.1356, -0.3246, 0.1191, -0.1340, 0.1213)
    [trial 5] 48 features, training_days=490 | threshold=0.711 | labels: 1110 long, 1058 short (51/49%)
    [trial 5] Sharpe=-0.0588 (folds: 0.0713, -0.4004, 0.0860, -0.1345, 0.0834)
    [trial 6] 48 features, training_days=420 | threshold=0.667 | labels: 1110 long, 1058 short (51/49%)
    [trial 6] Sharpe=-0.0271 (folds: -0.0070, -0.3410, 0.1774, -0.0603, 0.0952)
    [trial 7] 48 features, training_days=120 | threshold=0.550 | labels: 1110 long, 1058 short (51/49%)
    [trial 7] Sharpe=-0.0143 (folds: 0.0647, -0.1063, -0.0802, 0.0852, -0.0349)
    [trial 8] 48 features, training_days=450 | threshold=0.720 | labels: 1110 long, 1058 short (51/49%)
    [trial 8] Sharpe=-0.0347 (folds: -0.0800, -0.3451, -0.0500, 0.0537, 0.2477)
    [trial 9] 48 features, training_days=20 | threshold=0.727 | labels: 1110 long, 1058 short (51/49%)
    [trial 9] Sharpe=-6.0189 (folds: -10.0000, -0.1813, 0.0868, -10.0000, -10.0000)
    [trial 10] 48 features, training_days=200 | threshold=0.828 | labels: 1110 long, 1058 short (51/49%)
    [trial 10] Sharpe=-10.0000 (folds: -10.0000, -10.0000, -10.0000, -10.0000, -10.0000)
    [trial 11] 48 features, training_days=170 | threshold=0.792 | labels: 1110 long, 1058 short (51/49%)
    [trial 11] Sharpe=-0.0650 (folds: 0.1025, -0.2456, 0.0079, -0.0546, -0.1354)
    [trial 12] 48 features, training_days=130 | threshold=0.515 | labels: 1110 long, 1058 short (51/49%)
    [trial 12] Sharpe=-0.1054 (folds: -0.1869, -0.0404, -0.0791, 0.1356, -0.3561)
    [trial 13] 48 features, training_days=230 | threshold=0.501 | labels: 1110 long, 1058 short (51/49%)
    [trial 13] Sharpe=-0.0180 (folds: 0.0212, -0.2115, -0.0122, 0.0122, 0.1005)
    [trial 14] 48 features, training_days=380 | threshold=0.644 | labels: 1110 long, 1058 short (51/49%)
    [trial 14] Sharpe=-0.0515 (folds: -0.0321, -0.2487, 0.1104, -0.1610, 0.0740)
    [trial 15] 48 features, training_days=80 | threshold=0.759 | labels: 1110 long, 1058 short (51/49%)
    [trial 15] Sharpe=-0.0703 (folds: -0.1836, -0.0913, -0.0100, 0.1701, -0.2368)
    [trial 16] 48 features, training_days=320 | threshold=0.610 | labels: 1110 long, 1058 short (51/49%)
    [trial 16] Sharpe=-0.0916 (folds: -0.0755, -0.5503, -0.0167, -0.0528, 0.2374)
    [trial 17] 48 features, training_days=150 | threshold=0.542 | labels: 1110 long, 1058 short (51/49%)
    [trial 17] Sharpe=-0.0634 (folds: 0.0211, -0.2284, 0.0656, 0.0234, -0.1988)
  Optuna: 18 trials, best Sharpe = 0.0080
  Best params: n_estimators=134, max_depth=3, lr=0.0335, leaves=45
  Best confidence_threshold: 0.687
  Best training_days: 220
  Retrained on full data (660 samples, 48 features)
  OOD: 16 features, cutoff (q=0.7) = 11.43
  Model trained for 2024-02: 87 test candles with features, confidence_threshold=0.751
[trade:close] 2024-02-07 00:00 BTCUSDT SHORT → timeout @ 43079.10 | PnL=-0.37% (net -0.47%) | cum=+17.49% 2024-02=-0.47% 2024-02-07=-0.47%
[predict] 2024-02-10 08:00 BTCUSDT → SHORT (proba=0.77 TP=5.8%/SL=2.9%)
[trade:open] 2024-02-10 15:59 BTCUSDT SHORT @ 47332.00 | SL=48710.77 TP=44574.46 | timeout=2024-02-17 15:59
[trade:close] 2024-02-12 07:59 BTCUSDT SHORT → stop_loss @ 48710.77 | PnL=-2.91% (net -3.01%) | cum=+14.47% 2024-02=-3.49% 2024-02-12=-3.01%
[predict] 2024-02-22 16:00 BTCUSDT → LONG (proba=0.84 TP=6.9%/SL=3.5%)
[trade:open] 2024-02-22 23:59 BTCUSDT LONG @ 51316.90 | SL=49541.68 TP=54867.33 | timeout=2024-02-29 23:59
[trade:close] 2024-02-26 23:59 BTCUSDT LONG → take_profit @ 54867.33 | PnL=+6.92% (net +6.82%) | cum=+21.29% 2024-02=+3.33% 2024-02-26=+6.82%
[lgbm] === Training for 2024-03 ===
  Train window: 2022-03-01 → 2024-02-22
  2171 training samples from 1 symbols
  Samples per month: 2022-03: 93, 2022-04: 90, 2022-05: 93, 2022-06: 90, 2022-07: 93, 2022-08: 93, 2022-09: 90, 2022-10: 93, 2022-11: 90, 2022-12: 93, 2023-01: 93, 2023-02: 84, 2023-03: 93, 2023-04: 90, 2023-05: 93, 2023-06: 90, 2023-07: 93, 2023-08: 93, 2023-09: 90, 2023-10: 93, 2023-11: 90, 2023-12: 93, 2024-01: 93, 2024-02: 65
  [label] 2022-05-01 16:00 BTCUSDT entry=38440.5000 → SHORT | long=sl(-4.29%) short=sl(-4.29%) | scanned=11 | no_tp→fwd_return=-4.0429
  [label] 2022-05-04 00:00 BTCUSDT entry=38673.1000 → SHORT | long=sl(-4.02%) short=tp(+7.74%) | scanned=4 | short_tp_only
  [label] 2022-05-07 16:00 BTCUSDT entry=35466.7000 → SHORT | long=sl(-5.10%) short=tp(+9.89%) | scanned=6 | short_tp_only
  [label] 2022-06-01 08:00 BTCUSDT entry=30733.7000 → SHORT | long=sl(-4.90%) short=timeout(+0.80%) | scanned=22 | no_tp→fwd_return=-0.8971
  [label] 2022-07-24 00:00 BTCUSDT entry=22692.4000 → LONG | long=sl(-6.03%) short=sl(-6.03%) | scanned=14 | no_tp→fwd_return=+5.0405
  [label] 2023-01-06 00:00 BTCUSDT entry=16785.6000 → LONG | long=tp(+2.72%) short=sl(-1.51%) | scanned=10 | long_tp_only
  [label] 2023-01-10 00:00 BTCUSDT entry=17194.7000 → LONG | long=tp(+2.73%) short=sl(-1.51%) | scanned=5 | long_tp_only
  [label] 2023-01-20 16:00 BTCUSDT entry=22661.1000 → LONG | long=timeout(+1.70%) short=sl(-4.50%) | scanned=22 | no_tp→fwd_return=+1.7956
  [label] 2023-03-06 16:00 BTCUSDT entry=22397.1000 → SHORT | long=sl(-2.94%) short=tp(+5.57%) | scanned=9 | short_tp_only
  [label] 2023-03-15 08:00 BTCUSDT entry=24480.1000 → LONG | long=tp(+14.45%) short=sl(-7.38%) | scanned=13 | long_tp_only
  [label] 2023-06-13 16:00 BTCUSDT entry=25918.0000 → LONG | long=sl(-3.07%) short=sl(-3.07%) | scanned=10 | no_tp→fwd_return=+2.5835
  [label] 2023-07-15 16:00 BTCUSDT entry=30276.4000 → SHORT | long=sl(-2.82%) short=timeout(+1.53%) | scanned=22 | no_tp→fwd_return=-1.6280
  [label] 2023-08-01 00:00 BTCUSDT entry=28921.2000 → LONG | long=tp(+3.39%) short=sl(-1.84%) | scanned=3 | long_tp_only
  [label] 2023-08-13 16:00 BTCUSDT entry=29293.3000 → SHORT | long=sl(-1.37%) short=sl(-1.37%) | scanned=9 | no_tp→fwd_return=-1.9762
  [label] 2023-09-01 00:00 BTCUSDT entry=25975.2000 → LONG | long=timeout(+0.94%) short=timeout(-1.14%) | scanned=22 | no_tp→fwd_return=+1.0352
  [label] 2023-09-07 08:00 BTCUSDT entry=25766.7000 → SHORT | long=sl(-2.29%) short=sl(-2.29%) | scanned=12 | no_tp→fwd_return=-2.5777
  [label] 2023-09-19 16:00 BTCUSDT entry=27196.0000 → SHORT | long=sl(-2.77%) short=timeout(+3.53%) | scanned=22 | no_tp→fwd_return=-3.6299
  [label] 2023-10-29 08:00 BTCUSDT entry=34462.5000 → LONG | long=timeout(+1.15%) short=sl(-3.61%) | scanned=22 | no_tp→fwd_return=+1.2518
  [label] 2023-11-08 00:00 BTCUSDT entry=35239.6000 → LONG | long=tp(+5.85%) short=sl(-3.08%) | scanned=4 | long_tp_only
  [label] 2024-02-02 08:00 BTCUSDT entry=43222.9000 → LONG | long=tp(+6.56%) short=sl(-3.43%) | scanned=20 | long_tp_only
  Labels: 1143 long (52.6%), 1028 short (47.4%) | weights: min=1.00, mean=2.87, max=10.00
  Features: 2171/2171 matched, 48 columns
  CV gap: 22 rows
  [ensemble 1/3] seed=42
    [trial 0] 48 features, training_days=480 | threshold=0.631 | labels: 1143 long, 1028 short (53/47%)
    [CV fold 0] train_end=2022-06-23 08:00 | val_start=2022-07-01 00:00 | gap=184h (22 rows)
    [CV fold 1] train_end=2022-10-21 16:00 | val_start=2022-10-29 08:00 | gap=184h (22 rows)
    [CV fold 2] train_end=2023-02-19 00:00 | val_start=2023-02-26 16:00 | gap=184h (22 rows)
    [CV fold 3] train_end=2023-06-19 08:00 | val_start=2023-06-27 00:00 | gap=184h (22 rows)
    [CV fold 4] train_end=2023-10-17 16:00 | val_start=2023-10-25 08:00 | gap=184h (22 rows)[I 2026-06-01 13:00:08,930] Trial 0 finished with value: -0.058497971170673624 and parameters: {'confidence_threshold': 0.6310890415965769, 'training_days': 480, 'n_estimators': 380, 'max_depth': 4, 'num_leaves': 22, 'learning_rate': 0.01699897838270077, 'subsample': 0.5290418060840998, 'colsample_bytree': 0.9330880728874675, 'min_child_samples': 68, 'reg_alpha': 0.023585940584142682, 'reg_lambda': 1.5320059381854043e-08}. Best is trial 0 with value: -0.058497971170673624.
[I 2026-06-01 13:00:09,051] Trial 1 finished with value: -3.9833299399791797 and parameters: {'confidence_threshold': 0.839468448256698, 'training_days': 420, 'n_estimators': 145, 'max_depth': 3, 'num_leaves': 23, 'learning_rate': 0.028145092716060652, 'subsample': 0.762378215816119, 'colsample_bytree': 0.7159725093210578, 'min_child_samples': 43, 'reg_alpha': 0.0032112643094417484, 'reg_lambda': 1.8007140198129195e-07}. Best is trial 0 with value: -0.058497971170673624.
[I 2026-06-01 13:00:09,207] Trial 2 finished with value: -0.05371902171085348 and parameters: {'confidence_threshold': 0.6022506269873263, 'training_days': 190, 'n_estimators': 255, 'max_depth': 5, 'num_leaves': 24, 'learning_rate': 0.05748924681991978, 'subsample': 0.7962072844310213, 'colsample_bytree': 0.5232252063599989, 'min_child_samples': 69, 'reg_alpha': 3.425445902633376e-07, 'reg_lambda': 3.850031979199519e-08}. Best is trial 2 with value: -0.05371902171085348.
[I 2026-06-01 13:00:09,482] Trial 3 finished with value: -0.07969917287046556 and parameters: {'confidence_threshold': 0.8321099380386666, 'training_days': 490, 'n_estimators': 414, 'max_depth': 3, 'num_leaves': 19, 'learning_rate': 0.1024932221692416, 'subsample': 0.7200762468698007, 'colsample_bytree': 0.5610191174223894, 'min_child_samples': 60, 'reg_alpha': 2.039373116525212e-08, 'reg_lambda': 1.527156759251193}. Best is trial 2 with value: -0.05371902171085348.
[I 2026-06-01 13:00:09,639] Trial 4 finished with value: -0.07408783276285155 and parameters: {'confidence_threshold': 0.5905729935600059, 'training_days': 340, 'n_estimators': 190, 'max_depth': 4, 'num_leaves': 41, 'learning_rate': 0.01875220945578641, 'subsample': 0.9847923138822793, 'colsample_bytree': 0.8875664116805573, 'min_child_samples': 96, 'reg_alpha': 1.1309571585271483, 'reg_lambda': 0.002404915432737351}. Best is trial 2 with value: -0.05371902171085348.
[I 2026-06-01 13:00:09,676] Trial 5 finished with value: -2.5006030121199974 and parameters: {'confidence_threshold': 0.8226559822580909, 'training_days': 50, 'n_estimators': 138, 'max_depth': 3, 'num_leaves': 30, 'learning_rate': 0.03750796359625606, 'subsample': 0.6356745158869479, 'colsample_bytree': 0.9143687545759647, 'min_child_samples': 48, 'reg_alpha': 3.376063348877853e-06, 'reg_lambda': 0.0007660634613082914}. Best is trial 2 with value: -0.05371902171085348.
[I 2026-06-01 13:00:09,786] Trial 6 finished with value: -0.11565501487799361 and parameters: {'confidence_threshold': 0.5493234787411669, 'training_days': 410, 'n_estimators': 83, 'max_depth': 5, 'num_leaves': 52, 'learning_rate': 0.019657448966046126, 'subsample': 0.5027610585618012, 'colsample_bytree': 0.9077307142274171, 'min_child_samples': 77, 'reg_alpha': 0.03639690979811287, 'reg_lambda': 0.08738424135626986}. Best is trial 2 with value: -0.05371902171085348.
[I 2026-06-01 13:00:09,902] Trial 7 finished with value: -0.09665088084334104 and parameters: {'confidence_threshold': 0.5259156281069316, 'training_days': 180, 'n_estimators': 102, 'max_depth': 5, 'num_leaves': 45, 'learning_rate': 0.030816017044468066, 'subsample': 0.5317791751430119, 'colsample_bytree': 0.6554911608578311, 'min_child_samples': 46, 'reg_alpha': 0.036851536911881845, 'reg_lambda': 0.005470376807480391}. Best is trial 2 with value: -0.05371902171085348.
[I 2026-06-01 13:00:10,010] Trial 8 finished with value: -0.09303446031280195 and parameters: {'confidence_threshold': 0.8105244599017143, 'training_days': 240, 'n_estimators': 103, 'max_depth': 5, 'num_leaves': 52, 'learning_rate': 0.06746437142284309, 'subsample': 0.8854835899772805, 'colsample_bytree': 0.7468977981821954, 'min_child_samples': 62, 'reg_alpha': 7.04480806377519e-05, 'reg_lambda': 1.6934490731313353e-08}. Best is trial 2 with value: -0.05371902171085348.
[I 2026-06-01 13:00:10,032] Trial 9 finished with value: 0.06030604053319559 and parameters: {'confidence_threshold': 0.5377619994476566, 'training_days': 20, 'n_estimators': 337, 'max_depth': 3, 'num_leaves': 39, 'learning_rate': 0.21907142272152816, 'subsample': 0.6246461145744375, 'colsample_bytree': 0.7051914615178149, 'min_child_samples': 81, 'reg_alpha': 1.1459970229341322e-06, 'reg_lambda': 4.929685216887945e-08}. Best is trial 9 with value: 0.06030604053319559.
[I 2026-06-01 13:00:10,066] Trial 10 finished with value: -0.15818909993093816 and parameters: {'confidence_threshold': 0.7449289185605341, 'training_days': 10, 'n_estimators': 487, 'max_depth': 3, 'num_leaves': 61, 'learning_rate': 0.21914469472126635, 'subsample': 0.628963476300746, 'colsample_bytree': 0.8189858776055304, 'min_child_samples': 27, 'reg_alpha': 2.8948477959263623e-05, 'reg_lambda': 3.3639426888455256e-06}. Best is trial 9 with value: 0.06030604053319559.
[I 2026-06-01 13:00:10,171] Trial 11 finished with value: -0.028865237388347474 and parameters: {'confidence_threshold': 0.6708802976642027, 'training_days': 130, 'n_estimators': 281, 'max_depth': 4, 'num_leaves': 33, 'learning_rate': 0.2910304752534194, 'subsample': 0.7958418179650298, 'colsample_bytree': 0.5032632600247324, 'min_child_samples': 85, 'reg_alpha': 1.260146289504815e-07, 'reg_lambda': 7.868729181011707e-06}. Best is trial 9 with value: 0.06030604053319559.
[I 2026-06-01 13:00:10,276] Trial 12 finished with value: -0.03398114892307162 and parameters: {'confidence_threshold': 0.7020597930641965, 'training_days': 110, 'n_estimators': 302, 'max_depth': 4, 'num_leaves': 34, 'learning_rate': 0.2959628420607887, 'subsample': 0.6562013152222279, 'colsample_bytree': 0.6206114203241437, 'min_child_samples': 90, 'reg_alpha': 1.078766670299588e-08, 'reg_lambda': 8.348297043432798e-06}. Best is trial 9 with value: 0.06030604053319559.
[I 2026-06-01 13:00:10,371] Trial 13 finished with value: -0.04478204424438895 and parameters: {'confidence_threshold': 0.672165585289194, 'training_days': 100, 'n_estimators': 319, 'max_depth': 4, 'num_leaves': 34, 'learning_rate': 0.15617500002908422, 'subsample': 0.8569706409724946, 'colsample_bytree': 0.6170376480165809, 'min_child_samples': 84, 'reg_alpha': 7.048422798745172e-07, 'reg_lambda': 1.3472797234352198e-05}. Best is trial 9 with value: 0.06030604053319559.
[I 2026-06-01 13:00:10,450] Trial 14 finished with value: -0.06666493086649242 and parameters: {'confidence_threshold': 0.7534219751173105, 'training_days': 110, 'n_estimators': 252, 'max_depth': 3, 'num_leaves': 45, 'learning_rate': 0.14245863607446319, 'subsample': 0.6869701588660452, 'colsample_bytree': 0.8037857055908233, 'min_child_samples': 100, 'reg_alpha': 1.94503438370478e-07, 'reg_lambda': 9.518931482146833e-07}. Best is trial 9 with value: 0.06030604053319559.
[I 2026-06-01 13:00:10,483] Trial 15 finished with value: -0.15818909993093816 and parameters: {'confidence_threshold': 0.5030638161660913, 'training_days': 10, 'n_estimators': 353, 'max_depth': 4, 'num_leaves': 30, 'learning_rate': 0.29506097104089135, 'subsample': 0.6015874640141092, 'colsample_bytree': 0.5065896071904618, 'min_child_samples': 81, 'reg_alpha': 1.0473359637339948e-05, 'reg_lambda': 7.482879404932238e-05}. Best is trial 9 with value: 0.06030604053319559.
[I 2026-06-01 13:00:10,620] Trial 16 finished with value: -0.09526432023619018 and parameters: {'confidence_threshold': 0.6561330808259077, 'training_days': 200, 'n_estimators': 220, 'max_depth': 4, 'num_leaves': 39, 'learning_rate': 0.09806146822400062, 'subsample': 0.8013687718960705, 'colsample_bytree': 0.6803395985027783, 'min_child_samples': 74, 'reg_alpha': 0.0005038778912242804, 'reg_lambda': 4.28170520176123e-07}. Best is trial 9 with value: 0.06030604053319559.
[I 2026-06-01 13:00:10,870] Trial 17 finished with value: -0.0920441300016956 and parameters: {'confidence_threshold': 0.5596614474862396, 'training_days': 300, 'n_estimators': 424, 'max_depth': 3, 'num_leaves': 15, 'learning_rate': 0.010425658055299656, 'subsample': 0.9082676340052684, 'colsample_bytree': 0.9956385980717998, 'min_child_samples': 88, 'reg_alpha': 8.089339609894541e-08, 'reg_lambda': 4.0824733684077556e-05}. Best is trial 9 with value: 0.06030604053319559.
[I 2026-06-01 13:00:11,139] A new study created in memory with name: no-name-1f9ab499-0e3a-4f0c-a5c9-7b170c82cbd1
[I 2026-06-01 13:00:11,251] Trial 0 finished with value: -0.09895239070320949 and parameters: {'confidence_threshold': 0.7437642149592516, 'training_days': 150, 'n_estimators': 152, 'max_depth': 4, 'num_leaves': 50, 'learning_rate': 0.04216766425047743, 'subsample': 0.9903820991923078, 'colsample_bytree': 0.8424148692924316, 'min_child_samples': 58, 'reg_alpha': 3.381097259762742e-05, 'reg_lambda': 1.2263152961306247e-05}. Best is trial 0 with value: -0.09895239070320949.
[I 2026-06-01 13:00:11,318] Trial 1 finished with value: -3.832403853142801 and parameters: {'confidence_threshold': 0.7551673975844145, 'training_days': 220, 'n_estimators': 76, 'max_depth': 4, 'num_leaves': 51, 'learning_rate': 0.018602118810743477, 'subsample': 0.5877258780737462, 'colsample_bytree': 0.7657756869209191, 'min_child_samples': 63, 'reg_alpha': 0.005123994170264194, 'reg_lambda': 0.44145470178120466}. Best is trial 0 with value: -0.09895239070320949.
[I 2026-06-01 13:00:11,576] Trial 2 finished with value: -0.064885798504793 and parameters: {'confidence_threshold': 0.7535593637012223, 'training_days': 310, 'n_estimators': 375, 'max_depth': 3, 'num_leaves': 32, 'learning_rate': 0.021735641882032388, 'subsample': 0.6468570231944146, 'colsample_bytree': 0.8154880619272439, 'min_child_samples': 27, 'reg_alpha': 8.004064028491336e-05, 'reg_lambda': 7.546835261630524e-05}. Best is trial 2 with value: -0.064885798504793.
[I 2026-06-01 13:00:11,745] Trial 3 finished with value: -0.059211672593399156 and parameters: {'confidence_threshold': 0.6727897841776072, 'training_days': 220, 'n_estimators': 190, 'max_depth': 4, 'num_leaves': 58, 'learning_rate': 0.24810689332636193, 'subsample': 0.7509183379421682, 'colsample_bytree': 0.8119764758960556, 'min_child_samples': 29, 'reg_alpha': 7.1708285081421445e-06, 'reg_lambda': 5.412973582738627e-05}. Best is trial 3 with value: -0.059211672593399156.
[I 2026-06-01 13:00:11,874] Trial 4 finished with value: -0.02424602585777052 and parameters: {'confidence_threshold': 0.803208205259178, 'training_days': 130, 'n_estimators': 267, 'max_depth': 5, 'num_leaves': 40, 'learning_rate': 0.08041175317374143, 'subsample': 0.5603143329951619, 'colsample_bytree': 0.9131704002534167, 'min_child_samples': 68, 'reg_alpha': 0.0008046593428183385, 'reg_lambda': 1.2158346158765583e-05}. Best is trial 4 with value: -0.02424602585777052.
[I 2026-06-01 13:00:12,117] Trial 5 finished with value: -0.07048357445697587 and parameters: {'confidence_threshold': 0.6064422761595144, 'training_days': 210, 'n_estimators': 357, 'max_depth': 5, 'num_leaves': 40, 'learning_rate': 0.0974221287220869, 'subsample': 0.7929682762811064, 'colsample_bytree': 0.8124517510478, 'min_child_samples': 74, 'reg_alpha': 0.3811377260781234, 'reg_lambda': 5.607314238392041e-08}. Best is trial 4 with value: -0.02424602585777052.
[I 2026-06-01 13:00:12,234] Trial 6 finished with value: -0.0639189235459523 and parameters: {'confidence_threshold': 0.7672889945051684, 'training_days': 130, 'n_estimators': 137, 'max_depth': 4, 'num_leaves': 19, 'learning_rate': 0.2031117614248665, 'subsample': 0.8136244860256343, 'colsample_bytree': 0.8617081790949774, 'min_child_samples': 21, 'reg_alpha': 0.002238138278733199, 'reg_lambda': 0.001025809534977322}. Best is trial 4 with value: -0.02424602585777052.
[I 2026-06-01 13:00:12,312] Trial 7 finished with value: -0.032730605725429546 and parameters: {'confidence_threshold': 0.555635875450653, 'training_days': 80, 'n_estimators': 363, 'max_depth': 3, 'num_leaves': 48, 'learning_rate': 0.06590089024008658, 'subsample': 0.6944752870615722, 'colsample_bytree': 0.962566244806993, 'min_child_samples': 88, 'reg_alpha': 1.6465620446426067e-05, 'reg_lambda': 2.4678750890085655e-08}. Best is trial 4 with value: -0.02424602585777052.
[I 2026-06-01 13:00:12,657] Trial 8 finished with value: -0.0882715031292777 and parameters: {'confidence_threshold': 0.6066688256938841, 'training_days': 200, 'n_estimators': 367, 'max_depth': 5, 'num_leaves': 32, 'learning_rate': 0.13377519215934996, 'subsample': 0.7965884582811106, 'colsample_bytree': 0.8458508993500886, 'min_child_samples': 32, 'reg_alpha': 3.889436043816386e-05, 'reg_lambda': 1.4713062489380356e-06}. Best is trial 4 with value: -0.02424602585777052.
