[I 2026-06-01 12:59:22,721] Trial 2 finished with value: -0.025610640774299497 and parameters: {'confidence_threshold': 0.5849570384370288, 'training_days': 10, 'n_estimators': 212, 'max_depth': 3, 'num_leaves': 41, 'learning_rate': 0.18452095998378365, 'subsample': 0.6001060822924371, 'colsample_bytree': 0.5673167293506167, 'min_child_samples': 37, 'reg_alpha': 5.733250064217131, 'reg_lambda': 0.5308454292595461}. Best is trial 2 with value: -0.025610640774299497.
[I 2026-06-01 12:59:22,794] Trial 3 finished with value: -0.013093539234711349 and parameters: {'confidence_threshold': 0.6868248626683718, 'training_days': 220, 'n_estimators': 134, 'max_depth': 3, 'num_leaves': 45, 'learning_rate': 0.033529007907491595, 'subsample': 0.8647277071858408, 'colsample_bytree': 0.778494116634046, 'min_child_samples': 96, 'reg_alpha': 2.409409937265785e-07, 'reg_lambda': 1.1642073478060009}. Best is trial 3 with value: -0.013093539234711349.
[I 2026-06-01 12:59:22,875] Trial 4 finished with value: -0.10400189863414722 and parameters: {'confidence_threshold': 0.5623121348350352, 'training_days': 300, 'n_estimators': 69, 'max_depth': 4, 'num_leaves': 32, 'learning_rate': 0.14967629360700346, 'subsample': 0.5054535233636654, 'colsample_bytree': 0.7401385194659216, 'min_child_samples': 27, 'reg_alpha': 1.4212042567426725e-07, 'reg_lambda': 0.23605753701352003}. Best is trial 3 with value: -0.013093539234711349.
[I 2026-06-01 12:59:23,277] Trial 5 finished with value: -0.105482695454484 and parameters: {'confidence_threshold': 0.7111850244908446, 'training_days': 490, 'n_estimators': 362, 'max_depth': 5, 'num_leaves': 40, 'learning_rate': 0.05960785724162737, 'subsample': 0.5589714368907717, 'colsample_bytree': 0.6659006943232806, 'min_child_samples': 42, 'reg_alpha': 0.6741360303045295, 'reg_lambda': 6.054601607143087e-08}. Best is trial 3 with value: -0.013093539234711349.
[I 2026-06-01 12:59:23,449] Trial 6 finished with value: -0.05628653817626063 and parameters: {'confidence_threshold': 0.667482545748023, 'training_days': 420, 'n_estimators': 279, 'max_depth': 3, 'num_leaves': 45, 'learning_rate': 0.040099592560849204, 'subsample': 0.8563114696415159, 'colsample_bytree': 0.5442917781944105, 'min_child_samples': 50, 'reg_alpha': 1.6407916423707903e-08, 'reg_lambda': 2.935907642973286e-05}. Best is trial 3 with value: -0.013093539234711349.
[I 2026-06-01 12:59:23,608] Trial 7 finished with value: -0.027314029649311726 and parameters: {'confidence_threshold': 0.5497381024139926, 'training_days': 120, 'n_estimators': 408, 'max_depth': 5, 'num_leaves': 38, 'learning_rate': 0.28049122657745795, 'subsample': 0.8806573338635493, 'colsample_bytree': 0.5454054113547102, 'min_child_samples': 63, 'reg_alpha': 0.01263008637940408, 'reg_lambda': 0.04588020805366937}. Best is trial 3 with value: -0.013093539234711349.
[I 2026-06-01 12:59:23,879] Trial 8 finished with value: -0.13159475965224532 and parameters: {'confidence_threshold': 0.719644804808716, 'training_days': 450, 'n_estimators': 410, 'max_depth': 4, 'num_leaves': 57, 'learning_rate': 0.04022026551478857, 'subsample': 0.5336085426932707, 'colsample_bytree': 0.5705742850577543, 'min_child_samples': 100, 'reg_alpha': 5.916398047912201e-07, 'reg_lambda': 0.9794034214488329}. Best is trial 3 with value: -0.013093539234711349.
[I 2026-06-01 12:59:23,901] Trial 9 finished with value: -2.044385300223689 and parameters: {'confidence_threshold': 0.7267463643917187, 'training_days': 20, 'n_estimators': 337, 'max_depth': 5, 'num_leaves': 23, 'learning_rate': 0.022153031811454605, 'subsample': 0.6305627572358737, 'colsample_bytree': 0.6613413774216214, 'min_child_samples': 81, 'reg_alpha': 5.7638634029410314e-08, 'reg_lambda': 8.26603016764008}. Best is trial 3 with value: -0.013093539234711349.
[I 2026-06-01 12:59:23,999] Trial 10 finished with value: -7.993505798032598 and parameters: {'confidence_threshold': 0.8283920119574972, 'training_days': 200, 'n_estimators': 181, 'max_depth': 3, 'num_leaves': 62, 'learning_rate': 0.011579281028220855, 'subsample': 0.7130289643560688, 'colsample_bytree': 0.9944479338273263, 'min_child_samples': 100, 'reg_alpha': 6.837313901272251e-05, 'reg_lambda': 0.0027253228209330924}. Best is trial 3 with value: -0.013093539234711349.
[I 2026-06-01 12:59:24,029] Trial 11 finished with value: -0.025610640774299497 and parameters: {'confidence_threshold': 0.6197501000344016, 'training_days': 10, 'n_estimators': 189, 'max_depth': 3, 'num_leaves': 52, 'learning_rate': 0.1690988402609865, 'subsample': 0.7420432647590525, 'colsample_bytree': 0.8016610248739169, 'min_child_samples': 57, 'reg_alpha': 4.049659275504419, 'reg_lambda': 0.00647465266809438}. Best is trial 3 with value: -0.013093539234711349.

    [trial 12] 48 features, training_days=130 | threshold=0.770 | labels: 1040 long, 1128 short (48/52%)
    [trial 12] Sharpe=-10.0000 (folds: -10.0000, -10.0000, -10.0000, -10.0000, -10.0000)
    [trial 13] 48 features, training_days=100 | threshold=0.672 | labels: 1040 long, 1128 short (48/52%)
    [trial 13] Sharpe=0.0493 (folds: -0.0096, 0.1763, -0.1846, 0.1040, 0.1605)
    [trial 14] 48 features, training_days=80 | threshold=0.673 | labels: 1040 long, 1128 short (48/52%)
    [trial 14] Sharpe=-0.0043 (folds: -0.0539, 0.0122, -0.0870, 0.1085, -0.0013)
    [trial 15] 48 features, training_days=100 | threshold=0.675 | labels: 1040 long, 1128 short (48/52%)
    [trial 15] Sharpe=0.0096 (folds: -0.0437, 0.0872, -0.1763, 0.0424, 0.1386)
    [trial 16] 48 features, training_days=50 | threshold=0.783 | labels: 1040 long, 1128 short (48/52%)
    [trial 16] Sharpe=-0.0030 (folds: 0.0197, 0.0476, -0.2019, -0.1093, 0.2286)
    [trial 17] 48 features, training_days=290 | threshold=0.707 | labels: 1040 long, 1128 short (48/52%)
    [trial 17] Sharpe=-0.1115 (folds: -0.2493, -0.0097, -0.3169, 0.0855, -0.0668)
  Optuna: 18 trials, best Sharpe = 0.1209
  Best params: n_estimators=138, max_depth=3, lr=0.0375, leaves=30
  Best confidence_threshold: 0.823
  Best training_days: 50
  Retrained on full data (150 samples, 48 features)
  [ensemble 2/3] seed=123
    [trial 0] 48 features, training_days=150 | threshold=0.744 | labels: 1040 long, 1128 short (48/52%)
    [CV fold 0] train_end=2022-01-22 08:00 | val_start=2022-01-30 00:00 | gap=184h (22 rows)
    [CV fold 1] train_end=2022-05-22 16:00 | val_start=2022-05-30 08:00 | gap=184h (22 rows)
    [CV fold 2] train_end=2022-09-20 00:00 | val_start=2022-09-27 16:00 | gap=184h (22 rows)
    [CV fold 3] train_end=2023-01-18 08:00 | val_start=2023-01-26 00:00 | gap=184h (22 rows)
    [CV fold 4] train_end=2023-05-18 16:00 | val_start=2023-05-26 08:00 | gap=184h (22 rows)
    [trial 0] Sharpe=-0.1020 (folds: -0.3197, -0.0605, -0.2282, 0.0174, 0.0809)
    [trial 1] 48 features, training_days=220 | threshold=0.755 | labels: 1040 long, 1128 short (48/52%)
    [trial 1] Sharpe=0.1073 (folds: -0.2307, 0.4181, -0.4670, 0.2119, 0.6041)
    [trial 2] 48 features, training_days=310 | threshold=0.754 | labels: 1040 long, 1128 short (48/52%)
    [trial 2] Sharpe=-0.0177 (folds: -0.1093, 0.1239, -0.3163, 0.1447, 0.0687)
    [trial 3] 48 features, training_days=220 | threshold=0.673 | labels: 1040 long, 1128 short (48/52%)
    [trial 3] Sharpe=-0.0668 (folds: -0.0997, 0.0933, -0.2733, -0.0976, 0.0433)
    [trial 4] 48 features, training_days=130 | threshold=0.803 | labels: 1040 long, 1128 short (48/52%)
    [trial 4] Sharpe=-0.0601 (folds: -0.4958, -0.0339, -0.0840, 0.0786, 0.2344)
    [trial 5] 48 features, training_days=210 | threshold=0.606 | labels: 1040 long, 1128 short (48/52%)
    [trial 5] Sharpe=-0.0886 (folds: -0.3162, 0.0470, -0.2343, 0.1066, -0.0463)
    [trial 6] 48 features, training_days=130 | threshold=0.767 | labels: 1040 long, 1128 short (48/52%)
    [trial 6] Sharpe=-0.0296 (folds: -0.1282, -0.0144, -0.1947, 0.1374, 0.0520)
    [trial 7] 48 features, training_days=80 | threshold=0.556 | labels: 1040 long, 1128 short (48/52%)
    [trial 7] Sharpe=-0.0293 (folds: 0.0346, -0.0668, -0.0189, 0.0474, -0.1429)
    [trial 8] 48 features, training_days=200 | threshold=0.607 | labels: 1040 long, 1128 short (48/52%)
    [trial 8] Sharpe=-0.0960 (folds: -0.1097, -0.0356, -0.3276, 0.0205, -0.0277)
    [trial 9] 48 features, training_days=260 | threshold=0.620 | labels: 1040 long, 1128 short (48/52%)
    [trial 9] Sharpe=-0.1324 (folds: -0.3478, -0.0376, -0.3953, 0.0674, 0.0514)
    [trial 10] 48 features, training_days=470 | threshold=0.845 | labels: 1040 long, 1128 short (48/52%)
    [trial 10] Sharpe=-0.0485 (folds: -0.3134, 0.1618, 0.0752, -0.1208, -0.0452)
    [trial 11] 48 features, training_days=360 | threshold=0.716 | labels: 1040 long, 1128 short (48/52%)
    [trial 11] Sharpe=-5.9023 (folds: -0.2560, 0.7444, -10.0000, -10.0000, -10.0000)
    [trial 12] 48 features, training_days=340 | threshold=0.678 | labels: 1040 long, 1128 short (48/52%)
    [trial 12] Sharpe=-0.1075 (folds: -0.4790, 0.0068, -0.2633, 0.0719, 0.1259)
    [trial 13] 48 features, training_days=10 | threshold=0.790 | labels: 1040 long, 1128 short (48/52%)
    [trial 13] Sharpe=-3.9964 (folds: -10.0000, 0.0939, -10.0000, 0.0741, -0.1500)
    [trial 14] 48 features, training_days=310 | threshold=0.699 | labels: 1040 long, 1128 short (48/52%)
    [trial 14] Sharpe=-0.1447 (folds: -0.4377, 0.0149, -0.2897, 0.0002, -0.0112)
    [trial 15] 48 features, training_days=390 | threshold=0.841 | labels: 1040 long, 1128 short (48/52%)
    [trial 15] Sharpe=0.0194 (folds: -0.3300, 0.1885, -0.1004, -0.0954, 0.4343)
    [trial 16] 48 features, training_days=440 | threshold=0.835 | labels: 1040 long, 1128 short (48/52%)
    [trial 16] Sharpe=-0.0635 (folds: -0.3958, 0.1594, -0.0016, -0.4159, 0.3365)
    [trial 17] 48 features, training_days=410 | threshold=0.500 | labels: 1040 long, 1128 short (48/52%)
    [trial 17] Sharpe=-0.0660 (folds: -0.0476, -0.0455, -0.1851, 0.0900, -0.1420)
  Optuna: 18 trials, best Sharpe = 0.1073
  Best params: n_estimators=76, max_depth=4, lr=0.0186, leaves=51
  Best confidence_threshold: 0.755
  Best training_days: 220
  Retrained on full data (660 samples, 48 features)
  [ensemble 3/3] seed=456
    [trial 0] 48 features, training_days=90 | threshold=0.587 | labels: 1040 long, 1128 short (48/52%)
    [CV fold 0] train_end=2022-01-22 08:00 | val_start=2022-01-30 00:00 | gap=184h (22 rows)
    [CV fold 1] train_end=2022-05-22 16:00 | val_start=2022-05-30 08:00 | gap=184h (22 rows)
    [CV fold 2] train_end=2022-09-20 00:00 | val_start=2022-09-27 16:00 | gap=184h (22 rows)
    [CV fold 3] train_end=2023-01-18 08:00 | val_start=2023-01-26 00:00 | gap=184h (22 rows)
    [CV fold 4] train_end=2023-05-18 16:00 | val_start=2023-05-26 08:00 | gap=184h (22 rows)
    [trial 0] Sharpe=-0.0379 (folds: 0.0117, 0.0382, -0.1848, -0.0276, -0.0270)
    [trial 1] 48 features, training_days=290 | threshold=0.635 | labels: 1040 long, 1128 short (48/52%)
    [trial 1] Sharpe=-0.0972 (folds: -0.3685, -0.0157, -0.2588, 0.1494, 0.0075)
    [trial 2] 48 features, training_days=10 | threshold=0.585 | labels: 1040 long, 1128 short (48/52%)
    [trial 2] Sharpe=-0.0256 (folds: 0.0355, 0.0939, -0.1815, 0.0741, -0.1500)
    [trial 3] 48 features, training_days=220 | threshold=0.687 | labels: 1040 long, 1128 short (48/52%)
    [trial 3] Sharpe=-0.0131 (folds: -0.2976, 0.2373, -0.2594, 0.1347, 0.1196)
    [trial 4] 48 features, training_days=300 | threshold=0.562 | labels: 1040 long, 1128 short (48/52%)
    [trial 4] Sharpe=-0.1040 (folds: -0.1302, -0.0302, -0.3309, 0.1214, -0.1501)
    [trial 5] 48 features, training_days=490 | threshold=0.711 | labels: 1040 long, 1128 short (48/52%)
    [trial 5] Sharpe=-0.1055 (folds: -0.1773, -0.0272, -0.2735, 0.0594, -0.1088)
    [trial 6] 48 features, training_days=420 | threshold=0.667 | labels: 1040 long, 1128 short (48/52%)
    [trial 6] Sharpe=-0.0563 (folds: -0.2355, -0.0022, -0.2469, 0.2155, -0.0123)
    [trial 7] 48 features, training_days=120 | threshold=0.550 | labels: 1040 long, 1128 short (48/52%)
    [trial 7] Sharpe=-0.0273 (folds: -0.1961, 0.1128, -0.1184, -0.0609, 0.1261)
    [trial 8] 48 features, training_days=450 | threshold=0.720 | labels: 1040 long, 1128 short (48/52%)
    [trial 8] Sharpe=-0.1316 (folds: -0.5287, 0.0376, -0.2675, 0.0989, 0.0017)
    [trial 9] 48 features, training_days=20 | threshold=0.727 | labels: 1040 long, 1128 short (48/52%)
    [trial 9] Sharpe=-2.0444 (folds: 0.0355, -10.0000, -0.1815, 0.0741, -0.1500)
    [trial 10] 48 features, training_days=200 | threshold=0.828 | labels: 1040 long, 1128 short (48/52%)
    [trial 10] Sharpe=-7.9935 (folds: -10.0000, 0.0325, -10.0000, -10.0000, -10.0000)
    [trial 11] 48 features, training_days=10 | threshold=0.620 | labels: 1040 long, 1128 short (48/52%)
    [trial 11] Sharpe=-0.0256 (folds: 0.0355, 0.0939, -0.1815, 0.0741, -0.1500)
    [trial 12] 48 features, training_days=200 | threshold=0.515 | labels: 1040 long, 1128 short (48/52%)
    [trial 12] Sharpe=-0.0364 (folds: -0.0632, -0.0944, -0.1947, 0.1246, 0.0460)[I 2026-06-01 12:59:24,176] Trial 12 finished with value: -0.03636820973919389 and parameters: {'confidence_threshold': 0.5145853631584999, 'training_days': 200, 'n_estimators': 198, 'max_depth': 3, 'num_leaves': 25, 'learning_rate': 0.01924681962976845, 'subsample': 0.9912016966112274, 'colsample_bytree': 0.6699726886825281, 'min_child_samples': 21, 'reg_alpha': 6.544213947333556e-05, 'reg_lambda': 8.11725027325067}. Best is trial 3 with value: -0.013093539234711349.
[I 2026-06-01 12:59:24,363] Trial 13 finished with value: -0.17358060084886237 and parameters: {'confidence_threshold': 0.8049870194265122, 'training_days': 350, 'n_estimators': 248, 'max_depth': 4, 'num_leaves': 49, 'learning_rate': 0.11842510796771445, 'subsample': 0.6356215386273887, 'colsample_bytree': 0.7477878654225999, 'min_child_samples': 84, 'reg_alpha': 0.006809563313242477, 'reg_lambda': 0.0618107539226074}. Best is trial 3 with value: -0.013093539234711349.
[I 2026-06-01 12:59:24,556] Trial 14 finished with value: -0.03727514065462135 and parameters: {'confidence_threshold': 0.7723320301796328, 'training_days': 130, 'n_estimators': 500, 'max_depth': 3, 'num_leaves': 17, 'learning_rate': 0.2759676576317377, 'subsample': 0.7851487748866213, 'colsample_bytree': 0.6122042522489387, 'min_child_samples': 67, 'reg_alpha': 1.1551822108194917e-05, 'reg_lambda': 5.604461708154018e-06}. Best is trial 3 with value: -0.013093539234711349.
[I 2026-06-01 12:59:24,654] Trial 15 finished with value: -0.04619634546370869 and parameters: {'confidence_threshold': 0.6672055301249811, 'training_days': 210, 'n_estimators': 120, 'max_depth': 3, 'num_leaves': 31, 'learning_rate': 0.027837053988777765, 'subsample': 0.6512150728280258, 'colsample_bytree': 0.502925720040233, 'min_child_samples': 46, 'reg_alpha': 0.016709908009257986, 'reg_lambda': 0.0013467843257158065}. Best is trial 3 with value: -0.013093539234711349.
[I 2026-06-01 12:59:24,753] Trial 16 finished with value: -0.09892460074538698 and parameters: {'confidence_threshold': 0.6189401841155484, 'training_days': 350, 'n_estimators': 58, 'max_depth': 4, 'num_leaves': 53, 'learning_rate': 0.10282927795456602, 'subsample': 0.9162663396402947, 'colsample_bytree': 0.7986927760777373, 'min_child_samples': 31, 'reg_alpha': 0.22412806315095748, 'reg_lambda': 0.9067908705377224}. Best is trial 3 with value: -0.013093539234711349.
[I 2026-06-01 12:59:24,820] Trial 17 finished with value: -0.006271725760307387 and parameters: {'confidence_threshold': 0.5032306008234736, 'training_days': 70, 'n_estimators': 253, 'max_depth': 3, 'num_leaves': 41, 'learning_rate': 0.013231853350518621, 'subsample': 0.6899430541324337, 'colsample_bytree': 0.9251443147544832, 'min_child_samples': 92, 'reg_alpha': 3.932910488483643e-06, 'reg_lambda': 0.030849399820144043}. Best is trial 17 with value: -0.006271725760307387.
[I 2026-06-01 12:59:25,322] A new study created in memory with name: no-name-7800f716-f992-4f15-8ab3-a01c9eb18704
[I 2026-06-01 12:59:25,658] Trial 0 finished with value: 0.003369037405266134 and parameters: {'confidence_threshold': 0.6310890415965769, 'training_days': 480, 'n_estimators': 380, 'max_depth': 4, 'num_leaves': 22, 'learning_rate': 0.01699897838270077, 'subsample': 0.5290418060840998, 'colsample_bytree': 0.9330880728874675, 'min_child_samples': 68, 'reg_alpha': 0.023585940584142682, 'reg_lambda': 1.5320059381854043e-08}. Best is trial 0 with value: 0.003369037405266134.
[I 2026-06-01 12:59:25,792] Trial 1 finished with value: -3.9193922861622297 and parameters: {'confidence_threshold': 0.839468448256698, 'training_days': 420, 'n_estimators': 145, 'max_depth': 3, 'num_leaves': 23, 'learning_rate': 0.028145092716060652, 'subsample': 0.762378215816119, 'colsample_bytree': 0.7159725093210578, 'min_child_samples': 43, 'reg_alpha': 0.0032112643094417484, 'reg_lambda': 1.8007140198129195e-07}. Best is trial 0 with value: 0.003369037405266134.
[I 2026-06-01 12:59:25,947] Trial 2 finished with value: -0.01509169227903372 and parameters: {'confidence_threshold': 0.6022506269873263, 'training_days': 190, 'n_estimators': 255, 'max_depth': 5, 'num_leaves': 24, 'learning_rate': 0.05748924681991978, 'subsample': 0.7962072844310213, 'colsample_bytree': 0.5232252063599989, 'min_child_samples': 69, 'reg_alpha': 3.425445902633376e-07, 'reg_lambda': 3.850031979199519e-08}. Best is trial 0 with value: 0.003369037405266134.
[I 2026-06-01 12:59:26,222] Trial 3 finished with value: 0.02271768397812257 and parameters: {'confidence_threshold': 0.8321099380386666, 'training_days': 490, 'n_estimators': 414, 'max_depth': 3, 'num_leaves': 19, 'learning_rate': 0.1024932221692416, 'subsample': 0.7200762468698007, 'colsample_bytree': 0.5610191174223894, 'min_child_samples': 60, 'reg_alpha': 2.039373116525212e-08, 'reg_lambda': 1.527156759251193}. Best is trial 3 with value: 0.02271768397812257.
[I 2026-06-01 12:59:26,379] Trial 4 finished with value: 0.03922468093100358 and parameters: {'confidence_threshold': 0.5905729935600059, 'training_days': 340, 'n_estimators': 190, 'max_depth': 4, 'num_leaves': 41, 'learning_rate': 0.01875220945578641, 'subsample': 0.9847923138822793, 'colsample_bytree': 0.8875664116805573, 'min_child_samples': 96, 'reg_alpha': 1.1309571585271483, 'reg_lambda': 0.002404915432737351}. Best is trial 4 with value: 0.03922468093100358.
[I 2026-06-01 12:59:26,421] Trial 5 finished with value: -0.23421763985211186 and parameters: {'confidence_threshold': 0.8226559822580909, 'training_days': 50, 'n_estimators': 138, 'max_depth': 3, 'num_leaves': 30, 'learning_rate': 0.03750796359625606, 'subsample': 0.6356745158869479, 'colsample_bytree': 0.9143687545759647, 'min_child_samples': 48, 'reg_alpha': 3.376063348877853e-06, 'reg_lambda': 0.0007660634613082914}. Best is trial 4 with value: 0.03922468093100358.
[I 2026-06-01 12:59:26,526] Trial 6 finished with value: -0.006401832590304304 and parameters: {'confidence_threshold': 0.5493234787411669, 'training_days': 410, 'n_estimators': 83, 'max_depth': 5, 'num_leaves': 52, 'learning_rate': 0.019657448966046126, 'subsample': 0.5027610585618012, 'colsample_bytree': 0.9077307142274171, 'min_child_samples': 77, 'reg_alpha': 0.03639690979811287, 'reg_lambda': 0.08738424135626986}. Best is trial 4 with value: 0.03922468093100358.
