[I 2026-06-01 13:03:23,825] Trial 3 finished with value: -0.0445331524796463 and parameters: {'confidence_threshold': 0.8321099380386666, 'training_days': 490, 'n_estimators': 414, 'max_depth': 3, 'num_leaves': 19, 'learning_rate': 0.1024932221692416, 'subsample': 0.7200762468698007, 'colsample_bytree': 0.5610191174223894, 'min_child_samples': 60, 'reg_alpha': 2.039373116525212e-08, 'reg_lambda': 1.527156759251193}. Best is trial 3 with value: -0.0445331524796463.

    [trial 10] 48 features, training_days=130 | threshold=0.840 | labels: 1220 long, 951 short (56/44%)
    [trial 10] Sharpe=-0.0229 (folds: -0.1032, 0.0816, 0.0069, -0.0909, -0.0090)
    [trial 11] 48 features, training_days=140 | threshold=0.849 | labels: 1220 long, 951 short (56/44%)
    [trial 11] Sharpe=-0.1038 (folds: -0.2583, 0.0256, -0.0341, -0.1331, -0.1193)
    [trial 12] 48 features, training_days=120 | threshold=0.839 | labels: 1220 long, 951 short (56/44%)
    [trial 12] Sharpe=-0.0323 (folds: 0.0109, 0.0117, -0.0557, -0.1105, -0.0179)
    [trial 13] 48 features, training_days=200 | threshold=0.504 | labels: 1220 long, 951 short (56/44%)
    [trial 13] Sharpe=-0.0952 (folds: 0.0340, -0.0056, -0.1907, -0.1839, -0.1298)
    [trial 14] 48 features, training_days=80 | threshold=0.772 | labels: 1220 long, 951 short (56/44%)
    [trial 14] Sharpe=-0.0582 (folds: 0.0224, -0.0569, 0.0043, -0.0100, -0.2510)
    [trial 15] 48 features, training_days=180 | threshold=0.612 | labels: 1220 long, 951 short (56/44%)
    [trial 15] Sharpe=-0.0788 (folds: 0.0269, 0.0216, -0.1250, -0.2066, -0.1110)
    [trial 16] 48 features, training_days=70 | threshold=0.781 | labels: 1220 long, 951 short (56/44%)
    [trial 16] Sharpe=0.0296 (folds: 0.2065, -0.1000, 0.0145, 0.0609, -0.0339)
    [trial 17] 48 features, training_days=70 | threshold=0.787 | labels: 1220 long, 951 short (56/44%)
    [trial 17] Sharpe=0.0751 (folds: 0.5856, -0.3808, -0.0479, -0.0794, 0.2983)
  Optuna: 18 trials, best Sharpe = 0.0751
  Best params: n_estimators=228, max_depth=5, lr=0.0238, leaves=50
  Best confidence_threshold: 0.787
  Best training_days: 70
  Retrained on full data (210 samples, 48 features)
  OOD: 16 features, cutoff (q=0.7) = 9.41
  Model trained for 2025-07: 93 test candles with features, confidence_threshold=0.722
[trade:close] 2025-07-03 15:59 BTCUSDT SHORT → stop_loss @ 109794.70 | PnL=-2.60% (net -2.70%) | cum=-21.09% 2025-07=-2.70% 2025-07-03=-2.70%
[predict] 2025-07-05 00:00 BTCUSDT → LONG (proba=0.90 TP=4.0%/SL=2.0%)
[trade:open] 2025-07-05 07:59 BTCUSDT LONG @ 108000.90 | SL=105850.85 TP=112301.00 | timeout=2025-07-12 07:59
[trade:close] 2025-07-10 23:59 BTCUSDT LONG → take_profit @ 112301.00 | PnL=+3.98% (net +3.88%) | cum=-17.21% 2025-07=+1.18% 2025-07-10=+3.88%
[predict] 2025-07-12 08:00 BTCUSDT → SHORT (proba=0.98 TP=5.0%/SL=2.5%)
[trade:open] 2025-07-12 15:59 BTCUSDT SHORT @ 117075.60 | SL=120014.78 TP=111197.24 | timeout=2025-07-19 15:59
[trade:close] 2025-07-14 07:59 BTCUSDT SHORT → stop_loss @ 120014.78 | PnL=-2.51% (net -2.61%) | cum=-19.82% 2025-07=-1.43% 2025-07-14=-2.61%
[predict] 2025-07-15 00:00 BTCUSDT → SHORT (proba=0.78 TP=6.1%/SL=3.1%)
[trade:open] 2025-07-15 07:59 BTCUSDT SHORT @ 116777.10 | SL=120341.26 TP=109648.78 | timeout=2025-07-22 07:59
[trade:close] 2025-07-17 23:59 BTCUSDT SHORT → stop_loss @ 120341.26 | PnL=-3.05% (net -3.15%) | cum=-22.97% 2025-07=-4.58% 2025-07-17=-3.15%
[predict] 2025-07-24 00:00 BTCUSDT → LONG (proba=0.80 TP=5.5%/SL=2.7%)
[trade:open] 2025-07-24 07:59 BTCUSDT LONG @ 118368.00 | SL=115140.77 TP=124822.47 | timeout=2025-07-31 07:59
[trade:close] 2025-07-25 07:59 BTCUSDT LONG → stop_loss @ 115140.77 | PnL=-2.73% (net -2.83%) | cum=-25.80% 2025-07=-7.41% 2025-07-25=-2.83%
[predict] 2025-07-28 00:00 BTCUSDT → LONG (proba=0.78 TP=4.2%/SL=2.1%)
[trade:open] 2025-07-28 07:59 BTCUSDT LONG @ 118873.20 | SL=116382.58 TP=123854.44 | timeout=2025-08-04 07:59
[trade:close] 2025-07-30 23:59 BTCUSDT LONG → stop_loss @ 116382.58 | PnL=-2.10% (net -2.20%) | cum=-27.99% 2025-07=-9.60% 2025-07-30=-2.20%
[lgbm] === Training for 2025-08 ===
  Train window: 2023-08-01 → 2025-07-24
  2171 training samples from 1 symbols
  Samples per month: 2023-08: 93, 2023-09: 90, 2023-10: 93, 2023-11: 90, 2023-12: 93, 2024-01: 93, 2024-02: 87, 2024-03: 93, 2024-04: 90, 2024-05: 93, 2024-06: 90, 2024-07: 93, 2024-08: 93, 2024-09: 90, 2024-10: 93, 2024-11: 90, 2024-12: 93, 2025-01: 93, 2025-02: 84, 2025-03: 93, 2025-04: 90, 2025-05: 93, 2025-06: 90, 2025-07: 71
  [label] 2023-10-01 16:00 BTCUSDT entry=27981.4000 → SHORT | long=sl(-2.49%) short=timeout(+0.19%) | scanned=22 | no_tp→fwd_return=-0.2866
  [label] 2023-10-04 00:00 BTCUSDT entry=27442.0000 → SHORT | long=timeout(-1.66%) short=sl(-2.84%) | scanned=22 | no_tp→fwd_return=-1.5640
  [label] 2023-10-07 16:00 BTCUSDT entry=27943.0000 → SHORT | long=sl(-2.54%) short=tp(+4.79%) | scanned=12 | short_tp_only
  [label] 2023-11-01 08:00 BTCUSDT entry=34296.9000 → LONG | long=timeout(+2.62%) short=sl(-3.41%) | scanned=22 | no_tp→fwd_return=+2.7244
  [label] 2023-12-24 00:00 BTCUSDT entry=43678.6000 → SHORT | long=sl(-3.10%) short=timeout(+2.44%) | scanned=22 | no_tp→fwd_return=-2.5450
  [label] 2024-06-07 00:00 BTCUSDT entry=71147.9000 → SHORT | long=sl(-2.69%) short=tp(+5.08%) | scanned=12 | short_tp_only
  [label] 2024-06-11 00:00 BTCUSDT entry=67582.0000 → SHORT | long=sl(-2.65%) short=sl(-2.65%) | scanned=11 | no_tp→fwd_return=-2.2821
  [label] 2024-06-21 16:00 BTCUSDT entry=64124.0000 → SHORT | long=sl(-3.08%) short=tp(+5.85%) | scanned=9 | short_tp_only
  [label] 2024-08-05 16:00 BTCUSDT entry=54003.1000 → LONG | long=timeout(+9.75%) short=sl(-9.13%) | scanned=22 | no_tp→fwd_return=+9.8522
  [label] 2024-08-14 08:00 BTCUSDT entry=59396.9000 → LONG | long=sl(-5.61%) short=timeout(-0.25%) | scanned=22 | no_tp→fwd_return=+0.1500
  [label] 2024-11-12 16:00 BTCUSDT entry=87972.0000 → LONG | long=timeout(+4.86%) short=sl(-5.43%) | scanned=22 | no_tp→fwd_return=+4.9606
  [label] 2024-12-14 16:00 BTCUSDT entry=101381.0000 → SHORT | long=sl(-3.67%) short=sl(-3.67%) | scanned=15 | no_tp→fwd_return=-3.8928
  [label] 2024-12-31 00:00 BTCUSDT entry=92819.6000 → LONG | long=tp(+6.96%) short=sl(-3.63%) | scanned=18 | long_tp_only
  [label] 2025-01-12 16:00 BTCUSDT entry=94499.9000 → LONG | long=sl(-3.48%) short=sl(-3.48%) | scanned=8 | no_tp→fwd_return=+4.7021
  [label] 2025-01-31 00:00 BTCUSDT entry=104160.1000 → SHORT | long=sl(-3.92%) short=tp(+7.54%) | scanned=8 | short_tp_only
  [label] 2025-02-06 08:00 BTCUSDT entry=97285.6000 → SHORT | long=timeout(-1.48%) short=timeout(+1.28%) | scanned=22 | no_tp→fwd_return=-1.3795
  [label] 2025-02-18 16:00 BTCUSDT entry=95622.0000 → SHORT | long=sl(-2.72%) short=sl(-2.72%) | scanned=18 | no_tp→fwd_return=-4.2956
  [label] 2025-03-30 08:00 BTCUSDT entry=82699.9000 → LONG | long=tp(+5.70%) short=sl(-3.00%) | scanned=10 | long_tp_only
  [label] 2025-04-09 00:00 BTCUSDT entry=77651.4000 → LONG | long=timeout(+7.21%) short=sl(-6.01%) | scanned=22 | no_tp→fwd_return=+7.3065
  [label] 2025-07-04 08:00 BTCUSDT entry=107534.7000 → LONG | long=tp(+4.16%) short=sl(-2.23%) | scanned=19 | long_tp_only
  Labels: 1257 long (57.9%), 914 short (42.1%) | weights: min=1.00, mean=3.50, max=10.00
  Features: 2171/2171 matched, 48 columns
  CV gap: 22 rows
  [ensemble 1/3] seed=42
    [trial 0] 48 features, training_days=480 | threshold=0.631 | labels: 1257 long, 914 short (58/42%)
    [CV fold 0] train_end=2023-11-23 08:00 | val_start=2023-12-01 00:00 | gap=184h (22 rows)
    [CV fold 1] train_end=2024-03-22 16:00 | val_start=2024-03-30 08:00 | gap=184h (22 rows)
    [CV fold 2] train_end=2024-07-21 00:00 | val_start=2024-07-28 16:00 | gap=184h (22 rows)
    [CV fold 3] train_end=2024-11-18 08:00 | val_start=2024-11-26 00:00 | gap=184h (22 rows)
    [CV fold 4] train_end=2025-03-18 16:00 | val_start=2025-03-26 08:00 | gap=184h (22 rows)
    [trial 0] Sharpe=-0.1222 (folds: 0.0928, -0.1223, -0.0396, -0.3483, -0.1935)
    [trial 1] 48 features, training_days=420 | threshold=0.839 | labels: 1257 long, 914 short (58/42%)
    [trial 1] Sharpe=-6.0192 (folds: 0.1694, -0.2656, -10.0000, -10.0000, -10.0000)
    [trial 2] 48 features, training_days=190 | threshold=0.602 | labels: 1257 long, 914 short (58/42%)
    [trial 2] Sharpe=-0.0579 (folds: 0.0530, -0.0155, -0.0666, -0.1982, -0.0622)
    [trial 3] 48 features, training_days=490 | threshold=0.832 | labels: 1257 long, 914 short (58/42%)
    [trial 3] Sharpe=-0.0445 (folds: 0.1212, -0.0646, 0.1443, -0.1741, -0.2495)
    [trial 4] 48 features, training_days=340 | threshold=0.591 | labels: 1257 long, 914 short (58/42%)[I 2026-06-01 13:03:23,989] Trial 4 finished with value: -0.06787130513102461 and parameters: {'confidence_threshold': 0.5905729935600059, 'training_days': 340, 'n_estimators': 190, 'max_depth': 4, 'num_leaves': 41, 'learning_rate': 0.01875220945578641, 'subsample': 0.9847923138822793, 'colsample_bytree': 0.8875664116805573, 'min_child_samples': 96, 'reg_alpha': 1.1309571585271483, 'reg_lambda': 0.002404915432737351}. Best is trial 3 with value: -0.0445331524796463.
[I 2026-06-01 13:03:24,031] Trial 5 finished with value: -0.332564462988275 and parameters: {'confidence_threshold': 0.8226559822580909, 'training_days': 50, 'n_estimators': 138, 'max_depth': 3, 'num_leaves': 30, 'learning_rate': 0.03750796359625606, 'subsample': 0.6356745158869479, 'colsample_bytree': 0.9143687545759647, 'min_child_samples': 48, 'reg_alpha': 3.376063348877853e-06, 'reg_lambda': 0.0007660634613082914}. Best is trial 3 with value: -0.0445331524796463.
[I 2026-06-01 13:03:24,141] Trial 6 finished with value: -0.052268504441264095 and parameters: {'confidence_threshold': 0.5493234787411669, 'training_days': 410, 'n_estimators': 83, 'max_depth': 5, 'num_leaves': 52, 'learning_rate': 0.019657448966046126, 'subsample': 0.5027610585618012, 'colsample_bytree': 0.9077307142274171, 'min_child_samples': 77, 'reg_alpha': 0.03639690979811287, 'reg_lambda': 0.08738424135626986}. Best is trial 3 with value: -0.0445331524796463.
[I 2026-06-01 13:03:24,240] Trial 7 finished with value: -0.062184420286997596 and parameters: {'confidence_threshold': 0.5259156281069316, 'training_days': 180, 'n_estimators': 102, 'max_depth': 5, 'num_leaves': 45, 'learning_rate': 0.030816017044468066, 'subsample': 0.5317791751430119, 'colsample_bytree': 0.6554911608578311, 'min_child_samples': 46, 'reg_alpha': 0.036851536911881845, 'reg_lambda': 0.005470376807480391}. Best is trial 3 with value: -0.0445331524796463.
[I 2026-06-01 13:03:24,349] Trial 8 finished with value: -0.18059357590235936 and parameters: {'confidence_threshold': 0.8105244599017143, 'training_days': 240, 'n_estimators': 103, 'max_depth': 5, 'num_leaves': 52, 'learning_rate': 0.06746437142284309, 'subsample': 0.8854835899772805, 'colsample_bytree': 0.7468977981821954, 'min_child_samples': 62, 'reg_alpha': 7.04480806377519e-05, 'reg_lambda': 1.6934490731313353e-08}. Best is trial 3 with value: -0.0445331524796463.
[I 2026-06-01 13:03:24,372] Trial 9 finished with value: 0.10874106078968018 and parameters: {'confidence_threshold': 0.5377619994476566, 'training_days': 20, 'n_estimators': 337, 'max_depth': 3, 'num_leaves': 39, 'learning_rate': 0.21907142272152816, 'subsample': 0.6246461145744375, 'colsample_bytree': 0.7051914615178149, 'min_child_samples': 81, 'reg_alpha': 1.1459970229341322e-06, 'reg_lambda': 4.929685216887945e-08}. Best is trial 9 with value: 0.10874106078968018.
[I 2026-06-01 13:03:24,402] Trial 10 finished with value: -0.0464141204280131 and parameters: {'confidence_threshold': 0.7449289185605341, 'training_days': 10, 'n_estimators': 487, 'max_depth': 3, 'num_leaves': 61, 'learning_rate': 0.21914469472126635, 'subsample': 0.628963476300746, 'colsample_bytree': 0.8189858776055304, 'min_child_samples': 27, 'reg_alpha': 2.8948477959263623e-05, 'reg_lambda': 3.3639426888455256e-06}. Best is trial 9 with value: 0.10874106078968018.
[I 2026-06-01 13:03:24,513] Trial 11 finished with value: 0.00012704415935055335 and parameters: {'confidence_threshold': 0.7131090560543465, 'training_days': 100, 'n_estimators': 402, 'max_depth': 4, 'num_leaves': 34, 'learning_rate': 0.18963242937653546, 'subsample': 0.667263233140043, 'colsample_bytree': 0.5659808164583418, 'min_child_samples': 85, 'reg_alpha': 2.6854712383446556e-08, 'reg_lambda': 9.74477562314831}. Best is trial 9 with value: 0.10874106078968018.
[I 2026-06-01 13:03:24,623] Trial 12 finished with value: -0.08488815565369671 and parameters: {'confidence_threshold': 0.6903370281747679, 'training_days': 110, 'n_estimators': 333, 'max_depth': 4, 'num_leaves': 34, 'learning_rate': 0.2959628420607887, 'subsample': 0.6474954913244232, 'colsample_bytree': 0.619932351725411, 'min_child_samples': 90, 'reg_alpha': 1.0591890956247148e-08, 'reg_lambda': 1.1393239994242479e-05}. Best is trial 9 with value: 0.10874106078968018.
[I 2026-06-01 13:03:24,725] Trial 13 finished with value: 0.0007192965896585912 and parameters: {'confidence_threshold': 0.6972197273294004, 'training_days': 100, 'n_estimators': 330, 'max_depth': 4, 'num_leaves': 34, 'learning_rate': 0.1471565040048113, 'subsample': 0.696473785097646, 'colsample_bytree': 0.646385756002074, 'min_child_samples': 84, 'reg_alpha': 3.528711331639897e-07, 'reg_lambda': 8.152647999869425}. Best is trial 9 with value: 0.10874106078968018.
[I 2026-06-01 13:03:24,789] Trial 14 finished with value: -0.024131993116083876 and parameters: {'confidence_threshold': 0.7534219751173105, 'training_days': 100, 'n_estimators': 252, 'max_depth': 3, 'num_leaves': 45, 'learning_rate': 0.12061402090310541, 'subsample': 0.8459379954851497, 'colsample_bytree': 0.6746007011277808, 'min_child_samples': 100, 'reg_alpha': 1.065853698331729e-06, 'reg_lambda': 4.373052189774295e-05}. Best is trial 9 with value: 0.10874106078968018.
[I 2026-06-01 13:03:24,817] Trial 15 finished with value: -0.0464141204280131 and parameters: {'confidence_threshold': 0.6473657955545642, 'training_days': 10, 'n_estimators': 314, 'max_depth': 4, 'num_leaves': 30, 'learning_rate': 0.1308873592499039, 'subsample': 0.5958194083247587, 'colsample_bytree': 0.8100744538922787, 'min_child_samples': 81, 'reg_alpha': 7.985706194617365e-06, 'reg_lambda': 0.10351163679178875}. Best is trial 9 with value: 0.10874106078968018.
[I 2026-06-01 13:03:25,004] Trial 16 finished with value: -0.016180221309957266 and parameters: {'confidence_threshold': 0.5654847779645644, 'training_days': 140, 'n_estimators': 480, 'max_depth': 4, 'num_leaves': 40, 'learning_rate': 0.08449577133921227, 'subsample': 0.713173333047047, 'colsample_bytree': 0.6202187554211429, 'min_child_samples': 76, 'reg_alpha': 2.7097658833306566e-07, 'reg_lambda': 7.214106386817912e-07}. Best is trial 9 with value: 0.10874106078968018.
[I 2026-06-01 13:03:25,208] Trial 17 finished with value: -0.07080313156370562 and parameters: {'confidence_threshold': 0.5117348252069074, 'training_days': 290, 'n_estimators': 316, 'max_depth': 3, 'num_leaves': 15, 'learning_rate': 0.010425658055299656, 'subsample': 0.5856133164107235, 'colsample_bytree': 0.9956385980717998, 'min_child_samples': 91, 'reg_alpha': 0.0004216289451032701, 'reg_lambda': 0.00020614774879284444}. Best is trial 9 with value: 0.10874106078968018.
[I 2026-06-01 13:03:25,681] A new study created in memory with name: no-name-66def625-70c0-4685-b0bb-48e13a5be1e8
[I 2026-06-01 13:03:25,778] Trial 0 finished with value: -0.008053135044247456 and parameters: {'confidence_threshold': 0.7437642149592516, 'training_days': 150, 'n_estimators': 152, 'max_depth': 4, 'num_leaves': 50, 'learning_rate': 0.04216766425047743, 'subsample': 0.9903820991923078, 'colsample_bytree': 0.8424148692924316, 'min_child_samples': 58, 'reg_alpha': 3.381097259762742e-05, 'reg_lambda': 1.2263152961306247e-05}. Best is trial 0 with value: -0.008053135044247456.
[I 2026-06-01 13:03:25,852] Trial 1 finished with value: -4.023528930798656 and parameters: {'confidence_threshold': 0.7551673975844145, 'training_days': 220, 'n_estimators': 76, 'max_depth': 4, 'num_leaves': 51, 'learning_rate': 0.018602118810743477, 'subsample': 0.5877258780737462, 'colsample_bytree': 0.7657756869209191, 'min_child_samples': 63, 'reg_alpha': 0.005123994170264194, 'reg_lambda': 0.44145470178120466}. Best is trial 0 with value: -0.008053135044247456.
[I 2026-06-01 13:03:26,104] Trial 2 finished with value: -0.08488194246927235 and parameters: {'confidence_threshold': 0.7535593637012223, 'training_days': 310, 'n_estimators': 375, 'max_depth': 3, 'num_leaves': 32, 'learning_rate': 0.021735641882032388, 'subsample': 0.6468570231944146, 'colsample_bytree': 0.8154880619272439, 'min_child_samples': 27, 'reg_alpha': 8.004064028491336e-05, 'reg_lambda': 7.546835261630524e-05}. Best is trial 0 with value: -0.008053135044247456.
[I 2026-06-01 13:03:26,283] Trial 3 finished with value: -0.08816333738714652 and parameters: {'confidence_threshold': 0.6727897841776072, 'training_days': 220, 'n_estimators': 190, 'max_depth': 4, 'num_leaves': 58, 'learning_rate': 0.24810689332636193, 'subsample': 0.7509183379421682, 'colsample_bytree': 0.8119764758960556, 'min_child_samples': 29, 'reg_alpha': 7.1708285081421445e-06, 'reg_lambda': 5.412973582738627e-05}. Best is trial 0 with value: -0.008053135044247456.
[I 2026-06-01 13:03:26,396] Trial 4 finished with value: -0.0545395362925384 and parameters: {'confidence_threshold': 0.803208205259178, 'training_days': 130, 'n_estimators': 267, 'max_depth': 5, 'num_leaves': 40, 'learning_rate': 0.08041175317374143, 'subsample': 0.5603143329951619, 'colsample_bytree': 0.9131704002534167, 'min_child_samples': 68, 'reg_alpha': 0.0008046593428183385, 'reg_lambda': 1.2158346158765583e-05}. Best is trial 0 with value: -0.008053135044247456.
[I 2026-06-01 13:03:26,639] Trial 5 finished with value: -0.05814083857700053 and parameters: {'confidence_threshold': 0.6064422761595144, 'training_days': 210, 'n_estimators': 357, 'max_depth': 5, 'num_leaves': 40, 'learning_rate': 0.0974221287220869, 'subsample': 0.7929682762811064, 'colsample_bytree': 0.8124517510478, 'min_child_samples': 74, 'reg_alpha': 0.3811377260781234, 'reg_lambda': 5.607314238392041e-08}. Best is trial 0 with value: -0.008053135044247456.
[I 2026-06-01 13:03:26,758] Trial 6 finished with value: -0.044883228051318044 and parameters: {'confidence_threshold': 0.7672889945051684, 'training_days': 130, 'n_estimators': 137, 'max_depth': 4, 'num_leaves': 19, 'learning_rate': 0.2031117614248665, 'subsample': 0.8136244860256343, 'colsample_bytree': 0.8617081790949774, 'min_child_samples': 21, 'reg_alpha': 0.002238138278733199, 'reg_lambda': 0.001025809534977322}. Best is trial 0 with value: -0.008053135044247456.
[I 2026-06-01 13:03:26,835] Trial 7 finished with value: -0.09344789537894752 and parameters: {'confidence_threshold': 0.555635875450653, 'training_days': 80, 'n_estimators': 363, 'max_depth': 3, 'num_leaves': 48, 'learning_rate': 0.06590089024008658, 'subsample': 0.6944752870615722, 'colsample_bytree': 0.962566244806993, 'min_child_samples': 88, 'reg_alpha': 1.6465620446426067e-05, 'reg_lambda': 2.4678750890085655e-08}. Best is trial 0 with value: -0.008053135044247456.
[I 2026-06-01 13:03:27,179] Trial 8 finished with value: -0.030115243134719284 and parameters: {'confidence_threshold': 0.6066688256938841, 'training_days': 200, 'n_estimators': 367, 'max_depth': 5, 'num_leaves': 32, 'learning_rate': 0.13377519215934996, 'subsample': 0.7965884582811106, 'colsample_bytree': 0.8458508993500886, 'min_child_samples': 32, 'reg_alpha': 3.889436043816386e-05, 'reg_lambda': 1.4713062489380356e-06}. Best is trial 0 with value: -0.008053135044247456.
[I 2026-06-01 13:03:27,411] Trial 9 finished with value: -0.16371963764517372 and parameters: {'confidence_threshold': 0.6202096049169137, 'training_days': 260, 'n_estimators': 350, 'max_depth': 3, 'num_leaves': 21, 'learning_rate': 0.02989540198065364, 'subsample': 0.8307821683331218, 'colsample_bytree': 0.923253112635361, 'min_child_samples': 64, 'reg_alpha': 0.4898604619604203, 'reg_lambda': 2.9076377687066166e-05}. Best is trial 0 with value: -0.008053135044247456.
[I 2026-06-01 13:03:27,847] Trial 10 finished with value: -1.8756676532881909 and parameters: {'confidence_threshold': 0.8445241688507242, 'training_days': 470, 'n_estimators': 493, 'max_depth': 4, 'num_leaves': 63, 'learning_rate': 0.010221918552934462, 'subsample': 0.9783426417503635, 'colsample_bytree': 0.6202684210924141, 'min_child_samples': 46, 'reg_alpha': 1.452403597240567e-08, 'reg_lambda': 0.02027317446694866}. Best is trial 0 with value: -0.008053135044247456.
[I 2026-06-01 13:03:27,880] Trial 11 finished with value: -0.006594622265732491 and parameters: {'confidence_threshold': 0.5130958894507832, 'training_days': 30, 'n_estimators': 226, 'max_depth': 5, 'num_leaves': 28, 'learning_rate': 0.11975677381222764, 'subsample': 0.9949734643335495, 'colsample_bytree': 0.6661831737797719, 'min_child_samples': 49, 'reg_alpha': 4.28336488974334e-07, 'reg_lambda': 6.470692703374516e-07}. Best is trial 11 with value: -0.006594622265732491.
[I 2026-06-01 13:03:27,912] Trial 12 finished with value: -0.0464141204280131 and parameters: {'confidence_threshold': 0.5163281048632233, 'training_days': 10, 'n_estimators': 212, 'max_depth': 5, 'num_leaves': 27, 'learning_rate': 0.046905974008408464, 'subsample': 0.9932371992299128, 'colsample_bytree': 0.6669454130036883, 'min_child_samples': 47, 'reg_alpha': 1.0994405170068853e-07, 'reg_lambda': 6.172292918231325e-07}. Best is trial 11 with value: -0.006594622265732491.
