[I 2026-06-01 13:00:30,209] Trial 3 finished with value: -0.031322768205646966 and parameters: {'confidence_threshold': 0.8321099380386666, 'training_days': 490, 'n_estimators': 414, 'max_depth': 3, 'num_leaves': 19, 'learning_rate': 0.1024932221692416, 'subsample': 0.7200762468698007, 'colsample_bytree': 0.5610191174223894, 'min_child_samples': 60, 'reg_alpha': 2.039373116525212e-08, 'reg_lambda': 1.527156759251193}. Best is trial 0 with value: 0.0017396312893937726.
[I 2026-06-01 13:00:30,362] Trial 4 finished with value: -0.006895478347589667 and parameters: {'confidence_threshold': 0.5905729935600059, 'training_days': 340, 'n_estimators': 190, 'max_depth': 4, 'num_leaves': 41, 'learning_rate': 0.01875220945578641, 'subsample': 0.9847923138822793, 'colsample_bytree': 0.8875664116805573, 'min_child_samples': 96, 'reg_alpha': 1.1309571585271483, 'reg_lambda': 0.002404915432737351}. Best is trial 0 with value: 0.0017396312893937726.

    [trial 7] 48 features, training_days=120 | threshold=0.550 | labels: 1147 long, 1024 short (53/47%)
    [trial 7] Sharpe=0.0006 (folds: -0.2429, 0.0686, 0.1091, 0.0090, 0.0591)
    [trial 8] 48 features, training_days=450 | threshold=0.720 | labels: 1147 long, 1024 short (53/47%)
    [trial 8] Sharpe=0.0060 (folds: -0.4189, -0.1498, 0.1441, 0.3230, 0.1319)
    [trial 9] 48 features, training_days=20 | threshold=0.727 | labels: 1147 long, 1024 short (53/47%)
    [trial 9] Sharpe=-2.2177 (folds: -0.3433, -0.1234, -0.1527, -0.4692, -10.0000)
    [trial 10] 48 features, training_days=400 | threshold=0.828 | labels: 1147 long, 1024 short (53/47%)
    [trial 10] Sharpe=-6.1836 (folds: -0.4706, -0.4473, -10.0000, -10.0000, -10.0000)
    [trial 11] 48 features, training_days=310 | threshold=0.538 | labels: 1147 long, 1024 short (53/47%)
    [trial 11] Sharpe=0.0499 (folds: -0.1539, -0.0112, 0.0167, 0.1448, 0.2533)
    [trial 12] 48 features, training_days=380 | threshold=0.801 | labels: 1147 long, 1024 short (53/47%)
    [trial 12] Sharpe=0.0494 (folds: -0.2376, -0.0202, 0.0716, 0.2572, 0.1758)
    [trial 13] 48 features, training_days=210 | threshold=0.504 | labels: 1147 long, 1024 short (53/47%)
    [trial 13] Sharpe=-0.0101 (folds: -0.2273, -0.0841, 0.0603, 0.2632, -0.0629)
    [trial 14] 48 features, training_days=350 | threshold=0.644 | labels: 1147 long, 1024 short (53/47%)
    [trial 14] Sharpe=-0.0172 (folds: -0.2604, -0.1692, 0.0659, 0.0858, 0.1920)
    [trial 15] 48 features, training_days=450 | threshold=0.759 | labels: 1147 long, 1024 short (53/47%)
    [trial 15] Sharpe=0.0315 (folds: -0.2760, -0.1195, 0.1521, 0.1653, 0.2358)
    [trial 16] 48 features, training_days=250 | threshold=0.627 | labels: 1147 long, 1024 short (53/47%)
    [trial 16] Sharpe=-0.0121 (folds: -0.2120, -0.1964, 0.2002, 0.1775, -0.0299)
    [trial 17] 48 features, training_days=330 | threshold=0.591 | labels: 1147 long, 1024 short (53/47%)
    [trial 17] Sharpe=0.0219 (folds: -0.2362, -0.1487, 0.1471, 0.0473, 0.3000)
  Optuna: 18 trials, best Sharpe = 0.0535
  Best params: n_estimators=279, max_depth=3, lr=0.0401, leaves=45
  Best confidence_threshold: 0.667
  Best training_days: 420
  Retrained on full data (1260 samples, 48 features)
  OOD: 16 features, cutoff (q=0.7) = 10.21
  Model trained for 2024-04: 90 test candles with features, confidence_threshold=0.626
[predict] 2024-04-01 00:00 BTCUSDT → LONG (proba=0.67 TP=7.1%/SL=3.5%)
[trade:open] 2024-04-01 07:59 BTCUSDT LONG @ 69637.00 | SL=67165.52 TP=74579.97 | timeout=2024-04-08 07:59
[trade:close] 2024-04-02 07:59 BTCUSDT LONG → stop_loss @ 67165.52 | PnL=-3.55% (net -3.65%) | cum=+17.64% 2024-04=-3.65% 2024-04-02=-3.65%
[predict] 2024-04-09 00:00 BTCUSDT → SHORT (proba=0.68 TP=7.6%/SL=3.8%)
[trade:open] 2024-04-09 07:59 BTCUSDT SHORT @ 70444.00 | SL=73125.36 TP=65081.27 | timeout=2024-04-16 07:59
[trade:close] 2024-04-13 23:59 BTCUSDT SHORT → take_profit @ 65081.27 | PnL=+7.61% (net +7.51%) | cum=+25.16% 2024-04=+3.86% 2024-04-13=+7.51%
[predict] 2024-04-26 00:00 BTCUSDT → SHORT (proba=0.71 TP=7.9%/SL=4.0%)
[trade:open] 2024-04-26 07:59 BTCUSDT SHORT @ 64236.60 | SL=66777.63 TP=59154.54 | timeout=2024-05-03 07:59
[trade:close] 2024-04-30 23:59 BTCUSDT SHORT → take_profit @ 59154.54 | PnL=+7.91% (net +7.81%) | cum=+32.97% 2024-04=+11.68% 2024-04-30=+7.81%
[lgbm] === Training for 2024-05 ===
  Train window: 2022-05-01 → 2024-04-23
  2171 training samples from 1 symbols
  Samples per month: 2022-05: 93, 2022-06: 90, 2022-07: 93, 2022-08: 93, 2022-09: 90, 2022-10: 93, 2022-11: 90, 2022-12: 93, 2023-01: 93, 2023-02: 84, 2023-03: 93, 2023-04: 90, 2023-05: 93, 2023-06: 90, 2023-07: 93, 2023-08: 93, 2023-09: 90, 2023-10: 93, 2023-11: 90, 2023-12: 93, 2024-01: 93, 2024-02: 87, 2024-03: 93, 2024-04: 68
  [label] 2022-07-01 16:00 BTCUSDT entry=19272.0000 → LONG | long=tp(+14.21%) short=sl(-7.26%) | scanned=19 | long_tp_only
  [label] 2022-07-04 00:00 BTCUSDT entry=19115.2000 → LONG | long=tp(+10.90%) short=sl(-5.60%) | scanned=11 | long_tp_only
  [label] 2022-07-07 16:00 BTCUSDT entry=21613.4000 → SHORT | long=sl(-5.51%) short=tp(+10.72%) | scanned=15 | short_tp_only
  [label] 2022-08-01 08:00 BTCUSDT entry=23315.1000 → LONG | long=timeout(+2.78%) short=timeout(-2.98%) | scanned=22 | no_tp→fwd_return=+2.8814
  [label] 2022-09-23 00:00 BTCUSDT entry=19216.4000 → LONG | long=timeout(+1.69%) short=timeout(-1.89%) | scanned=22 | no_tp→fwd_return=+1.7922
  [label] 2023-03-08 00:00 BTCUSDT entry=21962.2000 → SHORT | long=sl(-3.17%) short=tp(+6.03%) | scanned=5 | short_tp_only
  [label] 2023-03-12 00:00 BTCUSDT entry=20335.6000 → LONG | long=tp(+8.83%) short=sl(-4.56%) | scanned=2 | long_tp_only
  [label] 2023-03-22 16:00 BTCUSDT entry=27233.8000 → LONG | long=timeout(+3.96%) short=timeout(-4.16%) | scanned=22 | no_tp→fwd_return=+4.0564
  [label] 2023-05-06 16:00 BTCUSDT entry=28837.8000 → SHORT | long=sl(-3.94%) short=tp(+7.59%) | scanned=16 | short_tp_only
  [label] 2023-05-15 08:00 BTCUSDT entry=27383.0000 → SHORT | long=sl(-3.52%) short=timeout(+1.80%) | scanned=22 | no_tp→fwd_return=-1.8983
  [label] 2023-08-13 16:00 BTCUSDT entry=29293.3000 → SHORT | long=sl(-1.37%) short=sl(-1.37%) | scanned=9 | no_tp→fwd_return=-1.9762
  [label] 2023-09-14 16:00 BTCUSDT entry=26510.3000 → LONG | long=timeout(+0.06%) short=sl(-3.07%) | scanned=22 | no_tp→fwd_return=+0.1596
  [label] 2023-10-01 00:00 BTCUSDT entry=27092.1000 → LONG | long=tp(+3.68%) short=sl(-1.99%) | scanned=2 | long_tp_only
  [label] 2023-10-13 16:00 BTCUSDT entry=26849.8000 → LONG | long=tp(+4.34%) short=sl(-2.32%) | scanned=7 | long_tp_only
  [label] 2023-11-01 00:00 BTCUSDT entry=34463.9000 → LONG | long=timeout(+2.15%) short=sl(-3.13%) | scanned=22 | no_tp→fwd_return=+2.2508
  [label] 2023-11-07 08:00 BTCUSDT entry=34728.4000 → LONG | long=tp(+5.55%) short=sl(-2.92%) | scanned=5 | long_tp_only
  [label] 2023-11-19 16:00 BTCUSDT entry=37375.9000 → LONG | long=sl(-3.46%) short=timeout(-0.27%) | scanned=22 | no_tp→fwd_return=+0.1659
  [label] 2023-12-29 08:00 BTCUSDT entry=42301.6000 → LONG | long=tp(+6.34%) short=sl(-3.32%) | scanned=11 | long_tp_only
  [label] 2024-01-08 00:00 BTCUSDT entry=43970.0000 → LONG | long=tp(+8.09%) short=sl(-4.20%) | scanned=5 | long_tp_only
  [label] 2024-04-03 08:00 BTCUSDT entry=65873.9000 → LONG | long=tp(+9.17%) short=sl(-4.74%) | scanned=15 | long_tp_only
  Labels: 1152 long (53.1%), 1019 short (46.9%) | weights: min=1.00, mean=2.88, max=10.00
  Features: 2171/2171 matched, 48 columns
  CV gap: 22 rows
  [ensemble 1/3] seed=42
    [trial 0] 48 features, training_days=480 | threshold=0.631 | labels: 1152 long, 1019 short (53/47%)
    [CV fold 0] train_end=2022-08-23 08:00 | val_start=2022-08-31 00:00 | gap=184h (22 rows)
    [CV fold 1] train_end=2022-12-21 16:00 | val_start=2022-12-29 08:00 | gap=184h (22 rows)
    [CV fold 2] train_end=2023-04-21 00:00 | val_start=2023-04-28 16:00 | gap=184h (22 rows)
    [CV fold 3] train_end=2023-08-19 08:00 | val_start=2023-08-27 00:00 | gap=184h (22 rows)
    [CV fold 4] train_end=2023-12-17 16:00 | val_start=2023-12-25 08:00 | gap=184h (22 rows)
    [trial 0] Sharpe=0.0017 (folds: -0.1350, -0.0962, -0.1521, 0.1069, 0.2850)
    [trial 1] 48 features, training_days=420 | threshold=0.839 | labels: 1152 long, 1019 short (53/47%)
    [trial 1] Sharpe=-6.1178 (folds: -0.1781, -0.4107, -10.0000, -10.0000, -10.0000)
    [trial 2] 48 features, training_days=190 | threshold=0.602 | labels: 1152 long, 1019 short (53/47%)
    [trial 2] Sharpe=-0.0112 (folds: -0.1637, -0.0226, 0.0665, 0.0287, 0.0353)
    [trial 3] 48 features, training_days=490 | threshold=0.832 | labels: 1152 long, 1019 short (53/47%)
    [trial 3] Sharpe=-0.0313 (folds: -0.1129, -0.1732, -0.2095, 0.0128, 0.3262)
    [trial 4] 48 features, training_days=340 | threshold=0.591 | labels: 1152 long, 1019 short (53/47%)
    [trial 4] Sharpe=-0.0069 (folds: -0.2611, -0.0598, -0.1439, 0.0320, 0.3983)
    [trial 5] 48 features, training_days=50 | threshold=0.823 | labels: 1152 long, 1019 short (53/47%)
    [trial 5] Sharpe=-0.0363 (folds: 0.1223, -0.1665, -0.1478, -0.2162, 0.2265)[I 2026-06-01 13:00:30,400] Trial 5 finished with value: -0.03632728472856817 and parameters: {'confidence_threshold': 0.8226559822580909, 'training_days': 50, 'n_estimators': 138, 'max_depth': 3, 'num_leaves': 30, 'learning_rate': 0.03750796359625606, 'subsample': 0.6356745158869479, 'colsample_bytree': 0.9143687545759647, 'min_child_samples': 48, 'reg_alpha': 3.376063348877853e-06, 'reg_lambda': 0.0007660634613082914}. Best is trial 0 with value: 0.0017396312893937726.
[I 2026-06-01 13:00:30,521] Trial 6 finished with value: 0.003959170100470399 and parameters: {'confidence_threshold': 0.5493234787411669, 'training_days': 410, 'n_estimators': 83, 'max_depth': 5, 'num_leaves': 52, 'learning_rate': 0.019657448966046126, 'subsample': 0.5027610585618012, 'colsample_bytree': 0.9077307142274171, 'min_child_samples': 77, 'reg_alpha': 0.03639690979811287, 'reg_lambda': 0.08738424135626986}. Best is trial 6 with value: 0.003959170100470399.
[I 2026-06-01 13:00:30,611] Trial 7 finished with value: 0.027259369566354323 and parameters: {'confidence_threshold': 0.5259156281069316, 'training_days': 180, 'n_estimators': 102, 'max_depth': 5, 'num_leaves': 45, 'learning_rate': 0.030816017044468066, 'subsample': 0.5317791751430119, 'colsample_bytree': 0.6554911608578311, 'min_child_samples': 46, 'reg_alpha': 0.036851536911881845, 'reg_lambda': 0.005470376807480391}. Best is trial 7 with value: 0.027259369566354323.
[I 2026-06-01 13:00:30,730] Trial 8 finished with value: -0.11267820349172808 and parameters: {'confidence_threshold': 0.8105244599017143, 'training_days': 240, 'n_estimators': 103, 'max_depth': 5, 'num_leaves': 52, 'learning_rate': 0.06746437142284309, 'subsample': 0.8854835899772805, 'colsample_bytree': 0.7468977981821954, 'min_child_samples': 62, 'reg_alpha': 7.04480806377519e-05, 'reg_lambda': 1.6934490731313353e-08}. Best is trial 7 with value: 0.027259369566354323.
[I 2026-06-01 13:00:30,757] Trial 9 finished with value: -0.07191577277934436 and parameters: {'confidence_threshold': 0.5377619994476566, 'training_days': 20, 'n_estimators': 337, 'max_depth': 3, 'num_leaves': 39, 'learning_rate': 0.21907142272152816, 'subsample': 0.6246461145744375, 'colsample_bytree': 0.7051914615178149, 'min_child_samples': 81, 'reg_alpha': 1.1459970229341322e-06, 'reg_lambda': 4.929685216887945e-08}. Best is trial 7 with value: 0.027259369566354323.
[I 2026-06-01 13:00:31,135] Trial 10 finished with value: -0.041666862801558895 and parameters: {'confidence_threshold': 0.6797821749717731, 'training_days': 140, 'n_estimators': 487, 'max_depth': 5, 'num_leaves': 62, 'learning_rate': 0.011407797829608154, 'subsample': 0.6277217293825994, 'colsample_bytree': 0.6445296297918679, 'min_child_samples': 24, 'reg_alpha': 8.536188349289, 'reg_lambda': 4.685556761390157e-06}. Best is trial 7 with value: 0.027259369566354323.
[I 2026-06-01 13:00:31,255] Trial 11 finished with value: 0.011246500530065828 and parameters: {'confidence_threshold': 0.5031729138375424, 'training_days': 320, 'n_estimators': 68, 'max_depth': 5, 'num_leaves': 51, 'learning_rate': 0.034281431052084296, 'subsample': 0.5039181992850618, 'colsample_bytree': 0.8279718712234718, 'min_child_samples': 33, 'reg_alpha': 0.12337102992538133, 'reg_lambda': 0.13867402521093383}. Best is trial 7 with value: 0.027259369566354323.
[I 2026-06-01 13:00:31,349] Trial 12 finished with value: -0.026206666642064703 and parameters: {'confidence_threshold': 0.5065278550144682, 'training_days': 310, 'n_estimators': 57, 'max_depth': 4, 'num_leaves': 47, 'learning_rate': 0.03208899494279826, 'subsample': 0.5651612235970425, 'colsample_bytree': 0.8304278626461433, 'min_child_samples': 24, 'reg_alpha': 0.3264653399484792, 'reg_lambda': 0.06547998378857096}. Best is trial 7 with value: 0.027259369566354323.
[I 2026-06-01 13:00:31,516] Trial 13 finished with value: -0.015007689435977672 and parameters: {'confidence_threshold': 0.6944221668074981, 'training_days': 130, 'n_estimators': 223, 'max_depth': 5, 'num_leaves': 62, 'learning_rate': 0.09749066566769192, 'subsample': 0.5914406165650956, 'colsample_bytree': 0.8155421717694826, 'min_child_samples': 38, 'reg_alpha': 0.00023323394909551966, 'reg_lambda': 7.907159271925609}. Best is trial 7 with value: 0.027259369566354323.
[I 2026-06-01 13:00:31,608] Trial 14 finished with value: -0.0837049959201895 and parameters: {'confidence_threshold': 0.7467244789105287, 'training_days': 270, 'n_estimators': 59, 'max_depth': 4, 'num_leaves': 37, 'learning_rate': 0.04345776202617264, 'subsample': 0.7012305148519206, 'colsample_bytree': 0.6369126600396505, 'min_child_samples': 34, 'reg_alpha': 0.0038067556646802867, 'reg_lambda': 3.109327095682756e-05}. Best is trial 7 with value: 0.027259369566354323.
[I 2026-06-01 13:00:31,747] Trial 15 finished with value: -0.01840079185468177 and parameters: {'confidence_threshold': 0.503083734692895, 'training_days': 180, 'n_estimators': 170, 'max_depth': 5, 'num_leaves': 51, 'learning_rate': 0.010082407666682494, 'subsample': 0.5136095131955983, 'colsample_bytree': 0.8100744538922787, 'min_child_samples': 53, 'reg_alpha': 0.18649627206731947, 'reg_lambda': 0.019345028254750467}. Best is trial 7 with value: 0.027259369566354323.
[I 2026-06-01 13:00:32,100] Trial 16 finished with value: -0.013224866565078658 and parameters: {'confidence_threshold': 0.5654847779645644, 'training_days': 350, 'n_estimators': 293, 'max_depth': 4, 'num_leaves': 46, 'learning_rate': 0.27985815851978163, 'subsample': 0.6846219581411244, 'colsample_bytree': 0.9826162589395974, 'min_child_samples': 34, 'reg_alpha': 0.002886971426804878, 'reg_lambda': 0.4979598243637274}. Best is trial 7 with value: 0.027259369566354323.
[I 2026-06-01 13:00:32,160] Trial 17 finished with value: 0.02313597302882741 and parameters: {'confidence_threshold': 0.627050591001188, 'training_days': 90, 'n_estimators': 111, 'max_depth': 5, 'num_leaves': 56, 'learning_rate': 0.07362050249501641, 'subsample': 0.8366733523272174, 'colsample_bytree': 0.6223702048707769, 'min_child_samples': 51, 'reg_alpha': 9.15887097961457, 'reg_lambda': 0.005763460426681628}. Best is trial 7 with value: 0.027259369566354323.
[I 2026-06-01 13:00:32,475] A new study created in memory with name: no-name-523f8242-5af7-4947-aa88-994ef0017568
[I 2026-06-01 13:00:32,581] Trial 0 finished with value: -0.022740505643791736 and parameters: {'confidence_threshold': 0.7437642149592516, 'training_days': 150, 'n_estimators': 152, 'max_depth': 4, 'num_leaves': 50, 'learning_rate': 0.04216766425047743, 'subsample': 0.9903820991923078, 'colsample_bytree': 0.8424148692924316, 'min_child_samples': 58, 'reg_alpha': 3.381097259762742e-05, 'reg_lambda': 1.2263152961306247e-05}. Best is trial 0 with value: -0.022740505643791736.
[I 2026-06-01 13:00:32,651] Trial 1 finished with value: -1.9499646058920923 and parameters: {'confidence_threshold': 0.7551673975844145, 'training_days': 220, 'n_estimators': 76, 'max_depth': 4, 'num_leaves': 51, 'learning_rate': 0.018602118810743477, 'subsample': 0.5877258780737462, 'colsample_bytree': 0.7657756869209191, 'min_child_samples': 63, 'reg_alpha': 0.005123994170264194, 'reg_lambda': 0.44145470178120466}. Best is trial 0 with value: -0.022740505643791736.
[I 2026-06-01 13:00:32,902] Trial 2 finished with value: 0.013573277077103296 and parameters: {'confidence_threshold': 0.7535593637012223, 'training_days': 310, 'n_estimators': 375, 'max_depth': 3, 'num_leaves': 32, 'learning_rate': 0.021735641882032388, 'subsample': 0.6468570231944146, 'colsample_bytree': 0.8154880619272439, 'min_child_samples': 27, 'reg_alpha': 8.004064028491336e-05, 'reg_lambda': 7.546835261630524e-05}. Best is trial 2 with value: 0.013573277077103296.
[I 2026-06-01 13:00:33,067] Trial 3 finished with value: 0.024078938930903116 and parameters: {'confidence_threshold': 0.6727897841776072, 'training_days': 220, 'n_estimators': 190, 'max_depth': 4, 'num_leaves': 58, 'learning_rate': 0.24810689332636193, 'subsample': 0.7509183379421682, 'colsample_bytree': 0.8119764758960556, 'min_child_samples': 29, 'reg_alpha': 7.1708285081421445e-06, 'reg_lambda': 5.412973582738627e-05}. Best is trial 3 with value: 0.024078938930903116.
[I 2026-06-01 13:00:33,179] Trial 4 finished with value: -0.011909528786172224 and parameters: {'confidence_threshold': 0.803208205259178, 'training_days': 130, 'n_estimators': 267, 'max_depth': 5, 'num_leaves': 40, 'learning_rate': 0.08041175317374143, 'subsample': 0.5603143329951619, 'colsample_bytree': 0.9131704002534167, 'min_child_samples': 68, 'reg_alpha': 0.0008046593428183385, 'reg_lambda': 1.2158346158765583e-05}. Best is trial 3 with value: 0.024078938930903116.
[I 2026-06-01 13:00:33,404] Trial 5 finished with value: -0.04302541462180431 and parameters: {'confidence_threshold': 0.6064422761595144, 'training_days': 210, 'n_estimators': 357, 'max_depth': 5, 'num_leaves': 40, 'learning_rate': 0.0974221287220869, 'subsample': 0.7929682762811064, 'colsample_bytree': 0.8124517510478, 'min_child_samples': 74, 'reg_alpha': 0.3811377260781234, 'reg_lambda': 5.607314238392041e-08}. Best is trial 3 with value: 0.024078938930903116.
[I 2026-06-01 13:00:33,518] Trial 6 finished with value: -0.03675160855017568 and parameters: {'confidence_threshold': 0.7672889945051684, 'training_days': 130, 'n_estimators': 137, 'max_depth': 4, 'num_leaves': 19, 'learning_rate': 0.2031117614248665, 'subsample': 0.8136244860256343, 'colsample_bytree': 0.8617081790949774, 'min_child_samples': 21, 'reg_alpha': 0.002238138278733199, 'reg_lambda': 0.001025809534977322}. Best is trial 3 with value: 0.024078938930903116.
[I 2026-06-01 13:00:33,600] Trial 7 finished with value: -0.016908220828321115 and parameters: {'confidence_threshold': 0.555635875450653, 'training_days': 80, 'n_estimators': 363, 'max_depth': 3, 'num_leaves': 48, 'learning_rate': 0.06590089024008658, 'subsample': 0.6944752870615722, 'colsample_bytree': 0.962566244806993, 'min_child_samples': 88, 'reg_alpha': 1.6465620446426067e-05, 'reg_lambda': 2.4678750890085655e-08}. Best is trial 3 with value: 0.024078938930903116.
[I 2026-06-01 13:00:33,961] Trial 8 finished with value: 0.0036531403165886074 and parameters: {'confidence_threshold': 0.6066688256938841, 'training_days': 200, 'n_estimators': 367, 'max_depth': 5, 'num_leaves': 32, 'learning_rate': 0.13377519215934996, 'subsample': 0.7965884582811106, 'colsample_bytree': 0.8458508993500886, 'min_child_samples': 32, 'reg_alpha': 3.889436043816386e-05, 'reg_lambda': 1.4713062489380356e-06}. Best is trial 3 with value: 0.024078938930903116.
[I 2026-06-01 13:00:34,174] Trial 9 finished with value: -0.05497905750661238 and parameters: {'confidence_threshold': 0.6202096049169137, 'training_days': 260, 'n_estimators': 350, 'max_depth': 3, 'num_leaves': 21, 'learning_rate': 0.02989540198065364, 'subsample': 0.8307821683331218, 'colsample_bytree': 0.923253112635361, 'min_child_samples': 64, 'reg_alpha': 0.4898604619604203, 'reg_lambda': 2.9076377687066166e-05}. Best is trial 3 with value: 0.024078938930903116.
[I 2026-06-01 13:00:34,610] Trial 10 finished with value: 0.07457291968095707 and parameters: {'confidence_threshold': 0.6756170272727778, 'training_days': 470, 'n_estimators': 493, 'max_depth': 4, 'num_leaves': 63, 'learning_rate': 0.010221918552934462, 'subsample': 0.9383547926937981, 'colsample_bytree': 0.6202684210924141, 'min_child_samples': 44, 'reg_alpha': 2.371385268938747e-08, 'reg_lambda': 0.015315426420116851}. Best is trial 10 with value: 0.07457291968095707.
[I 2026-06-01 13:00:35,051] Trial 11 finished with value: 0.040901258244128644 and parameters: {'confidence_threshold': 0.6802313732157268, 'training_days': 480, 'n_estimators': 493, 'max_depth': 4, 'num_leaves': 63, 'learning_rate': 0.010535067237031162, 'subsample': 0.9470441632819105, 'colsample_bytree': 0.625107197757402, 'min_child_samples': 42, 'reg_alpha': 1.3380676125466047e-08, 'reg_lambda': 0.01124898826285167}. Best is trial 10 with value: 0.07457291968095707.
[I 2026-06-01 13:00:35,477] Trial 12 finished with value: 0.04692930462973943 and parameters: {'confidence_threshold': 0.6799910972846094, 'training_days': 500, 'n_estimators': 499, 'max_depth': 4, 'num_leaves': 63, 'learning_rate': 0.010201143194486034, 'subsample': 0.9824001102781764, 'colsample_bytree': 0.5773925919454104, 'min_child_samples': 46, 'reg_alpha': 1.3598234445907363e-08, 'reg_lambda': 0.03524119936949945}. Best is trial 10 with value: 0.07457291968095707.
