[I 2026-06-01 12:56:54,032] Trial 9 finished with value: 0.044294482942775326 and parameters: {'confidence_threshold': 0.6202096049169137, 'training_days': 260, 'n_estimators': 350, 'max_depth': 3, 'num_leaves': 21, 'learning_rate': 0.02989540198065364, 'subsample': 0.8307821683331218, 'colsample_bytree': 0.923253112635361, 'min_child_samples': 64, 'reg_alpha': 0.4898604619604203, 'reg_lambda': 2.9076377687066166e-05}. Best is trial 5 with value: 0.09258496779796163.
[I 2026-06-01 12:56:54,393] Trial 10 finished with value: 0.004724075218198331 and parameters: {'confidence_threshold': 0.5342665212695602, 'training_days': 470, 'n_estimators': 493, 'max_depth': 5, 'num_leaves': 63, 'learning_rate': 0.010221918552934462, 'subsample': 0.9166551855891288, 'colsample_bytree': 0.6202684210924141, 'min_child_samples': 99, 'reg_alpha': 2.371385268938747e-08, 'reg_lambda': 8.795022395727933e-08}. Best is trial 5 with value: 0.09258496779796163.
[I 2026-06-01 12:56:54,677] Trial 11 finished with value: 0.05337314669876499 and parameters: {'confidence_threshold': 0.6332172030915592, 'training_days': 340, 'n_estimators': 477, 'max_depth': 3, 'num_leaves': 20, 'learning_rate': 0.036526978794621294, 'subsample': 0.8648160383699911, 'colsample_bytree': 0.6778283959364831, 'min_child_samples': 76, 'reg_alpha': 6.114661601749046, 'reg_lambda': 0.009497899016907575}. Best is trial 5 with value: 0.09258496779796163.
[I 2026-06-01 12:56:54,918] Trial 12 finished with value: 0.0523674051195069 and parameters: {'confidence_threshold': 0.66034247783242, 'training_days': 360, 'n_estimators': 498, 'max_depth': 5, 'num_leaves': 28, 'learning_rate': 0.11207472241355503, 'subsample': 0.8941395335595879, 'colsample_bytree': 0.6669454130036883, 'min_child_samples': 78, 'reg_alpha': 6.210448045058425, 'reg_lambda': 0.01084372726914563}. Best is trial 5 with value: 0.09258496779796163.
[I 2026-06-01 12:56:55,181] Trial 13 finished with value: 0.02234193097401111 and parameters: {'confidence_threshold': 0.5917869286642166, 'training_days': 400, 'n_estimators': 442, 'max_depth': 3, 'num_leaves': 39, 'learning_rate': 0.0447016503437379, 'subsample': 0.8760458449624855, 'colsample_bytree': 0.5443982906148261, 'min_child_samples': 52, 'reg_alpha': 0.1635186738615608, 'reg_lambda': 2.0914856266869806}. Best is trial 5 with value: 0.09258496779796163.
[I 2026-06-01 12:56:55,209] Trial 14 finished with value: -3.985988289541575 and parameters: {'confidence_threshold': 0.6968624890517784, 'training_days': 20, 'n_estimators': 271, 'max_depth': 4, 'num_leaves': 15, 'learning_rate': 0.10902746277639447, 'subsample': 0.7204416227477246, 'colsample_bytree': 0.7024651632207747, 'min_child_samples': 80, 'reg_alpha': 2.8388317085765946, 'reg_lambda': 0.07597426064842482}. Best is trial 5 with value: 0.09258496779796163.
[I 2026-06-01 12:56:55,589] Trial 15 finished with value: 0.0029216208393018444 and parameters: {'confidence_threshold': 0.5026055290809989, 'training_days': 300, 'n_estimators': 423, 'max_depth': 5, 'num_leaves': 41, 'learning_rate': 0.03351037596838005, 'subsample': 0.9750095790709927, 'colsample_bytree': 0.599275181090995, 'min_child_samples': 46, 'reg_alpha': 0.06528179832605202, 'reg_lambda': 0.0028349241489737174}. Best is trial 5 with value: 0.09258496779796163.
[I 2026-06-01 12:56:55,837] Trial 16 finished with value: 0.004035969473751721 and parameters: {'confidence_threshold': 0.6428563239589236, 'training_days': 500, 'n_estimators': 439, 'max_depth': 3, 'num_leaves': 25, 'learning_rate': 0.06474910935372055, 'subsample': 0.7616663246379325, 'colsample_bytree': 0.7249377914937623, 'min_child_samples': 75, 'reg_alpha': 0.025899529045823516, 'reg_lambda': 5.124992386320148e-07}. Best is trial 5 with value: 0.09258496779796163.
[I 2026-06-01 12:56:56,070] Trial 17 finished with value: 0.036643134159433495 and parameters: {'confidence_threshold': 0.7083504317363137, 'training_days': 420, 'n_estimators': 320, 'max_depth': 4, 'num_leaves': 32, 'learning_rate': 0.1612932586305445, 'subsample': 0.671706155161185, 'colsample_bytree': 0.7668145962665067, 'min_child_samples': 90, 'reg_alpha': 0.9302248995022254, 'reg_lambda': 0.060993087140273225}. Best is trial 5 with value: 0.09258496779796163.
[I 2026-06-01 12:56:56,208] A new study created in memory with name: no-name-d6925d30-9cc7-4c4a-80ff-78653352e0ec
[I 2026-06-01 12:56:56,421] Trial 0 finished with value: -0.05780760899555977 and parameters: {'confidence_threshold': 0.5870645682749857, 'training_days': 90, 'n_estimators': 403, 'max_depth': 5, 'num_leaves': 45, 'learning_rate': 0.0780457193679974, 'subsample': 0.9428509515574568, 'colsample_bytree': 0.8795587339164916, 'min_child_samples': 34, 'reg_alpha': 2.2465901234314442e-07, 'reg_lambda': 8.339007036475363e-05}. Best is trial 0 with value: -0.05780760899555977.

    [CV fold 4] train_end=2022-02-15 16:00 | val_start=2022-02-23 08:00 | gap=184h (22 rows)
    [trial 0] Sharpe=0.0346 (folds: 0.1450, -0.1399, 0.4173, -0.1040, -0.1452)
    [trial 1] 48 features, training_days=420 | threshold=0.839 | labels: 1174 long, 994 short (54/46%)
    [trial 1] Sharpe=-0.0630 (folds: 0.4276, 0.1175, 0.1033, -0.4688, -0.4945)
    [trial 2] 48 features, training_days=190 | threshold=0.602 | labels: 1174 long, 994 short (54/46%)
    [trial 2] Sharpe=0.0334 (folds: 0.1955, -0.2218, 0.2795, -0.0854, -0.0010)
    [trial 3] 48 features, training_days=490 | threshold=0.832 | labels: 1174 long, 994 short (54/46%)
    [trial 3] Sharpe=-0.0010 (folds: 0.2034, -0.2002, 0.4407, -0.2028, -0.2463)
    [trial 4] 48 features, training_days=340 | threshold=0.591 | labels: 1174 long, 994 short (54/46%)
    [trial 4] Sharpe=0.0733 (folds: 0.1406, -0.1271, 0.4098, -0.0401, -0.0168)
    [trial 5] 48 features, training_days=50 | threshold=0.823 | labels: 1174 long, 994 short (54/46%)
    [trial 5] Sharpe=-1.8982 (folds: 0.2699, -0.3093, -10.0000, 0.3344, 0.2138)
    [trial 6] 48 features, training_days=410 | threshold=0.549 | labels: 1174 long, 994 short (54/46%)
    [trial 6] Sharpe=0.0678 (folds: 0.1136, -0.0664, 0.3786, -0.0175, -0.0694)
    [trial 7] 48 features, training_days=180 | threshold=0.526 | labels: 1174 long, 994 short (54/46%)
    [trial 7] Sharpe=-0.0024 (folds: 0.0746, -0.1826, 0.2442, -0.0478, -0.1005)
    [trial 8] 48 features, training_days=240 | threshold=0.811 | labels: 1174 long, 994 short (54/46%)
    [trial 8] Sharpe=0.0646 (folds: 0.2281, -0.0161, 0.3903, -0.1453, -0.1342)
    [trial 9] 48 features, training_days=20 | threshold=0.538 | labels: 1174 long, 994 short (54/46%)
    [trial 9] Sharpe=-0.0369 (folds: 0.4351, -0.1077, -0.3747, -0.2574, 0.1202)
    [trial 10] 48 features, training_days=350 | threshold=0.680 | labels: 1174 long, 994 short (54/46%)
    [trial 10] Sharpe=0.0842 (folds: 0.1787, -0.1197, 0.4925, -0.0297, -0.1005)
    [trial 11] 48 features, training_days=330 | threshold=0.716 | labels: 1174 long, 994 short (54/46%)
    [trial 11] Sharpe=0.0465 (folds: 0.2106, -0.1112, 0.4803, -0.2432, -0.1040)
    [trial 12] 48 features, training_days=330 | threshold=0.713 | labels: 1174 long, 994 short (54/46%)
    [trial 12] Sharpe=0.0573 (folds: 0.1729, -0.1255, 0.4510, -0.1210, -0.0907)
    [trial 13] 48 features, training_days=330 | threshold=0.662 | labels: 1174 long, 994 short (54/46%)
    [trial 13] Sharpe=0.0777 (folds: 0.2562, -0.1370, 0.3978, -0.0120, -0.1167)
    [trial 14] 48 features, training_days=270 | threshold=0.673 | labels: 1174 long, 994 short (54/46%)
    [trial 14] Sharpe=0.0084 (folds: 0.1442, -0.1476, 0.3771, -0.0475, -0.2843)
    [trial 15] 48 features, training_days=400 | threshold=0.732 | labels: 1174 long, 994 short (54/46%)
    [trial 15] Sharpe=0.0217 (folds: 0.1383, -0.1490, 0.3547, -0.1797, -0.0557)
    [trial 16] 48 features, training_days=270 | threshold=0.767 | labels: 1174 long, 994 short (54/46%)
    [trial 16] Sharpe=0.0357 (folds: 0.2129, -0.1325, 0.4552, -0.0293, -0.3279)
    [trial 17] 48 features, training_days=140 | threshold=0.665 | labels: 1174 long, 994 short (54/46%)
    [trial 17] Sharpe=0.0055 (folds: 0.2081, -0.1028, 0.1297, -0.0483, -0.1591)
  Optuna: 18 trials, best Sharpe = 0.0842
  Best params: n_estimators=487, max_depth=4, lr=0.0114, leaves=61
  Best confidence_threshold: 0.680
  Best training_days: 350
  Retrained on full data (1050 samples, 48 features)
  [ensemble 2/3] seed=123
    [trial 0] 48 features, training_days=150 | threshold=0.744 | labels: 1174 long, 994 short (54/46%)
    [CV fold 0] train_end=2020-10-22 08:00 | val_start=2020-10-30 00:00 | gap=184h (22 rows)
    [CV fold 1] train_end=2021-02-19 16:00 | val_start=2021-02-27 08:00 | gap=184h (22 rows)
    [CV fold 2] train_end=2021-06-20 00:00 | val_start=2021-06-27 16:00 | gap=184h (22 rows)
    [CV fold 3] train_end=2021-10-18 08:00 | val_start=2021-10-26 00:00 | gap=184h (22 rows)
    [CV fold 4] train_end=2022-02-15 16:00 | val_start=2022-02-23 08:00 | gap=184h (22 rows)
    [trial 0] Sharpe=0.0414 (folds: 0.1219, -0.0476, 0.2657, 0.0601, -0.1931)
    [trial 1] 48 features, training_days=220 | threshold=0.755 | labels: 1174 long, 994 short (54/46%)
    [trial 1] Sharpe=-0.0411 (folds: 0.3274, -0.0549, 0.1408, -0.2594, -0.3596)
    [trial 2] 48 features, training_days=310 | threshold=0.754 | labels: 1174 long, 994 short (54/46%)
    [trial 2] Sharpe=0.0208 (folds: 0.1389, -0.1397, 0.4023, -0.1616, -0.1362)
    [trial 3] 48 features, training_days=220 | threshold=0.673 | labels: 1174 long, 994 short (54/46%)
    [trial 3] Sharpe=-0.0175 (folds: 0.1210, -0.1149, 0.2759, -0.1715, -0.1980)
    [trial 4] 48 features, training_days=130 | threshold=0.803 | labels: 1174 long, 994 short (54/46%)
    [trial 4] Sharpe=-0.0492 (folds: 0.2195, -0.0629, -0.2108, -0.0356, -0.1562)
    [trial 5] 48 features, training_days=210 | threshold=0.606 | labels: 1174 long, 994 short (54/46%)
    [trial 5] Sharpe=0.0926 (folds: 0.2773, -0.1305, 0.2980, -0.0196, 0.0378)
    [trial 6] 48 features, training_days=130 | threshold=0.767 | labels: 1174 long, 994 short (54/46%)
    [trial 6] Sharpe=-0.0557 (folds: 0.1563, -0.1109, -0.2315, -0.0483, -0.0443)
    [trial 7] 48 features, training_days=80 | threshold=0.556 | labels: 1174 long, 994 short (54/46%)
    [trial 7] Sharpe=0.0014 (folds: 0.0794, -0.0225, 0.0127, 0.0481, -0.1107)
    [trial 8] 48 features, training_days=200 | threshold=0.607 | labels: 1174 long, 994 short (54/46%)
    [trial 8] Sharpe=0.0052 (folds: 0.1211, -0.0884, 0.1596, -0.0406, -0.1256)
    [trial 9] 48 features, training_days=260 | threshold=0.620 | labels: 1174 long, 994 short (54/46%)
    [trial 9] Sharpe=0.0443 (folds: 0.1143, -0.1473, 0.2898, 0.0444, -0.0797)
    [trial 10] 48 features, training_days=470 | threshold=0.534 | labels: 1174 long, 994 short (54/46%)
    [trial 10] Sharpe=0.0047 (folds: 0.1312, -0.2063, 0.3793, -0.0581, -0.2225)
    [trial 11] 48 features, training_days=340 | threshold=0.633 | labels: 1174 long, 994 short (54/46%)
    [trial 11] Sharpe=0.0534 (folds: 0.2007, -0.2069, 0.3885, -0.0983, -0.0171)
    [trial 12] 48 features, training_days=360 | threshold=0.660 | labels: 1174 long, 994 short (54/46%)
    [trial 12] Sharpe=0.0524 (folds: 0.2339, -0.1799, 0.3587, -0.0964, -0.0544)
    [trial 13] 48 features, training_days=400 | threshold=0.592 | labels: 1174 long, 994 short (54/46%)
    [trial 13] Sharpe=0.0223 (folds: 0.1453, -0.1990, 0.3798, -0.1102, -0.1042)
    [trial 14] 48 features, training_days=20 | threshold=0.697 | labels: 1174 long, 994 short (54/46%)
    [trial 14] Sharpe=-3.9860 (folds: 0.4351, -0.1077, -10.0000, -0.2574, -10.0000)
    [trial 15] 48 features, training_days=300 | threshold=0.503 | labels: 1174 long, 994 short (54/46%)
    [trial 15] Sharpe=0.0029 (folds: 0.1031, -0.1874, 0.2563, -0.0901, -0.0673)
    [trial 16] 48 features, training_days=500 | threshold=0.643 | labels: 1174 long, 994 short (54/46%)
    [trial 16] Sharpe=0.0040 (folds: 0.2403, -0.2190, 0.4008, -0.1629, -0.2391)
    [trial 17] 48 features, training_days=420 | threshold=0.708 | labels: 1174 long, 994 short (54/46%)
    [trial 17] Sharpe=0.0366 (folds: 0.3062, -0.1879, 0.3182, -0.1544, -0.0988)
  Optuna: 18 trials, best Sharpe = 0.0926
  Best params: n_estimators=357, max_depth=5, lr=0.0974, leaves=40
  Best confidence_threshold: 0.606
  Best training_days: 210
  Retrained on full data (630 samples, 48 features)
  [ensemble 3/3] seed=456
    [trial 0] 48 features, training_days=90 | threshold=0.587 | labels: 1174 long, 994 short (54/46%)
    [CV fold 0] train_end=2020-10-22 08:00 | val_start=2020-10-30 00:00 | gap=184h (22 rows)
    [CV fold 1] train_end=2021-02-19 16:00 | val_start=2021-02-27 08:00 | gap=184h (22 rows)
    [CV fold 2] train_end=2021-06-20 00:00 | val_start=2021-06-27 16:00 | gap=184h (22 rows)
    [CV fold 3] train_end=2021-10-18 08:00 | val_start=2021-10-26 00:00 | gap=184h (22 rows)
    [CV fold 4] train_end=2022-02-15 16:00 | val_start=2022-02-23 08:00 | gap=184h (22 rows)
    [trial 0] Sharpe=-0.0578 (folds: 0.1599, -0.2487, -0.1452, -0.0456, -0.0094)
    [trial 1] 48 features, training_days=290 | threshold=0.635 | labels: 1174 long, 994 short (54/46%)[I 2026-06-01 12:56:56,526] Trial 1 finished with value: 0.048773617546568726 and parameters: {'confidence_threshold': 0.6348453934275313, 'training_days': 290, 'n_estimators': 115, 'max_depth': 5, 'num_leaves': 37, 'learning_rate': 0.06949568759029946, 'subsample': 0.8228505074024268, 'colsample_bytree': 0.8616703220431751, 'min_child_samples': 75, 'reg_alpha': 4.2486822725010923e-07, 'reg_lambda': 1.157247767047042e-07}. Best is trial 1 with value: 0.048773617546568726.
[I 2026-06-01 12:56:56,542] Trial 2 finished with value: -0.1905081748831463 and parameters: {'confidence_threshold': 0.5849570384370288, 'training_days': 10, 'n_estimators': 212, 'max_depth': 3, 'num_leaves': 41, 'learning_rate': 0.18452095998378365, 'subsample': 0.6001060822924371, 'colsample_bytree': 0.5673167293506167, 'min_child_samples': 37, 'reg_alpha': 5.733250064217131, 'reg_lambda': 0.5308454292595461}. Best is trial 1 with value: 0.048773617546568726.
[I 2026-06-01 12:56:56,617] Trial 3 finished with value: 0.027758737161085057 and parameters: {'confidence_threshold': 0.6868248626683718, 'training_days': 220, 'n_estimators': 134, 'max_depth': 3, 'num_leaves': 45, 'learning_rate': 0.033529007907491595, 'subsample': 0.8647277071858408, 'colsample_bytree': 0.778494116634046, 'min_child_samples': 96, 'reg_alpha': 2.409409937265785e-07, 'reg_lambda': 1.1642073478060009}. Best is trial 1 with value: 0.048773617546568726.
[I 2026-06-01 12:56:56,702] Trial 4 finished with value: -0.0003547509617955108 and parameters: {'confidence_threshold': 0.5623121348350352, 'training_days': 300, 'n_estimators': 69, 'max_depth': 4, 'num_leaves': 32, 'learning_rate': 0.14967629360700346, 'subsample': 0.5054535233636654, 'colsample_bytree': 0.7401385194659216, 'min_child_samples': 27, 'reg_alpha': 1.4212042567426725e-07, 'reg_lambda': 0.23605753701352003}. Best is trial 1 with value: 0.048773617546568726.
[I 2026-06-01 12:56:57,092] Trial 5 finished with value: 0.00891774778902269 and parameters: {'confidence_threshold': 0.7111850244908446, 'training_days': 490, 'n_estimators': 362, 'max_depth': 5, 'num_leaves': 40, 'learning_rate': 0.05960785724162737, 'subsample': 0.5589714368907717, 'colsample_bytree': 0.6659006943232806, 'min_child_samples': 42, 'reg_alpha': 0.6741360303045295, 'reg_lambda': 6.054601607143087e-08}. Best is trial 1 with value: 0.048773617546568726.
[I 2026-06-01 12:56:57,263] Trial 6 finished with value: 0.04823684211724159 and parameters: {'confidence_threshold': 0.667482545748023, 'training_days': 420, 'n_estimators': 279, 'max_depth': 3, 'num_leaves': 45, 'learning_rate': 0.040099592560849204, 'subsample': 0.8563114696415159, 'colsample_bytree': 0.5442917781944105, 'min_child_samples': 50, 'reg_alpha': 1.6407916423707903e-08, 'reg_lambda': 2.935907642973286e-05}. Best is trial 1 with value: 0.048773617546568726.
[I 2026-06-01 12:56:57,418] Trial 7 finished with value: -0.062082019241908794 and parameters: {'confidence_threshold': 0.5497381024139926, 'training_days': 120, 'n_estimators': 408, 'max_depth': 5, 'num_leaves': 38, 'learning_rate': 0.28049122657745795, 'subsample': 0.8806573338635493, 'colsample_bytree': 0.5454054113547102, 'min_child_samples': 63, 'reg_alpha': 0.01263008637940408, 'reg_lambda': 0.04588020805366937}. Best is trial 1 with value: 0.048773617546568726.
[I 2026-06-01 12:56:57,681] Trial 8 finished with value: -0.00954776464055948 and parameters: {'confidence_threshold': 0.719644804808716, 'training_days': 450, 'n_estimators': 410, 'max_depth': 4, 'num_leaves': 57, 'learning_rate': 0.04022026551478857, 'subsample': 0.5336085426932707, 'colsample_bytree': 0.5705742850577543, 'min_child_samples': 100, 'reg_alpha': 5.916398047912201e-07, 'reg_lambda': 0.9794034214488329}. Best is trial 1 with value: 0.048773617546568726.
[I 2026-06-01 12:56:57,701] Trial 9 finished with value: -3.985988289541575 and parameters: {'confidence_threshold': 0.7267463643917187, 'training_days': 20, 'n_estimators': 337, 'max_depth': 5, 'num_leaves': 23, 'learning_rate': 0.022153031811454605, 'subsample': 0.6305627572358737, 'colsample_bytree': 0.6613413774216214, 'min_child_samples': 81, 'reg_alpha': 5.7638634029410314e-08, 'reg_lambda': 8.26603016764008}. Best is trial 1 with value: 0.048773617546568726.
[I 2026-06-01 12:56:57,846] Trial 10 finished with value: 0.03261266097540848 and parameters: {'confidence_threshold': 0.8398533911817929, 'training_days': 320, 'n_estimators': 181, 'max_depth': 4, 'num_leaves': 15, 'learning_rate': 0.013684491588422613, 'subsample': 0.7320664585010437, 'colsample_bytree': 0.9944479338273263, 'min_child_samples': 74, 'reg_alpha': 4.136971884522066e-05, 'reg_lambda': 1.4599322889399585e-08}. Best is trial 1 with value: 0.048773617546568726.
[I 2026-06-01 12:56:58,044] Trial 11 finished with value: 0.015263613894734348 and parameters: {'confidence_threshold': 0.6435110568867387, 'training_days': 390, 'n_estimators': 290, 'max_depth': 3, 'num_leaves': 54, 'learning_rate': 0.11089640564531646, 'subsample': 0.7755810205931155, 'colsample_bytree': 0.8724278937851807, 'min_child_samples': 55, 'reg_alpha': 2.5646023357365184e-05, 'reg_lambda': 2.8664457430541773e-06}. Best is trial 1 with value: 0.048773617546568726.
[I 2026-06-01 12:56:58,414] Trial 12 finished with value: 0.012130764670252769 and parameters: {'confidence_threshold': 0.6312717333908874, 'training_days': 390, 'n_estimators': 490, 'max_depth': 4, 'num_leaves': 30, 'learning_rate': 0.02305899614846357, 'subsample': 0.7806046072327899, 'colsample_bytree': 0.8750909515331022, 'min_child_samples': 55, 'reg_alpha': 1.578782038256806e-08, 'reg_lambda': 1.460444608825336e-06}. Best is trial 1 with value: 0.048773617546568726.
[I 2026-06-01 12:56:58,544] Trial 13 finished with value: 0.020766664339774605 and parameters: {'confidence_threshold': 0.5040535938350955, 'training_days': 220, 'n_estimators': 227, 'max_depth': 3, 'num_leaves': 50, 'learning_rate': 0.08838392816605262, 'subsample': 0.9751564467099135, 'colsample_bytree': 0.9584932215576711, 'min_child_samples': 75, 'reg_alpha': 5.330866210562306e-06, 'reg_lambda': 0.0009488438014031012}. Best is trial 1 with value: 0.048773617546568726.
[I 2026-06-01 12:56:58,623] Trial 14 finished with value: 0.018155692778964443 and parameters: {'confidence_threshold': 0.7797216424642158, 'training_days': 380, 'n_estimators': 58, 'max_depth': 4, 'num_leaves': 31, 'learning_rate': 0.05332532123953172, 'subsample': 0.8483720642926542, 'colsample_bytree': 0.5032647290750182, 'min_child_samples': 65, 'reg_alpha': 0.0011197032848975464, 'reg_lambda': 3.35489003397335e-06}. Best is trial 1 with value: 0.048773617546568726.
[I 2026-06-01 12:56:58,774] Trial 15 finished with value: 0.0338755567849502 and parameters: {'confidence_threshold': 0.6484491395629804, 'training_days': 290, 'n_estimators': 129, 'max_depth': 5, 'num_leaves': 48, 'learning_rate': 0.010013444684742322, 'subsample': 0.6950075818145962, 'colsample_bytree': 0.8144377937283438, 'min_child_samples': 47, 'reg_alpha': 2.788758043526982e-06, 'reg_lambda': 0.0002597409756311666}. Best is trial 1 with value: 0.048773617546568726.
[I 2026-06-01 12:56:58,882] Trial 16 finished with value: 0.08203053707263465 and parameters: {'confidence_threshold': 0.7610421950890759, 'training_days': 180, 'n_estimators': 247, 'max_depth': 3, 'num_leaves': 59, 'learning_rate': 0.030320534912433545, 'subsample': 0.8192778443007702, 'colsample_bytree': 0.6810970391682408, 'min_child_samples': 88, 'reg_alpha': 0.0023353732297268087, 'reg_lambda': 3.0530161678105316e-07}. Best is trial 16 with value: 0.08203053707263465.
