[I 2026-06-01 12:56:21,803] Trial 17 finished with value: 0.025636955055187444 and parameters: {'confidence_threshold': 0.5416011431378513, 'training_days': 380, 'n_estimators': 178, 'max_depth': 3, 'num_leaves': 32, 'learning_rate': 0.014399917848714062, 'subsample': 0.7845762479296312, 'colsample_bytree': 0.7954736075197781, 'min_child_samples': 50, 'reg_alpha': 9.000775609768185e-06, 'reg_lambda': 0.001352150060975526}. Best is trial 11 with value: 0.12241232157837278.

  Optuna: 18 trials, best Sharpe = 0.0588
  Best params: n_estimators=367, max_depth=5, lr=0.1338, leaves=32
  Best confidence_threshold: 0.607
  Best training_days: 200
  Retrained on full data (600 samples, 48 features)
  [ensemble 3/3] seed=456
    [trial 0] 48 features, training_days=90 | threshold=0.587 | labels: 1238 long, 930 short (57/43%)
    [CV fold 0] train_end=2020-06-22 08:00 | val_start=2020-06-30 00:00 | gap=184h (22 rows)
    [CV fold 1] train_end=2020-10-20 16:00 | val_start=2020-10-28 08:00 | gap=184h (22 rows)
    [CV fold 2] train_end=2021-02-18 00:00 | val_start=2021-02-25 16:00 | gap=184h (22 rows)
    [CV fold 3] train_end=2021-06-18 08:00 | val_start=2021-06-26 00:00 | gap=184h (22 rows)
    [CV fold 4] train_end=2021-10-16 16:00 | val_start=2021-10-24 08:00 | gap=184h (22 rows)
    [trial 0] Sharpe=-0.0492 (folds: -0.0946, 0.1245, -0.2224, -0.0638, 0.0105)
    [trial 1] 48 features, training_days=290 | threshold=0.635 | labels: 1238 long, 930 short (57/43%)
    [trial 1] Sharpe=0.0304 (folds: -0.2363, 0.2452, -0.1692, 0.3464, -0.0339)
    [trial 2] 48 features, training_days=10 | threshold=0.585 | labels: 1238 long, 930 short (57/43%)
    [trial 2] Sharpe=-0.2725 (folds: -0.4860, -0.3309, 0.1036, -0.3968, -0.2524)
    [trial 3] 48 features, training_days=220 | threshold=0.687 | labels: 1238 long, 930 short (57/43%)
    [trial 3] Sharpe=-0.0500 (folds: -0.6483, 0.3448, -0.1580, 0.3946, -0.1830)
    [trial 4] 48 features, training_days=300 | threshold=0.562 | labels: 1238 long, 930 short (57/43%)
    [trial 4] Sharpe=0.0504 (folds: -0.1112, 0.2356, -0.1186, 0.3087, -0.0627)
    [trial 5] 48 features, training_days=490 | threshold=0.711 | labels: 1238 long, 930 short (57/43%)
    [trial 5] Sharpe=-0.0066 (folds: -0.1237, 0.1943, -0.2835, 0.3671, -0.1870)
    [trial 6] 48 features, training_days=420 | threshold=0.667 | labels: 1238 long, 930 short (57/43%)
    [trial 6] Sharpe=0.0051 (folds: -0.1363, 0.1137, -0.3226, 0.4222, -0.0515)
    [trial 7] 48 features, training_days=120 | threshold=0.550 | labels: 1238 long, 930 short (57/43%)
    [trial 7] Sharpe=-0.0664 (folds: -0.1481, 0.1634, -0.0999, -0.2240, -0.0236)
    [trial 8] 48 features, training_days=450 | threshold=0.720 | labels: 1238 long, 930 short (57/43%)
    [trial 8] Sharpe=-0.0411 (folds: -0.2676, 0.2294, -0.3742, 0.4238, -0.2167)
    [trial 9] 48 features, training_days=20 | threshold=0.727 | labels: 1238 long, 930 short (57/43%)
    [trial 9] Sharpe=-2.0388 (folds: -0.4860, 0.4406, 0.1036, -10.0000, -0.2524)
    [trial 10] 48 features, training_days=320 | threshold=0.840 | labels: 1238 long, 930 short (57/43%)
    [trial 10] Sharpe=0.0254 (folds: -0.2176, 0.3036, -0.2499, 0.4095, -0.1186)
    [trial 11] 48 features, training_days=300 | threshold=0.608 | labels: 1238 long, 930 short (57/43%)
    [trial 11] Sharpe=0.1224 (folds: 0.0434, 0.4544, -0.1648, 0.4653, -0.1862)
    [trial 12] 48 features, training_days=360 | threshold=0.515 | labels: 1238 long, 930 short (57/43%)
    [trial 12] Sharpe=0.0817 (folds: 0.0112, 0.4362, -0.1679, 0.2621, -0.1331)
    [trial 13] 48 features, training_days=380 | threshold=0.501 | labels: 1238 long, 930 short (57/43%)
    [trial 13] Sharpe=0.0385 (folds: -0.1783, 0.1463, -0.2141, 0.3280, 0.1107)
    [trial 14] 48 features, training_days=210 | threshold=0.508 | labels: 1238 long, 930 short (57/43%)
    [trial 14] Sharpe=0.0197 (folds: -0.1705, 0.1025, -0.1494, 0.3509, -0.0349)
    [trial 15] 48 features, training_days=370 | threshold=0.626 | labels: 1238 long, 930 short (57/43%)
    [trial 15] Sharpe=0.0491 (folds: -0.1894, 0.2406, -0.3095, 0.4631, 0.0409)
    [trial 16] 48 features, training_days=170 | threshold=0.781 | labels: 1238 long, 930 short (57/43%)
    [trial 16] Sharpe=-1.8361 (folds: -10.0000, 0.3795, 0.0747, 0.4802, -0.1149)
    [trial 17] 48 features, training_days=380 | threshold=0.542 | labels: 1238 long, 930 short (57/43%)
    [trial 17] Sharpe=0.0256 (folds: -0.1231, 0.1407, -0.2947, 0.3743, 0.0310)
  Optuna: 18 trials, best Sharpe = 0.1224
  Best params: n_estimators=54, max_depth=4, lr=0.0102, leaves=29
  Best confidence_threshold: 0.608
  Best training_days: 300
  Retrained on full data (900 samples, 48 features)
  OOD: 16 features, cutoff (q=0.7) = 8.40
  Model trained for 2022-03: 93 test candles with features, confidence_threshold=0.649
[predict] 2022-03-07 00:00 BTCUSDT → SHORT (proba=0.78 TP=11.8%/SL=5.9%)
[trade:open] 2022-03-07 07:59 BTCUSDT SHORT @ 37878.20 | SL=40118.92 TP=33396.77 | timeout=2022-03-14 07:59
[trade:close] 2022-03-09 07:59 BTCUSDT SHORT → stop_loss @ 40118.92 | PnL=-5.92% (net -6.02%) | cum=-0.99% 2022-03=-6.02% 2022-03-09=-6.02%
[predict] 2022-03-10 16:00 BTCUSDT → SHORT (proba=0.84 TP=13.6%/SL=6.8%)
[trade:open] 2022-03-10 23:59 BTCUSDT SHORT @ 39407.20 | SL=42090.41 TP=34040.78 | timeout=2022-03-17 23:59
[trade:close] 2022-03-18 00:00 BTCUSDT SHORT → timeout @ 40898.00 | PnL=-3.78% (net -3.88%) | cum=-4.87% 2022-03=-9.90% 2022-03-18=-3.88%
[predict] 2022-03-18 16:00 BTCUSDT → SHORT (proba=0.72 TP=10.5%/SL=5.3%)
[trade:open] 2022-03-18 23:59 BTCUSDT SHORT @ 41751.50 | SL=43946.63 TP=37361.24 | timeout=2022-03-25 23:59
[trade:close] 2022-03-24 15:59 BTCUSDT SHORT → stop_loss @ 43946.63 | PnL=-5.26% (net -5.36%) | cum=-10.23% 2022-03=-15.26% 2022-03-24=-5.36%
[predict] 2022-03-25 08:00 BTCUSDT → SHORT (proba=0.88 TP=8.0%/SL=4.0%)
[trade:open] 2022-03-25 15:59 BTCUSDT SHORT @ 44320.20 | SL=46103.98 TP=40752.64 | timeout=2022-04-01 15:59
[trade:close] 2022-03-27 23:59 BTCUSDT SHORT → stop_loss @ 46103.98 | PnL=-4.02% (net -4.12%) | cum=-14.35% 2022-03=-19.38% 2022-03-27=-4.12%
[predict] 2022-03-29 00:00 BTCUSDT → SHORT (proba=0.86 TP=7.3%/SL=3.6%)
[trade:open] 2022-03-29 07:59 BTCUSDT SHORT @ 47330.10 | SL=49052.89 TP=43884.53 | timeout=2022-04-05 07:59
[lgbm] === Training for 2022-04 ===
  Train window: 2020-04-01 → 2022-03-24
  2168 training samples from 1 symbols
  Samples per month: 2020-04: 90, 2020-05: 93, 2020-06: 90, 2020-07: 93, 2020-08: 93, 2020-09: 90, 2020-10: 93, 2020-11: 90, 2020-12: 93, 2021-01: 93, 2021-02: 84, 2021-03: 93, 2021-04: 90, 2021-05: 93, 2021-06: 90, 2021-07: 93, 2021-08: 93, 2021-09: 90, 2021-10: 93, 2021-11: 90, 2021-12: 93, 2022-01: 93, 2022-02: 84, 2022-03: 71
  [label] 2020-06-01 16:00 BTCUSDT entry=10232.4800 → SHORT | long=sl(-4.82%) short=tp(+9.33%) | scanned=2 | short_tp_only
  [label] 2020-06-03 16:00 BTCUSDT entry=9663.5900 → LONG | long=timeout(+2.19%) short=timeout(-2.39%) | scanned=22 | no_tp→fwd_return=+2.2911
  [label] 2020-06-07 16:00 BTCUSDT entry=9743.9200 → SHORT | long=sl(-4.20%) short=timeout(+4.05%) | scanned=22 | no_tp→fwd_return=-4.1494
  [label] 2020-07-02 08:00 BTCUSDT entry=9049.6100 → LONG | long=timeout(+1.68%) short=sl(-2.73%) | scanned=22 | no_tp→fwd_return=+1.7834
  [label] 2020-08-23 16:00 BTCUSDT entry=11654.0000 → LONG | long=sl(-2.97%) short=timeout(-0.62%) | scanned=22 | no_tp→fwd_return=+0.5160
  [label] 2021-02-05 16:00 BTCUSDT entry=38362.6500 → LONG | long=tp(+13.86%) short=sl(-7.08%) | scanned=8 | long_tp_only
  [label] 2021-02-09 16:00 BTCUSDT entry=46492.5400 → LONG | long=timeout(+5.72%) short=sl(-8.69%) | scanned=22 | no_tp→fwd_return=+5.8190
  [label] 2021-02-20 08:00 BTCUSDT entry=56226.3900 → SHORT | long=sl(-6.03%) short=tp(+11.76%) | scanned=6 | short_tp_only
  [label] 2021-04-06 08:00 BTCUSDT entry=57876.9500 → LONG | long=tp(+8.68%) short=sl(-4.49%) | scanned=21 | long_tp_only
  [label] 2021-04-14 16:00 BTCUSDT entry=63019.1000 → SHORT | long=sl(-4.81%) short=tp(+9.33%) | scanned=10 | short_tp_only
  [label] 2021-07-14 00:00 BTCUSDT entry=31910.3800 → SHORT | long=sl(-5.09%) short=timeout(+3.39%) | scanned=22 | no_tp→fwd_return=-3.4864
  [label] 2021-08-15 00:00 BTCUSDT entry=45788.2500 → LONG | long=timeout(+7.38%) short=sl(-5.58%) | scanned=22 | no_tp→fwd_return=+7.4782
  [label] 2021-08-31 00:00 BTCUSDT entry=47789.0000 → LONG | long=tp(+8.79%) short=sl(-4.54%) | scanned=19 | long_tp_only
  [label] 2021-09-12 16:00 BTCUSDT entry=46046.7300 → LONG | long=sl(-5.48%) short=sl(-5.48%) | scanned=16 | no_tp→fwd_return=+5.5919
  [label] 2021-10-01 08:00 BTCUSDT entry=47339.9900 → LONG | long=tp(+11.87%) short=sl(-6.09%) | scanned=15 | long_tp_only[I 2026-06-01 12:56:22,136] A new study created in memory with name: no-name-793d9b9b-21bf-4372-8ef4-e05a2ea66f62
[I 2026-06-01 12:56:22,454] Trial 0 finished with value: 0.11836421956826124 and parameters: {'confidence_threshold': 0.6310890415965769, 'training_days': 480, 'n_estimators': 380, 'max_depth': 4, 'num_leaves': 22, 'learning_rate': 0.01699897838270077, 'subsample': 0.5290418060840998, 'colsample_bytree': 0.9330880728874675, 'min_child_samples': 68, 'reg_alpha': 0.023585940584142682, 'reg_lambda': 1.5320059381854043e-08}. Best is trial 0 with value: 0.11836421956826124.
[I 2026-06-01 12:56:22,571] Trial 1 finished with value: 0.1357038536154953 and parameters: {'confidence_threshold': 0.839468448256698, 'training_days': 420, 'n_estimators': 145, 'max_depth': 3, 'num_leaves': 23, 'learning_rate': 0.028145092716060652, 'subsample': 0.762378215816119, 'colsample_bytree': 0.7159725093210578, 'min_child_samples': 43, 'reg_alpha': 0.0032112643094417484, 'reg_lambda': 1.8007140198129195e-07}. Best is trial 1 with value: 0.1357038536154953.
[I 2026-06-01 12:56:22,719] Trial 2 finished with value: 0.09705606853609487 and parameters: {'confidence_threshold': 0.6022506269873263, 'training_days': 190, 'n_estimators': 255, 'max_depth': 5, 'num_leaves': 24, 'learning_rate': 0.05748924681991978, 'subsample': 0.7962072844310213, 'colsample_bytree': 0.5232252063599989, 'min_child_samples': 69, 'reg_alpha': 3.425445902633376e-07, 'reg_lambda': 3.850031979199519e-08}. Best is trial 1 with value: 0.1357038536154953.
[I 2026-06-01 12:56:22,972] Trial 3 finished with value: 0.14401205793380606 and parameters: {'confidence_threshold': 0.8321099380386666, 'training_days': 490, 'n_estimators': 414, 'max_depth': 3, 'num_leaves': 19, 'learning_rate': 0.1024932221692416, 'subsample': 0.7200762468698007, 'colsample_bytree': 0.5610191174223894, 'min_child_samples': 60, 'reg_alpha': 2.039373116525212e-08, 'reg_lambda': 1.527156759251193}. Best is trial 3 with value: 0.14401205793380606.
[I 2026-06-01 12:56:23,109] Trial 4 finished with value: 0.14181632829016455 and parameters: {'confidence_threshold': 0.5905729935600059, 'training_days': 340, 'n_estimators': 190, 'max_depth': 4, 'num_leaves': 41, 'learning_rate': 0.01875220945578641, 'subsample': 0.9847923138822793, 'colsample_bytree': 0.8875664116805573, 'min_child_samples': 96, 'reg_alpha': 1.1309571585271483, 'reg_lambda': 0.002404915432737351}. Best is trial 3 with value: 0.14401205793380606.
[I 2026-06-01 12:56:23,147] Trial 5 finished with value: 0.10176664051995103 and parameters: {'confidence_threshold': 0.8226559822580909, 'training_days': 50, 'n_estimators': 138, 'max_depth': 3, 'num_leaves': 30, 'learning_rate': 0.03750796359625606, 'subsample': 0.6356745158869479, 'colsample_bytree': 0.9143687545759647, 'min_child_samples': 48, 'reg_alpha': 3.376063348877853e-06, 'reg_lambda': 0.0007660634613082914}. Best is trial 3 with value: 0.14401205793380606.
[I 2026-06-01 12:56:23,242] Trial 6 finished with value: 0.1465944882623782 and parameters: {'confidence_threshold': 0.5493234787411669, 'training_days': 410, 'n_estimators': 83, 'max_depth': 5, 'num_leaves': 52, 'learning_rate': 0.019657448966046126, 'subsample': 0.5027610585618012, 'colsample_bytree': 0.9077307142274171, 'min_child_samples': 77, 'reg_alpha': 0.03639690979811287, 'reg_lambda': 0.08738424135626986}. Best is trial 6 with value: 0.1465944882623782.
[I 2026-06-01 12:56:23,341] Trial 7 finished with value: 0.0764643445986845 and parameters: {'confidence_threshold': 0.5259156281069316, 'training_days': 180, 'n_estimators': 102, 'max_depth': 5, 'num_leaves': 45, 'learning_rate': 0.030816017044468066, 'subsample': 0.5317791751430119, 'colsample_bytree': 0.6554911608578311, 'min_child_samples': 46, 'reg_alpha': 0.036851536911881845, 'reg_lambda': 0.005470376807480391}. Best is trial 6 with value: 0.1465944882623782.
[I 2026-06-01 12:56:23,442] Trial 8 finished with value: 0.15935040345023593 and parameters: {'confidence_threshold': 0.8105244599017143, 'training_days': 240, 'n_estimators': 103, 'max_depth': 5, 'num_leaves': 52, 'learning_rate': 0.06746437142284309, 'subsample': 0.8854835899772805, 'colsample_bytree': 0.7468977981821954, 'min_child_samples': 62, 'reg_alpha': 7.04480806377519e-05, 'reg_lambda': 1.6934490731313353e-08}. Best is trial 8 with value: 0.15935040345023593.
[I 2026-06-01 12:56:23,462] Trial 9 finished with value: 0.12988526120969285 and parameters: {'confidence_threshold': 0.5377619994476566, 'training_days': 20, 'n_estimators': 337, 'max_depth': 3, 'num_leaves': 39, 'learning_rate': 0.21907142272152816, 'subsample': 0.6246461145744375, 'colsample_bytree': 0.7051914615178149, 'min_child_samples': 81, 'reg_alpha': 1.1459970229341322e-06, 'reg_lambda': 4.929685216887945e-08}. Best is trial 8 with value: 0.15935040345023593.
[I 2026-06-01 12:56:23,980] Trial 10 finished with value: 0.13188048607636166 and parameters: {'confidence_threshold': 0.734042426776949, 'training_days': 280, 'n_estimators': 487, 'max_depth': 5, 'num_leaves': 62, 'learning_rate': 0.10432148521337849, 'subsample': 0.9416850669512905, 'colsample_bytree': 0.8120417635861826, 'min_child_samples': 27, 'reg_alpha': 7.238112263003475e-05, 'reg_lambda': 3.3639426888455256e-06}. Best is trial 8 with value: 0.15935040345023593.
[I 2026-06-01 12:56:24,065] Trial 11 finished with value: 0.30053139645656 and parameters: {'confidence_threshold': 0.7192552477034038, 'training_days': 350, 'n_estimators': 68, 'max_depth': 5, 'num_leaves': 56, 'learning_rate': 0.010432023013264416, 'subsample': 0.8696252151616218, 'colsample_bytree': 0.814234822567717, 'min_child_samples': 85, 'reg_alpha': 0.0002674461616954016, 'reg_lambda': 0.5855213887055177}. Best is trial 11 with value: 0.30053139645656.
[I 2026-06-01 12:56:24,132] Trial 12 finished with value: -5.955185474510112 and parameters: {'confidence_threshold': 0.7341332481359052, 'training_days': 260, 'n_estimators': 57, 'max_depth': 4, 'num_leaves': 63, 'learning_rate': 0.010642614848148907, 'subsample': 0.8551998429125597, 'colsample_bytree': 0.8011615517109765, 'min_child_samples': 100, 'reg_alpha': 5.6535530920430964e-05, 'reg_lambda': 1.4010381098742505e-05}. Best is trial 11 with value: 0.30053139645656.
[I 2026-06-01 12:56:24,241] Trial 13 finished with value: 0.0562574852871481 and parameters: {'confidence_threshold': 0.7433849339808255, 'training_days': 160, 'n_estimators': 223, 'max_depth': 5, 'num_leaves': 52, 'learning_rate': 0.07177834328984714, 'subsample': 0.8813567124152576, 'colsample_bytree': 0.9985666357332212, 'min_child_samples': 83, 'reg_alpha': 0.0004810361698208654, 'reg_lambda': 8.090644384556416}. Best is trial 11 with value: 0.30053139645656.
[I 2026-06-01 12:56:24,357] Trial 14 finished with value: 0.14447520063967503 and parameters: {'confidence_threshold': 0.7832179755306014, 'training_days': 340, 'n_estimators': 137, 'max_depth': 4, 'num_leaves': 56, 'learning_rate': 0.15967921648819136, 'subsample': 0.8740246069767881, 'colsample_bytree': 0.7995746941291854, 'min_child_samples': 89, 'reg_alpha': 1.4847666624200934e-05, 'reg_lambda': 5.7627088851940795e-05}. Best is trial 11 with value: 0.30053139645656.
[I 2026-06-01 12:56:24,398] Trial 15 finished with value: -0.12955741489033784 and parameters: {'confidence_threshold': 0.6828484132415306, 'training_days': 100, 'n_estimators': 51, 'max_depth': 5, 'num_leaves': 48, 'learning_rate': 0.010029997304621341, 'subsample': 0.9377783890671887, 'colsample_bytree': 0.6290746674720268, 'min_child_samples': 56, 'reg_alpha': 0.0015585928980114449, 'reg_lambda': 0.10351163679178875}. Best is trial 11 with value: 0.30053139645656.
[I 2026-06-01 12:56:24,668] Trial 16 finished with value: 0.14233903178670074 and parameters: {'confidence_threshold': 0.6797962516587734, 'training_days': 320, 'n_estimators': 293, 'max_depth': 4, 'num_leaves': 57, 'learning_rate': 0.04399930976845616, 'subsample': 0.8052333371898657, 'colsample_bytree': 0.7663584390575363, 'min_child_samples': 34, 'reg_alpha': 1.3301920209888551, 'reg_lambda': 1.2482766579112276e-06}. Best is trial 11 with value: 0.30053139645656.
[I 2026-06-01 12:56:24,804] Trial 17 finished with value: 0.17640809387247433 and parameters: {'confidence_threshold': 0.7840252944731432, 'training_days': 230, 'n_estimators': 172, 'max_depth': 5, 'num_leaves': 34, 'learning_rate': 0.07840168146211392, 'subsample': 0.7004831188261247, 'colsample_bytree': 0.8544466586120791, 'min_child_samples': 70, 'reg_alpha': 8.089339609894541e-08, 'reg_lambda': 0.061747896127795646}. Best is trial 11 with value: 0.30053139645656.
[I 2026-06-01 12:56:24,886] A new study created in memory with name: no-name-06d5063a-902e-45fe-8c28-a28b324e769d
[I 2026-06-01 12:56:24,984] Trial 0 finished with value: 0.029277354297160614 and parameters: {'confidence_threshold': 0.7437642149592516, 'training_days': 150, 'n_estimators': 152, 'max_depth': 4, 'num_leaves': 50, 'learning_rate': 0.04216766425047743, 'subsample': 0.9903820991923078, 'colsample_bytree': 0.8424148692924316, 'min_child_samples': 58, 'reg_alpha': 3.381097259762742e-05, 'reg_lambda': 1.2263152961306247e-05}. Best is trial 0 with value: 0.029277354297160614.
[I 2026-06-01 12:56:25,051] Trial 1 finished with value: 0.25674216700548114 and parameters: {'confidence_threshold': 0.7551673975844145, 'training_days': 220, 'n_estimators': 76, 'max_depth': 4, 'num_leaves': 51, 'learning_rate': 0.018602118810743477, 'subsample': 0.5877258780737462, 'colsample_bytree': 0.7657756869209191, 'min_child_samples': 63, 'reg_alpha': 0.005123994170264194, 'reg_lambda': 0.44145470178120466}. Best is trial 1 with value: 0.25674216700548114.
[I 2026-06-01 12:56:25,302] Trial 2 finished with value: 0.09700296787841442 and parameters: {'confidence_threshold': 0.7535593637012223, 'training_days': 310, 'n_estimators': 375, 'max_depth': 3, 'num_leaves': 32, 'learning_rate': 0.021735641882032388, 'subsample': 0.6468570231944146, 'colsample_bytree': 0.8154880619272439, 'min_child_samples': 27, 'reg_alpha': 8.004064028491336e-05, 'reg_lambda': 7.546835261630524e-05}. Best is trial 1 with value: 0.25674216700548114.
[I 2026-06-01 12:56:25,468] Trial 3 finished with value: 0.1440750796366496 and parameters: {'confidence_threshold': 0.6727897841776072, 'training_days': 220, 'n_estimators': 190, 'max_depth': 4, 'num_leaves': 58, 'learning_rate': 0.24810689332636193, 'subsample': 0.7509183379421682, 'colsample_bytree': 0.8119764758960556, 'min_child_samples': 29, 'reg_alpha': 7.1708285081421445e-06, 'reg_lambda': 5.412973582738627e-05}. Best is trial 1 with value: 0.25674216700548114.
[I 2026-06-01 12:56:25,592] Trial 4 finished with value: 0.02981364935969465 and parameters: {'confidence_threshold': 0.803208205259178, 'training_days': 130, 'n_estimators': 267, 'max_depth': 5, 'num_leaves': 40, 'learning_rate': 0.08041175317374143, 'subsample': 0.5603143329951619, 'colsample_bytree': 0.9131704002534167, 'min_child_samples': 68, 'reg_alpha': 0.0008046593428183385, 'reg_lambda': 1.2158346158765583e-05}. Best is trial 1 with value: 0.25674216700548114.
[I 2026-06-01 12:56:25,797] Trial 5 finished with value: 0.1289701392870651 and parameters: {'confidence_threshold': 0.6064422761595144, 'training_days': 210, 'n_estimators': 357, 'max_depth': 5, 'num_leaves': 40, 'learning_rate': 0.0974221287220869, 'subsample': 0.7929682762811064, 'colsample_bytree': 0.8124517510478, 'min_child_samples': 74, 'reg_alpha': 0.3811377260781234, 'reg_lambda': 5.607314238392041e-08}. Best is trial 1 with value: 0.25674216700548114.
[I 2026-06-01 12:56:25,900] Trial 6 finished with value: -0.008918102937670397 and parameters: {'confidence_threshold': 0.7672889945051684, 'training_days': 130, 'n_estimators': 137, 'max_depth': 4, 'num_leaves': 19, 'learning_rate': 0.2031117614248665, 'subsample': 0.8136244860256343, 'colsample_bytree': 0.8617081790949774, 'min_child_samples': 21, 'reg_alpha': 0.002238138278733199, 'reg_lambda': 0.001025809534977322}. Best is trial 1 with value: 0.25674216700548114.
[I 2026-06-01 12:56:25,966] Trial 7 finished with value: -0.03766495144141617 and parameters: {'confidence_threshold': 0.555635875450653, 'training_days': 80, 'n_estimators': 363, 'max_depth': 3, 'num_leaves': 48, 'learning_rate': 0.06590089024008658, 'subsample': 0.6944752870615722, 'colsample_bytree': 0.962566244806993, 'min_child_samples': 88, 'reg_alpha': 1.6465620446426067e-05, 'reg_lambda': 2.4678750890085655e-08}. Best is trial 1 with value: 0.25674216700548114.
[I 2026-06-01 12:56:26,255] Trial 8 finished with value: 0.07229121050863023 and parameters: {'confidence_threshold': 0.6066688256938841, 'training_days': 200, 'n_estimators': 367, 'max_depth': 5, 'num_leaves': 32, 'learning_rate': 0.13377519215934996, 'subsample': 0.7965884582811106, 'colsample_bytree': 0.8458508993500886, 'min_child_samples': 32, 'reg_alpha': 3.889436043816386e-05, 'reg_lambda': 1.4713062489380356e-06}. Best is trial 1 with value: 0.25674216700548114.
