[I 2026-06-01 13:01:40,717] Trial 17 finished with value: 0.00783681222635486 and parameters: {'confidence_threshold': 0.5080881579696632, 'training_days': 420, 'n_estimators': 452, 'max_depth': 4, 'num_leaves': 18, 'learning_rate': 0.015595589367448308, 'subsample': 0.7808508483838524, 'colsample_bytree': 0.7142219102330146, 'min_child_samples': 58, 'reg_alpha': 0.009117361187310847, 'reg_lambda': 0.00039965744314963514}. Best is trial 13 with value: 0.1484622441121016.
[I 2026-06-01 13:01:41,476] A new study created in memory with name: no-name-bf3d6ba5-3b90-419c-bd02-20cb2575950d

    [CV fold 0] train_end=2023-01-23 08:00 | val_start=2023-01-31 00:00 | gap=184h (22 rows)
    [CV fold 1] train_end=2023-05-23 16:00 | val_start=2023-05-31 08:00 | gap=184h (22 rows)
    [CV fold 2] train_end=2023-09-21 00:00 | val_start=2023-09-28 16:00 | gap=184h (22 rows)
    [CV fold 3] train_end=2024-01-19 08:00 | val_start=2024-01-27 00:00 | gap=184h (22 rows)
    [CV fold 4] train_end=2024-05-18 16:00 | val_start=2024-05-26 08:00 | gap=184h (22 rows)
    [trial 0] Sharpe=-0.0501 (folds: 0.0298, -0.1040, -0.1017, -0.0046, -0.0702)
    [trial 1] 48 features, training_days=290 | threshold=0.635 | labels: 1190 long, 981 short (55/45%)
    [trial 1] Sharpe=-0.0042 (folds: -0.0104, 0.0233, 0.1773, -0.0058, -0.2055)
    [trial 2] 48 features, training_days=10 | threshold=0.585 | labels: 1190 long, 981 short (55/45%)
    [trial 2] Sharpe=-0.1027 (folds: 0.1128, -0.2100, -0.2717, -0.1077, -0.0366)
    [trial 3] 48 features, training_days=220 | threshold=0.687 | labels: 1190 long, 981 short (55/45%)
    [trial 3] Sharpe=0.0749 (folds: 0.1050, 0.0593, 0.1916, 0.1204, -0.1016)
    [trial 4] 48 features, training_days=300 | threshold=0.562 | labels: 1190 long, 981 short (55/45%)
    [trial 4] Sharpe=0.0136 (folds: 0.0976, -0.0516, 0.0873, 0.0605, -0.1260)
    [trial 5] 48 features, training_days=490 | threshold=0.711 | labels: 1190 long, 981 short (55/45%)
    [trial 5] Sharpe=-0.0020 (folds: -0.0452, 0.1033, 0.0610, 0.0677, -0.1969)
    [trial 6] 48 features, training_days=420 | threshold=0.667 | labels: 1190 long, 981 short (55/45%)
    [trial 6] Sharpe=0.0170 (folds: -0.0615, 0.0223, -0.0589, 0.2918, -0.1086)
    [trial 7] 48 features, training_days=120 | threshold=0.550 | labels: 1190 long, 981 short (55/45%)
    [trial 7] Sharpe=0.0174 (folds: -0.0464, 0.1638, 0.0289, 0.0269, -0.0861)
    [trial 8] 48 features, training_days=450 | threshold=0.720 | labels: 1190 long, 981 short (55/45%)
    [trial 8] Sharpe=0.0585 (folds: -0.0271, 0.1262, 0.1319, 0.2001, -0.1386)
    [trial 9] 48 features, training_days=20 | threshold=0.727 | labels: 1190 long, 981 short (55/45%)
    [trial 9] Sharpe=-2.0294 (folds: 0.1128, -0.2100, -10.0000, -0.1077, 0.0581)
    [trial 10] 48 features, training_days=200 | threshold=0.828 | labels: 1190 long, 981 short (55/45%)
    [trial 10] Sharpe=-8.0245 (folds: -10.0000, -10.0000, -10.0000, -10.0000, -0.1227)
    [trial 11] 48 features, training_days=380 | threshold=0.777 | labels: 1190 long, 981 short (55/45%)
    [trial 11] Sharpe=0.1177 (folds: 0.0535, 0.1954, 0.2158, 0.2518, -0.1281)
    [trial 12] 48 features, training_days=360 | threshold=0.802 | labels: 1190 long, 981 short (55/45%)
    [trial 12] Sharpe=0.1429 (folds: 0.1039, 0.3799, 0.1073, 0.2132, -0.0898)
    [trial 13] 48 features, training_days=380 | threshold=0.807 | labels: 1190 long, 981 short (55/45%)
    [trial 13] Sharpe=0.1485 (folds: 0.0070, 0.3242, 0.1535, 0.3263, -0.0687)
    [trial 14] 48 features, training_days=360 | threshold=0.848 | labels: 1190 long, 981 short (55/45%)
    [trial 14] Sharpe=0.0202 (folds: -0.5245, 0.2722, 0.1549, 0.1529, 0.0455)
    [trial 15] 48 features, training_days=340 | threshold=0.783 | labels: 1190 long, 981 short (55/45%)
    [trial 15] Sharpe=0.0768 (folds: -0.0026, 0.1191, 0.2472, 0.0862, -0.0660)
    [trial 16] 48 features, training_days=500 | threshold=0.781 | labels: 1190 long, 981 short (55/45%)
    [trial 16] Sharpe=0.1122 (folds: 0.0446, 0.3562, 0.1155, 0.0696, -0.0248)
    [trial 17] 48 features, training_days=420 | threshold=0.508 | labels: 1190 long, 981 short (55/45%)
    [trial 17] Sharpe=0.0078 (folds: -0.0169, 0.0200, -0.0207, 0.2057, -0.1489)
  Optuna: 18 trials, best Sharpe = 0.1485
  Best params: n_estimators=497, max_depth=4, lr=0.0160, leaves=55
  Best confidence_threshold: 0.807
  Best training_days: 380
  Retrained on full data (1140 samples, 48 features)
  OOD: 16 features, cutoff (q=0.7) = 10.01
  Model trained for 2024-10: 93 test candles with features, confidence_threshold=0.810
[predict] 2024-10-21 16:00 BTCUSDT → LONG (proba=0.84 TP=5.2%/SL=2.6%)
[trade:open] 2024-10-21 23:59 BTCUSDT LONG @ 67368.80 | SL=65612.68 TP=70881.03 | timeout=2024-10-28 23:59
[trade:close] 2024-10-23 23:59 BTCUSDT LONG → stop_loss @ 65612.68 | PnL=-2.61% (net -2.71%) | cum=+0.06% 2024-10=-2.71% 2024-10-23=-2.71%
[predict] 2024-10-26 16:00 BTCUSDT → LONG (proba=0.81 TP=5.8%/SL=2.9%)
[trade:open] 2024-10-26 23:59 BTCUSDT LONG @ 67071.80 | SL=65127.71 TP=70959.98 | timeout=2024-11-02 23:59
[trade:close] 2024-10-29 07:59 BTCUSDT LONG → take_profit @ 70959.98 | PnL=+5.80% (net +5.70%) | cum=+5.76% 2024-10=+2.99% 2024-10-29=+5.70%
[lgbm] === Training for 2024-11 ===
  Train window: 2022-11-01 → 2024-10-24
  2171 training samples from 1 symbols
  Samples per month: 2022-11: 90, 2022-12: 93, 2023-01: 93, 2023-02: 84, 2023-03: 93, 2023-04: 90, 2023-05: 93, 2023-06: 90, 2023-07: 93, 2023-08: 93, 2023-09: 90, 2023-10: 93, 2023-11: 90, 2023-12: 93, 2024-01: 93, 2024-02: 87, 2024-03: 93, 2024-04: 90, 2024-05: 93, 2024-06: 90, 2024-07: 93, 2024-08: 93, 2024-09: 90, 2024-10: 71
  [label] 2023-01-01 16:00 BTCUSDT entry=16610.3000 → LONG | long=tp(+2.71%) short=sl(-1.50%) | scanned=21 | long_tp_only
  [label] 2023-01-04 00:00 BTCUSDT entry=16862.5000 → LONG | long=tp(+2.94%) short=sl(-1.62%) | scanned=17 | long_tp_only
  [label] 2023-01-07 16:00 BTCUSDT entry=16936.5000 → LONG | long=tp(+2.42%) short=sl(-1.36%) | scanned=6 | long_tp_only
  [label] 2023-02-01 08:00 BTCUSDT entry=22975.7000 → SHORT | long=timeout(-0.59%) short=sl(-3.34%) | scanned=22 | no_tp→fwd_return=-0.4931
  [label] 2023-03-26 00:00 BTCUSDT entry=27492.4000 → LONG | long=timeout(+3.21%) short=sl(-4.91%) | scanned=22 | no_tp→fwd_return=+3.3060
  [label] 2023-09-08 00:00 BTCUSDT entry=26244.1000 → SHORT | long=sl(-2.42%) short=tp(+4.54%) | scanned=10 | short_tp_only
  [label] 2023-09-12 00:00 BTCUSDT entry=25810.2000 → LONG | long=tp(+5.27%) short=sl(-2.79%) | scanned=19 | long_tp_only
  [label] 2023-09-22 16:00 BTCUSDT entry=26566.7000 → LONG | long=timeout(+1.12%) short=sl(-2.44%) | scanned=22 | no_tp→fwd_return=+1.2203
  [label] 2023-11-06 16:00 BTCUSDT entry=35057.4000 → LONG | long=tp(+5.90%) short=sl(-3.10%) | scanned=8 | long_tp_only
  [label] 2023-11-15 08:00 BTCUSDT entry=36412.1000 → LONG | long=timeout(+0.09%) short=sl(-3.77%) | scanned=22 | no_tp→fwd_return=+0.1878
  [label] 2024-02-13 16:00 BTCUSDT entry=49696.4000 → LONG | long=timeout(+5.13%) short=sl(-3.82%) | scanned=22 | no_tp→fwd_return=+5.2338
  [label] 2024-03-16 16:00 BTCUSDT entry=65351.0000 → SHORT | long=sl(-6.94%) short=timeout(+1.94%) | scanned=22 | no_tp→fwd_return=-2.0362
  [label] 2024-04-02 00:00 BTCUSDT entry=66503.3000 → LONG | long=tp(+9.03%) short=sl(-4.66%) | scanned=19 | long_tp_only
  [label] 2024-04-14 16:00 BTCUSDT entry=65615.9000 → SHORT | long=sl(-6.50%) short=timeout(+0.97%) | scanned=22 | no_tp→fwd_return=-1.0718
  [label] 2024-05-03 00:00 BTCUSDT entry=59158.1000 → LONG | long=tp(+9.87%) short=sl(-5.08%) | scanned=10 | long_tp_only
  [label] 2024-05-09 08:00 BTCUSDT entry=62122.5000 → LONG | long=timeout(+5.82%) short=sl(-4.12%) | scanned=22 | no_tp→fwd_return=+5.9199
  [label] 2024-05-21 16:00 BTCUSDT entry=70168.8000 → SHORT | long=sl(-3.60%) short=timeout(+2.36%) | scanned=22 | no_tp→fwd_return=-2.4631
  [label] 2024-06-30 08:00 BTCUSDT entry=61722.4000 → SHORT | long=sl(-2.68%) short=sl(-2.68%) | scanned=9 | no_tp→fwd_return=-2.5052
  [label] 2024-07-10 00:00 BTCUSDT entry=58948.1000 → LONG | long=tp(+9.60%) short=sl(-4.95%) | scanned=17 | long_tp_only
  [label] 2024-10-04 08:00 BTCUSDT entry=61843.1000 → SHORT | long=sl(-3.70%) short=sl(-3.70%) | scanned=19 | no_tp→fwd_return=-2.5062
  Labels: 1182 long (54.4%), 989 short (45.6%) | weights: min=1.00, mean=3.41, max=10.00
  Features: 2171/2171 matched, 48 columns
  CV gap: 22 rows
  [ensemble 1/3] seed=42
    [trial 0] 48 features, training_days=480 | threshold=0.631 | labels: 1182 long, 989 short (54/46%)
    [CV fold 0] train_end=2023-02-23 08:00 | val_start=2023-03-03 00:00 | gap=184h (22 rows)
    [CV fold 1] train_end=2023-06-23 16:00 | val_start=2023-07-01 08:00 | gap=184h (22 rows)[I 2026-06-01 13:01:41,819] Trial 0 finished with value: 0.11159984710835372 and parameters: {'confidence_threshold': 0.6310890415965769, 'training_days': 480, 'n_estimators': 380, 'max_depth': 4, 'num_leaves': 22, 'learning_rate': 0.01699897838270077, 'subsample': 0.5290418060840998, 'colsample_bytree': 0.9330880728874675, 'min_child_samples': 68, 'reg_alpha': 0.023585940584142682, 'reg_lambda': 1.5320059381854043e-08}. Best is trial 0 with value: 0.11159984710835372.
[I 2026-06-01 13:01:41,952] Trial 1 finished with value: 0.41415180871563767 and parameters: {'confidence_threshold': 0.839468448256698, 'training_days': 420, 'n_estimators': 145, 'max_depth': 3, 'num_leaves': 23, 'learning_rate': 0.028145092716060652, 'subsample': 0.762378215816119, 'colsample_bytree': 0.7159725093210578, 'min_child_samples': 43, 'reg_alpha': 0.0032112643094417484, 'reg_lambda': 1.8007140198129195e-07}. Best is trial 1 with value: 0.41415180871563767.
[I 2026-06-01 13:01:42,115] Trial 2 finished with value: 0.010328950596464187 and parameters: {'confidence_threshold': 0.6022506269873263, 'training_days': 190, 'n_estimators': 255, 'max_depth': 5, 'num_leaves': 24, 'learning_rate': 0.05748924681991978, 'subsample': 0.7962072844310213, 'colsample_bytree': 0.5232252063599989, 'min_child_samples': 69, 'reg_alpha': 3.425445902633376e-07, 'reg_lambda': 3.850031979199519e-08}. Best is trial 1 with value: 0.41415180871563767.
[I 2026-06-01 13:01:42,383] Trial 3 finished with value: 0.11497426547161518 and parameters: {'confidence_threshold': 0.8321099380386666, 'training_days': 490, 'n_estimators': 414, 'max_depth': 3, 'num_leaves': 19, 'learning_rate': 0.1024932221692416, 'subsample': 0.7200762468698007, 'colsample_bytree': 0.5610191174223894, 'min_child_samples': 60, 'reg_alpha': 2.039373116525212e-08, 'reg_lambda': 1.527156759251193}. Best is trial 1 with value: 0.41415180871563767.
[I 2026-06-01 13:01:42,542] Trial 4 finished with value: 0.020231694557900935 and parameters: {'confidence_threshold': 0.5905729935600059, 'training_days': 340, 'n_estimators': 190, 'max_depth': 4, 'num_leaves': 41, 'learning_rate': 0.01875220945578641, 'subsample': 0.9847923138822793, 'colsample_bytree': 0.8875664116805573, 'min_child_samples': 96, 'reg_alpha': 1.1309571585271483, 'reg_lambda': 0.002404915432737351}. Best is trial 1 with value: 0.41415180871563767.
[I 2026-06-01 13:01:42,582] Trial 5 finished with value: 0.050975883245637385 and parameters: {'confidence_threshold': 0.8226559822580909, 'training_days': 50, 'n_estimators': 138, 'max_depth': 3, 'num_leaves': 30, 'learning_rate': 0.03750796359625606, 'subsample': 0.6356745158869479, 'colsample_bytree': 0.9143687545759647, 'min_child_samples': 48, 'reg_alpha': 3.376063348877853e-06, 'reg_lambda': 0.0007660634613082914}. Best is trial 1 with value: 0.41415180871563767.
[I 2026-06-01 13:01:42,692] Trial 6 finished with value: 0.07763638657261633 and parameters: {'confidence_threshold': 0.5493234787411669, 'training_days': 410, 'n_estimators': 83, 'max_depth': 5, 'num_leaves': 52, 'learning_rate': 0.019657448966046126, 'subsample': 0.5027610585618012, 'colsample_bytree': 0.9077307142274171, 'min_child_samples': 77, 'reg_alpha': 0.03639690979811287, 'reg_lambda': 0.08738424135626986}. Best is trial 1 with value: 0.41415180871563767.
[I 2026-06-01 13:01:42,790] Trial 7 finished with value: -0.013943927918237764 and parameters: {'confidence_threshold': 0.5259156281069316, 'training_days': 180, 'n_estimators': 102, 'max_depth': 5, 'num_leaves': 45, 'learning_rate': 0.030816017044468066, 'subsample': 0.5317791751430119, 'colsample_bytree': 0.6554911608578311, 'min_child_samples': 46, 'reg_alpha': 0.036851536911881845, 'reg_lambda': 0.005470376807480391}. Best is trial 1 with value: 0.41415180871563767.
[I 2026-06-01 13:01:42,890] Trial 8 finished with value: -0.012103613155390625 and parameters: {'confidence_threshold': 0.8105244599017143, 'training_days': 240, 'n_estimators': 103, 'max_depth': 5, 'num_leaves': 52, 'learning_rate': 0.06746437142284309, 'subsample': 0.8854835899772805, 'colsample_bytree': 0.7468977981821954, 'min_child_samples': 62, 'reg_alpha': 7.04480806377519e-05, 'reg_lambda': 1.6934490731313353e-08}. Best is trial 1 with value: 0.41415180871563767.
[I 2026-06-01 13:01:42,913] Trial 9 finished with value: -0.07098468762925914 and parameters: {'confidence_threshold': 0.5377619994476566, 'training_days': 20, 'n_estimators': 337, 'max_depth': 3, 'num_leaves': 39, 'learning_rate': 0.21907142272152816, 'subsample': 0.6246461145744375, 'colsample_bytree': 0.7051914615178149, 'min_child_samples': 81, 'reg_alpha': 1.1459970229341322e-06, 'reg_lambda': 4.929685216887945e-08}. Best is trial 1 with value: 0.41415180871563767.
[I 2026-06-01 13:01:43,388] Trial 10 finished with value: 0.11147581336740371 and parameters: {'confidence_threshold': 0.7286853308578232, 'training_days': 350, 'n_estimators': 487, 'max_depth': 4, 'num_leaves': 31, 'learning_rate': 0.011407797829608154, 'subsample': 0.8271882613853766, 'colsample_bytree': 0.8120417635861826, 'min_child_samples': 24, 'reg_alpha': 0.0005486918362336714, 'reg_lambda': 3.3639426888455256e-06}. Best is trial 1 with value: 0.41415180871563767.
[I 2026-06-01 13:01:43,714] Trial 11 finished with value: 0.06561581452672943 and parameters: {'confidence_threshold': 0.7440045644190331, 'training_days': 490, 'n_estimators': 451, 'max_depth': 3, 'num_leaves': 15, 'learning_rate': 0.11289924339749402, 'subsample': 0.7066146881694868, 'colsample_bytree': 0.575666980530699, 'min_child_samples': 42, 'reg_alpha': 0.0003558015055143444, 'reg_lambda': 6.688837062646057}. Best is trial 1 with value: 0.41415180871563767.
[I 2026-06-01 13:01:43,890] Trial 12 finished with value: 0.11806583462734484 and parameters: {'confidence_threshold': 0.8481526672976493, 'training_days': 410, 'n_estimators': 235, 'max_depth': 3, 'num_leaves': 15, 'learning_rate': 0.11263608439461861, 'subsample': 0.7079714589235996, 'colsample_bytree': 0.6270616286957639, 'min_child_samples': 30, 'reg_alpha': 1.098101963123914e-08, 'reg_lambda': 9.140638958005697e-06}. Best is trial 1 with value: 0.41415180871563767.
[I 2026-06-01 13:01:44,075] Trial 13 finished with value: 0.08745093938658162 and parameters: {'confidence_threshold': 0.7551270071198172, 'training_days': 380, 'n_estimators': 225, 'max_depth': 3, 'num_leaves': 62, 'learning_rate': 0.28438438472956246, 'subsample': 0.6803710106053958, 'colsample_bytree': 0.6352678009345452, 'min_child_samples': 22, 'reg_alpha': 1.930219392213938e-05, 'reg_lambda': 4.448098583586063e-06}. Best is trial 1 with value: 0.41415180871563767.
[I 2026-06-01 13:01:44,238] Trial 14 finished with value: 0.06607833960468881 and parameters: {'confidence_threshold': 0.7871652886153421, 'training_days': 280, 'n_estimators': 311, 'max_depth': 3, 'num_leaves': 27, 'learning_rate': 0.14245863607446319, 'subsample': 0.7731670737835583, 'colsample_bytree': 0.8183857957863417, 'min_child_samples': 33, 'reg_alpha': 6.243069797304175, 'reg_lambda': 7.565770484313319e-06}. Best is trial 1 with value: 0.41415180871563767.
[I 2026-06-01 13:01:44,431] Trial 15 finished with value: 0.11880786938326529 and parameters: {'confidence_threshold': 0.6818454695144894, 'training_days': 420, 'n_estimators': 180, 'max_depth': 4, 'num_leaves': 15, 'learning_rate': 0.03301872090824653, 'subsample': 0.8801603351139302, 'colsample_bytree': 0.6548647485045639, 'min_child_samples': 37, 'reg_alpha': 1.108583077350571e-08, 'reg_lambda': 6.987586613374219e-05}. Best is trial 1 with value: 0.41415180871563767.
[I 2026-06-01 13:01:44,613] Trial 16 finished with value: 0.10530158367952977 and parameters: {'confidence_threshold': 0.6760523483882178, 'training_days': 430, 'n_estimators': 170, 'max_depth': 4, 'num_leaves': 32, 'learning_rate': 0.03275633208698127, 'subsample': 0.8972574085674145, 'colsample_bytree': 0.7161619478231431, 'min_child_samples': 39, 'reg_alpha': 0.0019485778291547513, 'reg_lambda': 7.596003521936414e-05}. Best is trial 1 with value: 0.41415180871563767.
[I 2026-06-01 13:01:44,775] Trial 17 finished with value: 0.03812335880818885 and parameters: {'confidence_threshold': 0.6755099553978283, 'training_days': 300, 'n_estimators': 162, 'max_depth': 4, 'num_leaves': 20, 'learning_rate': 0.04302553031342478, 'subsample': 0.8700619846743012, 'colsample_bytree': 0.9956385980717998, 'min_child_samples': 52, 'reg_alpha': 0.005047355373634929, 'reg_lambda': 2.6015387634967674e-07}. Best is trial 1 with value: 0.41415180871563767.
[I 2026-06-01 13:01:45,146] A new study created in memory with name: no-name-97717854-62f4-425d-8634-481bf6cc9ce4
[I 2026-06-01 13:01:45,235] Trial 0 finished with value: 0.014101355866972878 and parameters: {'confidence_threshold': 0.7437642149592516, 'training_days': 150, 'n_estimators': 152, 'max_depth': 4, 'num_leaves': 50, 'learning_rate': 0.04216766425047743, 'subsample': 0.9903820991923078, 'colsample_bytree': 0.8424148692924316, 'min_child_samples': 58, 'reg_alpha': 3.381097259762742e-05, 'reg_lambda': 1.2263152961306247e-05}. Best is trial 0 with value: 0.014101355866972878.
[I 2026-06-01 13:01:45,303] Trial 1 finished with value: 0.17014600391709234 and parameters: {'confidence_threshold': 0.7551673975844145, 'training_days': 220, 'n_estimators': 76, 'max_depth': 4, 'num_leaves': 51, 'learning_rate': 0.018602118810743477, 'subsample': 0.5877258780737462, 'colsample_bytree': 0.7657756869209191, 'min_child_samples': 63, 'reg_alpha': 0.005123994170264194, 'reg_lambda': 0.44145470178120466}. Best is trial 1 with value: 0.17014600391709234.
[I 2026-06-01 13:01:45,558] Trial 2 finished with value: 0.06784873628544422 and parameters: {'confidence_threshold': 0.7535593637012223, 'training_days': 310, 'n_estimators': 375, 'max_depth': 3, 'num_leaves': 32, 'learning_rate': 0.021735641882032388, 'subsample': 0.6468570231944146, 'colsample_bytree': 0.8154880619272439, 'min_child_samples': 27, 'reg_alpha': 8.004064028491336e-05, 'reg_lambda': 7.546835261630524e-05}. Best is trial 1 with value: 0.17014600391709234.
[I 2026-06-01 13:01:45,721] Trial 3 finished with value: 0.01265042499716475 and parameters: {'confidence_threshold': 0.6727897841776072, 'training_days': 220, 'n_estimators': 190, 'max_depth': 4, 'num_leaves': 58, 'learning_rate': 0.24810689332636193, 'subsample': 0.7509183379421682, 'colsample_bytree': 0.8119764758960556, 'min_child_samples': 29, 'reg_alpha': 7.1708285081421445e-06, 'reg_lambda': 5.412973582738627e-05}. Best is trial 1 with value: 0.17014600391709234.
[I 2026-06-01 13:01:45,847] Trial 4 finished with value: 0.0639613321212433 and parameters: {'confidence_threshold': 0.803208205259178, 'training_days': 130, 'n_estimators': 267, 'max_depth': 5, 'num_leaves': 40, 'learning_rate': 0.08041175317374143, 'subsample': 0.5603143329951619, 'colsample_bytree': 0.9131704002534167, 'min_child_samples': 68, 'reg_alpha': 0.0008046593428183385, 'reg_lambda': 1.2158346158765583e-05}. Best is trial 1 with value: 0.17014600391709234.
[I 2026-06-01 13:01:46,083] Trial 5 finished with value: -0.02358936040945734 and parameters: {'confidence_threshold': 0.6064422761595144, 'training_days': 210, 'n_estimators': 357, 'max_depth': 5, 'num_leaves': 40, 'learning_rate': 0.0974221287220869, 'subsample': 0.7929682762811064, 'colsample_bytree': 0.8124517510478, 'min_child_samples': 74, 'reg_alpha': 0.3811377260781234, 'reg_lambda': 5.607314238392041e-08}. Best is trial 1 with value: 0.17014600391709234.
[I 2026-06-01 13:01:46,194] Trial 6 finished with value: 0.04347358164701897 and parameters: {'confidence_threshold': 0.7672889945051684, 'training_days': 130, 'n_estimators': 137, 'max_depth': 4, 'num_leaves': 19, 'learning_rate': 0.2031117614248665, 'subsample': 0.8136244860256343, 'colsample_bytree': 0.8617081790949774, 'min_child_samples': 21, 'reg_alpha': 0.002238138278733199, 'reg_lambda': 0.001025809534977322}. Best is trial 1 with value: 0.17014600391709234.
[I 2026-06-01 13:01:46,263] Trial 7 finished with value: -0.01446792608834339 and parameters: {'confidence_threshold': 0.555635875450653, 'training_days': 80, 'n_estimators': 363, 'max_depth': 3, 'num_leaves': 48, 'learning_rate': 0.06590089024008658, 'subsample': 0.6944752870615722, 'colsample_bytree': 0.962566244806993, 'min_child_samples': 88, 'reg_alpha': 1.6465620446426067e-05, 'reg_lambda': 2.4678750890085655e-08}. Best is trial 1 with value: 0.17014600391709234.
[I 2026-06-01 13:01:46,578] Trial 8 finished with value: -0.05556137434429265 and parameters: {'confidence_threshold': 0.6066688256938841, 'training_days': 200, 'n_estimators': 367, 'max_depth': 5, 'num_leaves': 32, 'learning_rate': 0.13377519215934996, 'subsample': 0.7965884582811106, 'colsample_bytree': 0.8458508993500886, 'min_child_samples': 32, 'reg_alpha': 3.889436043816386e-05, 'reg_lambda': 1.4713062489380356e-06}. Best is trial 1 with value: 0.17014600391709234.
