[I 2026-06-01 13:03:49,265] Trial 9 finished with value: -0.1360679623508539 and parameters: {'confidence_threshold': 0.6202096049169137, 'training_days': 260, 'n_estimators': 350, 'max_depth': 3, 'num_leaves': 21, 'learning_rate': 0.02989540198065364, 'subsample': 0.8307821683331218, 'colsample_bytree': 0.923253112635361, 'min_child_samples': 64, 'reg_alpha': 0.4898604619604203, 'reg_lambda': 2.9076377687066166e-05}. Best is trial 7 with value: -0.029485565316205574.
[I 2026-06-01 13:03:49,296] Trial 10 finished with value: -0.06433916172956164 and parameters: {'confidence_threshold': 0.5248809389721337, 'training_days': 10, 'n_estimators': 493, 'max_depth': 3, 'num_leaves': 63, 'learning_rate': 0.010221918552934462, 'subsample': 0.667749445701178, 'colsample_bytree': 0.6202684210924141, 'min_child_samples': 99, 'reg_alpha': 1.3884210513841762e-08, 'reg_lambda': 0.02273343343290072}. Best is trial 7 with value: -0.029485565316205574.
[I 2026-06-01 13:03:49,471] Trial 11 finished with value: -0.09209807730608002 and parameters: {'confidence_threshold': 0.5077463503498806, 'training_days': 480, 'n_estimators': 245, 'max_depth': 3, 'num_leaves': 49, 'learning_rate': 0.047907454503262954, 'subsample': 0.9939949979825393, 'colsample_bytree': 0.9864508096204552, 'min_child_samples': 89, 'reg_alpha': 6.406297885587639e-07, 'reg_lambda': 1.0031010917688901e-08}. Best is trial 7 with value: -0.029485565316205574.
[I 2026-06-01 13:03:49,507] Trial 12 finished with value: -2.113966755048389 and parameters: {'confidence_threshold': 0.66034247783242, 'training_days': 10, 'n_estimators': 459, 'max_depth': 4, 'num_leaves': 48, 'learning_rate': 0.046905974008408464, 'subsample': 0.9918302937157114, 'colsample_bytree': 0.6669454130036883, 'min_child_samples': 47, 'reg_alpha': 5.828909593622513e-07, 'reg_lambda': 4.2084308291483265e-07}. Best is trial 7 with value: -0.029485565316205574.
[I 2026-06-01 13:03:49,569] Trial 13 finished with value: -0.016884059937378827 and parameters: {'confidence_threshold': 0.7129257884245761, 'training_days': 120, 'n_estimators': 53, 'max_depth': 3, 'num_leaves': 55, 'learning_rate': 0.06910557097515196, 'subsample': 0.9227064439647955, 'colsample_bytree': 0.5443982906148261, 'min_child_samples': 47, 'reg_alpha': 2.026620404672971e-06, 'reg_lambda': 0.0031247055541074147}. Best is trial 13 with value: -0.016884059937378827.
[I 2026-06-01 13:03:49,619] Trial 14 finished with value: -0.015249011640466093 and parameters: {'confidence_threshold': 0.5626259740358373, 'training_days': 70, 'n_estimators': 60, 'max_depth': 3, 'num_leaves': 56, 'learning_rate': 0.0800055167729914, 'subsample': 0.9029371036317264, 'colsample_bytree': 0.5034139861451107, 'min_child_samples': 44, 'reg_alpha': 1.0022500260682206e-08, 'reg_lambda': 0.0038081143008355752}. Best is trial 14 with value: -0.015249011640466093.
[I 2026-06-01 13:03:49,698] Trial 15 finished with value: -0.14855299844241282 and parameters: {'confidence_threshold': 0.7145009201190955, 'training_days': 330, 'n_estimators': 72, 'max_depth': 3, 'num_leaves': 59, 'learning_rate': 0.13086980433964335, 'subsample': 0.8966418548807951, 'colsample_bytree': 0.5093920150666754, 'min_child_samples': 44, 'reg_alpha': 1.102635579086578e-08, 'reg_lambda': 0.004870033307977325}. Best is trial 14 with value: -0.015249011640466093.
[I 2026-06-01 13:03:49,735] Trial 16 finished with value: -0.019042118994783985 and parameters: {'confidence_threshold': 0.8218356327948213, 'training_days': 60, 'n_estimators': 50, 'max_depth': 3, 'num_leaves': 56, 'learning_rate': 0.1104153269923707, 'subsample': 0.8943825368608396, 'colsample_bytree': 0.502313444330533, 'min_child_samples': 44, 'reg_alpha': 1.5574845105570906e-07, 'reg_lambda': 3.9438062287037137}. Best is trial 14 with value: -0.015249011640466093.
[I 2026-06-01 13:03:49,804] Trial 17 finished with value: -0.0192351305419833 and parameters: {'confidence_threshold': 0.56494418865194, 'training_days': 80, 'n_estimators': 135, 'max_depth': 3, 'num_leaves': 63, 'learning_rate': 0.17633698304563533, 'subsample': 0.918884032994554, 'colsample_bytree': 0.5837681350039381, 'min_child_samples': 52, 'reg_alpha': 1.1757174970758209e-07, 'reg_lambda': 0.07200207529900765}. Best is trial 14 with value: -0.015249011640466093.

  Labels: 1241 long (57.2%), 930 short (42.8%) | weights: min=1.00, mean=3.52, max=10.00
  Features: 2171/2171 matched, 48 columns
  CV gap: 22 rows
  [ensemble 1/3] seed=42
    [trial 0] 48 features, training_days=480 | threshold=0.631 | labels: 1241 long, 930 short (57/43%)
    [CV fold 0] train_end=2024-01-23 08:00 | val_start=2024-01-31 00:00 | gap=184h (22 rows)
    [CV fold 1] train_end=2024-05-22 16:00 | val_start=2024-05-30 08:00 | gap=184h (22 rows)
    [CV fold 2] train_end=2024-09-20 00:00 | val_start=2024-09-27 16:00 | gap=184h (22 rows)
    [CV fold 3] train_end=2025-01-18 08:00 | val_start=2025-01-26 00:00 | gap=184h (22 rows)
    [CV fold 4] train_end=2025-05-18 16:00 | val_start=2025-05-26 08:00 | gap=184h (22 rows)
    [trial 0] Sharpe=-0.0885 (folds: 0.1900, -0.2695, -0.1128, -0.0291, -0.2210)
    [trial 1] 48 features, training_days=420 | threshold=0.839 | labels: 1241 long, 930 short (57/43%)
    [trial 1] Sharpe=-5.9812 (folds: 0.1175, -0.0236, -10.0000, -10.0000, -10.0000)
    [trial 2] 48 features, training_days=190 | threshold=0.602 | labels: 1241 long, 930 short (57/43%)
    [trial 2] Sharpe=-0.1619 (folds: 0.0928, -0.2826, -0.4138, -0.0110, -0.1949)
    [trial 3] 48 features, training_days=490 | threshold=0.832 | labels: 1241 long, 930 short (57/43%)
    [trial 3] Sharpe=-0.1454 (folds: 0.0798, -0.2721, -0.1634, -0.1320, -0.2391)
    [trial 4] 48 features, training_days=340 | threshold=0.591 | labels: 1241 long, 930 short (57/43%)
    [trial 4] Sharpe=-0.1276 (folds: 0.0943, -0.2655, -0.1302, -0.0725, -0.2642)
    [trial 5] 48 features, training_days=50 | threshold=0.823 | labels: 1241 long, 930 short (57/43%)
    [trial 5] Sharpe=0.0270 (folds: 0.0985, -0.2073, 0.2211, 0.1204, -0.0975)
    [trial 6] 48 features, training_days=410 | threshold=0.549 | labels: 1241 long, 930 short (57/43%)
    [trial 6] Sharpe=-0.0612 (folds: 0.1904, -0.2318, -0.0009, -0.1135, -0.1502)
    [trial 7] 48 features, training_days=180 | threshold=0.526 | labels: 1241 long, 930 short (57/43%)
    [trial 7] Sharpe=-0.1131 (folds: 0.1599, -0.2729, -0.2045, -0.0133, -0.2346)
    [trial 8] 48 features, training_days=240 | threshold=0.811 | labels: 1241 long, 930 short (57/43%)
    [trial 8] Sharpe=-0.1743 (folds: 0.2027, -0.2384, -0.2779, -0.1814, -0.3766)
    [trial 9] 48 features, training_days=20 | threshold=0.538 | labels: 1241 long, 930 short (57/43%)
    [trial 9] Sharpe=-0.1264 (folds: -0.1116, 0.0329, -0.4366, -0.0259, -0.0910)
    [trial 10] 48 features, training_days=10 | threshold=0.732 | labels: 1241 long, 930 short (57/43%)
    [trial 10] Sharpe=-2.1140 (folds: -10.0000, -0.0219, -0.4366, -0.0629, -0.0484)
    [trial 11] 48 features, training_days=110 | threshold=0.716 | labels: 1241 long, 930 short (57/43%)
    [trial 11] Sharpe=-4.5337 (folds: 7.3159, -10.0000, -10.0000, 0.0155, -10.0000)
    [trial 12] 48 features, training_days=340 | threshold=0.746 | labels: 1241 long, 930 short (57/43%)
    [trial 12] Sharpe=-0.1627 (folds: 0.1430, -0.2280, -0.0036, -0.0726, -0.6522)
    [trial 13] 48 features, training_days=330 | threshold=0.663 | labels: 1241 long, 930 short (57/43%)
    [trial 13] Sharpe=-0.0665 (folds: 0.2684, -0.2128, -0.0970, -0.1211, -0.1703)
    [trial 14] 48 features, training_days=90 | threshold=0.787 | labels: 1241 long, 930 short (57/43%)
    [trial 14] Sharpe=-0.0860 (folds: 0.1195, 0.0223, 0.0837, 0.1479, -0.8034)
    [trial 15] 48 features, training_days=420 | threshold=0.565 | labels: 1241 long, 930 short (57/43%)
    [trial 15] Sharpe=-0.0815 (folds: 0.2012, -0.2425, -0.0263, -0.0414, -0.2983)
    [trial 16] 48 features, training_days=270 | threshold=0.676 | labels: 1241 long, 930 short (57/43%)
    [trial 16] Sharpe=-0.1648 (folds: 0.0675, -0.2748, -0.1871, -0.1797, -0.2500)
    [trial 17] 48 features, training_days=120 | threshold=0.761 | labels: 1241 long, 930 short (57/43%)
    [trial 17] Sharpe=-0.0221 (folds: 0.1849, -0.1172, 0.0090, -0.1186, -0.0684)
  Optuna: 18 trials, best Sharpe = 0.0270
  Best params: n_estimators=138, max_depth=3, lr=0.0375, leaves=30
  Best confidence_threshold: 0.823
  Best training_days: 50
  Retrained on full data (150 samples, 48 features)
  [ensemble 2/3] seed=123
    [trial 0] 48 features, training_days=150 | threshold=0.744 | labels: 1241 long, 930 short (57/43%)
    [CV fold 0] train_end=2024-01-23 08:00 | val_start=2024-01-31 00:00 | gap=184h (22 rows)
    [CV fold 1] train_end=2024-05-22 16:00 | val_start=2024-05-30 08:00 | gap=184h (22 rows)
    [CV fold 2] train_end=2024-09-20 00:00 | val_start=2024-09-27 16:00 | gap=184h (22 rows)
    [CV fold 3] train_end=2025-01-18 08:00 | val_start=2025-01-26 00:00 | gap=184h (22 rows)
    [CV fold 4] train_end=2025-05-18 16:00 | val_start=2025-05-26 08:00 | gap=184h (22 rows)
    [trial 0] Sharpe=-0.0390 (folds: 0.1902, -0.1970, -0.0348, 0.0580, -0.2116)
    [trial 1] 48 features, training_days=220 | threshold=0.755 | labels: 1241 long, 930 short (57/43%)
    [trial 1] Sharpe=-2.1335 (folds: 0.3753, 0.0096, -10.0000, -0.4694, -0.5831)
    [trial 2] 48 features, training_days=310 | threshold=0.754 | labels: 1241 long, 930 short (57/43%)
    [trial 2] Sharpe=-0.1596 (folds: 0.1707, -0.1947, -0.1921, -0.1337, -0.4480)
    [trial 3] 48 features, training_days=220 | threshold=0.673 | labels: 1241 long, 930 short (57/43%)
    [trial 3] Sharpe=-0.1585 (folds: 0.0636, -0.2624, -0.2431, -0.1210, -0.2293)
    [trial 4] 48 features, training_days=130 | threshold=0.803 | labels: 1241 long, 930 short (57/43%)
    [trial 4] Sharpe=-0.0954 (folds: 0.0747, -0.1673, -0.1658, -0.0397, -0.1790)
    [trial 5] 48 features, training_days=210 | threshold=0.606 | labels: 1241 long, 930 short (57/43%)
    [trial 5] Sharpe=-0.1417 (folds: 0.0731, -0.2932, -0.1811, -0.0757, -0.2316)
    [trial 6] 48 features, training_days=130 | threshold=0.767 | labels: 1241 long, 930 short (57/43%)
    [trial 6] Sharpe=-0.0428 (folds: 0.1014, -0.0872, -0.1225, 0.0267, -0.1323)
    [trial 7] 48 features, training_days=80 | threshold=0.556 | labels: 1241 long, 930 short (57/43%)
    [trial 7] Sharpe=-0.0295 (folds: 0.1021, -0.1236, -0.0735, 0.0106, -0.0630)
    [trial 8] 48 features, training_days=200 | threshold=0.607 | labels: 1241 long, 930 short (57/43%)
    [trial 8] Sharpe=-0.1742 (folds: 0.0577, -0.2751, -0.3089, -0.0728, -0.2718)
    [trial 9] 48 features, training_days=260 | threshold=0.620 | labels: 1241 long, 930 short (57/43%)
    [trial 9] Sharpe=-0.1361 (folds: 0.1380, -0.2843, -0.2680, -0.1568, -0.1093)
    [trial 10] 48 features, training_days=10 | threshold=0.525 | labels: 1241 long, 930 short (57/43%)
    [trial 10] Sharpe=-0.0643 (folds: 0.2481, -0.0219, -0.4366, -0.0629, -0.0484)
    [trial 11] 48 features, training_days=480 | threshold=0.508 | labels: 1241 long, 930 short (57/43%)
    [trial 11] Sharpe=-0.0921 (folds: 0.0902, -0.2623, -0.0624, -0.0994, -0.1266)
    [trial 12] 48 features, training_days=10 | threshold=0.660 | labels: 1241 long, 930 short (57/43%)
    [trial 12] Sharpe=-2.1140 (folds: -10.0000, -0.0219, -0.4366, -0.0629, -0.0484)
    [trial 13] 48 features, training_days=120 | threshold=0.713 | labels: 1241 long, 930 short (57/43%)
    [trial 13] Sharpe=-0.0169 (folds: 0.1011, -0.1787, 0.0375, -0.0635, 0.0192)
    [trial 14] 48 features, training_days=70 | threshold=0.563 | labels: 1241 long, 930 short (57/43%)
    [trial 14] Sharpe=-0.0152 (folds: 0.0597, -0.1506, -0.0024, 0.0426, -0.0255)
    [trial 15] 48 features, training_days=330 | threshold=0.715 | labels: 1241 long, 930 short (57/43%)
    [trial 15] Sharpe=-0.1486 (folds: 0.1384, -0.2385, -0.1774, -0.1810, -0.2843)
    [trial 16] 48 features, training_days=60 | threshold=0.822 | labels: 1241 long, 930 short (57/43%)
    [trial 16] Sharpe=-0.0190 (folds: -0.0378, -0.1710, -0.0997, 0.0374, 0.1758)
    [trial 17] 48 features, training_days=80 | threshold=0.565 | labels: 1241 long, 930 short (57/43%)
    [trial 17] Sharpe=-0.0192 (folds: 0.0545, -0.1257, -0.0830, -0.0037, 0.0619)
  Optuna: 18 trials, best Sharpe = -0.0152
  Best params: n_estimators=60, max_depth=3, lr=0.0800, leaves=56
  Best confidence_threshold: 0.563
  Best training_days: 70
  Retrained on full data (210 samples, 48 features)[I 2026-06-01 13:03:50,309] A new study created in memory with name: no-name-73100550-f7f8-4046-86a5-63d18e7c6990
[I 2026-06-01 13:03:50,506] Trial 0 finished with value: -0.012092652719313543 and parameters: {'confidence_threshold': 0.5870645682749857, 'training_days': 90, 'n_estimators': 403, 'max_depth': 5, 'num_leaves': 45, 'learning_rate': 0.0780457193679974, 'subsample': 0.9428509515574568, 'colsample_bytree': 0.8795587339164916, 'min_child_samples': 34, 'reg_alpha': 2.2465901234314442e-07, 'reg_lambda': 8.339007036475363e-05}. Best is trial 0 with value: -0.012092652719313543.
[I 2026-06-01 13:03:50,618] Trial 1 finished with value: -0.10212127517103313 and parameters: {'confidence_threshold': 0.6348453934275313, 'training_days': 290, 'n_estimators': 115, 'max_depth': 5, 'num_leaves': 37, 'learning_rate': 0.06949568759029946, 'subsample': 0.8228505074024268, 'colsample_bytree': 0.8616703220431751, 'min_child_samples': 75, 'reg_alpha': 4.2486822725010923e-07, 'reg_lambda': 1.157247767047042e-07}. Best is trial 0 with value: -0.012092652719313543.
[I 2026-06-01 13:03:50,636] Trial 2 finished with value: -0.06433916172956164 and parameters: {'confidence_threshold': 0.5849570384370288, 'training_days': 10, 'n_estimators': 212, 'max_depth': 3, 'num_leaves': 41, 'learning_rate': 0.18452095998378365, 'subsample': 0.6001060822924371, 'colsample_bytree': 0.5673167293506167, 'min_child_samples': 37, 'reg_alpha': 5.733250064217131, 'reg_lambda': 0.5308454292595461}. Best is trial 0 with value: -0.012092652719313543.
[I 2026-06-01 13:03:50,716] Trial 3 finished with value: -0.2300592229220924 and parameters: {'confidence_threshold': 0.6868248626683718, 'training_days': 220, 'n_estimators': 134, 'max_depth': 3, 'num_leaves': 45, 'learning_rate': 0.033529007907491595, 'subsample': 0.8647277071858408, 'colsample_bytree': 0.778494116634046, 'min_child_samples': 96, 'reg_alpha': 2.409409937265785e-07, 'reg_lambda': 1.1642073478060009}. Best is trial 0 with value: -0.012092652719313543.
[I 2026-06-01 13:03:50,796] Trial 4 finished with value: -0.15889297328675758 and parameters: {'confidence_threshold': 0.5623121348350352, 'training_days': 300, 'n_estimators': 69, 'max_depth': 4, 'num_leaves': 32, 'learning_rate': 0.14967629360700346, 'subsample': 0.5054535233636654, 'colsample_bytree': 0.7401385194659216, 'min_child_samples': 27, 'reg_alpha': 1.4212042567426725e-07, 'reg_lambda': 0.23605753701352003}. Best is trial 0 with value: -0.012092652719313543.
[I 2026-06-01 13:03:51,195] Trial 5 finished with value: -0.13776985111223833 and parameters: {'confidence_threshold': 0.7111850244908446, 'training_days': 490, 'n_estimators': 362, 'max_depth': 5, 'num_leaves': 40, 'learning_rate': 0.05960785724162737, 'subsample': 0.5589714368907717, 'colsample_bytree': 0.6659006943232806, 'min_child_samples': 42, 'reg_alpha': 0.6741360303045295, 'reg_lambda': 6.054601607143087e-08}. Best is trial 0 with value: -0.012092652719313543.
[I 2026-06-01 13:03:51,364] Trial 6 finished with value: -0.14141280897943917 and parameters: {'confidence_threshold': 0.667482545748023, 'training_days': 420, 'n_estimators': 279, 'max_depth': 3, 'num_leaves': 45, 'learning_rate': 0.040099592560849204, 'subsample': 0.8563114696415159, 'colsample_bytree': 0.5442917781944105, 'min_child_samples': 50, 'reg_alpha': 1.6407916423707903e-08, 'reg_lambda': 2.935907642973286e-05}. Best is trial 0 with value: -0.012092652719313543.
[I 2026-06-01 13:03:51,511] Trial 7 finished with value: -0.06247505776832536 and parameters: {'confidence_threshold': 0.5497381024139926, 'training_days': 120, 'n_estimators': 408, 'max_depth': 5, 'num_leaves': 38, 'learning_rate': 0.28049122657745795, 'subsample': 0.8806573338635493, 'colsample_bytree': 0.5454054113547102, 'min_child_samples': 63, 'reg_alpha': 0.01263008637940408, 'reg_lambda': 0.04588020805366937}. Best is trial 0 with value: -0.012092652719313543.
[I 2026-06-01 13:03:51,802] Trial 8 finished with value: -0.12218052926595638 and parameters: {'confidence_threshold': 0.719644804808716, 'training_days': 450, 'n_estimators': 410, 'max_depth': 4, 'num_leaves': 57, 'learning_rate': 0.04022026551478857, 'subsample': 0.5336085426932707, 'colsample_bytree': 0.5705742850577543, 'min_child_samples': 100, 'reg_alpha': 5.916398047912201e-07, 'reg_lambda': 0.9794034214488329}. Best is trial 0 with value: -0.012092652719313543.
[I 2026-06-01 13:03:51,824] Trial 9 finished with value: -0.12643634223988293 and parameters: {'confidence_threshold': 0.7267463643917187, 'training_days': 20, 'n_estimators': 337, 'max_depth': 5, 'num_leaves': 23, 'learning_rate': 0.022153031811454605, 'subsample': 0.6305627572358737, 'colsample_bytree': 0.6613413774216214, 'min_child_samples': 81, 'reg_alpha': 5.7638634029410314e-08, 'reg_lambda': 8.26603016764008}. Best is trial 0 with value: -0.012092652719313543.
[I 2026-06-01 13:03:52,155] Trial 10 finished with value: -0.006718382242635154 and parameters: {'confidence_threshold': 0.8398533911817929, 'training_days': 130, 'n_estimators': 485, 'max_depth': 4, 'num_leaves': 62, 'learning_rate': 0.014251957942824738, 'subsample': 0.9901604570372973, 'colsample_bytree': 0.9944479338273263, 'min_child_samples': 23, 'reg_alpha': 6.837313901272251e-05, 'reg_lambda': 0.0006976939169966911}. Best is trial 10 with value: -0.006718382242635154.
[I 2026-06-01 13:03:52,502] Trial 11 finished with value: -0.046026821611151035 and parameters: {'confidence_threshold': 0.8491135887906174, 'training_days': 140, 'n_estimators': 478, 'max_depth': 4, 'num_leaves': 61, 'learning_rate': 0.010040680771315659, 'subsample': 0.9943448329854054, 'colsample_bytree': 0.9775347597655288, 'min_child_samples': 20, 'reg_alpha': 7.328612622954525e-05, 'reg_lambda': 0.0002767360651732308}. Best is trial 10 with value: -0.006718382242635154.
[I 2026-06-01 13:03:52,809] Trial 12 finished with value: 0.020018555544881945 and parameters: {'confidence_threshold': 0.83900033179092, 'training_days': 120, 'n_estimators': 490, 'max_depth': 4, 'num_leaves': 54, 'learning_rate': 0.010310812825333917, 'subsample': 0.9949021454548997, 'colsample_bytree': 0.9826583982594713, 'min_child_samples': 32, 'reg_alpha': 3.2356567490488907e-05, 'reg_lambda': 7.35834427504219e-06}. Best is trial 12 with value: 0.020018555544881945.
[I 2026-06-01 13:03:53,150] Trial 13 finished with value: -0.13296217785684347 and parameters: {'confidence_threshold': 0.8484708715379338, 'training_days': 200, 'n_estimators': 497, 'max_depth': 4, 'num_leaves': 55, 'learning_rate': 0.010374635283984386, 'subsample': 0.7073909792186277, 'colsample_bytree': 0.977673677256957, 'min_child_samples': 53, 'reg_alpha': 4.0337534557065e-05, 'reg_lambda': 1.8799948266058237e-06}. Best is trial 12 with value: 0.020018555544881945.
[I 2026-06-01 13:03:53,552] Trial 14 finished with value: -0.14831770179445242 and parameters: {'confidence_threshold': 0.7902715305718381, 'training_days': 180, 'n_estimators': 500, 'max_depth': 4, 'num_leaves': 52, 'learning_rate': 0.017489021597867162, 'subsample': 0.9945750418340078, 'colsample_bytree': 0.9007048146894701, 'min_child_samples': 22, 'reg_alpha': 0.0019056569144804095, 'reg_lambda': 0.006192953681384937}. Best is trial 12 with value: 0.020018555544881945.
[I 2026-06-01 13:03:53,738] Trial 15 finished with value: 0.023891245874007642 and parameters: {'confidence_threshold': 0.7829525506318393, 'training_days': 70, 'n_estimators': 442, 'max_depth': 4, 'num_leaves': 62, 'learning_rate': 0.016846279413630837, 'subsample': 0.7631147670190621, 'colsample_bytree': 0.9934286300532085, 'min_child_samples': 31, 'reg_alpha': 1.0347887266434179e-05, 'reg_lambda': 0.0026406526000485684}. Best is trial 15 with value: 0.023891245874007642.
[I 2026-06-01 13:03:53,828] Trial 16 finished with value: -0.019667106405262574 and parameters: {'confidence_threshold': 0.7809712285122007, 'training_days': 60, 'n_estimators': 299, 'max_depth': 4, 'num_leaves': 51, 'learning_rate': 0.021342803802310486, 'subsample': 0.7543865421398536, 'colsample_bytree': 0.9213491523841879, 'min_child_samples': 44, 'reg_alpha': 8.769868667672289e-06, 'reg_lambda': 2.762215943426672e-06}. Best is trial 15 with value: 0.023891245874007642.
