[I 2026-06-01 13:00:03,889] Trial 9 finished with value: -0.06206095237882718 and parameters: {'confidence_threshold': 0.6202096049169137, 'training_days': 260, 'n_estimators': 350, 'max_depth': 3, 'num_leaves': 21, 'learning_rate': 0.02989540198065364, 'subsample': 0.8307821683331218, 'colsample_bytree': 0.923253112635361, 'min_child_samples': 64, 'reg_alpha': 0.4898604619604203, 'reg_lambda': 2.9076377687066166e-05}. Best is trial 1 with value: 0.23779113034110724.
[I 2026-06-01 13:00:04,284] Trial 10 finished with value: -0.21592981079877765 and parameters: {'confidence_threshold': 0.8445241688507242, 'training_days': 470, 'n_estimators': 493, 'max_depth': 4, 'num_leaves': 63, 'learning_rate': 0.010221918552934462, 'subsample': 0.5019190721168774, 'colsample_bytree': 0.6202684210924141, 'min_child_samples': 47, 'reg_alpha': 2.371385268938747e-08, 'reg_lambda': 1.7987349911222597}. Best is trial 1 with value: 0.23779113034110724.
[I 2026-06-01 13:00:04,313] Trial 11 finished with value: -7.9826302782306495 and parameters: {'confidence_threshold': 0.8371297552840329, 'training_days': 20, 'n_estimators': 51, 'max_depth': 5, 'num_leaves': 48, 'learning_rate': 0.015148209657231146, 'subsample': 0.5082312939353781, 'colsample_bytree': 0.6778283959364831, 'min_child_samples': 100, 'reg_alpha': 0.005164207989991991, 'reg_lambda': 0.011367411794870734}. Best is trial 1 with value: 0.23779113034110724.
[I 2026-06-01 13:00:04,535] Trial 12 finished with value: -0.052345463834497154 and parameters: {'confidence_threshold': 0.783608013908672, 'training_days': 350, 'n_estimators': 258, 'max_depth': 5, 'num_leaves': 38, 'learning_rate': 0.05809128784912797, 'subsample': 0.6032252901108627, 'colsample_bytree': 0.5060147833298425, 'min_child_samples': 75, 'reg_alpha': 0.01228710721755922, 'reg_lambda': 1.7055365254835695}. Best is trial 1 with value: 0.23779113034110724.
[I 2026-06-01 13:00:04,623] Trial 13 finished with value: -0.0371245259970134 and parameters: {'confidence_threshold': 0.7216410707571145, 'training_days': 400, 'n_estimators': 53, 'max_depth': 4, 'num_leaves': 55, 'learning_rate': 0.03434220105782308, 'subsample': 0.5870999256784296, 'colsample_bytree': 0.7214436788098076, 'min_child_samples': 51, 'reg_alpha': 1.4672425734243013e-07, 'reg_lambda': 0.032538920588349354}. Best is trial 1 with value: 0.23779113034110724.
[I 2026-06-01 13:00:04,686] Trial 14 finished with value: -0.04218030683733213 and parameters: {'confidence_threshold': 0.6877198994153934, 'training_days': 70, 'n_estimators': 236, 'max_depth': 5, 'num_leaves': 42, 'learning_rate': 0.08948679367914299, 'subsample': 0.5679354333626638, 'colsample_bytree': 0.9973914710183406, 'min_child_samples': 72, 'reg_alpha': 0.05705993547546314, 'reg_lambda': 0.05987235062180044}. Best is trial 1 with value: 0.23779113034110724.
[I 2026-06-01 13:00:04,936] Trial 15 finished with value: -0.001117972532643574 and parameters: {'confidence_threshold': 0.8065807968950872, 'training_days': 140, 'n_estimators': 480, 'max_depth': 4, 'num_leaves': 29, 'learning_rate': 0.018656525833209613, 'subsample': 0.6815479594839866, 'colsample_bytree': 0.9196658871153959, 'min_child_samples': 46, 'reg_alpha': 6.360445922002683, 'reg_lambda': 9.294665025482195e-07}. Best is trial 1 with value: 0.23779113034110724.
[I 2026-06-01 13:00:05,033] Trial 16 finished with value: 0.011955492996752259 and parameters: {'confidence_threshold': 0.6986737646421867, 'training_days': 270, 'n_estimators': 125, 'max_depth': 4, 'num_leaves': 45, 'learning_rate': 0.01106101283675371, 'subsample': 0.8868474056204897, 'colsample_bytree': 0.6155885267093099, 'min_child_samples': 88, 'reg_alpha': 0.0007249783926347984, 'reg_lambda': 0.0015487709549931103}. Best is trial 1 with value: 0.23779113034110724.
[I 2026-06-01 13:00:05,131] Trial 17 finished with value: -0.034878341370834315 and parameters: {'confidence_threshold': 0.5004748807695347, 'training_days': 290, 'n_estimators': 108, 'max_depth': 4, 'num_leaves': 53, 'learning_rate': 0.010174985183118752, 'subsample': 0.9158889520548109, 'colsample_bytree': 0.6042669130757778, 'min_child_samples': 86, 'reg_alpha': 6.229602473892305e-07, 'reg_lambda': 0.0017260767517460831}. Best is trial 1 with value: 0.23779113034110724.
[I 2026-06-01 13:00:05,417] A new study created in memory with name: no-name-97e308c6-f527-41a4-b208-ed5743bcf5d8

    [CV fold 3] train_end=2023-05-21 08:00 | val_start=2023-05-29 00:00 | gap=184h (22 rows)
    [CV fold 4] train_end=2023-09-18 16:00 | val_start=2023-09-26 08:00 | gap=184h (22 rows)
    [trial 0] Sharpe=-0.1348 (folds: -0.0788, -0.3905, 0.0471, -0.1417, -0.1103)
    [trial 1] 48 features, training_days=420 | threshold=0.839 | labels: 1110 long, 1058 short (51/49%)
    [trial 1] Sharpe=-2.1155 (folds: 0.3383, -0.8934, -0.5132, -10.0000, 0.4906)
    [trial 2] 48 features, training_days=190 | threshold=0.602 | labels: 1110 long, 1058 short (51/49%)
    [trial 2] Sharpe=-0.0738 (folds: -0.1038, -0.1457, -0.0154, 0.0116, -0.1157)
    [trial 3] 48 features, training_days=490 | threshold=0.832 | labels: 1110 long, 1058 short (51/49%)
    [trial 3] Sharpe=-0.0442 (folds: 0.0693, -0.3642, -0.0110, -0.0305, 0.1155)
    [trial 4] 48 features, training_days=340 | threshold=0.591 | labels: 1110 long, 1058 short (51/49%)
    [trial 4] Sharpe=-0.0601 (folds: -0.1944, -0.2972, 0.1251, 0.0469, 0.0188)
    [trial 5] 48 features, training_days=50 | threshold=0.823 | labels: 1110 long, 1058 short (51/49%)
    [trial 5] Sharpe=-0.0945 (folds: -0.0148, -0.3160, -0.0587, 0.5015, -0.5845)
    [trial 6] 48 features, training_days=410 | threshold=0.549 | labels: 1110 long, 1058 short (51/49%)
    [trial 6] Sharpe=-0.0696 (folds: -0.1206, -0.2132, 0.0906, -0.1089, 0.0042)
    [trial 7] 48 features, training_days=180 | threshold=0.526 | labels: 1110 long, 1058 short (51/49%)
    [trial 7] Sharpe=-0.0753 (folds: -0.0257, -0.2059, 0.0508, -0.0352, -0.1604)
    [trial 8] 48 features, training_days=240 | threshold=0.811 | labels: 1110 long, 1058 short (51/49%)
    [trial 8] Sharpe=-0.0049 (folds: 0.0154, -0.3905, -0.0788, 0.3650, 0.0645)
    [trial 9] 48 features, training_days=20 | threshold=0.538 | labels: 1110 long, 1058 short (51/49%)
    [trial 9] Sharpe=-4.0497 (folds: -10.0000, -0.1813, 0.0868, -0.1539, -10.0000)
    [trial 10] 48 features, training_days=280 | threshold=0.734 | labels: 1110 long, 1058 short (51/49%)
    [trial 10] Sharpe=-0.0896 (folds: -0.0470, -0.4020, -0.0221, -0.0624, 0.0853)
    [trial 11] 48 features, training_days=170 | threshold=0.762 | labels: 1110 long, 1058 short (51/49%)
    [trial 11] Sharpe=-0.0898 (folds: 0.0415, -0.2646, -0.0278, 0.0458, -0.2439)
    [trial 12] 48 features, training_days=270 | threshold=0.768 | labels: 1110 long, 1058 short (51/49%)
    [trial 12] Sharpe=-0.0504 (folds: -0.0065, -0.3864, 0.0665, -0.0466, 0.1211)
    [trial 13] 48 features, training_days=350 | threshold=0.694 | labels: 1110 long, 1058 short (51/49%)
    [trial 13] Sharpe=-0.0952 (folds: 0.0523, -0.4476, 0.0156, -0.1696, 0.0735)
    [trial 14] 48 features, training_days=500 | threshold=0.812 | labels: 1110 long, 1058 short (51/49%)
    [trial 14] Sharpe=-0.0433 (folds: 0.0627, -0.5085, -0.0021, 0.0462, 0.1850)
    [trial 15] 48 features, training_days=130 | threshold=0.790 | labels: 1110 long, 1058 short (51/49%)
    [trial 15] Sharpe=-1.8273 (folds: 0.3551, 0.0018, -10.0000, 0.6036, -0.0968)
    [trial 16] 48 features, training_days=320 | threshold=0.704 | labels: 1110 long, 1058 short (51/49%)
    [trial 16] Sharpe=-0.0206 (folds: -0.0473, -0.3556, 0.1115, 0.0137, 0.1745)
    [trial 17] 48 features, training_days=320 | threshold=0.686 | labels: 1110 long, 1058 short (51/49%)
    [trial 17] Sharpe=-0.0370 (folds: -0.0713, -0.3423, 0.1412, -0.0377, 0.1250)
  Optuna: 18 trials, best Sharpe = -0.0049
  Best params: n_estimators=103, max_depth=5, lr=0.0675, leaves=52
  Best confidence_threshold: 0.811
  Best training_days: 240
  Retrained on full data (720 samples, 48 features)
  [ensemble 2/3] seed=123
    [trial 0] 48 features, training_days=150 | threshold=0.744 | labels: 1110 long, 1058 short (51/49%)
    [CV fold 0] train_end=2022-05-25 08:00 | val_start=2022-06-02 00:00 | gap=184h (22 rows)
    [CV fold 1] train_end=2022-09-22 16:00 | val_start=2022-09-30 08:00 | gap=184h (22 rows)
    [CV fold 2] train_end=2023-01-21 00:00 | val_start=2023-01-28 16:00 | gap=184h (22 rows)
    [CV fold 3] train_end=2023-05-21 08:00 | val_start=2023-05-29 00:00 | gap=184h (22 rows)
    [CV fold 4] train_end=2023-09-18 16:00 | val_start=2023-09-26 08:00 | gap=184h (22 rows)
    [trial 0] Sharpe=-0.0765 (folds: 0.0485, -0.2243, -0.0407, 0.0077, -0.1736)
    [trial 1] 48 features, training_days=220 | threshold=0.755 | labels: 1110 long, 1058 short (51/49%)
    [trial 1] Sharpe=0.2378 (folds: 1.2159, -0.5439, 0.0283, 0.2821, 0.2065)
    [trial 2] 48 features, training_days=310 | threshold=0.754 | labels: 1110 long, 1058 short (51/49%)
    [trial 2] Sharpe=0.0002 (folds: 0.0528, -0.3440, 0.1317, 0.0508, 0.1096)
    [trial 3] 48 features, training_days=220 | threshold=0.673 | labels: 1110 long, 1058 short (51/49%)
    [trial 3] Sharpe=-0.0569 (folds: -0.0160, -0.2772, -0.0853, 0.0447, 0.0493)
    [trial 4] 48 features, training_days=130 | threshold=0.803 | labels: 1110 long, 1058 short (51/49%)
    [trial 4] Sharpe=0.0114 (folds: 0.0075, -0.0970, 0.0217, 0.2460, -0.1215)
    [trial 5] 48 features, training_days=210 | threshold=0.606 | labels: 1110 long, 1058 short (51/49%)
    [trial 5] Sharpe=-0.0591 (folds: -0.0602, -0.2535, 0.0128, 0.0119, -0.0066)
    [trial 6] 48 features, training_days=130 | threshold=0.767 | labels: 1110 long, 1058 short (51/49%)
    [trial 6] Sharpe=-0.0352 (folds: -0.0154, -0.2087, 0.0530, 0.0870, -0.0922)
    [trial 7] 48 features, training_days=80 | threshold=0.556 | labels: 1110 long, 1058 short (51/49%)
    [trial 7] Sharpe=-0.0909 (folds: -0.1336, -0.0483, 0.0064, -0.0600, -0.2188)
    [trial 8] 48 features, training_days=200 | threshold=0.607 | labels: 1110 long, 1058 short (51/49%)
    [trial 8] Sharpe=-0.1011 (folds: -0.0136, -0.4029, -0.0292, -0.0218, -0.0379)
    [trial 9] 48 features, training_days=260 | threshold=0.620 | labels: 1110 long, 1058 short (51/49%)
    [trial 9] Sharpe=-0.0621 (folds: -0.1074, -0.3401, 0.0647, 0.0450, 0.0276)
    [trial 10] 48 features, training_days=470 | threshold=0.845 | labels: 1110 long, 1058 short (51/49%)
    [trial 10] Sharpe=-0.2159 (folds: 0.2043, -0.7849, -0.6789, -0.0584, 0.2384)
    [trial 11] 48 features, training_days=20 | threshold=0.837 | labels: 1110 long, 1058 short (51/49%)
    [trial 11] Sharpe=-7.9826 (folds: -10.0000, -10.0000, 0.0868, -10.0000, -10.0000)
    [trial 12] 48 features, training_days=350 | threshold=0.784 | labels: 1110 long, 1058 short (51/49%)
    [trial 12] Sharpe=-0.0523 (folds: -0.0295, -0.4565, 0.0449, 0.0585, 0.1208)
    [trial 13] 48 features, training_days=400 | threshold=0.722 | labels: 1110 long, 1058 short (51/49%)
    [trial 13] Sharpe=-0.0371 (folds: 0.0360, -0.4838, 0.2707, -0.2118, 0.2033)
    [trial 14] 48 features, training_days=70 | threshold=0.688 | labels: 1110 long, 1058 short (51/49%)
    [trial 14] Sharpe=-0.0422 (folds: -0.1078, -0.0529, 0.0357, 0.1330, -0.2188)
    [trial 15] 48 features, training_days=140 | threshold=0.807 | labels: 1110 long, 1058 short (51/49%)
    [trial 15] Sharpe=-0.0011 (folds: 0.0134, -0.1698, 0.2082, 0.2899, -0.3473)
    [trial 16] 48 features, training_days=270 | threshold=0.699 | labels: 1110 long, 1058 short (51/49%)
    [trial 16] Sharpe=0.0120 (folds: 0.0388, -0.4070, -0.2327, 0.2727, 0.3879)
    [trial 17] 48 features, training_days=290 | threshold=0.500 | labels: 1110 long, 1058 short (51/49%)
    [trial 17] Sharpe=-0.0349 (folds: -0.1372, -0.1718, -0.0219, 0.0240, 0.1325)
  Optuna: 18 trials, best Sharpe = 0.2378
  Best params: n_estimators=76, max_depth=4, lr=0.0186, leaves=51
  Best confidence_threshold: 0.755
  Best training_days: 220
  Retrained on full data (660 samples, 48 features)
  [ensemble 3/3] seed=456
    [trial 0] 48 features, training_days=90 | threshold=0.587 | labels: 1110 long, 1058 short (51/49%)
    [CV fold 0] train_end=2022-05-25 08:00 | val_start=2022-06-02 00:00 | gap=184h (22 rows)
    [CV fold 1] train_end=2022-09-22 16:00 | val_start=2022-09-30 08:00 | gap=184h (22 rows)
    [CV fold 2] train_end=2023-01-21 00:00 | val_start=2023-01-28 16:00 | gap=184h (22 rows)
    [CV fold 3] train_end=2023-05-21 08:00 | val_start=2023-05-29 00:00 | gap=184h (22 rows)
    [CV fold 4] train_end=2023-09-18 16:00 | val_start=2023-09-26 08:00 | gap=184h (22 rows)[I 2026-06-01 13:00:05,607] Trial 0 finished with value: -0.055895674022724905 and parameters: {'confidence_threshold': 0.5870645682749857, 'training_days': 90, 'n_estimators': 403, 'max_depth': 5, 'num_leaves': 45, 'learning_rate': 0.0780457193679974, 'subsample': 0.9428509515574568, 'colsample_bytree': 0.8795587339164916, 'min_child_samples': 34, 'reg_alpha': 2.2465901234314442e-07, 'reg_lambda': 8.339007036475363e-05}. Best is trial 0 with value: -0.055895674022724905.
[I 2026-06-01 13:00:05,713] Trial 1 finished with value: -0.06757203686253031 and parameters: {'confidence_threshold': 0.6348453934275313, 'training_days': 290, 'n_estimators': 115, 'max_depth': 5, 'num_leaves': 37, 'learning_rate': 0.06949568759029946, 'subsample': 0.8228505074024268, 'colsample_bytree': 0.8616703220431751, 'min_child_samples': 75, 'reg_alpha': 4.2486822725010923e-07, 'reg_lambda': 1.157247767047042e-07}. Best is trial 0 with value: -0.055895674022724905.
[I 2026-06-01 13:00:05,736] Trial 2 finished with value: -0.033924611198445906 and parameters: {'confidence_threshold': 0.5849570384370288, 'training_days': 10, 'n_estimators': 212, 'max_depth': 3, 'num_leaves': 41, 'learning_rate': 0.18452095998378365, 'subsample': 0.6001060822924371, 'colsample_bytree': 0.5673167293506167, 'min_child_samples': 37, 'reg_alpha': 5.733250064217131, 'reg_lambda': 0.5308454292595461}. Best is trial 2 with value: -0.033924611198445906.
[I 2026-06-01 13:00:05,815] Trial 3 finished with value: 0.00795758143262204 and parameters: {'confidence_threshold': 0.6868248626683718, 'training_days': 220, 'n_estimators': 134, 'max_depth': 3, 'num_leaves': 45, 'learning_rate': 0.033529007907491595, 'subsample': 0.8647277071858408, 'colsample_bytree': 0.778494116634046, 'min_child_samples': 96, 'reg_alpha': 2.409409937265785e-07, 'reg_lambda': 1.1642073478060009}. Best is trial 3 with value: 0.00795758143262204.
[I 2026-06-01 13:00:05,896] Trial 4 finished with value: -0.07076604803524311 and parameters: {'confidence_threshold': 0.5623121348350352, 'training_days': 300, 'n_estimators': 69, 'max_depth': 4, 'num_leaves': 32, 'learning_rate': 0.14967629360700346, 'subsample': 0.5054535233636654, 'colsample_bytree': 0.7401385194659216, 'min_child_samples': 27, 'reg_alpha': 1.4212042567426725e-07, 'reg_lambda': 0.23605753701352003}. Best is trial 3 with value: 0.00795758143262204.
[I 2026-06-01 13:00:06,292] Trial 5 finished with value: -0.05884339668741936 and parameters: {'confidence_threshold': 0.7111850244908446, 'training_days': 490, 'n_estimators': 362, 'max_depth': 5, 'num_leaves': 40, 'learning_rate': 0.05960785724162737, 'subsample': 0.5589714368907717, 'colsample_bytree': 0.6659006943232806, 'min_child_samples': 42, 'reg_alpha': 0.6741360303045295, 'reg_lambda': 6.054601607143087e-08}. Best is trial 3 with value: 0.00795758143262204.
[I 2026-06-01 13:00:06,474] Trial 6 finished with value: -0.02713549664335963 and parameters: {'confidence_threshold': 0.667482545748023, 'training_days': 420, 'n_estimators': 279, 'max_depth': 3, 'num_leaves': 45, 'learning_rate': 0.040099592560849204, 'subsample': 0.8563114696415159, 'colsample_bytree': 0.5442917781944105, 'min_child_samples': 50, 'reg_alpha': 1.6407916423707903e-08, 'reg_lambda': 2.935907642973286e-05}. Best is trial 3 with value: 0.00795758143262204.
[I 2026-06-01 13:00:06,629] Trial 7 finished with value: -0.014270409057198475 and parameters: {'confidence_threshold': 0.5497381024139926, 'training_days': 120, 'n_estimators': 408, 'max_depth': 5, 'num_leaves': 38, 'learning_rate': 0.28049122657745795, 'subsample': 0.8806573338635493, 'colsample_bytree': 0.5454054113547102, 'min_child_samples': 63, 'reg_alpha': 0.01263008637940408, 'reg_lambda': 0.04588020805366937}. Best is trial 3 with value: 0.00795758143262204.
[I 2026-06-01 13:00:06,895] Trial 8 finished with value: -0.03473362286687249 and parameters: {'confidence_threshold': 0.719644804808716, 'training_days': 450, 'n_estimators': 410, 'max_depth': 4, 'num_leaves': 57, 'learning_rate': 0.04022026551478857, 'subsample': 0.5336085426932707, 'colsample_bytree': 0.5705742850577543, 'min_child_samples': 100, 'reg_alpha': 5.916398047912201e-07, 'reg_lambda': 0.9794034214488329}. Best is trial 3 with value: 0.00795758143262204.
[I 2026-06-01 13:00:06,917] Trial 9 finished with value: -6.0188836638741545 and parameters: {'confidence_threshold': 0.7267463643917187, 'training_days': 20, 'n_estimators': 337, 'max_depth': 5, 'num_leaves': 23, 'learning_rate': 0.022153031811454605, 'subsample': 0.6305627572358737, 'colsample_bytree': 0.6613413774216214, 'min_child_samples': 81, 'reg_alpha': 5.7638634029410314e-08, 'reg_lambda': 8.26603016764008}. Best is trial 3 with value: 0.00795758143262204.
[I 2026-06-01 13:00:07,016] Trial 10 finished with value: -10.0 and parameters: {'confidence_threshold': 0.8283920119574972, 'training_days': 200, 'n_estimators': 181, 'max_depth': 3, 'num_leaves': 62, 'learning_rate': 0.011579281028220855, 'subsample': 0.7130289643560688, 'colsample_bytree': 0.9944479338273263, 'min_child_samples': 100, 'reg_alpha': 6.837313901272251e-05, 'reg_lambda': 0.0027253228209330924}. Best is trial 3 with value: 0.00795758143262204.
[I 2026-06-01 13:00:07,275] Trial 11 finished with value: -0.06502386473190289 and parameters: {'confidence_threshold': 0.7923497887859746, 'training_days': 170, 'n_estimators': 478, 'max_depth': 4, 'num_leaves': 54, 'learning_rate': 0.23812253955588647, 'subsample': 0.986770314616891, 'colsample_bytree': 0.8016610248739169, 'min_child_samples': 67, 'reg_alpha': 0.005499191077847832, 'reg_lambda': 0.00647465266809438}. Best is trial 3 with value: 0.00795758143262204.
[I 2026-06-01 13:00:07,448] Trial 12 finished with value: -0.10535833303471528 and parameters: {'confidence_threshold': 0.5145853631584999, 'training_days': 130, 'n_estimators': 490, 'max_depth': 4, 'num_leaves': 29, 'learning_rate': 0.01924681962976845, 'subsample': 0.8805059836626857, 'colsample_bytree': 0.6866172385346349, 'min_child_samples': 82, 'reg_alpha': 0.0010211042995858452, 'reg_lambda': 0.014234632564679616}. Best is trial 3 with value: 0.00795758143262204.
[I 2026-06-01 13:00:07,598] Trial 13 finished with value: -0.01797624163944668 and parameters: {'confidence_threshold': 0.501319464013855, 'training_days': 230, 'n_estimators': 248, 'max_depth': 3, 'num_leaves': 15, 'learning_rate': 0.1184251079677144, 'subsample': 0.7750964207843904, 'colsample_bytree': 0.5059184378424634, 'min_child_samples': 58, 'reg_alpha': 2.017183041168341e-05, 'reg_lambda': 0.055177244785343596}. Best is trial 3 with value: 0.00795758143262204.
[I 2026-06-01 13:00:07,754] Trial 14 finished with value: -0.05147660394652467 and parameters: {'confidence_threshold': 0.6439954054899397, 'training_days': 380, 'n_estimators': 166, 'max_depth': 4, 'num_leaves': 50, 'learning_rate': 0.26984868555798164, 'subsample': 0.9184036050853165, 'colsample_bytree': 0.7832231035788051, 'min_child_samples': 88, 'reg_alpha': 0.0285042553012015, 'reg_lambda': 3.8405176212582535}. Best is trial 3 with value: 0.00795758143262204.
[I 2026-06-01 13:00:07,866] Trial 15 finished with value: -0.07030359862395197 and parameters: {'confidence_threshold': 0.7594279795954488, 'training_days': 80, 'n_estimators': 307, 'max_depth': 3, 'num_leaves': 33, 'learning_rate': 0.027837053988777765, 'subsample': 0.7448570380244262, 'colsample_bytree': 0.916665285796673, 'min_child_samples': 64, 'reg_alpha': 6.150934217817095e-06, 'reg_lambda': 2.582339790441249e-06}. Best is trial 3 with value: 0.00795758143262204.
[I 2026-06-01 13:00:07,984] Trial 16 finished with value: -0.09158135891812902 and parameters: {'confidence_threshold': 0.6101190120517583, 'training_days': 320, 'n_estimators': 53, 'max_depth': 5, 'num_leaves': 48, 'learning_rate': 0.010192565023565005, 'subsample': 0.8169305025070708, 'colsample_bytree': 0.7263704759884134, 'min_child_samples': 20, 'reg_alpha': 0.03696370588928545, 'reg_lambda': 0.000855876310048679}. Best is trial 3 with value: 0.00795758143262204.
