[I 2026-06-01 12:57:44,325] Trial 9 finished with value: 0.03331765719867209 and parameters: {'confidence_threshold': 0.6202096049169137, 'training_days': 260, 'n_estimators': 350, 'max_depth': 3, 'num_leaves': 21, 'learning_rate': 0.02989540198065364, 'subsample': 0.8307821683331218, 'colsample_bytree': 0.923253112635361, 'min_child_samples': 64, 'reg_alpha': 0.4898604619604203, 'reg_lambda': 2.9076377687066166e-05}. Best is trial 9 with value: 0.03331765719867209.
[I 2026-06-01 12:57:44,624] Trial 10 finished with value: -0.006673306756215638 and parameters: {'confidence_threshold': 0.5342665212695602, 'training_days': 470, 'n_estimators': 493, 'max_depth': 3, 'num_leaves': 17, 'learning_rate': 0.010221918552934462, 'subsample': 0.9317514110288623, 'colsample_bytree': 0.6202684210924141, 'min_child_samples': 47, 'reg_alpha': 2.371385268938747e-08, 'reg_lambda': 0.010291221835057122}. Best is trial 9 with value: 0.03331765719867209.
[I 2026-06-01 12:57:44,742] Trial 11 finished with value: -0.0250597747101284 and parameters: {'confidence_threshold': 0.672304345793606, 'training_days': 340, 'n_estimators': 234, 'max_depth': 3, 'num_leaves': 62, 'learning_rate': 0.2941034455271501, 'subsample': 0.8826538612718937, 'colsample_bytree': 0.6778283959364831, 'min_child_samples': 48, 'reg_alpha': 5.56438571366154, 'reg_lambda': 0.0038467626144150177}. Best is trial 9 with value: 0.03331765719867209.
[I 2026-06-01 12:57:44,870] Trial 12 finished with value: -0.017049880560069636 and parameters: {'confidence_threshold': 0.6727899930733724, 'training_days': 340, 'n_estimators': 202, 'max_depth': 4, 'num_leaves': 63, 'learning_rate': 0.03554970762940541, 'subsample': 0.7245561114853949, 'colsample_bytree': 0.5196457038790347, 'min_child_samples': 100, 'reg_alpha': 1.6619318482295187e-07, 'reg_lambda': 1.2188980793434613e-06}. Best is trial 9 with value: 0.03331765719867209.
[I 2026-06-01 12:57:44,907] Trial 13 finished with value: -0.14304558166712272 and parameters: {'confidence_threshold': 0.6188172440027945, 'training_days': 10, 'n_estimators': 475, 'max_depth': 3, 'num_leaves': 26, 'learning_rate': 0.024281561878971163, 'subsample': 0.8524819925064617, 'colsample_bytree': 0.9292621018379528, 'min_child_samples': 40, 'reg_alpha': 1.0060661308529223e-06, 'reg_lambda': 0.06617758437351451}. Best is trial 9 with value: 0.03331765719867209.

  [label] 2022-06-02 08:00 BTCUSDT entry=30194.4000 → LONG | long=timeout(+0.20%) short=sl(-5.08%) | scanned=22 | no_tp→fwd_return=+0.3027
  [label] 2022-06-08 16:00 BTCUSDT entry=30192.5000 → SHORT | long=sl(-5.53%) short=tp(+10.75%) | scanned=11 | short_tp_only
  [label] 2022-06-21 00:00 BTCUSDT entry=21107.7000 → SHORT | long=timeout(-1.23%) short=timeout(+1.03%) | scanned=22 | no_tp→fwd_return=-1.1347
  [label] 2022-07-30 08:00 BTCUSDT entry=24522.8000 → SHORT | long=sl(-5.40%) short=timeout(+5.33%) | scanned=22 | no_tp→fwd_return=-5.4300
  [label] 2022-08-09 08:00 BTCUSDT entry=23061.7000 → LONG | long=tp(+7.84%) short=sl(-4.07%) | scanned=6 | long_tp_only
  [label] 2022-11-03 08:00 BTCUSDT entry=20241.0000 → LONG | long=tp(+5.61%) short=sl(-2.95%) | scanned=5 | long_tp_only
  Labels: 1087 long (50.1%), 1081 short (49.9%) | weights: min=1.00, mean=3.57, max=10.00
  Features: 2168/2168 matched, 48 columns
  CV gap: 22 rows
  [ensemble 1/3] seed=42
    [trial 0] 48 features, training_days=480 | threshold=0.631 | labels: 1087 long, 1081 short (50/50%)
    [CV fold 0] train_end=2021-03-24 08:00 | val_start=2021-04-01 00:00 | gap=184h (22 rows)
    [CV fold 1] train_end=2021-07-22 16:00 | val_start=2021-07-30 08:00 | gap=184h (22 rows)
    [CV fold 2] train_end=2021-11-20 00:00 | val_start=2021-11-27 16:00 | gap=184h (22 rows)
    [CV fold 3] train_end=2022-03-20 08:00 | val_start=2022-03-28 00:00 | gap=184h (22 rows)
    [CV fold 4] train_end=2022-07-18 16:00 | val_start=2022-07-26 08:00 | gap=184h (22 rows)
    [trial 0] Sharpe=0.0334 (folds: -0.1028, 0.2876, 0.1413, -0.0208, -0.1381)
    [trial 1] 48 features, training_days=420 | threshold=0.839 | labels: 1087 long, 1081 short (50/50%)
    [trial 1] Sharpe=-2.1142 (folds: -0.2204, -0.1471, -0.0033, -0.2003, -10.0000)
    [trial 2] 48 features, training_days=190 | threshold=0.602 | labels: 1087 long, 1081 short (50/50%)
    [trial 2] Sharpe=-0.0388 (folds: -0.1253, 0.0035, 0.2356, -0.0044, -0.3035)
    [trial 3] 48 features, training_days=490 | threshold=0.832 | labels: 1087 long, 1081 short (50/50%)
    [trial 3] Sharpe=-0.0236 (folds: -0.1755, 0.2516, 0.0461, -0.0536, -0.1863)
    [trial 4] 48 features, training_days=340 | threshold=0.591 | labels: 1087 long, 1081 short (50/50%)
    [trial 4] Sharpe=0.0104 (folds: -0.1548, 0.3694, 0.1093, -0.1500, -0.1218)
    [trial 5] 48 features, training_days=50 | threshold=0.823 | labels: 1087 long, 1081 short (50/50%)
    [trial 5] Sharpe=-0.1377 (folds: -0.3485, -0.2849, 0.4874, -0.2020, -0.3407)
    [trial 6] 48 features, training_days=410 | threshold=0.549 | labels: 1087 long, 1081 short (50/50%)
    [trial 6] Sharpe=-0.0283 (folds: -0.1709, 0.2942, 0.1359, -0.2293, -0.1712)
    [trial 7] 48 features, training_days=180 | threshold=0.526 | labels: 1087 long, 1081 short (50/50%)
    [trial 7] Sharpe=-0.0464 (folds: -0.1826, 0.0862, 0.1048, -0.0764, -0.1639)
    [trial 8] 48 features, training_days=240 | threshold=0.811 | labels: 1087 long, 1081 short (50/50%)
    [trial 8] Sharpe=-0.0828 (folds: -0.1583, 0.2997, 0.1842, -0.1186, -0.6211)
    [trial 9] 48 features, training_days=20 | threshold=0.538 | labels: 1087 long, 1081 short (50/50%)
    [trial 9] Sharpe=-0.0341 (folds: 0.2142, 0.2065, 0.0216, -0.2626, -0.3500)
    [trial 10] 48 features, training_days=350 | threshold=0.694 | labels: 1087 long, 1081 short (50/50%)
    [trial 10] Sharpe=-0.0529 (folds: -0.2020, 0.3107, 0.1250, -0.1575, -0.3408)
    [trial 11] 48 features, training_days=320 | threshold=0.654 | labels: 1087 long, 1081 short (50/50%)
    [trial 11] Sharpe=0.0487 (folds: -0.1632, 0.3462, 0.1471, -0.1843, 0.0979)
    [trial 12] 48 features, training_days=470 | threshold=0.680 | labels: 1087 long, 1081 short (50/50%)
    [trial 12] Sharpe=0.0036 (folds: -0.1690, 0.3290, 0.1272, -0.2707, 0.0016)
    [trial 13] 48 features, training_days=320 | threshold=0.732 | labels: 1087 long, 1081 short (50/50%)
    [trial 13] Sharpe=-0.0421 (folds: 0.0124, 0.3479, 0.1264, -0.1759, -0.5215)
    [trial 14] 48 features, training_days=130 | threshold=0.627 | labels: 1087 long, 1081 short (50/50%)
    [trial 14] Sharpe=-0.0598 (folds: -0.1437, -0.0463, 0.2457, 0.0052, -0.3597)
    [trial 15] 48 features, training_days=300 | threshold=0.739 | labels: 1087 long, 1081 short (50/50%)
    [trial 15] Sharpe=-0.0353 (folds: -0.1573, 0.3187, 0.1871, -0.1823, -0.3425)
    [trial 16] 48 features, training_days=410 | threshold=0.639 | labels: 1087 long, 1081 short (50/50%)
    [trial 16] Sharpe=-0.0626 (folds: -0.2135, 0.1533, 0.0957, -0.1090, -0.2394)
    [trial 17] 48 features, training_days=270 | threshold=0.730 | labels: 1087 long, 1081 short (50/50%)
    [trial 17] Sharpe=0.0015 (folds: -0.1996, 0.2665, 0.1374, -0.1251, -0.0715)
  Optuna: 18 trials, best Sharpe = 0.0487
  Best params: n_estimators=245, max_depth=4, lr=0.0103, leaves=33
  Best confidence_threshold: 0.654
  Best training_days: 320
  Retrained on full data (960 samples, 48 features)
  [ensemble 2/3] seed=123
    [trial 0] 48 features, training_days=150 | threshold=0.744 | labels: 1087 long, 1081 short (50/50%)
    [CV fold 0] train_end=2021-03-24 08:00 | val_start=2021-04-01 00:00 | gap=184h (22 rows)
    [CV fold 1] train_end=2021-07-22 16:00 | val_start=2021-07-30 08:00 | gap=184h (22 rows)
    [CV fold 2] train_end=2021-11-20 00:00 | val_start=2021-11-27 16:00 | gap=184h (22 rows)
    [CV fold 3] train_end=2022-03-20 08:00 | val_start=2022-03-28 00:00 | gap=184h (22 rows)
    [CV fold 4] train_end=2022-07-18 16:00 | val_start=2022-07-26 08:00 | gap=184h (22 rows)
    [trial 0] Sharpe=-0.0968 (folds: -0.1668, -0.2560, 0.3126, -0.0927, -0.2811)
    [trial 1] 48 features, training_days=220 | threshold=0.755 | labels: 1087 long, 1081 short (50/50%)
    [trial 1] Sharpe=-2.0198 (folds: -0.0461, 0.1731, 0.1158, -0.3416, -10.0000)
    [trial 2] 48 features, training_days=310 | threshold=0.754 | labels: 1087 long, 1081 short (50/50%)
    [trial 2] Sharpe=-0.0386 (folds: -0.2039, 0.3633, 0.1069, -0.1643, -0.2952)
    [trial 3] 48 features, training_days=220 | threshold=0.673 | labels: 1087 long, 1081 short (50/50%)
    [trial 3] Sharpe=0.0275 (folds: -0.1740, 0.2063, 0.1754, 0.0972, -0.1673)
    [trial 4] 48 features, training_days=130 | threshold=0.803 | labels: 1087 long, 1081 short (50/50%)
    [trial 4] Sharpe=-0.0207 (folds: -0.1940, -0.0049, 0.2818, 0.0694, -0.2556)
    [trial 5] 48 features, training_days=210 | threshold=0.606 | labels: 1087 long, 1081 short (50/50%)
    [trial 5] Sharpe=-0.0172 (folds: -0.1611, 0.1607, 0.1655, -0.0186, -0.2326)
    [trial 6] 48 features, training_days=130 | threshold=0.767 | labels: 1087 long, 1081 short (50/50%)
    [trial 6] Sharpe=-0.0826 (folds: -0.1562, -0.2191, 0.2183, 0.0037, -0.2595)
    [trial 7] 48 features, training_days=80 | threshold=0.556 | labels: 1087 long, 1081 short (50/50%)
    [trial 7] Sharpe=-0.1067 (folds: -0.0424, -0.2535, 0.2857, -0.2059, -0.3172)
    [trial 8] 48 features, training_days=200 | threshold=0.607 | labels: 1087 long, 1081 short (50/50%)
    [trial 8] Sharpe=-0.0095 (folds: -0.1586, 0.0167, 0.1403, 0.0898, -0.1359)
    [trial 9] 48 features, training_days=260 | threshold=0.620 | labels: 1087 long, 1081 short (50/50%)
    [trial 9] Sharpe=0.0333 (folds: -0.0992, 0.2882, 0.1335, -0.0489, -0.1069)
    [trial 10] 48 features, training_days=470 | threshold=0.534 | labels: 1087 long, 1081 short (50/50%)
    [trial 10] Sharpe=-0.0067 (folds: -0.2046, 0.2675, 0.0370, -0.0327, -0.1006)
    [trial 11] 48 features, training_days=340 | threshold=0.672 | labels: 1087 long, 1081 short (50/50%)
    [trial 11] Sharpe=-0.0251 (folds: -0.2259, 0.2550, 0.0560, -0.0960, -0.1144)
    [trial 12] 48 features, training_days=340 | threshold=0.673 | labels: 1087 long, 1081 short (50/50%)
    [trial 12] Sharpe=-0.0170 (folds: -0.1241, 0.3336, 0.1102, -0.1911, -0.2138)
    [trial 13] 48 features, training_days=10 | threshold=0.619 | labels: 1087 long, 1081 short (50/50%)
    [trial 13] Sharpe=-0.1430 (folds: -0.2704, -0.3149, 0.0216, 0.1984, -0.3500)
    [trial 14] 48 features, training_days=290 | threshold=0.698 | labels: 1087 long, 1081 short (50/50%)
    [trial 14] Sharpe=-0.0204 (folds: -0.2068, 0.1842, 0.1956, -0.1563, -0.1187)[I 2026-06-01 12:57:45,154] Trial 14 finished with value: -0.020372809235393374 and parameters: {'confidence_threshold': 0.6978580818353284, 'training_days': 290, 'n_estimators': 280, 'max_depth': 4, 'num_leaves': 56, 'learning_rate': 0.1450254414015962, 'subsample': 0.6612240067383277, 'colsample_bytree': 0.9977226699583523, 'min_child_samples': 80, 'reg_alpha': 0.06393304247493362, 'reg_lambda': 0.00019286729276019797}. Best is trial 9 with value: 0.03331765719867209.
[I 2026-06-01 12:57:45,437] Trial 15 finished with value: 2.223935814929523e-05 and parameters: {'confidence_threshold': 0.5026055290809989, 'training_days': 460, 'n_estimators': 300, 'max_depth': 4, 'num_leaves': 24, 'learning_rate': 0.047964452603681096, 'subsample': 0.507007918467014, 'colsample_bytree': 0.7241986323105418, 'min_child_samples': 55, 'reg_alpha': 9.061543342246209, 'reg_lambda': 3.5532501480887757}. Best is trial 9 with value: 0.03331765719867209.
[I 2026-06-01 12:57:45,723] Trial 16 finished with value: 0.039185116399370785 and parameters: {'confidence_threshold': 0.6433594868320274, 'training_days': 270, 'n_estimators': 438, 'max_depth': 3, 'num_leaves': 35, 'learning_rate': 0.011618707686079076, 'subsample': 0.7616663246379325, 'colsample_bytree': 0.9182676696103418, 'min_child_samples': 39, 'reg_alpha': 1.6323832176782968e-06, 'reg_lambda': 3.808650723358034e-07}. Best is trial 16 with value: 0.039185116399370785.
[I 2026-06-01 12:57:46,032] Trial 17 finished with value: -0.006562780152787615 and parameters: {'confidence_threshold': 0.6235092015218521, 'training_days': 400, 'n_estimators': 429, 'max_depth': 3, 'num_leaves': 31, 'learning_rate': 0.01020133185214465, 'subsample': 0.8931012917025368, 'colsample_bytree': 0.9038549837305562, 'min_child_samples': 44, 'reg_alpha': 0.031339913113165224, 'reg_lambda': 3.0129460280426735e-07}. Best is trial 16 with value: 0.039185116399370785.
[I 2026-06-01 12:57:46,231] A new study created in memory with name: no-name-8f58908f-e993-4aff-96d7-92c9f0ab624e
[I 2026-06-01 12:57:46,430] Trial 0 finished with value: -0.11840077566725438 and parameters: {'confidence_threshold': 0.5870645682749857, 'training_days': 90, 'n_estimators': 403, 'max_depth': 5, 'num_leaves': 45, 'learning_rate': 0.0780457193679974, 'subsample': 0.9428509515574568, 'colsample_bytree': 0.8795587339164916, 'min_child_samples': 34, 'reg_alpha': 2.2465901234314442e-07, 'reg_lambda': 8.339007036475363e-05}. Best is trial 0 with value: -0.11840077566725438.
[I 2026-06-01 12:57:46,539] Trial 1 finished with value: 0.0037530678556038782 and parameters: {'confidence_threshold': 0.6348453934275313, 'training_days': 290, 'n_estimators': 115, 'max_depth': 5, 'num_leaves': 37, 'learning_rate': 0.06949568759029946, 'subsample': 0.8228505074024268, 'colsample_bytree': 0.8616703220431751, 'min_child_samples': 75, 'reg_alpha': 4.2486822725010923e-07, 'reg_lambda': 1.157247767047042e-07}. Best is trial 1 with value: 0.0037530678556038782.
[I 2026-06-01 12:57:46,556] Trial 2 finished with value: -0.14304558166712272 and parameters: {'confidence_threshold': 0.5849570384370288, 'training_days': 10, 'n_estimators': 212, 'max_depth': 3, 'num_leaves': 41, 'learning_rate': 0.18452095998378365, 'subsample': 0.6001060822924371, 'colsample_bytree': 0.5673167293506167, 'min_child_samples': 37, 'reg_alpha': 5.733250064217131, 'reg_lambda': 0.5308454292595461}. Best is trial 1 with value: 0.0037530678556038782.
[I 2026-06-01 12:57:46,628] Trial 3 finished with value: -0.02659547592213868 and parameters: {'confidence_threshold': 0.6868248626683718, 'training_days': 220, 'n_estimators': 134, 'max_depth': 3, 'num_leaves': 45, 'learning_rate': 0.033529007907491595, 'subsample': 0.8647277071858408, 'colsample_bytree': 0.778494116634046, 'min_child_samples': 96, 'reg_alpha': 2.409409937265785e-07, 'reg_lambda': 1.1642073478060009}. Best is trial 1 with value: 0.0037530678556038782.
[I 2026-06-01 12:57:46,706] Trial 4 finished with value: 0.02189883979340549 and parameters: {'confidence_threshold': 0.5623121348350352, 'training_days': 300, 'n_estimators': 69, 'max_depth': 4, 'num_leaves': 32, 'learning_rate': 0.14967629360700346, 'subsample': 0.5054535233636654, 'colsample_bytree': 0.7401385194659216, 'min_child_samples': 27, 'reg_alpha': 1.4212042567426725e-07, 'reg_lambda': 0.23605753701352003}. Best is trial 4 with value: 0.02189883979340549.
[I 2026-06-01 12:57:47,112] Trial 5 finished with value: -0.01694942246071526 and parameters: {'confidence_threshold': 0.7111850244908446, 'training_days': 490, 'n_estimators': 362, 'max_depth': 5, 'num_leaves': 40, 'learning_rate': 0.05960785724162737, 'subsample': 0.5589714368907717, 'colsample_bytree': 0.6659006943232806, 'min_child_samples': 42, 'reg_alpha': 0.6741360303045295, 'reg_lambda': 6.054601607143087e-08}. Best is trial 4 with value: 0.02189883979340549.
[I 2026-06-01 12:57:47,285] Trial 6 finished with value: -0.00557513153109244 and parameters: {'confidence_threshold': 0.667482545748023, 'training_days': 420, 'n_estimators': 279, 'max_depth': 3, 'num_leaves': 45, 'learning_rate': 0.040099592560849204, 'subsample': 0.8563114696415159, 'colsample_bytree': 0.5442917781944105, 'min_child_samples': 50, 'reg_alpha': 1.6407916423707903e-08, 'reg_lambda': 2.935907642973286e-05}. Best is trial 4 with value: 0.02189883979340549.
[I 2026-06-01 12:57:47,434] Trial 7 finished with value: -0.05221341970446815 and parameters: {'confidence_threshold': 0.5497381024139926, 'training_days': 120, 'n_estimators': 408, 'max_depth': 5, 'num_leaves': 38, 'learning_rate': 0.28049122657745795, 'subsample': 0.8806573338635493, 'colsample_bytree': 0.5454054113547102, 'min_child_samples': 63, 'reg_alpha': 0.01263008637940408, 'reg_lambda': 0.04588020805366937}. Best is trial 4 with value: 0.02189883979340549.
[I 2026-06-01 12:57:47,688] Trial 8 finished with value: -0.036541306129536585 and parameters: {'confidence_threshold': 0.719644804808716, 'training_days': 450, 'n_estimators': 410, 'max_depth': 4, 'num_leaves': 57, 'learning_rate': 0.04022026551478857, 'subsample': 0.5336085426932707, 'colsample_bytree': 0.5705742850577543, 'min_child_samples': 100, 'reg_alpha': 5.916398047912201e-07, 'reg_lambda': 0.9794034214488329}. Best is trial 4 with value: 0.02189883979340549.
[I 2026-06-01 12:57:47,714] Trial 9 finished with value: -4.005363359242959 and parameters: {'confidence_threshold': 0.7267463643917187, 'training_days': 20, 'n_estimators': 337, 'max_depth': 5, 'num_leaves': 23, 'learning_rate': 0.022153031811454605, 'subsample': 0.6305627572358737, 'colsample_bytree': 0.6613413774216214, 'min_child_samples': 81, 'reg_alpha': 5.7638634029410314e-08, 'reg_lambda': 8.26603016764008}. Best is trial 4 with value: 0.02189883979340549.
[I 2026-06-01 12:57:47,801] Trial 10 finished with value: -0.04566552098930731 and parameters: {'confidence_threshold': 0.8398533911817929, 'training_days': 320, 'n_estimators': 52, 'max_depth': 4, 'num_leaves': 15, 'learning_rate': 0.1708019296390162, 'subsample': 0.7130289643560688, 'colsample_bytree': 0.9944479338273263, 'min_child_samples': 23, 'reg_alpha': 6.837313901272251e-05, 'reg_lambda': 0.007549769720510555}. Best is trial 4 with value: 0.02189883979340549.
[I 2026-06-01 12:57:47,880] Trial 11 finished with value: 0.10561117375370895 and parameters: {'confidence_threshold': 0.6075016155177957, 'training_days': 300, 'n_estimators': 54, 'max_depth': 4, 'num_leaves': 29, 'learning_rate': 0.010226258249598861, 'subsample': 0.741942921860466, 'colsample_bytree': 0.8016610248739169, 'min_child_samples': 71, 'reg_alpha': 2.5646023357365184e-05, 'reg_lambda': 7.359299995524362e-08}. Best is trial 11 with value: 0.10561117375370895.
[I 2026-06-01 12:57:47,962] Trial 12 finished with value: 0.017580318443410244 and parameters: {'confidence_threshold': 0.5145853631584999, 'training_days': 360, 'n_estimators': 54, 'max_depth': 4, 'num_leaves': 26, 'learning_rate': 0.010306365551845425, 'subsample': 0.708221374482378, 'colsample_bytree': 0.7647361233728238, 'min_child_samples': 62, 'reg_alpha': 5.113460481149383e-05, 'reg_lambda': 2.0831803692649198e-06}. Best is trial 11 with value: 0.10561117375370895.
[I 2026-06-01 12:57:48,084] Trial 13 finished with value: -0.04777865578873718 and parameters: {'confidence_threshold': 0.6092349708206475, 'training_days': 210, 'n_estimators': 180, 'max_depth': 4, 'num_leaves': 30, 'learning_rate': 0.010705822780645373, 'subsample': 0.6510286759524097, 'colsample_bytree': 0.8586462110355289, 'min_child_samples': 77, 'reg_alpha': 8.465942575614097e-06, 'reg_lambda': 0.002213814638104446}. Best is trial 11 with value: 0.10561117375370895.
[I 2026-06-01 12:57:48,534] Trial 14 finished with value: -0.022445912368846348 and parameters: {'confidence_threshold': 0.5043119352038526, 'training_days': 380, 'n_estimators': 500, 'max_depth': 4, 'num_leaves': 31, 'learning_rate': 0.11008871219728299, 'subsample': 0.5024308104942443, 'colsample_bytree': 0.6999580784418055, 'min_child_samples': 22, 'reg_alpha': 0.005155395008974287, 'reg_lambda': 1.9537169326802645e-06}. Best is trial 11 with value: 0.10561117375370895.
[I 2026-06-01 12:57:48,645] Trial 15 finished with value: -2.0250602183399824 and parameters: {'confidence_threshold': 0.7829525506318393, 'training_days': 250, 'n_estimators': 109, 'max_depth': 4, 'num_leaves': 18, 'learning_rate': 0.017198807752211255, 'subsample': 0.7712750015662843, 'colsample_bytree': 0.8144377937283438, 'min_child_samples': 56, 'reg_alpha': 3.6671354882961693e-06, 'reg_lambda': 0.0013467843257158065}. Best is trial 11 with value: 0.10561117375370895.
[I 2026-06-01 12:57:48,782] Trial 16 finished with value: -0.049911990367394056 and parameters: {'confidence_threshold': 0.5499943839243128, 'training_days': 170, 'n_estimators': 227, 'max_depth': 4, 'num_leaves': 55, 'learning_rate': 0.10440758277565931, 'subsample': 0.9475927193380842, 'colsample_bytree': 0.9580393811111498, 'min_child_samples': 70, 'reg_alpha': 0.0017917333073489729, 'reg_lambda': 0.027962847203500334}. Best is trial 11 with value: 0.10561117375370895.
