[I 2026-06-01 13:02:48,612] Trial 3 finished with value: 0.010428674613120387 and parameters: {'confidence_threshold': 0.6868248626683718, 'training_days': 220, 'n_estimators': 134, 'max_depth': 3, 'num_leaves': 45, 'learning_rate': 0.033529007907491595, 'subsample': 0.8647277071858408, 'colsample_bytree': 0.778494116634046, 'min_child_samples': 96, 'reg_alpha': 2.409409937265785e-07, 'reg_lambda': 1.1642073478060009}. Best is trial 3 with value: 0.010428674613120387.
[I 2026-06-01 13:02:48,691] Trial 4 finished with value: -0.002732765240075935 and parameters: {'confidence_threshold': 0.5623121348350352, 'training_days': 300, 'n_estimators': 69, 'max_depth': 4, 'num_leaves': 32, 'learning_rate': 0.14967629360700346, 'subsample': 0.5054535233636654, 'colsample_bytree': 0.7401385194659216, 'min_child_samples': 27, 'reg_alpha': 1.4212042567426725e-07, 'reg_lambda': 0.23605753701352003}. Best is trial 3 with value: 0.010428674613120387.
[I 2026-06-01 13:02:49,068] Trial 5 finished with value: -0.012764505167102935 and parameters: {'confidence_threshold': 0.7111850244908446, 'training_days': 490, 'n_estimators': 362, 'max_depth': 5, 'num_leaves': 40, 'learning_rate': 0.05960785724162737, 'subsample': 0.5589714368907717, 'colsample_bytree': 0.6659006943232806, 'min_child_samples': 42, 'reg_alpha': 0.6741360303045295, 'reg_lambda': 6.054601607143087e-08}. Best is trial 3 with value: 0.010428674613120387.
[I 2026-06-01 13:02:49,232] Trial 6 finished with value: -0.061434129313137596 and parameters: {'confidence_threshold': 0.667482545748023, 'training_days': 420, 'n_estimators': 279, 'max_depth': 3, 'num_leaves': 45, 'learning_rate': 0.040099592560849204, 'subsample': 0.8563114696415159, 'colsample_bytree': 0.5442917781944105, 'min_child_samples': 50, 'reg_alpha': 1.6407916423707903e-08, 'reg_lambda': 2.935907642973286e-05}. Best is trial 3 with value: 0.010428674613120387.
[I 2026-06-01 13:02:49,376] Trial 7 finished with value: -0.01861384134094222 and parameters: {'confidence_threshold': 0.5497381024139926, 'training_days': 120, 'n_estimators': 408, 'max_depth': 5, 'num_leaves': 38, 'learning_rate': 0.28049122657745795, 'subsample': 0.8806573338635493, 'colsample_bytree': 0.5454054113547102, 'min_child_samples': 63, 'reg_alpha': 0.01263008637940408, 'reg_lambda': 0.04588020805366937}. Best is trial 3 with value: 0.010428674613120387.
[I 2026-06-01 13:02:49,652] Trial 8 finished with value: -0.03583739923636268 and parameters: {'confidence_threshold': 0.719644804808716, 'training_days': 450, 'n_estimators': 410, 'max_depth': 4, 'num_leaves': 57, 'learning_rate': 0.04022026551478857, 'subsample': 0.5336085426932707, 'colsample_bytree': 0.5705742850577543, 'min_child_samples': 100, 'reg_alpha': 5.916398047912201e-07, 'reg_lambda': 0.9794034214488329}. Best is trial 3 with value: 0.010428674613120387.
[I 2026-06-01 13:02:49,679] Trial 9 finished with value: -4.082470268691263 and parameters: {'confidence_threshold': 0.7267463643917187, 'training_days': 20, 'n_estimators': 337, 'max_depth': 5, 'num_leaves': 23, 'learning_rate': 0.022153031811454605, 'subsample': 0.6305627572358737, 'colsample_bytree': 0.6613413774216214, 'min_child_samples': 81, 'reg_alpha': 5.7638634029410314e-08, 'reg_lambda': 8.26603016764008}. Best is trial 3 with value: 0.010428674613120387.
[I 2026-06-01 13:02:49,781] Trial 10 finished with value: -6.070308535555198 and parameters: {'confidence_threshold': 0.8283920119574972, 'training_days': 200, 'n_estimators': 181, 'max_depth': 3, 'num_leaves': 62, 'learning_rate': 0.011579281028220855, 'subsample': 0.7130289643560688, 'colsample_bytree': 0.9944479338273263, 'min_child_samples': 100, 'reg_alpha': 6.837313901272251e-05, 'reg_lambda': 0.0027253228209330924}. Best is trial 3 with value: 0.010428674613120387.
[I 2026-06-01 13:02:49,877] Trial 11 finished with value: 0.0018841644206654463 and parameters: {'confidence_threshold': 0.7923497887859747, 'training_days': 310, 'n_estimators': 54, 'max_depth': 4, 'num_leaves': 25, 'learning_rate': 0.1297992221495942, 'subsample': 0.7459055835274097, 'colsample_bytree': 0.7917880498308183, 'min_child_samples': 21, 'reg_alpha': 2.5646023357365184e-05, 'reg_lambda': 0.012624986057467648}. Best is trial 3 with value: 0.010428674613120387.
[I 2026-06-01 13:02:49,971] Trial 12 finished with value: 0.005645931027487938 and parameters: {'confidence_threshold': 0.823724329897743, 'training_days': 360, 'n_estimators': 54, 'max_depth': 4, 'num_leaves': 15, 'learning_rate': 0.12411615325331521, 'subsample': 0.7376180335274016, 'colsample_bytree': 0.8281073835005534, 'min_child_samples': 21, 'reg_alpha': 5.113460481149383e-05, 'reg_lambda': 0.0043762371699676405}. Best is trial 3 with value: 0.010428674613120387.
[I 2026-06-01 13:02:50,112] Trial 13 finished with value: -0.04136119293737851 and parameters: {'confidence_threshold': 0.5040535938350955, 'training_days': 380, 'n_estimators': 157, 'max_depth': 4, 'num_leaves': 15, 'learning_rate': 0.023468126747120118, 'subsample': 0.9755936541801561, 'colsample_bytree': 0.8590679397496528, 'min_child_samples': 82, 'reg_alpha': 0.0013772311624376018, 'reg_lambda': 4.319307027509083e-06}. Best is trial 3 with value: 0.010428674613120387.
[I 2026-06-01 13:02:50,407] Trial 14 finished with value: -0.016821961176490936 and parameters: {'confidence_threshold': 0.7723320301796328, 'training_days': 210, 'n_estimators': 500, 'max_depth': 3, 'num_leaves': 53, 'learning_rate': 0.10216752887890647, 'subsample': 0.6776505255398512, 'colsample_bytree': 0.9442898477823972, 'min_child_samples': 58, 'reg_alpha': 5.767742376040379e-06, 'reg_lambda': 0.0014709214223004336}. Best is trial 3 with value: 0.010428674613120387.
[I 2026-06-01 13:02:50,497] Trial 15 finished with value: -4.151447167161436 and parameters: {'confidence_threshold': 0.8491775285505467, 'training_days': 220, 'n_estimators': 110, 'max_depth': 3, 'num_leaves': 16, 'learning_rate': 0.027837053988777765, 'subsample': 0.7859829960132325, 'colsample_bytree': 0.7682974819988115, 'min_child_samples': 64, 'reg_alpha': 0.0017563287990813212, 'reg_lambda': 7.697467210155571}. Best is trial 3 with value: 0.010428674613120387.
[I 2026-06-01 13:02:50,691] Trial 16 finished with value: -1.7897480834871484 and parameters: {'confidence_threshold': 0.7736148395034319, 'training_days': 360, 'n_estimators': 239, 'max_depth': 4, 'num_leaves': 51, 'learning_rate': 0.01075017295833875, 'subsample': 0.8895528828208856, 'colsample_bytree': 0.704113745800891, 'min_child_samples': 89, 'reg_alpha': 5.1105273093821545e-06, 'reg_lambda': 0.05076654292593965}. Best is trial 3 with value: 0.010428674613120387.
[I 2026-06-01 13:02:50,774] Trial 17 finished with value: -0.03224090191782466 and parameters: {'confidence_threshold': 0.6631541823595956, 'training_days': 150, 'n_estimators': 123, 'max_depth': 3, 'num_leaves': 26, 'learning_rate': 0.2698757304976118, 'subsample': 0.7912899898389397, 'colsample_bytree': 0.818047657790725, 'min_child_samples': 50, 'reg_alpha': 0.0001488409801152137, 'reg_lambda': 0.0005618254787777617}. Best is trial 3 with value: 0.010428674613120387.

    [CV fold 2] train_end=2024-03-21 00:00 | val_start=2024-03-28 16:00 | gap=184h (22 rows)
    [CV fold 3] train_end=2024-07-19 08:00 | val_start=2024-07-27 00:00 | gap=184h (22 rows)
    [CV fold 4] train_end=2024-11-16 16:00 | val_start=2024-11-24 08:00 | gap=184h (22 rows)
    [trial 0] Sharpe=-0.0020 (folds: 0.0069, 0.1853, -0.0238, -0.0018, -0.1763)
    [trial 1] 48 features, training_days=220 | threshold=0.755 | labels: 1182 long, 989 short (54/46%)
    [trial 1] Sharpe=-2.0762 (folds: 0.0474, 0.0122, -0.0795, -10.0000, -0.3611)
    [trial 2] 48 features, training_days=310 | threshold=0.754 | labels: 1182 long, 989 short (54/46%)
    [trial 2] Sharpe=-0.0321 (folds: -0.1129, 0.0839, -0.0814, 0.1453, -0.1951)
    [trial 3] 48 features, training_days=220 | threshold=0.673 | labels: 1182 long, 989 short (54/46%)
    [trial 3] Sharpe=-0.0200 (folds: -0.0307, 0.0976, -0.0159, 0.0260, -0.1771)
    [trial 4] 48 features, training_days=130 | threshold=0.803 | labels: 1182 long, 989 short (54/46%)
    [trial 4] Sharpe=-0.0364 (folds: -0.1023, 0.0148, 0.0141, 0.0196, -0.1284)
    [trial 5] 48 features, training_days=210 | threshold=0.606 | labels: 1182 long, 989 short (54/46%)
    [trial 5] Sharpe=-0.0688 (folds: -0.0153, -0.0388, -0.0598, 0.0179, -0.2481)
    [trial 6] 48 features, training_days=130 | threshold=0.767 | labels: 1182 long, 989 short (54/46%)
    [trial 6] Sharpe=-0.0218 (folds: -0.0360, 0.0538, 0.0180, -0.0448, -0.0998)
    [trial 7] 48 features, training_days=80 | threshold=0.556 | labels: 1182 long, 989 short (54/46%)
    [trial 7] Sharpe=0.0073 (folds: 0.1005, 0.2693, -0.1225, 0.0129, -0.2236)
    [trial 8] 48 features, training_days=200 | threshold=0.607 | labels: 1182 long, 989 short (54/46%)
    [trial 8] Sharpe=-0.0046 (folds: 0.0222, 0.1268, -0.0059, 0.0488, -0.2148)
    [trial 9] 48 features, training_days=260 | threshold=0.620 | labels: 1182 long, 989 short (54/46%)
    [trial 9] Sharpe=-0.1128 (folds: -0.0424, -0.0617, -0.0528, -0.1198, -0.2871)
    [trial 10] 48 features, training_days=10 | threshold=0.525 | labels: 1182 long, 989 short (54/46%)
    [trial 10] Sharpe=-0.0172 (folds: -0.4813, 0.3020, 0.0241, 0.1607, -0.0918)
    [trial 11] 48 features, training_days=480 | threshold=0.508 | labels: 1182 long, 989 short (54/46%)
    [trial 11] Sharpe=-0.0683 (folds: -0.0820, -0.0930, 0.0189, 0.0206, -0.2061)
    [trial 12] 48 features, training_days=10 | threshold=0.660 | labels: 1182 long, 989 short (54/46%)
    [trial 12] Sharpe=-0.0172 (folds: -0.4813, 0.3020, 0.0241, 0.1607, -0.0918)
    [trial 13] 48 features, training_days=120 | threshold=0.713 | labels: 1182 long, 989 short (54/46%)
    [trial 13] Sharpe=0.0324 (folds: 0.0437, 0.0592, 0.0629, 0.0487, -0.0527)
    [trial 14] 48 features, training_days=70 | threshold=0.563 | labels: 1182 long, 989 short (54/46%)
    [trial 14] Sharpe=0.0007 (folds: -0.0745, 0.2600, -0.0101, 0.0972, -0.2692)
    [trial 15] 48 features, training_days=320 | threshold=0.707 | labels: 1182 long, 989 short (54/46%)
    [trial 15] Sharpe=-0.0860 (folds: -0.0024, -0.0750, -0.0895, -0.0024, -0.2606)
    [trial 16] 48 features, training_days=80 | threshold=0.822 | labels: 1182 long, 989 short (54/46%)
    [trial 16] Sharpe=-0.0589 (folds: -0.3195, 0.2142, -0.0596, 0.0923, -0.2220)
    [trial 17] 48 features, training_days=70 | threshold=0.562 | labels: 1182 long, 989 short (54/46%)
    [trial 17] Sharpe=0.0365 (folds: 0.1669, 0.1974, -0.0774, 0.0990, -0.2034)
  Optuna: 18 trials, best Sharpe = 0.0365
  Best params: n_estimators=223, max_depth=3, lr=0.1609, leaves=33
  Best confidence_threshold: 0.562
  Best training_days: 70
  Retrained on full data (210 samples, 48 features)
  [ensemble 3/3] seed=456
    [trial 0] 48 features, training_days=90 | threshold=0.587 | labels: 1182 long, 989 short (54/46%)
    [CV fold 0] train_end=2023-07-24 08:00 | val_start=2023-08-01 00:00 | gap=184h (22 rows)
    [CV fold 1] train_end=2023-11-21 16:00 | val_start=2023-11-29 08:00 | gap=184h (22 rows)
    [CV fold 2] train_end=2024-03-21 00:00 | val_start=2024-03-28 16:00 | gap=184h (22 rows)
    [CV fold 3] train_end=2024-07-19 08:00 | val_start=2024-07-27 00:00 | gap=184h (22 rows)
    [CV fold 4] train_end=2024-11-16 16:00 | val_start=2024-11-24 08:00 | gap=184h (22 rows)
    [trial 0] Sharpe=-0.0220 (folds: -0.1003, 0.1578, -0.0824, 0.0976, -0.1829)
    [trial 1] 48 features, training_days=290 | threshold=0.635 | labels: 1182 long, 989 short (54/46%)
    [trial 1] Sharpe=-0.1167 (folds: -0.0112, -0.1021, -0.1207, -0.0662, -0.2830)
    [trial 2] 48 features, training_days=10 | threshold=0.585 | labels: 1182 long, 989 short (54/46%)
    [trial 2] Sharpe=-0.0172 (folds: -0.4813, 0.3020, 0.0241, 0.1607, -0.0918)
    [trial 3] 48 features, training_days=220 | threshold=0.687 | labels: 1182 long, 989 short (54/46%)
    [trial 3] Sharpe=0.0104 (folds: 0.1022, 0.0990, -0.1104, 0.1738, -0.2125)
    [trial 4] 48 features, training_days=300 | threshold=0.562 | labels: 1182 long, 989 short (54/46%)
    [trial 4] Sharpe=-0.0027 (folds: -0.0686, 0.1570, -0.0072, 0.0343, -0.1291)
    [trial 5] 48 features, training_days=490 | threshold=0.711 | labels: 1182 long, 989 short (54/46%)
    [trial 5] Sharpe=-0.0128 (folds: -0.0135, 0.0688, -0.0164, 0.1209, -0.2237)
    [trial 6] 48 features, training_days=420 | threshold=0.667 | labels: 1182 long, 989 short (54/46%)
    [trial 6] Sharpe=-0.0614 (folds: -0.0236, 0.0196, -0.0603, 0.0687, -0.3117)
    [trial 7] 48 features, training_days=120 | threshold=0.550 | labels: 1182 long, 989 short (54/46%)
    [trial 7] Sharpe=-0.0186 (folds: -0.0330, 0.1032, -0.0292, 0.0641, -0.1982)
    [trial 8] 48 features, training_days=450 | threshold=0.720 | labels: 1182 long, 989 short (54/46%)
    [trial 8] Sharpe=-0.0358 (folds: 0.0040, -0.0653, -0.0943, 0.1168, -0.1403)
    [trial 9] 48 features, training_days=20 | threshold=0.727 | labels: 1182 long, 989 short (54/46%)
    [trial 9] Sharpe=-4.0825 (folds: -0.4813, -10.0000, -10.0000, 0.1607, -0.0918)
    [trial 10] 48 features, training_days=200 | threshold=0.828 | labels: 1182 long, 989 short (54/46%)
    [trial 10] Sharpe=-6.0703 (folds: -10.0000, -10.0000, 0.2845, -10.0000, -0.6360)
    [trial 11] 48 features, training_days=310 | threshold=0.792 | labels: 1182 long, 989 short (54/46%)
    [trial 11] Sharpe=0.0019 (folds: -0.1075, 0.2482, 0.0022, 0.1428, -0.2763)
    [trial 12] 48 features, training_days=360 | threshold=0.824 | labels: 1182 long, 989 short (54/46%)
    [trial 12] Sharpe=0.0056 (folds: -0.0800, 0.2109, 0.0482, 0.3167, -0.4675)
    [trial 13] 48 features, training_days=380 | threshold=0.504 | labels: 1182 long, 989 short (54/46%)
    [trial 13] Sharpe=-0.0414 (folds: -0.0172, -0.0461, 0.0674, 0.0338, -0.2447)
    [trial 14] 48 features, training_days=210 | threshold=0.772 | labels: 1182 long, 989 short (54/46%)
    [trial 14] Sharpe=-0.0168 (folds: 0.0163, 0.1267, -0.0480, 0.0438, -0.2229)
    [trial 15] 48 features, training_days=220 | threshold=0.849 | labels: 1182 long, 989 short (54/46%)
    [trial 15] Sharpe=-4.1514 (folds: 0.0050, -10.0000, -0.0763, -10.0000, -0.6860)
    [trial 16] 48 features, training_days=360 | threshold=0.774 | labels: 1182 long, 989 short (54/46%)
    [trial 16] Sharpe=-1.7897 (folds: 0.1905, 0.1873, -0.2143, 0.8878, -10.0000)
    [trial 17] 48 features, training_days=150 | threshold=0.663 | labels: 1182 long, 989 short (54/46%)
    [trial 17] Sharpe=-0.0322 (folds: -0.0040, 0.0965, -0.1380, 0.0579, -0.1735)
  Optuna: 18 trials, best Sharpe = 0.0104
  Best params: n_estimators=134, max_depth=3, lr=0.0335, leaves=45
  Best confidence_threshold: 0.687
  Best training_days: 220
  Retrained on full data (660 samples, 48 features)
  OOD: 16 features, cutoff (q=0.7) = 9.28
  Model trained for 2025-04: 90 test candles with features, confidence_threshold=0.690
[predict] 2025-04-01 00:00 BTCUSDT → SHORT (proba=0.71 TP=6.1%/SL=3.0%)
[trade:open] 2025-04-01 07:59 BTCUSDT SHORT @ 83415.20 | SL=85938.72 TP=78368.17 | timeout=2025-04-08 07:59
[trade:close] 2025-04-02 15:59 BTCUSDT SHORT → stop_loss @ 85938.72 | PnL=-3.03% (net -3.13%) | cum=+8.41% 2025-04=-3.13% 2025-04-02=-3.13%
[predict] 2025-04-03 16:00 BTCUSDT → LONG (proba=0.71 TP=8.7%/SL=4.3%)[I 2026-06-01 13:02:51,442] A new study created in memory with name: no-name-a97e1600-26d0-46e9-b737-f5840a7c8836
[I 2026-06-01 13:02:51,760] Trial 0 finished with value: -0.09060176897245147 and parameters: {'confidence_threshold': 0.6310890415965769, 'training_days': 480, 'n_estimators': 380, 'max_depth': 4, 'num_leaves': 22, 'learning_rate': 0.01699897838270077, 'subsample': 0.5290418060840998, 'colsample_bytree': 0.9330880728874675, 'min_child_samples': 68, 'reg_alpha': 0.023585940584142682, 'reg_lambda': 1.5320059381854043e-08}. Best is trial 0 with value: -0.09060176897245147.
[I 2026-06-01 13:02:51,880] Trial 1 finished with value: -2.0234070636784733 and parameters: {'confidence_threshold': 0.839468448256698, 'training_days': 420, 'n_estimators': 145, 'max_depth': 3, 'num_leaves': 23, 'learning_rate': 0.028145092716060652, 'subsample': 0.762378215816119, 'colsample_bytree': 0.7159725093210578, 'min_child_samples': 43, 'reg_alpha': 0.0032112643094417484, 'reg_lambda': 1.8007140198129195e-07}. Best is trial 0 with value: -0.09060176897245147.
[I 2026-06-01 13:02:52,038] Trial 2 finished with value: -0.14107405735873124 and parameters: {'confidence_threshold': 0.6022506269873263, 'training_days': 190, 'n_estimators': 255, 'max_depth': 5, 'num_leaves': 24, 'learning_rate': 0.05748924681991978, 'subsample': 0.7962072844310213, 'colsample_bytree': 0.5232252063599989, 'min_child_samples': 69, 'reg_alpha': 3.425445902633376e-07, 'reg_lambda': 3.850031979199519e-08}. Best is trial 0 with value: -0.09060176897245147.
[I 2026-06-01 13:02:52,296] Trial 3 finished with value: -0.08298844982795647 and parameters: {'confidence_threshold': 0.8321099380386666, 'training_days': 490, 'n_estimators': 414, 'max_depth': 3, 'num_leaves': 19, 'learning_rate': 0.1024932221692416, 'subsample': 0.7200762468698007, 'colsample_bytree': 0.5610191174223894, 'min_child_samples': 60, 'reg_alpha': 2.039373116525212e-08, 'reg_lambda': 1.527156759251193}. Best is trial 3 with value: -0.08298844982795647.
[I 2026-06-01 13:02:52,452] Trial 4 finished with value: -0.14787325210377783 and parameters: {'confidence_threshold': 0.5905729935600059, 'training_days': 340, 'n_estimators': 190, 'max_depth': 4, 'num_leaves': 41, 'learning_rate': 0.01875220945578641, 'subsample': 0.9847923138822793, 'colsample_bytree': 0.8875664116805573, 'min_child_samples': 96, 'reg_alpha': 1.1309571585271483, 'reg_lambda': 0.002404915432737351}. Best is trial 3 with value: -0.08298844982795647.
[I 2026-06-01 13:02:52,490] Trial 5 finished with value: -2.044218022616055 and parameters: {'confidence_threshold': 0.8226559822580909, 'training_days': 50, 'n_estimators': 138, 'max_depth': 3, 'num_leaves': 30, 'learning_rate': 0.03750796359625606, 'subsample': 0.6356745158869479, 'colsample_bytree': 0.9143687545759647, 'min_child_samples': 48, 'reg_alpha': 3.376063348877853e-06, 'reg_lambda': 0.0007660634613082914}. Best is trial 3 with value: -0.08298844982795647.
[I 2026-06-01 13:02:52,602] Trial 6 finished with value: -0.07295038852739713 and parameters: {'confidence_threshold': 0.5493234787411669, 'training_days': 410, 'n_estimators': 83, 'max_depth': 5, 'num_leaves': 52, 'learning_rate': 0.019657448966046126, 'subsample': 0.5027610585618012, 'colsample_bytree': 0.9077307142274171, 'min_child_samples': 77, 'reg_alpha': 0.03639690979811287, 'reg_lambda': 0.08738424135626986}. Best is trial 6 with value: -0.07295038852739713.
[I 2026-06-01 13:02:52,696] Trial 7 finished with value: -0.08550667894839967 and parameters: {'confidence_threshold': 0.5259156281069316, 'training_days': 180, 'n_estimators': 102, 'max_depth': 5, 'num_leaves': 45, 'learning_rate': 0.030816017044468066, 'subsample': 0.5317791751430119, 'colsample_bytree': 0.6554911608578311, 'min_child_samples': 46, 'reg_alpha': 0.036851536911881845, 'reg_lambda': 0.005470376807480391}. Best is trial 6 with value: -0.07295038852739713.
[I 2026-06-01 13:02:52,798] Trial 8 finished with value: -0.08237462800267788 and parameters: {'confidence_threshold': 0.8105244599017143, 'training_days': 240, 'n_estimators': 103, 'max_depth': 5, 'num_leaves': 52, 'learning_rate': 0.06746437142284309, 'subsample': 0.8854835899772805, 'colsample_bytree': 0.7468977981821954, 'min_child_samples': 62, 'reg_alpha': 7.04480806377519e-05, 'reg_lambda': 1.6934490731313353e-08}. Best is trial 6 with value: -0.07295038852739713.
[I 2026-06-01 13:02:52,825] Trial 9 finished with value: -0.04875149876002059 and parameters: {'confidence_threshold': 0.5377619994476566, 'training_days': 20, 'n_estimators': 337, 'max_depth': 3, 'num_leaves': 39, 'learning_rate': 0.21907142272152816, 'subsample': 0.6246461145744375, 'colsample_bytree': 0.7051914615178149, 'min_child_samples': 81, 'reg_alpha': 1.1459970229341322e-06, 'reg_lambda': 4.929685216887945e-08}. Best is trial 9 with value: -0.04875149876002059.
[I 2026-06-01 13:02:52,863] Trial 10 finished with value: -2.0251174607444216 and parameters: {'confidence_threshold': 0.7449289185605341, 'training_days': 10, 'n_estimators': 487, 'max_depth': 3, 'num_leaves': 61, 'learning_rate': 0.21914469472126635, 'subsample': 0.628963476300746, 'colsample_bytree': 0.8189858776055304, 'min_child_samples': 27, 'reg_alpha': 2.8948477959263623e-05, 'reg_lambda': 3.3639426888455256e-06}. Best is trial 9 with value: -0.04875149876002059.
[I 2026-06-01 13:02:53,115] Trial 11 finished with value: -0.11842742306147942 and parameters: {'confidence_threshold': 0.5031729138375424, 'training_days': 350, 'n_estimators': 327, 'max_depth': 4, 'num_leaves': 52, 'learning_rate': 0.010432023013264416, 'subsample': 0.6089267919181687, 'colsample_bytree': 0.8279718712234718, 'min_child_samples': 89, 'reg_alpha': 4.018687704804354, 'reg_lambda': 0.5855213887055177}. Best is trial 9 with value: -0.04875149876002059.
[I 2026-06-01 13:02:53,228] Trial 12 finished with value: -0.07955864377183382 and parameters: {'confidence_threshold': 0.5524132565058795, 'training_days': 140, 'n_estimators': 228, 'max_depth': 4, 'num_leaves': 33, 'learning_rate': 0.2959628420607887, 'subsample': 0.5392311924833902, 'colsample_bytree': 0.9955462072303609, 'min_child_samples': 84, 'reg_alpha': 0.0010435482830539913, 'reg_lambda': 3.06242583717076e-05}. Best is trial 9 with value: -0.04875149876002059.
