[I 2026-06-01 12:58:45,365] Trial 7 finished with value: -0.006587173342986602 and parameters: {'confidence_threshold': 0.5497381024139926, 'training_days': 120, 'n_estimators': 408, 'max_depth': 5, 'num_leaves': 38, 'learning_rate': 0.28049122657745795, 'subsample': 0.8806573338635493, 'colsample_bytree': 0.5454054113547102, 'min_child_samples': 63, 'reg_alpha': 0.01263008637940408, 'reg_lambda': 0.04588020805366937}. Best is trial 0 with value: 0.029898859403747646.
[I 2026-06-01 12:58:45,626] Trial 8 finished with value: -0.04212108959498515 and parameters: {'confidence_threshold': 0.719644804808716, 'training_days': 450, 'n_estimators': 410, 'max_depth': 4, 'num_leaves': 57, 'learning_rate': 0.04022026551478857, 'subsample': 0.5336085426932707, 'colsample_bytree': 0.5705742850577543, 'min_child_samples': 100, 'reg_alpha': 5.916398047912201e-07, 'reg_lambda': 0.9794034214488329}. Best is trial 0 with value: 0.029898859403747646.
[I 2026-06-01 12:58:45,647] Trial 9 finished with value: -1.943754268342423 and parameters: {'confidence_threshold': 0.7267463643917187, 'training_days': 20, 'n_estimators': 337, 'max_depth': 5, 'num_leaves': 23, 'learning_rate': 0.022153031811454605, 'subsample': 0.6305627572358737, 'colsample_bytree': 0.6613413774216214, 'min_child_samples': 81, 'reg_alpha': 5.7638634029410314e-08, 'reg_lambda': 8.26603016764008}. Best is trial 0 with value: 0.029898859403747646.
[I 2026-06-01 12:58:45,975] Trial 10 finished with value: 0.015240162934298562 and parameters: {'confidence_threshold': 0.8398533911817929, 'training_days': 130, 'n_estimators': 485, 'max_depth': 4, 'num_leaves': 62, 'learning_rate': 0.014251957942824738, 'subsample': 0.9901604570372973, 'colsample_bytree': 0.9944479338273263, 'min_child_samples': 23, 'reg_alpha': 6.837313901272251e-05, 'reg_lambda': 0.0006976939169966911}. Best is trial 0 with value: 0.029898859403747646.
[I 2026-06-01 12:58:46,000] Trial 11 finished with value: 0.020689412758396603 and parameters: {'confidence_threshold': 0.6072368037709402, 'training_days': 10, 'n_estimators': 209, 'max_depth': 3, 'num_leaves': 52, 'learning_rate': 0.11404807996447297, 'subsample': 0.6723820940370181, 'colsample_bytree': 0.9214296292909252, 'min_child_samples': 39, 'reg_alpha': 9.462315171876126, 'reg_lambda': 0.0005236575902925062}. Best is trial 0 with value: 0.029898859403747646.
[I 2026-06-01 12:58:46,120] Trial 12 finished with value: 0.03191689405767279 and parameters: {'confidence_threshold': 0.5145853631584999, 'training_days': 100, 'n_estimators': 225, 'max_depth': 4, 'num_leaves': 24, 'learning_rate': 0.2756224496967539, 'subsample': 0.7104876748464373, 'colsample_bytree': 0.8420599046380293, 'min_child_samples': 34, 'reg_alpha': 5.1540087663888455e-05, 'reg_lambda': 7.808144674439909e-06}. Best is trial 12 with value: 0.03191689405767279.
[I 2026-06-01 12:58:46,255] Trial 13 finished with value: -0.0003739900966713616 and parameters: {'confidence_threshold': 0.5007578887007379, 'training_days': 130, 'n_estimators': 281, 'max_depth': 4, 'num_leaves': 15, 'learning_rate': 0.29059085888397806, 'subsample': 0.7285075406372798, 'colsample_bytree': 0.8495958918148055, 'min_child_samples': 55, 'reg_alpha': 2.963896140175456e-05, 'reg_lambda': 4.1742585603347775e-06}. Best is trial 12 with value: 0.03191689405767279.
[I 2026-06-01 12:58:46,652] Trial 14 finished with value: -0.09206161029554735 and parameters: {'confidence_threshold': 0.5059456949419407, 'training_days': 210, 'n_estimators': 500, 'max_depth': 4, 'num_leaves': 25, 'learning_rate': 0.1033105421878099, 'subsample': 0.7851487748866213, 'colsample_bytree': 0.9228883580015161, 'min_child_samples': 30, 'reg_alpha': 0.0014314880434360274, 'reg_lambda': 3.152801865889112e-06}. Best is trial 12 with value: 0.03191689405767279.
[I 2026-06-01 12:58:46,819] Trial 15 finished with value: 0.035083459865082156 and parameters: {'confidence_threshold': 0.5384547595901322, 'training_days': 100, 'n_estimators': 209, 'max_depth': 5, 'num_leaves': 27, 'learning_rate': 0.010004759393459526, 'subsample': 0.960914876027716, 'colsample_bytree': 0.8016857527730332, 'min_child_samples': 21, 'reg_alpha': 5.874064724140862e-06, 'reg_lambda': 0.0026406526000485684}. Best is trial 15 with value: 0.035083459865082156.
[I 2026-06-01 12:58:47,028] Trial 16 finished with value: -0.059063571402078706 and parameters: {'confidence_threshold': 0.5342385135314496, 'training_days': 190, 'n_estimators': 197, 'max_depth': 4, 'num_leaves': 23, 'learning_rate': 0.010462521924716028, 'subsample': 0.7327144381455577, 'colsample_bytree': 0.7805779776629735, 'min_child_samples': 20, 'reg_alpha': 5.758305324346575e-06, 'reg_lambda': 0.0023129676861629294}. Best is trial 15 with value: 0.035083459865082156.

    [trial 16] Sharpe=-0.0126 (folds: 0.2038, -0.2263, 0.0229, -0.1954, 0.1320)
    [trial 17] 48 features, training_days=290 | threshold=0.664 | labels: 1055 long, 1113 short (49/51%)
    [trial 17] Sharpe=-0.0868 (folds: 0.1688, -0.3758, -0.0168, -0.2416, 0.0317)
  Optuna: 18 trials, best Sharpe = 0.0958
  Best params: n_estimators=138, max_depth=3, lr=0.0375, leaves=30
  Best confidence_threshold: 0.823
  Best training_days: 50
  Retrained on full data (150 samples, 48 features)
  [ensemble 2/3] seed=123
    [trial 0] 48 features, training_days=150 | threshold=0.744 | labels: 1055 long, 1113 short (49/51%)
    [CV fold 0] train_end=2021-09-22 08:00 | val_start=2021-09-30 00:00 | gap=184h (22 rows)
    [CV fold 1] train_end=2022-01-20 16:00 | val_start=2022-01-28 08:00 | gap=184h (22 rows)
    [CV fold 2] train_end=2022-05-21 00:00 | val_start=2022-05-28 16:00 | gap=184h (22 rows)
    [CV fold 3] train_end=2022-09-18 08:00 | val_start=2022-09-26 00:00 | gap=184h (22 rows)
    [CV fold 4] train_end=2023-01-16 16:00 | val_start=2023-01-24 08:00 | gap=184h (22 rows)
    [trial 0] Sharpe=-0.0747 (folds: 0.2584, -0.4554, -0.1364, -0.1115, 0.0712)
    [trial 1] 48 features, training_days=220 | threshold=0.755 | labels: 1055 long, 1113 short (49/51%)
    [trial 1] Sharpe=-3.9418 (folds: 0.2291, -0.4105, 0.4722, -10.0000, -10.0000)
    [trial 2] 48 features, training_days=310 | threshold=0.754 | labels: 1055 long, 1113 short (49/51%)
    [trial 2] Sharpe=-0.0776 (folds: 0.2486, -0.4394, 0.0091, -0.2533, 0.0470)
    [trial 3] 48 features, training_days=220 | threshold=0.673 | labels: 1055 long, 1113 short (49/51%)
    [trial 3] Sharpe=-0.0866 (folds: 0.1574, -0.3141, 0.1424, -0.2616, -0.1570)
    [trial 4] 48 features, training_days=130 | threshold=0.803 | labels: 1055 long, 1113 short (49/51%)
    [trial 4] Sharpe=-0.0653 (folds: 0.1587, -0.4149, -0.0452, -0.0820, 0.0568)
    [trial 5] 48 features, training_days=210 | threshold=0.606 | labels: 1055 long, 1113 short (49/51%)
    [trial 5] Sharpe=-0.0296 (folds: 0.2281, -0.2748, 0.0352, -0.2313, 0.0948)
    [trial 6] 48 features, training_days=130 | threshold=0.767 | labels: 1055 long, 1113 short (49/51%)
    [trial 6] Sharpe=-0.0130 (folds: 0.1980, -0.1381, -0.0971, -0.1743, 0.1467)
    [trial 7] 48 features, training_days=80 | threshold=0.556 | labels: 1055 long, 1113 short (49/51%)
    [trial 7] Sharpe=0.0250 (folds: 0.2222, 0.0166, -0.1007, -0.0127, -0.0005)
    [trial 8] 48 features, training_days=200 | threshold=0.607 | labels: 1055 long, 1113 short (49/51%)
    [trial 8] Sharpe=-0.0738 (folds: 0.1869, -0.2694, -0.0661, -0.2582, 0.0377)
    [trial 9] 48 features, training_days=260 | threshold=0.620 | labels: 1055 long, 1113 short (49/51%)
    [trial 9] Sharpe=-0.0710 (folds: 0.1828, -0.3120, -0.0176, -0.2809, 0.0725)
    [trial 10] 48 features, training_days=10 | threshold=0.525 | labels: 1055 long, 1113 short (49/51%)
    [trial 10] Sharpe=0.0207 (folds: 0.0894, 0.0300, 0.0909, -0.1778, 0.0709)
    [trial 11] 48 features, training_days=10 | threshold=0.505 | labels: 1055 long, 1113 short (49/51%)
    [trial 11] Sharpe=0.0207 (folds: 0.0894, 0.0300, 0.0909, -0.1778, 0.0709)
    [trial 12] 48 features, training_days=470 | threshold=0.511 | labels: 1055 long, 1113 short (49/51%)
    [trial 12] Sharpe=-0.0275 (folds: 0.1432, -0.1958, -0.1120, -0.0386, 0.0658)
    [trial 13] 48 features, training_days=10 | threshold=0.558 | labels: 1055 long, 1113 short (49/51%)
    [trial 13] Sharpe=0.0207 (folds: 0.0894, 0.0300, 0.0909, -0.1778, 0.0709)
    [trial 14] 48 features, training_days=70 | threshold=0.554 | labels: 1055 long, 1113 short (49/51%)
    [trial 14] Sharpe=-0.0257 (folds: 0.0358, -0.0067, -0.0320, -0.1094, -0.0159)
    [trial 15] 48 features, training_days=80 | threshold=0.555 | labels: 1055 long, 1113 short (49/51%)
    [trial 15] Sharpe=0.0143 (folds: 0.2453, -0.0445, -0.0656, -0.0839, 0.0199)
    [trial 16] 48 features, training_days=350 | threshold=0.671 | labels: 1055 long, 1113 short (49/51%)
    [trial 16] Sharpe=-0.0819 (folds: 0.2258, -0.3279, -0.0974, -0.2597, 0.0495)
    [trial 17] 48 features, training_days=70 | threshold=0.576 | labels: 1055 long, 1113 short (49/51%)
    [trial 17] Sharpe=0.0173 (folds: 0.1277, -0.0673, -0.0081, -0.0166, 0.0508)
  Optuna: 18 trials, best Sharpe = 0.0250
  Best params: n_estimators=363, max_depth=3, lr=0.0659, leaves=48
  Best confidence_threshold: 0.556
  Best training_days: 80
  Retrained on full data (240 samples, 48 features)
  [ensemble 3/3] seed=456
    [trial 0] 48 features, training_days=90 | threshold=0.587 | labels: 1055 long, 1113 short (49/51%)
    [CV fold 0] train_end=2021-09-22 08:00 | val_start=2021-09-30 00:00 | gap=184h (22 rows)
    [CV fold 1] train_end=2022-01-20 16:00 | val_start=2022-01-28 08:00 | gap=184h (22 rows)
    [CV fold 2] train_end=2022-05-21 00:00 | val_start=2022-05-28 16:00 | gap=184h (22 rows)
    [CV fold 3] train_end=2022-09-18 08:00 | val_start=2022-09-26 00:00 | gap=184h (22 rows)
    [CV fold 4] train_end=2023-01-16 16:00 | val_start=2023-01-24 08:00 | gap=184h (22 rows)
    [trial 0] Sharpe=0.0299 (folds: 0.1823, 0.0001, 0.1022, -0.0666, -0.0685)
    [trial 1] 48 features, training_days=290 | threshold=0.635 | labels: 1055 long, 1113 short (49/51%)
    [trial 1] Sharpe=-0.0502 (folds: 0.1760, -0.3047, -0.0748, -0.1853, 0.1376)
    [trial 2] 48 features, training_days=10 | threshold=0.585 | labels: 1055 long, 1113 short (49/51%)
    [trial 2] Sharpe=0.0207 (folds: 0.0894, 0.0300, 0.0909, -0.1778, 0.0709)
    [trial 3] 48 features, training_days=220 | threshold=0.687 | labels: 1055 long, 1113 short (49/51%)
    [trial 3] Sharpe=-0.0193 (folds: 0.2583, -0.5102, 0.2393, -0.1267, 0.0427)
    [trial 4] 48 features, training_days=300 | threshold=0.562 | labels: 1055 long, 1113 short (49/51%)
    [trial 4] Sharpe=-0.0978 (folds: 0.1542, -0.3294, -0.0831, -0.2980, 0.0675)
    [trial 5] 48 features, training_days=490 | threshold=0.711 | labels: 1055 long, 1113 short (49/51%)
    [trial 5] Sharpe=-0.0726 (folds: 0.2131, -0.3995, -0.0782, -0.1082, 0.0100)
    [trial 6] 48 features, training_days=420 | threshold=0.667 | labels: 1055 long, 1113 short (49/51%)
    [trial 6] Sharpe=-0.0688 (folds: 0.1730, -0.3772, -0.1459, -0.1678, 0.1736)
    [trial 7] 48 features, training_days=120 | threshold=0.550 | labels: 1055 long, 1113 short (49/51%)
    [trial 7] Sharpe=-0.0066 (folds: 0.1856, -0.1978, -0.0260, -0.0578, 0.0631)
    [trial 8] 48 features, training_days=450 | threshold=0.720 | labels: 1055 long, 1113 short (49/51%)
    [trial 8] Sharpe=-0.0421 (folds: 0.2527, -0.3267, -0.1262, -0.1030, 0.0926)
    [trial 9] 48 features, training_days=20 | threshold=0.727 | labels: 1055 long, 1113 short (49/51%)
    [trial 9] Sharpe=-1.9438 (folds: 0.0894, 0.0300, 0.0909, -10.0000, 0.0709)
    [trial 10] 48 features, training_days=130 | threshold=0.840 | labels: 1055 long, 1113 short (49/51%)
    [trial 10] Sharpe=0.0152 (folds: 0.2547, -0.1915, -0.1185, -0.1458, 0.2773)
    [trial 11] 48 features, training_days=10 | threshold=0.607 | labels: 1055 long, 1113 short (49/51%)
    [trial 11] Sharpe=0.0207 (folds: 0.0894, 0.0300, 0.0909, -0.1778, 0.0709)
    [trial 12] 48 features, training_days=100 | threshold=0.515 | labels: 1055 long, 1113 short (49/51%)
    [trial 12] Sharpe=0.0319 (folds: 0.2194, -0.0491, 0.0868, -0.1850, 0.0875)
    [trial 13] 48 features, training_days=130 | threshold=0.501 | labels: 1055 long, 1113 short (49/51%)
    [trial 13] Sharpe=-0.0004 (folds: 0.1630, -0.1503, 0.0045, -0.0795, 0.0603)
    [trial 14] 48 features, training_days=210 | threshold=0.506 | labels: 1055 long, 1113 short (49/51%)
    [trial 14] Sharpe=-0.0921 (folds: 0.1562, -0.3315, 0.0643, -0.3084, -0.0409)
    [trial 15] 48 features, training_days=100 | threshold=0.538 | labels: 1055 long, 1113 short (49/51%)
    [trial 15] Sharpe=0.0351 (folds: 0.2467, 0.0225, 0.1627, -0.1750, -0.0816)
    [trial 16] 48 features, training_days=190 | threshold=0.534 | labels: 1055 long, 1113 short (49/51%)
    [trial 16] Sharpe=-0.0591 (folds: 0.2401, -0.4134, -0.0345, -0.2243, 0.1368)
    [trial 17] 48 features, training_days=70 | threshold=0.783 | labels: 1055 long, 1113 short (49/51%)[I 2026-06-01 12:58:47,090] Trial 17 finished with value: 0.01794984049609671 and parameters: {'confidence_threshold': 0.7832867107850556, 'training_days': 70, 'n_estimators': 162, 'max_depth': 5, 'num_leaves': 16, 'learning_rate': 0.02201894951926673, 'subsample': 0.6718064291677197, 'colsample_bytree': 0.7142219102330146, 'min_child_samples': 48, 'reg_alpha': 0.0024816157733588496, 'reg_lambda': 0.008662537409706083}. Best is trial 15 with value: 0.035083459865082156.
[I 2026-06-01 12:58:47,593] A new study created in memory with name: no-name-1490da57-6be9-4c7a-8930-0eef71aa8d3b
[I 2026-06-01 12:58:47,917] Trial 0 finished with value: -0.035539411031684946 and parameters: {'confidence_threshold': 0.6310890415965769, 'training_days': 480, 'n_estimators': 380, 'max_depth': 4, 'num_leaves': 22, 'learning_rate': 0.01699897838270077, 'subsample': 0.5290418060840998, 'colsample_bytree': 0.9330880728874675, 'min_child_samples': 68, 'reg_alpha': 0.023585940584142682, 'reg_lambda': 1.5320059381854043e-08}. Best is trial 0 with value: -0.035539411031684946.
[I 2026-06-01 12:58:48,032] Trial 1 finished with value: -1.9883267447845383 and parameters: {'confidence_threshold': 0.839468448256698, 'training_days': 420, 'n_estimators': 145, 'max_depth': 3, 'num_leaves': 23, 'learning_rate': 0.028145092716060652, 'subsample': 0.762378215816119, 'colsample_bytree': 0.7159725093210578, 'min_child_samples': 43, 'reg_alpha': 0.0032112643094417484, 'reg_lambda': 1.8007140198129195e-07}. Best is trial 0 with value: -0.035539411031684946.
[I 2026-06-01 12:58:48,174] Trial 2 finished with value: -0.0230887113557924 and parameters: {'confidence_threshold': 0.6022506269873263, 'training_days': 190, 'n_estimators': 255, 'max_depth': 5, 'num_leaves': 24, 'learning_rate': 0.05748924681991978, 'subsample': 0.7962072844310213, 'colsample_bytree': 0.5232252063599989, 'min_child_samples': 69, 'reg_alpha': 3.425445902633376e-07, 'reg_lambda': 3.850031979199519e-08}. Best is trial 2 with value: -0.0230887113557924.
[I 2026-06-01 12:58:48,420] Trial 3 finished with value: -0.11123464789455192 and parameters: {'confidence_threshold': 0.8321099380386666, 'training_days': 490, 'n_estimators': 414, 'max_depth': 3, 'num_leaves': 19, 'learning_rate': 0.1024932221692416, 'subsample': 0.7200762468698007, 'colsample_bytree': 0.5610191174223894, 'min_child_samples': 60, 'reg_alpha': 2.039373116525212e-08, 'reg_lambda': 1.527156759251193}. Best is trial 2 with value: -0.0230887113557924.
[I 2026-06-01 12:58:48,565] Trial 4 finished with value: -0.11376268649644332 and parameters: {'confidence_threshold': 0.5905729935600059, 'training_days': 340, 'n_estimators': 190, 'max_depth': 4, 'num_leaves': 41, 'learning_rate': 0.01875220945578641, 'subsample': 0.9847923138822793, 'colsample_bytree': 0.8875664116805573, 'min_child_samples': 96, 'reg_alpha': 1.1309571585271483, 'reg_lambda': 0.002404915432737351}. Best is trial 2 with value: -0.0230887113557924.
[I 2026-06-01 12:58:48,602] Trial 5 finished with value: -0.14622285870822313 and parameters: {'confidence_threshold': 0.8226559822580909, 'training_days': 50, 'n_estimators': 138, 'max_depth': 3, 'num_leaves': 30, 'learning_rate': 0.03750796359625606, 'subsample': 0.6356745158869479, 'colsample_bytree': 0.9143687545759647, 'min_child_samples': 48, 'reg_alpha': 3.376063348877853e-06, 'reg_lambda': 0.0007660634613082914}. Best is trial 2 with value: -0.0230887113557924.
[I 2026-06-01 12:58:48,699] Trial 6 finished with value: -0.06056737280859836 and parameters: {'confidence_threshold': 0.5493234787411669, 'training_days': 410, 'n_estimators': 83, 'max_depth': 5, 'num_leaves': 52, 'learning_rate': 0.019657448966046126, 'subsample': 0.5027610585618012, 'colsample_bytree': 0.9077307142274171, 'min_child_samples': 77, 'reg_alpha': 0.03639690979811287, 'reg_lambda': 0.08738424135626986}. Best is trial 2 with value: -0.0230887113557924.
[I 2026-06-01 12:58:48,790] Trial 7 finished with value: -0.029145313269736527 and parameters: {'confidence_threshold': 0.5259156281069316, 'training_days': 180, 'n_estimators': 102, 'max_depth': 5, 'num_leaves': 45, 'learning_rate': 0.030816017044468066, 'subsample': 0.5317791751430119, 'colsample_bytree': 0.6554911608578311, 'min_child_samples': 46, 'reg_alpha': 0.036851536911881845, 'reg_lambda': 0.005470376807480391}. Best is trial 2 with value: -0.0230887113557924.
[I 2026-06-01 12:58:48,887] Trial 8 finished with value: 0.05123610757694245 and parameters: {'confidence_threshold': 0.8105244599017143, 'training_days': 240, 'n_estimators': 103, 'max_depth': 5, 'num_leaves': 52, 'learning_rate': 0.06746437142284309, 'subsample': 0.8854835899772805, 'colsample_bytree': 0.7468977981821954, 'min_child_samples': 62, 'reg_alpha': 7.04480806377519e-05, 'reg_lambda': 1.6934490731313353e-08}. Best is trial 8 with value: 0.05123610757694245.
[I 2026-06-01 12:58:48,912] Trial 9 finished with value: -2.031976005912509 and parameters: {'confidence_threshold': 0.5377619994476566, 'training_days': 20, 'n_estimators': 337, 'max_depth': 3, 'num_leaves': 39, 'learning_rate': 0.21907142272152816, 'subsample': 0.6246461145744375, 'colsample_bytree': 0.7051914615178149, 'min_child_samples': 81, 'reg_alpha': 1.1459970229341322e-06, 'reg_lambda': 4.929685216887945e-08}. Best is trial 8 with value: 0.05123610757694245.
[I 2026-06-01 12:58:49,459] Trial 10 finished with value: -0.12841159431614624 and parameters: {'confidence_threshold': 0.734042426776949, 'training_days': 280, 'n_estimators': 487, 'max_depth': 5, 'num_leaves': 62, 'learning_rate': 0.10432148521337849, 'subsample': 0.9416850669512905, 'colsample_bytree': 0.8120417635861826, 'min_child_samples': 27, 'reg_alpha': 7.238112263003475e-05, 'reg_lambda': 3.3639426888455256e-06}. Best is trial 8 with value: 0.05123610757694245.
[I 2026-06-01 12:58:49,581] Trial 11 finished with value: -0.03788897048271707 and parameters: {'confidence_threshold': 0.7064141682072129, 'training_days': 170, 'n_estimators': 245, 'max_depth': 5, 'num_leaves': 55, 'learning_rate': 0.070278144758503, 'subsample': 0.863624974073976, 'colsample_bytree': 0.5038432927256977, 'min_child_samples': 87, 'reg_alpha': 4.76478459329104e-08, 'reg_lambda': 7.868729181011707e-06}. Best is trial 8 with value: 0.05123610757694245.
[I 2026-06-01 12:58:49,717] Trial 12 finished with value: -0.048306910719551635 and parameters: {'confidence_threshold': 0.7683435244955696, 'training_days': 180, 'n_estimators': 257, 'max_depth': 4, 'num_leaves': 31, 'learning_rate': 0.05445057683691509, 'subsample': 0.8426110070012842, 'colsample_bytree': 0.6188171054052629, 'min_child_samples': 65, 'reg_alpha': 5.6535530920430964e-05, 'reg_lambda': 2.0771847423585894e-06}. Best is trial 8 with value: 0.05123610757694245.
[I 2026-06-01 12:58:49,891] Trial 13 finished with value: -0.06768946434088968 and parameters: {'confidence_threshold': 0.648468212177187, 'training_days': 260, 'n_estimators': 214, 'max_depth': 5, 'num_leaves': 32, 'learning_rate': 0.20158174220210204, 'subsample': 0.8690491710631163, 'colsample_bytree': 0.8081667901910176, 'min_child_samples': 72, 'reg_alpha': 1.2505046450524292e-06, 'reg_lambda': 3.9794797075090296e-05}. Best is trial 8 with value: 0.05123610757694245.
[I 2026-06-01 12:58:50,011] Trial 14 finished with value: -0.0932659287425254 and parameters: {'confidence_threshold': 0.6122975625169359, 'training_days': 100, 'n_estimators': 311, 'max_depth': 4, 'num_leaves': 15, 'learning_rate': 0.1113698271960675, 'subsample': 0.7718441115005977, 'colsample_bytree': 0.9897127958863723, 'min_child_samples': 55, 'reg_alpha': 9.136746211641124e-06, 'reg_lambda': 1.6308976466085072e-07}. Best is trial 8 with value: 0.05123610757694245.
[I 2026-06-01 12:58:50,067] Trial 15 finished with value: 0.025694328097402252 and parameters: {'confidence_threshold': 0.6887540779211444, 'training_days': 120, 'n_estimators': 52, 'max_depth': 5, 'num_leaves': 50, 'learning_rate': 0.010359623362260938, 'subsample': 0.9092527541364609, 'colsample_bytree': 0.5065896071904618, 'min_child_samples': 28, 'reg_alpha': 1.5075578924776514e-07, 'reg_lambda': 1.4846210073902318e-08}. Best is trial 8 with value: 0.05123610757694245.
[I 2026-06-01 12:58:50,125] Trial 16 finished with value: -7.980088916706348 and parameters: {'confidence_threshold': 0.7878833239872037, 'training_days': 110, 'n_estimators': 59, 'max_depth': 4, 'num_leaves': 51, 'learning_rate': 0.011145349368176318, 'subsample': 0.9371158895275773, 'colsample_bytree': 0.6207689137744942, 'min_child_samples': 26, 'reg_alpha': 0.0006210874370228953, 'reg_lambda': 6.784978204286876e-07}. Best is trial 8 with value: 0.05123610757694245.
