[I 2026-06-01 13:00:18,998] Trial 1 finished with value: -2.141434354551751 and parameters: {'confidence_threshold': 0.839468448256698, 'training_days': 420, 'n_estimators': 145, 'max_depth': 3, 'num_leaves': 23, 'learning_rate': 0.028145092716060652, 'subsample': 0.762378215816119, 'colsample_bytree': 0.7159725093210578, 'min_child_samples': 43, 'reg_alpha': 0.0032112643094417484, 'reg_lambda': 1.8007140198129195e-07}. Best is trial 0 with value: 0.04354891217317821.
[I 2026-06-01 13:00:19,191] Trial 2 finished with value: -0.0024537884630606243 and parameters: {'confidence_threshold': 0.6022506269873263, 'training_days': 190, 'n_estimators': 255, 'max_depth': 5, 'num_leaves': 24, 'learning_rate': 0.05748924681991978, 'subsample': 0.7962072844310213, 'colsample_bytree': 0.5232252063599989, 'min_child_samples': 69, 'reg_alpha': 3.425445902633376e-07, 'reg_lambda': 3.850031979199519e-08}. Best is trial 0 with value: 0.04354891217317821.
[I 2026-06-01 13:00:19,467] Trial 3 finished with value: 0.026135032098529576 and parameters: {'confidence_threshold': 0.8321099380386666, 'training_days': 490, 'n_estimators': 414, 'max_depth': 3, 'num_leaves': 19, 'learning_rate': 0.1024932221692416, 'subsample': 0.7200762468698007, 'colsample_bytree': 0.5610191174223894, 'min_child_samples': 60, 'reg_alpha': 2.039373116525212e-08, 'reg_lambda': 1.527156759251193}. Best is trial 0 with value: 0.04354891217317821.
[I 2026-06-01 13:00:19,622] Trial 4 finished with value: 0.0003786422320754601 and parameters: {'confidence_threshold': 0.5905729935600059, 'training_days': 340, 'n_estimators': 190, 'max_depth': 4, 'num_leaves': 41, 'learning_rate': 0.01875220945578641, 'subsample': 0.9847923138822793, 'colsample_bytree': 0.8875664116805573, 'min_child_samples': 96, 'reg_alpha': 1.1309571585271483, 'reg_lambda': 0.002404915432737351}. Best is trial 0 with value: 0.04354891217317821.

    [trial 1] Sharpe=-0.0859 (folds: -0.2818, -0.2078, -0.0795, 0.1798, -0.0404)
    [trial 2] 48 features, training_days=10 | threshold=0.585 | labels: 1143 long, 1028 short (53/47%)
    [trial 2] Sharpe=-0.1582 (folds: -0.0381, -0.1161, 0.0019, -0.3416, -0.2971)
    [trial 3] 48 features, training_days=220 | threshold=0.687 | labels: 1143 long, 1028 short (53/47%)
    [trial 3] Sharpe=0.0276 (folds: -0.2749, -0.0561, 0.1231, 0.3844, -0.0385)
    [trial 4] 48 features, training_days=300 | threshold=0.562 | labels: 1143 long, 1028 short (53/47%)
    [trial 4] Sharpe=-0.0953 (folds: -0.2136, -0.2110, -0.1690, 0.0762, 0.0410)
    [trial 5] 48 features, training_days=490 | threshold=0.711 | labels: 1143 long, 1028 short (53/47%)
    [trial 5] Sharpe=-0.0608 (folds: -0.2467, -0.2134, -0.1038, 0.2449, 0.0152)
    [trial 6] 48 features, training_days=420 | threshold=0.667 | labels: 1143 long, 1028 short (53/47%)
    [trial 6] Sharpe=-0.0709 (folds: -0.3282, -0.1742, -0.0077, 0.1641, -0.0084)
    [trial 7] 48 features, training_days=120 | threshold=0.550 | labels: 1143 long, 1028 short (53/47%)
    [trial 7] Sharpe=-0.0268 (folds: -0.1852, -0.0780, 0.0976, -0.0349, 0.0666)
    [trial 8] 48 features, training_days=450 | threshold=0.720 | labels: 1143 long, 1028 short (53/47%)
    [trial 8] Sharpe=-0.0356 (folds: -0.1996, -0.2337, 0.0082, 0.2926, -0.0456)
    [trial 9] 48 features, training_days=20 | threshold=0.727 | labels: 1143 long, 1028 short (53/47%)
    [trial 9] Sharpe=-7.9783 (folds: -10.0000, -10.0000, -10.0000, 0.1085, -10.0000)
    [trial 10] 48 features, training_days=200 | threshold=0.828 | labels: 1143 long, 1028 short (53/47%)
    [trial 10] Sharpe=-5.9531 (folds: -10.0000, -10.0000, 0.3711, -10.0000, -0.1367)
    [trial 11] 48 features, training_days=170 | threshold=0.792 | labels: 1143 long, 1028 short (53/47%)
    [trial 11] Sharpe=-0.0049 (folds: -0.1596, -0.0751, 0.1025, 0.1816, -0.0738)
    [trial 12] 48 features, training_days=200 | threshold=0.824 | labels: 1143 long, 1028 short (53/47%)
    [trial 12] Sharpe=0.0354 (folds: -0.2158, -0.1534, 0.1148, 0.7145, -0.2833)
    [trial 13] 48 features, training_days=370 | threshold=0.504 | labels: 1143 long, 1028 short (53/47%)
    [trial 13] Sharpe=-0.0276 (folds: -0.2340, -0.1132, 0.0178, 0.1717, 0.0196)
    [trial 14] 48 features, training_days=240 | threshold=0.772 | labels: 1143 long, 1028 short (53/47%)
    [trial 14] Sharpe=-0.0600 (folds: -0.2619, -0.1272, -0.0336, 0.2413, -0.1185)
    [trial 15] 48 features, training_days=320 | threshold=0.849 | labels: 1143 long, 1028 short (53/47%)
    [trial 15] Sharpe=-0.0702 (folds: -0.2936, -0.1602, -0.4953, 0.4587, 0.1395)
    [trial 16] 48 features, training_days=210 | threshold=0.774 | labels: 1143 long, 1028 short (53/47%)
    [trial 16] Sharpe=-6.0186 (folds: -10.0000, -0.0207, -10.0000, -10.0000, -0.0724)
    [trial 17] 48 features, training_days=140 | threshold=0.663 | labels: 1143 long, 1028 short (53/47%)
    [trial 17] Sharpe=-0.0149 (folds: -0.2328, -0.0813, 0.1699, 0.1533, -0.0839)
  Optuna: 18 trials, best Sharpe = 0.0354
  Best params: n_estimators=490, max_depth=4, lr=0.0192, leaves=53
  Best confidence_threshold: 0.824
  Best training_days: 200
  Retrained on full data (600 samples, 48 features)
  OOD: 16 features, cutoff (q=0.7) = 11.40
  Model trained for 2024-03: 93 test candles with features, confidence_threshold=0.681
[lgbm] === Training for 2024-04 ===
  Train window: 2022-04-01 → 2024-03-24
  2171 training samples from 1 symbols
  Samples per month: 2022-04: 90, 2022-05: 93, 2022-06: 90, 2022-07: 93, 2022-08: 93, 2022-09: 90, 2022-10: 93, 2022-11: 90, 2022-12: 93, 2023-01: 93, 2023-02: 84, 2023-03: 93, 2023-04: 90, 2023-05: 93, 2023-06: 90, 2023-07: 93, 2023-08: 93, 2023-09: 90, 2023-10: 93, 2023-11: 90, 2023-12: 93, 2024-01: 93, 2024-02: 87, 2024-03: 71
  [label] 2022-06-01 16:00 BTCUSDT entry=29796.9000 → LONG | long=timeout(+1.23%) short=sl(-5.37%) | scanned=22 | no_tp→fwd_return=+1.3277
  [label] 2022-06-04 00:00 BTCUSDT entry=29690.5000 → SHORT | long=timeout(-1.38%) short=sl(-4.68%) | scanned=22 | no_tp→fwd_return=-1.2849
  [label] 2022-06-07 16:00 BTCUSDT entry=31118.1000 → SHORT | long=sl(-5.30%) short=tp(+10.30%) | scanned=13 | short_tp_only
  [label] 2022-07-02 08:00 BTCUSDT entry=19219.9000 → LONG | long=tp(+13.10%) short=sl(-6.70%) | scanned=16 | long_tp_only
  [label] 2022-08-24 00:00 BTCUSDT entry=21305.6000 → SHORT | long=sl(-4.30%) short=tp(+8.30%) | scanned=14 | short_tp_only
  [label] 2023-02-06 00:00 BTCUSDT entry=22873.0000 → SHORT | long=sl(-3.31%) short=timeout(+4.34%) | scanned=22 | no_tp→fwd_return=-4.4410
  [label] 2023-02-10 00:00 BTCUSDT entry=21901.9000 → LONG | long=tp(+6.97%) short=sl(-3.63%) | scanned=17 | long_tp_only
  [label] 2023-02-20 16:00 BTCUSDT entry=24849.9000 → SHORT | long=sl(-4.50%) short=timeout(+5.41%) | scanned=22 | no_tp→fwd_return=-5.5127
  [label] 2023-04-06 16:00 BTCUSDT entry=28022.8000 → LONG | long=tp(+6.72%) short=sl(-3.51%) | scanned=13 | long_tp_only
  [label] 2023-04-15 08:00 BTCUSDT entry=30319.9000 → SHORT | long=sl(-3.04%) short=tp(+5.79%) | scanned=14 | short_tp_only
  [label] 2023-07-14 16:00 BTCUSDT entry=30293.3000 → SHORT | long=timeout(-1.43%) short=timeout(+1.23%) | scanned=22 | no_tp→fwd_return=-1.3267
  [label] 2023-08-15 16:00 BTCUSDT entry=29188.8000 → SHORT | long=sl(-1.58%) short=tp(+2.86%) | scanned=4 | short_tp_only
  [label] 2023-09-01 00:00 BTCUSDT entry=25975.2000 → LONG | long=timeout(+0.94%) short=timeout(-1.14%) | scanned=22 | no_tp→fwd_return=+1.0352
  [label] 2023-09-13 16:00 BTCUSDT entry=26209.9000 → LONG | long=timeout(+3.33%) short=sl(-3.08%) | scanned=22 | no_tp→fwd_return=+3.4254
  [label] 2023-10-02 00:00 BTCUSDT entry=28299.1000 → SHORT | long=sl(-2.59%) short=timeout(+1.65%) | scanned=22 | no_tp→fwd_return=-1.7474
  [label] 2023-10-08 08:00 BTCUSDT entry=27883.5000 → SHORT | long=sl(-2.42%) short=tp(+4.54%) | scanned=10 | short_tp_only
  [label] 2023-10-20 16:00 BTCUSDT entry=29653.0000 → LONG | long=tp(+6.85%) short=sl(-3.57%) | scanned=9 | long_tp_only
  [label] 2023-11-29 08:00 BTCUSDT entry=37817.6000 → LONG | long=tp(+5.89%) short=sl(-3.10%) | scanned=13 | long_tp_only
  [label] 2023-12-09 00:00 BTCUSDT entry=44220.6000 → SHORT | long=sl(-3.32%) short=tp(+6.34%) | scanned=6 | short_tp_only
  [label] 2024-03-04 08:00 BTCUSDT entry=66505.4000 → SHORT | long=sl(-4.26%) short=sl(-4.26%) | scanned=4 | no_tp→fwd_return=-4.1470
  Labels: 1147 long (52.8%), 1024 short (47.2%) | weights: min=1.00, mean=2.88, max=10.00
  Features: 2171/2171 matched, 48 columns
  CV gap: 22 rows
  [ensemble 1/3] seed=42
    [trial 0] 48 features, training_days=480 | threshold=0.631 | labels: 1147 long, 1024 short (53/47%)
    [CV fold 0] train_end=2022-07-24 08:00 | val_start=2022-08-01 00:00 | gap=184h (22 rows)
    [CV fold 1] train_end=2022-11-21 16:00 | val_start=2022-11-29 08:00 | gap=184h (22 rows)
    [CV fold 2] train_end=2023-03-22 00:00 | val_start=2023-03-29 16:00 | gap=184h (22 rows)
    [CV fold 3] train_end=2023-07-20 08:00 | val_start=2023-07-28 00:00 | gap=184h (22 rows)
    [CV fold 4] train_end=2023-11-17 16:00 | val_start=2023-11-25 08:00 | gap=184h (22 rows)
    [trial 0] Sharpe=0.0435 (folds: -0.2394, -0.1492, 0.1711, 0.2246, 0.2106)
    [trial 1] 48 features, training_days=420 | threshold=0.839 | labels: 1147 long, 1024 short (53/47%)
    [trial 1] Sharpe=-2.1414 (folds: -0.5018, -0.6171, -0.0555, -10.0000, 0.4672)
    [trial 2] 48 features, training_days=190 | threshold=0.602 | labels: 1147 long, 1024 short (53/47%)
    [trial 2] Sharpe=-0.0025 (folds: -0.2564, -0.1992, 0.1689, 0.2107, 0.0637)
    [trial 3] 48 features, training_days=490 | threshold=0.832 | labels: 1147 long, 1024 short (53/47%)
    [trial 3] Sharpe=0.0261 (folds: -0.2955, -0.2810, 0.1722, 0.2658, 0.2692)
    [trial 4] 48 features, training_days=340 | threshold=0.591 | labels: 1147 long, 1024 short (53/47%)
    [trial 4] Sharpe=0.0004 (folds: -0.2649, -0.0900, 0.2341, 0.0930, 0.0297)
    [trial 5] 48 features, training_days=50 | threshold=0.823 | labels: 1147 long, 1024 short (53/47%)
    [trial 5] Sharpe=0.0287 (folds: -0.2127, -0.3222, 0.5800, 0.0373, 0.0610)[I 2026-06-01 13:00:19,660] Trial 5 finished with value: 0.02865796530937604 and parameters: {'confidence_threshold': 0.8226559822580909, 'training_days': 50, 'n_estimators': 138, 'max_depth': 3, 'num_leaves': 30, 'learning_rate': 0.03750796359625606, 'subsample': 0.6356745158869479, 'colsample_bytree': 0.9143687545759647, 'min_child_samples': 48, 'reg_alpha': 3.376063348877853e-06, 'reg_lambda': 0.0007660634613082914}. Best is trial 0 with value: 0.04354891217317821.
[I 2026-06-01 13:00:19,766] Trial 6 finished with value: 0.03093924554302798 and parameters: {'confidence_threshold': 0.5493234787411669, 'training_days': 410, 'n_estimators': 83, 'max_depth': 5, 'num_leaves': 52, 'learning_rate': 0.019657448966046126, 'subsample': 0.5027610585618012, 'colsample_bytree': 0.9077307142274171, 'min_child_samples': 77, 'reg_alpha': 0.03639690979811287, 'reg_lambda': 0.08738424135626986}. Best is trial 0 with value: 0.04354891217317821.
[I 2026-06-01 13:00:19,860] Trial 7 finished with value: 0.01140998903839098 and parameters: {'confidence_threshold': 0.5259156281069316, 'training_days': 180, 'n_estimators': 102, 'max_depth': 5, 'num_leaves': 45, 'learning_rate': 0.030816017044468066, 'subsample': 0.5317791751430119, 'colsample_bytree': 0.6554911608578311, 'min_child_samples': 46, 'reg_alpha': 0.036851536911881845, 'reg_lambda': 0.005470376807480391}. Best is trial 0 with value: 0.04354891217317821.
[I 2026-06-01 13:00:19,968] Trial 8 finished with value: -0.09428033839006698 and parameters: {'confidence_threshold': 0.8105244599017143, 'training_days': 240, 'n_estimators': 103, 'max_depth': 5, 'num_leaves': 52, 'learning_rate': 0.06746437142284309, 'subsample': 0.8854835899772805, 'colsample_bytree': 0.7468977981821954, 'min_child_samples': 62, 'reg_alpha': 7.04480806377519e-05, 'reg_lambda': 1.6934490731313353e-08}. Best is trial 0 with value: 0.04354891217317821.
[I 2026-06-01 13:00:19,992] Trial 9 finished with value: -0.14735603643267506 and parameters: {'confidence_threshold': 0.5377619994476566, 'training_days': 20, 'n_estimators': 337, 'max_depth': 3, 'num_leaves': 39, 'learning_rate': 0.21907142272152816, 'subsample': 0.6246461145744375, 'colsample_bytree': 0.7051914615178149, 'min_child_samples': 81, 'reg_alpha': 1.1459970229341322e-06, 'reg_lambda': 4.929685216887945e-08}. Best is trial 0 with value: 0.04354891217317821.
[I 2026-06-01 13:00:20,567] Trial 10 finished with value: 0.01958728369565449 and parameters: {'confidence_threshold': 0.6938635787372303, 'training_days': 350, 'n_estimators': 487, 'max_depth': 4, 'num_leaves': 15, 'learning_rate': 0.011407797829608154, 'subsample': 0.6277217293825994, 'colsample_bytree': 0.9880699499289975, 'min_child_samples': 27, 'reg_alpha': 8.536188349289, 'reg_lambda': 3.3639426888455256e-06}. Best is trial 0 with value: 0.04354891217317821.
[I 2026-06-01 13:00:20,835] Trial 11 finished with value: 0.021009588251378008 and parameters: {'confidence_threshold': 0.6793407361691637, 'training_days': 480, 'n_estimators': 298, 'max_depth': 4, 'num_leaves': 60, 'learning_rate': 0.010345547951401532, 'subsample': 0.5020876636914846, 'colsample_bytree': 0.8450967273762119, 'min_child_samples': 81, 'reg_alpha': 0.04080560208552622, 'reg_lambda': 0.5855213887055177}. Best is trial 0 with value: 0.04354891217317821.
[I 2026-06-01 13:00:21,150] Trial 12 finished with value: 0.02779846047183035 and parameters: {'confidence_threshold': 0.6003047602930186, 'training_days': 380, 'n_estimators': 389, 'max_depth': 4, 'num_leaves': 33, 'learning_rate': 0.01709504394923673, 'subsample': 0.5647996887393298, 'colsample_bytree': 0.9966230134341398, 'min_child_samples': 79, 'reg_alpha': 0.0005674054320943116, 'reg_lambda': 1.4289813315801497e-05}. Best is trial 0 with value: 0.04354891217317821.
[I 2026-06-01 13:00:21,363] Trial 13 finished with value: 0.03004661913131068 and parameters: {'confidence_threshold': 0.7321922500141939, 'training_days': 430, 'n_estimators': 235, 'max_depth': 5, 'num_leaves': 62, 'learning_rate': 0.018778076270349095, 'subsample': 0.5915923719133206, 'colsample_bytree': 0.8279150998060477, 'min_child_samples': 95, 'reg_alpha': 0.09888521121810406, 'reg_lambda': 0.06276998579109166}. Best is trial 0 with value: 0.04354891217317821.
[I 2026-06-01 13:00:21,757] Trial 14 finished with value: -0.0029022040557793146 and parameters: {'confidence_threshold': 0.5658865226328827, 'training_days': 280, 'n_estimators': 499, 'max_depth': 4, 'num_leaves': 54, 'learning_rate': 0.01665153185030586, 'subsample': 0.7005246714565595, 'colsample_bytree': 0.9276320941499675, 'min_child_samples': 74, 'reg_alpha': 0.0035456643748467127, 'reg_lambda': 5.9127438984337655e-05}. Best is trial 0 with value: 0.04354891217317821.
[I 2026-06-01 13:00:21,838] Trial 15 finished with value: 0.06960697973939581 and parameters: {'confidence_threshold': 0.6459551572231198, 'training_days': 500, 'n_estimators': 52, 'max_depth': 5, 'num_leaves': 51, 'learning_rate': 0.11652014437870485, 'subsample': 0.5136095131955983, 'colsample_bytree': 0.8100744538922787, 'min_child_samples': 68, 'reg_alpha': 8.430542834627463e-05, 'reg_lambda': 0.029761719460790308}. Best is trial 15 with value: 0.06960697973939581.
[I 2026-06-01 13:00:22,202] Trial 16 finished with value: 0.025282675818964033 and parameters: {'confidence_threshold': 0.6389198559538911, 'training_days': 470, 'n_estimators': 363, 'max_depth': 4, 'num_leaves': 46, 'learning_rate': 0.14902989272010947, 'subsample': 0.6687531381874703, 'colsample_bytree': 0.8026511841185572, 'min_child_samples': 34, 'reg_alpha': 7.847123733552038e-05, 'reg_lambda': 1.2611438108223133e-06}. Best is trial 15 with value: 0.06960697973939581.
[I 2026-06-01 13:00:22,672] Trial 17 finished with value: 0.005100456624338922 and parameters: {'confidence_threshold': 0.7296153420475378, 'training_days': 500, 'n_estimators': 436, 'max_depth': 5, 'num_leaves': 31, 'learning_rate': 0.2755758891610817, 'subsample': 0.8366733523272174, 'colsample_bytree': 0.7861983638172064, 'min_child_samples': 53, 'reg_alpha': 1.4543766410647756e-05, 'reg_lambda': 0.00020614774879284444}. Best is trial 15 with value: 0.06960697973939581.
[I 2026-06-01 13:00:22,973] A new study created in memory with name: no-name-90631849-b789-4bc1-aac3-60c39f4e39c9
[I 2026-06-01 13:00:23,070] Trial 0 finished with value: 0.05401946389726274 and parameters: {'confidence_threshold': 0.7437642149592516, 'training_days': 150, 'n_estimators': 152, 'max_depth': 4, 'num_leaves': 50, 'learning_rate': 0.04216766425047743, 'subsample': 0.9903820991923078, 'colsample_bytree': 0.8424148692924316, 'min_child_samples': 58, 'reg_alpha': 3.381097259762742e-05, 'reg_lambda': 1.2263152961306247e-05}. Best is trial 0 with value: 0.05401946389726274.
[I 2026-06-01 13:00:23,139] Trial 1 finished with value: -0.00556728632965765 and parameters: {'confidence_threshold': 0.7551673975844145, 'training_days': 220, 'n_estimators': 76, 'max_depth': 4, 'num_leaves': 51, 'learning_rate': 0.018602118810743477, 'subsample': 0.5877258780737462, 'colsample_bytree': 0.7657756869209191, 'min_child_samples': 63, 'reg_alpha': 0.005123994170264194, 'reg_lambda': 0.44145470178120466}. Best is trial 0 with value: 0.05401946389726274.
[I 2026-06-01 13:00:23,384] Trial 2 finished with value: -0.006779816292432339 and parameters: {'confidence_threshold': 0.7535593637012223, 'training_days': 310, 'n_estimators': 375, 'max_depth': 3, 'num_leaves': 32, 'learning_rate': 0.021735641882032388, 'subsample': 0.6468570231944146, 'colsample_bytree': 0.8154880619272439, 'min_child_samples': 27, 'reg_alpha': 8.004064028491336e-05, 'reg_lambda': 7.546835261630524e-05}. Best is trial 0 with value: 0.05401946389726274.
[I 2026-06-01 13:00:23,567] Trial 3 finished with value: 0.009189357240974179 and parameters: {'confidence_threshold': 0.6727897841776072, 'training_days': 220, 'n_estimators': 190, 'max_depth': 4, 'num_leaves': 58, 'learning_rate': 0.24810689332636193, 'subsample': 0.7509183379421682, 'colsample_bytree': 0.8119764758960556, 'min_child_samples': 29, 'reg_alpha': 7.1708285081421445e-06, 'reg_lambda': 5.412973582738627e-05}. Best is trial 0 with value: 0.05401946389726274.
[I 2026-06-01 13:00:23,683] Trial 4 finished with value: 0.013221266030992319 and parameters: {'confidence_threshold': 0.803208205259178, 'training_days': 130, 'n_estimators': 267, 'max_depth': 5, 'num_leaves': 40, 'learning_rate': 0.08041175317374143, 'subsample': 0.5603143329951619, 'colsample_bytree': 0.9131704002534167, 'min_child_samples': 68, 'reg_alpha': 0.0008046593428183385, 'reg_lambda': 1.2158346158765583e-05}. Best is trial 0 with value: 0.05401946389726274.
[I 2026-06-01 13:00:23,902] Trial 5 finished with value: -0.004332650203525001 and parameters: {'confidence_threshold': 0.6064422761595144, 'training_days': 210, 'n_estimators': 357, 'max_depth': 5, 'num_leaves': 40, 'learning_rate': 0.0974221287220869, 'subsample': 0.7929682762811064, 'colsample_bytree': 0.8124517510478, 'min_child_samples': 74, 'reg_alpha': 0.3811377260781234, 'reg_lambda': 5.607314238392041e-08}. Best is trial 0 with value: 0.05401946389726274.
[I 2026-06-01 13:00:24,013] Trial 6 finished with value: 0.018443877641653943 and parameters: {'confidence_threshold': 0.7672889945051684, 'training_days': 130, 'n_estimators': 137, 'max_depth': 4, 'num_leaves': 19, 'learning_rate': 0.2031117614248665, 'subsample': 0.8136244860256343, 'colsample_bytree': 0.8617081790949774, 'min_child_samples': 21, 'reg_alpha': 0.002238138278733199, 'reg_lambda': 0.001025809534977322}. Best is trial 0 with value: 0.05401946389726274.
[I 2026-06-01 13:00:24,084] Trial 7 finished with value: 0.06394346136800766 and parameters: {'confidence_threshold': 0.555635875450653, 'training_days': 80, 'n_estimators': 363, 'max_depth': 3, 'num_leaves': 48, 'learning_rate': 0.06590089024008658, 'subsample': 0.6944752870615722, 'colsample_bytree': 0.962566244806993, 'min_child_samples': 88, 'reg_alpha': 1.6465620446426067e-05, 'reg_lambda': 2.4678750890085655e-08}. Best is trial 7 with value: 0.06394346136800766.
[I 2026-06-01 13:00:24,425] Trial 8 finished with value: 0.017064072392777043 and parameters: {'confidence_threshold': 0.6066688256938841, 'training_days': 200, 'n_estimators': 367, 'max_depth': 5, 'num_leaves': 32, 'learning_rate': 0.13377519215934996, 'subsample': 0.7965884582811106, 'colsample_bytree': 0.8458508993500886, 'min_child_samples': 32, 'reg_alpha': 3.889436043816386e-05, 'reg_lambda': 1.4713062489380356e-06}. Best is trial 7 with value: 0.06394346136800766.
[I 2026-06-01 13:00:24,650] Trial 9 finished with value: 0.002856042223141794 and parameters: {'confidence_threshold': 0.6202096049169137, 'training_days': 260, 'n_estimators': 350, 'max_depth': 3, 'num_leaves': 21, 'learning_rate': 0.02989540198065364, 'subsample': 0.8307821683331218, 'colsample_bytree': 0.923253112635361, 'min_child_samples': 64, 'reg_alpha': 0.4898604619604203, 'reg_lambda': 2.9076377687066166e-05}. Best is trial 7 with value: 0.06394346136800766.
[I 2026-06-01 13:00:24,688] Trial 10 finished with value: 0.03399332914618073 and parameters: {'confidence_threshold': 0.5248809389721337, 'training_days': 10, 'n_estimators': 493, 'max_depth': 3, 'num_leaves': 63, 'learning_rate': 0.010221918552934462, 'subsample': 0.667749445701178, 'colsample_bytree': 0.6202684210924141, 'min_child_samples': 99, 'reg_alpha': 1.3884210513841762e-08, 'reg_lambda': 0.02273343343290072}. Best is trial 7 with value: 0.06394346136800766.
