[I 2026-06-01 12:56:26,461] Trial 9 finished with value: 0.14652248719594757 and parameters: {'confidence_threshold': 0.6202096049169137, 'training_days': 260, 'n_estimators': 350, 'max_depth': 3, 'num_leaves': 21, 'learning_rate': 0.02989540198065364, 'subsample': 0.8307821683331218, 'colsample_bytree': 0.923253112635361, 'min_child_samples': 64, 'reg_alpha': 0.4898604619604203, 'reg_lambda': 2.9076377687066166e-05}. Best is trial 1 with value: 0.25674216700548114.
[I 2026-06-01 12:56:26,883] Trial 10 finished with value: 0.1233696282163688 and parameters: {'confidence_threshold': 0.8445241688507242, 'training_days': 470, 'n_estimators': 493, 'max_depth': 4, 'num_leaves': 63, 'learning_rate': 0.010221918552934462, 'subsample': 0.5019190721168774, 'colsample_bytree': 0.6202684210924141, 'min_child_samples': 47, 'reg_alpha': 2.371385268938747e-08, 'reg_lambda': 1.7987349911222597}. Best is trial 1 with value: 0.25674216700548114.
[I 2026-06-01 12:56:26,944] Trial 11 finished with value: 0.20965161461597978 and parameters: {'confidence_threshold': 0.6840516532713735, 'training_days': 340, 'n_estimators': 51, 'max_depth': 3, 'num_leaves': 20, 'learning_rate': 0.02635018020655549, 'subsample': 0.9151757641258503, 'colsample_bytree': 0.6755027260490409, 'min_child_samples': 50, 'reg_alpha': 6.114661601749046, 'reg_lambda': 0.02357411399604653}. Best is trial 1 with value: 0.25674216700548114.
[I 2026-06-01 12:56:27,009] Trial 12 finished with value: 0.27240152897431114 and parameters: {'confidence_threshold': 0.7005919488712828, 'training_days': 360, 'n_estimators': 51, 'max_depth': 3, 'num_leaves': 15, 'learning_rate': 0.01513839365153443, 'subsample': 0.92991693404731, 'colsample_bytree': 0.6669454130036883, 'min_child_samples': 47, 'reg_alpha': 6.210448045058425, 'reg_lambda': 0.168807828988439}. Best is trial 12 with value: 0.27240152897431114.
[I 2026-06-01 12:56:27,071] Trial 13 finished with value: -1.7810261181504756 and parameters: {'confidence_threshold': 0.6885928242008202, 'training_days': 410, 'n_estimators': 53, 'max_depth': 3, 'num_leaves': 49, 'learning_rate': 0.011116095942895947, 'subsample': 0.6271911527915714, 'colsample_bytree': 0.5443982906148261, 'min_child_samples': 82, 'reg_alpha': 0.021605231680819466, 'reg_lambda': 4.070561543641331}. Best is trial 12 with value: 0.27240152897431114.
[I 2026-06-01 12:56:27,099] Trial 14 finished with value: -5.856553341029801 and parameters: {'confidence_threshold': 0.7206447362029313, 'training_days': 20, 'n_estimators': 132, 'max_depth': 4, 'num_leaves': 28, 'learning_rate': 0.01645102485501106, 'subsample': 0.9030264725733222, 'colsample_bytree': 0.7128652121230014, 'min_child_samples': 44, 'reg_alpha': 0.016435092915656313, 'reg_lambda': 0.07597426064842482}. Best is trial 12 with value: 0.27240152897431114.

  [label] 2021-10-07 16:00 BTCUSDT entry=53814.9900 → LONG | long=timeout(+6.52%) short=sl(-5.36%) | scanned=22 | no_tp→fwd_return=+6.6212
  [label] 2021-10-20 00:00 BTCUSDT entry=64033.5700 → SHORT | long=sl(-4.88%) short=sl(-4.88%) | scanned=7 | no_tp→fwd_return=-5.1358
  [label] 2021-11-28 08:00 BTCUSDT entry=54334.0000 → SHORT | long=sl(-4.98%) short=sl(-4.98%) | scanned=16 | no_tp→fwd_return=-1.3288
  [label] 2021-12-08 08:00 BTCUSDT entry=50626.1700 → SHORT | long=sl(-7.46%) short=timeout(+7.81%) | scanned=22 | no_tp→fwd_return=-7.9085
  [label] 2022-03-04 08:00 BTCUSDT entry=40694.6000 → SHORT | long=sl(-6.70%) short=timeout(+3.89%) | scanned=22 | no_tp→fwd_return=-3.9922
  Labels: 1255 long (57.9%), 913 short (42.1%) | weights: min=1.00, mean=3.53, max=10.00
  Features: 2168/2168 matched, 48 columns
  CV gap: 22 rows
  [ensemble 1/3] seed=42
    [trial 0] 48 features, training_days=480 | threshold=0.631 | labels: 1255 long, 913 short (58/42%)
    [CV fold 0] train_end=2020-07-23 08:00 | val_start=2020-07-31 00:00 | gap=184h (22 rows)
    [CV fold 1] train_end=2020-11-20 16:00 | val_start=2020-11-28 08:00 | gap=184h (22 rows)
    [CV fold 2] train_end=2021-03-21 00:00 | val_start=2021-03-28 16:00 | gap=184h (22 rows)
    [CV fold 3] train_end=2021-07-19 08:00 | val_start=2021-07-27 00:00 | gap=184h (22 rows)
    [CV fold 4] train_end=2021-11-16 16:00 | val_start=2021-11-24 08:00 | gap=184h (22 rows)
    [trial 0] Sharpe=0.1184 (folds: -0.0215, 0.4564, -0.1757, 0.3786, -0.0459)
    [trial 1] 48 features, training_days=420 | threshold=0.839 | labels: 1255 long, 913 short (58/42%)
    [trial 1] Sharpe=0.1357 (folds: -0.0227, 0.4376, -0.0182, 0.3712, -0.0893)
    [trial 2] 48 features, training_days=190 | threshold=0.602 | labels: 1255 long, 913 short (58/42%)
    [trial 2] Sharpe=0.0971 (folds: -0.0858, 0.4124, -0.0751, 0.0531, 0.1807)
    [trial 3] 48 features, training_days=490 | threshold=0.832 | labels: 1255 long, 913 short (58/42%)
    [trial 3] Sharpe=0.1440 (folds: -0.0385, 0.4916, -0.0888, 0.4064, -0.0506)
    [trial 4] 48 features, training_days=340 | threshold=0.591 | labels: 1255 long, 913 short (58/42%)
    [trial 4] Sharpe=0.1418 (folds: -0.0460, 0.4544, -0.1005, 0.3774, 0.0238)
    [trial 5] 48 features, training_days=50 | threshold=0.823 | labels: 1255 long, 913 short (58/42%)
    [trial 5] Sharpe=0.1018 (folds: -0.3817, 0.2706, -0.0116, -0.1647, 0.7962)
    [trial 6] 48 features, training_days=410 | threshold=0.549 | labels: 1255 long, 913 short (58/42%)
    [trial 6] Sharpe=0.1466 (folds: 0.0811, 0.4001, -0.2151, 0.3159, 0.1509)
    [trial 7] 48 features, training_days=180 | threshold=0.526 | labels: 1255 long, 913 short (58/42%)
    [trial 7] Sharpe=0.0765 (folds: -0.0940, 0.3985, -0.0613, 0.0893, 0.0499)
    [trial 8] 48 features, training_days=240 | threshold=0.811 | labels: 1255 long, 913 short (58/42%)
    [trial 8] Sharpe=0.1594 (folds: -0.0427, 0.4571, -0.1112, 0.3468, 0.1467)
    [trial 9] 48 features, training_days=20 | threshold=0.538 | labels: 1255 long, 913 short (58/42%)
    [trial 9] Sharpe=0.1299 (folds: 0.3171, 0.4001, 0.2175, -0.3156, 0.0303)
    [trial 10] 48 features, training_days=280 | threshold=0.734 | labels: 1255 long, 913 short (58/42%)
    [trial 10] Sharpe=0.1319 (folds: -0.0567, 0.4258, 0.0006, 0.1717, 0.1180)
    [trial 11] 48 features, training_days=350 | threshold=0.719 | labels: 1255 long, 913 short (58/42%)
    [trial 11] Sharpe=0.3005 (folds: 0.6985, 0.4790, -0.1431, 0.3876, 0.0807)
    [trial 12] 48 features, training_days=260 | threshold=0.734 | labels: 1255 long, 913 short (58/42%)
    [trial 12] Sharpe=-5.9552 (folds: -10.0000, 0.3779, -0.1538, -10.0000, -10.0000)
    [trial 13] 48 features, training_days=160 | threshold=0.743 | labels: 1255 long, 913 short (58/42%)
    [trial 13] Sharpe=0.0563 (folds: 0.1058, 0.2779, -0.1137, -0.0696, 0.0809)
    [trial 14] 48 features, training_days=340 | threshold=0.783 | labels: 1255 long, 913 short (58/42%)
    [trial 14] Sharpe=0.1445 (folds: 0.0012, 0.4581, -0.0671, 0.3087, 0.0214)
    [trial 15] 48 features, training_days=100 | threshold=0.683 | labels: 1255 long, 913 short (58/42%)
    [trial 15] Sharpe=-0.1296 (folds: 0.8634, 0.4001, -0.2036, -0.2327, -1.4750)
    [trial 16] 48 features, training_days=320 | threshold=0.680 | labels: 1255 long, 913 short (58/42%)
    [trial 16] Sharpe=0.1423 (folds: -0.1259, 0.4943, -0.0821, 0.3375, 0.0879)
    [trial 17] 48 features, training_days=230 | threshold=0.784 | labels: 1255 long, 913 short (58/42%)
    [trial 17] Sharpe=0.1764 (folds: 0.0157, 0.4789, -0.1113, 0.3800, 0.1187)
  Optuna: 18 trials, best Sharpe = 0.3005
  Best params: n_estimators=68, max_depth=5, lr=0.0104, leaves=56
  Best confidence_threshold: 0.719
  Best training_days: 350
  Retrained on full data (1050 samples, 48 features)
  [ensemble 2/3] seed=123
    [trial 0] 48 features, training_days=150 | threshold=0.744 | labels: 1255 long, 913 short (58/42%)
    [CV fold 0] train_end=2020-07-23 08:00 | val_start=2020-07-31 00:00 | gap=184h (22 rows)
    [CV fold 1] train_end=2020-11-20 16:00 | val_start=2020-11-28 08:00 | gap=184h (22 rows)
    [CV fold 2] train_end=2021-03-21 00:00 | val_start=2021-03-28 16:00 | gap=184h (22 rows)
    [CV fold 3] train_end=2021-07-19 08:00 | val_start=2021-07-27 00:00 | gap=184h (22 rows)
    [CV fold 4] train_end=2021-11-16 16:00 | val_start=2021-11-24 08:00 | gap=184h (22 rows)
    [trial 0] Sharpe=0.0293 (folds: 0.0013, 0.3683, -0.1177, -0.3045, 0.1990)
    [trial 1] 48 features, training_days=220 | threshold=0.755 | labels: 1255 long, 913 short (58/42%)
    [trial 1] Sharpe=0.2567 (folds: 0.6975, 0.4150, -0.1599, 0.3823, -0.0511)
    [trial 2] 48 features, training_days=310 | threshold=0.754 | labels: 1255 long, 913 short (58/42%)
    [trial 2] Sharpe=0.0970 (folds: -0.1462, 0.4284, -0.1532, 0.3356, 0.0204)
    [trial 3] 48 features, training_days=220 | threshold=0.673 | labels: 1255 long, 913 short (58/42%)
    [trial 3] Sharpe=0.1441 (folds: -0.0384, 0.4796, -0.0824, 0.2371, 0.1245)
    [trial 4] 48 features, training_days=130 | threshold=0.803 | labels: 1255 long, 913 short (58/42%)
    [trial 4] Sharpe=0.0298 (folds: 0.0102, 0.2602, -0.1585, -0.1971, 0.2342)
    [trial 5] 48 features, training_days=210 | threshold=0.606 | labels: 1255 long, 913 short (58/42%)
    [trial 5] Sharpe=0.1290 (folds: -0.0474, 0.4808, -0.0752, 0.1776, 0.1091)
    [trial 6] 48 features, training_days=130 | threshold=0.767 | labels: 1255 long, 913 short (58/42%)
    [trial 6] Sharpe=-0.0089 (folds: -0.1054, 0.3775, -0.1313, -0.2822, 0.0968)
    [trial 7] 48 features, training_days=80 | threshold=0.556 | labels: 1255 long, 913 short (58/42%)
    [trial 7] Sharpe=-0.0377 (folds: -0.2972, 0.2783, -0.1212, -0.2411, 0.1928)
    [trial 8] 48 features, training_days=200 | threshold=0.607 | labels: 1255 long, 913 short (58/42%)
    [trial 8] Sharpe=0.0723 (folds: -0.0623, 0.3834, -0.0516, -0.0070, 0.0989)
    [trial 9] 48 features, training_days=260 | threshold=0.620 | labels: 1255 long, 913 short (58/42%)
    [trial 9] Sharpe=0.1465 (folds: -0.0487, 0.4881, -0.1106, 0.2926, 0.1111)
    [trial 10] 48 features, training_days=470 | threshold=0.845 | labels: 1255 long, 913 short (58/42%)
    [trial 10] Sharpe=0.1234 (folds: -0.0194, 0.4043, -0.0376, 0.5224, -0.2530)
    [trial 11] 48 features, training_days=340 | threshold=0.684 | labels: 1255 long, 913 short (58/42%)
    [trial 11] Sharpe=0.2097 (folds: 0.3890, 0.4609, -0.1888, 0.4190, -0.0319)
    [trial 12] 48 features, training_days=360 | threshold=0.701 | labels: 1255 long, 913 short (58/42%)
    [trial 12] Sharpe=0.2724 (folds: 0.8604, 0.4594, -0.1180, 0.1435, 0.0166)
    [trial 13] 48 features, training_days=410 | threshold=0.689 | labels: 1255 long, 913 short (58/42%)
    [trial 13] Sharpe=-1.7810 (folds: 0.6570, 0.4698, -0.1840, -10.0000, 0.1521)
    [trial 14] 48 features, training_days=20 | threshold=0.721 | labels: 1255 long, 913 short (58/42%)
    [trial 14] Sharpe=-5.8566 (folds: 0.3171, 0.4001, -10.0000, -10.0000, -10.0000)
    [trial 15] 48 features, training_days=380 | threshold=0.503 | labels: 1255 long, 913 short (58/42%)
    [trial 15] Sharpe=0.1272 (folds: -0.0217, 0.4184, -0.1183, 0.2944, 0.0630)[I 2026-06-01 12:56:27,259] Trial 15 finished with value: 0.12716420559513578 and parameters: {'confidence_threshold': 0.5026055290809989, 'training_days': 380, 'n_estimators': 230, 'max_depth': 4, 'num_leaves': 15, 'learning_rate': 0.04349568813857098, 'subsample': 0.9892977702670573, 'colsample_bytree': 0.620752560525207, 'min_child_samples': 100, 'reg_alpha': 9.316119074082389, 'reg_lambda': 0.08534534512498139}. Best is trial 12 with value: 0.27240152897431114.
[I 2026-06-01 12:56:27,361] Trial 16 finished with value: -3.752690774821043 and parameters: {'confidence_threshold': 0.8104188407338415, 'training_days': 500, 'n_estimators': 92, 'max_depth': 3, 'num_leaves': 55, 'learning_rate': 0.015297673225870757, 'subsample': 0.5824016374699942, 'colsample_bytree': 0.739097188863978, 'min_child_samples': 39, 'reg_alpha': 2.235761109094131e-07, 'reg_lambda': 0.0033024465432359303}. Best is trial 12 with value: 0.27240152897431114.
[I 2026-06-01 12:56:27,479] Trial 17 finished with value: 0.14998820724667794 and parameters: {'confidence_threshold': 0.6532188814216302, 'training_days': 290, 'n_estimators': 95, 'max_depth': 5, 'num_leaves': 45, 'learning_rate': 0.017746624628996042, 'subsample': 0.7013191201565685, 'colsample_bytree': 0.5225343572251958, 'min_child_samples': 54, 'reg_alpha': 0.21211158421634815, 'reg_lambda': 0.4838561248080444}. Best is trial 12 with value: 0.27240152897431114.
[I 2026-06-01 12:56:27,557] A new study created in memory with name: no-name-5550d402-703e-459a-b413-d4af14c71b77
[I 2026-06-01 12:56:27,742] Trial 0 finished with value: -0.054090456424086865 and parameters: {'confidence_threshold': 0.5870645682749857, 'training_days': 90, 'n_estimators': 403, 'max_depth': 5, 'num_leaves': 45, 'learning_rate': 0.0780457193679974, 'subsample': 0.9428509515574568, 'colsample_bytree': 0.8795587339164916, 'min_child_samples': 34, 'reg_alpha': 2.2465901234314442e-07, 'reg_lambda': 8.339007036475363e-05}. Best is trial 0 with value: -0.054090456424086865.
[I 2026-06-01 12:56:27,839] Trial 1 finished with value: 0.14831572098725462 and parameters: {'confidence_threshold': 0.6348453934275313, 'training_days': 290, 'n_estimators': 115, 'max_depth': 5, 'num_leaves': 37, 'learning_rate': 0.06949568759029946, 'subsample': 0.8228505074024268, 'colsample_bytree': 0.8616703220431751, 'min_child_samples': 75, 'reg_alpha': 4.2486822725010923e-07, 'reg_lambda': 1.157247767047042e-07}. Best is trial 1 with value: 0.14831572098725462.
[I 2026-06-01 12:56:27,858] Trial 2 finished with value: -0.1785675343610913 and parameters: {'confidence_threshold': 0.5849570384370288, 'training_days': 10, 'n_estimators': 212, 'max_depth': 3, 'num_leaves': 41, 'learning_rate': 0.18452095998378365, 'subsample': 0.6001060822924371, 'colsample_bytree': 0.5673167293506167, 'min_child_samples': 37, 'reg_alpha': 5.733250064217131, 'reg_lambda': 0.5308454292595461}. Best is trial 1 with value: 0.14831572098725462.
[I 2026-06-01 12:56:27,931] Trial 3 finished with value: 0.16671607954845566 and parameters: {'confidence_threshold': 0.6868248626683718, 'training_days': 220, 'n_estimators': 134, 'max_depth': 3, 'num_leaves': 45, 'learning_rate': 0.033529007907491595, 'subsample': 0.8647277071858408, 'colsample_bytree': 0.778494116634046, 'min_child_samples': 96, 'reg_alpha': 2.409409937265785e-07, 'reg_lambda': 1.1642073478060009}. Best is trial 3 with value: 0.16671607954845566.
[I 2026-06-01 12:56:28,010] Trial 4 finished with value: 0.11761025661190341 and parameters: {'confidence_threshold': 0.5623121348350352, 'training_days': 300, 'n_estimators': 69, 'max_depth': 4, 'num_leaves': 32, 'learning_rate': 0.14967629360700346, 'subsample': 0.5054535233636654, 'colsample_bytree': 0.7401385194659216, 'min_child_samples': 27, 'reg_alpha': 1.4212042567426725e-07, 'reg_lambda': 0.23605753701352003}. Best is trial 3 with value: 0.16671607954845566.
[I 2026-06-01 12:56:28,405] Trial 5 finished with value: 0.1215238737587316 and parameters: {'confidence_threshold': 0.7111850244908446, 'training_days': 490, 'n_estimators': 362, 'max_depth': 5, 'num_leaves': 40, 'learning_rate': 0.05960785724162737, 'subsample': 0.5589714368907717, 'colsample_bytree': 0.6659006943232806, 'min_child_samples': 42, 'reg_alpha': 0.6741360303045295, 'reg_lambda': 6.054601607143087e-08}. Best is trial 3 with value: 0.16671607954845566.
[I 2026-06-01 12:56:28,560] Trial 6 finished with value: 0.13822193826826626 and parameters: {'confidence_threshold': 0.667482545748023, 'training_days': 420, 'n_estimators': 279, 'max_depth': 3, 'num_leaves': 45, 'learning_rate': 0.040099592560849204, 'subsample': 0.8563114696415159, 'colsample_bytree': 0.5442917781944105, 'min_child_samples': 50, 'reg_alpha': 1.6407916423707903e-08, 'reg_lambda': 2.935907642973286e-05}. Best is trial 3 with value: 0.16671607954845566.
[I 2026-06-01 12:56:28,688] Trial 7 finished with value: 0.037562880898013074 and parameters: {'confidence_threshold': 0.5497381024139926, 'training_days': 120, 'n_estimators': 408, 'max_depth': 5, 'num_leaves': 38, 'learning_rate': 0.28049122657745795, 'subsample': 0.8806573338635493, 'colsample_bytree': 0.5454054113547102, 'min_child_samples': 63, 'reg_alpha': 0.01263008637940408, 'reg_lambda': 0.04588020805366937}. Best is trial 3 with value: 0.16671607954845566.
[I 2026-06-01 12:56:28,942] Trial 8 finished with value: 0.11673938443598557 and parameters: {'confidence_threshold': 0.719644804808716, 'training_days': 450, 'n_estimators': 410, 'max_depth': 4, 'num_leaves': 57, 'learning_rate': 0.04022026551478857, 'subsample': 0.5336085426932707, 'colsample_bytree': 0.5705742850577543, 'min_child_samples': 100, 'reg_alpha': 5.916398047912201e-07, 'reg_lambda': 0.9794034214488329}. Best is trial 3 with value: 0.16671607954845566.
[I 2026-06-01 12:56:28,965] Trial 9 finished with value: -5.856553341029801 and parameters: {'confidence_threshold': 0.7267463643917187, 'training_days': 20, 'n_estimators': 337, 'max_depth': 5, 'num_leaves': 23, 'learning_rate': 0.022153031811454605, 'subsample': 0.6305627572358737, 'colsample_bytree': 0.6613413774216214, 'min_child_samples': 81, 'reg_alpha': 5.7638634029410314e-08, 'reg_lambda': 8.26603016764008}. Best is trial 3 with value: 0.16671607954845566.
[I 2026-06-01 12:56:29,057] Trial 10 finished with value: -3.935041617542782 and parameters: {'confidence_threshold': 0.8283920119574972, 'training_days': 200, 'n_estimators': 181, 'max_depth': 3, 'num_leaves': 62, 'learning_rate': 0.011579281028220855, 'subsample': 0.7130289643560688, 'colsample_bytree': 0.9944479338273263, 'min_child_samples': 100, 'reg_alpha': 6.837313901272251e-05, 'reg_lambda': 0.0027253228209330924}. Best is trial 3 with value: 0.16671607954845566.
[I 2026-06-01 12:56:29,119] Trial 11 finished with value: 0.23545748949812198 and parameters: {'confidence_threshold': 0.6435110568867387, 'training_days': 300, 'n_estimators': 53, 'max_depth': 4, 'num_leaves': 52, 'learning_rate': 0.0222741777320615, 'subsample': 0.7864449612484271, 'colsample_bytree': 0.8566211708639163, 'min_child_samples': 82, 'reg_alpha': 2.5646023357365184e-05, 'reg_lambda': 7.359299995524362e-08}. Best is trial 11 with value: 0.23545748949812198.
[I 2026-06-01 12:56:29,187] Trial 12 finished with value: -3.9346240096538723 and parameters: {'confidence_threshold': 0.7805258891360656, 'training_days': 360, 'n_estimators': 54, 'max_depth': 4, 'num_leaves': 53, 'learning_rate': 0.01924681962976845, 'subsample': 0.7288381003885563, 'colsample_bytree': 0.8502332530306856, 'min_child_samples': 88, 'reg_alpha': 5.113460481149383e-05, 'reg_lambda': 2.0831803692649198e-06}. Best is trial 11 with value: 0.23545748949812198.
[I 2026-06-01 12:56:29,294] Trial 13 finished with value: 0.12987879405930342 and parameters: {'confidence_threshold': 0.5040535938350955, 'training_days': 210, 'n_estimators': 157, 'max_depth': 4, 'num_leaves': 52, 'learning_rate': 0.023468126747120118, 'subsample': 0.9755936541801561, 'colsample_bytree': 0.7704197786801941, 'min_child_samples': 67, 'reg_alpha': 8.465942575614097e-06, 'reg_lambda': 0.004344943341578826}. Best is trial 11 with value: 0.23545748949812198.
[I 2026-06-01 12:56:29,511] Trial 14 finished with value: 0.1370110619505976 and parameters: {'confidence_threshold': 0.6439954054899397, 'training_days': 210, 'n_estimators': 500, 'max_depth': 3, 'num_leaves': 17, 'learning_rate': 0.011569006146449106, 'subsample': 0.7935856948288743, 'colsample_bytree': 0.9558958647114086, 'min_child_samples': 88, 'reg_alpha': 0.007558490788345549, 'reg_lambda': 1.9537169326802645e-06}. Best is trial 11 with value: 0.23545748949812198.
[I 2026-06-01 12:56:29,596] Trial 15 finished with value: 0.13834925323649877 and parameters: {'confidence_threshold': 0.7594279795954488, 'training_days': 310, 'n_estimators': 110, 'max_depth': 3, 'num_leaves': 49, 'learning_rate': 0.03335210513503152, 'subsample': 0.9130673202651429, 'colsample_bytree': 0.7960197179113024, 'min_child_samples': 88, 'reg_alpha': 4.99025556679806e-06, 'reg_lambda': 0.0013467843257158065}. Best is trial 11 with value: 0.23545748949812198.
[I 2026-06-01 12:56:29,778] Trial 16 finished with value: 0.13480566105347688 and parameters: {'confidence_threshold': 0.6388779883939387, 'training_days': 380, 'n_estimators': 239, 'max_depth': 4, 'num_leaves': 29, 'learning_rate': 0.10164450837387665, 'subsample': 0.6693629824955956, 'colsample_bytree': 0.7019334378351963, 'min_child_samples': 73, 'reg_alpha': 0.0017698824032541677, 'reg_lambda': 2.467406175509025e-06}. Best is trial 11 with value: 0.23545748949812198.
