[I 2026-06-01 12:57:38,845] Trial 17 finished with value: -0.04628526652071856 and parameters: {'confidence_threshold': 0.7873735958410488, 'training_days': 360, 'n_estimators': 150, 'max_depth': 3, 'num_leaves': 18, 'learning_rate': 0.20550231801652727, 'subsample': 0.6899430541324337, 'colsample_bytree': 0.8261888174599101, 'min_child_samples': 39, 'reg_alpha': 0.11382450368492165, 'reg_lambda': 1.3436677654989268e-06}. Best is trial 2 with value: 0.12806235395645998.

    [trial 16] 48 features, training_days=500 | threshold=0.579 | labels: 1118 long, 1050 short (52/48%)
    [trial 16] Sharpe=0.0233 (folds: -0.0595, 0.3584, 0.0138, -0.1832, -0.0130)
    [trial 17] 48 features, training_days=490 | threshold=0.567 | labels: 1118 long, 1050 short (52/48%)
    [trial 17] Sharpe=0.0175 (folds: -0.0505, 0.2905, 0.0322, -0.1835, -0.0011)
  Optuna: 18 trials, best Sharpe = 0.0559
  Best params: n_estimators=481, max_depth=3, lr=0.0220, leaves=34
  Best confidence_threshold: 0.685
  Best training_days: 350
  Retrained on full data (1050 samples, 48 features)
  [ensemble 3/3] seed=456
    [trial 0] 48 features, training_days=90 | threshold=0.587 | labels: 1118 long, 1050 short (52/48%)
    [CV fold 0] train_end=2021-02-22 08:00 | val_start=2021-03-02 00:00 | gap=184h (22 rows)
    [CV fold 1] train_end=2021-06-22 16:00 | val_start=2021-06-30 08:00 | gap=184h (22 rows)
    [CV fold 2] train_end=2021-10-21 00:00 | val_start=2021-10-28 16:00 | gap=184h (22 rows)
    [CV fold 3] train_end=2022-02-18 08:00 | val_start=2022-02-26 00:00 | gap=184h (22 rows)
    [CV fold 4] train_end=2022-06-18 16:00 | val_start=2022-06-26 08:00 | gap=184h (22 rows)
    [trial 0] Sharpe=-0.1313 (folds: -0.2780, -0.1039, -0.1458, 0.0247, -0.1536)
    [trial 1] 48 features, training_days=290 | threshold=0.635 | labels: 1118 long, 1050 short (52/48%)
    [trial 1] Sharpe=0.0229 (folds: -0.1105, 0.3026, -0.0454, -0.0373, 0.0054)
    [trial 2] 48 features, training_days=10 | threshold=0.585 | labels: 1118 long, 1050 short (52/48%)
    [trial 2] Sharpe=0.1281 (folds: 0.1286, 0.2246, 0.1850, 0.1729, -0.0708)
    [trial 3] 48 features, training_days=220 | threshold=0.687 | labels: 1118 long, 1050 short (52/48%)
    [trial 3] Sharpe=-0.0061 (folds: -0.1410, 0.4034, -0.1571, -0.1445, 0.0088)
    [trial 4] 48 features, training_days=300 | threshold=0.562 | labels: 1118 long, 1050 short (52/48%)
    [trial 4] Sharpe=-0.0116 (folds: -0.1275, 0.3094, -0.0360, -0.1051, -0.0985)
    [trial 5] 48 features, training_days=490 | threshold=0.711 | labels: 1118 long, 1050 short (52/48%)
    [trial 5] Sharpe=-0.0412 (folds: -0.1670, 0.3472, -0.0679, -0.2313, -0.0871)
    [trial 6] 48 features, training_days=420 | threshold=0.667 | labels: 1118 long, 1050 short (52/48%)
    [trial 6] Sharpe=-0.0012 (folds: -0.1511, 0.3345, -0.0377, -0.1360, -0.0155)
    [trial 7] 48 features, training_days=120 | threshold=0.550 | labels: 1118 long, 1050 short (52/48%)
    [trial 7] Sharpe=-0.1154 (folds: -0.1261, -0.2843, 0.0143, -0.0402, -0.1407)
    [trial 8] 48 features, training_days=450 | threshold=0.720 | labels: 1118 long, 1050 short (52/48%)
    [trial 8] Sharpe=-0.0313 (folds: 0.0389, 0.3361, -0.1066, -0.3573, -0.0675)
    [trial 9] 48 features, training_days=20 | threshold=0.727 | labels: 1118 long, 1050 short (52/48%)
    [trial 9] Sharpe=-2.0387 (folds: -0.1389, -10.0000, -0.2130, 0.1729, -0.0146)
    [trial 10] 48 features, training_days=10 | threshold=0.840 | labels: 1118 long, 1050 short (52/48%)
    [trial 10] Sharpe=-1.9169 (folds: 0.1286, -10.0000, 0.1850, 0.1729, -0.0708)
    [trial 11] 48 features, training_days=300 | threshold=0.608 | labels: 1118 long, 1050 short (52/48%)
    [trial 11] Sharpe=0.0221 (folds: -0.0424, 0.2791, 0.1004, -0.1645, -0.0621)
    [trial 12] 48 features, training_days=200 | threshold=0.515 | labels: 1118 long, 1050 short (52/48%)
    [trial 12] Sharpe=0.0272 (folds: -0.1019, 0.2273, 0.0476, -0.0096, -0.0272)
    [trial 13] 48 features, training_days=180 | threshold=0.501 | labels: 1118 long, 1050 short (52/48%)
    [trial 13] Sharpe=-0.0163 (folds: -0.1203, 0.2230, 0.0129, -0.0644, -0.1327)
    [trial 14] 48 features, training_days=380 | threshold=0.506 | labels: 1118 long, 1050 short (52/48%)
    [trial 14] Sharpe=-0.0517 (folds: -0.1692, 0.2429, -0.0845, -0.0874, -0.1605)
    [trial 15] 48 features, training_days=100 | threshold=0.542 | labels: 1118 long, 1050 short (52/48%)
    [trial 15] Sharpe=-0.1296 (folds: -0.1685, -0.0330, -0.0792, -0.1122, -0.2551)
    [trial 16] 48 features, training_days=180 | threshold=0.631 | labels: 1118 long, 1050 short (52/48%)
    [trial 16] Sharpe=0.0151 (folds: -0.1459, 0.2452, 0.0212, -0.0383, -0.0068)
    [trial 17] 48 features, training_days=360 | threshold=0.787 | labels: 1118 long, 1050 short (52/48%)
    [trial 17] Sharpe=-0.0463 (folds: -0.2392, 0.3685, -0.1353, -0.1322, -0.0933)
  Optuna: 18 trials, best Sharpe = 0.1281
  Best params: n_estimators=212, max_depth=3, lr=0.1845, leaves=41
  Best confidence_threshold: 0.585
  Best training_days: 10
  Retrained on full data (30 samples, 48 features)
  OOD: 16 features, cutoff (q=0.7) = 9.52
  Model trained for 2022-11: 90 test candles with features, confidence_threshold=0.668
[trade:close] 2022-11-03 16:00 BTCUSDT SHORT → timeout @ 20241.10 | PnL=+1.52% (net +1.42%) | cum=+9.37% 2022-11=+1.42% 2022-11-03=+1.42%
[predict] 2022-11-11 16:00 BTCUSDT → LONG (proba=0.68 TP=19.9%/SL=10.0%)
[trade:open] 2022-11-11 23:59 BTCUSDT LONG @ 17058.30 | SL=15357.03 TP=20460.83 | timeout=2022-11-18 23:59
[trade:close] 2022-11-19 00:00 BTCUSDT LONG → timeout @ 16689.70 | PnL=-2.16% (net -2.26%) | cum=+7.11% 2022-11=-0.84% 2022-11-19=-2.26%
[predict] 2022-11-19 16:00 BTCUSDT → LONG (proba=0.89 TP=7.8%/SL=3.9%)
[trade:open] 2022-11-19 23:59 BTCUSDT LONG @ 16692.90 | SL=16039.06 TP=18000.59 | timeout=2022-11-26 23:59
[trade:close] 2022-11-21 07:59 BTCUSDT LONG → stop_loss @ 16039.06 | PnL=-3.92% (net -4.02%) | cum=+3.09% 2022-11=-4.86% 2022-11-21=-4.02%
[predict] 2022-11-23 16:00 BTCUSDT → LONG (proba=0.78 TP=8.3%/SL=4.2%)
[trade:open] 2022-11-23 23:59 BTCUSDT LONG @ 16595.80 | SL=15903.40 TP=17980.60 | timeout=2022-11-30 23:59
[trade:close] 2022-12-01 00:00 BTCUSDT LONG → timeout @ 17153.40 | PnL=+3.36% (net +3.26%) | cum=+6.35% 2022-12=+3.26% 2022-12-01=+3.26%
[lgbm] === Training for 2022-12 ===
  Train window: 2020-12-01 → 2022-11-23
  2168 training samples from 1 symbols
  Samples per month: 2020-12: 93, 2021-01: 93, 2021-02: 84, 2021-03: 93, 2021-04: 90, 2021-05: 93, 2021-06: 90, 2021-07: 93, 2021-08: 93, 2021-09: 90, 2021-10: 93, 2021-11: 90, 2021-12: 93, 2022-01: 93, 2022-02: 84, 2022-03: 93, 2022-04: 90, 2022-05: 93, 2022-06: 90, 2022-07: 93, 2022-08: 93, 2022-09: 90, 2022-10: 93, 2022-11: 68
  [label] 2021-01-31 16:00 BTCUSDT entry=33126.2100 → LONG | long=tp(+21.14%) short=sl(-10.72%) | scanned=17 | long_tp_only
  [label] 2021-02-02 16:00 BTCUSDT entry=35504.0600 → LONG | long=tp(+17.20%) short=sl(-8.75%) | scanned=17 | long_tp_only
  [label] 2021-02-06 16:00 BTCUSDT entry=39249.5400 → LONG | long=tp(+13.81%) short=sl(-7.06%) | scanned=5 | long_tp_only
  [label] 2021-03-03 08:00 BTCUSDT entry=50796.2300 → LONG | long=sl(-8.65%) short=sl(-8.65%) | scanned=20 | no_tp→fwd_return=+6.6829
  [label] 2021-04-24 16:00 BTCUSDT entry=50092.4000 → LONG | long=tp(+16.65%) short=sl(-8.48%) | scanned=19 | long_tp_only
  [label] 2021-10-07 16:00 BTCUSDT entry=53814.9900 → LONG | long=timeout(+6.52%) short=sl(-5.36%) | scanned=22 | no_tp→fwd_return=+6.6212
  [label] 2021-10-11 16:00 BTCUSDT entry=57500.0100 → LONG | long=sl(-5.13%) short=sl(-5.13%) | scanned=11 | no_tp→fwd_return=+4.5055
  [label] 2021-10-22 08:00 BTCUSDT entry=60744.9200 → LONG | long=timeout(+2.54%) short=timeout(-2.74%) | scanned=22 | no_tp→fwd_return=+2.6362
  [label] 2021-12-06 08:00 BTCUSDT entry=48922.1200 → SHORT | long=timeout(-3.54%) short=timeout(+3.34%) | scanned=22 | no_tp→fwd_return=-3.4403
  [label] 2021-12-14 16:00 BTCUSDT entry=48324.0400 → LONG | long=timeout(+1.04%) short=timeout(-1.24%) | scanned=22 | no_tp→fwd_return=+1.1404
  [label] 2022-03-15 00:00 BTCUSDT entry=38428.0000 → LONG | long=tp(+11.52%) short=sl(-5.91%) | scanned=21 | long_tp_only
  [label] 2022-04-16 00:00 BTCUSDT entry=40376.0000 → LONG | long=sl(-3.88%) short=sl(-3.88%) | scanned=13 | no_tp→fwd_return=+2.1575
  [label] 2022-05-02 00:00 BTCUSDT entry=38869.6000 → SHORT | long=sl(-4.20%) short=tp(+8.11%) | scanned=10 | short_tp_only
  [label] 2022-05-14 16:00 BTCUSDT entry=30079.8000 → SHORT | long=timeout(-2.27%) short=timeout(+2.07%) | scanned=22 | no_tp→fwd_return=-2.1689[I 2026-06-01 12:57:39,238] A new study created in memory with name: no-name-a5a58929-efa1-4ef0-828a-564170730355
[I 2026-06-01 12:57:39,576] Trial 0 finished with value: 0.03343564031395595 and parameters: {'confidence_threshold': 0.6310890415965769, 'training_days': 480, 'n_estimators': 380, 'max_depth': 4, 'num_leaves': 22, 'learning_rate': 0.01699897838270077, 'subsample': 0.5290418060840998, 'colsample_bytree': 0.9330880728874675, 'min_child_samples': 68, 'reg_alpha': 0.023585940584142682, 'reg_lambda': 1.5320059381854043e-08}. Best is trial 0 with value: 0.03343564031395595.
[I 2026-06-01 12:57:39,686] Trial 1 finished with value: -2.114216822679065 and parameters: {'confidence_threshold': 0.839468448256698, 'training_days': 420, 'n_estimators': 145, 'max_depth': 3, 'num_leaves': 23, 'learning_rate': 0.028145092716060652, 'subsample': 0.762378215816119, 'colsample_bytree': 0.7159725093210578, 'min_child_samples': 43, 'reg_alpha': 0.0032112643094417484, 'reg_lambda': 1.8007140198129195e-07}. Best is trial 0 with value: 0.03343564031395595.
[I 2026-06-01 12:57:39,820] Trial 2 finished with value: -0.03880969689320008 and parameters: {'confidence_threshold': 0.6022506269873263, 'training_days': 190, 'n_estimators': 255, 'max_depth': 5, 'num_leaves': 24, 'learning_rate': 0.05748924681991978, 'subsample': 0.7962072844310213, 'colsample_bytree': 0.5232252063599989, 'min_child_samples': 69, 'reg_alpha': 3.425445902633376e-07, 'reg_lambda': 3.850031979199519e-08}. Best is trial 0 with value: 0.03343564031395595.
[I 2026-06-01 12:57:40,067] Trial 3 finished with value: -0.023554820391573743 and parameters: {'confidence_threshold': 0.8321099380386666, 'training_days': 490, 'n_estimators': 414, 'max_depth': 3, 'num_leaves': 19, 'learning_rate': 0.1024932221692416, 'subsample': 0.7200762468698007, 'colsample_bytree': 0.5610191174223894, 'min_child_samples': 60, 'reg_alpha': 2.039373116525212e-08, 'reg_lambda': 1.527156759251193}. Best is trial 0 with value: 0.03343564031395595.
[I 2026-06-01 12:57:40,210] Trial 4 finished with value: 0.010424888094293419 and parameters: {'confidence_threshold': 0.5905729935600059, 'training_days': 340, 'n_estimators': 190, 'max_depth': 4, 'num_leaves': 41, 'learning_rate': 0.01875220945578641, 'subsample': 0.9847923138822793, 'colsample_bytree': 0.8875664116805573, 'min_child_samples': 96, 'reg_alpha': 1.1309571585271483, 'reg_lambda': 0.002404915432737351}. Best is trial 0 with value: 0.03343564031395595.
[I 2026-06-01 12:57:40,244] Trial 5 finished with value: -0.13773595418242937 and parameters: {'confidence_threshold': 0.8226559822580909, 'training_days': 50, 'n_estimators': 138, 'max_depth': 3, 'num_leaves': 30, 'learning_rate': 0.03750796359625606, 'subsample': 0.6356745158869479, 'colsample_bytree': 0.9143687545759647, 'min_child_samples': 48, 'reg_alpha': 3.376063348877853e-06, 'reg_lambda': 0.0007660634613082914}. Best is trial 0 with value: 0.03343564031395595.
[I 2026-06-01 12:57:40,345] Trial 6 finished with value: -0.028268107200843016 and parameters: {'confidence_threshold': 0.5493234787411669, 'training_days': 410, 'n_estimators': 83, 'max_depth': 5, 'num_leaves': 52, 'learning_rate': 0.019657448966046126, 'subsample': 0.5027610585618012, 'colsample_bytree': 0.9077307142274171, 'min_child_samples': 77, 'reg_alpha': 0.03639690979811287, 'reg_lambda': 0.08738424135626986}. Best is trial 0 with value: 0.03343564031395595.
[I 2026-06-01 12:57:40,433] Trial 7 finished with value: -0.04638786687599036 and parameters: {'confidence_threshold': 0.5259156281069316, 'training_days': 180, 'n_estimators': 102, 'max_depth': 5, 'num_leaves': 45, 'learning_rate': 0.030816017044468066, 'subsample': 0.5317791751430119, 'colsample_bytree': 0.6554911608578311, 'min_child_samples': 46, 'reg_alpha': 0.036851536911881845, 'reg_lambda': 0.005470376807480391}. Best is trial 0 with value: 0.03343564031395595.
[I 2026-06-01 12:57:40,533] Trial 8 finished with value: -0.08282928427991249 and parameters: {'confidence_threshold': 0.8105244599017143, 'training_days': 240, 'n_estimators': 103, 'max_depth': 5, 'num_leaves': 52, 'learning_rate': 0.06746437142284309, 'subsample': 0.8854835899772805, 'colsample_bytree': 0.7468977981821954, 'min_child_samples': 62, 'reg_alpha': 7.04480806377519e-05, 'reg_lambda': 1.6934490731313353e-08}. Best is trial 0 with value: 0.03343564031395595.
[I 2026-06-01 12:57:40,557] Trial 9 finished with value: -0.03405394804116402 and parameters: {'confidence_threshold': 0.5377619994476566, 'training_days': 20, 'n_estimators': 337, 'max_depth': 3, 'num_leaves': 39, 'learning_rate': 0.21907142272152816, 'subsample': 0.6246461145744375, 'colsample_bytree': 0.7051914615178149, 'min_child_samples': 81, 'reg_alpha': 1.1459970229341322e-06, 'reg_lambda': 4.929685216887945e-08}. Best is trial 0 with value: 0.03343564031395595.
[I 2026-06-01 12:57:41,069] Trial 10 finished with value: -0.052920879164158066 and parameters: {'confidence_threshold': 0.6938635787372303, 'training_days': 350, 'n_estimators': 487, 'max_depth': 4, 'num_leaves': 15, 'learning_rate': 0.011407797829608154, 'subsample': 0.6277217293825994, 'colsample_bytree': 0.9880699499289975, 'min_child_samples': 27, 'reg_alpha': 8.536188349289, 'reg_lambda': 3.3639426888455256e-06}. Best is trial 0 with value: 0.03343564031395595.
[I 2026-06-01 12:57:41,236] Trial 11 finished with value: 0.048721386194686335 and parameters: {'confidence_threshold': 0.6539822215848989, 'training_days': 320, 'n_estimators': 245, 'max_depth': 4, 'num_leaves': 33, 'learning_rate': 0.010345547951401532, 'subsample': 0.9990666719410425, 'colsample_bytree': 0.8450967273762119, 'min_child_samples': 97, 'reg_alpha': 3.662834835098572, 'reg_lambda': 1.2919440532274802e-05}. Best is trial 11 with value: 0.048721386194686335.
[I 2026-06-01 12:57:41,479] Trial 12 finished with value: 0.003622129886274126 and parameters: {'confidence_threshold': 0.6796798374894873, 'training_days': 470, 'n_estimators': 321, 'max_depth': 4, 'num_leaves': 31, 'learning_rate': 0.010342884934290602, 'subsample': 0.9914455230651676, 'colsample_bytree': 0.8304278626461432, 'min_child_samples': 100, 'reg_alpha': 0.2850063677801865, 'reg_lambda': 7.763932891094921e-06}. Best is trial 11 with value: 0.048721386194686335.
[I 2026-06-01 12:57:41,668] Trial 13 finished with value: -0.04212791432287424 and parameters: {'confidence_threshold': 0.7321922500141939, 'training_days': 320, 'n_estimators': 249, 'max_depth': 4, 'num_leaves': 62, 'learning_rate': 0.01603405587855917, 'subsample': 0.880885146896714, 'colsample_bytree': 0.8155421717694826, 'min_child_samples': 85, 'reg_alpha': 0.0010695159048720376, 'reg_lambda': 2.915487126448182e-05}. Best is trial 11 with value: 0.048721386194686335.
[I 2026-06-01 12:57:41,788] Trial 14 finished with value: -0.059759574520272626 and parameters: {'confidence_threshold': 0.6269076792816063, 'training_days': 130, 'n_estimators': 391, 'max_depth': 4, 'num_leaves': 30, 'learning_rate': 0.010283861134240724, 'subsample': 0.876502057363062, 'colsample_bytree': 0.9897127958863723, 'min_child_samples': 90, 'reg_alpha': 6.243069797304175, 'reg_lambda': 1.0217075631324079e-06}. Best is trial 11 with value: 0.048721386194686335.
[I 2026-06-01 12:57:42,126] Trial 15 finished with value: -0.03525383589504529 and parameters: {'confidence_threshold': 0.7393830662443354, 'training_days': 300, 'n_estimators': 491, 'max_depth': 4, 'num_leaves': 36, 'learning_rate': 0.01584839731378213, 'subsample': 0.6943845973931931, 'colsample_bytree': 0.8284646184541076, 'min_child_samples': 71, 'reg_alpha': 0.14337244173901337, 'reg_lambda': 7.482879404932238e-05}. Best is trial 11 with value: 0.048721386194686335.
[I 2026-06-01 12:57:42,415] Trial 16 finished with value: -0.06258542483198068 and parameters: {'confidence_threshold': 0.6389198559538911, 'training_days': 410, 'n_estimators': 313, 'max_depth': 4, 'num_leaves': 27, 'learning_rate': 0.27985815851978163, 'subsample': 0.5538632622503428, 'colsample_bytree': 0.9188816604566905, 'min_child_samples': 34, 'reg_alpha': 0.007342704590204584, 'reg_lambda': 4.28170520176123e-07}. Best is trial 11 with value: 0.048721386194686335.
[I 2026-06-01 12:57:42,545] Trial 17 finished with value: 0.0015372887721745165 and parameters: {'confidence_threshold': 0.7296153420475378, 'training_days': 270, 'n_estimators': 209, 'max_depth': 3, 'num_leaves': 15, 'learning_rate': 0.14168046193643385, 'subsample': 0.8063528472132921, 'colsample_bytree': 0.7952908891858086, 'min_child_samples': 90, 'reg_alpha': 0.00010396761370918986, 'reg_lambda': 0.00012582343681241085}. Best is trial 11 with value: 0.048721386194686335.
[I 2026-06-01 12:57:42,740] A new study created in memory with name: no-name-56d59259-c9af-4b96-9997-18f66bd47b01
[I 2026-06-01 12:57:42,825] Trial 0 finished with value: -0.09681562568992812 and parameters: {'confidence_threshold': 0.7437642149592516, 'training_days': 150, 'n_estimators': 152, 'max_depth': 4, 'num_leaves': 50, 'learning_rate': 0.04216766425047743, 'subsample': 0.9903820991923078, 'colsample_bytree': 0.8424148692924316, 'min_child_samples': 58, 'reg_alpha': 3.381097259762742e-05, 'reg_lambda': 1.2263152961306247e-05}. Best is trial 0 with value: -0.09681562568992812.
[I 2026-06-01 12:57:42,894] Trial 1 finished with value: -2.019761523202391 and parameters: {'confidence_threshold': 0.7551673975844145, 'training_days': 220, 'n_estimators': 76, 'max_depth': 4, 'num_leaves': 51, 'learning_rate': 0.018602118810743477, 'subsample': 0.5877258780737462, 'colsample_bytree': 0.7657756869209191, 'min_child_samples': 63, 'reg_alpha': 0.005123994170264194, 'reg_lambda': 0.44145470178120466}. Best is trial 0 with value: -0.09681562568992812.
[I 2026-06-01 12:57:43,137] Trial 2 finished with value: -0.038621025396982936 and parameters: {'confidence_threshold': 0.7535593637012223, 'training_days': 310, 'n_estimators': 375, 'max_depth': 3, 'num_leaves': 32, 'learning_rate': 0.021735641882032388, 'subsample': 0.6468570231944146, 'colsample_bytree': 0.8154880619272439, 'min_child_samples': 27, 'reg_alpha': 8.004064028491336e-05, 'reg_lambda': 7.546835261630524e-05}. Best is trial 2 with value: -0.038621025396982936.
[I 2026-06-01 12:57:43,299] Trial 3 finished with value: 0.027506431544368985 and parameters: {'confidence_threshold': 0.6727897841776072, 'training_days': 220, 'n_estimators': 190, 'max_depth': 4, 'num_leaves': 58, 'learning_rate': 0.24810689332636193, 'subsample': 0.7509183379421682, 'colsample_bytree': 0.8119764758960556, 'min_child_samples': 29, 'reg_alpha': 7.1708285081421445e-06, 'reg_lambda': 5.412973582738627e-05}. Best is trial 3 with value: 0.027506431544368985.
[I 2026-06-01 12:57:43,412] Trial 4 finished with value: -0.020656402413020542 and parameters: {'confidence_threshold': 0.803208205259178, 'training_days': 130, 'n_estimators': 267, 'max_depth': 5, 'num_leaves': 40, 'learning_rate': 0.08041175317374143, 'subsample': 0.5603143329951619, 'colsample_bytree': 0.9131704002534167, 'min_child_samples': 68, 'reg_alpha': 0.0008046593428183385, 'reg_lambda': 1.2158346158765583e-05}. Best is trial 3 with value: 0.027506431544368985.
[I 2026-06-01 12:57:43,620] Trial 5 finished with value: -0.017228120154548554 and parameters: {'confidence_threshold': 0.6064422761595144, 'training_days': 210, 'n_estimators': 357, 'max_depth': 5, 'num_leaves': 40, 'learning_rate': 0.0974221287220869, 'subsample': 0.7929682762811064, 'colsample_bytree': 0.8124517510478, 'min_child_samples': 74, 'reg_alpha': 0.3811377260781234, 'reg_lambda': 5.607314238392041e-08}. Best is trial 3 with value: 0.027506431544368985.
[I 2026-06-01 12:57:43,714] Trial 6 finished with value: -0.08256515300528418 and parameters: {'confidence_threshold': 0.7672889945051684, 'training_days': 130, 'n_estimators': 137, 'max_depth': 4, 'num_leaves': 19, 'learning_rate': 0.2031117614248665, 'subsample': 0.8136244860256343, 'colsample_bytree': 0.8617081790949774, 'min_child_samples': 21, 'reg_alpha': 0.002238138278733199, 'reg_lambda': 0.001025809534977322}. Best is trial 3 with value: 0.027506431544368985.
[I 2026-06-01 12:57:43,778] Trial 7 finished with value: -0.10666166391908946 and parameters: {'confidence_threshold': 0.555635875450653, 'training_days': 80, 'n_estimators': 363, 'max_depth': 3, 'num_leaves': 48, 'learning_rate': 0.06590089024008658, 'subsample': 0.6944752870615722, 'colsample_bytree': 0.962566244806993, 'min_child_samples': 88, 'reg_alpha': 1.6465620446426067e-05, 'reg_lambda': 2.4678750890085655e-08}. Best is trial 3 with value: 0.027506431544368985.
[I 2026-06-01 12:57:44,099] Trial 8 finished with value: -0.009539578754732178 and parameters: {'confidence_threshold': 0.6066688256938841, 'training_days': 200, 'n_estimators': 367, 'max_depth': 5, 'num_leaves': 32, 'learning_rate': 0.13377519215934996, 'subsample': 0.7965884582811106, 'colsample_bytree': 0.8458508993500886, 'min_child_samples': 32, 'reg_alpha': 3.889436043816386e-05, 'reg_lambda': 1.4713062489380356e-06}. Best is trial 3 with value: 0.027506431544368985.
