[I 2026-06-01 13:03:06,980] Trial 1 finished with value: -0.13407806091814084 and parameters: {'confidence_threshold': 0.6348453934275313, 'training_days': 290, 'n_estimators': 115, 'max_depth': 5, 'num_leaves': 37, 'learning_rate': 0.06949568759029946, 'subsample': 0.8228505074024268, 'colsample_bytree': 0.8616703220431751, 'min_child_samples': 75, 'reg_alpha': 4.2486822725010923e-07, 'reg_lambda': 1.157247767047042e-07}. Best is trial 0 with value: -0.07032123364735934.
[I 2026-06-01 13:03:06,998] Trial 2 finished with value: -2.02638722332117 and parameters: {'confidence_threshold': 0.5849570384370288, 'training_days': 10, 'n_estimators': 212, 'max_depth': 3, 'num_leaves': 41, 'learning_rate': 0.18452095998378365, 'subsample': 0.6001060822924371, 'colsample_bytree': 0.5673167293506167, 'min_child_samples': 37, 'reg_alpha': 5.733250064217131, 'reg_lambda': 0.5308454292595461}. Best is trial 0 with value: -0.07032123364735934.
[I 2026-06-01 13:03:07,081] Trial 3 finished with value: -0.1302757111061647 and parameters: {'confidence_threshold': 0.6868248626683718, 'training_days': 220, 'n_estimators': 134, 'max_depth': 3, 'num_leaves': 45, 'learning_rate': 0.033529007907491595, 'subsample': 0.8647277071858408, 'colsample_bytree': 0.778494116634046, 'min_child_samples': 96, 'reg_alpha': 2.409409937265785e-07, 'reg_lambda': 1.1642073478060009}. Best is trial 0 with value: -0.07032123364735934.
[I 2026-06-01 13:03:07,163] Trial 4 finished with value: -0.12839836543151253 and parameters: {'confidence_threshold': 0.5623121348350352, 'training_days': 300, 'n_estimators': 69, 'max_depth': 4, 'num_leaves': 32, 'learning_rate': 0.14967629360700346, 'subsample': 0.5054535233636654, 'colsample_bytree': 0.7401385194659216, 'min_child_samples': 27, 'reg_alpha': 1.4212042567426725e-07, 'reg_lambda': 0.23605753701352003}. Best is trial 0 with value: -0.07032123364735934.
[I 2026-06-01 13:03:07,554] Trial 5 finished with value: -0.10966166922409086 and parameters: {'confidence_threshold': 0.7111850244908446, 'training_days': 490, 'n_estimators': 362, 'max_depth': 5, 'num_leaves': 40, 'learning_rate': 0.05960785724162737, 'subsample': 0.5589714368907717, 'colsample_bytree': 0.6659006943232806, 'min_child_samples': 42, 'reg_alpha': 0.6741360303045295, 'reg_lambda': 6.054601607143087e-08}. Best is trial 0 with value: -0.07032123364735934.
[I 2026-06-01 13:03:07,751] Trial 6 finished with value: -0.10689840112829838 and parameters: {'confidence_threshold': 0.667482545748023, 'training_days': 420, 'n_estimators': 279, 'max_depth': 3, 'num_leaves': 45, 'learning_rate': 0.040099592560849204, 'subsample': 0.8563114696415159, 'colsample_bytree': 0.5442917781944105, 'min_child_samples': 50, 'reg_alpha': 1.6407916423707903e-08, 'reg_lambda': 2.935907642973286e-05}. Best is trial 0 with value: -0.07032123364735934.
[I 2026-06-01 13:03:07,946] Trial 7 finished with value: -0.047279119364962395 and parameters: {'confidence_threshold': 0.5497381024139926, 'training_days': 120, 'n_estimators': 408, 'max_depth': 5, 'num_leaves': 38, 'learning_rate': 0.28049122657745795, 'subsample': 0.8806573338635493, 'colsample_bytree': 0.5454054113547102, 'min_child_samples': 63, 'reg_alpha': 0.01263008637940408, 'reg_lambda': 0.04588020805366937}. Best is trial 7 with value: -0.047279119364962395.
[I 2026-06-01 13:03:08,234] Trial 8 finished with value: -0.14058823459091546 and parameters: {'confidence_threshold': 0.719644804808716, 'training_days': 450, 'n_estimators': 410, 'max_depth': 4, 'num_leaves': 57, 'learning_rate': 0.04022026551478857, 'subsample': 0.5336085426932707, 'colsample_bytree': 0.5705742850577543, 'min_child_samples': 100, 'reg_alpha': 5.916398047912201e-07, 'reg_lambda': 0.9794034214488329}. Best is trial 7 with value: -0.047279119364962395.
[I 2026-06-01 13:03:08,258] Trial 9 finished with value: -2.099950670712489 and parameters: {'confidence_threshold': 0.7267463643917187, 'training_days': 20, 'n_estimators': 337, 'max_depth': 5, 'num_leaves': 23, 'learning_rate': 0.022153031811454605, 'subsample': 0.6305627572358737, 'colsample_bytree': 0.6613413774216214, 'min_child_samples': 81, 'reg_alpha': 5.7638634029410314e-08, 'reg_lambda': 8.26603016764008}. Best is trial 7 with value: -0.047279119364962395.
[I 2026-06-01 13:03:08,536] Trial 10 finished with value: -0.10427568559406011 and parameters: {'confidence_threshold': 0.8398533911817929, 'training_days': 180, 'n_estimators': 485, 'max_depth': 4, 'num_leaves': 15, 'learning_rate': 0.2797087873840057, 'subsample': 0.7130289643560688, 'colsample_bytree': 0.9944479338273263, 'min_child_samples': 62, 'reg_alpha': 0.002237492903849199, 'reg_lambda': 0.004699952286108024}. Best is trial 7 with value: -0.047279119364962395.

    [trial 11] 48 features, training_days=350 | threshold=0.503 | labels: 1242 long, 929 short (57/43%)
    [trial 11] Sharpe=-0.1066 (folds: -0.2587, 0.1118, -0.1555, -0.1690, -0.0618)
    [trial 12] 48 features, training_days=140 | threshold=0.552 | labels: 1242 long, 929 short (57/43%)
    [trial 12] Sharpe=-0.0599 (folds: -0.0406, 0.1105, -0.1667, -0.1040, -0.0987)
    [trial 13] 48 features, training_days=320 | threshold=0.672 | labels: 1242 long, 929 short (57/43%)
    [trial 13] Sharpe=-0.1372 (folds: 0.0187, -0.1208, -0.2161, -0.2541, -0.1136)
    [trial 14] 48 features, training_days=80 | threshold=0.554 | labels: 1242 long, 929 short (57/43%)
    [trial 14] Sharpe=-0.0408 (folds: -0.1949, 0.0790, -0.0615, -0.0336, 0.0069)
    [trial 15] 48 features, training_days=90 | threshold=0.665 | labels: 1242 long, 929 short (57/43%)
    [trial 15] Sharpe=-0.0350 (folds: -0.2064, 0.1144, -0.1477, 0.0626, 0.0020)
    [trial 16] 48 features, training_days=100 | threshold=0.716 | labels: 1242 long, 929 short (57/43%)
    [trial 16] Sharpe=-0.0787 (folds: -0.1861, 0.0280, -0.1422, -0.0820, -0.0112)
    [trial 17] 48 features, training_days=10 | threshold=0.665 | labels: 1242 long, 929 short (57/43%)
    [trial 17] Sharpe=-2.0264 (folds: 0.2985, -10.0000, 0.0541, -0.4223, -0.0623)
  Optuna: 18 trials, best Sharpe = -0.0350
  Best params: n_estimators=52, max_depth=3, lr=0.1161, leaves=61
  Best confidence_threshold: 0.665
  Best training_days: 90
  Retrained on full data (270 samples, 48 features)
  [ensemble 2/3] seed=123
    [trial 0] 48 features, training_days=150 | threshold=0.744 | labels: 1242 long, 929 short (57/43%)
    [CV fold 0] train_end=2023-09-23 08:00 | val_start=2023-10-01 00:00 | gap=184h (22 rows)
    [CV fold 1] train_end=2024-01-21 16:00 | val_start=2024-01-29 08:00 | gap=184h (22 rows)
    [CV fold 2] train_end=2024-05-21 00:00 | val_start=2024-05-28 16:00 | gap=184h (22 rows)
    [CV fold 3] train_end=2024-09-18 08:00 | val_start=2024-09-26 00:00 | gap=184h (22 rows)
    [CV fold 4] train_end=2025-01-16 16:00 | val_start=2025-01-24 08:00 | gap=184h (22 rows)
    [trial 0] Sharpe=-0.0336 (folds: -0.0167, 0.2051, -0.1342, -0.1046, -0.1176)
    [trial 1] 48 features, training_days=220 | threshold=0.755 | labels: 1242 long, 929 short (57/43%)
    [trial 1] Sharpe=0.1880 (folds: 0.2749, 0.6127, 0.0874, 0.3118, -0.3466)
    [trial 2] 48 features, training_days=310 | threshold=0.754 | labels: 1242 long, 929 short (57/43%)
    [trial 2] Sharpe=-0.0973 (folds: -0.0521, -0.0040, -0.1066, -0.2212, -0.1025)
    [trial 3] 48 features, training_days=220 | threshold=0.673 | labels: 1242 long, 929 short (57/43%)
    [trial 3] Sharpe=-0.1415 (folds: -0.0607, -0.0338, -0.2180, -0.2011, -0.1937)
    [trial 4] 48 features, training_days=130 | threshold=0.803 | labels: 1242 long, 929 short (57/43%)
    [trial 4] Sharpe=-0.0381 (folds: 0.0452, 0.0637, -0.1097, -0.1038, -0.0858)
    [trial 5] 48 features, training_days=210 | threshold=0.606 | labels: 1242 long, 929 short (57/43%)
    [trial 5] Sharpe=-0.0955 (folds: 0.0562, 0.0128, -0.2828, -0.1956, -0.0682)
    [trial 6] 48 features, training_days=130 | threshold=0.767 | labels: 1242 long, 929 short (57/43%)
    [trial 6] Sharpe=-0.0405 (folds: -0.0337, 0.1189, -0.0291, -0.2417, -0.0167)
    [trial 7] 48 features, training_days=80 | threshold=0.556 | labels: 1242 long, 929 short (57/43%)
    [trial 7] Sharpe=-0.0457 (folds: -0.1818, 0.1031, -0.1111, -0.0968, 0.0578)
    [trial 8] 48 features, training_days=200 | threshold=0.607 | labels: 1242 long, 929 short (57/43%)
    [trial 8] Sharpe=-0.1464 (folds: -0.0197, 0.0244, -0.2959, -0.3258, -0.1148)
    [trial 9] 48 features, training_days=260 | threshold=0.620 | labels: 1242 long, 929 short (57/43%)
    [trial 9] Sharpe=-0.1596 (folds: -0.0460, -0.0492, -0.2376, -0.2319, -0.2335)
    [trial 10] 48 features, training_days=470 | threshold=0.845 | labels: 1242 long, 929 short (57/43%)
    [trial 10] Sharpe=-3.9751 (folds: 0.0046, 0.1107, 0.0093, -10.0000, -10.0000)
    [trial 11] 48 features, training_days=360 | threshold=0.717 | labels: 1242 long, 929 short (57/43%)
    [trial 11] Sharpe=0.0520 (folds: -0.0676, 0.1807, -0.1661, 0.0862, 0.2269)
    [trial 12] 48 features, training_days=360 | threshold=0.699 | labels: 1242 long, 929 short (57/43%)
    [trial 12] Sharpe=-4.0882 (folds: -10.0000, -0.7481, 0.0032, 0.3037, -10.0000)
    [trial 13] 48 features, training_days=410 | threshold=0.703 | labels: 1242 long, 929 short (57/43%)
    [trial 13] Sharpe=0.0075 (folds: -0.2264, 0.1308, -0.1454, -0.0796, 0.3579)
    [trial 14] 48 features, training_days=20 | threshold=0.664 | labels: 1242 long, 929 short (57/43%)
    [trial 14] Sharpe=-2.1000 (folds: -10.0000, -0.1011, 0.0541, -0.4223, -0.0305)
    [trial 15] 48 features, training_days=320 | threshold=0.503 | labels: 1242 long, 929 short (57/43%)
    [trial 15] Sharpe=-0.1768 (folds: -0.2768, -0.0156, -0.1874, -0.2592, -0.1449)
    [trial 16] 48 features, training_days=500 | threshold=0.810 | labels: 1242 long, 929 short (57/43%)
    [trial 16] Sharpe=-5.8605 (folds: 0.5166, -10.0000, 0.1809, -10.0000, -10.0000)
    [trial 17] 48 features, training_days=390 | threshold=0.720 | labels: 1242 long, 929 short (57/43%)
    [trial 17] Sharpe=-1.8293 (folds: 0.6641, -0.3753, 0.1949, 0.3696, -10.0000)
  Optuna: 18 trials, best Sharpe = 0.1880
  Best params: n_estimators=76, max_depth=4, lr=0.0186, leaves=51
  Best confidence_threshold: 0.755
  Best training_days: 220
  Retrained on full data (660 samples, 48 features)
  [ensemble 3/3] seed=456
    [trial 0] 48 features, training_days=90 | threshold=0.587 | labels: 1242 long, 929 short (57/43%)
    [CV fold 0] train_end=2023-09-23 08:00 | val_start=2023-10-01 00:00 | gap=184h (22 rows)
    [CV fold 1] train_end=2024-01-21 16:00 | val_start=2024-01-29 08:00 | gap=184h (22 rows)
    [CV fold 2] train_end=2024-05-21 00:00 | val_start=2024-05-28 16:00 | gap=184h (22 rows)
    [CV fold 3] train_end=2024-09-18 08:00 | val_start=2024-09-26 00:00 | gap=184h (22 rows)
    [CV fold 4] train_end=2025-01-16 16:00 | val_start=2025-01-24 08:00 | gap=184h (22 rows)
    [trial 0] Sharpe=-0.0703 (folds: -0.0752, -0.0073, -0.0671, -0.1933, -0.0087)
    [trial 1] 48 features, training_days=290 | threshold=0.635 | labels: 1242 long, 929 short (57/43%)
    [trial 1] Sharpe=-0.1341 (folds: -0.1018, -0.0488, -0.1976, -0.1754, -0.1468)
    [trial 2] 48 features, training_days=10 | threshold=0.585 | labels: 1242 long, 929 short (57/43%)
    [trial 2] Sharpe=-2.0264 (folds: 0.2985, -10.0000, 0.0541, -0.4223, -0.0623)
    [trial 3] 48 features, training_days=220 | threshold=0.687 | labels: 1242 long, 929 short (57/43%)
    [trial 3] Sharpe=-0.1303 (folds: -0.1859, 0.1551, -0.1761, -0.1806, -0.2640)
    [trial 4] 48 features, training_days=300 | threshold=0.562 | labels: 1242 long, 929 short (57/43%)
    [trial 4] Sharpe=-0.1284 (folds: -0.0158, -0.0556, -0.1178, -0.2664, -0.1863)
    [trial 5] 48 features, training_days=490 | threshold=0.711 | labels: 1242 long, 929 short (57/43%)
    [trial 5] Sharpe=-0.1097 (folds: -0.0306, -0.0440, -0.1702, -0.1110, -0.1924)
    [trial 6] 48 features, training_days=420 | threshold=0.667 | labels: 1242 long, 929 short (57/43%)
    [trial 6] Sharpe=-0.1069 (folds: -0.1042, -0.0405, -0.1587, -0.1313, -0.0998)
    [trial 7] 48 features, training_days=120 | threshold=0.550 | labels: 1242 long, 929 short (57/43%)
    [trial 7] Sharpe=-0.0473 (folds: 0.0169, 0.0845, -0.0953, -0.1565, -0.0859)
    [trial 8] 48 features, training_days=450 | threshold=0.720 | labels: 1242 long, 929 short (57/43%)
    [trial 8] Sharpe=-0.1406 (folds: -0.2209, -0.0987, -0.2183, -0.0884, -0.0766)
    [trial 9] 48 features, training_days=20 | threshold=0.727 | labels: 1242 long, 929 short (57/43%)
    [trial 9] Sharpe=-2.1000 (folds: -10.0000, -0.1011, 0.0541, -0.4223, -0.0305)
    [trial 10] 48 features, training_days=180 | threshold=0.840 | labels: 1242 long, 929 short (57/43%)
    [trial 10] Sharpe=-0.1043 (folds: 0.0600, 0.0816, -0.2628, -0.3188, -0.0814)
    [trial 11] 48 features, training_days=130 | threshold=0.538 | labels: 1242 long, 929 short (57/43%)
    [trial 11] Sharpe=-0.0277 (folds: -0.0829, 0.1765, -0.1330, -0.0749, -0.0245)[I 2026-06-01 13:03:08,801] Trial 11 finished with value: -0.02774141342031137 and parameters: {'confidence_threshold': 0.5379676273538253, 'training_days': 130, 'n_estimators': 478, 'max_depth': 5, 'num_leaves': 54, 'learning_rate': 0.010226258249598861, 'subsample': 0.9905541628258661, 'colsample_bytree': 0.9214296292909252, 'min_child_samples': 61, 'reg_alpha': 0.0008950365149773466, 'reg_lambda': 0.00022486515256442478}. Best is trial 11 with value: -0.02774141342031137.
[I 2026-06-01 13:03:09,021] Trial 12 finished with value: -0.021247916988974092 and parameters: {'confidence_threshold': 0.5115366705732524, 'training_days': 120, 'n_estimators': 490, 'max_depth': 5, 'num_leaves': 63, 'learning_rate': 0.010306365551845425, 'subsample': 0.9949150561173347, 'colsample_bytree': 0.9826583982594713, 'min_child_samples': 62, 'reg_alpha': 0.0022498557406386162, 'reg_lambda': 0.0022105109201275095}. Best is trial 12 with value: -0.021247916988974092.
[I 2026-06-01 13:03:09,240] Trial 13 finished with value: -0.01841952274021462 and parameters: {'confidence_threshold': 0.5007357854836626, 'training_days': 130, 'n_estimators': 497, 'max_depth': 4, 'num_leaves': 61, 'learning_rate': 0.010705624380955025, 'subsample': 0.9833225663017411, 'colsample_bytree': 0.9584932215576711, 'min_child_samples': 72, 'reg_alpha': 4.0358884619956926e-05, 'reg_lambda': 3.823279549595616e-06}. Best is trial 13 with value: -0.01841952274021462.
[I 2026-06-01 13:03:09,521] Trial 14 finished with value: -0.10304857745768643 and parameters: {'confidence_threshold': 0.504258521938805, 'training_days': 190, 'n_estimators': 500, 'max_depth': 4, 'num_leaves': 63, 'learning_rate': 0.010652357554617992, 'subsample': 0.9899984244178228, 'colsample_bytree': 0.9957558075946474, 'min_child_samples': 77, 'reg_alpha': 2.201954755863022e-05, 'reg_lambda': 3.608178864103899e-06}. Best is trial 13 with value: -0.01841952274021462.
[I 2026-06-01 13:03:09,623] Trial 15 finished with value: -0.04179974929214383 and parameters: {'confidence_threshold': 0.5037666293697994, 'training_days': 70, 'n_estimators': 442, 'max_depth': 4, 'num_leaves': 62, 'learning_rate': 0.01715538015618942, 'subsample': 0.7581367400676198, 'colsample_bytree': 0.9160264340943409, 'min_child_samples': 88, 'reg_alpha': 1.7836787545151695e-05, 'reg_lambda': 2.0702606002261897e-06}. Best is trial 13 with value: -0.01841952274021462.
[I 2026-06-01 13:03:09,812] Trial 16 finished with value: -0.10561273858360172 and parameters: {'confidence_threshold': 0.7809712285122007, 'training_days': 160, 'n_estimators': 298, 'max_depth': 4, 'num_leaves': 54, 'learning_rate': 0.017337501607748596, 'subsample': 0.9299771109308158, 'colsample_bytree': 0.8310743743843946, 'min_child_samples': 51, 'reg_alpha': 0.03696370588928545, 'reg_lambda': 0.002114224034631334}. Best is trial 13 with value: -0.01841952274021462.
[I 2026-06-01 13:03:09,998] Trial 17 finished with value: -0.0473474542949877 and parameters: {'confidence_threshold': 0.6197866335631909, 'training_days': 360, 'n_estimators': 219, 'max_depth': 3, 'num_leaves': 51, 'learning_rate': 0.014399917848714062, 'subsample': 0.794187385989011, 'colsample_bytree': 0.9466949144289513, 'min_child_samples': 70, 'reg_alpha': 4.5852013437013235e-05, 'reg_lambda': 2.2382884587009486e-06}. Best is trial 13 with value: -0.01841952274021462.
[I 2026-06-01 13:03:10,808] A new study created in memory with name: no-name-f92e02b7-2b75-4c05-a5cb-8c2682a5a5ee
[I 2026-06-01 13:03:11,166] Trial 0 finished with value: -0.17085882261494553 and parameters: {'confidence_threshold': 0.6310890415965769, 'training_days': 480, 'n_estimators': 380, 'max_depth': 4, 'num_leaves': 22, 'learning_rate': 0.01699897838270077, 'subsample': 0.5290418060840998, 'colsample_bytree': 0.9330880728874675, 'min_child_samples': 68, 'reg_alpha': 0.023585940584142682, 'reg_lambda': 1.5320059381854043e-08}. Best is trial 0 with value: -0.17085882261494553.
[I 2026-06-01 13:03:11,297] Trial 1 finished with value: -4.126053676059989 and parameters: {'confidence_threshold': 0.839468448256698, 'training_days': 420, 'n_estimators': 145, 'max_depth': 3, 'num_leaves': 23, 'learning_rate': 0.028145092716060652, 'subsample': 0.762378215816119, 'colsample_bytree': 0.7159725093210578, 'min_child_samples': 43, 'reg_alpha': 0.0032112643094417484, 'reg_lambda': 1.8007140198129195e-07}. Best is trial 0 with value: -0.17085882261494553.
[I 2026-06-01 13:03:11,488] Trial 2 finished with value: -0.11609024668149508 and parameters: {'confidence_threshold': 0.6022506269873263, 'training_days': 190, 'n_estimators': 255, 'max_depth': 5, 'num_leaves': 24, 'learning_rate': 0.05748924681991978, 'subsample': 0.7962072844310213, 'colsample_bytree': 0.5232252063599989, 'min_child_samples': 69, 'reg_alpha': 3.425445902633376e-07, 'reg_lambda': 3.850031979199519e-08}. Best is trial 2 with value: -0.11609024668149508.
[I 2026-06-01 13:03:11,767] Trial 3 finished with value: -0.09930806364047644 and parameters: {'confidence_threshold': 0.8321099380386666, 'training_days': 490, 'n_estimators': 414, 'max_depth': 3, 'num_leaves': 19, 'learning_rate': 0.1024932221692416, 'subsample': 0.7200762468698007, 'colsample_bytree': 0.5610191174223894, 'min_child_samples': 60, 'reg_alpha': 2.039373116525212e-08, 'reg_lambda': 1.527156759251193}. Best is trial 3 with value: -0.09930806364047644.
[I 2026-06-01 13:03:11,960] Trial 4 finished with value: -0.13922911739021554 and parameters: {'confidence_threshold': 0.5905729935600059, 'training_days': 340, 'n_estimators': 190, 'max_depth': 4, 'num_leaves': 41, 'learning_rate': 0.01875220945578641, 'subsample': 0.9847923138822793, 'colsample_bytree': 0.8875664116805573, 'min_child_samples': 96, 'reg_alpha': 1.1309571585271483, 'reg_lambda': 0.002404915432737351}. Best is trial 3 with value: -0.09930806364047644.
[I 2026-06-01 13:03:12,025] Trial 5 finished with value: -1.9805602215724012 and parameters: {'confidence_threshold': 0.8226559822580909, 'training_days': 50, 'n_estimators': 138, 'max_depth': 3, 'num_leaves': 30, 'learning_rate': 0.03750796359625606, 'subsample': 0.6356745158869479, 'colsample_bytree': 0.9143687545759647, 'min_child_samples': 48, 'reg_alpha': 3.376063348877853e-06, 'reg_lambda': 0.0007660634613082914}. Best is trial 3 with value: -0.09930806364047644.
[I 2026-06-01 13:03:12,156] Trial 6 finished with value: -0.07520563931908994 and parameters: {'confidence_threshold': 0.5493234787411669, 'training_days': 410, 'n_estimators': 83, 'max_depth': 5, 'num_leaves': 52, 'learning_rate': 0.019657448966046126, 'subsample': 0.5027610585618012, 'colsample_bytree': 0.9077307142274171, 'min_child_samples': 77, 'reg_alpha': 0.03639690979811287, 'reg_lambda': 0.08738424135626986}. Best is trial 6 with value: -0.07520563931908994.
