[I 2026-06-01 13:01:59,455] Trial 12 finished with value: 0.1728417599107881 and parameters: {'confidence_threshold': 0.6976607825800625, 'training_days': 360, 'n_estimators': 244, 'max_depth': 3, 'num_leaves': 63, 'learning_rate': 0.02392651870535563, 'subsample': 0.9903748330118821, 'colsample_bytree': 0.6669454130036883, 'min_child_samples': 41, 'reg_alpha': 8.872579804238418e-08, 'reg_lambda': 0.003601448669274239}. Best is trial 12 with value: 0.1728417599107881.
[I 2026-06-01 13:01:59,643] Trial 13 finished with value: 0.13972452316597025 and parameters: {'confidence_threshold': 0.6905522748335764, 'training_days': 400, 'n_estimators': 256, 'max_depth': 3, 'num_leaves': 63, 'learning_rate': 0.04303715657309891, 'subsample': 0.9960671290155989, 'colsample_bytree': 0.6357563568573675, 'min_child_samples': 46, 'reg_alpha': 2.8101561163482304e-08, 'reg_lambda': 0.007333862701978235}. Best is trial 12 with value: 0.1728417599107881.
[I 2026-06-01 13:01:59,822] Trial 14 finished with value: 0.22047529534562238 and parameters: {'confidence_threshold': 0.6816304425017407, 'training_days': 490, 'n_estimators': 217, 'max_depth': 3, 'num_leaves': 61, 'learning_rate': 0.011739007227215357, 'subsample': 0.916286913491753, 'colsample_bytree': 0.5075347953647718, 'min_child_samples': 44, 'reg_alpha': 2.7759395963620105e-07, 'reg_lambda': 1.66052015319664}. Best is trial 14 with value: 0.22047529534562238.
[I 2026-06-01 13:02:00,049] Trial 15 finished with value: 0.0967832517630772 and parameters: {'confidence_threshold': 0.5026055290809989, 'training_days': 500, 'n_estimators': 208, 'max_depth': 4, 'num_leaves': 56, 'learning_rate': 0.011542236203745757, 'subsample': 0.8966418548807951, 'colsample_bytree': 0.5093920150666754, 'min_child_samples': 39, 'reg_alpha': 5.990733142674011e-07, 'reg_lambda': 7.2660444370201205}. Best is trial 14 with value: 0.22047529534562238.
[I 2026-06-01 13:02:00,228] Trial 16 finished with value: 0.14639368191910973 and parameters: {'confidence_threshold': 0.6539558521453678, 'training_days': 500, 'n_estimators': 307, 'max_depth': 3, 'num_leaves': 54, 'learning_rate': 0.017721952555722495, 'subsample': 0.8952364686835096, 'colsample_bytree': 0.5043638726315274, 'min_child_samples': 99, 'reg_alpha': 9.76935290622861e-07, 'reg_lambda': 0.5009197426674707}. Best is trial 14 with value: 0.22047529534562238.
[I 2026-06-01 13:02:00,326] Trial 17 finished with value: 0.2647750906327877 and parameters: {'confidence_threshold': 0.6396244784433824, 'training_days': 450, 'n_estimators': 104, 'max_depth': 3, 'num_leaves': 45, 'learning_rate': 0.01474785154466419, 'subsample': 0.9145002794744223, 'colsample_bytree': 0.5775182422630882, 'min_child_samples': 52, 'reg_alpha': 1.1757174970758209e-07, 'reg_lambda': 0.0906021794053856}. Best is trial 17 with value: 0.2647750906327877.
[I 2026-06-01 13:02:00,697] A new study created in memory with name: no-name-4c17603e-94aa-4409-bb19-616001506caa
[I 2026-06-01 13:02:00,913] Trial 0 finished with value: 0.027940456105609766 and parameters: {'confidence_threshold': 0.5870645682749857, 'training_days': 90, 'n_estimators': 403, 'max_depth': 5, 'num_leaves': 45, 'learning_rate': 0.0780457193679974, 'subsample': 0.9428509515574568, 'colsample_bytree': 0.8795587339164916, 'min_child_samples': 34, 'reg_alpha': 2.2465901234314442e-07, 'reg_lambda': 8.339007036475363e-05}. Best is trial 0 with value: 0.027940456105609766.
[I 2026-06-01 13:02:01,017] Trial 1 finished with value: 0.08333981987754224 and parameters: {'confidence_threshold': 0.6348453934275313, 'training_days': 290, 'n_estimators': 115, 'max_depth': 5, 'num_leaves': 37, 'learning_rate': 0.06949568759029946, 'subsample': 0.8228505074024268, 'colsample_bytree': 0.8616703220431751, 'min_child_samples': 75, 'reg_alpha': 4.2486822725010923e-07, 'reg_lambda': 1.157247767047042e-07}. Best is trial 1 with value: 0.08333981987754224.
[I 2026-06-01 13:02:01,037] Trial 2 finished with value: -0.024889665924112497 and parameters: {'confidence_threshold': 0.5849570384370288, 'training_days': 10, 'n_estimators': 212, 'max_depth': 3, 'num_leaves': 41, 'learning_rate': 0.18452095998378365, 'subsample': 0.6001060822924371, 'colsample_bytree': 0.5673167293506167, 'min_child_samples': 37, 'reg_alpha': 5.733250064217131, 'reg_lambda': 0.5308454292595461}. Best is trial 1 with value: 0.08333981987754224.
[I 2026-06-01 13:02:01,119] Trial 3 finished with value: 0.12618124888820237 and parameters: {'confidence_threshold': 0.6868248626683718, 'training_days': 220, 'n_estimators': 134, 'max_depth': 3, 'num_leaves': 45, 'learning_rate': 0.033529007907491595, 'subsample': 0.8647277071858408, 'colsample_bytree': 0.778494116634046, 'min_child_samples': 96, 'reg_alpha': 2.409409937265785e-07, 'reg_lambda': 1.1642073478060009}. Best is trial 3 with value: 0.12618124888820237.
[I 2026-06-01 13:02:01,209] Trial 4 finished with value: 0.0989786040923521 and parameters: {'confidence_threshold': 0.5623121348350352, 'training_days': 300, 'n_estimators': 69, 'max_depth': 4, 'num_leaves': 32, 'learning_rate': 0.14967629360700346, 'subsample': 0.5054535233636654, 'colsample_bytree': 0.7401385194659216, 'min_child_samples': 27, 'reg_alpha': 1.4212042567426725e-07, 'reg_lambda': 0.23605753701352003}. Best is trial 3 with value: 0.12618124888820237.
[I 2026-06-01 13:02:01,627] Trial 5 finished with value: 0.12390722496802857 and parameters: {'confidence_threshold': 0.7111850244908446, 'training_days': 490, 'n_estimators': 362, 'max_depth': 5, 'num_leaves': 40, 'learning_rate': 0.05960785724162737, 'subsample': 0.5589714368907717, 'colsample_bytree': 0.6659006943232806, 'min_child_samples': 42, 'reg_alpha': 0.6741360303045295, 'reg_lambda': 6.054601607143087e-08}. Best is trial 3 with value: 0.12618124888820237.

    [trial 5] Sharpe=0.2124 (folds: 0.2591, 0.3187, 0.3969, 0.0067, 0.0808)
    [trial 6] 48 features, training_days=410 | threshold=0.549 | labels: 1217 long, 954 short (56/44%)
    [trial 6] Sharpe=0.0565 (folds: -0.0480, 0.0965, 0.1852, 0.0135, 0.0351)
    [trial 7] 48 features, training_days=180 | threshold=0.526 | labels: 1217 long, 954 short (56/44%)
    [trial 7] Sharpe=0.0728 (folds: 0.1221, 0.1603, 0.1301, -0.0111, -0.0373)
    [trial 8] 48 features, training_days=240 | threshold=0.811 | labels: 1217 long, 954 short (56/44%)
    [trial 8] Sharpe=0.0852 (folds: 0.3340, 0.1622, -0.0416, -0.0694, 0.0409)
    [trial 9] 48 features, training_days=20 | threshold=0.538 | labels: 1217 long, 954 short (56/44%)
    [trial 9] Sharpe=-2.0872 (folds: -0.1462, -0.4790, -10.0000, 0.0288, 0.1604)
    [trial 10] 48 features, training_days=10 | threshold=0.732 | labels: 1217 long, 954 short (56/44%)
    [trial 10] Sharpe=-1.9957 (folds: -10.0000, -0.4790, 0.3135, 0.0268, 0.1604)
    [trial 11] 48 features, training_days=100 | threshold=0.762 | labels: 1217 long, 954 short (56/44%)
    [trial 11] Sharpe=0.1079 (folds: 0.1555, 0.0961, 0.0985, -0.0189, 0.2083)
    [trial 12] 48 features, training_days=310 | threshold=0.713 | labels: 1217 long, 954 short (56/44%)
    [trial 12] Sharpe=0.0777 (folds: 0.0968, 0.1548, 0.2127, -0.1097, 0.0338)
    [trial 13] 48 features, training_days=130 | threshold=0.790 | labels: 1217 long, 954 short (56/44%)
    [trial 13] Sharpe=0.0891 (folds: 0.3026, 0.0519, 0.1451, 0.0149, -0.0688)
    [trial 14] 48 features, training_days=500 | threshold=0.685 | labels: 1217 long, 954 short (56/44%)
    [trial 14] Sharpe=0.2280 (folds: 0.0952, 0.1709, 0.4701, 0.1175, 0.2864)
    [trial 15] 48 features, training_days=300 | threshold=0.685 | labels: 1217 long, 954 short (56/44%)
    [trial 15] Sharpe=0.1517 (folds: 0.1255, 0.1557, 0.3158, -0.0137, 0.1753)
    [trial 16] 48 features, training_days=70 | threshold=0.664 | labels: 1217 long, 954 short (56/44%)
    [trial 16] Sharpe=0.0458 (folds: 0.1509, -0.2462, 0.3123, -0.1058, 0.1180)
    [trial 17] 48 features, training_days=370 | threshold=0.765 | labels: 1217 long, 954 short (56/44%)
    [trial 17] Sharpe=0.1617 (folds: 0.1310, 0.2491, 0.3600, -0.0066, 0.0751)
  Optuna: 18 trials, best Sharpe = 0.2280
  Best params: n_estimators=315, max_depth=3, lr=0.0116, leaves=15
  Best confidence_threshold: 0.685
  Best training_days: 500
  Retrained on full data (1500 samples, 48 features)
  [ensemble 2/3] seed=123
    [trial 0] 48 features, training_days=150 | threshold=0.744 | labels: 1217 long, 954 short (56/44%)
    [CV fold 0] train_end=2023-03-25 08:00 | val_start=2023-04-02 00:00 | gap=184h (22 rows)
    [CV fold 1] train_end=2023-07-23 16:00 | val_start=2023-07-31 08:00 | gap=184h (22 rows)
    [CV fold 2] train_end=2023-11-21 00:00 | val_start=2023-11-28 16:00 | gap=184h (22 rows)
    [CV fold 3] train_end=2024-03-20 08:00 | val_start=2024-03-28 00:00 | gap=184h (22 rows)
    [CV fold 4] train_end=2024-07-18 16:00 | val_start=2024-07-26 08:00 | gap=184h (22 rows)
    [trial 0] Sharpe=0.1042 (folds: 0.2936, 0.1849, 0.1097, -0.1059, 0.0387)
    [trial 1] 48 features, training_days=220 | threshold=0.755 | labels: 1217 long, 954 short (56/44%)
    [trial 1] Sharpe=-1.6861 (folds: 0.4818, 0.9626, 0.2269, -0.1018, -10.0000)
    [trial 2] 48 features, training_days=310 | threshold=0.754 | labels: 1217 long, 954 short (56/44%)
    [trial 2] Sharpe=0.1534 (folds: 0.1286, 0.2232, 0.3521, -0.0595, 0.1228)
    [trial 3] 48 features, training_days=220 | threshold=0.673 | labels: 1217 long, 954 short (56/44%)
    [trial 3] Sharpe=0.0958 (folds: 0.1311, 0.2479, 0.1316, -0.0331, 0.0017)
    [trial 4] 48 features, training_days=130 | threshold=0.803 | labels: 1217 long, 954 short (56/44%)
    [trial 4] Sharpe=0.0915 (folds: 0.3350, -0.0419, 0.0542, 0.0865, 0.0235)
    [trial 5] 48 features, training_days=210 | threshold=0.606 | labels: 1217 long, 954 short (56/44%)
    [trial 5] Sharpe=0.0589 (folds: 0.1673, 0.1835, -0.0167, -0.0355, -0.0042)
    [trial 6] 48 features, training_days=130 | threshold=0.767 | labels: 1217 long, 954 short (56/44%)
    [trial 6] Sharpe=0.0790 (folds: 0.0828, 0.1530, 0.1175, 0.0574, -0.0155)
    [trial 7] 48 features, training_days=80 | threshold=0.556 | labels: 1217 long, 954 short (56/44%)
    [trial 7] Sharpe=0.0688 (folds: 0.0661, 0.1068, 0.2837, -0.1295, 0.0168)
    [trial 8] 48 features, training_days=200 | threshold=0.607 | labels: 1217 long, 954 short (56/44%)
    [trial 8] Sharpe=0.0732 (folds: 0.0902, 0.1945, 0.1329, -0.0657, 0.0139)
    [trial 9] 48 features, training_days=260 | threshold=0.620 | labels: 1217 long, 954 short (56/44%)
    [trial 9] Sharpe=0.0478 (folds: 0.1724, 0.1597, 0.1221, -0.0686, -0.1464)
    [trial 10] 48 features, training_days=420 | threshold=0.845 | labels: 1217 long, 954 short (56/44%)
    [trial 10] Sharpe=-1.8232 (folds: 0.2660, 0.4691, 0.3514, -0.2027, -10.0000)
    [trial 11] 48 features, training_days=360 | threshold=0.716 | labels: 1217 long, 954 short (56/44%)
    [trial 11] Sharpe=0.1552 (folds: 0.2225, 0.2188, 0.2638, -0.0520, 0.1228)
    [trial 12] 48 features, training_days=360 | threshold=0.698 | labels: 1217 long, 954 short (56/44%)
    [trial 12] Sharpe=0.1728 (folds: 0.1657, 0.2544, 0.3734, -0.0574, 0.1282)
    [trial 13] 48 features, training_days=400 | threshold=0.691 | labels: 1217 long, 954 short (56/44%)
    [trial 13] Sharpe=0.1397 (folds: 0.1721, 0.2235, 0.2358, 0.0541, 0.0132)
    [trial 14] 48 features, training_days=490 | threshold=0.682 | labels: 1217 long, 954 short (56/44%)
    [trial 14] Sharpe=0.2205 (folds: 0.0608, 0.4048, 0.2552, 0.0026, 0.3789)
    [trial 15] 48 features, training_days=500 | threshold=0.503 | labels: 1217 long, 954 short (56/44%)
    [trial 15] Sharpe=0.0968 (folds: 0.0805, 0.0553, 0.1701, 0.0726, 0.1054)
    [trial 16] 48 features, training_days=500 | threshold=0.654 | labels: 1217 long, 954 short (56/44%)
    [trial 16] Sharpe=0.1464 (folds: 0.0725, 0.2923, 0.2257, -0.0299, 0.1714)
    [trial 17] 48 features, training_days=450 | threshold=0.640 | labels: 1217 long, 954 short (56/44%)
    [trial 17] Sharpe=0.2648 (folds: 0.0928, 0.5313, 0.2617, -0.0450, 0.4831)
  Optuna: 18 trials, best Sharpe = 0.2648
  Best params: n_estimators=104, max_depth=3, lr=0.0147, leaves=45
  Best confidence_threshold: 0.640
  Best training_days: 450
  Retrained on full data (1350 samples, 48 features)
  [ensemble 3/3] seed=456
    [trial 0] 48 features, training_days=90 | threshold=0.587 | labels: 1217 long, 954 short (56/44%)
    [CV fold 0] train_end=2023-03-25 08:00 | val_start=2023-04-02 00:00 | gap=184h (22 rows)
    [CV fold 1] train_end=2023-07-23 16:00 | val_start=2023-07-31 08:00 | gap=184h (22 rows)
    [CV fold 2] train_end=2023-11-21 00:00 | val_start=2023-11-28 16:00 | gap=184h (22 rows)
    [CV fold 3] train_end=2024-03-20 08:00 | val_start=2024-03-28 00:00 | gap=184h (22 rows)
    [CV fold 4] train_end=2024-07-18 16:00 | val_start=2024-07-26 08:00 | gap=184h (22 rows)
    [trial 0] Sharpe=0.0279 (folds: 0.0249, -0.0840, 0.2126, -0.1072, 0.0935)
    [trial 1] 48 features, training_days=290 | threshold=0.635 | labels: 1217 long, 954 short (56/44%)
    [trial 1] Sharpe=0.0833 (folds: 0.1673, 0.1732, 0.1852, -0.0758, -0.0333)
    [trial 2] 48 features, training_days=10 | threshold=0.585 | labels: 1217 long, 954 short (56/44%)
    [trial 2] Sharpe=-0.0249 (folds: -0.1462, -0.4790, 0.3135, 0.0268, 0.1604)
    [trial 3] 48 features, training_days=220 | threshold=0.687 | labels: 1217 long, 954 short (56/44%)
    [trial 3] Sharpe=0.1262 (folds: 0.0671, 0.4176, 0.1026, -0.0801, 0.1237)
    [trial 4] 48 features, training_days=300 | threshold=0.562 | labels: 1217 long, 954 short (56/44%)
    [trial 4] Sharpe=0.0990 (folds: 0.1057, 0.1577, 0.2432, -0.0196, 0.0078)
    [trial 5] 48 features, training_days=490 | threshold=0.711 | labels: 1217 long, 954 short (56/44%)
    [trial 5] Sharpe=0.1239 (folds: 0.1863, 0.1527, 0.2545, -0.0696, 0.0958)
    [trial 6] 48 features, training_days=420 | threshold=0.667 | labels: 1217 long, 954 short (56/44%)
    [trial 6] Sharpe=0.1498 (folds: 0.2097, 0.1859, 0.2611, 0.0268, 0.0657)[I 2026-06-01 13:02:01,811] Trial 6 finished with value: 0.14983797918880032 and parameters: {'confidence_threshold': 0.667482545748023, 'training_days': 420, 'n_estimators': 279, 'max_depth': 3, 'num_leaves': 45, 'learning_rate': 0.040099592560849204, 'subsample': 0.8563114696415159, 'colsample_bytree': 0.5442917781944105, 'min_child_samples': 50, 'reg_alpha': 1.6407916423707903e-08, 'reg_lambda': 2.935907642973286e-05}. Best is trial 6 with value: 0.14983797918880032.
[I 2026-06-01 13:02:01,979] Trial 7 finished with value: 0.03436657333769671 and parameters: {'confidence_threshold': 0.5497381024139926, 'training_days': 120, 'n_estimators': 408, 'max_depth': 5, 'num_leaves': 38, 'learning_rate': 0.28049122657745795, 'subsample': 0.8806573338635493, 'colsample_bytree': 0.5454054113547102, 'min_child_samples': 63, 'reg_alpha': 0.01263008637940408, 'reg_lambda': 0.04588020805366937}. Best is trial 6 with value: 0.14983797918880032.
[I 2026-06-01 13:02:02,250] Trial 8 finished with value: 0.14963615472819963 and parameters: {'confidence_threshold': 0.719644804808716, 'training_days': 450, 'n_estimators': 410, 'max_depth': 4, 'num_leaves': 57, 'learning_rate': 0.04022026551478857, 'subsample': 0.5336085426932707, 'colsample_bytree': 0.5705742850577543, 'min_child_samples': 100, 'reg_alpha': 5.916398047912201e-07, 'reg_lambda': 0.9794034214488329}. Best is trial 6 with value: 0.14983797918880032.
[I 2026-06-01 13:02:02,277] Trial 9 finished with value: -4.09296230400696 and parameters: {'confidence_threshold': 0.7267463643917187, 'training_days': 20, 'n_estimators': 337, 'max_depth': 5, 'num_leaves': 23, 'learning_rate': 0.022153031811454605, 'subsample': 0.6305627572358737, 'colsample_bytree': 0.6613413774216214, 'min_child_samples': 81, 'reg_alpha': 5.7638634029410314e-08, 'reg_lambda': 8.26603016764008}. Best is trial 6 with value: 0.14983797918880032.
[I 2026-06-01 13:02:02,463] Trial 10 finished with value: -5.716526464333926 and parameters: {'confidence_threshold': 0.8283920119574972, 'training_days': 400, 'n_estimators': 240, 'max_depth': 3, 'num_leaves': 62, 'learning_rate': 0.011921022686883517, 'subsample': 0.7130289643560688, 'colsample_bytree': 0.9944479338273263, 'min_child_samples': 54, 'reg_alpha': 6.837313901272251e-05, 'reg_lambda': 2.741063772648371e-05}. Best is trial 6 with value: 0.14983797918880032.
[I 2026-06-01 13:02:02,755] Trial 11 finished with value: 0.19264357257884474 and parameters: {'confidence_threshold': 0.7828153509856824, 'training_days': 500, 'n_estimators': 478, 'max_depth': 4, 'num_leaves': 58, 'learning_rate': 0.03003469823170691, 'subsample': 0.7390439957698561, 'colsample_bytree': 0.5017024210185925, 'min_child_samples': 100, 'reg_alpha': 2.3530491583503867e-05, 'reg_lambda': 0.00647465266809438}. Best is trial 11 with value: 0.19264357257884474.
[I 2026-06-01 13:02:03,143] Trial 12 finished with value: 0.18254038082971424 and parameters: {'confidence_threshold': 0.8008961038526314, 'training_days': 380, 'n_estimators': 490, 'max_depth': 4, 'num_leaves': 54, 'learning_rate': 0.01924681962976845, 'subsample': 0.7462116519928502, 'colsample_bytree': 0.5170921355329543, 'min_child_samples': 55, 'reg_alpha': 5.113460481149383e-05, 'reg_lambda': 0.0022105109201275095}. Best is trial 11 with value: 0.19264357257884474.
[I 2026-06-01 13:02:03,502] Trial 13 finished with value: 0.27666169607430136 and parameters: {'confidence_threshold': 0.8204808398387144, 'training_days': 380, 'n_estimators': 497, 'max_depth': 4, 'num_leaves': 55, 'learning_rate': 0.01599763794568145, 'subsample': 0.7282696384502719, 'colsample_bytree': 0.505864839589866, 'min_child_samples': 69, 'reg_alpha': 5.900837329147622e-05, 'reg_lambda': 0.0059487954326685535}. Best is trial 13 with value: 0.27666169607430136.
[I 2026-06-01 13:02:03,836] Trial 14 finished with value: 0.2257190050778702 and parameters: {'confidence_threshold': 0.7752596455979451, 'training_days': 350, 'n_estimators': 500, 'max_depth': 4, 'num_leaves': 53, 'learning_rate': 0.011030858969457633, 'subsample': 0.6776505255398512, 'colsample_bytree': 0.6487664350381689, 'min_child_samples': 85, 'reg_alpha': 0.0013749512998099194, 'reg_lambda': 0.0014962631237842097}. Best is trial 13 with value: 0.27666169607430136.
[I 2026-06-01 13:02:04,165] Trial 15 finished with value: 0.23734363951940737 and parameters: {'confidence_threshold': 0.8489447793629318, 'training_days': 330, 'n_estimators': 488, 'max_depth': 4, 'num_leaves': 51, 'learning_rate': 0.01000105397346481, 'subsample': 0.6714884585087656, 'colsample_bytree': 0.6310386920638213, 'min_child_samples': 81, 'reg_alpha': 0.0046298924151886465, 'reg_lambda': 2.582339790441249e-06}. Best is trial 13 with value: 0.27666169607430136.
[I 2026-06-01 13:02:04,424] Trial 16 finished with value: 0.2599674789822893 and parameters: {'confidence_threshold': 0.8496838768725787, 'training_days': 210, 'n_estimators': 442, 'max_depth': 4, 'num_leaves': 51, 'learning_rate': 0.01701654785021985, 'subsample': 0.7941953870255934, 'colsample_bytree': 0.6039063300110851, 'min_child_samples': 68, 'reg_alpha': 0.015065975176497342, 'reg_lambda': 1.6925634133463895e-06}. Best is trial 13 with value: 0.27666169607430136.
[I 2026-06-01 13:02:04,682] Trial 17 finished with value: 0.07103743513066266 and parameters: {'confidence_threshold': 0.5080881579696632, 'training_days': 190, 'n_estimators': 443, 'max_depth': 4, 'num_leaves': 62, 'learning_rate': 0.018138056064172996, 'subsample': 0.8002407697944357, 'colsample_bytree': 0.6041388745735923, 'min_child_samples': 67, 'reg_alpha': 0.369522501471748, 'reg_lambda': 1.3444369043864224e-06}. Best is trial 13 with value: 0.27666169607430136.
[I 2026-06-01 13:02:05,408] A new study created in memory with name: no-name-b38c9482-8801-4698-85c6-417d053371d0
[I 2026-06-01 13:02:05,715] Trial 0 finished with value: 0.08597666764387021 and parameters: {'confidence_threshold': 0.6310890415965769, 'training_days': 480, 'n_estimators': 380, 'max_depth': 4, 'num_leaves': 22, 'learning_rate': 0.01699897838270077, 'subsample': 0.5290418060840998, 'colsample_bytree': 0.9330880728874675, 'min_child_samples': 68, 'reg_alpha': 0.023585940584142682, 'reg_lambda': 1.5320059381854043e-08}. Best is trial 0 with value: 0.08597666764387021.
[I 2026-06-01 13:02:05,847] Trial 1 finished with value: -3.968039683411507 and parameters: {'confidence_threshold': 0.839468448256698, 'training_days': 420, 'n_estimators': 145, 'max_depth': 3, 'num_leaves': 23, 'learning_rate': 0.028145092716060652, 'subsample': 0.762378215816119, 'colsample_bytree': 0.7159725093210578, 'min_child_samples': 43, 'reg_alpha': 0.0032112643094417484, 'reg_lambda': 1.8007140198129195e-07}. Best is trial 0 with value: 0.08597666764387021.
[I 2026-06-01 13:02:06,019] Trial 2 finished with value: -0.04613219953485024 and parameters: {'confidence_threshold': 0.6022506269873263, 'training_days': 190, 'n_estimators': 255, 'max_depth': 5, 'num_leaves': 24, 'learning_rate': 0.05748924681991978, 'subsample': 0.7962072844310213, 'colsample_bytree': 0.5232252063599989, 'min_child_samples': 69, 'reg_alpha': 3.425445902633376e-07, 'reg_lambda': 3.850031979199519e-08}. Best is trial 0 with value: 0.08597666764387021.
[I 2026-06-01 13:02:06,289] Trial 3 finished with value: 0.09394829566038064 and parameters: {'confidence_threshold': 0.8321099380386666, 'training_days': 490, 'n_estimators': 414, 'max_depth': 3, 'num_leaves': 19, 'learning_rate': 0.1024932221692416, 'subsample': 0.7200762468698007, 'colsample_bytree': 0.5610191174223894, 'min_child_samples': 60, 'reg_alpha': 2.039373116525212e-08, 'reg_lambda': 1.527156759251193}. Best is trial 3 with value: 0.09394829566038064.
