[I 2026-06-01 13:02:20,273] Trial 6 finished with value: 0.03944818995426442 and parameters: {'confidence_threshold': 0.5493234787411669, 'training_days': 410, 'n_estimators': 83, 'max_depth': 5, 'num_leaves': 52, 'learning_rate': 0.019657448966046126, 'subsample': 0.5027610585618012, 'colsample_bytree': 0.9077307142274171, 'min_child_samples': 77, 'reg_alpha': 0.03639690979811287, 'reg_lambda': 0.08738424135626986}. Best is trial 0 with value: 0.07720374315201942.
[I 2026-06-01 13:02:20,365] Trial 7 finished with value: -0.10882845395618249 and parameters: {'confidence_threshold': 0.5259156281069316, 'training_days': 180, 'n_estimators': 102, 'max_depth': 5, 'num_leaves': 45, 'learning_rate': 0.030816017044468066, 'subsample': 0.5317791751430119, 'colsample_bytree': 0.6554911608578311, 'min_child_samples': 46, 'reg_alpha': 0.036851536911881845, 'reg_lambda': 0.005470376807480391}. Best is trial 0 with value: 0.07720374315201942.
[I 2026-06-01 13:02:20,483] Trial 8 finished with value: 0.009715092738815212 and parameters: {'confidence_threshold': 0.8105244599017143, 'training_days': 240, 'n_estimators': 103, 'max_depth': 5, 'num_leaves': 52, 'learning_rate': 0.06746437142284309, 'subsample': 0.8854835899772805, 'colsample_bytree': 0.7468977981821954, 'min_child_samples': 62, 'reg_alpha': 7.04480806377519e-05, 'reg_lambda': 1.6934490731313353e-08}. Best is trial 0 with value: 0.07720374315201942.
[I 2026-06-01 13:02:20,505] Trial 9 finished with value: -0.08813688666317326 and parameters: {'confidence_threshold': 0.5377619994476566, 'training_days': 20, 'n_estimators': 337, 'max_depth': 3, 'num_leaves': 39, 'learning_rate': 0.21907142272152816, 'subsample': 0.6246461145744375, 'colsample_bytree': 0.7051914615178149, 'min_child_samples': 81, 'reg_alpha': 1.1459970229341322e-06, 'reg_lambda': 4.929685216887945e-08}. Best is trial 0 with value: 0.07720374315201942.
[I 2026-06-01 13:02:21,062] Trial 10 finished with value: 0.040180614705522345 and parameters: {'confidence_threshold': 0.6938635787372303, 'training_days': 350, 'n_estimators': 487, 'max_depth': 4, 'num_leaves': 15, 'learning_rate': 0.011407797829608154, 'subsample': 0.6277217293825994, 'colsample_bytree': 0.9880699499289975, 'min_child_samples': 27, 'reg_alpha': 8.536188349289, 'reg_lambda': 3.3639426888455256e-06}. Best is trial 0 with value: 0.07720374315201942.
[I 2026-06-01 13:02:21,256] Trial 11 finished with value: 0.0754943218448727 and parameters: {'confidence_threshold': 0.6539822215848989, 'training_days': 320, 'n_estimators': 245, 'max_depth': 4, 'num_leaves': 33, 'learning_rate': 0.010345547951401532, 'subsample': 0.9990666719410425, 'colsample_bytree': 0.8450967273762119, 'min_child_samples': 97, 'reg_alpha': 3.662834835098572, 'reg_lambda': 1.2919440532274802e-05}. Best is trial 0 with value: 0.07720374315201942.
[I 2026-06-01 13:02:21,524] Trial 12 finished with value: 0.1376942013138169 and parameters: {'confidence_threshold': 0.6796798374894873, 'training_days': 470, 'n_estimators': 321, 'max_depth': 4, 'num_leaves': 31, 'learning_rate': 0.010342884934290602, 'subsample': 0.9914455230651676, 'colsample_bytree': 0.8304278626461432, 'min_child_samples': 100, 'reg_alpha': 0.2850063677801865, 'reg_lambda': 7.763932891094921e-06}. Best is trial 12 with value: 0.1376942013138169.
[I 2026-06-01 13:02:21,820] Trial 13 finished with value: 0.1061665136802363 and parameters: {'confidence_threshold': 0.7299505446416348, 'training_days': 500, 'n_estimators': 352, 'max_depth': 4, 'num_leaves': 62, 'learning_rate': 0.01603405587855917, 'subsample': 0.8817021550155673, 'colsample_bytree': 0.8155421717694826, 'min_child_samples': 84, 'reg_alpha': 0.08932183093723987, 'reg_lambda': 4.448098583586055e-06}. Best is trial 12 with value: 0.1376942013138169.
[I 2026-06-01 13:02:22,089] Trial 14 finished with value: 0.20425304436909825 and parameters: {'confidence_threshold': 0.724992071175846, 'training_days': 500, 'n_estimators': 315, 'max_depth': 4, 'num_leaves': 60, 'learning_rate': 0.010551159771487946, 'subsample': 0.9000174025532383, 'colsample_bytree': 0.8205684707561465, 'min_child_samples': 87, 'reg_alpha': 0.34520974913685526, 'reg_lambda': 1.3503767233835265e-05}. Best is trial 14 with value: 0.20425304436909825.
    [trial 12] Sharpe=0.1312 (folds: 0.2258, 0.0378, 0.3356, 0.0502, 0.0066)
    [trial 13] 48 features, training_days=340 | threshold=0.849 | labels: 1211 long, 960 short (56/44%)
    [trial 13] Sharpe=0.0587 (folds: 0.1755, 0.0868, 0.2808, -0.2382, -0.0112)
    [trial 14] 48 features, training_days=360 | threshold=0.792 | labels: 1211 long, 960 short (56/44%)
    [trial 14] Sharpe=0.0763 (folds: 0.0459, 0.0447, 0.3953, -0.0788, -0.0256)
    [trial 15] 48 features, training_days=220 | threshold=0.783 | labels: 1211 long, 960 short (56/44%)
    [trial 15] Sharpe=-0.0064 (folds: -0.0346, 0.1180, 0.1025, -0.0373, -0.1804)
    [trial 16] 48 features, training_days=500 | threshold=0.781 | labels: 1211 long, 960 short (56/44%)
    [trial 16] Sharpe=0.1843 (folds: 0.4553, 0.0747, 0.3773, 0.0854, -0.0713)
    [trial 17] 48 features, training_days=490 | threshold=0.779 | labels: 1211 long, 960 short (56/44%)
    [trial 17] Sharpe=0.1081 (folds: 0.0652, 0.0656, 0.2980, -0.0250, 0.1365)
  Optuna: 18 trials, best Sharpe = 0.2361
  Best params: n_estimators=478, max_depth=4, lr=0.0100, leaves=61
  Best confidence_threshold: 0.843
  Best training_days: 400
  Retrained on full data (1200 samples, 48 features)
  OOD: 16 features, cutoff (q=0.7) = 9.91
  Model trained for 2025-01: 93 test candles with features, confidence_threshold=0.772
[predict] 2025-01-28 00:00 BTCUSDT → LONG (proba=0.77 TP=9.4%/SL=4.7%)
[trade:open] 2025-01-28 07:59 BTCUSDT LONG @ 102753.80 | SL=97911.46 TP=112438.48 | timeout=2025-02-04 07:59
[lgbm] === Training for 2025-02 ===
  Train window: 2023-02-01 → 2025-01-24
  2171 training samples from 1 symbols
  Samples per month: 2023-02: 84, 2023-03: 93, 2023-04: 90, 2023-05: 93, 2023-06: 90, 2023-07: 93, 2023-08: 93, 2023-09: 90, 2023-10: 93, 2023-11: 90, 2023-12: 93, 2024-01: 93, 2024-02: 87, 2024-03: 93, 2024-04: 90, 2024-05: 93, 2024-06: 90, 2024-07: 93, 2024-08: 93, 2024-09: 90, 2024-10: 93, 2024-11: 90, 2024-12: 93, 2025-01: 71
  [label] 2023-04-03 16:00 BTCUSDT entry=27786.1000 → LONG | long=timeout(+6.51%) short=sl(-3.95%) | scanned=22 | no_tp→fwd_return=+6.6112
  [label] 2023-04-06 00:00 BTCUSDT entry=27896.8000 → LONG | long=tp(+7.18%) short=sl(-3.74%) | scanned=15 | long_tp_only
  [label] 2023-04-09 16:00 BTCUSDT entry=28309.4000 → LONG | long=tp(+4.84%) short=sl(-2.57%) | scanned=3 | long_tp_only
  [label] 2023-05-04 08:00 BTCUSDT entry=28850.0000 → SHORT | long=sl(-3.96%) short=timeout(+5.74%) | scanned=22 | no_tp→fwd_return=-5.8360
  [label] 2023-06-26 00:00 BTCUSDT entry=30395.6000 → LONG | long=timeout(+0.78%) short=timeout(-0.98%) | scanned=22 | no_tp→fwd_return=+0.8791
  [label] 2023-12-09 00:00 BTCUSDT entry=44220.6000 → SHORT | long=sl(-3.32%) short=tp(+6.34%) | scanned=6 | short_tp_only
  [label] 2023-12-13 00:00 BTCUSDT entry=41146.3000 → LONG | long=timeout(+4.28%) short=sl(-4.26%) | scanned=22 | no_tp→fwd_return=+4.3836
  [label] 2023-12-23 16:00 BTCUSDT entry=43725.2000 → SHORT | long=sl(-3.18%) short=timeout(+3.45%) | scanned=22 | no_tp→fwd_return=-3.5472
  [label] 2024-02-06 16:00 BTCUSDT entry=43079.1000 → LONG | long=tp(+5.10%) short=sl(-2.70%) | scanned=5 | long_tp_only
  [label] 2024-02-15 08:00 BTCUSDT entry=51968.7000 → SHORT | long=timeout(-0.75%) short=timeout(+0.55%) | scanned=22 | no_tp→fwd_return=-0.6517
  [label] 2024-05-15 16:00 BTCUSDT entry=66175.4000 → LONG | long=tp(+7.20%) short=sl(-3.75%) | scanned=15 | long_tp_only
  [label] 2024-06-16 16:00 BTCUSDT entry=66653.6000 → SHORT | long=sl(-2.61%) short=tp(+4.92%) | scanned=21 | short_tp_only
  [label] 2024-07-03 00:00 BTCUSDT entry=60859.9000 → SHORT | long=sl(-3.02%) short=tp(+5.74%) | scanned=4 | short_tp_only
  [label] 2024-07-15 16:00 BTCUSDT entry=64680.6000 → LONG | long=timeout(+4.26%) short=sl(-4.09%) | scanned=22 | no_tp→fwd_return=+4.3577
  [label] 2024-08-03 00:00 BTCUSDT entry=61636.0000 → SHORT | long=sl(-5.36%) short=tp(+10.41%) | scanned=6 | short_tp_only
  [label] 2024-08-09 08:00 BTCUSDT entry=59786.4000 → SHORT | long=timeout(-3.03%) short=timeout(+2.83%) | scanned=22 | no_tp→fwd_return=-2.9284
  [label] 2024-08-21 16:00 BTCUSDT entry=61120.0000 → SHORT | long=sl(-4.43%) short=sl(-4.43%) | scanned=18 | no_tp→fwd_return=-2.8395
  [label] 2024-09-30 08:00 BTCUSDT entry=63535.6000 → SHORT | long=sl(-2.70%) short=tp(+5.11%) | scanned=4 | short_tp_only
  [label] 2024-10-10 00:00 BTCUSDT entry=60871.0000 → LONG | long=sl(-3.21%) short=sl(-3.21%) | scanned=5 | no_tp→fwd_return=+2.6909
  [label] 2025-01-04 08:00 BTCUSDT entry=97623.6000 → SHORT | long=sl(-2.92%) short=sl(-2.92%) | scanned=12 | no_tp→fwd_return=-2.2265
  Labels: 1190 long (54.8%), 981 short (45.2%) | weights: min=1.00, mean=3.54, max=10.00
  Features: 2171/2171 matched, 48 columns
  CV gap: 22 rows
  [ensemble 1/3] seed=42
    [trial 0] 48 features, training_days=480 | threshold=0.631 | labels: 1190 long, 981 short (55/45%)
    [CV fold 0] train_end=2023-05-26 08:00 | val_start=2023-06-03 00:00 | gap=184h (22 rows)
    [CV fold 1] train_end=2023-09-23 16:00 | val_start=2023-10-01 08:00 | gap=184h (22 rows)
    [CV fold 2] train_end=2024-01-22 00:00 | val_start=2024-01-29 16:00 | gap=184h (22 rows)
    [CV fold 3] train_end=2024-05-21 08:00 | val_start=2024-05-29 00:00 | gap=184h (22 rows)
    [CV fold 4] train_end=2024-09-18 16:00 | val_start=2024-09-26 08:00 | gap=184h (22 rows)
    [trial 0] Sharpe=0.0772 (folds: 0.2627, 0.1663, 0.2724, -0.1352, -0.1802)
    [trial 1] 48 features, training_days=420 | threshold=0.839 | labels: 1190 long, 981 short (55/45%)
    [trial 1] Sharpe=-1.8082 (folds: 0.3609, 0.2577, 0.1200, 0.2206, -10.0000)
    [trial 2] 48 features, training_days=190 | threshold=0.602 | labels: 1190 long, 981 short (55/45%)
    [trial 2] Sharpe=-0.0939 (folds: 0.2287, -0.0799, -0.0059, -0.2638, -0.3486)
    [trial 3] 48 features, training_days=490 | threshold=0.832 | labels: 1190 long, 981 short (55/45%)
    [trial 3] Sharpe=0.0479 (folds: 0.3402, 0.0550, 0.1158, -0.1696, -0.1019)
    [trial 4] 48 features, training_days=340 | threshold=0.591 | labels: 1190 long, 981 short (55/45%)
    [trial 4] Sharpe=0.0650 (folds: 0.2022, 0.1445, 0.3129, -0.1622, -0.1727)
    [trial 5] 48 features, training_days=50 | threshold=0.823 | labels: 1190 long, 981 short (55/45%)
    [trial 5] Sharpe=-0.0996 (folds: -0.2649, -0.2600, 0.0035, -0.1328, 0.1563)
    [trial 6] 48 features, training_days=410 | threshold=0.549 | labels: 1190 long, 981 short (55/45%)
    [trial 6] Sharpe=0.0394 (folds: 0.1360, 0.1158, 0.1645, -0.1224, -0.0966)
    [trial 7] 48 features, training_days=180 | threshold=0.526 | labels: 1190 long, 981 short (55/45%)
    [trial 7] Sharpe=-0.1088 (folds: 0.1877, -0.1491, 0.0286, -0.2436, -0.3679)
    [trial 8] 48 features, training_days=240 | threshold=0.811 | labels: 1190 long, 981 short (55/45%)
    [trial 8] Sharpe=0.0097 (folds: 0.3344, 0.1448, 0.0226, -0.1643, -0.2889)
    [trial 9] 48 features, training_days=20 | threshold=0.538 | labels: 1190 long, 981 short (55/45%)
    [trial 9] Sharpe=-0.0881 (folds: -0.2651, 0.2963, -0.1030, 0.0509, -0.4197)
    [trial 10] 48 features, training_days=350 | threshold=0.694 | labels: 1190 long, 981 short (55/45%)
    [trial 10] Sharpe=0.0402 (folds: 0.2828, 0.1429, 0.1629, -0.2013, -0.1865)
    [trial 11] 48 features, training_days=320 | threshold=0.654 | labels: 1190 long, 981 short (55/45%)
    [trial 11] Sharpe=0.0755 (folds: 0.2918, 0.1377, 0.0881, -0.1232, -0.0169)
    [trial 12] 48 features, training_days=470 | threshold=0.680 | labels: 1190 long, 981 short (55/45%)
    [trial 12] Sharpe=0.1377 (folds: 0.2586, 0.2925, 0.2822, -0.1122, -0.0326)
    [trial 13] 48 features, training_days=500 | threshold=0.730 | labels: 1190 long, 981 short (55/45%)
    [trial 13] Sharpe=0.1062 (folds: 0.3075, 0.1487, 0.2873, -0.1135, -0.0992)
    [trial 14] 48 features, training_days=500 | threshold=0.725 | labels: 1190 long, 981 short (55/45%)
    [trial 14] Sharpe=0.2043 (folds: 0.4289, 0.2670, 0.1944, -0.0765, 0.2076)
    [trial 15] 48 features, training_days=420 | threshold=0.748 | labels: 1190 long, 981 short (55/45%)
    [trial 15] Sharpe=0.1735 (folds: 0.4485, 0.2437, 0.1965, 0.0494, -0.0706)[I 2026-06-01 13:02:22,325] Trial 15 finished with value: 0.17351773926041975 and parameters: {'confidence_threshold': 0.7479582858904084, 'training_days': 420, 'n_estimators': 300, 'max_depth': 4, 'num_leaves': 61, 'learning_rate': 0.01002999165738486, 'subsample': 0.9116771075009338, 'colsample_bytree': 0.8100744538922787, 'min_child_samples': 90, 'reg_alpha': 0.0004768254647291959, 'reg_lambda': 7.482879404932238e-05}. Best is trial 14 with value: 0.20425304436909825.
[I 2026-06-01 13:02:22,551] Trial 16 finished with value: 0.043044626060514166 and parameters: {'confidence_threshold': 0.7561065324398599, 'training_days': 400, 'n_estimators': 293, 'max_depth': 4, 'num_leaves': 63, 'learning_rate': 0.28051108175695405, 'subsample': 0.8977262625491591, 'colsample_bytree': 0.7832771838600566, 'min_child_samples': 88, 'reg_alpha': 0.00035088882292683534, 'reg_lambda': 0.000206947476014065}. Best is trial 14 with value: 0.20425304436909825.
[I 2026-06-01 13:02:22,840] Trial 17 finished with value: -0.06548104553200831 and parameters: {'confidence_threshold': 0.7611484084321937, 'training_days': 290, 'n_estimators': 451, 'max_depth': 4, 'num_leaves': 57, 'learning_rate': 0.14168046193643385, 'subsample': 0.8366733523272174, 'colsample_bytree': 0.6505152466626335, 'min_child_samples': 89, 'reg_alpha': 0.00010396761370918986, 'reg_lambda': 8.961464594736987e-05}. Best is trial 14 with value: 0.20425304436909825.
[I 2026-06-01 13:02:23,287] A new study created in memory with name: no-name-63d81cc6-3047-471e-9e10-19d818468038
[I 2026-06-01 13:02:23,390] Trial 0 finished with value: 0.029533580008710113 and parameters: {'confidence_threshold': 0.7437642149592516, 'training_days': 150, 'n_estimators': 152, 'max_depth': 4, 'num_leaves': 50, 'learning_rate': 0.04216766425047743, 'subsample': 0.9903820991923078, 'colsample_bytree': 0.8424148692924316, 'min_child_samples': 58, 'reg_alpha': 3.381097259762742e-05, 'reg_lambda': 1.2263152961306247e-05}. Best is trial 0 with value: 0.029533580008710113.
[I 2026-06-01 13:02:23,464] Trial 1 finished with value: 0.3316226917972685 and parameters: {'confidence_threshold': 0.7551673975844145, 'training_days': 220, 'n_estimators': 76, 'max_depth': 4, 'num_leaves': 51, 'learning_rate': 0.018602118810743477, 'subsample': 0.5877258780737462, 'colsample_bytree': 0.7657756869209191, 'min_child_samples': 63, 'reg_alpha': 0.005123994170264194, 'reg_lambda': 0.44145470178120466}. Best is trial 1 with value: 0.3316226917972685.
[I 2026-06-01 13:02:23,703] Trial 2 finished with value: 0.017020040997377063 and parameters: {'confidence_threshold': 0.7535593637012223, 'training_days': 310, 'n_estimators': 375, 'max_depth': 3, 'num_leaves': 32, 'learning_rate': 0.021735641882032388, 'subsample': 0.6468570231944146, 'colsample_bytree': 0.8154880619272439, 'min_child_samples': 27, 'reg_alpha': 8.004064028491336e-05, 'reg_lambda': 7.546835261630524e-05}. Best is trial 1 with value: 0.3316226917972685.
[I 2026-06-01 13:02:23,878] Trial 3 finished with value: -0.09176949196029452 and parameters: {'confidence_threshold': 0.6727897841776072, 'training_days': 220, 'n_estimators': 190, 'max_depth': 4, 'num_leaves': 58, 'learning_rate': 0.24810689332636193, 'subsample': 0.7509183379421682, 'colsample_bytree': 0.8119764758960556, 'min_child_samples': 29, 'reg_alpha': 7.1708285081421445e-06, 'reg_lambda': 5.412973582738627e-05}. Best is trial 1 with value: 0.3316226917972685.
[I 2026-06-01 13:02:24,001] Trial 4 finished with value: 0.0213443661465993 and parameters: {'confidence_threshold': 0.803208205259178, 'training_days': 130, 'n_estimators': 267, 'max_depth': 5, 'num_leaves': 40, 'learning_rate': 0.08041175317374143, 'subsample': 0.5603143329951619, 'colsample_bytree': 0.9131704002534167, 'min_child_samples': 68, 'reg_alpha': 0.0008046593428183385, 'reg_lambda': 1.2158346158765583e-05}. Best is trial 1 with value: 0.3316226917972685.
[I 2026-06-01 13:02:24,230] Trial 5 finished with value: -0.06725761414491893 and parameters: {'confidence_threshold': 0.6064422761595144, 'training_days': 210, 'n_estimators': 357, 'max_depth': 5, 'num_leaves': 40, 'learning_rate': 0.0974221287220869, 'subsample': 0.7929682762811064, 'colsample_bytree': 0.8124517510478, 'min_child_samples': 74, 'reg_alpha': 0.3811377260781234, 'reg_lambda': 5.607314238392041e-08}. Best is trial 1 with value: 0.3316226917972685.
[I 2026-06-01 13:02:24,354] Trial 6 finished with value: -0.009441367197627826 and parameters: {'confidence_threshold': 0.7672889945051684, 'training_days': 130, 'n_estimators': 137, 'max_depth': 4, 'num_leaves': 19, 'learning_rate': 0.2031117614248665, 'subsample': 0.8136244860256343, 'colsample_bytree': 0.8617081790949774, 'min_child_samples': 21, 'reg_alpha': 0.002238138278733199, 'reg_lambda': 0.001025809534977322}. Best is trial 1 with value: 0.3316226917972685.
[I 2026-06-01 13:02:24,424] Trial 7 finished with value: -0.07919956431030806 and parameters: {'confidence_threshold': 0.555635875450653, 'training_days': 80, 'n_estimators': 363, 'max_depth': 3, 'num_leaves': 48, 'learning_rate': 0.06590089024008658, 'subsample': 0.6944752870615722, 'colsample_bytree': 0.962566244806993, 'min_child_samples': 88, 'reg_alpha': 1.6465620446426067e-05, 'reg_lambda': 2.4678750890085655e-08}. Best is trial 1 with value: 0.3316226917972685.
[I 2026-06-01 13:02:24,760] Trial 8 finished with value: -0.0888523312418811 and parameters: {'confidence_threshold': 0.6066688256938841, 'training_days': 200, 'n_estimators': 367, 'max_depth': 5, 'num_leaves': 32, 'learning_rate': 0.13377519215934996, 'subsample': 0.7965884582811106, 'colsample_bytree': 0.8458508993500886, 'min_child_samples': 32, 'reg_alpha': 3.889436043816386e-05, 'reg_lambda': 1.4713062489380356e-06}. Best is trial 1 with value: 0.3316226917972685.
[I 2026-06-01 13:02:24,987] Trial 9 finished with value: -0.012989616760894013 and parameters: {'confidence_threshold': 0.6202096049169137, 'training_days': 260, 'n_estimators': 350, 'max_depth': 3, 'num_leaves': 21, 'learning_rate': 0.02989540198065364, 'subsample': 0.8307821683331218, 'colsample_bytree': 0.923253112635361, 'min_child_samples': 64, 'reg_alpha': 0.4898604619604203, 'reg_lambda': 2.9076377687066166e-05}. Best is trial 1 with value: 0.3316226917972685.
[I 2026-06-01 13:02:25,413] Trial 10 finished with value: -1.885063137638187 and parameters: {'confidence_threshold': 0.8445241688507242, 'training_days': 470, 'n_estimators': 493, 'max_depth': 4, 'num_leaves': 63, 'learning_rate': 0.010221918552934462, 'subsample': 0.5019190721168774, 'colsample_bytree': 0.6202684210924141, 'min_child_samples': 47, 'reg_alpha': 2.371385268938747e-08, 'reg_lambda': 1.7987349911222597}. Best is trial 1 with value: 0.3316226917972685.
[I 2026-06-01 13:02:25,496] Trial 11 finished with value: 0.22846140470434034 and parameters: {'confidence_threshold': 0.7174288593751746, 'training_days': 360, 'n_estimators': 51, 'max_depth': 4, 'num_leaves': 51, 'learning_rate': 0.0331806759289438, 'subsample': 0.9939949979825393, 'colsample_bytree': 0.6778283959364831, 'min_child_samples': 50, 'reg_alpha': 0.01678787532514755, 'reg_lambda': 0.03134201620075969}. Best is trial 1 with value: 0.3316226917972685.
[I 2026-06-01 13:02:25,581] Trial 12 finished with value: -3.8363783857881004 and parameters: {'confidence_threshold': 0.698674177124539, 'training_days': 360, 'n_estimators': 51, 'max_depth': 4, 'num_leaves': 50, 'learning_rate': 0.01513839365153443, 'subsample': 0.9903748330118821, 'colsample_bytree': 0.6669454130036883, 'min_child_samples': 47, 'reg_alpha': 0.013768636706817034, 'reg_lambda': 0.19933243869828327}. Best is trial 1 with value: 0.3316226917972685.
[I 2026-06-01 13:02:25,655] Trial 13 finished with value: 0.173501168460923 and parameters: {'confidence_threshold': 0.7027516953792432, 'training_days': 410, 'n_estimators': 53, 'max_depth': 4, 'num_leaves': 56, 'learning_rate': 0.03192255891712965, 'subsample': 0.9131786262689576, 'colsample_bytree': 0.7082407533656954, 'min_child_samples': 82, 'reg_alpha': 0.024510194560445127, 'reg_lambda': 0.013171734888796855}. Best is trial 1 with value: 0.3316226917972685.
[I 2026-06-01 13:02:25,687] Trial 14 finished with value: -4.094373860711154 and parameters: {'confidence_threshold': 0.6639044847393095, 'training_days': 20, 'n_estimators': 132, 'max_depth': 4, 'num_leaves': 46, 'learning_rate': 0.01645102485501106, 'subsample': 0.6522384243407336, 'colsample_bytree': 0.5085403973902197, 'min_child_samples': 49, 'reg_alpha': 0.027136969260464973, 'reg_lambda': 5.210716042091857}. Best is trial 1 with value: 0.3316226917972685.
[I 2026-06-01 13:02:25,866] Trial 15 finished with value: -0.03383563149047724 and parameters: {'confidence_threshold': 0.5026055290809989, 'training_days': 320, 'n_estimators': 230, 'max_depth': 5, 'num_leaves': 56, 'learning_rate': 0.044940374212760106, 'subsample': 0.8966418548807951, 'colsample_bytree': 0.599275181090995, 'min_child_samples': 100, 'reg_alpha': 8.328207629937566, 'reg_lambda': 0.01942522303509738}. Best is trial 1 with value: 0.3316226917972685.
[I 2026-06-01 13:02:25,977] Trial 16 finished with value: -5.865253717108901 and parameters: {'confidence_threshold': 0.8104188407338415, 'training_days': 500, 'n_estimators': 92, 'max_depth': 3, 'num_leaves': 63, 'learning_rate': 0.023108535528245537, 'subsample': 0.5824016374699942, 'colsample_bytree': 0.7481739964352268, 'min_child_samples': 55, 'reg_alpha': 5.292044899879069e-07, 'reg_lambda': 0.05779562937107981}. Best is trial 1 with value: 0.3316226917972685.
