[I 2026-06-01 12:56:58,944] Trial 17 finished with value: 0.14064254383976924 and parameters: {'confidence_threshold': 0.773117637686033, 'training_days': 160, 'n_estimators': 117, 'max_depth': 4, 'num_leaves': 62, 'learning_rate': 0.02201894951926673, 'subsample': 0.8002407697944357, 'colsample_bytree': 0.6943714594731895, 'min_child_samples': 88, 'reg_alpha': 0.008896971601743164, 'reg_lambda': 2.451463917401837e-07}. Best is trial 17 with value: 0.14064254383976924.

    [trial 1] Sharpe=0.0488 (folds: 0.1665, -0.2504, 0.3887, -0.0517, -0.0093)
    [trial 2] 48 features, training_days=10 | threshold=0.585 | labels: 1174 long, 994 short (54/46%)
    [trial 2] Sharpe=-0.1905 (folds: -0.3330, -0.1077, -0.3747, -0.2574, 0.1202)
    [trial 3] 48 features, training_days=220 | threshold=0.687 | labels: 1174 long, 994 short (54/46%)
    [trial 3] Sharpe=0.0278 (folds: 0.2142, -0.1593, 0.4076, -0.2131, -0.1107)
    [trial 4] 48 features, training_days=300 | threshold=0.562 | labels: 1174 long, 994 short (54/46%)
    [trial 4] Sharpe=-0.0004 (folds: 0.0708, -0.1541, 0.2628, -0.1154, -0.0659)
    [trial 5] 48 features, training_days=490 | threshold=0.711 | labels: 1174 long, 994 short (54/46%)
    [trial 5] Sharpe=0.0089 (folds: 0.1333, -0.1906, 0.3906, -0.1186, -0.1701)
    [trial 6] 48 features, training_days=420 | threshold=0.667 | labels: 1174 long, 994 short (54/46%)
    [trial 6] Sharpe=0.0482 (folds: 0.1247, -0.1359, 0.4418, -0.0371, -0.1523)
    [trial 7] 48 features, training_days=120 | threshold=0.550 | labels: 1174 long, 994 short (54/46%)
    [trial 7] Sharpe=-0.0621 (folds: 0.1905, -0.1083, -0.3004, -0.0111, -0.0811)
    [trial 8] 48 features, training_days=450 | threshold=0.720 | labels: 1174 long, 994 short (54/46%)
    [trial 8] Sharpe=-0.0095 (folds: 0.2043, -0.2030, 0.4698, -0.2292, -0.2896)
    [trial 9] 48 features, training_days=20 | threshold=0.727 | labels: 1174 long, 994 short (54/46%)
    [trial 9] Sharpe=-3.9860 (folds: 0.4351, -0.1077, -10.0000, -0.2574, -10.0000)
    [trial 10] 48 features, training_days=320 | threshold=0.840 | labels: 1174 long, 994 short (54/46%)
    [trial 10] Sharpe=0.0326 (folds: 0.6170, -0.0702, 0.3938, -0.4778, -0.2997)
    [trial 11] 48 features, training_days=390 | threshold=0.644 | labels: 1174 long, 994 short (54/46%)
    [trial 11] Sharpe=0.0153 (folds: 0.1522, -0.1753, 0.3680, -0.1901, -0.0785)
    [trial 12] 48 features, training_days=390 | threshold=0.631 | labels: 1174 long, 994 short (54/46%)
    [trial 12] Sharpe=0.0121 (folds: 0.0902, -0.1980, 0.4201, -0.1325, -0.1192)
    [trial 13] 48 features, training_days=220 | threshold=0.504 | labels: 1174 long, 994 short (54/46%)
    [trial 13] Sharpe=0.0208 (folds: 0.1913, -0.1835, 0.2165, -0.1233, 0.0028)
    [trial 14] 48 features, training_days=380 | threshold=0.780 | labels: 1174 long, 994 short (54/46%)
    [trial 14] Sharpe=0.0182 (folds: 0.3580, 0.0836, 0.1955, -0.3879, -0.1585)
    [trial 15] 48 features, training_days=290 | threshold=0.648 | labels: 1174 long, 994 short (54/46%)
    [trial 15] Sharpe=0.0339 (folds: 0.1822, -0.1141, 0.3361, -0.0358, -0.1991)
    [trial 16] 48 features, training_days=180 | threshold=0.761 | labels: 1174 long, 994 short (54/46%)
    [trial 16] Sharpe=0.0820 (folds: 0.2653, -0.0618, 0.3884, -0.0054, -0.1764)
    [trial 17] 48 features, training_days=160 | threshold=0.773 | labels: 1174 long, 994 short (54/46%)
    [trial 17] Sharpe=0.1406 (folds: 0.5680, 0.1959, 0.4049, -0.3316, -0.1340)
  Optuna: 18 trials, best Sharpe = 0.1406
  Best params: n_estimators=117, max_depth=4, lr=0.0220, leaves=62
  Best confidence_threshold: 0.773
  Best training_days: 160
  Retrained on full data (480 samples, 48 features)
  OOD: 16 features, cutoff (q=0.7) = 9.12
  Model trained for 2022-07: 93 test candles with features, confidence_threshold=0.686
[predict] 2022-07-03 16:00 BTCUSDT → SHORT (proba=0.73 TP=11.5%/SL=5.7%)
[trade:open] 2022-07-03 23:59 BTCUSDT SHORT @ 19305.90 | SL=20412.49 TP=17092.72 | timeout=2022-07-10 23:59
[trade:close] 2022-07-05 07:59 BTCUSDT SHORT → stop_loss @ 20412.49 | PnL=-5.73% (net -5.83%) | cum=+1.25% 2022-07=-5.83% 2022-07-05=-5.83%
[predict] 2022-07-06 00:00 BTCUSDT → SHORT (proba=0.80 TP=12.1%/SL=6.0%)
[trade:open] 2022-07-06 07:59 BTCUSDT SHORT @ 20150.90 | SL=21365.26 TP=17722.18 | timeout=2022-07-13 07:59
[trade:close] 2022-07-07 23:59 BTCUSDT SHORT → stop_loss @ 21365.26 | PnL=-6.03% (net -6.13%) | cum=-4.87% 2022-07=-11.96% 2022-07-07=-6.13%
[predict] 2022-07-08 16:00 BTCUSDT → SHORT (proba=0.70 TP=11.4%/SL=5.7%)
[trade:open] 2022-07-08 23:59 BTCUSDT SHORT @ 21587.90 | SL=22822.04 TP=19119.62 | timeout=2022-07-15 23:59
[trade:close] 2022-07-13 15:59 BTCUSDT SHORT → take_profit @ 19119.62 | PnL=+11.43% (net +11.33%) | cum=+6.46% 2022-07=-0.62% 2022-07-13=+11.33%
[predict] 2022-07-15 08:00 BTCUSDT → LONG (proba=0.72 TP=11.4%/SL=5.7%)
[trade:open] 2022-07-15 15:59 BTCUSDT LONG @ 20785.10 | SL=19601.00 TP=23153.29 | timeout=2022-07-22 15:59
[trade:close] 2022-07-19 15:59 BTCUSDT LONG → take_profit @ 23153.29 | PnL=+11.39% (net +11.29%) | cum=+17.76% 2022-07=+10.67% 2022-07-19=+11.29%
[predict] 2022-07-22 16:00 BTCUSDT → LONG (proba=0.71 TP=12.9%/SL=6.5%)
[trade:open] 2022-07-22 23:59 BTCUSDT LONG @ 22675.10 | SL=21207.73 TP=25609.85 | timeout=2022-07-29 23:59
[trade:close] 2022-07-26 07:59 BTCUSDT LONG → stop_loss @ 21207.73 | PnL=-6.47% (net -6.57%) | cum=+11.18% 2022-07=+4.10% 2022-07-26=-6.57%
[predict] 2022-07-27 00:00 BTCUSDT → SHORT (proba=0.91 TP=10.9%/SL=5.4%)
[trade:open] 2022-07-27 07:59 BTCUSDT SHORT @ 21335.00 | SL=22494.77 TP=19015.46 | timeout=2022-08-03 07:59
[trade:close] 2022-07-27 23:59 BTCUSDT SHORT → stop_loss @ 22494.77 | PnL=-5.44% (net -5.54%) | cum=+5.65% 2022-07=-1.44% 2022-07-27=-5.54%
[predict] 2022-07-30 08:00 BTCUSDT → SHORT (proba=0.77 TP=10.6%/SL=5.3%)
[trade:open] 2022-07-30 15:59 BTCUSDT SHORT @ 24522.80 | SL=25823.09 TP=21922.21 | timeout=2022-08-06 15:59
[lgbm] === Training for 2022-08 ===
  Train window: 2020-08-01 → 2022-07-24
  2168 training samples from 1 symbols
  Samples per month: 2020-08: 93, 2020-09: 90, 2020-10: 93, 2020-11: 90, 2020-12: 93, 2021-01: 93, 2021-02: 84, 2021-03: 93, 2021-04: 90, 2021-05: 93, 2021-06: 90, 2021-07: 93, 2021-08: 93, 2021-09: 90, 2021-10: 93, 2021-11: 90, 2021-12: 93, 2022-01: 93, 2022-02: 84, 2022-03: 93, 2022-04: 90, 2022-05: 93, 2022-06: 90, 2022-07: 71
  [label] 2020-10-01 16:00 BTCUSDT entry=10612.6300 → LONG | long=timeout(+2.79%) short=sl(-2.93%) | scanned=22 | no_tp→fwd_return=+2.8911
  [label] 2020-10-03 16:00 BTCUSDT entry=10537.9600 → LONG | long=tp(+5.00%) short=sl(-2.65%) | scanned=17 | long_tp_only
  [label] 2020-10-07 16:00 BTCUSDT entry=10658.7500 → LONG | long=tp(+4.08%) short=sl(-2.19%) | scanned=5 | long_tp_only
  [label] 2020-11-01 08:00 BTCUSDT entry=13790.7700 → LONG | long=sl(-4.40%) short=sl(-4.40%) | scanned=11 | no_tp→fwd_return=+4.9231
  [label] 2020-12-23 16:00 BTCUSDT entry=23238.2700 → LONG | long=tp(+14.15%) short=sl(-7.23%) | scanned=9 | long_tp_only
  [label] 2021-06-07 16:00 BTCUSDT entry=33550.9600 → LONG | long=tp(+16.59%) short=sl(-8.44%) | scanned=18 | long_tp_only
  [label] 2021-06-11 16:00 BTCUSDT entry=37300.4200 → SHORT | long=timeout(-4.09%) short=sl(-7.88%) | scanned=22 | no_tp→fwd_return=-3.9919
  [label] 2021-06-22 08:00 BTCUSDT entry=31635.7200 → LONG | long=timeout(+14.47%) short=sl(-10.74%) | scanned=22 | no_tp→fwd_return=+14.5695
  [label] 2021-08-06 08:00 BTCUSDT entry=42213.5200 → LONG | long=timeout(+9.75%) short=sl(-6.69%) | scanned=22 | no_tp→fwd_return=+9.8492
  [label] 2021-08-14 16:00 BTCUSDT entry=47083.7400 → LONG | long=sl(-5.32%) short=sl(-5.32%) | scanned=21 | no_tp→fwd_return=+3.7477
  [label] 2021-11-13 00:00 BTCUSDT entry=64079.9900 → SHORT | long=sl(-5.04%) short=tp(+9.77%) | scanned=16 | short_tp_only
  [label] 2021-12-15 00:00 BTCUSDT entry=48200.0000 → LONG | long=timeout(+1.92%) short=timeout(-2.12%) | scanned=22 | no_tp→fwd_return=+2.0244
  [label] 2021-12-31 00:00 BTCUSDT entry=47168.9400 → SHORT | long=sl(-4.68%) short=tp(+9.07%) | scanned=17 | short_tp_only
  [label] 2022-01-12 16:00 BTCUSDT entry=43880.7200 → SHORT | long=sl(-5.19%) short=timeout(+4.97%) | scanned=22 | no_tp→fwd_return=-5.0656
  [label] 2022-01-31 08:00 BTCUSDT entry=37694.4600 → LONG | long=tp(+11.31%) short=sl(-5.81%) | scanned=18 | long_tp_only
  [label] 2022-02-06 16:00 BTCUSDT entry=42361.3500 → SHORT | long=timeout(-0.86%) short=sl(-4.78%) | scanned=22 | no_tp→fwd_return=-0.7559
  [label] 2022-02-19 00:00 BTCUSDT entry=40245.8000 → SHORT | long=sl(-5.04%) short=tp(+9.78%) | scanned=15 | short_tp_only[I 2026-06-01 12:56:59,319] A new study created in memory with name: no-name-16f6e611-02d5-4439-afb2-bfdb8c8a5c1a
[I 2026-06-01 12:56:59,664] Trial 0 finished with value: 0.07600589736321535 and parameters: {'confidence_threshold': 0.6310890415965769, 'training_days': 480, 'n_estimators': 380, 'max_depth': 4, 'num_leaves': 22, 'learning_rate': 0.01699897838270077, 'subsample': 0.5290418060840998, 'colsample_bytree': 0.9330880728874675, 'min_child_samples': 68, 'reg_alpha': 0.023585940584142682, 'reg_lambda': 1.5320059381854043e-08}. Best is trial 0 with value: 0.07600589736321535.
[I 2026-06-01 12:56:59,784] Trial 1 finished with value: -0.063081073298429 and parameters: {'confidence_threshold': 0.839468448256698, 'training_days': 420, 'n_estimators': 145, 'max_depth': 3, 'num_leaves': 23, 'learning_rate': 0.028145092716060652, 'subsample': 0.762378215816119, 'colsample_bytree': 0.7159725093210578, 'min_child_samples': 43, 'reg_alpha': 0.0032112643094417484, 'reg_lambda': 1.8007140198129195e-07}. Best is trial 0 with value: 0.07600589736321535.
[I 2026-06-01 12:56:59,928] Trial 2 finished with value: 0.07027509857476612 and parameters: {'confidence_threshold': 0.6022506269873263, 'training_days': 190, 'n_estimators': 255, 'max_depth': 5, 'num_leaves': 24, 'learning_rate': 0.05748924681991978, 'subsample': 0.7962072844310213, 'colsample_bytree': 0.5232252063599989, 'min_child_samples': 69, 'reg_alpha': 3.425445902633376e-07, 'reg_lambda': 3.850031979199519e-08}. Best is trial 0 with value: 0.07600589736321535.
[I 2026-06-01 12:57:00,180] Trial 3 finished with value: 0.08894575482758704 and parameters: {'confidence_threshold': 0.8321099380386666, 'training_days': 490, 'n_estimators': 414, 'max_depth': 3, 'num_leaves': 19, 'learning_rate': 0.1024932221692416, 'subsample': 0.7200762468698007, 'colsample_bytree': 0.5610191174223894, 'min_child_samples': 60, 'reg_alpha': 2.039373116525212e-08, 'reg_lambda': 1.527156759251193}. Best is trial 3 with value: 0.08894575482758704.
[I 2026-06-01 12:57:00,327] Trial 4 finished with value: 0.0755746802173498 and parameters: {'confidence_threshold': 0.5905729935600059, 'training_days': 340, 'n_estimators': 190, 'max_depth': 4, 'num_leaves': 41, 'learning_rate': 0.01875220945578641, 'subsample': 0.9847923138822793, 'colsample_bytree': 0.8875664116805573, 'min_child_samples': 96, 'reg_alpha': 1.1309571585271483, 'reg_lambda': 0.002404915432737351}. Best is trial 3 with value: 0.08894575482758704.
[I 2026-06-01 12:57:00,364] Trial 5 finished with value: 0.026426764690203997 and parameters: {'confidence_threshold': 0.8226559822580909, 'training_days': 50, 'n_estimators': 138, 'max_depth': 3, 'num_leaves': 30, 'learning_rate': 0.03750796359625606, 'subsample': 0.6356745158869479, 'colsample_bytree': 0.9143687545759647, 'min_child_samples': 48, 'reg_alpha': 3.376063348877853e-06, 'reg_lambda': 0.0007660634613082914}. Best is trial 3 with value: 0.08894575482758704.
[I 2026-06-01 12:57:00,484] Trial 6 finished with value: 0.058079122837806606 and parameters: {'confidence_threshold': 0.5493234787411669, 'training_days': 410, 'n_estimators': 83, 'max_depth': 5, 'num_leaves': 52, 'learning_rate': 0.019657448966046126, 'subsample': 0.5027610585618012, 'colsample_bytree': 0.9077307142274171, 'min_child_samples': 77, 'reg_alpha': 0.03639690979811287, 'reg_lambda': 0.08738424135626986}. Best is trial 3 with value: 0.08894575482758704.
[I 2026-06-01 12:57:00,573] Trial 7 finished with value: 0.06795573967510589 and parameters: {'confidence_threshold': 0.5259156281069316, 'training_days': 180, 'n_estimators': 102, 'max_depth': 5, 'num_leaves': 45, 'learning_rate': 0.030816017044468066, 'subsample': 0.5317791751430119, 'colsample_bytree': 0.6554911608578311, 'min_child_samples': 46, 'reg_alpha': 0.036851536911881845, 'reg_lambda': 0.005470376807480391}. Best is trial 3 with value: 0.08894575482758704.
[I 2026-06-01 12:57:00,664] Trial 8 finished with value: 0.1242933202830248 and parameters: {'confidence_threshold': 0.8105244599017143, 'training_days': 240, 'n_estimators': 103, 'max_depth': 5, 'num_leaves': 52, 'learning_rate': 0.06746437142284309, 'subsample': 0.8854835899772805, 'colsample_bytree': 0.7468977981821954, 'min_child_samples': 62, 'reg_alpha': 7.04480806377519e-05, 'reg_lambda': 1.6934490731313353e-08}. Best is trial 8 with value: 0.1242933202830248.
[I 2026-06-01 12:57:00,684] Trial 9 finished with value: 0.010138483276854137 and parameters: {'confidence_threshold': 0.5377619994476566, 'training_days': 20, 'n_estimators': 337, 'max_depth': 3, 'num_leaves': 39, 'learning_rate': 0.21907142272152816, 'subsample': 0.6246461145744375, 'colsample_bytree': 0.7051914615178149, 'min_child_samples': 81, 'reg_alpha': 1.1459970229341322e-06, 'reg_lambda': 4.929685216887945e-08}. Best is trial 8 with value: 0.1242933202830248.
[I 2026-06-01 12:57:01,185] Trial 10 finished with value: 0.11828827916667231 and parameters: {'confidence_threshold': 0.734042426776949, 'training_days': 280, 'n_estimators': 487, 'max_depth': 5, 'num_leaves': 62, 'learning_rate': 0.10432148521337849, 'subsample': 0.9416850669512905, 'colsample_bytree': 0.8120417635861826, 'min_child_samples': 27, 'reg_alpha': 7.238112263003475e-05, 'reg_lambda': 3.3639426888455256e-06}. Best is trial 8 with value: 0.1242933202830248.
[I 2026-06-01 12:57:01,718] Trial 11 finished with value: 0.08856375379805673 and parameters: {'confidence_threshold': 0.7421374894694948, 'training_days': 280, 'n_estimators': 461, 'max_depth': 5, 'num_leaves': 62, 'learning_rate': 0.10109116109881597, 'subsample': 0.9447271656461484, 'colsample_bytree': 0.8173450355221697, 'min_child_samples': 20, 'reg_alpha': 8.428275500049382e-05, 'reg_lambda': 7.868729181011707e-06}. Best is trial 8 with value: 0.1242933202830248.
[I 2026-06-01 12:57:02,070] Trial 12 finished with value: 0.10369174790732745 and parameters: {'confidence_threshold': 0.7456922347436593, 'training_days': 190, 'n_estimators': 493, 'max_depth': 4, 'num_leaves': 63, 'learning_rate': 0.09214174051661962, 'subsample': 0.8771157087275017, 'colsample_bytree': 0.7993699739305575, 'min_child_samples': 20, 'reg_alpha': 7.488969638352523e-05, 'reg_lambda': 4.902432120627228e-06}. Best is trial 8 with value: 0.1242933202830248.
[I 2026-06-01 12:57:02,366] Trial 13 finished with value: 0.12276725115681175 and parameters: {'confidence_threshold': 0.7321922500141939, 'training_days': 290, 'n_estimators': 258, 'max_depth': 5, 'num_leaves': 52, 'learning_rate': 0.22361544567965289, 'subsample': 0.87730723737345, 'colsample_bytree': 0.9985258964593356, 'min_child_samples': 34, 'reg_alpha': 0.0006026357478749842, 'reg_lambda': 4.448098583586063e-06}. Best is trial 8 with value: 0.1242933202830248.
[I 2026-06-01 12:57:02,532] Trial 14 finished with value: 0.018774378729865895 and parameters: {'confidence_threshold': 0.6911558304310556, 'training_days': 140, 'n_estimators': 271, 'max_depth': 4, 'num_leaves': 52, 'learning_rate': 0.2579938361928853, 'subsample': 0.861751081333475, 'colsample_bytree': 0.9897127958863723, 'min_child_samples': 37, 'reg_alpha': 0.0014115041169646173, 'reg_lambda': 3.5769185963855476e-05}. Best is trial 8 with value: 0.1242933202830248.
[I 2026-06-01 12:57:02,619] Trial 15 finished with value: -7.975507357576492 and parameters: {'confidence_threshold': 0.7897255408101392, 'training_days': 340, 'n_estimators': 56, 'max_depth': 5, 'num_leaves': 51, 'learning_rate': 0.010725808973026683, 'subsample': 0.8535972392831757, 'colsample_bytree': 0.6290746674720268, 'min_child_samples': 57, 'reg_alpha': 8.701752847675233e-06, 'reg_lambda': 5.368017437167444e-07}. Best is trial 8 with value: 0.1242933202830248.
[I 2026-06-01 12:57:02,725] Trial 16 finished with value: 0.00698961046132493 and parameters: {'confidence_threshold': 0.6863860549060238, 'training_days': 110, 'n_estimators': 220, 'max_depth': 4, 'num_leaves': 56, 'learning_rate': 0.16727631760555492, 'subsample': 0.8092346741921291, 'colsample_bytree': 0.7663584390575363, 'min_child_samples': 34, 'reg_alpha': 1.3301920209888551, 'reg_lambda': 0.00011177342251387794}. Best is trial 8 with value: 0.1242933202830248.
[I 2026-06-01 12:57:03,004] Trial 17 finished with value: 0.12018348492403996 and parameters: {'confidence_threshold': 0.785996076833027, 'training_days': 240, 'n_estimators': 327, 'max_depth': 5, 'num_leaves': 34, 'learning_rate': 0.16522729299476824, 'subsample': 0.9082676340052684, 'colsample_bytree': 0.9956385980717998, 'min_child_samples': 53, 'reg_alpha': 0.0009090976359277303, 'reg_lambda': 6.880925840516315e-07}. Best is trial 8 with value: 0.1242933202830248.
[I 2026-06-01 12:57:03,140] A new study created in memory with name: no-name-0d3d753b-93c6-41a3-9b47-398ceec1393b
[I 2026-06-01 12:57:03,227] Trial 0 finished with value: -0.018438614153291427 and parameters: {'confidence_threshold': 0.7437642149592516, 'training_days': 150, 'n_estimators': 152, 'max_depth': 4, 'num_leaves': 50, 'learning_rate': 0.04216766425047743, 'subsample': 0.9903820991923078, 'colsample_bytree': 0.8424148692924316, 'min_child_samples': 58, 'reg_alpha': 3.381097259762742e-05, 'reg_lambda': 1.2263152961306247e-05}. Best is trial 0 with value: -0.018438614153291427.
[I 2026-06-01 12:57:03,289] Trial 1 finished with value: 0.032319398027395405 and parameters: {'confidence_threshold': 0.7551673975844145, 'training_days': 220, 'n_estimators': 76, 'max_depth': 4, 'num_leaves': 51, 'learning_rate': 0.018602118810743477, 'subsample': 0.5877258780737462, 'colsample_bytree': 0.7657756869209191, 'min_child_samples': 63, 'reg_alpha': 0.005123994170264194, 'reg_lambda': 0.44145470178120466}. Best is trial 1 with value: 0.032319398027395405.
[I 2026-06-01 12:57:03,544] Trial 2 finished with value: 0.08527662850331466 and parameters: {'confidence_threshold': 0.7535593637012223, 'training_days': 310, 'n_estimators': 375, 'max_depth': 3, 'num_leaves': 32, 'learning_rate': 0.021735641882032388, 'subsample': 0.6468570231944146, 'colsample_bytree': 0.8154880619272439, 'min_child_samples': 27, 'reg_alpha': 8.004064028491336e-05, 'reg_lambda': 7.546835261630524e-05}. Best is trial 2 with value: 0.08527662850331466.
[I 2026-06-01 12:57:03,706] Trial 3 finished with value: 0.12122304072366727 and parameters: {'confidence_threshold': 0.6727897841776072, 'training_days': 220, 'n_estimators': 190, 'max_depth': 4, 'num_leaves': 58, 'learning_rate': 0.24810689332636193, 'subsample': 0.7509183379421682, 'colsample_bytree': 0.8119764758960556, 'min_child_samples': 29, 'reg_alpha': 7.1708285081421445e-06, 'reg_lambda': 5.412973582738627e-05}. Best is trial 3 with value: 0.12122304072366727.
[I 2026-06-01 12:57:03,811] Trial 4 finished with value: 0.06266351878452034 and parameters: {'confidence_threshold': 0.803208205259178, 'training_days': 130, 'n_estimators': 267, 'max_depth': 5, 'num_leaves': 40, 'learning_rate': 0.08041175317374143, 'subsample': 0.5603143329951619, 'colsample_bytree': 0.9131704002534167, 'min_child_samples': 68, 'reg_alpha': 0.0008046593428183385, 'reg_lambda': 1.2158346158765583e-05}. Best is trial 3 with value: 0.12122304072366727.
[I 2026-06-01 12:57:04,010] Trial 5 finished with value: 0.10040034310328101 and parameters: {'confidence_threshold': 0.6064422761595144, 'training_days': 210, 'n_estimators': 357, 'max_depth': 5, 'num_leaves': 40, 'learning_rate': 0.0974221287220869, 'subsample': 0.7929682762811064, 'colsample_bytree': 0.8124517510478, 'min_child_samples': 74, 'reg_alpha': 0.3811377260781234, 'reg_lambda': 5.607314238392041e-08}. Best is trial 3 with value: 0.12122304072366727.
[I 2026-06-01 12:57:04,103] Trial 6 finished with value: 0.011082770821950225 and parameters: {'confidence_threshold': 0.7672889945051684, 'training_days': 130, 'n_estimators': 137, 'max_depth': 4, 'num_leaves': 19, 'learning_rate': 0.2031117614248665, 'subsample': 0.8136244860256343, 'colsample_bytree': 0.8617081790949774, 'min_child_samples': 21, 'reg_alpha': 0.002238138278733199, 'reg_lambda': 0.001025809534977322}. Best is trial 3 with value: 0.12122304072366727.
[I 2026-06-01 12:57:04,166] Trial 7 finished with value: 0.03567312915496126 and parameters: {'confidence_threshold': 0.555635875450653, 'training_days': 80, 'n_estimators': 363, 'max_depth': 3, 'num_leaves': 48, 'learning_rate': 0.06590089024008658, 'subsample': 0.6944752870615722, 'colsample_bytree': 0.962566244806993, 'min_child_samples': 88, 'reg_alpha': 1.6465620446426067e-05, 'reg_lambda': 2.4678750890085655e-08}. Best is trial 3 with value: 0.12122304072366727.
[I 2026-06-01 12:57:04,484] Trial 8 finished with value: 0.09406404833247109 and parameters: {'confidence_threshold': 0.6066688256938841, 'training_days': 200, 'n_estimators': 367, 'max_depth': 5, 'num_leaves': 32, 'learning_rate': 0.13377519215934996, 'subsample': 0.7965884582811106, 'colsample_bytree': 0.8458508993500886, 'min_child_samples': 32, 'reg_alpha': 3.889436043816386e-05, 'reg_lambda': 1.4713062489380356e-06}. Best is trial 3 with value: 0.12122304072366727.
