[I 2026-06-01 13:03:43,884] Trial 17 finished with value: -0.07837961937628155 and parameters: {'confidence_threshold': 0.5045514532033433, 'training_days': 190, 'n_estimators': 221, 'max_depth': 3, 'num_leaves': 18, 'learning_rate': 0.02531447727079653, 'subsample': 0.6644108905489939, 'colsample_bytree': 0.8261297778909438, 'min_child_samples': 89, 'reg_alpha': 5.977159982993689e-06, 'reg_lambda': 0.00031707661277425317}. Best is trial 12 with value: 0.02646260330072538.

    [trial 1] 48 features, training_days=290 | threshold=0.635 | labels: 1242 long, 929 short (57/43%)
    [trial 1] Sharpe=-0.1355 (folds: 0.1447, 0.0015, -0.2933, -0.4700, -0.0604)
    [trial 2] 48 features, training_days=10 | threshold=0.585 | labels: 1242 long, 929 short (57/43%)
    [trial 2] Sharpe=-0.1261 (folds: -0.0105, -0.0556, -0.3303, -0.0883, -0.1458)
    [trial 3] 48 features, training_days=220 | threshold=0.687 | labels: 1242 long, 929 short (57/43%)
    [trial 3] Sharpe=-0.1895 (folds: 0.1286, -0.0170, -0.1640, -0.3012, -0.5939)
    [trial 4] 48 features, training_days=300 | threshold=0.562 | labels: 1242 long, 929 short (57/43%)
    [trial 4] Sharpe=-0.1447 (folds: 0.0502, 0.0549, -0.2797, -0.4336, -0.1152)
    [trial 5] 48 features, training_days=490 | threshold=0.711 | labels: 1242 long, 929 short (57/43%)
    [trial 5] Sharpe=-0.0561 (folds: 0.0999, -0.0193, -0.0770, -0.3082, 0.0239)
    [trial 6] 48 features, training_days=420 | threshold=0.667 | labels: 1242 long, 929 short (57/43%)
    [trial 6] Sharpe=-0.1093 (folds: 0.0806, -0.0043, -0.0940, -0.3781, -0.1509)
    [trial 7] 48 features, training_days=120 | threshold=0.550 | labels: 1242 long, 929 short (57/43%)
    [trial 7] Sharpe=-0.0824 (folds: 0.1640, -0.1084, -0.0718, -0.2512, -0.1446)
    [trial 8] 48 features, training_days=450 | threshold=0.720 | labels: 1242 long, 929 short (57/43%)
    [trial 8] Sharpe=-0.0303 (folds: 0.1634, 0.0626, -0.1474, -0.3370, 0.1066)
    [trial 9] 48 features, training_days=20 | threshold=0.727 | labels: 1242 long, 929 short (57/43%)
    [trial 9] Sharpe=-5.9715 (folds: -10.0000, -10.0000, 0.1807, -10.0000, -0.0384)
    [trial 10] 48 features, training_days=400 | threshold=0.828 | labels: 1242 long, 929 short (57/43%)
    [trial 10] Sharpe=0.0094 (folds: 0.1743, 0.0627, 0.0820, -0.2934, 0.0212)
    [trial 11] 48 features, training_days=400 | threshold=0.843 | labels: 1242 long, 929 short (57/43%)
    [trial 11] Sharpe=-5.9780 (folds: -10.0000, 0.0536, 0.0565, -10.0000, -10.0000)
    [trial 12] 48 features, training_days=500 | threshold=0.810 | labels: 1242 long, 929 short (57/43%)
    [trial 12] Sharpe=0.0265 (folds: 0.0609, -0.0124, 0.0354, -0.0150, 0.0634)
    [trial 13] 48 features, training_days=350 | threshold=0.848 | labels: 1242 long, 929 short (57/43%)
    [trial 13] Sharpe=-1.9312 (folds: 0.2070, -0.0082, 0.0088, 0.1366, -10.0000)
    [trial 14] 48 features, training_days=470 | threshold=0.786 | labels: 1242 long, 929 short (57/43%)
    [trial 14] Sharpe=-0.0304 (folds: 0.1468, -0.0119, -0.0929, -0.1870, -0.0067)
    [trial 15] 48 features, training_days=370 | threshold=0.783 | labels: 1242 long, 929 short (57/43%)
    [trial 15] Sharpe=-0.0371 (folds: 0.1547, 0.0018, -0.0450, -0.1969, -0.1001)
    [trial 16] 48 features, training_days=500 | threshold=0.781 | labels: 1242 long, 929 short (57/43%)
    [trial 16] Sharpe=-0.0219 (folds: 0.2135, 0.0165, 0.0152, -0.1497, -0.2052)
    [trial 17] 48 features, training_days=190 | threshold=0.505 | labels: 1242 long, 929 short (57/43%)
    [trial 17] Sharpe=-0.0784 (folds: 0.1575, -0.0867, -0.1092, -0.1851, -0.1684)
  Optuna: 18 trials, best Sharpe = 0.0265
  Best params: n_estimators=490, max_depth=4, lr=0.0103, leaves=63
  Best confidence_threshold: 0.810
  Best training_days: 500
  Retrained on full data (1500 samples, 48 features)
  OOD: 16 features, cutoff (q=0.7) = 9.52
  Model trained for 2025-09: 90 test candles with features, confidence_threshold=0.618
[trade:close] 2025-09-02 08:00 BTCUSDT LONG → timeout @ 110190.10 | PnL=-0.05% (net -0.15%) | cum=-34.44% 2025-09=-0.15% 2025-09-02=-0.15%
[predict] 2025-09-03 00:00 BTCUSDT → LONG (proba=0.65 TP=5.5%/SL=2.7%)
[trade:open] 2025-09-03 07:59 BTCUSDT LONG @ 111041.50 | SL=108008.86 TP=117106.79 | timeout=2025-09-10 07:59
[trade:close] 2025-09-10 08:00 BTCUSDT LONG → timeout @ 112500.00 | PnL=+1.31% (net +1.21%) | cum=-33.22% 2025-09=+1.06% 2025-09-10=+1.21%
[predict] 2025-09-12 00:00 BTCUSDT → SHORT (proba=0.66 TP=4.3%/SL=2.1%)
[trade:open] 2025-09-12 07:59 BTCUSDT SHORT @ 115049.00 | SL=117507.01 TP=110132.97 | timeout=2025-09-19 07:59
[trade:close] 2025-09-18 07:59 BTCUSDT SHORT → stop_loss @ 117507.01 | PnL=-2.14% (net -2.24%) | cum=-35.46% 2025-09=-1.17% 2025-09-18=-2.24%
[predict] 2025-09-19 00:00 BTCUSDT → LONG (proba=0.70 TP=4.0%/SL=2.0%)
[trade:open] 2025-09-19 07:59 BTCUSDT LONG @ 116850.10 | SL=114541.95 TP=121466.40 | timeout=2025-09-26 07:59
[trade:close] 2025-09-22 07:59 BTCUSDT LONG → stop_loss @ 114541.95 | PnL=-1.98% (net -2.08%) | cum=-37.54% 2025-09=-3.25% 2025-09-22=-2.08%
[predict] 2025-09-26 16:00 BTCUSDT → SHORT (proba=0.63 TP=4.6%/SL=2.3%)
[trade:open] 2025-09-26 23:59 BTCUSDT SHORT @ 109588.50 | SL=112100.80 TP=104563.90 | timeout=2025-10-03 23:59
[trade:close] 2025-09-28 23:59 BTCUSDT SHORT → stop_loss @ 112100.80 | PnL=-2.29% (net -2.39%) | cum=-39.93% 2025-09=-5.64% 2025-09-28=-2.39%
[predict] 2025-09-29 16:00 BTCUSDT → SHORT (proba=0.74 TP=3.9%/SL=1.9%)
[trade:open] 2025-09-29 23:59 BTCUSDT SHORT @ 114257.10 | SL=116457.64 TP=109856.02 | timeout=2025-10-06 23:59
[lgbm] === Training for 2025-10 ===
  Train window: 2023-10-01 → 2025-09-23
  2171 training samples from 1 symbols
  Samples per month: 2023-10: 93, 2023-11: 90, 2023-12: 93, 2024-01: 93, 2024-02: 87, 2024-03: 93, 2024-04: 90, 2024-05: 93, 2024-06: 90, 2024-07: 93, 2024-08: 93, 2024-09: 90, 2024-10: 93, 2024-11: 90, 2024-12: 93, 2025-01: 93, 2025-02: 84, 2025-03: 93, 2025-04: 90, 2025-05: 93, 2025-06: 90, 2025-07: 93, 2025-08: 93, 2025-09: 68
  [label] 2023-12-01 16:00 BTCUSDT entry=38660.0000 → LONG | long=tp(+5.26%) short=sl(-2.78%) | scanned=7 | long_tp_only
  [label] 2023-12-04 00:00 BTCUSDT entry=41471.9000 → LONG | long=tp(+5.85%) short=sl(-3.07%) | scanned=5 | long_tp_only
  [label] 2023-12-07 16:00 BTCUSDT entry=43296.0000 → SHORT | long=sl(-3.56%) short=tp(+6.82%) | scanned=10 | short_tp_only
  [label] 2024-01-01 08:00 BTCUSDT entry=42818.0000 → LONG | long=tp(+5.60%) short=sl(-2.95%) | scanned=2 | long_tp_only
  [label] 2024-02-23 00:00 BTCUSDT entry=50952.3000 → LONG | long=tp(+6.66%) short=sl(-3.48%) | scanned=11 | long_tp_only
  [label] 2024-08-07 00:00 BTCUSDT entry=56898.7000 → LONG | long=timeout(+6.91%) short=sl(-7.77%) | scanned=22 | no_tp→fwd_return=+7.0098
  [label] 2024-08-11 00:00 BTCUSDT entry=61224.9000 → SHORT | long=sl(-5.28%) short=timeout(+2.64%) | scanned=22 | no_tp→fwd_return=-2.7432
  [label] 2024-08-21 16:00 BTCUSDT entry=61120.0000 → SHORT | long=sl(-4.43%) short=sl(-4.43%) | scanned=18 | no_tp→fwd_return=-2.8395
  [label] 2024-10-05 16:00 BTCUSDT entry=62023.1000 → SHORT | long=sl(-3.04%) short=sl(-3.04%) | scanned=15 | no_tp→fwd_return=-2.7891
  [label] 2024-10-14 08:00 BTCUSDT entry=65850.9000 → LONG | long=timeout(+2.18%) short=sl(-3.30%) | scanned=22 | no_tp→fwd_return=+2.2830
  [label] 2025-01-12 16:00 BTCUSDT entry=94499.9000 → LONG | long=sl(-3.48%) short=sl(-3.48%) | scanned=8 | no_tp→fwd_return=+4.7021
  [label] 2025-02-13 16:00 BTCUSDT entry=96560.6000 → LONG | long=timeout(+1.65%) short=timeout(-1.85%) | scanned=22 | no_tp→fwd_return=+1.7526
  [label] 2025-03-02 00:00 BTCUSDT entry=86191.4000 → SHORT | long=sl(-5.40%) short=sl(-5.40%) | scanned=7 | no_tp→fwd_return=-3.7665
  [label] 2025-03-14 16:00 BTCUSDT entry=83939.8000 → LONG | long=timeout(+0.03%) short=timeout(-0.23%) | scanned=22 | no_tp→fwd_return=+0.1316
  [label] 2025-04-02 00:00 BTCUSDT entry=84389.8000 → SHORT | long=sl(-3.23%) short=sl(-3.23%) | scanned=4 | no_tp→fwd_return=-2.8297
  [label] 2025-04-08 08:00 BTCUSDT entry=78460.0000 → LONG | long=timeout(+8.07%) short=sl(-5.85%) | scanned=22 | no_tp→fwd_return=+8.1722
  [label] 2025-04-20 16:00 BTCUSDT entry=85138.8000 → LONG | long=tp(+4.71%) short=sl(-2.51%) | scanned=5 | long_tp_only
  [label] 2025-05-30 08:00 BTCUSDT entry=105504.0000 → SHORT | long=sl(-3.12%) short=timeout(+0.34%) | scanned=22 | no_tp→fwd_return=-0.4442
  [label] 2025-06-09 00:00 BTCUSDT entry=105516.7000 → LONG | long=tp(+4.44%) short=sl(-2.37%) | scanned=2 | long_tp_only
  [label] 2025-09-03 08:00 BTCUSDT entry=112168.6000 → LONG | long=timeout(+1.36%) short=timeout(-1.56%) | scanned=22 | no_tp→fwd_return=+1.4556[I 2026-06-01 13:03:44,723] A new study created in memory with name: no-name-d52d3295-5212-4fc7-9f7c-d990fa66b210
[I 2026-06-01 13:03:45,050] Trial 0 finished with value: -0.08848347258428757 and parameters: {'confidence_threshold': 0.6310890415965769, 'training_days': 480, 'n_estimators': 380, 'max_depth': 4, 'num_leaves': 22, 'learning_rate': 0.01699897838270077, 'subsample': 0.5290418060840998, 'colsample_bytree': 0.9330880728874675, 'min_child_samples': 68, 'reg_alpha': 0.023585940584142682, 'reg_lambda': 1.5320059381854043e-08}. Best is trial 0 with value: -0.08848347258428757.
[I 2026-06-01 13:03:45,163] Trial 1 finished with value: -5.981211767719605 and parameters: {'confidence_threshold': 0.839468448256698, 'training_days': 420, 'n_estimators': 145, 'max_depth': 3, 'num_leaves': 23, 'learning_rate': 0.028145092716060652, 'subsample': 0.762378215816119, 'colsample_bytree': 0.7159725093210578, 'min_child_samples': 43, 'reg_alpha': 0.0032112643094417484, 'reg_lambda': 1.8007140198129195e-07}. Best is trial 0 with value: -0.08848347258428757.
[I 2026-06-01 13:03:45,340] Trial 2 finished with value: -0.1619036528347329 and parameters: {'confidence_threshold': 0.6022506269873263, 'training_days': 190, 'n_estimators': 255, 'max_depth': 5, 'num_leaves': 24, 'learning_rate': 0.05748924681991978, 'subsample': 0.7962072844310213, 'colsample_bytree': 0.5232252063599989, 'min_child_samples': 69, 'reg_alpha': 3.425445902633376e-07, 'reg_lambda': 3.850031979199519e-08}. Best is trial 0 with value: -0.08848347258428757.
[I 2026-06-01 13:03:45,620] Trial 3 finished with value: -0.14536116652353887 and parameters: {'confidence_threshold': 0.8321099380386666, 'training_days': 490, 'n_estimators': 414, 'max_depth': 3, 'num_leaves': 19, 'learning_rate': 0.1024932221692416, 'subsample': 0.7200762468698007, 'colsample_bytree': 0.5610191174223894, 'min_child_samples': 60, 'reg_alpha': 2.039373116525212e-08, 'reg_lambda': 1.527156759251193}. Best is trial 0 with value: -0.08848347258428757.
[I 2026-06-01 13:03:45,775] Trial 4 finished with value: -0.12761137535953665 and parameters: {'confidence_threshold': 0.5905729935600059, 'training_days': 340, 'n_estimators': 190, 'max_depth': 4, 'num_leaves': 41, 'learning_rate': 0.01875220945578641, 'subsample': 0.9847923138822793, 'colsample_bytree': 0.8875664116805573, 'min_child_samples': 96, 'reg_alpha': 1.1309571585271483, 'reg_lambda': 0.002404915432737351}. Best is trial 0 with value: -0.08848347258428757.
[I 2026-06-01 13:03:45,814] Trial 5 finished with value: 0.027046578724031312 and parameters: {'confidence_threshold': 0.8226559822580909, 'training_days': 50, 'n_estimators': 138, 'max_depth': 3, 'num_leaves': 30, 'learning_rate': 0.03750796359625606, 'subsample': 0.6356745158869479, 'colsample_bytree': 0.9143687545759647, 'min_child_samples': 48, 'reg_alpha': 3.376063348877853e-06, 'reg_lambda': 0.0007660634613082914}. Best is trial 5 with value: 0.027046578724031312.
[I 2026-06-01 13:03:45,933] Trial 6 finished with value: -0.06120147592083767 and parameters: {'confidence_threshold': 0.5493234787411669, 'training_days': 410, 'n_estimators': 83, 'max_depth': 5, 'num_leaves': 52, 'learning_rate': 0.019657448966046126, 'subsample': 0.5027610585618012, 'colsample_bytree': 0.9077307142274171, 'min_child_samples': 77, 'reg_alpha': 0.03639690979811287, 'reg_lambda': 0.08738424135626986}. Best is trial 5 with value: 0.027046578724031312.
[I 2026-06-01 13:03:46,032] Trial 7 finished with value: -0.1130781548890469 and parameters: {'confidence_threshold': 0.5259156281069316, 'training_days': 180, 'n_estimators': 102, 'max_depth': 5, 'num_leaves': 45, 'learning_rate': 0.030816017044468066, 'subsample': 0.5317791751430119, 'colsample_bytree': 0.6554911608578311, 'min_child_samples': 46, 'reg_alpha': 0.036851536911881845, 'reg_lambda': 0.005470376807480391}. Best is trial 5 with value: 0.027046578724031312.
[I 2026-06-01 13:03:46,143] Trial 8 finished with value: -0.17431817636898148 and parameters: {'confidence_threshold': 0.8105244599017143, 'training_days': 240, 'n_estimators': 103, 'max_depth': 5, 'num_leaves': 52, 'learning_rate': 0.06746437142284309, 'subsample': 0.8854835899772805, 'colsample_bytree': 0.7468977981821954, 'min_child_samples': 62, 'reg_alpha': 7.04480806377519e-05, 'reg_lambda': 1.6934490731313353e-08}. Best is trial 5 with value: 0.027046578724031312.
[I 2026-06-01 13:03:46,165] Trial 9 finished with value: -0.12643634223988293 and parameters: {'confidence_threshold': 0.5377619994476566, 'training_days': 20, 'n_estimators': 337, 'max_depth': 3, 'num_leaves': 39, 'learning_rate': 0.21907142272152816, 'subsample': 0.6246461145744375, 'colsample_bytree': 0.7051914615178149, 'min_child_samples': 81, 'reg_alpha': 1.1459970229341322e-06, 'reg_lambda': 4.929685216887945e-08}. Best is trial 5 with value: 0.027046578724031312.
[I 2026-06-01 13:03:46,197] Trial 10 finished with value: -2.113966755048389 and parameters: {'confidence_threshold': 0.7318981109748116, 'training_days': 10, 'n_estimators': 487, 'max_depth': 4, 'num_leaves': 31, 'learning_rate': 0.14704103471568217, 'subsample': 0.628963476300746, 'colsample_bytree': 0.987470107623585, 'min_child_samples': 25, 'reg_alpha': 2.608784411827665e-05, 'reg_lambda': 3.3639426888455256e-06}. Best is trial 5 with value: 0.027046578724031312.
[I 2026-06-01 13:03:46,243] Trial 11 finished with value: -4.533713285838471 and parameters: {'confidence_threshold': 0.7161090655475574, 'training_days': 110, 'n_estimators': 65, 'max_depth': 4, 'num_leaves': 60, 'learning_rate': 0.011154303114805692, 'subsample': 0.6290161990788976, 'colsample_bytree': 0.8438489693453172, 'min_child_samples': 92, 'reg_alpha': 1.6115749528927317, 'reg_lambda': 0.5855213887055177}. Best is trial 5 with value: 0.027046578724031312.
[I 2026-06-01 13:03:46,404] Trial 12 finished with value: -0.16267948952524128 and parameters: {'confidence_threshold': 0.7456670193224102, 'training_days': 340, 'n_estimators': 206, 'max_depth': 3, 'num_leaves': 33, 'learning_rate': 0.03208899494279826, 'subsample': 0.5222281423323654, 'colsample_bytree': 0.8304278626461432, 'min_child_samples': 45, 'reg_alpha': 0.0006941608047409722, 'reg_lambda': 5.899790100111974e-05}. Best is trial 5 with value: 0.027046578724031312.
[I 2026-06-01 13:03:46,496] Trial 13 finished with value: -0.0665332970340923 and parameters: {'confidence_threshold': 0.663455030204664, 'training_days': 330, 'n_estimators': 60, 'max_depth': 5, 'num_leaves': 62, 'learning_rate': 0.041055899057314625, 'subsample': 0.6803710106053958, 'colsample_bytree': 0.9994455923633134, 'min_child_samples': 80, 'reg_alpha': 4.9164566205838954e-06, 'reg_lambda': 0.05682130535124364}. Best is trial 5 with value: 0.027046578724031312.
[I 2026-06-01 13:03:46,619] Trial 14 finished with value: -0.08600024827361243 and parameters: {'confidence_threshold': 0.7871652886153421, 'training_days': 90, 'n_estimators': 202, 'max_depth': 4, 'num_leaves': 54, 'learning_rate': 0.010586219226284353, 'subsample': 0.5808433054196197, 'colsample_bytree': 0.816535373912939, 'min_child_samples': 31, 'reg_alpha': 3.770845974254184e-08, 'reg_lambda': 0.0002979489411625065}. Best is trial 5 with value: 0.027046578724031312.
[I 2026-06-01 13:03:46,792] Trial 15 finished with value: -0.08146494769543063 and parameters: {'confidence_threshold': 0.5653411177747963, 'training_days': 420, 'n_estimators': 149, 'max_depth': 5, 'num_leaves': 50, 'learning_rate': 0.018400226755740847, 'subsample': 0.5827518795786422, 'colsample_bytree': 0.9193540765871685, 'min_child_samples': 79, 'reg_alpha': 0.06940112745380081, 'reg_lambda': 0.05951087746838391}. Best is trial 5 with value: 0.027046578724031312.
[I 2026-06-01 13:03:46,999] Trial 16 finished with value: -0.1648132603343801 and parameters: {'confidence_threshold': 0.6760523483882178, 'training_days': 270, 'n_estimators': 293, 'max_depth': 3, 'num_leaves': 31, 'learning_rate': 0.08200164591835346, 'subsample': 0.688182201978983, 'colsample_bytree': 0.7895188207605416, 'min_child_samples': 52, 'reg_alpha': 0.0007640986658845985, 'reg_lambda': 2.2361188384333254e-05}. Best is trial 5 with value: 0.027046578724031312.
[I 2026-06-01 13:03:47,106] Trial 17 finished with value: -0.022066664015168644 and parameters: {'confidence_threshold': 0.7611484084321937, 'training_days': 120, 'n_estimators': 135, 'max_depth': 4, 'num_leaves': 36, 'learning_rate': 0.043851439012794806, 'subsample': 0.8366733523272174, 'colsample_bytree': 0.8803609155918469, 'min_child_samples': 32, 'reg_alpha': 7.8052802128728755, 'reg_lambda': 0.0049393924646631724}. Best is trial 5 with value: 0.027046578724031312.
[I 2026-06-01 13:03:47,599] A new study created in memory with name: no-name-8509e05c-45a9-43be-aaa7-1f569f1fcb7c
[I 2026-06-01 13:03:47,694] Trial 0 finished with value: -0.03904205117347827 and parameters: {'confidence_threshold': 0.7437642149592516, 'training_days': 150, 'n_estimators': 152, 'max_depth': 4, 'num_leaves': 50, 'learning_rate': 0.04216766425047743, 'subsample': 0.9903820991923078, 'colsample_bytree': 0.8424148692924316, 'min_child_samples': 58, 'reg_alpha': 3.381097259762742e-05, 'reg_lambda': 1.2263152961306247e-05}. Best is trial 0 with value: -0.03904205117347827.
[I 2026-06-01 13:03:47,760] Trial 1 finished with value: -2.133505523451471 and parameters: {'confidence_threshold': 0.7551673975844145, 'training_days': 220, 'n_estimators': 76, 'max_depth': 4, 'num_leaves': 51, 'learning_rate': 0.018602118810743477, 'subsample': 0.5877258780737462, 'colsample_bytree': 0.7657756869209191, 'min_child_samples': 63, 'reg_alpha': 0.005123994170264194, 'reg_lambda': 0.44145470178120466}. Best is trial 0 with value: -0.03904205117347827.
[I 2026-06-01 13:03:48,014] Trial 2 finished with value: -0.1595705873362085 and parameters: {'confidence_threshold': 0.7535593637012223, 'training_days': 310, 'n_estimators': 375, 'max_depth': 3, 'num_leaves': 32, 'learning_rate': 0.021735641882032388, 'subsample': 0.6468570231944146, 'colsample_bytree': 0.8154880619272439, 'min_child_samples': 27, 'reg_alpha': 8.004064028491336e-05, 'reg_lambda': 7.546835261630524e-05}. Best is trial 0 with value: -0.03904205117347827.
[I 2026-06-01 13:03:48,185] Trial 3 finished with value: -0.1584627534033222 and parameters: {'confidence_threshold': 0.6727897841776072, 'training_days': 220, 'n_estimators': 190, 'max_depth': 4, 'num_leaves': 58, 'learning_rate': 0.24810689332636193, 'subsample': 0.7509183379421682, 'colsample_bytree': 0.8119764758960556, 'min_child_samples': 29, 'reg_alpha': 7.1708285081421445e-06, 'reg_lambda': 5.412973582738627e-05}. Best is trial 0 with value: -0.03904205117347827.
[I 2026-06-01 13:03:48,308] Trial 4 finished with value: -0.09540529706763515 and parameters: {'confidence_threshold': 0.803208205259178, 'training_days': 130, 'n_estimators': 267, 'max_depth': 5, 'num_leaves': 40, 'learning_rate': 0.08041175317374143, 'subsample': 0.5603143329951619, 'colsample_bytree': 0.9131704002534167, 'min_child_samples': 68, 'reg_alpha': 0.0008046593428183385, 'reg_lambda': 1.2158346158765583e-05}. Best is trial 0 with value: -0.03904205117347827.
[I 2026-06-01 13:03:48,527] Trial 5 finished with value: -0.14169538547418295 and parameters: {'confidence_threshold': 0.6064422761595144, 'training_days': 210, 'n_estimators': 357, 'max_depth': 5, 'num_leaves': 40, 'learning_rate': 0.0974221287220869, 'subsample': 0.7929682762811064, 'colsample_bytree': 0.8124517510478, 'min_child_samples': 74, 'reg_alpha': 0.3811377260781234, 'reg_lambda': 5.607314238392041e-08}. Best is trial 0 with value: -0.03904205117347827.
[I 2026-06-01 13:03:48,643] Trial 6 finished with value: -0.04280026746468909 and parameters: {'confidence_threshold': 0.7672889945051684, 'training_days': 130, 'n_estimators': 137, 'max_depth': 4, 'num_leaves': 19, 'learning_rate': 0.2031117614248665, 'subsample': 0.8136244860256343, 'colsample_bytree': 0.8617081790949774, 'min_child_samples': 21, 'reg_alpha': 0.002238138278733199, 'reg_lambda': 0.001025809534977322}. Best is trial 0 with value: -0.03904205117347827.
[I 2026-06-01 13:03:48,719] Trial 7 finished with value: -0.029485565316205574 and parameters: {'confidence_threshold': 0.555635875450653, 'training_days': 80, 'n_estimators': 363, 'max_depth': 3, 'num_leaves': 48, 'learning_rate': 0.06590089024008658, 'subsample': 0.6944752870615722, 'colsample_bytree': 0.962566244806993, 'min_child_samples': 88, 'reg_alpha': 1.6465620446426067e-05, 'reg_lambda': 2.4678750890085655e-08}. Best is trial 7 with value: -0.029485565316205574.
[I 2026-06-01 13:03:49,045] Trial 8 finished with value: -0.17416336368079274 and parameters: {'confidence_threshold': 0.6066688256938841, 'training_days': 200, 'n_estimators': 367, 'max_depth': 5, 'num_leaves': 32, 'learning_rate': 0.13377519215934996, 'subsample': 0.7965884582811106, 'colsample_bytree': 0.8458508993500886, 'min_child_samples': 32, 'reg_alpha': 3.889436043816386e-05, 'reg_lambda': 1.4713062489380356e-06}. Best is trial 7 with value: -0.029485565316205574.
