[I 2026-06-01 12:56:07,195] Trial 9 finished with value: 0.004304186645142866 and parameters: {'confidence_threshold': 0.6202096049169137, 'training_days': 260, 'n_estimators': 350, 'max_depth': 3, 'num_leaves': 21, 'learning_rate': 0.02989540198065364, 'subsample': 0.8307821683331218, 'colsample_bytree': 0.923253112635361, 'min_child_samples': 64, 'reg_alpha': 0.4898604619604203, 'reg_lambda': 2.9076377687066166e-05}. Best is trial 7 with value: 0.026369528566736022.
[I 2026-06-01 12:56:07,228] Trial 10 finished with value: 0.021670432470955205 and parameters: {'confidence_threshold': 0.5248809389721337, 'training_days': 10, 'n_estimators': 493, 'max_depth': 3, 'num_leaves': 63, 'learning_rate': 0.010221918552934462, 'subsample': 0.667749445701178, 'colsample_bytree': 0.6202684210924141, 'min_child_samples': 99, 'reg_alpha': 1.3884210513841762e-08, 'reg_lambda': 0.02273343343290072}. Best is trial 7 with value: 0.026369528566736022.
[I 2026-06-01 12:56:07,262] Trial 11 finished with value: 0.021670432470955205 and parameters: {'confidence_threshold': 0.5048591005447424, 'training_days': 10, 'n_estimators': 493, 'max_depth': 3, 'num_leaves': 63, 'learning_rate': 0.010535067237031162, 'subsample': 0.6714365294218261, 'colsample_bytree': 0.6012148974081734, 'min_child_samples': 100, 'reg_alpha': 1.0389779167265952e-08, 'reg_lambda': 0.024688016606578794}. Best is trial 7 with value: 0.026369528566736022.
[I 2026-06-01 12:56:07,522] Trial 12 finished with value: 0.000839744378104209 and parameters: {'confidence_threshold': 0.5106153216696881, 'training_days': 470, 'n_estimators': 498, 'max_depth': 3, 'num_leaves': 51, 'learning_rate': 0.05809128784912797, 'subsample': 0.6772104159737814, 'colsample_bytree': 0.5773925919454104, 'min_child_samples': 100, 'reg_alpha': 1.5145546872493305e-08, 'reg_lambda': 0.007411726388141345}. Best is trial 7 with value: 0.026369528566736022.
[I 2026-06-01 12:56:07,554] Trial 13 finished with value: -2.059013794364664 and parameters: {'confidence_threshold': 0.5577371477731788, 'training_days': 10, 'n_estimators': 442, 'max_depth': 3, 'num_leaves': 63, 'learning_rate': 0.013937231793681828, 'subsample': 0.5024707401359401, 'colsample_bytree': 0.6759494634110215, 'min_child_samples': 84, 'reg_alpha': 5.421237391699009e-07, 'reg_lambda': 2.7437299203534646}. Best is trial 7 with value: 0.026369528566736022.
[I 2026-06-01 12:56:07,624] Trial 14 finished with value: 0.017713463420698794 and parameters: {'confidence_threshold': 0.5544398013533722, 'training_days': 70, 'n_estimators': 284, 'max_depth': 3, 'num_leaves': 56, 'learning_rate': 0.04074110489853438, 'subsample': 0.9182426786262438, 'colsample_bytree': 0.5045764719392084, 'min_child_samples': 86, 'reg_alpha': 6.598094881431677e-07, 'reg_lambda': 3.40293644637662e-08}. Best is trial 7 with value: 0.026369528566736022.
[I 2026-06-01 12:56:07,759] Trial 15 finished with value: 0.0393665874613161 and parameters: {'confidence_threshold': 0.5551423717289237, 'training_days': 80, 'n_estimators': 436, 'max_depth': 4, 'num_leaves': 45, 'learning_rate': 0.06438916159282569, 'subsample': 0.7116438232553023, 'colsample_bytree': 0.9908474303106444, 'min_child_samples': 46, 'reg_alpha': 5.011892081220446e-07, 'reg_lambda': 0.05138157439645094}. Best is trial 15 with value: 0.0393665874613161.
[I 2026-06-01 12:56:08,092] Trial 16 finished with value: 0.0037331608786517296 and parameters: {'confidence_threshold': 0.6706691877690707, 'training_days': 350, 'n_estimators': 428, 'max_depth': 4, 'num_leaves': 44, 'learning_rate': 0.06771230857967775, 'subsample': 0.7259317121015, 'colsample_bytree': 0.9582623643055297, 'min_child_samples': 48, 'reg_alpha': 1.6323832176782968e-06, 'reg_lambda': 5.380908228389034e-07}. Best is trial 15 with value: 0.0393665874613161.
[I 2026-06-01 12:56:08,188] Trial 17 finished with value: 0.056621518485182695 and parameters: {'confidence_threshold': 0.5761710081443887, 'training_days': 80, 'n_estimators': 272, 'max_depth': 5, 'num_leaves': 33, 'learning_rate': 0.12339783258112393, 'subsample': 0.8948934073993353, 'colsample_bytree': 0.9834649850796968, 'min_child_samples': 44, 'reg_alpha': 0.031339913113165224, 'reg_lambda': 0.17593141185800612}. Best is trial 17 with value: 0.056621518485182695.
[I 2026-06-01 12:56:08,257] A new study created in memory with name: no-name-2b106401-1f4f-4dd8-be08-a36348d90b5b
[I 2026-06-01 12:56:08,436] Trial 0 finished with value: 0.02564825539390584 and parameters: {'confidence_threshold': 0.5870645682749857, 'training_days': 90, 'n_estimators': 403, 'max_depth': 5, 'num_leaves': 45, 'learning_rate': 0.0780457193679974, 'subsample': 0.9428509515574568, 'colsample_bytree': 0.8795587339164916, 'min_child_samples': 34, 'reg_alpha': 2.2465901234314442e-07, 'reg_lambda': 8.339007036475363e-05}. Best is trial 0 with value: 0.02564825539390584.

    [CV fold 4] train_end=2021-09-18 16:00 | val_start=2021-09-26 08:00 | gap=184h (22 rows)
    [trial 0] Sharpe=-0.0074 (folds: -0.2455, 0.0887, -0.0804, 0.1176, 0.0826)
    [trial 1] 48 features, training_days=420 | threshold=0.839 | labels: 1237 long, 934 short (57/43%)
    [trial 1] Sharpe=-0.0466 (folds: -0.2302, -0.0150, -0.2348, 0.3551, -0.1082)
    [trial 2] 48 features, training_days=190 | threshold=0.602 | labels: 1237 long, 934 short (57/43%)
    [trial 2] Sharpe=-0.0235 (folds: -0.2640, 0.1943, -0.0832, 0.0975, -0.0619)
    [trial 3] 48 features, training_days=490 | threshold=0.832 | labels: 1237 long, 934 short (57/43%)
    [trial 3] Sharpe=-0.0386 (folds: -0.1795, 0.0866, -0.2061, 0.0921, 0.0141)
    [trial 4] 48 features, training_days=340 | threshold=0.591 | labels: 1237 long, 934 short (57/43%)
    [trial 4] Sharpe=0.0053 (folds: -0.2125, 0.0154, 0.0095, 0.1070, 0.1071)
    [trial 5] 48 features, training_days=50 | threshold=0.823 | labels: 1237 long, 934 short (57/43%)
    [trial 5] Sharpe=0.0372 (folds: -0.2222, -0.0224, 0.1273, 0.1034, 0.1997)
    [trial 6] 48 features, training_days=410 | threshold=0.549 | labels: 1237 long, 934 short (57/43%)
    [trial 6] Sharpe=0.0366 (folds: -0.2354, 0.0997, 0.0533, 0.1376, 0.1281)
    [trial 7] 48 features, training_days=180 | threshold=0.526 | labels: 1237 long, 934 short (57/43%)
    [trial 7] Sharpe=-0.0237 (folds: -0.3414, 0.1406, -0.0179, 0.0598, 0.0405)
    [trial 8] 48 features, training_days=240 | threshold=0.811 | labels: 1237 long, 934 short (57/43%)
    [trial 8] Sharpe=-0.0373 (folds: -0.2301, -0.0726, -0.1101, 0.1991, 0.0274)
    [trial 9] 48 features, training_days=20 | threshold=0.538 | labels: 1237 long, 934 short (57/43%)
    [trial 9] Sharpe=-0.1203 (folds: -0.2105, -0.3065, -0.0633, -0.0943, 0.0730)
    [trial 10] 48 features, training_days=10 | threshold=0.732 | labels: 1237 long, 934 short (57/43%)
    [trial 10] Sharpe=-2.0590 (folds: -0.2105, -10.0000, -0.0633, -0.0943, 0.0730)
    [trial 11] 48 features, training_days=110 | threshold=0.716 | labels: 1237 long, 934 short (57/43%)
    [trial 11] Sharpe=-7.9227 (folds: -10.0000, -10.0000, 0.3867, -10.0000, -10.0000)
    [trial 12] 48 features, training_days=340 | threshold=0.746 | labels: 1237 long, 934 short (57/43%)
    [trial 12] Sharpe=-0.0333 (folds: -0.2661, 0.0084, -0.0582, 0.1830, -0.0336)
    [trial 13] 48 features, training_days=330 | threshold=0.663 | labels: 1237 long, 934 short (57/43%)
    [trial 13] Sharpe=0.0127 (folds: -0.1402, 0.0332, -0.0040, 0.1109, 0.0635)
    [trial 14] 48 features, training_days=90 | threshold=0.787 | labels: 1237 long, 934 short (57/43%)
    [trial 14] Sharpe=0.0790 (folds: -0.3291, 0.1978, 0.1609, 0.0144, 0.3509)
    [trial 15] 48 features, training_days=90 | threshold=0.778 | labels: 1237 long, 934 short (57/43%)
    [trial 15] Sharpe=0.1571 (folds: -0.2480, 0.4779, 0.0699, 0.1553, 0.3303)
    [trial 16] 48 features, training_days=110 | threshold=0.781 | labels: 1237 long, 934 short (57/43%)
    [trial 16] Sharpe=0.0062 (folds: -0.4374, 0.2276, -0.0183, 0.1732, 0.0860)
    [trial 17] 48 features, training_days=100 | threshold=0.774 | labels: 1237 long, 934 short (57/43%)
    [trial 17] Sharpe=0.1124 (folds: -0.4159, 0.2603, 0.0757, 0.0039, 0.6378)
  Optuna: 18 trials, best Sharpe = 0.1571
  Best params: n_estimators=251, max_depth=3, lr=0.0100, leaves=31
  Best confidence_threshold: 0.778
  Best training_days: 90
  Retrained on full data (270 samples, 48 features)
  [ensemble 2/3] seed=123
    [trial 0] 48 features, training_days=150 | threshold=0.744 | labels: 1237 long, 934 short (57/43%)
    [CV fold 0] train_end=2020-05-25 08:00 | val_start=2020-06-02 00:00 | gap=184h (22 rows)
    [CV fold 1] train_end=2020-09-22 16:00 | val_start=2020-09-30 08:00 | gap=184h (22 rows)
    [CV fold 2] train_end=2021-01-21 00:00 | val_start=2021-01-28 16:00 | gap=184h (22 rows)
    [CV fold 3] train_end=2021-05-21 08:00 | val_start=2021-05-29 00:00 | gap=184h (22 rows)
    [CV fold 4] train_end=2021-09-18 16:00 | val_start=2021-09-26 08:00 | gap=184h (22 rows)
    [trial 0] Sharpe=0.0139 (folds: -0.2534, 0.0795, -0.0115, 0.1858, 0.0692)
    [trial 1] 48 features, training_days=220 | threshold=0.755 | labels: 1237 long, 934 short (57/43%)
    [trial 1] Sharpe=-0.0697 (folds: -0.1464, 0.1229, -0.2320, 0.1149, -0.2080)
    [trial 2] 48 features, training_days=310 | threshold=0.754 | labels: 1237 long, 934 short (57/43%)
    [trial 2] Sharpe=-0.0187 (folds: -0.1743, 0.0870, -0.0762, 0.2021, -0.1321)
    [trial 3] 48 features, training_days=220 | threshold=0.673 | labels: 1237 long, 934 short (57/43%)
    [trial 3] Sharpe=0.0047 (folds: -0.1923, 0.1520, -0.1203, 0.2088, -0.0248)
    [trial 4] 48 features, training_days=130 | threshold=0.803 | labels: 1237 long, 934 short (57/43%)
    [trial 4] Sharpe=0.0146 (folds: -0.1714, 0.0833, -0.0438, 0.0930, 0.1118)
    [trial 5] 48 features, training_days=210 | threshold=0.606 | labels: 1237 long, 934 short (57/43%)
    [trial 5] Sharpe=-0.0256 (folds: -0.2145, 0.1555, -0.1643, 0.1556, -0.0602)
    [trial 6] 48 features, training_days=130 | threshold=0.767 | labels: 1237 long, 934 short (57/43%)
    [trial 6] Sharpe=-0.0055 (folds: -0.2021, 0.1585, -0.1120, 0.1543, -0.0260)
    [trial 7] 48 features, training_days=80 | threshold=0.556 | labels: 1237 long, 934 short (57/43%)
    [trial 7] Sharpe=0.0264 (folds: -0.0661, 0.2200, -0.1215, -0.1229, 0.2224)
    [trial 8] 48 features, training_days=200 | threshold=0.607 | labels: 1237 long, 934 short (57/43%)
    [trial 8] Sharpe=-0.0139 (folds: -0.2275, 0.1479, -0.1041, 0.1544, -0.0401)
    [trial 9] 48 features, training_days=260 | threshold=0.620 | labels: 1237 long, 934 short (57/43%)
    [trial 9] Sharpe=0.0043 (folds: -0.2247, 0.0756, -0.1130, 0.1942, 0.0894)
    [trial 10] 48 features, training_days=10 | threshold=0.525 | labels: 1237 long, 934 short (57/43%)
    [trial 10] Sharpe=0.0217 (folds: -0.2105, 0.4034, -0.0633, -0.0943, 0.0730)
    [trial 11] 48 features, training_days=10 | threshold=0.505 | labels: 1237 long, 934 short (57/43%)
    [trial 11] Sharpe=0.0217 (folds: -0.2105, 0.4034, -0.0633, -0.0943, 0.0730)
    [trial 12] 48 features, training_days=470 | threshold=0.511 | labels: 1237 long, 934 short (57/43%)
    [trial 12] Sharpe=0.0008 (folds: -0.1192, 0.1332, -0.1396, 0.1090, 0.0208)
    [trial 13] 48 features, training_days=10 | threshold=0.558 | labels: 1237 long, 934 short (57/43%)
    [trial 13] Sharpe=-2.0590 (folds: -0.2105, -10.0000, -0.0633, -0.0943, 0.0730)
    [trial 14] 48 features, training_days=70 | threshold=0.554 | labels: 1237 long, 934 short (57/43%)
    [trial 14] Sharpe=0.0177 (folds: -0.1083, 0.2667, -0.1134, 0.0121, 0.0316)
    [trial 15] 48 features, training_days=80 | threshold=0.555 | labels: 1237 long, 934 short (57/43%)
    [trial 15] Sharpe=0.0394 (folds: -0.1158, 0.0322, 0.0346, -0.0139, 0.2597)
    [trial 16] 48 features, training_days=350 | threshold=0.671 | labels: 1237 long, 934 short (57/43%)
    [trial 16] Sharpe=0.0037 (folds: -0.1542, 0.1406, -0.1005, 0.1628, -0.0300)
    [trial 17] 48 features, training_days=80 | threshold=0.576 | labels: 1237 long, 934 short (57/43%)
    [trial 17] Sharpe=0.0566 (folds: -0.1084, 0.0825, 0.0339, -0.0151, 0.2903)
  Optuna: 18 trials, best Sharpe = 0.0566
  Best params: n_estimators=272, max_depth=5, lr=0.1234, leaves=33
  Best confidence_threshold: 0.576
  Best training_days: 80
  Retrained on full data (240 samples, 48 features)
  [ensemble 3/3] seed=456
    [trial 0] 48 features, training_days=90 | threshold=0.587 | labels: 1237 long, 934 short (57/43%)
    [CV fold 0] train_end=2020-05-25 08:00 | val_start=2020-06-02 00:00 | gap=184h (22 rows)
    [CV fold 1] train_end=2020-09-22 16:00 | val_start=2020-09-30 08:00 | gap=184h (22 rows)
    [CV fold 2] train_end=2021-01-21 00:00 | val_start=2021-01-28 16:00 | gap=184h (22 rows)
    [CV fold 3] train_end=2021-05-21 08:00 | val_start=2021-05-29 00:00 | gap=184h (22 rows)
    [CV fold 4] train_end=2021-09-18 16:00 | val_start=2021-09-26 08:00 | gap=184h (22 rows)
    [trial 0] Sharpe=0.0256 (folds: -0.1486, 0.0389, 0.0035, -0.0168, 0.2513)
    [trial 1] 48 features, training_days=290 | threshold=0.635 | labels: 1237 long, 934 short (57/43%)[I 2026-06-01 12:56:08,542] Trial 1 finished with value: -0.005669224230102382 and parameters: {'confidence_threshold': 0.6348453934275313, 'training_days': 290, 'n_estimators': 115, 'max_depth': 5, 'num_leaves': 37, 'learning_rate': 0.06949568759029946, 'subsample': 0.8228505074024268, 'colsample_bytree': 0.8616703220431751, 'min_child_samples': 75, 'reg_alpha': 4.2486822725010923e-07, 'reg_lambda': 1.157247767047042e-07}. Best is trial 0 with value: 0.02564825539390584.
[I 2026-06-01 12:56:08,561] Trial 2 finished with value: -2.059013794364664 and parameters: {'confidence_threshold': 0.5849570384370288, 'training_days': 10, 'n_estimators': 212, 'max_depth': 3, 'num_leaves': 41, 'learning_rate': 0.18452095998378365, 'subsample': 0.6001060822924371, 'colsample_bytree': 0.5673167293506167, 'min_child_samples': 37, 'reg_alpha': 5.733250064217131, 'reg_lambda': 0.5308454292595461}. Best is trial 0 with value: 0.02564825539390584.
[I 2026-06-01 12:56:08,640] Trial 3 finished with value: -0.06105309284192316 and parameters: {'confidence_threshold': 0.6868248626683718, 'training_days': 220, 'n_estimators': 134, 'max_depth': 3, 'num_leaves': 45, 'learning_rate': 0.033529007907491595, 'subsample': 0.8647277071858408, 'colsample_bytree': 0.778494116634046, 'min_child_samples': 96, 'reg_alpha': 2.409409937265785e-07, 'reg_lambda': 1.1642073478060009}. Best is trial 0 with value: 0.02564825539390584.
[I 2026-06-01 12:56:08,723] Trial 4 finished with value: 0.02171884315159006 and parameters: {'confidence_threshold': 0.5623121348350352, 'training_days': 300, 'n_estimators': 69, 'max_depth': 4, 'num_leaves': 32, 'learning_rate': 0.14967629360700346, 'subsample': 0.5054535233636654, 'colsample_bytree': 0.7401385194659216, 'min_child_samples': 27, 'reg_alpha': 1.4212042567426725e-07, 'reg_lambda': 0.23605753701352003}. Best is trial 0 with value: 0.02564825539390584.
[I 2026-06-01 12:56:09,104] Trial 5 finished with value: -0.016166028870681914 and parameters: {'confidence_threshold': 0.7111850244908446, 'training_days': 490, 'n_estimators': 362, 'max_depth': 5, 'num_leaves': 40, 'learning_rate': 0.05960785724162737, 'subsample': 0.5589714368907717, 'colsample_bytree': 0.6659006943232806, 'min_child_samples': 42, 'reg_alpha': 0.6741360303045295, 'reg_lambda': 6.054601607143087e-08}. Best is trial 0 with value: 0.02564825539390584.
[I 2026-06-01 12:56:09,287] Trial 6 finished with value: -0.011456112969285014 and parameters: {'confidence_threshold': 0.667482545748023, 'training_days': 420, 'n_estimators': 279, 'max_depth': 3, 'num_leaves': 45, 'learning_rate': 0.040099592560849204, 'subsample': 0.8563114696415159, 'colsample_bytree': 0.5442917781944105, 'min_child_samples': 50, 'reg_alpha': 1.6407916423707903e-08, 'reg_lambda': 2.935907642973286e-05}. Best is trial 0 with value: 0.02564825539390584.
[I 2026-06-01 12:56:09,424] Trial 7 finished with value: -0.047033814863278824 and parameters: {'confidence_threshold': 0.5497381024139926, 'training_days': 120, 'n_estimators': 408, 'max_depth': 5, 'num_leaves': 38, 'learning_rate': 0.28049122657745795, 'subsample': 0.8806573338635493, 'colsample_bytree': 0.5454054113547102, 'min_child_samples': 63, 'reg_alpha': 0.01263008637940408, 'reg_lambda': 0.04588020805366937}. Best is trial 0 with value: 0.02564825539390584.
[I 2026-06-01 12:56:09,677] Trial 8 finished with value: -0.06122183855725179 and parameters: {'confidence_threshold': 0.719644804808716, 'training_days': 450, 'n_estimators': 410, 'max_depth': 4, 'num_leaves': 57, 'learning_rate': 0.04022026551478857, 'subsample': 0.5336085426932707, 'colsample_bytree': 0.5705742850577543, 'min_child_samples': 100, 'reg_alpha': 5.916398047912201e-07, 'reg_lambda': 0.9794034214488329}. Best is trial 0 with value: 0.02564825539390584.
[I 2026-06-01 12:56:09,700] Trial 9 finished with value: -6.031523124430853 and parameters: {'confidence_threshold': 0.7267463643917187, 'training_days': 20, 'n_estimators': 337, 'max_depth': 5, 'num_leaves': 23, 'learning_rate': 0.022153031811454605, 'subsample': 0.6305627572358737, 'colsample_bytree': 0.6613413774216214, 'min_child_samples': 81, 'reg_alpha': 5.7638634029410314e-08, 'reg_lambda': 8.26603016764008}. Best is trial 0 with value: 0.02564825539390584.
[I 2026-06-01 12:56:10,000] Trial 10 finished with value: 0.04798259018321752 and parameters: {'confidence_threshold': 0.8398533911817929, 'training_days': 130, 'n_estimators': 485, 'max_depth': 4, 'num_leaves': 62, 'learning_rate': 0.014251957942824738, 'subsample': 0.9901604570372973, 'colsample_bytree': 0.9944479338273263, 'min_child_samples': 23, 'reg_alpha': 6.837313901272251e-05, 'reg_lambda': 0.0006976939169966911}. Best is trial 10 with value: 0.04798259018321752.
[I 2026-06-01 12:56:10,349] Trial 11 finished with value: 0.13390273041462145 and parameters: {'confidence_threshold': 0.8491135887906174, 'training_days': 140, 'n_estimators': 478, 'max_depth': 4, 'num_leaves': 61, 'learning_rate': 0.010040680771315659, 'subsample': 0.9943448329854054, 'colsample_bytree': 0.9775347597655288, 'min_child_samples': 20, 'reg_alpha': 7.328612622954525e-05, 'reg_lambda': 0.0002767360651732308}. Best is trial 11 with value: 0.13390273041462145.
[I 2026-06-01 12:56:10,729] Trial 12 finished with value: -0.013421827158862126 and parameters: {'confidence_threshold': 0.844172879916663, 'training_days': 180, 'n_estimators': 490, 'max_depth': 4, 'num_leaves': 63, 'learning_rate': 0.01016004474536195, 'subsample': 0.9950368342558168, 'colsample_bytree': 0.9826583982594713, 'min_child_samples': 20, 'reg_alpha': 5.113460481149383e-05, 'reg_lambda': 0.0022105109201275095}. Best is trial 11 with value: 0.13390273041462145.
[I 2026-06-01 12:56:11,045] Trial 13 finished with value: 0.07025930315056284 and parameters: {'confidence_threshold': 0.8491911315870185, 'training_days': 130, 'n_estimators': 494, 'max_depth': 4, 'num_leaves': 55, 'learning_rate': 0.010365414043456918, 'subsample': 0.7073909792186277, 'colsample_bytree': 0.977673677256957, 'min_child_samples': 23, 'reg_alpha': 7.991749892477264e-05, 'reg_lambda': 4.1910078918541625e-06}. Best is trial 11 with value: 0.13390273041462145.
[I 2026-06-01 12:56:11,336] Trial 14 finished with value: -0.010599593856064217 and parameters: {'confidence_threshold': 0.7943244749329125, 'training_days': 190, 'n_estimators': 500, 'max_depth': 4, 'num_leaves': 54, 'learning_rate': 0.01777581502921911, 'subsample': 0.7104414224237818, 'colsample_bytree': 0.9084453274554588, 'min_child_samples': 52, 'reg_alpha': 0.002022719657321661, 'reg_lambda': 3.8468698859352755e-06}. Best is trial 11 with value: 0.13390273041462145.
[I 2026-06-01 12:56:11,531] Trial 15 finished with value: 0.08814815481100453 and parameters: {'confidence_threshold': 0.7829525506318393, 'training_days': 80, 'n_estimators': 442, 'max_depth': 4, 'num_leaves': 54, 'learning_rate': 0.010000530828352507, 'subsample': 0.7309282183883146, 'colsample_bytree': 0.943086896897379, 'min_child_samples': 31, 'reg_alpha': 1.0945332685767025e-05, 'reg_lambda': 2.201832378251197e-06}. Best is trial 11 with value: 0.13390273041462145.
[I 2026-06-01 12:56:11,634] Trial 16 finished with value: 0.012332582843104173 and parameters: {'confidence_threshold': 0.7809712285122007, 'training_days': 60, 'n_estimators': 299, 'max_depth': 4, 'num_leaves': 51, 'learning_rate': 0.021467907065884327, 'subsample': 0.7698015992542697, 'colsample_bytree': 0.9228072483827684, 'min_child_samples': 33, 'reg_alpha': 9.15193800211426e-06, 'reg_lambda': 0.006550889900779614}. Best is trial 11 with value: 0.13390273041462145.
