[I 2026-06-01 12:59:04,309] Trial 8 finished with value: -0.04786631755589736 and parameters: {'confidence_threshold': 0.719644804808716, 'training_days': 450, 'n_estimators': 410, 'max_depth': 4, 'num_leaves': 57, 'learning_rate': 0.04022026551478857, 'subsample': 0.5336085426932707, 'colsample_bytree': 0.5705742850577543, 'min_child_samples': 100, 'reg_alpha': 5.916398047912201e-07, 'reg_lambda': 0.9794034214488329}. Best is trial 4 with value: 0.03663115164436953.
[I 2026-06-01 12:59:04,335] Trial 9 finished with value: -2.011619124898604 and parameters: {'confidence_threshold': 0.7267463643917187, 'training_days': 20, 'n_estimators': 337, 'max_depth': 5, 'num_leaves': 23, 'learning_rate': 0.022153031811454605, 'subsample': 0.6305627572358737, 'colsample_bytree': 0.6613413774216214, 'min_child_samples': 81, 'reg_alpha': 5.7638634029410314e-08, 'reg_lambda': 8.26603016764008}. Best is trial 4 with value: 0.03663115164436953.
[I 2026-06-01 12:59:04,427] Trial 10 finished with value: -0.06280526985042785 and parameters: {'confidence_threshold': 0.8398533911817929, 'training_days': 320, 'n_estimators': 52, 'max_depth': 4, 'num_leaves': 15, 'learning_rate': 0.1708019296390162, 'subsample': 0.7130289643560688, 'colsample_bytree': 0.9944479338273263, 'min_child_samples': 23, 'reg_alpha': 6.837313901272251e-05, 'reg_lambda': 0.007549769720510555}. Best is trial 4 with value: 0.03663115164436953.
[I 2026-06-01 12:59:04,971] Trial 11 finished with value: -0.14599813488036129 and parameters: {'confidence_threshold': 0.786180255393198, 'training_days': 500, 'n_estimators': 478, 'max_depth': 4, 'num_leaves': 29, 'learning_rate': 0.010226258249598861, 'subsample': 0.5004718002103864, 'colsample_bytree': 0.6821090468272153, 'min_child_samples': 22, 'reg_alpha': 9.443402751011643, 'reg_lambda': 2.313463030717144e-08}. Best is trial 4 with value: 0.03663115164436953.
[I 2026-06-01 12:59:05,208] Trial 12 finished with value: 0.006406324977910084 and parameters: {'confidence_threshold': 0.5145853631584999, 'training_days': 370, 'n_estimators': 243, 'max_depth': 4, 'num_leaves': 30, 'learning_rate': 0.09958366580839793, 'subsample': 0.6166089205473694, 'colsample_bytree': 0.7179310383001429, 'min_child_samples': 45, 'reg_alpha': 0.02694721219722944, 'reg_lambda': 1.4304147444691813e-06}. Best is trial 4 with value: 0.03663115164436953.
[I 2026-06-01 12:59:05,450] Trial 13 finished with value: -0.023697144256819402 and parameters: {'confidence_threshold': 0.6264911627195466, 'training_days': 210, 'n_estimators': 331, 'max_depth': 4, 'num_leaves': 55, 'learning_rate': 0.11842510796771445, 'subsample': 0.7023035707306736, 'colsample_bytree': 0.7964950430311403, 'min_child_samples': 55, 'reg_alpha': 0.00010874449785112549, 'reg_lambda': 0.002213814638104446}. Best is trial 4 with value: 0.03663115164436953.
[I 2026-06-01 12:59:05,685] Trial 14 finished with value: -0.028980245653792275 and parameters: {'confidence_threshold': 0.7723320301796328, 'training_days': 370, 'n_estimators': 170, 'max_depth': 5, 'num_leaves': 31, 'learning_rate': 0.15568349061881234, 'subsample': 0.5808338336629058, 'colsample_bytree': 0.6310878495855354, 'min_child_samples': 36, 'reg_alpha': 0.09136702398753474, 'reg_lambda': 1.9911970232120805e-06}. Best is trial 4 with value: 0.03663115164436953.
[I 2026-06-01 12:59:05,777] Trial 15 finished with value: 0.03169627140304582 and parameters: {'confidence_threshold': 0.5303922806882243, 'training_days': 500, 'n_estimators': 56, 'max_depth': 4, 'num_leaves': 50, 'learning_rate': 0.2607338671064475, 'subsample': 0.6702835169003956, 'colsample_bytree': 0.7405154782554892, 'min_child_samples': 29, 'reg_alpha': 6.554258732407552e-06, 'reg_lambda': 0.0013467843257158065}. Best is trial 4 with value: 0.03663115164436953.
[I 2026-06-01 12:59:05,857] Trial 16 finished with value: 0.04455149420432788 and parameters: {'confidence_threshold': 0.5068069937342309, 'training_days': 190, 'n_estimators': 53, 'max_depth': 4, 'num_leaves': 51, 'learning_rate': 0.29452906114276506, 'subsample': 0.7800169298851215, 'colsample_bytree': 0.8358949769922501, 'min_child_samples': 27, 'reg_alpha': 9.148601377622621e-06, 'reg_lambda': 0.000855876310048679}. Best is trial 16 with value: 0.04455149420432788.
[I 2026-06-01 12:59:05,931] Trial 17 finished with value: 0.0010929821704816877 and parameters: {'confidence_threshold': 0.5001922823607086, 'training_days': 160, 'n_estimators': 95, 'max_depth': 4, 'num_leaves': 62, 'learning_rate': 0.29423868882314225, 'subsample': 0.7559717278907077, 'colsample_bytree': 0.8523790396749521, 'min_child_samples': 66, 'reg_alpha': 6.409516371859978e-06, 'reg_lambda': 0.07041159569440208}. Best is trial 16 with value: 0.04455149420432788.

    [trial 17] Sharpe=-0.0102 (folds: 0.0618, -0.0465, -0.1819, -0.0370, 0.1526)
  Optuna: 18 trials, best Sharpe = 0.0689
  Best params: n_estimators=138, max_depth=3, lr=0.0375, leaves=30
  Best confidence_threshold: 0.823
  Best training_days: 50
  Retrained on full data (150 samples, 48 features)
  [ensemble 2/3] seed=123
    [trial 0] 48 features, training_days=150 | threshold=0.744 | labels: 1050 long, 1118 short (48/52%)
    [CV fold 0] train_end=2021-11-22 08:00 | val_start=2021-11-30 00:00 | gap=184h (22 rows)
    [CV fold 1] train_end=2022-03-22 16:00 | val_start=2022-03-30 08:00 | gap=184h (22 rows)
    [CV fold 2] train_end=2022-07-21 00:00 | val_start=2022-07-28 16:00 | gap=184h (22 rows)
    [CV fold 3] train_end=2022-11-18 08:00 | val_start=2022-11-26 00:00 | gap=184h (22 rows)
    [CV fold 4] train_end=2023-03-18 16:00 | val_start=2023-03-26 08:00 | gap=184h (22 rows)
    [trial 0] Sharpe=-0.0714 (folds: 0.2175, -0.1226, -0.3999, -0.3305, 0.2784)
    [trial 1] 48 features, training_days=220 | threshold=0.755 | labels: 1050 long, 1118 short (48/52%)
    [trial 1] Sharpe=-4.2521 (folds: -10.0000, -0.4252, -10.0000, -0.7747, -0.0606)
    [trial 2] 48 features, training_days=310 | threshold=0.754 | labels: 1050 long, 1118 short (48/52%)
    [trial 2] Sharpe=-0.0421 (folds: 0.1091, -0.0972, -0.2329, -0.1557, 0.1661)
    [trial 3] 48 features, training_days=220 | threshold=0.673 | labels: 1050 long, 1118 short (48/52%)
    [trial 3] Sharpe=0.0329 (folds: 0.1515, -0.0093, -0.0354, -0.0156, 0.0733)
    [trial 4] 48 features, training_days=130 | threshold=0.803 | labels: 1050 long, 1118 short (48/52%)
    [trial 4] Sharpe=-0.0124 (folds: 0.1484, -0.0330, -0.3003, -0.1004, 0.2230)
    [trial 5] 48 features, training_days=210 | threshold=0.606 | labels: 1050 long, 1118 short (48/52%)
    [trial 5] Sharpe=-0.0313 (folds: 0.1518, -0.0705, -0.3249, -0.0364, 0.1237)
    [trial 6] 48 features, training_days=130 | threshold=0.767 | labels: 1050 long, 1118 short (48/52%)
    [trial 6] Sharpe=-0.0118 (folds: 0.1339, -0.0208, -0.2806, -0.0502, 0.1589)
    [trial 7] 48 features, training_days=80 | threshold=0.556 | labels: 1050 long, 1118 short (48/52%)
    [trial 7] Sharpe=-0.0360 (folds: 0.3013, -0.2143, -0.3198, 0.0150, 0.0379)
    [trial 8] 48 features, training_days=200 | threshold=0.607 | labels: 1050 long, 1118 short (48/52%)
    [trial 8] Sharpe=0.0044 (folds: 0.1726, 0.0242, -0.2437, -0.0154, 0.0844)
    [trial 9] 48 features, training_days=260 | threshold=0.620 | labels: 1050 long, 1118 short (48/52%)
    [trial 9] Sharpe=0.0128 (folds: 0.1942, -0.0568, -0.1377, -0.0476, 0.1121)
    [trial 10] 48 features, training_days=470 | threshold=0.676 | labels: 1050 long, 1118 short (48/52%)
    [trial 10] Sharpe=0.0107 (folds: 0.1403, -0.0941, -0.1801, 0.0825, 0.1048)
    [trial 11] 48 features, training_days=340 | threshold=0.672 | labels: 1050 long, 1118 short (48/52%)
    [trial 11] Sharpe=-0.0144 (folds: 0.1687, -0.1370, -0.0915, -0.1102, 0.0977)
    [trial 12] 48 features, training_days=340 | threshold=0.673 | labels: 1050 long, 1118 short (48/52%)
    [trial 12] Sharpe=-0.0739 (folds: 0.2027, -0.0882, -0.2565, -0.3226, 0.0949)
    [trial 13] 48 features, training_days=10 | threshold=0.512 | labels: 1050 long, 1118 short (48/52%)
    [trial 13] Sharpe=0.0327 (folds: 0.0193, 0.1759, 0.1250, -0.1211, -0.0356)
    [trial 14] 48 features, training_days=20 | threshold=0.517 | labels: 1050 long, 1118 short (48/52%)
    [trial 14] Sharpe=-0.0885 (folds: 0.0193, 0.1759, -0.3845, -0.1211, -0.1322)
    [trial 15] 48 features, training_days=10 | threshold=0.503 | labels: 1050 long, 1118 short (48/52%)
    [trial 15] Sharpe=0.0327 (folds: 0.0193, 0.1759, 0.1250, -0.1211, -0.0356)
    [trial 16] 48 features, training_days=440 | threshold=0.822 | labels: 1050 long, 1118 short (48/52%)
    [trial 16] Sharpe=-0.0943 (folds: 0.1381, -0.1824, -0.4752, 0.0003, 0.0476)
    [trial 17] 48 features, training_days=70 | threshold=0.556 | labels: 1050 long, 1118 short (48/52%)
    [trial 17] Sharpe=-0.0144 (folds: 0.1527, -0.0589, -0.2888, 0.0170, 0.1063)
  Optuna: 18 trials, best Sharpe = 0.0329
  Best params: n_estimators=190, max_depth=4, lr=0.2481, leaves=58
  Best confidence_threshold: 0.673
  Best training_days: 220
  Retrained on full data (660 samples, 48 features)
  [ensemble 3/3] seed=456
    [trial 0] 48 features, training_days=90 | threshold=0.587 | labels: 1050 long, 1118 short (48/52%)
    [CV fold 0] train_end=2021-11-22 08:00 | val_start=2021-11-30 00:00 | gap=184h (22 rows)
    [CV fold 1] train_end=2022-03-22 16:00 | val_start=2022-03-30 08:00 | gap=184h (22 rows)
    [CV fold 2] train_end=2022-07-21 00:00 | val_start=2022-07-28 16:00 | gap=184h (22 rows)
    [CV fold 3] train_end=2022-11-18 08:00 | val_start=2022-11-26 00:00 | gap=184h (22 rows)
    [CV fold 4] train_end=2023-03-18 16:00 | val_start=2023-03-26 08:00 | gap=184h (22 rows)
    [trial 0] Sharpe=-0.0408 (folds: 0.0541, -0.0009, -0.2939, -0.1041, 0.1408)
    [trial 1] 48 features, training_days=290 | threshold=0.635 | labels: 1050 long, 1118 short (48/52%)
    [trial 1] Sharpe=0.0050 (folds: 0.1432, -0.0567, -0.0793, -0.0966, 0.1143)
    [trial 2] 48 features, training_days=10 | threshold=0.585 | labels: 1050 long, 1118 short (48/52%)
    [trial 2] Sharpe=-1.9431 (folds: 0.0193, 0.1759, 0.1250, -10.0000, -0.0356)
    [trial 3] 48 features, training_days=220 | threshold=0.687 | labels: 1050 long, 1118 short (48/52%)
    [trial 3] Sharpe=-0.0366 (folds: 0.2322, -0.1185, -0.4013, -0.0108, 0.1152)
    [trial 4] 48 features, training_days=300 | threshold=0.562 | labels: 1050 long, 1118 short (48/52%)
    [trial 4] Sharpe=0.0366 (folds: 0.1423, -0.0159, -0.0139, -0.0420, 0.1126)
    [trial 5] 48 features, training_days=490 | threshold=0.711 | labels: 1050 long, 1118 short (48/52%)
    [trial 5] Sharpe=0.0102 (folds: 0.2332, 0.0005, -0.2244, -0.0203, 0.0619)
    [trial 6] 48 features, training_days=420 | threshold=0.667 | labels: 1050 long, 1118 short (48/52%)
    [trial 6] Sharpe=-0.0274 (folds: 0.2045, -0.0482, -0.1566, -0.2045, 0.0680)
    [trial 7] 48 features, training_days=120 | threshold=0.550 | labels: 1050 long, 1118 short (48/52%)
    [trial 7] Sharpe=-0.0022 (folds: 0.1940, -0.0111, -0.2443, 0.0106, 0.0395)
    [trial 8] 48 features, training_days=450 | threshold=0.720 | labels: 1050 long, 1118 short (48/52%)
    [trial 8] Sharpe=-0.0479 (folds: 0.2233, -0.1374, -0.0957, -0.2166, -0.0130)
    [trial 9] 48 features, training_days=20 | threshold=0.727 | labels: 1050 long, 1118 short (48/52%)
    [trial 9] Sharpe=-2.0116 (folds: 0.0193, 0.1759, -10.0000, -0.1211, -0.1322)
    [trial 10] 48 features, training_days=320 | threshold=0.840 | labels: 1050 long, 1118 short (48/52%)
    [trial 10] Sharpe=-0.0628 (folds: 0.0326, -0.2234, -0.0835, -0.1511, 0.1115)
    [trial 11] 48 features, training_days=500 | threshold=0.786 | labels: 1050 long, 1118 short (48/52%)
    [trial 11] Sharpe=-0.1460 (folds: 0.0615, -0.1537, -0.5687, 0.0408, -0.1099)
    [trial 12] 48 features, training_days=370 | threshold=0.515 | labels: 1050 long, 1118 short (48/52%)
    [trial 12] Sharpe=0.0064 (folds: 0.2210, 0.0086, -0.1390, -0.1146, 0.0560)
    [trial 13] 48 features, training_days=210 | threshold=0.626 | labels: 1050 long, 1118 short (48/52%)
    [trial 13] Sharpe=-0.0237 (folds: 0.2233, -0.0373, -0.2554, -0.0842, 0.0351)
    [trial 14] 48 features, training_days=370 | threshold=0.772 | labels: 1050 long, 1118 short (48/52%)
    [trial 14] Sharpe=-0.0290 (folds: 0.2001, -0.0195, -0.3283, -0.1224, 0.1252)
    [trial 15] 48 features, training_days=500 | threshold=0.530 | labels: 1050 long, 1118 short (48/52%)
    [trial 15] Sharpe=0.0317 (folds: 0.1577, 0.0030, -0.0379, -0.0592, 0.0950)
    [trial 16] 48 features, training_days=190 | threshold=0.507 | labels: 1050 long, 1118 short (48/52%)
    [trial 16] Sharpe=0.0446 (folds: 0.1846, -0.0180, -0.0923, -0.0030, 0.1514)
    [trial 17] 48 features, training_days=160 | threshold=0.500 | labels: 1050 long, 1118 short (48/52%)
    [trial 17] Sharpe=0.0011 (folds: 0.1869, -0.0015, -0.2461, -0.0387, 0.1049)
  Optuna: 18 trials, best Sharpe = 0.0446
  Best params: n_estimators=53, max_depth=4, lr=0.2945, leaves=51[I 2026-06-01 12:59:06,423] A new study created in memory with name: no-name-f43c132f-3499-4e61-8556-ec8dfea889d9
[I 2026-06-01 12:59:06,779] Trial 0 finished with value: -0.15955036017032714 and parameters: {'confidence_threshold': 0.6310890415965769, 'training_days': 480, 'n_estimators': 380, 'max_depth': 4, 'num_leaves': 22, 'learning_rate': 0.01699897838270077, 'subsample': 0.5290418060840998, 'colsample_bytree': 0.9330880728874675, 'min_child_samples': 68, 'reg_alpha': 0.023585940584142682, 'reg_lambda': 1.5320059381854043e-08}. Best is trial 0 with value: -0.15955036017032714.
[I 2026-06-01 12:59:06,902] Trial 1 finished with value: -4.131133463464924 and parameters: {'confidence_threshold': 0.839468448256698, 'training_days': 420, 'n_estimators': 145, 'max_depth': 3, 'num_leaves': 23, 'learning_rate': 0.028145092716060652, 'subsample': 0.762378215816119, 'colsample_bytree': 0.7159725093210578, 'min_child_samples': 43, 'reg_alpha': 0.0032112643094417484, 'reg_lambda': 1.8007140198129195e-07}. Best is trial 0 with value: -0.15955036017032714.
[I 2026-06-01 12:59:07,059] Trial 2 finished with value: -0.03895305135429844 and parameters: {'confidence_threshold': 0.6022506269873263, 'training_days': 190, 'n_estimators': 255, 'max_depth': 5, 'num_leaves': 24, 'learning_rate': 0.05748924681991978, 'subsample': 0.7962072844310213, 'colsample_bytree': 0.5232252063599989, 'min_child_samples': 69, 'reg_alpha': 3.425445902633376e-07, 'reg_lambda': 3.850031979199519e-08}. Best is trial 2 with value: -0.03895305135429844.
[I 2026-06-01 12:59:07,332] Trial 3 finished with value: -0.09516364991256918 and parameters: {'confidence_threshold': 0.8321099380386666, 'training_days': 490, 'n_estimators': 414, 'max_depth': 3, 'num_leaves': 19, 'learning_rate': 0.1024932221692416, 'subsample': 0.7200762468698007, 'colsample_bytree': 0.5610191174223894, 'min_child_samples': 60, 'reg_alpha': 2.039373116525212e-08, 'reg_lambda': 1.527156759251193}. Best is trial 2 with value: -0.03895305135429844.
[I 2026-06-01 12:59:07,500] Trial 4 finished with value: -0.0882259142186 and parameters: {'confidence_threshold': 0.5905729935600059, 'training_days': 340, 'n_estimators': 190, 'max_depth': 4, 'num_leaves': 41, 'learning_rate': 0.01875220945578641, 'subsample': 0.9847923138822793, 'colsample_bytree': 0.8875664116805573, 'min_child_samples': 96, 'reg_alpha': 1.1309571585271483, 'reg_lambda': 0.002404915432737351}. Best is trial 2 with value: -0.03895305135429844.
[I 2026-06-01 12:59:07,538] Trial 5 finished with value: -0.07617860828231907 and parameters: {'confidence_threshold': 0.8226559822580909, 'training_days': 50, 'n_estimators': 138, 'max_depth': 3, 'num_leaves': 30, 'learning_rate': 0.03750796359625606, 'subsample': 0.6356745158869479, 'colsample_bytree': 0.9143687545759647, 'min_child_samples': 48, 'reg_alpha': 3.376063348877853e-06, 'reg_lambda': 0.0007660634613082914}. Best is trial 2 with value: -0.03895305135429844.
[I 2026-06-01 12:59:07,649] Trial 6 finished with value: -0.039187535862837006 and parameters: {'confidence_threshold': 0.5493234787411669, 'training_days': 410, 'n_estimators': 83, 'max_depth': 5, 'num_leaves': 52, 'learning_rate': 0.019657448966046126, 'subsample': 0.5027610585618012, 'colsample_bytree': 0.9077307142274171, 'min_child_samples': 77, 'reg_alpha': 0.03639690979811287, 'reg_lambda': 0.08738424135626986}. Best is trial 2 with value: -0.03895305135429844.
[I 2026-06-01 12:59:07,746] Trial 7 finished with value: -0.05498538152908816 and parameters: {'confidence_threshold': 0.5259156281069316, 'training_days': 180, 'n_estimators': 102, 'max_depth': 5, 'num_leaves': 45, 'learning_rate': 0.030816017044468066, 'subsample': 0.5317791751430119, 'colsample_bytree': 0.6554911608578311, 'min_child_samples': 46, 'reg_alpha': 0.036851536911881845, 'reg_lambda': 0.005470376807480391}. Best is trial 2 with value: -0.03895305135429844.
[I 2026-06-01 12:59:07,851] Trial 8 finished with value: -0.14712083321717193 and parameters: {'confidence_threshold': 0.8105244599017143, 'training_days': 240, 'n_estimators': 103, 'max_depth': 5, 'num_leaves': 52, 'learning_rate': 0.06746437142284309, 'subsample': 0.8854835899772805, 'colsample_bytree': 0.7468977981821954, 'min_child_samples': 62, 'reg_alpha': 7.04480806377519e-05, 'reg_lambda': 1.6934490731313353e-08}. Best is trial 2 with value: -0.03895305135429844.
[I 2026-06-01 12:59:07,874] Trial 9 finished with value: -1.960085288092871 and parameters: {'confidence_threshold': 0.5377619994476566, 'training_days': 20, 'n_estimators': 337, 'max_depth': 3, 'num_leaves': 39, 'learning_rate': 0.21907142272152816, 'subsample': 0.6246461145744375, 'colsample_bytree': 0.7051914615178149, 'min_child_samples': 81, 'reg_alpha': 1.1459970229341322e-06, 'reg_lambda': 4.929685216887945e-08}. Best is trial 2 with value: -0.03895305135429844.
[I 2026-06-01 12:59:08,176] Trial 10 finished with value: -0.039221011169362004 and parameters: {'confidence_threshold': 0.6797821749717731, 'training_days': 150, 'n_estimators': 487, 'max_depth': 5, 'num_leaves': 31, 'learning_rate': 0.1457937958927628, 'subsample': 0.8271882613853766, 'colsample_bytree': 0.5054398545048813, 'min_child_samples': 27, 'reg_alpha': 1.290626345465208e-08, 'reg_lambda': 3.3639426888455256e-06}. Best is trial 2 with value: -0.03895305135429844.
[I 2026-06-01 12:59:08,398] Trial 11 finished with value: -0.16262866247030866 and parameters: {'confidence_threshold': 0.6954836557727516, 'training_days': 340, 'n_estimators': 245, 'max_depth': 5, 'num_leaves': 60, 'learning_rate': 0.012600846838162268, 'subsample': 0.6917386334278995, 'colsample_bytree': 0.8228184263283476, 'min_child_samples': 81, 'reg_alpha': 1.6115749528927317, 'reg_lambda': 0.5855213887055157}. Best is trial 2 with value: -0.03895305135429844.
[I 2026-06-01 12:59:08,612] Trial 12 finished with value: -0.12977650173280206 and parameters: {'confidence_threshold': 0.5838353006368809, 'training_days': 320, 'n_estimators': 266, 'max_depth': 4, 'num_leaves': 57, 'learning_rate': 0.0656285649451873, 'subsample': 0.8428332421633107, 'colsample_bytree': 0.8304278626461432, 'min_child_samples': 79, 'reg_alpha': 5.6535530920430964e-05, 'reg_lambda': 1.1939217269650388e-05}. Best is trial 2 with value: -0.03895305135429844.
