[I 2026-06-01 13:03:12,261] Trial 7 finished with value: -0.11512869649425721 and parameters: {'confidence_threshold': 0.5259156281069316, 'training_days': 180, 'n_estimators': 102, 'max_depth': 5, 'num_leaves': 45, 'learning_rate': 0.030816017044468066, 'subsample': 0.5317791751430119, 'colsample_bytree': 0.6554911608578311, 'min_child_samples': 46, 'reg_alpha': 0.036851536911881845, 'reg_lambda': 0.005470376807480391}. Best is trial 6 with value: -0.07520563931908994.

    [trial 12] 48 features, training_days=120 | threshold=0.512 | labels: 1242 long, 929 short (57/43%)
    [trial 12] Sharpe=-0.0212 (folds: -0.0855, 0.1359, -0.0884, -0.0084, -0.0599)
    [trial 13] 48 features, training_days=130 | threshold=0.501 | labels: 1242 long, 929 short (57/43%)
    [trial 13] Sharpe=-0.0184 (folds: -0.0678, 0.1702, -0.1583, -0.0279, -0.0083)
    [trial 14] 48 features, training_days=190 | threshold=0.504 | labels: 1242 long, 929 short (57/43%)
    [trial 14] Sharpe=-0.1030 (folds: -0.1409, 0.0727, -0.2104, -0.1373, -0.0994)
    [trial 15] 48 features, training_days=70 | threshold=0.504 | labels: 1242 long, 929 short (57/43%)
    [trial 15] Sharpe=-0.0418 (folds: -0.1712, 0.1024, -0.0895, -0.1261, 0.0755)
    [trial 16] 48 features, training_days=160 | threshold=0.781 | labels: 1242 long, 929 short (57/43%)
    [trial 16] Sharpe=-0.1056 (folds: 0.0303, 0.0325, -0.1528, -0.2905, -0.1475)
    [trial 17] 48 features, training_days=360 | threshold=0.620 | labels: 1242 long, 929 short (57/43%)
    [trial 17] Sharpe=-0.0473 (folds: -0.0754, 0.1086, -0.1393, -0.0439, -0.0867)
  Optuna: 18 trials, best Sharpe = -0.0184
  Best params: n_estimators=497, max_depth=4, lr=0.0107, leaves=61
  Best confidence_threshold: 0.501
  Best training_days: 130
  Retrained on full data (390 samples, 48 features)
  OOD: 16 features, cutoff (q=0.7) = 9.35
  Model trained for 2025-06: 90 test candles with features, confidence_threshold=0.640
[trade:close] 2025-06-05 23:59 BTCUSDT LONG → stop_loss @ 100589.64 | PnL=-3.00% (net -3.10%) | cum=-19.02% 2025-06=-3.10% 2025-06-05=-3.10%
[predict] 2025-06-07 00:00 BTCUSDT → SHORT (proba=0.72 TP=5.9%/SL=3.0%)
[trade:open] 2025-06-07 07:59 BTCUSDT SHORT @ 104813.60 | SL=107907.69 TP=98625.43 | timeout=2025-06-14 07:59
[trade:close] 2025-06-09 15:59 BTCUSDT SHORT → stop_loss @ 107907.69 | PnL=-2.95% (net -3.05%) | cum=-22.08% 2025-06=-6.15% 2025-06-09=-3.05%
[predict] 2025-06-10 08:00 BTCUSDT → SHORT (proba=0.69 TP=5.1%/SL=2.5%)
[trade:open] 2025-06-10 15:59 BTCUSDT SHORT @ 108975.30 | SL=111751.32 TP=103423.27 | timeout=2025-06-17 15:59
[trade:close] 2025-06-13 07:59 BTCUSDT SHORT → take_profit @ 103423.27 | PnL=+5.09% (net +4.99%) | cum=-17.08% 2025-06=-1.16% 2025-06-13=+4.99%
[predict] 2025-06-14 08:00 BTCUSDT → LONG (proba=0.72 TP=5.4%/SL=2.7%)
[trade:open] 2025-06-14 15:59 BTCUSDT LONG @ 104783.40 | SL=101976.12 TP=110397.96 | timeout=2025-06-21 15:59
[trade:close] 2025-06-21 16:00 BTCUSDT LONG → timeout @ 103516.70 | PnL=-1.21% (net -1.31%) | cum=-18.39% 2025-06=-2.47% 2025-06-21=-1.31%
[predict] 2025-06-27 16:00 BTCUSDT → SHORT (proba=0.71 TP=5.2%/SL=2.6%)
[trade:open] 2025-06-27 23:59 BTCUSDT SHORT @ 107010.70 | SL=109794.70 TP=101442.71 | timeout=2025-07-04 23:59
[lgbm] === Training for 2025-07 ===
  Train window: 2023-07-01 → 2025-06-23
  2171 training samples from 1 symbols
  Samples per month: 2023-07: 93, 2023-08: 93, 2023-09: 90, 2023-10: 93, 2023-11: 90, 2023-12: 93, 2024-01: 93, 2024-02: 87, 2024-03: 93, 2024-04: 90, 2024-05: 93, 2024-06: 90, 2024-07: 93, 2024-08: 93, 2024-09: 90, 2024-10: 93, 2024-11: 90, 2024-12: 93, 2025-01: 93, 2025-02: 84, 2025-03: 93, 2025-04: 90, 2025-05: 93, 2025-06: 68
  [label] 2023-08-31 16:00 BTCUSDT entry=25928.0000 → LONG | long=timeout(+1.11%) short=timeout(-1.31%) | scanned=22 | no_tp→fwd_return=+1.2060
  [label] 2023-09-03 00:00 BTCUSDT entry=25941.4000 → SHORT | long=timeout(-0.48%) short=timeout(+0.28%) | scanned=22 | no_tp→fwd_return=-0.3793
  [label] 2023-09-06 16:00 BTCUSDT entry=25747.4000 → SHORT | long=sl(-2.50%) short=sl(-2.50%) | scanned=14 | no_tp→fwd_return=-2.5047
  [label] 2023-10-01 08:00 BTCUSDT entry=27135.8000 → LONG | long=tp(+3.58%) short=sl(-1.94%) | scanned=1 | long_tp_only
  [label] 2023-11-23 00:00 BTCUSDT entry=37378.5000 → LONG | long=timeout(+0.98%) short=timeout(-1.18%) | scanned=22 | no_tp→fwd_return=+1.0827
  [label] 2024-05-07 00:00 BTCUSDT entry=63648.9000 → SHORT | long=sl(-4.25%) short=timeout(+2.49%) | scanned=22 | no_tp→fwd_return=-2.5873
  [label] 2024-05-11 00:00 BTCUSDT entry=60988.9000 → LONG | long=tp(+7.89%) short=sl(-4.09%) | scanned=14 | long_tp_only
  [label] 2024-05-21 16:00 BTCUSDT entry=70168.8000 → SHORT | long=sl(-3.60%) short=timeout(+2.36%) | scanned=22 | no_tp→fwd_return=-2.4631
  [label] 2024-07-05 16:00 BTCUSDT entry=56604.9000 → LONG | long=timeout(+2.13%) short=sl(-5.33%) | scanned=22 | no_tp→fwd_return=+2.2350
  [label] 2024-07-14 08:00 BTCUSDT entry=60053.3000 → LONG | long=tp(+7.67%) short=sl(-3.99%) | scanned=4 | long_tp_only
  [label] 2024-10-12 16:00 BTCUSDT entry=63176.0000 → LONG | long=tp(+5.79%) short=sl(-3.05%) | scanned=8 | long_tp_only
  [label] 2024-11-13 16:00 BTCUSDT entry=90413.3000 → LONG | long=timeout(+4.19%) short=timeout(-4.39%) | scanned=22 | no_tp→fwd_return=+4.2855
  [label] 2024-11-30 00:00 BTCUSDT entry=96843.3000 → LONG | long=tp(+7.36%) short=sl(-3.83%) | scanned=15 | long_tp_only
  [label] 2024-12-12 16:00 BTCUSDT entry=99982.4000 → SHORT | long=timeout(-2.65%) short=sl(-4.58%) | scanned=22 | no_tp→fwd_return=-2.5484
  [label] 2024-12-31 00:00 BTCUSDT entry=92819.6000 → LONG | long=tp(+6.96%) short=sl(-3.63%) | scanned=18 | long_tp_only
  [label] 2025-01-06 08:00 BTCUSDT entry=102104.5000 → SHORT | long=sl(-2.96%) short=tp(+5.61%) | scanned=4 | short_tp_only
  [label] 2025-01-18 16:00 BTCUSDT entry=104524.3000 → LONG | long=sl(-3.72%) short=sl(-3.72%) | scanned=4 | no_tp→fwd_return=+2.5396
  [label] 2025-02-27 08:00 BTCUSDT entry=85473.0000 → LONG | long=sl(-5.33%) short=sl(-5.33%) | scanned=10 | no_tp→fwd_return=+10.2369
  [label] 2025-03-09 00:00 BTCUSDT entry=85968.9000 → SHORT | long=sl(-5.87%) short=timeout(+1.91%) | scanned=22 | no_tp→fwd_return=-2.0087
  [label] 2025-06-03 08:00 BTCUSDT entry=106556.1000 → SHORT | long=sl(-2.76%) short=tp(+5.22%) | scanned=7 | short_tp_only
  Labels: 1220 long (56.2%), 951 short (43.8%) | weights: min=1.00, mean=3.50, max=10.00
  Features: 2171/2171 matched, 48 columns
  CV gap: 22 rows
  [ensemble 1/3] seed=42
    [trial 0] 48 features, training_days=480 | threshold=0.631 | labels: 1220 long, 951 short (56/44%)
    [CV fold 0] train_end=2023-10-23 08:00 | val_start=2023-10-31 00:00 | gap=184h (22 rows)
    [CV fold 1] train_end=2024-02-20 16:00 | val_start=2024-02-28 08:00 | gap=184h (22 rows)
    [CV fold 2] train_end=2024-06-20 00:00 | val_start=2024-06-27 16:00 | gap=184h (22 rows)
    [CV fold 3] train_end=2024-10-18 08:00 | val_start=2024-10-26 00:00 | gap=184h (22 rows)
    [CV fold 4] train_end=2025-02-15 16:00 | val_start=2025-02-23 08:00 | gap=184h (22 rows)
    [trial 0] Sharpe=-0.1709 (folds: -0.1593, -0.2378, -0.2152, -0.1966, -0.0454)
    [trial 1] 48 features, training_days=420 | threshold=0.839 | labels: 1220 long, 951 short (56/44%)
    [trial 1] Sharpe=-4.1261 (folds: -0.6059, -0.4092, 0.3848, -10.0000, -10.0000)
    [trial 2] 48 features, training_days=190 | threshold=0.602 | labels: 1220 long, 951 short (56/44%)
    [trial 2] Sharpe=-0.1161 (folds: -0.1223, -0.0008, -0.1461, -0.2369, -0.0744)
    [trial 3] 48 features, training_days=490 | threshold=0.832 | labels: 1220 long, 951 short (56/44%)
    [trial 3] Sharpe=-0.0993 (folds: 0.0031, -0.0825, -0.1121, -0.2478, -0.0572)
    [trial 4] 48 features, training_days=340 | threshold=0.591 | labels: 1220 long, 951 short (56/44%)
    [trial 4] Sharpe=-0.1392 (folds: -0.1846, -0.0976, -0.1095, -0.2186, -0.0859)
    [trial 5] 48 features, training_days=50 | threshold=0.823 | labels: 1220 long, 951 short (56/44%)
    [trial 5] Sharpe=-1.9806 (folds: 0.2874, -0.1183, 0.0067, -0.0785, -10.0000)
    [trial 6] 48 features, training_days=410 | threshold=0.549 | labels: 1220 long, 951 short (56/44%)
    [trial 6] Sharpe=-0.0752 (folds: -0.1799, -0.0010, -0.1467, -0.0125, -0.0360)
    [trial 7] 48 features, training_days=180 | threshold=0.526 | labels: 1220 long, 951 short (56/44%)
    [trial 7] Sharpe=-0.1151 (folds: -0.0840, -0.0245, -0.1467, -0.0944, -0.2261)
    [trial 8] 48 features, training_days=240 | threshold=0.811 | labels: 1220 long, 951 short (56/44%)
    [trial 8] Sharpe=-0.1250 (folds: -0.1232, -0.1671, -0.1053, -0.0864, -0.1428)[I 2026-06-01 13:03:12,380] Trial 8 finished with value: -0.12497024633972745 and parameters: {'confidence_threshold': 0.8105244599017143, 'training_days': 240, 'n_estimators': 103, 'max_depth': 5, 'num_leaves': 52, 'learning_rate': 0.06746437142284309, 'subsample': 0.8854835899772805, 'colsample_bytree': 0.7468977981821954, 'min_child_samples': 62, 'reg_alpha': 7.04480806377519e-05, 'reg_lambda': 1.6934490731313353e-08}. Best is trial 6 with value: -0.07520563931908994.
[I 2026-06-01 13:03:12,404] Trial 9 finished with value: -0.1090086260768873 and parameters: {'confidence_threshold': 0.5377619994476566, 'training_days': 20, 'n_estimators': 337, 'max_depth': 3, 'num_leaves': 39, 'learning_rate': 0.21907142272152816, 'subsample': 0.6246461145744375, 'colsample_bytree': 0.7051914615178149, 'min_child_samples': 81, 'reg_alpha': 1.1459970229341322e-06, 'reg_lambda': 4.929685216887945e-08}. Best is trial 6 with value: -0.07520563931908994.
[I 2026-06-01 13:03:13,104] Trial 10 finished with value: -0.14063082361262805 and parameters: {'confidence_threshold': 0.7378545837642324, 'training_days': 350, 'n_estimators': 487, 'max_depth': 5, 'num_leaves': 62, 'learning_rate': 0.011407797829608154, 'subsample': 0.628963476300746, 'colsample_bytree': 0.8340915966600303, 'min_child_samples': 27, 'reg_alpha': 8.536188349289, 'reg_lambda': 8.145051292774586}. Best is trial 6 with value: -0.07520563931908994.
[I 2026-06-01 13:03:13,471] Trial 11 finished with value: -0.06374412144314219 and parameters: {'confidence_threshold': 0.7131090560543465, 'training_days': 480, 'n_estimators': 496, 'max_depth': 4, 'num_leaves': 55, 'learning_rate': 0.13748096120023556, 'subsample': 0.7008336560939579, 'colsample_bytree': 0.5039870416163934, 'min_child_samples': 85, 'reg_alpha': 5.426459702477891e-08, 'reg_lambda': 0.9693369363663902}. Best is trial 11 with value: -0.06374412144314219.
[I 2026-06-01 13:03:13,682] Trial 12 finished with value: -0.1343910076736365 and parameters: {'confidence_threshold': 0.7131758522018106, 'training_days': 380, 'n_estimators': 228, 'max_depth': 4, 'num_leaves': 63, 'learning_rate': 0.1882326481876032, 'subsample': 0.8394696566228461, 'colsample_bytree': 0.9955462072303609, 'min_child_samples': 89, 'reg_alpha': 0.00018576083317023635, 'reg_lambda': 0.21530468050360585}. Best is trial 11 with value: -0.06374412144314219.
[I 2026-06-01 13:03:14,139] Trial 13 finished with value: -0.10305977489294549 and parameters: {'confidence_threshold': 0.6715112328451753, 'training_days': 430, 'n_estimators': 500, 'max_depth': 4, 'num_leaves': 52, 'learning_rate': 0.1434956544335232, 'subsample': 0.6866291716128416, 'colsample_bytree': 0.8199433727435943, 'min_child_samples': 80, 'reg_alpha': 0.15436087412954164, 'reg_lambda': 0.052039727051948925}. Best is trial 11 with value: -0.06374412144314219.
[I 2026-06-01 13:03:14,217] Trial 14 finished with value: -0.1786948947187647 and parameters: {'confidence_threshold': 0.7534219751173105, 'training_days': 290, 'n_estimators': 59, 'max_depth': 4, 'num_leaves': 55, 'learning_rate': 0.0955818145563123, 'subsample': 0.5646084024832971, 'colsample_bytree': 0.6196272842028331, 'min_child_samples': 100, 'reg_alpha': 0.0017482274705964084, 'reg_lambda': 7.565770484313319e-06}. Best is trial 11 with value: -0.06374412144314219.
[I 2026-06-01 13:03:14,535] Trial 15 finished with value: -0.09856761430794468 and parameters: {'confidence_threshold': 0.6727761811372827, 'training_days': 500, 'n_estimators': 300, 'max_depth': 5, 'num_leaves': 47, 'learning_rate': 0.28843884727056535, 'subsample': 0.9267391808760582, 'colsample_bytree': 0.8100744538922787, 'min_child_samples': 79, 'reg_alpha': 1.1092504793075239e-08, 'reg_lambda': 0.07027719993587583}. Best is trial 11 with value: -0.06374412144314219.
[I 2026-06-01 13:03:14,867] Trial 16 finished with value: -0.11462226257471406 and parameters: {'confidence_threshold': 0.5654847779645644, 'training_days': 410, 'n_estimators': 425, 'max_depth': 4, 'num_leaves': 57, 'learning_rate': 0.044113343603225705, 'subsample': 0.5824724615506987, 'colsample_bytree': 0.9826162589395974, 'min_child_samples': 90, 'reg_alpha': 1.6230643075200477e-05, 'reg_lambda': 9.637325305680432e-06}. Best is trial 11 with value: -0.06374412144314219.
[I 2026-06-01 13:03:15,103] Trial 17 finished with value: -0.3869487617484787 and parameters: {'confidence_threshold': 0.7626330617717272, 'training_days': 290, 'n_estimators': 314, 'max_depth': 4, 'num_leaves': 34, 'learning_rate': 0.010425658055299656, 'subsample': 0.6888125303989739, 'colsample_bytree': 0.6091330191487015, 'min_child_samples': 72, 'reg_alpha': 0.002711960187045458, 'reg_lambda': 0.611119476105991}. Best is trial 11 with value: -0.06374412144314219.
[I 2026-06-01 13:03:15,641] A new study created in memory with name: no-name-6bde08f5-6d87-41ed-b8e1-395f23996f61
[I 2026-06-01 13:03:15,734] Trial 0 finished with value: -0.13164495438228302 and parameters: {'confidence_threshold': 0.7437642149592516, 'training_days': 150, 'n_estimators': 152, 'max_depth': 4, 'num_leaves': 50, 'learning_rate': 0.04216766425047743, 'subsample': 0.9903820991923078, 'colsample_bytree': 0.8424148692924316, 'min_child_samples': 58, 'reg_alpha': 3.381097259762742e-05, 'reg_lambda': 1.2263152961306247e-05}. Best is trial 0 with value: -0.13164495438228302.
[I 2026-06-01 13:03:15,799] Trial 1 finished with value: -8.021251964158335 and parameters: {'confidence_threshold': 0.7551673975844145, 'training_days': 220, 'n_estimators': 76, 'max_depth': 4, 'num_leaves': 51, 'learning_rate': 0.018602118810743477, 'subsample': 0.5877258780737462, 'colsample_bytree': 0.7657756869209191, 'min_child_samples': 63, 'reg_alpha': 0.005123994170264194, 'reg_lambda': 0.44145470178120466}. Best is trial 0 with value: -0.13164495438228302.
[I 2026-06-01 13:03:16,076] Trial 2 finished with value: -0.1689539582107162 and parameters: {'confidence_threshold': 0.7535593637012223, 'training_days': 310, 'n_estimators': 375, 'max_depth': 3, 'num_leaves': 32, 'learning_rate': 0.021735641882032388, 'subsample': 0.6468570231944146, 'colsample_bytree': 0.8154880619272439, 'min_child_samples': 27, 'reg_alpha': 8.004064028491336e-05, 'reg_lambda': 7.546835261630524e-05}. Best is trial 0 with value: -0.13164495438228302.
[I 2026-06-01 13:03:16,247] Trial 3 finished with value: -0.10617610933208091 and parameters: {'confidence_threshold': 0.6727897841776072, 'training_days': 220, 'n_estimators': 190, 'max_depth': 4, 'num_leaves': 58, 'learning_rate': 0.24810689332636193, 'subsample': 0.7509183379421682, 'colsample_bytree': 0.8119764758960556, 'min_child_samples': 29, 'reg_alpha': 7.1708285081421445e-06, 'reg_lambda': 5.412973582738627e-05}. Best is trial 3 with value: -0.10617610933208091.
[I 2026-06-01 13:03:16,375] Trial 4 finished with value: -0.040658537839497896 and parameters: {'confidence_threshold': 0.803208205259178, 'training_days': 130, 'n_estimators': 267, 'max_depth': 5, 'num_leaves': 40, 'learning_rate': 0.08041175317374143, 'subsample': 0.5603143329951619, 'colsample_bytree': 0.9131704002534167, 'min_child_samples': 68, 'reg_alpha': 0.0008046593428183385, 'reg_lambda': 1.2158346158765583e-05}. Best is trial 4 with value: -0.040658537839497896.
[I 2026-06-01 13:03:16,624] Trial 5 finished with value: -0.13298794484372817 and parameters: {'confidence_threshold': 0.6064422761595144, 'training_days': 210, 'n_estimators': 357, 'max_depth': 5, 'num_leaves': 40, 'learning_rate': 0.0974221287220869, 'subsample': 0.7929682762811064, 'colsample_bytree': 0.8124517510478, 'min_child_samples': 74, 'reg_alpha': 0.3811377260781234, 'reg_lambda': 5.607314238392041e-08}. Best is trial 4 with value: -0.040658537839497896.
[I 2026-06-01 13:03:16,729] Trial 6 finished with value: -0.03131952792422052 and parameters: {'confidence_threshold': 0.7672889945051684, 'training_days': 130, 'n_estimators': 137, 'max_depth': 4, 'num_leaves': 19, 'learning_rate': 0.2031117614248665, 'subsample': 0.8136244860256343, 'colsample_bytree': 0.8617081790949774, 'min_child_samples': 21, 'reg_alpha': 0.002238138278733199, 'reg_lambda': 0.001025809534977322}. Best is trial 6 with value: -0.03131952792422052.
[I 2026-06-01 13:03:16,797] Trial 7 finished with value: -0.013422862543473923 and parameters: {'confidence_threshold': 0.555635875450653, 'training_days': 80, 'n_estimators': 363, 'max_depth': 3, 'num_leaves': 48, 'learning_rate': 0.06590089024008658, 'subsample': 0.6944752870615722, 'colsample_bytree': 0.962566244806993, 'min_child_samples': 88, 'reg_alpha': 1.6465620446426067e-05, 'reg_lambda': 2.4678750890085655e-08}. Best is trial 7 with value: -0.013422862543473923.
[I 2026-06-01 13:03:17,152] Trial 8 finished with value: -0.1248462825671934 and parameters: {'confidence_threshold': 0.6066688256938841, 'training_days': 200, 'n_estimators': 367, 'max_depth': 5, 'num_leaves': 32, 'learning_rate': 0.13377519215934996, 'subsample': 0.7965884582811106, 'colsample_bytree': 0.8458508993500886, 'min_child_samples': 32, 'reg_alpha': 3.889436043816386e-05, 'reg_lambda': 1.4713062489380356e-06}. Best is trial 7 with value: -0.013422862543473923.
[I 2026-06-01 13:03:17,386] Trial 9 finished with value: -0.16809171791986782 and parameters: {'confidence_threshold': 0.6202096049169137, 'training_days': 260, 'n_estimators': 350, 'max_depth': 3, 'num_leaves': 21, 'learning_rate': 0.02989540198065364, 'subsample': 0.8307821683331218, 'colsample_bytree': 0.923253112635361, 'min_child_samples': 64, 'reg_alpha': 0.4898604619604203, 'reg_lambda': 2.9076377687066166e-05}. Best is trial 7 with value: -0.013422862543473923.
[I 2026-06-01 13:03:17,426] Trial 10 finished with value: -0.1345409823151351 and parameters: {'confidence_threshold': 0.5248809389721337, 'training_days': 10, 'n_estimators': 493, 'max_depth': 3, 'num_leaves': 63, 'learning_rate': 0.010221918552934462, 'subsample': 0.667749445701178, 'colsample_bytree': 0.6202684210924141, 'min_child_samples': 99, 'reg_alpha': 1.3884210513841762e-08, 'reg_lambda': 0.02273343343290072}. Best is trial 7 with value: -0.013422862543473923.
[I 2026-06-01 13:03:17,492] Trial 11 finished with value: -0.1352523788692958 and parameters: {'confidence_threshold': 0.5077463503498806, 'training_days': 480, 'n_estimators': 51, 'max_depth': 3, 'num_leaves': 18, 'learning_rate': 0.29452324091564064, 'subsample': 0.9022119262021717, 'colsample_bytree': 0.9864508096204552, 'min_child_samples': 100, 'reg_alpha': 2.5493772909886044e-07, 'reg_lambda': 0.006998721582327246}. Best is trial 7 with value: -0.013422862543473923.
[I 2026-06-01 13:03:17,518] Trial 12 finished with value: -4.141110754516868 and parameters: {'confidence_threshold': 0.830632524875604, 'training_days': 10, 'n_estimators': 252, 'max_depth': 4, 'num_leaves': 28, 'learning_rate': 0.15265377916176726, 'subsample': 0.6792225297018946, 'colsample_bytree': 0.6669454130036883, 'min_child_samples': 45, 'reg_alpha': 0.009505264432762285, 'reg_lambda': 0.004762002115187951}. Best is trial 7 with value: -0.013422862543473923.
[I 2026-06-01 13:03:17,671] Trial 13 finished with value: -0.03739836517843422 and parameters: {'confidence_threshold': 0.6955529552558224, 'training_days': 110, 'n_estimators': 475, 'max_depth': 3, 'num_leaves': 49, 'learning_rate': 0.05554951828366062, 'subsample': 0.5024707401359401, 'colsample_bytree': 0.943385579416806, 'min_child_samples': 83, 'reg_alpha': 1.0060661308529223e-06, 'reg_lambda': 1.147897733478235e-08}. Best is trial 7 with value: -0.013422862543473923.
[I 2026-06-01 13:03:17,742] Trial 14 finished with value: 0.03957196991167063 and parameters: {'confidence_threshold': 0.5659608707226916, 'training_days': 70, 'n_estimators': 144, 'max_depth': 4, 'num_leaves': 15, 'learning_rate': 0.17859621314011884, 'subsample': 0.9149653464282479, 'colsample_bytree': 0.9983252119032336, 'min_child_samples': 44, 'reg_alpha': 0.016435092915656313, 'reg_lambda': 1.66052015319664}. Best is trial 14 with value: 0.03957196991167063.
[I 2026-06-01 13:03:17,847] Trial 15 finished with value: 0.008184414425316743 and parameters: {'confidence_threshold': 0.5551423717289238, 'training_days': 60, 'n_estimators': 436, 'max_depth': 4, 'num_leaves': 45, 'learning_rate': 0.07357958511755032, 'subsample': 0.9296279388562269, 'colsample_bytree': 0.5093920150666754, 'min_child_samples': 46, 'reg_alpha': 8.31952480812236, 'reg_lambda': 6.662494752773517}. Best is trial 14 with value: 0.03957196991167063.
[I 2026-06-01 13:03:18,140] Trial 16 finished with value: -0.1305400622797273 and parameters: {'confidence_threshold': 0.5630274552801332, 'training_days': 350, 'n_estimators': 441, 'max_depth': 4, 'num_leaves': 26, 'learning_rate': 0.1360251036672776, 'subsample': 0.9766966819599948, 'colsample_bytree': 0.5092292594919029, 'min_child_samples': 44, 'reg_alpha': 3.433399905162048, 'reg_lambda': 7.218156337871094}. Best is trial 14 with value: 0.03957196991167063.
