[I 2026-06-01 12:58:07,735] Trial 17 finished with value: -0.06446273758551939 and parameters: {'confidence_threshold': 0.502856073658682, 'training_days': 330, 'n_estimators': 436, 'max_depth': 5, 'num_leaves': 18, 'learning_rate': 0.02492975508598105, 'subsample': 0.9272655966967175, 'colsample_bytree': 0.941265725834237, 'min_child_samples': 63, 'reg_alpha': 6.278326497258118e-06, 'reg_lambda': 0.012408023903533344}. Best is trial 12 with value: 0.04964583301581219.

    [trial 8] Sharpe=-0.1343 (folds: 0.0576, -0.0939, -0.3071, -0.0290, -0.2989)
    [trial 9] 48 features, training_days=260 | threshold=0.620 | labels: 1105 long, 1063 short (51/49%)
    [trial 9] Sharpe=-0.0778 (folds: 0.0851, 0.0644, -0.2539, -0.0088, -0.2759)
    [trial 10] 48 features, training_days=10 | threshold=0.525 | labels: 1105 long, 1063 short (51/49%)
    [trial 10] Sharpe=-0.0194 (folds: -0.1308, 0.0893, 0.0309, 0.0907, -0.1772)
    [trial 11] 48 features, training_days=480 | threshold=0.837 | labels: 1105 long, 1063 short (51/49%)
    [trial 11] Sharpe=-0.0335 (folds: 0.1222, -0.0053, -0.1333, -0.0900, -0.0610)
    [trial 12] 48 features, training_days=10 | threshold=0.517 | labels: 1105 long, 1063 short (51/49%)
    [trial 12] Sharpe=-0.0194 (folds: -0.1308, 0.0893, 0.0309, 0.0907, -0.1772)
    [trial 13] 48 features, training_days=110 | threshold=0.820 | labels: 1105 long, 1063 short (51/49%)
    [trial 13] Sharpe=0.0746 (folds: 0.1568, 0.2549, -0.0822, 0.1083, -0.0648)
    [trial 14] 48 features, training_days=70 | threshold=0.697 | labels: 1105 long, 1063 short (51/49%)
    [trial 14] Sharpe=-0.0060 (folds: 0.0441, 0.1098, -0.0650, -0.0965, -0.0224)
    [trial 15] 48 features, training_days=320 | threshold=0.560 | labels: 1105 long, 1063 short (51/49%)
    [trial 15] Sharpe=-0.0592 (folds: 0.0577, -0.0133, -0.0639, -0.0032, -0.2734)
    [trial 16] 48 features, training_days=80 | threshold=0.671 | labels: 1105 long, 1063 short (51/49%)
    [trial 16] Sharpe=0.0322 (folds: 0.0405, 0.2666, -0.0630, -0.0548, -0.0283)
    [trial 17] 48 features, training_days=70 | threshold=0.562 | labels: 1105 long, 1063 short (51/49%)
    [trial 17] Sharpe=0.0127 (folds: 0.0951, 0.0630, -0.0958, 0.0223, -0.0213)
  Optuna: 18 trials, best Sharpe = 0.0746
  Best params: n_estimators=475, max_depth=3, lr=0.1306, leaves=47
  Best confidence_threshold: 0.820
  Best training_days: 110
  Retrained on full data (330 samples, 48 features)
  [ensemble 3/3] seed=456
    [trial 0] 48 features, training_days=90 | threshold=0.587 | labels: 1105 long, 1063 short (51/49%)
    [CV fold 0] train_end=2021-05-25 08:00 | val_start=2021-06-02 00:00 | gap=184h (22 rows)
    [CV fold 1] train_end=2021-09-22 16:00 | val_start=2021-09-30 08:00 | gap=184h (22 rows)
    [CV fold 2] train_end=2022-01-21 00:00 | val_start=2022-01-28 16:00 | gap=184h (22 rows)
    [CV fold 3] train_end=2022-05-21 08:00 | val_start=2022-05-29 00:00 | gap=184h (22 rows)
    [CV fold 4] train_end=2022-09-18 16:00 | val_start=2022-09-26 08:00 | gap=184h (22 rows)
    [trial 0] Sharpe=0.0248 (folds: 0.0084, 0.1717, 0.0128, 0.0489, -0.1179)
    [trial 1] 48 features, training_days=290 | threshold=0.635 | labels: 1105 long, 1063 short (51/49%)
    [trial 1] Sharpe=-0.0921 (folds: 0.0323, 0.0690, -0.2733, -0.0710, -0.2173)
    [trial 2] 48 features, training_days=10 | threshold=0.585 | labels: 1105 long, 1063 short (51/49%)
    [trial 2] Sharpe=-0.0194 (folds: -0.1308, 0.0893, 0.0309, 0.0907, -0.1772)
    [trial 3] 48 features, training_days=220 | threshold=0.687 | labels: 1105 long, 1063 short (51/49%)
    [trial 3] Sharpe=-0.1252 (folds: -0.0104, -0.1607, -0.4874, 0.2331, -0.2007)
    [trial 4] 48 features, training_days=300 | threshold=0.562 | labels: 1105 long, 1063 short (51/49%)
    [trial 4] Sharpe=-0.1109 (folds: -0.0192, 0.0632, -0.2254, -0.0455, -0.3275)
    [trial 5] 48 features, training_days=490 | threshold=0.711 | labels: 1105 long, 1063 short (51/49%)
    [trial 5] Sharpe=-0.0784 (folds: 0.0986, -0.0094, -0.2209, -0.1553, -0.1048)
    [trial 6] 48 features, training_days=420 | threshold=0.667 | labels: 1105 long, 1063 short (51/49%)
    [trial 6] Sharpe=-0.0742 (folds: 0.0696, 0.0564, -0.2449, -0.0739, -0.1785)
    [trial 7] 48 features, training_days=120 | threshold=0.550 | labels: 1105 long, 1063 short (51/49%)
    [trial 7] Sharpe=-0.0046 (folds: 0.0436, 0.1901, -0.2179, -0.0073, -0.0313)
    [trial 8] 48 features, training_days=450 | threshold=0.720 | labels: 1105 long, 1063 short (51/49%)
    [trial 8] Sharpe=-0.0851 (folds: -0.0126, 0.0209, -0.2735, -0.0596, -0.1008)
    [trial 9] 48 features, training_days=20 | threshold=0.727 | labels: 1105 long, 1063 short (51/49%)
    [trial 9] Sharpe=-1.9840 (folds: -0.1308, 0.0893, 0.0309, 0.0907, -10.0000)
    [trial 10] 48 features, training_days=130 | threshold=0.840 | labels: 1105 long, 1063 short (51/49%)
    [trial 10] Sharpe=0.0173 (folds: 0.1129, 0.3384, -0.0780, -0.1158, -0.1708)
    [trial 11] 48 features, training_days=140 | threshold=0.849 | labels: 1105 long, 1063 short (51/49%)
    [trial 11] Sharpe=-0.0605 (folds: 0.1071, 0.1914, -0.2058, -0.1182, -0.2772)
    [trial 12] 48 features, training_days=120 | threshold=0.839 | labels: 1105 long, 1063 short (51/49%)
    [trial 12] Sharpe=0.0496 (folds: 0.3062, 0.4173, -0.1766, -0.0895, -0.2092)
    [trial 13] 48 features, training_days=80 | threshold=0.504 | labels: 1105 long, 1063 short (51/49%)
    [trial 13] Sharpe=-0.0028 (folds: 0.0681, 0.1727, -0.0916, -0.0816, -0.0817)
    [trial 14] 48 features, training_days=210 | threshold=0.772 | labels: 1105 long, 1063 short (51/49%)
    [trial 14] Sharpe=-0.1130 (folds: 0.0889, -0.1502, -0.4131, 0.1666, -0.2570)
    [trial 15] 48 features, training_days=180 | threshold=0.612 | labels: 1105 long, 1063 short (51/49%)
    [trial 15] Sharpe=-0.0933 (folds: 0.0748, 0.0278, -0.2365, -0.0634, -0.2691)
    [trial 16] 48 features, training_days=70 | threshold=0.781 | labels: 1105 long, 1063 short (51/49%)
    [trial 16] Sharpe=0.0069 (folds: 0.1015, 0.1336, -0.0656, -0.1187, -0.0164)
    [trial 17] 48 features, training_days=330 | threshold=0.503 | labels: 1105 long, 1063 short (51/49%)
    [trial 17] Sharpe=-0.0645 (folds: 0.0573, 0.0731, -0.1513, -0.0344, -0.2670)
  Optuna: 18 trials, best Sharpe = 0.0496
  Best params: n_estimators=490, max_depth=4, lr=0.0103, leaves=54
  Best confidence_threshold: 0.839
  Best training_days: 120
  Retrained on full data (360 samples, 48 features)
  OOD: 16 features, cutoff (q=0.7) = 9.22
  Model trained for 2023-02: 84 test candles with features, confidence_threshold=0.778
[trade:close] 2023-02-02 07:59 BTCUSDT SHORT → stop_loss @ 23926.21 | PnL=-3.51% (net -3.61%) | cum=-8.47% 2023-02=-3.61% 2023-02-02=-3.61%
[predict] 2023-02-03 16:00 BTCUSDT → LONG (proba=0.80 TP=7.3%/SL=3.7%)
[trade:open] 2023-02-03 23:59 BTCUSDT LONG @ 23424.70 | SL=22564.71 TP=25144.67 | timeout=2023-02-10 23:59
[trade:close] 2023-02-09 07:59 BTCUSDT LONG → stop_loss @ 22564.71 | PnL=-3.67% (net -3.77%) | cum=-12.25% 2023-02=-7.39% 2023-02-09=-3.77%
[predict] 2023-02-10 00:00 BTCUSDT → LONG (proba=0.89 TP=7.1%/SL=3.5%)
[trade:open] 2023-02-10 07:59 BTCUSDT LONG @ 21901.90 | SL=21127.76 TP=23450.18 | timeout=2023-02-17 07:59
[trade:close] 2023-02-15 23:59 BTCUSDT LONG → take_profit @ 23450.18 | PnL=+7.07% (net +6.97%) | cum=-5.28% 2023-02=-0.42% 2023-02-15=+6.97%
[predict] 2023-02-21 16:00 BTCUSDT → LONG (proba=0.78 TP=9.0%/SL=4.5%)
[trade:open] 2023-02-21 23:59 BTCUSDT LONG @ 24443.40 | SL=23344.98 TP=26640.25 | timeout=2023-02-28 23:59
[trade:close] 2023-02-24 15:59 BTCUSDT LONG → stop_loss @ 23344.98 | PnL=-4.49% (net -4.59%) | cum=-9.87% 2023-02=-5.01% 2023-02-24=-4.59%
[predict] 2023-02-25 08:00 BTCUSDT → LONG (proba=0.89 TP=8.2%/SL=4.1%)
[trade:open] 2023-02-25 15:59 BTCUSDT LONG @ 22996.40 | SL=22056.00 TP=24877.19 | timeout=2023-03-04 15:59
[lgbm] === Training for 2023-03 ===
  Train window: 2021-03-01 → 2023-02-21
  2168 training samples from 1 symbols
  Samples per month: 2021-03: 93, 2021-04: 90, 2021-05: 93, 2021-06: 90, 2021-07: 93, 2021-08: 93, 2021-09: 90, 2021-10: 93, 2021-11: 90, 2021-12: 93, 2022-01: 93, 2022-02: 84, 2022-03: 93, 2022-04: 90, 2022-05: 93, 2022-06: 90, 2022-07: 93, 2022-08: 93, 2022-09: 90, 2022-10: 93, 2022-11: 90, 2022-12: 93, 2023-01: 93, 2023-02: 62
  [label] 2021-05-01 16:00 BTCUSDT entry=57836.3400 → LONG | long=sl(-5.34%) short=timeout(-1.98%) | scanned=22 | no_tp→fwd_return=+1.8823
  [label] 2021-05-03 16:00 BTCUSDT entry=57214.8300 → SHORT | long=sl(-5.29%) short=timeout(+2.25%) | scanned=22 | no_tp→fwd_return=-2.3511
  [label] 2021-05-07 16:00 BTCUSDT entry=57350.8800 → SHORT | long=sl(-6.01%) short=tp(+11.73%) | scanned=15 | short_tp_only[I 2026-06-01 12:58:08,202] A new study created in memory with name: no-name-0ac8598c-3148-444f-b8b0-8a08a998c84b
[I 2026-06-01 12:58:08,546] Trial 0 finished with value: -0.13265561176384968 and parameters: {'confidence_threshold': 0.6310890415965769, 'training_days': 480, 'n_estimators': 380, 'max_depth': 4, 'num_leaves': 22, 'learning_rate': 0.01699897838270077, 'subsample': 0.5290418060840998, 'colsample_bytree': 0.9330880728874675, 'min_child_samples': 68, 'reg_alpha': 0.023585940584142682, 'reg_lambda': 1.5320059381854043e-08}. Best is trial 0 with value: -0.13265561176384968.
[I 2026-06-01 12:58:08,663] Trial 1 finished with value: 0.05821560745298353 and parameters: {'confidence_threshold': 0.839468448256698, 'training_days': 420, 'n_estimators': 145, 'max_depth': 3, 'num_leaves': 23, 'learning_rate': 0.028145092716060652, 'subsample': 0.762378215816119, 'colsample_bytree': 0.7159725093210578, 'min_child_samples': 43, 'reg_alpha': 0.0032112643094417484, 'reg_lambda': 1.8007140198129195e-07}. Best is trial 1 with value: 0.05821560745298353.
[I 2026-06-01 12:58:08,802] Trial 2 finished with value: -0.11260790797109665 and parameters: {'confidence_threshold': 0.6022506269873263, 'training_days': 190, 'n_estimators': 255, 'max_depth': 5, 'num_leaves': 24, 'learning_rate': 0.05748924681991978, 'subsample': 0.7962072844310213, 'colsample_bytree': 0.5232252063599989, 'min_child_samples': 69, 'reg_alpha': 3.425445902633376e-07, 'reg_lambda': 3.850031979199519e-08}. Best is trial 1 with value: 0.05821560745298353.
[I 2026-06-01 12:58:09,080] Trial 3 finished with value: -0.16765579195303554 and parameters: {'confidence_threshold': 0.8321099380386666, 'training_days': 490, 'n_estimators': 414, 'max_depth': 3, 'num_leaves': 19, 'learning_rate': 0.1024932221692416, 'subsample': 0.7200762468698007, 'colsample_bytree': 0.5610191174223894, 'min_child_samples': 60, 'reg_alpha': 2.039373116525212e-08, 'reg_lambda': 1.527156759251193}. Best is trial 1 with value: 0.05821560745298353.
[I 2026-06-01 12:58:09,215] Trial 4 finished with value: -0.13947574768532572 and parameters: {'confidence_threshold': 0.5905729935600059, 'training_days': 340, 'n_estimators': 190, 'max_depth': 4, 'num_leaves': 41, 'learning_rate': 0.01875220945578641, 'subsample': 0.9847923138822793, 'colsample_bytree': 0.8875664116805573, 'min_child_samples': 96, 'reg_alpha': 1.1309571585271483, 'reg_lambda': 0.002404915432737351}. Best is trial 1 with value: 0.05821560745298353.
[I 2026-06-01 12:58:09,250] Trial 5 finished with value: -2.22753874595861 and parameters: {'confidence_threshold': 0.8226559822580909, 'training_days': 50, 'n_estimators': 138, 'max_depth': 3, 'num_leaves': 30, 'learning_rate': 0.03750796359625606, 'subsample': 0.6356745158869479, 'colsample_bytree': 0.9143687545759647, 'min_child_samples': 48, 'reg_alpha': 3.376063348877853e-06, 'reg_lambda': 0.0007660634613082914}. Best is trial 1 with value: 0.05821560745298353.
[I 2026-06-01 12:58:09,347] Trial 6 finished with value: -0.11741077105393294 and parameters: {'confidence_threshold': 0.5493234787411669, 'training_days': 410, 'n_estimators': 83, 'max_depth': 5, 'num_leaves': 52, 'learning_rate': 0.019657448966046126, 'subsample': 0.5027610585618012, 'colsample_bytree': 0.9077307142274171, 'min_child_samples': 77, 'reg_alpha': 0.03639690979811287, 'reg_lambda': 0.08738424135626986}. Best is trial 1 with value: 0.05821560745298353.
[I 2026-06-01 12:58:09,441] Trial 7 finished with value: -0.08365428382665632 and parameters: {'confidence_threshold': 0.5259156281069316, 'training_days': 180, 'n_estimators': 102, 'max_depth': 5, 'num_leaves': 45, 'learning_rate': 0.030816017044468066, 'subsample': 0.5317791751430119, 'colsample_bytree': 0.6554911608578311, 'min_child_samples': 46, 'reg_alpha': 0.036851536911881845, 'reg_lambda': 0.005470376807480391}. Best is trial 1 with value: 0.05821560745298353.
[I 2026-06-01 12:58:09,537] Trial 8 finished with value: -0.12032930622028153 and parameters: {'confidence_threshold': 0.8105244599017143, 'training_days': 240, 'n_estimators': 103, 'max_depth': 5, 'num_leaves': 52, 'learning_rate': 0.06746437142284309, 'subsample': 0.8854835899772805, 'colsample_bytree': 0.7468977981821954, 'min_child_samples': 62, 'reg_alpha': 7.04480806377519e-05, 'reg_lambda': 1.6934490731313353e-08}. Best is trial 1 with value: 0.05821560745298353.
[I 2026-06-01 12:58:09,560] Trial 9 finished with value: -0.12579286921558913 and parameters: {'confidence_threshold': 0.5377619994476566, 'training_days': 20, 'n_estimators': 337, 'max_depth': 3, 'num_leaves': 39, 'learning_rate': 0.21907142272152816, 'subsample': 0.6246461145744375, 'colsample_bytree': 0.7051914615178149, 'min_child_samples': 81, 'reg_alpha': 1.1459970229341322e-06, 'reg_lambda': 4.929685216887945e-08}. Best is trial 1 with value: 0.05821560745298353.
[I 2026-06-01 12:58:10,035] Trial 10 finished with value: -0.12694318208430705 and parameters: {'confidence_threshold': 0.7286853308578232, 'training_days': 350, 'n_estimators': 487, 'max_depth': 4, 'num_leaves': 31, 'learning_rate': 0.011407797829608154, 'subsample': 0.8271882613853766, 'colsample_bytree': 0.8120417635861826, 'min_child_samples': 24, 'reg_alpha': 0.0005486918362336714, 'reg_lambda': 3.3639426888455256e-06}. Best is trial 1 with value: 0.05821560745298353.
[I 2026-06-01 12:58:10,159] Trial 11 finished with value: -0.10947751686127367 and parameters: {'confidence_threshold': 0.7155079644808182, 'training_days': 150, 'n_estimators': 206, 'max_depth': 4, 'num_leaves': 60, 'learning_rate': 0.034281431052084296, 'subsample': 0.677745534287701, 'colsample_bytree': 0.6488796231869034, 'min_child_samples': 42, 'reg_alpha': 0.007078078514747048, 'reg_lambda': 1.1316969920517521e-05}. Best is trial 1 with value: 0.05821560745298353.
[I 2026-06-01 12:58:10,212] Trial 12 finished with value: 0.09978247371592684 and parameters: {'confidence_threshold': 0.7430902848778571, 'training_days': 140, 'n_estimators': 59, 'max_depth': 3, 'num_leaves': 41, 'learning_rate': 0.03208899494279826, 'subsample': 0.5856019492388043, 'colsample_bytree': 0.6200026561208624, 'min_child_samples': 30, 'reg_alpha': 4.40617649618285, 'reg_lambda': 9.140638958005697e-06}. Best is trial 12 with value: 0.09978247371592684.
[I 2026-06-01 12:58:10,257] Trial 13 finished with value: -0.10376169692847145 and parameters: {'confidence_threshold': 0.7590884586662981, 'training_days': 80, 'n_estimators': 58, 'max_depth': 3, 'num_leaves': 33, 'learning_rate': 0.11926660292794071, 'subsample': 0.752049690718608, 'colsample_bytree': 0.5961799392941978, 'min_child_samples': 22, 'reg_alpha': 5.857520037026574, 'reg_lambda': 4.448098583586063e-06}. Best is trial 12 with value: 0.09978247371592684.
[I 2026-06-01 12:58:10,416] Trial 14 finished with value: -0.11696005722164649 and parameters: {'confidence_threshold': 0.7594036169129817, 'training_days': 290, 'n_estimators': 202, 'max_depth': 3, 'num_leaves': 15, 'learning_rate': 0.027754595371416495, 'subsample': 0.6139248572773842, 'colsample_bytree': 0.8183857957863417, 'min_child_samples': 33, 'reg_alpha': 0.754542928706453, 'reg_lambda': 3.831774499600181e-05}. Best is trial 12 with value: 0.09978247371592684.
[I 2026-06-01 12:58:10,487] Trial 15 finished with value: -0.2194616551037562 and parameters: {'confidence_threshold': 0.6790364338205147, 'training_days': 110, 'n_estimators': 138, 'max_depth': 3, 'num_leaves': 36, 'learning_rate': 0.010073067877204295, 'subsample': 0.8839231668353861, 'colsample_bytree': 0.6290746674720268, 'min_child_samples': 37, 'reg_alpha': 0.0006491213843061039, 'reg_lambda': 3.4756185520170864e-07}. Best is trial 12 with value: 0.09978247371592684.
[I 2026-06-01 12:58:10,668] Trial 16 finished with value: -0.1148827387527485 and parameters: {'confidence_threshold': 0.7818347560308252, 'training_days': 250, 'n_estimators': 293, 'max_depth': 3, 'num_leaves': 46, 'learning_rate': 0.04737366844440933, 'subsample': 0.713173333047047, 'colsample_bytree': 0.7161619478231431, 'min_child_samples': 55, 'reg_alpha': 3.9376918874491406e-05, 'reg_lambda': 6.564400341317044e-07}. Best is trial 12 with value: 0.09978247371592684.
[I 2026-06-01 12:58:10,857] Trial 17 finished with value: -0.175125177641401 and parameters: {'confidence_threshold': 0.845793607432974, 'training_days': 410, 'n_estimators': 153, 'max_depth': 4, 'num_leaves': 27, 'learning_rate': 0.06960229508700566, 'subsample': 0.5809881985906135, 'colsample_bytree': 0.9956385980717998, 'min_child_samples': 32, 'reg_alpha': 8.849006008045986, 'reg_lambda': 0.0001761821360179441}. Best is trial 12 with value: 0.09978247371592684.
[I 2026-06-01 12:58:11,045] A new study created in memory with name: no-name-eb3388cf-381e-4c10-aad1-8ed12234c37f
[I 2026-06-01 12:58:11,138] Trial 0 finished with value: -0.13169463487767605 and parameters: {'confidence_threshold': 0.7437642149592516, 'training_days': 150, 'n_estimators': 152, 'max_depth': 4, 'num_leaves': 50, 'learning_rate': 0.04216766425047743, 'subsample': 0.9903820991923078, 'colsample_bytree': 0.8424148692924316, 'min_child_samples': 58, 'reg_alpha': 3.381097259762742e-05, 'reg_lambda': 1.2263152961306247e-05}. Best is trial 0 with value: -0.13169463487767605.
[I 2026-06-01 12:58:11,208] Trial 1 finished with value: -0.14380339895518437 and parameters: {'confidence_threshold': 0.7551673975844145, 'training_days': 220, 'n_estimators': 76, 'max_depth': 4, 'num_leaves': 51, 'learning_rate': 0.018602118810743477, 'subsample': 0.5877258780737462, 'colsample_bytree': 0.7657756869209191, 'min_child_samples': 63, 'reg_alpha': 0.005123994170264194, 'reg_lambda': 0.44145470178120466}. Best is trial 0 with value: -0.13169463487767605.
[I 2026-06-01 12:58:11,473] Trial 2 finished with value: -0.11530173974639848 and parameters: {'confidence_threshold': 0.7535593637012223, 'training_days': 310, 'n_estimators': 375, 'max_depth': 3, 'num_leaves': 32, 'learning_rate': 0.021735641882032388, 'subsample': 0.6468570231944146, 'colsample_bytree': 0.8154880619272439, 'min_child_samples': 27, 'reg_alpha': 8.004064028491336e-05, 'reg_lambda': 7.546835261630524e-05}. Best is trial 2 with value: -0.11530173974639848.
[I 2026-06-01 12:58:11,643] Trial 3 finished with value: -0.1350982276761352 and parameters: {'confidence_threshold': 0.6727897841776072, 'training_days': 220, 'n_estimators': 190, 'max_depth': 4, 'num_leaves': 58, 'learning_rate': 0.24810689332636193, 'subsample': 0.7509183379421682, 'colsample_bytree': 0.8119764758960556, 'min_child_samples': 29, 'reg_alpha': 7.1708285081421445e-06, 'reg_lambda': 5.412973582738627e-05}. Best is trial 2 with value: -0.11530173974639848.
[I 2026-06-01 12:58:11,765] Trial 4 finished with value: -0.13294276747563405 and parameters: {'confidence_threshold': 0.803208205259178, 'training_days': 130, 'n_estimators': 267, 'max_depth': 5, 'num_leaves': 40, 'learning_rate': 0.08041175317374143, 'subsample': 0.5603143329951619, 'colsample_bytree': 0.9131704002534167, 'min_child_samples': 68, 'reg_alpha': 0.0008046593428183385, 'reg_lambda': 1.2158346158765583e-05}. Best is trial 2 with value: -0.11530173974639848.
