[I 2026-06-01 12:56:48,317] Trial 17 finished with value: -0.02494248659604672 and parameters: {'confidence_threshold': 0.5080881579696632, 'training_days': 360, 'n_estimators': 336, 'max_depth': 3, 'num_leaves': 51, 'learning_rate': 0.025046547936345483, 'subsample': 0.7706494198204163, 'colsample_bytree': 0.8117613818197102, 'min_child_samples': 66, 'reg_alpha': 5.4643970171710196e-06, 'reg_lambda': 0.00029296293473822895}. Best is trial 11 with value: 0.060869687600823175.
[I 2026-06-01 12:56:48,740] A new study created in memory with name: no-name-1cc731bd-6cd1-42ee-b2bd-0a296aea198f

    [CV fold 3] train_end=2021-09-18 08:00 | val_start=2021-09-26 00:00 | gap=184h (22 rows)
    [CV fold 4] train_end=2022-01-16 16:00 | val_start=2022-01-24 08:00 | gap=184h (22 rows)
    [trial 0] Sharpe=0.0329 (folds: 0.0390, -0.0105, -0.0157, 0.2129, -0.0612)
    [trial 1] 48 features, training_days=290 | threshold=0.635 | labels: 1168 long, 1000 short (54/46%)
    [trial 1] Sharpe=-0.0049 (folds: 0.1016, -0.1294, 0.1004, 0.0952, -0.1922)
    [trial 2] 48 features, training_days=10 | threshold=0.585 | labels: 1168 long, 1000 short (54/46%)
    [trial 2] Sharpe=-0.0699 (folds: -0.3028, -0.0653, -0.0930, 0.0738, 0.0376)
    [trial 3] 48 features, training_days=220 | threshold=0.687 | labels: 1168 long, 1000 short (54/46%)
    [trial 3] Sharpe=-0.0943 (folds: -0.0304, -0.0421, 0.1598, -0.1204, -0.4383)
    [trial 4] 48 features, training_days=300 | threshold=0.562 | labels: 1168 long, 1000 short (54/46%)
    [trial 4] Sharpe=-0.0196 (folds: 0.1126, -0.0609, 0.1137, 0.0226, -0.2859)
    [trial 5] 48 features, training_days=490 | threshold=0.711 | labels: 1168 long, 1000 short (54/46%)
    [trial 5] Sharpe=-0.0252 (folds: 0.1191, -0.1380, 0.1821, 0.0713, -0.3603)
    [trial 6] 48 features, training_days=420 | threshold=0.667 | labels: 1168 long, 1000 short (54/46%)
    [trial 6] Sharpe=-0.0278 (folds: 0.0913, -0.1141, 0.0878, 0.0789, -0.2829)
    [trial 7] 48 features, training_days=120 | threshold=0.550 | labels: 1168 long, 1000 short (54/46%)
    [trial 7] Sharpe=-0.0475 (folds: -0.0244, -0.0346, -0.0498, 0.1082, -0.2368)
    [trial 8] 48 features, training_days=450 | threshold=0.720 | labels: 1168 long, 1000 short (54/46%)
    [trial 8] Sharpe=-0.0449 (folds: 0.0411, -0.1782, 0.0765, 0.0784, -0.2424)
    [trial 9] 48 features, training_days=20 | threshold=0.727 | labels: 1168 long, 1000 short (54/46%)
    [trial 9] Sharpe=-6.0317 (folds: -10.0000, -0.0653, -0.0930, -10.0000, -10.0000)
    [trial 10] 48 features, training_days=130 | threshold=0.840 | labels: 1168 long, 1000 short (54/46%)
    [trial 10] Sharpe=0.0492 (folds: 0.1677, -0.0082, 0.1819, 0.0971, -0.1927)
    [trial 11] 48 features, training_days=140 | threshold=0.849 | labels: 1168 long, 1000 short (54/46%)
    [trial 11] Sharpe=0.0609 (folds: 0.1696, -0.0880, 0.4248, 0.0789, -0.2810)
    [trial 12] 48 features, training_days=180 | threshold=0.844 | labels: 1168 long, 1000 short (54/46%)
    [trial 12] Sharpe=-0.0239 (folds: 0.1810, -0.1120, 0.2877, 0.0820, -0.5581)
    [trial 13] 48 features, training_days=130 | threshold=0.849 | labels: 1168 long, 1000 short (54/46%)
    [trial 13] Sharpe=0.0419 (folds: 0.1537, -0.1548, 0.2811, 0.1452, -0.2156)
    [trial 14] 48 features, training_days=190 | threshold=0.794 | labels: 1168 long, 1000 short (54/46%)
    [trial 14] Sharpe=-0.0571 (folds: 0.0576, 0.0077, 0.1423, -0.0462, -0.4470)
    [trial 15] 48 features, training_days=70 | threshold=0.783 | labels: 1168 long, 1000 short (54/46%)
    [trial 15] Sharpe=0.0195 (folds: 0.0130, -0.0371, 0.1148, 0.0207, -0.0137)
    [trial 16] 48 features, training_days=250 | threshold=0.784 | labels: 1168 long, 1000 short (54/46%)
    [trial 16] Sharpe=-0.0657 (folds: 0.1238, -0.1221, 0.2025, 0.0148, -0.5472)
    [trial 17] 48 features, training_days=360 | threshold=0.508 | labels: 1168 long, 1000 short (54/46%)
    [trial 17] Sharpe=-0.0249 (folds: 0.0630, -0.1335, 0.1465, 0.0646, -0.2654)
  Optuna: 18 trials, best Sharpe = 0.0609
  Best params: n_estimators=478, max_depth=4, lr=0.0100, leaves=61
  Best confidence_threshold: 0.849
  Best training_days: 140
  Retrained on full data (420 samples, 48 features)
  OOD: 16 features, cutoff (q=0.7) = 9.03
  Model trained for 2022-06: 90 test candles with features, confidence_threshold=0.710
[predict] 2022-06-01 00:00 BTCUSDT → SHORT (proba=0.73 TP=9.0%/SL=4.5%)
[trade:open] 2022-06-01 07:59 BTCUSDT SHORT @ 31479.60 | SL=32894.55 TP=28649.70 | timeout=2022-06-08 07:59
[trade:close] 2022-06-08 08:00 BTCUSDT SHORT → timeout @ 30547.90 | PnL=+2.96% (net +2.86%) | cum=-3.82% 2022-06=+2.86% 2022-06-08=+2.86%
[predict] 2022-06-12 00:00 BTCUSDT → SHORT (proba=0.71 TP=11.0%/SL=5.5%)
[trade:open] 2022-06-12 07:59 BTCUSDT SHORT @ 27629.40 | SL=29150.32 TP=24587.56 | timeout=2022-06-19 07:59
[trade:close] 2022-06-13 07:59 BTCUSDT SHORT → take_profit @ 24587.56 | PnL=+11.01% (net +10.91%) | cum=+7.09% 2022-06=+13.77% 2022-06-13=+10.91%
[lgbm] === Training for 2022-07 ===
  Train window: 2020-07-01 → 2022-06-23
  2168 training samples from 1 symbols
  Samples per month: 2020-07: 93, 2020-08: 93, 2020-09: 90, 2020-10: 93, 2020-11: 90, 2020-12: 93, 2021-01: 93, 2021-02: 84, 2021-03: 93, 2021-04: 90, 2021-05: 93, 2021-06: 90, 2021-07: 93, 2021-08: 93, 2021-09: 90, 2021-10: 93, 2021-11: 90, 2021-12: 93, 2022-01: 93, 2022-02: 84, 2022-03: 93, 2022-04: 90, 2022-05: 93, 2022-06: 68
  [label] 2020-08-31 16:00 BTCUSDT entry=11658.1100 → SHORT | long=sl(-2.57%) short=sl(-2.57%) | scanned=5 | no_tp→fwd_return=-2.7265
  [label] 2020-09-02 16:00 BTCUSDT entry=11396.9600 → SHORT | long=sl(-3.65%) short=tp(+7.00%) | scanned=2 | short_tp_only
  [label] 2020-09-06 16:00 BTCUSDT entry=10258.1300 → LONG | long=timeout(+0.58%) short=timeout(-0.78%) | scanned=22 | no_tp→fwd_return=+0.6784
  [label] 2020-10-01 08:00 BTCUSDT entry=10710.3500 → LONG | long=sl(-2.75%) short=timeout(-1.80%) | scanned=22 | no_tp→fwd_return=+1.7025
  [label] 2020-11-22 16:00 BTCUSDT entry=18435.2000 → SHORT | long=sl(-5.42%) short=sl(-5.42%) | scanned=10 | no_tp→fwd_return=-4.2798
  [label] 2021-05-07 16:00 BTCUSDT entry=57350.8800 → SHORT | long=sl(-6.01%) short=tp(+11.73%) | scanned=15 | short_tp_only
  [label] 2021-05-11 16:00 BTCUSDT entry=56710.4300 → SHORT | long=sl(-6.28%) short=tp(+12.27%) | scanned=3 | short_tp_only
  [label] 2021-05-22 08:00 BTCUSDT entry=38139.6900 → SHORT | long=sl(-17.63%) short=timeout(+9.57%) | scanned=22 | no_tp→fwd_return=-9.6685
  [label] 2021-07-06 08:00 BTCUSDT entry=34031.1700 → SHORT | long=timeout(-3.77%) short=timeout(+3.57%) | scanned=22 | no_tp→fwd_return=-3.6724
  [label] 2021-07-14 16:00 BTCUSDT entry=32803.0100 → SHORT | long=sl(-5.03%) short=tp(+9.75%) | scanned=16 | short_tp_only
  [label] 2021-10-13 00:00 BTCUSDT entry=54640.1900 → LONG | long=tp(+11.14%) short=sl(-5.72%) | scanned=8 | long_tp_only
  [label] 2021-11-14 00:00 BTCUSDT entry=64677.5900 → SHORT | long=sl(-4.58%) short=tp(+8.85%) | scanned=7 | short_tp_only
  [label] 2021-11-30 00:00 BTCUSDT entry=56527.8200 → SHORT | long=sl(-5.37%) short=tp(+10.45%) | scanned=12 | short_tp_only
  [label] 2021-12-12 16:00 BTCUSDT entry=50057.0100 → SHORT | long=sl(-5.84%) short=timeout(+6.67%) | scanned=22 | no_tp→fwd_return=-6.7690
  [label] 2021-12-31 08:00 BTCUSDT entry=48004.7300 → SHORT | long=sl(-4.70%) short=tp(+9.10%) | scanned=16 | short_tp_only
  [label] 2022-01-06 16:00 BTCUSDT entry=43080.0100 → SHORT | long=sl(-5.39%) short=timeout(+1.17%) | scanned=22 | no_tp→fwd_return=-1.2667
  [label] 2022-01-19 00:00 BTCUSDT entry=41271.2100 → SHORT | long=sl(-4.20%) short=sl(-4.20%) | scanned=6 | no_tp→fwd_return=-5.2453
  [label] 2022-02-27 08:00 BTCUSDT entry=39329.1000 → LONG | long=tp(+12.80%) short=sl(-6.55%) | scanned=6 | long_tp_only
  [label] 2022-03-09 08:00 BTCUSDT entry=42509.0000 → SHORT | long=sl(-6.13%) short=timeout(+4.37%) | scanned=22 | no_tp→fwd_return=-4.4696
  [label] 2022-06-03 08:00 BTCUSDT entry=29486.7000 → SHORT | long=timeout(-0.26%) short=sl(-5.20%) | scanned=22 | no_tp→fwd_return=-0.1645
  Labels: 1174 long (54.2%), 994 short (45.8%) | weights: min=1.00, mean=3.53, max=10.00
  Features: 2168/2168 matched, 48 columns
  CV gap: 22 rows
  [ensemble 1/3] seed=42
    [trial 0] 48 features, training_days=480 | threshold=0.631 | labels: 1174 long, 994 short (54/46%)
    [CV fold 0] train_end=2020-10-22 08:00 | val_start=2020-10-30 00:00 | gap=184h (22 rows)
    [CV fold 1] train_end=2021-02-19 16:00 | val_start=2021-02-27 08:00 | gap=184h (22 rows)
    [CV fold 2] train_end=2021-06-20 00:00 | val_start=2021-06-27 16:00 | gap=184h (22 rows)
    [CV fold 3] train_end=2021-10-18 08:00 | val_start=2021-10-26 00:00 | gap=184h (22 rows)[I 2026-06-01 12:56:49,091] Trial 0 finished with value: 0.034638900698018796 and parameters: {'confidence_threshold': 0.6310890415965769, 'training_days': 480, 'n_estimators': 380, 'max_depth': 4, 'num_leaves': 22, 'learning_rate': 0.01699897838270077, 'subsample': 0.5290418060840998, 'colsample_bytree': 0.9330880728874675, 'min_child_samples': 68, 'reg_alpha': 0.023585940584142682, 'reg_lambda': 1.5320059381854043e-08}. Best is trial 0 with value: 0.034638900698018796.
[I 2026-06-01 12:56:49,207] Trial 1 finished with value: -0.06299580864947726 and parameters: {'confidence_threshold': 0.839468448256698, 'training_days': 420, 'n_estimators': 145, 'max_depth': 3, 'num_leaves': 23, 'learning_rate': 0.028145092716060652, 'subsample': 0.762378215816119, 'colsample_bytree': 0.7159725093210578, 'min_child_samples': 43, 'reg_alpha': 0.0032112643094417484, 'reg_lambda': 1.8007140198129195e-07}. Best is trial 0 with value: 0.034638900698018796.
[I 2026-06-01 12:56:49,356] Trial 2 finished with value: 0.03337674555371083 and parameters: {'confidence_threshold': 0.6022506269873263, 'training_days': 190, 'n_estimators': 255, 'max_depth': 5, 'num_leaves': 24, 'learning_rate': 0.05748924681991978, 'subsample': 0.7962072844310213, 'colsample_bytree': 0.5232252063599989, 'min_child_samples': 69, 'reg_alpha': 3.425445902633376e-07, 'reg_lambda': 3.850031979199519e-08}. Best is trial 0 with value: 0.034638900698018796.
[I 2026-06-01 12:56:49,615] Trial 3 finished with value: -0.001014520228619753 and parameters: {'confidence_threshold': 0.8321099380386666, 'training_days': 490, 'n_estimators': 414, 'max_depth': 3, 'num_leaves': 19, 'learning_rate': 0.1024932221692416, 'subsample': 0.7200762468698007, 'colsample_bytree': 0.5610191174223894, 'min_child_samples': 60, 'reg_alpha': 2.039373116525212e-08, 'reg_lambda': 1.527156759251193}. Best is trial 0 with value: 0.034638900698018796.
[I 2026-06-01 12:56:49,752] Trial 4 finished with value: 0.07328099393368269 and parameters: {'confidence_threshold': 0.5905729935600059, 'training_days': 340, 'n_estimators': 190, 'max_depth': 4, 'num_leaves': 41, 'learning_rate': 0.01875220945578641, 'subsample': 0.9847923138822793, 'colsample_bytree': 0.8875664116805573, 'min_child_samples': 96, 'reg_alpha': 1.1309571585271483, 'reg_lambda': 0.002404915432737351}. Best is trial 4 with value: 0.07328099393368269.
[I 2026-06-01 12:56:49,787] Trial 5 finished with value: -1.8982354931691545 and parameters: {'confidence_threshold': 0.8226559822580909, 'training_days': 50, 'n_estimators': 138, 'max_depth': 3, 'num_leaves': 30, 'learning_rate': 0.03750796359625606, 'subsample': 0.6356745158869479, 'colsample_bytree': 0.9143687545759647, 'min_child_samples': 48, 'reg_alpha': 3.376063348877853e-06, 'reg_lambda': 0.0007660634613082914}. Best is trial 4 with value: 0.07328099393368269.
[I 2026-06-01 12:56:49,884] Trial 6 finished with value: 0.06778526713620414 and parameters: {'confidence_threshold': 0.5493234787411669, 'training_days': 410, 'n_estimators': 83, 'max_depth': 5, 'num_leaves': 52, 'learning_rate': 0.019657448966046126, 'subsample': 0.5027610585618012, 'colsample_bytree': 0.9077307142274171, 'min_child_samples': 77, 'reg_alpha': 0.03639690979811287, 'reg_lambda': 0.08738424135626986}. Best is trial 4 with value: 0.07328099393368269.
[I 2026-06-01 12:56:49,969] Trial 7 finished with value: -0.0024163564987194548 and parameters: {'confidence_threshold': 0.5259156281069316, 'training_days': 180, 'n_estimators': 102, 'max_depth': 5, 'num_leaves': 45, 'learning_rate': 0.030816017044468066, 'subsample': 0.5317791751430119, 'colsample_bytree': 0.6554911608578311, 'min_child_samples': 46, 'reg_alpha': 0.036851536911881845, 'reg_lambda': 0.005470376807480391}. Best is trial 4 with value: 0.07328099393368269.
[I 2026-06-01 12:56:50,064] Trial 8 finished with value: 0.06457221259233654 and parameters: {'confidence_threshold': 0.8105244599017143, 'training_days': 240, 'n_estimators': 103, 'max_depth': 5, 'num_leaves': 52, 'learning_rate': 0.06746437142284309, 'subsample': 0.8854835899772805, 'colsample_bytree': 0.7468977981821954, 'min_child_samples': 62, 'reg_alpha': 7.04480806377519e-05, 'reg_lambda': 1.6934490731313353e-08}. Best is trial 4 with value: 0.07328099393368269.
[I 2026-06-01 12:56:50,086] Trial 9 finished with value: -0.03689343187548882 and parameters: {'confidence_threshold': 0.5377619994476566, 'training_days': 20, 'n_estimators': 337, 'max_depth': 3, 'num_leaves': 39, 'learning_rate': 0.21907142272152816, 'subsample': 0.6246461145744375, 'colsample_bytree': 0.7051914615178149, 'min_child_samples': 81, 'reg_alpha': 1.1459970229341322e-06, 'reg_lambda': 4.929685216887945e-08}. Best is trial 4 with value: 0.07328099393368269.
[I 2026-06-01 12:56:50,416] Trial 10 finished with value: 0.0842432888251761 and parameters: {'confidence_threshold': 0.6797821749717731, 'training_days': 350, 'n_estimators': 487, 'max_depth': 4, 'num_leaves': 61, 'learning_rate': 0.011407797829608154, 'subsample': 0.9865389998628291, 'colsample_bytree': 0.8382861898713898, 'min_child_samples': 98, 'reg_alpha': 8.536188349289, 'reg_lambda': 3.3639426888455256e-06}. Best is trial 10 with value: 0.0842432888251761.
[I 2026-06-01 12:56:50,586] Trial 11 finished with value: 0.04647381981787878 and parameters: {'confidence_threshold': 0.7161090655475574, 'training_days': 330, 'n_estimators': 243, 'max_depth': 4, 'num_leaves': 61, 'learning_rate': 0.010418004616766478, 'subsample': 0.999465390980953, 'colsample_bytree': 0.8374910753955798, 'min_child_samples': 98, 'reg_alpha': 5.370415467243256, 'reg_lambda': 8.43884102267831e-06}. Best is trial 10 with value: 0.0842432888251761.
[I 2026-06-01 12:56:50,893] Trial 12 finished with value: 0.057325405181060315 and parameters: {'confidence_threshold': 0.7131758522018106, 'training_days': 330, 'n_estimators': 493, 'max_depth': 4, 'num_leaves': 63, 'learning_rate': 0.010377063435469455, 'subsample': 0.9951155230471791, 'colsample_bytree': 0.8304278626461432, 'min_child_samples': 100, 'reg_alpha': 7.438980468767913, 'reg_lambda': 4.507398817361611e-06}. Best is trial 10 with value: 0.0842432888251761.
[I 2026-06-01 12:56:51,131] Trial 13 finished with value: 0.0776604357539667 and parameters: {'confidence_threshold': 0.6616426773496645, 'training_days': 330, 'n_estimators': 207, 'max_depth': 4, 'num_leaves': 36, 'learning_rate': 0.01603405587855917, 'subsample': 0.8868518031510816, 'colsample_bytree': 0.9989314406939738, 'min_child_samples': 22, 'reg_alpha': 0.9177758115941616, 'reg_lambda': 2.915487126448182e-05}. Best is trial 10 with value: 0.0842432888251761.
[I 2026-06-01 12:56:51,605] Trial 14 finished with value: 0.008361215946069178 and parameters: {'confidence_threshold': 0.6730556752351576, 'training_days': 270, 'n_estimators': 499, 'max_depth': 4, 'num_leaves': 33, 'learning_rate': 0.014056677952997393, 'subsample': 0.8979025743602175, 'colsample_bytree': 0.9897127958863723, 'min_child_samples': 21, 'reg_alpha': 0.29354708967218957, 'reg_lambda': 1.0630220604387046e-05}. Best is trial 10 with value: 0.0842432888251761.
[I 2026-06-01 12:56:51,928] Trial 15 finished with value: 0.02174293494504743 and parameters: {'confidence_threshold': 0.7320099055073921, 'training_days': 400, 'n_estimators': 332, 'max_depth': 4, 'num_leaves': 51, 'learning_rate': 0.11652014437870485, 'subsample': 0.9052571796475607, 'colsample_bytree': 0.8100744538922787, 'min_child_samples': 25, 'reg_alpha': 0.00012301397278856088, 'reg_lambda': 7.482879404932238e-05}. Best is trial 10 with value: 0.0842432888251761.
[I 2026-06-01 12:56:52,121] Trial 16 finished with value: 0.035670911363782774 and parameters: {'confidence_threshold': 0.7665707784508825, 'training_days': 270, 'n_estimators': 197, 'max_depth': 4, 'num_leaves': 31, 'learning_rate': 0.025061673450447405, 'subsample': 0.8649514202852935, 'colsample_bytree': 0.9826162589395974, 'min_child_samples': 34, 'reg_alpha': 0.2574831465654036, 'reg_lambda': 1.3488889940211273e-06}. Best is trial 10 with value: 0.0842432888251761.
[I 2026-06-01 12:56:52,238] Trial 17 finished with value: 0.0055021947727518835 and parameters: {'confidence_threshold': 0.6652429013116167, 'training_days': 140, 'n_estimators': 310, 'max_depth': 4, 'num_leaves': 15, 'learning_rate': 0.04302553031342478, 'subsample': 0.8261606838467859, 'colsample_bytree': 0.6346706959287751, 'min_child_samples': 86, 'reg_alpha': 0.0012103303356555601, 'reg_lambda': 0.00011922476690721606}. Best is trial 10 with value: 0.0842432888251761.
[I 2026-06-01 12:56:52,413] A new study created in memory with name: no-name-a26f1ff4-d1bb-4c1c-8f3a-b1e45bf11f5b
[I 2026-06-01 12:56:52,508] Trial 0 finished with value: 0.04139706100829059 and parameters: {'confidence_threshold': 0.7437642149592516, 'training_days': 150, 'n_estimators': 152, 'max_depth': 4, 'num_leaves': 50, 'learning_rate': 0.04216766425047743, 'subsample': 0.9903820991923078, 'colsample_bytree': 0.8424148692924316, 'min_child_samples': 58, 'reg_alpha': 3.381097259762742e-05, 'reg_lambda': 1.2263152961306247e-05}. Best is trial 0 with value: 0.04139706100829059.
[I 2026-06-01 12:56:52,577] Trial 1 finished with value: -0.041133953180188185 and parameters: {'confidence_threshold': 0.7551673975844145, 'training_days': 220, 'n_estimators': 76, 'max_depth': 4, 'num_leaves': 51, 'learning_rate': 0.018602118810743477, 'subsample': 0.5877258780737462, 'colsample_bytree': 0.7657756869209191, 'min_child_samples': 63, 'reg_alpha': 0.005123994170264194, 'reg_lambda': 0.44145470178120466}. Best is trial 0 with value: 0.04139706100829059.
[I 2026-06-01 12:56:52,832] Trial 2 finished with value: 0.02075556792153312 and parameters: {'confidence_threshold': 0.7535593637012223, 'training_days': 310, 'n_estimators': 375, 'max_depth': 3, 'num_leaves': 32, 'learning_rate': 0.021735641882032388, 'subsample': 0.6468570231944146, 'colsample_bytree': 0.8154880619272439, 'min_child_samples': 27, 'reg_alpha': 8.004064028491336e-05, 'reg_lambda': 7.546835261630524e-05}. Best is trial 0 with value: 0.04139706100829059.
[I 2026-06-01 12:56:52,995] Trial 3 finished with value: -0.01752703959300724 and parameters: {'confidence_threshold': 0.6727897841776072, 'training_days': 220, 'n_estimators': 190, 'max_depth': 4, 'num_leaves': 58, 'learning_rate': 0.24810689332636193, 'subsample': 0.7509183379421682, 'colsample_bytree': 0.8119764758960556, 'min_child_samples': 29, 'reg_alpha': 7.1708285081421445e-06, 'reg_lambda': 5.412973582738627e-05}. Best is trial 0 with value: 0.04139706100829059.
[I 2026-06-01 12:56:53,116] Trial 4 finished with value: -0.04920502676520854 and parameters: {'confidence_threshold': 0.803208205259178, 'training_days': 130, 'n_estimators': 267, 'max_depth': 5, 'num_leaves': 40, 'learning_rate': 0.08041175317374143, 'subsample': 0.5603143329951619, 'colsample_bytree': 0.9131704002534167, 'min_child_samples': 68, 'reg_alpha': 0.0008046593428183385, 'reg_lambda': 1.2158346158765583e-05}. Best is trial 0 with value: 0.04139706100829059.
[I 2026-06-01 12:56:53,349] Trial 5 finished with value: 0.09258496779796163 and parameters: {'confidence_threshold': 0.6064422761595144, 'training_days': 210, 'n_estimators': 357, 'max_depth': 5, 'num_leaves': 40, 'learning_rate': 0.0974221287220869, 'subsample': 0.7929682762811064, 'colsample_bytree': 0.8124517510478, 'min_child_samples': 74, 'reg_alpha': 0.3811377260781234, 'reg_lambda': 5.607314238392041e-08}. Best is trial 5 with value: 0.09258496779796163.
[I 2026-06-01 12:56:53,457] Trial 6 finished with value: -0.05572830176823447 and parameters: {'confidence_threshold': 0.7672889945051684, 'training_days': 130, 'n_estimators': 137, 'max_depth': 4, 'num_leaves': 19, 'learning_rate': 0.2031117614248665, 'subsample': 0.8136244860256343, 'colsample_bytree': 0.8617081790949774, 'min_child_samples': 21, 'reg_alpha': 0.002238138278733199, 'reg_lambda': 0.001025809534977322}. Best is trial 5 with value: 0.09258496779796163.
[I 2026-06-01 12:56:53,528] Trial 7 finished with value: 0.0013982122359864346 and parameters: {'confidence_threshold': 0.555635875450653, 'training_days': 80, 'n_estimators': 363, 'max_depth': 3, 'num_leaves': 48, 'learning_rate': 0.06590089024008658, 'subsample': 0.6944752870615722, 'colsample_bytree': 0.962566244806993, 'min_child_samples': 88, 'reg_alpha': 1.6465620446426067e-05, 'reg_lambda': 2.4678750890085655e-08}. Best is trial 5 with value: 0.09258496779796163.
[I 2026-06-01 12:56:53,833] Trial 8 finished with value: 0.005208072689380705 and parameters: {'confidence_threshold': 0.6066688256938841, 'training_days': 200, 'n_estimators': 367, 'max_depth': 5, 'num_leaves': 32, 'learning_rate': 0.13377519215934996, 'subsample': 0.7965884582811106, 'colsample_bytree': 0.8458508993500886, 'min_child_samples': 32, 'reg_alpha': 3.889436043816386e-05, 'reg_lambda': 1.4713062489380356e-06}. Best is trial 5 with value: 0.09258496779796163.
