[I 2026-06-01 12:58:40,797] Trial 15 finished with value: -1.84504431967239 and parameters: {'confidence_threshold': 0.68820614279707, 'training_days': 100, 'n_estimators': 173, 'max_depth': 4, 'num_leaves': 36, 'learning_rate': 0.010224581003826526, 'subsample': 0.8136675614356086, 'colsample_bytree': 0.6456525560230941, 'min_child_samples': 86, 'reg_alpha': 0.00018356690002697935, 'reg_lambda': 0.019345028254750467}. Best is trial 5 with value: 0.09582858331916785.

[trade:open] 2023-05-09 23:59 BTCUSDT LONG @ 27610.20 | SL=26616.93 TP=29596.74 | timeout=2023-05-16 23:59
[trade:close] 2023-05-12 07:59 BTCUSDT LONG → stop_loss @ 26616.93 | PnL=-3.60% (net -3.70%) | cum=-27.76% 2023-05=-12.66% 2023-05-12=-3.70%
[predict] 2023-05-13 00:00 BTCUSDT → LONG (proba=0.82 TP=8.4%/SL=4.2%)
[trade:open] 2023-05-13 07:59 BTCUSDT LONG @ 26759.30 | SL=25628.86 TP=29020.18 | timeout=2023-05-20 07:59
[trade:close] 2023-05-20 08:00 BTCUSDT LONG → timeout @ 26841.90 | PnL=+0.31% (net +0.21%) | cum=-27.55% 2023-05=-12.45% 2023-05-20=+0.21%
[predict] 2023-05-21 00:00 BTCUSDT → LONG (proba=0.78 TP=4.9%/SL=2.5%)
[trade:open] 2023-05-21 07:59 BTCUSDT LONG @ 27044.50 | SL=26376.45 TP=28380.59 | timeout=2023-05-28 07:59
[trade:close] 2023-05-24 15:59 BTCUSDT LONG → stop_loss @ 26376.45 | PnL=-2.47% (net -2.57%) | cum=-30.12% 2023-05=-15.02% 2023-05-24=-2.57%
[predict] 2023-05-25 08:00 BTCUSDT → LONG (proba=0.73 TP=5.7%/SL=2.8%)
[trade:open] 2023-05-25 15:59 BTCUSDT LONG @ 26216.90 | SL=25475.88 TP=27698.93 | timeout=2023-06-01 15:59
[trade:close] 2023-05-28 23:59 BTCUSDT LONG → take_profit @ 27698.93 | PnL=+5.65% (net +5.55%) | cum=-24.57% 2023-05=-9.47% 2023-05-28=+5.55%
[predict] 2023-05-31 00:00 BTCUSDT → LONG (proba=0.70 TP=5.9%/SL=3.0%)
[trade:open] 2023-05-31 07:59 BTCUSDT LONG @ 27150.40 | SL=26347.48 TP=28756.23 | timeout=2023-06-07 07:59
[lgbm] === Training for 2023-06 ===
  Train window: 2021-06-01 → 2023-05-24
  2168 training samples from 1 symbols
  Samples per month: 2021-06: 90, 2021-07: 93, 2021-08: 93, 2021-09: 90, 2021-10: 93, 2021-11: 90, 2021-12: 93, 2022-01: 93, 2022-02: 84, 2022-03: 93, 2022-04: 90, 2022-05: 93, 2022-06: 90, 2022-07: 93, 2022-08: 93, 2022-09: 90, 2022-10: 93, 2022-11: 90, 2022-12: 93, 2023-01: 93, 2023-02: 84, 2023-03: 93, 2023-04: 90, 2023-05: 71
  [label] 2021-08-01 16:00 BTCUSDT entry=39846.7800 → LONG | long=timeout(+9.79%) short=sl(-7.05%) | scanned=22 | no_tp→fwd_return=+9.8902
  [label] 2021-08-03 16:00 BTCUSDT entry=38203.2600 → LONG | long=tp(+13.29%) short=sl(-6.80%) | scanned=9 | long_tp_only
  [label] 2021-08-07 16:00 BTCUSDT entry=44601.1100 → LONG | long=timeout(+5.47%) short=sl(-6.41%) | scanned=22 | no_tp→fwd_return=+5.5663
  [label] 2021-09-01 08:00 BTCUSDT entry=47527.6900 → LONG | long=tp(+8.12%) short=sl(-4.21%) | scanned=13 | long_tp_only
  [label] 2021-10-23 16:00 BTCUSDT entry=61325.1100 → LONG | long=sl(-5.50%) short=timeout(-1.03%) | scanned=22 | no_tp→fwd_return=+0.9296
  [label] 2022-04-07 16:00 BTCUSDT entry=43417.1000 → SHORT | long=sl(-4.31%) short=tp(+8.31%) | scanned=12 | short_tp_only
  [label] 2022-04-11 16:00 BTCUSDT entry=39505.6000 → LONG | long=timeout(+3.14%) short=sl(-4.73%) | scanned=22 | no_tp→fwd_return=+3.2400
  [label] 2022-04-22 08:00 BTCUSDT entry=39414.6000 → SHORT | long=timeout(-1.18%) short=timeout(+0.98%) | scanned=22 | no_tp→fwd_return=-1.0821
  [label] 2022-06-06 08:00 BTCUSDT entry=31529.8000 → SHORT | long=sl(-4.11%) short=tp(+7.92%) | scanned=13 | short_tp_only
  [label] 2022-06-14 16:00 BTCUSDT entry=22122.7000 → SHORT | long=sl(-11.38%) short=timeout(+6.27%) | scanned=22 | no_tp→fwd_return=-6.3717
  [label] 2022-09-13 00:00 BTCUSDT entry=22267.8000 → SHORT | long=sl(-4.25%) short=tp(+8.20%) | scanned=2 | short_tp_only
  [label] 2022-10-15 00:00 BTCUSDT entry=19159.0000 → SHORT | long=timeout(-0.12%) short=timeout(-0.08%) | scanned=22 | no_tp→fwd_return=-0.0193
  [label] 2022-10-31 00:00 BTCUSDT entry=20537.2000 → LONG | long=timeout(+0.34%) short=sl(-2.89%) | scanned=22 | no_tp→fwd_return=+0.4426
  [label] 2022-11-12 16:00 BTCUSDT entry=16806.9000 → SHORT | long=timeout(-0.78%) short=timeout(+0.58%) | scanned=22 | no_tp→fwd_return=-0.6783
  [label] 2022-12-01 08:00 BTCUSDT entry=16970.5000 → SHORT | long=timeout(-0.47%) short=timeout(+0.27%) | scanned=22 | no_tp→fwd_return=-0.3701
  [label] 2022-12-07 16:00 BTCUSDT entry=16828.0000 → LONG | long=tp(+4.83%) short=sl(-2.56%) | scanned=17 | long_tp_only
  [label] 2022-12-20 00:00 BTCUSDT entry=16796.1000 → LONG | long=timeout(+0.28%) short=timeout(-0.48%) | scanned=22 | no_tp→fwd_return=+0.3781
  [label] 2023-01-28 08:00 BTCUSDT entry=23004.7000 → LONG | long=timeout(+1.71%) short=sl(-3.64%) | scanned=22 | no_tp→fwd_return=+1.8057
  [label] 2023-02-07 08:00 BTCUSDT entry=22898.8000 → SHORT | long=sl(-3.06%) short=tp(+5.82%) | scanned=9 | short_tp_only
  [label] 2023-05-04 08:00 BTCUSDT entry=28850.0000 → SHORT | long=sl(-3.96%) short=timeout(+5.74%) | scanned=22 | no_tp→fwd_return=-5.8360
  Labels: 1055 long (48.7%), 1113 short (51.3%) | weights: min=1.00, mean=3.35, max=10.00
  Features: 2168/2168 matched, 48 columns
  CV gap: 22 rows
  [ensemble 1/3] seed=42
    [trial 0] 48 features, training_days=480 | threshold=0.631 | labels: 1055 long, 1113 short (49/51%)
    [CV fold 0] train_end=2021-09-22 08:00 | val_start=2021-09-30 00:00 | gap=184h (22 rows)
    [CV fold 1] train_end=2022-01-20 16:00 | val_start=2022-01-28 08:00 | gap=184h (22 rows)
    [CV fold 2] train_end=2022-05-21 00:00 | val_start=2022-05-28 16:00 | gap=184h (22 rows)
    [CV fold 3] train_end=2022-09-18 08:00 | val_start=2022-09-26 00:00 | gap=184h (22 rows)
    [CV fold 4] train_end=2023-01-16 16:00 | val_start=2023-01-24 08:00 | gap=184h (22 rows)
    [trial 0] Sharpe=-0.0787 (folds: 0.1738, -0.3559, -0.1279, -0.0776, -0.0060)
    [trial 1] 48 features, training_days=420 | threshold=0.839 | labels: 1055 long, 1113 short (49/51%)
    [trial 1] Sharpe=-4.0814 (folds: 0.4015, -0.2921, -0.5162, -10.0000, -10.0000)
    [trial 2] 48 features, training_days=190 | threshold=0.602 | labels: 1055 long, 1113 short (49/51%)
    [trial 2] Sharpe=-0.0280 (folds: 0.1695, -0.2680, -0.0767, -0.1094, 0.1445)
    [trial 3] 48 features, training_days=490 | threshold=0.832 | labels: 1055 long, 1113 short (49/51%)
    [trial 3] Sharpe=-0.0778 (folds: 0.2246, -0.2885, -0.2371, -0.0570, -0.0307)
    [trial 4] 48 features, training_days=340 | threshold=0.591 | labels: 1055 long, 1113 short (49/51%)
    [trial 4] Sharpe=-0.0478 (folds: 0.2370, -0.3120, -0.0658, -0.2096, 0.1111)
    [trial 5] 48 features, training_days=50 | threshold=0.823 | labels: 1055 long, 1113 short (49/51%)
    [trial 5] Sharpe=0.0958 (folds: 0.1635, 0.0093, 0.0628, 0.1630, 0.0805)
    [trial 6] 48 features, training_days=410 | threshold=0.549 | labels: 1055 long, 1113 short (49/51%)
    [trial 6] Sharpe=-0.0587 (folds: 0.2329, -0.3443, -0.1263, -0.1832, 0.1273)
    [trial 7] 48 features, training_days=180 | threshold=0.526 | labels: 1055 long, 1113 short (49/51%)
    [trial 7] Sharpe=-0.0475 (folds: 0.2319, -0.3767, -0.0763, -0.1450, 0.1283)
    [trial 8] 48 features, training_days=240 | threshold=0.811 | labels: 1055 long, 1113 short (49/51%)
    [trial 8] Sharpe=-0.0301 (folds: 0.3640, -0.2918, 0.1778, -0.3315, -0.0691)
    [trial 9] 48 features, training_days=20 | threshold=0.538 | labels: 1055 long, 1113 short (49/51%)
    [trial 9] Sharpe=0.0207 (folds: 0.0894, 0.0300, 0.0909, -0.1778, 0.0709)
    [trial 10] 48 features, training_days=10 | threshold=0.732 | labels: 1055 long, 1113 short (49/51%)
    [trial 10] Sharpe=0.0207 (folds: 0.0894, 0.0300, 0.0909, -0.1778, 0.0709)
    [trial 11] 48 features, training_days=20 | threshold=0.715 | labels: 1055 long, 1113 short (49/51%)
    [trial 11] Sharpe=0.0207 (folds: 0.0894, 0.0300, 0.0909, -0.1778, 0.0709)
    [trial 12] 48 features, training_days=90 | threshold=0.746 | labels: 1055 long, 1113 short (49/51%)
    [trial 12] Sharpe=0.0503 (folds: 0.3269, -0.1098, 0.0803, -0.0067, -0.0394)
    [trial 13] 48 features, training_days=110 | threshold=0.762 | labels: 1055 long, 1113 short (49/51%)
    [trial 13] Sharpe=0.0126 (folds: 0.2630, -0.2801, 0.0998, -0.0986, 0.0787)
    [trial 14] 48 features, training_days=100 | threshold=0.787 | labels: 1055 long, 1113 short (49/51%)
    [trial 14] Sharpe=0.0358 (folds: 0.2215, -0.1241, 0.1969, -0.2261, 0.1105)
    [trial 15] 48 features, training_days=100 | threshold=0.688 | labels: 1055 long, 1113 short (49/51%)
    [trial 15] Sharpe=-1.8450 (folds: 0.4764, 0.0027, 0.4791, -0.1834, -10.0000)
    [trial 16] 48 features, training_days=160 | threshold=0.762 | labels: 1055 long, 1113 short (49/51%)[I 2026-06-01 12:58:40,927] Trial 16 finished with value: -0.012585617989236113 and parameters: {'confidence_threshold': 0.7621455737048434, 'training_days': 160, 'n_estimators': 246, 'max_depth': 3, 'num_leaves': 16, 'learning_rate': 0.15226808481482748, 'subsample': 0.6022959818573481, 'colsample_bytree': 0.8000073282539127, 'min_child_samples': 53, 'reg_alpha': 2.609148149670165e-07, 'reg_lambda': 1.5949783981171654e-06}. Best is trial 5 with value: 0.09582858331916785.
[I 2026-06-01 12:58:41,251] Trial 17 finished with value: -0.08675242002524651 and parameters: {'confidence_threshold': 0.6638080805792761, 'training_days': 290, 'n_estimators': 341, 'max_depth': 4, 'num_leaves': 28, 'learning_rate': 0.04302553031342478, 'subsample': 0.6977080924048726, 'colsample_bytree': 0.9956385980717998, 'min_child_samples': 32, 'reg_alpha': 0.0010683492215599372, 'reg_lambda': 0.00020614774879284444}. Best is trial 5 with value: 0.09582858331916785.
[I 2026-06-01 12:58:41,459] A new study created in memory with name: no-name-b887c5ed-6820-4921-9549-eba6dca71dba
[I 2026-06-01 12:58:41,556] Trial 0 finished with value: -0.07472416302104591 and parameters: {'confidence_threshold': 0.7437642149592516, 'training_days': 150, 'n_estimators': 152, 'max_depth': 4, 'num_leaves': 50, 'learning_rate': 0.04216766425047743, 'subsample': 0.9903820991923078, 'colsample_bytree': 0.8424148692924316, 'min_child_samples': 58, 'reg_alpha': 3.381097259762742e-05, 'reg_lambda': 1.2263152961306247e-05}. Best is trial 0 with value: -0.07472416302104591.
[I 2026-06-01 12:58:41,629] Trial 1 finished with value: -3.9418376462816243 and parameters: {'confidence_threshold': 0.7551673975844145, 'training_days': 220, 'n_estimators': 76, 'max_depth': 4, 'num_leaves': 51, 'learning_rate': 0.018602118810743477, 'subsample': 0.5877258780737462, 'colsample_bytree': 0.7657756869209191, 'min_child_samples': 63, 'reg_alpha': 0.005123994170264194, 'reg_lambda': 0.44145470178120466}. Best is trial 0 with value: -0.07472416302104591.
[I 2026-06-01 12:58:41,898] Trial 2 finished with value: -0.0775888525884173 and parameters: {'confidence_threshold': 0.7535593637012223, 'training_days': 310, 'n_estimators': 375, 'max_depth': 3, 'num_leaves': 32, 'learning_rate': 0.021735641882032388, 'subsample': 0.6468570231944146, 'colsample_bytree': 0.8154880619272439, 'min_child_samples': 27, 'reg_alpha': 8.004064028491336e-05, 'reg_lambda': 7.546835261630524e-05}. Best is trial 0 with value: -0.07472416302104591.
[I 2026-06-01 12:58:42,072] Trial 3 finished with value: -0.08657932511454378 and parameters: {'confidence_threshold': 0.6727897841776072, 'training_days': 220, 'n_estimators': 190, 'max_depth': 4, 'num_leaves': 58, 'learning_rate': 0.24810689332636193, 'subsample': 0.7509183379421682, 'colsample_bytree': 0.8119764758960556, 'min_child_samples': 29, 'reg_alpha': 7.1708285081421445e-06, 'reg_lambda': 5.412973582738627e-05}. Best is trial 0 with value: -0.07472416302104591.
[I 2026-06-01 12:58:42,183] Trial 4 finished with value: -0.06531718766367929 and parameters: {'confidence_threshold': 0.803208205259178, 'training_days': 130, 'n_estimators': 267, 'max_depth': 5, 'num_leaves': 40, 'learning_rate': 0.08041175317374143, 'subsample': 0.5603143329951619, 'colsample_bytree': 0.9131704002534167, 'min_child_samples': 68, 'reg_alpha': 0.0008046593428183385, 'reg_lambda': 1.2158346158765583e-05}. Best is trial 4 with value: -0.06531718766367929.
[I 2026-06-01 12:58:42,398] Trial 5 finished with value: -0.029589897812685485 and parameters: {'confidence_threshold': 0.6064422761595144, 'training_days': 210, 'n_estimators': 357, 'max_depth': 5, 'num_leaves': 40, 'learning_rate': 0.0974221287220869, 'subsample': 0.7929682762811064, 'colsample_bytree': 0.8124517510478, 'min_child_samples': 74, 'reg_alpha': 0.3811377260781234, 'reg_lambda': 5.607314238392041e-08}. Best is trial 5 with value: -0.029589897812685485.
[I 2026-06-01 12:58:42,501] Trial 6 finished with value: -0.012961750177555586 and parameters: {'confidence_threshold': 0.7672889945051684, 'training_days': 130, 'n_estimators': 137, 'max_depth': 4, 'num_leaves': 19, 'learning_rate': 0.2031117614248665, 'subsample': 0.8136244860256343, 'colsample_bytree': 0.8617081790949774, 'min_child_samples': 21, 'reg_alpha': 0.002238138278733199, 'reg_lambda': 0.001025809534977322}. Best is trial 6 with value: -0.012961750177555586.
[I 2026-06-01 12:58:42,572] Trial 7 finished with value: 0.0249598543253187 and parameters: {'confidence_threshold': 0.555635875450653, 'training_days': 80, 'n_estimators': 363, 'max_depth': 3, 'num_leaves': 48, 'learning_rate': 0.06590089024008658, 'subsample': 0.6944752870615722, 'colsample_bytree': 0.962566244806993, 'min_child_samples': 88, 'reg_alpha': 1.6465620446426067e-05, 'reg_lambda': 2.4678750890085655e-08}. Best is trial 7 with value: 0.0249598543253187.
[I 2026-06-01 12:58:42,898] Trial 8 finished with value: -0.07382604184038047 and parameters: {'confidence_threshold': 0.6066688256938841, 'training_days': 200, 'n_estimators': 367, 'max_depth': 5, 'num_leaves': 32, 'learning_rate': 0.13377519215934996, 'subsample': 0.7965884582811106, 'colsample_bytree': 0.8458508993500886, 'min_child_samples': 32, 'reg_alpha': 3.889436043816386e-05, 'reg_lambda': 1.4713062489380356e-06}. Best is trial 7 with value: 0.0249598543253187.
[I 2026-06-01 12:58:43,105] Trial 9 finished with value: -0.07103364644719654 and parameters: {'confidence_threshold': 0.6202096049169137, 'training_days': 260, 'n_estimators': 350, 'max_depth': 3, 'num_leaves': 21, 'learning_rate': 0.02989540198065364, 'subsample': 0.8307821683331218, 'colsample_bytree': 0.923253112635361, 'min_child_samples': 64, 'reg_alpha': 0.4898604619604203, 'reg_lambda': 2.9076377687066166e-05}. Best is trial 7 with value: 0.0249598543253187.
[I 2026-06-01 12:58:43,136] Trial 10 finished with value: 0.020689412758396603 and parameters: {'confidence_threshold': 0.5248809389721337, 'training_days': 10, 'n_estimators': 493, 'max_depth': 3, 'num_leaves': 63, 'learning_rate': 0.010221918552934462, 'subsample': 0.667749445701178, 'colsample_bytree': 0.6202684210924141, 'min_child_samples': 99, 'reg_alpha': 1.3884210513841762e-08, 'reg_lambda': 0.02273343343290072}. Best is trial 7 with value: 0.0249598543253187.
[I 2026-06-01 12:58:43,167] Trial 11 finished with value: 0.020689412758396603 and parameters: {'confidence_threshold': 0.5048591005447424, 'training_days': 10, 'n_estimators': 493, 'max_depth': 3, 'num_leaves': 63, 'learning_rate': 0.010535067237031162, 'subsample': 0.6714365294218261, 'colsample_bytree': 0.6012148974081734, 'min_child_samples': 100, 'reg_alpha': 1.0389779167265952e-08, 'reg_lambda': 0.024688016606578794}. Best is trial 7 with value: 0.0249598543253187.
[I 2026-06-01 12:58:43,436] Trial 12 finished with value: -0.027479698461550822 and parameters: {'confidence_threshold': 0.5106153216696881, 'training_days': 470, 'n_estimators': 498, 'max_depth': 3, 'num_leaves': 51, 'learning_rate': 0.05809128784912797, 'subsample': 0.6772104159737814, 'colsample_bytree': 0.5773925919454104, 'min_child_samples': 100, 'reg_alpha': 1.5145546872493305e-08, 'reg_lambda': 0.007411726388141345}. Best is trial 7 with value: 0.0249598543253187.
[I 2026-06-01 12:58:43,473] Trial 13 finished with value: 0.020689412758396603 and parameters: {'confidence_threshold': 0.5577371477731788, 'training_days': 10, 'n_estimators': 442, 'max_depth': 3, 'num_leaves': 63, 'learning_rate': 0.013937231793681828, 'subsample': 0.5024707401359401, 'colsample_bytree': 0.6759494634110215, 'min_child_samples': 84, 'reg_alpha': 5.421237391699009e-07, 'reg_lambda': 2.7437299203534646}. Best is trial 7 with value: 0.0249598543253187.
[I 2026-06-01 12:58:43,546] Trial 14 finished with value: -0.02566831203991255 and parameters: {'confidence_threshold': 0.5544398013533722, 'training_days': 70, 'n_estimators': 284, 'max_depth': 3, 'num_leaves': 56, 'learning_rate': 0.04074110489853438, 'subsample': 0.9182426786262438, 'colsample_bytree': 0.5045764719392084, 'min_child_samples': 86, 'reg_alpha': 6.598094881431677e-07, 'reg_lambda': 3.40293644637662e-08}. Best is trial 7 with value: 0.0249598543253187.
[I 2026-06-01 12:58:43,685] Trial 15 finished with value: 0.014270954391741988 and parameters: {'confidence_threshold': 0.5551423717289237, 'training_days': 80, 'n_estimators': 436, 'max_depth': 4, 'num_leaves': 45, 'learning_rate': 0.06438916159282569, 'subsample': 0.7116438232553023, 'colsample_bytree': 0.9908474303106444, 'min_child_samples': 46, 'reg_alpha': 5.011892081220446e-07, 'reg_lambda': 0.05138157439645094}. Best is trial 7 with value: 0.0249598543253187.
[I 2026-06-01 12:58:43,853] Trial 16 finished with value: -0.08193965454647606 and parameters: {'confidence_threshold': 0.6708968705265699, 'training_days': 350, 'n_estimators': 279, 'max_depth': 3, 'num_leaves': 31, 'learning_rate': 0.029009951547325802, 'subsample': 0.6259757956590382, 'colsample_bytree': 0.6982877056862742, 'min_child_samples': 89, 'reg_alpha': 0.05682468732545374, 'reg_lambda': 5.380908228389034e-07}. Best is trial 7 with value: 0.0249598543253187.
[I 2026-06-01 12:58:43,936] Trial 17 finished with value: 0.017265690566678798 and parameters: {'confidence_threshold': 0.5761710081443887, 'training_days': 70, 'n_estimators': 429, 'max_depth': 3, 'num_leaves': 57, 'learning_rate': 0.12339783258112393, 'subsample': 0.7243909850619722, 'colsample_bytree': 0.699438795797602, 'min_child_samples': 77, 'reg_alpha': 7.284070645541434, 'reg_lambda': 0.0011275098280522475}. Best is trial 7 with value: 0.0249598543253187.
[I 2026-06-01 12:58:44,157] A new study created in memory with name: no-name-3d370e89-4b52-497b-8672-fc22a43623f4
[I 2026-06-01 12:58:44,342] Trial 0 finished with value: 0.029898859403747646 and parameters: {'confidence_threshold': 0.5870645682749857, 'training_days': 90, 'n_estimators': 403, 'max_depth': 5, 'num_leaves': 45, 'learning_rate': 0.0780457193679974, 'subsample': 0.9428509515574568, 'colsample_bytree': 0.8795587339164916, 'min_child_samples': 34, 'reg_alpha': 2.2465901234314442e-07, 'reg_lambda': 8.339007036475363e-05}. Best is trial 0 with value: 0.029898859403747646.
[I 2026-06-01 12:58:44,457] Trial 1 finished with value: -0.05023760974689821 and parameters: {'confidence_threshold': 0.6348453934275313, 'training_days': 290, 'n_estimators': 115, 'max_depth': 5, 'num_leaves': 37, 'learning_rate': 0.06949568759029946, 'subsample': 0.8228505074024268, 'colsample_bytree': 0.8616703220431751, 'min_child_samples': 75, 'reg_alpha': 4.2486822725010923e-07, 'reg_lambda': 1.157247767047042e-07}. Best is trial 0 with value: 0.029898859403747646.
[I 2026-06-01 12:58:44,479] Trial 2 finished with value: 0.020689412758396603 and parameters: {'confidence_threshold': 0.5849570384370288, 'training_days': 10, 'n_estimators': 212, 'max_depth': 3, 'num_leaves': 41, 'learning_rate': 0.18452095998378365, 'subsample': 0.6001060822924371, 'colsample_bytree': 0.5673167293506167, 'min_child_samples': 37, 'reg_alpha': 5.733250064217131, 'reg_lambda': 0.5308454292595461}. Best is trial 0 with value: 0.029898859403747646.
[I 2026-06-01 12:58:44,561] Trial 3 finished with value: -0.019309606193556032 and parameters: {'confidence_threshold': 0.6868248626683718, 'training_days': 220, 'n_estimators': 134, 'max_depth': 3, 'num_leaves': 45, 'learning_rate': 0.033529007907491595, 'subsample': 0.8647277071858408, 'colsample_bytree': 0.778494116634046, 'min_child_samples': 96, 'reg_alpha': 2.409409937265785e-07, 'reg_lambda': 1.1642073478060009}. Best is trial 0 with value: 0.029898859403747646.
[I 2026-06-01 12:58:44,651] Trial 4 finished with value: -0.09775885307512144 and parameters: {'confidence_threshold': 0.5623121348350352, 'training_days': 300, 'n_estimators': 69, 'max_depth': 4, 'num_leaves': 32, 'learning_rate': 0.14967629360700346, 'subsample': 0.5054535233636654, 'colsample_bytree': 0.7401385194659216, 'min_child_samples': 27, 'reg_alpha': 1.4212042567426725e-07, 'reg_lambda': 0.23605753701352003}. Best is trial 0 with value: 0.029898859403747646.
[I 2026-06-01 12:58:45,053] Trial 5 finished with value: -0.07256934051299992 and parameters: {'confidence_threshold': 0.7111850244908446, 'training_days': 490, 'n_estimators': 362, 'max_depth': 5, 'num_leaves': 40, 'learning_rate': 0.05960785724162737, 'subsample': 0.5589714368907717, 'colsample_bytree': 0.6659006943232806, 'min_child_samples': 42, 'reg_alpha': 0.6741360303045295, 'reg_lambda': 6.054601607143087e-08}. Best is trial 0 with value: 0.029898859403747646.
[I 2026-06-01 12:58:45,222] Trial 6 finished with value: -0.06884838714252182 and parameters: {'confidence_threshold': 0.667482545748023, 'training_days': 420, 'n_estimators': 279, 'max_depth': 3, 'num_leaves': 45, 'learning_rate': 0.040099592560849204, 'subsample': 0.8563114696415159, 'colsample_bytree': 0.5442917781944105, 'min_child_samples': 50, 'reg_alpha': 1.6407916423707903e-08, 'reg_lambda': 2.935907642973286e-05}. Best is trial 0 with value: 0.029898859403747646.
