[I 2026-06-01 12:57:34,217] Trial 9 finished with value: 0.014226152475056647 and parameters: {'confidence_threshold': 0.6202096049169137, 'training_days': 260, 'n_estimators': 350, 'max_depth': 3, 'num_leaves': 21, 'learning_rate': 0.02989540198065364, 'subsample': 0.8307821683331218, 'colsample_bytree': 0.923253112635361, 'min_child_samples': 64, 'reg_alpha': 0.4898604619604203, 'reg_lambda': 2.9076377687066166e-05}. Best is trial 5 with value: 0.02173577206108528.
[I 2026-06-01 12:57:34,565] Trial 10 finished with value: -0.011131820067476051 and parameters: {'confidence_threshold': 0.5342665212695602, 'training_days': 470, 'n_estimators': 493, 'max_depth': 5, 'num_leaves': 63, 'learning_rate': 0.010221918552934462, 'subsample': 0.9166551855891288, 'colsample_bytree': 0.6202684210924141, 'min_child_samples': 99, 'reg_alpha': 2.371385268938747e-08, 'reg_lambda': 8.795022395727933e-08}. Best is trial 5 with value: 0.02173577206108528.
[I 2026-06-01 12:57:34,870] Trial 11 finished with value: 0.055860765797074385 and parameters: {'confidence_threshold': 0.6853230952586662, 'training_days': 350, 'n_estimators': 481, 'max_depth': 3, 'num_leaves': 34, 'learning_rate': 0.022038273824583284, 'subsample': 0.6581542700946174, 'colsample_bytree': 0.6778283959364831, 'min_child_samples': 45, 'reg_alpha': 5.52148235930095, 'reg_lambda': 0.003659193964580322}. Best is trial 11 with value: 0.055860765797074385.
[I 2026-06-01 12:57:35,100] Trial 12 finished with value: -0.011263260271757478 and parameters: {'confidence_threshold': 0.6713285319022635, 'training_days': 360, 'n_estimators': 498, 'max_depth': 5, 'num_leaves': 36, 'learning_rate': 0.11207472241355503, 'subsample': 0.6617484219667187, 'colsample_bytree': 0.6669454130036883, 'min_child_samples': 49, 'reg_alpha': 6.210448045058425, 'reg_lambda': 0.01792000701323621}. Best is trial 11 with value: 0.055860765797074385.
[I 2026-06-01 12:57:35,329] Trial 13 finished with value: -0.06601500246798984 and parameters: {'confidence_threshold': 0.6188172440027945, 'training_days': 400, 'n_estimators': 441, 'max_depth': 3, 'num_leaves': 26, 'learning_rate': 0.04317436237981049, 'subsample': 0.5024707401359401, 'colsample_bytree': 0.5443982906148261, 'min_child_samples': 79, 'reg_alpha': 0.1635186738615608, 'reg_lambda': 0.004822023988131607}. Best is trial 11 with value: 0.055860765797074385.
[I 2026-06-01 12:57:35,361] Trial 14 finished with value: -2.038735412608102 and parameters: {'confidence_threshold': 0.6968624890517784, 'training_days': 20, 'n_estimators': 286, 'max_depth': 4, 'num_leaves': 42, 'learning_rate': 0.010834961558040725, 'subsample': 0.7250115266976671, 'colsample_bytree': 0.7024651632207747, 'min_child_samples': 44, 'reg_alpha': 2.788254546794155, 'reg_lambda': 1.66052015319664}. Best is trial 11 with value: 0.055860765797074385.

  [label] 2022-05-22 00:00 BTCUSDT entry=29430.1000 → SHORT | long=timeout(-1.56%) short=timeout(+1.36%) | scanned=22 | no_tp→fwd_return=-1.4601
  [label] 2022-06-30 08:00 BTCUSDT entry=19133.5000 → LONG | long=timeout(+9.04%) short=sl(-6.22%) | scanned=22 | no_tp→fwd_return=+9.1379
  [label] 2022-07-10 08:00 BTCUSDT entry=20892.5000 → LONG | long=sl(-5.35%) short=timeout(-1.37%) | scanned=22 | no_tp→fwd_return=+1.2708
  [label] 2022-10-04 08:00 BTCUSDT entry=20092.2000 → SHORT | long=sl(-4.12%) short=timeout(+4.65%) | scanned=22 | no_tp→fwd_return=-4.7511
  Labels: 1118 long (51.6%), 1050 short (48.4%) | weights: min=1.00, mean=3.65, max=10.00
  Features: 2168/2168 matched, 48 columns
  CV gap: 22 rows
  [ensemble 1/3] seed=42
    [trial 0] 48 features, training_days=480 | threshold=0.631 | labels: 1118 long, 1050 short (52/48%)
    [CV fold 0] train_end=2021-02-22 08:00 | val_start=2021-03-02 00:00 | gap=184h (22 rows)
    [CV fold 1] train_end=2021-06-22 16:00 | val_start=2021-06-30 08:00 | gap=184h (22 rows)
    [CV fold 2] train_end=2021-10-21 00:00 | val_start=2021-10-28 16:00 | gap=184h (22 rows)
    [CV fold 3] train_end=2022-02-18 08:00 | val_start=2022-02-26 00:00 | gap=184h (22 rows)
    [CV fold 4] train_end=2022-06-18 16:00 | val_start=2022-06-26 08:00 | gap=184h (22 rows)
    [trial 0] Sharpe=-0.0131 (folds: -0.1178, 0.2903, -0.0086, -0.1814, -0.0481)
    [trial 1] 48 features, training_days=420 | threshold=0.839 | labels: 1118 long, 1050 short (52/48%)
    [trial 1] Sharpe=-2.0739 (folds: -0.0339, 0.2451, -0.2571, -0.3236, -10.0000)
    [trial 2] 48 features, training_days=190 | threshold=0.602 | labels: 1118 long, 1050 short (52/48%)
    [trial 2] Sharpe=-0.0012 (folds: -0.1865, 0.2519, -0.0009, -0.0031, -0.0675)
    [trial 3] 48 features, training_days=490 | threshold=0.832 | labels: 1118 long, 1050 short (52/48%)
    [trial 3] Sharpe=-0.0419 (folds: -0.1762, 0.3838, -0.1847, -0.1843, -0.0479)
    [trial 4] 48 features, training_days=340 | threshold=0.591 | labels: 1118 long, 1050 short (52/48%)
    [trial 4] Sharpe=0.0286 (folds: -0.0906, 0.3513, 0.0127, -0.1353, 0.0049)
    [trial 5] 48 features, training_days=50 | threshold=0.823 | labels: 1118 long, 1050 short (52/48%)
    [trial 5] Sharpe=-2.2006 (folds: -0.0281, -10.0000, 0.1917, 0.2165, -1.3829)
    [trial 6] 48 features, training_days=410 | threshold=0.549 | labels: 1118 long, 1050 short (52/48%)
    [trial 6] Sharpe=0.0151 (folds: -0.0827, 0.2571, 0.0145, -0.1361, 0.0225)
    [trial 7] 48 features, training_days=180 | threshold=0.526 | labels: 1118 long, 1050 short (52/48%)
    [trial 7] Sharpe=0.0249 (folds: -0.0505, 0.1956, -0.0061, -0.1077, 0.0933)
    [trial 8] 48 features, training_days=240 | threshold=0.811 | labels: 1118 long, 1050 short (52/48%)
    [trial 8] Sharpe=0.0834 (folds: -0.0375, 0.3624, -0.0577, -0.2506, 0.4006)
    [trial 9] 48 features, training_days=20 | threshold=0.538 | labels: 1118 long, 1050 short (52/48%)
    [trial 9] Sharpe=-0.1196 (folds: -0.1389, -0.4044, -0.2130, 0.1729, -0.0146)
    [trial 10] 48 features, training_days=280 | threshold=0.734 | labels: 1118 long, 1050 short (52/48%)
    [trial 10] Sharpe=-0.0371 (folds: -0.1623, 0.2752, -0.0399, -0.1061, -0.1522)
    [trial 11] 48 features, training_days=290 | threshold=0.719 | labels: 1118 long, 1050 short (52/48%)
    [trial 11] Sharpe=0.0762 (folds: 0.0107, 0.5953, -0.1078, -0.3312, 0.2139)
    [trial 12] 48 features, training_days=190 | threshold=0.734 | labels: 1118 long, 1050 short (52/48%)
    [trial 12] Sharpe=0.1257 (folds: 0.1270, 0.6888, -0.0197, -0.0564, -0.1111)
    [trial 13] 48 features, training_days=160 | threshold=0.768 | labels: 1118 long, 1050 short (52/48%)
    [trial 13] Sharpe=-0.0211 (folds: -0.1755, 0.1719, 0.0079, -0.0883, -0.0217)
    [trial 14] 48 features, training_days=130 | threshold=0.680 | labels: 1118 long, 1050 short (52/48%)
    [trial 14] Sharpe=-0.0957 (folds: -0.1421, -0.1782, -0.0117, -0.1742, 0.0276)
    [trial 15] 48 features, training_days=230 | threshold=0.767 | labels: 1118 long, 1050 short (52/48%)
    [trial 15] Sharpe=-0.0566 (folds: -0.1058, 0.2617, -0.1535, -0.5192, 0.2339)
    [trial 16] 48 features, training_days=90 | threshold=0.775 | labels: 1118 long, 1050 short (52/48%)
    [trial 16] Sharpe=-0.1031 (folds: -0.2011, 0.0106, 0.0060, -0.1009, -0.2299)
    [trial 17] 48 features, training_days=340 | threshold=0.676 | labels: 1118 long, 1050 short (52/48%)
    [trial 17] Sharpe=0.0234 (folds: -0.1303, 0.2956, -0.0498, -0.0850, 0.0864)
  Optuna: 18 trials, best Sharpe = 0.1257
  Best params: n_estimators=256, max_depth=4, lr=0.0106, leaves=55
  Best confidence_threshold: 0.734
  Best training_days: 190
  Retrained on full data (570 samples, 48 features)
  [ensemble 2/3] seed=123
    [trial 0] 48 features, training_days=150 | threshold=0.744 | labels: 1118 long, 1050 short (52/48%)
    [CV fold 0] train_end=2021-02-22 08:00 | val_start=2021-03-02 00:00 | gap=184h (22 rows)
    [CV fold 1] train_end=2021-06-22 16:00 | val_start=2021-06-30 08:00 | gap=184h (22 rows)
    [CV fold 2] train_end=2021-10-21 00:00 | val_start=2021-10-28 16:00 | gap=184h (22 rows)
    [CV fold 3] train_end=2022-02-18 08:00 | val_start=2022-02-26 00:00 | gap=184h (22 rows)
    [CV fold 4] train_end=2022-06-18 16:00 | val_start=2022-06-26 08:00 | gap=184h (22 rows)
    [trial 0] Sharpe=-0.0073 (folds: -0.0341, 0.2313, 0.0815, -0.2199, -0.0956)
    [trial 1] 48 features, training_days=220 | threshold=0.755 | labels: 1118 long, 1050 short (52/48%)
    [trial 1] Sharpe=-0.0262 (folds: -0.1126, 0.2457, -0.1787, -0.4231, 0.3378)
    [trial 2] 48 features, training_days=310 | threshold=0.754 | labels: 1118 long, 1050 short (52/48%)
    [trial 2] Sharpe=0.0177 (folds: -0.1849, 0.4850, -0.1163, -0.1504, 0.0550)
    [trial 3] 48 features, training_days=220 | threshold=0.673 | labels: 1118 long, 1050 short (52/48%)
    [trial 3] Sharpe=-0.0341 (folds: -0.1614, 0.2774, -0.1494, -0.1845, 0.0475)
    [trial 4] 48 features, training_days=130 | threshold=0.803 | labels: 1118 long, 1050 short (52/48%)
    [trial 4] Sharpe=-0.1064 (folds: -0.1210, -0.2962, 0.0161, -0.1542, 0.0234)
    [trial 5] 48 features, training_days=210 | threshold=0.606 | labels: 1118 long, 1050 short (52/48%)
    [trial 5] Sharpe=0.0217 (folds: -0.1618, 0.2664, 0.0161, 0.0002, -0.0122)
    [trial 6] 48 features, training_days=130 | threshold=0.767 | labels: 1118 long, 1050 short (52/48%)
    [trial 6] Sharpe=-0.1070 (folds: -0.1780, -0.2982, -0.0534, -0.0752, 0.0696)
    [trial 7] 48 features, training_days=80 | threshold=0.556 | labels: 1118 long, 1050 short (52/48%)
    [trial 7] Sharpe=-0.0660 (folds: -0.0212, -0.0601, 0.0118, -0.0478, -0.2130)
    [trial 8] 48 features, training_days=200 | threshold=0.607 | labels: 1118 long, 1050 short (52/48%)
    [trial 8] Sharpe=0.0087 (folds: -0.1688, 0.1516, 0.0368, -0.0196, 0.0435)
    [trial 9] 48 features, training_days=260 | threshold=0.620 | labels: 1118 long, 1050 short (52/48%)
    [trial 9] Sharpe=0.0142 (folds: -0.1388, 0.2657, 0.0318, -0.1103, 0.0227)
    [trial 10] 48 features, training_days=470 | threshold=0.534 | labels: 1118 long, 1050 short (52/48%)
    [trial 10] Sharpe=-0.0111 (folds: -0.0185, 0.3166, -0.0501, -0.2474, -0.0562)
    [trial 11] 48 features, training_days=350 | threshold=0.685 | labels: 1118 long, 1050 short (52/48%)
    [trial 11] Sharpe=0.0559 (folds: -0.1233, 0.4213, 0.0091, -0.1434, 0.1156)
    [trial 12] 48 features, training_days=360 | threshold=0.671 | labels: 1118 long, 1050 short (52/48%)
    [trial 12] Sharpe=-0.0113 (folds: -0.1203, 0.3196, -0.0737, -0.0752, -0.1067)
    [trial 13] 48 features, training_days=400 | threshold=0.619 | labels: 1118 long, 1050 short (52/48%)
    [trial 13] Sharpe=-0.0660 (folds: -0.2150, 0.2577, -0.0885, -0.1798, -0.1045)
    [trial 14] 48 features, training_days=20 | threshold=0.697 | labels: 1118 long, 1050 short (52/48%)
    [trial 14] Sharpe=-2.0387 (folds: -0.1389, -10.0000, -0.2130, 0.1729, -0.0146)
    [trial 15] 48 features, training_days=320 | threshold=0.503 | labels: 1118 long, 1050 short (52/48%)
    [trial 15] Sharpe=-0.0396 (folds: -0.1274, 0.1977, -0.0901, -0.0746, -0.1035)[I 2026-06-01 12:57:35,668] Trial 15 finished with value: -0.03957004201502112 and parameters: {'confidence_threshold': 0.5026055290809989, 'training_days': 320, 'n_estimators': 436, 'max_depth': 5, 'num_leaves': 28, 'learning_rate': 0.10169575080339567, 'subsample': 0.8862184281582516, 'colsample_bytree': 0.599275181090995, 'min_child_samples': 78, 'reg_alpha': 0.06528179832605202, 'reg_lambda': 0.07848279049940052}. Best is trial 11 with value: 0.055860765797074385.
[I 2026-06-01 12:57:35,876] Trial 16 finished with value: 0.023300458903089072 and parameters: {'confidence_threshold': 0.5790917025596629, 'training_days': 500, 'n_estimators': 291, 'max_depth': 3, 'num_leaves': 43, 'learning_rate': 0.018244350814184532, 'subsample': 0.6259757956590382, 'colsample_bytree': 0.7249377914937623, 'min_child_samples': 41, 'reg_alpha': 0.025899529045823516, 'reg_lambda': 5.124992386320148e-07}. Best is trial 11 with value: 0.055860765797074385.
[I 2026-06-01 12:57:36,062] Trial 17 finished with value: 0.017498257097093885 and parameters: {'confidence_threshold': 0.5673640906375297, 'training_days': 490, 'n_estimators': 261, 'max_depth': 3, 'num_leaves': 45, 'learning_rate': 0.018167663093744707, 'subsample': 0.5975400821780594, 'colsample_bytree': 0.7071712837896341, 'min_child_samples': 44, 'reg_alpha': 0.017867971546418063, 'reg_lambda': 6.536602842883305e-07}. Best is trial 11 with value: 0.055860765797074385.
[I 2026-06-01 12:57:36,271] A new study created in memory with name: no-name-eab031b9-d7e0-4b01-8f21-1407a4785adf
[I 2026-06-01 12:57:36,485] Trial 0 finished with value: -0.1313156490587562 and parameters: {'confidence_threshold': 0.5870645682749857, 'training_days': 90, 'n_estimators': 403, 'max_depth': 5, 'num_leaves': 45, 'learning_rate': 0.0780457193679974, 'subsample': 0.9428509515574568, 'colsample_bytree': 0.8795587339164916, 'min_child_samples': 34, 'reg_alpha': 2.2465901234314442e-07, 'reg_lambda': 8.339007036475363e-05}. Best is trial 0 with value: -0.1313156490587562.
[I 2026-06-01 12:57:36,602] Trial 1 finished with value: 0.022945962637690696 and parameters: {'confidence_threshold': 0.6348453934275313, 'training_days': 290, 'n_estimators': 115, 'max_depth': 5, 'num_leaves': 37, 'learning_rate': 0.06949568759029946, 'subsample': 0.8228505074024268, 'colsample_bytree': 0.8616703220431751, 'min_child_samples': 75, 'reg_alpha': 4.2486822725010923e-07, 'reg_lambda': 1.157247767047042e-07}. Best is trial 1 with value: 0.022945962637690696.
[I 2026-06-01 12:57:36,619] Trial 2 finished with value: 0.12806235395645998 and parameters: {'confidence_threshold': 0.5849570384370288, 'training_days': 10, 'n_estimators': 212, 'max_depth': 3, 'num_leaves': 41, 'learning_rate': 0.18452095998378365, 'subsample': 0.6001060822924371, 'colsample_bytree': 0.5673167293506167, 'min_child_samples': 37, 'reg_alpha': 5.733250064217131, 'reg_lambda': 0.5308454292595461}. Best is trial 2 with value: 0.12806235395645998.
[I 2026-06-01 12:57:36,695] Trial 3 finished with value: -0.0060535118270029905 and parameters: {'confidence_threshold': 0.6868248626683718, 'training_days': 220, 'n_estimators': 134, 'max_depth': 3, 'num_leaves': 45, 'learning_rate': 0.033529007907491595, 'subsample': 0.8647277071858408, 'colsample_bytree': 0.778494116634046, 'min_child_samples': 96, 'reg_alpha': 2.409409937265785e-07, 'reg_lambda': 1.1642073478060009}. Best is trial 2 with value: 0.12806235395645998.
[I 2026-06-01 12:57:36,785] Trial 4 finished with value: -0.011552096533412154 and parameters: {'confidence_threshold': 0.5623121348350352, 'training_days': 300, 'n_estimators': 69, 'max_depth': 4, 'num_leaves': 32, 'learning_rate': 0.14967629360700346, 'subsample': 0.5054535233636654, 'colsample_bytree': 0.7401385194659216, 'min_child_samples': 27, 'reg_alpha': 1.4212042567426725e-07, 'reg_lambda': 0.23605753701352003}. Best is trial 2 with value: 0.12806235395645998.
[I 2026-06-01 12:57:37,209] Trial 5 finished with value: -0.041233744614027804 and parameters: {'confidence_threshold': 0.7111850244908446, 'training_days': 490, 'n_estimators': 362, 'max_depth': 5, 'num_leaves': 40, 'learning_rate': 0.05960785724162737, 'subsample': 0.5589714368907717, 'colsample_bytree': 0.6659006943232806, 'min_child_samples': 42, 'reg_alpha': 0.6741360303045295, 'reg_lambda': 6.054601607143087e-08}. Best is trial 2 with value: 0.12806235395645998.
[I 2026-06-01 12:57:37,388] Trial 6 finished with value: -0.0011558574366891145 and parameters: {'confidence_threshold': 0.667482545748023, 'training_days': 420, 'n_estimators': 279, 'max_depth': 3, 'num_leaves': 45, 'learning_rate': 0.040099592560849204, 'subsample': 0.8563114696415159, 'colsample_bytree': 0.5442917781944105, 'min_child_samples': 50, 'reg_alpha': 1.6407916423707903e-08, 'reg_lambda': 2.935907642973286e-05}. Best is trial 2 with value: 0.12806235395645998.
[I 2026-06-01 12:57:37,538] Trial 7 finished with value: -0.11537894302189586 and parameters: {'confidence_threshold': 0.5497381024139926, 'training_days': 120, 'n_estimators': 408, 'max_depth': 5, 'num_leaves': 38, 'learning_rate': 0.28049122657745795, 'subsample': 0.8806573338635493, 'colsample_bytree': 0.5454054113547102, 'min_child_samples': 63, 'reg_alpha': 0.01263008637940408, 'reg_lambda': 0.04588020805366937}. Best is trial 2 with value: 0.12806235395645998.
[I 2026-06-01 12:57:37,802] Trial 8 finished with value: -0.031263096228750134 and parameters: {'confidence_threshold': 0.719644804808716, 'training_days': 450, 'n_estimators': 410, 'max_depth': 4, 'num_leaves': 57, 'learning_rate': 0.04022026551478857, 'subsample': 0.5336085426932707, 'colsample_bytree': 0.5705742850577543, 'min_child_samples': 100, 'reg_alpha': 5.916398047912201e-07, 'reg_lambda': 0.9794034214488329}. Best is trial 2 with value: 0.12806235395645998.
[I 2026-06-01 12:57:37,823] Trial 9 finished with value: -2.038735412608102 and parameters: {'confidence_threshold': 0.7267463643917187, 'training_days': 20, 'n_estimators': 337, 'max_depth': 5, 'num_leaves': 23, 'learning_rate': 0.022153031811454605, 'subsample': 0.6305627572358737, 'colsample_bytree': 0.6613413774216214, 'min_child_samples': 81, 'reg_alpha': 5.7638634029410314e-08, 'reg_lambda': 8.26603016764008}. Best is trial 2 with value: 0.12806235395645998.
[I 2026-06-01 12:57:37,849] Trial 10 finished with value: -1.9168599311149392 and parameters: {'confidence_threshold': 0.8398533911817929, 'training_days': 10, 'n_estimators': 228, 'max_depth': 3, 'num_leaves': 15, 'learning_rate': 0.2789359567293539, 'subsample': 0.6821883053833926, 'colsample_bytree': 0.9944479338273263, 'min_child_samples': 23, 'reg_alpha': 2.903134294418681, 'reg_lambda': 0.0032849428938367974}. Best is trial 2 with value: 0.12806235395645998.
[I 2026-06-01 12:57:38,029] Trial 11 finished with value: 0.022110689417602258 and parameters: {'confidence_threshold': 0.6075016155177957, 'training_days': 300, 'n_estimators': 182, 'max_depth': 4, 'num_leaves': 59, 'learning_rate': 0.010226258249598861, 'subsample': 0.7538575004267684, 'colsample_bytree': 0.8724278937851807, 'min_child_samples': 64, 'reg_alpha': 2.5646023357365184e-05, 'reg_lambda': 7.359299995524362e-08}. Best is trial 2 with value: 0.12806235395645998.
[I 2026-06-01 12:57:38,084] Trial 12 finished with value: 0.02724381322713943 and parameters: {'confidence_threshold': 0.5145853631584999, 'training_days': 200, 'n_estimators': 53, 'max_depth': 4, 'num_leaves': 30, 'learning_rate': 0.12411615325331521, 'subsample': 0.7554010767848054, 'colsample_bytree': 0.8750909515331022, 'min_child_samples': 77, 'reg_alpha': 0.00012116501730499813, 'reg_lambda': 2.323935870907716e-06}. Best is trial 2 with value: 0.12806235395645998.
[I 2026-06-01 12:57:38,135] Trial 13 finished with value: -0.016299391082124033 and parameters: {'confidence_threshold': 0.5007578887007379, 'training_days': 180, 'n_estimators': 52, 'max_depth': 4, 'num_leaves': 28, 'learning_rate': 0.13088809520491682, 'subsample': 0.7312718920985939, 'colsample_bytree': 0.9584932215576711, 'min_child_samples': 81, 'reg_alpha': 0.0007156491747579006, 'reg_lambda': 5.735142082835628e-06}. Best is trial 2 with value: 0.12806235395645998.
[I 2026-06-01 12:57:38,460] Trial 14 finished with value: -0.051736099293021386 and parameters: {'confidence_threshold': 0.5057563615222779, 'training_days': 380, 'n_estimators': 500, 'max_depth': 3, 'num_leaves': 24, 'learning_rate': 0.13554579800014765, 'subsample': 0.596246074329688, 'colsample_bytree': 0.7832231035788051, 'min_child_samples': 51, 'reg_alpha': 0.0285042553012015, 'reg_lambda': 0.0023671002879568693}. Best is trial 2 with value: 0.12806235395645998.
[I 2026-06-01 12:57:38,540] Trial 15 finished with value: -0.1296091683378799 and parameters: {'confidence_threshold': 0.542118951552222, 'training_days': 100, 'n_estimators': 209, 'max_depth': 3, 'num_leaves': 51, 'learning_rate': 0.17207597477912198, 'subsample': 0.6682692482787139, 'colsample_bytree': 0.6348093363464804, 'min_child_samples': 73, 'reg_alpha': 1.7836787545151695e-05, 'reg_lambda': 1.8189695856709386e-06}. Best is trial 2 with value: 0.12806235395645998.
[I 2026-06-01 12:57:38,707] Trial 16 finished with value: 0.015087047945062224 and parameters: {'confidence_threshold': 0.630551521070038, 'training_days': 180, 'n_estimators': 272, 'max_depth': 4, 'num_leaves': 32, 'learning_rate': 0.10480456467283118, 'subsample': 0.7603914905018698, 'colsample_bytree': 0.7227359776593809, 'min_child_samples': 54, 'reg_alpha': 0.0007271471959032802, 'reg_lambda': 0.000855876310048679}. Best is trial 2 with value: 0.12806235395645998.
