[I 2026-06-01 12:58:37,172] Trial 9 finished with value: -7.989226469446062 and parameters: {'confidence_threshold': 0.7267463643917187, 'training_days': 20, 'n_estimators': 337, 'max_depth': 5, 'num_leaves': 23, 'learning_rate': 0.022153031811454605, 'subsample': 0.6305627572358737, 'colsample_bytree': 0.6613413774216214, 'min_child_samples': 81, 'reg_alpha': 5.7638634029410314e-08, 'reg_lambda': 8.26603016764008}. Best is trial 4 with value: 0.023500930225365136.
[I 2026-06-01 12:58:37,257] Trial 10 finished with value: -0.14295585040433606 and parameters: {'confidence_threshold': 0.8398533911817929, 'training_days': 320, 'n_estimators': 52, 'max_depth': 4, 'num_leaves': 15, 'learning_rate': 0.1708019296390162, 'subsample': 0.7130289643560688, 'colsample_bytree': 0.9944479338273263, 'min_child_samples': 23, 'reg_alpha': 6.837313901272251e-05, 'reg_lambda': 0.007549769720510555}. Best is trial 4 with value: 0.023500930225365136.
[I 2026-06-01 12:58:37,433] Trial 11 finished with value: -2.3134770597980836 and parameters: {'confidence_threshold': 0.7923497887859746, 'training_days': 390, 'n_estimators': 241, 'max_depth': 3, 'num_leaves': 29, 'learning_rate': 0.010148301463208522, 'subsample': 0.7384269625592588, 'colsample_bytree': 0.6677492448297637, 'min_child_samples': 49, 'reg_alpha': 2.573708591509265e-05, 'reg_lambda': 8.709579226713504e-05}. Best is trial 4 with value: 0.023500930225365136.
[I 2026-06-01 12:58:37,902] Trial 12 finished with value: -0.056425669982875924 and parameters: {'confidence_threshold': 0.5145853631584999, 'training_days': 380, 'n_estimators': 490, 'max_depth': 4, 'num_leaves': 55, 'learning_rate': 0.12411615325331521, 'subsample': 0.9912016966112274, 'colsample_bytree': 0.7688237932711304, 'min_child_samples': 20, 'reg_alpha': 1.578782038256806e-08, 'reg_lambda': 1.4304147444691813e-06}. Best is trial 4 with value: 0.023500930225365136.
[I 2026-06-01 12:58:38,024] Trial 13 finished with value: -0.014480891182423128 and parameters: {'confidence_threshold': 0.6308026073906248, 'training_days': 210, 'n_estimators': 181, 'max_depth': 4, 'num_leaves': 28, 'learning_rate': 0.020094703918199067, 'subsample': 0.7828410184206098, 'colsample_bytree': 0.5057176292212995, 'min_child_samples': 58, 'reg_alpha': 8.465942575614097e-06, 'reg_lambda': 0.002213814638104446}. Best is trial 4 with value: 0.023500930225365136.
[I 2026-06-01 12:58:38,234] Trial 14 finished with value: -0.017463666306515687 and parameters: {'confidence_threshold': 0.5045553955578055, 'training_days': 370, 'n_estimators': 301, 'max_depth': 3, 'num_leaves': 51, 'learning_rate': 0.10957506804891597, 'subsample': 0.6774290892659396, 'colsample_bytree': 0.8536267081796187, 'min_child_samples': 56, 'reg_alpha': 0.001975311898816492, 'reg_lambda': 5.453830306136823e-06}. Best is trial 4 with value: 0.023500930225365136.
[I 2026-06-01 12:58:38,311] Trial 15 finished with value: 0.025499304540852207 and parameters: {'confidence_threshold': 0.6098306084926507, 'training_days': 450, 'n_estimators': 56, 'max_depth': 3, 'num_leaves': 31, 'learning_rate': 0.03810498986290258, 'subsample': 0.5095075980971637, 'colsample_bytree': 0.62007722132989, 'min_child_samples': 30, 'reg_alpha': 4.399135734869746e-06, 'reg_lambda': 0.0013467843257158065}. Best is trial 15 with value: 0.025499304540852207.
[I 2026-06-01 12:58:38,405] Trial 16 finished with value: 0.05333984415136961 and parameters: {'confidence_threshold': 0.5718337133464982, 'training_days': 500, 'n_estimators': 53, 'max_depth': 4, 'num_leaves': 32, 'learning_rate': 0.021342803802310486, 'subsample': 0.5108160068772378, 'colsample_bytree': 0.7145198142387214, 'min_child_samples': 27, 'reg_alpha': 4.677826505498795e-06, 'reg_lambda': 0.02071694253899177}. Best is trial 16 with value: 0.05333984415136961.
[I 2026-06-01 12:58:38,518] Trial 17 finished with value: 0.026806649409912908 and parameters: {'confidence_threshold': 0.6287222665732856, 'training_days': 490, 'n_estimators': 127, 'max_depth': 3, 'num_leaves': 21, 'learning_rate': 0.013235729712788115, 'subsample': 0.6179005856425267, 'colsample_bytree': 0.6283731982607786, 'min_child_samples': 33, 'reg_alpha': 3.942216853181069e-06, 'reg_lambda': 0.001352150060975526}. Best is trial 16 with value: 0.05333984415136961.

    [CV fold 4] train_end=2022-12-16 16:00 | val_start=2022-12-24 08:00 | gap=184h (22 rows)
    [trial 0] Sharpe=-0.0423 (folds: 0.2442, -0.2194, -0.1501, -0.1509, 0.0646)
    [trial 1] 48 features, training_days=220 | threshold=0.755 | labels: 1054 long, 1114 short (49/51%)
    [trial 1] Sharpe=-2.1651 (folds: 0.2251, -0.3816, -0.1036, -10.0000, -0.5654)
    [trial 2] 48 features, training_days=310 | threshold=0.754 | labels: 1054 long, 1114 short (49/51%)
    [trial 2] Sharpe=-0.0901 (folds: 0.2031, -0.3370, -0.1098, -0.1498, -0.0570)
    [trial 3] 48 features, training_days=220 | threshold=0.673 | labels: 1054 long, 1114 short (49/51%)
    [trial 3] Sharpe=-0.0161 (folds: 0.2114, -0.0529, 0.0328, -0.2868, 0.0151)
    [trial 4] 48 features, training_days=130 | threshold=0.803 | labels: 1054 long, 1114 short (49/51%)
    [trial 4] Sharpe=-0.0946 (folds: 0.2423, -0.2799, -0.1242, -0.1932, -0.1180)
    [trial 5] 48 features, training_days=210 | threshold=0.606 | labels: 1054 long, 1114 short (49/51%)
    [trial 5] Sharpe=0.0245 (folds: 0.2724, 0.0116, 0.0260, -0.1231, -0.0643)
    [trial 6] 48 features, training_days=130 | threshold=0.767 | labels: 1054 long, 1114 short (49/51%)
    [trial 6] Sharpe=-0.0343 (folds: 0.1564, -0.1149, -0.0585, -0.1538, -0.0006)
    [trial 7] 48 features, training_days=80 | threshold=0.556 | labels: 1054 long, 1114 short (49/51%)
    [trial 7] Sharpe=-0.0408 (folds: 0.0749, -0.1784, 0.0643, -0.1224, -0.0426)
    [trial 8] 48 features, training_days=200 | threshold=0.607 | labels: 1054 long, 1114 short (49/51%)
    [trial 8] Sharpe=0.0148 (folds: 0.1862, -0.0582, 0.0553, -0.1564, 0.0471)
    [trial 9] 48 features, training_days=260 | threshold=0.620 | labels: 1054 long, 1114 short (49/51%)
    [trial 9] Sharpe=0.0092 (folds: 0.3198, -0.0450, 0.0114, -0.1568, -0.0832)
    [trial 10] 48 features, training_days=470 | threshold=0.534 | labels: 1054 long, 1114 short (49/51%)
    [trial 10] Sharpe=-0.0081 (folds: 0.3360, -0.0259, -0.1269, -0.2236, -0.0004)
    [trial 11] 48 features, training_days=360 | threshold=0.607 | labels: 1054 long, 1114 short (49/51%)
    [trial 11] Sharpe=-0.0309 (folds: 0.1768, -0.0717, -0.0954, -0.1612, -0.0028)
    [trial 12] 48 features, training_days=20 | threshold=0.618 | labels: 1054 long, 1114 short (49/51%)
    [trial 12] Sharpe=-1.9569 (folds: 0.0539, -0.0200, -10.0000, -0.0242, 0.2055)
    [trial 13] 48 features, training_days=400 | threshold=0.504 | labels: 1054 long, 1114 short (49/51%)
    [trial 13] Sharpe=-0.0116 (folds: 0.1687, -0.0656, -0.0614, -0.1213, 0.0217)
    [trial 14] 48 features, training_days=270 | threshold=0.687 | labels: 1054 long, 1114 short (49/51%)
    [trial 14] Sharpe=0.0103 (folds: 0.1842, -0.0366, 0.0389, -0.1596, 0.0245)
    [trial 15] 48 features, training_days=190 | threshold=0.670 | labels: 1054 long, 1114 short (49/51%)
    [trial 15] Sharpe=0.0141 (folds: 0.2235, -0.0190, 0.0119, -0.0912, -0.0544)
    [trial 16] 48 features, training_days=310 | threshold=0.579 | labels: 1054 long, 1114 short (49/51%)
    [trial 16] Sharpe=-0.0294 (folds: 0.2459, -0.0648, -0.1059, -0.2195, -0.0025)
    [trial 17] 48 features, training_days=50 | threshold=0.708 | labels: 1054 long, 1114 short (49/51%)
    [trial 17] Sharpe=-5.9807 (folds: 0.0539, 0.0427, -10.0000, -10.0000, -10.0000)
  Optuna: 18 trials, best Sharpe = 0.0245
  Best params: n_estimators=357, max_depth=5, lr=0.0974, leaves=40
  Best confidence_threshold: 0.606
  Best training_days: 210
  Retrained on full data (630 samples, 48 features)
  [ensemble 3/3] seed=456
    [trial 0] 48 features, training_days=90 | threshold=0.587 | labels: 1054 long, 1114 short (49/51%)
    [CV fold 0] train_end=2021-08-22 08:00 | val_start=2021-08-30 00:00 | gap=184h (22 rows)
    [CV fold 1] train_end=2021-12-20 16:00 | val_start=2021-12-28 08:00 | gap=184h (22 rows)
    [CV fold 2] train_end=2022-04-20 00:00 | val_start=2022-04-27 16:00 | gap=184h (22 rows)
    [CV fold 3] train_end=2022-08-18 08:00 | val_start=2022-08-26 00:00 | gap=184h (22 rows)
    [CV fold 4] train_end=2022-12-16 16:00 | val_start=2022-12-24 08:00 | gap=184h (22 rows)
    [trial 0] Sharpe=-0.0302 (folds: -0.0242, 0.0362, -0.0421, -0.1166, -0.0044)
    [trial 1] 48 features, training_days=290 | threshold=0.635 | labels: 1054 long, 1114 short (49/51%)
    [trial 1] Sharpe=-0.0004 (folds: 0.3167, -0.0386, -0.0581, -0.2094, -0.0127)
    [trial 2] 48 features, training_days=10 | threshold=0.585 | labels: 1054 long, 1114 short (49/51%)
    [trial 2] Sharpe=-2.0255 (folds: -0.0372, 0.0427, -10.0000, -0.0242, -0.1090)
    [trial 3] 48 features, training_days=220 | threshold=0.687 | labels: 1054 long, 1114 short (49/51%)
    [trial 3] Sharpe=-0.0567 (folds: 0.3110, -0.1578, 0.0194, -0.2632, -0.1927)
    [trial 4] 48 features, training_days=300 | threshold=0.562 | labels: 1054 long, 1114 short (49/51%)
    [trial 4] Sharpe=0.0235 (folds: 0.2592, -0.0423, -0.0234, -0.1049, 0.0289)
    [trial 5] 48 features, training_days=490 | threshold=0.711 | labels: 1054 long, 1114 short (49/51%)
    [trial 5] Sharpe=-0.0177 (folds: 0.1759, -0.0919, -0.1096, -0.1518, 0.0886)
    [trial 6] 48 features, training_days=420 | threshold=0.667 | labels: 1054 long, 1114 short (49/51%)
    [trial 6] Sharpe=0.0093 (folds: 0.2365, -0.0428, -0.0667, -0.1387, 0.0584)
    [trial 7] 48 features, training_days=120 | threshold=0.550 | labels: 1054 long, 1114 short (49/51%)
    [trial 7] Sharpe=-0.0398 (folds: 0.1514, -0.1140, 0.0478, -0.1953, -0.0888)
    [trial 8] 48 features, training_days=450 | threshold=0.720 | labels: 1054 long, 1114 short (49/51%)
    [trial 8] Sharpe=-0.0222 (folds: 0.3203, -0.0754, -0.0698, -0.1515, -0.1344)
    [trial 9] 48 features, training_days=20 | threshold=0.727 | labels: 1054 long, 1114 short (49/51%)
    [trial 9] Sharpe=-7.9892 (folds: 0.0539, -10.0000, -10.0000, -10.0000, -10.0000)
    [trial 10] 48 features, training_days=320 | threshold=0.840 | labels: 1054 long, 1114 short (49/51%)
    [trial 10] Sharpe=-0.1430 (folds: 0.1178, -0.2052, -0.2444, -0.2266, -0.1564)
    [trial 11] 48 features, training_days=390 | threshold=0.792 | labels: 1054 long, 1114 short (49/51%)
    [trial 11] Sharpe=-2.3135 (folds: -0.0006, -0.7599, -0.5265, -10.0000, -0.2803)
    [trial 12] 48 features, training_days=380 | threshold=0.515 | labels: 1054 long, 1114 short (49/51%)
    [trial 12] Sharpe=-0.0564 (folds: 0.1530, -0.1024, -0.0823, -0.2915, 0.0411)
    [trial 13] 48 features, training_days=210 | threshold=0.631 | labels: 1054 long, 1114 short (49/51%)
    [trial 13] Sharpe=-0.0145 (folds: 0.2751, -0.1235, 0.0050, -0.2127, -0.0163)
    [trial 14] 48 features, training_days=370 | threshold=0.505 | labels: 1054 long, 1114 short (49/51%)
    [trial 14] Sharpe=-0.0175 (folds: 0.1951, -0.0378, -0.1049, -0.1718, 0.0320)
    [trial 15] 48 features, training_days=450 | threshold=0.610 | labels: 1054 long, 1114 short (49/51%)
    [trial 15] Sharpe=0.0255 (folds: 0.2383, -0.1843, -0.0614, -0.0225, 0.1573)
    [trial 16] 48 features, training_days=500 | threshold=0.572 | labels: 1054 long, 1114 short (49/51%)
    [trial 16] Sharpe=0.0533 (folds: 0.2318, -0.1332, -0.0045, 0.0311, 0.1415)
    [trial 17] 48 features, training_days=490 | threshold=0.629 | labels: 1054 long, 1114 short (49/51%)
    [trial 17] Sharpe=0.0268 (folds: 0.2444, -0.2249, -0.0657, -0.0029, 0.1831)
  Optuna: 18 trials, best Sharpe = 0.0533
  Best params: n_estimators=53, max_depth=4, lr=0.0213, leaves=32
  Best confidence_threshold: 0.572
  Best training_days: 500
  Retrained on full data (1500 samples, 48 features)
  OOD: 16 features, cutoff (q=0.7) = 9.53
  Model trained for 2023-05: 93 test candles with features, confidence_threshold=0.594
[trade:close] 2023-05-01 23:59 BTCUSDT LONG → stop_loss @ 28046.93 | PnL=-4.84% (net -4.94%) | cum=-20.04% 2023-05=-4.94% 2023-05-01=-4.94%
[predict] 2023-05-02 16:00 BTCUSDT → LONG (proba=0.74 TP=7.8%/SL=3.9%)
[trade:open] 2023-05-02 23:59 BTCUSDT LONG @ 28656.50 | SL=27532.25 TP=30905.00 | timeout=2023-05-09 23:59
[trade:close] 2023-05-08 23:59 BTCUSDT LONG → stop_loss @ 27532.25 | PnL=-3.92% (net -4.02%) | cum=-24.06% 2023-05=-8.96% 2023-05-08=-4.02%
[predict] 2023-05-09 16:00 BTCUSDT → LONG (proba=0.67 TP=7.2%/SL=3.6%)[I 2026-06-01 12:58:39,006] A new study created in memory with name: no-name-b7e647a0-d9a2-4e5d-bcff-b9e379dc8608
[I 2026-06-01 12:58:39,341] Trial 0 finished with value: -0.07871868778668102 and parameters: {'confidence_threshold': 0.6310890415965769, 'training_days': 480, 'n_estimators': 380, 'max_depth': 4, 'num_leaves': 22, 'learning_rate': 0.01699897838270077, 'subsample': 0.5290418060840998, 'colsample_bytree': 0.9330880728874675, 'min_child_samples': 68, 'reg_alpha': 0.023585940584142682, 'reg_lambda': 1.5320059381854043e-08}. Best is trial 0 with value: -0.07871868778668102.
[I 2026-06-01 12:58:39,460] Trial 1 finished with value: -4.08136933448066 and parameters: {'confidence_threshold': 0.839468448256698, 'training_days': 420, 'n_estimators': 145, 'max_depth': 3, 'num_leaves': 23, 'learning_rate': 0.028145092716060652, 'subsample': 0.762378215816119, 'colsample_bytree': 0.7159725093210578, 'min_child_samples': 43, 'reg_alpha': 0.0032112643094417484, 'reg_lambda': 1.8007140198129195e-07}. Best is trial 0 with value: -0.07871868778668102.
[I 2026-06-01 12:58:39,609] Trial 2 finished with value: -0.028026262601775282 and parameters: {'confidence_threshold': 0.6022506269873263, 'training_days': 190, 'n_estimators': 255, 'max_depth': 5, 'num_leaves': 24, 'learning_rate': 0.05748924681991978, 'subsample': 0.7962072844310213, 'colsample_bytree': 0.5232252063599989, 'min_child_samples': 69, 'reg_alpha': 3.425445902633376e-07, 'reg_lambda': 3.850031979199519e-08}. Best is trial 2 with value: -0.028026262601775282.
[I 2026-06-01 12:58:39,852] Trial 3 finished with value: -0.07776415945818901 and parameters: {'confidence_threshold': 0.8321099380386666, 'training_days': 490, 'n_estimators': 414, 'max_depth': 3, 'num_leaves': 19, 'learning_rate': 0.1024932221692416, 'subsample': 0.7200762468698007, 'colsample_bytree': 0.5610191174223894, 'min_child_samples': 60, 'reg_alpha': 2.039373116525212e-08, 'reg_lambda': 1.527156759251193}. Best is trial 2 with value: -0.028026262601775282.
[I 2026-06-01 12:58:40,007] Trial 4 finished with value: -0.04784527078780998 and parameters: {'confidence_threshold': 0.5905729935600059, 'training_days': 340, 'n_estimators': 190, 'max_depth': 4, 'num_leaves': 41, 'learning_rate': 0.01875220945578641, 'subsample': 0.9847923138822793, 'colsample_bytree': 0.8875664116805573, 'min_child_samples': 96, 'reg_alpha': 1.1309571585271483, 'reg_lambda': 0.002404915432737351}. Best is trial 2 with value: -0.028026262601775282.
[I 2026-06-01 12:58:40,043] Trial 5 finished with value: 0.09582858331916785 and parameters: {'confidence_threshold': 0.8226559822580909, 'training_days': 50, 'n_estimators': 138, 'max_depth': 3, 'num_leaves': 30, 'learning_rate': 0.03750796359625606, 'subsample': 0.6356745158869479, 'colsample_bytree': 0.9143687545759647, 'min_child_samples': 48, 'reg_alpha': 3.376063348877853e-06, 'reg_lambda': 0.0007660634613082914}. Best is trial 5 with value: 0.09582858331916785.
[I 2026-06-01 12:58:40,145] Trial 6 finished with value: -0.058731839710937005 and parameters: {'confidence_threshold': 0.5493234787411669, 'training_days': 410, 'n_estimators': 83, 'max_depth': 5, 'num_leaves': 52, 'learning_rate': 0.019657448966046126, 'subsample': 0.5027610585618012, 'colsample_bytree': 0.9077307142274171, 'min_child_samples': 77, 'reg_alpha': 0.03639690979811287, 'reg_lambda': 0.08738424135626986}. Best is trial 5 with value: 0.09582858331916785.
[I 2026-06-01 12:58:40,231] Trial 7 finished with value: -0.04754296759147027 and parameters: {'confidence_threshold': 0.5259156281069316, 'training_days': 180, 'n_estimators': 102, 'max_depth': 5, 'num_leaves': 45, 'learning_rate': 0.030816017044468066, 'subsample': 0.5317791751430119, 'colsample_bytree': 0.6554911608578311, 'min_child_samples': 46, 'reg_alpha': 0.036851536911881845, 'reg_lambda': 0.005470376807480391}. Best is trial 5 with value: 0.09582858331916785.
[I 2026-06-01 12:58:40,322] Trial 8 finished with value: -0.03012547851656768 and parameters: {'confidence_threshold': 0.8105244599017143, 'training_days': 240, 'n_estimators': 103, 'max_depth': 5, 'num_leaves': 52, 'learning_rate': 0.06746437142284309, 'subsample': 0.8854835899772805, 'colsample_bytree': 0.7468977981821954, 'min_child_samples': 62, 'reg_alpha': 7.04480806377519e-05, 'reg_lambda': 1.6934490731313353e-08}. Best is trial 5 with value: 0.09582858331916785.
[I 2026-06-01 12:58:40,344] Trial 9 finished with value: 0.020689412758396603 and parameters: {'confidence_threshold': 0.5377619994476566, 'training_days': 20, 'n_estimators': 337, 'max_depth': 3, 'num_leaves': 39, 'learning_rate': 0.21907142272152816, 'subsample': 0.6246461145744375, 'colsample_bytree': 0.7051914615178149, 'min_child_samples': 81, 'reg_alpha': 1.1459970229341322e-06, 'reg_lambda': 4.929685216887945e-08}. Best is trial 5 with value: 0.09582858331916785.
[I 2026-06-01 12:58:40,380] Trial 10 finished with value: 0.020689412758396603 and parameters: {'confidence_threshold': 0.7318981109748116, 'training_days': 10, 'n_estimators': 487, 'max_depth': 4, 'num_leaves': 31, 'learning_rate': 0.14704103471568217, 'subsample': 0.628963476300746, 'colsample_bytree': 0.987470107623585, 'min_child_samples': 25, 'reg_alpha': 2.608784411827665e-05, 'reg_lambda': 3.3639426888455256e-06}. Best is trial 5 with value: 0.09582858331916785.
[I 2026-06-01 12:58:40,411] Trial 11 finished with value: 0.020689412758396603 and parameters: {'confidence_threshold': 0.715357026933722, 'training_days': 20, 'n_estimators': 291, 'max_depth': 3, 'num_leaves': 33, 'learning_rate': 0.29081576079680116, 'subsample': 0.6496599335113177, 'colsample_bytree': 0.8271697325369484, 'min_child_samples': 92, 'reg_alpha': 1.8335640581015016e-06, 'reg_lambda': 1.7775498934647403e-05}. Best is trial 5 with value: 0.09582858331916785.
[I 2026-06-01 12:58:40,485] Trial 12 finished with value: 0.050261161156717485 and parameters: {'confidence_threshold': 0.7456670193224102, 'training_days': 90, 'n_estimators': 293, 'max_depth': 3, 'num_leaves': 33, 'learning_rate': 0.2959628420607887, 'subsample': 0.6274745095999714, 'colsample_bytree': 0.6562433298545489, 'min_child_samples': 84, 'reg_alpha': 3.1740335584318674e-06, 'reg_lambda': 7.90277059723651e-05}. Best is trial 5 with value: 0.09582858331916785.
[I 2026-06-01 12:58:40,585] Trial 13 finished with value: 0.012566382766274206 and parameters: {'confidence_threshold': 0.7624124070703755, 'training_days': 110, 'n_estimators': 216, 'max_depth': 3, 'num_leaves': 62, 'learning_rate': 0.034579577583053196, 'subsample': 0.6866291716128416, 'colsample_bytree': 0.5961799392941978, 'min_child_samples': 46, 'reg_alpha': 3.219567910488193e-08, 'reg_lambda': 6.437971469334524e-05}. Best is trial 5 with value: 0.09582858331916785.
[I 2026-06-01 12:58:40,728] Trial 14 finished with value: 0.03575493845148316 and parameters: {'confidence_threshold': 0.7871652886153421, 'training_days': 100, 'n_estimators': 293, 'max_depth': 3, 'num_leaves': 30, 'learning_rate': 0.09395165460556847, 'subsample': 0.5808433054196197, 'colsample_bytree': 0.8116145799213325, 'min_child_samples': 31, 'reg_alpha': 8.087111731072225e-06, 'reg_lambda': 0.0006284807489164356}. Best is trial 5 with value: 0.09582858331916785.
