[I 2026-06-01 12:59:43,243] Trial 17 finished with value: -0.042910412653412514 and parameters: {'confidence_threshold': 0.5660121886257781, 'training_days': 50, 'n_estimators': 81, 'max_depth': 5, 'num_leaves': 15, 'learning_rate': 0.10843784619353589, 'subsample': 0.7880066290704743, 'colsample_bytree': 0.7882069742740347, 'min_child_samples': 49, 'reg_alpha': 7.284070645541434, 'reg_lambda': 1.1511599544966255e-07}. Best is trial 8 with value: 0.03835923577526856.
[I 2026-06-01 12:59:43,551] A new study created in memory with name: no-name-d514b1c4-9bb5-4dab-a7da-d7ddce771493
[I 2026-06-01 12:59:43,741] Trial 0 finished with value: -0.11773074001614633 and parameters: {'confidence_threshold': 0.5870645682749857, 'training_days': 90, 'n_estimators': 403, 'max_depth': 5, 'num_leaves': 45, 'learning_rate': 0.0780457193679974, 'subsample': 0.9428509515574568, 'colsample_bytree': 0.8795587339164916, 'min_child_samples': 34, 'reg_alpha': 2.2465901234314442e-07, 'reg_lambda': 8.339007036475363e-05}. Best is trial 0 with value: -0.11773074001614633.
[I 2026-06-01 12:59:43,856] Trial 1 finished with value: -0.021240065898868787 and parameters: {'confidence_threshold': 0.6348453934275313, 'training_days': 290, 'n_estimators': 115, 'max_depth': 5, 'num_leaves': 37, 'learning_rate': 0.06949568759029946, 'subsample': 0.8228505074024268, 'colsample_bytree': 0.8616703220431751, 'min_child_samples': 75, 'reg_alpha': 4.2486822725010923e-07, 'reg_lambda': 1.157247767047042e-07}. Best is trial 1 with value: -0.021240065898868787.
[I 2026-06-01 12:59:43,875] Trial 2 finished with value: -0.1861293008651023 and parameters: {'confidence_threshold': 0.5849570384370288, 'training_days': 10, 'n_estimators': 212, 'max_depth': 3, 'num_leaves': 41, 'learning_rate': 0.18452095998378365, 'subsample': 0.6001060822924371, 'colsample_bytree': 0.5673167293506167, 'min_child_samples': 37, 'reg_alpha': 5.733250064217131, 'reg_lambda': 0.5308454292595461}. Best is trial 1 with value: -0.021240065898868787.
[I 2026-06-01 12:59:43,949] Trial 3 finished with value: 0.0005203070438298041 and parameters: {'confidence_threshold': 0.6868248626683718, 'training_days': 220, 'n_estimators': 134, 'max_depth': 3, 'num_leaves': 45, 'learning_rate': 0.033529007907491595, 'subsample': 0.8647277071858408, 'colsample_bytree': 0.778494116634046, 'min_child_samples': 96, 'reg_alpha': 2.409409937265785e-07, 'reg_lambda': 1.1642073478060009}. Best is trial 3 with value: 0.0005203070438298041.
[I 2026-06-01 12:59:44,032] Trial 4 finished with value: -0.0008969529778518976 and parameters: {'confidence_threshold': 0.5623121348350352, 'training_days': 300, 'n_estimators': 69, 'max_depth': 4, 'num_leaves': 32, 'learning_rate': 0.14967629360700346, 'subsample': 0.5054535233636654, 'colsample_bytree': 0.7401385194659216, 'min_child_samples': 27, 'reg_alpha': 1.4212042567426725e-07, 'reg_lambda': 0.23605753701352003}. Best is trial 3 with value: 0.0005203070438298041.
[I 2026-06-01 12:59:44,463] Trial 5 finished with value: -0.04757494109975678 and parameters: {'confidence_threshold': 0.7111850244908446, 'training_days': 490, 'n_estimators': 362, 'max_depth': 5, 'num_leaves': 40, 'learning_rate': 0.05960785724162737, 'subsample': 0.5589714368907717, 'colsample_bytree': 0.6659006943232806, 'min_child_samples': 42, 'reg_alpha': 0.6741360303045295, 'reg_lambda': 6.054601607143087e-08}. Best is trial 3 with value: 0.0005203070438298041.
[I 2026-06-01 12:59:44,654] Trial 6 finished with value: 0.02340633735261357 and parameters: {'confidence_threshold': 0.667482545748023, 'training_days': 420, 'n_estimators': 279, 'max_depth': 3, 'num_leaves': 45, 'learning_rate': 0.040099592560849204, 'subsample': 0.8563114696415159, 'colsample_bytree': 0.5442917781944105, 'min_child_samples': 50, 'reg_alpha': 1.6407916423707903e-08, 'reg_lambda': 2.935907642973286e-05}. Best is trial 6 with value: 0.02340633735261357.
[I 2026-06-01 12:59:44,824] Trial 7 finished with value: -0.013205415659085914 and parameters: {'confidence_threshold': 0.5497381024139926, 'training_days': 120, 'n_estimators': 408, 'max_depth': 5, 'num_leaves': 38, 'learning_rate': 0.28049122657745795, 'subsample': 0.8806573338635493, 'colsample_bytree': 0.5454054113547102, 'min_child_samples': 63, 'reg_alpha': 0.01263008637940408, 'reg_lambda': 0.04588020805366937}. Best is trial 6 with value: 0.02340633735261357.
[I 2026-06-01 12:59:45,096] Trial 8 finished with value: -0.036807686591146103 and parameters: {'confidence_threshold': 0.719644804808716, 'training_days': 450, 'n_estimators': 410, 'max_depth': 4, 'num_leaves': 57, 'learning_rate': 0.04022026551478857, 'subsample': 0.5336085426932707, 'colsample_bytree': 0.5705742850577543, 'min_child_samples': 100, 'reg_alpha': 5.916398047912201e-07, 'reg_lambda': 0.9794034214488329}. Best is trial 6 with value: 0.02340633735261357.

    [trial 8] Sharpe=-0.1310 (folds: -0.1971, -0.5969, -0.2780, 0.1351, 0.2819)
    [trial 9] 48 features, training_days=20 | threshold=0.538 | labels: 1080 long, 1088 short (50/50%)
    [trial 9] Sharpe=-0.1861 (folds: 0.1738, -0.3734, -0.1240, -0.1362, -0.4708)
    [trial 10] 48 features, training_days=350 | threshold=0.738 | labels: 1080 long, 1088 short (50/50%)
    [trial 10] Sharpe=-0.1039 (folds: -0.1219, -0.5659, -0.2573, 0.2388, 0.1870)
    [trial 11] 48 features, training_days=20 | threshold=0.715 | labels: 1080 long, 1088 short (50/50%)
    [trial 11] Sharpe=-2.0920 (folds: 0.1738, -0.3734, -0.1240, -0.1362, -10.0000)
    [trial 12] 48 features, training_days=140 | threshold=0.746 | labels: 1080 long, 1088 short (50/50%)
    [trial 12] Sharpe=-0.1269 (folds: 0.0356, -0.6492, -0.3739, 0.2683, 0.0845)
    [trial 13] 48 features, training_days=100 | threshold=0.663 | labels: 1080 long, 1088 short (50/50%)
    [trial 13] Sharpe=-0.1389 (folds: -0.1370, -0.4626, -0.2792, 0.1108, 0.0736)
    [trial 14] 48 features, training_days=320 | threshold=0.787 | labels: 1080 long, 1088 short (50/50%)
    [trial 14] Sharpe=-0.0969 (folds: -0.1589, -0.4460, -0.3267, 0.1920, 0.2550)
    [trial 15] 48 features, training_days=270 | threshold=0.687 | labels: 1080 long, 1088 short (50/50%)
    [trial 15] Sharpe=-0.0302 (folds: -0.1106, -0.3053, -0.0921, 0.1578, 0.1992)
    [trial 16] 48 features, training_days=420 | threshold=0.565 | labels: 1080 long, 1088 short (50/50%)
    [trial 16] Sharpe=-0.0110 (folds: -0.0472, -0.1680, -0.1104, 0.0461, 0.2244)
    [trial 17] 48 features, training_days=60 | threshold=0.648 | labels: 1080 long, 1088 short (50/50%)
    [trial 17] Sharpe=-10.0000 (folds: -10.0000, -10.0000, -10.0000, -10.0000, -10.0000)
  Optuna: 18 trials, best Sharpe = 0.0092
  Best params: n_estimators=83, max_depth=5, lr=0.0197, leaves=52
  Best confidence_threshold: 0.549
  Best training_days: 410
  Retrained on full data (1230 samples, 48 features)
  [ensemble 2/3] seed=123
    [trial 0] 48 features, training_days=150 | threshold=0.744 | labels: 1080 long, 1088 short (50/50%)
    [CV fold 0] train_end=2022-03-24 08:00 | val_start=2022-04-01 00:00 | gap=184h (22 rows)
    [CV fold 1] train_end=2022-07-22 16:00 | val_start=2022-07-30 08:00 | gap=184h (22 rows)
    [CV fold 2] train_end=2022-11-20 00:00 | val_start=2022-11-27 16:00 | gap=184h (22 rows)
    [CV fold 3] train_end=2023-03-20 08:00 | val_start=2023-03-28 00:00 | gap=184h (22 rows)
    [CV fold 4] train_end=2023-07-18 16:00 | val_start=2023-07-26 08:00 | gap=184h (22 rows)
    [trial 0] Sharpe=-0.0524 (folds: -0.0243, -0.4646, -0.3531, 0.3564, 0.2235)
    [trial 1] 48 features, training_days=220 | threshold=0.755 | labels: 1080 long, 1088 short (50/50%)
    [trial 1] Sharpe=-3.8858 (folds: -10.0000, -10.0000, -0.8015, 0.2817, 1.0906)
    [trial 2] 48 features, training_days=310 | threshold=0.754 | labels: 1080 long, 1088 short (50/50%)
    [trial 2] Sharpe=-0.0462 (folds: -0.0865, -0.3486, -0.1498, 0.1434, 0.2107)
    [trial 3] 48 features, training_days=220 | threshold=0.673 | labels: 1080 long, 1088 short (50/50%)
    [trial 3] Sharpe=0.0213 (folds: -0.0099, -0.2009, -0.0484, 0.1195, 0.2460)
    [trial 4] 48 features, training_days=130 | threshold=0.803 | labels: 1080 long, 1088 short (50/50%)
    [trial 4] Sharpe=-0.0223 (folds: -0.1130, -0.3070, -0.0347, 0.3082, 0.0349)
    [trial 5] 48 features, training_days=210 | threshold=0.606 | labels: 1080 long, 1088 short (50/50%)
    [trial 5] Sharpe=-0.0321 (folds: -0.1545, -0.3081, -0.0649, 0.1217, 0.2456)
    [trial 6] 48 features, training_days=130 | threshold=0.767 | labels: 1080 long, 1088 short (50/50%)
    [trial 6] Sharpe=-0.0368 (folds: -0.0690, -0.3678, -0.0441, 0.1375, 0.1594)
    [trial 7] 48 features, training_days=80 | threshold=0.556 | labels: 1080 long, 1088 short (50/50%)
    [trial 7] Sharpe=-0.0582 (folds: -0.1585, -0.2762, 0.0741, 0.0258, 0.0439)
    [trial 8] 48 features, training_days=200 | threshold=0.607 | labels: 1080 long, 1088 short (50/50%)
    [trial 8] Sharpe=0.0384 (folds: 0.0347, -0.1814, -0.0050, 0.0928, 0.2507)
    [trial 9] 48 features, training_days=260 | threshold=0.620 | labels: 1080 long, 1088 short (50/50%)
    [trial 9] Sharpe=-0.0233 (folds: -0.1474, -0.2021, -0.0839, 0.1311, 0.1858)
    [trial 10] 48 features, training_days=470 | threshold=0.534 | labels: 1080 long, 1088 short (50/50%)
    [trial 10] Sharpe=-0.0271 (folds: -0.1347, -0.0922, -0.1106, 0.0322, 0.1698)
    [trial 11] 48 features, training_days=360 | threshold=0.672 | labels: 1080 long, 1088 short (50/50%)
    [trial 11] Sharpe=-0.0451 (folds: -0.0440, -0.2168, -0.0956, 0.0008, 0.1300)
    [trial 12] 48 features, training_days=20 | threshold=0.673 | labels: 1080 long, 1088 short (50/50%)
    [trial 12] Sharpe=-2.0920 (folds: 0.1738, -0.3734, -0.1240, -0.1362, -10.0000)
    [trial 13] 48 features, training_days=400 | threshold=0.611 | labels: 1080 long, 1088 short (50/50%)
    [trial 13] Sharpe=-0.0262 (folds: -0.0539, -0.1894, -0.1193, 0.0650, 0.1667)
    [trial 14] 48 features, training_days=290 | threshold=0.697 | labels: 1080 long, 1088 short (50/50%)
    [trial 14] Sharpe=-0.0210 (folds: -0.0331, -0.2148, -0.0689, 0.0378, 0.1741)
    [trial 15] 48 features, training_days=200 | threshold=0.503 | labels: 1080 long, 1088 short (50/50%)
    [trial 15] Sharpe=-0.0241 (folds: -0.1296, -0.3203, -0.0932, 0.1646, 0.2581)
    [trial 16] 48 features, training_days=340 | threshold=0.640 | labels: 1080 long, 1088 short (50/50%)
    [trial 16] Sharpe=-0.0073 (folds: 0.0044, -0.2026, -0.1120, 0.1248, 0.1489)
    [trial 17] 48 features, training_days=50 | threshold=0.566 | labels: 1080 long, 1088 short (50/50%)
    [trial 17] Sharpe=-0.0429 (folds: -0.0953, -0.1814, -0.0222, 0.0524, 0.0320)
  Optuna: 18 trials, best Sharpe = 0.0384
  Best params: n_estimators=367, max_depth=5, lr=0.1338, leaves=32
  Best confidence_threshold: 0.607
  Best training_days: 200
  Retrained on full data (600 samples, 48 features)
  [ensemble 3/3] seed=456
    [trial 0] 48 features, training_days=90 | threshold=0.587 | labels: 1080 long, 1088 short (50/50%)
    [CV fold 0] train_end=2022-03-24 08:00 | val_start=2022-04-01 00:00 | gap=184h (22 rows)
    [CV fold 1] train_end=2022-07-22 16:00 | val_start=2022-07-30 08:00 | gap=184h (22 rows)
    [CV fold 2] train_end=2022-11-20 00:00 | val_start=2022-11-27 16:00 | gap=184h (22 rows)
    [CV fold 3] train_end=2023-03-20 08:00 | val_start=2023-03-28 00:00 | gap=184h (22 rows)
    [CV fold 4] train_end=2023-07-18 16:00 | val_start=2023-07-26 08:00 | gap=184h (22 rows)
    [trial 0] Sharpe=-0.1177 (folds: -0.0438, -0.3700, -0.1100, -0.0083, -0.0564)
    [trial 1] 48 features, training_days=290 | threshold=0.635 | labels: 1080 long, 1088 short (50/50%)
    [trial 1] Sharpe=-0.0212 (folds: -0.1786, -0.1866, -0.0674, 0.1101, 0.2163)
    [trial 2] 48 features, training_days=10 | threshold=0.585 | labels: 1080 long, 1088 short (50/50%)
    [trial 2] Sharpe=-0.1861 (folds: 0.1738, -0.3734, -0.1240, -0.1362, -0.4708)
    [trial 3] 48 features, training_days=220 | threshold=0.687 | labels: 1080 long, 1088 short (50/50%)
    [trial 3] Sharpe=0.0005 (folds: -0.1247, -0.5073, 0.0132, 0.1986, 0.4228)
    [trial 4] 48 features, training_days=300 | threshold=0.562 | labels: 1080 long, 1088 short (50/50%)
    [trial 4] Sharpe=-0.0009 (folds: -0.0142, -0.1334, -0.0532, 0.0876, 0.1087)
    [trial 5] 48 features, training_days=490 | threshold=0.711 | labels: 1080 long, 1088 short (50/50%)
    [trial 5] Sharpe=-0.0476 (folds: -0.0807, -0.2250, -0.1594, 0.0717, 0.1555)
    [trial 6] 48 features, training_days=420 | threshold=0.667 | labels: 1080 long, 1088 short (50/50%)
    [trial 6] Sharpe=0.0234 (folds: -0.0953, -0.1000, -0.0901, 0.0793, 0.3231)
    [trial 7] 48 features, training_days=120 | threshold=0.550 | labels: 1080 long, 1088 short (50/50%)
    [trial 7] Sharpe=-0.0132 (folds: -0.0308, -0.2709, 0.0752, 0.1131, 0.0474)
    [trial 8] 48 features, training_days=450 | threshold=0.720 | labels: 1080 long, 1088 short (50/50%)
    [trial 8] Sharpe=-0.0368 (folds: -0.1657, -0.2675, -0.0842, 0.0375, 0.2959)
    [trial 9] 48 features, training_days=20 | threshold=0.727 | labels: 1080 long, 1088 short (50/50%)[I 2026-06-01 12:59:45,119] Trial 9 finished with value: -2.0919618318997797 and parameters: {'confidence_threshold': 0.7267463643917187, 'training_days': 20, 'n_estimators': 337, 'max_depth': 5, 'num_leaves': 23, 'learning_rate': 0.022153031811454605, 'subsample': 0.6305627572358737, 'colsample_bytree': 0.6613413774216214, 'min_child_samples': 81, 'reg_alpha': 5.7638634029410314e-08, 'reg_lambda': 8.26603016764008}. Best is trial 6 with value: 0.02340633735261357.
[I 2026-06-01 12:59:45,303] Trial 10 finished with value: -6.031961436054 and parameters: {'confidence_threshold': 0.8283920119574972, 'training_days': 400, 'n_estimators': 240, 'max_depth': 3, 'num_leaves': 62, 'learning_rate': 0.011921022686883517, 'subsample': 0.7130289643560688, 'colsample_bytree': 0.9944479338273263, 'min_child_samples': 54, 'reg_alpha': 6.837313901272251e-05, 'reg_lambda': 2.741063772648371e-05}. Best is trial 6 with value: 0.02340633735261357.
[I 2026-06-01 12:59:45,401] Trial 11 finished with value: 0.004628949266381488 and parameters: {'confidence_threshold': 0.6624828863039158, 'training_days': 210, 'n_estimators': 186, 'max_depth': 3, 'num_leaves': 50, 'learning_rate': 0.029354876456257728, 'subsample': 0.9833364932696866, 'colsample_bytree': 0.8016610248739169, 'min_child_samples': 100, 'reg_alpha': 2.573708591509265e-05, 'reg_lambda': 0.002302539738527198}. Best is trial 6 with value: 0.02340633735261357.
[I 2026-06-01 12:59:45,719] Trial 12 finished with value: -0.029329978517172763 and parameters: {'confidence_threshold': 0.7941244016450042, 'training_days': 200, 'n_estimators': 490, 'max_depth': 4, 'num_leaves': 54, 'learning_rate': 0.01924681962976845, 'subsample': 0.9945934524650095, 'colsample_bytree': 0.8079958449713885, 'min_child_samples': 55, 'reg_alpha': 3.947514017978493e-05, 'reg_lambda': 0.003925311356005053}. Best is trial 6 with value: 0.02340633735261357.
[I 2026-06-01 12:59:45,861] Trial 13 finished with value: -0.030441491946028736 and parameters: {'confidence_threshold': 0.6484392877180429, 'training_days': 380, 'n_estimators': 186, 'max_depth': 3, 'num_leaves': 52, 'learning_rate': 0.025928125322233722, 'subsample': 0.7677089654341261, 'colsample_bytree': 0.647919517568794, 'min_child_samples': 71, 'reg_alpha': 0.0046815581217382945, 'reg_lambda': 3.95437857324281e-06}. Best is trial 6 with value: 0.02340633735261357.
[I 2026-06-01 12:59:46,040] Trial 14 finished with value: -0.10538872084575365 and parameters: {'confidence_threshold': 0.7723320301796328, 'training_days': 340, 'n_estimators': 288, 'max_depth': 3, 'num_leaves': 49, 'learning_rate': 0.012336773265601368, 'subsample': 0.9940705546415621, 'colsample_bytree': 0.9399344838048181, 'min_child_samples': 89, 'reg_alpha': 7.414439374921975e-06, 'reg_lambda': 0.0014709214223004336}. Best is trial 6 with value: 0.02340633735261357.
[I 2026-06-01 12:59:46,181] Trial 15 finished with value: -0.044064677784129466 and parameters: {'confidence_threshold': 0.637515015037249, 'training_days': 180, 'n_estimators': 282, 'max_depth': 3, 'num_leaves': 27, 'learning_rate': 0.10748337522901448, 'subsample': 0.9198089034161836, 'colsample_bytree': 0.502925720040233, 'min_child_samples': 65, 'reg_alpha': 1.4901449125150233e-08, 'reg_lambda': 2.582339790441249e-06}. Best is trial 6 with value: 0.02340633735261357.
[I 2026-06-01 12:59:46,322] Trial 16 finished with value: -0.024083607085329445 and parameters: {'confidence_threshold': 0.5156958281455359, 'training_days': 260, 'n_estimators': 153, 'max_depth': 4, 'num_leaves': 60, 'learning_rate': 0.04237124023382382, 'subsample': 0.7834205400086206, 'colsample_bytree': 0.7365251254404247, 'min_child_samples': 47, 'reg_alpha': 0.008257636297190734, 'reg_lambda': 0.007107993949569995}. Best is trial 6 with value: 0.02340633735261357.
[I 2026-06-01 12:59:46,491] Trial 17 finished with value: -0.025781337692586198 and parameters: {'confidence_threshold': 0.6766391067339134, 'training_days': 150, 'n_estimators': 261, 'max_depth': 3, 'num_leaves': 18, 'learning_rate': 0.019352225990314435, 'subsample': 0.6887558060733543, 'colsample_bytree': 0.8473021241370321, 'min_child_samples': 22, 'reg_alpha': 5.816483280741891e-06, 'reg_lambda': 0.00031996395827986343}. Best is trial 6 with value: 0.02340633735261357.
[I 2026-06-01 12:59:47,058] A new study created in memory with name: no-name-de7d2a71-0b90-4c8c-89ba-61d1b904539b
[I 2026-06-01 12:59:47,375] Trial 0 finished with value: -0.122100704053411 and parameters: {'confidence_threshold': 0.6310890415965769, 'training_days': 480, 'n_estimators': 380, 'max_depth': 4, 'num_leaves': 22, 'learning_rate': 0.01699897838270077, 'subsample': 0.5290418060840998, 'colsample_bytree': 0.9330880728874675, 'min_child_samples': 68, 'reg_alpha': 0.023585940584142682, 'reg_lambda': 1.5320059381854043e-08}. Best is trial 0 with value: -0.122100704053411.
