[I 2026-06-01 13:02:32,435] Trial 9 finished with value: -0.05136097015539437 and parameters: {'confidence_threshold': 0.5377619994476566, 'training_days': 20, 'n_estimators': 337, 'max_depth': 3, 'num_leaves': 39, 'learning_rate': 0.21907142272152816, 'subsample': 0.6246461145744375, 'colsample_bytree': 0.7051914615178149, 'min_child_samples': 81, 'reg_alpha': 1.1459970229341322e-06, 'reg_lambda': 4.929685216887945e-08}. Best is trial 6 with value: 0.01638175927737861.
[I 2026-06-01 13:02:33,112] Trial 10 finished with value: -0.06064275095874485 and parameters: {'confidence_threshold': 0.7378545837642324, 'training_days': 350, 'n_estimators': 487, 'max_depth': 5, 'num_leaves': 62, 'learning_rate': 0.011407797829608154, 'subsample': 0.628963476300746, 'colsample_bytree': 0.8340915966600303, 'min_child_samples': 27, 'reg_alpha': 8.536188349289, 'reg_lambda': 8.145051292774586}. Best is trial 6 with value: 0.01638175927737861.
[I 2026-06-01 13:02:33,377] Trial 11 finished with value: 0.007714447945877651 and parameters: {'confidence_threshold': 0.6622311673084612, 'training_days': 480, 'n_estimators': 298, 'max_depth': 4, 'num_leaves': 55, 'learning_rate': 0.010345547951401532, 'subsample': 0.5020876636914846, 'colsample_bytree': 0.9670246438738912, 'min_child_samples': 81, 'reg_alpha': 0.04080560208552622, 'reg_lambda': 7.868729181011707e-06}. Best is trial 6 with value: 0.01638175927737861.
[I 2026-06-01 13:02:33,592] Trial 12 finished with value: 0.013787907656264115 and parameters: {'confidence_threshold': 0.6931924535462305, 'training_days': 380, 'n_estimators': 228, 'max_depth': 4, 'num_leaves': 63, 'learning_rate': 0.010342884934290602, 'subsample': 0.5208452984523537, 'colsample_bytree': 0.9955462072303609, 'min_child_samples': 87, 'reg_alpha': 0.18159849136973016, 'reg_lambda': 8.348297043432798e-06}. Best is trial 6 with value: 0.01638175927737861.
[I 2026-06-01 13:02:33,776] Trial 13 finished with value: -0.015824187927196854 and parameters: {'confidence_threshold': 0.7226560122080761, 'training_days': 350, 'n_estimators': 223, 'max_depth': 4, 'num_leaves': 62, 'learning_rate': 0.018044904132800254, 'subsample': 0.5754051576863822, 'colsample_bytree': 0.9997336157190924, 'min_child_samples': 97, 'reg_alpha': 0.00023323394909551966, 'reg_lambda': 0.12873338729896155}. Best is trial 6 with value: 0.01638175927737861.
[I 2026-06-01 13:02:33,862] Trial 14 finished with value: -8.321460290254908 and parameters: {'confidence_threshold': 0.7105702641835471, 'training_days': 400, 'n_estimators': 57, 'max_depth': 4, 'num_leaves': 54, 'learning_rate': 0.010283791806907458, 'subsample': 0.6947700354899892, 'colsample_bytree': 0.8169575520318908, 'min_child_samples': 84, 'reg_alpha': 0.6243470830965396, 'reg_lambda': 7.565770484313319e-06}. Best is trial 6 with value: 0.01638175927737861.
[I 2026-06-01 13:02:33,938] Trial 15 finished with value: -0.009715572151212184 and parameters: {'confidence_threshold': 0.5032052028310184, 'training_days': 290, 'n_estimators': 55, 'max_depth': 5, 'num_leaves': 48, 'learning_rate': 0.021220183925083493, 'subsample': 0.5846000995232821, 'colsample_bytree': 0.8332678196538594, 'min_child_samples': 88, 'reg_alpha': 0.0030242975914927758, 'reg_lambda': 8.994225272210576e-06}. Best is trial 6 with value: 0.01638175927737861.
[I 2026-06-01 13:02:34,128] Trial 16 finished with value: -0.054779971147613925 and parameters: {'confidence_threshold': 0.760688354901976, 'training_days': 410, 'n_estimators': 197, 'max_depth': 4, 'num_leaves': 58, 'learning_rate': 0.09806146822400062, 'subsample': 0.8291760550801655, 'colsample_bytree': 0.8711031418229831, 'min_child_samples': 73, 'reg_alpha': 0.42661845970286133, 'reg_lambda': 0.028527205491035986}. Best is trial 6 with value: 0.01638175927737861.
[I 2026-06-01 13:02:34,344] Trial 17 finished with value: -0.08067417812360285 and parameters: {'confidence_threshold': 0.6755099553978283, 'training_days': 290, 'n_estimators': 272, 'max_depth': 4, 'num_leaves': 34, 'learning_rate': 0.04302553031342478, 'subsample': 0.6714947091972113, 'colsample_bytree': 0.9966402707927038, 'min_child_samples': 92, 'reg_alpha': 9.156333458924399, 'reg_lambda': 7.020354078392673e-05}. Best is trial 6 with value: 0.01638175927737861.

    [trial 17] 48 features, training_days=260 | threshold=0.773 | labels: 1190 long, 981 short (55/45%)
    [trial 17] Sharpe=-0.0207 (folds: 0.2050, 0.0951, 0.2096, -0.1702, -0.4432)
  Optuna: 18 trials, best Sharpe = 0.1169
  Best params: n_estimators=490, max_depth=3, lr=0.0192, leaves=51
  Best confidence_threshold: 0.797
  Best training_days: 370
  Retrained on full data (1110 samples, 48 features)
  OOD: 16 features, cutoff (q=0.7) = 9.58
  Model trained for 2025-02: 84 test candles with features, confidence_threshold=0.759
[trade:close] 2025-02-02 23:59 BTCUSDT LONG → stop_loss @ 97911.46 | PnL=-4.71% (net -4.81%) | cum=+0.94% 2025-02=-4.81% 2025-02-02=-4.81%
[predict] 2025-02-13 00:00 BTCUSDT → LONG (proba=0.78 TP=7.4%/SL=3.7%)
[trade:open] 2025-02-13 07:59 BTCUSDT LONG @ 96018.50 | SL=92450.30 TP=103154.90 | timeout=2025-02-20 07:59
[trade:close] 2025-02-20 08:00 BTCUSDT LONG → timeout @ 96825.70 | PnL=+0.84% (net +0.74%) | cum=+1.68% 2025-02=-4.07% 2025-02-20=+0.74%
[lgbm] === Training for 2025-03 ===
  Train window: 2023-03-01 → 2025-02-21
  2171 training samples from 1 symbols
  Samples per month: 2023-03: 93, 2023-04: 90, 2023-05: 93, 2023-06: 90, 2023-07: 93, 2023-08: 93, 2023-09: 90, 2023-10: 93, 2023-11: 90, 2023-12: 93, 2024-01: 93, 2024-02: 87, 2024-03: 93, 2024-04: 90, 2024-05: 93, 2024-06: 90, 2024-07: 93, 2024-08: 93, 2024-09: 90, 2024-10: 93, 2024-11: 90, 2024-12: 93, 2025-01: 93, 2025-02: 62
  [label] 2023-05-01 16:00 BTCUSDT entry=28054.4000 → SHORT | long=timeout(-1.51%) short=sl(-4.28%) | scanned=22 | no_tp→fwd_return=-1.4066
  [label] 2023-05-04 00:00 BTCUSDT entry=29048.6000 → SHORT | long=sl(-3.88%) short=tp(+7.47%) | scanned=20 | short_tp_only
  [label] 2023-05-07 16:00 BTCUSDT entry=28419.4000 → SHORT | long=sl(-3.78%) short=tp(+7.27%) | scanned=13 | short_tp_only
  [label] 2023-06-01 08:00 BTCUSDT entry=26884.2000 → SHORT | long=sl(-3.06%) short=timeout(+0.56%) | scanned=22 | no_tp→fwd_return=-0.6632
  [label] 2023-07-24 00:00 BTCUSDT entry=29816.4000 → SHORT | long=sl(-2.11%) short=timeout(+1.42%) | scanned=22 | no_tp→fwd_return=-1.5183
  [label] 2024-01-06 00:00 BTCUSDT entry=43645.3000 → LONG | long=tp(+10.18%) short=sl(-5.24%) | scanned=16 | long_tp_only
  [label] 2024-01-10 00:00 BTCUSDT entry=45766.4000 → SHORT | long=sl(-5.42%) short=sl(-5.42%) | scanned=8 | no_tp→fwd_return=-6.5059
  [label] 2024-01-20 16:00 BTCUSDT entry=41691.8000 → SHORT | long=sl(-3.78%) short=tp(+7.26%) | scanned=8 | short_tp_only
  [label] 2024-03-05 16:00 BTCUSDT entry=63747.4000 → LONG | long=tp(+14.02%) short=sl(-7.16%) | scanned=17 | long_tp_only
  [label] 2024-03-14 08:00 BTCUSDT entry=70904.5000 → SHORT | long=sl(-5.07%) short=tp(+9.84%) | scanned=14 | short_tp_only
  [label] 2024-06-12 16:00 BTCUSDT entry=68270.3000 → SHORT | long=sl(-3.51%) short=timeout(+4.79%) | scanned=22 | no_tp→fwd_return=-4.8875
  [label] 2024-07-14 16:00 BTCUSDT entry=60766.0000 → LONG | long=tp(+7.70%) short=sl(-4.00%) | scanned=7 | long_tp_only
  [label] 2024-07-31 00:00 BTCUSDT entry=66196.4000 → SHORT | long=sl(-3.81%) short=tp(+7.32%) | scanned=8 | short_tp_only
  [label] 2024-08-12 16:00 BTCUSDT entry=59323.6000 → LONG | long=timeout(+0.03%) short=timeout(-0.23%) | scanned=22 | no_tp→fwd_return=+0.1263
  [label] 2024-08-31 00:00 BTCUSDT entry=59060.8000 → SHORT | long=sl(-4.45%) short=tp(+8.59%) | scanned=19 | short_tp_only
  [label] 2024-09-06 08:00 BTCUSDT entry=54022.1000 → LONG | long=tp(+10.09%) short=sl(-5.19%) | scanned=21 | long_tp_only
  [label] 2024-09-18 16:00 BTCUSDT entry=61735.3000 → LONG | long=timeout(+2.14%) short=sl(-4.03%) | scanned=22 | no_tp→fwd_return=+2.2404
  [label] 2024-10-28 08:00 BTCUSDT entry=68459.1000 → LONG | long=tp(+5.09%) short=sl(-2.70%) | scanned=3 | long_tp_only
  [label] 2024-11-07 00:00 BTCUSDT entry=74800.0000 → LONG | long=tp(+8.81%) short=sl(-4.56%) | scanned=11 | long_tp_only
  [label] 2025-02-01 08:00 BTCUSDT entry=102031.5000 → SHORT | long=sl(-3.77%) short=tp(+7.25%) | scanned=5 | short_tp_only
  Labels: 1188 long (54.7%), 983 short (45.3%) | weights: min=1.00, mean=3.51, max=10.00
  Features: 2171/2171 matched, 48 columns
  CV gap: 22 rows
  [ensemble 1/3] seed=42
    [trial 0] 48 features, training_days=480 | threshold=0.631 | labels: 1188 long, 983 short (55/45%)
    [CV fold 0] train_end=2023-06-23 08:00 | val_start=2023-07-01 00:00 | gap=184h (22 rows)
    [CV fold 1] train_end=2023-10-21 16:00 | val_start=2023-10-29 08:00 | gap=184h (22 rows)
    [CV fold 2] train_end=2024-02-19 00:00 | val_start=2024-02-26 16:00 | gap=184h (22 rows)
    [CV fold 3] train_end=2024-06-18 08:00 | val_start=2024-06-26 00:00 | gap=184h (22 rows)
    [CV fold 4] train_end=2024-10-16 16:00 | val_start=2024-10-24 08:00 | gap=184h (22 rows)
    [trial 0] Sharpe=0.0039 (folds: 0.2955, -0.1326, 0.1589, -0.0885, -0.2138)
    [trial 1] 48 features, training_days=420 | threshold=0.839 | labels: 1188 long, 983 short (55/45%)
    [trial 1] Sharpe=-1.8465 (folds: 0.2034, -0.3122, 0.0131, 0.8633, -10.0000)
    [trial 2] 48 features, training_days=190 | threshold=0.602 | labels: 1188 long, 983 short (55/45%)
    [trial 2] Sharpe=-0.0788 (folds: 0.1584, -0.1294, 0.0067, -0.1756, -0.2539)
    [trial 3] 48 features, training_days=490 | threshold=0.832 | labels: 1188 long, 983 short (55/45%)
    [trial 3] Sharpe=-0.0688 (folds: 0.0875, -0.1253, 0.0058, -0.0959, -0.2161)
    [trial 4] 48 features, training_days=340 | threshold=0.591 | labels: 1188 long, 983 short (55/45%)
    [trial 4] Sharpe=-0.0174 (folds: 0.3774, -0.1550, 0.0252, -0.1741, -0.1604)
    [trial 5] 48 features, training_days=50 | threshold=0.823 | labels: 1188 long, 983 short (55/45%)
    [trial 5] Sharpe=-0.0734 (folds: -0.1984, 0.0664, -0.1227, 0.0486, -0.1607)
    [trial 6] 48 features, training_days=410 | threshold=0.549 | labels: 1188 long, 983 short (55/45%)
    [trial 6] Sharpe=0.0164 (folds: 0.2685, -0.1676, 0.1508, -0.1572, -0.0125)
    [trial 7] 48 features, training_days=180 | threshold=0.526 | labels: 1188 long, 983 short (55/45%)
    [trial 7] Sharpe=-0.0461 (folds: 0.1926, -0.2234, 0.0240, -0.1214, -0.1022)
    [trial 8] 48 features, training_days=240 | threshold=0.811 | labels: 1188 long, 983 short (55/45%)
    [trial 8] Sharpe=-0.1556 (folds: 0.1968, -0.2909, -0.1914, -0.1389, -0.3535)
    [trial 9] 48 features, training_days=20 | threshold=0.538 | labels: 1188 long, 983 short (55/45%)
    [trial 9] Sharpe=-0.0514 (folds: 0.1323, -0.2928, 0.0442, -0.1781, 0.0376)
    [trial 10] 48 features, training_days=350 | threshold=0.738 | labels: 1188 long, 983 short (55/45%)
    [trial 10] Sharpe=-0.0606 (folds: 0.1625, -0.2875, 0.0474, -0.0710, -0.1546)
    [trial 11] 48 features, training_days=480 | threshold=0.662 | labels: 1188 long, 983 short (55/45%)
    [trial 11] Sharpe=0.0077 (folds: 0.3554, -0.1346, 0.0492, -0.0474, -0.1840)
    [trial 12] 48 features, training_days=380 | threshold=0.693 | labels: 1188 long, 983 short (55/45%)
    [trial 12] Sharpe=0.0138 (folds: 0.5633, -0.2190, 0.0414, -0.1224, -0.1944)
    [trial 13] 48 features, training_days=350 | threshold=0.723 | labels: 1188 long, 983 short (55/45%)
    [trial 13] Sharpe=-0.0158 (folds: 0.5270, -0.2149, 0.0432, -0.0957, -0.3387)
    [trial 14] 48 features, training_days=400 | threshold=0.711 | labels: 1188 long, 983 short (55/45%)
    [trial 14] Sharpe=-8.3215 (folds: -10.0000, -10.0000, -1.6073, -10.0000, -10.0000)
    [trial 15] 48 features, training_days=290 | threshold=0.503 | labels: 1188 long, 983 short (55/45%)
    [trial 15] Sharpe=-0.0097 (folds: 0.2466, -0.1782, 0.1167, -0.1402, -0.0934)
    [trial 16] 48 features, training_days=410 | threshold=0.761 | labels: 1188 long, 983 short (55/45%)
    [trial 16] Sharpe=-0.0548 (folds: 0.2817, -0.1432, 0.0152, -0.0558, -0.3718)
    [trial 17] 48 features, training_days=290 | threshold=0.676 | labels: 1188 long, 983 short (55/45%)
    [trial 17] Sharpe=-0.0807 (folds: 0.3689, -0.1587, -0.0871, -0.1507, -0.3757)
  Optuna: 18 trials, best Sharpe = 0.0164
  Best params: n_estimators=83, max_depth=5, lr=0.0197, leaves=52
  Best confidence_threshold: 0.549
  Best training_days: 410[I 2026-06-01 13:02:34,743] A new study created in memory with name: no-name-725c8590-8c13-4d75-827b-07fdd7cc5c05
[I 2026-06-01 13:02:34,844] Trial 0 finished with value: -0.09145670300495143 and parameters: {'confidence_threshold': 0.7437642149592516, 'training_days': 150, 'n_estimators': 152, 'max_depth': 4, 'num_leaves': 50, 'learning_rate': 0.04216766425047743, 'subsample': 0.9903820991923078, 'colsample_bytree': 0.8424148692924316, 'min_child_samples': 58, 'reg_alpha': 3.381097259762742e-05, 'reg_lambda': 1.2263152961306247e-05}. Best is trial 0 with value: -0.09145670300495143.
[I 2026-06-01 13:02:34,904] Trial 1 finished with value: -1.9480749248911025 and parameters: {'confidence_threshold': 0.7551673975844145, 'training_days': 220, 'n_estimators': 76, 'max_depth': 4, 'num_leaves': 51, 'learning_rate': 0.018602118810743477, 'subsample': 0.5877258780737462, 'colsample_bytree': 0.7657756869209191, 'min_child_samples': 63, 'reg_alpha': 0.005123994170264194, 'reg_lambda': 0.44145470178120466}. Best is trial 0 with value: -0.09145670300495143.
[I 2026-06-01 13:02:35,140] Trial 2 finished with value: -0.11617545826471183 and parameters: {'confidence_threshold': 0.7535593637012223, 'training_days': 310, 'n_estimators': 375, 'max_depth': 3, 'num_leaves': 32, 'learning_rate': 0.021735641882032388, 'subsample': 0.6468570231944146, 'colsample_bytree': 0.8154880619272439, 'min_child_samples': 27, 'reg_alpha': 8.004064028491336e-05, 'reg_lambda': 7.546835261630524e-05}. Best is trial 0 with value: -0.09145670300495143.
[I 2026-06-01 13:02:35,303] Trial 3 finished with value: -0.09744948807996902 and parameters: {'confidence_threshold': 0.6727897841776072, 'training_days': 220, 'n_estimators': 190, 'max_depth': 4, 'num_leaves': 58, 'learning_rate': 0.24810689332636193, 'subsample': 0.7509183379421682, 'colsample_bytree': 0.8119764758960556, 'min_child_samples': 29, 'reg_alpha': 7.1708285081421445e-06, 'reg_lambda': 5.412973582738627e-05}. Best is trial 0 with value: -0.09145670300495143.
[I 2026-06-01 13:02:35,417] Trial 4 finished with value: -0.002772153000626859 and parameters: {'confidence_threshold': 0.803208205259178, 'training_days': 130, 'n_estimators': 267, 'max_depth': 5, 'num_leaves': 40, 'learning_rate': 0.08041175317374143, 'subsample': 0.5603143329951619, 'colsample_bytree': 0.9131704002534167, 'min_child_samples': 68, 'reg_alpha': 0.0008046593428183385, 'reg_lambda': 1.2158346158765583e-05}. Best is trial 4 with value: -0.002772153000626859.
[I 2026-06-01 13:02:35,670] Trial 5 finished with value: -0.13381062563088938 and parameters: {'confidence_threshold': 0.6064422761595144, 'training_days': 210, 'n_estimators': 357, 'max_depth': 5, 'num_leaves': 40, 'learning_rate': 0.0974221287220869, 'subsample': 0.7929682762811064, 'colsample_bytree': 0.8124517510478, 'min_child_samples': 74, 'reg_alpha': 0.3811377260781234, 'reg_lambda': 5.607314238392041e-08}. Best is trial 4 with value: -0.002772153000626859.
[I 2026-06-01 13:02:35,786] Trial 6 finished with value: -0.02100653850741711 and parameters: {'confidence_threshold': 0.7672889945051684, 'training_days': 130, 'n_estimators': 137, 'max_depth': 4, 'num_leaves': 19, 'learning_rate': 0.2031117614248665, 'subsample': 0.8136244860256343, 'colsample_bytree': 0.8617081790949774, 'min_child_samples': 21, 'reg_alpha': 0.002238138278733199, 'reg_lambda': 0.001025809534977322}. Best is trial 4 with value: -0.002772153000626859.
[I 2026-06-01 13:02:35,869] Trial 7 finished with value: -0.030821179778300695 and parameters: {'confidence_threshold': 0.555635875450653, 'training_days': 80, 'n_estimators': 363, 'max_depth': 3, 'num_leaves': 48, 'learning_rate': 0.06590089024008658, 'subsample': 0.6944752870615722, 'colsample_bytree': 0.962566244806993, 'min_child_samples': 88, 'reg_alpha': 1.6465620446426067e-05, 'reg_lambda': 2.4678750890085655e-08}. Best is trial 4 with value: -0.002772153000626859.
[I 2026-06-01 13:02:36,190] Trial 8 finished with value: -0.12423986963384066 and parameters: {'confidence_threshold': 0.6066688256938841, 'training_days': 200, 'n_estimators': 367, 'max_depth': 5, 'num_leaves': 32, 'learning_rate': 0.13377519215934996, 'subsample': 0.7965884582811106, 'colsample_bytree': 0.8458508993500886, 'min_child_samples': 32, 'reg_alpha': 3.889436043816386e-05, 'reg_lambda': 1.4713062489380356e-06}. Best is trial 4 with value: -0.002772153000626859.
[I 2026-06-01 13:02:36,407] Trial 9 finished with value: -0.11284471548179731 and parameters: {'confidence_threshold': 0.6202096049169137, 'training_days': 260, 'n_estimators': 350, 'max_depth': 3, 'num_leaves': 21, 'learning_rate': 0.02989540198065364, 'subsample': 0.8307821683331218, 'colsample_bytree': 0.923253112635361, 'min_child_samples': 64, 'reg_alpha': 0.4898604619604203, 'reg_lambda': 2.9076377687066166e-05}. Best is trial 4 with value: -0.002772153000626859.
[I 2026-06-01 13:02:36,799] Trial 10 finished with value: -0.022974882442025057 and parameters: {'confidence_threshold': 0.8445241688507242, 'training_days': 470, 'n_estimators': 493, 'max_depth': 5, 'num_leaves': 63, 'learning_rate': 0.010221918552934462, 'subsample': 0.5019190721168774, 'colsample_bytree': 0.6202684210924141, 'min_child_samples': 99, 'reg_alpha': 1.9942621118187622e-08, 'reg_lambda': 0.0201634475791616}. Best is trial 4 with value: -0.002772153000626859.
[I 2026-06-01 13:02:36,830] Trial 11 finished with value: -2.0588745093796823 and parameters: {'confidence_threshold': 0.8371297552840329, 'training_days': 20, 'n_estimators': 255, 'max_depth': 4, 'num_leaves': 20, 'learning_rate': 0.28413636543342474, 'subsample': 0.9047249980702942, 'colsample_bytree': 0.6612241103206169, 'min_child_samples': 44, 'reg_alpha': 0.005164207989991991, 'reg_lambda': 0.007364523359426745}. Best is trial 4 with value: -0.002772153000626859.
[I 2026-06-01 13:02:36,884] Trial 12 finished with value: 0.003044784397217298 and parameters: {'confidence_threshold': 0.7984420943377982, 'training_days': 120, 'n_estimators': 51, 'max_depth': 5, 'num_leaves': 15, 'learning_rate': 0.14432248911623202, 'subsample': 0.5325573395575733, 'colsample_bytree': 0.5201164353688423, 'min_child_samples': 46, 'reg_alpha': 0.006937120291127141, 'reg_lambda': 0.00393268821840331}. Best is trial 12 with value: 0.003044784397217298.
[I 2026-06-01 13:02:36,909] Trial 13 finished with value: -2.0483359648712156 and parameters: {'confidence_threshold': 0.8004144891464335, 'training_days': 10, 'n_estimators': 53, 'max_depth': 5, 'num_leaves': 31, 'learning_rate': 0.10151302244870823, 'subsample': 0.5024707401359401, 'colsample_bytree': 0.5389794258459311, 'min_child_samples': 48, 'reg_alpha': 0.05881060000998075, 'reg_lambda': 1.493419469088762}. Best is trial 12 with value: 0.003044784397217298.
[I 2026-06-01 13:02:37,097] Trial 14 finished with value: -0.09986557774299565 and parameters: {'confidence_threshold': 0.6968624890517784, 'training_days': 340, 'n_estimators': 240, 'max_depth': 5, 'num_leaves': 39, 'learning_rate': 0.14569940539663012, 'subsample': 0.5852704213941511, 'colsample_bytree': 0.5033829767322446, 'min_child_samples': 76, 'reg_alpha': 4.6058780571142255e-07, 'reg_lambda': 1.2102325862348229e-06}. Best is trial 12 with value: 0.003044784397217298.
[I 2026-06-01 13:02:37,207] Trial 15 finished with value: -0.012734286666656578 and parameters: {'confidence_threshold': 0.6986016561377778, 'training_days': 90, 'n_estimators': 480, 'max_depth': 5, 'num_leaves': 15, 'learning_rate': 0.07555339786900975, 'subsample': 0.5802361721649505, 'colsample_bytree': 0.7040523095070745, 'min_child_samples': 45, 'reg_alpha': 7.916394902106256, 'reg_lambda': 0.0013825560118263796}. Best is trial 12 with value: 0.003044784397217298.
[I 2026-06-01 13:02:37,366] Trial 16 finished with value: 0.013248304553991935 and parameters: {'confidence_threshold': 0.8071898053270988, 'training_days': 140, 'n_estimators': 298, 'max_depth': 5, 'num_leaves': 25, 'learning_rate': 0.04734750546511042, 'subsample': 0.6318757284031183, 'colsample_bytree': 0.6155885267093099, 'min_child_samples': 54, 'reg_alpha': 0.000762323791867669, 'reg_lambda': 0.15555947254427588}. Best is trial 16 with value: 0.013248304553991935.
[I 2026-06-01 13:02:37,497] Trial 17 finished with value: 0.0721011092865186 and parameters: {'confidence_threshold': 0.5004748807695347, 'training_days': 70, 'n_estimators': 429, 'max_depth': 5, 'num_leaves': 26, 'learning_rate': 0.047027001433734505, 'subsample': 0.6638061806472373, 'colsample_bytree': 0.5691062419083339, 'min_child_samples': 52, 'reg_alpha': 0.03593442783374814, 'reg_lambda': 0.08463327147162614}. Best is trial 17 with value: 0.0721011092865186.
[I 2026-06-01 13:02:37,901] A new study created in memory with name: no-name-536b0397-86dd-45dd-be9b-d8a3b60c1cbf
[I 2026-06-01 13:02:38,107] Trial 0 finished with value: -0.013831122481251411 and parameters: {'confidence_threshold': 0.5870645682749857, 'training_days': 90, 'n_estimators': 403, 'max_depth': 5, 'num_leaves': 45, 'learning_rate': 0.0780457193679974, 'subsample': 0.9428509515574568, 'colsample_bytree': 0.8795587339164916, 'min_child_samples': 34, 'reg_alpha': 2.2465901234314442e-07, 'reg_lambda': 8.339007036475363e-05}. Best is trial 0 with value: -0.013831122481251411.
