[I 2026-06-01 13:00:53,307] Trial 17 finished with value: -0.04386072545810611 and parameters: {'confidence_threshold': 0.7717708961044727, 'training_days': 210, 'n_estimators': 244, 'max_depth': 3, 'num_leaves': 51, 'learning_rate': 0.023714099306049684, 'subsample': 0.8002407697944357, 'colsample_bytree': 0.80121117484706, 'min_child_samples': 72, 'reg_alpha': 0.002427853485431984, 'reg_lambda': 2.3454363616206254e-06}. Best is trial 10 with value: 0.14399018606347108.
[I 2026-06-01 13:00:53,979] A new study created in memory with name: no-name-de31ad78-0f39-4ba4-ba8f-8401c207f522

    [trial 2] Sharpe=-0.0743 (folds: 0.0890, 0.0969, -0.1679, -0.2673, -0.1223)
    [trial 3] 48 features, training_days=220 | threshold=0.687 | labels: 1170 long, 1001 short (54/46%)
    [trial 3] Sharpe=0.1075 (folds: 0.0733, 0.1130, 0.1156, 0.1734, 0.0621)
    [trial 4] 48 features, training_days=300 | threshold=0.562 | labels: 1170 long, 1001 short (54/46%)
    [trial 4] Sharpe=-0.0363 (folds: -0.2217, 0.0693, -0.1047, 0.0594, 0.0160)
    [trial 5] 48 features, training_days=490 | threshold=0.711 | labels: 1170 long, 1001 short (54/46%)
    [trial 5] Sharpe=-0.0432 (folds: -0.1395, -0.1084, -0.0268, -0.0497, 0.1086)
    [trial 6] 48 features, training_days=420 | threshold=0.667 | labels: 1170 long, 1001 short (54/46%)
    [trial 6] Sharpe=0.0493 (folds: -0.1251, -0.0878, -0.0050, 0.1517, 0.3128)
    [trial 7] 48 features, training_days=120 | threshold=0.550 | labels: 1170 long, 1001 short (54/46%)
    [trial 7] Sharpe=-0.0243 (folds: -0.1139, -0.0674, 0.1463, -0.0940, 0.0073)
    [trial 8] 48 features, training_days=450 | threshold=0.720 | labels: 1170 long, 1001 short (54/46%)
    [trial 8] Sharpe=0.1140 (folds: 0.0364, -0.0369, 0.1147, 0.2809, 0.1748)
    [trial 9] 48 features, training_days=20 | threshold=0.727 | labels: 1170 long, 1001 short (54/46%)
    [trial 9] Sharpe=-6.0179 (folds: -0.1865, 0.0969, -10.0000, -10.0000, -10.0000)
    [trial 10] 48 features, training_days=400 | threshold=0.828 | labels: 1170 long, 1001 short (54/46%)
    [trial 10] Sharpe=0.1440 (folds: 0.0365, 0.0040, 0.2600, 0.1665, 0.2529)
    [trial 11] 48 features, training_days=400 | threshold=0.843 | labels: 1170 long, 1001 short (54/46%)
    [trial 11] Sharpe=0.0462 (folds: 0.0628, -0.3506, 0.2974, 0.1375, 0.0837)
    [trial 12] 48 features, training_days=500 | threshold=0.810 | labels: 1170 long, 1001 short (54/46%)
    [trial 12] Sharpe=0.1385 (folds: -0.0999, 0.1437, 0.3097, 0.2570, 0.0821)
    [trial 13] 48 features, training_days=350 | threshold=0.848 | labels: 1170 long, 1001 short (54/46%)
    [trial 13] Sharpe=0.0926 (folds: -0.0584, -0.0580, 0.2216, 0.1376, 0.2201)
    [trial 14] 48 features, training_days=470 | threshold=0.786 | labels: 1170 long, 1001 short (54/46%)
    [trial 14] Sharpe=0.0169 (folds: -0.0086, -0.0287, 0.0167, 0.0351, 0.0697)
    [trial 15] 48 features, training_days=370 | threshold=0.783 | labels: 1170 long, 1001 short (54/46%)
    [trial 15] Sharpe=0.1412 (folds: -0.1033, 0.1553, 0.2155, 0.1320, 0.3063)
    [trial 16] 48 features, training_days=370 | threshold=0.770 | labels: 1170 long, 1001 short (54/46%)
    [trial 16] Sharpe=0.1418 (folds: -0.0267, 0.1701, 0.2191, 0.0995, 0.2470)
    [trial 17] 48 features, training_days=210 | threshold=0.772 | labels: 1170 long, 1001 short (54/46%)
    [trial 17] Sharpe=-0.0439 (folds: -0.0630, -0.1230, 0.0295, 0.0405, -0.1033)
  Optuna: 18 trials, best Sharpe = 0.1440
  Best params: n_estimators=485, max_depth=4, lr=0.0119, leaves=63
  Best confidence_threshold: 0.828
  Best training_days: 400
  Retrained on full data (1200 samples, 48 features)
  OOD: 16 features, cutoff (q=0.7) = 10.24
  Model trained for 2024-06: 90 test candles with features, confidence_threshold=0.769
[trade:close] 2024-06-06 00:00 BTCUSDT LONG → timeout @ 71133.30 | PnL=+5.09% (net +4.99%) | cum=+40.58% 2024-06=+4.99% 2024-06-06=+4.99%
[predict] 2024-06-08 00:00 BTCUSDT → LONG (proba=0.77 TP=5.9%/SL=2.9%)
[trade:open] 2024-06-08 07:59 BTCUSDT LONG @ 69612.50 | SL=67564.42 TP=73708.66 | timeout=2024-06-15 07:59
[trade:close] 2024-06-11 07:59 BTCUSDT LONG → stop_loss @ 67564.42 | PnL=-2.94% (net -3.04%) | cum=+37.53% 2024-06=+1.95% 2024-06-11=-3.04%
[predict] 2024-06-12 00:00 BTCUSDT → LONG (proba=0.82 TP=5.4%/SL=2.7%)
[trade:open] 2024-06-12 07:59 BTCUSDT LONG @ 67449.40 | SL=65615.73 TP=71116.74 | timeout=2024-06-19 07:59
[trade:close] 2024-06-14 23:59 BTCUSDT LONG → stop_loss @ 65615.73 | PnL=-2.72% (net -2.82%) | cum=+34.71% 2024-06=-0.87% 2024-06-14=-2.82%
[predict] 2024-06-15 16:00 BTCUSDT → LONG (proba=0.84 TP=5.9%/SL=2.9%)
[trade:open] 2024-06-15 23:59 BTCUSDT LONG @ 66213.70 | SL=64274.02 TP=70093.06 | timeout=2024-06-22 23:59
[trade:close] 2024-06-18 15:59 BTCUSDT LONG → stop_loss @ 64274.02 | PnL=-2.93% (net -3.03%) | cum=+31.69% 2024-06=-3.90% 2024-06-18=-3.03%
[predict] 2024-06-19 08:00 BTCUSDT → LONG (proba=0.93 TP=6.2%/SL=3.1%)
[trade:open] 2024-06-19 15:59 BTCUSDT LONG @ 64895.00 | SL=62882.56 TP=68919.88 | timeout=2024-06-26 15:59
[trade:close] 2024-06-24 07:59 BTCUSDT LONG → stop_loss @ 62882.56 | PnL=-3.10% (net -3.20%) | cum=+28.48% 2024-06=-7.10% 2024-06-24=-3.20%
[predict] 2024-06-25 08:00 BTCUSDT → LONG (proba=0.79 TP=6.9%/SL=3.4%)
[trade:open] 2024-06-25 15:59 BTCUSDT LONG @ 61776.00 | SL=59652.52 TP=66022.97 | timeout=2024-07-02 15:59
[lgbm] === Training for 2024-07 ===
  Train window: 2022-07-01 → 2024-06-23
  2171 training samples from 1 symbols
  Samples per month: 2022-07: 93, 2022-08: 93, 2022-09: 90, 2022-10: 93, 2022-11: 90, 2022-12: 93, 2023-01: 93, 2023-02: 84, 2023-03: 93, 2023-04: 90, 2023-05: 93, 2023-06: 90, 2023-07: 93, 2023-08: 93, 2023-09: 90, 2023-10: 93, 2023-11: 90, 2023-12: 93, 2024-01: 93, 2024-02: 87, 2024-03: 93, 2024-04: 90, 2024-05: 93, 2024-06: 68
  [label] 2022-08-31 16:00 BTCUSDT entry=20041.5000 → SHORT | long=sl(-4.74%) short=timeout(+3.66%) | scanned=22 | no_tp→fwd_return=-3.7647
  [label] 2022-09-03 00:00 BTCUSDT entry=19808.2000 → LONG | long=sl(-4.49%) short=sl(-4.49%) | scanned=18 | no_tp→fwd_return=+4.1165
  [label] 2022-09-06 16:00 BTCUSDT entry=18781.5000 → LONG | long=tp(+8.71%) short=sl(-4.51%) | scanned=7 | long_tp_only
  [label] 2022-10-01 08:00 BTCUSDT entry=19322.8000 → LONG | long=timeout(+0.71%) short=sl(-5.29%) | scanned=22 | no_tp→fwd_return=+0.8135
  [label] 2022-11-23 00:00 BTCUSDT entry=16572.9000 → LONG | long=timeout(+1.72%) short=timeout(-1.92%) | scanned=22 | no_tp→fwd_return=+1.8174
  [label] 2023-05-08 00:00 BTCUSDT entry=27957.8000 → SHORT | long=sl(-3.97%) short=tp(+7.65%) | scanned=14 | short_tp_only
  [label] 2023-05-12 00:00 BTCUSDT entry=26294.1000 → LONG | long=timeout(+1.98%) short=sl(-4.50%) | scanned=22 | no_tp→fwd_return=+2.0834
  [label] 2023-05-22 16:00 BTCUSDT entry=26840.2000 → SHORT | long=sl(-2.43%) short=sl(-2.43%) | scanned=5 | no_tp→fwd_return=-1.9869
  [label] 2023-07-06 16:00 BTCUSDT entry=29874.4000 → LONG | long=timeout(+5.15%) short=sl(-3.48%) | scanned=22 | no_tp→fwd_return=+5.2463
  [label] 2023-07-15 08:00 BTCUSDT entry=30290.5000 → SHORT | long=sl(-3.03%) short=timeout(+1.24%) | scanned=22 | no_tp→fwd_return=-1.3423
  [label] 2023-10-13 16:00 BTCUSDT entry=26849.8000 → LONG | long=tp(+4.34%) short=sl(-2.32%) | scanned=7 | long_tp_only
  [label] 2023-11-14 16:00 BTCUSDT entry=35559.0000 → LONG | long=timeout(+0.40%) short=sl(-4.05%) | scanned=22 | no_tp→fwd_return=+0.5006
  [label] 2023-12-01 00:00 BTCUSDT entry=38234.9000 → LONG | long=tp(+5.27%) short=sl(-2.78%) | scanned=8 | long_tp_only
  [label] 2023-12-13 16:00 BTCUSDT entry=42875.0000 → LONG | long=sl(-4.40%) short=timeout(-2.04%) | scanned=22 | no_tp→fwd_return=+1.9450
  [label] 2024-01-01 00:00 BTCUSDT entry=42527.0000 → LONG | long=tp(+5.88%) short=sl(-3.09%) | scanned=3 | long_tp_only
  [label] 2024-01-07 08:00 BTCUSDT entry=44035.0000 → LONG | long=tp(+8.12%) short=sl(-4.21%) | scanned=7 | long_tp_only
  [label] 2024-01-19 16:00 BTCUSDT entry=41662.2000 → LONG | long=sl(-4.56%) short=timeout(-0.45%) | scanned=22 | no_tp→fwd_return=+0.3461
  [label] 2024-02-28 08:00 BTCUSDT entry=61000.0000 → LONG | long=tp(+8.18%) short=sl(-4.24%) | scanned=15 | long_tp_only
  [label] 2024-03-09 00:00 BTCUSDT entry=68336.3000 → LONG | long=timeout(+1.59%) short=sl(-5.79%) | scanned=22 | no_tp→fwd_return=+1.6886
  [label] 2024-06-03 08:00 BTCUSDT entry=69650.0000 → LONG | long=timeout(+0.53%) short=sl(-2.92%) | scanned=22 | no_tp→fwd_return=+0.6330
  Labels: 1171 long (53.9%), 1000 short (46.1%) | weights: min=1.00, mean=3.72, max=10.00
  Features: 2171/2171 matched, 48 columns
  CV gap: 22 rows
  [ensemble 1/3] seed=42
    [trial 0] 48 features, training_days=480 | threshold=0.631 | labels: 1171 long, 1000 short (54/46%)[I 2026-06-01 13:00:54,289] Trial 0 finished with value: 0.04678308647652295 and parameters: {'confidence_threshold': 0.6310890415965769, 'training_days': 480, 'n_estimators': 380, 'max_depth': 4, 'num_leaves': 22, 'learning_rate': 0.01699897838270077, 'subsample': 0.5290418060840998, 'colsample_bytree': 0.9330880728874675, 'min_child_samples': 68, 'reg_alpha': 0.023585940584142682, 'reg_lambda': 1.5320059381854043e-08}. Best is trial 0 with value: 0.04678308647652295.
[I 2026-06-01 13:00:54,415] Trial 1 finished with value: 0.11974238667088152 and parameters: {'confidence_threshold': 0.839468448256698, 'training_days': 420, 'n_estimators': 145, 'max_depth': 3, 'num_leaves': 23, 'learning_rate': 0.028145092716060652, 'subsample': 0.762378215816119, 'colsample_bytree': 0.7159725093210578, 'min_child_samples': 43, 'reg_alpha': 0.0032112643094417484, 'reg_lambda': 1.8007140198129195e-07}. Best is trial 1 with value: 0.11974238667088152.
[I 2026-06-01 13:00:54,573] Trial 2 finished with value: 0.0049456348693568295 and parameters: {'confidence_threshold': 0.6022506269873263, 'training_days': 190, 'n_estimators': 255, 'max_depth': 5, 'num_leaves': 24, 'learning_rate': 0.05748924681991978, 'subsample': 0.7962072844310213, 'colsample_bytree': 0.5232252063599989, 'min_child_samples': 69, 'reg_alpha': 3.425445902633376e-07, 'reg_lambda': 3.850031979199519e-08}. Best is trial 1 with value: 0.11974238667088152.
[I 2026-06-01 13:00:54,874] Trial 3 finished with value: 0.033693146540319255 and parameters: {'confidence_threshold': 0.8321099380386666, 'training_days': 490, 'n_estimators': 414, 'max_depth': 3, 'num_leaves': 19, 'learning_rate': 0.1024932221692416, 'subsample': 0.7200762468698007, 'colsample_bytree': 0.5610191174223894, 'min_child_samples': 60, 'reg_alpha': 2.039373116525212e-08, 'reg_lambda': 1.527156759251193}. Best is trial 1 with value: 0.11974238667088152.
[I 2026-06-01 13:00:55,029] Trial 4 finished with value: -0.01946849883972688 and parameters: {'confidence_threshold': 0.5905729935600059, 'training_days': 340, 'n_estimators': 190, 'max_depth': 4, 'num_leaves': 41, 'learning_rate': 0.01875220945578641, 'subsample': 0.9847923138822793, 'colsample_bytree': 0.8875664116805573, 'min_child_samples': 96, 'reg_alpha': 1.1309571585271483, 'reg_lambda': 0.002404915432737351}. Best is trial 1 with value: 0.11974238667088152.
[I 2026-06-01 13:00:55,068] Trial 5 finished with value: -0.10585982248258163 and parameters: {'confidence_threshold': 0.8226559822580909, 'training_days': 50, 'n_estimators': 138, 'max_depth': 3, 'num_leaves': 30, 'learning_rate': 0.03750796359625606, 'subsample': 0.6356745158869479, 'colsample_bytree': 0.9143687545759647, 'min_child_samples': 48, 'reg_alpha': 3.376063348877853e-06, 'reg_lambda': 0.0007660634613082914}. Best is trial 1 with value: 0.11974238667088152.
[I 2026-06-01 13:00:55,172] Trial 6 finished with value: 0.03852152780157294 and parameters: {'confidence_threshold': 0.5493234787411669, 'training_days': 410, 'n_estimators': 83, 'max_depth': 5, 'num_leaves': 52, 'learning_rate': 0.019657448966046126, 'subsample': 0.5027610585618012, 'colsample_bytree': 0.9077307142274171, 'min_child_samples': 77, 'reg_alpha': 0.03639690979811287, 'reg_lambda': 0.08738424135626986}. Best is trial 1 with value: 0.11974238667088152.
[I 2026-06-01 13:00:55,265] Trial 7 finished with value: -0.013668239191995044 and parameters: {'confidence_threshold': 0.5259156281069316, 'training_days': 180, 'n_estimators': 102, 'max_depth': 5, 'num_leaves': 45, 'learning_rate': 0.030816017044468066, 'subsample': 0.5317791751430119, 'colsample_bytree': 0.6554911608578311, 'min_child_samples': 46, 'reg_alpha': 0.036851536911881845, 'reg_lambda': 0.005470376807480391}. Best is trial 1 with value: 0.11974238667088152.
[I 2026-06-01 13:00:55,381] Trial 8 finished with value: -0.07280939152212107 and parameters: {'confidence_threshold': 0.8105244599017143, 'training_days': 240, 'n_estimators': 103, 'max_depth': 5, 'num_leaves': 52, 'learning_rate': 0.06746437142284309, 'subsample': 0.8854835899772805, 'colsample_bytree': 0.7468977981821954, 'min_child_samples': 62, 'reg_alpha': 7.04480806377519e-05, 'reg_lambda': 1.6934490731313353e-08}. Best is trial 1 with value: 0.11974238667088152.
[I 2026-06-01 13:00:55,409] Trial 9 finished with value: 0.11997278111269663 and parameters: {'confidence_threshold': 0.5377619994476566, 'training_days': 20, 'n_estimators': 337, 'max_depth': 3, 'num_leaves': 39, 'learning_rate': 0.21907142272152816, 'subsample': 0.6246461145744375, 'colsample_bytree': 0.7051914615178149, 'min_child_samples': 81, 'reg_alpha': 1.1459970229341322e-06, 'reg_lambda': 4.929685216887945e-08}. Best is trial 9 with value: 0.11997278111269663.
[I 2026-06-01 13:00:55,439] Trial 10 finished with value: -0.1324512236373756 and parameters: {'confidence_threshold': 0.7449289185605341, 'training_days': 10, 'n_estimators': 487, 'max_depth': 3, 'num_leaves': 61, 'learning_rate': 0.21914469472126635, 'subsample': 0.628963476300746, 'colsample_bytree': 0.8189858776055304, 'min_child_samples': 27, 'reg_alpha': 2.8948477959263623e-05, 'reg_lambda': 3.3639426888455256e-06}. Best is trial 9 with value: 0.11997278111269663.
[I 2026-06-01 13:00:55,525] Trial 11 finished with value: 0.011362379400971461 and parameters: {'confidence_threshold': 0.7113481781793316, 'training_days': 100, 'n_estimators': 291, 'max_depth': 4, 'num_leaves': 33, 'learning_rate': 0.29081576079680116, 'subsample': 0.7349716074984779, 'colsample_bytree': 0.6973773196181215, 'min_child_samples': 92, 'reg_alpha': 0.001175790894077933, 'reg_lambda': 7.868729181011707e-06}. Best is trial 9 with value: 0.11997278111269663.
[I 2026-06-01 13:00:55,748] Trial 12 finished with value: 0.019636065427280452 and parameters: {'confidence_threshold': 0.6640468266107448, 'training_days': 330, 'n_estimators': 293, 'max_depth': 3, 'num_leaves': 33, 'learning_rate': 0.1489685720346384, 'subsample': 0.6351715277449148, 'colsample_bytree': 0.616977177491308, 'min_child_samples': 23, 'reg_alpha': 5.494084241051862e-07, 'reg_lambda': 1.8165856785058189e-06}. Best is trial 9 with value: 0.11997278111269663.
[I 2026-06-01 13:00:55,931] Trial 13 finished with value: 0.044987073605100014 and parameters: {'confidence_threshold': 0.7551270071198172, 'training_days': 340, 'n_estimators': 215, 'max_depth': 3, 'num_leaves': 17, 'learning_rate': 0.03448603832548468, 'subsample': 0.8441368474622595, 'colsample_bytree': 0.7957296901000687, 'min_child_samples': 40, 'reg_alpha': 0.0010695159048720376, 'reg_lambda': 4.853786638244098e-07}. Best is trial 9 with value: 0.11997278111269663.
[I 2026-06-01 13:00:56,165] Trial 14 finished with value: 0.019565937228565016 and parameters: {'confidence_threshold': 0.6730556752351576, 'training_days': 400, 'n_estimators': 348, 'max_depth': 3, 'num_leaves': 27, 'learning_rate': 0.09029126552542201, 'subsample': 0.6782901751396637, 'colsample_bytree': 0.724096650229072, 'min_child_samples': 84, 'reg_alpha': 6.243069797304175, 'reg_lambda': 5.3861085653773555e-05}. Best is trial 9 with value: 0.11997278111269663.
[I 2026-06-01 13:00:56,283] Trial 15 finished with value: 0.05362745873519974 and parameters: {'confidence_threshold': 0.5073197482691914, 'training_days': 120, 'n_estimators': 175, 'max_depth': 4, 'num_leaves': 37, 'learning_rate': 0.010348803728867817, 'subsample': 0.811885230157309, 'colsample_bytree': 0.8194141769932984, 'min_child_samples': 37, 'reg_alpha': 1.1414023567805535e-08, 'reg_lambda': 2.1268840867940846e-07}. Best is trial 9 with value: 0.11997278111269663.
[I 2026-06-01 13:00:56,495] Trial 16 finished with value: 0.019506281010729903 and parameters: {'confidence_threshold': 0.7814151951559501, 'training_days': 270, 'n_estimators': 339, 'max_depth': 3, 'num_leaves': 46, 'learning_rate': 0.15013971957309138, 'subsample': 0.9371158895275773, 'colsample_bytree': 0.6281858044630155, 'min_child_samples': 55, 'reg_alpha': 1.4618334151747558e-05, 'reg_lambda': 1.2931752527290176e-05}. Best is trial 9 with value: 0.11997278111269663.
[I 2026-06-01 13:00:56,815] Trial 17 finished with value: 0.01109111480789968 and parameters: {'confidence_threshold': 0.5651134624825443, 'training_days': 410, 'n_estimators': 417, 'max_depth': 4, 'num_leaves': 15, 'learning_rate': 0.04302553031342478, 'subsample': 0.5802927697135131, 'colsample_bytree': 0.9956385980717998, 'min_child_samples': 84, 'reg_alpha': 0.0003775846616599813, 'reg_lambda': 2.2297945015528625e-07}. Best is trial 9 with value: 0.11997278111269663.
[I 2026-06-01 13:00:57,131] A new study created in memory with name: no-name-b5b5eb1e-d532-47e2-8715-22bc575b0d4d
[I 2026-06-01 13:00:57,227] Trial 0 finished with value: -0.004472994155156793 and parameters: {'confidence_threshold': 0.7437642149592516, 'training_days': 150, 'n_estimators': 152, 'max_depth': 4, 'num_leaves': 50, 'learning_rate': 0.04216766425047743, 'subsample': 0.9903820991923078, 'colsample_bytree': 0.8424148692924316, 'min_child_samples': 58, 'reg_alpha': 3.381097259762742e-05, 'reg_lambda': 1.2263152961306247e-05}. Best is trial 0 with value: -0.004472994155156793.
[I 2026-06-01 13:00:57,296] Trial 1 finished with value: -1.7883561901330505 and parameters: {'confidence_threshold': 0.7551673975844145, 'training_days': 220, 'n_estimators': 76, 'max_depth': 4, 'num_leaves': 51, 'learning_rate': 0.018602118810743477, 'subsample': 0.5877258780737462, 'colsample_bytree': 0.7657756869209191, 'min_child_samples': 63, 'reg_alpha': 0.005123994170264194, 'reg_lambda': 0.44145470178120466}. Best is trial 0 with value: -0.004472994155156793.
[I 2026-06-01 13:00:57,542] Trial 2 finished with value: -0.0064478727861842 and parameters: {'confidence_threshold': 0.7535593637012223, 'training_days': 310, 'n_estimators': 375, 'max_depth': 3, 'num_leaves': 32, 'learning_rate': 0.021735641882032388, 'subsample': 0.6468570231944146, 'colsample_bytree': 0.8154880619272439, 'min_child_samples': 27, 'reg_alpha': 8.004064028491336e-05, 'reg_lambda': 7.546835261630524e-05}. Best is trial 0 with value: -0.004472994155156793.
[I 2026-06-01 13:00:57,703] Trial 3 finished with value: -0.00628119725620752 and parameters: {'confidence_threshold': 0.6727897841776072, 'training_days': 220, 'n_estimators': 190, 'max_depth': 4, 'num_leaves': 58, 'learning_rate': 0.24810689332636193, 'subsample': 0.7509183379421682, 'colsample_bytree': 0.8119764758960556, 'min_child_samples': 29, 'reg_alpha': 7.1708285081421445e-06, 'reg_lambda': 5.412973582738627e-05}. Best is trial 0 with value: -0.004472994155156793.
[I 2026-06-01 13:00:57,815] Trial 4 finished with value: 0.04114145003325439 and parameters: {'confidence_threshold': 0.803208205259178, 'training_days': 130, 'n_estimators': 267, 'max_depth': 5, 'num_leaves': 40, 'learning_rate': 0.08041175317374143, 'subsample': 0.5603143329951619, 'colsample_bytree': 0.9131704002534167, 'min_child_samples': 68, 'reg_alpha': 0.0008046593428183385, 'reg_lambda': 1.2158346158765583e-05}. Best is trial 4 with value: 0.04114145003325439.
[I 2026-06-01 13:00:58,046] Trial 5 finished with value: -0.02038957104603083 and parameters: {'confidence_threshold': 0.6064422761595144, 'training_days': 210, 'n_estimators': 357, 'max_depth': 5, 'num_leaves': 40, 'learning_rate': 0.0974221287220869, 'subsample': 0.7929682762811064, 'colsample_bytree': 0.8124517510478, 'min_child_samples': 74, 'reg_alpha': 0.3811377260781234, 'reg_lambda': 5.607314238392041e-08}. Best is trial 4 with value: 0.04114145003325439.
[I 2026-06-01 13:00:58,158] Trial 6 finished with value: -0.00667056564828745 and parameters: {'confidence_threshold': 0.7672889945051684, 'training_days': 130, 'n_estimators': 137, 'max_depth': 4, 'num_leaves': 19, 'learning_rate': 0.2031117614248665, 'subsample': 0.8136244860256343, 'colsample_bytree': 0.8617081790949774, 'min_child_samples': 21, 'reg_alpha': 0.002238138278733199, 'reg_lambda': 0.001025809534977322}. Best is trial 4 with value: 0.04114145003325439.
[I 2026-06-01 13:00:58,231] Trial 7 finished with value: 0.058725637038141085 and parameters: {'confidence_threshold': 0.555635875450653, 'training_days': 80, 'n_estimators': 363, 'max_depth': 3, 'num_leaves': 48, 'learning_rate': 0.06590089024008658, 'subsample': 0.6944752870615722, 'colsample_bytree': 0.962566244806993, 'min_child_samples': 88, 'reg_alpha': 1.6465620446426067e-05, 'reg_lambda': 2.4678750890085655e-08}. Best is trial 7 with value: 0.058725637038141085.
[I 2026-06-01 13:00:58,573] Trial 8 finished with value: -0.07219991147691773 and parameters: {'confidence_threshold': 0.6066688256938841, 'training_days': 200, 'n_estimators': 367, 'max_depth': 5, 'num_leaves': 32, 'learning_rate': 0.13377519215934996, 'subsample': 0.7965884582811106, 'colsample_bytree': 0.8458508993500886, 'min_child_samples': 32, 'reg_alpha': 3.889436043816386e-05, 'reg_lambda': 1.4713062489380356e-06}. Best is trial 7 with value: 0.058725637038141085.
