[I 2026-06-01 13:03:18,217] Trial 17 finished with value: 0.05100858123784313 and parameters: {'confidence_threshold': 0.666488584837589, 'training_days': 70, 'n_estimators': 221, 'max_depth': 5, 'num_leaves': 44, 'learning_rate': 0.09289543228405782, 'subsample': 0.9129317771189955, 'colsample_bytree': 0.5225343572251958, 'min_child_samples': 49, 'reg_alpha': 0.061360405867363306, 'reg_lambda': 4.969829614495695}. Best is trial 17 with value: 0.05100858123784313.
[I 2026-06-01 13:03:18,685] A new study created in memory with name: no-name-e2a58d7d-d9ea-46fa-a749-7dbd3024225d
[I 2026-06-01 13:03:18,905] Trial 0 finished with value: -0.012885015015707765 and parameters: {'confidence_threshold': 0.5870645682749857, 'training_days': 90, 'n_estimators': 403, 'max_depth': 5, 'num_leaves': 45, 'learning_rate': 0.0780457193679974, 'subsample': 0.9428509515574568, 'colsample_bytree': 0.8795587339164916, 'min_child_samples': 34, 'reg_alpha': 2.2465901234314442e-07, 'reg_lambda': 8.339007036475363e-05}. Best is trial 0 with value: -0.012885015015707765.
[I 2026-06-01 13:03:19,012] Trial 1 finished with value: -0.1797816843162536 and parameters: {'confidence_threshold': 0.6348453934275313, 'training_days': 290, 'n_estimators': 115, 'max_depth': 5, 'num_leaves': 37, 'learning_rate': 0.06949568759029946, 'subsample': 0.8228505074024268, 'colsample_bytree': 0.8616703220431751, 'min_child_samples': 75, 'reg_alpha': 4.2486822725010923e-07, 'reg_lambda': 1.157247767047042e-07}. Best is trial 0 with value: -0.012885015015707765.
[I 2026-06-01 13:03:19,031] Trial 2 finished with value: -0.1345409823151351 and parameters: {'confidence_threshold': 0.5849570384370288, 'training_days': 10, 'n_estimators': 212, 'max_depth': 3, 'num_leaves': 41, 'learning_rate': 0.18452095998378365, 'subsample': 0.6001060822924371, 'colsample_bytree': 0.5673167293506167, 'min_child_samples': 37, 'reg_alpha': 5.733250064217131, 'reg_lambda': 0.5308454292595461}. Best is trial 0 with value: -0.012885015015707765.
[I 2026-06-01 13:03:19,108] Trial 3 finished with value: -0.20873301141193862 and parameters: {'confidence_threshold': 0.6868248626683718, 'training_days': 220, 'n_estimators': 134, 'max_depth': 3, 'num_leaves': 45, 'learning_rate': 0.033529007907491595, 'subsample': 0.8647277071858408, 'colsample_bytree': 0.778494116634046, 'min_child_samples': 96, 'reg_alpha': 2.409409937265785e-07, 'reg_lambda': 1.1642073478060009}. Best is trial 0 with value: -0.012885015015707765.
[I 2026-06-01 13:03:19,190] Trial 4 finished with value: -0.10974469555041026 and parameters: {'confidence_threshold': 0.5623121348350352, 'training_days': 300, 'n_estimators': 69, 'max_depth': 4, 'num_leaves': 32, 'learning_rate': 0.14967629360700346, 'subsample': 0.5054535233636654, 'colsample_bytree': 0.7401385194659216, 'min_child_samples': 27, 'reg_alpha': 1.4212042567426725e-07, 'reg_lambda': 0.23605753701352003}. Best is trial 0 with value: -0.012885015015707765.
[I 2026-06-01 13:03:19,591] Trial 5 finished with value: -0.0870043761486059 and parameters: {'confidence_threshold': 0.7111850244908446, 'training_days': 490, 'n_estimators': 362, 'max_depth': 5, 'num_leaves': 40, 'learning_rate': 0.05960785724162737, 'subsample': 0.5589714368907717, 'colsample_bytree': 0.6659006943232806, 'min_child_samples': 42, 'reg_alpha': 0.6741360303045295, 'reg_lambda': 6.054601607143087e-08}. Best is trial 0 with value: -0.012885015015707765.
[I 2026-06-01 13:03:19,782] Trial 6 finished with value: -0.10903645072882555 and parameters: {'confidence_threshold': 0.667482545748023, 'training_days': 420, 'n_estimators': 279, 'max_depth': 3, 'num_leaves': 45, 'learning_rate': 0.040099592560849204, 'subsample': 0.8563114696415159, 'colsample_bytree': 0.5442917781944105, 'min_child_samples': 50, 'reg_alpha': 1.6407916423707903e-08, 'reg_lambda': 2.935907642973286e-05}. Best is trial 0 with value: -0.012885015015707765.
[I 2026-06-01 13:03:19,947] Trial 7 finished with value: -0.03272441808014852 and parameters: {'confidence_threshold': 0.5497381024139926, 'training_days': 120, 'n_estimators': 408, 'max_depth': 5, 'num_leaves': 38, 'learning_rate': 0.28049122657745795, 'subsample': 0.8806573338635493, 'colsample_bytree': 0.5454054113547102, 'min_child_samples': 63, 'reg_alpha': 0.01263008637940408, 'reg_lambda': 0.04588020805366937}. Best is trial 0 with value: -0.012885015015707765.
[I 2026-06-01 13:03:20,221] Trial 8 finished with value: -0.14113229693851512 and parameters: {'confidence_threshold': 0.719644804808716, 'training_days': 450, 'n_estimators': 410, 'max_depth': 4, 'num_leaves': 57, 'learning_rate': 0.04022026551478857, 'subsample': 0.5336085426932707, 'colsample_bytree': 0.5705742850577543, 'min_child_samples': 100, 'reg_alpha': 5.916398047912201e-07, 'reg_lambda': 0.9794034214488329}. Best is trial 0 with value: -0.012885015015707765.

    [trial 9] 48 features, training_days=20 | threshold=0.538 | labels: 1220 long, 951 short (56/44%)
    [trial 9] Sharpe=-0.1090 (folds: -0.2934, 0.0205, -0.1773, 0.0282, -0.1230)
    [trial 10] 48 features, training_days=350 | threshold=0.738 | labels: 1220 long, 951 short (56/44%)
    [trial 10] Sharpe=-0.1406 (folds: -0.1298, -0.1939, -0.0692, -0.1521, -0.1582)
    [trial 11] 48 features, training_days=480 | threshold=0.713 | labels: 1220 long, 951 short (56/44%)
    [trial 11] Sharpe=-0.0637 (folds: -0.0771, -0.0584, -0.0766, -0.1263, 0.0197)
    [trial 12] 48 features, training_days=380 | threshold=0.713 | labels: 1220 long, 951 short (56/44%)
    [trial 12] Sharpe=-0.1344 (folds: -0.1181, -0.1755, -0.1802, -0.2590, 0.0608)
    [trial 13] 48 features, training_days=430 | threshold=0.672 | labels: 1220 long, 951 short (56/44%)
    [trial 13] Sharpe=-0.1031 (folds: -0.0316, -0.1492, -0.1461, -0.1703, -0.0181)
    [trial 14] 48 features, training_days=290 | threshold=0.753 | labels: 1220 long, 951 short (56/44%)
    [trial 14] Sharpe=-0.1787 (folds: -0.1175, -0.1075, -0.0749, -0.3619, -0.2316)
    [trial 15] 48 features, training_days=500 | threshold=0.673 | labels: 1220 long, 951 short (56/44%)
    [trial 15] Sharpe=-0.0986 (folds: -0.0015, -0.1079, -0.1353, -0.2179, -0.0302)
    [trial 16] 48 features, training_days=410 | threshold=0.565 | labels: 1220 long, 951 short (56/44%)
    [trial 16] Sharpe=-0.1146 (folds: -0.1512, -0.1830, -0.1435, -0.1719, 0.0765)
    [trial 17] 48 features, training_days=290 | threshold=0.763 | labels: 1220 long, 951 short (56/44%)
    [trial 17] Sharpe=-0.3869 (folds: -0.0447, -0.4784, -0.0805, -0.7403, -0.5909)
  Optuna: 18 trials, best Sharpe = -0.0637
  Best params: n_estimators=496, max_depth=4, lr=0.1375, leaves=55
  Best confidence_threshold: 0.713
  Best training_days: 480
  Retrained on full data (1440 samples, 48 features)
  [ensemble 2/3] seed=123
    [trial 0] 48 features, training_days=150 | threshold=0.744 | labels: 1220 long, 951 short (56/44%)
    [CV fold 0] train_end=2023-10-23 08:00 | val_start=2023-10-31 00:00 | gap=184h (22 rows)
    [CV fold 1] train_end=2024-02-20 16:00 | val_start=2024-02-28 08:00 | gap=184h (22 rows)
    [CV fold 2] train_end=2024-06-20 00:00 | val_start=2024-06-27 16:00 | gap=184h (22 rows)
    [CV fold 3] train_end=2024-10-18 08:00 | val_start=2024-10-26 00:00 | gap=184h (22 rows)
    [CV fold 4] train_end=2025-02-15 16:00 | val_start=2025-02-23 08:00 | gap=184h (22 rows)
    [trial 0] Sharpe=-0.1316 (folds: -0.1447, -0.0482, -0.1259, -0.1812, -0.1582)
    [trial 1] 48 features, training_days=220 | threshold=0.755 | labels: 1220 long, 951 short (56/44%)
    [trial 1] Sharpe=-8.0213 (folds: -10.0000, -0.1063, -10.0000, -10.0000, -10.0000)
    [trial 2] 48 features, training_days=310 | threshold=0.754 | labels: 1220 long, 951 short (56/44%)
    [trial 2] Sharpe=-0.1690 (folds: 0.0606, -0.1330, -0.1137, -0.2777, -0.3810)
    [trial 3] 48 features, training_days=220 | threshold=0.673 | labels: 1220 long, 951 short (56/44%)
    [trial 3] Sharpe=-0.1062 (folds: 0.0446, -0.0512, -0.1596, -0.2335, -0.1312)
    [trial 4] 48 features, training_days=130 | threshold=0.803 | labels: 1220 long, 951 short (56/44%)
    [trial 4] Sharpe=-0.0407 (folds: -0.0941, 0.0667, -0.0322, -0.1581, 0.0143)
    [trial 5] 48 features, training_days=210 | threshold=0.606 | labels: 1220 long, 951 short (56/44%)
    [trial 5] Sharpe=-0.1330 (folds: -0.1203, -0.0053, -0.1826, -0.3016, -0.0552)
    [trial 6] 48 features, training_days=130 | threshold=0.767 | labels: 1220 long, 951 short (56/44%)
    [trial 6] Sharpe=-0.0313 (folds: 0.0139, 0.0896, -0.0352, -0.1796, -0.0453)
    [trial 7] 48 features, training_days=80 | threshold=0.556 | labels: 1220 long, 951 short (56/44%)
    [trial 7] Sharpe=-0.0134 (folds: 0.0106, 0.1017, -0.1894, 0.0491, -0.0390)
    [trial 8] 48 features, training_days=200 | threshold=0.607 | labels: 1220 long, 951 short (56/44%)
    [trial 8] Sharpe=-0.1248 (folds: -0.0553, -0.0189, -0.1424, -0.2672, -0.1404)
    [trial 9] 48 features, training_days=260 | threshold=0.620 | labels: 1220 long, 951 short (56/44%)
    [trial 9] Sharpe=-0.1681 (folds: -0.0888, -0.1753, -0.1865, -0.2858, -0.1042)
    [trial 10] 48 features, training_days=10 | threshold=0.525 | labels: 1220 long, 951 short (56/44%)
    [trial 10] Sharpe=-0.1345 (folds: -0.2934, 0.0205, -0.1773, -0.2348, 0.0123)
    [trial 11] 48 features, training_days=480 | threshold=0.508 | labels: 1220 long, 951 short (56/44%)
    [trial 11] Sharpe=-0.1353 (folds: -0.1548, -0.0981, -0.2014, -0.1439, -0.0781)
    [trial 12] 48 features, training_days=10 | threshold=0.831 | labels: 1220 long, 951 short (56/44%)
    [trial 12] Sharpe=-4.1411 (folds: -0.2934, -10.0000, -0.1773, -0.2348, -10.0000)
    [trial 13] 48 features, training_days=110 | threshold=0.696 | labels: 1220 long, 951 short (56/44%)
    [trial 13] Sharpe=-0.0374 (folds: -0.1824, 0.0753, -0.0654, -0.0623, 0.0478)
    [trial 14] 48 features, training_days=70 | threshold=0.566 | labels: 1220 long, 951 short (56/44%)
    [trial 14] Sharpe=0.0396 (folds: 0.2379, 0.0319, -0.0026, 0.0110, -0.0802)
    [trial 15] 48 features, training_days=60 | threshold=0.555 | labels: 1220 long, 951 short (56/44%)
    [trial 15] Sharpe=0.0082 (folds: 0.1134, -0.0382, -0.0234, 0.0293, -0.0402)
    [trial 16] 48 features, training_days=350 | threshold=0.563 | labels: 1220 long, 951 short (56/44%)
    [trial 16] Sharpe=-0.1305 (folds: -0.0538, -0.1149, -0.1385, -0.2493, -0.0962)
    [trial 17] 48 features, training_days=70 | threshold=0.666 | labels: 1220 long, 951 short (56/44%)
    [trial 17] Sharpe=0.0510 (folds: 0.2501, 0.0100, -0.0374, 0.0796, -0.0473)
  Optuna: 18 trials, best Sharpe = 0.0510
  Best params: n_estimators=221, max_depth=5, lr=0.0929, leaves=44
  Best confidence_threshold: 0.666
  Best training_days: 70
  Retrained on full data (210 samples, 48 features)
  [ensemble 3/3] seed=456
    [trial 0] 48 features, training_days=90 | threshold=0.587 | labels: 1220 long, 951 short (56/44%)
    [CV fold 0] train_end=2023-10-23 08:00 | val_start=2023-10-31 00:00 | gap=184h (22 rows)
    [CV fold 1] train_end=2024-02-20 16:00 | val_start=2024-02-28 08:00 | gap=184h (22 rows)
    [CV fold 2] train_end=2024-06-20 00:00 | val_start=2024-06-27 16:00 | gap=184h (22 rows)
    [CV fold 3] train_end=2024-10-18 08:00 | val_start=2024-10-26 00:00 | gap=184h (22 rows)
    [CV fold 4] train_end=2025-02-15 16:00 | val_start=2025-02-23 08:00 | gap=184h (22 rows)
    [trial 0] Sharpe=-0.0129 (folds: 0.1131, -0.0014, 0.0010, -0.1102, -0.0670)
    [trial 1] 48 features, training_days=290 | threshold=0.635 | labels: 1220 long, 951 short (56/44%)
    [trial 1] Sharpe=-0.1798 (folds: -0.1798, -0.2306, -0.1203, -0.2978, -0.0703)
    [trial 2] 48 features, training_days=10 | threshold=0.585 | labels: 1220 long, 951 short (56/44%)
    [trial 2] Sharpe=-0.1345 (folds: -0.2934, 0.0205, -0.1773, -0.2348, 0.0123)
    [trial 3] 48 features, training_days=220 | threshold=0.687 | labels: 1220 long, 951 short (56/44%)
    [trial 3] Sharpe=-0.2087 (folds: -0.0953, -0.1433, -0.2251, -0.4469, -0.1331)
    [trial 4] 48 features, training_days=300 | threshold=0.562 | labels: 1220 long, 951 short (56/44%)
    [trial 4] Sharpe=-0.1097 (folds: -0.0332, -0.2197, -0.0673, -0.1166, -0.1119)
    [trial 5] 48 features, training_days=490 | threshold=0.711 | labels: 1220 long, 951 short (56/44%)
    [trial 5] Sharpe=-0.0870 (folds: 0.0038, -0.1094, -0.0884, -0.1892, -0.0519)
    [trial 6] 48 features, training_days=420 | threshold=0.667 | labels: 1220 long, 951 short (56/44%)
    [trial 6] Sharpe=-0.1090 (folds: -0.0241, -0.2205, -0.0904, -0.2127, 0.0025)
    [trial 7] 48 features, training_days=120 | threshold=0.550 | labels: 1220 long, 951 short (56/44%)
    [trial 7] Sharpe=-0.0327 (folds: 0.0445, 0.0422, -0.0380, -0.2105, -0.0019)
    [trial 8] 48 features, training_days=450 | threshold=0.720 | labels: 1220 long, 951 short (56/44%)
    [trial 8] Sharpe=-0.1411 (folds: -0.2456, -0.1949, -0.1734, -0.1100, 0.0182)
    [trial 9] 48 features, training_days=20 | threshold=0.727 | labels: 1220 long, 951 short (56/44%)
    [trial 9] Sharpe=-2.0844 (folds: -0.2934, 0.0205, -0.1773, 0.0282, -10.0000)[I 2026-06-01 13:03:20,246] Trial 9 finished with value: -2.084403271110224 and parameters: {'confidence_threshold': 0.7267463643917187, 'training_days': 20, 'n_estimators': 337, 'max_depth': 5, 'num_leaves': 23, 'learning_rate': 0.022153031811454605, 'subsample': 0.6305627572358737, 'colsample_bytree': 0.6613413774216214, 'min_child_samples': 81, 'reg_alpha': 5.7638634029410314e-08, 'reg_lambda': 8.26603016764008}. Best is trial 0 with value: -0.012885015015707765.
[I 2026-06-01 13:03:20,590] Trial 10 finished with value: -0.02293967692432107 and parameters: {'confidence_threshold': 0.8398533911817929, 'training_days': 130, 'n_estimators': 485, 'max_depth': 4, 'num_leaves': 62, 'learning_rate': 0.014251957942824738, 'subsample': 0.9901604570372973, 'colsample_bytree': 0.9944479338273263, 'min_child_samples': 23, 'reg_alpha': 6.837313901272251e-05, 'reg_lambda': 0.0006976939169966911}. Best is trial 0 with value: -0.012885015015707765.
[I 2026-06-01 13:03:20,955] Trial 11 finished with value: -0.10383774272592745 and parameters: {'confidence_threshold': 0.8491135887906174, 'training_days': 140, 'n_estimators': 478, 'max_depth': 4, 'num_leaves': 61, 'learning_rate': 0.010040680771315659, 'subsample': 0.9943448329854054, 'colsample_bytree': 0.9775347597655288, 'min_child_samples': 20, 'reg_alpha': 7.328612622954525e-05, 'reg_lambda': 0.0002767360651732308}. Best is trial 0 with value: -0.012885015015707765.
[I 2026-06-01 13:03:21,267] Trial 12 finished with value: -0.0323010904148658 and parameters: {'confidence_threshold': 0.83900033179092, 'training_days': 120, 'n_estimators': 490, 'max_depth': 4, 'num_leaves': 54, 'learning_rate': 0.010310812825333917, 'subsample': 0.9949021454548997, 'colsample_bytree': 0.9826583982594713, 'min_child_samples': 32, 'reg_alpha': 3.2356567490488907e-05, 'reg_lambda': 7.35834427504219e-06}. Best is trial 0 with value: -0.012885015015707765.
[I 2026-06-01 13:03:21,598] Trial 13 finished with value: -0.09519165816476345 and parameters: {'confidence_threshold': 0.5040535938350955, 'training_days': 200, 'n_estimators': 460, 'max_depth': 4, 'num_leaves': 51, 'learning_rate': 0.09042217389225966, 'subsample': 0.9397650511036021, 'colsample_bytree': 0.8987697222250639, 'min_child_samples': 54, 'reg_alpha': 0.001972000912880682, 'reg_lambda': 0.0051133473052157475}. Best is trial 0 with value: -0.012885015015707765.
[I 2026-06-01 13:03:21,846] Trial 14 finished with value: -0.05823465682198695 and parameters: {'confidence_threshold': 0.7723320301796328, 'training_days': 80, 'n_estimators': 412, 'max_depth': 5, 'num_leaves': 16, 'learning_rate': 0.0210691650752431, 'subsample': 0.7216435951576727, 'colsample_bytree': 0.8938410767605052, 'min_child_samples': 22, 'reg_alpha': 7.3977839379195705e-06, 'reg_lambda': 0.0014709214223004336}. Best is trial 0 with value: -0.012885015015707765.
[I 2026-06-01 13:03:22,065] Trial 15 finished with value: -0.07880982263299245 and parameters: {'confidence_threshold': 0.6118100966604268, 'training_days': 180, 'n_estimators': 310, 'max_depth': 4, 'num_leaves': 60, 'learning_rate': 0.1007583602760079, 'subsample': 0.7513007976384943, 'colsample_bytree': 0.8283431670740264, 'min_child_samples': 46, 'reg_alpha': 4.625290075508286e-06, 'reg_lambda': 2.582339790441249e-06}. Best is trial 0 with value: -0.012885015015707765.
[I 2026-06-01 13:03:22,165] Trial 16 finished with value: 0.02959239327059594 and parameters: {'confidence_threshold': 0.7809712285122007, 'training_days': 70, 'n_estimators': 229, 'max_depth': 4, 'num_leaves': 50, 'learning_rate': 0.019656635347648114, 'subsample': 0.9157672152558807, 'colsample_bytree': 0.9373223525891455, 'min_child_samples': 35, 'reg_alpha': 0.0005500810903297145, 'reg_lambda': 0.00011832660149322181}. Best is trial 16 with value: 0.02959239327059594.
[I 2026-06-01 13:03:22,232] Trial 17 finished with value: 0.07514728674628963 and parameters: {'confidence_threshold': 0.7873735958410488, 'training_days': 70, 'n_estimators': 228, 'max_depth': 5, 'num_leaves': 50, 'learning_rate': 0.023771228951718886, 'subsample': 0.9209070242923912, 'colsample_bytree': 0.9276961699593357, 'min_child_samples': 61, 'reg_alpha': 0.008896971601743164, 'reg_lambda': 7.622660936871915e-07}. Best is trial 17 with value: 0.07514728674628963.
[I 2026-06-01 13:03:22,964] A new study created in memory with name: no-name-4fe51a33-c58e-432e-bc5b-9461e446a24f
[I 2026-06-01 13:03:23,302] Trial 0 finished with value: -0.12217228404535452 and parameters: {'confidence_threshold': 0.6310890415965769, 'training_days': 480, 'n_estimators': 380, 'max_depth': 4, 'num_leaves': 22, 'learning_rate': 0.01699897838270077, 'subsample': 0.5290418060840998, 'colsample_bytree': 0.9330880728874675, 'min_child_samples': 68, 'reg_alpha': 0.023585940584142682, 'reg_lambda': 1.5320059381854043e-08}. Best is trial 0 with value: -0.12217228404535452.
[I 2026-06-01 13:03:23,410] Trial 1 finished with value: -6.019226533758342 and parameters: {'confidence_threshold': 0.839468448256698, 'training_days': 420, 'n_estimators': 145, 'max_depth': 3, 'num_leaves': 23, 'learning_rate': 0.028145092716060652, 'subsample': 0.762378215816119, 'colsample_bytree': 0.7159725093210578, 'min_child_samples': 43, 'reg_alpha': 0.0032112643094417484, 'reg_lambda': 1.8007140198129195e-07}. Best is trial 0 with value: -0.12217228404535452.
[I 2026-06-01 13:03:23,557] Trial 2 finished with value: -0.0578821029693664 and parameters: {'confidence_threshold': 0.6022506269873263, 'training_days': 190, 'n_estimators': 255, 'max_depth': 5, 'num_leaves': 24, 'learning_rate': 0.05748924681991978, 'subsample': 0.7962072844310213, 'colsample_bytree': 0.5232252063599989, 'min_child_samples': 69, 'reg_alpha': 3.425445902633376e-07, 'reg_lambda': 3.850031979199519e-08}. Best is trial 2 with value: -0.0578821029693664.
