[I 2026-06-01 13:03:59,889] Trial 9 finished with value: -0.1441904508258259 and parameters: {'confidence_threshold': 0.6202096049169137, 'training_days': 260, 'n_estimators': 350, 'max_depth': 3, 'num_leaves': 21, 'learning_rate': 0.02989540198065364, 'subsample': 0.8307821683331218, 'colsample_bytree': 0.923253112635361, 'min_child_samples': 64, 'reg_alpha': 0.4898604619604203, 'reg_lambda': 2.9076377687066166e-05}. Best is trial 6 with value: -0.033595697300868456.
[I 2026-06-01 13:04:00,319] Trial 10 finished with value: -4.080449604865857 and parameters: {'confidence_threshold': 0.8445241688507242, 'training_days': 470, 'n_estimators': 493, 'max_depth': 4, 'num_leaves': 17, 'learning_rate': 0.010221918552934462, 'subsample': 0.925262810706551, 'colsample_bytree': 0.6202684210924141, 'min_child_samples': 46, 'reg_alpha': 2.3451009125120672e-08, 'reg_lambda': 0.08638692467458545}. Best is trial 6 with value: -0.033595697300868456.
[I 2026-06-01 13:04:00,349] Trial 11 finished with value: -4.059258414410349 and parameters: {'confidence_threshold': 0.8371297552840329, 'training_days': 20, 'n_estimators': 255, 'max_depth': 5, 'num_leaves': 26, 'learning_rate': 0.28413636543342474, 'subsample': 0.5082312939353781, 'colsample_bytree': 0.6612241103206169, 'min_child_samples': 98, 'reg_alpha': 0.005164207989991991, 'reg_lambda': 0.007364523359426745}. Best is trial 6 with value: -0.033595697300868456.
[I 2026-06-01 13:04:00,401] Trial 12 finished with value: -0.05035813759966394 and parameters: {'confidence_threshold': 0.7984420943377982, 'training_days': 120, 'n_estimators': 51, 'max_depth': 5, 'num_leaves': 39, 'learning_rate': 0.14432248911623202, 'subsample': 0.8802519325340237, 'colsample_bytree': 0.5201164353688423, 'min_child_samples': 46, 'reg_alpha': 0.006937120291127141, 'reg_lambda': 0.00393268821840331}. Best is trial 6 with value: -0.033595697300868456.
[I 2026-06-01 13:04:00,426] Trial 13 finished with value: -2.0671801012310853 and parameters: {'confidence_threshold': 0.7272609826538928, 'training_days': 10, 'n_estimators': 53, 'max_depth': 4, 'num_leaves': 62, 'learning_rate': 0.1641190747862894, 'subsample': 0.8842423134648064, 'colsample_bytree': 0.5389794258459311, 'min_child_samples': 44, 'reg_alpha': 0.02770585930337593, 'reg_lambda': 0.003805125517891518}. Best is trial 6 with value: -0.033595697300868456.
[I 2026-06-01 13:04:00,565] Trial 14 finished with value: -0.1920822723879829 and parameters: {'confidence_threshold': 0.7898157829380791, 'training_days': 340, 'n_estimators': 132, 'max_depth': 5, 'num_leaves': 15, 'learning_rate': 0.16787349001606666, 'subsample': 0.8987333213473754, 'colsample_bytree': 0.5033829767322446, 'min_child_samples': 42, 'reg_alpha': 4.6313737939733275e-07, 'reg_lambda': 0.002238160234885918}. Best is trial 6 with value: -0.033595697300868456.

  [label] 2025-05-09 08:00 BTCUSDT entry=102852.9000 → LONG | long=timeout(+1.16%) short=timeout(-1.36%) | scanned=22 | no_tp→fwd_return=+1.2553
  [label] 2025-05-21 16:00 BTCUSDT entry=109609.5000 → SHORT | long=timeout(-1.82%) short=timeout(+1.62%) | scanned=22 | no_tp→fwd_return=-1.7210
  [label] 2025-06-30 08:00 BTCUSDT entry=107525.6000 → LONG | long=sl(-2.11%) short=sl(-2.11%) | scanned=7 | no_tp→fwd_return=+1.1852
  [label] 2025-07-10 00:00 BTCUSDT entry=111186.1000 → LONG | long=tp(+3.69%) short=sl(-2.00%) | scanned=2 | long_tp_only
  [label] 2025-10-04 08:00 BTCUSDT entry=121744.8000 → SHORT | long=sl(-2.35%) short=sl(-2.35%) | scanned=18 | no_tp→fwd_return=-2.2831
  Labels: 1219 long (56.1%), 952 short (43.9%) | weights: min=1.00, mean=3.53, max=10.00
  Features: 2171/2171 matched, 48 columns
  CV gap: 22 rows
  [ensemble 1/3] seed=42
    [trial 0] 48 features, training_days=480 | threshold=0.631 | labels: 1219 long, 952 short (56/44%)
    [CV fold 0] train_end=2024-02-23 08:00 | val_start=2024-03-02 00:00 | gap=184h (22 rows)
    [CV fold 1] train_end=2024-06-22 16:00 | val_start=2024-06-30 08:00 | gap=184h (22 rows)
    [CV fold 2] train_end=2024-10-21 00:00 | val_start=2024-10-28 16:00 | gap=184h (22 rows)
    [CV fold 3] train_end=2025-02-18 08:00 | val_start=2025-02-26 00:00 | gap=184h (22 rows)
    [CV fold 4] train_end=2025-06-18 16:00 | val_start=2025-06-26 08:00 | gap=184h (22 rows)
    [trial 0] Sharpe=-0.1470 (folds: 0.0549, -0.1547, -0.2500, 0.0166, -0.4014)
    [trial 1] 48 features, training_days=420 | threshold=0.839 | labels: 1219 long, 952 short (56/44%)
    [trial 1] Sharpe=-5.9623 (folds: 0.0193, 0.1690, -10.0000, -10.0000, -10.0000)
    [trial 2] 48 features, training_days=190 | threshold=0.602 | labels: 1219 long, 952 short (56/44%)
    [trial 2] Sharpe=-0.1307 (folds: 0.0145, -0.0826, -0.3238, -0.1186, -0.1429)
    [trial 3] 48 features, training_days=490 | threshold=0.832 | labels: 1219 long, 952 short (56/44%)
    [trial 3] Sharpe=-0.2039 (folds: -0.0214, -0.1648, -0.4121, -0.0636, -0.3574)
    [trial 4] 48 features, training_days=340 | threshold=0.591 | labels: 1219 long, 952 short (56/44%)
    [trial 4] Sharpe=-0.1621 (folds: -0.0269, -0.1408, -0.2693, -0.1372, -0.2364)
    [trial 5] 48 features, training_days=50 | threshold=0.823 | labels: 1219 long, 952 short (56/44%)
    [trial 5] Sharpe=-2.1999 (folds: -0.1715, 0.0454, -0.2172, -10.0000, -0.6560)
    [trial 6] 48 features, training_days=410 | threshold=0.549 | labels: 1219 long, 952 short (56/44%)
    [trial 6] Sharpe=-0.1410 (folds: -0.2080, -0.1635, -0.1353, -0.0304, -0.1681)
    [trial 7] 48 features, training_days=180 | threshold=0.526 | labels: 1219 long, 952 short (56/44%)
    [trial 7] Sharpe=-0.1324 (folds: -0.0536, -0.1127, -0.1127, -0.2178, -0.1650)
    [trial 8] 48 features, training_days=240 | threshold=0.811 | labels: 1219 long, 952 short (56/44%)
    [trial 8] Sharpe=-0.1282 (folds: 0.0127, -0.0802, -0.3589, 0.0186, -0.2332)
    [trial 9] 48 features, training_days=20 | threshold=0.538 | labels: 1219 long, 952 short (56/44%)
    [trial 9] Sharpe=-2.0614 (folds: -0.0344, -0.1764, -0.0105, -10.0000, -0.0855)
    [trial 10] 48 features, training_days=280 | threshold=0.734 | labels: 1219 long, 952 short (56/44%)
    [trial 10] Sharpe=-0.1341 (folds: 0.0371, -0.1481, -0.2305, -0.0984, -0.2306)
    [trial 11] 48 features, training_days=170 | threshold=0.706 | labels: 1219 long, 952 short (56/44%)
    [trial 11] Sharpe=-0.0681 (folds: 0.0506, -0.1018, -0.2073, 0.0582, -0.1402)
    [trial 12] 48 features, training_days=140 | threshold=0.724 | labels: 1219 long, 952 short (56/44%)
    [trial 12] Sharpe=-0.0523 (folds: -0.0010, -0.0465, -0.1190, 0.0671, -0.1619)
    [trial 13] 48 features, training_days=130 | threshold=0.715 | labels: 1219 long, 952 short (56/44%)
    [trial 13] Sharpe=-0.0078 (folds: 0.0494, -0.0475, -0.0841, 0.0900, -0.0469)
    [trial 14] 48 features, training_days=100 | threshold=0.753 | labels: 1219 long, 952 short (56/44%)
    [trial 14] Sharpe=-0.0111 (folds: 0.0144, -0.1157, -0.0115, 0.2096, -0.1523)
    [trial 15] 48 features, training_days=90 | threshold=0.768 | labels: 1219 long, 952 short (56/44%)
    [trial 15] Sharpe=-0.0609 (folds: -0.0213, -0.1156, -0.0894, 0.1297, -0.2080)
    [trial 16] 48 features, training_days=100 | threshold=0.659 | labels: 1219 long, 952 short (56/44%)
    [trial 16] Sharpe=-0.0274 (folds: 0.0583, -0.0956, -0.0083, 0.0806, -0.1720)
    [trial 17] 48 features, training_days=250 | threshold=0.779 | labels: 1219 long, 952 short (56/44%)
    [trial 17] Sharpe=-0.1512 (folds: 0.0323, 0.0348, -0.2581, -0.3910, -0.1738)
  Optuna: 18 trials, best Sharpe = -0.0078
  Best params: n_estimators=258, max_depth=4, lr=0.1943, leaves=62
  Best confidence_threshold: 0.715
  Best training_days: 130
  Retrained on full data (390 samples, 48 features)
  [ensemble 2/3] seed=123
    [trial 0] 48 features, training_days=150 | threshold=0.744 | labels: 1219 long, 952 short (56/44%)
    [CV fold 0] train_end=2024-02-23 08:00 | val_start=2024-03-02 00:00 | gap=184h (22 rows)
    [CV fold 1] train_end=2024-06-22 16:00 | val_start=2024-06-30 08:00 | gap=184h (22 rows)
    [CV fold 2] train_end=2024-10-21 00:00 | val_start=2024-10-28 16:00 | gap=184h (22 rows)
    [CV fold 3] train_end=2025-02-18 08:00 | val_start=2025-02-26 00:00 | gap=184h (22 rows)
    [CV fold 4] train_end=2025-06-18 16:00 | val_start=2025-06-26 08:00 | gap=184h (22 rows)
    [trial 0] Sharpe=-0.1020 (folds: 0.0119, -0.0216, -0.2350, -0.1011, -0.1644)
    [trial 1] 48 features, training_days=220 | threshold=0.755 | labels: 1219 long, 952 short (56/44%)
    [trial 1] Sharpe=-4.0517 (folds: 0.1259, -0.3702, -10.0000, -10.0000, -0.0142)
    [trial 2] 48 features, training_days=310 | threshold=0.754 | labels: 1219 long, 952 short (56/44%)
    [trial 2] Sharpe=-0.1484 (folds: 0.0547, -0.0003, -0.3777, -0.3703, -0.0481)
    [trial 3] 48 features, training_days=220 | threshold=0.673 | labels: 1219 long, 952 short (56/44%)
    [trial 3] Sharpe=-0.1164 (folds: 0.0273, -0.1077, -0.2175, -0.1256, -0.1589)
    [trial 4] 48 features, training_days=130 | threshold=0.803 | labels: 1219 long, 952 short (56/44%)
    [trial 4] Sharpe=-0.0523 (folds: -0.0788, 0.0435, -0.1836, 0.0506, -0.0932)
    [trial 5] 48 features, training_days=210 | threshold=0.606 | labels: 1219 long, 952 short (56/44%)
    [trial 5] Sharpe=-0.1235 (folds: -0.0085, -0.1260, -0.2614, -0.0579, -0.1637)
    [trial 6] 48 features, training_days=130 | threshold=0.767 | labels: 1219 long, 952 short (56/44%)
    [trial 6] Sharpe=-0.0336 (folds: -0.0007, 0.0552, -0.0598, -0.0730, -0.0897)
    [trial 7] 48 features, training_days=80 | threshold=0.556 | labels: 1219 long, 952 short (56/44%)
    [trial 7] Sharpe=-0.0656 (folds: 0.0536, -0.1534, -0.0309, 0.0196, -0.2169)
    [trial 8] 48 features, training_days=200 | threshold=0.607 | labels: 1219 long, 952 short (56/44%)
    [trial 8] Sharpe=-0.1566 (folds: -0.0553, -0.1412, -0.3545, -0.1114, -0.1207)
    [trial 9] 48 features, training_days=260 | threshold=0.620 | labels: 1219 long, 952 short (56/44%)
    [trial 9] Sharpe=-0.1442 (folds: 0.0112, -0.1444, -0.2208, -0.1009, -0.2661)
    [trial 10] 48 features, training_days=470 | threshold=0.845 | labels: 1219 long, 952 short (56/44%)
    [trial 10] Sharpe=-4.0804 (folds: -0.0082, 0.1685, -0.5626, -10.0000, -10.0000)
    [trial 11] 48 features, training_days=20 | threshold=0.837 | labels: 1219 long, 952 short (56/44%)
    [trial 11] Sharpe=-4.0593 (folds: -0.0344, -0.1764, -10.0000, -10.0000, -0.0855)
    [trial 12] 48 features, training_days=120 | threshold=0.798 | labels: 1219 long, 952 short (56/44%)
    [trial 12] Sharpe=-0.0504 (folds: -0.0323, 0.0282, -0.0424, -0.1201, -0.0850)
    [trial 13] 48 features, training_days=10 | threshold=0.727 | labels: 1219 long, 952 short (56/44%)
    [trial 13] Sharpe=-2.0672 (folds: 0.1073, -0.1764, -0.1813, -10.0000, -0.0855)
    [trial 14] 48 features, training_days=340 | threshold=0.790 | labels: 1219 long, 952 short (56/44%)
    [trial 14] Sharpe=-0.1921 (folds: -0.0454, -0.1652, -0.3654, -0.0628, -0.3217)
    [trial 15] 48 features, training_days=90 | threshold=0.681 | labels: 1219 long, 952 short (56/44%)[I 2026-06-01 13:04:00,634] Trial 15 finished with value: -0.044377827383594234 and parameters: {'confidence_threshold': 0.681110154342211, 'training_days': 90, 'n_estimators': 107, 'max_depth': 4, 'num_leaves': 30, 'learning_rate': 0.1137188512286046, 'subsample': 0.9864710270414087, 'colsample_bytree': 0.7140815651574648, 'min_child_samples': 20, 'reg_alpha': 7.916394902106256, 'reg_lambda': 3.5532501480887757}. Best is trial 6 with value: -0.033595697300868456.
[I 2026-06-01 13:04:00,726] Trial 16 finished with value: -0.13660930511181185 and parameters: {'confidence_threshold': 0.6837022230204387, 'training_days': 60, 'n_estimators': 218, 'max_depth': 4, 'num_leaves': 26, 'learning_rate': 0.10204084627557415, 'subsample': 0.9786071814324516, 'colsample_bytree': 0.6982877056862742, 'min_child_samples': 20, 'reg_alpha': 3.433399905162048, 'reg_lambda': 4.681587328568726}. Best is trial 6 with value: -0.033595697300868456.
[I 2026-06-01 13:04:00,777] Trial 17 finished with value: -0.10380461094590072 and parameters: {'confidence_threshold': 0.5004748807695347, 'training_days': 80, 'n_estimators': 113, 'max_depth': 4, 'num_leaves': 26, 'learning_rate': 0.22085043311727723, 'subsample': 0.6993176954023351, 'colsample_bytree': 0.7304203918210422, 'min_child_samples': 21, 'reg_alpha': 7.284070645541434, 'reg_lambda': 3.244782483763178}. Best is trial 6 with value: -0.033595697300868456.
[I 2026-06-01 13:04:01,295] A new study created in memory with name: no-name-7e337051-2de5-411d-a29c-bf5b18955b1d
[I 2026-06-01 13:04:01,494] Trial 0 finished with value: -0.07112819611490509 and parameters: {'confidence_threshold': 0.5870645682749857, 'training_days': 90, 'n_estimators': 403, 'max_depth': 5, 'num_leaves': 45, 'learning_rate': 0.0780457193679974, 'subsample': 0.9428509515574568, 'colsample_bytree': 0.8795587339164916, 'min_child_samples': 34, 'reg_alpha': 2.2465901234314442e-07, 'reg_lambda': 8.339007036475363e-05}. Best is trial 0 with value: -0.07112819611490509.
[I 2026-06-01 13:04:01,607] Trial 1 finished with value: -0.14977731751997875 and parameters: {'confidence_threshold': 0.6348453934275313, 'training_days': 290, 'n_estimators': 115, 'max_depth': 5, 'num_leaves': 37, 'learning_rate': 0.06949568759029946, 'subsample': 0.8228505074024268, 'colsample_bytree': 0.8616703220431751, 'min_child_samples': 75, 'reg_alpha': 4.2486822725010923e-07, 'reg_lambda': 1.157247767047042e-07}. Best is trial 0 with value: -0.07112819611490509.
[I 2026-06-01 13:04:01,625] Trial 2 finished with value: -2.0671801012310853 and parameters: {'confidence_threshold': 0.5849570384370288, 'training_days': 10, 'n_estimators': 212, 'max_depth': 3, 'num_leaves': 41, 'learning_rate': 0.18452095998378365, 'subsample': 0.6001060822924371, 'colsample_bytree': 0.5673167293506167, 'min_child_samples': 37, 'reg_alpha': 5.733250064217131, 'reg_lambda': 0.5308454292595461}. Best is trial 0 with value: -0.07112819611490509.
[I 2026-06-01 13:04:01,706] Trial 3 finished with value: -0.16005542110694332 and parameters: {'confidence_threshold': 0.6868248626683718, 'training_days': 220, 'n_estimators': 134, 'max_depth': 3, 'num_leaves': 45, 'learning_rate': 0.033529007907491595, 'subsample': 0.8647277071858408, 'colsample_bytree': 0.778494116634046, 'min_child_samples': 96, 'reg_alpha': 2.409409937265785e-07, 'reg_lambda': 1.1642073478060009}. Best is trial 0 with value: -0.07112819611490509.
[I 2026-06-01 13:04:01,792] Trial 4 finished with value: -0.13450197744312056 and parameters: {'confidence_threshold': 0.5623121348350352, 'training_days': 300, 'n_estimators': 69, 'max_depth': 4, 'num_leaves': 32, 'learning_rate': 0.14967629360700346, 'subsample': 0.5054535233636654, 'colsample_bytree': 0.7401385194659216, 'min_child_samples': 27, 'reg_alpha': 1.4212042567426725e-07, 'reg_lambda': 0.23605753701352003}. Best is trial 0 with value: -0.07112819611490509.
[I 2026-06-01 13:04:02,175] Trial 5 finished with value: -0.19009153858711167 and parameters: {'confidence_threshold': 0.7111850244908446, 'training_days': 490, 'n_estimators': 362, 'max_depth': 5, 'num_leaves': 40, 'learning_rate': 0.05960785724162737, 'subsample': 0.5589714368907717, 'colsample_bytree': 0.6659006943232806, 'min_child_samples': 42, 'reg_alpha': 0.6741360303045295, 'reg_lambda': 6.054601607143087e-08}. Best is trial 0 with value: -0.07112819611490509.
[I 2026-06-01 13:04:02,379] Trial 6 finished with value: -0.13863288086395278 and parameters: {'confidence_threshold': 0.667482545748023, 'training_days': 420, 'n_estimators': 279, 'max_depth': 3, 'num_leaves': 45, 'learning_rate': 0.040099592560849204, 'subsample': 0.8563114696415159, 'colsample_bytree': 0.5442917781944105, 'min_child_samples': 50, 'reg_alpha': 1.6407916423707903e-08, 'reg_lambda': 2.935907642973286e-05}. Best is trial 0 with value: -0.07112819611490509.
[I 2026-06-01 13:04:02,550] Trial 7 finished with value: -0.03370301151283983 and parameters: {'confidence_threshold': 0.5497381024139926, 'training_days': 120, 'n_estimators': 408, 'max_depth': 5, 'num_leaves': 38, 'learning_rate': 0.28049122657745795, 'subsample': 0.8806573338635493, 'colsample_bytree': 0.5454054113547102, 'min_child_samples': 63, 'reg_alpha': 0.01263008637940408, 'reg_lambda': 0.04588020805366937}. Best is trial 7 with value: -0.03370301151283983.
[I 2026-06-01 13:04:02,826] Trial 8 finished with value: -0.16202214484914165 and parameters: {'confidence_threshold': 0.719644804808716, 'training_days': 450, 'n_estimators': 410, 'max_depth': 4, 'num_leaves': 57, 'learning_rate': 0.04022026551478857, 'subsample': 0.5336085426932707, 'colsample_bytree': 0.5705742850577543, 'min_child_samples': 100, 'reg_alpha': 5.916398047912201e-07, 'reg_lambda': 0.9794034214488329}. Best is trial 7 with value: -0.03370301151283983.
[I 2026-06-01 13:04:02,861] Trial 9 finished with value: -4.059258414410349 and parameters: {'confidence_threshold': 0.7267463643917187, 'training_days': 20, 'n_estimators': 337, 'max_depth': 5, 'num_leaves': 23, 'learning_rate': 0.022153031811454605, 'subsample': 0.6305627572358737, 'colsample_bytree': 0.6613413774216214, 'min_child_samples': 81, 'reg_alpha': 5.7638634029410314e-08, 'reg_lambda': 8.26603016764008}. Best is trial 7 with value: -0.03370301151283983.
[I 2026-06-01 13:04:03,197] Trial 10 finished with value: -0.08342886214858056 and parameters: {'confidence_threshold': 0.8398533911817929, 'training_days': 180, 'n_estimators': 485, 'max_depth': 4, 'num_leaves': 15, 'learning_rate': 0.2797087873840057, 'subsample': 0.7130289643560688, 'colsample_bytree': 0.9944479338273263, 'min_child_samples': 62, 'reg_alpha': 0.002237492903849199, 'reg_lambda': 0.004699952286108024}. Best is trial 7 with value: -0.03370301151283983.
[I 2026-06-01 13:04:03,448] Trial 11 finished with value: -0.046521662703920906 and parameters: {'confidence_threshold': 0.5379676273538253, 'training_days': 130, 'n_estimators': 478, 'max_depth': 5, 'num_leaves': 54, 'learning_rate': 0.010226258249598861, 'subsample': 0.9905541628258661, 'colsample_bytree': 0.9214296292909252, 'min_child_samples': 61, 'reg_alpha': 0.0008950365149773466, 'reg_lambda': 0.00022486515256442478}. Best is trial 7 with value: -0.03370301151283983.
[I 2026-06-01 13:04:03,667] Trial 12 finished with value: -0.032947867493156605 and parameters: {'confidence_threshold': 0.5115366705732524, 'training_days': 120, 'n_estimators': 490, 'max_depth': 5, 'num_leaves': 63, 'learning_rate': 0.010306365551845425, 'subsample': 0.9949150561173347, 'colsample_bytree': 0.9826583982594713, 'min_child_samples': 62, 'reg_alpha': 0.0022498557406386162, 'reg_lambda': 0.0022105109201275095}. Best is trial 12 with value: -0.032947867493156605.
[I 2026-06-01 13:04:03,815] Trial 13 finished with value: -0.04514039337465052 and parameters: {'confidence_threshold': 0.5007357854836626, 'training_days': 100, 'n_estimators': 497, 'max_depth': 5, 'num_leaves': 28, 'learning_rate': 0.010705624380955025, 'subsample': 0.9299071239322798, 'colsample_bytree': 0.7701436367105973, 'min_child_samples': 72, 'reg_alpha': 0.07608775466376307, 'reg_lambda': 0.009497953674945261}. Best is trial 12 with value: -0.032947867493156605.
[I 2026-06-01 13:04:04,105] Trial 14 finished with value: -0.09752600843913642 and parameters: {'confidence_threshold': 0.5044444372741629, 'training_days': 160, 'n_estimators': 426, 'max_depth': 4, 'num_leaves': 60, 'learning_rate': 0.01886344477517249, 'subsample': 0.7814233355859339, 'colsample_bytree': 0.658600878541351, 'min_child_samples': 49, 'reg_alpha': 6.0564691975063294e-05, 'reg_lambda': 0.007336486257637096}. Best is trial 12 with value: -0.032947867493156605.
[I 2026-06-01 13:04:04,296] Trial 15 finished with value: -0.12277709445531737 and parameters: {'confidence_threshold': 0.6207969895773788, 'training_days': 230, 'n_estimators': 309, 'max_depth': 4, 'num_leaves': 52, 'learning_rate': 0.10937024703631229, 'subsample': 0.9956380196765671, 'colsample_bytree': 0.502925720040233, 'min_child_samples': 84, 'reg_alpha': 0.019180713762908315, 'reg_lambda': 2.582339790441249e-06}. Best is trial 12 with value: -0.032947867493156605.
[I 2026-06-01 13:04:04,357] Trial 16 finished with value: -0.009273198068405486 and parameters: {'confidence_threshold': 0.7809712285122007, 'training_days': 70, 'n_estimators': 229, 'max_depth': 5, 'num_leaves': 51, 'learning_rate': 0.24381742539890905, 'subsample': 0.9175585025079971, 'colsample_bytree': 0.9843340149777576, 'min_child_samples': 67, 'reg_alpha': 6.414940172667924e-05, 'reg_lambda': 0.030392189254886525}. Best is trial 16 with value: -0.009273198068405486.
