[I 2026-06-01 13:02:38,217] Trial 1 finished with value: -0.10895504616464284 and parameters: {'confidence_threshold': 0.6348453934275313, 'training_days': 290, 'n_estimators': 115, 'max_depth': 5, 'num_leaves': 37, 'learning_rate': 0.06949568759029946, 'subsample': 0.8228505074024268, 'colsample_bytree': 0.8616703220431751, 'min_child_samples': 75, 'reg_alpha': 4.2486822725010923e-07, 'reg_lambda': 1.157247767047042e-07}. Best is trial 0 with value: -0.013831122481251411.
[I 2026-06-01 13:02:38,239] Trial 2 finished with value: -0.04082242564692739 and parameters: {'confidence_threshold': 0.5849570384370288, 'training_days': 10, 'n_estimators': 212, 'max_depth': 3, 'num_leaves': 41, 'learning_rate': 0.18452095998378365, 'subsample': 0.6001060822924371, 'colsample_bytree': 0.5673167293506167, 'min_child_samples': 37, 'reg_alpha': 5.733250064217131, 'reg_lambda': 0.5308454292595461}. Best is trial 0 with value: -0.013831122481251411.
[I 2026-06-01 13:02:38,324] Trial 3 finished with value: -0.030123033042344084 and parameters: {'confidence_threshold': 0.6868248626683718, 'training_days': 220, 'n_estimators': 134, 'max_depth': 3, 'num_leaves': 45, 'learning_rate': 0.033529007907491595, 'subsample': 0.8647277071858408, 'colsample_bytree': 0.778494116634046, 'min_child_samples': 96, 'reg_alpha': 2.409409937265785e-07, 'reg_lambda': 1.1642073478060009}. Best is trial 0 with value: -0.013831122481251411.
[I 2026-06-01 13:02:38,413] Trial 4 finished with value: -0.07083661725471369 and parameters: {'confidence_threshold': 0.5623121348350352, 'training_days': 300, 'n_estimators': 69, 'max_depth': 4, 'num_leaves': 32, 'learning_rate': 0.14967629360700346, 'subsample': 0.5054535233636654, 'colsample_bytree': 0.7401385194659216, 'min_child_samples': 27, 'reg_alpha': 1.4212042567426725e-07, 'reg_lambda': 0.23605753701352003}. Best is trial 0 with value: -0.013831122481251411.
[I 2026-06-01 13:02:38,815] Trial 5 finished with value: -0.047487830623301155 and parameters: {'confidence_threshold': 0.7111850244908446, 'training_days': 490, 'n_estimators': 362, 'max_depth': 5, 'num_leaves': 40, 'learning_rate': 0.05960785724162737, 'subsample': 0.5589714368907717, 'colsample_bytree': 0.6659006943232806, 'min_child_samples': 42, 'reg_alpha': 0.6741360303045295, 'reg_lambda': 6.054601607143087e-08}. Best is trial 0 with value: -0.013831122481251411.
[I 2026-06-01 13:02:39,008] Trial 6 finished with value: -0.028947538617038228 and parameters: {'confidence_threshold': 0.667482545748023, 'training_days': 420, 'n_estimators': 279, 'max_depth': 3, 'num_leaves': 45, 'learning_rate': 0.040099592560849204, 'subsample': 0.8563114696415159, 'colsample_bytree': 0.5442917781944105, 'min_child_samples': 50, 'reg_alpha': 1.6407916423707903e-08, 'reg_lambda': 2.935907642973286e-05}. Best is trial 0 with value: -0.013831122481251411.
[I 2026-06-01 13:02:39,176] Trial 7 finished with value: -0.02588586355067495 and parameters: {'confidence_threshold': 0.5497381024139926, 'training_days': 120, 'n_estimators': 408, 'max_depth': 5, 'num_leaves': 38, 'learning_rate': 0.28049122657745795, 'subsample': 0.8806573338635493, 'colsample_bytree': 0.5454054113547102, 'min_child_samples': 63, 'reg_alpha': 0.01263008637940408, 'reg_lambda': 0.04588020805366937}. Best is trial 0 with value: -0.013831122481251411.
[I 2026-06-01 13:02:39,447] Trial 8 finished with value: -0.017055378359153446 and parameters: {'confidence_threshold': 0.719644804808716, 'training_days': 450, 'n_estimators': 410, 'max_depth': 4, 'num_leaves': 57, 'learning_rate': 0.04022026551478857, 'subsample': 0.5336085426932707, 'colsample_bytree': 0.5705742850577543, 'min_child_samples': 100, 'reg_alpha': 5.916398047912201e-07, 'reg_lambda': 0.9794034214488329}. Best is trial 0 with value: -0.013831122481251411.
[I 2026-06-01 13:02:39,469] Trial 9 finished with value: -2.0588745093796823 and parameters: {'confidence_threshold': 0.7267463643917187, 'training_days': 20, 'n_estimators': 337, 'max_depth': 5, 'num_leaves': 23, 'learning_rate': 0.022153031811454605, 'subsample': 0.6305627572358737, 'colsample_bytree': 0.6613413774216214, 'min_child_samples': 81, 'reg_alpha': 5.7638634029410314e-08, 'reg_lambda': 8.26603016764008}. Best is trial 0 with value: -0.013831122481251411.
[I 2026-06-01 13:02:39,814] Trial 10 finished with value: -0.00705116183674615 and parameters: {'confidence_threshold': 0.8398533911817929, 'training_days': 130, 'n_estimators': 485, 'max_depth': 4, 'num_leaves': 62, 'learning_rate': 0.014251957942824738, 'subsample': 0.9901604570372973, 'colsample_bytree': 0.9944479338273263, 'min_child_samples': 23, 'reg_alpha': 6.837313901272251e-05, 'reg_lambda': 0.0006976939169966911}. Best is trial 10 with value: -0.00705116183674615.
[I 2026-06-01 13:02:40,181] Trial 11 finished with value: -0.06302480577624298 and parameters: {'confidence_threshold': 0.8491135887906174, 'training_days': 140, 'n_estimators': 478, 'max_depth': 4, 'num_leaves': 61, 'learning_rate': 0.010040680771315659, 'subsample': 0.9943448329854054, 'colsample_bytree': 0.9775347597655288, 'min_child_samples': 20, 'reg_alpha': 7.328612622954525e-05, 'reg_lambda': 0.0002767360651732308}. Best is trial 10 with value: -0.00705116183674615.
[I 2026-06-01 13:02:40,479] Trial 12 finished with value: -0.0006026532350135172 and parameters: {'confidence_threshold': 0.83900033179092, 'training_days': 120, 'n_estimators': 490, 'max_depth': 4, 'num_leaves': 54, 'learning_rate': 0.010310812825333917, 'subsample': 0.9949021454548997, 'colsample_bytree': 0.9826583982594713, 'min_child_samples': 32, 'reg_alpha': 3.2356567490488907e-05, 'reg_lambda': 7.35834427504219e-06}. Best is trial 12 with value: -0.0006026532350135172.
[I 2026-06-01 13:02:40,834] Trial 13 finished with value: -0.20097803298320754 and parameters: {'confidence_threshold': 0.8484708715379338, 'training_days': 200, 'n_estimators': 497, 'max_depth': 4, 'num_leaves': 55, 'learning_rate': 0.010374635283984386, 'subsample': 0.7073909792186277, 'colsample_bytree': 0.977673677256957, 'min_child_samples': 53, 'reg_alpha': 4.0337534557065e-05, 'reg_lambda': 1.8799948266058237e-06}. Best is trial 12 with value: -0.0006026532350135172.
[I 2026-06-01 13:02:41,245] Trial 14 finished with value: -0.05523995781767819 and parameters: {'confidence_threshold': 0.7902715305718381, 'training_days': 180, 'n_estimators': 500, 'max_depth': 4, 'num_leaves': 52, 'learning_rate': 0.017489021597867162, 'subsample': 0.9945750418340078, 'colsample_bytree': 0.9007048146894701, 'min_child_samples': 22, 'reg_alpha': 0.0019056569144804095, 'reg_lambda': 0.006192953681384937}. Best is trial 12 with value: -0.0006026532350135172.
[I 2026-06-01 13:02:41,413] Trial 15 finished with value: 0.06172735952355231 and parameters: {'confidence_threshold': 0.7829525506318393, 'training_days': 70, 'n_estimators': 442, 'max_depth': 4, 'num_leaves': 62, 'learning_rate': 0.016846279413630837, 'subsample': 0.7631147670190621, 'colsample_bytree': 0.9934286300532085, 'min_child_samples': 31, 'reg_alpha': 1.0347887266434179e-05, 'reg_lambda': 0.0026406526000485684}. Best is trial 15 with value: 0.06172735952355231.
[I 2026-06-01 13:02:41,500] Trial 16 finished with value: 0.032947885268202984 and parameters: {'confidence_threshold': 0.7809712285122007, 'training_days': 60, 'n_estimators': 299, 'max_depth': 4, 'num_leaves': 51, 'learning_rate': 0.021342803802310486, 'subsample': 0.7543865421398536, 'colsample_bytree': 0.9213491523841879, 'min_child_samples': 44, 'reg_alpha': 8.769868667672289e-06, 'reg_lambda': 2.762215943426672e-06}. Best is trial 15 with value: 0.06172735952355231.
[I 2026-06-01 13:02:41,599] Trial 17 finished with value: 0.06679747537316154 and parameters: {'confidence_threshold': 0.7651988129515577, 'training_days': 70, 'n_estimators': 248, 'max_depth': 3, 'num_leaves': 51, 'learning_rate': 0.023967400101084998, 'subsample': 0.7379604174034418, 'colsample_bytree': 0.9267955075138019, 'min_child_samples': 47, 'reg_alpha': 6.093250509539638e-06, 'reg_lambda': 1.4992574777851106e-06}. Best is trial 17 with value: 0.06679747537316154.

  Retrained on full data (1230 samples, 48 features)
  [ensemble 2/3] seed=123
    [trial 0] 48 features, training_days=150 | threshold=0.744 | labels: 1188 long, 983 short (55/45%)
    [CV fold 0] train_end=2023-06-23 08:00 | val_start=2023-07-01 00:00 | gap=184h (22 rows)
    [CV fold 1] train_end=2023-10-21 16:00 | val_start=2023-10-29 08:00 | gap=184h (22 rows)
    [CV fold 2] train_end=2024-02-19 00:00 | val_start=2024-02-26 16:00 | gap=184h (22 rows)
    [CV fold 3] train_end=2024-06-18 08:00 | val_start=2024-06-26 00:00 | gap=184h (22 rows)
    [CV fold 4] train_end=2024-10-16 16:00 | val_start=2024-10-24 08:00 | gap=184h (22 rows)
    [trial 0] Sharpe=-0.0915 (folds: 0.1675, -0.2510, -0.0191, -0.1745, -0.1802)
    [trial 1] 48 features, training_days=220 | threshold=0.755 | labels: 1188 long, 983 short (55/45%)
    [trial 1] Sharpe=-1.9481 (folds: 0.6590, -0.0310, -0.1130, -0.2553, -10.0000)
    [trial 2] 48 features, training_days=310 | threshold=0.754 | labels: 1188 long, 983 short (55/45%)
    [trial 2] Sharpe=-0.1162 (folds: 0.1050, -0.1007, -0.2128, -0.0388, -0.3335)
    [trial 3] 48 features, training_days=220 | threshold=0.673 | labels: 1188 long, 983 short (55/45%)
    [trial 3] Sharpe=-0.0974 (folds: -0.0356, -0.0406, -0.0743, -0.1347, -0.2021)
    [trial 4] 48 features, training_days=130 | threshold=0.803 | labels: 1188 long, 983 short (55/45%)
    [trial 4] Sharpe=-0.0028 (folds: 0.2379, -0.0598, 0.0826, -0.0575, -0.2172)
    [trial 5] 48 features, training_days=210 | threshold=0.606 | labels: 1188 long, 983 short (55/45%)
    [trial 5] Sharpe=-0.1338 (folds: 0.1271, -0.2666, -0.0292, -0.1731, -0.3273)
    [trial 6] 48 features, training_days=130 | threshold=0.767 | labels: 1188 long, 983 short (55/45%)
    [trial 6] Sharpe=-0.0210 (folds: 0.0257, -0.0486, 0.0770, -0.0358, -0.1233)
    [trial 7] 48 features, training_days=80 | threshold=0.556 | labels: 1188 long, 983 short (55/45%)
    [trial 7] Sharpe=-0.0308 (folds: -0.0957, -0.0266, 0.0910, -0.1417, 0.0190)
    [trial 8] 48 features, training_days=200 | threshold=0.607 | labels: 1188 long, 983 short (55/45%)
    [trial 8] Sharpe=-0.1242 (folds: -0.0165, -0.2016, 0.0223, -0.1681, -0.2573)
    [trial 9] 48 features, training_days=260 | threshold=0.620 | labels: 1188 long, 983 short (55/45%)
    [trial 9] Sharpe=-0.1128 (folds: 0.1502, -0.1223, -0.1811, -0.1655, -0.2456)
    [trial 10] 48 features, training_days=470 | threshold=0.845 | labels: 1188 long, 983 short (55/45%)
    [trial 10] Sharpe=-0.0230 (folds: -0.1065, -0.3322, -0.0744, 0.3629, 0.0354)
    [trial 11] 48 features, training_days=20 | threshold=0.837 | labels: 1188 long, 983 short (55/45%)
    [trial 11] Sharpe=-2.0589 (folds: 0.1323, -0.2928, 0.0442, -0.1781, -10.0000)
    [trial 12] 48 features, training_days=120 | threshold=0.798 | labels: 1188 long, 983 short (55/45%)
    [trial 12] Sharpe=0.0030 (folds: 0.1999, -0.0028, -0.0148, -0.0178, -0.1493)
    [trial 13] 48 features, training_days=10 | threshold=0.800 | labels: 1188 long, 983 short (55/45%)
    [trial 13] Sharpe=-2.0483 (folds: 0.1323, -0.2928, 0.0969, -0.1781, -10.0000)
    [trial 14] 48 features, training_days=340 | threshold=0.697 | labels: 1188 long, 983 short (55/45%)
    [trial 14] Sharpe=-0.0999 (folds: 0.1537, -0.1400, -0.0419, -0.1509, -0.3201)
    [trial 15] 48 features, training_days=90 | threshold=0.699 | labels: 1188 long, 983 short (55/45%)
    [trial 15] Sharpe=-0.0127 (folds: -0.0342, 0.0515, 0.0270, -0.0496, -0.0585)
    [trial 16] 48 features, training_days=140 | threshold=0.807 | labels: 1188 long, 983 short (55/45%)
    [trial 16] Sharpe=0.0132 (folds: 0.1663, 0.1045, 0.0878, -0.0804, -0.2120)
    [trial 17] 48 features, training_days=70 | threshold=0.500 | labels: 1188 long, 983 short (55/45%)
    [trial 17] Sharpe=0.0721 (folds: -0.0295, 0.2918, 0.0250, 0.0133, 0.0598)
  Optuna: 18 trials, best Sharpe = 0.0721
  Best params: n_estimators=429, max_depth=5, lr=0.0470, leaves=26
  Best confidence_threshold: 0.500
  Best training_days: 70
  Retrained on full data (210 samples, 48 features)
  [ensemble 3/3] seed=456
    [trial 0] 48 features, training_days=90 | threshold=0.587 | labels: 1188 long, 983 short (55/45%)
    [CV fold 0] train_end=2023-06-23 08:00 | val_start=2023-07-01 00:00 | gap=184h (22 rows)
    [CV fold 1] train_end=2023-10-21 16:00 | val_start=2023-10-29 08:00 | gap=184h (22 rows)
    [CV fold 2] train_end=2024-02-19 00:00 | val_start=2024-02-26 16:00 | gap=184h (22 rows)
    [CV fold 3] train_end=2024-06-18 08:00 | val_start=2024-06-26 00:00 | gap=184h (22 rows)
    [CV fold 4] train_end=2024-10-16 16:00 | val_start=2024-10-24 08:00 | gap=184h (22 rows)
    [trial 0] Sharpe=-0.0138 (folds: -0.0395, 0.1398, 0.0167, -0.0027, -0.1836)
    [trial 1] 48 features, training_days=290 | threshold=0.635 | labels: 1188 long, 983 short (55/45%)
    [trial 1] Sharpe=-0.1090 (folds: 0.2623, -0.1401, -0.0888, -0.1285, -0.4496)
    [trial 2] 48 features, training_days=10 | threshold=0.585 | labels: 1188 long, 983 short (55/45%)
    [trial 2] Sharpe=-0.0408 (folds: 0.1323, -0.2928, 0.0969, -0.1781, 0.0376)
    [trial 3] 48 features, training_days=220 | threshold=0.687 | labels: 1188 long, 983 short (55/45%)
    [trial 3] Sharpe=-0.0301 (folds: 0.4987, 0.0160, -0.0534, -0.1317, -0.4802)
    [trial 4] 48 features, training_days=300 | threshold=0.562 | labels: 1188 long, 983 short (55/45%)
    [trial 4] Sharpe=-0.0708 (folds: 0.0179, 0.0053, -0.0464, -0.0756, -0.2554)
    [trial 5] 48 features, training_days=490 | threshold=0.711 | labels: 1188 long, 983 short (55/45%)
    [trial 5] Sharpe=-0.0475 (folds: 0.0451, -0.0180, 0.0443, -0.1414, -0.1675)
    [trial 6] 48 features, training_days=420 | threshold=0.667 | labels: 1188 long, 983 short (55/45%)
    [trial 6] Sharpe=-0.0289 (folds: 0.0851, -0.0866, 0.0600, -0.0146, -0.1886)
    [trial 7] 48 features, training_days=120 | threshold=0.550 | labels: 1188 long, 983 short (55/45%)
    [trial 7] Sharpe=-0.0259 (folds: -0.0151, 0.0153, 0.0978, -0.0191, -0.2082)
    [trial 8] 48 features, training_days=450 | threshold=0.720 | labels: 1188 long, 983 short (55/45%)
    [trial 8] Sharpe=-0.0171 (folds: 0.2882, -0.1561, 0.0156, -0.0740, -0.1588)
    [trial 9] 48 features, training_days=20 | threshold=0.727 | labels: 1188 long, 983 short (55/45%)
    [trial 9] Sharpe=-2.0589 (folds: 0.1323, -0.2928, 0.0442, -0.1781, -10.0000)
    [trial 10] 48 features, training_days=130 | threshold=0.840 | labels: 1188 long, 983 short (55/45%)
    [trial 10] Sharpe=-0.0071 (folds: 0.1458, -0.1210, 0.1199, -0.0362, -0.1438)
    [trial 11] 48 features, training_days=140 | threshold=0.849 | labels: 1188 long, 983 short (55/45%)
    [trial 11] Sharpe=-0.0630 (folds: 0.0475, -0.2009, 0.0702, -0.0597, -0.1723)
    [trial 12] 48 features, training_days=120 | threshold=0.839 | labels: 1188 long, 983 short (55/45%)
    [trial 12] Sharpe=-0.0006 (folds: 0.1372, -0.0135, 0.0747, -0.0682, -0.1332)
    [trial 13] 48 features, training_days=200 | threshold=0.848 | labels: 1188 long, 983 short (55/45%)
    [trial 13] Sharpe=-0.2010 (folds: 0.2524, -0.2522, -0.2413, 0.1234, -0.8871)
    [trial 14] 48 features, training_days=180 | threshold=0.790 | labels: 1188 long, 983 short (55/45%)
    [trial 14] Sharpe=-0.0552 (folds: 0.0834, -0.2582, -0.0061, 0.0006, -0.0959)
    [trial 15] 48 features, training_days=70 | threshold=0.783 | labels: 1188 long, 983 short (55/45%)
    [trial 15] Sharpe=0.0617 (folds: -0.0259, 0.1397, 0.0706, 0.0518, 0.0724)
    [trial 16] 48 features, training_days=60 | threshold=0.781 | labels: 1188 long, 983 short (55/45%)
    [trial 16] Sharpe=0.0329 (folds: -0.0374, 0.3921, -0.2393, 0.0470, 0.0024)
    [trial 17] 48 features, training_days=70 | threshold=0.765 | labels: 1188 long, 983 short (55/45%)
    [trial 17] Sharpe=0.0668 (folds: 0.1177, 0.3179, -0.1311, 0.0022, 0.0272)
  Optuna: 18 trials, best Sharpe = 0.0668
  Best params: n_estimators=248, max_depth=3, lr=0.0240, leaves=51
  Best confidence_threshold: 0.765
  Best training_days: 70
  Retrained on full data (210 samples, 48 features)
  OOD: 16 features, cutoff (q=0.7) = 9.35
  Model trained for 2025-03: 93 test candles with features, confidence_threshold=0.605[I 2026-06-01 13:02:42,263] A new study created in memory with name: no-name-51a5c3e9-1f04-4762-accc-01899f2df958
[I 2026-06-01 13:02:42,579] Trial 0 finished with value: -0.05379131540399486 and parameters: {'confidence_threshold': 0.6310890415965769, 'training_days': 480, 'n_estimators': 380, 'max_depth': 4, 'num_leaves': 22, 'learning_rate': 0.01699897838270077, 'subsample': 0.5290418060840998, 'colsample_bytree': 0.9330880728874675, 'min_child_samples': 68, 'reg_alpha': 0.023585940584142682, 'reg_lambda': 1.5320059381854043e-08}. Best is trial 0 with value: -0.05379131540399486.
[I 2026-06-01 13:02:42,728] Trial 1 finished with value: -4.135077633986273 and parameters: {'confidence_threshold': 0.839468448256698, 'training_days': 420, 'n_estimators': 145, 'max_depth': 3, 'num_leaves': 23, 'learning_rate': 0.028145092716060652, 'subsample': 0.762378215816119, 'colsample_bytree': 0.7159725093210578, 'min_child_samples': 43, 'reg_alpha': 0.0032112643094417484, 'reg_lambda': 1.8007140198129195e-07}. Best is trial 0 with value: -0.05379131540399486.
[I 2026-06-01 13:02:42,891] Trial 2 finished with value: -0.04525221365663007 and parameters: {'confidence_threshold': 0.6022506269873263, 'training_days': 190, 'n_estimators': 255, 'max_depth': 5, 'num_leaves': 24, 'learning_rate': 0.05748924681991978, 'subsample': 0.7962072844310213, 'colsample_bytree': 0.5232252063599989, 'min_child_samples': 69, 'reg_alpha': 3.425445902633376e-07, 'reg_lambda': 3.850031979199519e-08}. Best is trial 2 with value: -0.04525221365663007.
[I 2026-06-01 13:02:43,156] Trial 3 finished with value: -0.0005572078889034771 and parameters: {'confidence_threshold': 0.8321099380386666, 'training_days': 490, 'n_estimators': 414, 'max_depth': 3, 'num_leaves': 19, 'learning_rate': 0.1024932221692416, 'subsample': 0.7200762468698007, 'colsample_bytree': 0.5610191174223894, 'min_child_samples': 60, 'reg_alpha': 2.039373116525212e-08, 'reg_lambda': 1.527156759251193}. Best is trial 3 with value: -0.0005572078889034771.
[I 2026-06-01 13:02:43,309] Trial 4 finished with value: -0.038324869604957464 and parameters: {'confidence_threshold': 0.5905729935600059, 'training_days': 340, 'n_estimators': 190, 'max_depth': 4, 'num_leaves': 41, 'learning_rate': 0.01875220945578641, 'subsample': 0.9847923138822793, 'colsample_bytree': 0.8875664116805573, 'min_child_samples': 96, 'reg_alpha': 1.1309571585271483, 'reg_lambda': 0.002404915432737351}. Best is trial 3 with value: -0.0005572078889034771.
[I 2026-06-01 13:02:43,351] Trial 5 finished with value: 0.10635557302138246 and parameters: {'confidence_threshold': 0.8226559822580909, 'training_days': 50, 'n_estimators': 138, 'max_depth': 3, 'num_leaves': 30, 'learning_rate': 0.03750796359625606, 'subsample': 0.6356745158869479, 'colsample_bytree': 0.9143687545759647, 'min_child_samples': 48, 'reg_alpha': 3.376063348877853e-06, 'reg_lambda': 0.0007660634613082914}. Best is trial 5 with value: 0.10635557302138246.
[I 2026-06-01 13:02:43,464] Trial 6 finished with value: -0.01862333333351557 and parameters: {'confidence_threshold': 0.5493234787411669, 'training_days': 410, 'n_estimators': 83, 'max_depth': 5, 'num_leaves': 52, 'learning_rate': 0.019657448966046126, 'subsample': 0.5027610585618012, 'colsample_bytree': 0.9077307142274171, 'min_child_samples': 77, 'reg_alpha': 0.03639690979811287, 'reg_lambda': 0.08738424135626986}. Best is trial 5 with value: 0.10635557302138246.
[I 2026-06-01 13:02:43,574] Trial 7 finished with value: -0.030397008798303243 and parameters: {'confidence_threshold': 0.5259156281069316, 'training_days': 180, 'n_estimators': 102, 'max_depth': 5, 'num_leaves': 45, 'learning_rate': 0.030816017044468066, 'subsample': 0.5317791751430119, 'colsample_bytree': 0.6554911608578311, 'min_child_samples': 46, 'reg_alpha': 0.036851536911881845, 'reg_lambda': 0.005470376807480391}. Best is trial 5 with value: 0.10635557302138246.
[I 2026-06-01 13:02:43,696] Trial 8 finished with value: -0.07706047894096905 and parameters: {'confidence_threshold': 0.8105244599017143, 'training_days': 240, 'n_estimators': 103, 'max_depth': 5, 'num_leaves': 52, 'learning_rate': 0.06746437142284309, 'subsample': 0.8854835899772805, 'colsample_bytree': 0.7468977981821954, 'min_child_samples': 62, 'reg_alpha': 7.04480806377519e-05, 'reg_lambda': 1.6934490731313353e-08}. Best is trial 5 with value: 0.10635557302138246.
[I 2026-06-01 13:02:43,719] Trial 9 finished with value: -2.077640770393173 and parameters: {'confidence_threshold': 0.5377619994476566, 'training_days': 20, 'n_estimators': 337, 'max_depth': 3, 'num_leaves': 39, 'learning_rate': 0.21907142272152816, 'subsample': 0.6246461145744375, 'colsample_bytree': 0.7051914615178149, 'min_child_samples': 81, 'reg_alpha': 1.1459970229341322e-06, 'reg_lambda': 4.929685216887945e-08}. Best is trial 5 with value: 0.10635557302138246.
[I 2026-06-01 13:02:43,751] Trial 10 finished with value: -0.01724768072803169 and parameters: {'confidence_threshold': 0.7318981109748116, 'training_days': 10, 'n_estimators': 487, 'max_depth': 4, 'num_leaves': 31, 'learning_rate': 0.14704103471568217, 'subsample': 0.628963476300746, 'colsample_bytree': 0.987470107623585, 'min_child_samples': 25, 'reg_alpha': 2.608784411827665e-05, 'reg_lambda': 3.3639426888455256e-06}. Best is trial 5 with value: 0.10635557302138246.
