[I 2026-06-01 13:00:58,801] Trial 9 finished with value: 0.006089910385000327 and parameters: {'confidence_threshold': 0.6202096049169137, 'training_days': 260, 'n_estimators': 350, 'max_depth': 3, 'num_leaves': 21, 'learning_rate': 0.02989540198065364, 'subsample': 0.8307821683331218, 'colsample_bytree': 0.923253112635361, 'min_child_samples': 64, 'reg_alpha': 0.4898604619604203, 'reg_lambda': 2.9076377687066166e-05}. Best is trial 7 with value: 0.058725637038141085.
[I 2026-06-01 13:00:58,833] Trial 10 finished with value: -0.1324512236373756 and parameters: {'confidence_threshold': 0.5248809389721337, 'training_days': 10, 'n_estimators': 493, 'max_depth': 3, 'num_leaves': 63, 'learning_rate': 0.010221918552934462, 'subsample': 0.667749445701178, 'colsample_bytree': 0.6202684210924141, 'min_child_samples': 99, 'reg_alpha': 1.3884210513841762e-08, 'reg_lambda': 0.02273343343290072}. Best is trial 7 with value: 0.058725637038141085.
[I 2026-06-01 13:00:59,080] Trial 11 finished with value: 0.09503790394351491 and parameters: {'confidence_threshold': 0.8371297552840329, 'training_days': 480, 'n_estimators': 262, 'max_depth': 5, 'num_leaves': 44, 'learning_rate': 0.07372430395837165, 'subsample': 0.508231293935378, 'colsample_bytree': 0.9864508096204552, 'min_child_samples': 90, 'reg_alpha': 2.5493772909886044e-07, 'reg_lambda': 1.0030982359513554e-08}. Best is trial 11 with value: 0.09503790394351491.
[I 2026-06-01 13:00:59,248] Trial 12 finished with value: 0.04960688559157288 and parameters: {'confidence_threshold': 0.5106153216696881, 'training_days': 500, 'n_estimators': 234, 'max_depth': 3, 'num_leaves': 51, 'learning_rate': 0.05809128784912797, 'subsample': 0.5336300956581269, 'colsample_bytree': 0.9737874829232072, 'min_child_samples': 98, 'reg_alpha': 2.5907884980586616e-07, 'reg_lambda': 4.772200642442764e-08}. Best is trial 11 with value: 0.09503790394351491.
[I 2026-06-01 13:00:59,637] Trial 13 finished with value: 0.09235251465182301 and parameters: {'confidence_threshold': 0.8319880314934806, 'training_days': 490, 'n_estimators': 447, 'max_depth': 5, 'num_leaves': 46, 'learning_rate': 0.05472154246498568, 'subsample': 0.5024707401359401, 'colsample_bytree': 0.6564540780078124, 'min_child_samples': 84, 'reg_alpha': 6.170422498784323e-07, 'reg_lambda': 1.1191458681251372e-08}. Best is trial 11 with value: 0.09503790394351491.
[I 2026-06-01 13:01:00,038] Trial 14 finished with value: 0.08429077400438165 and parameters: {'confidence_threshold': 0.8390713486746522, 'training_days': 490, 'n_estimators': 487, 'max_depth': 5, 'num_leaves': 32, 'learning_rate': 0.04074110489853438, 'subsample': 0.5029830011205993, 'colsample_bytree': 0.6347607952757376, 'min_child_samples': 80, 'reg_alpha': 1.928249988058155e-07, 'reg_lambda': 6.659827066780522e-07}. Best is trial 11 with value: 0.09503790394351491.
[I 2026-06-01 13:01:00,437] Trial 15 finished with value: 0.03796486913082915 and parameters: {'confidence_threshold': 0.8444971666561977, 'training_days': 400, 'n_estimators': 432, 'max_depth': 5, 'num_leaves': 44, 'learning_rate': 0.12590433810309265, 'subsample': 0.6071831651712505, 'colsample_bytree': 0.5093920150666754, 'min_child_samples': 47, 'reg_alpha': 5.011892081220446e-07, 'reg_lambda': 5.694550646589028e-07}. Best is trial 11 with value: 0.09503790394351491.
[I 2026-06-01 13:01:00,686] Trial 16 finished with value: 0.03850751513135634 and parameters: {'confidence_threshold': 0.7080773808436507, 'training_days': 390, 'n_estimators': 298, 'max_depth': 5, 'num_leaves': 56, 'learning_rate': 0.04734750546511042, 'subsample': 0.5008156439412497, 'colsample_bytree': 0.6775440438746345, 'min_child_samples': 87, 'reg_alpha': 1.051826661415006e-08, 'reg_lambda': 0.0019821772168074096}. Best is trial 11 with value: 0.09503790394351491.
[I 2026-06-01 13:01:00,950] Trial 17 finished with value: 0.061119863873265304 and parameters: {'confidence_threshold': 0.8018361294029817, 'training_days': 430, 'n_estimators': 302, 'max_depth': 5, 'num_leaves': 45, 'learning_rate': 0.13624054668809144, 'subsample': 0.9202138733708044, 'colsample_bytree': 0.7248217480352084, 'min_child_samples': 88, 'reg_alpha': 6.229602473892305e-07, 'reg_lambda': 1.6099545788471917e-08}. Best is trial 11 with value: 0.09503790394351491.
[I 2026-06-01 13:01:01,323] A new study created in memory with name: no-name-31cb5f9c-a9ce-420a-b57c-5bfbf55026d6

    [CV fold 0] train_end=2022-10-23 08:00 | val_start=2022-10-31 00:00 | gap=184h (22 rows)
    [CV fold 1] train_end=2023-02-20 16:00 | val_start=2023-02-28 08:00 | gap=184h (22 rows)
    [CV fold 2] train_end=2023-06-21 00:00 | val_start=2023-06-28 16:00 | gap=184h (22 rows)
    [CV fold 3] train_end=2023-10-19 08:00 | val_start=2023-10-27 00:00 | gap=184h (22 rows)
    [CV fold 4] train_end=2024-02-16 16:00 | val_start=2024-02-24 08:00 | gap=184h (22 rows)
    [trial 0] Sharpe=0.0468 (folds: -0.0876, -0.0706, 0.1647, 0.1632, 0.0643)
    [trial 1] 48 features, training_days=420 | threshold=0.839 | labels: 1171 long, 1000 short (54/46%)
    [trial 1] Sharpe=0.1197 (folds: -0.1378, -0.6292, 0.3157, 0.9054, 0.1446)
    [trial 2] 48 features, training_days=190 | threshold=0.602 | labels: 1171 long, 1000 short (54/46%)
    [trial 2] Sharpe=0.0049 (folds: -0.0753, 0.0287, 0.2621, -0.1184, -0.0723)
    [trial 3] 48 features, training_days=490 | threshold=0.832 | labels: 1171 long, 1000 short (54/46%)
    [trial 3] Sharpe=0.0337 (folds: -0.0777, -0.1072, 0.2956, 0.0847, -0.0270)
    [trial 4] 48 features, training_days=340 | threshold=0.591 | labels: 1171 long, 1000 short (54/46%)
    [trial 4] Sharpe=-0.0195 (folds: -0.1918, -0.0400, 0.2369, -0.1437, 0.0413)
    [trial 5] 48 features, training_days=50 | threshold=0.823 | labels: 1171 long, 1000 short (54/46%)
    [trial 5] Sharpe=-0.1059 (folds: -0.1468, 0.0493, -0.0226, 0.2515, -0.6608)
    [trial 6] 48 features, training_days=410 | threshold=0.549 | labels: 1171 long, 1000 short (54/46%)
    [trial 6] Sharpe=0.0385 (folds: -0.1229, -0.0279, 0.2071, -0.0234, 0.1597)
    [trial 7] 48 features, training_days=180 | threshold=0.526 | labels: 1171 long, 1000 short (54/46%)
    [trial 7] Sharpe=-0.0137 (folds: -0.0539, 0.0493, 0.1384, -0.2227, 0.0205)
    [trial 8] 48 features, training_days=240 | threshold=0.811 | labels: 1171 long, 1000 short (54/46%)
    [trial 8] Sharpe=-0.0728 (folds: -0.1508, -0.1087, 0.2610, -0.1807, -0.1849)
    [trial 9] 48 features, training_days=20 | threshold=0.538 | labels: 1171 long, 1000 short (54/46%)
    [trial 9] Sharpe=0.1200 (folds: 0.0528, 0.0252, 0.1131, 0.3465, 0.0622)
    [trial 10] 48 features, training_days=10 | threshold=0.745 | labels: 1171 long, 1000 short (54/46%)
    [trial 10] Sharpe=-0.1325 (folds: -0.0887, -0.0187, -0.3429, -0.2996, 0.0877)
    [trial 11] 48 features, training_days=100 | threshold=0.711 | labels: 1171 long, 1000 short (54/46%)
    [trial 11] Sharpe=0.0114 (folds: 0.0684, 0.1613, -0.1019, -0.1399, 0.0690)
    [trial 12] 48 features, training_days=330 | threshold=0.664 | labels: 1171 long, 1000 short (54/46%)
    [trial 12] Sharpe=0.0196 (folds: -0.0906, -0.1394, 0.1588, 0.1493, 0.0201)
    [trial 13] 48 features, training_days=340 | threshold=0.755 | labels: 1171 long, 1000 short (54/46%)
    [trial 13] Sharpe=0.0450 (folds: -0.0632, -0.1549, 0.3563, 0.0036, 0.0832)
    [trial 14] 48 features, training_days=400 | threshold=0.673 | labels: 1171 long, 1000 short (54/46%)
    [trial 14] Sharpe=0.0196 (folds: -0.0734, -0.0313, 0.2382, -0.0964, 0.0607)
    [trial 15] 48 features, training_days=120 | threshold=0.507 | labels: 1171 long, 1000 short (54/46%)
    [trial 15] Sharpe=0.0536 (folds: -0.0524, 0.0559, 0.1762, -0.0264, 0.1149)
    [trial 16] 48 features, training_days=270 | threshold=0.781 | labels: 1171 long, 1000 short (54/46%)
    [trial 16] Sharpe=0.0195 (folds: -0.0638, -0.0868, 0.2854, 0.0562, -0.0934)
    [trial 17] 48 features, training_days=410 | threshold=0.565 | labels: 1171 long, 1000 short (54/46%)
    [trial 17] Sharpe=0.0111 (folds: -0.1072, -0.0683, 0.1996, -0.0680, 0.0994)
  Optuna: 18 trials, best Sharpe = 0.1200
  Best params: n_estimators=337, max_depth=3, lr=0.2191, leaves=39
  Best confidence_threshold: 0.538
  Best training_days: 20
  Retrained on full data (60 samples, 48 features)
  [ensemble 2/3] seed=123
    [trial 0] 48 features, training_days=150 | threshold=0.744 | labels: 1171 long, 1000 short (54/46%)
    [CV fold 0] train_end=2022-10-23 08:00 | val_start=2022-10-31 00:00 | gap=184h (22 rows)
    [CV fold 1] train_end=2023-02-20 16:00 | val_start=2023-02-28 08:00 | gap=184h (22 rows)
    [CV fold 2] train_end=2023-06-21 00:00 | val_start=2023-06-28 16:00 | gap=184h (22 rows)
    [CV fold 3] train_end=2023-10-19 08:00 | val_start=2023-10-27 00:00 | gap=184h (22 rows)
    [CV fold 4] train_end=2024-02-16 16:00 | val_start=2024-02-24 08:00 | gap=184h (22 rows)
    [trial 0] Sharpe=-0.0045 (folds: -0.1261, 0.1599, 0.1696, -0.2221, -0.0037)
    [trial 1] 48 features, training_days=220 | threshold=0.755 | labels: 1171 long, 1000 short (54/46%)
    [trial 1] Sharpe=-1.7884 (folds: 0.0886, -10.0000, 1.2996, -0.0688, -0.2613)
    [trial 2] 48 features, training_days=310 | threshold=0.754 | labels: 1171 long, 1000 short (54/46%)
    [trial 2] Sharpe=-0.0064 (folds: -0.0852, -0.2082, 0.3339, 0.0578, -0.1304)
    [trial 3] 48 features, training_days=220 | threshold=0.673 | labels: 1171 long, 1000 short (54/46%)
    [trial 3] Sharpe=-0.0063 (folds: -0.1136, 0.0063, 0.1281, -0.0330, -0.0192)
    [trial 4] 48 features, training_days=130 | threshold=0.803 | labels: 1171 long, 1000 short (54/46%)
    [trial 4] Sharpe=0.0411 (folds: -0.0224, 0.1100, 0.0622, -0.0197, 0.0755)
    [trial 5] 48 features, training_days=210 | threshold=0.606 | labels: 1171 long, 1000 short (54/46%)
    [trial 5] Sharpe=-0.0204 (folds: -0.0116, -0.0428, 0.2061, -0.2120, -0.0417)
    [trial 6] 48 features, training_days=130 | threshold=0.767 | labels: 1171 long, 1000 short (54/46%)
    [trial 6] Sharpe=-0.0067 (folds: -0.0936, 0.0695, -0.0363, -0.0005, 0.0275)
    [trial 7] 48 features, training_days=80 | threshold=0.556 | labels: 1171 long, 1000 short (54/46%)
    [trial 7] Sharpe=0.0587 (folds: 0.0379, 0.1856, -0.0808, 0.0344, 0.1166)
    [trial 8] 48 features, training_days=200 | threshold=0.607 | labels: 1171 long, 1000 short (54/46%)
    [trial 8] Sharpe=-0.0722 (folds: -0.0896, -0.1575, 0.0897, -0.2048, 0.0012)
    [trial 9] 48 features, training_days=260 | threshold=0.620 | labels: 1171 long, 1000 short (54/46%)
    [trial 9] Sharpe=0.0061 (folds: -0.0793, -0.0660, 0.2471, 0.0419, -0.1132)
    [trial 10] 48 features, training_days=10 | threshold=0.525 | labels: 1171 long, 1000 short (54/46%)
    [trial 10] Sharpe=-0.1325 (folds: -0.0887, -0.0187, -0.3429, -0.2996, 0.0877)
    [trial 11] 48 features, training_days=480 | threshold=0.837 | labels: 1171 long, 1000 short (54/46%)
    [trial 11] Sharpe=0.0950 (folds: -0.0566, 0.0895, 0.3134, 0.0976, 0.0312)
    [trial 12] 48 features, training_days=500 | threshold=0.511 | labels: 1171 long, 1000 short (54/46%)
    [trial 12] Sharpe=0.0496 (folds: -0.0994, -0.0514, 0.1880, 0.1132, 0.0977)
    [trial 13] 48 features, training_days=490 | threshold=0.832 | labels: 1171 long, 1000 short (54/46%)
    [trial 13] Sharpe=0.0924 (folds: -0.0476, 0.0950, 0.2884, 0.0757, 0.0503)
    [trial 14] 48 features, training_days=490 | threshold=0.839 | labels: 1171 long, 1000 short (54/46%)
    [trial 14] Sharpe=0.0843 (folds: -0.0570, 0.0902, 0.2385, 0.0825, 0.0673)
    [trial 15] 48 features, training_days=400 | threshold=0.844 | labels: 1171 long, 1000 short (54/46%)
    [trial 15] Sharpe=0.0380 (folds: -0.0902, -0.1617, 0.2519, 0.0596, 0.1302)
    [trial 16] 48 features, training_days=390 | threshold=0.708 | labels: 1171 long, 1000 short (54/46%)
    [trial 16] Sharpe=0.0385 (folds: -0.1027, 0.0076, 0.2220, -0.0435, 0.1092)
    [trial 17] 48 features, training_days=430 | threshold=0.802 | labels: 1171 long, 1000 short (54/46%)
    [trial 17] Sharpe=0.0611 (folds: -0.0510, 0.0312, 0.2841, -0.0642, 0.1055)
  Optuna: 18 trials, best Sharpe = 0.0950
  Best params: n_estimators=262, max_depth=5, lr=0.0737, leaves=44
  Best confidence_threshold: 0.837
  Best training_days: 480
  Retrained on full data (1440 samples, 48 features)
  [ensemble 3/3] seed=456
    [trial 0] 48 features, training_days=90 | threshold=0.587 | labels: 1171 long, 1000 short (54/46%)
    [CV fold 0] train_end=2022-10-23 08:00 | val_start=2022-10-31 00:00 | gap=184h (22 rows)
    [CV fold 1] train_end=2023-02-20 16:00 | val_start=2023-02-28 08:00 | gap=184h (22 rows)[I 2026-06-01 13:01:01,516] Trial 0 finished with value: 0.05692766598251077 and parameters: {'confidence_threshold': 0.5870645682749857, 'training_days': 90, 'n_estimators': 403, 'max_depth': 5, 'num_leaves': 45, 'learning_rate': 0.0780457193679974, 'subsample': 0.9428509515574568, 'colsample_bytree': 0.8795587339164916, 'min_child_samples': 34, 'reg_alpha': 2.2465901234314442e-07, 'reg_lambda': 8.339007036475363e-05}. Best is trial 0 with value: 0.05692766598251077.
[I 2026-06-01 13:01:01,625] Trial 1 finished with value: 0.008911924483582329 and parameters: {'confidence_threshold': 0.6348453934275313, 'training_days': 290, 'n_estimators': 115, 'max_depth': 5, 'num_leaves': 37, 'learning_rate': 0.06949568759029946, 'subsample': 0.8228505074024268, 'colsample_bytree': 0.8616703220431751, 'min_child_samples': 75, 'reg_alpha': 4.2486822725010923e-07, 'reg_lambda': 1.157247767047042e-07}. Best is trial 0 with value: 0.05692766598251077.
[I 2026-06-01 13:01:01,645] Trial 2 finished with value: -0.1324512236373756 and parameters: {'confidence_threshold': 0.5849570384370288, 'training_days': 10, 'n_estimators': 212, 'max_depth': 3, 'num_leaves': 41, 'learning_rate': 0.18452095998378365, 'subsample': 0.6001060822924371, 'colsample_bytree': 0.5673167293506167, 'min_child_samples': 37, 'reg_alpha': 5.733250064217131, 'reg_lambda': 0.5308454292595461}. Best is trial 0 with value: 0.05692766598251077.
[I 2026-06-01 13:01:01,726] Trial 3 finished with value: 0.04222146796483498 and parameters: {'confidence_threshold': 0.6868248626683718, 'training_days': 220, 'n_estimators': 134, 'max_depth': 3, 'num_leaves': 45, 'learning_rate': 0.033529007907491595, 'subsample': 0.8647277071858408, 'colsample_bytree': 0.778494116634046, 'min_child_samples': 96, 'reg_alpha': 2.409409937265785e-07, 'reg_lambda': 1.1642073478060009}. Best is trial 0 with value: 0.05692766598251077.
[I 2026-06-01 13:01:01,807] Trial 4 finished with value: 0.006169216899572704 and parameters: {'confidence_threshold': 0.5623121348350352, 'training_days': 300, 'n_estimators': 69, 'max_depth': 4, 'num_leaves': 32, 'learning_rate': 0.14967629360700346, 'subsample': 0.5054535233636654, 'colsample_bytree': 0.7401385194659216, 'min_child_samples': 27, 'reg_alpha': 1.4212042567426725e-07, 'reg_lambda': 0.23605753701352003}. Best is trial 0 with value: 0.05692766598251077.
[I 2026-06-01 13:01:02,228] Trial 5 finished with value: 0.03184325147924737 and parameters: {'confidence_threshold': 0.7111850244908446, 'training_days': 490, 'n_estimators': 362, 'max_depth': 5, 'num_leaves': 40, 'learning_rate': 0.05960785724162737, 'subsample': 0.5589714368907717, 'colsample_bytree': 0.6659006943232806, 'min_child_samples': 42, 'reg_alpha': 0.6741360303045295, 'reg_lambda': 6.054601607143087e-08}. Best is trial 0 with value: 0.05692766598251077.
[I 2026-06-01 13:01:02,395] Trial 6 finished with value: 0.05254551324735105 and parameters: {'confidence_threshold': 0.667482545748023, 'training_days': 420, 'n_estimators': 279, 'max_depth': 3, 'num_leaves': 45, 'learning_rate': 0.040099592560849204, 'subsample': 0.8563114696415159, 'colsample_bytree': 0.5442917781944105, 'min_child_samples': 50, 'reg_alpha': 1.6407916423707903e-08, 'reg_lambda': 2.935907642973286e-05}. Best is trial 0 with value: 0.05692766598251077.
[I 2026-06-01 13:01:02,558] Trial 7 finished with value: 0.028904935372471706 and parameters: {'confidence_threshold': 0.5497381024139926, 'training_days': 120, 'n_estimators': 408, 'max_depth': 5, 'num_leaves': 38, 'learning_rate': 0.28049122657745795, 'subsample': 0.8806573338635493, 'colsample_bytree': 0.5454054113547102, 'min_child_samples': 63, 'reg_alpha': 0.01263008637940408, 'reg_lambda': 0.04588020805366937}. Best is trial 0 with value: 0.05692766598251077.
[I 2026-06-01 13:01:02,823] Trial 8 finished with value: 0.07228931579212286 and parameters: {'confidence_threshold': 0.719644804808716, 'training_days': 450, 'n_estimators': 410, 'max_depth': 4, 'num_leaves': 57, 'learning_rate': 0.04022026551478857, 'subsample': 0.5336085426932707, 'colsample_bytree': 0.5705742850577543, 'min_child_samples': 100, 'reg_alpha': 5.916398047912201e-07, 'reg_lambda': 0.9794034214488329}. Best is trial 8 with value: 0.07228931579212286.
[I 2026-06-01 13:01:02,848] Trial 9 finished with value: -3.895624778171071 and parameters: {'confidence_threshold': 0.7267463643917187, 'training_days': 20, 'n_estimators': 337, 'max_depth': 5, 'num_leaves': 23, 'learning_rate': 0.022153031811454605, 'subsample': 0.6305627572358737, 'colsample_bytree': 0.6613413774216214, 'min_child_samples': 81, 'reg_alpha': 5.7638634029410314e-08, 'reg_lambda': 8.26603016764008}. Best is trial 8 with value: 0.07228931579212286.
[I 2026-06-01 13:01:03,202] Trial 10 finished with value: 0.08431330292561008 and parameters: {'confidence_threshold': 0.8283920119574972, 'training_days': 400, 'n_estimators': 485, 'max_depth': 4, 'num_leaves': 63, 'learning_rate': 0.011927505552849117, 'subsample': 0.7130289643560688, 'colsample_bytree': 0.9944479338273263, 'min_child_samples': 100, 'reg_alpha': 5.0239970328459277e-05, 'reg_lambda': 0.0028438774509831773}. Best is trial 10 with value: 0.08431330292561008.
[I 2026-06-01 13:01:03,559] Trial 11 finished with value: 0.034208811078650855 and parameters: {'confidence_threshold': 0.8431920368994753, 'training_days': 400, 'n_estimators': 478, 'max_depth': 4, 'num_leaves': 61, 'learning_rate': 0.010033528037260202, 'subsample': 0.6988002958677881, 'colsample_bytree': 0.9628722124262472, 'min_child_samples': 100, 'reg_alpha': 5.263694533895985e-05, 'reg_lambda': 0.0038935771291352755}. Best is trial 10 with value: 0.08431330292561008.
[I 2026-06-01 13:01:03,949] Trial 12 finished with value: -0.02822719431925161 and parameters: {'confidence_threshold': 0.8097987051847976, 'training_days': 500, 'n_estimators': 490, 'max_depth': 4, 'num_leaves': 63, 'learning_rate': 0.010255894610795194, 'subsample': 0.7221629666626523, 'colsample_bytree': 0.9826583982594713, 'min_child_samples': 85, 'reg_alpha': 3.0366481742941654e-05, 'reg_lambda': 0.004296708263438564}. Best is trial 10 with value: 0.08431330292561008.
[I 2026-06-01 13:01:04,267] Trial 13 finished with value: 0.0864959580022882 and parameters: {'confidence_threshold': 0.7816058724683576, 'training_days': 380, 'n_estimators': 460, 'max_depth': 4, 'num_leaves': 55, 'learning_rate': 0.022288911069178467, 'subsample': 0.6579625638812568, 'colsample_bytree': 0.6447899325131485, 'min_child_samples': 90, 'reg_alpha': 7.878830334327086e-06, 'reg_lambda': 2.40762900337199e-06}. Best is trial 13 with value: 0.0864959580022882.
[I 2026-06-01 13:01:04,622] Trial 14 finished with value: 0.04898075973212575 and parameters: {'confidence_threshold': 0.7855846898014007, 'training_days': 360, 'n_estimators': 500, 'max_depth': 4, 'num_leaves': 53, 'learning_rate': 0.019048038268439215, 'subsample': 0.6707686658744862, 'colsample_bytree': 0.658600878541351, 'min_child_samples': 69, 'reg_alpha': 0.0014623796630832357, 'reg_lambda': 2.6343458898503824e-06}. Best is trial 13 with value: 0.0864959580022882.
[I 2026-06-01 13:01:04,825] Trial 15 finished with value: 0.0333491132230486 and parameters: {'confidence_threshold': 0.7662113626215059, 'training_days': 340, 'n_estimators': 291, 'max_depth': 4, 'num_leaves': 53, 'learning_rate': 0.017731317135275728, 'subsample': 0.7637458705013973, 'colsample_bytree': 0.7892657474798882, 'min_child_samples': 88, 'reg_alpha': 8.084592721939181e-06, 'reg_lambda': 2.582339790441249e-06}. Best is trial 13 with value: 0.0864959580022882.
[I 2026-06-01 13:01:05,092] Trial 16 finished with value: 0.0018936198392953227 and parameters: {'confidence_threshold': 0.8497975338886318, 'training_days': 240, 'n_estimators': 438, 'max_depth': 4, 'num_leaves': 54, 'learning_rate': 0.014551099183848979, 'subsample': 0.782787590231641, 'colsample_bytree': 0.868900363744581, 'min_child_samples': 90, 'reg_alpha': 0.0008321388265695984, 'reg_lambda': 0.000855876310048679}. Best is trial 13 with value: 0.0864959580022882.
