[I 2026-06-01 12:59:47,518] Trial 1 finished with value: -6.153931104683077 and parameters: {'confidence_threshold': 0.839468448256698, 'training_days': 420, 'n_estimators': 145, 'max_depth': 3, 'num_leaves': 23, 'learning_rate': 0.028145092716060652, 'subsample': 0.762378215816119, 'colsample_bytree': 0.7159725093210578, 'min_child_samples': 43, 'reg_alpha': 0.0032112643094417484, 'reg_lambda': 1.8007140198129195e-07}. Best is trial 0 with value: -0.122100704053411.

    [trial 9] Sharpe=-2.0920 (folds: 0.1738, -0.3734, -0.1240, -0.1362, -10.0000)
    [trial 10] 48 features, training_days=400 | threshold=0.828 | labels: 1080 long, 1088 short (50/50%)
    [trial 10] Sharpe=-6.0320 (folds: 0.1431, -10.0000, -0.3029, -10.0000, -10.0000)
    [trial 11] 48 features, training_days=210 | threshold=0.662 | labels: 1080 long, 1088 short (50/50%)
    [trial 11] Sharpe=0.0046 (folds: -0.1619, -0.2578, -0.0468, 0.1565, 0.3331)
    [trial 12] 48 features, training_days=200 | threshold=0.794 | labels: 1080 long, 1088 short (50/50%)
    [trial 12] Sharpe=-0.0293 (folds: -0.0618, -0.4366, -0.2622, 0.1692, 0.4447)
    [trial 13] 48 features, training_days=380 | threshold=0.648 | labels: 1080 long, 1088 short (50/50%)
    [trial 13] Sharpe=-0.0304 (folds: -0.1858, -0.1898, -0.0809, 0.0689, 0.2354)
    [trial 14] 48 features, training_days=340 | threshold=0.772 | labels: 1080 long, 1088 short (50/50%)
    [trial 14] Sharpe=-0.1054 (folds: -0.1537, -0.3943, -0.2195, 0.1206, 0.1200)
    [trial 15] 48 features, training_days=180 | threshold=0.638 | labels: 1080 long, 1088 short (50/50%)
    [trial 15] Sharpe=-0.0441 (folds: -0.1405, -0.2887, -0.1579, 0.1440, 0.2228)
    [trial 16] 48 features, training_days=260 | threshold=0.516 | labels: 1080 long, 1088 short (50/50%)
    [trial 16] Sharpe=-0.0241 (folds: -0.1184, -0.1019, -0.0667, 0.0323, 0.1343)
    [trial 17] 48 features, training_days=150 | threshold=0.677 | labels: 1080 long, 1088 short (50/50%)
    [trial 17] Sharpe=-0.0258 (folds: -0.0683, -0.2581, -0.1478, 0.1815, 0.1638)
  Optuna: 18 trials, best Sharpe = 0.0234
  Best params: n_estimators=279, max_depth=3, lr=0.0401, leaves=45
  Best confidence_threshold: 0.667
  Best training_days: 420
  Retrained on full data (1260 samples, 48 features)
  OOD: 16 features, cutoff (q=0.7) = 10.75
  Model trained for 2023-12: 93 test candles with features, confidence_threshold=0.608
[trade:close] 2023-12-01 08:00 BTCUSDT SHORT → timeout @ 38234.90 | PnL=-1.88% (net -1.98%) | cum=-14.76% 2023-12=-1.98% 2023-12-01=-1.98%
[predict] 2023-12-02 00:00 BTCUSDT → SHORT (proba=0.63 TP=5.0%/SL=2.5%)
[trade:open] 2023-12-02 07:59 BTCUSDT SHORT @ 38683.90 | SL=39658.60 TP=36734.51 | timeout=2023-12-09 07:59
[trade:close] 2023-12-02 23:59 BTCUSDT SHORT → stop_loss @ 39658.60 | PnL=-2.52% (net -2.62%) | cum=-17.38% 2023-12=-4.59% 2023-12-02=-2.62%
[predict] 2023-12-08 00:00 BTCUSDT → LONG (proba=0.77 TP=6.7%/SL=3.3%)
[trade:open] 2023-12-08 07:59 BTCUSDT LONG @ 43184.50 | SL=41746.24 TP=46061.02 | timeout=2023-12-15 07:59
[trade:close] 2023-12-11 07:59 BTCUSDT LONG → stop_loss @ 41746.24 | PnL=-3.33% (net -3.43%) | cum=-20.81% 2023-12=-8.03% 2023-12-11=-3.43%
[predict] 2023-12-12 00:00 BTCUSDT → LONG (proba=0.79 TP=8.3%/SL=4.1%)
[trade:open] 2023-12-12 07:59 BTCUSDT LONG @ 41930.10 | SL=40192.24 TP=45405.81 | timeout=2023-12-19 07:59
[trade:close] 2023-12-19 08:00 BTCUSDT LONG → timeout @ 43062.10 | PnL=+2.70% (net +2.60%) | cum=-18.21% 2023-12=-5.43% 2023-12-19=+2.60%
[predict] 2023-12-20 00:00 BTCUSDT → SHORT (proba=0.69 TP=7.8%/SL=3.9%)
[trade:open] 2023-12-20 07:59 BTCUSDT SHORT @ 42950.00 | SL=44633.16 TP=39583.68 | timeout=2023-12-27 07:59
[trade:close] 2023-12-27 08:00 BTCUSDT SHORT → timeout @ 42496.00 | PnL=+1.06% (net +0.96%) | cum=-17.25% 2023-12=-4.47% 2023-12-27=+0.96%
[predict] 2023-12-28 00:00 BTCUSDT → LONG (proba=0.74 TP=6.4%/SL=3.2%)
[trade:open] 2023-12-28 07:59 BTCUSDT LONG @ 43087.20 | SL=41708.09 TP=45845.41 | timeout=2024-01-04 07:59
[trade:close] 2023-12-29 23:59 BTCUSDT LONG → stop_loss @ 41708.09 | PnL=-3.20% (net -3.30%) | cum=-20.55% 2023-12=-7.77% 2023-12-29=-3.30%
[predict] 2023-12-31 00:00 BTCUSDT → LONG (proba=0.65 TP=6.2%/SL=3.1%)
[trade:open] 2023-12-31 07:59 BTCUSDT LONG @ 42567.00 | SL=41236.79 TP=45227.42 | timeout=2024-01-07 07:59
[lgbm] === Training for 2024-01 ===
  Train window: 2022-01-01 → 2023-12-24
  2168 training samples from 1 symbols
  Samples per month: 2022-01: 93, 2022-02: 84, 2022-03: 93, 2022-04: 90, 2022-05: 93, 2022-06: 90, 2022-07: 93, 2022-08: 93, 2022-09: 90, 2022-10: 93, 2022-11: 90, 2022-12: 93, 2023-01: 93, 2023-02: 84, 2023-03: 93, 2023-04: 90, 2023-05: 93, 2023-06: 90, 2023-07: 93, 2023-08: 93, 2023-09: 90, 2023-10: 93, 2023-11: 90, 2023-12: 71
  [label] 2022-03-03 16:00 BTCUSDT entry=42449.5000 → SHORT | long=sl(-6.53%) short=timeout(+7.07%) | scanned=22 | no_tp→fwd_return=-7.1669
  [label] 2022-03-05 16:00 BTCUSDT entry=39375.1000 → SHORT | long=timeout(-1.58%) short=sl(-6.12%) | scanned=22 | no_tp→fwd_return=-1.4794
  [label] 2022-03-09 16:00 BTCUSDT entry=41937.5000 → SHORT | long=sl(-5.99%) short=timeout(+1.88%) | scanned=22 | no_tp→fwd_return=-1.9832
  [label] 2022-04-03 08:00 BTCUSDT entry=46397.9000 → SHORT | long=sl(-3.92%) short=tp(+7.55%) | scanned=11 | short_tp_only
  [label] 2022-05-25 16:00 BTCUSDT entry=29536.7000 → LONG | long=sl(-5.09%) short=sl(-5.09%) | scanned=15 | no_tp→fwd_return=+7.4138
  [label] 2022-11-07 16:00 BTCUSDT entry=20578.6000 → SHORT | long=sl(-3.12%) short=tp(+5.94%) | scanned=1 | short_tp_only
  [label] 2022-11-11 16:00 BTCUSDT entry=17058.3000 → SHORT | long=timeout(-2.26%) short=timeout(+2.06%) | scanned=22 | no_tp→fwd_return=-2.1608
  [label] 2022-11-22 08:00 BTCUSDT entry=16232.8000 → LONG | long=timeout(+0.84%) short=timeout(-1.04%) | scanned=22 | no_tp→fwd_return=+0.9364
  [label] 2023-01-06 08:00 BTCUSDT entry=16834.2000 → LONG | long=tp(+2.79%) short=sl(-1.55%) | scanned=9 | long_tp_only
  [label] 2023-01-14 16:00 BTCUSDT entry=20962.8000 → LONG | long=tp(+8.78%) short=sl(-4.54%) | scanned=20 | long_tp_only
  [label] 2023-04-15 00:00 BTCUSDT entry=30416.6000 → SHORT | long=sl(-3.22%) short=tp(+6.14%) | scanned=16 | short_tp_only
  [label] 2023-05-17 00:00 BTCUSDT entry=26831.9000 → SHORT | long=timeout(-0.73%) short=timeout(+0.53%) | scanned=22 | no_tp→fwd_return=-0.6250
  [label] 2023-06-02 00:00 BTCUSDT entry=27038.3000 → SHORT | long=sl(-3.25%) short=tp(+6.20%) | scanned=13 | short_tp_only
  [label] 2023-06-14 16:00 BTCUSDT entry=25115.9000 → LONG | long=tp(+6.62%) short=sl(-3.46%) | scanned=7 | long_tp_only
  [label] 2023-07-03 08:00 BTCUSDT entry=31068.0000 → SHORT | long=sl(-2.92%) short=timeout(+2.38%) | scanned=22 | no_tp→fwd_return=-2.4797
  [label] 2023-07-09 16:00 BTCUSDT entry=30147.8000 → LONG | long=tp(+4.77%) short=sl(-2.53%) | scanned=12 | long_tp_only
  [label] 2023-07-22 00:00 BTCUSDT entry=29933.0000 → SHORT | long=sl(-2.25%) short=timeout(+2.07%) | scanned=22 | no_tp→fwd_return=-2.1715
  [label] 2023-08-30 08:00 BTCUSDT entry=27192.0000 → SHORT | long=sl(-3.09%) short=tp(+5.89%) | scanned=6 | short_tp_only
  [label] 2023-09-09 08:00 BTCUSDT entry=25881.9000 → SHORT | long=sl(-2.24%) short=sl(-2.24%) | scanned=10 | no_tp→fwd_return=-0.2168
  [label] 2023-12-04 08:00 BTCUSDT entry=41280.8000 → LONG | long=tp(+6.15%) short=sl(-3.22%) | scanned=4 | long_tp_only
  Labels: 1107 long (51.1%), 1061 short (48.9%) | weights: min=1.00, mean=2.94, max=10.00
  Features: 2168/2168 matched, 48 columns
  CV gap: 22 rows
  [ensemble 1/3] seed=42
    [trial 0] 48 features, training_days=480 | threshold=0.631 | labels: 1107 long, 1061 short (51/49%)
    [CV fold 0] train_end=2022-04-24 08:00 | val_start=2022-05-02 00:00 | gap=184h (22 rows)
    [CV fold 1] train_end=2022-08-22 16:00 | val_start=2022-08-30 08:00 | gap=184h (22 rows)
    [CV fold 2] train_end=2022-12-21 00:00 | val_start=2022-12-28 16:00 | gap=184h (22 rows)
    [CV fold 3] train_end=2023-04-20 08:00 | val_start=2023-04-28 00:00 | gap=184h (22 rows)
    [CV fold 4] train_end=2023-08-18 16:00 | val_start=2023-08-26 08:00 | gap=184h (22 rows)
    [trial 0] Sharpe=-0.1221 (folds: -0.1428, -0.0895, -0.0034, -0.4452, 0.0704)
    [trial 1] 48 features, training_days=420 | threshold=0.839 | labels: 1107 long, 1061 short (51/49%)
    [trial 1] Sharpe=-6.1539 (folds: -0.2823, -10.0000, -0.4874, -10.0000, -10.0000)
    [trial 2] 48 features, training_days=190 | threshold=0.602 | labels: 1107 long, 1061 short (51/49%)
    [trial 2] Sharpe=0.0103 (folds: -0.0893, -0.0047, 0.0196, 0.0568, 0.0689)[I 2026-06-01 12:59:47,684] Trial 2 finished with value: 0.010271804075744352 and parameters: {'confidence_threshold': 0.6022506269873263, 'training_days': 190, 'n_estimators': 255, 'max_depth': 5, 'num_leaves': 24, 'learning_rate': 0.05748924681991978, 'subsample': 0.7962072844310213, 'colsample_bytree': 0.5232252063599989, 'min_child_samples': 69, 'reg_alpha': 3.425445902633376e-07, 'reg_lambda': 3.850031979199519e-08}. Best is trial 2 with value: 0.010271804075744352.
[I 2026-06-01 12:59:47,961] Trial 3 finished with value: -0.06346072282618533 and parameters: {'confidence_threshold': 0.8321099380386666, 'training_days': 490, 'n_estimators': 414, 'max_depth': 3, 'num_leaves': 19, 'learning_rate': 0.1024932221692416, 'subsample': 0.7200762468698007, 'colsample_bytree': 0.5610191174223894, 'min_child_samples': 60, 'reg_alpha': 2.039373116525212e-08, 'reg_lambda': 1.527156759251193}. Best is trial 2 with value: 0.010271804075744352.
[I 2026-06-01 12:59:48,110] Trial 4 finished with value: -0.07788570728200601 and parameters: {'confidence_threshold': 0.5905729935600059, 'training_days': 340, 'n_estimators': 190, 'max_depth': 4, 'num_leaves': 41, 'learning_rate': 0.01875220945578641, 'subsample': 0.9847923138822793, 'colsample_bytree': 0.8875664116805573, 'min_child_samples': 96, 'reg_alpha': 1.1309571585271483, 'reg_lambda': 0.002404915432737351}. Best is trial 2 with value: 0.010271804075744352.
[I 2026-06-01 12:59:48,154] Trial 5 finished with value: -0.04572466681833285 and parameters: {'confidence_threshold': 0.8226559822580909, 'training_days': 50, 'n_estimators': 138, 'max_depth': 3, 'num_leaves': 30, 'learning_rate': 0.03750796359625606, 'subsample': 0.6356745158869479, 'colsample_bytree': 0.9143687545759647, 'min_child_samples': 48, 'reg_alpha': 3.376063348877853e-06, 'reg_lambda': 0.0007660634613082914}. Best is trial 2 with value: 0.010271804075744352.
[I 2026-06-01 12:59:48,263] Trial 6 finished with value: -0.08028289066111607 and parameters: {'confidence_threshold': 0.5493234787411669, 'training_days': 410, 'n_estimators': 83, 'max_depth': 5, 'num_leaves': 52, 'learning_rate': 0.019657448966046126, 'subsample': 0.5027610585618012, 'colsample_bytree': 0.9077307142274171, 'min_child_samples': 77, 'reg_alpha': 0.03639690979811287, 'reg_lambda': 0.08738424135626986}. Best is trial 2 with value: 0.010271804075744352.
[I 2026-06-01 12:59:48,359] Trial 7 finished with value: 0.002605739235311315 and parameters: {'confidence_threshold': 0.5259156281069316, 'training_days': 180, 'n_estimators': 102, 'max_depth': 5, 'num_leaves': 45, 'learning_rate': 0.030816017044468066, 'subsample': 0.5317791751430119, 'colsample_bytree': 0.6554911608578311, 'min_child_samples': 46, 'reg_alpha': 0.036851536911881845, 'reg_lambda': 0.005470376807480391}. Best is trial 2 with value: 0.010271804075744352.
[I 2026-06-01 12:59:48,472] Trial 8 finished with value: -0.0835199962793285 and parameters: {'confidence_threshold': 0.8105244599017143, 'training_days': 240, 'n_estimators': 103, 'max_depth': 5, 'num_leaves': 52, 'learning_rate': 0.06746437142284309, 'subsample': 0.8854835899772805, 'colsample_bytree': 0.7468977981821954, 'min_child_samples': 62, 'reg_alpha': 7.04480806377519e-05, 'reg_lambda': 1.6934490731313353e-08}. Best is trial 2 with value: 0.010271804075744352.
[I 2026-06-01 12:59:48,494] Trial 9 finished with value: -2.0456146112612994 and parameters: {'confidence_threshold': 0.5377619994476566, 'training_days': 20, 'n_estimators': 337, 'max_depth': 3, 'num_leaves': 39, 'learning_rate': 0.21907142272152816, 'subsample': 0.6246461145744375, 'colsample_bytree': 0.7051914615178149, 'min_child_samples': 81, 'reg_alpha': 1.1459970229341322e-06, 'reg_lambda': 4.929685216887945e-08}. Best is trial 2 with value: 0.010271804075744352.
[I 2026-06-01 12:59:48,812] Trial 10 finished with value: -0.037423340679823516 and parameters: {'confidence_threshold': 0.6797821749717731, 'training_days': 150, 'n_estimators': 487, 'max_depth': 5, 'num_leaves': 31, 'learning_rate': 0.1457937958927628, 'subsample': 0.8271882613853766, 'colsample_bytree': 0.5054398545048813, 'min_child_samples': 27, 'reg_alpha': 1.290626345465208e-08, 'reg_lambda': 3.3639426888455256e-06}. Best is trial 2 with value: 0.010271804075744352.
[I 2026-06-01 12:59:49,039] Trial 11 finished with value: -0.01904700740691681 and parameters: {'confidence_threshold': 0.504039108267052, 'training_days': 190, 'n_estimators': 245, 'max_depth': 5, 'num_leaves': 60, 'learning_rate': 0.055902008608129834, 'subsample': 0.6799555014576089, 'colsample_bytree': 0.6138814886148961, 'min_child_samples': 37, 'reg_alpha': 1.6115749528927317, 'reg_lambda': 1.2919440532274802e-05}. Best is trial 2 with value: 0.010271804075744352.
[I 2026-06-01 12:59:49,231] Trial 12 finished with value: -0.052869804498421755 and parameters: {'confidence_threshold': 0.7123397528892077, 'training_days': 130, 'n_estimators': 257, 'max_depth': 4, 'num_leaves': 41, 'learning_rate': 0.011371606828587318, 'subsample': 0.8255079015857973, 'colsample_bytree': 0.6208442659470276, 'min_child_samples': 20, 'reg_alpha': 5.6535530920430964e-05, 'reg_lambda': 0.026713385242792945}. Best is trial 2 with value: 0.010271804075744352.
[I 2026-06-01 12:59:49,440] Trial 13 finished with value: -0.06101054235333574 and parameters: {'confidence_threshold': 0.6086148631749119, 'training_days': 300, 'n_estimators': 215, 'max_depth': 5, 'num_leaves': 32, 'learning_rate': 0.03614754421776377, 'subsample': 0.5979644942759227, 'colsample_bytree': 0.651741240242602, 'min_child_samples': 47, 'reg_alpha': 0.0015022440046723953, 'reg_lambda': 2.915487126448182e-05}. Best is trial 2 with value: 0.010271804075744352.
[I 2026-06-01 12:59:49,633] Trial 14 finished with value: -0.024974831767776755 and parameters: {'confidence_threshold': 0.5641230867882557, 'training_days': 220, 'n_estimators': 311, 'max_depth': 4, 'num_leaves': 15, 'learning_rate': 0.08489562052308583, 'subsample': 0.9282561648305936, 'colsample_bytree': 0.8161768195580982, 'min_child_samples': 87, 'reg_alpha': 8.062692659979823e-07, 'reg_lambda': 0.00012046958678547378}. Best is trial 2 with value: 0.010271804075744352.
[I 2026-06-01 12:59:49,689] Trial 15 finished with value: -0.15348843223434067 and parameters: {'confidence_threshold': 0.6459551572231198, 'training_days': 120, 'n_estimators': 52, 'max_depth': 5, 'num_leaves': 50, 'learning_rate': 0.04372501750456459, 'subsample': 0.7798079465483917, 'colsample_bytree': 0.5065896071904618, 'min_child_samples': 54, 'reg_alpha': 0.06995229097216783, 'reg_lambda': 9.94699006098023e-07}. Best is trial 2 with value: 0.010271804075744352.
[I 2026-06-01 12:59:49,756] Trial 16 finished with value: -0.03313853713522188 and parameters: {'confidence_threshold': 0.7405378962307041, 'training_days': 80, 'n_estimators': 190, 'max_depth': 5, 'num_leaves': 45, 'learning_rate': 0.11867441691782589, 'subsample': 0.5755023425171057, 'colsample_bytree': 0.5721800280232666, 'min_child_samples': 69, 'reg_alpha': 1.6230643075200477e-05, 'reg_lambda': 0.007719340062213943}. Best is trial 2 with value: 0.010271804075744352.
[I 2026-06-01 12:59:49,899] Trial 17 finished with value: -0.0555494797099799 and parameters: {'confidence_threshold': 0.5187678045423305, 'training_days': 290, 'n_estimators': 143, 'max_depth': 4, 'num_leaves': 63, 'learning_rate': 0.010425658055299656, 'subsample': 0.7004831188261247, 'colsample_bytree': 0.9956385980717998, 'min_child_samples': 71, 'reg_alpha': 7.811196825683239, 'reg_lambda': 0.44219958495189055}. Best is trial 2 with value: 0.010271804075744352.
[I 2026-06-01 12:59:50,187] A new study created in memory with name: no-name-d06d9efa-077a-4038-8c6e-bd00d74b2553
[I 2026-06-01 12:59:50,282] Trial 0 finished with value: -0.06808514474584534 and parameters: {'confidence_threshold': 0.7437642149592516, 'training_days': 150, 'n_estimators': 152, 'max_depth': 4, 'num_leaves': 50, 'learning_rate': 0.04216766425047743, 'subsample': 0.9903820991923078, 'colsample_bytree': 0.8424148692924316, 'min_child_samples': 58, 'reg_alpha': 3.381097259762742e-05, 'reg_lambda': 1.2263152961306247e-05}. Best is trial 0 with value: -0.06808514474584534.
[I 2026-06-01 12:59:50,347] Trial 1 finished with value: -0.1368713111355528 and parameters: {'confidence_threshold': 0.7551673975844145, 'training_days': 220, 'n_estimators': 76, 'max_depth': 4, 'num_leaves': 51, 'learning_rate': 0.018602118810743477, 'subsample': 0.5877258780737462, 'colsample_bytree': 0.7657756869209191, 'min_child_samples': 63, 'reg_alpha': 0.005123994170264194, 'reg_lambda': 0.44145470178120466}. Best is trial 0 with value: -0.06808514474584534.
[I 2026-06-01 12:59:50,593] Trial 2 finished with value: -0.037025365338805086 and parameters: {'confidence_threshold': 0.7535593637012223, 'training_days': 310, 'n_estimators': 375, 'max_depth': 3, 'num_leaves': 32, 'learning_rate': 0.021735641882032388, 'subsample': 0.6468570231944146, 'colsample_bytree': 0.8154880619272439, 'min_child_samples': 27, 'reg_alpha': 8.004064028491336e-05, 'reg_lambda': 7.546835261630524e-05}. Best is trial 2 with value: -0.037025365338805086.
[I 2026-06-01 12:59:50,769] Trial 3 finished with value: -0.021866337997108704 and parameters: {'confidence_threshold': 0.6727897841776072, 'training_days': 220, 'n_estimators': 190, 'max_depth': 4, 'num_leaves': 58, 'learning_rate': 0.24810689332636193, 'subsample': 0.7509183379421682, 'colsample_bytree': 0.8119764758960556, 'min_child_samples': 29, 'reg_alpha': 7.1708285081421445e-06, 'reg_lambda': 5.412973582738627e-05}. Best is trial 3 with value: -0.021866337997108704.
[I 2026-06-01 12:59:50,886] Trial 4 finished with value: -0.08156028334880225 and parameters: {'confidence_threshold': 0.803208205259178, 'training_days': 130, 'n_estimators': 267, 'max_depth': 5, 'num_leaves': 40, 'learning_rate': 0.08041175317374143, 'subsample': 0.5603143329951619, 'colsample_bytree': 0.9131704002534167, 'min_child_samples': 68, 'reg_alpha': 0.0008046593428183385, 'reg_lambda': 1.2158346158765583e-05}. Best is trial 3 with value: -0.021866337997108704.
[I 2026-06-01 12:59:51,124] Trial 5 finished with value: -0.014232089102556902 and parameters: {'confidence_threshold': 0.6064422761595144, 'training_days': 210, 'n_estimators': 357, 'max_depth': 5, 'num_leaves': 40, 'learning_rate': 0.0974221287220869, 'subsample': 0.7929682762811064, 'colsample_bytree': 0.8124517510478, 'min_child_samples': 74, 'reg_alpha': 0.3811377260781234, 'reg_lambda': 5.607314238392041e-08}. Best is trial 5 with value: -0.014232089102556902.
[I 2026-06-01 12:59:51,232] Trial 6 finished with value: -0.08530937224157834 and parameters: {'confidence_threshold': 0.7672889945051684, 'training_days': 130, 'n_estimators': 137, 'max_depth': 4, 'num_leaves': 19, 'learning_rate': 0.2031117614248665, 'subsample': 0.8136244860256343, 'colsample_bytree': 0.8617081790949774, 'min_child_samples': 21, 'reg_alpha': 0.002238138278733199, 'reg_lambda': 0.001025809534977322}. Best is trial 5 with value: -0.014232089102556902.
[I 2026-06-01 12:59:51,300] Trial 7 finished with value: -0.04096102955876755 and parameters: {'confidence_threshold': 0.555635875450653, 'training_days': 80, 'n_estimators': 363, 'max_depth': 3, 'num_leaves': 48, 'learning_rate': 0.06590089024008658, 'subsample': 0.6944752870615722, 'colsample_bytree': 0.962566244806993, 'min_child_samples': 88, 'reg_alpha': 1.6465620446426067e-05, 'reg_lambda': 2.4678750890085655e-08}. Best is trial 5 with value: -0.014232089102556902.
[I 2026-06-01 12:59:51,626] Trial 8 finished with value: -0.002304588082957225 and parameters: {'confidence_threshold': 0.6066688256938841, 'training_days': 200, 'n_estimators': 367, 'max_depth': 5, 'num_leaves': 32, 'learning_rate': 0.13377519215934996, 'subsample': 0.7965884582811106, 'colsample_bytree': 0.8458508993500886, 'min_child_samples': 32, 'reg_alpha': 3.889436043816386e-05, 'reg_lambda': 1.4713062489380356e-06}. Best is trial 8 with value: -0.002304588082957225.
[I 2026-06-01 12:59:51,843] Trial 9 finished with value: -0.06542073552484841 and parameters: {'confidence_threshold': 0.6202096049169137, 'training_days': 260, 'n_estimators': 350, 'max_depth': 3, 'num_leaves': 21, 'learning_rate': 0.02989540198065364, 'subsample': 0.8307821683331218, 'colsample_bytree': 0.923253112635361, 'min_child_samples': 64, 'reg_alpha': 0.4898604619604203, 'reg_lambda': 2.9076377687066166e-05}. Best is trial 8 with value: -0.002304588082957225.
[I 2026-06-01 12:59:52,344] Trial 10 finished with value: -0.04655694601720764 and parameters: {'confidence_threshold': 0.5342665212695602, 'training_days': 470, 'n_estimators': 493, 'max_depth': 5, 'num_leaves': 30, 'learning_rate': 0.010221918552934462, 'subsample': 0.9182272143313567, 'colsample_bytree': 0.6202684210924141, 'min_child_samples': 44, 'reg_alpha': 1.466506858166308e-08, 'reg_lambda': 0.014616129255130504}. Best is trial 8 with value: -0.002304588082957225.
