[I 2026-06-01 12:57:24,543] Trial 9 finished with value: 0.01970085974215649 and parameters: {'confidence_threshold': 0.6202096049169137, 'training_days': 260, 'n_estimators': 350, 'max_depth': 3, 'num_leaves': 21, 'learning_rate': 0.02989540198065364, 'subsample': 0.8307821683331218, 'colsample_bytree': 0.923253112635361, 'min_child_samples': 64, 'reg_alpha': 0.4898604619604203, 'reg_lambda': 2.9076377687066166e-05}. Best is trial 2 with value: 0.0575062106101373.
[I 2026-06-01 12:57:24,851] Trial 10 finished with value: -2.0742015061727375 and parameters: {'confidence_threshold': 0.8445241688507242, 'training_days': 420, 'n_estimators': 494, 'max_depth': 3, 'num_leaves': 30, 'learning_rate': 0.010221918552934462, 'subsample': 0.5019190721168774, 'colsample_bytree': 0.6202684210924141, 'min_child_samples': 45, 'reg_alpha': 1.5494783182896407e-08, 'reg_lambda': 0.018878930586497852}. Best is trial 2 with value: 0.0575062106101373.
[I 2026-06-01 12:57:24,913] Trial 11 finished with value: -6.1225121342596065 and parameters: {'confidence_threshold': 0.7162109107873752, 'training_days': 360, 'n_estimators': 51, 'max_depth': 3, 'num_leaves': 61, 'learning_rate': 0.016298143265808546, 'subsample': 0.6391782689059778, 'colsample_bytree': 0.6900063486364282, 'min_child_samples': 52, 'reg_alpha': 0.01799493661729836, 'reg_lambda': 4.406878333975411}. Best is trial 2 with value: 0.0575062106101373.

  [label] 2022-02-14 00:00 BTCUSDT entry=42290.4100 → SHORT | long=sl(-4.83%) short=sl(-4.83%) | scanned=11 | no_tp→fwd_return=-4.2532
  [label] 2022-03-02 00:00 BTCUSDT entry=43963.0000 → SHORT | long=sl(-6.78%) short=tp(+13.26%) | scanned=13 | short_tp_only
  [label] 2022-03-14 16:00 BTCUSDT entry=39653.8000 → LONG | long=timeout(+3.25%) short=sl(-5.53%) | scanned=22 | no_tp→fwd_return=+3.3495
  [label] 2022-04-02 08:00 BTCUSDT entry=46284.1000 → SHORT | long=sl(-4.11%) short=tp(+7.93%) | scanned=19 | short_tp_only
  [label] 2022-04-08 16:00 BTCUSDT entry=42229.2000 → SHORT | long=sl(-4.54%) short=timeout(+3.92%) | scanned=22 | no_tp→fwd_return=-4.0249
  [label] 2022-04-21 00:00 BTCUSDT entry=41833.7000 → SHORT | long=sl(-3.74%) short=tp(+7.19%) | scanned=12 | short_tp_only
  [label] 2022-05-30 08:00 BTCUSDT entry=30617.9000 → SHORT | long=sl(-4.41%) short=sl(-4.41%) | scanned=12 | no_tp→fwd_return=-3.6946
  [label] 2022-06-09 08:00 BTCUSDT entry=30285.8000 → SHORT | long=sl(-5.18%) short=tp(+10.06%) | scanned=8 | short_tp_only
  [label] 2022-09-03 08:00 BTCUSDT entry=19764.3000 → LONG | long=sl(-4.25%) short=sl(-4.25%) | scanned=17 | no_tp→fwd_return=+4.3477
  Labels: 1154 long (53.2%), 1014 short (46.8%) | weights: min=1.00, mean=3.67, max=10.00
  Features: 2168/2168 matched, 48 columns
  CV gap: 22 rows
  [ensemble 1/3] seed=42
    [trial 0] 48 features, training_days=480 | threshold=0.631 | labels: 1154 long, 1014 short (53/47%)
    [CV fold 0] train_end=2021-01-22 08:00 | val_start=2021-01-30 00:00 | gap=184h (22 rows)
    [CV fold 1] train_end=2021-05-22 16:00 | val_start=2021-05-30 08:00 | gap=184h (22 rows)
    [CV fold 2] train_end=2021-09-20 00:00 | val_start=2021-09-27 16:00 | gap=184h (22 rows)
    [CV fold 3] train_end=2022-01-18 08:00 | val_start=2022-01-26 00:00 | gap=184h (22 rows)
    [CV fold 4] train_end=2022-05-18 16:00 | val_start=2022-05-26 08:00 | gap=184h (22 rows)
    [trial 0] Sharpe=0.0188 (folds: 0.1087, 0.3086, 0.0844, -0.3508, -0.0567)
    [trial 1] 48 features, training_days=420 | threshold=0.839 | labels: 1154 long, 1014 short (53/47%)
    [trial 1] Sharpe=-2.0155 (folds: -0.0286, 0.2779, -0.3723, -10.0000, 0.0457)
    [trial 2] 48 features, training_days=190 | threshold=0.602 | labels: 1154 long, 1014 short (53/47%)
    [trial 2] Sharpe=-0.0388 (folds: 0.0856, 0.1526, -0.0124, -0.3324, -0.0872)
    [trial 3] 48 features, training_days=490 | threshold=0.832 | labels: 1154 long, 1014 short (53/47%)
    [trial 3] Sharpe=-0.0631 (folds: 0.0282, 0.2217, -0.1303, -0.2597, -0.1753)
    [trial 4] 48 features, training_days=340 | threshold=0.591 | labels: 1154 long, 1014 short (53/47%)
    [trial 4] Sharpe=0.0093 (folds: 0.0811, 0.2214, 0.0994, -0.2857, -0.0696)
    [trial 5] 48 features, training_days=50 | threshold=0.823 | labels: 1154 long, 1014 short (53/47%)
    [trial 5] Sharpe=0.0982 (folds: -0.0036, 0.2421, 0.1684, 0.0659, 0.0183)
    [trial 6] 48 features, training_days=410 | threshold=0.549 | labels: 1154 long, 1014 short (53/47%)
    [trial 6] Sharpe=0.0217 (folds: 0.0707, 0.3068, 0.1930, -0.3488, -0.1133)
    [trial 7] 48 features, training_days=180 | threshold=0.526 | labels: 1154 long, 1014 short (53/47%)
    [trial 7] Sharpe=-0.0713 (folds: 0.0511, 0.1212, 0.0390, -0.4909, -0.0769)
    [trial 8] 48 features, training_days=240 | threshold=0.811 | labels: 1154 long, 1014 short (53/47%)
    [trial 8] Sharpe=0.0160 (folds: 0.0266, 0.2862, 0.0262, -0.4231, 0.1641)
    [trial 9] 48 features, training_days=20 | threshold=0.538 | labels: 1154 long, 1014 short (53/47%)
    [trial 9] Sharpe=0.0100 (folds: -0.0613, -0.0938, 0.0753, 0.0400, 0.0900)
    [trial 10] 48 features, training_days=10 | threshold=0.732 | labels: 1154 long, 1014 short (53/47%)
    [trial 10] Sharpe=-3.9957 (folds: -10.0000, -0.0938, 0.0753, 0.0400, -10.0000)
    [trial 11] 48 features, training_days=110 | threshold=0.716 | labels: 1154 long, 1014 short (53/47%)
    [trial 11] Sharpe=-3.7411 (folds: 0.3909, -10.0000, -10.0000, -0.1100, 1.0135)
    [trial 12] 48 features, training_days=340 | threshold=0.746 | labels: 1154 long, 1014 short (53/47%)
    [trial 12] Sharpe=0.0168 (folds: 0.0470, 0.2594, 0.0293, -0.0388, -0.2131)
    [trial 13] 48 features, training_days=330 | threshold=0.663 | labels: 1154 long, 1014 short (53/47%)
    [trial 13] Sharpe=0.0373 (folds: 0.0366, 0.4112, 0.0522, -0.3390, 0.0256)
    [trial 14] 48 features, training_days=320 | threshold=0.669 | labels: 1154 long, 1014 short (53/47%)
    [trial 14] Sharpe=-0.0122 (folds: -0.0708, 0.2237, 0.0362, -0.1616, -0.0886)
    [trial 15] 48 features, training_days=90 | threshold=0.767 | labels: 1154 long, 1014 short (53/47%)
    [trial 15] Sharpe=0.1272 (folds: 0.0460, 0.0827, 0.3112, -0.0332, 0.2293)
    [trial 16] 48 features, training_days=90 | threshold=0.780 | labels: 1154 long, 1014 short (53/47%)
    [trial 16] Sharpe=0.0751 (folds: -0.0111, -0.0231, 0.2554, -0.0293, 0.1836)
    [trial 17] 48 features, training_days=90 | threshold=0.789 | labels: 1154 long, 1014 short (53/47%)
    [trial 17] Sharpe=0.0262 (folds: -0.0002, -0.1842, 0.2845, -0.0605, 0.0913)
  Optuna: 18 trials, best Sharpe = 0.1272
  Best params: n_estimators=51, max_depth=3, lr=0.0888, leaves=31
  Best confidence_threshold: 0.767
  Best training_days: 90
  Retrained on full data (270 samples, 48 features)
  [ensemble 2/3] seed=123
    [trial 0] 48 features, training_days=150 | threshold=0.744 | labels: 1154 long, 1014 short (53/47%)
    [CV fold 0] train_end=2021-01-22 08:00 | val_start=2021-01-30 00:00 | gap=184h (22 rows)
    [CV fold 1] train_end=2021-05-22 16:00 | val_start=2021-05-30 08:00 | gap=184h (22 rows)
    [CV fold 2] train_end=2021-09-20 00:00 | val_start=2021-09-27 16:00 | gap=184h (22 rows)
    [CV fold 3] train_end=2022-01-18 08:00 | val_start=2022-01-26 00:00 | gap=184h (22 rows)
    [CV fold 4] train_end=2022-05-18 16:00 | val_start=2022-05-26 08:00 | gap=184h (22 rows)
    [trial 0] Sharpe=-0.0317 (folds: 0.0611, 0.1637, 0.1123, -0.3884, -0.1071)
    [trial 1] 48 features, training_days=220 | threshold=0.755 | labels: 1154 long, 1014 short (53/47%)
    [trial 1] Sharpe=0.0310 (folds: 0.0958, 0.4073, -0.0473, -0.6440, 0.3431)
    [trial 2] 48 features, training_days=310 | threshold=0.754 | labels: 1154 long, 1014 short (53/47%)
    [trial 2] Sharpe=0.0575 (folds: 0.0324, 0.2571, -0.0341, -0.0455, 0.0775)
    [trial 3] 48 features, training_days=220 | threshold=0.673 | labels: 1154 long, 1014 short (53/47%)
    [trial 3] Sharpe=-0.0491 (folds: -0.0764, 0.1722, -0.0808, -0.3708, 0.1105)
    [trial 4] 48 features, training_days=130 | threshold=0.803 | labels: 1154 long, 1014 short (53/47%)
    [trial 4] Sharpe=-0.0418 (folds: 0.0481, 0.0029, 0.1703, -0.3940, -0.0362)
    [trial 5] 48 features, training_days=210 | threshold=0.606 | labels: 1154 long, 1014 short (53/47%)
    [trial 5] Sharpe=-0.0236 (folds: -0.0030, 0.1782, -0.0324, -0.2978, 0.0369)
    [trial 6] 48 features, training_days=130 | threshold=0.767 | labels: 1154 long, 1014 short (53/47%)
    [trial 6] Sharpe=-0.0328 (folds: -0.0703, 0.0105, 0.0502, -0.1083, -0.0462)
    [trial 7] 48 features, training_days=80 | threshold=0.556 | labels: 1154 long, 1014 short (53/47%)
    [trial 7] Sharpe=-0.0547 (folds: -0.1453, -0.0966, 0.2484, -0.1122, -0.1677)
    [trial 8] 48 features, training_days=200 | threshold=0.607 | labels: 1154 long, 1014 short (53/47%)
    [trial 8] Sharpe=-0.0819 (folds: -0.0948, 0.1685, -0.0704, -0.4082, -0.0046)
    [trial 9] 48 features, training_days=260 | threshold=0.620 | labels: 1154 long, 1014 short (53/47%)
    [trial 9] Sharpe=0.0197 (folds: 0.0627, 0.2626, 0.1229, -0.3453, -0.0044)
    [trial 10] 48 features, training_days=420 | threshold=0.845 | labels: 1154 long, 1014 short (53/47%)
    [trial 10] Sharpe=-2.0742 (folds: -0.1081, 0.2610, -0.2994, -10.0000, -0.2245)
    [trial 11] 48 features, training_days=360 | threshold=0.716 | labels: 1154 long, 1014 short (53/47%)
    [trial 11] Sharpe=-6.1225 (folds: -0.1754, -10.0000, -0.4372, -10.0000, -10.0000)
    [trial 12] 48 features, training_days=340 | threshold=0.678 | labels: 1154 long, 1014 short (53/47%)
    [trial 12] Sharpe=-0.0029 (folds: 0.0064, 0.2495, 0.0382, -0.2342, -0.0744)[I 2026-06-01 12:57:25,184] Trial 12 finished with value: -0.0028956400784916347 and parameters: {'confidence_threshold': 0.6776559669413387, 'training_days': 340, 'n_estimators': 484, 'max_depth': 4, 'num_leaves': 47, 'learning_rate': 0.02392651870535563, 'subsample': 0.6166545294095858, 'colsample_bytree': 0.5096458353191796, 'min_child_samples': 100, 'reg_alpha': 1.0994405170068853e-07, 'reg_lambda': 0.2986408808908697}. Best is trial 2 with value: 0.0575062106101373.
[I 2026-06-01 12:57:25,206] Trial 13 finished with value: -3.9957132795469428 and parameters: {'confidence_threshold': 0.789718509378323, 'training_days': 10, 'n_estimators': 53, 'max_depth': 3, 'num_leaves': 28, 'learning_rate': 0.014472572446935365, 'subsample': 0.6637554456572594, 'colsample_bytree': 0.7361824510546084, 'min_child_samples': 44, 'reg_alpha': 0.024510194560445127, 'reg_lambda': 0.0022604507344256915}. Best is trial 2 with value: 0.0575062106101373.
[I 2026-06-01 12:57:25,414] Trial 14 finished with value: -0.01900711666514566 and parameters: {'confidence_threshold': 0.6990760489990013, 'training_days': 490, 'n_estimators': 288, 'max_depth': 4, 'num_leaves': 56, 'learning_rate': 0.03629583630175215, 'subsample': 0.571097323615661, 'colsample_bytree': 0.6518033017634928, 'min_child_samples': 78, 'reg_alpha': 8.70158361284731e-07, 'reg_lambda': 0.05987235062180044}. Best is trial 2 with value: 0.0575062106101373.
[I 2026-06-01 12:57:25,796] Trial 15 finished with value: -0.027912460485321755 and parameters: {'confidence_threshold': 0.8413262323766814, 'training_days': 300, 'n_estimators': 436, 'max_depth': 4, 'num_leaves': 36, 'learning_rate': 0.018204174012129166, 'subsample': 0.507007918467014, 'colsample_bytree': 0.738971151174427, 'min_child_samples': 41, 'reg_alpha': 3.7633185646040874, 'reg_lambda': 4.340484484768205}. Best is trial 2 with value: 0.0575062106101373.
[I 2026-06-01 12:57:25,953] Trial 16 finished with value: -2.08425053060673 and parameters: {'confidence_threshold': 0.7409550081665428, 'training_days': 380, 'n_estimators': 253, 'max_depth': 3, 'num_leaves': 25, 'learning_rate': 0.010431680817577445, 'subsample': 0.709405702767483, 'colsample_bytree': 0.5489148768447338, 'min_child_samples': 54, 'reg_alpha': 0.006106483528250097, 'reg_lambda': 7.136471786250007e-07}. Best is trial 2 with value: 0.0575062106101373.
[I 2026-06-01 12:57:26,222] Trial 17 finished with value: -0.0023181606787031433 and parameters: {'confidence_threshold': 0.5004748807695347, 'training_days': 290, 'n_estimators': 415, 'max_depth': 5, 'num_leaves': 15, 'learning_rate': 0.025209516166245612, 'subsample': 0.589973633162768, 'colsample_bytree': 0.7668145962665067, 'min_child_samples': 84, 'reg_alpha': 0.00012049055891095565, 'reg_lambda': 0.004147168456156341}. Best is trial 2 with value: 0.0575062106101373.
[I 2026-06-01 12:57:26,405] A new study created in memory with name: no-name-023ec8cc-1cca-43dc-ace9-5c7389e0eb74
[I 2026-06-01 12:57:26,612] Trial 0 finished with value: 0.024586712323800386 and parameters: {'confidence_threshold': 0.5870645682749857, 'training_days': 90, 'n_estimators': 403, 'max_depth': 5, 'num_leaves': 45, 'learning_rate': 0.0780457193679974, 'subsample': 0.9428509515574568, 'colsample_bytree': 0.8795587339164916, 'min_child_samples': 34, 'reg_alpha': 2.2465901234314442e-07, 'reg_lambda': 8.339007036475363e-05}. Best is trial 0 with value: 0.024586712323800386.
[I 2026-06-01 12:57:26,728] Trial 1 finished with value: 0.03840915057372733 and parameters: {'confidence_threshold': 0.6348453934275313, 'training_days': 290, 'n_estimators': 115, 'max_depth': 5, 'num_leaves': 37, 'learning_rate': 0.06949568759029946, 'subsample': 0.8228505074024268, 'colsample_bytree': 0.8616703220431751, 'min_child_samples': 75, 'reg_alpha': 4.2486822725010923e-07, 'reg_lambda': 1.157247767047042e-07}. Best is trial 1 with value: 0.03840915057372733.
[I 2026-06-01 12:57:26,750] Trial 2 finished with value: 0.010026565959081302 and parameters: {'confidence_threshold': 0.5849570384370288, 'training_days': 10, 'n_estimators': 212, 'max_depth': 3, 'num_leaves': 41, 'learning_rate': 0.18452095998378365, 'subsample': 0.6001060822924371, 'colsample_bytree': 0.5673167293506167, 'min_child_samples': 37, 'reg_alpha': 5.733250064217131, 'reg_lambda': 0.5308454292595461}. Best is trial 1 with value: 0.03840915057372733.
[I 2026-06-01 12:57:26,832] Trial 3 finished with value: -0.053741772901555504 and parameters: {'confidence_threshold': 0.6868248626683718, 'training_days': 220, 'n_estimators': 134, 'max_depth': 3, 'num_leaves': 45, 'learning_rate': 0.033529007907491595, 'subsample': 0.8647277071858408, 'colsample_bytree': 0.778494116634046, 'min_child_samples': 96, 'reg_alpha': 2.409409937265785e-07, 'reg_lambda': 1.1642073478060009}. Best is trial 1 with value: 0.03840915057372733.
[I 2026-06-01 12:57:26,913] Trial 4 finished with value: 0.005502400782534068 and parameters: {'confidence_threshold': 0.5623121348350352, 'training_days': 300, 'n_estimators': 69, 'max_depth': 4, 'num_leaves': 32, 'learning_rate': 0.14967629360700346, 'subsample': 0.5054535233636654, 'colsample_bytree': 0.7401385194659216, 'min_child_samples': 27, 'reg_alpha': 1.4212042567426725e-07, 'reg_lambda': 0.23605753701352003}. Best is trial 1 with value: 0.03840915057372733.
[I 2026-06-01 12:57:27,307] Trial 5 finished with value: -0.04474566428992184 and parameters: {'confidence_threshold': 0.7111850244908446, 'training_days': 490, 'n_estimators': 362, 'max_depth': 5, 'num_leaves': 40, 'learning_rate': 0.05960785724162737, 'subsample': 0.5589714368907717, 'colsample_bytree': 0.6659006943232806, 'min_child_samples': 42, 'reg_alpha': 0.6741360303045295, 'reg_lambda': 6.054601607143087e-08}. Best is trial 1 with value: 0.03840915057372733.
[I 2026-06-01 12:57:27,485] Trial 6 finished with value: 0.016500381414185576 and parameters: {'confidence_threshold': 0.667482545748023, 'training_days': 420, 'n_estimators': 279, 'max_depth': 3, 'num_leaves': 45, 'learning_rate': 0.040099592560849204, 'subsample': 0.8563114696415159, 'colsample_bytree': 0.5442917781944105, 'min_child_samples': 50, 'reg_alpha': 1.6407916423707903e-08, 'reg_lambda': 2.935907642973286e-05}. Best is trial 1 with value: 0.03840915057372733.
[I 2026-06-01 12:57:27,620] Trial 7 finished with value: -0.05934067992569205 and parameters: {'confidence_threshold': 0.5497381024139926, 'training_days': 120, 'n_estimators': 408, 'max_depth': 5, 'num_leaves': 38, 'learning_rate': 0.28049122657745795, 'subsample': 0.8806573338635493, 'colsample_bytree': 0.5454054113547102, 'min_child_samples': 63, 'reg_alpha': 0.01263008637940408, 'reg_lambda': 0.04588020805366937}. Best is trial 1 with value: 0.03840915057372733.
[I 2026-06-01 12:57:27,894] Trial 8 finished with value: -0.0243986974356988 and parameters: {'confidence_threshold': 0.719644804808716, 'training_days': 450, 'n_estimators': 410, 'max_depth': 4, 'num_leaves': 57, 'learning_rate': 0.04022026551478857, 'subsample': 0.5336085426932707, 'colsample_bytree': 0.5705742850577543, 'min_child_samples': 100, 'reg_alpha': 5.916398047912201e-07, 'reg_lambda': 0.9794034214488329}. Best is trial 1 with value: 0.03840915057372733.
[I 2026-06-01 12:57:27,915] Trial 9 finished with value: -4.013025255275066 and parameters: {'confidence_threshold': 0.7267463643917187, 'training_days': 20, 'n_estimators': 337, 'max_depth': 5, 'num_leaves': 23, 'learning_rate': 0.022153031811454605, 'subsample': 0.6305627572358737, 'colsample_bytree': 0.6613413774216214, 'min_child_samples': 81, 'reg_alpha': 5.7638634029410314e-08, 'reg_lambda': 8.26603016764008}. Best is trial 1 with value: 0.03840915057372733.
[I 2026-06-01 12:57:28,070] Trial 10 finished with value: 0.10130277336808009 and parameters: {'confidence_threshold': 0.8398533911817929, 'training_days': 320, 'n_estimators': 181, 'max_depth': 4, 'num_leaves': 15, 'learning_rate': 0.013684491588422613, 'subsample': 0.7320664585010437, 'colsample_bytree': 0.9944479338273263, 'min_child_samples': 74, 'reg_alpha': 4.136971884522066e-05, 'reg_lambda': 1.4599322889399585e-08}. Best is trial 10 with value: 0.10130277336808009.
[I 2026-06-01 12:57:28,228] Trial 11 finished with value: -10.0 and parameters: {'confidence_threshold': 0.8491135887906174, 'training_days': 330, 'n_estimators': 164, 'max_depth': 4, 'num_leaves': 15, 'learning_rate': 0.010040444497628614, 'subsample': 0.741942921860466, 'colsample_bytree': 0.9740098287665526, 'min_child_samples': 71, 'reg_alpha': 4.4771568540213046e-05, 'reg_lambda': 1.5926464569712103e-08}. Best is trial 10 with value: 0.10130277336808009.
[I 2026-06-01 12:57:28,290] Trial 12 finished with value: -10.0 and parameters: {'confidence_threshold': 0.83900033179092, 'training_days': 220, 'n_estimators': 53, 'max_depth': 4, 'num_leaves': 61, 'learning_rate': 0.010309120633309549, 'subsample': 0.7401911467529403, 'colsample_bytree': 0.9826583982594713, 'min_child_samples': 77, 'reg_alpha': 2.8799691672879213e-05, 'reg_lambda': 7.828808867031248e-07}. Best is trial 10 with value: 0.10130277336808009.
[I 2026-06-01 12:57:28,448] Trial 13 finished with value: -0.0009947792484029257 and parameters: {'confidence_threshold': 0.6308026073906248, 'training_days': 350, 'n_estimators': 205, 'max_depth': 4, 'num_leaves': 26, 'learning_rate': 0.09240081767303543, 'subsample': 0.6781287405872758, 'colsample_bytree': 0.887830966031725, 'min_child_samples': 89, 'reg_alpha': 0.0013236177285446122, 'reg_lambda': 1.365367432655861e-06}. Best is trial 10 with value: 0.10130277336808009.
[I 2026-06-01 12:57:28,850] Trial 14 finished with value: 0.012670668409072675 and parameters: {'confidence_threshold': 0.7723320301796328, 'training_days': 260, 'n_estimators': 500, 'max_depth': 5, 'num_leaves': 15, 'learning_rate': 0.01928799314178529, 'subsample': 0.7851487748866213, 'colsample_bytree': 0.8825815854916705, 'min_child_samples': 59, 'reg_alpha': 7.18379847547028e-06, 'reg_lambda': 0.0025446837785191097}. Best is trial 10 with value: 0.10130277336808009.
[I 2026-06-01 12:57:28,973] Trial 15 finished with value: -0.08064056189970005 and parameters: {'confidence_threshold': 0.7829525506318393, 'training_days': 390, 'n_estimators': 114, 'max_depth': 4, 'num_leaves': 52, 'learning_rate': 0.02048175409791369, 'subsample': 0.8100622534739066, 'colsample_bytree': 0.9272948050622022, 'min_child_samples': 65, 'reg_alpha': 0.0007443976331813758, 'reg_lambda': 3.0036929501096703e-07}. Best is trial 10 with value: 0.10130277336808009.
[I 2026-06-01 12:57:29,078] Trial 16 finished with value: -0.03327332599279057 and parameters: {'confidence_threshold': 0.5156958281455359, 'training_days': 160, 'n_estimators': 239, 'max_depth': 4, 'num_leaves': 29, 'learning_rate': 0.08485556538916153, 'subsample': 0.9682632526518532, 'colsample_bytree': 0.8197885526790085, 'min_child_samples': 84, 'reg_alpha': 2.4954678275283024e-06, 'reg_lambda': 6.684186205951055e-06}. Best is trial 10 with value: 0.10130277336808009.
