[I 2026-06-01 12:58:21,654] Trial 1 finished with value: -2.1398120062723094 and parameters: {'confidence_threshold': 0.7551673975844145, 'training_days': 220, 'n_estimators': 76, 'max_depth': 4, 'num_leaves': 51, 'learning_rate': 0.018602118810743477, 'subsample': 0.5877258780737462, 'colsample_bytree': 0.7657756869209191, 'min_child_samples': 63, 'reg_alpha': 0.005123994170264194, 'reg_lambda': 0.44145470178120466}. Best is trial 0 with value: -0.12122902363548005.

  Train window: 2021-04-01 → 2023-03-24
  2168 training samples from 1 symbols
  Samples per month: 2021-04: 90, 2021-05: 93, 2021-06: 90, 2021-07: 93, 2021-08: 93, 2021-09: 90, 2021-10: 93, 2021-11: 90, 2021-12: 93, 2022-01: 93, 2022-02: 84, 2022-03: 93, 2022-04: 90, 2022-05: 93, 2022-06: 90, 2022-07: 93, 2022-08: 93, 2022-09: 90, 2022-10: 93, 2022-11: 90, 2022-12: 93, 2023-01: 93, 2023-02: 84, 2023-03: 71
  [label] 2021-06-01 16:00 BTCUSDT entry=36693.4100 → SHORT | long=sl(-9.17%) short=timeout(+8.95%) | scanned=22 | no_tp→fwd_return=-9.0502
  [label] 2021-06-03 16:00 BTCUSDT entry=39247.4000 → SHORT | long=sl(-7.29%) short=tp(+14.28%) | scanned=12 | short_tp_only
  [label] 2021-06-07 16:00 BTCUSDT entry=33550.9600 → LONG | long=tp(+16.59%) short=sl(-8.44%) | scanned=18 | long_tp_only
  [label] 2021-07-02 08:00 BTCUSDT entry=33684.8800 → SHORT | long=timeout(-0.54%) short=timeout(+0.34%) | scanned=22 | no_tp→fwd_return=-0.4376
  [label] 2021-08-23 16:00 BTCUSDT entry=49523.9100 → SHORT | long=sl(-4.54%) short=timeout(+4.95%) | scanned=22 | no_tp→fwd_return=-5.0465
  [label] 2022-02-05 16:00 BTCUSDT entry=41374.6900 → LONG | long=tp(+9.80%) short=sl(-5.05%) | scanned=7 | long_tp_only
  [label] 2022-02-09 16:00 BTCUSDT entry=44358.0800 → SHORT | long=sl(-5.43%) short=timeout(+1.02%) | scanned=22 | no_tp→fwd_return=-1.1213
  [label] 2022-02-20 08:00 BTCUSDT entry=38308.9000 → SHORT | long=sl(-5.01%) short=tp(+9.73%) | scanned=11 | short_tp_only
  [label] 2022-04-06 08:00 BTCUSDT entry=44159.4000 → SHORT | long=sl(-4.54%) short=tp(+8.77%) | scanned=16 | short_tp_only
  [label] 2022-04-14 16:00 BTCUSDT entry=39915.9000 → LONG | long=timeout(+1.24%) short=sl(-4.43%) | scanned=22 | no_tp→fwd_return=+1.3376
  [label] 2022-07-14 00:00 BTCUSDT entry=19981.3000 → LONG | long=tp(+12.15%) short=sl(-6.23%) | scanned=13 | long_tp_only
  [label] 2022-08-15 00:00 BTCUSDT entry=24010.8000 → SHORT | long=sl(-4.51%) short=tp(+8.71%) | scanned=12 | short_tp_only
  [label] 2022-08-31 00:00 BTCUSDT entry=20247.5000 → SHORT | long=sl(-4.73%) short=timeout(+7.09%) | scanned=22 | no_tp→fwd_return=-7.1910
  [label] 2022-09-12 16:00 BTCUSDT entry=22386.0000 → SHORT | long=sl(-4.16%) short=tp(+8.03%) | scanned=3 | short_tp_only
  [label] 2022-10-01 08:00 BTCUSDT entry=19322.8000 → LONG | long=timeout(+0.71%) short=sl(-5.29%) | scanned=22 | no_tp→fwd_return=+0.8135
  [label] 2022-10-07 16:00 BTCUSDT entry=19520.9000 → SHORT | long=sl(-3.99%) short=tp(+7.67%) | scanned=17 | short_tp_only
  [label] 2022-10-20 00:00 BTCUSDT entry=19138.0000 → LONG | long=sl(-2.71%) short=sl(-2.71%) | scanned=11 | no_tp→fwd_return=+2.2087
  [label] 2022-11-28 08:00 BTCUSDT entry=16136.7000 → LONG | long=tp(+5.53%) short=sl(-2.92%) | scanned=5 | long_tp_only
  [label] 2022-12-08 08:00 BTCUSDT entry=16907.7000 → LONG | long=tp(+4.58%) short=sl(-2.44%) | scanned=15 | long_tp_only
  [label] 2023-03-04 08:00 BTCUSDT entry=22306.3000 → SHORT | long=sl(-3.66%) short=tp(+7.02%) | scanned=16 | short_tp_only
  Labels: 1050 long (48.4%), 1118 short (51.6%) | weights: min=1.00, mean=3.20, max=10.00
  Features: 2168/2168 matched, 48 columns
  CV gap: 22 rows
  [ensemble 1/3] seed=42
    [trial 0] 48 features, training_days=480 | threshold=0.631 | labels: 1050 long, 1118 short (48/52%)
    [CV fold 0] train_end=2021-07-23 08:00 | val_start=2021-07-31 00:00 | gap=184h (22 rows)
    [CV fold 1] train_end=2021-11-20 16:00 | val_start=2021-11-28 08:00 | gap=184h (22 rows)
    [CV fold 2] train_end=2022-03-21 00:00 | val_start=2022-03-28 16:00 | gap=184h (22 rows)
    [CV fold 3] train_end=2022-07-19 08:00 | val_start=2022-07-27 00:00 | gap=184h (22 rows)
    [CV fold 4] train_end=2022-11-16 16:00 | val_start=2022-11-24 08:00 | gap=184h (22 rows)
    [trial 0] Sharpe=-0.0392 (folds: -0.1242, 0.1757, -0.1690, -0.0955, 0.0168)
    [trial 1] 48 features, training_days=420 | threshold=0.839 | labels: 1050 long, 1118 short (48/52%)
    [trial 1] Sharpe=-3.9444 (folds: 0.0757, 0.3025, -0.1000, -10.0000, -10.0000)
    [trial 2] 48 features, training_days=190 | threshold=0.602 | labels: 1050 long, 1118 short (48/52%)
    [trial 2] Sharpe=-0.0572 (folds: -0.0892, 0.2056, -0.0104, -0.2983, -0.0936)
    [trial 3] 48 features, training_days=490 | threshold=0.832 | labels: 1050 long, 1118 short (48/52%)
    [trial 3] Sharpe=-0.1210 (folds: -0.0829, 0.2077, -0.2143, -0.1813, -0.3343)
    [trial 4] 48 features, training_days=340 | threshold=0.591 | labels: 1050 long, 1118 short (48/52%)
    [trial 4] Sharpe=-0.0434 (folds: -0.0736, 0.2234, -0.1465, -0.0998, -0.1204)
    [trial 5] 48 features, training_days=50 | threshold=0.823 | labels: 1050 long, 1118 short (48/52%)
    [trial 5] Sharpe=-0.0173 (folds: -0.3187, 0.5251, -0.0410, -0.2116, -0.0402)
    [trial 6] 48 features, training_days=410 | threshold=0.549 | labels: 1050 long, 1118 short (48/52%)
    [trial 6] Sharpe=-0.1303 (folds: -0.2722, 0.1436, -0.1072, -0.2712, -0.1442)
    [trial 7] 48 features, training_days=180 | threshold=0.526 | labels: 1050 long, 1118 short (48/52%)
    [trial 7] Sharpe=-0.0595 (folds: -0.0979, 0.1222, -0.0762, -0.1715, -0.0743)
    [trial 8] 48 features, training_days=240 | threshold=0.811 | labels: 1050 long, 1118 short (48/52%)
    [trial 8] Sharpe=-0.1858 (folds: 0.0289, 0.2074, -0.1417, -0.7316, -0.2920)
    [trial 9] 48 features, training_days=20 | threshold=0.538 | labels: 1050 long, 1118 short (48/52%)
    [trial 9] Sharpe=-0.1005 (folds: 0.2023, 0.0281, -0.2467, -0.3706, -0.1159)
    [trial 10] 48 features, training_days=10 | threshold=0.732 | labels: 1050 long, 1118 short (48/52%)
    [trial 10] Sharpe=-2.0426 (folds: -0.3158, 0.0281, 0.1907, -10.0000, -0.1159)
    [trial 11] 48 features, training_days=110 | threshold=0.695 | labels: 1050 long, 1118 short (48/52%)
    [trial 11] Sharpe=-0.1206 (folds: -0.2946, 0.1913, -0.1219, -0.3503, -0.0275)
    [trial 12] 48 features, training_days=310 | threshold=0.640 | labels: 1050 long, 1118 short (48/52%)
    [trial 12] Sharpe=-0.0658 (folds: -0.1871, 0.0643, -0.0779, -0.0699, -0.0586)
    [trial 13] 48 features, training_days=130 | threshold=0.751 | labels: 1050 long, 1118 short (48/52%)
    [trial 13] Sharpe=-0.0585 (folds: 0.1905, 0.2052, 0.0578, -0.5196, -0.2265)
    [trial 14] 48 features, training_days=500 | threshold=0.665 | labels: 1050 long, 1118 short (48/52%)
    [trial 14] Sharpe=-0.0718 (folds: -0.1346, 0.0772, -0.2019, -0.2108, 0.1113)
    [trial 15] 48 features, training_days=90 | threshold=0.777 | labels: 1050 long, 1118 short (48/52%)
    [trial 15] Sharpe=-0.1227 (folds: -0.1846, 0.1543, -0.0199, -0.3461, -0.2171)
    [trial 16] 48 features, training_days=320 | threshold=0.705 | labels: 1050 long, 1118 short (48/52%)
    [trial 16] Sharpe=-0.0737 (folds: 0.0029, 0.1982, -0.1546, -0.2360, -0.1789)
    [trial 17] 48 features, training_days=400 | threshold=0.627 | labels: 1050 long, 1118 short (48/52%)
    [trial 17] Sharpe=-0.0671 (folds: 0.0319, 0.1842, -0.2064, -0.2067, -0.1383)
  Optuna: 18 trials, best Sharpe = -0.0173
  Best params: n_estimators=138, max_depth=3, lr=0.0375, leaves=30
  Best confidence_threshold: 0.823
  Best training_days: 50
  Retrained on full data (150 samples, 48 features)
  [ensemble 2/3] seed=123
    [trial 0] 48 features, training_days=150 | threshold=0.744 | labels: 1050 long, 1118 short (48/52%)
    [CV fold 0] train_end=2021-07-23 08:00 | val_start=2021-07-31 00:00 | gap=184h (22 rows)
    [CV fold 1] train_end=2021-11-20 16:00 | val_start=2021-11-28 08:00 | gap=184h (22 rows)
    [CV fold 2] train_end=2022-03-21 00:00 | val_start=2022-03-28 16:00 | gap=184h (22 rows)
    [CV fold 3] train_end=2022-07-19 08:00 | val_start=2022-07-27 00:00 | gap=184h (22 rows)
    [CV fold 4] train_end=2022-11-16 16:00 | val_start=2022-11-24 08:00 | gap=184h (22 rows)
    [trial 0] Sharpe=-0.1212 (folds: -0.0889, 0.2058, -0.1181, -0.2558, -0.3492)
    [trial 1] 48 features, training_days=220 | threshold=0.755 | labels: 1050 long, 1118 short (48/52%)
    [trial 1] Sharpe=-2.1398 (folds: 0.1490, 0.0966, -0.4591, -10.0000, -0.4856)
    [trial 2] 48 features, training_days=310 | threshold=0.754 | labels: 1050 long, 1118 short (48/52%)[I 2026-06-01 12:58:21,893] Trial 2 finished with value: -0.09398285214264965 and parameters: {'confidence_threshold': 0.7535593637012223, 'training_days': 310, 'n_estimators': 375, 'max_depth': 3, 'num_leaves': 32, 'learning_rate': 0.021735641882032388, 'subsample': 0.6468570231944146, 'colsample_bytree': 0.8154880619272439, 'min_child_samples': 27, 'reg_alpha': 8.004064028491336e-05, 'reg_lambda': 7.546835261630524e-05}. Best is trial 2 with value: -0.09398285214264965.
[I 2026-06-01 12:58:22,037] Trial 3 finished with value: -0.030746455369571983 and parameters: {'confidence_threshold': 0.6727897841776072, 'training_days': 220, 'n_estimators': 190, 'max_depth': 4, 'num_leaves': 58, 'learning_rate': 0.24810689332636193, 'subsample': 0.7509183379421682, 'colsample_bytree': 0.8119764758960556, 'min_child_samples': 29, 'reg_alpha': 7.1708285081421445e-06, 'reg_lambda': 5.412973582738627e-05}. Best is trial 3 with value: -0.030746455369571983.
[I 2026-06-01 12:58:22,142] Trial 4 finished with value: -0.042602642530092265 and parameters: {'confidence_threshold': 0.803208205259178, 'training_days': 130, 'n_estimators': 267, 'max_depth': 5, 'num_leaves': 40, 'learning_rate': 0.08041175317374143, 'subsample': 0.5603143329951619, 'colsample_bytree': 0.9131704002534167, 'min_child_samples': 68, 'reg_alpha': 0.0008046593428183385, 'reg_lambda': 1.2158346158765583e-05}. Best is trial 3 with value: -0.030746455369571983.
[I 2026-06-01 12:58:22,349] Trial 5 finished with value: -0.03636726773780131 and parameters: {'confidence_threshold': 0.6064422761595144, 'training_days': 210, 'n_estimators': 357, 'max_depth': 5, 'num_leaves': 40, 'learning_rate': 0.0974221287220869, 'subsample': 0.7929682762811064, 'colsample_bytree': 0.8124517510478, 'min_child_samples': 74, 'reg_alpha': 0.3811377260781234, 'reg_lambda': 5.607314238392041e-08}. Best is trial 3 with value: -0.030746455369571983.
[I 2026-06-01 12:58:22,458] Trial 6 finished with value: -0.08427207318476415 and parameters: {'confidence_threshold': 0.7672889945051684, 'training_days': 130, 'n_estimators': 137, 'max_depth': 4, 'num_leaves': 19, 'learning_rate': 0.2031117614248665, 'subsample': 0.8136244860256343, 'colsample_bytree': 0.8617081790949774, 'min_child_samples': 21, 'reg_alpha': 0.002238138278733199, 'reg_lambda': 0.001025809534977322}. Best is trial 3 with value: -0.030746455369571983.
[I 2026-06-01 12:58:22,527] Trial 7 finished with value: -0.07187901249912239 and parameters: {'confidence_threshold': 0.555635875450653, 'training_days': 80, 'n_estimators': 363, 'max_depth': 3, 'num_leaves': 48, 'learning_rate': 0.06590089024008658, 'subsample': 0.6944752870615722, 'colsample_bytree': 0.962566244806993, 'min_child_samples': 88, 'reg_alpha': 1.6465620446426067e-05, 'reg_lambda': 2.4678750890085655e-08}. Best is trial 3 with value: -0.030746455369571983.
[I 2026-06-01 12:58:22,855] Trial 8 finished with value: -0.02889407743107309 and parameters: {'confidence_threshold': 0.6066688256938841, 'training_days': 200, 'n_estimators': 367, 'max_depth': 5, 'num_leaves': 32, 'learning_rate': 0.13377519215934996, 'subsample': 0.7965884582811106, 'colsample_bytree': 0.8458508993500886, 'min_child_samples': 32, 'reg_alpha': 3.889436043816386e-05, 'reg_lambda': 1.4713062489380356e-06}. Best is trial 8 with value: -0.02889407743107309.
[I 2026-06-01 12:58:23,067] Trial 9 finished with value: -0.07888996198135792 and parameters: {'confidence_threshold': 0.6202096049169137, 'training_days': 260, 'n_estimators': 350, 'max_depth': 3, 'num_leaves': 21, 'learning_rate': 0.02989540198065364, 'subsample': 0.8307821683331218, 'colsample_bytree': 0.923253112635361, 'min_child_samples': 64, 'reg_alpha': 0.4898604619604203, 'reg_lambda': 2.9076377687066166e-05}. Best is trial 8 with value: -0.02889407743107309.
[I 2026-06-01 12:58:23,620] Trial 10 finished with value: -0.06106509285767303 and parameters: {'confidence_threshold': 0.5342665212695602, 'training_days': 470, 'n_estimators': 493, 'max_depth': 5, 'num_leaves': 30, 'learning_rate': 0.010221918552934462, 'subsample': 0.9182272143313567, 'colsample_bytree': 0.6202684210924141, 'min_child_samples': 44, 'reg_alpha': 1.466506858166308e-08, 'reg_lambda': 0.014616129255130504}. Best is trial 8 with value: -0.02889407743107309.
[I 2026-06-01 12:58:23,838] Trial 11 finished with value: -0.07557698588581699 and parameters: {'confidence_threshold': 0.672304345793606, 'training_days': 360, 'n_estimators': 248, 'max_depth': 4, 'num_leaves': 62, 'learning_rate': 0.29626502575289787, 'subsample': 0.7185615065128308, 'colsample_bytree': 0.6661831737797719, 'min_child_samples': 39, 'reg_alpha': 4.28336488974334e-07, 'reg_lambda': 6.470692703374516e-07}. Best is trial 8 with value: -0.02889407743107309.
[I 2026-06-01 12:58:23,866] Trial 12 finished with value: -4.066887784936254 and parameters: {'confidence_threshold': 0.6727899930733724, 'training_days': 20, 'n_estimators': 212, 'max_depth': 5, 'num_leaves': 63, 'learning_rate': 0.15265377916176726, 'subsample': 0.8941395335595879, 'colsample_bytree': 0.5196457038790347, 'min_child_samples': 37, 'reg_alpha': 1.0353404194374763e-06, 'reg_lambda': 7.796589835036051e-07}. Best is trial 8 with value: -0.02889407743107309.
[I 2026-06-01 12:58:24,227] Trial 13 finished with value: -0.0672319492595222 and parameters: {'confidence_threshold': 0.6107637354176927, 'training_days': 400, 'n_estimators': 475, 'max_depth': 4, 'num_leaves': 28, 'learning_rate': 0.13909139382788904, 'subsample': 0.7397610004410885, 'colsample_bytree': 0.7082407533656954, 'min_child_samples': 51, 'reg_alpha': 1.44204771542611e-06, 'reg_lambda': 0.004402943395258396}. Best is trial 8 with value: -0.02889407743107309.
[I 2026-06-01 12:58:24,581] Trial 14 finished with value: -0.040604175319127064 and parameters: {'confidence_threshold': 0.6968624890517784, 'training_days': 290, 'n_estimators': 419, 'max_depth': 5, 'num_leaves': 56, 'learning_rate': 0.27607551914806794, 'subsample': 0.6612240067383277, 'colsample_bytree': 0.9951780710339017, 'min_child_samples': 28, 'reg_alpha': 0.016435092915656313, 'reg_lambda': 1.834862228450529e-06}. Best is trial 8 with value: -0.02889407743107309.
[I 2026-06-01 12:58:24,743] Trial 15 finished with value: -0.007217393111110006 and parameters: {'confidence_threshold': 0.5026055290809989, 'training_days': 200, 'n_estimators': 300, 'max_depth': 4, 'num_leaves': 36, 'learning_rate': 0.12590433810309265, 'subsample': 0.507007918467014, 'colsample_bytree': 0.738971151174427, 'min_child_samples': 100, 'reg_alpha': 2.197752769017764e-08, 'reg_lambda': 3.5532501480887757}. Best is trial 15 with value: -0.007217393111110006.
[I 2026-06-01 12:58:24,872] Trial 16 finished with value: 0.022028293194455727 and parameters: {'confidence_threshold': 0.511155018775976, 'training_days': 180, 'n_estimators': 299, 'max_depth': 4, 'num_leaves': 35, 'learning_rate': 0.1167971733880914, 'subsample': 0.5119680415123619, 'colsample_bytree': 0.7397973507045297, 'min_child_samples': 99, 'reg_alpha': 1.0362461733500792e-08, 'reg_lambda': 2.768872688174693}. Best is trial 16 with value: 0.022028293194455727.
[I 2026-06-01 12:58:24,905] Trial 17 finished with value: -0.1005494917310541 and parameters: {'confidence_threshold': 0.5004748807695347, 'training_days': 40, 'n_estimators': 313, 'max_depth': 4, 'num_leaves': 43, 'learning_rate': 0.04898858225483539, 'subsample': 0.5068103060918405, 'colsample_bytree': 0.5970643961672573, 'min_child_samples': 100, 'reg_alpha': 1.3213231801623324e-08, 'reg_lambda': 2.868052661577789}. Best is trial 16 with value: 0.022028293194455727.
[I 2026-06-01 12:58:25,142] A new study created in memory with name: no-name-cc79431c-0e72-41fe-aa0c-fa8812a9610a
[I 2026-06-01 12:58:25,341] Trial 0 finished with value: -0.085795968432108 and parameters: {'confidence_threshold': 0.5870645682749857, 'training_days': 90, 'n_estimators': 403, 'max_depth': 5, 'num_leaves': 45, 'learning_rate': 0.0780457193679974, 'subsample': 0.9428509515574568, 'colsample_bytree': 0.8795587339164916, 'min_child_samples': 34, 'reg_alpha': 2.2465901234314442e-07, 'reg_lambda': 8.339007036475363e-05}. Best is trial 0 with value: -0.085795968432108.
[I 2026-06-01 12:58:25,451] Trial 1 finished with value: -0.047924403828940546 and parameters: {'confidence_threshold': 0.6348453934275313, 'training_days': 290, 'n_estimators': 115, 'max_depth': 5, 'num_leaves': 37, 'learning_rate': 0.06949568759029946, 'subsample': 0.8228505074024268, 'colsample_bytree': 0.8616703220431751, 'min_child_samples': 75, 'reg_alpha': 4.2486822725010923e-07, 'reg_lambda': 1.157247767047042e-07}. Best is trial 1 with value: -0.047924403828940546.
[I 2026-06-01 12:58:25,468] Trial 2 finished with value: -2.0425746109888916 and parameters: {'confidence_threshold': 0.5849570384370288, 'training_days': 10, 'n_estimators': 212, 'max_depth': 3, 'num_leaves': 41, 'learning_rate': 0.18452095998378365, 'subsample': 0.6001060822924371, 'colsample_bytree': 0.5673167293506167, 'min_child_samples': 37, 'reg_alpha': 5.733250064217131, 'reg_lambda': 0.5308454292595461}. Best is trial 1 with value: -0.047924403828940546.
[I 2026-06-01 12:58:25,551] Trial 3 finished with value: -0.09806742141113042 and parameters: {'confidence_threshold': 0.6868248626683718, 'training_days': 220, 'n_estimators': 134, 'max_depth': 3, 'num_leaves': 45, 'learning_rate': 0.033529007907491595, 'subsample': 0.8647277071858408, 'colsample_bytree': 0.778494116634046, 'min_child_samples': 96, 'reg_alpha': 2.409409937265785e-07, 'reg_lambda': 1.1642073478060009}. Best is trial 1 with value: -0.047924403828940546.
[I 2026-06-01 12:58:25,633] Trial 4 finished with value: -0.05877520923418324 and parameters: {'confidence_threshold': 0.5623121348350352, 'training_days': 300, 'n_estimators': 69, 'max_depth': 4, 'num_leaves': 32, 'learning_rate': 0.14967629360700346, 'subsample': 0.5054535233636654, 'colsample_bytree': 0.7401385194659216, 'min_child_samples': 27, 'reg_alpha': 1.4212042567426725e-07, 'reg_lambda': 0.23605753701352003}. Best is trial 1 with value: -0.047924403828940546.
[I 2026-06-01 12:58:26,030] Trial 5 finished with value: -0.07396877953191731 and parameters: {'confidence_threshold': 0.7111850244908446, 'training_days': 490, 'n_estimators': 362, 'max_depth': 5, 'num_leaves': 40, 'learning_rate': 0.05960785724162737, 'subsample': 0.5589714368907717, 'colsample_bytree': 0.6659006943232806, 'min_child_samples': 42, 'reg_alpha': 0.6741360303045295, 'reg_lambda': 6.054601607143087e-08}. Best is trial 1 with value: -0.047924403828940546.
[I 2026-06-01 12:58:26,200] Trial 6 finished with value: -0.0829685216682696 and parameters: {'confidence_threshold': 0.667482545748023, 'training_days': 420, 'n_estimators': 279, 'max_depth': 3, 'num_leaves': 45, 'learning_rate': 0.040099592560849204, 'subsample': 0.8563114696415159, 'colsample_bytree': 0.5442917781944105, 'min_child_samples': 50, 'reg_alpha': 1.6407916423707903e-08, 'reg_lambda': 2.935907642973286e-05}. Best is trial 1 with value: -0.047924403828940546.
[I 2026-06-01 12:58:26,332] Trial 7 finished with value: -0.014243256871781915 and parameters: {'confidence_threshold': 0.5497381024139926, 'training_days': 120, 'n_estimators': 408, 'max_depth': 5, 'num_leaves': 38, 'learning_rate': 0.28049122657745795, 'subsample': 0.8806573338635493, 'colsample_bytree': 0.5454054113547102, 'min_child_samples': 63, 'reg_alpha': 0.01263008637940408, 'reg_lambda': 0.04588020805366937}. Best is trial 7 with value: -0.014243256871781915.
[I 2026-06-01 12:58:26,586] Trial 8 finished with value: -0.009581071432940267 and parameters: {'confidence_threshold': 0.719644804808716, 'training_days': 450, 'n_estimators': 410, 'max_depth': 4, 'num_leaves': 57, 'learning_rate': 0.04022026551478857, 'subsample': 0.5336085426932707, 'colsample_bytree': 0.5705742850577543, 'min_child_samples': 100, 'reg_alpha': 5.916398047912201e-07, 'reg_lambda': 0.9794034214488329}. Best is trial 8 with value: -0.009581071432940267.
[I 2026-06-01 12:58:26,608] Trial 9 finished with value: -4.066887784936254 and parameters: {'confidence_threshold': 0.7267463643917187, 'training_days': 20, 'n_estimators': 337, 'max_depth': 5, 'num_leaves': 23, 'learning_rate': 0.022153031811454605, 'subsample': 0.6305627572358737, 'colsample_bytree': 0.6613413774216214, 'min_child_samples': 81, 'reg_alpha': 5.7638634029410314e-08, 'reg_lambda': 8.26603016764008}. Best is trial 8 with value: -0.009581071432940267.
[I 2026-06-01 12:58:26,962] Trial 10 finished with value: -0.04006765897145532 and parameters: {'confidence_threshold': 0.8283920119574972, 'training_days': 400, 'n_estimators': 485, 'max_depth': 4, 'num_leaves': 63, 'learning_rate': 0.011927505552849117, 'subsample': 0.7130289643560688, 'colsample_bytree': 0.9944479338273263, 'min_child_samples': 100, 'reg_alpha': 5.0239970328459277e-05, 'reg_lambda': 0.0028438774509831773}. Best is trial 8 with value: -0.009581071432940267.
