[I 2026-06-01 12:57:29,202] Trial 17 finished with value: -0.0038156346034119853 and parameters: {'confidence_threshold': 0.6271470966761401, 'training_days': 280, 'n_estimators': 111, 'max_depth': 5, 'num_leaves': 22, 'learning_rate': 0.14842719821435035, 'subsample': 0.6718064291677197, 'colsample_bytree': 0.8320098557409228, 'min_child_samples': 54, 'reg_alpha': 0.008896971601743164, 'reg_lambda': 1.6353177257584385e-08}. Best is trial 10 with value: 0.10130277336808009.

    [trial 13] 48 features, training_days=10 | threshold=0.790 | labels: 1154 long, 1014 short (53/47%)
    [trial 13] Sharpe=-3.9957 (folds: -10.0000, -0.0938, 0.0753, 0.0400, -10.0000)
    [trial 14] 48 features, training_days=490 | threshold=0.699 | labels: 1154 long, 1014 short (53/47%)
    [trial 14] Sharpe=-0.0190 (folds: 0.0508, 0.3052, 0.0570, -0.4693, -0.0388)
    [trial 15] 48 features, training_days=300 | threshold=0.841 | labels: 1154 long, 1014 short (53/47%)
    [trial 15] Sharpe=-0.0279 (folds: 0.0202, 0.2188, -0.0195, -0.2417, -0.1174)
    [trial 16] 48 features, training_days=380 | threshold=0.741 | labels: 1154 long, 1014 short (53/47%)
    [trial 16] Sharpe=-2.0843 (folds: 0.0088, 0.3390, -0.2446, -10.0000, -0.5245)
    [trial 17] 48 features, training_days=290 | threshold=0.500 | labels: 1154 long, 1014 short (53/47%)
    [trial 17] Sharpe=-0.0023 (folds: -0.0160, 0.1910, 0.1063, -0.2449, -0.0480)
  Optuna: 18 trials, best Sharpe = 0.0575
  Best params: n_estimators=375, max_depth=3, lr=0.0217, leaves=32
  Best confidence_threshold: 0.754
  Best training_days: 310
  Retrained on full data (930 samples, 48 features)
  [ensemble 3/3] seed=456
    [trial 0] 48 features, training_days=90 | threshold=0.587 | labels: 1154 long, 1014 short (53/47%)
    [CV fold 0] train_end=2021-01-22 08:00 | val_start=2021-01-30 00:00 | gap=184h (22 rows)
    [CV fold 1] train_end=2021-05-22 16:00 | val_start=2021-05-30 08:00 | gap=184h (22 rows)
    [CV fold 2] train_end=2021-09-20 00:00 | val_start=2021-09-27 16:00 | gap=184h (22 rows)
    [CV fold 3] train_end=2022-01-18 08:00 | val_start=2022-01-26 00:00 | gap=184h (22 rows)
    [CV fold 4] train_end=2022-05-18 16:00 | val_start=2022-05-26 08:00 | gap=184h (22 rows)
    [trial 0] Sharpe=0.0246 (folds: -0.0891, -0.0482, 0.1891, -0.0359, 0.1070)
    [trial 1] 48 features, training_days=290 | threshold=0.635 | labels: 1154 long, 1014 short (53/47%)
    [trial 1] Sharpe=0.0384 (folds: 0.0744, 0.2440, 0.1647, -0.2518, -0.0392)
    [trial 2] 48 features, training_days=10 | threshold=0.585 | labels: 1154 long, 1014 short (53/47%)
    [trial 2] Sharpe=0.0100 (folds: -0.0613, -0.0938, 0.0753, 0.0400, 0.0900)
    [trial 3] 48 features, training_days=220 | threshold=0.687 | labels: 1154 long, 1014 short (53/47%)
    [trial 3] Sharpe=-0.0537 (folds: 0.0813, 0.1290, -0.1320, -0.5264, 0.1793)
    [trial 4] 48 features, training_days=300 | threshold=0.562 | labels: 1154 long, 1014 short (53/47%)
    [trial 4] Sharpe=0.0055 (folds: -0.0659, 0.2451, 0.0974, -0.3021, 0.0530)
    [trial 5] 48 features, training_days=490 | threshold=0.711 | labels: 1154 long, 1014 short (53/47%)
    [trial 5] Sharpe=-0.0447 (folds: -0.0407, 0.2247, -0.0156, -0.3207, -0.0714)
    [trial 6] 48 features, training_days=420 | threshold=0.667 | labels: 1154 long, 1014 short (53/47%)
    [trial 6] Sharpe=0.0165 (folds: 0.0454, 0.2994, 0.0900, -0.2863, -0.0661)
    [trial 7] 48 features, training_days=120 | threshold=0.550 | labels: 1154 long, 1014 short (53/47%)
    [trial 7] Sharpe=-0.0593 (folds: -0.0578, -0.0793, 0.1461, -0.2873, -0.0184)
    [trial 8] 48 features, training_days=450 | threshold=0.720 | labels: 1154 long, 1014 short (53/47%)
    [trial 8] Sharpe=-0.0244 (folds: -0.1094, 0.2004, 0.0450, -0.2222, -0.0359)
    [trial 9] 48 features, training_days=20 | threshold=0.727 | labels: 1154 long, 1014 short (53/47%)
    [trial 9] Sharpe=-4.0130 (folds: -0.0613, -0.0938, -10.0000, -10.0000, 0.0900)
    [trial 10] 48 features, training_days=320 | threshold=0.840 | labels: 1154 long, 1014 short (53/47%)
    [trial 10] Sharpe=0.1013 (folds: -0.1013, 0.7764, -0.0331, -0.1900, 0.0544)
    [trial 11] 48 features, training_days=330 | threshold=0.849 | labels: 1154 long, 1014 short (53/47%)
    [trial 11] Sharpe=-10.0000 (folds: -10.0000, -10.0000, -10.0000, -10.0000, -10.0000)
    [trial 12] 48 features, training_days=220 | threshold=0.839 | labels: 1154 long, 1014 short (53/47%)
    [trial 12] Sharpe=-10.0000 (folds: -10.0000, -10.0000, -10.0000, -10.0000, -10.0000)
    [trial 13] 48 features, training_days=350 | threshold=0.631 | labels: 1154 long, 1014 short (53/47%)
    [trial 13] Sharpe=-0.0010 (folds: -0.0359, 0.2528, 0.0088, -0.1753, -0.0553)
    [trial 14] 48 features, training_days=260 | threshold=0.772 | labels: 1154 long, 1014 short (53/47%)
    [trial 14] Sharpe=0.0127 (folds: 0.1039, 0.2162, 0.0807, -0.4071, 0.0696)
    [trial 15] 48 features, training_days=390 | threshold=0.783 | labels: 1154 long, 1014 short (53/47%)
    [trial 15] Sharpe=-0.0806 (folds: -0.1046, 0.6055, -0.2275, -0.4082, -0.2684)
    [trial 16] 48 features, training_days=160 | threshold=0.516 | labels: 1154 long, 1014 short (53/47%)
    [trial 16] Sharpe=-0.0333 (folds: -0.0244, 0.1169, 0.0687, -0.2571, -0.0704)
    [trial 17] 48 features, training_days=280 | threshold=0.627 | labels: 1154 long, 1014 short (53/47%)
    [trial 17] Sharpe=-0.0038 (folds: 0.0224, 0.2560, 0.0689, -0.3177, -0.0486)
  Optuna: 18 trials, best Sharpe = 0.1013
  Best params: n_estimators=181, max_depth=4, lr=0.0137, leaves=15
  Best confidence_threshold: 0.840
  Best training_days: 320
  Retrained on full data (960 samples, 48 features)
  OOD: 16 features, cutoff (q=0.7) = 9.46
  Model trained for 2022-10: 93 test candles with features, confidence_threshold=0.787
[trade:close] 2022-10-05 08:00 BTCUSDT LONG → timeout @ 20218.80 | PnL=+7.72% (net +7.62%) | cum=+7.95% 2022-10=+7.62% 2022-10-05=+7.62%
[predict] 2022-10-27 08:00 BTCUSDT → SHORT (proba=0.84 TP=6.0%/SL=3.0%)
[trade:open] 2022-10-27 15:59 BTCUSDT SHORT @ 20554.00 | SL=21167.31 TP=19327.38 | timeout=2022-11-03 15:59
[lgbm] === Training for 2022-11 ===
  Train window: 2020-11-01 → 2022-10-24
  2168 training samples from 1 symbols
  Samples per month: 2020-11: 90, 2020-12: 93, 2021-01: 93, 2021-02: 84, 2021-03: 93, 2021-04: 90, 2021-05: 93, 2021-06: 90, 2021-07: 93, 2021-08: 93, 2021-09: 90, 2021-10: 93, 2021-11: 90, 2021-12: 93, 2022-01: 93, 2022-02: 84, 2022-03: 93, 2022-04: 90, 2022-05: 93, 2022-06: 90, 2022-07: 93, 2022-08: 93, 2022-09: 90, 2022-10: 71
  [label] 2021-01-01 16:00 BTCUSDT entry=29337.1600 → LONG | long=tp(+12.20%) short=sl(-6.25%) | scanned=3 | long_tp_only
  [label] 2021-01-03 16:00 BTCUSDT entry=33054.5300 → SHORT | long=sl(-8.02%) short=tp(+15.74%) | scanned=2 | short_tp_only
  [label] 2021-01-07 16:00 BTCUSDT entry=39498.9200 → SHORT | long=sl(-9.91%) short=tp(+19.52%) | scanned=11 | short_tp_only
  [label] 2021-02-01 08:00 BTCUSDT entry=33178.1300 → LONG | long=tp(+20.79%) short=sl(-10.55%) | scanned=15 | long_tp_only
  [label] 2021-03-25 16:00 BTCUSDT entry=51325.2100 → LONG | long=tp(+15.30%) short=sl(-7.80%) | scanned=14 | long_tp_only
  [label] 2021-09-07 16:00 BTCUSDT entry=46864.3900 → LONG | long=sl(-7.23%) short=timeout(-0.58%) | scanned=22 | no_tp→fwd_return=+0.4754
  [label] 2021-09-11 16:00 BTCUSDT entry=45193.7800 → LONG | long=timeout(+6.74%) short=sl(-5.94%) | scanned=22 | no_tp→fwd_return=+6.8403
  [label] 2021-09-22 08:00 BTCUSDT entry=43198.0500 → SHORT | long=timeout(-3.58%) short=timeout(+3.38%) | scanned=22 | no_tp→fwd_return=-3.4814
  [label] 2021-11-06 08:00 BTCUSDT entry=60690.7500 → LONG | long=tp(+8.76%) short=sl(-4.53%) | scanned=5 | long_tp_only
  [label] 2021-11-14 16:00 BTCUSDT entry=65568.3900 → SHORT | long=sl(-4.40%) short=tp(+8.50%) | scanned=5 | short_tp_only
  [label] 2022-02-13 00:00 BTCUSDT entry=42385.6900 → SHORT | long=sl(-5.40%) short=sl(-5.40%) | scanned=14 | no_tp→fwd_return=-4.4685
  [label] 2022-03-17 00:00 BTCUSDT entry=40720.6000 → LONG | long=timeout(+5.65%) short=sl(-6.31%) | scanned=22 | no_tp→fwd_return=+5.7475
  [label] 2022-04-02 00:00 BTCUSDT entry=46578.0000 → SHORT | long=sl(-4.17%) short=tp(+8.05%) | scanned=15 | short_tp_only
  [label] 2022-04-14 16:00 BTCUSDT entry=39915.9000 → LONG | long=timeout(+1.24%) short=sl(-4.43%) | scanned=22 | no_tp→fwd_return=+1.3376
  [label] 2022-05-03 08:00 BTCUSDT entry=38327.3000 → SHORT | long=sl(-3.92%) short=sl(-3.92%) | scanned=6 | no_tp→fwd_return=-3.7595
  [label] 2022-05-09 16:00 BTCUSDT entry=30056.6000 → SHORT | long=sl(-7.18%) short=sl(-7.18%) | scanned=6 | no_tp→fwd_return=-3.2668[I 2026-06-01 12:57:29,637] A new study created in memory with name: no-name-8d6c3bde-b380-4c5c-97f8-9e510a895bb7
[I 2026-06-01 12:57:29,950] Trial 0 finished with value: -0.013127264405891117 and parameters: {'confidence_threshold': 0.6310890415965769, 'training_days': 480, 'n_estimators': 380, 'max_depth': 4, 'num_leaves': 22, 'learning_rate': 0.01699897838270077, 'subsample': 0.5290418060840998, 'colsample_bytree': 0.9330880728874675, 'min_child_samples': 68, 'reg_alpha': 0.023585940584142682, 'reg_lambda': 1.5320059381854043e-08}. Best is trial 0 with value: -0.013127264405891117.
[I 2026-06-01 12:57:30,054] Trial 1 finished with value: -2.073914532264572 and parameters: {'confidence_threshold': 0.839468448256698, 'training_days': 420, 'n_estimators': 145, 'max_depth': 3, 'num_leaves': 23, 'learning_rate': 0.028145092716060652, 'subsample': 0.762378215816119, 'colsample_bytree': 0.7159725093210578, 'min_child_samples': 43, 'reg_alpha': 0.0032112643094417484, 'reg_lambda': 1.8007140198129195e-07}. Best is trial 0 with value: -0.013127264405891117.
[I 2026-06-01 12:57:30,187] Trial 2 finished with value: -0.0012331982235194079 and parameters: {'confidence_threshold': 0.6022506269873263, 'training_days': 190, 'n_estimators': 255, 'max_depth': 5, 'num_leaves': 24, 'learning_rate': 0.05748924681991978, 'subsample': 0.7962072844310213, 'colsample_bytree': 0.5232252063599989, 'min_child_samples': 69, 'reg_alpha': 3.425445902633376e-07, 'reg_lambda': 3.850031979199519e-08}. Best is trial 2 with value: -0.0012331982235194079.
[I 2026-06-01 12:57:30,431] Trial 3 finished with value: -0.04185502159107914 and parameters: {'confidence_threshold': 0.8321099380386666, 'training_days': 490, 'n_estimators': 414, 'max_depth': 3, 'num_leaves': 19, 'learning_rate': 0.1024932221692416, 'subsample': 0.7200762468698007, 'colsample_bytree': 0.5610191174223894, 'min_child_samples': 60, 'reg_alpha': 2.039373116525212e-08, 'reg_lambda': 1.527156759251193}. Best is trial 2 with value: -0.0012331982235194079.
[I 2026-06-01 12:57:30,573] Trial 4 finished with value: 0.028607744368172712 and parameters: {'confidence_threshold': 0.5905729935600059, 'training_days': 340, 'n_estimators': 190, 'max_depth': 4, 'num_leaves': 41, 'learning_rate': 0.01875220945578641, 'subsample': 0.9847923138822793, 'colsample_bytree': 0.8875664116805573, 'min_child_samples': 96, 'reg_alpha': 1.1309571585271483, 'reg_lambda': 0.002404915432737351}. Best is trial 4 with value: 0.028607744368172712.
[I 2026-06-01 12:57:30,611] Trial 5 finished with value: -2.2005777689300454 and parameters: {'confidence_threshold': 0.8226559822580909, 'training_days': 50, 'n_estimators': 138, 'max_depth': 3, 'num_leaves': 30, 'learning_rate': 0.03750796359625606, 'subsample': 0.6356745158869479, 'colsample_bytree': 0.9143687545759647, 'min_child_samples': 48, 'reg_alpha': 3.376063348877853e-06, 'reg_lambda': 0.0007660634613082914}. Best is trial 4 with value: 0.028607744368172712.
[I 2026-06-01 12:57:30,703] Trial 6 finished with value: 0.015067035623861658 and parameters: {'confidence_threshold': 0.5493234787411669, 'training_days': 410, 'n_estimators': 83, 'max_depth': 5, 'num_leaves': 52, 'learning_rate': 0.019657448966046126, 'subsample': 0.5027610585618012, 'colsample_bytree': 0.9077307142274171, 'min_child_samples': 77, 'reg_alpha': 0.03639690979811287, 'reg_lambda': 0.08738424135626986}. Best is trial 4 with value: 0.028607744368172712.
[I 2026-06-01 12:57:30,795] Trial 7 finished with value: 0.024887774270904717 and parameters: {'confidence_threshold': 0.5259156281069316, 'training_days': 180, 'n_estimators': 102, 'max_depth': 5, 'num_leaves': 45, 'learning_rate': 0.030816017044468066, 'subsample': 0.5317791751430119, 'colsample_bytree': 0.6554911608578311, 'min_child_samples': 46, 'reg_alpha': 0.036851536911881845, 'reg_lambda': 0.005470376807480391}. Best is trial 4 with value: 0.028607744368172712.
[I 2026-06-01 12:57:30,907] Trial 8 finished with value: 0.08344905576317546 and parameters: {'confidence_threshold': 0.8105244599017143, 'training_days': 240, 'n_estimators': 103, 'max_depth': 5, 'num_leaves': 52, 'learning_rate': 0.06746437142284309, 'subsample': 0.8854835899772805, 'colsample_bytree': 0.7468977981821954, 'min_child_samples': 62, 'reg_alpha': 7.04480806377519e-05, 'reg_lambda': 1.6934490731313353e-08}. Best is trial 8 with value: 0.08344905576317546.
[I 2026-06-01 12:57:30,930] Trial 9 finished with value: -0.11961965805041672 and parameters: {'confidence_threshold': 0.5377619994476566, 'training_days': 20, 'n_estimators': 337, 'max_depth': 3, 'num_leaves': 39, 'learning_rate': 0.21907142272152816, 'subsample': 0.6246461145744375, 'colsample_bytree': 0.7051914615178149, 'min_child_samples': 81, 'reg_alpha': 1.1459970229341322e-06, 'reg_lambda': 4.929685216887945e-08}. Best is trial 8 with value: 0.08344905576317546.
[I 2026-06-01 12:57:31,433] Trial 10 finished with value: -0.037055156776743294 and parameters: {'confidence_threshold': 0.734042426776949, 'training_days': 280, 'n_estimators': 487, 'max_depth': 5, 'num_leaves': 62, 'learning_rate': 0.10432148521337849, 'subsample': 0.9416850669512905, 'colsample_bytree': 0.8120417635861826, 'min_child_samples': 27, 'reg_alpha': 7.238112263003475e-05, 'reg_lambda': 3.3639426888455256e-06}. Best is trial 8 with value: 0.08344905576317546.
[I 2026-06-01 12:57:31,582] Trial 11 finished with value: 0.07617934890254838 and parameters: {'confidence_threshold': 0.7192552477034038, 'training_days': 290, 'n_estimators': 223, 'max_depth': 4, 'num_leaves': 53, 'learning_rate': 0.010418004616766478, 'subsample': 0.9987925440125851, 'colsample_bytree': 0.8164708272936286, 'min_child_samples': 97, 'reg_alpha': 5.370415467243256, 'reg_lambda': 1.2919440532274802e-05}. Best is trial 8 with value: 0.08344905576317546.
[I 2026-06-01 12:57:31,696] Trial 12 finished with value: 0.12571910902741026 and parameters: {'confidence_threshold': 0.7341332481359052, 'training_days': 190, 'n_estimators': 256, 'max_depth': 4, 'num_leaves': 55, 'learning_rate': 0.01064264120978801, 'subsample': 0.8848579707387314, 'colsample_bytree': 0.8029806514921616, 'min_child_samples': 100, 'reg_alpha': 5.770700012836293, 'reg_lambda': 7.618021677092772e-06}. Best is trial 12 with value: 0.12571910902741026.
[I 2026-06-01 12:57:31,943] Trial 13 finished with value: -0.021131403109758216 and parameters: {'confidence_threshold': 0.7680477997919558, 'training_days': 160, 'n_estimators': 310, 'max_depth': 4, 'num_leaves': 62, 'learning_rate': 0.07177834328984714, 'subsample': 0.8690491710631163, 'colsample_bytree': 0.9983412400714563, 'min_child_samples': 22, 'reg_alpha': 0.00011610679556904135, 'reg_lambda': 4.448098583586055e-06}. Best is trial 12 with value: 0.12571910902741026.
[I 2026-06-01 12:57:31,993] Trial 14 finished with value: -0.09571426108901625 and parameters: {'confidence_threshold': 0.680081175030563, 'training_days': 130, 'n_estimators': 58, 'max_depth': 4, 'num_leaves': 52, 'learning_rate': 0.15967921648819136, 'subsample': 0.8681243940127022, 'colsample_bytree': 0.7902943510091687, 'min_child_samples': 86, 'reg_alpha': 0.0009052870261507429, 'reg_lambda': 7.564493563877157e-05}. Best is trial 12 with value: 0.12571910902741026.
[I 2026-06-01 12:57:32,191] Trial 15 finished with value: -0.05657515562226402 and parameters: {'confidence_threshold': 0.7674115984642694, 'training_days': 230, 'n_estimators': 182, 'max_depth': 5, 'num_leaves': 57, 'learning_rate': 0.010029988198646294, 'subsample': 0.8634823758940223, 'colsample_bytree': 0.6290746674720268, 'min_child_samples': 37, 'reg_alpha': 0.3826390912478647, 'reg_lambda': 7.704374603230853e-07}. Best is trial 12 with value: 0.12571910902741026.
[I 2026-06-01 12:57:32,286] Trial 16 finished with value: -0.10305327366378861 and parameters: {'confidence_threshold': 0.7746542026999572, 'training_days': 90, 'n_estimators': 282, 'max_depth': 4, 'num_leaves': 44, 'learning_rate': 0.043764744521722666, 'subsample': 0.9351005223143483, 'colsample_bytree': 0.7663584390575363, 'min_child_samples': 58, 'reg_alpha': 1.6230643075200477e-05, 'reg_lambda': 4.926358953789478e-05}. Best is trial 12 with value: 0.12571910902741026.
[I 2026-06-01 12:57:32,453] Trial 17 finished with value: 0.023383486477582583 and parameters: {'confidence_threshold': 0.6755099553978283, 'training_days': 340, 'n_estimators': 223, 'max_depth': 4, 'num_leaves': 34, 'learning_rate': 0.07840168146211392, 'subsample': 0.8186049663138868, 'colsample_bytree': 0.8478125306765343, 'min_child_samples': 90, 'reg_alpha': 0.002172019397210802, 'reg_lambda': 6.880925840516315e-07}. Best is trial 12 with value: 0.12571910902741026.
[I 2026-06-01 12:57:32,617] A new study created in memory with name: no-name-20da9acc-5f5a-4db2-9ae0-3e3313848db9
[I 2026-06-01 12:57:32,710] Trial 0 finished with value: -0.007339592958816243 and parameters: {'confidence_threshold': 0.7437642149592516, 'training_days': 150, 'n_estimators': 152, 'max_depth': 4, 'num_leaves': 50, 'learning_rate': 0.04216766425047743, 'subsample': 0.9903820991923078, 'colsample_bytree': 0.8424148692924316, 'min_child_samples': 58, 'reg_alpha': 3.381097259762742e-05, 'reg_lambda': 1.2263152961306247e-05}. Best is trial 0 with value: -0.007339592958816243.
[I 2026-06-01 12:57:32,778] Trial 1 finished with value: -0.026180996777605225 and parameters: {'confidence_threshold': 0.7551673975844145, 'training_days': 220, 'n_estimators': 76, 'max_depth': 4, 'num_leaves': 51, 'learning_rate': 0.018602118810743477, 'subsample': 0.5877258780737462, 'colsample_bytree': 0.7657756869209191, 'min_child_samples': 63, 'reg_alpha': 0.005123994170264194, 'reg_lambda': 0.44145470178120466}. Best is trial 0 with value: -0.007339592958816243.
[I 2026-06-01 12:57:33,034] Trial 2 finished with value: 0.017712588081909803 and parameters: {'confidence_threshold': 0.7535593637012223, 'training_days': 310, 'n_estimators': 375, 'max_depth': 3, 'num_leaves': 32, 'learning_rate': 0.021735641882032388, 'subsample': 0.6468570231944146, 'colsample_bytree': 0.8154880619272439, 'min_child_samples': 27, 'reg_alpha': 8.004064028491336e-05, 'reg_lambda': 7.546835261630524e-05}. Best is trial 2 with value: 0.017712588081909803.
[I 2026-06-01 12:57:33,190] Trial 3 finished with value: -0.034077128679319106 and parameters: {'confidence_threshold': 0.6727897841776072, 'training_days': 220, 'n_estimators': 190, 'max_depth': 4, 'num_leaves': 58, 'learning_rate': 0.24810689332636193, 'subsample': 0.7509183379421682, 'colsample_bytree': 0.8119764758960556, 'min_child_samples': 29, 'reg_alpha': 7.1708285081421445e-06, 'reg_lambda': 5.412973582738627e-05}. Best is trial 2 with value: 0.017712588081909803.
[I 2026-06-01 12:57:33,299] Trial 4 finished with value: -0.10638174264882012 and parameters: {'confidence_threshold': 0.803208205259178, 'training_days': 130, 'n_estimators': 267, 'max_depth': 5, 'num_leaves': 40, 'learning_rate': 0.08041175317374143, 'subsample': 0.5603143329951619, 'colsample_bytree': 0.9131704002534167, 'min_child_samples': 68, 'reg_alpha': 0.0008046593428183385, 'reg_lambda': 1.2158346158765583e-05}. Best is trial 2 with value: 0.017712588081909803.
[I 2026-06-01 12:57:33,520] Trial 5 finished with value: 0.02173577206108528 and parameters: {'confidence_threshold': 0.6064422761595144, 'training_days': 210, 'n_estimators': 357, 'max_depth': 5, 'num_leaves': 40, 'learning_rate': 0.0974221287220869, 'subsample': 0.7929682762811064, 'colsample_bytree': 0.8124517510478, 'min_child_samples': 74, 'reg_alpha': 0.3811377260781234, 'reg_lambda': 5.607314238392041e-08}. Best is trial 5 with value: 0.02173577206108528.
[I 2026-06-01 12:57:33,632] Trial 6 finished with value: -0.10702921047232512 and parameters: {'confidence_threshold': 0.7672889945051684, 'training_days': 130, 'n_estimators': 137, 'max_depth': 4, 'num_leaves': 19, 'learning_rate': 0.2031117614248665, 'subsample': 0.8136244860256343, 'colsample_bytree': 0.8617081790949774, 'min_child_samples': 21, 'reg_alpha': 0.002238138278733199, 'reg_lambda': 0.001025809534977322}. Best is trial 5 with value: 0.02173577206108528.
[I 2026-06-01 12:57:33,696] Trial 7 finished with value: -0.066033296928483 and parameters: {'confidence_threshold': 0.555635875450653, 'training_days': 80, 'n_estimators': 363, 'max_depth': 3, 'num_leaves': 48, 'learning_rate': 0.06590089024008658, 'subsample': 0.6944752870615722, 'colsample_bytree': 0.962566244806993, 'min_child_samples': 88, 'reg_alpha': 1.6465620446426067e-05, 'reg_lambda': 2.4678750890085655e-08}. Best is trial 5 with value: 0.02173577206108528.
[I 2026-06-01 12:57:34,021] Trial 8 finished with value: 0.008703657260829079 and parameters: {'confidence_threshold': 0.6066688256938841, 'training_days': 200, 'n_estimators': 367, 'max_depth': 5, 'num_leaves': 32, 'learning_rate': 0.13377519215934996, 'subsample': 0.7965884582811106, 'colsample_bytree': 0.8458508993500886, 'min_child_samples': 32, 'reg_alpha': 3.889436043816386e-05, 'reg_lambda': 1.4713062489380356e-06}. Best is trial 5 with value: 0.02173577206108528.
