[I 2026-06-01 13:01:11,184] Trial 9 finished with value: 0.07490941236366937 and parameters: {'confidence_threshold': 0.6202096049169137, 'training_days': 260, 'n_estimators': 350, 'max_depth': 3, 'num_leaves': 21, 'learning_rate': 0.02989540198065364, 'subsample': 0.8307821683331218, 'colsample_bytree': 0.923253112635361, 'min_child_samples': 64, 'reg_alpha': 0.4898604619604203, 'reg_lambda': 2.9076377687066166e-05}. Best is trial 1 with value: 0.23928812106304828.
[I 2026-06-01 13:01:11,622] Trial 10 finished with value: 0.012844861744054392 and parameters: {'confidence_threshold': 0.8445241688507242, 'training_days': 470, 'n_estimators': 493, 'max_depth': 4, 'num_leaves': 63, 'learning_rate': 0.010221918552934462, 'subsample': 0.5019190721168774, 'colsample_bytree': 0.6202684210924141, 'min_child_samples': 47, 'reg_alpha': 2.371385268938747e-08, 'reg_lambda': 1.7987349911222597}. Best is trial 1 with value: 0.23928812106304828.
[I 2026-06-01 13:01:11,693] Trial 11 finished with value: -3.898100429675128 and parameters: {'confidence_threshold': 0.7162109107873752, 'training_days': 360, 'n_estimators': 51, 'max_depth': 3, 'num_leaves': 28, 'learning_rate': 0.016298143265808546, 'subsample': 0.6391782689059778, 'colsample_bytree': 0.6900063486364282, 'min_child_samples': 42, 'reg_alpha': 0.01799493661729836, 'reg_lambda': 0.029771765343273634}. Best is trial 1 with value: 0.23928812106304828.
[I 2026-06-01 13:01:11,937] Trial 12 finished with value: 0.09328669073457638 and parameters: {'confidence_threshold': 0.6776559669413387, 'training_days': 340, 'n_estimators': 484, 'max_depth': 3, 'num_leaves': 47, 'learning_rate': 0.02392651870535563, 'subsample': 0.6166545294095858, 'colsample_bytree': 0.5096458353191796, 'min_child_samples': 100, 'reg_alpha': 1.0994405170068853e-07, 'reg_lambda': 0.005070761005041337}. Best is trial 1 with value: 0.23928812106304828.
[I 2026-06-01 13:01:11,965] Trial 13 finished with value: -4.163407448314992 and parameters: {'confidence_threshold': 0.789718509378323, 'training_days': 10, 'n_estimators': 53, 'max_depth': 3, 'num_leaves': 32, 'learning_rate': 0.014472572446935365, 'subsample': 0.6637554456572594, 'colsample_bytree': 0.7361824510546084, 'min_child_samples': 51, 'reg_alpha': 0.024510194560445127, 'reg_lambda': 1.6768007566464287}. Best is trial 1 with value: 0.23928812106304828.
[I 2026-06-01 13:01:12,179] Trial 14 finished with value: 0.09272171687552389 and parameters: {'confidence_threshold': 0.6990760489990013, 'training_days': 310, 'n_estimators': 288, 'max_depth': 4, 'num_leaves': 56, 'learning_rate': 0.03629583630175215, 'subsample': 0.571097323615661, 'colsample_bytree': 0.6518033017634928, 'min_child_samples': 78, 'reg_alpha': 8.70158361284731e-07, 'reg_lambda': 0.07597426064842482}. Best is trial 1 with value: 0.23928812106304828.
[I 2026-06-01 13:01:12,583] Trial 15 finished with value: 0.07591972820932427 and parameters: {'confidence_threshold': 0.8413262323766814, 'training_days': 390, 'n_estimators': 436, 'max_depth': 4, 'num_leaves': 25, 'learning_rate': 0.018204174012129166, 'subsample': 0.507007918467014, 'colsample_bytree': 0.738971151174427, 'min_child_samples': 41, 'reg_alpha': 3.7633185646040874, 'reg_lambda': 0.000509991167183613}. Best is trial 1 with value: 0.23928812106304828.
[I 2026-06-01 13:01:12,777] Trial 16 finished with value: 0.09559293943162095 and parameters: {'confidence_threshold': 0.7409550081665428, 'training_days': 440, 'n_estimators': 253, 'max_depth': 3, 'num_leaves': 15, 'learning_rate': 0.010431680817577445, 'subsample': 0.709405702767483, 'colsample_bytree': 0.5489148768447338, 'min_child_samples': 56, 'reg_alpha': 0.006106483528250097, 'reg_lambda': 7.115031423141183}. Best is trial 1 with value: 0.23928812106304828.
[I 2026-06-01 13:01:13,095] Trial 17 finished with value: 0.061052796478765006 and parameters: {'confidence_threshold': 0.5004748807695347, 'training_days': 290, 'n_estimators': 415, 'max_depth': 5, 'num_leaves': 36, 'learning_rate': 0.025209516166245612, 'subsample': 0.589973633162768, 'colsample_bytree': 0.7668145962665067, 'min_child_samples': 84, 'reg_alpha': 0.00012049055891095565, 'reg_lambda': 6.536602842883305e-07}. Best is trial 1 with value: 0.23928812106304828.

  [label] 2024-07-04 08:00 BTCUSDT entry=58137.6000 → SHORT | long=sl(-3.99%) short=tp(+7.68%) | scanned=2 | short_tp_only
  Labels: 1176 long (54.2%), 995 short (45.8%) | weights: min=1.00, mean=3.63, max=10.00
  Features: 2171/2171 matched, 48 columns
  CV gap: 22 rows
  [ensemble 1/3] seed=42
    [trial 0] 48 features, training_days=480 | threshold=0.631 | labels: 1176 long, 995 short (54/46%)
    [CV fold 0] train_end=2022-11-23 08:00 | val_start=2022-12-01 00:00 | gap=184h (22 rows)
    [CV fold 1] train_end=2023-03-23 16:00 | val_start=2023-03-31 08:00 | gap=184h (22 rows)
    [CV fold 2] train_end=2023-07-22 00:00 | val_start=2023-07-29 16:00 | gap=184h (22 rows)
    [CV fold 3] train_end=2023-11-19 08:00 | val_start=2023-11-27 00:00 | gap=184h (22 rows)
    [CV fold 4] train_end=2024-03-18 16:00 | val_start=2024-03-26 08:00 | gap=184h (22 rows)
    [trial 0] Sharpe=0.0925 (folds: -0.0415, 0.0361, 0.1765, 0.2705, 0.0209)
    [trial 1] 48 features, training_days=420 | threshold=0.839 | labels: 1176 long, 995 short (54/46%)
    [trial 1] Sharpe=0.0493 (folds: -0.1409, 0.1482, 0.0860, 0.3820, -0.2287)
    [trial 2] 48 features, training_days=190 | threshold=0.602 | labels: 1176 long, 995 short (54/46%)
    [trial 2] Sharpe=0.0973 (folds: 0.0374, 0.1202, 0.2376, 0.0485, 0.0427)
    [trial 3] 48 features, training_days=490 | threshold=0.832 | labels: 1176 long, 995 short (54/46%)
    [trial 3] Sharpe=0.1285 (folds: 0.0457, 0.0652, 0.2090, 0.3250, -0.0024)
    [trial 4] 48 features, training_days=340 | threshold=0.591 | labels: 1176 long, 995 short (54/46%)
    [trial 4] Sharpe=0.0666 (folds: -0.0182, 0.0913, 0.0820, 0.1486, 0.0293)
    [trial 5] 48 features, training_days=50 | threshold=0.823 | labels: 1176 long, 995 short (54/46%)
    [trial 5] Sharpe=-1.9578 (folds: -0.3174, 0.4951, -10.0000, -0.0687, 0.1020)
    [trial 6] 48 features, training_days=410 | threshold=0.549 | labels: 1176 long, 995 short (54/46%)
    [trial 6] Sharpe=0.0613 (folds: -0.1108, 0.0292, 0.1119, 0.2118, 0.0644)
    [trial 7] 48 features, training_days=180 | threshold=0.526 | labels: 1176 long, 995 short (54/46%)
    [trial 7] Sharpe=0.0449 (folds: -0.0911, 0.0869, 0.1089, 0.1224, -0.0028)
    [trial 8] 48 features, training_days=240 | threshold=0.811 | labels: 1176 long, 995 short (54/46%)
    [trial 8] Sharpe=0.0355 (folds: 0.0488, 0.0650, 0.2050, -0.1384, -0.0031)
    [trial 9] 48 features, training_days=20 | threshold=0.538 | labels: 1176 long, 995 short (54/46%)
    [trial 9] Sharpe=-0.0684 (folds: -0.1138, -0.1555, -0.4735, 0.3441, 0.0565)
    [trial 10] 48 features, training_days=350 | threshold=0.730 | labels: 1176 long, 995 short (54/46%)
    [trial 10] Sharpe=0.0758 (folds: -0.0130, 0.0064, 0.2034, 0.2231, -0.0410)
    [trial 11] 48 features, training_days=150 | threshold=0.701 | labels: 1176 long, 995 short (54/46%)
    [trial 11] Sharpe=0.1197 (folds: 0.1297, 0.2534, 0.1400, 0.1072, -0.0317)
    [trial 12] 48 features, training_days=120 | threshold=0.719 | labels: 1176 long, 995 short (54/46%)
    [trial 12] Sharpe=0.0589 (folds: -0.0139, 0.2017, 0.0389, 0.1830, -0.1153)
    [trial 13] 48 features, training_days=300 | threshold=0.764 | labels: 1176 long, 995 short (54/46%)
    [trial 13] Sharpe=0.1128 (folds: 0.0832, 0.0888, 0.2800, 0.2113, -0.0993)
    [trial 14] 48 features, training_days=100 | threshold=0.673 | labels: 1176 long, 995 short (54/46%)
    [trial 14] Sharpe=0.0317 (folds: -0.0670, 0.1162, 0.0962, 0.1195, -0.1063)
    [trial 15] 48 features, training_days=490 | threshold=0.777 | labels: 1176 long, 995 short (54/46%)
    [trial 15] Sharpe=0.1080 (folds: 0.0182, 0.2178, 0.0623, 0.2826, -0.0412)
    [trial 16] 48 features, training_days=230 | threshold=0.676 | labels: 1176 long, 995 short (54/46%)
    [trial 16] Sharpe=0.0499 (folds: 0.0665, 0.0746, 0.2873, -0.0079, -0.1711)
    [trial 17] 48 features, training_days=130 | threshold=0.691 | labels: 1176 long, 995 short (54/46%)
    [trial 17] Sharpe=0.0528 (folds: 0.0323, 0.1547, -0.0049, 0.0714, 0.0103)
  Optuna: 18 trials, best Sharpe = 0.1285
  Best params: n_estimators=414, max_depth=3, lr=0.1025, leaves=19
  Best confidence_threshold: 0.832
  Best training_days: 490
  Retrained on full data (1470 samples, 48 features)
  [ensemble 2/3] seed=123
    [trial 0] 48 features, training_days=150 | threshold=0.744 | labels: 1176 long, 995 short (54/46%)
    [CV fold 0] train_end=2022-11-23 08:00 | val_start=2022-12-01 00:00 | gap=184h (22 rows)
    [CV fold 1] train_end=2023-03-23 16:00 | val_start=2023-03-31 08:00 | gap=184h (22 rows)
    [CV fold 2] train_end=2023-07-22 00:00 | val_start=2023-07-29 16:00 | gap=184h (22 rows)
    [CV fold 3] train_end=2023-11-19 08:00 | val_start=2023-11-27 00:00 | gap=184h (22 rows)
    [CV fold 4] train_end=2024-03-18 16:00 | val_start=2024-03-26 08:00 | gap=184h (22 rows)
    [trial 0] Sharpe=0.1178 (folds: -0.0283, 0.3861, 0.1732, 0.1204, -0.0624)
    [trial 1] 48 features, training_days=220 | threshold=0.755 | labels: 1176 long, 995 short (54/46%)
    [trial 1] Sharpe=0.2393 (folds: -0.4127, 0.3380, 0.9673, 0.3639, -0.0599)
    [trial 2] 48 features, training_days=310 | threshold=0.754 | labels: 1176 long, 995 short (54/46%)
    [trial 2] Sharpe=0.1242 (folds: -0.0306, 0.2092, 0.1609, 0.3063, -0.0250)
    [trial 3] 48 features, training_days=220 | threshold=0.673 | labels: 1176 long, 995 short (54/46%)
    [trial 3] Sharpe=0.0543 (folds: -0.0091, 0.0120, 0.2745, 0.0825, -0.0885)
    [trial 4] 48 features, training_days=130 | threshold=0.803 | labels: 1176 long, 995 short (54/46%)
    [trial 4] Sharpe=0.0730 (folds: -0.0357, 0.3211, -0.0295, 0.0158, 0.0930)
    [trial 5] 48 features, training_days=210 | threshold=0.606 | labels: 1176 long, 995 short (54/46%)
    [trial 5] Sharpe=0.0646 (folds: 0.0902, 0.0889, 0.2348, -0.0401, -0.0507)
    [trial 6] 48 features, training_days=130 | threshold=0.767 | labels: 1176 long, 995 short (54/46%)
    [trial 6] Sharpe=0.0242 (folds: -0.0095, 0.0933, 0.0552, -0.0211, 0.0032)
    [trial 7] 48 features, training_days=80 | threshold=0.556 | labels: 1176 long, 995 short (54/46%)
    [trial 7] Sharpe=0.0636 (folds: 0.0286, 0.0389, 0.1086, 0.3461, -0.2042)
    [trial 8] 48 features, training_days=200 | threshold=0.607 | labels: 1176 long, 995 short (54/46%)
    [trial 8] Sharpe=0.0865 (folds: 0.0033, 0.1187, 0.2552, 0.0831, -0.0280)
    [trial 9] 48 features, training_days=260 | threshold=0.620 | labels: 1176 long, 995 short (54/46%)
    [trial 9] Sharpe=0.0749 (folds: 0.0249, 0.0591, 0.1711, 0.1450, -0.0255)
    [trial 10] 48 features, training_days=470 | threshold=0.845 | labels: 1176 long, 995 short (54/46%)
    [trial 10] Sharpe=0.0128 (folds: -0.1812, 0.1653, -0.1201, 0.1698, 0.0304)
    [trial 11] 48 features, training_days=360 | threshold=0.716 | labels: 1176 long, 995 short (54/46%)
    [trial 11] Sharpe=-3.8981 (folds: -0.1584, -10.0000, -10.0000, 0.7547, -0.0868)
    [trial 12] 48 features, training_days=340 | threshold=0.678 | labels: 1176 long, 995 short (54/46%)
    [trial 12] Sharpe=0.0933 (folds: -0.0196, 0.0881, 0.2059, 0.2049, -0.0129)
    [trial 13] 48 features, training_days=10 | threshold=0.790 | labels: 1176 long, 995 short (54/46%)
    [trial 13] Sharpe=-4.1634 (folds: -0.1138, -10.0000, -0.4735, -0.2298, -10.0000)
    [trial 14] 48 features, training_days=310 | threshold=0.699 | labels: 1176 long, 995 short (54/46%)
    [trial 14] Sharpe=0.0927 (folds: -0.0404, 0.1253, 0.2182, 0.2374, -0.0769)
    [trial 15] 48 features, training_days=390 | threshold=0.841 | labels: 1176 long, 995 short (54/46%)
    [trial 15] Sharpe=0.0759 (folds: -0.0144, 0.1202, -0.0148, 0.2943, -0.0057)
    [trial 16] 48 features, training_days=440 | threshold=0.741 | labels: 1176 long, 995 short (54/46%)
    [trial 16] Sharpe=0.0956 (folds: -0.2000, 0.1509, 0.0898, 0.5374, -0.1000)
    [trial 17] 48 features, training_days=290 | threshold=0.500 | labels: 1176 long, 995 short (54/46%)
    [trial 17] Sharpe=0.0611 (folds: 0.0445, 0.0361, 0.1744, 0.1619, -0.1117)
  Optuna: 18 trials, best Sharpe = 0.2393
  Best params: n_estimators=76, max_depth=4, lr=0.0186, leaves=51
  Best confidence_threshold: 0.755
  Best training_days: 220[I 2026-06-01 13:01:13,421] A new study created in memory with name: no-name-6a1aefaa-41e3-478b-b115-34f5511d2634
[I 2026-06-01 13:01:13,640] Trial 0 finished with value: -0.017734454999019603 and parameters: {'confidence_threshold': 0.5870645682749857, 'training_days': 90, 'n_estimators': 403, 'max_depth': 5, 'num_leaves': 45, 'learning_rate': 0.0780457193679974, 'subsample': 0.9428509515574568, 'colsample_bytree': 0.8795587339164916, 'min_child_samples': 34, 'reg_alpha': 2.2465901234314442e-07, 'reg_lambda': 8.339007036475363e-05}. Best is trial 0 with value: -0.017734454999019603.
[I 2026-06-01 13:01:13,750] Trial 1 finished with value: 0.05630170993805592 and parameters: {'confidence_threshold': 0.6348453934275313, 'training_days': 290, 'n_estimators': 115, 'max_depth': 5, 'num_leaves': 37, 'learning_rate': 0.06949568759029946, 'subsample': 0.8228505074024268, 'colsample_bytree': 0.8616703220431751, 'min_child_samples': 75, 'reg_alpha': 4.2486822725010923e-07, 'reg_lambda': 1.157247767047042e-07}. Best is trial 1 with value: 0.05630170993805592.
[I 2026-06-01 13:01:13,768] Trial 2 finished with value: -0.15800533604289924 and parameters: {'confidence_threshold': 0.5849570384370288, 'training_days': 10, 'n_estimators': 212, 'max_depth': 3, 'num_leaves': 41, 'learning_rate': 0.18452095998378365, 'subsample': 0.6001060822924371, 'colsample_bytree': 0.5673167293506167, 'min_child_samples': 37, 'reg_alpha': 5.733250064217131, 'reg_lambda': 0.5308454292595461}. Best is trial 1 with value: 0.05630170993805592.
[I 2026-06-01 13:01:13,850] Trial 3 finished with value: 0.08198152668882312 and parameters: {'confidence_threshold': 0.6868248626683718, 'training_days': 220, 'n_estimators': 134, 'max_depth': 3, 'num_leaves': 45, 'learning_rate': 0.033529007907491595, 'subsample': 0.8647277071858408, 'colsample_bytree': 0.778494116634046, 'min_child_samples': 96, 'reg_alpha': 2.409409937265785e-07, 'reg_lambda': 1.1642073478060009}. Best is trial 3 with value: 0.08198152668882312.
[I 2026-06-01 13:01:13,942] Trial 4 finished with value: 0.09387664141584066 and parameters: {'confidence_threshold': 0.5623121348350352, 'training_days': 300, 'n_estimators': 69, 'max_depth': 4, 'num_leaves': 32, 'learning_rate': 0.14967629360700346, 'subsample': 0.5054535233636654, 'colsample_bytree': 0.7401385194659216, 'min_child_samples': 27, 'reg_alpha': 1.4212042567426725e-07, 'reg_lambda': 0.23605753701352003}. Best is trial 4 with value: 0.09387664141584066.
[I 2026-06-01 13:01:14,340] Trial 5 finished with value: 0.11572378620656018 and parameters: {'confidence_threshold': 0.7111850244908446, 'training_days': 490, 'n_estimators': 362, 'max_depth': 5, 'num_leaves': 40, 'learning_rate': 0.05960785724162737, 'subsample': 0.5589714368907717, 'colsample_bytree': 0.6659006943232806, 'min_child_samples': 42, 'reg_alpha': 0.6741360303045295, 'reg_lambda': 6.054601607143087e-08}. Best is trial 5 with value: 0.11572378620656018.
[I 2026-06-01 13:01:14,527] Trial 6 finished with value: 0.0860728035949467 and parameters: {'confidence_threshold': 0.667482545748023, 'training_days': 420, 'n_estimators': 279, 'max_depth': 3, 'num_leaves': 45, 'learning_rate': 0.040099592560849204, 'subsample': 0.8563114696415159, 'colsample_bytree': 0.5442917781944105, 'min_child_samples': 50, 'reg_alpha': 1.6407916423707903e-08, 'reg_lambda': 2.935907642973286e-05}. Best is trial 5 with value: 0.11572378620656018.
[I 2026-06-01 13:01:14,691] Trial 7 finished with value: 0.019019309408405 and parameters: {'confidence_threshold': 0.5497381024139926, 'training_days': 120, 'n_estimators': 408, 'max_depth': 5, 'num_leaves': 38, 'learning_rate': 0.28049122657745795, 'subsample': 0.8806573338635493, 'colsample_bytree': 0.5454054113547102, 'min_child_samples': 63, 'reg_alpha': 0.01263008637940408, 'reg_lambda': 0.04588020805366937}. Best is trial 5 with value: 0.11572378620656018.
[I 2026-06-01 13:01:14,979] Trial 8 finished with value: 0.06163813748105146 and parameters: {'confidence_threshold': 0.719644804808716, 'training_days': 450, 'n_estimators': 410, 'max_depth': 4, 'num_leaves': 57, 'learning_rate': 0.04022026551478857, 'subsample': 0.5336085426932707, 'colsample_bytree': 0.5705742850577543, 'min_child_samples': 100, 'reg_alpha': 5.916398047912201e-07, 'reg_lambda': 0.9794034214488329}. Best is trial 5 with value: 0.11572378620656018.
[I 2026-06-01 13:01:15,002] Trial 9 finished with value: -6.125804656394928 and parameters: {'confidence_threshold': 0.7267463643917187, 'training_days': 20, 'n_estimators': 337, 'max_depth': 5, 'num_leaves': 23, 'learning_rate': 0.022153031811454605, 'subsample': 0.6305627572358737, 'colsample_bytree': 0.6613413774216214, 'min_child_samples': 81, 'reg_alpha': 5.7638634029410314e-08, 'reg_lambda': 8.26603016764008}. Best is trial 5 with value: 0.11572378620656018.
[I 2026-06-01 13:01:15,464] Trial 10 finished with value: 0.0803650434691842 and parameters: {'confidence_threshold': 0.8283920119574972, 'training_days': 490, 'n_estimators': 485, 'max_depth': 4, 'num_leaves': 15, 'learning_rate': 0.013054596495157828, 'subsample': 0.7130289643560688, 'colsample_bytree': 0.9944479338273263, 'min_child_samples': 52, 'reg_alpha': 2.8556520323203283, 'reg_lambda': 1.4521305760519918e-08}. Best is trial 5 with value: 0.11572378620656018.
[I 2026-06-01 13:01:15,558] Trial 11 finished with value: 0.12410628929793918 and parameters: {'confidence_threshold': 0.786180255393198, 'training_days': 310, 'n_estimators': 53, 'max_depth': 4, 'num_leaves': 29, 'learning_rate': 0.11770661072860171, 'subsample': 0.5004718002103864, 'colsample_bytree': 0.6821090468272153, 'min_child_samples': 22, 'reg_alpha': 3.3606739138311696e-05, 'reg_lambda': 0.0033293716187691694}. Best is trial 11 with value: 0.12410628929793918.
[I 2026-06-01 13:01:15,807] Trial 12 finished with value: 0.10227053713639071 and parameters: {'confidence_threshold': 0.8016884727846801, 'training_days': 380, 'n_estimators': 219, 'max_depth': 4, 'num_leaves': 28, 'learning_rate': 0.12411615325331521, 'subsample': 0.6284426463414542, 'colsample_bytree': 0.6706001178156101, 'min_child_samples': 20, 'reg_alpha': 0.00012116501730499813, 'reg_lambda': 0.0022105109201275095}. Best is trial 11 with value: 0.12410628929793918.
[I 2026-06-01 13:01:16,095] Trial 13 finished with value: 0.06911760654595131 and parameters: {'confidence_threshold': 0.7730771305982949, 'training_days': 380, 'n_estimators': 311, 'max_depth': 4, 'num_leaves': 55, 'learning_rate': 0.09319040163017256, 'subsample': 0.6995012887749084, 'colsample_bytree': 0.6758512620255059, 'min_child_samples': 42, 'reg_alpha': 0.00017364939919684786, 'reg_lambda': 1.8799948266058237e-06}. Best is trial 11 with value: 0.12410628929793918.
[I 2026-06-01 13:01:16,351] Trial 14 finished with value: 0.07205784866572526 and parameters: {'confidence_threshold': 0.7649851356992262, 'training_days': 210, 'n_estimators': 212, 'max_depth': 5, 'num_leaves': 23, 'learning_rate': 0.05894954404676037, 'subsample': 0.56999036460185, 'colsample_bytree': 0.7449205286495385, 'min_child_samples': 22, 'reg_alpha': 0.012452406698903937, 'reg_lambda': 0.0035194283790246053}. Best is trial 11 with value: 0.12410628929793918.
[I 2026-06-01 13:01:16,657] Trial 15 finished with value: 0.04036789806327081 and parameters: {'confidence_threshold': 0.8490926647415178, 'training_days': 350, 'n_estimators': 350, 'max_depth': 4, 'num_leaves': 51, 'learning_rate': 0.2564327358480658, 'subsample': 0.5095075980971637, 'colsample_bytree': 0.6511224832252757, 'min_child_samples': 45, 'reg_alpha': 1.7836787545151695e-05, 'reg_lambda': 2.582339790441249e-06}. Best is trial 11 with value: 0.12410628929793918.
[I 2026-06-01 13:01:16,849] Trial 16 finished with value: 0.10481329581940968 and parameters: {'confidence_threshold': 0.7488743699060686, 'training_days': 490, 'n_estimators': 153, 'max_depth': 4, 'num_leaves': 31, 'learning_rate': 0.024553957149376953, 'subsample': 0.6700096095242785, 'colsample_bytree': 0.6152820138607573, 'min_child_samples': 31, 'reg_alpha': 0.01766391835810813, 'reg_lambda': 0.0011504560427312677}. Best is trial 11 with value: 0.12410628929793918.
