[I 2026-06-01 12:57:48,873] Trial 17 finished with value: 0.01668692863390367 and parameters: {'confidence_threshold': 0.6285841027546357, 'training_days': 310, 'n_estimators': 92, 'max_depth': 3, 'num_leaves': 33, 'learning_rate': 0.019352225990314435, 'subsample': 0.6718064291677197, 'colsample_bytree': 0.7142219102330146, 'min_child_samples': 49, 'reg_alpha': 5.248455022253937e-06, 'reg_lambda': 5.691588223985903e-06}. Best is trial 11 with value: 0.10561117375370895.

    [trial 15] 48 features, training_days=460 | threshold=0.503 | labels: 1087 long, 1081 short (50/50%)
    [trial 15] Sharpe=0.0000 (folds: -0.0956, 0.2249, 0.0872, -0.0339, -0.1825)
    [trial 16] 48 features, training_days=270 | threshold=0.643 | labels: 1087 long, 1081 short (50/50%)
    [trial 16] Sharpe=0.0392 (folds: -0.1813, 0.3121, 0.1299, -0.0426, -0.0222)
    [trial 17] 48 features, training_days=400 | threshold=0.624 | labels: 1087 long, 1081 short (50/50%)
    [trial 17] Sharpe=-0.0066 (folds: -0.1658, 0.2923, 0.0681, -0.1276, -0.0998)
  Optuna: 18 trials, best Sharpe = 0.0392
  Best params: n_estimators=438, max_depth=3, lr=0.0116, leaves=35
  Best confidence_threshold: 0.643
  Best training_days: 270
  Retrained on full data (810 samples, 48 features)
  [ensemble 3/3] seed=456
    [trial 0] 48 features, training_days=90 | threshold=0.587 | labels: 1087 long, 1081 short (50/50%)
    [CV fold 0] train_end=2021-03-24 08:00 | val_start=2021-04-01 00:00 | gap=184h (22 rows)
    [CV fold 1] train_end=2021-07-22 16:00 | val_start=2021-07-30 08:00 | gap=184h (22 rows)
    [CV fold 2] train_end=2021-11-20 00:00 | val_start=2021-11-27 16:00 | gap=184h (22 rows)
    [CV fold 3] train_end=2022-03-20 08:00 | val_start=2022-03-28 00:00 | gap=184h (22 rows)
    [CV fold 4] train_end=2022-07-18 16:00 | val_start=2022-07-26 08:00 | gap=184h (22 rows)
    [trial 0] Sharpe=-0.1184 (folds: -0.2425, -0.2187, 0.1240, 0.0437, -0.2985)
    [trial 1] 48 features, training_days=290 | threshold=0.635 | labels: 1087 long, 1081 short (50/50%)
    [trial 1] Sharpe=0.0038 (folds: -0.1433, 0.2802, 0.1403, -0.1556, -0.1028)
    [trial 2] 48 features, training_days=10 | threshold=0.585 | labels: 1087 long, 1081 short (50/50%)
    [trial 2] Sharpe=-0.1430 (folds: -0.2704, -0.3149, 0.0216, 0.1984, -0.3500)
    [trial 3] 48 features, training_days=220 | threshold=0.687 | labels: 1087 long, 1081 short (50/50%)
    [trial 3] Sharpe=-0.0266 (folds: -0.0986, 0.3520, 0.1822, -0.0579, -0.5108)
    [trial 4] 48 features, training_days=300 | threshold=0.562 | labels: 1087 long, 1081 short (50/50%)
    [trial 4] Sharpe=0.0219 (folds: -0.1735, 0.2579, 0.0940, -0.0495, -0.0195)
    [trial 5] 48 features, training_days=490 | threshold=0.711 | labels: 1087 long, 1081 short (50/50%)
    [trial 5] Sharpe=-0.0169 (folds: -0.2464, 0.2516, 0.0828, -0.0011, -0.1716)
    [trial 6] 48 features, training_days=420 | threshold=0.667 | labels: 1087 long, 1081 short (50/50%)
    [trial 6] Sharpe=-0.0056 (folds: -0.1899, 0.3219, 0.0768, -0.1379, -0.0987)
    [trial 7] 48 features, training_days=120 | threshold=0.550 | labels: 1087 long, 1081 short (50/50%)
    [trial 7] Sharpe=-0.0522 (folds: -0.1939, -0.0805, 0.1819, 0.0388, -0.2074)
    [trial 8] 48 features, training_days=450 | threshold=0.720 | labels: 1087 long, 1081 short (50/50%)
    [trial 8] Sharpe=-0.0365 (folds: -0.2029, 0.2666, 0.0798, -0.1790, -0.1473)
    [trial 9] 48 features, training_days=20 | threshold=0.727 | labels: 1087 long, 1081 short (50/50%)
    [trial 9] Sharpe=-4.0054 (folds: 0.2142, -10.0000, 0.0216, -0.2626, -10.0000)
    [trial 10] 48 features, training_days=320 | threshold=0.840 | labels: 1087 long, 1081 short (50/50%)
    [trial 10] Sharpe=-0.0457 (folds: -0.1992, 0.3738, 0.1140, -0.0933, -0.4237)
    [trial 11] 48 features, training_days=300 | threshold=0.608 | labels: 1087 long, 1081 short (50/50%)
    [trial 11] Sharpe=0.1056 (folds: -0.2452, 0.4506, 0.0262, -0.2953, 0.5917)
    [trial 12] 48 features, training_days=360 | threshold=0.515 | labels: 1087 long, 1081 short (50/50%)
    [trial 12] Sharpe=0.0176 (folds: -0.2317, 0.3307, 0.0856, -0.0947, -0.0020)
    [trial 13] 48 features, training_days=210 | threshold=0.609 | labels: 1087 long, 1081 short (50/50%)
    [trial 13] Sharpe=-0.0478 (folds: -0.1541, 0.2273, 0.2116, -0.1374, -0.3863)
    [trial 14] 48 features, training_days=380 | threshold=0.504 | labels: 1087 long, 1081 short (50/50%)
    [trial 14] Sharpe=-0.0224 (folds: -0.1640, 0.1749, 0.1132, -0.0550, -0.1813)
    [trial 15] 48 features, training_days=250 | threshold=0.783 | labels: 1087 long, 1081 short (50/50%)
    [trial 15] Sharpe=-2.0251 (folds: -0.0633, -0.1033, 0.3069, -0.2656, -10.0000)
    [trial 16] 48 features, training_days=170 | threshold=0.550 | labels: 1087 long, 1081 short (50/50%)
    [trial 16] Sharpe=-0.0499 (folds: -0.1197, -0.0623, 0.2021, 0.0561, -0.3257)
    [trial 17] 48 features, training_days=310 | threshold=0.629 | labels: 1087 long, 1081 short (50/50%)
    [trial 17] Sharpe=0.0167 (folds: -0.1837, 0.3053, 0.0621, -0.1996, 0.0993)
  Optuna: 18 trials, best Sharpe = 0.1056
  Best params: n_estimators=54, max_depth=4, lr=0.0102, leaves=29
  Best confidence_threshold: 0.608
  Best training_days: 300
  Retrained on full data (900 samples, 48 features)
  OOD: 16 features, cutoff (q=0.7) = 9.39
  Model trained for 2022-12: 93 test candles with features, confidence_threshold=0.635
[predict] 2022-12-01 16:00 BTCUSDT → SHORT (proba=0.73 TP=6.3%/SL=3.1%)
[trade:open] 2022-12-01 23:59 BTCUSDT SHORT @ 16970.50 | SL=17502.91 TP=15905.68 | timeout=2022-12-08 23:59
[trade:close] 2022-12-09 00:00 BTCUSDT SHORT → timeout @ 17216.00 | PnL=-1.45% (net -1.55%) | cum=+4.80% 2022-12=+1.71% 2022-12-09=-1.55%
[predict] 2022-12-10 08:00 BTCUSDT → SHORT (proba=0.69 TP=4.1%/SL=2.1%)
[trade:open] 2022-12-10 15:59 BTCUSDT SHORT @ 17200.30 | SL=17556.68 TP=16487.53 | timeout=2022-12-17 15:59
[trade:close] 2022-12-13 15:59 BTCUSDT SHORT → stop_loss @ 17556.68 | PnL=-2.07% (net -2.17%) | cum=+2.63% 2022-12=-0.46% 2022-12-13=-2.17%
[predict] 2022-12-15 00:00 BTCUSDT → SHORT (proba=0.72 TP=5.7%/SL=2.9%)
[trade:open] 2022-12-15 07:59 BTCUSDT SHORT @ 17686.00 | SL=18194.19 TP=16669.63 | timeout=2022-12-22 07:59
[trade:close] 2022-12-16 23:59 BTCUSDT SHORT → take_profit @ 16669.63 | PnL=+5.75% (net +5.65%) | cum=+8.28% 2022-12=+5.19% 2022-12-16=+5.65%
[predict] 2022-12-29 08:00 BTCUSDT → LONG (proba=0.64 TP=3.4%/SL=1.7%)
[trade:open] 2022-12-29 15:59 BTCUSDT LONG @ 16610.10 | SL=16328.72 TP=17172.86 | timeout=2023-01-05 15:59
[trade:close] 2022-12-30 15:59 BTCUSDT LONG → stop_loss @ 16328.72 | PnL=-1.69% (net -1.79%) | cum=+6.48% 2022-12=+3.39% 2022-12-30=-1.79%
[lgbm] === Training for 2023-01 ===
  Train window: 2021-01-01 → 2022-12-24
  2168 training samples from 1 symbols
  Samples per month: 2021-01: 93, 2021-02: 84, 2021-03: 93, 2021-04: 90, 2021-05: 93, 2021-06: 90, 2021-07: 93, 2021-08: 93, 2021-09: 90, 2021-10: 93, 2021-11: 90, 2021-12: 93, 2022-01: 93, 2022-02: 84, 2022-03: 93, 2022-04: 90, 2022-05: 93, 2022-06: 90, 2022-07: 93, 2022-08: 93, 2022-09: 90, 2022-10: 93, 2022-11: 90, 2022-12: 71
  [label] 2021-03-03 16:00 BTCUSDT entry=50373.7500 → LONG | long=timeout(+10.97%) short=sl(-8.37%) | scanned=22 | no_tp→fwd_return=+11.0657
  [label] 2021-03-05 16:00 BTCUSDT entry=48770.5700 → LONG | long=tp(+17.07%) short=sl(-8.68%) | scanned=15 | long_tp_only
  [label] 2021-03-09 16:00 BTCUSDT entry=54917.7800 → LONG | long=tp(+12.46%) short=sl(-6.38%) | scanned=12 | long_tp_only
  [label] 2021-04-03 08:00 BTCUSDT entry=58888.7400 → LONG | long=sl(-4.33%) short=sl(-4.33%) | scanned=20 | no_tp→fwd_return=+2.9308
  [label] 2021-05-25 16:00 BTCUSDT entry=38326.8400 → SHORT | long=timeout(-4.36%) short=timeout(+4.16%) | scanned=22 | no_tp→fwd_return=-4.2618
  [label] 2021-11-07 16:00 BTCUSDT entry=63316.4000 → LONG | long=tp(+7.65%) short=sl(-3.98%) | scanned=4 | long_tp_only
  [label] 2021-11-11 16:00 BTCUSDT entry=64831.3000 → SHORT | long=sl(-5.17%) short=tp(+10.03%) | scanned=20 | short_tp_only
  [label] 2021-11-22 08:00 BTCUSDT entry=58206.7000 → SHORT | long=sl(-5.48%) short=timeout(+1.73%) | scanned=22 | no_tp→fwd_return=-1.8274
  [label] 2022-01-06 08:00 BTCUSDT entry=42947.7900 → LONG | long=sl(-5.60%) short=timeout(-0.62%) | scanned=22 | no_tp→fwd_return=+0.5174
  [label] 2022-01-14 16:00 BTCUSDT entry=43042.4000 → SHORT | long=sl(-4.90%) short=tp(+9.50%) | scanned=19 | short_tp_only
  [label] 2022-04-15 00:00 BTCUSDT entry=40225.6000 → LONG | long=sl(-4.30%) short=sl(-4.30%) | scanned=16 | no_tp→fwd_return=+2.5394
  [label] 2022-05-17 00:00 BTCUSDT entry=30394.3000 → SHORT | long=timeout(-3.41%) short=timeout(+3.21%) | scanned=22 | no_tp→fwd_return=-3.3131[I 2026-06-01 12:57:49,308] A new study created in memory with name: no-name-a91a0b49-9a3f-4fc1-8383-7be5b9fe803c
[I 2026-06-01 12:57:49,639] Trial 0 finished with value: -0.06687939119611741 and parameters: {'confidence_threshold': 0.6310890415965769, 'training_days': 480, 'n_estimators': 380, 'max_depth': 4, 'num_leaves': 22, 'learning_rate': 0.01699897838270077, 'subsample': 0.5290418060840998, 'colsample_bytree': 0.9330880728874675, 'min_child_samples': 68, 'reg_alpha': 0.023585940584142682, 'reg_lambda': 1.5320059381854043e-08}. Best is trial 0 with value: -0.06687939119611741.
[I 2026-06-01 12:57:49,766] Trial 1 finished with value: -4.1051096215989915 and parameters: {'confidence_threshold': 0.839468448256698, 'training_days': 420, 'n_estimators': 145, 'max_depth': 3, 'num_leaves': 23, 'learning_rate': 0.028145092716060652, 'subsample': 0.762378215816119, 'colsample_bytree': 0.7159725093210578, 'min_child_samples': 43, 'reg_alpha': 0.0032112643094417484, 'reg_lambda': 1.8007140198129195e-07}. Best is trial 0 with value: -0.06687939119611741.
[I 2026-06-01 12:57:49,905] Trial 2 finished with value: -0.027106222514591233 and parameters: {'confidence_threshold': 0.6022506269873263, 'training_days': 190, 'n_estimators': 255, 'max_depth': 5, 'num_leaves': 24, 'learning_rate': 0.05748924681991978, 'subsample': 0.7962072844310213, 'colsample_bytree': 0.5232252063599989, 'min_child_samples': 69, 'reg_alpha': 3.425445902633376e-07, 'reg_lambda': 3.850031979199519e-08}. Best is trial 2 with value: -0.027106222514591233.
[I 2026-06-01 12:57:50,150] Trial 3 finished with value: -0.06168801791666791 and parameters: {'confidence_threshold': 0.8321099380386666, 'training_days': 490, 'n_estimators': 414, 'max_depth': 3, 'num_leaves': 19, 'learning_rate': 0.1024932221692416, 'subsample': 0.7200762468698007, 'colsample_bytree': 0.5610191174223894, 'min_child_samples': 60, 'reg_alpha': 2.039373116525212e-08, 'reg_lambda': 1.527156759251193}. Best is trial 2 with value: -0.027106222514591233.
[I 2026-06-01 12:57:50,287] Trial 4 finished with value: -0.046378002930788656 and parameters: {'confidence_threshold': 0.5905729935600059, 'training_days': 340, 'n_estimators': 190, 'max_depth': 4, 'num_leaves': 41, 'learning_rate': 0.01875220945578641, 'subsample': 0.9847923138822793, 'colsample_bytree': 0.8875664116805573, 'min_child_samples': 96, 'reg_alpha': 1.1309571585271483, 'reg_lambda': 0.002404915432737351}. Best is trial 2 with value: -0.027106222514591233.
[I 2026-06-01 12:57:50,323] Trial 5 finished with value: -0.09126669581798355 and parameters: {'confidence_threshold': 0.8226559822580909, 'training_days': 50, 'n_estimators': 138, 'max_depth': 3, 'num_leaves': 30, 'learning_rate': 0.03750796359625606, 'subsample': 0.6356745158869479, 'colsample_bytree': 0.9143687545759647, 'min_child_samples': 48, 'reg_alpha': 3.376063348877853e-06, 'reg_lambda': 0.0007660634613082914}. Best is trial 2 with value: -0.027106222514591233.
[I 2026-06-01 12:57:50,433] Trial 6 finished with value: -0.024750638237933754 and parameters: {'confidence_threshold': 0.5493234787411669, 'training_days': 410, 'n_estimators': 83, 'max_depth': 5, 'num_leaves': 52, 'learning_rate': 0.019657448966046126, 'subsample': 0.5027610585618012, 'colsample_bytree': 0.9077307142274171, 'min_child_samples': 77, 'reg_alpha': 0.03639690979811287, 'reg_lambda': 0.08738424135626986}. Best is trial 6 with value: -0.024750638237933754.
[I 2026-06-01 12:57:50,520] Trial 7 finished with value: -0.0006259741980014832 and parameters: {'confidence_threshold': 0.5259156281069316, 'training_days': 180, 'n_estimators': 102, 'max_depth': 5, 'num_leaves': 45, 'learning_rate': 0.030816017044468066, 'subsample': 0.5317791751430119, 'colsample_bytree': 0.6554911608578311, 'min_child_samples': 46, 'reg_alpha': 0.036851536911881845, 'reg_lambda': 0.005470376807480391}. Best is trial 7 with value: -0.0006259741980014832.
[I 2026-06-01 12:57:50,612] Trial 8 finished with value: -0.06305122629885165 and parameters: {'confidence_threshold': 0.8105244599017143, 'training_days': 240, 'n_estimators': 103, 'max_depth': 5, 'num_leaves': 52, 'learning_rate': 0.06746437142284309, 'subsample': 0.8854835899772805, 'colsample_bytree': 0.7468977981821954, 'min_child_samples': 62, 'reg_alpha': 7.04480806377519e-05, 'reg_lambda': 1.6934490731313353e-08}. Best is trial 7 with value: -0.0006259741980014832.
[I 2026-06-01 12:57:50,632] Trial 9 finished with value: -1.9743709191578849 and parameters: {'confidence_threshold': 0.5377619994476566, 'training_days': 20, 'n_estimators': 337, 'max_depth': 3, 'num_leaves': 39, 'learning_rate': 0.21907142272152816, 'subsample': 0.6246461145744375, 'colsample_bytree': 0.7051914615178149, 'min_child_samples': 81, 'reg_alpha': 1.1459970229341322e-06, 'reg_lambda': 4.929685216887945e-08}. Best is trial 7 with value: -0.0006259741980014832.
[I 2026-06-01 12:57:50,972] Trial 10 finished with value: -0.05118443627171106 and parameters: {'confidence_threshold': 0.6797821749717731, 'training_days': 140, 'n_estimators': 487, 'max_depth': 5, 'num_leaves': 62, 'learning_rate': 0.011407797829608154, 'subsample': 0.6277217293825994, 'colsample_bytree': 0.6445296297918679, 'min_child_samples': 24, 'reg_alpha': 8.536188349289, 'reg_lambda': 4.685556761390157e-06}. Best is trial 7 with value: -0.0006259741980014832.
[I 2026-06-01 12:57:51,084] Trial 11 finished with value: 0.011560952914906292 and parameters: {'confidence_threshold': 0.5031729138375424, 'training_days': 320, 'n_estimators': 68, 'max_depth': 5, 'num_leaves': 51, 'learning_rate': 0.034281431052084296, 'subsample': 0.5039181992850618, 'colsample_bytree': 0.8279718712234718, 'min_child_samples': 33, 'reg_alpha': 0.12337102992538133, 'reg_lambda': 0.13867402521093383}. Best is trial 11 with value: 0.011560952914906292.
[I 2026-06-01 12:57:51,177] Trial 12 finished with value: 0.01875007531719071 and parameters: {'confidence_threshold': 0.5065278550144682, 'training_days': 310, 'n_estimators': 57, 'max_depth': 4, 'num_leaves': 47, 'learning_rate': 0.03208899494279826, 'subsample': 0.5651612235970425, 'colsample_bytree': 0.8304278626461433, 'min_child_samples': 24, 'reg_alpha': 0.3264653399484792, 'reg_lambda': 0.06547998378857096}. Best is trial 12 with value: 0.01875007531719071.
[I 2026-06-01 12:57:51,261] Trial 13 finished with value: -0.016247853097844853 and parameters: {'confidence_threshold': 0.5067875302465737, 'training_days': 310, 'n_estimators': 58, 'max_depth': 4, 'num_leaves': 62, 'learning_rate': 0.11926660292794071, 'subsample': 0.5758082485626635, 'colsample_bytree': 0.8203604660878716, 'min_child_samples': 21, 'reg_alpha': 0.7753926639328503, 'reg_lambda': 7.581448487062565}. Best is trial 12 with value: 0.01875007531719071.
[I 2026-06-01 12:57:51,463] Trial 14 finished with value: -0.029718010308582656 and parameters: {'confidence_threshold': 0.712939974248687, 'training_days': 320, 'n_estimators': 224, 'max_depth': 4, 'num_leaves': 51, 'learning_rate': 0.04278796687027456, 'subsample': 0.6847289186996256, 'colsample_bytree': 0.8186451767946615, 'min_child_samples': 31, 'reg_alpha': 0.0003347827497145597, 'reg_lambda': 0.1453502467611987}. Best is trial 12 with value: 0.01875007531719071.
[I 2026-06-01 12:57:51,545] Trial 15 finished with value: -0.06077620806669981 and parameters: {'confidence_threshold': 0.572097396166359, 'training_days': 260, 'n_estimators': 51, 'max_depth': 4, 'num_leaves': 35, 'learning_rate': 0.010073067877204295, 'subsample': 0.5850363670450468, 'colsample_bytree': 0.8293849388193782, 'min_child_samples': 34, 'reg_alpha': 0.4979558485896819, 'reg_lambda': 4.910314319630645e-05}. Best is trial 12 with value: 0.01875007531719071.
[I 2026-06-01 12:57:51,742] Trial 16 finished with value: -0.06100813783493819 and parameters: {'confidence_threshold': 0.7405378962307041, 'training_days': 370, 'n_estimators': 176, 'max_depth': 4, 'num_leaves': 56, 'learning_rate': 0.0742708334836405, 'subsample': 0.8544552838830866, 'colsample_bytree': 0.9826162589395974, 'min_child_samples': 35, 'reg_alpha': 0.0007213986822040648, 'reg_lambda': 0.043064450551074315}. Best is trial 12 with value: 0.01875007531719071.
[I 2026-06-01 12:57:51,981] Trial 17 finished with value: -0.005532639512075038 and parameters: {'confidence_threshold': 0.622186388565255, 'training_days': 250, 'n_estimators': 312, 'max_depth': 4, 'num_leaves': 47, 'learning_rate': 0.02503924944926752, 'subsample': 0.5682941100452736, 'colsample_bytree': 0.7861983638172064, 'min_child_samples': 53, 'reg_alpha': 9.358179874111588, 'reg_lambda': 0.6862038229297488}. Best is trial 12 with value: 0.01875007531719071.
[I 2026-06-01 12:57:52,158] A new study created in memory with name: no-name-fed88e43-364b-4460-8c70-786a3bfaac03
[I 2026-06-01 12:57:52,244] Trial 0 finished with value: -0.06897077776210433 and parameters: {'confidence_threshold': 0.7437642149592516, 'training_days': 150, 'n_estimators': 152, 'max_depth': 4, 'num_leaves': 50, 'learning_rate': 0.04216766425047743, 'subsample': 0.9903820991923078, 'colsample_bytree': 0.8424148692924316, 'min_child_samples': 58, 'reg_alpha': 3.381097259762742e-05, 'reg_lambda': 1.2263152961306247e-05}. Best is trial 0 with value: -0.06897077776210433.
[I 2026-06-01 12:57:52,319] Trial 1 finished with value: -2.1094808203150937 and parameters: {'confidence_threshold': 0.7551673975844145, 'training_days': 220, 'n_estimators': 76, 'max_depth': 4, 'num_leaves': 51, 'learning_rate': 0.018602118810743477, 'subsample': 0.5877258780737462, 'colsample_bytree': 0.7657756869209191, 'min_child_samples': 63, 'reg_alpha': 0.005123994170264194, 'reg_lambda': 0.44145470178120466}. Best is trial 0 with value: -0.06897077776210433.
[I 2026-06-01 12:57:52,569] Trial 2 finished with value: -0.12024477307118783 and parameters: {'confidence_threshold': 0.7535593637012223, 'training_days': 310, 'n_estimators': 375, 'max_depth': 3, 'num_leaves': 32, 'learning_rate': 0.021735641882032388, 'subsample': 0.6468570231944146, 'colsample_bytree': 0.8154880619272439, 'min_child_samples': 27, 'reg_alpha': 8.004064028491336e-05, 'reg_lambda': 7.546835261630524e-05}. Best is trial 0 with value: -0.06897077776210433.
[I 2026-06-01 12:57:52,728] Trial 3 finished with value: -0.021954266049946703 and parameters: {'confidence_threshold': 0.6727897841776072, 'training_days': 220, 'n_estimators': 190, 'max_depth': 4, 'num_leaves': 58, 'learning_rate': 0.24810689332636193, 'subsample': 0.7509183379421682, 'colsample_bytree': 0.8119764758960556, 'min_child_samples': 29, 'reg_alpha': 7.1708285081421445e-06, 'reg_lambda': 5.412973582738627e-05}. Best is trial 3 with value: -0.021954266049946703.
[I 2026-06-01 12:57:52,836] Trial 4 finished with value: -0.08012104276407699 and parameters: {'confidence_threshold': 0.803208205259178, 'training_days': 130, 'n_estimators': 267, 'max_depth': 5, 'num_leaves': 40, 'learning_rate': 0.08041175317374143, 'subsample': 0.5603143329951619, 'colsample_bytree': 0.9131704002534167, 'min_child_samples': 68, 'reg_alpha': 0.0008046593428183385, 'reg_lambda': 1.2158346158765583e-05}. Best is trial 3 with value: -0.021954266049946703.
[I 2026-06-01 12:57:53,040] Trial 5 finished with value: -0.01067984530524128 and parameters: {'confidence_threshold': 0.6064422761595144, 'training_days': 210, 'n_estimators': 357, 'max_depth': 5, 'num_leaves': 40, 'learning_rate': 0.0974221287220869, 'subsample': 0.7929682762811064, 'colsample_bytree': 0.8124517510478, 'min_child_samples': 74, 'reg_alpha': 0.3811377260781234, 'reg_lambda': 5.607314238392041e-08}. Best is trial 5 with value: -0.01067984530524128.
[I 2026-06-01 12:57:53,140] Trial 6 finished with value: -0.04730629689210892 and parameters: {'confidence_threshold': 0.7672889945051684, 'training_days': 130, 'n_estimators': 137, 'max_depth': 4, 'num_leaves': 19, 'learning_rate': 0.2031117614248665, 'subsample': 0.8136244860256343, 'colsample_bytree': 0.8617081790949774, 'min_child_samples': 21, 'reg_alpha': 0.002238138278733199, 'reg_lambda': 0.001025809534977322}. Best is trial 5 with value: -0.01067984530524128.
[I 2026-06-01 12:57:53,215] Trial 7 finished with value: -0.09359685656698882 and parameters: {'confidence_threshold': 0.555635875450653, 'training_days': 80, 'n_estimators': 363, 'max_depth': 3, 'num_leaves': 48, 'learning_rate': 0.06590089024008658, 'subsample': 0.6944752870615722, 'colsample_bytree': 0.962566244806993, 'min_child_samples': 88, 'reg_alpha': 1.6465620446426067e-05, 'reg_lambda': 2.4678750890085655e-08}. Best is trial 5 with value: -0.01067984530524128.
[I 2026-06-01 12:57:53,524] Trial 8 finished with value: -0.0011735173042642377 and parameters: {'confidence_threshold': 0.6066688256938841, 'training_days': 200, 'n_estimators': 367, 'max_depth': 5, 'num_leaves': 32, 'learning_rate': 0.13377519215934996, 'subsample': 0.7965884582811106, 'colsample_bytree': 0.8458508993500886, 'min_child_samples': 32, 'reg_alpha': 3.889436043816386e-05, 'reg_lambda': 1.4713062489380356e-06}. Best is trial 8 with value: -0.0011735173042642377.
