[I 2026-06-01 12:57:15,938] Trial 9 finished with value: 0.06771434584508385 and parameters: {'confidence_threshold': 0.6202096049169137, 'training_days': 260, 'n_estimators': 350, 'max_depth': 3, 'num_leaves': 21, 'learning_rate': 0.02989540198065364, 'subsample': 0.8307821683331218, 'colsample_bytree': 0.923253112635361, 'min_child_samples': 64, 'reg_alpha': 0.4898604619604203, 'reg_lambda': 2.9076377687066166e-05}. Best is trial 3 with value: 0.09155242098591491.
[I 2026-06-01 12:57:16,355] Trial 10 finished with value: 0.022847681405375016 and parameters: {'confidence_threshold': 0.6756170272727778, 'training_days': 470, 'n_estimators': 493, 'max_depth': 4, 'num_leaves': 63, 'learning_rate': 0.010221918552934462, 'subsample': 0.9383547926937981, 'colsample_bytree': 0.6202684210924141, 'min_child_samples': 44, 'reg_alpha': 2.371385268938747e-08, 'reg_lambda': 0.015315426420116851}. Best is trial 3 with value: 0.09155242098591491.
[I 2026-06-01 12:57:16,489] Trial 11 finished with value: 0.023398938683281398 and parameters: {'confidence_threshold': 0.5130539202318031, 'training_days': 360, 'n_estimators': 240, 'max_depth': 5, 'num_leaves': 62, 'learning_rate': 0.2959690066750305, 'subsample': 0.7286462650868973, 'colsample_bytree': 0.6778283959364831, 'min_child_samples': 85, 'reg_alpha': 5.52148235930095, 'reg_lambda': 1.003877192537953e-08}. Best is trial 3 with value: 0.09155242098591491.
[I 2026-06-01 12:57:16,519] Trial 12 finished with value: -3.9036915695656873 and parameters: {'confidence_threshold': 0.6727899930733724, 'training_days': 20, 'n_estimators': 208, 'max_depth': 5, 'num_leaves': 41, 'learning_rate': 0.11827280733062773, 'subsample': 0.8941395335595879, 'colsample_bytree': 0.5196457038790347, 'min_child_samples': 100, 'reg_alpha': 1.6619318482295187e-07, 'reg_lambda': 3.4564366996258125e-07}. Best is trial 3 with value: 0.09155242098591491.
[I 2026-06-01 12:57:16,928] Trial 13 finished with value: 0.051488552608178285 and parameters: {'confidence_threshold': 0.6676681644376227, 'training_days': 360, 'n_estimators': 475, 'max_depth': 4, 'num_leaves': 56, 'learning_rate': 0.17046417675278192, 'subsample': 0.6692276593280039, 'colsample_bytree': 0.7127943105272387, 'min_child_samples': 49, 'reg_alpha': 0.14818704307411545, 'reg_lambda': 0.004788009985073303}. Best is trial 3 with value: 0.09155242098591491.
[I 2026-06-01 12:57:17,071] Trial 14 finished with value: 0.06283943509014123 and parameters: {'confidence_threshold': 0.6064803304844418, 'training_days': 280, 'n_estimators': 184, 'max_depth': 5, 'num_leaves': 30, 'learning_rate': 0.26508115524576814, 'subsample': 0.762401725462525, 'colsample_bytree': 0.7704425590179644, 'min_child_samples': 75, 'reg_alpha': 8.955273563402083e-07, 'reg_lambda': 1.66052015319664}. Best is trial 3 with value: 0.09155242098591491.
[I 2026-06-01 12:57:17,324] Trial 15 finished with value: 0.08487545348941379 and parameters: {'confidence_threshold': 0.7050367233919248, 'training_days': 440, 'n_estimators': 300, 'max_depth': 4, 'num_leaves': 44, 'learning_rate': 0.08917594676785659, 'subsample': 0.507007918467014, 'colsample_bytree': 0.6337595094051601, 'min_child_samples': 40, 'reg_alpha': 0.01828979793574368, 'reg_lambda': 2.9911222285945383e-07}. Best is trial 3 with value: 0.09155242098591491.
[I 2026-06-01 12:57:17,582] Trial 16 finished with value: 0.07557625468508565 and parameters: {'confidence_threshold': 0.7041109893343561, 'training_days': 500, 'n_estimators': 299, 'max_depth': 4, 'num_leaves': 56, 'learning_rate': 0.04734750546511042, 'subsample': 0.5058433788977154, 'colsample_bytree': 0.6155885267093099, 'min_child_samples': 38, 'reg_alpha': 0.032786166436377905, 'reg_lambda': 4.0785369849668187e-07}. Best is trial 3 with value: 0.09155242098591491.

  [label] 2022-05-10 08:00 BTCUSDT entry=31314.3000 → SHORT | long=sl(-7.87%) short=timeout(+3.68%) | scanned=22 | no_tp→fwd_return=-3.7797
  [label] 2022-08-04 08:00 BTCUSDT entry=22914.3000 → LONG | long=timeout(+6.11%) short=sl(-4.80%) | scanned=22 | no_tp→fwd_return=+6.2070
  Labels: 1161 long (53.6%), 1007 short (46.4%) | weights: min=1.00, mean=3.66, max=10.00
  Features: 2168/2168 matched, 48 columns
  CV gap: 22 rows
  [ensemble 1/3] seed=42
    [trial 0] 48 features, training_days=480 | threshold=0.631 | labels: 1161 long, 1007 short (54/46%)
    [CV fold 0] train_end=2020-12-23 08:00 | val_start=2020-12-31 00:00 | gap=184h (22 rows)
    [CV fold 1] train_end=2021-04-22 16:00 | val_start=2021-04-30 08:00 | gap=184h (22 rows)
    [CV fold 2] train_end=2021-08-21 00:00 | val_start=2021-08-28 16:00 | gap=184h (22 rows)
    [CV fold 3] train_end=2021-12-19 08:00 | val_start=2021-12-27 00:00 | gap=184h (22 rows)
    [CV fold 4] train_end=2022-04-18 16:00 | val_start=2022-04-26 08:00 | gap=184h (22 rows)
    [trial 0] Sharpe=0.0315 (folds: 0.1734, 0.0320, 0.1481, -0.1106, -0.0855)
    [trial 1] 48 features, training_days=420 | threshold=0.839 | labels: 1161 long, 1007 short (54/46%)
    [trial 1] Sharpe=-2.0298 (folds: 0.1545, 0.0472, -0.2056, -10.0000, -0.1453)
    [trial 2] 48 features, training_days=190 | threshold=0.602 | labels: 1161 long, 1007 short (54/46%)
    [trial 2] Sharpe=0.0298 (folds: 0.1440, 0.0515, 0.0307, -0.1275, 0.0503)
    [trial 3] 48 features, training_days=490 | threshold=0.832 | labels: 1161 long, 1007 short (54/46%)
    [trial 3] Sharpe=0.0443 (folds: 0.2042, 0.0307, 0.1221, -0.1314, -0.0040)
    [trial 4] 48 features, training_days=340 | threshold=0.591 | labels: 1161 long, 1007 short (54/46%)
    [trial 4] Sharpe=0.0622 (folds: 0.2018, 0.0348, 0.2210, -0.0856, -0.0609)
    [trial 5] 48 features, training_days=50 | threshold=0.823 | labels: 1161 long, 1007 short (54/46%)
    [trial 5] Sharpe=0.0163 (folds: 0.2644, -0.1146, 0.0384, -0.0033, -0.1037)
    [trial 6] 48 features, training_days=410 | threshold=0.549 | labels: 1161 long, 1007 short (54/46%)
    [trial 6] Sharpe=0.0632 (folds: 0.2404, 0.0355, 0.1386, 0.1270, -0.2255)
    [trial 7] 48 features, training_days=180 | threshold=0.526 | labels: 1161 long, 1007 short (54/46%)
    [trial 7] Sharpe=0.0406 (folds: 0.1845, 0.1104, -0.0050, -0.0826, -0.0043)
    [trial 8] 48 features, training_days=240 | threshold=0.811 | labels: 1161 long, 1007 short (54/46%)
    [trial 8] Sharpe=0.0704 (folds: 0.1318, 0.0486, 0.1548, -0.0057, 0.0224)
    [trial 9] 48 features, training_days=20 | threshold=0.538 | labels: 1161 long, 1007 short (54/46%)
    [trial 9] Sharpe=-3.9037 (folds: 0.2879, 0.1338, 0.0598, -10.0000, -10.0000)
    [trial 10] 48 features, training_days=280 | threshold=0.734 | labels: 1161 long, 1007 short (54/46%)
    [trial 10] Sharpe=0.0949 (folds: 0.2732, 0.0414, 0.1769, 0.0673, -0.0842)
    [trial 11] 48 features, training_days=280 | threshold=0.742 | labels: 1161 long, 1007 short (54/46%)
    [trial 11] Sharpe=0.0995 (folds: 0.2880, 0.0389, 0.1812, 0.0733, -0.0840)
    [trial 12] 48 features, training_days=300 | threshold=0.727 | labels: 1161 long, 1007 short (54/46%)
    [trial 12] Sharpe=0.0492 (folds: 0.2457, 0.0579, 0.0912, 0.0153, -0.1641)
    [trial 13] 48 features, training_days=140 | threshold=0.732 | labels: 1161 long, 1007 short (54/46%)
    [trial 13] Sharpe=0.0271 (folds: 0.2489, -0.0262, 0.1579, -0.1054, -0.1397)
    [trial 14] 48 features, training_days=320 | threshold=0.738 | labels: 1161 long, 1007 short (54/46%)
    [trial 14] Sharpe=0.0780 (folds: 0.2779, 0.0554, 0.1199, 0.0729, -0.1361)
    [trial 15] 48 features, training_days=250 | threshold=0.681 | labels: 1161 long, 1007 short (54/46%)
    [trial 15] Sharpe=0.0899 (folds: 0.2385, 0.0034, 0.2093, 0.0261, -0.0281)
    [trial 16] 48 features, training_days=350 | threshold=0.775 | labels: 1161 long, 1007 short (54/46%)
    [trial 16] Sharpe=0.0690 (folds: 0.2609, 0.0317, 0.1672, 0.0640, -0.1785)
    [trial 17] 48 features, training_days=100 | threshold=0.676 | labels: 1161 long, 1007 short (54/46%)
    [trial 17] Sharpe=-0.0067 (folds: 0.2744, -0.1504, 0.1103, -0.0915, -0.1764)
  Optuna: 18 trials, best Sharpe = 0.0995
  Best params: n_estimators=461, max_depth=5, lr=0.1011, leaves=62
  Best confidence_threshold: 0.742
  Best training_days: 280
  Retrained on full data (840 samples, 48 features)
  [ensemble 2/3] seed=123
    [trial 0] 48 features, training_days=150 | threshold=0.744 | labels: 1161 long, 1007 short (54/46%)
    [CV fold 0] train_end=2020-12-23 08:00 | val_start=2020-12-31 00:00 | gap=184h (22 rows)
    [CV fold 1] train_end=2021-04-22 16:00 | val_start=2021-04-30 08:00 | gap=184h (22 rows)
    [CV fold 2] train_end=2021-08-21 00:00 | val_start=2021-08-28 16:00 | gap=184h (22 rows)
    [CV fold 3] train_end=2021-12-19 08:00 | val_start=2021-12-27 00:00 | gap=184h (22 rows)
    [CV fold 4] train_end=2022-04-18 16:00 | val_start=2022-04-26 08:00 | gap=184h (22 rows)
    [trial 0] Sharpe=0.0096 (folds: 0.2054, 0.0669, 0.1996, -0.2849, -0.1390)
    [trial 1] 48 features, training_days=220 | threshold=0.755 | labels: 1161 long, 1007 short (54/46%)
    [trial 1] Sharpe=-0.0947 (folds: 0.2185, 0.0928, -0.3215, -0.2186, -0.2448)
    [trial 2] 48 features, training_days=310 | threshold=0.754 | labels: 1161 long, 1007 short (54/46%)
    [trial 2] Sharpe=0.0169 (folds: 0.2461, 0.0378, 0.1262, -0.1808, -0.1447)
    [trial 3] 48 features, training_days=220 | threshold=0.673 | labels: 1161 long, 1007 short (54/46%)
    [trial 3] Sharpe=0.0916 (folds: 0.2537, 0.0661, 0.0937, 0.0105, 0.0337)
    [trial 4] 48 features, training_days=130 | threshold=0.803 | labels: 1161 long, 1007 short (54/46%)
    [trial 4] Sharpe=-0.0074 (folds: 0.1743, -0.0393, 0.1988, -0.2433, -0.1276)
    [trial 5] 48 features, training_days=210 | threshold=0.606 | labels: 1161 long, 1007 short (54/46%)
    [trial 5] Sharpe=0.0739 (folds: 0.1777, 0.0151, 0.0741, 0.0202, 0.0823)
    [trial 6] 48 features, training_days=130 | threshold=0.767 | labels: 1161 long, 1007 short (54/46%)
    [trial 6] Sharpe=0.0330 (folds: 0.2947, -0.0079, 0.0934, -0.1197, -0.0955)
    [trial 7] 48 features, training_days=80 | threshold=0.556 | labels: 1161 long, 1007 short (54/46%)
    [trial 7] Sharpe=-0.0205 (folds: 0.2199, -0.2670, 0.0275, -0.1514, 0.0687)
    [trial 8] 48 features, training_days=200 | threshold=0.607 | labels: 1161 long, 1007 short (54/46%)
    [trial 8] Sharpe=0.0649 (folds: 0.2338, 0.0169, 0.0627, -0.0309, 0.0418)
    [trial 9] 48 features, training_days=260 | threshold=0.620 | labels: 1161 long, 1007 short (54/46%)
    [trial 9] Sharpe=0.0677 (folds: 0.1368, 0.0303, 0.2045, -0.0187, -0.0144)
    [trial 10] 48 features, training_days=470 | threshold=0.676 | labels: 1161 long, 1007 short (54/46%)
    [trial 10] Sharpe=0.0228 (folds: 0.2248, 0.0397, 0.1096, -0.1644, -0.0955)
    [trial 11] 48 features, training_days=360 | threshold=0.513 | labels: 1161 long, 1007 short (54/46%)
    [trial 11] Sharpe=0.0234 (folds: 0.1046, -0.0371, 0.1260, -0.0261, -0.0504)
    [trial 12] 48 features, training_days=20 | threshold=0.673 | labels: 1161 long, 1007 short (54/46%)
    [trial 12] Sharpe=-3.9037 (folds: 0.2879, 0.1338, 0.0598, -10.0000, -10.0000)
    [trial 13] 48 features, training_days=360 | threshold=0.668 | labels: 1161 long, 1007 short (54/46%)
    [trial 13] Sharpe=0.0515 (folds: 0.1850, -0.0018, 0.1925, -0.0123, -0.1060)
    [trial 14] 48 features, training_days=280 | threshold=0.606 | labels: 1161 long, 1007 short (54/46%)
    [trial 14] Sharpe=0.0628 (folds: 0.1623, -0.0125, 0.1817, 0.0082, -0.0255)
    [trial 15] 48 features, training_days=440 | threshold=0.705 | labels: 1161 long, 1007 short (54/46%)
    [trial 15] Sharpe=0.0849 (folds: 0.2220, 0.0566, 0.1835, -0.0095, -0.0282)
    [trial 16] 48 features, training_days=500 | threshold=0.704 | labels: 1161 long, 1007 short (54/46%)
    [trial 16] Sharpe=0.0756 (folds: 0.2407, 0.0680, 0.2167, -0.0705, -0.0770)
    [trial 17] 48 features, training_days=410 | threshold=0.828 | labels: 1161 long, 1007 short (54/46%)
    [trial 17] Sharpe=0.0195 (folds: 0.2350, 0.0038, 0.0694, -0.1600, -0.0507)[I 2026-06-01 12:57:17,674] Trial 17 finished with value: 0.019508493334495964 and parameters: {'confidence_threshold': 0.8278557618575797, 'training_days': 410, 'n_estimators': 81, 'max_depth': 4, 'num_leaves': 45, 'learning_rate': 0.1926230277672984, 'subsample': 0.6270074572905617, 'colsample_bytree': 0.5225343572251958, 'min_child_samples': 49, 'reg_alpha': 4.601015253135745e-06, 'reg_lambda': 0.00029433365007660304}. Best is trial 3 with value: 0.09155242098591491.
[I 2026-06-01 12:57:17,813] A new study created in memory with name: no-name-9d2e9522-439b-4b8e-88f3-3b8c42c8187e
[I 2026-06-01 12:57:17,994] Trial 0 finished with value: -0.02268769493640225 and parameters: {'confidence_threshold': 0.5870645682749857, 'training_days': 90, 'n_estimators': 403, 'max_depth': 5, 'num_leaves': 45, 'learning_rate': 0.0780457193679974, 'subsample': 0.9428509515574568, 'colsample_bytree': 0.8795587339164916, 'min_child_samples': 34, 'reg_alpha': 2.2465901234314442e-07, 'reg_lambda': 8.339007036475363e-05}. Best is trial 0 with value: -0.02268769493640225.
[I 2026-06-01 12:57:18,094] Trial 1 finished with value: 0.05852471105935504 and parameters: {'confidence_threshold': 0.6348453934275313, 'training_days': 290, 'n_estimators': 115, 'max_depth': 5, 'num_leaves': 37, 'learning_rate': 0.06949568759029946, 'subsample': 0.8228505074024268, 'colsample_bytree': 0.8616703220431751, 'min_child_samples': 75, 'reg_alpha': 4.2486822725010923e-07, 'reg_lambda': 1.157247767047042e-07}. Best is trial 1 with value: 0.05852471105935504.
[I 2026-06-01 12:57:18,115] Trial 2 finished with value: -0.03206577732608058 and parameters: {'confidence_threshold': 0.5849570384370288, 'training_days': 10, 'n_estimators': 212, 'max_depth': 3, 'num_leaves': 41, 'learning_rate': 0.18452095998378365, 'subsample': 0.6001060822924371, 'colsample_bytree': 0.5673167293506167, 'min_child_samples': 37, 'reg_alpha': 5.733250064217131, 'reg_lambda': 0.5308454292595461}. Best is trial 1 with value: 0.05852471105935504.
[I 2026-06-01 12:57:18,187] Trial 3 finished with value: 0.07846789526966448 and parameters: {'confidence_threshold': 0.6868248626683718, 'training_days': 220, 'n_estimators': 134, 'max_depth': 3, 'num_leaves': 45, 'learning_rate': 0.033529007907491595, 'subsample': 0.8647277071858408, 'colsample_bytree': 0.778494116634046, 'min_child_samples': 96, 'reg_alpha': 2.409409937265785e-07, 'reg_lambda': 1.1642073478060009}. Best is trial 3 with value: 0.07846789526966448.
[I 2026-06-01 12:57:18,271] Trial 4 finished with value: 0.034235572459452523 and parameters: {'confidence_threshold': 0.5623121348350352, 'training_days': 300, 'n_estimators': 69, 'max_depth': 4, 'num_leaves': 32, 'learning_rate': 0.14967629360700346, 'subsample': 0.5054535233636654, 'colsample_bytree': 0.7401385194659216, 'min_child_samples': 27, 'reg_alpha': 1.4212042567426725e-07, 'reg_lambda': 0.23605753701352003}. Best is trial 3 with value: 0.07846789526966448.
[I 2026-06-01 12:57:18,667] Trial 5 finished with value: 0.024491830750998533 and parameters: {'confidence_threshold': 0.7111850244908446, 'training_days': 490, 'n_estimators': 362, 'max_depth': 5, 'num_leaves': 40, 'learning_rate': 0.05960785724162737, 'subsample': 0.5589714368907717, 'colsample_bytree': 0.6659006943232806, 'min_child_samples': 42, 'reg_alpha': 0.6741360303045295, 'reg_lambda': 6.054601607143087e-08}. Best is trial 3 with value: 0.07846789526966448.
[I 2026-06-01 12:57:18,836] Trial 6 finished with value: 0.051844920833385065 and parameters: {'confidence_threshold': 0.667482545748023, 'training_days': 420, 'n_estimators': 279, 'max_depth': 3, 'num_leaves': 45, 'learning_rate': 0.040099592560849204, 'subsample': 0.8563114696415159, 'colsample_bytree': 0.5442917781944105, 'min_child_samples': 50, 'reg_alpha': 1.6407916423707903e-08, 'reg_lambda': 2.935907642973286e-05}. Best is trial 3 with value: 0.07846789526966448.
[I 2026-06-01 12:57:18,976] Trial 7 finished with value: 0.035473050280774396 and parameters: {'confidence_threshold': 0.5497381024139926, 'training_days': 120, 'n_estimators': 408, 'max_depth': 5, 'num_leaves': 38, 'learning_rate': 0.28049122657745795, 'subsample': 0.8806573338635493, 'colsample_bytree': 0.5454054113547102, 'min_child_samples': 63, 'reg_alpha': 0.01263008637940408, 'reg_lambda': 0.04588020805366937}. Best is trial 3 with value: 0.07846789526966448.
[I 2026-06-01 12:57:19,223] Trial 8 finished with value: 0.05447914359807608 and parameters: {'confidence_threshold': 0.719644804808716, 'training_days': 450, 'n_estimators': 410, 'max_depth': 4, 'num_leaves': 57, 'learning_rate': 0.04022026551478857, 'subsample': 0.5336085426932707, 'colsample_bytree': 0.5705742850577543, 'min_child_samples': 100, 'reg_alpha': 5.916398047912201e-07, 'reg_lambda': 0.9794034214488329}. Best is trial 3 with value: 0.07846789526966448.
[I 2026-06-01 12:57:19,243] Trial 9 finished with value: -3.9036915695656873 and parameters: {'confidence_threshold': 0.7267463643917187, 'training_days': 20, 'n_estimators': 337, 'max_depth': 5, 'num_leaves': 23, 'learning_rate': 0.022153031811454605, 'subsample': 0.6305627572358737, 'colsample_bytree': 0.6613413774216214, 'min_child_samples': 81, 'reg_alpha': 5.7638634029410314e-08, 'reg_lambda': 8.26603016764008}. Best is trial 3 with value: 0.07846789526966448.
[I 2026-06-01 12:57:19,340] Trial 10 finished with value: -5.95718123977113 and parameters: {'confidence_threshold': 0.8283920119574972, 'training_days': 200, 'n_estimators': 181, 'max_depth': 3, 'num_leaves': 62, 'learning_rate': 0.011579281028220855, 'subsample': 0.7130289643560688, 'colsample_bytree': 0.9944479338273263, 'min_child_samples': 100, 'reg_alpha': 6.837313901272251e-05, 'reg_lambda': 0.0027253228209330924}. Best is trial 3 with value: 0.07846789526966448.
[I 2026-06-01 12:57:19,409] Trial 11 finished with value: -0.03571078324708465 and parameters: {'confidence_threshold': 0.6435110568867387, 'training_days': 300, 'n_estimators': 53, 'max_depth': 4, 'num_leaves': 52, 'learning_rate': 0.0222741777320615, 'subsample': 0.7864449612484271, 'colsample_bytree': 0.8566211708639163, 'min_child_samples': 82, 'reg_alpha': 2.5646023357365184e-05, 'reg_lambda': 7.359299995524362e-08}. Best is trial 3 with value: 0.07846789526966448.
[I 2026-06-01 12:57:19,520] Trial 12 finished with value: 0.06102245815944392 and parameters: {'confidence_threshold': 0.8008961038526314, 'training_days': 220, 'n_estimators': 139, 'max_depth': 4, 'num_leaves': 28, 'learning_rate': 0.09265206884400709, 'subsample': 0.9912016966112274, 'colsample_bytree': 0.8319084769095351, 'min_child_samples': 77, 'reg_alpha': 3.5050805301964397e-06, 'reg_lambda': 2.323935870907716e-06}. Best is trial 3 with value: 0.07846789526966448.
[I 2026-06-01 12:57:19,616] Trial 13 finished with value: 0.007423466687095892 and parameters: {'confidence_threshold': 0.8155882952259649, 'training_days': 200, 'n_estimators': 167, 'max_depth': 4, 'num_leaves': 15, 'learning_rate': 0.10689882610703773, 'subsample': 0.9814243437154605, 'colsample_bytree': 0.7704197786801941, 'min_child_samples': 89, 'reg_alpha': 7.181938493272106e-06, 'reg_lambda': 5.735142082835628e-06}. Best is trial 3 with value: 0.07846789526966448.
[I 2026-06-01 12:57:19,876] Trial 14 finished with value: 0.06896089832902985 and parameters: {'confidence_threshold': 0.7723320301796328, 'training_days': 210, 'n_estimators': 500, 'max_depth': 3, 'num_leaves': 25, 'learning_rate': 0.024122962610962754, 'subsample': 0.9196426355912098, 'colsample_bytree': 0.7832231035788051, 'min_child_samples': 66, 'reg_alpha': 0.0005061136429986853, 'reg_lambda': 0.0023671002879568693}. Best is trial 3 with value: 0.07846789526966448.
[I 2026-06-01 12:57:20,048] Trial 15 finished with value: -0.04377157184705413 and parameters: {'confidence_threshold': 0.7594279795954488, 'training_days': 130, 'n_estimators': 477, 'max_depth': 3, 'num_leaves': 17, 'learning_rate': 0.02168612179178273, 'subsample': 0.9130673202651429, 'colsample_bytree': 0.9570128790620087, 'min_child_samples': 63, 'reg_alpha': 0.0019990703267353635, 'reg_lambda': 0.0026406526000485684}. Best is trial 3 with value: 0.07846789526966448.
[I 2026-06-01 12:57:20,209] Trial 16 finished with value: -2.124504317698635 and parameters: {'confidence_threshold': 0.772169210531299, 'training_days': 360, 'n_estimators': 242, 'max_depth': 3, 'num_leaves': 29, 'learning_rate': 0.010192565023565005, 'subsample': 0.7010138478027731, 'colsample_bytree': 0.756538715372429, 'min_child_samples': 53, 'reg_alpha': 0.0010997119098546905, 'reg_lambda': 0.012105708884313454}. Best is trial 3 with value: 0.07846789526966448.
