[I 2026-06-01 12:59:32,491] Trial 17 finished with value: -3.950952616638697 and parameters: {'confidence_threshold': 0.8121513155457407, 'training_days': 430, 'n_estimators': 312, 'max_depth': 3, 'num_leaves': 24, 'learning_rate': 0.010183799116342167, 'subsample': 0.6652911961306882, 'colsample_bytree': 0.5225343572251958, 'min_child_samples': 21, 'reg_alpha': 0.031339913113165224, 'reg_lambda': 6.536602842883305e-07}. Best is trial 2 with value: 0.06561948113397424.
[I 2026-06-01 12:59:32,796] A new study created in memory with name: no-name-8fa83fe2-076e-4e35-850e-f343fa98640d
[I 2026-06-01 12:59:32,996] Trial 0 finished with value: -0.06638780851544086 and parameters: {'confidence_threshold': 0.5870645682749857, 'training_days': 90, 'n_estimators': 403, 'max_depth': 5, 'num_leaves': 45, 'learning_rate': 0.0780457193679974, 'subsample': 0.9428509515574568, 'colsample_bytree': 0.8795587339164916, 'min_child_samples': 34, 'reg_alpha': 2.2465901234314442e-07, 'reg_lambda': 8.339007036475363e-05}. Best is trial 0 with value: -0.06638780851544086.
[I 2026-06-01 12:59:33,098] Trial 1 finished with value: 0.0051184737063198205 and parameters: {'confidence_threshold': 0.6348453934275313, 'training_days': 290, 'n_estimators': 115, 'max_depth': 5, 'num_leaves': 37, 'learning_rate': 0.06949568759029946, 'subsample': 0.8228505074024268, 'colsample_bytree': 0.8616703220431751, 'min_child_samples': 75, 'reg_alpha': 4.2486822725010923e-07, 'reg_lambda': 1.157247767047042e-07}. Best is trial 1 with value: 0.0051184737063198205.
[I 2026-06-01 12:59:33,116] Trial 2 finished with value: -0.061089133862374946 and parameters: {'confidence_threshold': 0.5849570384370288, 'training_days': 10, 'n_estimators': 212, 'max_depth': 3, 'num_leaves': 41, 'learning_rate': 0.18452095998378365, 'subsample': 0.6001060822924371, 'colsample_bytree': 0.5673167293506167, 'min_child_samples': 37, 'reg_alpha': 5.733250064217131, 'reg_lambda': 0.5308454292595461}. Best is trial 1 with value: 0.0051184737063198205.
[I 2026-06-01 12:59:33,194] Trial 3 finished with value: 0.0788000931459716 and parameters: {'confidence_threshold': 0.6868248626683718, 'training_days': 220, 'n_estimators': 134, 'max_depth': 3, 'num_leaves': 45, 'learning_rate': 0.033529007907491595, 'subsample': 0.8647277071858408, 'colsample_bytree': 0.778494116634046, 'min_child_samples': 96, 'reg_alpha': 2.409409937265785e-07, 'reg_lambda': 1.1642073478060009}. Best is trial 3 with value: 0.0788000931459716.
[I 2026-06-01 12:59:33,282] Trial 4 finished with value: -0.06720940714255887 and parameters: {'confidence_threshold': 0.5623121348350352, 'training_days': 300, 'n_estimators': 69, 'max_depth': 4, 'num_leaves': 32, 'learning_rate': 0.14967629360700346, 'subsample': 0.5054535233636654, 'colsample_bytree': 0.7401385194659216, 'min_child_samples': 27, 'reg_alpha': 1.4212042567426725e-07, 'reg_lambda': 0.23605753701352003}. Best is trial 3 with value: 0.0788000931459716.
[I 2026-06-01 12:59:33,791] Trial 5 finished with value: 0.007341033194806784 and parameters: {'confidence_threshold': 0.7111850244908446, 'training_days': 490, 'n_estimators': 362, 'max_depth': 5, 'num_leaves': 40, 'learning_rate': 0.05960785724162737, 'subsample': 0.5589714368907717, 'colsample_bytree': 0.6659006943232806, 'min_child_samples': 42, 'reg_alpha': 0.6741360303045295, 'reg_lambda': 6.054601607143087e-08}. Best is trial 3 with value: 0.0788000931459716.
[I 2026-06-01 12:59:33,969] Trial 6 finished with value: 0.010986623279844893 and parameters: {'confidence_threshold': 0.667482545748023, 'training_days': 420, 'n_estimators': 279, 'max_depth': 3, 'num_leaves': 45, 'learning_rate': 0.040099592560849204, 'subsample': 0.8563114696415159, 'colsample_bytree': 0.5442917781944105, 'min_child_samples': 50, 'reg_alpha': 1.6407916423707903e-08, 'reg_lambda': 2.935907642973286e-05}. Best is trial 3 with value: 0.0788000931459716.
[I 2026-06-01 12:59:34,114] Trial 7 finished with value: -0.05764253435335119 and parameters: {'confidence_threshold': 0.5497381024139926, 'training_days': 120, 'n_estimators': 408, 'max_depth': 5, 'num_leaves': 38, 'learning_rate': 0.28049122657745795, 'subsample': 0.8806573338635493, 'colsample_bytree': 0.5454054113547102, 'min_child_samples': 63, 'reg_alpha': 0.01263008637940408, 'reg_lambda': 0.04588020805366937}. Best is trial 3 with value: 0.0788000931459716.
[I 2026-06-01 12:59:34,382] Trial 8 finished with value: 0.05553142704757823 and parameters: {'confidence_threshold': 0.719644804808716, 'training_days': 450, 'n_estimators': 410, 'max_depth': 4, 'num_leaves': 57, 'learning_rate': 0.04022026551478857, 'subsample': 0.5336085426932707, 'colsample_bytree': 0.5705742850577543, 'min_child_samples': 100, 'reg_alpha': 5.916398047912201e-07, 'reg_lambda': 0.9794034214488329}. Best is trial 3 with value: 0.0788000931459716.

    [trial 8] Sharpe=0.0586 (folds: -0.1009, 0.4360, -0.2492, -0.0836, 0.2906)
    [trial 9] 48 features, training_days=20 | threshold=0.538 | labels: 1041 long, 1127 short (48/52%)
    [trial 9] Sharpe=0.0296 (folds: 0.1941, -0.0412, -0.1208, 0.0064, 0.1094)
    [trial 10] 48 features, training_days=280 | threshold=0.734 | labels: 1041 long, 1127 short (48/52%)
    [trial 10] Sharpe=-0.0371 (folds: -0.1254, 0.1397, -0.2769, -0.1219, 0.1992)
    [trial 11] 48 features, training_days=290 | threshold=0.719 | labels: 1041 long, 1127 short (48/52%)
    [trial 11] Sharpe=0.0422 (folds: 0.1893, 0.4434, -0.1082, -0.6604, 0.3468)
    [trial 12] 48 features, training_days=190 | threshold=0.734 | labels: 1041 long, 1127 short (48/52%)
    [trial 12] Sharpe=0.1477 (folds: 0.1062, 0.0010, -0.1219, 0.3722, 0.3811)
    [trial 13] 48 features, training_days=160 | threshold=0.768 | labels: 1041 long, 1127 short (48/52%)
    [trial 13] Sharpe=0.0001 (folds: -0.0867, -0.0444, -0.0966, 0.0373, 0.1910)
    [trial 14] 48 features, training_days=130 | threshold=0.680 | labels: 1041 long, 1127 short (48/52%)
    [trial 14] Sharpe=0.0235 (folds: -0.0360, -0.0832, -0.1623, 0.1950, 0.2040)
    [trial 15] 48 features, training_days=230 | threshold=0.767 | labels: 1041 long, 1127 short (48/52%)
    [trial 15] Sharpe=0.2098 (folds: 0.0112, 0.2349, 0.0664, -0.1245, 0.8610)
    [trial 16] 48 features, training_days=100 | threshold=0.769 | labels: 1041 long, 1127 short (48/52%)
    [trial 16] Sharpe=0.0245 (folds: 0.1062, -0.2533, -0.2250, 0.3770, 0.1177)
    [trial 17] 48 features, training_days=250 | threshold=0.676 | labels: 1041 long, 1127 short (48/52%)
    [trial 17] Sharpe=0.0366 (folds: -0.0443, 0.3135, -0.3271, -0.0654, 0.3061)
  Optuna: 18 trials, best Sharpe = 0.2098
  Best params: n_estimators=182, max_depth=5, lr=0.0100, leaves=57
  Best confidence_threshold: 0.767
  Best training_days: 230
  Retrained on full data (690 samples, 48 features)
  [ensemble 2/3] seed=123
    [trial 0] 48 features, training_days=150 | threshold=0.744 | labels: 1041 long, 1127 short (48/52%)
    [CV fold 0] train_end=2022-02-22 08:00 | val_start=2022-03-02 00:00 | gap=184h (22 rows)
    [CV fold 1] train_end=2022-06-22 16:00 | val_start=2022-06-30 08:00 | gap=184h (22 rows)
    [CV fold 2] train_end=2022-10-21 00:00 | val_start=2022-10-28 16:00 | gap=184h (22 rows)
    [CV fold 3] train_end=2023-02-18 08:00 | val_start=2023-02-26 00:00 | gap=184h (22 rows)
    [CV fold 4] train_end=2023-06-18 16:00 | val_start=2023-06-26 08:00 | gap=184h (22 rows)
    [trial 0] Sharpe=-0.0018 (folds: -0.1192, -0.0764, -0.2200, 0.1884, 0.2181)
    [trial 1] 48 features, training_days=220 | threshold=0.755 | labels: 1041 long, 1127 short (48/52%)
    [trial 1] Sharpe=-1.6015 (folds: 0.4674, 0.3180, -0.1534, -10.0000, 1.3605)
    [trial 2] 48 features, training_days=310 | threshold=0.754 | labels: 1041 long, 1127 short (48/52%)
    [trial 2] Sharpe=0.0656 (folds: -0.0906, 0.3364, -0.1939, -0.0981, 0.3743)
    [trial 3] 48 features, training_days=220 | threshold=0.673 | labels: 1041 long, 1127 short (48/52%)
    [trial 3] Sharpe=-0.0393 (folds: -0.1405, 0.0760, -0.2066, -0.0531, 0.1278)
    [trial 4] 48 features, training_days=130 | threshold=0.803 | labels: 1041 long, 1127 short (48/52%)
    [trial 4] Sharpe=-0.0083 (folds: -0.0400, -0.0235, -0.1508, 0.1415, 0.0315)
    [trial 5] 48 features, training_days=210 | threshold=0.606 | labels: 1041 long, 1127 short (48/52%)
    [trial 5] Sharpe=-0.0150 (folds: -0.0568, -0.0142, -0.2122, 0.0011, 0.2072)
    [trial 6] 48 features, training_days=130 | threshold=0.767 | labels: 1041 long, 1127 short (48/52%)
    [trial 6] Sharpe=-0.0517 (folds: -0.0730, -0.0783, -0.1793, 0.0971, -0.0252)
    [trial 7] 48 features, training_days=80 | threshold=0.556 | labels: 1041 long, 1127 short (48/52%)
    [trial 7] Sharpe=-0.0411 (folds: -0.0090, -0.3014, -0.0142, 0.1625, -0.0436)
    [trial 8] 48 features, training_days=200 | threshold=0.607 | labels: 1041 long, 1127 short (48/52%)
    [trial 8] Sharpe=-0.0294 (folds: -0.1222, 0.0672, -0.1136, -0.0971, 0.1185)
    [trial 9] 48 features, training_days=260 | threshold=0.620 | labels: 1041 long, 1127 short (48/52%)
    [trial 9] Sharpe=-0.0319 (folds: -0.0565, 0.1394, -0.2265, -0.2530, 0.2370)
    [trial 10] 48 features, training_days=420 | threshold=0.845 | labels: 1041 long, 1127 short (48/52%)
    [trial 10] Sharpe=-2.1610 (folds: -0.0570, 0.5421, 0.0178, -1.3078, -10.0000)
    [trial 11] 48 features, training_days=360 | threshold=0.716 | labels: 1041 long, 1127 short (48/52%)
    [trial 11] Sharpe=-0.0002 (folds: -0.1241, 0.2532, -0.2245, -0.0913, 0.1858)
    [trial 12] 48 features, training_days=360 | threshold=0.698 | labels: 1041 long, 1127 short (48/52%)
    [trial 12] Sharpe=-0.0066 (folds: -0.0995, 0.2299, -0.2458, -0.0736, 0.1557)
    [trial 13] 48 features, training_days=330 | threshold=0.702 | labels: 1041 long, 1127 short (48/52%)
    [trial 13] Sharpe=-0.0220 (folds: -0.1229, 0.2544, -0.2667, -0.1082, 0.1335)
    [trial 14] 48 features, training_days=490 | threshold=0.664 | labels: 1041 long, 1127 short (48/52%)
    [trial 14] Sharpe=0.0084 (folds: -0.1344, 0.1453, -0.2204, -0.0137, 0.2652)
    [trial 15] 48 features, training_days=500 | threshold=0.503 | labels: 1041 long, 1127 short (48/52%)
    [trial 15] Sharpe=-0.0086 (folds: -0.0759, 0.0486, -0.2082, 0.0440, 0.1484)
    [trial 16] 48 features, training_days=500 | threshold=0.649 | labels: 1041 long, 1127 short (48/52%)
    [trial 16] Sharpe=0.0415 (folds: -0.0775, 0.3194, -0.2090, 0.0158, 0.1586)
    [trial 17] 48 features, training_days=430 | threshold=0.812 | labels: 1041 long, 1127 short (48/52%)
    [trial 17] Sharpe=-3.9510 (folds: -0.1180, 0.5177, -0.1545, -10.0000, -10.0000)
  Optuna: 18 trials, best Sharpe = 0.0656
  Best params: n_estimators=375, max_depth=3, lr=0.0217, leaves=32
  Best confidence_threshold: 0.754
  Best training_days: 310
  Retrained on full data (930 samples, 48 features)
  [ensemble 3/3] seed=456
    [trial 0] 48 features, training_days=90 | threshold=0.587 | labels: 1041 long, 1127 short (48/52%)
    [CV fold 0] train_end=2022-02-22 08:00 | val_start=2022-03-02 00:00 | gap=184h (22 rows)
    [CV fold 1] train_end=2022-06-22 16:00 | val_start=2022-06-30 08:00 | gap=184h (22 rows)
    [CV fold 2] train_end=2022-10-21 00:00 | val_start=2022-10-28 16:00 | gap=184h (22 rows)
    [CV fold 3] train_end=2023-02-18 08:00 | val_start=2023-02-26 00:00 | gap=184h (22 rows)
    [CV fold 4] train_end=2023-06-18 16:00 | val_start=2023-06-26 08:00 | gap=184h (22 rows)
    [trial 0] Sharpe=-0.0664 (folds: -0.0529, -0.2189, -0.0374, 0.1542, -0.1770)
    [trial 1] 48 features, training_days=290 | threshold=0.635 | labels: 1041 long, 1127 short (48/52%)
    [trial 1] Sharpe=0.0051 (folds: -0.0670, 0.1456, -0.2032, 0.0041, 0.1461)
    [trial 2] 48 features, training_days=10 | threshold=0.585 | labels: 1041 long, 1127 short (48/52%)
    [trial 2] Sharpe=-0.0611 (folds: 0.1941, -0.0412, -0.1208, 0.0055, -0.3430)
    [trial 3] 48 features, training_days=220 | threshold=0.687 | labels: 1041 long, 1127 short (48/52%)
    [trial 3] Sharpe=0.0788 (folds: 0.0332, 0.0049, -0.0405, 0.0641, 0.3323)
    [trial 4] 48 features, training_days=300 | threshold=0.562 | labels: 1041 long, 1127 short (48/52%)
    [trial 4] Sharpe=-0.0672 (folds: -0.1307, 0.0440, -0.2750, -0.0725, 0.0981)
    [trial 5] 48 features, training_days=490 | threshold=0.711 | labels: 1041 long, 1127 short (48/52%)
    [trial 5] Sharpe=0.0073 (folds: -0.1053, 0.1683, -0.2606, 0.0025, 0.2318)
    [trial 6] 48 features, training_days=420 | threshold=0.667 | labels: 1041 long, 1127 short (48/52%)
    [trial 6] Sharpe=0.0110 (folds: -0.1312, 0.1847, -0.2116, -0.0772, 0.2901)
    [trial 7] 48 features, training_days=120 | threshold=0.550 | labels: 1041 long, 1127 short (48/52%)
    [trial 7] Sharpe=-0.0576 (folds: -0.0721, -0.1475, -0.1186, 0.0645, -0.0145)
    [trial 8] 48 features, training_days=450 | threshold=0.720 | labels: 1041 long, 1127 short (48/52%)
    [trial 8] Sharpe=0.0555 (folds: -0.0930, 0.2934, -0.2490, 0.0317, 0.2946)
    [trial 9] 48 features, training_days=20 | threshold=0.727 | labels: 1041 long, 1127 short (48/52%)[I 2026-06-01 12:59:34,404] Trial 9 finished with value: -7.961182872366234 and parameters: {'confidence_threshold': 0.7267463643917187, 'training_days': 20, 'n_estimators': 337, 'max_depth': 5, 'num_leaves': 23, 'learning_rate': 0.022153031811454605, 'subsample': 0.6305627572358737, 'colsample_bytree': 0.6613413774216214, 'min_child_samples': 81, 'reg_alpha': 5.7638634029410314e-08, 'reg_lambda': 8.26603016764008}. Best is trial 3 with value: 0.0788000931459716.
[I 2026-06-01 12:59:34,508] Trial 10 finished with value: -5.92613824200682 and parameters: {'confidence_threshold': 0.8283920119574972, 'training_days': 200, 'n_estimators': 181, 'max_depth': 3, 'num_leaves': 62, 'learning_rate': 0.011579281028220855, 'subsample': 0.7130289643560688, 'colsample_bytree': 0.9944479338273263, 'min_child_samples': 100, 'reg_alpha': 6.837313901272251e-05, 'reg_lambda': 0.0027253228209330924}. Best is trial 3 with value: 0.0788000931459716.
[I 2026-06-01 12:59:34,845] Trial 11 finished with value: 0.008773011840026601 and parameters: {'confidence_threshold': 0.7766282449189577, 'training_days': 380, 'n_estimators': 478, 'max_depth': 4, 'num_leaves': 58, 'learning_rate': 0.029354876456257728, 'subsample': 0.7459055835274097, 'colsample_bytree': 0.8016610248739169, 'min_child_samples': 100, 'reg_alpha': 1.7335570554886207e-05, 'reg_lambda': 7.067893525937578}. Best is trial 3 with value: 0.0788000931459716.
[I 2026-06-01 12:59:35,079] Trial 12 finished with value: 0.06047991403644887 and parameters: {'confidence_threshold': 0.7449212105048096, 'training_days': 200, 'n_estimators': 490, 'max_depth': 4, 'num_leaves': 54, 'learning_rate': 0.01924681962976845, 'subsample': 0.9912016966112274, 'colsample_bytree': 0.6646287431572568, 'min_child_samples': 85, 'reg_alpha': 8.85890496668e-06, 'reg_lambda': 0.0043762371699676405}. Best is trial 3 with value: 0.0788000931459716.
[I 2026-06-01 12:59:35,312] Trial 13 finished with value: 0.1413788838244268 and parameters: {'confidence_threshold': 0.7956637805967407, 'training_days': 200, 'n_estimators': 494, 'max_depth': 4, 'num_leaves': 52, 'learning_rate': 0.013893880554546854, 'subsample': 0.9814243437154605, 'colsample_bytree': 0.6937220943884248, 'min_child_samples': 83, 'reg_alpha': 8.465942575614097e-06, 'reg_lambda': 0.005128891358078169}. Best is trial 13 with value: 0.1413788838244268.
[I 2026-06-01 12:59:35,422] Trial 14 finished with value: -4.038203208090964 and parameters: {'confidence_threshold': 0.8471159637695522, 'training_days': 210, 'n_estimators': 192, 'max_depth': 3, 'num_leaves': 50, 'learning_rate': 0.010900413065404149, 'subsample': 0.9294526207842858, 'colsample_bytree': 0.7447275431365677, 'min_child_samples': 70, 'reg_alpha': 0.0005061136429986853, 'reg_lambda': 0.009281147587996258}. Best is trial 13 with value: 0.1413788838244268.
[I 2026-06-01 12:59:35,523] Trial 15 finished with value: 0.10800236772495833 and parameters: {'confidence_threshold': 0.7861069482567808, 'training_days': 130, 'n_estimators': 274, 'max_depth': 3, 'num_leaves': 27, 'learning_rate': 0.016698045525166766, 'subsample': 0.9952375899618838, 'colsample_bytree': 0.8144377937283438, 'min_child_samples': 88, 'reg_alpha': 0.002133995302102601, 'reg_lambda': 2.582339790441249e-06}. Best is trial 13 with value: 0.1413788838244268.
[I 2026-06-01 12:59:35,613] Trial 16 finished with value: -0.03247278172758592 and parameters: {'confidence_threshold': 0.7874178237398304, 'training_days': 110, 'n_estimators': 272, 'max_depth': 4, 'num_leaves': 15, 'learning_rate': 0.016459704929242987, 'subsample': 0.9856472124962254, 'colsample_bytree': 0.9373223525891455, 'min_child_samples': 86, 'reg_alpha': 0.0036991964421060736, 'reg_lambda': 3.178317487349024e-06}. Best is trial 13 with value: 0.1413788838244268.
[I 2026-06-01 12:59:35,757] Trial 17 finished with value: 0.07424161820055016 and parameters: {'confidence_threshold': 0.7985382269156178, 'training_days': 150, 'n_estimators': 277, 'max_depth': 3, 'num_leaves': 30, 'learning_rate': 0.014399917848714062, 'subsample': 0.8002407697944357, 'colsample_bytree': 0.8361866934059126, 'min_child_samples': 57, 'reg_alpha': 0.08560417463696936, 'reg_lambda': 1.7282871767632007e-06}. Best is trial 13 with value: 0.1413788838244268.
[I 2026-06-01 12:59:36,302] A new study created in memory with name: no-name-0d7ee5cf-c359-4003-bdaa-fa085fd83749
[I 2026-06-01 12:59:36,647] Trial 0 finished with value: -0.05246762020126838 and parameters: {'confidence_threshold': 0.6310890415965769, 'training_days': 480, 'n_estimators': 380, 'max_depth': 4, 'num_leaves': 22, 'learning_rate': 0.01699897838270077, 'subsample': 0.5290418060840998, 'colsample_bytree': 0.9330880728874675, 'min_child_samples': 68, 'reg_alpha': 0.023585940584142682, 'reg_lambda': 1.5320059381854043e-08}. Best is trial 0 with value: -0.05246762020126838.
[I 2026-06-01 12:59:36,773] Trial 1 finished with value: -3.932255540342337 and parameters: {'confidence_threshold': 0.839468448256698, 'training_days': 420, 'n_estimators': 145, 'max_depth': 3, 'num_leaves': 23, 'learning_rate': 0.028145092716060652, 'subsample': 0.762378215816119, 'colsample_bytree': 0.7159725093210578, 'min_child_samples': 43, 'reg_alpha': 0.0032112643094417484, 'reg_lambda': 1.8007140198129195e-07}. Best is trial 0 with value: -0.05246762020126838.
[I 2026-06-01 12:59:36,925] Trial 2 finished with value: -0.03878808213730933 and parameters: {'confidence_threshold': 0.6022506269873263, 'training_days': 190, 'n_estimators': 255, 'max_depth': 5, 'num_leaves': 24, 'learning_rate': 0.05748924681991978, 'subsample': 0.7962072844310213, 'colsample_bytree': 0.5232252063599989, 'min_child_samples': 69, 'reg_alpha': 3.425445902633376e-07, 'reg_lambda': 3.850031979199519e-08}. Best is trial 2 with value: -0.03878808213730933.
[I 2026-06-01 12:59:37,195] Trial 3 finished with value: -0.05476033667251188 and parameters: {'confidence_threshold': 0.8321099380386666, 'training_days': 490, 'n_estimators': 414, 'max_depth': 3, 'num_leaves': 19, 'learning_rate': 0.1024932221692416, 'subsample': 0.7200762468698007, 'colsample_bytree': 0.5610191174223894, 'min_child_samples': 60, 'reg_alpha': 2.039373116525212e-08, 'reg_lambda': 1.527156759251193}. Best is trial 2 with value: -0.03878808213730933.
[I 2026-06-01 12:59:37,352] Trial 4 finished with value: -0.037764398556297304 and parameters: {'confidence_threshold': 0.5905729935600059, 'training_days': 340, 'n_estimators': 190, 'max_depth': 4, 'num_leaves': 41, 'learning_rate': 0.01875220945578641, 'subsample': 0.9847923138822793, 'colsample_bytree': 0.8875664116805573, 'min_child_samples': 96, 'reg_alpha': 1.1309571585271483, 'reg_lambda': 0.002404915432737351}. Best is trial 4 with value: -0.037764398556297304.
[I 2026-06-01 12:59:37,389] Trial 5 finished with value: 0.004078572422445126 and parameters: {'confidence_threshold': 0.8226559822580909, 'training_days': 50, 'n_estimators': 138, 'max_depth': 3, 'num_leaves': 30, 'learning_rate': 0.03750796359625606, 'subsample': 0.6356745158869479, 'colsample_bytree': 0.9143687545759647, 'min_child_samples': 48, 'reg_alpha': 3.376063348877853e-06, 'reg_lambda': 0.0007660634613082914}. Best is trial 5 with value: 0.004078572422445126.
[I 2026-06-01 12:59:37,508] Trial 6 finished with value: 0.009218145721338389 and parameters: {'confidence_threshold': 0.5493234787411669, 'training_days': 410, 'n_estimators': 83, 'max_depth': 5, 'num_leaves': 52, 'learning_rate': 0.019657448966046126, 'subsample': 0.5027610585618012, 'colsample_bytree': 0.9077307142274171, 'min_child_samples': 77, 'reg_alpha': 0.03639690979811287, 'reg_lambda': 0.08738424135626986}. Best is trial 6 with value: 0.009218145721338389.
