[I 2026-06-01 12:59:13,617] Trial 5 finished with value: -0.10131797232420645 and parameters: {'confidence_threshold': 0.7111850244908446, 'training_days': 490, 'n_estimators': 362, 'max_depth': 5, 'num_leaves': 40, 'learning_rate': 0.05960785724162737, 'subsample': 0.5589714368907717, 'colsample_bytree': 0.6659006943232806, 'min_child_samples': 42, 'reg_alpha': 0.6741360303045295, 'reg_lambda': 6.054601607143087e-08}. Best is trial 2 with value: 0.010109762746451109.
[I 2026-06-01 12:59:13,798] Trial 6 finished with value: -0.07677140100280275 and parameters: {'confidence_threshold': 0.667482545748023, 'training_days': 420, 'n_estimators': 279, 'max_depth': 3, 'num_leaves': 45, 'learning_rate': 0.040099592560849204, 'subsample': 0.8563114696415159, 'colsample_bytree': 0.5442917781944105, 'min_child_samples': 50, 'reg_alpha': 1.6407916423707903e-08, 'reg_lambda': 2.935907642973286e-05}. Best is trial 2 with value: 0.010109762746451109.
[I 2026-06-01 12:59:13,954] Trial 7 finished with value: -0.08709962407080565 and parameters: {'confidence_threshold': 0.5497381024139926, 'training_days': 120, 'n_estimators': 408, 'max_depth': 5, 'num_leaves': 38, 'learning_rate': 0.28049122657745795, 'subsample': 0.8806573338635493, 'colsample_bytree': 0.5454054113547102, 'min_child_samples': 63, 'reg_alpha': 0.01263008637940408, 'reg_lambda': 0.04588020805366937}. Best is trial 2 with value: 0.010109762746451109.
[I 2026-06-01 12:59:14,214] Trial 8 finished with value: -0.10834675501619832 and parameters: {'confidence_threshold': 0.719644804808716, 'training_days': 450, 'n_estimators': 410, 'max_depth': 4, 'num_leaves': 57, 'learning_rate': 0.04022026551478857, 'subsample': 0.5336085426932707, 'colsample_bytree': 0.5705742850577543, 'min_child_samples': 100, 'reg_alpha': 5.916398047912201e-07, 'reg_lambda': 0.9794034214488329}. Best is trial 2 with value: 0.010109762746451109.
[I 2026-06-01 12:59:14,236] Trial 9 finished with value: -8.005719913112108 and parameters: {'confidence_threshold': 0.7267463643917187, 'training_days': 20, 'n_estimators': 337, 'max_depth': 5, 'num_leaves': 23, 'learning_rate': 0.022153031811454605, 'subsample': 0.6305627572358737, 'colsample_bytree': 0.6613413774216214, 'min_child_samples': 81, 'reg_alpha': 5.7638634029410314e-08, 'reg_lambda': 8.26603016764008}. Best is trial 2 with value: 0.010109762746451109.
[I 2026-06-01 12:59:14,262] Trial 10 finished with value: 0.010109762746451109 and parameters: {'confidence_threshold': 0.8398533911817929, 'training_days': 10, 'n_estimators': 228, 'max_depth': 3, 'num_leaves': 15, 'learning_rate': 0.2789359567293539, 'subsample': 0.6821883053833926, 'colsample_bytree': 0.9944479338273263, 'min_child_samples': 23, 'reg_alpha': 2.903134294418681, 'reg_lambda': 0.0032849428938367974}. Best is trial 2 with value: 0.010109762746451109.
[I 2026-06-01 12:59:14,287] Trial 11 finished with value: 0.010109762746451109 and parameters: {'confidence_threshold': 0.8491135887906174, 'training_days': 10, 'n_estimators': 209, 'max_depth': 3, 'num_leaves': 15, 'learning_rate': 0.27815973382833, 'subsample': 0.6879062534938418, 'colsample_bytree': 0.9628722124262472, 'min_child_samples': 20, 'reg_alpha': 9.461112950663296, 'reg_lambda': 0.004788595467491423}. Best is trial 2 with value: 0.010109762746451109.
[I 2026-06-01 12:59:14,451] Trial 12 finished with value: -0.09309207782844528 and parameters: {'confidence_threshold': 0.83900033179092, 'training_days': 140, 'n_estimators': 219, 'max_depth': 4, 'num_leaves': 57, 'learning_rate': 0.14143539714508013, 'subsample': 0.7066421539868052, 'colsample_bytree': 0.9826583982594713, 'min_child_samples': 38, 'reg_alpha': 0.02694721219722944, 'reg_lambda': 0.002586791714474608}. Best is trial 2 with value: 0.010109762746451109.
[I 2026-06-01 12:59:14,585] Trial 13 finished with value: -0.020378188002362647 and parameters: {'confidence_threshold': 0.5040535938350955, 'training_days': 200, 'n_estimators': 219, 'max_depth': 3, 'num_leaves': 27, 'learning_rate': 0.15892994284987041, 'subsample': 0.6231621855799615, 'colsample_bytree': 0.6451068859491428, 'min_child_samples': 54, 'reg_alpha': 0.0001325242033987599, 'reg_lambda': 5.312802003286294e-06}. Best is trial 2 with value: 0.010109762746451109.
[I 2026-06-01 12:59:14,680] Trial 14 finished with value: -0.03870553646922604 and parameters: {'confidence_threshold': 0.7723320301796328, 'training_days': 70, 'n_estimators': 500, 'max_depth': 3, 'num_leaves': 17, 'learning_rate': 0.10885680991659169, 'subsample': 0.7851487748866213, 'colsample_bytree': 0.7921009662363301, 'min_child_samples': 22, 'reg_alpha': 8.082904417668777, 'reg_lambda': 0.00974234545252979}. Best is trial 2 with value: 0.010109762746451109.

    [trial 15] 48 features, training_days=400 | threshold=0.505 | labels: 1033 long, 1135 short (48/52%)
    [trial 15] Sharpe=-0.0917 (folds: -0.1324, -0.0262, -0.2008, 0.0313, -0.1306)
    [trial 16] 48 features, training_days=220 | threshold=0.562 | labels: 1033 long, 1135 short (48/52%)
    [trial 16] Sharpe=-0.1030 (folds: -0.1393, 0.0019, -0.2150, -0.1031, -0.0594)
    [trial 17] 48 features, training_days=90 | threshold=0.632 | labels: 1033 long, 1135 short (48/52%)
    [trial 17] Sharpe=-0.1010 (folds: -0.1870, -0.1172, 0.0047, -0.0788, -0.1270)
  Optuna: 18 trials, best Sharpe = -0.0390
  Best params: n_estimators=255, max_depth=5, lr=0.0575, leaves=24
  Best confidence_threshold: 0.602
  Best training_days: 190
  Retrained on full data (570 samples, 48 features)
  [ensemble 2/3] seed=123
    [trial 0] 48 features, training_days=150 | threshold=0.744 | labels: 1033 long, 1135 short (48/52%)
    [CV fold 0] train_end=2021-12-23 08:00 | val_start=2021-12-31 00:00 | gap=184h (22 rows)
    [CV fold 1] train_end=2022-04-22 16:00 | val_start=2022-04-30 08:00 | gap=184h (22 rows)
    [CV fold 2] train_end=2022-08-21 00:00 | val_start=2022-08-28 16:00 | gap=184h (22 rows)
    [CV fold 3] train_end=2022-12-19 08:00 | val_start=2022-12-27 00:00 | gap=184h (22 rows)
    [CV fold 4] train_end=2023-04-18 16:00 | val_start=2023-04-26 08:00 | gap=184h (22 rows)
    [trial 0] Sharpe=-0.0635 (folds: -0.2034, -0.1465, -0.1223, 0.0870, 0.0677)
    [trial 1] 48 features, training_days=220 | threshold=0.755 | labels: 1033 long, 1135 short (48/52%)
    [trial 1] Sharpe=-2.0975 (folds: 0.2110, -0.0884, -0.0409, -0.5693, -10.0000)
    [trial 2] 48 features, training_days=310 | threshold=0.754 | labels: 1033 long, 1135 short (48/52%)
    [trial 2] Sharpe=-0.0904 (folds: -0.1563, -0.0293, -0.0375, 0.0084, -0.2376)
    [trial 3] 48 features, training_days=220 | threshold=0.673 | labels: 1033 long, 1135 short (48/52%)
    [trial 3] Sharpe=-0.0586 (folds: -0.0573, 0.0567, -0.2087, 0.0350, -0.1187)
    [trial 4] 48 features, training_days=130 | threshold=0.803 | labels: 1033 long, 1135 short (48/52%)
    [trial 4] Sharpe=-0.1060 (folds: -0.1735, -0.0923, -0.2300, -0.1228, 0.0887)
    [trial 5] 48 features, training_days=210 | threshold=0.606 | labels: 1033 long, 1135 short (48/52%)
    [trial 5] Sharpe=-0.0882 (folds: -0.1626, 0.0007, -0.1373, -0.0395, -0.1024)
    [trial 6] 48 features, training_days=130 | threshold=0.767 | labels: 1033 long, 1135 short (48/52%)
    [trial 6] Sharpe=-0.0807 (folds: -0.0920, -0.0844, -0.1475, -0.1084, 0.0285)
    [trial 7] 48 features, training_days=80 | threshold=0.556 | labels: 1033 long, 1135 short (48/52%)
    [trial 7] Sharpe=-0.0374 (folds: -0.1320, 0.0256, 0.0468, -0.0559, -0.0715)
    [trial 8] 48 features, training_days=200 | threshold=0.607 | labels: 1033 long, 1135 short (48/52%)
    [trial 8] Sharpe=-0.0198 (folds: -0.0605, 0.0684, -0.1104, 0.0184, -0.0148)
    [trial 9] 48 features, training_days=260 | threshold=0.620 | labels: 1033 long, 1135 short (48/52%)
    [trial 9] Sharpe=-0.0962 (folds: -0.1828, 0.0037, -0.1019, -0.0353, -0.1645)
    [trial 10] 48 features, training_days=470 | threshold=0.534 | labels: 1033 long, 1135 short (48/52%)
    [trial 10] Sharpe=-0.0891 (folds: -0.1586, 0.0319, -0.1217, 0.0533, -0.2505)
    [trial 11] 48 features, training_days=30 | threshold=0.513 | labels: 1033 long, 1135 short (48/52%)
    [trial 11] Sharpe=0.0296 (folds: 0.0435, 0.1512, -0.0286, 0.2305, -0.2486)
    [trial 12] 48 features, training_days=20 | threshold=0.510 | labels: 1033 long, 1135 short (48/52%)
    [trial 12] Sharpe=0.0049 (folds: -0.0209, -0.1750, -0.0286, 0.2305, 0.0186)
    [trial 13] 48 features, training_days=10 | threshold=0.502 | labels: 1033 long, 1135 short (48/52%)
    [trial 13] Sharpe=0.0101 (folds: 0.0435, 0.1512, -0.0286, -0.1341, 0.0186)
    [trial 14] 48 features, training_days=20 | threshold=0.564 | labels: 1033 long, 1135 short (48/52%)
    [trial 14] Sharpe=-1.9601 (folds: -0.0209, -10.0000, -0.0286, 0.2305, 0.0186)
    [trial 15] 48 features, training_days=340 | threshold=0.503 | labels: 1033 long, 1135 short (48/52%)
    [trial 15] Sharpe=-0.1086 (folds: -0.0774, -0.0398, -0.1452, -0.0047, -0.2758)
    [trial 16] 48 features, training_days=70 | threshold=0.671 | labels: 1033 long, 1135 short (48/52%)
    [trial 16] Sharpe=-0.0815 (folds: -0.2148, -0.0608, -0.0699, -0.1500, 0.0880)
    [trial 17] 48 features, training_days=70 | threshold=0.579 | labels: 1033 long, 1135 short (48/52%)
    [trial 17] Sharpe=-0.0764 (folds: -0.1921, 0.0336, -0.1065, -0.0824, -0.0344)
  Optuna: 18 trials, best Sharpe = 0.0296
  Best params: n_estimators=478, max_depth=3, lr=0.1220, leaves=48
  Best confidence_threshold: 0.513
  Best training_days: 30
  Retrained on full data (90 samples, 48 features)
  [ensemble 3/3] seed=456
    [trial 0] 48 features, training_days=90 | threshold=0.587 | labels: 1033 long, 1135 short (48/52%)
    [CV fold 0] train_end=2021-12-23 08:00 | val_start=2021-12-31 00:00 | gap=184h (22 rows)
    [CV fold 1] train_end=2022-04-22 16:00 | val_start=2022-04-30 08:00 | gap=184h (22 rows)
    [CV fold 2] train_end=2022-08-21 00:00 | val_start=2022-08-28 16:00 | gap=184h (22 rows)
    [CV fold 3] train_end=2022-12-19 08:00 | val_start=2022-12-27 00:00 | gap=184h (22 rows)
    [CV fold 4] train_end=2023-04-18 16:00 | val_start=2023-04-26 08:00 | gap=184h (22 rows)
    [trial 0] Sharpe=-0.0419 (folds: -0.0071, -0.0367, -0.0023, -0.0165, -0.1471)
    [trial 1] 48 features, training_days=290 | threshold=0.635 | labels: 1033 long, 1135 short (48/52%)
    [trial 1] Sharpe=-0.1256 (folds: -0.2286, -0.0178, -0.1739, 0.0071, -0.2150)
    [trial 2] 48 features, training_days=10 | threshold=0.585 | labels: 1033 long, 1135 short (48/52%)
    [trial 2] Sharpe=0.0101 (folds: 0.0435, 0.1512, -0.0286, -0.1341, 0.0186)
    [trial 3] 48 features, training_days=220 | threshold=0.687 | labels: 1033 long, 1135 short (48/52%)
    [trial 3] Sharpe=-0.1346 (folds: -0.1953, -0.0441, -0.2300, -0.1644, -0.0394)
    [trial 4] 48 features, training_days=300 | threshold=0.562 | labels: 1033 long, 1135 short (48/52%)
    [trial 4] Sharpe=-0.0854 (folds: -0.1158, -0.0025, -0.1223, 0.0817, -0.2681)
    [trial 5] 48 features, training_days=490 | threshold=0.711 | labels: 1033 long, 1135 short (48/52%)
    [trial 5] Sharpe=-0.1013 (folds: -0.0994, -0.0301, -0.2136, 0.0570, -0.2205)
    [trial 6] 48 features, training_days=420 | threshold=0.667 | labels: 1033 long, 1135 short (48/52%)
    [trial 6] Sharpe=-0.0768 (folds: -0.1930, 0.0256, -0.1330, 0.0766, -0.1601)
    [trial 7] 48 features, training_days=120 | threshold=0.550 | labels: 1033 long, 1135 short (48/52%)
    [trial 7] Sharpe=-0.0871 (folds: -0.0342, 0.0197, -0.2153, -0.0559, -0.1499)
    [trial 8] 48 features, training_days=450 | threshold=0.720 | labels: 1033 long, 1135 short (48/52%)
    [trial 8] Sharpe=-0.1083 (folds: -0.1495, -0.0222, -0.1641, -0.1627, -0.0433)
    [trial 9] 48 features, training_days=20 | threshold=0.727 | labels: 1033 long, 1135 short (48/52%)
    [trial 9] Sharpe=-8.0057 (folds: -10.0000, -10.0000, -0.0286, -10.0000, -10.0000)
    [trial 10] 48 features, training_days=10 | threshold=0.840 | labels: 1033 long, 1135 short (48/52%)
    [trial 10] Sharpe=0.0101 (folds: 0.0435, 0.1512, -0.0286, -0.1341, 0.0186)
    [trial 11] 48 features, training_days=10 | threshold=0.849 | labels: 1033 long, 1135 short (48/52%)
    [trial 11] Sharpe=0.0101 (folds: 0.0435, 0.1512, -0.0286, -0.1341, 0.0186)
    [trial 12] 48 features, training_days=140 | threshold=0.839 | labels: 1033 long, 1135 short (48/52%)
    [trial 12] Sharpe=-0.0931 (folds: -0.1319, -0.1288, -0.1660, -0.0308, -0.0079)
    [trial 13] 48 features, training_days=200 | threshold=0.504 | labels: 1033 long, 1135 short (48/52%)
    [trial 13] Sharpe=-0.0204 (folds: -0.0798, 0.0599, -0.0726, -0.0416, 0.0322)
    [trial 14] 48 features, training_days=70 | threshold=0.772 | labels: 1033 long, 1135 short (48/52%)
    [trial 14] Sharpe=-0.0387 (folds: -0.1017, 0.0730, -0.1025, -0.0520, -0.0104)
    [trial 15] 48 features, training_days=160 | threshold=0.783 | labels: 1033 long, 1135 short (48/52%)[I 2026-06-01 12:59:14,794] Trial 15 finished with value: -4.1137860701462845 and parameters: {'confidence_threshold': 0.7829525506318393, 'training_days': 160, 'n_estimators': 168, 'max_depth': 3, 'num_leaves': 51, 'learning_rate': 0.010017412216024365, 'subsample': 0.6120390612600266, 'colsample_bytree': 0.502925720040233, 'min_child_samples': 34, 'reg_alpha': 0.13059613104316006, 'reg_lambda': 0.0006156141946978409}. Best is trial 2 with value: 0.010109762746451109.
[I 2026-06-01 12:59:15,041] Trial 16 finished with value: -0.10559482730696482 and parameters: {'confidence_threshold': 0.6219694252722007, 'training_days': 360, 'n_estimators': 277, 'max_depth': 4, 'num_leaves': 30, 'learning_rate': 0.22801137105963568, 'subsample': 0.6982537545716929, 'colsample_bytree': 0.9182910580304163, 'min_child_samples': 48, 'reg_alpha': 0.0002638845618184788, 'reg_lambda': 0.09115701068245131}. Best is trial 2 with value: 0.010109762746451109.
[I 2026-06-01 12:59:15,126] Trial 17 finished with value: -0.03605470099443468 and parameters: {'confidence_threshold': 0.5028255678835912, 'training_days': 70, 'n_estimators': 319, 'max_depth': 3, 'num_leaves': 22, 'learning_rate': 0.1913942156766461, 'subsample': 0.7671123975508201, 'colsample_bytree': 0.720096132447481, 'min_child_samples': 62, 'reg_alpha': 0.0032469148398323448, 'reg_lambda': 3.756010955927394}. Best is trial 2 with value: 0.010109762746451109.
[I 2026-06-01 12:59:15,630] A new study created in memory with name: no-name-391c28f9-9d69-42ff-9e7c-7144a6c5b02b
[I 2026-06-01 12:59:15,985] Trial 0 finished with value: -0.13509054917343777 and parameters: {'confidence_threshold': 0.6310890415965769, 'training_days': 480, 'n_estimators': 380, 'max_depth': 4, 'num_leaves': 22, 'learning_rate': 0.01699897838270077, 'subsample': 0.5290418060840998, 'colsample_bytree': 0.9330880728874675, 'min_child_samples': 68, 'reg_alpha': 0.023585940584142682, 'reg_lambda': 1.5320059381854043e-08}. Best is trial 0 with value: -0.13509054917343777.
[I 2026-06-01 12:59:16,110] Trial 1 finished with value: -4.130885250095681 and parameters: {'confidence_threshold': 0.839468448256698, 'training_days': 420, 'n_estimators': 145, 'max_depth': 3, 'num_leaves': 23, 'learning_rate': 0.028145092716060652, 'subsample': 0.762378215816119, 'colsample_bytree': 0.7159725093210578, 'min_child_samples': 43, 'reg_alpha': 0.0032112643094417484, 'reg_lambda': 1.8007140198129195e-07}. Best is trial 0 with value: -0.13509054917343777.
[I 2026-06-01 12:59:16,261] Trial 2 finished with value: -0.07752696878136107 and parameters: {'confidence_threshold': 0.6022506269873263, 'training_days': 190, 'n_estimators': 255, 'max_depth': 5, 'num_leaves': 24, 'learning_rate': 0.05748924681991978, 'subsample': 0.7962072844310213, 'colsample_bytree': 0.5232252063599989, 'min_child_samples': 69, 'reg_alpha': 3.425445902633376e-07, 'reg_lambda': 3.850031979199519e-08}. Best is trial 2 with value: -0.07752696878136107.
[I 2026-06-01 12:59:16,545] Trial 3 finished with value: -0.09416911127942816 and parameters: {'confidence_threshold': 0.8321099380386666, 'training_days': 490, 'n_estimators': 414, 'max_depth': 3, 'num_leaves': 19, 'learning_rate': 0.1024932221692416, 'subsample': 0.7200762468698007, 'colsample_bytree': 0.5610191174223894, 'min_child_samples': 60, 'reg_alpha': 2.039373116525212e-08, 'reg_lambda': 1.527156759251193}. Best is trial 2 with value: -0.07752696878136107.
[I 2026-06-01 12:59:16,703] Trial 4 finished with value: -0.10088689513481323 and parameters: {'confidence_threshold': 0.5905729935600059, 'training_days': 340, 'n_estimators': 190, 'max_depth': 4, 'num_leaves': 41, 'learning_rate': 0.01875220945578641, 'subsample': 0.9847923138822793, 'colsample_bytree': 0.8875664116805573, 'min_child_samples': 96, 'reg_alpha': 1.1309571585271483, 'reg_lambda': 0.002404915432737351}. Best is trial 2 with value: -0.07752696878136107.
[I 2026-06-01 12:59:16,754] Trial 5 finished with value: 0.12092704110126047 and parameters: {'confidence_threshold': 0.8226559822580909, 'training_days': 50, 'n_estimators': 138, 'max_depth': 3, 'num_leaves': 30, 'learning_rate': 0.03750796359625606, 'subsample': 0.6356745158869479, 'colsample_bytree': 0.9143687545759647, 'min_child_samples': 48, 'reg_alpha': 3.376063348877853e-06, 'reg_lambda': 0.0007660634613082914}. Best is trial 5 with value: 0.12092704110126047.
[I 2026-06-01 12:59:16,871] Trial 6 finished with value: -0.056038961617584614 and parameters: {'confidence_threshold': 0.5493234787411669, 'training_days': 410, 'n_estimators': 83, 'max_depth': 5, 'num_leaves': 52, 'learning_rate': 0.019657448966046126, 'subsample': 0.5027610585618012, 'colsample_bytree': 0.9077307142274171, 'min_child_samples': 77, 'reg_alpha': 0.03639690979811287, 'reg_lambda': 0.08738424135626986}. Best is trial 5 with value: 0.12092704110126047.
[I 2026-06-01 12:59:16,972] Trial 7 finished with value: -0.014352605472661695 and parameters: {'confidence_threshold': 0.5259156281069316, 'training_days': 180, 'n_estimators': 102, 'max_depth': 5, 'num_leaves': 45, 'learning_rate': 0.030816017044468066, 'subsample': 0.5317791751430119, 'colsample_bytree': 0.6554911608578311, 'min_child_samples': 46, 'reg_alpha': 0.036851536911881845, 'reg_lambda': 0.005470376807480391}. Best is trial 5 with value: 0.12092704110126047.
[I 2026-06-01 12:59:17,091] Trial 8 finished with value: -0.11290047968105577 and parameters: {'confidence_threshold': 0.8105244599017143, 'training_days': 240, 'n_estimators': 103, 'max_depth': 5, 'num_leaves': 52, 'learning_rate': 0.06746437142284309, 'subsample': 0.8854835899772805, 'colsample_bytree': 0.7468977981821954, 'min_child_samples': 62, 'reg_alpha': 7.04480806377519e-05, 'reg_lambda': 1.6934490731313353e-08}. Best is trial 5 with value: 0.12092704110126047.
[I 2026-06-01 12:59:17,114] Trial 9 finished with value: -0.025610640774299497 and parameters: {'confidence_threshold': 0.5377619994476566, 'training_days': 20, 'n_estimators': 337, 'max_depth': 3, 'num_leaves': 39, 'learning_rate': 0.21907142272152816, 'subsample': 0.6246461145744375, 'colsample_bytree': 0.7051914615178149, 'min_child_samples': 81, 'reg_alpha': 1.1459970229341322e-06, 'reg_lambda': 4.929685216887945e-08}. Best is trial 5 with value: 0.12092704110126047.
