[I 2026-06-01 12:58:17,707] Trial 15 finished with value: -0.11720451002388824 and parameters: {'confidence_threshold': 0.5039479214325042, 'training_days': 220, 'n_estimators': 241, 'max_depth': 4, 'num_leaves': 53, 'learning_rate': 0.12103273041384975, 'subsample': 0.7499149397620686, 'colsample_bytree': 0.9946923104911726, 'min_child_samples': 86, 'reg_alpha': 0.002133995302102601, 'reg_lambda': 0.0026406526000485684}. Best is trial 12 with value: -0.06356049888409972.
[I 2026-06-01 12:58:17,855] Trial 16 finished with value: -0.16571287015183206 and parameters: {'confidence_threshold': 0.7809712285122007, 'training_days': 360, 'n_estimators': 153, 'max_depth': 4, 'num_leaves': 51, 'learning_rate': 0.2459880556796207, 'subsample': 0.9305352657966794, 'colsample_bytree': 0.9373223525891455, 'min_child_samples': 86, 'reg_alpha': 0.0010997119098546905, 'reg_lambda': 1.0383687896863917e-06}. Best is trial 12 with value: -0.06356049888409972.
[I 2026-06-01 12:58:18,035] Trial 17 finished with value: -0.08397576051921327 and parameters: {'confidence_threshold': 0.5380909031379892, 'training_days': 190, 'n_estimators': 300, 'max_depth': 4, 'num_leaves': 62, 'learning_rate': 0.10216132747231207, 'subsample': 0.8002407697944357, 'colsample_bytree': 0.8393625696751323, 'min_child_samples': 66, 'reg_alpha': 0.0856242662156231, 'reg_lambda': 0.0036189429663197248}. Best is trial 12 with value: -0.06356049888409972.

    [trial 6] Sharpe=-0.1120 (folds: -0.2285, -0.0323, -0.0605, -0.0347, -0.2039)
    [trial 7] 48 features, training_days=80 | threshold=0.556 | labels: 1075 long, 1093 short (50/50%)
    [trial 7] Sharpe=-0.1161 (folds: -0.0720, 0.0037, -0.1517, -0.2805, -0.0800)
    [trial 8] 48 features, training_days=200 | threshold=0.607 | labels: 1075 long, 1093 short (50/50%)
    [trial 8] Sharpe=-0.1055 (folds: -0.2644, 0.0069, -0.0336, -0.0051, -0.2310)
    [trial 9] 48 features, training_days=260 | threshold=0.620 | labels: 1075 long, 1093 short (50/50%)
    [trial 9] Sharpe=-0.0993 (folds: -0.2083, 0.0128, -0.0891, 0.0597, -0.2716)
    [trial 10] 48 features, training_days=470 | threshold=0.534 | labels: 1075 long, 1093 short (50/50%)
    [trial 10] Sharpe=-0.1095 (folds: -0.2001, -0.0416, -0.1347, -0.0668, -0.1044)
    [trial 11] 48 features, training_days=340 | threshold=0.633 | labels: 1075 long, 1093 short (50/50%)
    [trial 11] Sharpe=-0.1159 (folds: -0.2010, -0.0416, -0.0915, 0.0833, -0.3289)
    [trial 12] 48 features, training_days=20 | threshold=0.596 | labels: 1075 long, 1093 short (50/50%)
    [trial 12] Sharpe=-0.1258 (folds: -0.4008, -0.2245, 0.1655, -0.0081, -0.1610)
    [trial 13] 48 features, training_days=340 | threshold=0.504 | labels: 1075 long, 1093 short (50/50%)
    [trial 13] Sharpe=-0.1011 (folds: -0.1753, -0.0288, -0.0526, -0.0216, -0.2272)
    [trial 14] 48 features, training_days=290 | threshold=0.666 | labels: 1075 long, 1093 short (50/50%)
    [trial 14] Sharpe=-0.1674 (folds: -0.2241, -0.1271, -0.0541, -0.0931, -0.3388)
    [trial 15] 48 features, training_days=460 | threshold=0.710 | labels: 1075 long, 1093 short (50/50%)
    [trial 15] Sharpe=-0.1028 (folds: -0.1990, -0.0393, -0.0532, -0.0563, -0.1659)
    [trial 16] 48 features, training_days=270 | threshold=0.579 | labels: 1075 long, 1093 short (50/50%)
    [trial 16] Sharpe=-0.1236 (folds: -0.1621, -0.0123, -0.1455, -0.0990, -0.1993)
    [trial 17] 48 features, training_days=390 | threshold=0.624 | labels: 1075 long, 1093 short (50/50%)
    [trial 17] Sharpe=-0.1661 (folds: -0.2356, -0.0451, -0.0763, -0.1118, -0.3616)
  Optuna: 18 trials, best Sharpe = -0.0936
  Best params: n_estimators=357, max_depth=5, lr=0.0974, leaves=40
  Best confidence_threshold: 0.606
  Best training_days: 210
  Retrained on full data (630 samples, 48 features)
  [ensemble 3/3] seed=456
    [trial 0] 48 features, training_days=90 | threshold=0.587 | labels: 1075 long, 1093 short (50/50%)
    [CV fold 0] train_end=2021-06-22 08:00 | val_start=2021-06-30 00:00 | gap=184h (22 rows)
    [CV fold 1] train_end=2021-10-20 16:00 | val_start=2021-10-28 08:00 | gap=184h (22 rows)
    [CV fold 2] train_end=2022-02-18 00:00 | val_start=2022-02-25 16:00 | gap=184h (22 rows)
    [CV fold 3] train_end=2022-06-18 08:00 | val_start=2022-06-26 00:00 | gap=184h (22 rows)
    [CV fold 4] train_end=2022-10-16 16:00 | val_start=2022-10-24 08:00 | gap=184h (22 rows)
    [trial 0] Sharpe=-0.0914 (folds: -0.0954, -0.1432, -0.0285, -0.1056, -0.0842)
    [trial 1] 48 features, training_days=290 | threshold=0.635 | labels: 1075 long, 1093 short (50/50%)
    [trial 1] Sharpe=-0.1220 (folds: -0.1928, -0.0454, -0.0615, 0.0100, -0.3206)
    [trial 2] 48 features, training_days=10 | threshold=0.585 | labels: 1075 long, 1093 short (50/50%)
    [trial 2] Sharpe=-1.9234 (folds: -10.0000, 0.1861, 0.1655, -0.0762, 0.1078)
    [trial 3] 48 features, training_days=220 | threshold=0.687 | labels: 1075 long, 1093 short (50/50%)
    [trial 3] Sharpe=-0.1593 (folds: -0.3475, -0.1754, -0.1284, 0.0019, -0.1471)
    [trial 4] 48 features, training_days=300 | threshold=0.562 | labels: 1075 long, 1093 short (50/50%)
    [trial 4] Sharpe=-0.1603 (folds: -0.1921, -0.1874, -0.1133, -0.0347, -0.2743)
    [trial 5] 48 features, training_days=490 | threshold=0.711 | labels: 1075 long, 1093 short (50/50%)
    [trial 5] Sharpe=-0.1442 (folds: -0.2555, -0.0463, -0.0672, -0.0710, -0.2810)
    [trial 6] 48 features, training_days=420 | threshold=0.667 | labels: 1075 long, 1093 short (50/50%)
    [trial 6] Sharpe=-0.1554 (folds: -0.2334, -0.0611, -0.1282, -0.0380, -0.3162)
    [trial 7] 48 features, training_days=120 | threshold=0.550 | labels: 1075 long, 1093 short (50/50%)
    [trial 7] Sharpe=-0.1406 (folds: -0.2308, -0.0331, -0.0933, -0.1921, -0.1537)
    [trial 8] 48 features, training_days=450 | threshold=0.720 | labels: 1075 long, 1093 short (50/50%)
    [trial 8] Sharpe=-0.1412 (folds: -0.1956, -0.0832, -0.0958, -0.0764, -0.2548)
    [trial 9] 48 features, training_days=20 | threshold=0.727 | labels: 1075 long, 1093 short (50/50%)
    [trial 9] Sharpe=-2.0456 (folds: -10.0000, -0.2245, 0.1655, -0.0081, -0.1610)
    [trial 10] 48 features, training_days=130 | threshold=0.840 | labels: 1075 long, 1093 short (50/50%)
    [trial 10] Sharpe=-0.1374 (folds: -0.2478, 0.0825, -0.2137, -0.0734, -0.2347)
    [trial 11] 48 features, training_days=310 | threshold=0.620 | labels: 1075 long, 1093 short (50/50%)
    [trial 11] Sharpe=-0.1608 (folds: -0.2472, -0.0293, -0.0902, -0.1249, -0.3126)
    [trial 12] 48 features, training_days=210 | threshold=0.515 | labels: 1075 long, 1093 short (50/50%)
    [trial 12] Sharpe=-0.0636 (folds: -0.1632, 0.0466, -0.0282, -0.0141, -0.1589)
    [trial 13] 48 features, training_days=160 | threshold=0.501 | labels: 1075 long, 1093 short (50/50%)
    [trial 13] Sharpe=-0.0961 (folds: -0.2270, 0.0350, -0.0216, -0.0613, -0.2056)
    [trial 14] 48 features, training_days=80 | threshold=0.506 | labels: 1075 long, 1093 short (50/50%)
    [trial 14] Sharpe=-0.0753 (folds: -0.0308, 0.0299, -0.1244, -0.2051, -0.0463)
    [trial 15] 48 features, training_days=220 | threshold=0.504 | labels: 1075 long, 1093 short (50/50%)
    [trial 15] Sharpe=-0.1172 (folds: -0.2031, -0.0782, -0.0632, -0.0866, -0.1549)
    [trial 16] 48 features, training_days=360 | threshold=0.781 | labels: 1075 long, 1093 short (50/50%)
    [trial 16] Sharpe=-0.1657 (folds: -0.2344, -0.0754, -0.1050, -0.0794, -0.3344)
    [trial 17] 48 features, training_days=190 | threshold=0.538 | labels: 1075 long, 1093 short (50/50%)
    [trial 17] Sharpe=-0.0840 (folds: -0.2039, 0.0086, 0.0089, -0.0055, -0.2280)
  Optuna: 18 trials, best Sharpe = -0.0636
  Best params: n_estimators=57, max_depth=5, lr=0.0954, leaves=51
  Best confidence_threshold: 0.515
  Best training_days: 210
  Retrained on full data (630 samples, 48 features)
  OOD: 16 features, cutoff (q=0.7) = 9.19
  Model trained for 2023-03: 93 test candles with features, confidence_threshold=0.621
[trade:close] 2023-03-03 07:59 BTCUSDT LONG → stop_loss @ 22056.00 | PnL=-4.09% (net -4.19%) | cum=-14.06% 2023-03=-4.19% 2023-03-03=-4.19%
[predict] 2023-03-04 00:00 BTCUSDT → LONG (proba=0.82 TP=7.7%/SL=3.8%)
[trade:open] 2023-03-04 07:59 BTCUSDT LONG @ 22346.60 | SL=21489.49 TP=24060.82 | timeout=2023-03-11 07:59
[trade:close] 2023-03-09 23:59 BTCUSDT LONG → stop_loss @ 21489.49 | PnL=-3.84% (net -3.94%) | cum=-18.00% 2023-03=-8.12% 2023-03-09=-3.94%
[predict] 2023-03-11 16:00 BTCUSDT → SHORT (proba=0.70 TP=9.4%/SL=4.7%)
[trade:open] 2023-03-11 23:59 BTCUSDT SHORT @ 20447.30 | SL=21406.12 TP=18529.67 | timeout=2023-03-18 23:59
[trade:close] 2023-03-12 23:59 BTCUSDT SHORT → stop_loss @ 21406.12 | PnL=-4.69% (net -4.79%) | cum=-22.78% 2023-03=-12.91% 2023-03-12=-4.79%
[predict] 2023-03-16 08:00 BTCUSDT → LONG (proba=0.73 TP=13.1%/SL=6.6%)
[trade:open] 2023-03-16 15:59 BTCUSDT LONG @ 24880.60 | SL=23250.12 TP=28141.57 | timeout=2023-03-23 15:59
[trade:close] 2023-03-19 23:59 BTCUSDT LONG → take_profit @ 28141.57 | PnL=+13.11% (net +13.01%) | cum=-9.78% 2023-03=+0.09% 2023-03-19=+13.01%
[predict] 2023-03-21 00:00 BTCUSDT → LONG (proba=0.83 TP=11.3%/SL=5.6%)
[trade:open] 2023-03-21 07:59 BTCUSDT LONG @ 27490.90 | SL=25941.33 TP=30590.05 | timeout=2023-03-28 07:59
[trade:close] 2023-03-28 08:00 BTCUSDT LONG → timeout @ 26947.30 | PnL=-1.98% (net -2.08%) | cum=-11.86% 2023-03=-1.98% 2023-03-28=-2.08%
[predict] 2023-03-29 00:00 BTCUSDT → SHORT (proba=0.88 TP=9.1%/SL=4.6%)
[trade:open] 2023-03-29 07:59 BTCUSDT SHORT @ 28077.70 | SL=29359.55 TP=25514.00 | timeout=2023-04-05 07:59
[lgbm] === Training for 2023-04 ===[I 2026-06-01 12:58:18,496] A new study created in memory with name: no-name-3061743a-a749-4be4-9c56-d408877a5367
[I 2026-06-01 12:58:18,834] Trial 0 finished with value: -0.03923523853029167 and parameters: {'confidence_threshold': 0.6310890415965769, 'training_days': 480, 'n_estimators': 380, 'max_depth': 4, 'num_leaves': 22, 'learning_rate': 0.01699897838270077, 'subsample': 0.5290418060840998, 'colsample_bytree': 0.9330880728874675, 'min_child_samples': 68, 'reg_alpha': 0.023585940584142682, 'reg_lambda': 1.5320059381854043e-08}. Best is trial 0 with value: -0.03923523853029167.
[I 2026-06-01 12:58:18,961] Trial 1 finished with value: -3.9443556794265353 and parameters: {'confidence_threshold': 0.839468448256698, 'training_days': 420, 'n_estimators': 145, 'max_depth': 3, 'num_leaves': 23, 'learning_rate': 0.028145092716060652, 'subsample': 0.762378215816119, 'colsample_bytree': 0.7159725093210578, 'min_child_samples': 43, 'reg_alpha': 0.0032112643094417484, 'reg_lambda': 1.8007140198129195e-07}. Best is trial 0 with value: -0.03923523853029167.
[I 2026-06-01 12:58:19,097] Trial 2 finished with value: -0.05719159890388505 and parameters: {'confidence_threshold': 0.6022506269873263, 'training_days': 190, 'n_estimators': 255, 'max_depth': 5, 'num_leaves': 24, 'learning_rate': 0.05748924681991978, 'subsample': 0.7962072844310213, 'colsample_bytree': 0.5232252063599989, 'min_child_samples': 69, 'reg_alpha': 3.425445902633376e-07, 'reg_lambda': 3.850031979199519e-08}. Best is trial 0 with value: -0.03923523853029167.
[I 2026-06-01 12:58:19,346] Trial 3 finished with value: -0.12099591695358165 and parameters: {'confidence_threshold': 0.8321099380386666, 'training_days': 490, 'n_estimators': 414, 'max_depth': 3, 'num_leaves': 19, 'learning_rate': 0.1024932221692416, 'subsample': 0.7200762468698007, 'colsample_bytree': 0.5610191174223894, 'min_child_samples': 60, 'reg_alpha': 2.039373116525212e-08, 'reg_lambda': 1.527156759251193}. Best is trial 0 with value: -0.03923523853029167.
[I 2026-06-01 12:58:19,494] Trial 4 finished with value: -0.043388375925598605 and parameters: {'confidence_threshold': 0.5905729935600059, 'training_days': 340, 'n_estimators': 190, 'max_depth': 4, 'num_leaves': 41, 'learning_rate': 0.01875220945578641, 'subsample': 0.9847923138822793, 'colsample_bytree': 0.8875664116805573, 'min_child_samples': 96, 'reg_alpha': 1.1309571585271483, 'reg_lambda': 0.002404915432737351}. Best is trial 0 with value: -0.03923523853029167.
[I 2026-06-01 12:58:19,531] Trial 5 finished with value: -0.017296964385551027 and parameters: {'confidence_threshold': 0.8226559822580909, 'training_days': 50, 'n_estimators': 138, 'max_depth': 3, 'num_leaves': 30, 'learning_rate': 0.03750796359625606, 'subsample': 0.6356745158869479, 'colsample_bytree': 0.9143687545759647, 'min_child_samples': 48, 'reg_alpha': 3.376063348877853e-06, 'reg_lambda': 0.0007660634613082914}. Best is trial 5 with value: -0.017296964385551027.
[I 2026-06-01 12:58:19,634] Trial 6 finished with value: -0.1302572477192509 and parameters: {'confidence_threshold': 0.5493234787411669, 'training_days': 410, 'n_estimators': 83, 'max_depth': 5, 'num_leaves': 52, 'learning_rate': 0.019657448966046126, 'subsample': 0.5027610585618012, 'colsample_bytree': 0.9077307142274171, 'min_child_samples': 77, 'reg_alpha': 0.03639690979811287, 'reg_lambda': 0.08738424135626986}. Best is trial 5 with value: -0.017296964385551027.
[I 2026-06-01 12:58:19,721] Trial 7 finished with value: -0.05954747194726938 and parameters: {'confidence_threshold': 0.5259156281069316, 'training_days': 180, 'n_estimators': 102, 'max_depth': 5, 'num_leaves': 45, 'learning_rate': 0.030816017044468066, 'subsample': 0.5317791751430119, 'colsample_bytree': 0.6554911608578311, 'min_child_samples': 46, 'reg_alpha': 0.036851536911881845, 'reg_lambda': 0.005470376807480391}. Best is trial 5 with value: -0.017296964385551027.
[I 2026-06-01 12:58:19,817] Trial 8 finished with value: -0.18579903653050428 and parameters: {'confidence_threshold': 0.8105244599017143, 'training_days': 240, 'n_estimators': 103, 'max_depth': 5, 'num_leaves': 52, 'learning_rate': 0.06746437142284309, 'subsample': 0.8854835899772805, 'colsample_bytree': 0.7468977981821954, 'min_child_samples': 62, 'reg_alpha': 7.04480806377519e-05, 'reg_lambda': 1.6934490731313353e-08}. Best is trial 5 with value: -0.017296964385551027.
[I 2026-06-01 12:58:19,839] Trial 9 finished with value: -0.1005494917310541 and parameters: {'confidence_threshold': 0.5377619994476566, 'training_days': 20, 'n_estimators': 337, 'max_depth': 3, 'num_leaves': 39, 'learning_rate': 0.21907142272152816, 'subsample': 0.6246461145744375, 'colsample_bytree': 0.7051914615178149, 'min_child_samples': 81, 'reg_alpha': 1.1459970229341322e-06, 'reg_lambda': 4.929685216887945e-08}. Best is trial 5 with value: -0.017296964385551027.
[I 2026-06-01 12:58:19,869] Trial 10 finished with value: -2.0425746109888916 and parameters: {'confidence_threshold': 0.7318981109748116, 'training_days': 10, 'n_estimators': 487, 'max_depth': 4, 'num_leaves': 31, 'learning_rate': 0.14704103471568217, 'subsample': 0.628963476300746, 'colsample_bytree': 0.987470107623585, 'min_child_samples': 25, 'reg_alpha': 2.608784411827665e-05, 'reg_lambda': 3.3639426888455256e-06}. Best is trial 5 with value: -0.017296964385551027.
[I 2026-06-01 12:58:19,994] Trial 11 finished with value: -0.12061334683404938 and parameters: {'confidence_threshold': 0.6954836557727516, 'training_days': 110, 'n_estimators': 291, 'max_depth': 4, 'num_leaves': 30, 'learning_rate': 0.010345547951401532, 'subsample': 0.6089267919181687, 'colsample_bytree': 0.8554948668919389, 'min_child_samples': 48, 'reg_alpha': 3.662834835098572, 'reg_lambda': 4.4206421310909706e-05}. Best is trial 5 with value: -0.017296964385551027.
[I 2026-06-01 12:58:20,378] Trial 12 finished with value: -0.06583628938600897 and parameters: {'confidence_threshold': 0.6403606747603232, 'training_days': 310, 'n_estimators': 389, 'max_depth': 4, 'num_leaves': 15, 'learning_rate': 0.011907057590678163, 'subsample': 0.5681007185936042, 'colsample_bytree': 0.9966230134341398, 'min_child_samples': 30, 'reg_alpha': 0.0007390056680458819, 'reg_lambda': 3.8098701113215634e-05}. Best is trial 5 with value: -0.017296964385551027.
[I 2026-06-01 12:58:20,466] Trial 13 finished with value: -0.0585134785953562 and parameters: {'confidence_threshold': 0.7511004938244776, 'training_days': 130, 'n_estimators': 222, 'max_depth': 3, 'num_leaves': 62, 'learning_rate': 0.03463321157552712, 'subsample': 0.6866291716128416, 'colsample_bytree': 0.8271117220474519, 'min_child_samples': 92, 'reg_alpha': 5.089139747366672e-06, 'reg_lambda': 4.448098583586055e-06}. Best is trial 5 with value: -0.017296964385551027.
[I 2026-06-01 12:58:20,726] Trial 14 finished with value: -0.07176257335870931 and parameters: {'confidence_threshold': 0.6653126865835206, 'training_days': 500, 'n_estimators': 340, 'max_depth': 3, 'num_leaves': 30, 'learning_rate': 0.018455307819926946, 'subsample': 0.672124257048007, 'colsample_bytree': 0.9365356675427864, 'min_child_samples': 36, 'reg_alpha': 0.011240825921390547, 'reg_lambda': 0.0013851843518099096}. Best is trial 5 with value: -0.017296964385551027.
[I 2026-06-01 12:58:20,873] Trial 15 finished with value: -0.1226807910137736 and parameters: {'confidence_threshold': 0.7770525510281504, 'training_days': 90, 'n_estimators': 491, 'max_depth': 4, 'num_leaves': 34, 'learning_rate': 0.04225339023073559, 'subsample': 0.5624390834621803, 'colsample_bytree': 0.8100744538922787, 'min_child_samples': 56, 'reg_alpha': 0.194459601930754, 'reg_lambda': 0.10351163679178875}. Best is trial 5 with value: -0.017296964385551027.
[I 2026-06-01 12:58:21,120] Trial 16 finished with value: -0.07367055145964947 and parameters: {'confidence_threshold': 0.7048944017820763, 'training_days': 320, 'n_estimators': 408, 'max_depth': 3, 'num_leaves': 22, 'learning_rate': 0.0742708334836405, 'subsample': 0.8207043423369644, 'colsample_bytree': 0.941882404202281, 'min_child_samples': 71, 'reg_alpha': 0.00043994171898661776, 'reg_lambda': 7.89499320419467e-07}. Best is trial 5 with value: -0.017296964385551027.
[I 2026-06-01 12:58:21,274] Trial 17 finished with value: -0.06706357645728882 and parameters: {'confidence_threshold': 0.6269312636992631, 'training_days': 400, 'n_estimators': 177, 'max_depth': 4, 'num_leaves': 15, 'learning_rate': 0.014698452359943413, 'subsample': 0.5829261830537771, 'colsample_bytree': 0.7952908891858086, 'min_child_samples': 84, 'reg_alpha': 5.5983684399009824e-08, 'reg_lambda': 0.00020614774879284444}. Best is trial 5 with value: -0.017296964385551027.
[I 2026-06-01 12:58:21,487] A new study created in memory with name: no-name-d4f0127f-17f2-4b08-bc49-dbe900e63324
[I 2026-06-01 12:58:21,585] Trial 0 finished with value: -0.12122902363548005 and parameters: {'confidence_threshold': 0.7437642149592516, 'training_days': 150, 'n_estimators': 152, 'max_depth': 4, 'num_leaves': 50, 'learning_rate': 0.04216766425047743, 'subsample': 0.9903820991923078, 'colsample_bytree': 0.8424148692924316, 'min_child_samples': 58, 'reg_alpha': 3.381097259762742e-05, 'reg_lambda': 1.2263152961306247e-05}. Best is trial 0 with value: -0.12122902363548005.
