[I 2026-06-01 13:01:33,946] Trial 9 finished with value: -0.032777873260998965 and parameters: {'confidence_threshold': 0.6202096049169137, 'training_days': 260, 'n_estimators': 350, 'max_depth': 3, 'num_leaves': 21, 'learning_rate': 0.02989540198065364, 'subsample': 0.8307821683331218, 'colsample_bytree': 0.923253112635361, 'min_child_samples': 64, 'reg_alpha': 0.4898604619604203, 'reg_lambda': 2.9076377687066166e-05}. Best is trial 2 with value: 0.12453785828911271.
[I 2026-06-01 13:01:34,255] Trial 10 finished with value: 0.3098616392221019 and parameters: {'confidence_threshold': 0.8445241688507242, 'training_days': 420, 'n_estimators': 494, 'max_depth': 3, 'num_leaves': 30, 'learning_rate': 0.010221918552934462, 'subsample': 0.5019190721168774, 'colsample_bytree': 0.6202684210924141, 'min_child_samples': 45, 'reg_alpha': 1.5494783182896407e-08, 'reg_lambda': 0.018878930586497852}. Best is trial 10 with value: 0.3098616392221019.
[I 2026-06-01 13:01:34,589] Trial 11 finished with value: 0.25839142361832873 and parameters: {'confidence_threshold': 0.8371297552840329, 'training_days': 430, 'n_estimators': 493, 'max_depth': 3, 'num_leaves': 27, 'learning_rate': 0.010535067237031154, 'subsample': 0.5082312939353781, 'colsample_bytree': 0.625107197757402, 'min_child_samples': 45, 'reg_alpha': 1.0468203878541749e-08, 'reg_lambda': 0.01313348781546612}. Best is trial 10 with value: 0.3098616392221019.
[I 2026-06-01 13:01:34,918] Trial 12 finished with value: -1.7750147200334236 and parameters: {'confidence_threshold': 0.830632524875604, 'training_days': 480, 'n_estimators': 500, 'max_depth': 3, 'num_leaves': 27, 'learning_rate': 0.010201143194486034, 'subsample': 0.5172176338346133, 'colsample_bytree': 0.5773925919454104, 'min_child_samples': 47, 'reg_alpha': 1.3447320113864774e-08, 'reg_lambda': 0.03524119936949945}. Best is trial 10 with value: 0.3098616392221019.
[I 2026-06-01 13:01:35,219] Trial 13 finished with value: -1.7804381742818607 and parameters: {'confidence_threshold': 0.8319880314934806, 'training_days': 440, 'n_estimators': 481, 'max_depth': 3, 'num_leaves': 26, 'learning_rate': 0.010533478929525117, 'subsample': 0.5019824557515645, 'colsample_bytree': 0.6239217506299629, 'min_child_samples': 44, 'reg_alpha': 1.2419126705468136e-08, 'reg_lambda': 0.007333862701978235}. Best is trial 10 with value: 0.3098616392221019.
[I 2026-06-01 13:01:35,511] Trial 14 finished with value: 0.07330259181686825 and parameters: {'confidence_threshold': 0.6968624890517784, 'training_days': 380, 'n_estimators': 442, 'max_depth': 3, 'num_leaves': 15, 'learning_rate': 0.01645102485501106, 'subsample': 0.6148787147180652, 'colsample_bytree': 0.6622802537877405, 'min_child_samples': 45, 'reg_alpha': 4.956005056947948e-07, 'reg_lambda': 2.8848831766599905}. Best is trial 10 with value: 0.3098616392221019.
[I 2026-06-01 13:01:35,771] Trial 15 finished with value: 0.16098957067301434 and parameters: {'confidence_threshold': 0.8445000260475277, 'training_days': 380, 'n_estimators': 430, 'max_depth': 4, 'num_leaves': 33, 'learning_rate': 0.037392478764815176, 'subsample': 0.9296279388562269, 'colsample_bytree': 0.5093920150666754, 'min_child_samples': 100, 'reg_alpha': 3.0439081596040093e-07, 'reg_lambda': 0.05138157439645094}. Best is trial 10 with value: 0.3098616392221019.
[I 2026-06-01 13:01:35,966] Trial 16 finished with value: -1.8602278867321005 and parameters: {'confidence_threshold': 0.7941483518384257, 'training_days': 500, 'n_estimators': 279, 'max_depth': 3, 'num_leaves': 25, 'learning_rate': 0.0142468201984381, 'subsample': 0.6697434700565401, 'colsample_bytree': 0.6982877056862742, 'min_child_samples': 53, 'reg_alpha': 4.4694403302430627e-07, 'reg_lambda': 0.0019821772168074165}. Best is trial 10 with value: 0.3098616392221019.
[I 2026-06-01 13:01:36,237] Trial 17 finished with value: 0.01015157192533624 and parameters: {'confidence_threshold': 0.5004748807695347, 'training_days': 380, 'n_estimators': 433, 'max_depth': 3, 'num_leaves': 36, 'learning_rate': 0.02985024780159564, 'subsample': 0.5573561929325529, 'colsample_bytree': 0.5573432434060188, 'min_child_samples': 37, 'reg_alpha': 7.741004120748901e-08, 'reg_lambda': 0.23012817067313873}. Best is trial 10 with value: 0.3098616392221019.
[I 2026-06-01 13:01:36,647] A new study created in memory with name: no-name-64b1c5b3-4482-4bf9-9369-528e8a6c2785

  Labels: 1190 long (54.8%), 981 short (45.2%) | weights: min=1.00, mean=3.41, max=10.00
  Features: 2171/2171 matched, 48 columns
  CV gap: 22 rows
  [ensemble 1/3] seed=42
    [trial 0] 48 features, training_days=480 | threshold=0.631 | labels: 1190 long, 981 short (55/45%)
    [CV fold 0] train_end=2023-01-23 08:00 | val_start=2023-01-31 00:00 | gap=184h (22 rows)
    [CV fold 1] train_end=2023-05-23 16:00 | val_start=2023-05-31 08:00 | gap=184h (22 rows)
    [CV fold 2] train_end=2023-09-21 00:00 | val_start=2023-09-28 16:00 | gap=184h (22 rows)
    [CV fold 3] train_end=2024-01-19 08:00 | val_start=2024-01-27 00:00 | gap=184h (22 rows)
    [CV fold 4] train_end=2024-05-18 16:00 | val_start=2024-05-26 08:00 | gap=184h (22 rows)
    [trial 0] Sharpe=0.0292 (folds: -0.0167, 0.0148, 0.0608, 0.1937, -0.1068)
    [trial 1] 48 features, training_days=420 | threshold=0.839 | labels: 1190 long, 981 short (55/45%)
    [trial 1] Sharpe=-1.7781 (folds: 0.0226, 0.4012, 0.4883, -10.0000, 0.1974)
    [trial 2] 48 features, training_days=190 | threshold=0.602 | labels: 1190 long, 981 short (55/45%)
    [trial 2] Sharpe=-0.0651 (folds: -0.0835, 0.0362, -0.0314, -0.0301, -0.2170)
    [trial 3] 48 features, training_days=490 | threshold=0.832 | labels: 1190 long, 981 short (55/45%)
    [trial 3] Sharpe=0.0059 (folds: -0.0624, 0.0185, 0.0875, 0.1144, -0.1284)
    [trial 4] 48 features, training_days=340 | threshold=0.591 | labels: 1190 long, 981 short (55/45%)
    [trial 4] Sharpe=0.0625 (folds: -0.0112, 0.1094, 0.1086, 0.2251, -0.1193)
    [trial 5] 48 features, training_days=50 | threshold=0.823 | labels: 1190 long, 981 short (55/45%)
    [trial 5] Sharpe=-0.0574 (folds: 0.1135, -0.1850, -0.2986, 0.0748, 0.0083)
    [trial 6] 48 features, training_days=410 | threshold=0.549 | labels: 1190 long, 981 short (55/45%)
    [trial 6] Sharpe=0.0181 (folds: -0.0591, -0.0259, 0.0924, 0.2022, -0.1192)
    [trial 7] 48 features, training_days=180 | threshold=0.526 | labels: 1190 long, 981 short (55/45%)
    [trial 7] Sharpe=-0.0773 (folds: 0.0714, -0.0492, -0.1233, -0.0462, -0.2391)
    [trial 8] 48 features, training_days=240 | threshold=0.811 | labels: 1190 long, 981 short (55/45%)
    [trial 8] Sharpe=0.0861 (folds: 0.0100, 0.3579, 0.1528, 0.0394, -0.1299)
    [trial 9] 48 features, training_days=20 | threshold=0.538 | labels: 1190 long, 981 short (55/45%)
    [trial 9] Sharpe=-2.0294 (folds: 0.1128, -0.2100, -10.0000, -0.1077, 0.0581)
    [trial 10] 48 features, training_days=280 | threshold=0.734 | labels: 1190 long, 981 short (55/45%)
    [trial 10] Sharpe=0.0174 (folds: 0.0630, 0.0197, 0.1220, 0.0187, -0.1365)
    [trial 11] 48 features, training_days=290 | threshold=0.719 | labels: 1190 long, 981 short (55/45%)
    [trial 11] Sharpe=0.0496 (folds: -0.1531, 0.1326, 0.1520, 0.1179, -0.0013)
    [trial 12] 48 features, training_days=340 | threshold=0.664 | labels: 1190 long, 981 short (55/45%)
    [trial 12] Sharpe=0.0394 (folds: -0.0259, 0.0735, 0.1405, 0.2031, -0.1944)
    [trial 13] 48 features, training_days=190 | threshold=0.753 | labels: 1190 long, 981 short (55/45%)
    [trial 13] Sharpe=-0.0257 (folds: -0.0036, 0.0560, -0.0400, 0.0994, -0.2403)
    [trial 14] 48 features, training_days=100 | threshold=0.612 | labels: 1190 long, 981 short (55/45%)
    [trial 14] Sharpe=0.0063 (folds: 0.0835, -0.0652, 0.0882, 0.0139, -0.0890)
    [trial 15] 48 features, training_days=340 | threshold=0.778 | labels: 1190 long, 981 short (55/45%)
    [trial 15] Sharpe=0.1184 (folds: 0.0941, 0.4000, 0.3892, -0.2649, -0.0267)
    [trial 16] 48 features, training_days=240 | threshold=0.781 | labels: 1190 long, 981 short (55/45%)
    [trial 16] Sharpe=-0.0535 (folds: -0.0921, 0.0616, 0.0680, -0.0709, -0.2338)
    [trial 17] 48 features, training_days=350 | threshold=0.786 | labels: 1190 long, 981 short (55/45%)
    [trial 17] Sharpe=0.1183 (folds: -0.0199, 0.3249, 0.0922, 0.2642, -0.0696)
  Optuna: 18 trials, best Sharpe = 0.1184
  Best params: n_estimators=191, max_depth=5, lr=0.0104, leaves=40
  Best confidence_threshold: 0.778
  Best training_days: 340
  Retrained on full data (1020 samples, 48 features)
  [ensemble 2/3] seed=123
    [trial 0] 48 features, training_days=150 | threshold=0.744 | labels: 1190 long, 981 short (55/45%)
    [CV fold 0] train_end=2023-01-23 08:00 | val_start=2023-01-31 00:00 | gap=184h (22 rows)
    [CV fold 1] train_end=2023-05-23 16:00 | val_start=2023-05-31 08:00 | gap=184h (22 rows)
    [CV fold 2] train_end=2023-09-21 00:00 | val_start=2023-09-28 16:00 | gap=184h (22 rows)
    [CV fold 3] train_end=2024-01-19 08:00 | val_start=2024-01-27 00:00 | gap=184h (22 rows)
    [CV fold 4] train_end=2024-05-18 16:00 | val_start=2024-05-26 08:00 | gap=184h (22 rows)
    [trial 0] Sharpe=-0.0149 (folds: -0.0309, 0.1276, -0.1865, 0.1528, -0.1375)
    [trial 1] 48 features, training_days=220 | threshold=0.755 | labels: 1190 long, 981 short (55/45%)
    [trial 1] Sharpe=0.0593 (folds: -1.0094, 0.3986, 0.4843, 0.3037, 0.1194)
    [trial 2] 48 features, training_days=310 | threshold=0.754 | labels: 1190 long, 981 short (55/45%)
    [trial 2] Sharpe=0.1245 (folds: 0.2781, 0.0693, 0.1936, 0.1538, -0.0722)
    [trial 3] 48 features, training_days=220 | threshold=0.673 | labels: 1190 long, 981 short (55/45%)
    [trial 3] Sharpe=-0.0243 (folds: 0.0470, 0.0576, 0.0663, -0.0917, -0.2005)
    [trial 4] 48 features, training_days=130 | threshold=0.803 | labels: 1190 long, 981 short (55/45%)
    [trial 4] Sharpe=0.0264 (folds: -0.0044, 0.2712, 0.0001, -0.0022, -0.1326)
    [trial 5] 48 features, training_days=210 | threshold=0.606 | labels: 1190 long, 981 short (55/45%)
    [trial 5] Sharpe=-0.0758 (folds: -0.0878, 0.0798, -0.0237, -0.0579, -0.2895)
    [trial 6] 48 features, training_days=130 | threshold=0.767 | labels: 1190 long, 981 short (55/45%)
    [trial 6] Sharpe=-0.0133 (folds: 0.0804, 0.0103, -0.0914, 0.0351, -0.1011)
    [trial 7] 48 features, training_days=80 | threshold=0.556 | labels: 1190 long, 981 short (55/45%)
    [trial 7] Sharpe=-0.0727 (folds: 0.0043, -0.1141, -0.1896, -0.0070, -0.0572)
    [trial 8] 48 features, training_days=200 | threshold=0.607 | labels: 1190 long, 981 short (55/45%)
    [trial 8] Sharpe=-0.0265 (folds: 0.0299, -0.0195, 0.0466, 0.0522, -0.2415)
    [trial 9] 48 features, training_days=260 | threshold=0.620 | labels: 1190 long, 981 short (55/45%)
    [trial 9] Sharpe=-0.0328 (folds: -0.0377, 0.0437, 0.1085, -0.0663, -0.2121)
    [trial 10] 48 features, training_days=420 | threshold=0.845 | labels: 1190 long, 981 short (55/45%)
    [trial 10] Sharpe=0.3099 (folds: 0.0318, 0.4292, 0.5642, 0.3089, 0.2152)
    [trial 11] 48 features, training_days=430 | threshold=0.837 | labels: 1190 long, 981 short (55/45%)
    [trial 11] Sharpe=0.2584 (folds: 0.0104, 0.4292, 0.4313, 0.3581, 0.0630)
    [trial 12] 48 features, training_days=480 | threshold=0.831 | labels: 1190 long, 981 short (55/45%)
    [trial 12] Sharpe=-1.7750 (folds: 0.0932, 0.3535, 0.4839, -10.0000, 0.1943)
    [trial 13] 48 features, training_days=440 | threshold=0.832 | labels: 1190 long, 981 short (55/45%)
    [trial 13] Sharpe=-1.7804 (folds: -0.0290, 0.3943, 0.5132, -10.0000, 0.2194)
    [trial 14] 48 features, training_days=380 | threshold=0.697 | labels: 1190 long, 981 short (55/45%)
    [trial 14] Sharpe=0.0733 (folds: 0.0581, 0.0678, 0.0382, 0.2908, -0.0885)
    [trial 15] 48 features, training_days=380 | threshold=0.845 | labels: 1190 long, 981 short (55/45%)
    [trial 15] Sharpe=0.1610 (folds: 0.1146, 0.2513, 0.1695, 0.3336, -0.0640)
    [trial 16] 48 features, training_days=500 | threshold=0.794 | labels: 1190 long, 981 short (55/45%)
    [trial 16] Sharpe=-1.8602 (folds: 0.0207, 0.2509, 0.2329, -10.0000, 0.1944)
    [trial 17] 48 features, training_days=380 | threshold=0.500 | labels: 1190 long, 981 short (55/45%)
    [trial 17] Sharpe=0.0102 (folds: 0.1492, 0.0004, -0.0765, 0.2170, -0.2392)
  Optuna: 18 trials, best Sharpe = 0.3099
  Best params: n_estimators=494, max_depth=3, lr=0.0102, leaves=30
  Best confidence_threshold: 0.845
  Best training_days: 420
  Retrained on full data (1260 samples, 48 features)
  [ensemble 3/3] seed=456
    [trial 0] 48 features, training_days=90 | threshold=0.587 | labels: 1190 long, 981 short (55/45%)[I 2026-06-01 13:01:36,850] Trial 0 finished with value: -0.050119630938391446 and parameters: {'confidence_threshold': 0.5870645682749857, 'training_days': 90, 'n_estimators': 403, 'max_depth': 5, 'num_leaves': 45, 'learning_rate': 0.0780457193679974, 'subsample': 0.9428509515574568, 'colsample_bytree': 0.8795587339164916, 'min_child_samples': 34, 'reg_alpha': 2.2465901234314442e-07, 'reg_lambda': 8.339007036475363e-05}. Best is trial 0 with value: -0.050119630938391446.
[I 2026-06-01 13:01:36,953] Trial 1 finished with value: -0.004222829920043497 and parameters: {'confidence_threshold': 0.6348453934275313, 'training_days': 290, 'n_estimators': 115, 'max_depth': 5, 'num_leaves': 37, 'learning_rate': 0.06949568759029946, 'subsample': 0.8228505074024268, 'colsample_bytree': 0.8616703220431751, 'min_child_samples': 75, 'reg_alpha': 4.2486822725010923e-07, 'reg_lambda': 1.157247767047042e-07}. Best is trial 1 with value: -0.004222829920043497.
[I 2026-06-01 13:01:36,970] Trial 2 finished with value: -0.10266984622111637 and parameters: {'confidence_threshold': 0.5849570384370288, 'training_days': 10, 'n_estimators': 212, 'max_depth': 3, 'num_leaves': 41, 'learning_rate': 0.18452095998378365, 'subsample': 0.6001060822924371, 'colsample_bytree': 0.5673167293506167, 'min_child_samples': 37, 'reg_alpha': 5.733250064217131, 'reg_lambda': 0.5308454292595461}. Best is trial 1 with value: -0.004222829920043497.
[I 2026-06-01 13:01:37,047] Trial 3 finished with value: 0.07493637253960164 and parameters: {'confidence_threshold': 0.6868248626683718, 'training_days': 220, 'n_estimators': 134, 'max_depth': 3, 'num_leaves': 45, 'learning_rate': 0.033529007907491595, 'subsample': 0.8647277071858408, 'colsample_bytree': 0.778494116634046, 'min_child_samples': 96, 'reg_alpha': 2.409409937265785e-07, 'reg_lambda': 1.1642073478060009}. Best is trial 3 with value: 0.07493637253960164.
[I 2026-06-01 13:01:37,130] Trial 4 finished with value: 0.01357236554326704 and parameters: {'confidence_threshold': 0.5623121348350352, 'training_days': 300, 'n_estimators': 69, 'max_depth': 4, 'num_leaves': 32, 'learning_rate': 0.14967629360700346, 'subsample': 0.5054535233636654, 'colsample_bytree': 0.7401385194659216, 'min_child_samples': 27, 'reg_alpha': 1.4212042567426725e-07, 'reg_lambda': 0.23605753701352003}. Best is trial 3 with value: 0.07493637253960164.
[I 2026-06-01 13:01:37,559] Trial 5 finished with value: -0.0020261342858384546 and parameters: {'confidence_threshold': 0.7111850244908446, 'training_days': 490, 'n_estimators': 362, 'max_depth': 5, 'num_leaves': 40, 'learning_rate': 0.05960785724162737, 'subsample': 0.5589714368907717, 'colsample_bytree': 0.6659006943232806, 'min_child_samples': 42, 'reg_alpha': 0.6741360303045295, 'reg_lambda': 6.054601607143087e-08}. Best is trial 3 with value: 0.07493637253960164.
[I 2026-06-01 13:01:37,734] Trial 6 finished with value: 0.01699897182822923 and parameters: {'confidence_threshold': 0.667482545748023, 'training_days': 420, 'n_estimators': 279, 'max_depth': 3, 'num_leaves': 45, 'learning_rate': 0.040099592560849204, 'subsample': 0.8563114696415159, 'colsample_bytree': 0.5442917781944105, 'min_child_samples': 50, 'reg_alpha': 1.6407916423707903e-08, 'reg_lambda': 2.935907642973286e-05}. Best is trial 3 with value: 0.07493637253960164.
[I 2026-06-01 13:01:37,898] Trial 7 finished with value: 0.017444100236733078 and parameters: {'confidence_threshold': 0.5497381024139926, 'training_days': 120, 'n_estimators': 408, 'max_depth': 5, 'num_leaves': 38, 'learning_rate': 0.28049122657745795, 'subsample': 0.8806573338635493, 'colsample_bytree': 0.5454054113547102, 'min_child_samples': 63, 'reg_alpha': 0.01263008637940408, 'reg_lambda': 0.04588020805366937}. Best is trial 3 with value: 0.07493637253960164.
[I 2026-06-01 13:01:38,172] Trial 8 finished with value: 0.05849960697484098 and parameters: {'confidence_threshold': 0.719644804808716, 'training_days': 450, 'n_estimators': 410, 'max_depth': 4, 'num_leaves': 57, 'learning_rate': 0.04022026551478857, 'subsample': 0.5336085426932707, 'colsample_bytree': 0.5705742850577543, 'min_child_samples': 100, 'reg_alpha': 5.916398047912201e-07, 'reg_lambda': 0.9794034214488329}. Best is trial 3 with value: 0.07493637253960164.
[I 2026-06-01 13:01:38,193] Trial 9 finished with value: -2.0293732440407326 and parameters: {'confidence_threshold': 0.7267463643917187, 'training_days': 20, 'n_estimators': 337, 'max_depth': 5, 'num_leaves': 23, 'learning_rate': 0.022153031811454605, 'subsample': 0.6305627572358737, 'colsample_bytree': 0.6613413774216214, 'min_child_samples': 81, 'reg_alpha': 5.7638634029410314e-08, 'reg_lambda': 8.26603016764008}. Best is trial 3 with value: 0.07493637253960164.
[I 2026-06-01 13:01:38,290] Trial 10 finished with value: -8.024539453211133 and parameters: {'confidence_threshold': 0.8283920119574972, 'training_days': 200, 'n_estimators': 181, 'max_depth': 3, 'num_leaves': 62, 'learning_rate': 0.011579281028220855, 'subsample': 0.7130289643560688, 'colsample_bytree': 0.9944479338273263, 'min_child_samples': 100, 'reg_alpha': 6.837313901272251e-05, 'reg_lambda': 0.0027253228209330924}. Best is trial 3 with value: 0.07493637253960164.
[I 2026-06-01 13:01:38,633] Trial 11 finished with value: 0.11766795781891567 and parameters: {'confidence_threshold': 0.7766282449189577, 'training_days': 380, 'n_estimators': 478, 'max_depth': 4, 'num_leaves': 58, 'learning_rate': 0.029354876456257728, 'subsample': 0.7459055835274097, 'colsample_bytree': 0.8016610248739169, 'min_child_samples': 100, 'reg_alpha': 1.7335570554886207e-05, 'reg_lambda': 7.067893525937578}. Best is trial 11 with value: 0.11766795781891567.
[I 2026-06-01 13:01:38,996] Trial 12 finished with value: 0.1429108025085835 and parameters: {'confidence_threshold': 0.8016884727846801, 'training_days': 360, 'n_estimators': 490, 'max_depth': 4, 'num_leaves': 54, 'learning_rate': 0.01924681962976845, 'subsample': 0.7376180335274016, 'colsample_bytree': 0.8360023000930683, 'min_child_samples': 85, 'reg_alpha': 5.113460481149383e-05, 'reg_lambda': 8.572873032845164}. Best is trial 12 with value: 0.1429108025085835.
[I 2026-06-01 13:01:39,365] Trial 13 finished with value: 0.1484622441121016 and parameters: {'confidence_threshold': 0.8065044270723596, 'training_days': 380, 'n_estimators': 497, 'max_depth': 4, 'num_leaves': 55, 'learning_rate': 0.01599763794568145, 'subsample': 0.7341842148406317, 'colsample_bytree': 0.8590679397496528, 'min_child_samples': 84, 'reg_alpha': 4.4758290513107014e-05, 'reg_lambda': 0.006712393907662508}. Best is trial 13 with value: 0.1484622441121016.
[I 2026-06-01 13:01:39,754] Trial 14 finished with value: 0.020214087685602844 and parameters: {'confidence_threshold': 0.8476760598998623, 'training_days': 360, 'n_estimators': 500, 'max_depth': 4, 'num_leaves': 52, 'learning_rate': 0.011030858969457633, 'subsample': 0.6776505255398512, 'colsample_bytree': 0.9567650934760041, 'min_child_samples': 82, 'reg_alpha': 0.0014847179004692675, 'reg_lambda': 0.0046161060878891986}. Best is trial 13 with value: 0.1484622441121016.
[I 2026-06-01 13:01:40,089] Trial 15 finished with value: 0.07678951072981421 and parameters: {'confidence_threshold': 0.7829525506318393, 'training_days': 340, 'n_estimators': 453, 'max_depth': 4, 'num_leaves': 52, 'learning_rate': 0.017466846051537498, 'subsample': 0.784941726542035, 'colsample_bytree': 0.8938090739536675, 'min_child_samples': 70, 'reg_alpha': 8.198771767373304e-06, 'reg_lambda': 2.582339790441249e-06}. Best is trial 13 with value: 0.1484622441121016.
[I 2026-06-01 13:01:40,335] Trial 16 finished with value: 0.11220146343980256 and parameters: {'confidence_threshold': 0.7809712285122007, 'training_days': 500, 'n_estimators': 298, 'max_depth': 4, 'num_leaves': 53, 'learning_rate': 0.01723840081567694, 'subsample': 0.6849038967574882, 'colsample_bytree': 0.8309203228030885, 'min_child_samples': 87, 'reg_alpha': 0.0008448520368063448, 'reg_lambda': 0.014122510767427187}. Best is trial 13 with value: 0.1484622441121016.
