[I 2026-06-01 13:01:05,276] Trial 17 finished with value: -0.0009186255361575514 and parameters: {'confidence_threshold': 0.5080881579696632, 'training_days': 190, 'n_estimators': 336, 'max_depth': 3, 'num_leaves': 18, 'learning_rate': 0.026906031342386626, 'subsample': 0.6550533597840263, 'colsample_bytree': 0.7162779406483794, 'min_child_samples': 54, 'reg_alpha': 5.630158387966875e-06, 'reg_lambda': 1.6521081368800832e-06}. Best is trial 13 with value: 0.0864959580022882.

    [CV fold 2] train_end=2023-06-21 00:00 | val_start=2023-06-28 16:00 | gap=184h (22 rows)
    [CV fold 3] train_end=2023-10-19 08:00 | val_start=2023-10-27 00:00 | gap=184h (22 rows)
    [CV fold 4] train_end=2024-02-16 16:00 | val_start=2024-02-24 08:00 | gap=184h (22 rows)
    [trial 0] Sharpe=0.0569 (folds: -0.0187, 0.1975, 0.0088, 0.0641, 0.0329)
    [trial 1] 48 features, training_days=290 | threshold=0.635 | labels: 1171 long, 1000 short (54/46%)
    [trial 1] Sharpe=0.0089 (folds: -0.0693, -0.0618, 0.2306, 0.0404, -0.0952)
    [trial 2] 48 features, training_days=10 | threshold=0.585 | labels: 1171 long, 1000 short (54/46%)
    [trial 2] Sharpe=-0.1325 (folds: -0.0887, -0.0187, -0.3429, -0.2996, 0.0877)
    [trial 3] 48 features, training_days=220 | threshold=0.687 | labels: 1171 long, 1000 short (54/46%)
    [trial 3] Sharpe=0.0422 (folds: -0.1574, 0.0910, 0.3703, -0.0427, -0.0500)
    [trial 4] 48 features, training_days=300 | threshold=0.562 | labels: 1171 long, 1000 short (54/46%)
    [trial 4] Sharpe=0.0062 (folds: -0.1152, -0.0921, 0.1194, 0.0974, 0.0213)
    [trial 5] 48 features, training_days=490 | threshold=0.711 | labels: 1171 long, 1000 short (54/46%)
    [trial 5] Sharpe=0.0318 (folds: -0.0715, -0.1511, 0.2671, 0.0950, 0.0197)
    [trial 6] 48 features, training_days=420 | threshold=0.667 | labels: 1171 long, 1000 short (54/46%)
    [trial 6] Sharpe=0.0525 (folds: -0.0641, -0.0905, 0.2726, -0.0014, 0.1462)
    [trial 7] 48 features, training_days=120 | threshold=0.550 | labels: 1171 long, 1000 short (54/46%)
    [trial 7] Sharpe=0.0289 (folds: -0.0558, 0.0857, 0.0090, 0.0205, 0.0852)
    [trial 8] 48 features, training_days=450 | threshold=0.720 | labels: 1171 long, 1000 short (54/46%)
    [trial 8] Sharpe=0.0723 (folds: -0.1304, 0.0876, 0.2785, -0.0415, 0.1672)
    [trial 9] 48 features, training_days=20 | threshold=0.727 | labels: 1171 long, 1000 short (54/46%)
    [trial 9] Sharpe=-3.8956 (folds: -10.0000, -10.0000, 0.1131, 0.3465, 0.0622)
    [trial 10] 48 features, training_days=400 | threshold=0.828 | labels: 1171 long, 1000 short (54/46%)
    [trial 10] Sharpe=0.0843 (folds: -0.1300, 0.2122, 0.1395, 0.0389, 0.1609)
    [trial 11] 48 features, training_days=400 | threshold=0.843 | labels: 1171 long, 1000 short (54/46%)
    [trial 11] Sharpe=0.0342 (folds: -0.4458, 0.2301, 0.2089, 0.0082, 0.1696)
    [trial 12] 48 features, training_days=500 | threshold=0.810 | labels: 1171 long, 1000 short (54/46%)
    [trial 12] Sharpe=-0.0282 (folds: -0.1563, 0.1445, 0.1638, -0.3159, 0.0229)
    [trial 13] 48 features, training_days=380 | threshold=0.782 | labels: 1171 long, 1000 short (54/46%)
    [trial 13] Sharpe=0.0865 (folds: -0.1109, 0.1682, 0.2771, -0.0604, 0.1584)
    [trial 14] 48 features, training_days=360 | threshold=0.786 | labels: 1171 long, 1000 short (54/46%)
    [trial 14] Sharpe=0.0490 (folds: -0.0625, -0.0211, 0.0970, 0.0866, 0.1449)
    [trial 15] 48 features, training_days=340 | threshold=0.766 | labels: 1171 long, 1000 short (54/46%)
    [trial 15] Sharpe=0.0333 (folds: -0.1108, 0.0566, 0.2385, -0.0100, -0.0075)
    [trial 16] 48 features, training_days=240 | threshold=0.850 | labels: 1171 long, 1000 short (54/46%)
    [trial 16] Sharpe=0.0019 (folds: -0.2201, 0.3595, 0.2275, -0.3022, -0.0552)
    [trial 17] 48 features, training_days=190 | threshold=0.508 | labels: 1171 long, 1000 short (54/46%)
    [trial 17] Sharpe=-0.0009 (folds: -0.0059, 0.0082, 0.1727, -0.1643, -0.0153)
  Optuna: 18 trials, best Sharpe = 0.0865
  Best params: n_estimators=460, max_depth=4, lr=0.0223, leaves=55
  Best confidence_threshold: 0.782
  Best training_days: 380
  Retrained on full data (1140 samples, 48 features)
  OOD: 16 features, cutoff (q=0.7) = 10.34
  Model trained for 2024-07: 93 test candles with features, confidence_threshold=0.719
[trade:close] 2024-07-02 16:00 BTCUSDT LONG → timeout @ 61945.00 | PnL=+0.27% (net +0.17%) | cum=+28.66% 2024-07=+0.17% 2024-07-02=+0.17%
[predict] 2024-07-10 00:00 BTCUSDT → SHORT (proba=0.93 TP=9.7%/SL=4.8%)
[trade:open] 2024-07-10 07:59 BTCUSDT SHORT @ 58948.10 | SL=61807.03 TP=53230.23 | timeout=2024-07-17 07:59
[trade:close] 2024-07-15 07:59 BTCUSDT SHORT → stop_loss @ 61807.03 | PnL=-4.85% (net -4.95%) | cum=+23.71% 2024-07=-4.78% 2024-07-15=-4.95%
[predict] 2024-07-16 00:00 BTCUSDT → SHORT (proba=0.97 TP=8.6%/SL=4.3%)
[trade:open] 2024-07-16 07:59 BTCUSDT SHORT @ 62881.80 | SL=65595.75 TP=57453.91 | timeout=2024-07-23 07:59
[trade:close] 2024-07-17 07:59 BTCUSDT SHORT → stop_loss @ 65595.75 | PnL=-4.32% (net -4.42%) | cum=+19.29% 2024-07=-9.19% 2024-07-17=-4.42%
[predict] 2024-07-18 00:00 BTCUSDT → SHORT (proba=0.96 TP=7.9%/SL=3.9%)
[trade:open] 2024-07-18 07:59 BTCUSDT SHORT @ 64644.80 | SL=67193.34 TP=59547.72 | timeout=2024-07-25 07:59
[trade:close] 2024-07-19 23:59 BTCUSDT SHORT → stop_loss @ 67193.34 | PnL=-3.94% (net -4.04%) | cum=+15.25% 2024-07=-13.23% 2024-07-19=-4.04%
[predict] 2024-07-21 00:00 BTCUSDT → SHORT (proba=0.81 TP=6.7%/SL=3.4%)
[trade:open] 2024-07-21 07:59 BTCUSDT SHORT @ 66670.00 | SL=68909.38 TP=62191.25 | timeout=2024-07-28 07:59
[trade:close] 2024-07-27 15:59 BTCUSDT SHORT → stop_loss @ 68909.38 | PnL=-3.36% (net -3.46%) | cum=+11.79% 2024-07=-16.69% 2024-07-27=-3.46%
[lgbm] === Training for 2024-08 ===
  Train window: 2022-08-01 → 2024-07-24
  2171 training samples from 1 symbols
  Samples per month: 2022-08: 93, 2022-09: 90, 2022-10: 93, 2022-11: 90, 2022-12: 93, 2023-01: 93, 2023-02: 84, 2023-03: 93, 2023-04: 90, 2023-05: 93, 2023-06: 90, 2023-07: 93, 2023-08: 93, 2023-09: 90, 2023-10: 93, 2023-11: 90, 2023-12: 93, 2024-01: 93, 2024-02: 87, 2024-03: 93, 2024-04: 90, 2024-05: 93, 2024-06: 90, 2024-07: 71
  [label] 2022-10-01 16:00 BTCUSDT entry=19304.0000 → LONG | long=timeout(+0.43%) short=sl(-4.95%) | scanned=22 | no_tp→fwd_return=+0.5294
  [label] 2022-10-04 00:00 BTCUSDT entry=19957.0000 → SHORT | long=sl(-4.12%) short=timeout(+4.32%) | scanned=22 | no_tp→fwd_return=-4.4190
  [label] 2022-10-07 16:00 BTCUSDT entry=19520.9000 → SHORT | long=sl(-3.99%) short=tp(+7.67%) | scanned=17 | short_tp_only
  [label] 2022-11-01 08:00 BTCUSDT entry=20435.6000 → SHORT | long=sl(-2.94%) short=sl(-2.94%) | scanned=20 | no_tp→fwd_return=-3.1807
  [label] 2022-12-24 00:00 BTCUSDT entry=16840.3000 → SHORT | long=sl(-2.26%) short=timeout(+1.54%) | scanned=22 | no_tp→fwd_return=-1.6383
  [label] 2023-06-08 00:00 BTCUSDT entry=26431.5000 → SHORT | long=sl(-3.67%) short=timeout(+5.41%) | scanned=22 | no_tp→fwd_return=-5.5120
  [label] 2023-06-12 00:00 BTCUSDT entry=25793.3000 → LONG | long=sl(-3.22%) short=sl(-3.22%) | scanned=15 | no_tp→fwd_return=+3.0795
  [label] 2023-06-22 16:00 BTCUSDT entry=29875.0000 → LONG | long=timeout(+1.79%) short=sl(-3.96%) | scanned=22 | no_tp→fwd_return=+1.8909
  [label] 2023-08-06 16:00 BTCUSDT entry=29075.9000 → LONG | long=tp(+3.00%) short=sl(-1.65%) | scanned=6 | long_tp_only
  [label] 2023-08-15 08:00 BTCUSDT entry=29315.2000 → SHORT | long=sl(-1.54%) short=tp(+2.77%) | scanned=5 | short_tp_only
  [label] 2023-11-13 16:00 BTCUSDT entry=36486.2000 → LONG | long=sl(-3.23%) short=sl(-3.23%) | scanned=6 | no_tp→fwd_return=+3.8354
  [label] 2023-12-15 16:00 BTCUSDT entry=41968.0000 → LONG | long=timeout(+4.74%) short=sl(-4.46%) | scanned=22 | no_tp→fwd_return=+4.8399
  [label] 2024-01-01 00:00 BTCUSDT entry=42527.0000 → LONG | long=tp(+5.88%) short=sl(-3.09%) | scanned=3 | long_tp_only
  [label] 2024-01-13 16:00 BTCUSDT entry=42846.4000 → SHORT | long=timeout(-2.79%) short=timeout(+2.59%) | scanned=22 | no_tp→fwd_return=-2.6947
  [label] 2024-02-01 00:00 BTCUSDT entry=42182.2000 → LONG | long=timeout(+5.40%) short=sl(-3.59%) | scanned=22 | no_tp→fwd_return=+5.4966
  [label] 2024-02-07 08:00 BTCUSDT entry=43057.8000 → LONG | long=tp(+4.85%) short=sl(-2.57%) | scanned=3 | long_tp_only
  [label] 2024-02-19 16:00 BTCUSDT entry=51813.8000 → LONG | long=tp(+5.55%) short=sl(-2.93%) | scanned=21 | long_tp_only
  [label] 2024-03-30 08:00 BTCUSDT entry=70064.9000 → SHORT | long=sl(-3.85%) short=tp(+7.41%) | scanned=9 | short_tp_only
  [label] 2024-04-09 00:00 BTCUSDT entry=70444.0000 → SHORT | long=sl(-3.91%) short=tp(+7.51%) | scanned=14 | short_tp_only[I 2026-06-01 13:01:05,942] A new study created in memory with name: no-name-8b57d743-b9bd-4329-ba0e-291163170a58
[I 2026-06-01 13:01:06,261] Trial 0 finished with value: 0.09250205385016544 and parameters: {'confidence_threshold': 0.6310890415965769, 'training_days': 480, 'n_estimators': 380, 'max_depth': 4, 'num_leaves': 22, 'learning_rate': 0.01699897838270077, 'subsample': 0.5290418060840998, 'colsample_bytree': 0.9330880728874675, 'min_child_samples': 68, 'reg_alpha': 0.023585940584142682, 'reg_lambda': 1.5320059381854043e-08}. Best is trial 0 with value: 0.09250205385016544.
[I 2026-06-01 13:01:06,402] Trial 1 finished with value: 0.049321974457835864 and parameters: {'confidence_threshold': 0.839468448256698, 'training_days': 420, 'n_estimators': 145, 'max_depth': 3, 'num_leaves': 23, 'learning_rate': 0.028145092716060652, 'subsample': 0.762378215816119, 'colsample_bytree': 0.7159725093210578, 'min_child_samples': 43, 'reg_alpha': 0.0032112643094417484, 'reg_lambda': 1.8007140198129195e-07}. Best is trial 0 with value: 0.09250205385016544.
[I 2026-06-01 13:01:06,576] Trial 2 finished with value: 0.09727552083194421 and parameters: {'confidence_threshold': 0.6022506269873263, 'training_days': 190, 'n_estimators': 255, 'max_depth': 5, 'num_leaves': 24, 'learning_rate': 0.05748924681991978, 'subsample': 0.7962072844310213, 'colsample_bytree': 0.5232252063599989, 'min_child_samples': 69, 'reg_alpha': 3.425445902633376e-07, 'reg_lambda': 3.850031979199519e-08}. Best is trial 2 with value: 0.09727552083194421.
[I 2026-06-01 13:01:06,852] Trial 3 finished with value: 0.12850430797329573 and parameters: {'confidence_threshold': 0.8321099380386666, 'training_days': 490, 'n_estimators': 414, 'max_depth': 3, 'num_leaves': 19, 'learning_rate': 0.1024932221692416, 'subsample': 0.7200762468698007, 'colsample_bytree': 0.5610191174223894, 'min_child_samples': 60, 'reg_alpha': 2.039373116525212e-08, 'reg_lambda': 1.527156759251193}. Best is trial 3 with value: 0.12850430797329573.
[I 2026-06-01 13:01:07,039] Trial 4 finished with value: 0.06657986154530979 and parameters: {'confidence_threshold': 0.5905729935600059, 'training_days': 340, 'n_estimators': 190, 'max_depth': 4, 'num_leaves': 41, 'learning_rate': 0.01875220945578641, 'subsample': 0.9847923138822793, 'colsample_bytree': 0.8875664116805573, 'min_child_samples': 96, 'reg_alpha': 1.1309571585271483, 'reg_lambda': 0.002404915432737351}. Best is trial 3 with value: 0.12850430797329573.
[I 2026-06-01 13:01:07,091] Trial 5 finished with value: -1.9577726217726095 and parameters: {'confidence_threshold': 0.8226559822580909, 'training_days': 50, 'n_estimators': 138, 'max_depth': 3, 'num_leaves': 30, 'learning_rate': 0.03750796359625606, 'subsample': 0.6356745158869479, 'colsample_bytree': 0.9143687545759647, 'min_child_samples': 48, 'reg_alpha': 3.376063348877853e-06, 'reg_lambda': 0.0007660634613082914}. Best is trial 3 with value: 0.12850430797329573.
[I 2026-06-01 13:01:07,196] Trial 6 finished with value: 0.06131293976938714 and parameters: {'confidence_threshold': 0.5493234787411669, 'training_days': 410, 'n_estimators': 83, 'max_depth': 5, 'num_leaves': 52, 'learning_rate': 0.019657448966046126, 'subsample': 0.5027610585618012, 'colsample_bytree': 0.9077307142274171, 'min_child_samples': 77, 'reg_alpha': 0.03639690979811287, 'reg_lambda': 0.08738424135626986}. Best is trial 3 with value: 0.12850430797329573.
[I 2026-06-01 13:01:07,301] Trial 7 finished with value: 0.044861254357525186 and parameters: {'confidence_threshold': 0.5259156281069316, 'training_days': 180, 'n_estimators': 102, 'max_depth': 5, 'num_leaves': 45, 'learning_rate': 0.030816017044468066, 'subsample': 0.5317791751430119, 'colsample_bytree': 0.6554911608578311, 'min_child_samples': 46, 'reg_alpha': 0.036851536911881845, 'reg_lambda': 0.005470376807480391}. Best is trial 3 with value: 0.12850430797329573.
[I 2026-06-01 13:01:07,408] Trial 8 finished with value: 0.035460991705725024 and parameters: {'confidence_threshold': 0.8105244599017143, 'training_days': 240, 'n_estimators': 103, 'max_depth': 5, 'num_leaves': 52, 'learning_rate': 0.06746437142284309, 'subsample': 0.8854835899772805, 'colsample_bytree': 0.7468977981821954, 'min_child_samples': 62, 'reg_alpha': 7.04480806377519e-05, 'reg_lambda': 1.6934490731313353e-08}. Best is trial 3 with value: 0.12850430797329573.
[I 2026-06-01 13:01:07,434] Trial 9 finished with value: -0.0684379029985322 and parameters: {'confidence_threshold': 0.5377619994476566, 'training_days': 20, 'n_estimators': 337, 'max_depth': 3, 'num_leaves': 39, 'learning_rate': 0.21907142272152816, 'subsample': 0.6246461145744375, 'colsample_bytree': 0.7051914615178149, 'min_child_samples': 81, 'reg_alpha': 1.1459970229341322e-06, 'reg_lambda': 4.929685216887945e-08}. Best is trial 3 with value: 0.12850430797329573.
[I 2026-06-01 13:01:07,915] Trial 10 finished with value: 0.0758000053299785 and parameters: {'confidence_threshold': 0.7301111584710253, 'training_days': 350, 'n_estimators': 487, 'max_depth': 4, 'num_leaves': 15, 'learning_rate': 0.1457937958927628, 'subsample': 0.6806559982209046, 'colsample_bytree': 0.5055805119629307, 'min_child_samples': 27, 'reg_alpha': 1.290626345465208e-08, 'reg_lambda': 8.530248590348572}. Best is trial 3 with value: 0.12850430797329573.
[I 2026-06-01 13:01:08,028] Trial 11 finished with value: 0.11970712437174683 and parameters: {'confidence_threshold': 0.7005356062221744, 'training_days': 150, 'n_estimators': 258, 'max_depth': 4, 'num_leaves': 30, 'learning_rate': 0.07886508880857415, 'subsample': 0.7958418179650297, 'colsample_bytree': 0.5023735411654935, 'min_child_samples': 85, 'reg_alpha': 3.8085092945416025e-08, 'reg_lambda': 7.868729181011707e-06}. Best is trial 3 with value: 0.12850430797329573.
[I 2026-06-01 13:01:08,148] Trial 12 finished with value: 0.05887169453118572 and parameters: {'confidence_threshold': 0.7187189655115952, 'training_days': 120, 'n_estimators': 439, 'max_depth': 4, 'num_leaves': 32, 'learning_rate': 0.09894162917596783, 'subsample': 0.8255079015857973, 'colsample_bytree': 0.5911003516115678, 'min_child_samples': 100, 'reg_alpha': 1.0984048639892019e-08, 'reg_lambda': 8.348297043432798e-06}. Best is trial 3 with value: 0.12850430797329573.
[I 2026-06-01 13:01:08,305] Trial 13 finished with value: 0.11281452552599266 and parameters: {'confidence_threshold': 0.7638211810251222, 'training_days': 300, 'n_estimators': 286, 'max_depth': 3, 'num_leaves': 62, 'learning_rate': 0.10240996823194681, 'subsample': 0.708015733458699, 'colsample_bytree': 0.5961799392941978, 'min_child_samples': 82, 'reg_alpha': 2.643678541283149e-05, 'reg_lambda': 2.1573112424412734e-05}. Best is trial 3 with value: 0.12850430797329573.
[I 2026-06-01 13:01:08,413] Trial 14 finished with value: 0.03174150293622404 and parameters: {'confidence_threshold': 0.6730556752351576, 'training_days': 100, 'n_estimators': 266, 'max_depth': 3, 'num_leaves': 15, 'learning_rate': 0.20072699137183675, 'subsample': 0.8751932818901191, 'colsample_bytree': 0.581935788245791, 'min_child_samples': 54, 'reg_alpha': 1.376150206979546e-07, 'reg_lambda': 6.551588619002162}. Best is trial 3 with value: 0.12850430797329573.
[I 2026-06-01 13:01:08,806] Trial 15 finished with value: 0.10795577765001033 and parameters: {'confidence_threshold': 0.7774869720827493, 'training_days': 490, 'n_estimators': 375, 'max_depth': 4, 'num_leaves': 30, 'learning_rate': 0.010533931740186225, 'subsample': 0.9499995280845638, 'colsample_bytree': 0.8100744538922787, 'min_child_samples': 33, 'reg_alpha': 7.691552343527566e-08, 'reg_lambda': 8.602986234924761e-06}. Best is trial 3 with value: 0.12850430797329573.
[I 2026-06-01 13:01:08,940] Trial 16 finished with value: 0.04989805465692777 and parameters: {'confidence_threshold': 0.6760523483882178, 'training_days': 230, 'n_estimators': 220, 'max_depth': 3, 'num_leaves': 34, 'learning_rate': 0.29458101951015847, 'subsample': 0.713173333047047, 'colsample_bytree': 0.6452602612964047, 'min_child_samples': 89, 'reg_alpha': 1.0214749202115832e-05, 'reg_lambda': 0.23529158002820744}. Best is trial 3 with value: 0.12850430797329573.
[I 2026-06-01 13:01:09,109] Trial 17 finished with value: 0.052784445205706076 and parameters: {'confidence_threshold': 0.6905790064499879, 'training_days': 130, 'n_estimators': 328, 'max_depth': 4, 'num_leaves': 20, 'learning_rate': 0.08823988312923584, 'subsample': 0.8411703466193118, 'colsample_bytree': 0.9956385980717998, 'min_child_samples': 61, 'reg_alpha': 0.000421628945103269, 'reg_lambda': 6.880925840516315e-07}. Best is trial 3 with value: 0.12850430797329573.
[I 2026-06-01 13:01:09,496] A new study created in memory with name: no-name-b0d79ea8-82d4-4db0-b47f-f3b80bcaf28f
[I 2026-06-01 13:01:09,586] Trial 0 finished with value: 0.11780224559388515 and parameters: {'confidence_threshold': 0.7437642149592516, 'training_days': 150, 'n_estimators': 152, 'max_depth': 4, 'num_leaves': 50, 'learning_rate': 0.04216766425047743, 'subsample': 0.9903820991923078, 'colsample_bytree': 0.8424148692924316, 'min_child_samples': 58, 'reg_alpha': 3.381097259762742e-05, 'reg_lambda': 1.2263152961306247e-05}. Best is trial 0 with value: 0.11780224559388515.
[I 2026-06-01 13:01:09,650] Trial 1 finished with value: 0.23928812106304828 and parameters: {'confidence_threshold': 0.7551673975844145, 'training_days': 220, 'n_estimators': 76, 'max_depth': 4, 'num_leaves': 51, 'learning_rate': 0.018602118810743477, 'subsample': 0.5877258780737462, 'colsample_bytree': 0.7657756869209191, 'min_child_samples': 63, 'reg_alpha': 0.005123994170264194, 'reg_lambda': 0.44145470178120466}. Best is trial 1 with value: 0.23928812106304828.
[I 2026-06-01 13:01:09,913] Trial 2 finished with value: 0.12418274696757656 and parameters: {'confidence_threshold': 0.7535593637012223, 'training_days': 310, 'n_estimators': 375, 'max_depth': 3, 'num_leaves': 32, 'learning_rate': 0.021735641882032388, 'subsample': 0.6468570231944146, 'colsample_bytree': 0.8154880619272439, 'min_child_samples': 27, 'reg_alpha': 8.004064028491336e-05, 'reg_lambda': 7.546835261630524e-05}. Best is trial 1 with value: 0.23928812106304828.
[I 2026-06-01 13:01:10,078] Trial 3 finished with value: 0.05429708689071613 and parameters: {'confidence_threshold': 0.6727897841776072, 'training_days': 220, 'n_estimators': 190, 'max_depth': 4, 'num_leaves': 58, 'learning_rate': 0.24810689332636193, 'subsample': 0.7509183379421682, 'colsample_bytree': 0.8119764758960556, 'min_child_samples': 29, 'reg_alpha': 7.1708285081421445e-06, 'reg_lambda': 5.412973582738627e-05}. Best is trial 1 with value: 0.23928812106304828.
[I 2026-06-01 13:01:10,202] Trial 4 finished with value: 0.07297299528401843 and parameters: {'confidence_threshold': 0.803208205259178, 'training_days': 130, 'n_estimators': 267, 'max_depth': 5, 'num_leaves': 40, 'learning_rate': 0.08041175317374143, 'subsample': 0.5603143329951619, 'colsample_bytree': 0.9131704002534167, 'min_child_samples': 68, 'reg_alpha': 0.0008046593428183385, 'reg_lambda': 1.2158346158765583e-05}. Best is trial 1 with value: 0.23928812106304828.
[I 2026-06-01 13:01:10,443] Trial 5 finished with value: 0.06462404725262637 and parameters: {'confidence_threshold': 0.6064422761595144, 'training_days': 210, 'n_estimators': 357, 'max_depth': 5, 'num_leaves': 40, 'learning_rate': 0.0974221287220869, 'subsample': 0.7929682762811064, 'colsample_bytree': 0.8124517510478, 'min_child_samples': 74, 'reg_alpha': 0.3811377260781234, 'reg_lambda': 5.607314238392041e-08}. Best is trial 1 with value: 0.23928812106304828.
[I 2026-06-01 13:01:10,563] Trial 6 finished with value: 0.024213579615484652 and parameters: {'confidence_threshold': 0.7672889945051684, 'training_days': 130, 'n_estimators': 137, 'max_depth': 4, 'num_leaves': 19, 'learning_rate': 0.2031117614248665, 'subsample': 0.8136244860256343, 'colsample_bytree': 0.8617081790949774, 'min_child_samples': 21, 'reg_alpha': 0.002238138278733199, 'reg_lambda': 0.001025809534977322}. Best is trial 1 with value: 0.23928812106304828.
[I 2026-06-01 13:01:10,640] Trial 7 finished with value: 0.06358639380153984 and parameters: {'confidence_threshold': 0.555635875450653, 'training_days': 80, 'n_estimators': 363, 'max_depth': 3, 'num_leaves': 48, 'learning_rate': 0.06590089024008658, 'subsample': 0.6944752870615722, 'colsample_bytree': 0.962566244806993, 'min_child_samples': 88, 'reg_alpha': 1.6465620446426067e-05, 'reg_lambda': 2.4678750890085655e-08}. Best is trial 1 with value: 0.23928812106304828.
[I 2026-06-01 13:01:10,968] Trial 8 finished with value: 0.0864551423297554 and parameters: {'confidence_threshold': 0.6066688256938841, 'training_days': 200, 'n_estimators': 367, 'max_depth': 5, 'num_leaves': 32, 'learning_rate': 0.13377519215934996, 'subsample': 0.7965884582811106, 'colsample_bytree': 0.8458508993500886, 'min_child_samples': 32, 'reg_alpha': 3.889436043816386e-05, 'reg_lambda': 1.4713062489380356e-06}. Best is trial 1 with value: 0.23928812106304828.
