[I 2026-06-01 13:02:12,955] Trial 14 finished with value: 0.07332465765175836 and parameters: {'confidence_threshold': 0.5640041722672814, 'training_days': 490, 'n_estimators': 438, 'max_depth': 3, 'num_leaves': 28, 'learning_rate': 0.037424801359461315, 'subsample': 0.5053343028983677, 'colsample_bytree': 0.6347607952757376, 'min_child_samples': 84, 'reg_alpha': 1.0008979480392905e-08, 'reg_lambda': 6.661163025111386e-07}. Best is trial 14 with value: 0.07332465765175836.
[I 2026-06-01 13:02:13,256] Trial 15 finished with value: 0.06738699680560097 and parameters: {'confidence_threshold': 0.5643868751293313, 'training_days': 400, 'n_estimators': 432, 'max_depth': 4, 'num_leaves': 25, 'learning_rate': 0.04105644440971873, 'subsample': 0.507007918467014, 'colsample_bytree': 0.620752560525207, 'min_child_samples': 83, 'reg_alpha': 1.1000143842432222e-08, 'reg_lambda': 7.350092347663033e-07}. Best is trial 14 with value: 0.07332465765175836.
[I 2026-06-01 13:02:13,534] Trial 16 finished with value: 0.07950978650954235 and parameters: {'confidence_threshold': 0.6642577640855347, 'training_days': 380, 'n_estimators': 422, 'max_depth': 4, 'num_leaves': 25, 'learning_rate': 0.011618707686079076, 'subsample': 0.5004427122526262, 'colsample_bytree': 0.5036310320076207, 'min_child_samples': 81, 'reg_alpha': 1.0444625319237102e-08, 'reg_lambda': 0.0019821772168074165}. Best is trial 16 with value: 0.07950978650954235.
[I 2026-06-01 13:02:13,811] Trial 17 finished with value: 0.09884432366207824 and parameters: {'confidence_threshold': 0.6825760317001965, 'training_days': 370, 'n_estimators': 283, 'max_depth': 5, 'num_leaves': 15, 'learning_rate': 0.01024229137840119, 'subsample': 0.5798718144131003, 'colsample_bytree': 0.516728290343411, 'min_child_samples': 52, 'reg_alpha': 1.6798262914072523e-06, 'reg_lambda': 0.0018749166509297915}. Best is trial 17 with value: 0.09884432366207824.
[I 2026-06-01 13:02:14,251] A new study created in memory with name: no-name-b1c3ca62-5477-450a-84c3-4194f8bf78d1
[I 2026-06-01 13:02:14,467] Trial 0 finished with value: -0.039536474494649206 and parameters: {'confidence_threshold': 0.5870645682749857, 'training_days': 90, 'n_estimators': 403, 'max_depth': 5, 'num_leaves': 45, 'learning_rate': 0.0780457193679974, 'subsample': 0.9428509515574568, 'colsample_bytree': 0.8795587339164916, 'min_child_samples': 34, 'reg_alpha': 2.2465901234314442e-07, 'reg_lambda': 8.339007036475363e-05}. Best is trial 0 with value: -0.039536474494649206.
[I 2026-06-01 13:02:14,583] Trial 1 finished with value: 0.010705710490487057 and parameters: {'confidence_threshold': 0.6348453934275313, 'training_days': 290, 'n_estimators': 115, 'max_depth': 5, 'num_leaves': 37, 'learning_rate': 0.06949568759029946, 'subsample': 0.8228505074024268, 'colsample_bytree': 0.8616703220431751, 'min_child_samples': 75, 'reg_alpha': 4.2486822725010923e-07, 'reg_lambda': 1.157247767047042e-07}. Best is trial 1 with value: 0.010705710490487057.
[I 2026-06-01 13:02:14,603] Trial 2 finished with value: -2.006725651356681 and parameters: {'confidence_threshold': 0.5849570384370288, 'training_days': 10, 'n_estimators': 212, 'max_depth': 3, 'num_leaves': 41, 'learning_rate': 0.18452095998378365, 'subsample': 0.6001060822924371, 'colsample_bytree': 0.5673167293506167, 'min_child_samples': 37, 'reg_alpha': 5.733250064217131, 'reg_lambda': 0.5308454292595461}. Best is trial 1 with value: 0.010705710490487057.
[I 2026-06-01 13:02:14,694] Trial 3 finished with value: 0.024030283976212274 and parameters: {'confidence_threshold': 0.6868248626683718, 'training_days': 220, 'n_estimators': 134, 'max_depth': 3, 'num_leaves': 45, 'learning_rate': 0.033529007907491595, 'subsample': 0.8647277071858408, 'colsample_bytree': 0.778494116634046, 'min_child_samples': 96, 'reg_alpha': 2.409409937265785e-07, 'reg_lambda': 1.1642073478060009}. Best is trial 3 with value: 0.024030283976212274.
[I 2026-06-01 13:02:14,780] Trial 4 finished with value: -0.025292616250022625 and parameters: {'confidence_threshold': 0.5623121348350352, 'training_days': 300, 'n_estimators': 69, 'max_depth': 4, 'num_leaves': 32, 'learning_rate': 0.14967629360700346, 'subsample': 0.5054535233636654, 'colsample_bytree': 0.7401385194659216, 'min_child_samples': 27, 'reg_alpha': 1.4212042567426725e-07, 'reg_lambda': 0.23605753701352003}. Best is trial 3 with value: 0.024030283976212274.
[I 2026-06-01 13:02:15,195] Trial 5 finished with value: 0.07608710561308943 and parameters: {'confidence_threshold': 0.7111850244908446, 'training_days': 490, 'n_estimators': 362, 'max_depth': 5, 'num_leaves': 40, 'learning_rate': 0.05960785724162737, 'subsample': 0.5589714368907717, 'colsample_bytree': 0.6659006943232806, 'min_child_samples': 42, 'reg_alpha': 0.6741360303045295, 'reg_lambda': 6.054601607143087e-08}. Best is trial 5 with value: 0.07608710561308943.
[I 2026-06-01 13:02:15,372] Trial 6 finished with value: 0.049433767156131826 and parameters: {'confidence_threshold': 0.667482545748023, 'training_days': 420, 'n_estimators': 279, 'max_depth': 3, 'num_leaves': 45, 'learning_rate': 0.040099592560849204, 'subsample': 0.8563114696415159, 'colsample_bytree': 0.5442917781944105, 'min_child_samples': 50, 'reg_alpha': 1.6407916423707903e-08, 'reg_lambda': 2.935907642973286e-05}. Best is trial 5 with value: 0.07608710561308943.
[I 2026-06-01 13:02:15,549] Trial 7 finished with value: -0.04979185690924877 and parameters: {'confidence_threshold': 0.5497381024139926, 'training_days': 120, 'n_estimators': 408, 'max_depth': 5, 'num_leaves': 38, 'learning_rate': 0.28049122657745795, 'subsample': 0.8806573338635493, 'colsample_bytree': 0.5454054113547102, 'min_child_samples': 63, 'reg_alpha': 0.01263008637940408, 'reg_lambda': 0.04588020805366937}. Best is trial 5 with value: 0.07608710561308943.
[I 2026-06-01 13:02:15,818] Trial 8 finished with value: 0.0773711268715008 and parameters: {'confidence_threshold': 0.719644804808716, 'training_days': 450, 'n_estimators': 410, 'max_depth': 4, 'num_leaves': 57, 'learning_rate': 0.04022026551478857, 'subsample': 0.5336085426932707, 'colsample_bytree': 0.5705742850577543, 'min_child_samples': 100, 'reg_alpha': 5.916398047912201e-07, 'reg_lambda': 0.9794034214488329}. Best is trial 8 with value: 0.0773711268715008.
[I 2026-06-01 13:02:15,839] Trial 9 finished with value: -10.0 and parameters: {'confidence_threshold': 0.7267463643917187, 'training_days': 20, 'n_estimators': 337, 'max_depth': 5, 'num_leaves': 23, 'learning_rate': 0.022153031811454605, 'subsample': 0.6305627572358737, 'colsample_bytree': 0.6613413774216214, 'min_child_samples': 81, 'reg_alpha': 5.7638634029410314e-08, 'reg_lambda': 8.26603016764008}. Best is trial 8 with value: 0.0773711268715008.
[I 2026-06-01 13:02:16,187] Trial 10 finished with value: 0.12406546387509629 and parameters: {'confidence_threshold': 0.8283920119574972, 'training_days': 400, 'n_estimators': 485, 'max_depth': 4, 'num_leaves': 63, 'learning_rate': 0.011927505552849117, 'subsample': 0.7130289643560688, 'colsample_bytree': 0.9944479338273263, 'min_child_samples': 100, 'reg_alpha': 5.0239970328459277e-05, 'reg_lambda': 0.0028438774509831773}. Best is trial 10 with value: 0.12406546387509629.
[I 2026-06-01 13:02:16,536] Trial 11 finished with value: 0.23612850031365057 and parameters: {'confidence_threshold': 0.8431920368994753, 'training_days': 400, 'n_estimators': 478, 'max_depth': 4, 'num_leaves': 61, 'learning_rate': 0.010033528037260202, 'subsample': 0.6988002958677881, 'colsample_bytree': 0.9628722124262472, 'min_child_samples': 100, 'reg_alpha': 5.263694533895985e-05, 'reg_lambda': 0.0038935771291352755}. Best is trial 11 with value: 0.23612850031365057.

    [trial 11] Sharpe=0.0995 (folds: 0.0416, 0.1018, 0.3279, -0.1005, 0.1266)
    [trial 12] 48 features, training_days=480 | threshold=0.716 | labels: 1211 long, 960 short (56/44%)
    [trial 12] Sharpe=0.0515 (folds: 0.0102, -0.0305, 0.3171, -0.0827, 0.0431)
    [trial 13] 48 features, training_days=500 | threshold=0.761 | labels: 1211 long, 960 short (56/44%)
    [trial 13] Sharpe=0.0562 (folds: -0.0589, 0.0702, 0.2763, -0.0634, 0.0571)
    [trial 14] 48 features, training_days=340 | threshold=0.673 | labels: 1211 long, 960 short (56/44%)
    [trial 14] Sharpe=0.0330 (folds: -0.0418, 0.1757, 0.2232, -0.0955, -0.0965)
    [trial 15] 48 features, training_days=420 | threshold=0.775 | labels: 1211 long, 960 short (56/44%)
    [trial 15] Sharpe=0.0506 (folds: -0.0605, 0.1563, 0.1939, -0.0783, 0.0416)
    [trial 16] 48 features, training_days=270 | threshold=0.676 | labels: 1211 long, 960 short (56/44%)
    [trial 16] Sharpe=-0.0191 (folds: -0.0432, 0.1761, 0.0604, -0.0250, -0.2639)
    [trial 17] 48 features, training_days=400 | threshold=0.789 | labels: 1211 long, 960 short (56/44%)
    [trial 17] Sharpe=0.2092 (folds: 0.1473, 0.1280, 0.4252, 0.0207, 0.3250)
  Optuna: 18 trials, best Sharpe = 0.2092
  Best params: n_estimators=344, max_depth=4, lr=0.0104, leaves=21
  Best confidence_threshold: 0.789
  Best training_days: 400
  Retrained on full data (1200 samples, 48 features)
  [ensemble 2/3] seed=123
    [trial 0] 48 features, training_days=150 | threshold=0.744 | labels: 1211 long, 960 short (56/44%)
    [CV fold 0] train_end=2023-04-25 08:00 | val_start=2023-05-03 00:00 | gap=184h (22 rows)
    [CV fold 1] train_end=2023-08-23 16:00 | val_start=2023-08-31 08:00 | gap=184h (22 rows)
    [CV fold 2] train_end=2023-12-22 00:00 | val_start=2023-12-29 16:00 | gap=184h (22 rows)
    [CV fold 3] train_end=2024-04-20 08:00 | val_start=2024-04-28 00:00 | gap=184h (22 rows)
    [CV fold 4] train_end=2024-08-18 16:00 | val_start=2024-08-26 08:00 | gap=184h (22 rows)
    [trial 0] Sharpe=-0.0875 (folds: 0.0101, -0.1642, 0.0653, -0.0923, -0.2563)
    [trial 1] 48 features, training_days=220 | threshold=0.755 | labels: 1211 long, 960 short (56/44%)
    [trial 1] Sharpe=-1.8660 (folds: 0.1883, -0.1292, 0.4438, 0.1669, -10.0000)
    [trial 2] 48 features, training_days=310 | threshold=0.754 | labels: 1211 long, 960 short (56/44%)
    [trial 2] Sharpe=0.0449 (folds: 0.0186, 0.1540, 0.3360, -0.1060, -0.1780)
    [trial 3] 48 features, training_days=220 | threshold=0.673 | labels: 1211 long, 960 short (56/44%)
    [trial 3] Sharpe=0.0013 (folds: -0.0228, 0.0387, 0.1368, -0.0054, -0.1405)
    [trial 4] 48 features, training_days=130 | threshold=0.803 | labels: 1211 long, 960 short (56/44%)
    [trial 4] Sharpe=-0.0194 (folds: 0.0142, -0.2037, 0.2310, -0.2086, 0.0701)
    [trial 5] 48 features, training_days=210 | threshold=0.606 | labels: 1211 long, 960 short (56/44%)
    [trial 5] Sharpe=-0.0576 (folds: -0.0777, 0.0619, -0.0597, 0.0033, -0.2158)
    [trial 6] 48 features, training_days=130 | threshold=0.767 | labels: 1211 long, 960 short (56/44%)
    [trial 6] Sharpe=-0.0629 (folds: -0.0274, -0.3668, 0.1728, -0.0985, 0.0054)
    [trial 7] 48 features, training_days=80 | threshold=0.556 | labels: 1211 long, 960 short (56/44%)
    [trial 7] Sharpe=0.0478 (folds: -0.0281, 0.0250, 0.2634, -0.0021, -0.0193)
    [trial 8] 48 features, training_days=200 | threshold=0.607 | labels: 1211 long, 960 short (56/44%)
    [trial 8] Sharpe=-0.0219 (folds: -0.0270, 0.0057, 0.0905, -0.0430, -0.1356)
    [trial 9] 48 features, training_days=260 | threshold=0.620 | labels: 1211 long, 960 short (56/44%)
    [trial 9] Sharpe=-0.0185 (folds: -0.0418, 0.0614, 0.0914, -0.0248, -0.1786)
    [trial 10] 48 features, training_days=10 | threshold=0.525 | labels: 1211 long, 960 short (56/44%)
    [trial 10] Sharpe=-0.0164 (folds: 0.0218, 0.3086, -0.0426, -0.0485, -0.3214)
    [trial 11] 48 features, training_days=440 | threshold=0.508 | labels: 1211 long, 960 short (56/44%)
    [trial 11] Sharpe=0.0518 (folds: -0.0503, 0.0863, 0.2993, -0.0003, -0.0760)
    [trial 12] 48 features, training_days=500 | threshold=0.509 | labels: 1211 long, 960 short (56/44%)
    [trial 12] Sharpe=0.0502 (folds: -0.0345, 0.0541, 0.2313, -0.0351, 0.0353)
    [trial 13] 48 features, training_days=500 | threshold=0.501 | labels: 1211 long, 960 short (56/44%)
    [trial 13] Sharpe=0.0659 (folds: -0.0448, 0.0876, 0.2990, -0.0496, 0.0371)
    [trial 14] 48 features, training_days=490 | threshold=0.564 | labels: 1211 long, 960 short (56/44%)
    [trial 14] Sharpe=0.0733 (folds: -0.0539, 0.0946, 0.2940, -0.0475, 0.0793)
    [trial 15] 48 features, training_days=400 | threshold=0.564 | labels: 1211 long, 960 short (56/44%)
    [trial 15] Sharpe=0.0674 (folds: -0.0506, 0.1139, 0.2652, -0.0156, 0.0240)
    [trial 16] 48 features, training_days=380 | threshold=0.664 | labels: 1211 long, 960 short (56/44%)
    [trial 16] Sharpe=0.0795 (folds: 0.0362, 0.0840, 0.3830, -0.0592, -0.0465)
    [trial 17] 48 features, training_days=370 | threshold=0.683 | labels: 1211 long, 960 short (56/44%)
    [trial 17] Sharpe=0.0988 (folds: 0.2210, 0.1317, 0.2505, -0.1151, 0.0062)
  Optuna: 18 trials, best Sharpe = 0.0988
  Best params: n_estimators=283, max_depth=5, lr=0.0102, leaves=15
  Best confidence_threshold: 0.683
  Best training_days: 370
  Retrained on full data (1110 samples, 48 features)
  [ensemble 3/3] seed=456
    [trial 0] 48 features, training_days=90 | threshold=0.587 | labels: 1211 long, 960 short (56/44%)
    [CV fold 0] train_end=2023-04-25 08:00 | val_start=2023-05-03 00:00 | gap=184h (22 rows)
    [CV fold 1] train_end=2023-08-23 16:00 | val_start=2023-08-31 08:00 | gap=184h (22 rows)
    [CV fold 2] train_end=2023-12-22 00:00 | val_start=2023-12-29 16:00 | gap=184h (22 rows)
    [CV fold 3] train_end=2024-04-20 08:00 | val_start=2024-04-28 00:00 | gap=184h (22 rows)
    [CV fold 4] train_end=2024-08-18 16:00 | val_start=2024-08-26 08:00 | gap=184h (22 rows)
    [trial 0] Sharpe=-0.0395 (folds: -0.0141, -0.2588, 0.1856, -0.1021, -0.0083)
    [trial 1] 48 features, training_days=290 | threshold=0.635 | labels: 1211 long, 960 short (56/44%)
    [trial 1] Sharpe=0.0107 (folds: -0.0050, 0.1079, 0.1765, -0.0382, -0.1877)
    [trial 2] 48 features, training_days=10 | threshold=0.585 | labels: 1211 long, 960 short (56/44%)
    [trial 2] Sharpe=-2.0067 (folds: 0.0218, 0.3086, -0.0426, -10.0000, -0.3214)
    [trial 3] 48 features, training_days=220 | threshold=0.687 | labels: 1211 long, 960 short (56/44%)
    [trial 3] Sharpe=0.0240 (folds: 0.0095, 0.1580, 0.1191, -0.0160, -0.1505)
    [trial 4] 48 features, training_days=300 | threshold=0.562 | labels: 1211 long, 960 short (56/44%)
    [trial 4] Sharpe=-0.0253 (folds: -0.0290, 0.0894, 0.1019, -0.0462, -0.2426)
    [trial 5] 48 features, training_days=490 | threshold=0.711 | labels: 1211 long, 960 short (56/44%)
    [trial 5] Sharpe=0.0761 (folds: -0.0468, 0.1909, 0.2451, -0.0653, 0.0565)
    [trial 6] 48 features, training_days=420 | threshold=0.667 | labels: 1211 long, 960 short (56/44%)
    [trial 6] Sharpe=0.0494 (folds: 0.0033, 0.1267, 0.2793, -0.1026, -0.0595)
    [trial 7] 48 features, training_days=120 | threshold=0.550 | labels: 1211 long, 960 short (56/44%)
    [trial 7] Sharpe=-0.0498 (folds: -0.1015, -0.1955, 0.1593, -0.1618, 0.0505)
    [trial 8] 48 features, training_days=450 | threshold=0.720 | labels: 1211 long, 960 short (56/44%)
    [trial 8] Sharpe=0.0774 (folds: -0.0012, 0.1174, 0.3175, -0.0414, -0.0054)
    [trial 9] 48 features, training_days=20 | threshold=0.727 | labels: 1211 long, 960 short (56/44%)
    [trial 9] Sharpe=-10.0000 (folds: -10.0000, -10.0000, -10.0000, -10.0000, -10.0000)
    [trial 10] 48 features, training_days=400 | threshold=0.828 | labels: 1211 long, 960 short (56/44%)
    [trial 10] Sharpe=0.1241 (folds: 0.0903, -0.1410, 0.3101, 0.0945, 0.2664)
    [trial 11] 48 features, training_days=400 | threshold=0.843 | labels: 1211 long, 960 short (56/44%)
    [trial 11] Sharpe=0.2361 (folds: 0.4696, 0.0200, 0.4018, -0.0192, 0.3084)
    [trial 12] 48 features, training_days=380 | threshold=0.844 | labels: 1211 long, 960 short (56/44%)
[I 2026-06-01 13:02:16,907] Trial 12 finished with value: 0.1312217803209516 and parameters: {'confidence_threshold': 0.8438571470748946, 'training_days': 380, 'n_estimators': 490, 'max_depth': 4, 'num_leaves': 63, 'learning_rate': 0.010159937976656527, 'subsample': 0.7118974055130827, 'colsample_bytree': 0.9826583982594713, 'min_child_samples': 85, 'reg_alpha': 5.113460481149383e-05, 'reg_lambda': 0.0025654558023732064}. Best is trial 11 with value: 0.23612850031365057.
[I 2026-06-01 13:02:17,264] Trial 13 finished with value: 0.058732429233538774 and parameters: {'confidence_threshold': 0.8491509226822421, 'training_days': 340, 'n_estimators': 497, 'max_depth': 4, 'num_leaves': 55, 'learning_rate': 0.010705997157931187, 'subsample': 0.7297071686352968, 'colsample_bytree': 0.9591893793820627, 'min_child_samples': 84, 'reg_alpha': 5.900837329147622e-05, 'reg_lambda': 0.0024053473580796887}. Best is trial 11 with value: 0.23612850031365057.
[I 2026-06-01 13:02:17,657] Trial 14 finished with value: 0.07629504591981334 and parameters: {'confidence_threshold': 0.7923679559701308, 'training_days': 360, 'n_estimators': 500, 'max_depth': 4, 'num_leaves': 62, 'learning_rate': 0.017771085918009254, 'subsample': 0.6776505255398512, 'colsample_bytree': 0.9104960823108069, 'min_child_samples': 66, 'reg_alpha': 0.0015221098663002438, 'reg_lambda': 2.9657614985995184e-06}. Best is trial 11 with value: 0.23612850031365057.
[I 2026-06-01 13:02:17,922] Trial 15 finished with value: -0.00635849864450142 and parameters: {'confidence_threshold': 0.7829525506318393, 'training_days': 220, 'n_estimators': 442, 'max_depth': 4, 'num_leaves': 54, 'learning_rate': 0.018366634759245874, 'subsample': 0.7883697618156693, 'colsample_bytree': 0.8144377937283438, 'min_child_samples': 88, 'reg_alpha': 8.389848446565311e-06, 'reg_lambda': 0.00387315817552123}. Best is trial 11 with value: 0.23612850031365057.
[I 2026-06-01 13:02:18,191] Trial 16 finished with value: 0.18428591989691312 and parameters: {'confidence_threshold': 0.7809712285122007, 'training_days': 500, 'n_estimators': 294, 'max_depth': 4, 'num_leaves': 51, 'learning_rate': 0.01003856720336505, 'subsample': 0.6577011495975604, 'colsample_bytree': 0.9373223525891455, 'min_child_samples': 71, 'reg_alpha': 0.0031944999728269687, 'reg_lambda': 0.022479599290053574}. Best is trial 11 with value: 0.23612850031365057.
[I 2026-06-01 13:02:18,387] Trial 17 finished with value: 0.1080620659644462 and parameters: {'confidence_threshold': 0.7785304803072056, 'training_days': 490, 'n_estimators': 243, 'max_depth': 3, 'num_leaves': 51, 'learning_rate': 0.025017195648714477, 'subsample': 0.6531607143741639, 'colsample_bytree': 0.9181171531833169, 'min_child_samples': 54, 'reg_alpha': 0.009343249462262431, 'reg_lambda': 0.02953849045257636}. Best is trial 11 with value: 0.23612850031365057.
[I 2026-06-01 13:02:19,105] A new study created in memory with name: no-name-789f2f97-0a11-4bbc-8930-fac7f7f8f58a
[I 2026-06-01 13:02:19,416] Trial 0 finished with value: 0.07720374315201942 and parameters: {'confidence_threshold': 0.6310890415965769, 'training_days': 480, 'n_estimators': 380, 'max_depth': 4, 'num_leaves': 22, 'learning_rate': 0.01699897838270077, 'subsample': 0.5290418060840998, 'colsample_bytree': 0.9330880728874675, 'min_child_samples': 68, 'reg_alpha': 0.023585940584142682, 'reg_lambda': 1.5320059381854043e-08}. Best is trial 0 with value: 0.07720374315201942.
[I 2026-06-01 13:02:19,536] Trial 1 finished with value: -1.80816808789511 and parameters: {'confidence_threshold': 0.839468448256698, 'training_days': 420, 'n_estimators': 145, 'max_depth': 3, 'num_leaves': 23, 'learning_rate': 0.028145092716060652, 'subsample': 0.762378215816119, 'colsample_bytree': 0.7159725093210578, 'min_child_samples': 43, 'reg_alpha': 0.0032112643094417484, 'reg_lambda': 1.8007140198129195e-07}. Best is trial 0 with value: 0.07720374315201942.
[I 2026-06-01 13:02:19,696] Trial 2 finished with value: -0.09391300112113361 and parameters: {'confidence_threshold': 0.6022506269873263, 'training_days': 190, 'n_estimators': 255, 'max_depth': 5, 'num_leaves': 24, 'learning_rate': 0.05748924681991978, 'subsample': 0.7962072844310213, 'colsample_bytree': 0.5232252063599989, 'min_child_samples': 69, 'reg_alpha': 3.425445902633376e-07, 'reg_lambda': 3.850031979199519e-08}. Best is trial 0 with value: 0.07720374315201942.
[I 2026-06-01 13:02:19,973] Trial 3 finished with value: 0.04789435970478874 and parameters: {'confidence_threshold': 0.8321099380386666, 'training_days': 490, 'n_estimators': 414, 'max_depth': 3, 'num_leaves': 19, 'learning_rate': 0.1024932221692416, 'subsample': 0.7200762468698007, 'colsample_bytree': 0.5610191174223894, 'min_child_samples': 60, 'reg_alpha': 2.039373116525212e-08, 'reg_lambda': 1.527156759251193}. Best is trial 0 with value: 0.07720374315201942.
[I 2026-06-01 13:02:20,128] Trial 4 finished with value: 0.06495344242889751 and parameters: {'confidence_threshold': 0.5905729935600059, 'training_days': 340, 'n_estimators': 190, 'max_depth': 4, 'num_leaves': 41, 'learning_rate': 0.01875220945578641, 'subsample': 0.9847923138822793, 'colsample_bytree': 0.8875664116805573, 'min_child_samples': 96, 'reg_alpha': 1.1309571585271483, 'reg_lambda': 0.002404915432737351}. Best is trial 0 with value: 0.07720374315201942.
[I 2026-06-01 13:02:20,166] Trial 5 finished with value: -0.09957234702051207 and parameters: {'confidence_threshold': 0.8226559822580909, 'training_days': 50, 'n_estimators': 138, 'max_depth': 3, 'num_leaves': 30, 'learning_rate': 0.03750796359625606, 'subsample': 0.6356745158869479, 'colsample_bytree': 0.9143687545759647, 'min_child_samples': 48, 'reg_alpha': 3.376063348877853e-06, 'reg_lambda': 0.0007660634613082914}. Best is trial 0 with value: 0.07720374315201942.
