[I 2026-06-01 13:01:27,949] Trial 17 finished with value: 0.06901698204550318 and parameters: {'confidence_threshold': 0.6193644319282222, 'training_days': 450, 'n_estimators': 62, 'max_depth': 3, 'num_leaves': 26, 'learning_rate': 0.096550781070941, 'subsample': 0.6718064291677197, 'colsample_bytree': 0.5029463372166628, 'min_child_samples': 89, 'reg_alpha': 0.06347984249987752, 'reg_lambda': 1.7282871767632007e-06}. Best is trial 15 with value: 0.07428447396480384.

    [CV fold 4] train_end=2024-04-18 16:00 | val_start=2024-04-26 08:00 | gap=184h (22 rows)
    [trial 0] Sharpe=0.0007 (folds: 0.0735, -0.0637, -0.1696, 0.2202, -0.0570)
    [trial 1] 48 features, training_days=290 | threshold=0.635 | labels: 1186 long, 985 short (55/45%)
    [trial 1] Sharpe=0.0533 (folds: 0.0376, 0.0133, 0.0250, 0.2636, -0.0727)
    [trial 2] 48 features, training_days=10 | threshold=0.585 | labels: 1186 long, 985 short (55/45%)
    [trial 2] Sharpe=-0.0780 (folds: -0.1154, -0.0206, -0.4214, 0.2143, -0.0469)
    [trial 3] 48 features, training_days=220 | threshold=0.687 | labels: 1186 long, 985 short (55/45%)
    [trial 3] Sharpe=0.0573 (folds: 0.0338, 0.0045, 0.1620, 0.1402, -0.0540)
    [trial 4] 48 features, training_days=300 | threshold=0.562 | labels: 1186 long, 985 short (55/45%)
    [trial 4] Sharpe=0.0365 (folds: 0.0472, 0.0099, 0.0564, 0.1290, -0.0598)
    [trial 5] 48 features, training_days=490 | threshold=0.711 | labels: 1186 long, 985 short (55/45%)
    [trial 5] Sharpe=0.0409 (folds: 0.0084, -0.0625, 0.0415, 0.3007, -0.0838)
    [trial 6] 48 features, training_days=420 | threshold=0.667 | labels: 1186 long, 985 short (55/45%)
    [trial 6] Sharpe=0.0181 (folds: 0.0055, -0.1094, -0.0882, 0.3633, -0.0805)
    [trial 7] 48 features, training_days=120 | threshold=0.550 | labels: 1186 long, 985 short (55/45%)
    [trial 7] Sharpe=-0.0192 (folds: 0.0587, -0.1079, -0.1539, 0.2423, -0.1351)
    [trial 8] 48 features, training_days=450 | threshold=0.720 | labels: 1186 long, 985 short (55/45%)
    [trial 8] Sharpe=0.0618 (folds: -0.0523, 0.0452, 0.0047, 0.3696, -0.0582)
    [trial 9] 48 features, training_days=20 | threshold=0.727 | labels: 1186 long, 985 short (55/45%)
    [trial 9] Sharpe=-8.0843 (folds: -10.0000, -10.0000, -0.4214, -10.0000, -10.0000)
    [trial 10] 48 features, training_days=400 | threshold=0.828 | labels: 1186 long, 985 short (55/45%)
    [trial 10] Sharpe=-0.0631 (folds: -0.2949, -0.0962, -0.2121, 0.2655, 0.0223)
    [trial 11] 48 features, training_days=190 | threshold=0.777 | labels: 1186 long, 985 short (55/45%)
    [trial 11] Sharpe=0.0189 (folds: -0.1693, -0.0208, 0.0718, 0.1039, 0.1091)
    [trial 12] 48 features, training_days=220 | threshold=0.745 | labels: 1186 long, 985 short (55/45%)
    [trial 12] Sharpe=0.0192 (folds: -0.1202, 0.0223, 0.1103, 0.1432, -0.0594)
    [trial 13] 48 features, training_days=370 | threshold=0.674 | labels: 1186 long, 985 short (55/45%)
    [trial 13] Sharpe=0.0385 (folds: -0.0005, -0.0009, -0.1222, 0.3697, -0.0537)
    [trial 14] 48 features, training_days=340 | threshold=0.806 | labels: 1186 long, 985 short (55/45%)
    [trial 14] Sharpe=-2.1512 (folds: -0.1096, -0.4635, -0.1054, -10.0000, -0.0772)
    [trial 15] 48 features, training_days=500 | threshold=0.654 | labels: 1186 long, 985 short (55/45%)
    [trial 15] Sharpe=0.0743 (folds: 0.0004, 0.0557, 0.0352, 0.3488, -0.0686)
    [trial 16] 48 features, training_days=500 | threshold=0.516 | labels: 1186 long, 985 short (55/45%)
    [trial 16] Sharpe=0.0243 (folds: 0.0077, -0.0217, -0.0191, 0.2472, -0.0926)
    [trial 17] 48 features, training_days=450 | threshold=0.619 | labels: 1186 long, 985 short (55/45%)
    [trial 17] Sharpe=0.0690 (folds: 0.0583, 0.0370, -0.1164, 0.4527, -0.0866)
  Optuna: 18 trials, best Sharpe = 0.0743
  Best params: n_estimators=130, max_depth=3, lr=0.0925, leaves=17
  Best confidence_threshold: 0.654
  Best training_days: 500
  Retrained on full data (1500 samples, 48 features)
  OOD: 16 features, cutoff (q=0.7) = 10.10
  Model trained for 2024-09: 90 test candles with features, confidence_threshold=0.667
[trade:close] 2024-09-04 07:59 BTCUSDT LONG → stop_loss @ 56493.44 | PnL=-4.35% (net -4.45%) | cum=+3.05% 2024-09=-4.45% 2024-09-04=-4.45%
[predict] 2024-09-07 00:00 BTCUSDT → LONG (proba=0.81 TP=9.8%/SL=4.9%)
[trade:open] 2024-09-07 07:59 BTCUSDT LONG @ 54258.10 | SL=51606.38 TP=59561.55 | timeout=2024-09-14 07:59
[trade:close] 2024-09-13 15:59 BTCUSDT LONG → take_profit @ 59561.55 | PnL=+9.77% (net +9.67%) | cum=+12.72% 2024-09=+5.23% 2024-09-13=+9.67%
[predict] 2024-09-14 08:00 BTCUSDT → SHORT (proba=0.78 TP=7.1%/SL=3.5%)
[trade:open] 2024-09-14 15:59 BTCUSDT SHORT @ 59840.10 | SL=61957.28 TP=55605.73 | timeout=2024-09-21 15:59
[trade:close] 2024-09-19 07:59 BTCUSDT SHORT → stop_loss @ 61957.28 | PnL=-3.54% (net -3.64%) | cum=+9.09% 2024-09=+1.59% 2024-09-19=-3.64%
[predict] 2024-09-20 16:00 BTCUSDT → SHORT (proba=0.68 TP=7.3%/SL=3.7%)
[trade:open] 2024-09-20 23:59 BTCUSDT SHORT @ 63175.70 | SL=65489.01 TP=58549.08 | timeout=2024-09-27 23:59
[trade:close] 2024-09-26 15:59 BTCUSDT SHORT → stop_loss @ 65489.01 | PnL=-3.66% (net -3.76%) | cum=+5.32% 2024-09=-2.17% 2024-09-26=-3.76%
[predict] 2024-09-30 00:00 BTCUSDT → LONG (proba=0.67 TP=4.9%/SL=2.5%)
[trade:open] 2024-09-30 07:59 BTCUSDT LONG @ 64539.10 | SL=62952.34 TP=67712.62 | timeout=2024-10-07 07:59
[trade:close] 2024-09-30 23:59 BTCUSDT LONG → stop_loss @ 62952.34 | PnL=-2.46% (net -2.56%) | cum=+2.77% 2024-09=-4.73% 2024-09-30=-2.56%
[lgbm] === Training for 2024-10 ===
  Train window: 2022-10-01 → 2024-09-23
  2171 training samples from 1 symbols
  Samples per month: 2022-10: 93, 2022-11: 90, 2022-12: 93, 2023-01: 93, 2023-02: 84, 2023-03: 93, 2023-04: 90, 2023-05: 93, 2023-06: 90, 2023-07: 93, 2023-08: 93, 2023-09: 90, 2023-10: 93, 2023-11: 90, 2023-12: 93, 2024-01: 93, 2024-02: 87, 2024-03: 93, 2024-04: 90, 2024-05: 93, 2024-06: 90, 2024-07: 93, 2024-08: 93, 2024-09: 68
  [label] 2022-12-01 16:00 BTCUSDT entry=16970.5000 → LONG | long=timeout(+1.35%) short=timeout(-1.55%) | scanned=22 | no_tp→fwd_return=+1.4466
  [label] 2022-12-04 00:00 BTCUSDT entry=16987.9000 → LONG | long=timeout(+0.99%) short=sl(-2.67%) | scanned=22 | no_tp→fwd_return=+1.0920
  [label] 2022-12-07 16:00 BTCUSDT entry=16828.0000 → LONG | long=tp(+4.83%) short=sl(-2.56%) | scanned=17 | long_tp_only
  [label] 2023-01-01 08:00 BTCUSDT entry=16553.1000 → LONG | long=timeout(+2.55%) short=sl(-1.58%) | scanned=22 | no_tp→fwd_return=+2.6454
  [label] 2023-02-23 00:00 BTCUSDT entry=24365.3000 → SHORT | long=sl(-4.50%) short=timeout(+3.94%) | scanned=22 | no_tp→fwd_return=-4.0361
  [label] 2023-08-08 00:00 BTCUSDT entry=29177.0000 → LONG | long=tp(+3.33%) short=sl(-1.82%) | scanned=2 | long_tp_only
  [label] 2023-08-12 00:00 BTCUSDT entry=29410.2000 → SHORT | long=sl(-1.74%) short=tp(+3.18%) | scanned=15 | short_tp_only
  [label] 2023-08-22 16:00 BTCUSDT entry=26044.4000 → LONG | long=tp(+5.66%) short=sl(-2.98%) | scanned=20 | long_tp_only
  [label] 2023-10-06 16:00 BTCUSDT entry=27916.3000 → SHORT | long=sl(-3.08%) short=timeout(+3.72%) | scanned=22 | no_tp→fwd_return=-3.8203
  [label] 2023-10-15 08:00 BTCUSDT entry=26885.6000 → LONG | long=tp(+3.33%) short=sl(-1.81%) | scanned=2 | long_tp_only
  [label] 2024-01-13 16:00 BTCUSDT entry=42846.4000 → SHORT | long=timeout(-2.79%) short=timeout(+2.59%) | scanned=22 | no_tp→fwd_return=-2.6947
  [label] 2024-02-14 16:00 BTCUSDT entry=51823.2000 → LONG | long=timeout(+0.01%) short=timeout(-0.21%) | scanned=22 | no_tp→fwd_return=+0.1054
  [label] 2024-03-02 00:00 BTCUSDT entry=62071.9000 → LONG | long=tp(+9.51%) short=sl(-4.90%) | scanned=8 | long_tp_only
  [label] 2024-03-14 16:00 BTCUSDT entry=71455.5000 → SHORT | long=sl(-5.29%) short=tp(+10.28%) | scanned=13 | short_tp_only
  [label] 2024-04-02 00:00 BTCUSDT entry=66503.3000 → LONG | long=tp(+9.03%) short=sl(-4.66%) | scanned=19 | long_tp_only
  [label] 2024-04-08 08:00 BTCUSDT entry=71815.7000 → SHORT | long=sl(-3.97%) short=tp(+7.64%) | scanned=13 | short_tp_only
  [label] 2024-04-20 16:00 BTCUSDT entry=64897.2000 → SHORT | long=timeout(-2.37%) short=timeout(+2.17%) | scanned=22 | no_tp→fwd_return=-2.2747
  [label] 2024-05-30 08:00 BTCUSDT entry=68566.4000 → LONG | long=timeout(+3.94%) short=sl(-3.36%) | scanned=22 | no_tp→fwd_return=+4.0368
  [label] 2024-06-09 00:00 BTCUSDT entry=69331.9000 → SHORT | long=sl(-2.51%) short=tp(+4.72%) | scanned=17 | short_tp_only
  [label] 2024-09-03 08:00 BTCUSDT entry=57695.1000 → SHORT | long=sl(-4.02%) short=tp(+7.74%) | scanned=10 | short_tp_only[I 2026-06-01 13:01:28,555] A new study created in memory with name: no-name-27a070ea-6607-45f8-b935-b44962408b8e
[I 2026-06-01 13:01:28,874] Trial 0 finished with value: 0.029170768005034885 and parameters: {'confidence_threshold': 0.6310890415965769, 'training_days': 480, 'n_estimators': 380, 'max_depth': 4, 'num_leaves': 22, 'learning_rate': 0.01699897838270077, 'subsample': 0.5290418060840998, 'colsample_bytree': 0.9330880728874675, 'min_child_samples': 68, 'reg_alpha': 0.023585940584142682, 'reg_lambda': 1.5320059381854043e-08}. Best is trial 0 with value: 0.029170768005034885.
[I 2026-06-01 13:01:28,985] Trial 1 finished with value: -1.7780983292871002 and parameters: {'confidence_threshold': 0.839468448256698, 'training_days': 420, 'n_estimators': 145, 'max_depth': 3, 'num_leaves': 23, 'learning_rate': 0.028145092716060652, 'subsample': 0.762378215816119, 'colsample_bytree': 0.7159725093210578, 'min_child_samples': 43, 'reg_alpha': 0.0032112643094417484, 'reg_lambda': 1.8007140198129195e-07}. Best is trial 0 with value: 0.029170768005034885.
[I 2026-06-01 13:01:29,129] Trial 2 finished with value: -0.06514316728285749 and parameters: {'confidence_threshold': 0.6022506269873263, 'training_days': 190, 'n_estimators': 255, 'max_depth': 5, 'num_leaves': 24, 'learning_rate': 0.05748924681991978, 'subsample': 0.7962072844310213, 'colsample_bytree': 0.5232252063599989, 'min_child_samples': 69, 'reg_alpha': 3.425445902633376e-07, 'reg_lambda': 3.850031979199519e-08}. Best is trial 0 with value: 0.029170768005034885.
[I 2026-06-01 13:01:29,393] Trial 3 finished with value: 0.0059091098234668625 and parameters: {'confidence_threshold': 0.8321099380386666, 'training_days': 490, 'n_estimators': 414, 'max_depth': 3, 'num_leaves': 19, 'learning_rate': 0.1024932221692416, 'subsample': 0.7200762468698007, 'colsample_bytree': 0.5610191174223894, 'min_child_samples': 60, 'reg_alpha': 2.039373116525212e-08, 'reg_lambda': 1.527156759251193}. Best is trial 0 with value: 0.029170768005034885.
[I 2026-06-01 13:01:29,564] Trial 4 finished with value: 0.06249403762417555 and parameters: {'confidence_threshold': 0.5905729935600059, 'training_days': 340, 'n_estimators': 190, 'max_depth': 4, 'num_leaves': 41, 'learning_rate': 0.01875220945578641, 'subsample': 0.9847923138822793, 'colsample_bytree': 0.8875664116805573, 'min_child_samples': 96, 'reg_alpha': 1.1309571585271483, 'reg_lambda': 0.002404915432737351}. Best is trial 4 with value: 0.06249403762417555.
[I 2026-06-01 13:01:29,607] Trial 5 finished with value: -0.05738554000837193 and parameters: {'confidence_threshold': 0.8226559822580909, 'training_days': 50, 'n_estimators': 138, 'max_depth': 3, 'num_leaves': 30, 'learning_rate': 0.03750796359625606, 'subsample': 0.6356745158869479, 'colsample_bytree': 0.9143687545759647, 'min_child_samples': 48, 'reg_alpha': 3.376063348877853e-06, 'reg_lambda': 0.0007660634613082914}. Best is trial 4 with value: 0.06249403762417555.
[I 2026-06-01 13:01:29,714] Trial 6 finished with value: 0.01810453073771494 and parameters: {'confidence_threshold': 0.5493234787411669, 'training_days': 410, 'n_estimators': 83, 'max_depth': 5, 'num_leaves': 52, 'learning_rate': 0.019657448966046126, 'subsample': 0.5027610585618012, 'colsample_bytree': 0.9077307142274171, 'min_child_samples': 77, 'reg_alpha': 0.03639690979811287, 'reg_lambda': 0.08738424135626986}. Best is trial 4 with value: 0.06249403762417555.
[I 2026-06-01 13:01:29,821] Trial 7 finished with value: -0.07727905082255421 and parameters: {'confidence_threshold': 0.5259156281069316, 'training_days': 180, 'n_estimators': 102, 'max_depth': 5, 'num_leaves': 45, 'learning_rate': 0.030816017044468066, 'subsample': 0.5317791751430119, 'colsample_bytree': 0.6554911608578311, 'min_child_samples': 46, 'reg_alpha': 0.036851536911881845, 'reg_lambda': 0.005470376807480391}. Best is trial 4 with value: 0.06249403762417555.
[I 2026-06-01 13:01:29,942] Trial 8 finished with value: 0.0860543480686273 and parameters: {'confidence_threshold': 0.8105244599017143, 'training_days': 240, 'n_estimators': 103, 'max_depth': 5, 'num_leaves': 52, 'learning_rate': 0.06746437142284309, 'subsample': 0.8854835899772805, 'colsample_bytree': 0.7468977981821954, 'min_child_samples': 62, 'reg_alpha': 7.04480806377519e-05, 'reg_lambda': 1.6934490731313353e-08}. Best is trial 8 with value: 0.0860543480686273.
[I 2026-06-01 13:01:29,966] Trial 9 finished with value: -2.0293732440407326 and parameters: {'confidence_threshold': 0.5377619994476566, 'training_days': 20, 'n_estimators': 337, 'max_depth': 3, 'num_leaves': 39, 'learning_rate': 0.21907142272152816, 'subsample': 0.6246461145744375, 'colsample_bytree': 0.7051914615178149, 'min_child_samples': 81, 'reg_alpha': 1.1459970229341322e-06, 'reg_lambda': 4.929685216887945e-08}. Best is trial 8 with value: 0.0860543480686273.
[I 2026-06-01 13:01:30,536] Trial 10 finished with value: 0.01738003064588158 and parameters: {'confidence_threshold': 0.734042426776949, 'training_days': 280, 'n_estimators': 487, 'max_depth': 5, 'num_leaves': 62, 'learning_rate': 0.10432148521337849, 'subsample': 0.9416850669512905, 'colsample_bytree': 0.8120417635861826, 'min_child_samples': 27, 'reg_alpha': 7.238112263003475e-05, 'reg_lambda': 3.3639426888455256e-06}. Best is trial 8 with value: 0.0860543480686273.
[I 2026-06-01 13:01:30,704] Trial 11 finished with value: 0.049603280736675616 and parameters: {'confidence_threshold': 0.7192552477034038, 'training_days': 290, 'n_estimators': 223, 'max_depth': 4, 'num_leaves': 53, 'learning_rate': 0.010418004616766478, 'subsample': 0.9987925440125851, 'colsample_bytree': 0.8164708272936286, 'min_child_samples': 97, 'reg_alpha': 5.370415467243256, 'reg_lambda': 1.2919440532274802e-05}. Best is trial 8 with value: 0.0860543480686273.
[I 2026-06-01 13:01:30,871] Trial 12 finished with value: 0.039353982161254054 and parameters: {'confidence_threshold': 0.6640468266107448, 'training_days': 340, 'n_estimators': 193, 'max_depth': 4, 'num_leaves': 38, 'learning_rate': 0.0656285649451873, 'subsample': 0.8695953967775226, 'colsample_bytree': 0.9949834803492208, 'min_child_samples': 100, 'reg_alpha': 2.8240404785498425, 'reg_lambda': 0.00010739106673440343}. Best is trial 8 with value: 0.0860543480686273.
[I 2026-06-01 13:01:30,928] Trial 13 finished with value: -0.02569806304319479 and parameters: {'confidence_threshold': 0.7525489487164981, 'training_days': 190, 'n_estimators': 62, 'max_depth': 4, 'num_leaves': 49, 'learning_rate': 0.26425410571940877, 'subsample': 0.8989225020476582, 'colsample_bytree': 0.8155421717694826, 'min_child_samples': 89, 'reg_alpha': 0.00013793593955942335, 'reg_lambda': 0.015936847132187043}. Best is trial 8 with value: 0.0860543480686273.
[I 2026-06-01 13:01:31,121] Trial 14 finished with value: 0.006269655816622086 and parameters: {'confidence_threshold': 0.6122975625169359, 'training_days': 100, 'n_estimators': 304, 'max_depth': 4, 'num_leaves': 60, 'learning_rate': 0.10071424330426133, 'subsample': 0.9923933080935066, 'colsample_bytree': 0.6257061141687481, 'min_child_samples': 21, 'reg_alpha': 0.0017482274705964084, 'reg_lambda': 1.3901609702076484e-06}. Best is trial 8 with value: 0.0860543480686273.
[I 2026-06-01 13:01:31,366] Trial 15 finished with value: 0.11835806257224712 and parameters: {'confidence_threshold': 0.7776989704420677, 'training_days': 340, 'n_estimators': 191, 'max_depth': 5, 'num_leaves': 40, 'learning_rate': 0.010359623362260938, 'subsample': 0.8408939904201858, 'colsample_bytree': 0.7688863617704711, 'min_child_samples': 37, 'reg_alpha': 0.4554000307646717, 'reg_lambda': 0.00010527028567934787}. Best is trial 15 with value: 0.11835806257224712.
[I 2026-06-01 13:01:31,551] Trial 16 finished with value: -0.053455040314043564 and parameters: {'confidence_threshold': 0.7809451074886395, 'training_days': 240, 'n_estimators': 142, 'max_depth': 5, 'num_leaves': 31, 'learning_rate': 0.16025955770135852, 'subsample': 0.8649514202852935, 'colsample_bytree': 0.7663584390575363, 'min_child_samples': 34, 'reg_alpha': 1.6230643075200477e-05, 'reg_lambda': 0.23529158002820744}. Best is trial 15 with value: 0.11835806257224712.
[I 2026-06-01 13:01:31,823] Trial 17 finished with value: 0.11834801235509132 and parameters: {'confidence_threshold': 0.785996076833027, 'training_days': 350, 'n_estimators': 257, 'max_depth': 5, 'num_leaves': 57, 'learning_rate': 0.010425658055299656, 'subsample': 0.8186049663138868, 'colsample_bytree': 0.6313757921462877, 'min_child_samples': 54, 'reg_alpha': 0.0013748483702331557, 'reg_lambda': 2.0100672314032992e-05}. Best is trial 15 with value: 0.11835806257224712.
[I 2026-06-01 13:01:32,223] A new study created in memory with name: no-name-280d89da-1c28-4047-b9f8-772ee6e0ef44
[I 2026-06-01 13:01:32,317] Trial 0 finished with value: -0.014920716043206198 and parameters: {'confidence_threshold': 0.7437642149592516, 'training_days': 150, 'n_estimators': 152, 'max_depth': 4, 'num_leaves': 50, 'learning_rate': 0.04216766425047743, 'subsample': 0.9903820991923078, 'colsample_bytree': 0.8424148692924316, 'min_child_samples': 58, 'reg_alpha': 3.381097259762742e-05, 'reg_lambda': 1.2263152961306247e-05}. Best is trial 0 with value: -0.014920716043206198.
[I 2026-06-01 13:01:32,385] Trial 1 finished with value: 0.05930411763706851 and parameters: {'confidence_threshold': 0.7551673975844145, 'training_days': 220, 'n_estimators': 76, 'max_depth': 4, 'num_leaves': 51, 'learning_rate': 0.018602118810743477, 'subsample': 0.5877258780737462, 'colsample_bytree': 0.7657756869209191, 'min_child_samples': 63, 'reg_alpha': 0.005123994170264194, 'reg_lambda': 0.44145470178120466}. Best is trial 1 with value: 0.05930411763706851.
[I 2026-06-01 13:01:32,631] Trial 2 finished with value: 0.12453785828911271 and parameters: {'confidence_threshold': 0.7535593637012223, 'training_days': 310, 'n_estimators': 375, 'max_depth': 3, 'num_leaves': 32, 'learning_rate': 0.021735641882032388, 'subsample': 0.6468570231944146, 'colsample_bytree': 0.8154880619272439, 'min_child_samples': 27, 'reg_alpha': 8.004064028491336e-05, 'reg_lambda': 7.546835261630524e-05}. Best is trial 2 with value: 0.12453785828911271.
[I 2026-06-01 13:01:32,822] Trial 3 finished with value: -0.024258977457633717 and parameters: {'confidence_threshold': 0.6727897841776072, 'training_days': 220, 'n_estimators': 190, 'max_depth': 4, 'num_leaves': 58, 'learning_rate': 0.24810689332636193, 'subsample': 0.7509183379421682, 'colsample_bytree': 0.8119764758960556, 'min_child_samples': 29, 'reg_alpha': 7.1708285081421445e-06, 'reg_lambda': 5.412973582738627e-05}. Best is trial 2 with value: 0.12453785828911271.
[I 2026-06-01 13:01:32,949] Trial 4 finished with value: 0.02643160540551247 and parameters: {'confidence_threshold': 0.803208205259178, 'training_days': 130, 'n_estimators': 267, 'max_depth': 5, 'num_leaves': 40, 'learning_rate': 0.08041175317374143, 'subsample': 0.5603143329951619, 'colsample_bytree': 0.9131704002534167, 'min_child_samples': 68, 'reg_alpha': 0.0008046593428183385, 'reg_lambda': 1.2158346158765583e-05}. Best is trial 2 with value: 0.12453785828911271.
[I 2026-06-01 13:01:33,178] Trial 5 finished with value: -0.07583174802782819 and parameters: {'confidence_threshold': 0.6064422761595144, 'training_days': 210, 'n_estimators': 357, 'max_depth': 5, 'num_leaves': 40, 'learning_rate': 0.0974221287220869, 'subsample': 0.7929682762811064, 'colsample_bytree': 0.8124517510478, 'min_child_samples': 74, 'reg_alpha': 0.3811377260781234, 'reg_lambda': 5.607314238392041e-08}. Best is trial 2 with value: 0.12453785828911271.
[I 2026-06-01 13:01:33,292] Trial 6 finished with value: -0.013318448020407653 and parameters: {'confidence_threshold': 0.7672889945051684, 'training_days': 130, 'n_estimators': 137, 'max_depth': 4, 'num_leaves': 19, 'learning_rate': 0.2031117614248665, 'subsample': 0.8136244860256343, 'colsample_bytree': 0.8617081790949774, 'min_child_samples': 21, 'reg_alpha': 0.002238138278733199, 'reg_lambda': 0.001025809534977322}. Best is trial 2 with value: 0.12453785828911271.
[I 2026-06-01 13:01:33,372] Trial 7 finished with value: -0.07270337912156741 and parameters: {'confidence_threshold': 0.555635875450653, 'training_days': 80, 'n_estimators': 363, 'max_depth': 3, 'num_leaves': 48, 'learning_rate': 0.06590089024008658, 'subsample': 0.6944752870615722, 'colsample_bytree': 0.962566244806993, 'min_child_samples': 88, 'reg_alpha': 1.6465620446426067e-05, 'reg_lambda': 2.4678750890085655e-08}. Best is trial 2 with value: 0.12453785828911271.
[I 2026-06-01 13:01:33,721] Trial 8 finished with value: -0.026463372062839045 and parameters: {'confidence_threshold': 0.6066688256938841, 'training_days': 200, 'n_estimators': 367, 'max_depth': 5, 'num_leaves': 32, 'learning_rate': 0.13377519215934996, 'subsample': 0.7965884582811106, 'colsample_bytree': 0.8458508993500886, 'min_child_samples': 32, 'reg_alpha': 3.889436043816386e-05, 'reg_lambda': 1.4713062489380356e-06}. Best is trial 2 with value: 0.12453785828911271.
