[I 2026-06-01 13:00:35,881] Trial 13 finished with value: 0.06081501082552625 and parameters: {'confidence_threshold': 0.6708679004539351, 'training_days': 500, 'n_estimators': 475, 'max_depth': 4, 'num_leaves': 63, 'learning_rate': 0.011020432354152414, 'subsample': 0.9076103312535052, 'colsample_bytree': 0.5337994462004911, 'min_child_samples': 43, 'reg_alpha': 1.2418618155563554e-08, 'reg_lambda': 3.080800735392863}. Best is trial 10 with value: 0.07457291968095707.
[I 2026-06-01 13:00:36,163] Trial 14 finished with value: 0.03263761230814645 and parameters: {'confidence_threshold': 0.5166805703527768, 'training_days': 400, 'n_estimators': 442, 'max_depth': 3, 'num_leaves': 56, 'learning_rate': 0.01645102485501106, 'subsample': 0.8973153786497373, 'colsample_bytree': 0.5022281513859994, 'min_child_samples': 46, 'reg_alpha': 5.312141110589919e-07, 'reg_lambda': 2.7579418308497443}. Best is trial 10 with value: 0.07457291968095707.
[I 2026-06-01 13:00:36,528] Trial 15 finished with value: -0.006837227424193038 and parameters: {'confidence_threshold': 0.707456922573604, 'training_days': 400, 'n_estimators': 436, 'max_depth': 4, 'num_leaves': 56, 'learning_rate': 0.037392478764815176, 'subsample': 0.8966418548807951, 'colsample_bytree': 0.654335597631192, 'min_child_samples': 53, 'reg_alpha': 3.243594409221159e-07, 'reg_lambda': 7.709779214787443}. Best is trial 10 with value: 0.07457291968095707.
[I 2026-06-01 13:00:36,871] Trial 16 finished with value: 0.022694176165079943 and parameters: {'confidence_threshold': 0.6447128172657624, 'training_days': 430, 'n_estimators': 279, 'max_depth': 5, 'num_leaves': 45, 'learning_rate': 0.0142468201984381, 'subsample': 0.8937072275450156, 'colsample_bytree': 0.5031154191570618, 'min_child_samples': 39, 'reg_alpha': 4.346939460499519e-07, 'reg_lambda': 0.0490181550650574}. Best is trial 10 with value: 0.07457291968095707.
[I 2026-06-01 13:00:37,165] Trial 17 finished with value: -0.022148219261631463 and parameters: {'confidence_threshold': 0.8278557618575797, 'training_days': 330, 'n_estimators': 432, 'max_depth': 4, 'num_leaves': 59, 'learning_rate': 0.02985024780159564, 'subsample': 0.8570611512500488, 'colsample_bytree': 0.6661682243353865, 'min_child_samples': 81, 'reg_alpha': 7.674043559465562e-08, 'reg_lambda': 0.32909139548089716}. Best is trial 10 with value: 0.07457291968095707.
[I 2026-06-01 13:00:37,559] A new study created in memory with name: no-name-cdba48ab-278b-4381-a4cc-4f9732825576
[I 2026-06-01 13:00:37,782] Trial 0 finished with value: 0.011073987082327524 and parameters: {'confidence_threshold': 0.5870645682749857, 'training_days': 90, 'n_estimators': 403, 'max_depth': 5, 'num_leaves': 45, 'learning_rate': 0.0780457193679974, 'subsample': 0.9428509515574568, 'colsample_bytree': 0.8795587339164916, 'min_child_samples': 34, 'reg_alpha': 2.2465901234314442e-07, 'reg_lambda': 8.339007036475363e-05}. Best is trial 0 with value: 0.011073987082327524.
[I 2026-06-01 13:00:37,905] Trial 1 finished with value: -0.025787777276197844 and parameters: {'confidence_threshold': 0.6348453934275313, 'training_days': 290, 'n_estimators': 115, 'max_depth': 5, 'num_leaves': 37, 'learning_rate': 0.06949568759029946, 'subsample': 0.8228505074024268, 'colsample_bytree': 0.8616703220431751, 'min_child_samples': 75, 'reg_alpha': 4.2486822725010923e-07, 'reg_lambda': 1.157247767047042e-07}. Best is trial 0 with value: 0.011073987082327524.
[I 2026-06-01 13:00:37,932] Trial 2 finished with value: -4.115572950348455 and parameters: {'confidence_threshold': 0.5849570384370288, 'training_days': 10, 'n_estimators': 212, 'max_depth': 3, 'num_leaves': 41, 'learning_rate': 0.18452095998378365, 'subsample': 0.6001060822924371, 'colsample_bytree': 0.5673167293506167, 'min_child_samples': 37, 'reg_alpha': 5.733250064217131, 'reg_lambda': 0.5308454292595461}. Best is trial 0 with value: 0.011073987082327524.
[I 2026-06-01 13:00:38,014] Trial 3 finished with value: -0.024229534644813006 and parameters: {'confidence_threshold': 0.6868248626683718, 'training_days': 220, 'n_estimators': 134, 'max_depth': 3, 'num_leaves': 45, 'learning_rate': 0.033529007907491595, 'subsample': 0.8647277071858408, 'colsample_bytree': 0.778494116634046, 'min_child_samples': 96, 'reg_alpha': 2.409409937265785e-07, 'reg_lambda': 1.1642073478060009}. Best is trial 0 with value: 0.011073987082327524.
[I 2026-06-01 13:00:38,105] Trial 4 finished with value: 0.013281055632400434 and parameters: {'confidence_threshold': 0.5623121348350352, 'training_days': 300, 'n_estimators': 69, 'max_depth': 4, 'num_leaves': 32, 'learning_rate': 0.14967629360700346, 'subsample': 0.5054535233636654, 'colsample_bytree': 0.7401385194659216, 'min_child_samples': 27, 'reg_alpha': 1.4212042567426725e-07, 'reg_lambda': 0.23605753701352003}. Best is trial 4 with value: 0.013281055632400434.
[I 2026-06-01 13:00:38,522] Trial 5 finished with value: 0.002321290897534312 and parameters: {'confidence_threshold': 0.7111850244908446, 'training_days': 490, 'n_estimators': 362, 'max_depth': 5, 'num_leaves': 40, 'learning_rate': 0.05960785724162737, 'subsample': 0.5589714368907717, 'colsample_bytree': 0.6659006943232806, 'min_child_samples': 42, 'reg_alpha': 0.6741360303045295, 'reg_lambda': 6.054601607143087e-08}. Best is trial 4 with value: 0.013281055632400434.

    [trial 6] 48 features, training_days=410 | threshold=0.549 | labels: 1152 long, 1019 short (53/47%)
    [trial 6] Sharpe=0.0040 (folds: -0.3353, -0.0330, -0.1188, 0.0765, 0.4304)
    [trial 7] 48 features, training_days=180 | threshold=0.526 | labels: 1152 long, 1019 short (53/47%)
    [trial 7] Sharpe=0.0273 (folds: -0.1537, 0.1048, 0.0006, 0.0358, 0.1488)
    [trial 8] 48 features, training_days=240 | threshold=0.811 | labels: 1152 long, 1019 short (53/47%)
    [trial 8] Sharpe=-0.1127 (folds: -0.1910, -0.2210, -0.1652, 0.0745, -0.0608)
    [trial 9] 48 features, training_days=20 | threshold=0.538 | labels: 1152 long, 1019 short (53/47%)
    [trial 9] Sharpe=-0.0719 (folds: -0.0359, 0.2203, -0.0020, -0.4211, -0.1209)
    [trial 10] 48 features, training_days=140 | threshold=0.680 | labels: 1152 long, 1019 short (53/47%)
    [trial 10] Sharpe=-0.0417 (folds: -0.1956, -0.0323, -0.0065, -0.1341, 0.1602)
    [trial 11] 48 features, training_days=320 | threshold=0.503 | labels: 1152 long, 1019 short (53/47%)
    [trial 11] Sharpe=0.0112 (folds: -0.2328, 0.1174, -0.1399, 0.0373, 0.2742)
    [trial 12] 48 features, training_days=310 | threshold=0.507 | labels: 1152 long, 1019 short (53/47%)
    [trial 12] Sharpe=-0.0262 (folds: -0.3690, 0.0523, -0.1919, 0.0789, 0.2987)
    [trial 13] 48 features, training_days=130 | threshold=0.694 | labels: 1152 long, 1019 short (53/47%)
    [trial 13] Sharpe=-0.0150 (folds: -0.1185, -0.0121, -0.0220, -0.0574, 0.1350)
    [trial 14] 48 features, training_days=270 | threshold=0.747 | labels: 1152 long, 1019 short (53/47%)
    [trial 14] Sharpe=-0.0837 (folds: -0.2096, -0.0862, -0.3908, 0.1412, 0.1268)
    [trial 15] 48 features, training_days=180 | threshold=0.503 | labels: 1152 long, 1019 short (53/47%)
    [trial 15] Sharpe=-0.0184 (folds: -0.3997, 0.1153, -0.0652, 0.0568, 0.2008)
    [trial 16] 48 features, training_days=350 | threshold=0.565 | labels: 1152 long, 1019 short (53/47%)
    [trial 16] Sharpe=-0.0132 (folds: -0.1435, 0.0116, -0.2356, 0.0645, 0.2369)
    [trial 17] 48 features, training_days=90 | threshold=0.627 | labels: 1152 long, 1019 short (53/47%)
    [trial 17] Sharpe=0.0231 (folds: 0.0902, -0.0210, -0.0703, -0.1571, 0.2739)
  Optuna: 18 trials, best Sharpe = 0.0273
  Best params: n_estimators=102, max_depth=5, lr=0.0308, leaves=45
  Best confidence_threshold: 0.526
  Best training_days: 180
  Retrained on full data (540 samples, 48 features)
  [ensemble 2/3] seed=123
    [trial 0] 48 features, training_days=150 | threshold=0.744 | labels: 1152 long, 1019 short (53/47%)
    [CV fold 0] train_end=2022-08-23 08:00 | val_start=2022-08-31 00:00 | gap=184h (22 rows)
    [CV fold 1] train_end=2022-12-21 16:00 | val_start=2022-12-29 08:00 | gap=184h (22 rows)
    [CV fold 2] train_end=2023-04-21 00:00 | val_start=2023-04-28 16:00 | gap=184h (22 rows)
    [CV fold 3] train_end=2023-08-19 08:00 | val_start=2023-08-27 00:00 | gap=184h (22 rows)
    [CV fold 4] train_end=2023-12-17 16:00 | val_start=2023-12-25 08:00 | gap=184h (22 rows)
    [trial 0] Sharpe=-0.0227 (folds: -0.1978, 0.0859, 0.0545, -0.1821, 0.1259)
    [trial 1] 48 features, training_days=220 | threshold=0.755 | labels: 1152 long, 1019 short (53/47%)
    [trial 1] Sharpe=-1.9500 (folds: -10.0000, -0.5936, 0.8505, -0.4443, 0.4375)
    [trial 2] 48 features, training_days=310 | threshold=0.754 | labels: 1152 long, 1019 short (53/47%)
    [trial 2] Sharpe=0.0136 (folds: -0.1621, -0.0671, -0.2404, 0.0871, 0.4503)
    [trial 3] 48 features, training_days=220 | threshold=0.673 | labels: 1152 long, 1019 short (53/47%)
    [trial 3] Sharpe=0.0241 (folds: -0.1388, 0.0475, 0.0082, 0.0710, 0.1325)
    [trial 4] 48 features, training_days=130 | threshold=0.803 | labels: 1152 long, 1019 short (53/47%)
    [trial 4] Sharpe=-0.0119 (folds: -0.1551, -0.1305, 0.0711, -0.0482, 0.2032)
    [trial 5] 48 features, training_days=210 | threshold=0.606 | labels: 1152 long, 1019 short (53/47%)
    [trial 5] Sharpe=-0.0430 (folds: -0.1449, -0.0925, -0.0268, 0.0991, -0.0499)
    [trial 6] 48 features, training_days=130 | threshold=0.767 | labels: 1152 long, 1019 short (53/47%)
    [trial 6] Sharpe=-0.0368 (folds: -0.1417, -0.0332, 0.0082, -0.1956, 0.1785)
    [trial 7] 48 features, training_days=80 | threshold=0.556 | labels: 1152 long, 1019 short (53/47%)
    [trial 7] Sharpe=-0.0169 (folds: -0.1247, -0.0781, -0.0182, -0.0431, 0.1795)
    [trial 8] 48 features, training_days=200 | threshold=0.607 | labels: 1152 long, 1019 short (53/47%)
    [trial 8] Sharpe=0.0037 (folds: -0.1431, -0.0025, 0.0331, 0.0440, 0.0867)
    [trial 9] 48 features, training_days=260 | threshold=0.620 | labels: 1152 long, 1019 short (53/47%)
    [trial 9] Sharpe=-0.0550 (folds: -0.1500, -0.0647, -0.1591, 0.0648, 0.0340)
    [trial 10] 48 features, training_days=470 | threshold=0.676 | labels: 1152 long, 1019 short (53/47%)
    [trial 10] Sharpe=0.0746 (folds: -0.1296, 0.0453, -0.1060, 0.1655, 0.3976)
    [trial 11] 48 features, training_days=480 | threshold=0.680 | labels: 1152 long, 1019 short (53/47%)
    [trial 11] Sharpe=0.0409 (folds: -0.1376, -0.0076, -0.1702, 0.1546, 0.3653)
    [trial 12] 48 features, training_days=500 | threshold=0.680 | labels: 1152 long, 1019 short (53/47%)
    [trial 12] Sharpe=0.0469 (folds: -0.1314, 0.0270, -0.1428, 0.0470, 0.4348)
    [trial 13] 48 features, training_days=500 | threshold=0.671 | labels: 1152 long, 1019 short (53/47%)
    [trial 13] Sharpe=0.0608 (folds: -0.1666, 0.0512, -0.1162, 0.0910, 0.4448)
    [trial 14] 48 features, training_days=400 | threshold=0.517 | labels: 1152 long, 1019 short (53/47%)
    [trial 14] Sharpe=0.0326 (folds: -0.1398, 0.0359, -0.1134, 0.0554, 0.3251)
    [trial 15] 48 features, training_days=400 | threshold=0.707 | labels: 1152 long, 1019 short (53/47%)
    [trial 15] Sharpe=-0.0068 (folds: -0.1243, -0.0601, -0.2418, 0.1195, 0.2725)
    [trial 16] 48 features, training_days=430 | threshold=0.645 | labels: 1152 long, 1019 short (53/47%)
    [trial 16] Sharpe=0.0227 (folds: -0.1709, 0.0197, -0.0872, 0.1025, 0.2494)
    [trial 17] 48 features, training_days=330 | threshold=0.828 | labels: 1152 long, 1019 short (53/47%)
    [trial 17] Sharpe=-0.0221 (folds: -0.1832, -0.2038, -0.1339, 0.1148, 0.2955)
  Optuna: 18 trials, best Sharpe = 0.0746
  Best params: n_estimators=493, max_depth=4, lr=0.0102, leaves=63
  Best confidence_threshold: 0.676
  Best training_days: 470
  Retrained on full data (1410 samples, 48 features)
  [ensemble 3/3] seed=456
    [trial 0] 48 features, training_days=90 | threshold=0.587 | labels: 1152 long, 1019 short (53/47%)
    [CV fold 0] train_end=2022-08-23 08:00 | val_start=2022-08-31 00:00 | gap=184h (22 rows)
    [CV fold 1] train_end=2022-12-21 16:00 | val_start=2022-12-29 08:00 | gap=184h (22 rows)
    [CV fold 2] train_end=2023-04-21 00:00 | val_start=2023-04-28 16:00 | gap=184h (22 rows)
    [CV fold 3] train_end=2023-08-19 08:00 | val_start=2023-08-27 00:00 | gap=184h (22 rows)
    [CV fold 4] train_end=2023-12-17 16:00 | val_start=2023-12-25 08:00 | gap=184h (22 rows)
    [trial 0] Sharpe=0.0111 (folds: 0.0260, 0.0472, -0.0986, -0.1079, 0.1886)
    [trial 1] 48 features, training_days=290 | threshold=0.635 | labels: 1152 long, 1019 short (53/47%)
    [trial 1] Sharpe=-0.0258 (folds: -0.1082, -0.0783, -0.1657, 0.0829, 0.1403)
    [trial 2] 48 features, training_days=10 | threshold=0.585 | labels: 1152 long, 1019 short (53/47%)
    [trial 2] Sharpe=-4.1156 (folds: -0.0359, -10.0000, -10.0000, -0.4211, -0.1209)
    [trial 3] 48 features, training_days=220 | threshold=0.687 | labels: 1152 long, 1019 short (53/47%)
    [trial 3] Sharpe=-0.0242 (folds: -0.3057, -0.1373, -0.0096, 0.1863, 0.1452)
    [trial 4] 48 features, training_days=300 | threshold=0.562 | labels: 1152 long, 1019 short (53/47%)
    [trial 4] Sharpe=0.0133 (folds: -0.1294, 0.0165, -0.1418, 0.1281, 0.1930)
    [trial 5] 48 features, training_days=490 | threshold=0.711 | labels: 1152 long, 1019 short (53/47%)
    [trial 5] Sharpe=0.0023 (folds: -0.1319, -0.0525, -0.1786, 0.0836, 0.2910)
    [trial 6] 48 features, training_days=420 | threshold=0.667 | labels: 1152 long, 1019 short (53/47%)
    [trial 6] Sharpe=0.0195 (folds: -0.1629, -0.0592, -0.1619, 0.1444, 0.3374)[I 2026-06-01 13:00:38,730] Trial 6 finished with value: 0.019549458559603806 and parameters: {'confidence_threshold': 0.667482545748023, 'training_days': 420, 'n_estimators': 279, 'max_depth': 3, 'num_leaves': 45, 'learning_rate': 0.040099592560849204, 'subsample': 0.8563114696415159, 'colsample_bytree': 0.5442917781944105, 'min_child_samples': 50, 'reg_alpha': 1.6407916423707903e-08, 'reg_lambda': 2.935907642973286e-05}. Best is trial 6 with value: 0.019549458559603806.
[I 2026-06-01 13:00:38,897] Trial 7 finished with value: -0.057899879979354994 and parameters: {'confidence_threshold': 0.5497381024139926, 'training_days': 120, 'n_estimators': 408, 'max_depth': 5, 'num_leaves': 38, 'learning_rate': 0.28049122657745795, 'subsample': 0.8806573338635493, 'colsample_bytree': 0.5454054113547102, 'min_child_samples': 63, 'reg_alpha': 0.01263008637940408, 'reg_lambda': 0.04588020805366937}. Best is trial 6 with value: 0.019549458559603806.
[I 2026-06-01 13:00:39,164] Trial 8 finished with value: 0.0006310369255072334 and parameters: {'confidence_threshold': 0.719644804808716, 'training_days': 450, 'n_estimators': 410, 'max_depth': 4, 'num_leaves': 57, 'learning_rate': 0.04022026551478857, 'subsample': 0.5336085426932707, 'colsample_bytree': 0.5705742850577543, 'min_child_samples': 100, 'reg_alpha': 5.916398047912201e-07, 'reg_lambda': 0.9794034214488329}. Best is trial 6 with value: 0.019549458559603806.
[I 2026-06-01 13:00:39,187] Trial 9 finished with value: -6.091397613855149 and parameters: {'confidence_threshold': 0.7267463643917187, 'training_days': 20, 'n_estimators': 337, 'max_depth': 5, 'num_leaves': 23, 'learning_rate': 0.022153031811454605, 'subsample': 0.6305627572358737, 'colsample_bytree': 0.6613413774216214, 'min_child_samples': 81, 'reg_alpha': 5.7638634029410314e-08, 'reg_lambda': 8.26603016764008}. Best is trial 6 with value: 0.019549458559603806.
[I 2026-06-01 13:00:39,372] Trial 10 finished with value: -6.150207274769668 and parameters: {'confidence_threshold': 0.8283920119574972, 'training_days': 400, 'n_estimators': 240, 'max_depth': 3, 'num_leaves': 62, 'learning_rate': 0.011921022686883517, 'subsample': 0.7130289643560688, 'colsample_bytree': 0.9944479338273263, 'min_child_samples': 54, 'reg_alpha': 6.837313901272251e-05, 'reg_lambda': 2.741063772648371e-05}. Best is trial 6 with value: 0.019549458559603806.
[I 2026-06-01 13:00:39,462] Trial 11 finished with value: 0.031729526176350366 and parameters: {'confidence_threshold': 0.5379676273538253, 'training_days': 310, 'n_estimators': 53, 'max_depth': 4, 'num_leaves': 25, 'learning_rate': 0.1124439291556862, 'subsample': 0.7384269625592588, 'colsample_bytree': 0.6677492448297637, 'min_child_samples': 22, 'reg_alpha': 2.573708591509265e-05, 'reg_lambda': 0.0033293716187691694}. Best is trial 11 with value: 0.031729526176350366.
[I 2026-06-01 13:00:39,960] Trial 12 finished with value: 0.006006488275011451 and parameters: {'confidence_threshold': 0.5145853631584999, 'training_days': 380, 'n_estimators': 490, 'max_depth': 4, 'num_leaves': 15, 'learning_rate': 0.11734972811537304, 'subsample': 0.7456787087524409, 'colsample_bytree': 0.6361622526635604, 'min_child_samples': 21, 'reg_alpha': 3.947514017978493e-05, 'reg_lambda': 0.0022105109201275095}. Best is trial 11 with value: 0.031729526176350366.
[I 2026-06-01 13:00:40,147] Trial 13 finished with value: 0.010976605925184391 and parameters: {'confidence_threshold': 0.8046751453812266, 'training_days': 380, 'n_estimators': 194, 'max_depth': 4, 'num_leaves': 28, 'learning_rate': 0.02314535619430998, 'subsample': 0.683440482869596, 'colsample_bytree': 0.5128322030351128, 'min_child_samples': 50, 'reg_alpha': 0.0046815581217382945, 'reg_lambda': 5.278300632698407e-06}. Best is trial 11 with value: 0.031729526176350366.
[I 2026-06-01 13:00:40,307] Trial 14 finished with value: -0.021780719976847145 and parameters: {'confidence_threshold': 0.6375987408489436, 'training_days': 220, 'n_estimators': 288, 'max_depth': 3, 'num_leaves': 51, 'learning_rate': 0.09513167803937014, 'subsample': 0.7851487748866213, 'colsample_bytree': 0.6202629191688965, 'min_child_samples': 66, 'reg_alpha': 7.414439374921975e-06, 'reg_lambda': 0.0014709214223004336}. Best is trial 11 with value: 0.031729526176350366.
[I 2026-06-01 13:00:40,514] Trial 15 finished with value: -0.03859466554013267 and parameters: {'confidence_threshold': 0.7829525506318393, 'training_days': 350, 'n_estimators': 282, 'max_depth': 3, 'num_leaves': 21, 'learning_rate': 0.04406147456976346, 'subsample': 0.960914876027716, 'colsample_bytree': 0.7336326137275505, 'min_child_samples': 44, 'reg_alpha': 1.4901449125150233e-08, 'reg_lambda': 1.671748008153311e-06}. Best is trial 11 with value: 0.031729526176350366.
[I 2026-06-01 13:00:40,721] Trial 16 finished with value: 0.03408984870150862 and parameters: {'confidence_threshold': 0.6284246603262464, 'training_days': 450, 'n_estimators': 153, 'max_depth': 4, 'num_leaves': 32, 'learning_rate': 0.010270452111827814, 'subsample': 0.8901649834221517, 'colsample_bytree': 0.5097490475180039, 'min_child_samples': 20, 'reg_alpha': 0.008257636297190734, 'reg_lambda': 0.007107993949569995}. Best is trial 16 with value: 0.03408984870150862.
[I 2026-06-01 13:00:40,846] Trial 17 finished with value: -0.05601345070468864 and parameters: {'confidence_threshold': 0.500928934883367, 'training_days': 480, 'n_estimators': 64, 'max_depth': 4, 'num_leaves': 30, 'learning_rate': 0.011414672775047999, 'subsample': 0.9912799354931794, 'colsample_bytree': 0.8112398863261053, 'min_child_samples': 22, 'reg_alpha': 0.001846439707699783, 'reg_lambda': 0.012737734504752548}. Best is trial 16 with value: 0.03408984870150862.
[I 2026-06-01 13:00:41,465] A new study created in memory with name: no-name-af5fd402-487f-4f1a-b0b3-6e2e8ca25021
