[I 2026-06-01 12:57:58,701] Trial 17 finished with value: -0.08462142867196851 and parameters: {'confidence_threshold': 0.6337206129564027, 'training_days': 130, 'n_estimators': 275, 'max_depth': 3, 'num_leaves': 21, 'learning_rate': 0.019352225990314435, 'subsample': 0.7649872925271545, 'colsample_bytree': 0.5029246494132684, 'min_child_samples': 70, 'reg_alpha': 0.0005343000439410226, 'reg_lambda': 0.024643887859940927}. Best is trial 13 with value: 0.005541589949928089.

    [trial 13] 48 features, training_days=340 | threshold=0.504 | labels: 1076 long, 1092 short (50/50%)
    [trial 13] Sharpe=-0.0118 (folds: 0.0120, 0.2049, 0.0212, -0.1461, -0.1509)
    [trial 14] 48 features, training_days=290 | threshold=0.666 | labels: 1076 long, 1092 short (50/50%)
    [trial 14] Sharpe=-0.0173 (folds: -0.1276, 0.1985, 0.0765, 0.0124, -0.2464)
    [trial 15] 48 features, training_days=460 | threshold=0.710 | labels: 1076 long, 1092 short (50/50%)
    [trial 15] Sharpe=-0.0460 (folds: -0.0209, 0.1880, -0.1214, -0.0725, -0.2031)
    [trial 16] 48 features, training_days=430 | threshold=0.579 | labels: 1076 long, 1092 short (50/50%)
    [trial 16] Sharpe=0.0377 (folds: 0.1368, 0.2486, -0.1397, 0.0326, -0.0900)
    [trial 17] 48 features, training_days=410 | threshold=0.565 | labels: 1076 long, 1092 short (50/50%)
    [trial 17] Sharpe=0.0246 (folds: 0.1575, 0.2404, -0.1521, -0.0010, -0.1219)
  Optuna: 18 trials, best Sharpe = 0.0377
  Best params: n_estimators=430, max_depth=3, lr=0.0116, leaves=24
  Best confidence_threshold: 0.579
  Best training_days: 430
  Retrained on full data (1290 samples, 48 features)
  [ensemble 3/3] seed=456
    [trial 0] 48 features, training_days=90 | threshold=0.587 | labels: 1076 long, 1092 short (50/50%)
    [CV fold 0] train_end=2021-04-24 08:00 | val_start=2021-05-02 00:00 | gap=184h (22 rows)
    [CV fold 1] train_end=2021-08-22 16:00 | val_start=2021-08-30 08:00 | gap=184h (22 rows)
    [CV fold 2] train_end=2021-12-21 00:00 | val_start=2021-12-28 16:00 | gap=184h (22 rows)
    [CV fold 3] train_end=2022-04-20 08:00 | val_start=2022-04-28 00:00 | gap=184h (22 rows)
    [CV fold 4] train_end=2022-08-18 16:00 | val_start=2022-08-26 08:00 | gap=184h (22 rows)
    [trial 0] Sharpe=-0.0866 (folds: -0.1732, -0.0726, -0.0259, -0.0537, -0.1074)
    [trial 1] 48 features, training_days=290 | threshold=0.635 | labels: 1076 long, 1092 short (50/50%)
    [trial 1] Sharpe=-0.0305 (folds: -0.0892, 0.1923, -0.0390, -0.0644, -0.1523)
    [trial 2] 48 features, training_days=10 | threshold=0.585 | labels: 1076 long, 1092 short (50/50%)
    [trial 2] Sharpe=-0.0104 (folds: -0.1974, -0.0334, 0.0405, 0.1664, -0.0282)
    [trial 3] 48 features, training_days=220 | threshold=0.687 | labels: 1076 long, 1092 short (50/50%)
    [trial 3] Sharpe=-0.0770 (folds: -0.0940, 0.1834, -0.1812, 0.0141, -0.3075)
    [trial 4] 48 features, training_days=300 | threshold=0.562 | labels: 1076 long, 1092 short (50/50%)
    [trial 4] Sharpe=-0.0030 (folds: 0.0436, 0.1291, 0.0323, -0.0884, -0.1318)
    [trial 5] 48 features, training_days=490 | threshold=0.711 | labels: 1076 long, 1092 short (50/50%)
    [trial 5] Sharpe=-0.0372 (folds: -0.0416, 0.1912, -0.0308, -0.1058, -0.1993)
    [trial 6] 48 features, training_days=420 | threshold=0.667 | labels: 1076 long, 1092 short (50/50%)
    [trial 6] Sharpe=0.0022 (folds: 0.0351, 0.2129, -0.0721, -0.0101, -0.1550)
    [trial 7] 48 features, training_days=120 | threshold=0.550 | labels: 1076 long, 1092 short (50/50%)
    [trial 7] Sharpe=-0.0387 (folds: -0.0930, 0.1799, -0.0541, 0.0099, -0.2361)
    [trial 8] 48 features, training_days=450 | threshold=0.720 | labels: 1076 long, 1092 short (50/50%)
    [trial 8] Sharpe=-0.0764 (folds: -0.1886, 0.1825, -0.0990, -0.0998, -0.1769)
    [trial 9] 48 features, training_days=20 | threshold=0.727 | labels: 1076 long, 1092 short (50/50%)
    [trial 9] Sharpe=-7.9903 (folds: -10.0000, 0.0487, -10.0000, -10.0000, -10.0000)
    [trial 10] 48 features, training_days=400 | threshold=0.828 | labels: 1076 long, 1092 short (50/50%)
    [trial 10] Sharpe=-4.0477 (folds: 0.1134, -0.7519, -10.0000, 0.4000, -10.0000)
    [trial 11] 48 features, training_days=310 | threshold=0.538 | labels: 1076 long, 1092 short (50/50%)
    [trial 11] Sharpe=-0.0089 (folds: 0.0883, 0.2428, -0.1884, -0.0727, -0.1146)
    [trial 12] 48 features, training_days=380 | threshold=0.801 | labels: 1076 long, 1092 short (50/50%)
    [trial 12] Sharpe=-0.0328 (folds: -0.0360, 0.1772, 0.0051, -0.0746, -0.2357)
    [trial 13] 48 features, training_days=210 | threshold=0.504 | labels: 1076 long, 1092 short (50/50%)
    [trial 13] Sharpe=0.0055 (folds: 0.1169, 0.0974, -0.0779, -0.0244, -0.0843)
    [trial 14] 48 features, training_days=210 | threshold=0.510 | labels: 1076 long, 1092 short (50/50%)
    [trial 14] Sharpe=0.0022 (folds: 0.1362, 0.0877, -0.0896, -0.0313, -0.0920)
    [trial 15] 48 features, training_days=200 | threshold=0.507 | labels: 1076 long, 1092 short (50/50%)
    [trial 15] Sharpe=-0.0040 (folds: 0.0781, 0.0835, -0.1632, 0.0595, -0.0780)
    [trial 16] 48 features, training_days=170 | threshold=0.503 | labels: 1076 long, 1092 short (50/50%)
    [trial 16] Sharpe=-0.0315 (folds: 0.1659, 0.0406, -0.0610, -0.1317, -0.1715)
    [trial 17] 48 features, training_days=130 | threshold=0.634 | labels: 1076 long, 1092 short (50/50%)
    [trial 17] Sharpe=-0.0846 (folds: -0.0263, 0.2561, -0.3083, -0.1525, -0.1920)
  Optuna: 18 trials, best Sharpe = 0.0055
  Best params: n_estimators=181, max_depth=4, lr=0.0201, leaves=17
  Best confidence_threshold: 0.504
  Best training_days: 210
  Retrained on full data (630 samples, 48 features)
  OOD: 16 features, cutoff (q=0.7) = 9.26
  Model trained for 2023-01: 93 test candles with features, confidence_threshold=0.530
[predict] 2023-01-01 08:00 BTCUSDT → LONG (proba=0.65 TP=3.0%/SL=1.5%)
[trade:open] 2023-01-01 15:59 BTCUSDT LONG @ 16553.10 | SL=16308.41 TP=17042.47 | timeout=2023-01-08 15:59
[trade:close] 2023-01-08 16:00 BTCUSDT LONG → timeout @ 16990.90 | PnL=+2.64% (net +2.54%) | cum=+9.03% 2023-01=+2.54% 2023-01-08=+2.54%
[predict] 2023-01-10 00:00 BTCUSDT → SHORT (proba=0.63 TP=2.8%/SL=1.4%)
[trade:open] 2023-01-10 07:59 BTCUSDT SHORT @ 17194.70 | SL=17437.75 TP=16708.61 | timeout=2023-01-17 07:59
[trade:close] 2023-01-10 23:59 BTCUSDT SHORT → stop_loss @ 17437.75 | PnL=-1.41% (net -1.51%) | cum=+7.52% 2023-01=+1.03% 2023-01-10=-1.51%
[predict] 2023-01-20 00:00 BTCUSDT → SHORT (proba=0.91 TP=8.0%/SL=4.0%)
[trade:open] 2023-01-20 07:59 BTCUSDT SHORT @ 20954.20 | SL=21789.23 TP=19284.13 | timeout=2023-01-27 07:59
[trade:close] 2023-01-20 23:59 BTCUSDT SHORT → stop_loss @ 21789.23 | PnL=-3.99% (net -4.09%) | cum=+3.43% 2023-01=-3.05% 2023-01-20=-4.09%
[predict] 2023-01-24 16:00 BTCUSDT → SHORT (proba=0.83 TP=8.1%/SL=4.1%)
[trade:open] 2023-01-24 23:59 BTCUSDT SHORT @ 22627.40 | SL=23546.31 TP=20789.59 | timeout=2023-01-31 23:59
[trade:close] 2023-01-25 23:59 BTCUSDT SHORT → stop_loss @ 23546.31 | PnL=-4.06% (net -4.16%) | cum=-0.73% 2023-01=-7.21% 2023-01-25=-4.16%
[predict] 2023-01-26 16:00 BTCUSDT → SHORT (proba=0.86 TP=8.1%/SL=4.0%)
[trade:open] 2023-01-26 23:59 BTCUSDT SHORT @ 23001.90 | SL=23928.90 TP=21147.89 | timeout=2023-02-02 23:59
[trade:close] 2023-01-29 23:59 BTCUSDT SHORT → stop_loss @ 23928.90 | PnL=-4.03% (net -4.13%) | cum=-4.86% 2023-01=-11.34% 2023-01-29=-4.13%
[predict] 2023-01-31 08:00 BTCUSDT → SHORT (proba=0.55 TP=7.0%/SL=3.5%)
[trade:open] 2023-01-31 15:59 BTCUSDT SHORT @ 23113.90 | SL=23926.21 TP=21489.28 | timeout=2023-02-07 15:59
[lgbm] === Training for 2023-02 ===
  Train window: 2021-02-01 → 2023-01-24
  2168 training samples from 1 symbols
  Samples per month: 2021-02: 84, 2021-03: 93, 2021-04: 90, 2021-05: 93, 2021-06: 90, 2021-07: 93, 2021-08: 93, 2021-09: 90, 2021-10: 93, 2021-11: 90, 2021-12: 93, 2022-01: 93, 2022-02: 84, 2022-03: 93, 2022-04: 90, 2022-05: 93, 2022-06: 90, 2022-07: 93, 2022-08: 93, 2022-09: 90, 2022-10: 93, 2022-11: 90, 2022-12: 93, 2023-01: 71
  [label] 2021-04-03 16:00 BTCUSDT entry=57134.6500 → LONG | long=timeout(+4.62%) short=sl(-4.71%) | scanned=22 | no_tp→fwd_return=+4.7218
  [label] 2021-04-05 16:00 BTCUSDT entry=59243.3900 → LONG | long=sl(-4.41%) short=sl(-4.41%) | scanned=13 | no_tp→fwd_return=+2.3146
  [label] 2021-04-09 16:00 BTCUSDT entry=58176.0300 → LONG | long=tp(+7.71%) short=sl(-4.00%) | scanned=11 | long_tp_only
  [label] 2021-05-04 08:00 BTCUSDT entry=53881.8400 → LONG | long=timeout(+3.99%) short=sl(-6.33%) | scanned=22 | no_tp→fwd_return=+4.0875
  [label] 2021-06-25 16:00 BTCUSDT entry=31568.0700 → LONG | long=timeout(+6.85%) short=sl(-10.16%) | scanned=22 | no_tp→fwd_return=+6.9465[I 2026-06-01 12:57:59,141] A new study created in memory with name: no-name-0016dd2e-94c7-4465-b3aa-b687a20c1b29
[I 2026-06-01 12:57:59,480] Trial 0 finished with value: -0.04061152872281463 and parameters: {'confidence_threshold': 0.6310890415965769, 'training_days': 480, 'n_estimators': 380, 'max_depth': 4, 'num_leaves': 22, 'learning_rate': 0.01699897838270077, 'subsample': 0.5290418060840998, 'colsample_bytree': 0.9330880728874675, 'min_child_samples': 68, 'reg_alpha': 0.023585940584142682, 'reg_lambda': 1.5320059381854043e-08}. Best is trial 0 with value: -0.04061152872281463.
[I 2026-06-01 12:57:59,595] Trial 1 finished with value: -4.049556019887082 and parameters: {'confidence_threshold': 0.839468448256698, 'training_days': 420, 'n_estimators': 145, 'max_depth': 3, 'num_leaves': 23, 'learning_rate': 0.028145092716060652, 'subsample': 0.762378215816119, 'colsample_bytree': 0.7159725093210578, 'min_child_samples': 43, 'reg_alpha': 0.0032112643094417484, 'reg_lambda': 1.8007140198129195e-07}. Best is trial 0 with value: -0.04061152872281463.
[I 2026-06-01 12:57:59,736] Trial 2 finished with value: -0.10069272649818888 and parameters: {'confidence_threshold': 0.6022506269873263, 'training_days': 190, 'n_estimators': 255, 'max_depth': 5, 'num_leaves': 24, 'learning_rate': 0.05748924681991978, 'subsample': 0.7962072844310213, 'colsample_bytree': 0.5232252063599989, 'min_child_samples': 69, 'reg_alpha': 3.425445902633376e-07, 'reg_lambda': 3.850031979199519e-08}. Best is trial 0 with value: -0.04061152872281463.
[I 2026-06-01 12:57:59,968] Trial 3 finished with value: -0.06528996850701137 and parameters: {'confidence_threshold': 0.8321099380386666, 'training_days': 490, 'n_estimators': 414, 'max_depth': 3, 'num_leaves': 19, 'learning_rate': 0.1024932221692416, 'subsample': 0.7200762468698007, 'colsample_bytree': 0.5610191174223894, 'min_child_samples': 60, 'reg_alpha': 2.039373116525212e-08, 'reg_lambda': 1.527156759251193}. Best is trial 0 with value: -0.04061152872281463.
[I 2026-06-01 12:58:00,109] Trial 4 finished with value: -0.08772969569144384 and parameters: {'confidence_threshold': 0.5905729935600059, 'training_days': 340, 'n_estimators': 190, 'max_depth': 4, 'num_leaves': 41, 'learning_rate': 0.01875220945578641, 'subsample': 0.9847923138822793, 'colsample_bytree': 0.8875664116805573, 'min_child_samples': 96, 'reg_alpha': 1.1309571585271483, 'reg_lambda': 0.002404915432737351}. Best is trial 0 with value: -0.04061152872281463.
[I 2026-06-01 12:58:00,150] Trial 5 finished with value: 0.09012600803952397 and parameters: {'confidence_threshold': 0.8226559822580909, 'training_days': 50, 'n_estimators': 138, 'max_depth': 3, 'num_leaves': 30, 'learning_rate': 0.03750796359625606, 'subsample': 0.6356745158869479, 'colsample_bytree': 0.9143687545759647, 'min_child_samples': 48, 'reg_alpha': 3.376063348877853e-06, 'reg_lambda': 0.0007660634613082914}. Best is trial 5 with value: 0.09012600803952397.
[I 2026-06-01 12:58:00,252] Trial 6 finished with value: -0.061390115819238346 and parameters: {'confidence_threshold': 0.5493234787411669, 'training_days': 410, 'n_estimators': 83, 'max_depth': 5, 'num_leaves': 52, 'learning_rate': 0.019657448966046126, 'subsample': 0.5027610585618012, 'colsample_bytree': 0.9077307142274171, 'min_child_samples': 77, 'reg_alpha': 0.03639690979811287, 'reg_lambda': 0.08738424135626986}. Best is trial 5 with value: 0.09012600803952397.
[I 2026-06-01 12:58:00,340] Trial 7 finished with value: -0.09527977565706121 and parameters: {'confidence_threshold': 0.5259156281069316, 'training_days': 180, 'n_estimators': 102, 'max_depth': 5, 'num_leaves': 45, 'learning_rate': 0.030816017044468066, 'subsample': 0.5317791751430119, 'colsample_bytree': 0.6554911608578311, 'min_child_samples': 46, 'reg_alpha': 0.036851536911881845, 'reg_lambda': 0.005470376807480391}. Best is trial 5 with value: 0.09012600803952397.
[I 2026-06-01 12:58:00,432] Trial 8 finished with value: -0.06914408622199736 and parameters: {'confidence_threshold': 0.8105244599017143, 'training_days': 240, 'n_estimators': 103, 'max_depth': 5, 'num_leaves': 52, 'learning_rate': 0.06746437142284309, 'subsample': 0.8854835899772805, 'colsample_bytree': 0.7468977981821954, 'min_child_samples': 62, 'reg_alpha': 7.04480806377519e-05, 'reg_lambda': 1.6934490731313353e-08}. Best is trial 5 with value: 0.09012600803952397.
[I 2026-06-01 12:58:00,454] Trial 9 finished with value: -0.019428972715096852 and parameters: {'confidence_threshold': 0.5377619994476566, 'training_days': 20, 'n_estimators': 337, 'max_depth': 3, 'num_leaves': 39, 'learning_rate': 0.21907142272152816, 'subsample': 0.6246461145744375, 'colsample_bytree': 0.7051914615178149, 'min_child_samples': 81, 'reg_alpha': 1.1459970229341322e-06, 'reg_lambda': 4.929685216887945e-08}. Best is trial 5 with value: 0.09012600803952397.
[I 2026-06-01 12:58:00,484] Trial 10 finished with value: -1.9932617555167784 and parameters: {'confidence_threshold': 0.7318981109748116, 'training_days': 10, 'n_estimators': 487, 'max_depth': 4, 'num_leaves': 31, 'learning_rate': 0.14704103471568217, 'subsample': 0.628963476300746, 'colsample_bytree': 0.987470107623585, 'min_child_samples': 25, 'reg_alpha': 2.608784411827665e-05, 'reg_lambda': 3.3639426888455256e-06}. Best is trial 5 with value: 0.09012600803952397.
[I 2026-06-01 12:58:00,513] Trial 11 finished with value: -0.019428972715096852 and parameters: {'confidence_threshold': 0.715357026933722, 'training_days': 20, 'n_estimators': 291, 'max_depth': 3, 'num_leaves': 33, 'learning_rate': 0.29081576079680116, 'subsample': 0.6496599335113177, 'colsample_bytree': 0.8271697325369484, 'min_child_samples': 92, 'reg_alpha': 1.8335640581015016e-06, 'reg_lambda': 1.7775498934647403e-05}. Best is trial 5 with value: 0.09012600803952397.
[I 2026-06-01 12:58:00,583] Trial 12 finished with value: 0.033030642942016186 and parameters: {'confidence_threshold': 0.7456670193224102, 'training_days': 90, 'n_estimators': 293, 'max_depth': 3, 'num_leaves': 33, 'learning_rate': 0.2959628420607887, 'subsample': 0.6274745095999714, 'colsample_bytree': 0.6562433298545489, 'min_child_samples': 84, 'reg_alpha': 3.1740335584318674e-06, 'reg_lambda': 7.90277059723651e-05}. Best is trial 5 with value: 0.09012600803952397.
[I 2026-06-01 12:58:00,684] Trial 13 finished with value: 0.05022293597716804 and parameters: {'confidence_threshold': 0.7624124070703755, 'training_days': 110, 'n_estimators': 216, 'max_depth': 3, 'num_leaves': 62, 'learning_rate': 0.034579577583053196, 'subsample': 0.6866291716128416, 'colsample_bytree': 0.5961799392941978, 'min_child_samples': 46, 'reg_alpha': 3.219567910488193e-08, 'reg_lambda': 6.437971469334524e-05}. Best is trial 5 with value: 0.09012600803952397.
[I 2026-06-01 12:58:00,790] Trial 14 finished with value: -0.01970975320075098 and parameters: {'confidence_threshold': 0.7871652886153421, 'training_days': 120, 'n_estimators': 211, 'max_depth': 3, 'num_leaves': 60, 'learning_rate': 0.01138810911421251, 'subsample': 0.7084100755676976, 'colsample_bytree': 0.8116145799213325, 'min_child_samples': 43, 'reg_alpha': 2.5865334737159037e-08, 'reg_lambda': 0.0006284807489164356}. Best is trial 5 with value: 0.09012600803952397.
[I 2026-06-01 12:58:00,900] Trial 15 finished with value: 0.08886788076025162 and parameters: {'confidence_threshold': 0.7731609408813044, 'training_days': 100, 'n_estimators': 176, 'max_depth': 4, 'num_leaves': 61, 'learning_rate': 0.04150363557318296, 'subsample': 0.824979230030663, 'colsample_bytree': 0.5868444014021342, 'min_child_samples': 27, 'reg_alpha': 7.691552343527566e-08, 'reg_lambda': 0.019345028254750467}. Best is trial 5 with value: 0.09012600803952397.
[I 2026-06-01 12:58:01,000] Trial 16 finished with value: 0.09019076598535966 and parameters: {'confidence_threshold': 0.6760523483882178, 'training_days': 90, 'n_estimators': 161, 'max_depth': 4, 'num_leaves': 54, 'learning_rate': 0.04565560109570514, 'subsample': 0.8649514202852935, 'colsample_bytree': 0.8000073282539127, 'min_child_samples': 24, 'reg_alpha': 0.0003728785861091332, 'reg_lambda': 0.04001143905238397}. Best is trial 16 with value: 0.09019076598535966.
[I 2026-06-01 12:58:01,152] Trial 17 finished with value: -0.09200344950543962 and parameters: {'confidence_threshold': 0.6755099553978283, 'training_days': 290, 'n_estimators': 143, 'max_depth': 4, 'num_leaves': 50, 'learning_rate': 0.0939715874920855, 'subsample': 0.8966528758643255, 'colsample_bytree': 0.8279374205854757, 'min_child_samples': 31, 'reg_alpha': 0.0006690853247011287, 'reg_lambda': 0.5555026119148315}. Best is trial 16 with value: 0.09019076598535966.
[I 2026-06-01 12:58:01,337] A new study created in memory with name: no-name-8cb5b1c3-2995-4f83-bfab-12b396d358a8
[I 2026-06-01 12:58:01,436] Trial 0 finished with value: -0.0791933682812845 and parameters: {'confidence_threshold': 0.7437642149592516, 'training_days': 150, 'n_estimators': 152, 'max_depth': 4, 'num_leaves': 50, 'learning_rate': 0.04216766425047743, 'subsample': 0.9903820991923078, 'colsample_bytree': 0.8424148692924316, 'min_child_samples': 58, 'reg_alpha': 3.381097259762742e-05, 'reg_lambda': 1.2263152961306247e-05}. Best is trial 0 with value: -0.0791933682812845.
[I 2026-06-01 12:58:01,505] Trial 1 finished with value: -0.15331789405458784 and parameters: {'confidence_threshold': 0.7551673975844145, 'training_days': 220, 'n_estimators': 76, 'max_depth': 4, 'num_leaves': 51, 'learning_rate': 0.018602118810743477, 'subsample': 0.5877258780737462, 'colsample_bytree': 0.7657756869209191, 'min_child_samples': 63, 'reg_alpha': 0.005123994170264194, 'reg_lambda': 0.44145470178120466}. Best is trial 0 with value: -0.0791933682812845.
[I 2026-06-01 12:58:01,764] Trial 2 finished with value: -0.03738264801849571 and parameters: {'confidence_threshold': 0.7535593637012223, 'training_days': 310, 'n_estimators': 375, 'max_depth': 3, 'num_leaves': 32, 'learning_rate': 0.021735641882032388, 'subsample': 0.6468570231944146, 'colsample_bytree': 0.8154880619272439, 'min_child_samples': 27, 'reg_alpha': 8.004064028491336e-05, 'reg_lambda': 7.546835261630524e-05}. Best is trial 2 with value: -0.03738264801849571.
[I 2026-06-01 12:58:01,929] Trial 3 finished with value: -0.14410307770143982 and parameters: {'confidence_threshold': 0.6727897841776072, 'training_days': 220, 'n_estimators': 190, 'max_depth': 4, 'num_leaves': 58, 'learning_rate': 0.24810689332636193, 'subsample': 0.7509183379421682, 'colsample_bytree': 0.8119764758960556, 'min_child_samples': 29, 'reg_alpha': 7.1708285081421445e-06, 'reg_lambda': 5.412973582738627e-05}. Best is trial 2 with value: -0.03738264801849571.
[I 2026-06-01 12:58:02,038] Trial 4 finished with value: -0.011339243940192626 and parameters: {'confidence_threshold': 0.803208205259178, 'training_days': 130, 'n_estimators': 267, 'max_depth': 5, 'num_leaves': 40, 'learning_rate': 0.08041175317374143, 'subsample': 0.5603143329951619, 'colsample_bytree': 0.9131704002534167, 'min_child_samples': 68, 'reg_alpha': 0.0008046593428183385, 'reg_lambda': 1.2158346158765583e-05}. Best is trial 4 with value: -0.011339243940192626.
[I 2026-06-01 12:58:02,252] Trial 5 finished with value: -0.09564783345552655 and parameters: {'confidence_threshold': 0.6064422761595144, 'training_days': 210, 'n_estimators': 357, 'max_depth': 5, 'num_leaves': 40, 'learning_rate': 0.0974221287220869, 'subsample': 0.7929682762811064, 'colsample_bytree': 0.8124517510478, 'min_child_samples': 74, 'reg_alpha': 0.3811377260781234, 'reg_lambda': 5.607314238392041e-08}. Best is trial 4 with value: -0.011339243940192626.
[I 2026-06-01 12:58:02,371] Trial 6 finished with value: -0.02855042613985518 and parameters: {'confidence_threshold': 0.7672889945051684, 'training_days': 130, 'n_estimators': 137, 'max_depth': 4, 'num_leaves': 19, 'learning_rate': 0.2031117614248665, 'subsample': 0.8136244860256343, 'colsample_bytree': 0.8617081790949774, 'min_child_samples': 21, 'reg_alpha': 0.002238138278733199, 'reg_lambda': 0.001025809534977322}. Best is trial 4 with value: -0.011339243940192626.
