[I 2026-06-01 12:58:50,323] Trial 17 finished with value: -0.2491191080835465 and parameters: {'confidence_threshold': 0.6887947395556494, 'training_days': 330, 'n_estimators': 152, 'max_depth': 5, 'num_leaves': 63, 'learning_rate': 0.010425658055299656, 'subsample': 0.9169011685076653, 'colsample_bytree': 0.7925810981389765, 'min_child_samples': 36, 'reg_alpha': 6.8897940551831205, 'reg_lambda': 6.086297101000102e-05}. Best is trial 8 with value: 0.05123610757694245.

    [trial 17] Sharpe=0.0179 (folds: 0.2128, -0.0052, 0.0341, -0.0334, -0.1186)
  Optuna: 18 trials, best Sharpe = 0.0351
  Best params: n_estimators=209, max_depth=5, lr=0.0100, leaves=27
  Best confidence_threshold: 0.538
  Best training_days: 100
  Retrained on full data (300 samples, 48 features)
  OOD: 16 features, cutoff (q=0.7) = 9.88
  Model trained for 2023-06: 90 test candles with features, confidence_threshold=0.639
[trade:close] 2023-06-05 15:59 BTCUSDT LONG → stop_loss @ 26347.48 | PnL=-2.96% (net -3.06%) | cum=-27.62% 2023-06=-3.06% 2023-06-05=-3.06%
[predict] 2023-06-08 08:00 BTCUSDT → SHORT (proba=0.90 TP=7.0%/SL=3.5%)
[trade:open] 2023-06-08 15:59 BTCUSDT SHORT @ 26705.90 | SL=27646.22 TP=24825.27 | timeout=2023-06-15 15:59
[trade:close] 2023-06-14 23:59 BTCUSDT SHORT → take_profit @ 24825.27 | PnL=+7.04% (net +6.94%) | cum=-20.68% 2023-06=+3.88% 2023-06-14=+6.94%
[predict] 2023-06-25 16:00 BTCUSDT → LONG (proba=0.69 TP=7.0%/SL=3.5%)
[trade:open] 2023-06-25 23:59 BTCUSDT LONG @ 30458.00 | SL=29384.44 TP=32605.12 | timeout=2023-07-02 23:59
[lgbm] === Training for 2023-07 ===
  Train window: 2021-07-01 → 2023-06-23
  2168 training samples from 1 symbols
  Samples per month: 2021-07: 93, 2021-08: 93, 2021-09: 90, 2021-10: 93, 2021-11: 90, 2021-12: 93, 2022-01: 93, 2022-02: 84, 2022-03: 93, 2022-04: 90, 2022-05: 93, 2022-06: 90, 2022-07: 93, 2022-08: 93, 2022-09: 90, 2022-10: 93, 2022-11: 90, 2022-12: 93, 2023-01: 93, 2023-02: 84, 2023-03: 93, 2023-04: 90, 2023-05: 93, 2023-06: 68
  [label] 2021-08-31 16:00 BTCUSDT entry=47150.3200 → LONG | long=tp(+8.61%) short=sl(-4.46%) | scanned=15 | long_tp_only
  [label] 2021-09-02 16:00 BTCUSDT entry=49299.1400 → SHORT | long=sl(-4.22%) short=sl(-4.22%) | scanned=14 | no_tp→fwd_return=-5.3858
  [label] 2021-09-06 16:00 BTCUSDT entry=52683.9700 → SHORT | long=sl(-3.85%) short=tp(+7.40%) | scanned=2 | short_tp_only
  [label] 2021-10-01 08:00 BTCUSDT entry=47339.9900 → LONG | long=tp(+11.87%) short=sl(-6.09%) | scanned=15 | long_tp_only
  [label] 2021-11-22 16:00 BTCUSDT entry=56268.3100 → LONG | long=timeout(+2.67%) short=timeout(-2.87%) | scanned=22 | no_tp→fwd_return=+2.7718
  [label] 2022-05-07 16:00 BTCUSDT entry=35466.7000 → SHORT | long=sl(-5.10%) short=tp(+9.89%) | scanned=6 | short_tp_only
  [label] 2022-05-11 16:00 BTCUSDT entry=29074.7000 → SHORT | long=timeout(-1.39%) short=timeout(+1.19%) | scanned=22 | no_tp→fwd_return=-1.2867
  [label] 2022-05-22 08:00 BTCUSDT entry=29834.8000 → SHORT | long=sl(-5.62%) short=timeout(+1.99%) | scanned=22 | no_tp→fwd_return=-2.0925
  [label] 2022-07-06 08:00 BTCUSDT entry=20140.1000 → LONG | long=tp(+11.53%) short=sl(-5.91%) | scanned=5 | long_tp_only
  [label] 2022-07-14 16:00 BTCUSDT entry=20578.6000 → LONG | long=tp(+12.14%) short=sl(-6.22%) | scanned=14 | long_tp_only
  [label] 2022-10-13 00:00 BTCUSDT entry=19000.1000 → SHORT | long=sl(-2.70%) short=tp(+5.10%) | scanned=1 | short_tp_only
  [label] 2022-11-14 00:00 BTCUSDT entry=16813.0000 → SHORT | long=timeout(-4.74%) short=timeout(+4.54%) | scanned=22 | no_tp→fwd_return=-4.6440
  [label] 2022-11-30 00:00 BTCUSDT entry=16874.1000 → SHORT | long=timeout(-0.80%) short=sl(-3.31%) | scanned=22 | no_tp→fwd_return=-0.7034
  [label] 2022-12-12 16:00 BTCUSDT entry=17200.0000 → LONG | long=tp(+3.69%) short=sl(-1.99%) | scanned=2 | long_tp_only
  [label] 2022-12-31 08:00 BTCUSDT entry=16586.0000 → LONG | long=timeout(+2.00%) short=sl(-1.74%) | scanned=22 | no_tp→fwd_return=+2.1012
  [label] 2023-01-06 16:00 BTCUSDT entry=16943.8000 → LONG | long=tp(+2.94%) short=sl(-1.62%) | scanned=12 | long_tp_only
  [label] 2023-01-19 00:00 BTCUSDT entry=20818.2000 → LONG | long=tp(+8.59%) short=sl(-4.44%) | scanned=5 | long_tp_only
  [label] 2023-02-27 08:00 BTCUSDT entry=23546.5000 → SHORT | long=sl(-3.63%) short=timeout(+4.16%) | scanned=22 | no_tp→fwd_return=-4.2592
  [label] 2023-03-09 08:00 BTCUSDT entry=21637.4000 → SHORT | long=sl(-3.17%) short=tp(+6.04%) | scanned=1 | short_tp_only
  [label] 2023-06-03 08:00 BTCUSDT entry=27292.7000 → SHORT | long=sl(-2.78%) short=tp(+5.25%) | scanned=7 | short_tp_only
  Labels: 1066 long (49.2%), 1102 short (50.8%) | weights: min=1.00, mean=3.26, max=10.00
  Features: 2168/2168 matched, 48 columns
  CV gap: 22 rows
  [ensemble 1/3] seed=42
    [trial 0] 48 features, training_days=480 | threshold=0.631 | labels: 1066 long, 1102 short (49/51%)
    [CV fold 0] train_end=2021-10-22 08:00 | val_start=2021-10-30 00:00 | gap=184h (22 rows)
    [CV fold 1] train_end=2022-02-19 16:00 | val_start=2022-02-27 08:00 | gap=184h (22 rows)
    [CV fold 2] train_end=2022-06-20 00:00 | val_start=2022-06-27 16:00 | gap=184h (22 rows)
    [CV fold 3] train_end=2022-10-18 08:00 | val_start=2022-10-26 00:00 | gap=184h (22 rows)
    [CV fold 4] train_end=2023-02-15 16:00 | val_start=2023-02-23 08:00 | gap=184h (22 rows)
    [trial 0] Sharpe=-0.0355 (folds: 0.1037, -0.0935, -0.0382, -0.1946, 0.0449)
    [trial 1] 48 features, training_days=420 | threshold=0.839 | labels: 1066 long, 1102 short (49/51%)
    [trial 1] Sharpe=-1.9883 (folds: -0.0345, -0.4264, 0.5044, 0.0148, -10.0000)
    [trial 2] 48 features, training_days=190 | threshold=0.602 | labels: 1066 long, 1102 short (49/51%)
    [trial 2] Sharpe=-0.0231 (folds: 0.1259, -0.0209, -0.0144, -0.2485, 0.0426)
    [trial 3] 48 features, training_days=490 | threshold=0.832 | labels: 1066 long, 1102 short (49/51%)
    [trial 3] Sharpe=-0.1112 (folds: -0.0124, -0.1228, -0.0781, -0.3347, -0.0083)
    [trial 4] 48 features, training_days=340 | threshold=0.591 | labels: 1066 long, 1102 short (49/51%)
    [trial 4] Sharpe=-0.1138 (folds: -0.0551, -0.1147, -0.1106, -0.2532, -0.0352)
    [trial 5] 48 features, training_days=50 | threshold=0.823 | labels: 1066 long, 1102 short (49/51%)
    [trial 5] Sharpe=-0.1462 (folds: 0.2631, 0.1839, -1.1067, -0.0976, 0.0263)
    [trial 6] 48 features, training_days=410 | threshold=0.549 | labels: 1066 long, 1102 short (49/51%)
    [trial 6] Sharpe=-0.0606 (folds: -0.0431, -0.1093, -0.0018, -0.1859, 0.0372)
    [trial 7] 48 features, training_days=180 | threshold=0.526 | labels: 1066 long, 1102 short (49/51%)
    [trial 7] Sharpe=-0.0291 (folds: 0.0695, -0.0651, 0.1068, -0.2151, -0.0419)
    [trial 8] 48 features, training_days=240 | threshold=0.811 | labels: 1066 long, 1102 short (49/51%)
    [trial 8] Sharpe=0.0512 (folds: 0.1940, -0.2051, 0.4418, -0.2832, 0.1087)
    [trial 9] 48 features, training_days=20 | threshold=0.538 | labels: 1066 long, 1102 short (49/51%)
    [trial 9] Sharpe=-2.0320 (folds: -0.1803, 0.1993, -0.0380, -0.1409, -10.0000)
    [trial 10] 48 features, training_days=280 | threshold=0.734 | labels: 1066 long, 1102 short (49/51%)
    [trial 10] Sharpe=-0.1284 (folds: -0.0439, -0.1095, -0.0568, -0.3080, -0.1239)
    [trial 11] 48 features, training_days=170 | threshold=0.706 | labels: 1066 long, 1102 short (49/51%)
    [trial 11] Sharpe=-0.0379 (folds: 0.1426, -0.1455, -0.1406, -0.1923, 0.1465)
    [trial 12] 48 features, training_days=180 | threshold=0.768 | labels: 1066 long, 1102 short (49/51%)
    [trial 12] Sharpe=-0.0483 (folds: 0.1194, -0.1208, 0.0967, -0.3372, 0.0004)
    [trial 13] 48 features, training_days=260 | threshold=0.648 | labels: 1066 long, 1102 short (49/51%)
    [trial 13] Sharpe=-0.0677 (folds: 0.0639, -0.0781, 0.0693, -0.2248, -0.1688)
    [trial 14] 48 features, training_days=100 | threshold=0.612 | labels: 1066 long, 1102 short (49/51%)
    [trial 14] Sharpe=-0.0933 (folds: -0.0261, -0.0813, -0.2906, -0.1410, 0.0727)
    [trial 15] 48 features, training_days=120 | threshold=0.689 | labels: 1066 long, 1102 short (49/51%)
    [trial 15] Sharpe=0.0257 (folds: 0.0665, 0.0351, -0.2105, -0.0751, 0.3125)
    [trial 16] 48 features, training_days=110 | threshold=0.788 | labels: 1066 long, 1102 short (49/51%)
    [trial 16] Sharpe=-7.9801 (folds: -10.0000, 0.0996, -10.0000, -10.0000, -10.0000)
    [trial 17] 48 features, training_days=330 | threshold=0.689 | labels: 1066 long, 1102 short (49/51%)
    [trial 17] Sharpe=-0.2491 (folds: -0.0129, -0.2375, -0.3508, -0.3277, -0.3167)
  Optuna: 18 trials, best Sharpe = 0.0512[I 2026-06-01 12:58:50,566] A new study created in memory with name: no-name-9d870c6a-f660-4b79-8774-0915385f73f4
[I 2026-06-01 12:58:50,664] Trial 0 finished with value: -0.04580042551039744 and parameters: {'confidence_threshold': 0.7437642149592516, 'training_days': 150, 'n_estimators': 152, 'max_depth': 4, 'num_leaves': 50, 'learning_rate': 0.04216766425047743, 'subsample': 0.9903820991923078, 'colsample_bytree': 0.8424148692924316, 'min_child_samples': 58, 'reg_alpha': 3.381097259762742e-05, 'reg_lambda': 1.2263152961306247e-05}. Best is trial 0 with value: -0.04580042551039744.
[I 2026-06-01 12:58:50,735] Trial 1 finished with value: -2.0884908465315233 and parameters: {'confidence_threshold': 0.7551673975844145, 'training_days': 220, 'n_estimators': 76, 'max_depth': 4, 'num_leaves': 51, 'learning_rate': 0.018602118810743477, 'subsample': 0.5877258780737462, 'colsample_bytree': 0.7657756869209191, 'min_child_samples': 63, 'reg_alpha': 0.005123994170264194, 'reg_lambda': 0.44145470178120466}. Best is trial 0 with value: -0.04580042551039744.
[I 2026-06-01 12:58:50,982] Trial 2 finished with value: -0.09776274727865411 and parameters: {'confidence_threshold': 0.7535593637012223, 'training_days': 310, 'n_estimators': 375, 'max_depth': 3, 'num_leaves': 32, 'learning_rate': 0.021735641882032388, 'subsample': 0.6468570231944146, 'colsample_bytree': 0.8154880619272439, 'min_child_samples': 27, 'reg_alpha': 8.004064028491336e-05, 'reg_lambda': 7.546835261630524e-05}. Best is trial 0 with value: -0.04580042551039744.
[I 2026-06-01 12:58:51,141] Trial 3 finished with value: -0.10391550385035273 and parameters: {'confidence_threshold': 0.6727897841776072, 'training_days': 220, 'n_estimators': 190, 'max_depth': 4, 'num_leaves': 58, 'learning_rate': 0.24810689332636193, 'subsample': 0.7509183379421682, 'colsample_bytree': 0.8119764758960556, 'min_child_samples': 29, 'reg_alpha': 7.1708285081421445e-06, 'reg_lambda': 5.412973582738627e-05}. Best is trial 0 with value: -0.04580042551039744.
[I 2026-06-01 12:58:51,245] Trial 4 finished with value: -0.034473507414252307 and parameters: {'confidence_threshold': 0.803208205259178, 'training_days': 130, 'n_estimators': 267, 'max_depth': 5, 'num_leaves': 40, 'learning_rate': 0.08041175317374143, 'subsample': 0.5603143329951619, 'colsample_bytree': 0.9131704002534167, 'min_child_samples': 68, 'reg_alpha': 0.0008046593428183385, 'reg_lambda': 1.2158346158765583e-05}. Best is trial 4 with value: -0.034473507414252307.
[I 2026-06-01 12:58:51,456] Trial 5 finished with value: -0.04697659698956618 and parameters: {'confidence_threshold': 0.6064422761595144, 'training_days': 210, 'n_estimators': 357, 'max_depth': 5, 'num_leaves': 40, 'learning_rate': 0.0974221287220869, 'subsample': 0.7929682762811064, 'colsample_bytree': 0.8124517510478, 'min_child_samples': 74, 'reg_alpha': 0.3811377260781234, 'reg_lambda': 5.607314238392041e-08}. Best is trial 4 with value: -0.034473507414252307.
[I 2026-06-01 12:58:51,562] Trial 6 finished with value: -0.04023415341640744 and parameters: {'confidence_threshold': 0.7672889945051684, 'training_days': 130, 'n_estimators': 137, 'max_depth': 4, 'num_leaves': 19, 'learning_rate': 0.2031117614248665, 'subsample': 0.8136244860256343, 'colsample_bytree': 0.8617081790949774, 'min_child_samples': 21, 'reg_alpha': 0.002238138278733199, 'reg_lambda': 0.001025809534977322}. Best is trial 4 with value: -0.034473507414252307.
[I 2026-06-01 12:58:51,632] Trial 7 finished with value: -0.0613824676768522 and parameters: {'confidence_threshold': 0.555635875450653, 'training_days': 80, 'n_estimators': 363, 'max_depth': 3, 'num_leaves': 48, 'learning_rate': 0.06590089024008658, 'subsample': 0.6944752870615722, 'colsample_bytree': 0.962566244806993, 'min_child_samples': 88, 'reg_alpha': 1.6465620446426067e-05, 'reg_lambda': 2.4678750890085655e-08}. Best is trial 4 with value: -0.034473507414252307.
[I 2026-06-01 12:58:51,947] Trial 8 finished with value: -0.07926078536425929 and parameters: {'confidence_threshold': 0.6066688256938841, 'training_days': 200, 'n_estimators': 367, 'max_depth': 5, 'num_leaves': 32, 'learning_rate': 0.13377519215934996, 'subsample': 0.7965884582811106, 'colsample_bytree': 0.8458508993500886, 'min_child_samples': 32, 'reg_alpha': 3.889436043816386e-05, 'reg_lambda': 1.4713062489380356e-06}. Best is trial 4 with value: -0.034473507414252307.
[I 2026-06-01 12:58:52,158] Trial 9 finished with value: -0.060320790558472524 and parameters: {'confidence_threshold': 0.6202096049169137, 'training_days': 260, 'n_estimators': 350, 'max_depth': 3, 'num_leaves': 21, 'learning_rate': 0.02989540198065364, 'subsample': 0.8307821683331218, 'colsample_bytree': 0.923253112635361, 'min_child_samples': 64, 'reg_alpha': 0.4898604619604203, 'reg_lambda': 2.9076377687066166e-05}. Best is trial 4 with value: -0.034473507414252307.
[I 2026-06-01 12:58:52,532] Trial 10 finished with value: -0.24362491318654556 and parameters: {'confidence_threshold': 0.8445241688507242, 'training_days': 470, 'n_estimators': 493, 'max_depth': 5, 'num_leaves': 63, 'learning_rate': 0.010221918552934462, 'subsample': 0.5019190721168774, 'colsample_bytree': 0.6202684210924141, 'min_child_samples': 99, 'reg_alpha': 1.9942621118187622e-08, 'reg_lambda': 0.0201634475791616}. Best is trial 4 with value: -0.034473507414252307.
[I 2026-06-01 12:58:52,567] Trial 11 finished with value: -5.988308154235857 and parameters: {'confidence_threshold': 0.8371297552840329, 'training_days': 20, 'n_estimators': 255, 'max_depth': 4, 'num_leaves': 20, 'learning_rate': 0.28413636543342474, 'subsample': 0.9047249980702942, 'colsample_bytree': 0.6612241103206169, 'min_child_samples': 44, 'reg_alpha': 0.005164207989991991, 'reg_lambda': 0.007364523359426745}. Best is trial 4 with value: -0.034473507414252307.
[I 2026-06-01 12:58:52,625] Trial 12 finished with value: -0.08049016331153132 and parameters: {'confidence_threshold': 0.7984420943377982, 'training_days': 120, 'n_estimators': 51, 'max_depth': 5, 'num_leaves': 15, 'learning_rate': 0.14432248911623202, 'subsample': 0.5325573395575733, 'colsample_bytree': 0.5201164353688423, 'min_child_samples': 46, 'reg_alpha': 0.006937120291127141, 'reg_lambda': 0.00393268821840331}. Best is trial 4 with value: -0.034473507414252307.
[I 2026-06-01 12:58:52,658] Trial 13 finished with value: -1.9350245947556437 and parameters: {'confidence_threshold': 0.7187885649615134, 'training_days': 10, 'n_estimators': 161, 'max_depth': 4, 'num_leaves': 34, 'learning_rate': 0.07642607080001533, 'subsample': 0.8887479594345413, 'colsample_bytree': 0.9141095054883511, 'min_child_samples': 77, 'reg_alpha': 8.23820059434164e-07, 'reg_lambda': 0.0008749117989186148}. Best is trial 4 with value: -0.034473507414252307.
[I 2026-06-01 12:58:52,936] Trial 14 finished with value: -0.14242869491245058 and parameters: {'confidence_threshold': 0.803223358065541, 'training_days': 340, 'n_estimators': 244, 'max_depth': 5, 'num_leaves': 42, 'learning_rate': 0.16660891568257116, 'subsample': 0.6632569380771758, 'colsample_bytree': 0.9959348592397881, 'min_child_samples': 45, 'reg_alpha': 0.0012705474136959496, 'reg_lambda': 1.2102325862348229e-06}. Best is trial 4 with value: -0.034473507414252307.
[I 2026-06-01 12:58:52,984] Trial 15 finished with value: -0.07454269266305406 and parameters: {'confidence_threshold': 0.6986016561377778, 'training_days': 90, 'n_estimators': 114, 'max_depth': 4, 'num_leaves': 25, 'learning_rate': 0.048314908772608044, 'subsample': 0.5802361721649505, 'colsample_bytree': 0.9016648410746702, 'min_child_samples': 75, 'reg_alpha': 7.209816057093941, 'reg_lambda': 3.5532501480887757}. Best is trial 4 with value: -0.034473507414252307.
[I 2026-06-01 12:58:53,212] Trial 16 finished with value: -0.03500639417477006 and parameters: {'confidence_threshold': 0.7935584950523564, 'training_days': 150, 'n_estimators': 299, 'max_depth': 4, 'num_leaves': 29, 'learning_rate': 0.10480478129127516, 'subsample': 0.7311916895834284, 'colsample_bytree': 0.6982877056862742, 'min_child_samples': 21, 'reg_alpha': 0.05785616362218062, 'reg_lambda': 0.06037696073607924}. Best is trial 4 with value: -0.034473507414252307.
[I 2026-06-01 12:58:53,531] Trial 17 finished with value: -0.08225939995166548 and parameters: {'confidence_threshold': 0.5004748807695347, 'training_days': 370, 'n_estimators': 306, 'max_depth': 5, 'num_leaves': 27, 'learning_rate': 0.1002082334178146, 'subsample': 0.704461929672691, 'colsample_bytree': 0.7235351535799338, 'min_child_samples': 55, 'reg_alpha': 0.0665483626924119, 'reg_lambda': 0.18978940727785185}. Best is trial 4 with value: -0.034473507414252307.
[I 2026-06-01 12:58:53,768] A new study created in memory with name: no-name-2ed82b8c-7a5c-4cbf-8c53-3217172a6adc
[I 2026-06-01 12:58:53,964] Trial 0 finished with value: -0.06882015800398181 and parameters: {'confidence_threshold': 0.5870645682749857, 'training_days': 90, 'n_estimators': 403, 'max_depth': 5, 'num_leaves': 45, 'learning_rate': 0.0780457193679974, 'subsample': 0.9428509515574568, 'colsample_bytree': 0.8795587339164916, 'min_child_samples': 34, 'reg_alpha': 2.2465901234314442e-07, 'reg_lambda': 8.339007036475363e-05}. Best is trial 0 with value: -0.06882015800398181.
[I 2026-06-01 12:58:54,082] Trial 1 finished with value: -0.06146908905392747 and parameters: {'confidence_threshold': 0.6348453934275313, 'training_days': 290, 'n_estimators': 115, 'max_depth': 5, 'num_leaves': 37, 'learning_rate': 0.06949568759029946, 'subsample': 0.8228505074024268, 'colsample_bytree': 0.8616703220431751, 'min_child_samples': 75, 'reg_alpha': 4.2486822725010923e-07, 'reg_lambda': 1.157247767047042e-07}. Best is trial 1 with value: -0.06146908905392747.
[I 2026-06-01 12:58:54,104] Trial 2 finished with value: 0.08108204347326808 and parameters: {'confidence_threshold': 0.5849570384370288, 'training_days': 10, 'n_estimators': 212, 'max_depth': 3, 'num_leaves': 41, 'learning_rate': 0.18452095998378365, 'subsample': 0.6001060822924371, 'colsample_bytree': 0.5673167293506167, 'min_child_samples': 37, 'reg_alpha': 5.733250064217131, 'reg_lambda': 0.5308454292595461}. Best is trial 2 with value: 0.08108204347326808.
[I 2026-06-01 12:58:54,188] Trial 3 finished with value: -0.05133821461276185 and parameters: {'confidence_threshold': 0.6868248626683718, 'training_days': 220, 'n_estimators': 134, 'max_depth': 3, 'num_leaves': 45, 'learning_rate': 0.033529007907491595, 'subsample': 0.8647277071858408, 'colsample_bytree': 0.778494116634046, 'min_child_samples': 96, 'reg_alpha': 2.409409937265785e-07, 'reg_lambda': 1.1642073478060009}. Best is trial 2 with value: 0.08108204347326808.
[I 2026-06-01 12:58:54,280] Trial 4 finished with value: -0.13427292734910917 and parameters: {'confidence_threshold': 0.5623121348350352, 'training_days': 300, 'n_estimators': 69, 'max_depth': 4, 'num_leaves': 32, 'learning_rate': 0.14967629360700346, 'subsample': 0.5054535233636654, 'colsample_bytree': 0.7401385194659216, 'min_child_samples': 27, 'reg_alpha': 1.4212042567426725e-07, 'reg_lambda': 0.23605753701352003}. Best is trial 2 with value: 0.08108204347326808.
[I 2026-06-01 12:58:54,742] Trial 5 finished with value: -0.09464975392347486 and parameters: {'confidence_threshold': 0.7111850244908446, 'training_days': 490, 'n_estimators': 362, 'max_depth': 5, 'num_leaves': 40, 'learning_rate': 0.05960785724162737, 'subsample': 0.5589714368907717, 'colsample_bytree': 0.6659006943232806, 'min_child_samples': 42, 'reg_alpha': 0.6741360303045295, 'reg_lambda': 6.054601607143087e-08}. Best is trial 2 with value: 0.08108204347326808.
[I 2026-06-01 12:58:54,927] Trial 6 finished with value: -0.057524849818043365 and parameters: {'confidence_threshold': 0.667482545748023, 'training_days': 420, 'n_estimators': 279, 'max_depth': 3, 'num_leaves': 45, 'learning_rate': 0.040099592560849204, 'subsample': 0.8563114696415159, 'colsample_bytree': 0.5442917781944105, 'min_child_samples': 50, 'reg_alpha': 1.6407916423707903e-08, 'reg_lambda': 2.935907642973286e-05}. Best is trial 2 with value: 0.08108204347326808.
[I 2026-06-01 12:58:55,077] Trial 7 finished with value: -0.03665011953003376 and parameters: {'confidence_threshold': 0.5497381024139926, 'training_days': 120, 'n_estimators': 408, 'max_depth': 5, 'num_leaves': 38, 'learning_rate': 0.28049122657745795, 'subsample': 0.8806573338635493, 'colsample_bytree': 0.5454054113547102, 'min_child_samples': 63, 'reg_alpha': 0.01263008637940408, 'reg_lambda': 0.04588020805366937}. Best is trial 2 with value: 0.08108204347326808.
[I 2026-06-01 12:58:55,377] Trial 8 finished with value: -0.036119760443814465 and parameters: {'confidence_threshold': 0.719644804808716, 'training_days': 450, 'n_estimators': 410, 'max_depth': 4, 'num_leaves': 57, 'learning_rate': 0.04022026551478857, 'subsample': 0.5336085426932707, 'colsample_bytree': 0.5705742850577543, 'min_child_samples': 100, 'reg_alpha': 5.916398047912201e-07, 'reg_lambda': 0.9794034214488329}. Best is trial 2 with value: 0.08108204347326808.
