[I 2026-06-01 12:59:08,661] Trial 13 finished with value: -0.10640108517074162 and parameters: {'confidence_threshold': 0.7321922500141939, 'training_days': 140, 'n_estimators': 64, 'max_depth': 5, 'num_leaves': 52, 'learning_rate': 0.04569763924078282, 'subsample': 0.9398069633632562, 'colsample_bytree': 0.9994455923633134, 'min_child_samples': 95, 'reg_alpha': 0.0015022440046723953, 'reg_lambda': 0.04056964825131503}. Best is trial 2 with value: -0.03895305135429844.

  Best confidence_threshold: 0.507
  Best training_days: 190
  Retrained on full data (570 samples, 48 features)
  OOD: 16 features, cutoff (q=0.7) = 10.19
  Model trained for 2023-08: 93 test candles with features, confidence_threshold=0.667
[trade:close] 2023-08-01 16:00 BTCUSDT LONG → timeout @ 28943.00 | PnL=-0.77% (net -0.87%) | cum=-19.71% 2023-08=-0.87% 2023-08-01=-0.87%
[predict] 2023-08-03 08:00 BTCUSDT → SHORT (proba=0.69 TP=4.6%/SL=2.3%)
[trade:open] 2023-08-03 15:59 BTCUSDT SHORT @ 29244.40 | SL=29913.20 TP=27906.80 | timeout=2023-08-10 15:59
[trade:close] 2023-08-08 23:59 BTCUSDT SHORT → stop_loss @ 29913.20 | PnL=-2.29% (net -2.39%) | cum=-22.10% 2023-08=-3.25% 2023-08-08=-2.39%
[predict] 2023-08-09 16:00 BTCUSDT → SHORT (proba=0.76 TP=4.2%/SL=2.1%)
[trade:open] 2023-08-09 23:59 BTCUSDT SHORT @ 29572.80 | SL=30193.23 TP=28331.93 | timeout=2023-08-16 23:59
[trade:close] 2023-08-17 00:00 BTCUSDT SHORT → timeout @ 28714.40 | PnL=+2.90% (net +2.80%) | cum=-19.30% 2023-08=-0.45% 2023-08-17=+2.80%
[predict] 2023-08-24 00:00 BTCUSDT → LONG (proba=0.77 TP=5.4%/SL=2.7%)
[trade:open] 2023-08-24 07:59 BTCUSDT LONG @ 26460.70 | SL=25740.28 TP=27901.55 | timeout=2023-08-31 07:59
[trade:close] 2023-08-29 23:59 BTCUSDT LONG → take_profit @ 27901.55 | PnL=+5.45% (net +5.35%) | cum=-13.95% 2023-08=+4.89% 2023-08-29=+5.35%
[predict] 2023-08-30 16:00 BTCUSDT → SHORT (proba=0.70 TP=5.8%/SL=2.9%)
[trade:open] 2023-08-30 23:59 BTCUSDT SHORT @ 27290.40 | SL=28075.40 TP=25720.40 | timeout=2023-09-06 23:59
[trade:close] 2023-08-31 23:59 BTCUSDT SHORT → take_profit @ 25720.40 | PnL=+5.75% (net +5.65%) | cum=-8.30% 2023-08=+10.55% 2023-08-31=+5.65%
[lgbm] === Training for 2023-09 ===
  Train window: 2021-09-01 → 2023-08-24
  2168 training samples from 1 symbols
  Samples per month: 2021-09: 90, 2021-10: 93, 2021-11: 90, 2021-12: 93, 2022-01: 93, 2022-02: 84, 2022-03: 93, 2022-04: 90, 2022-05: 93, 2022-06: 90, 2022-07: 93, 2022-08: 93, 2022-09: 90, 2022-10: 93, 2022-11: 90, 2022-12: 93, 2023-01: 93, 2023-02: 84, 2023-03: 93, 2023-04: 90, 2023-05: 93, 2023-06: 90, 2023-07: 93, 2023-08: 71
  [label] 2021-11-01 16:00 BTCUSDT entry=60942.8700 → LONG | long=tp(+9.80%) short=sl(-5.05%) | scanned=21 | long_tp_only
  [label] 2021-11-03 16:00 BTCUSDT entry=62946.4500 → LONG | long=timeout(+3.04%) short=sl(-5.21%) | scanned=22 | no_tp→fwd_return=+3.1355
  [label] 2021-11-07 16:00 BTCUSDT entry=63316.4000 → LONG | long=tp(+7.65%) short=sl(-3.98%) | scanned=4 | long_tp_only
  [label] 2021-12-02 08:00 BTCUSDT entry=56536.6000 → SHORT | long=sl(-5.66%) short=tp(+11.02%) | scanned=5 | short_tp_only
  [label] 2022-01-23 16:00 BTCUSDT entry=36230.0100 → LONG | long=sl(-7.66%) short=timeout(-4.63%) | scanned=22 | no_tp→fwd_return=+4.5266
  [label] 2022-07-08 16:00 BTCUSDT entry=21587.9000 → SHORT | long=sl(-5.82%) short=tp(+11.33%) | scanned=14 | short_tp_only
  [label] 2022-07-12 16:00 BTCUSDT entry=19322.9000 → LONG | long=tp(+10.94%) short=sl(-5.62%) | scanned=12 | long_tp_only
  [label] 2022-07-23 08:00 BTCUSDT entry=22209.9000 → LONG | long=sl(-6.45%) short=sl(-6.45%) | scanned=15 | no_tp→fwd_return=+6.8866
  [label] 2022-09-06 08:00 BTCUSDT entry=19810.1000 → LONG | long=sl(-3.59%) short=sl(-3.59%) | scanned=8 | no_tp→fwd_return=+4.1065
  [label] 2022-09-14 16:00 BTCUSDT entry=20217.0000 → SHORT | long=sl(-5.92%) short=timeout(+8.65%) | scanned=22 | no_tp→fwd_return=-8.7525
  [label] 2022-12-14 00:00 BTCUSDT entry=17807.1000 → SHORT | long=sl(-2.43%) short=sl(-2.43%) | scanned=4 | no_tp→fwd_return=-2.1514
  [label] 2023-01-15 00:00 BTCUSDT entry=20750.0000 → LONG | long=tp(+8.76%) short=sl(-4.53%) | scanned=17 | long_tp_only
  [label] 2023-01-31 00:00 BTCUSDT entry=22967.7000 → SHORT | long=timeout(-0.37%) short=sl(-3.69%) | scanned=22 | no_tp→fwd_return=-0.2704
  [label] 2023-02-12 16:00 BTCUSDT entry=21771.1000 → LONG | long=tp(+5.58%) short=sl(-2.94%) | scanned=9 | long_tp_only
  [label] 2023-03-03 08:00 BTCUSDT entry=22323.9000 → SHORT | long=sl(-4.38%) short=tp(+8.46%) | scanned=19 | short_tp_only
  [label] 2023-03-09 16:00 BTCUSDT entry=20348.3000 → LONG | long=tp(+8.44%) short=sl(-4.37%) | scanned=9 | long_tp_only
  [label] 2023-03-22 00:00 BTCUSDT entry=28088.2000 → SHORT | long=sl(-5.14%) short=timeout(-0.06%) | scanned=22 | no_tp→fwd_return=-0.0374
  [label] 2023-04-30 08:00 BTCUSDT entry=29644.2000 → SHORT | long=sl(-3.72%) short=timeout(+2.30%) | scanned=22 | no_tp→fwd_return=-2.3988
  [label] 2023-05-10 08:00 BTCUSDT entry=28141.2000 → SHORT | long=sl(-3.67%) short=tp(+7.03%) | scanned=5 | short_tp_only
  [label] 2023-08-04 08:00 BTCUSDT entry=29258.8000 → LONG | long=timeout(+0.32%) short=sl(-2.12%) | scanned=22 | no_tp→fwd_return=+0.4245
  Labels: 1033 long (47.6%), 1135 short (52.4%) | weights: min=1.00, mean=3.13, max=10.00
  Features: 2168/2168 matched, 48 columns
  CV gap: 22 rows
  [ensemble 1/3] seed=42
    [trial 0] 48 features, training_days=480 | threshold=0.631 | labels: 1033 long, 1135 short (48/52%)
    [CV fold 0] train_end=2021-12-23 08:00 | val_start=2021-12-31 00:00 | gap=184h (22 rows)
    [CV fold 1] train_end=2022-04-22 16:00 | val_start=2022-04-30 08:00 | gap=184h (22 rows)
    [CV fold 2] train_end=2022-08-21 00:00 | val_start=2022-08-28 16:00 | gap=184h (22 rows)
    [CV fold 3] train_end=2022-12-19 08:00 | val_start=2022-12-27 00:00 | gap=184h (22 rows)
    [CV fold 4] train_end=2023-04-18 16:00 | val_start=2023-04-26 08:00 | gap=184h (22 rows)
    [trial 0] Sharpe=-0.1596 (folds: -0.2436, 0.0013, -0.1102, 0.0009, -0.4461)
    [trial 1] 48 features, training_days=420 | threshold=0.839 | labels: 1033 long, 1135 short (48/52%)
    [trial 1] Sharpe=-4.1311 (folds: -0.1799, -0.4026, -10.0000, -0.0732, -10.0000)
    [trial 2] 48 features, training_days=190 | threshold=0.602 | labels: 1033 long, 1135 short (48/52%)
    [trial 2] Sharpe=-0.0390 (folds: -0.2376, 0.0378, -0.0502, 0.0573, -0.0019)
    [trial 3] 48 features, training_days=490 | threshold=0.832 | labels: 1033 long, 1135 short (48/52%)
    [trial 3] Sharpe=-0.0952 (folds: -0.1171, -0.0337, -0.1473, -0.0039, -0.1737)
    [trial 4] 48 features, training_days=340 | threshold=0.591 | labels: 1033 long, 1135 short (48/52%)
    [trial 4] Sharpe=-0.0882 (folds: -0.1865, -0.0372, -0.0264, 0.0334, -0.2245)
    [trial 5] 48 features, training_days=50 | threshold=0.823 | labels: 1033 long, 1135 short (48/52%)
    [trial 5] Sharpe=-0.0762 (folds: 0.0904, 0.0504, 0.0985, -0.2057, -0.4146)
    [trial 6] 48 features, training_days=410 | threshold=0.549 | labels: 1033 long, 1135 short (48/52%)
    [trial 6] Sharpe=-0.0392 (folds: 0.0166, 0.0000, 0.0496, -0.0012, -0.2610)
    [trial 7] 48 features, training_days=180 | threshold=0.526 | labels: 1033 long, 1135 short (48/52%)
    [trial 7] Sharpe=-0.0550 (folds: -0.1658, -0.0082, -0.1291, 0.0195, 0.0087)
    [trial 8] 48 features, training_days=240 | threshold=0.811 | labels: 1033 long, 1135 short (48/52%)
    [trial 8] Sharpe=-0.1471 (folds: -0.2615, -0.0485, 0.0422, -0.1989, -0.2690)
    [trial 9] 48 features, training_days=20 | threshold=0.538 | labels: 1033 long, 1135 short (48/52%)
    [trial 9] Sharpe=-1.9601 (folds: -0.0209, -10.0000, -0.0286, 0.2305, 0.0186)
    [trial 10] 48 features, training_days=150 | threshold=0.680 | labels: 1033 long, 1135 short (48/52%)
    [trial 10] Sharpe=-0.0392 (folds: -0.0500, -0.0585, -0.1002, 0.0428, -0.0301)
    [trial 11] 48 features, training_days=340 | threshold=0.695 | labels: 1033 long, 1135 short (48/52%)
    [trial 11] Sharpe=-0.1626 (folds: -0.1618, 0.0075, -0.1903, -0.1084, -0.3602)
    [trial 12] 48 features, training_days=320 | threshold=0.584 | labels: 1033 long, 1135 short (48/52%)
    [trial 12] Sharpe=-0.1298 (folds: -0.2166, -0.0245, -0.1480, -0.0285, -0.2312)
    [trial 13] 48 features, training_days=140 | threshold=0.732 | labels: 1033 long, 1135 short (48/52%)
    [trial 13] Sharpe=-0.1064 (folds: 0.0301, -0.3579, -0.2321, -0.0843, 0.1122)
    [trial 14] 48 features, training_days=280 | threshold=0.612 | labels: 1033 long, 1135 short (48/52%)
    [trial 14] Sharpe=-0.1074 (folds: -0.1694, -0.0138, -0.1704, -0.0011, -0.1823)[I 2026-06-01 12:59:08,807] Trial 14 finished with value: -0.1074111402413523 and parameters: {'confidence_threshold': 0.6122975625169359, 'training_days': 280, 'n_estimators': 183, 'max_depth': 4, 'num_leaves': 15, 'learning_rate': 0.010609078207047555, 'subsample': 0.7718441115005977, 'colsample_bytree': 0.6139966073958775, 'min_child_samples': 74, 'reg_alpha': 8.062692659979823e-07, 'reg_lambda': 4.660968870227273e-05}. Best is trial 2 with value: -0.03895305135429844.
[I 2026-06-01 12:59:09,147] Trial 15 finished with value: -0.0917416596169203 and parameters: {'confidence_threshold': 0.5053950052572088, 'training_days': 400, 'n_estimators': 332, 'max_depth': 5, 'num_leaves': 32, 'learning_rate': 0.09347237905208686, 'subsample': 0.6061592092066231, 'colsample_bytree': 0.8100744538922787, 'min_child_samples': 68, 'reg_alpha': 0.06940112745380081, 'reg_lambda': 0.10351163679178875}. Best is trial 2 with value: -0.03895305135429844.
[I 2026-06-01 12:59:09,300] Trial 16 finished with value: -0.10300209941006537 and parameters: {'confidence_threshold': 0.5619390731839693, 'training_days': 220, 'n_estimators': 220, 'max_depth': 5, 'num_leaves': 63, 'learning_rate': 0.021308779655852636, 'subsample': 0.8140834154635153, 'colsample_bytree': 0.9826162589395974, 'min_child_samples': 90, 'reg_alpha': 1.6230643075200477e-05, 'reg_lambda': 7.335915218312156e-07}. Best is trial 2 with value: -0.03895305135429844.
[I 2026-06-01 12:59:09,404] Trial 17 finished with value: -0.10104641515358992 and parameters: {'confidence_threshold': 0.6315852782457152, 'training_days': 90, 'n_estimators': 288, 'max_depth': 4, 'num_leaves': 48, 'learning_rate': 0.057362908544608446, 'subsample': 0.6697104328179112, 'colsample_bytree': 0.6091330191487015, 'min_child_samples': 53, 'reg_alpha': 7.8052802128728755, 'reg_lambda': 0.00020614774879284444}. Best is trial 2 with value: -0.03895305135429844.
[I 2026-06-01 12:59:09,660] A new study created in memory with name: no-name-17684c43-e977-42ac-8356-69b323620bf8
[I 2026-06-01 12:59:09,748] Trial 0 finished with value: -0.06347843068285035 and parameters: {'confidence_threshold': 0.7437642149592516, 'training_days': 150, 'n_estimators': 152, 'max_depth': 4, 'num_leaves': 50, 'learning_rate': 0.04216766425047743, 'subsample': 0.9903820991923078, 'colsample_bytree': 0.8424148692924316, 'min_child_samples': 58, 'reg_alpha': 3.381097259762742e-05, 'reg_lambda': 1.2263152961306247e-05}. Best is trial 0 with value: -0.06347843068285035.
[I 2026-06-01 12:59:09,813] Trial 1 finished with value: -2.0974926133886864 and parameters: {'confidence_threshold': 0.7551673975844145, 'training_days': 220, 'n_estimators': 76, 'max_depth': 4, 'num_leaves': 51, 'learning_rate': 0.018602118810743477, 'subsample': 0.5877258780737462, 'colsample_bytree': 0.7657756869209191, 'min_child_samples': 63, 'reg_alpha': 0.005123994170264194, 'reg_lambda': 0.44145470178120466}. Best is trial 0 with value: -0.06347843068285035.
[I 2026-06-01 12:59:10,059] Trial 2 finished with value: -0.09043286756051543 and parameters: {'confidence_threshold': 0.7535593637012223, 'training_days': 310, 'n_estimators': 375, 'max_depth': 3, 'num_leaves': 32, 'learning_rate': 0.021735641882032388, 'subsample': 0.6468570231944146, 'colsample_bytree': 0.8154880619272439, 'min_child_samples': 27, 'reg_alpha': 8.004064028491336e-05, 'reg_lambda': 7.546835261630524e-05}. Best is trial 0 with value: -0.06347843068285035.
[I 2026-06-01 12:59:10,236] Trial 3 finished with value: -0.058606294088600505 and parameters: {'confidence_threshold': 0.6727897841776072, 'training_days': 220, 'n_estimators': 190, 'max_depth': 4, 'num_leaves': 58, 'learning_rate': 0.24810689332636193, 'subsample': 0.7509183379421682, 'colsample_bytree': 0.8119764758960556, 'min_child_samples': 29, 'reg_alpha': 7.1708285081421445e-06, 'reg_lambda': 5.412973582738627e-05}. Best is trial 3 with value: -0.058606294088600505.
[I 2026-06-01 12:59:10,360] Trial 4 finished with value: -0.1059879427218049 and parameters: {'confidence_threshold': 0.803208205259178, 'training_days': 130, 'n_estimators': 267, 'max_depth': 5, 'num_leaves': 40, 'learning_rate': 0.08041175317374143, 'subsample': 0.5603143329951619, 'colsample_bytree': 0.9131704002534167, 'min_child_samples': 68, 'reg_alpha': 0.0008046593428183385, 'reg_lambda': 1.2158346158765583e-05}. Best is trial 3 with value: -0.058606294088600505.
[I 2026-06-01 12:59:10,589] Trial 5 finished with value: -0.08822129262305192 and parameters: {'confidence_threshold': 0.6064422761595144, 'training_days': 210, 'n_estimators': 357, 'max_depth': 5, 'num_leaves': 40, 'learning_rate': 0.0974221287220869, 'subsample': 0.7929682762811064, 'colsample_bytree': 0.8124517510478, 'min_child_samples': 74, 'reg_alpha': 0.3811377260781234, 'reg_lambda': 5.607314238392041e-08}. Best is trial 3 with value: -0.058606294088600505.
[I 2026-06-01 12:59:10,706] Trial 6 finished with value: -0.08072639185880488 and parameters: {'confidence_threshold': 0.7672889945051684, 'training_days': 130, 'n_estimators': 137, 'max_depth': 4, 'num_leaves': 19, 'learning_rate': 0.2031117614248665, 'subsample': 0.8136244860256343, 'colsample_bytree': 0.8617081790949774, 'min_child_samples': 21, 'reg_alpha': 0.002238138278733199, 'reg_lambda': 0.001025809534977322}. Best is trial 3 with value: -0.058606294088600505.
[I 2026-06-01 12:59:10,782] Trial 7 finished with value: -0.03738662797180616 and parameters: {'confidence_threshold': 0.555635875450653, 'training_days': 80, 'n_estimators': 363, 'max_depth': 3, 'num_leaves': 48, 'learning_rate': 0.06590089024008658, 'subsample': 0.6944752870615722, 'colsample_bytree': 0.962566244806993, 'min_child_samples': 88, 'reg_alpha': 1.6465620446426067e-05, 'reg_lambda': 2.4678750890085655e-08}. Best is trial 7 with value: -0.03738662797180616.
[I 2026-06-01 12:59:11,107] Trial 8 finished with value: -0.019762496814473743 and parameters: {'confidence_threshold': 0.6066688256938841, 'training_days': 200, 'n_estimators': 367, 'max_depth': 5, 'num_leaves': 32, 'learning_rate': 0.13377519215934996, 'subsample': 0.7965884582811106, 'colsample_bytree': 0.8458508993500886, 'min_child_samples': 32, 'reg_alpha': 3.889436043816386e-05, 'reg_lambda': 1.4713062489380356e-06}. Best is trial 8 with value: -0.019762496814473743.
[I 2026-06-01 12:59:11,331] Trial 9 finished with value: -0.09616061487773482 and parameters: {'confidence_threshold': 0.6202096049169137, 'training_days': 260, 'n_estimators': 350, 'max_depth': 3, 'num_leaves': 21, 'learning_rate': 0.02989540198065364, 'subsample': 0.8307821683331218, 'colsample_bytree': 0.923253112635361, 'min_child_samples': 64, 'reg_alpha': 0.4898604619604203, 'reg_lambda': 2.9076377687066166e-05}. Best is trial 8 with value: -0.019762496814473743.
[I 2026-06-01 12:59:11,891] Trial 10 finished with value: -0.08910865213861727 and parameters: {'confidence_threshold': 0.5342665212695602, 'training_days': 470, 'n_estimators': 493, 'max_depth': 5, 'num_leaves': 30, 'learning_rate': 0.010221918552934462, 'subsample': 0.9182272143313567, 'colsample_bytree': 0.6202684210924141, 'min_child_samples': 44, 'reg_alpha': 1.466506858166308e-08, 'reg_lambda': 0.014616129255130504}. Best is trial 8 with value: -0.019762496814473743.
[I 2026-06-01 12:59:11,926] Trial 11 finished with value: 0.029593578218009314 and parameters: {'confidence_threshold': 0.5130958894507832, 'training_days': 30, 'n_estimators': 478, 'max_depth': 3, 'num_leaves': 48, 'learning_rate': 0.12199762873742671, 'subsample': 0.6714365294218261, 'colsample_bytree': 0.9824770089934525, 'min_child_samples': 96, 'reg_alpha': 4.28336488974334e-07, 'reg_lambda': 1.0009016775128433e-08}. Best is trial 11 with value: 0.029593578218009314.
[I 2026-06-01 12:59:11,959] Trial 12 finished with value: 0.004917752291713349 and parameters: {'confidence_threshold': 0.5102414963126878, 'training_days': 20, 'n_estimators': 498, 'max_depth': 5, 'num_leaves': 63, 'learning_rate': 0.1383807268231313, 'subsample': 0.6647964661192475, 'colsample_bytree': 0.6669454130036883, 'min_child_samples': 100, 'reg_alpha': 1.0994405170068853e-07, 'reg_lambda': 4.545167500865128e-07}. Best is trial 11 with value: 0.029593578218009314.
[I 2026-06-01 12:59:11,988] Trial 13 finished with value: 0.010109762746451109 and parameters: {'confidence_threshold': 0.5020325919598829, 'training_days': 10, 'n_estimators': 475, 'max_depth': 3, 'num_leaves': 63, 'learning_rate': 0.14044566672476927, 'subsample': 0.5024707401359401, 'colsample_bytree': 0.6357563568573675, 'min_child_samples': 95, 'reg_alpha': 4.276683541400012e-08, 'reg_lambda': 3.0523674035427045e-07}. Best is trial 11 with value: 0.029593578218009314.
[I 2026-06-01 12:59:12,019] Trial 14 finished with value: -1.960085288092871 and parameters: {'confidence_threshold': 0.563653413332113, 'training_days': 20, 'n_estimators': 437, 'max_depth': 3, 'num_leaves': 57, 'learning_rate': 0.15427894891419888, 'subsample': 0.5056991352341743, 'colsample_bytree': 0.5053776772160772, 'min_child_samples': 98, 'reg_alpha': 2.9100396271847275e-07, 'reg_lambda': 1.9078567277781136e-08}. Best is trial 11 with value: 0.029593578218009314.
[I 2026-06-01 12:59:12,300] Trial 15 finished with value: -0.10856964472170368 and parameters: {'confidence_threshold': 0.5026055290809989, 'training_days': 340, 'n_estimators': 436, 'max_depth': 3, 'num_leaves': 63, 'learning_rate': 0.2662524632365439, 'subsample': 0.507007918467014, 'colsample_bytree': 0.6680932580568575, 'min_child_samples': 83, 'reg_alpha': 5.385112778567336e-07, 'reg_lambda': 5.231243996893021e-07}. Best is trial 11 with value: 0.029593578218009314.
[I 2026-06-01 12:59:12,373] Trial 16 finished with value: -0.08149785228422135 and parameters: {'confidence_threshold': 0.6708968705265699, 'training_days': 70, 'n_estimators': 279, 'max_depth': 3, 'num_leaves': 47, 'learning_rate': 0.048695947006414234, 'subsample': 0.5978012422814523, 'colsample_bytree': 0.5489148768447338, 'min_child_samples': 87, 'reg_alpha': 1.0293464429247537e-08, 'reg_lambda': 0.0019821772168074096}. Best is trial 11 with value: 0.029593578218009314.
[I 2026-06-01 12:59:12,466] Trial 17 finished with value: -0.07636693929737362 and parameters: {'confidence_threshold': 0.5785068361802342, 'training_days': 70, 'n_estimators': 441, 'max_depth': 4, 'num_leaves': 55, 'learning_rate': 0.09604505819292677, 'subsample': 0.703278528599848, 'colsample_bytree': 0.7084014884653648, 'min_child_samples': 77, 'reg_alpha': 1.4538529833946513e-06, 'reg_lambda': 3.121465650858243e-07}. Best is trial 11 with value: 0.029593578218009314.
[I 2026-06-01 12:59:12,699] A new study created in memory with name: no-name-9bfb0d27-ef2f-4a80-95eb-8cc4a58be56c
[I 2026-06-01 12:59:12,897] Trial 0 finished with value: -0.041919505974629415 and parameters: {'confidence_threshold': 0.5870645682749857, 'training_days': 90, 'n_estimators': 403, 'max_depth': 5, 'num_leaves': 45, 'learning_rate': 0.0780457193679974, 'subsample': 0.9428509515574568, 'colsample_bytree': 0.8795587339164916, 'min_child_samples': 34, 'reg_alpha': 2.2465901234314442e-07, 'reg_lambda': 8.339007036475363e-05}. Best is trial 0 with value: -0.041919505974629415.
[I 2026-06-01 12:59:13,001] Trial 1 finished with value: -0.12561274750183782 and parameters: {'confidence_threshold': 0.6348453934275313, 'training_days': 290, 'n_estimators': 115, 'max_depth': 5, 'num_leaves': 37, 'learning_rate': 0.06949568759029946, 'subsample': 0.8228505074024268, 'colsample_bytree': 0.8616703220431751, 'min_child_samples': 75, 'reg_alpha': 4.2486822725010923e-07, 'reg_lambda': 1.157247767047042e-07}. Best is trial 0 with value: -0.041919505974629415.
[I 2026-06-01 12:59:13,018] Trial 2 finished with value: 0.010109762746451109 and parameters: {'confidence_threshold': 0.5849570384370288, 'training_days': 10, 'n_estimators': 212, 'max_depth': 3, 'num_leaves': 41, 'learning_rate': 0.18452095998378365, 'subsample': 0.6001060822924371, 'colsample_bytree': 0.5673167293506167, 'min_child_samples': 37, 'reg_alpha': 5.733250064217131, 'reg_lambda': 0.5308454292595461}. Best is trial 2 with value: 0.010109762746451109.
[I 2026-06-01 12:59:13,095] Trial 3 finished with value: -0.13464592831114325 and parameters: {'confidence_threshold': 0.6868248626683718, 'training_days': 220, 'n_estimators': 134, 'max_depth': 3, 'num_leaves': 45, 'learning_rate': 0.033529007907491595, 'subsample': 0.8647277071858408, 'colsample_bytree': 0.778494116634046, 'min_child_samples': 96, 'reg_alpha': 2.409409937265785e-07, 'reg_lambda': 1.1642073478060009}. Best is trial 2 with value: 0.010109762746451109.
[I 2026-06-01 12:59:13,176] Trial 4 finished with value: -0.08542463732216585 and parameters: {'confidence_threshold': 0.5623121348350352, 'training_days': 300, 'n_estimators': 69, 'max_depth': 4, 'num_leaves': 32, 'learning_rate': 0.14967629360700346, 'subsample': 0.5054535233636654, 'colsample_bytree': 0.7401385194659216, 'min_child_samples': 27, 'reg_alpha': 1.4212042567426725e-07, 'reg_lambda': 0.23605753701352003}. Best is trial 2 with value: 0.010109762746451109.
