[I 2026-06-01 12:59:17,147] Trial 10 finished with value: -2.032715023126201 and parameters: {'confidence_threshold': 0.7318981109748116, 'training_days': 10, 'n_estimators': 487, 'max_depth': 4, 'num_leaves': 31, 'learning_rate': 0.14704103471568217, 'subsample': 0.628963476300746, 'colsample_bytree': 0.987470107623585, 'min_child_samples': 25, 'reg_alpha': 2.608784411827665e-05, 'reg_lambda': 3.3639426888455256e-06}. Best is trial 5 with value: 0.12092704110126047.

    [trial 15] Sharpe=-4.1138 (folds: -10.0000, -0.0129, -10.0000, 0.0165, -0.5725)
    [trial 16] 48 features, training_days=360 | threshold=0.622 | labels: 1033 long, 1135 short (48/52%)
    [trial 16] Sharpe=-0.1056 (folds: -0.0573, -0.0634, -0.2454, 0.0468, -0.2087)
    [trial 17] 48 features, training_days=70 | threshold=0.503 | labels: 1033 long, 1135 short (48/52%)
    [trial 17] Sharpe=-0.0361 (folds: -0.1426, 0.0371, -0.0941, -0.0469, 0.0662)
  Optuna: 18 trials, best Sharpe = 0.0101
  Best params: n_estimators=212, max_depth=3, lr=0.1845, leaves=41
  Best confidence_threshold: 0.585
  Best training_days: 10
  Retrained on full data (30 samples, 48 features)
  OOD: 16 features, cutoff (q=0.7) = 10.42
  Model trained for 2023-09: 90 test candles with features, confidence_threshold=0.567
[predict] 2023-09-02 00:00 BTCUSDT → SHORT (proba=0.57 TP=6.6%/SL=3.3%)
[trade:open] 2023-09-02 07:59 BTCUSDT SHORT @ 25783.90 | SL=26640.51 TP=24070.67 | timeout=2023-09-09 07:59
[trade:close] 2023-09-09 08:00 BTCUSDT SHORT → timeout @ 25871.00 | PnL=-0.34% (net -0.44%) | cum=-8.73% 2023-09=-0.44% 2023-09-09=-0.44%
[predict] 2023-09-10 08:00 BTCUSDT → SHORT (proba=0.59 TP=3.7%/SL=1.9%)
[trade:open] 2023-09-10 15:59 BTCUSDT SHORT @ 25764.10 | SL=26242.22 TP=24807.86 | timeout=2023-09-17 15:59
[trade:close] 2023-09-12 15:59 BTCUSDT SHORT → stop_loss @ 26242.22 | PnL=-1.86% (net -1.96%) | cum=-10.69% 2023-09=-2.39% 2023-09-12=-1.96%
[predict] 2023-09-14 00:00 BTCUSDT → LONG (proba=0.60 TP=5.9%/SL=3.0%)
[trade:open] 2023-09-14 07:59 BTCUSDT LONG @ 26332.30 | SL=25552.71 TP=27891.48 | timeout=2023-09-21 07:59
[trade:close] 2023-09-21 08:00 BTCUSDT LONG → timeout @ 26978.40 | PnL=+2.45% (net +2.35%) | cum=-8.34% 2023-09=-0.04% 2023-09-21=+2.35%
[predict] 2023-09-23 00:00 BTCUSDT → SHORT (proba=0.57 TP=4.4%/SL=2.2%)
[trade:open] 2023-09-23 07:59 BTCUSDT SHORT @ 26572.00 | SL=27154.68 TP=25406.64 | timeout=2023-09-30 07:59
[trade:close] 2023-09-28 23:59 BTCUSDT SHORT → stop_loss @ 27154.68 | PnL=-2.19% (net -2.29%) | cum=-10.63% 2023-09=-2.33% 2023-09-28=-2.29%
[predict] 2023-09-29 16:00 BTCUSDT → SHORT (proba=0.65 TP=4.6%/SL=2.3%)
[trade:open] 2023-09-29 23:59 BTCUSDT SHORT @ 26890.90 | SL=27510.28 TP=25652.13 | timeout=2023-10-06 23:59
[lgbm] === Training for 2023-10 ===
  Train window: 2021-10-01 → 2023-09-23
  2168 training samples from 1 symbols
  Samples per month: 2021-10: 93, 2021-11: 90, 2021-12: 93, 2022-01: 93, 2022-02: 84, 2022-03: 93, 2022-04: 90, 2022-05: 93, 2022-06: 90, 2022-07: 93, 2022-08: 93, 2022-09: 90, 2022-10: 93, 2022-11: 90, 2022-12: 93, 2023-01: 93, 2023-02: 84, 2023-03: 93, 2023-04: 90, 2023-05: 93, 2023-06: 90, 2023-07: 93, 2023-08: 93, 2023-09: 68
  [label] 2021-12-01 16:00 BTCUSDT entry=57209.2900 → SHORT | long=sl(-5.79%) short=tp(+11.29%) | scanned=6 | short_tp_only
  [label] 2021-12-03 16:00 BTCUSDT entry=53612.0000 → SHORT | long=sl(-6.73%) short=tp(+13.15%) | scanned=1 | short_tp_only
  [label] 2021-12-07 16:00 BTCUSDT entry=50577.2000 → SHORT | long=sl(-7.75%) short=timeout(+4.35%) | scanned=22 | no_tp→fwd_return=-4.4549
  [label] 2022-01-01 08:00 BTCUSDT entry=47194.7800 → SHORT | long=sl(-4.98%) short=tp(+9.66%) | scanned=13 | short_tp_only
  [label] 2022-02-22 16:00 BTCUSDT entry=38212.0000 → LONG | long=sl(-6.00%) short=sl(-6.00%) | scanned=17 | no_tp→fwd_return=+6.7539
  [label] 2022-08-07 16:00 BTCUSDT entry=23167.8000 → LONG | long=tp(+7.12%) short=sl(-3.71%) | scanned=11 | long_tp_only
  [label] 2022-08-11 16:00 BTCUSDT entry=23917.2000 → SHORT | long=timeout(-3.16%) short=sl(-4.62%) | scanned=22 | no_tp→fwd_return=-3.0610
  [label] 2022-08-22 08:00 BTCUSDT entry=21388.0000 → SHORT | long=sl(-4.60%) short=timeout(+5.22%) | scanned=22 | no_tp→fwd_return=-5.3249
  [label] 2022-10-06 08:00 BTCUSDT entry=20004.4000 → SHORT | long=sl(-4.01%) short=tp(+7.73%) | scanned=21 | short_tp_only
  [label] 2022-10-14 16:00 BTCUSDT entry=19164.6000 → SHORT | long=timeout(-0.17%) short=timeout(-0.03%) | scanned=22 | no_tp→fwd_return=-0.0715
  [label] 2023-01-13 00:00 BTCUSDT entry=18817.7000 → LONG | long=tp(+5.66%) short=sl(-2.98%) | scanned=2 | long_tp_only
  [label] 2023-02-14 00:00 BTCUSDT entry=21759.9000 → LONG | long=tp(+5.51%) short=sl(-2.90%) | scanned=5 | long_tp_only
  [label] 2023-03-02 00:00 BTCUSDT entry=23381.9000 → SHORT | long=sl(-3.79%) short=tp(+7.28%) | scanned=20 | short_tp_only
  [label] 2023-03-14 16:00 BTCUSDT entry=24682.5000 → LONG | long=tp(+14.81%) short=sl(-7.56%) | scanned=15 | long_tp_only
  [label] 2023-04-02 08:00 BTCUSDT entry=28110.2000 → SHORT | long=timeout(-0.94%) short=timeout(+0.74%) | scanned=22 | no_tp→fwd_return=-0.8417
  [label] 2023-04-08 16:00 BTCUSDT entry=27924.9000 → LONG | long=tp(+4.95%) short=sl(-2.62%) | scanned=6 | long_tp_only
  [label] 2023-04-21 00:00 BTCUSDT entry=28142.3000 → LONG | long=sl(-3.81%) short=sl(-3.81%) | scanned=16 | no_tp→fwd_return=+5.9011
  [label] 2023-05-30 08:00 BTCUSDT entry=27665.0000 → SHORT | long=sl(-2.80%) short=tp(+5.29%) | scanned=18 | short_tp_only
  [label] 2023-06-09 08:00 BTCUSDT entry=26465.1000 → SHORT | long=sl(-3.33%) short=timeout(+2.29%) | scanned=22 | no_tp→fwd_return=-2.3907
  [label] 2023-09-03 08:00 BTCUSDT entry=25858.2000 → SHORT | long=timeout(-0.46%) short=timeout(+0.26%) | scanned=22 | no_tp→fwd_return=-0.3639
  Labels: 1040 long (48.0%), 1128 short (52.0%) | weights: min=1.00, mean=3.06, max=10.00
  Features: 2168/2168 matched, 48 columns
  CV gap: 22 rows
  [ensemble 1/3] seed=42
    [trial 0] 48 features, training_days=480 | threshold=0.631 | labels: 1040 long, 1128 short (48/52%)
    [CV fold 0] train_end=2022-01-22 08:00 | val_start=2022-01-30 00:00 | gap=184h (22 rows)
    [CV fold 1] train_end=2022-05-22 16:00 | val_start=2022-05-30 08:00 | gap=184h (22 rows)
    [CV fold 2] train_end=2022-09-20 00:00 | val_start=2022-09-27 16:00 | gap=184h (22 rows)
    [CV fold 3] train_end=2023-01-18 08:00 | val_start=2023-01-26 00:00 | gap=184h (22 rows)
    [CV fold 4] train_end=2023-05-18 16:00 | val_start=2023-05-26 08:00 | gap=184h (22 rows)
    [trial 0] Sharpe=-0.1351 (folds: -0.3567, -0.0337, -0.2350, 0.0609, -0.1109)
    [trial 1] 48 features, training_days=420 | threshold=0.839 | labels: 1040 long, 1128 short (48/52%)
    [trial 1] Sharpe=-4.1309 (folds: -0.3033, 0.3789, -10.0000, -0.7300, -10.0000)
    [trial 2] 48 features, training_days=190 | threshold=0.602 | labels: 1040 long, 1128 short (48/52%)
    [trial 2] Sharpe=-0.0775 (folds: -0.3316, -0.0760, -0.1138, 0.0838, 0.0499)
    [trial 3] 48 features, training_days=490 | threshold=0.832 | labels: 1040 long, 1128 short (48/52%)
    [trial 3] Sharpe=-0.0942 (folds: -0.3469, 0.0580, -0.2581, 0.0468, 0.0294)
    [trial 4] 48 features, training_days=340 | threshold=0.591 | labels: 1040 long, 1128 short (48/52%)
    [trial 4] Sharpe=-0.1009 (folds: -0.2449, -0.0629, -0.1864, 0.0437, -0.0540)
    [trial 5] 48 features, training_days=50 | threshold=0.823 | labels: 1040 long, 1128 short (48/52%)
    [trial 5] Sharpe=0.1209 (folds: -0.0268, 0.0522, 0.0355, 0.0174, 0.5263)
    [trial 6] 48 features, training_days=410 | threshold=0.549 | labels: 1040 long, 1128 short (48/52%)
    [trial 6] Sharpe=-0.0560 (folds: -0.0857, -0.0855, -0.1721, 0.1837, -0.1206)
    [trial 7] 48 features, training_days=180 | threshold=0.526 | labels: 1040 long, 1128 short (48/52%)
    [trial 7] Sharpe=-0.0144 (folds: -0.0873, -0.0115, -0.1981, 0.2359, -0.0109)
    [trial 8] 48 features, training_days=240 | threshold=0.811 | labels: 1040 long, 1128 short (48/52%)
    [trial 8] Sharpe=-0.1129 (folds: -0.3756, 0.1308, -0.4867, -0.1058, 0.2727)
    [trial 9] 48 features, training_days=20 | threshold=0.538 | labels: 1040 long, 1128 short (48/52%)
    [trial 9] Sharpe=-0.0256 (folds: 0.0355, 0.0939, -0.1815, 0.0741, -0.1500)
    [trial 10] 48 features, training_days=10 | threshold=0.732 | labels: 1040 long, 1128 short (48/52%)
    [trial 10] Sharpe=-2.0327 (folds: -10.0000, 0.0939, -0.1815, 0.0741, -0.1500)
    [trial 11] 48 features, training_days=130 | threshold=0.716 | labels: 1040 long, 1128 short (48/52%)
    [trial 11] Sharpe=-0.0238 (folds: -0.1706, 0.0041, -0.2523, 0.0067, 0.2931)[I 2026-06-01 12:59:17,278] Trial 11 finished with value: -0.023825737863578045 and parameters: {'confidence_threshold': 0.7155079644808182, 'training_days': 130, 'n_estimators': 212, 'max_depth': 4, 'num_leaves': 41, 'learning_rate': 0.03515568672661824, 'subsample': 0.6116988993536575, 'colsample_bytree': 0.6334955364726846, 'min_child_samples': 39, 'reg_alpha': 1.6115749528927317, 'reg_lambda': 0.0005474079480730847}. Best is trial 5 with value: 0.12092704110126047.
[I 2026-06-01 12:59:17,332] Trial 12 finished with value: -10.0 and parameters: {'confidence_threshold': 0.7700824501399284, 'training_days': 130, 'n_estimators': 59, 'max_depth': 3, 'num_leaves': 33, 'learning_rate': 0.011371606828587318, 'subsample': 0.5747221414958382, 'colsample_bytree': 0.8304278626461432, 'min_child_samples': 45, 'reg_alpha': 0.0007010407807149796, 'reg_lambda': 3.174808515994115e-05}. Best is trial 5 with value: 0.12092704110126047.
[I 2026-06-01 12:59:17,456] Trial 13 finished with value: 0.04931833346244126 and parameters: {'confidence_threshold': 0.671672116428871, 'training_days': 100, 'n_estimators': 151, 'max_depth': 5, 'num_leaves': 62, 'learning_rate': 0.04342469449614958, 'subsample': 0.6866291716128416, 'colsample_bytree': 0.8155421717694826, 'min_child_samples': 26, 'reg_alpha': 4.9164566205838954e-06, 'reg_lambda': 0.015936847132187043}. Best is trial 5 with value: 0.12092704110126047.
[I 2026-06-01 12:59:17,584] Trial 14 finished with value: -0.004302730230338484 and parameters: {'confidence_threshold': 0.6730556752351576, 'training_days': 80, 'n_estimators': 186, 'max_depth': 4, 'num_leaves': 60, 'learning_rate': 0.045979036743030444, 'subsample': 0.7084100755676976, 'colsample_bytree': 0.8312163037675877, 'min_child_samples': 20, 'reg_alpha': 2.670693886528206e-06, 'reg_lambda': 0.0601371216769442}. Best is trial 5 with value: 0.12092704110126047.
[I 2026-06-01 12:59:17,713] Trial 15 finished with value: 0.00963592313167128 and parameters: {'confidence_threshold': 0.6754441424175103, 'training_days': 100, 'n_estimators': 251, 'max_depth': 3, 'num_leaves': 61, 'learning_rate': 0.0930910477974646, 'subsample': 0.6851735423700712, 'colsample_bytree': 0.8159769551709519, 'min_child_samples': 30, 'reg_alpha': 1.2100098262675792e-08, 'reg_lambda': 3.239704084123203e-05}. Best is trial 5 with value: 0.12092704110126047.
[I 2026-06-01 12:59:17,775] Trial 16 finished with value: -0.0030366676664595194 and parameters: {'confidence_threshold': 0.7825131136037224, 'training_days': 50, 'n_estimators': 151, 'max_depth': 5, 'num_leaves': 31, 'learning_rate': 0.04744638016445546, 'subsample': 0.8256806524515246, 'colsample_bytree': 0.9826162589395974, 'min_child_samples': 34, 'reg_alpha': 1.6230643075200477e-05, 'reg_lambda': 0.0641401994127197}. Best is trial 5 with value: 0.12092704110126047.
[I 2026-06-01 12:59:18,046] Trial 17 finished with value: -0.11145201492738574 and parameters: {'confidence_threshold': 0.7070311848485039, 'training_days': 290, 'n_estimators': 320, 'max_depth': 4, 'num_leaves': 52, 'learning_rate': 0.09006974501624139, 'subsample': 0.6648053497774289, 'colsample_bytree': 0.7952908891858086, 'min_child_samples': 52, 'reg_alpha': 1.7527045832330252e-07, 'reg_lambda': 1.7036871359792871}. Best is trial 5 with value: 0.12092704110126047.
[I 2026-06-01 12:59:18,282] A new study created in memory with name: no-name-7c0ca5a5-a810-49ad-9f2e-ec4ca955198f
[I 2026-06-01 12:59:18,370] Trial 0 finished with value: -0.10201638683853291 and parameters: {'confidence_threshold': 0.7437642149592516, 'training_days': 150, 'n_estimators': 152, 'max_depth': 4, 'num_leaves': 50, 'learning_rate': 0.04216766425047743, 'subsample': 0.9903820991923078, 'colsample_bytree': 0.8424148692924316, 'min_child_samples': 58, 'reg_alpha': 3.381097259762742e-05, 'reg_lambda': 1.2263152961306247e-05}. Best is trial 0 with value: -0.10201638683853291.
[I 2026-06-01 12:59:18,442] Trial 1 finished with value: 0.10729664991223223 and parameters: {'confidence_threshold': 0.7551673975844145, 'training_days': 220, 'n_estimators': 76, 'max_depth': 4, 'num_leaves': 51, 'learning_rate': 0.018602118810743477, 'subsample': 0.5877258780737462, 'colsample_bytree': 0.7657756869209191, 'min_child_samples': 63, 'reg_alpha': 0.005123994170264194, 'reg_lambda': 0.44145470178120466}. Best is trial 1 with value: 0.10729664991223223.
[I 2026-06-01 12:59:18,698] Trial 2 finished with value: -0.017670131954510185 and parameters: {'confidence_threshold': 0.7535593637012223, 'training_days': 310, 'n_estimators': 375, 'max_depth': 3, 'num_leaves': 32, 'learning_rate': 0.021735641882032388, 'subsample': 0.6468570231944146, 'colsample_bytree': 0.8154880619272439, 'min_child_samples': 27, 'reg_alpha': 8.004064028491336e-05, 'reg_lambda': 7.546835261630524e-05}. Best is trial 1 with value: 0.10729664991223223.
[I 2026-06-01 12:59:18,871] Trial 3 finished with value: -0.06678863636452514 and parameters: {'confidence_threshold': 0.6727897841776072, 'training_days': 220, 'n_estimators': 190, 'max_depth': 4, 'num_leaves': 58, 'learning_rate': 0.24810689332636193, 'subsample': 0.7509183379421682, 'colsample_bytree': 0.8119764758960556, 'min_child_samples': 29, 'reg_alpha': 7.1708285081421445e-06, 'reg_lambda': 5.412973582738627e-05}. Best is trial 1 with value: 0.10729664991223223.
[I 2026-06-01 12:59:18,991] Trial 4 finished with value: -0.060116846073092665 and parameters: {'confidence_threshold': 0.803208205259178, 'training_days': 130, 'n_estimators': 267, 'max_depth': 5, 'num_leaves': 40, 'learning_rate': 0.08041175317374143, 'subsample': 0.5603143329951619, 'colsample_bytree': 0.9131704002534167, 'min_child_samples': 68, 'reg_alpha': 0.0008046593428183385, 'reg_lambda': 1.2158346158765583e-05}. Best is trial 1 with value: 0.10729664991223223.
[I 2026-06-01 12:59:19,223] Trial 5 finished with value: -0.08863209165382105 and parameters: {'confidence_threshold': 0.6064422761595144, 'training_days': 210, 'n_estimators': 357, 'max_depth': 5, 'num_leaves': 40, 'learning_rate': 0.0974221287220869, 'subsample': 0.7929682762811064, 'colsample_bytree': 0.8124517510478, 'min_child_samples': 74, 'reg_alpha': 0.3811377260781234, 'reg_lambda': 5.607314238392041e-08}. Best is trial 1 with value: 0.10729664991223223.
[I 2026-06-01 12:59:19,332] Trial 6 finished with value: -0.029574729894949615 and parameters: {'confidence_threshold': 0.7672889945051684, 'training_days': 130, 'n_estimators': 137, 'max_depth': 4, 'num_leaves': 19, 'learning_rate': 0.2031117614248665, 'subsample': 0.8136244860256343, 'colsample_bytree': 0.8617081790949774, 'min_child_samples': 21, 'reg_alpha': 0.002238138278733199, 'reg_lambda': 0.001025809534977322}. Best is trial 1 with value: 0.10729664991223223.
[I 2026-06-01 12:59:19,403] Trial 7 finished with value: -0.029312550029758466 and parameters: {'confidence_threshold': 0.555635875450653, 'training_days': 80, 'n_estimators': 363, 'max_depth': 3, 'num_leaves': 48, 'learning_rate': 0.06590089024008658, 'subsample': 0.6944752870615722, 'colsample_bytree': 0.962566244806993, 'min_child_samples': 88, 'reg_alpha': 1.6465620446426067e-05, 'reg_lambda': 2.4678750890085655e-08}. Best is trial 1 with value: 0.10729664991223223.
[I 2026-06-01 12:59:19,755] Trial 8 finished with value: -0.09600677711974435 and parameters: {'confidence_threshold': 0.6066688256938841, 'training_days': 200, 'n_estimators': 367, 'max_depth': 5, 'num_leaves': 32, 'learning_rate': 0.13377519215934996, 'subsample': 0.7965884582811106, 'colsample_bytree': 0.8458508993500886, 'min_child_samples': 32, 'reg_alpha': 3.889436043816386e-05, 'reg_lambda': 1.4713062489380356e-06}. Best is trial 1 with value: 0.10729664991223223.
[I 2026-06-01 12:59:19,974] Trial 9 finished with value: -0.13238200766536845 and parameters: {'confidence_threshold': 0.6202096049169137, 'training_days': 260, 'n_estimators': 350, 'max_depth': 3, 'num_leaves': 21, 'learning_rate': 0.02989540198065364, 'subsample': 0.8307821683331218, 'colsample_bytree': 0.923253112635361, 'min_child_samples': 64, 'reg_alpha': 0.4898604619604203, 'reg_lambda': 2.9076377687066166e-05}. Best is trial 1 with value: 0.10729664991223223.
[I 2026-06-01 12:59:20,434] Trial 10 finished with value: -0.048464100230721174 and parameters: {'confidence_threshold': 0.8445241688507242, 'training_days': 470, 'n_estimators': 493, 'max_depth': 4, 'num_leaves': 63, 'learning_rate': 0.010221918552934462, 'subsample': 0.5019190721168774, 'colsample_bytree': 0.6202684210924141, 'min_child_samples': 47, 'reg_alpha': 2.371385268938747e-08, 'reg_lambda': 1.7987349911222597}. Best is trial 1 with value: 0.10729664991223223.
[I 2026-06-01 12:59:20,519] Trial 11 finished with value: -5.9023214179124945 and parameters: {'confidence_threshold': 0.7162109107873752, 'training_days': 360, 'n_estimators': 51, 'max_depth': 3, 'num_leaves': 28, 'learning_rate': 0.016298143265808546, 'subsample': 0.6391782689059778, 'colsample_bytree': 0.6900063486364282, 'min_child_samples': 42, 'reg_alpha': 0.01799493661729836, 'reg_lambda': 0.029771765343273634}. Best is trial 1 with value: 0.10729664991223223.
[I 2026-06-01 12:59:20,767] Trial 12 finished with value: -0.107509056354045 and parameters: {'confidence_threshold': 0.6776559669413387, 'training_days': 340, 'n_estimators': 484, 'max_depth': 3, 'num_leaves': 47, 'learning_rate': 0.02392651870535563, 'subsample': 0.6166545294095858, 'colsample_bytree': 0.5096458353191796, 'min_child_samples': 100, 'reg_alpha': 1.0994405170068853e-07, 'reg_lambda': 0.005070761005041337}. Best is trial 1 with value: 0.10729664991223223.
[I 2026-06-01 12:59:20,791] Trial 13 finished with value: -3.99640539054261 and parameters: {'confidence_threshold': 0.789718509378323, 'training_days': 10, 'n_estimators': 53, 'max_depth': 3, 'num_leaves': 32, 'learning_rate': 0.014472572446935365, 'subsample': 0.6637554456572594, 'colsample_bytree': 0.7361824510546084, 'min_child_samples': 51, 'reg_alpha': 0.024510194560445127, 'reg_lambda': 1.6768007566464287}. Best is trial 1 with value: 0.10729664991223223.
[I 2026-06-01 12:59:20,996] Trial 14 finished with value: -0.144710084409386 and parameters: {'confidence_threshold': 0.6990760489990013, 'training_days': 310, 'n_estimators': 288, 'max_depth': 4, 'num_leaves': 56, 'learning_rate': 0.03629583630175215, 'subsample': 0.571097323615661, 'colsample_bytree': 0.6518033017634928, 'min_child_samples': 78, 'reg_alpha': 8.70158361284731e-07, 'reg_lambda': 0.07597426064842482}. Best is trial 1 with value: 0.10729664991223223.
[I 2026-06-01 12:59:21,430] Trial 15 finished with value: 0.01937935729457959 and parameters: {'confidence_threshold': 0.8413262323766814, 'training_days': 390, 'n_estimators': 436, 'max_depth': 4, 'num_leaves': 25, 'learning_rate': 0.018204174012129166, 'subsample': 0.507007918467014, 'colsample_bytree': 0.738971151174427, 'min_child_samples': 41, 'reg_alpha': 3.7633185646040874, 'reg_lambda': 0.000509991167183613}. Best is trial 1 with value: 0.10729664991223223.
[I 2026-06-01 12:59:21,900] Trial 16 finished with value: -0.06348520264039693 and parameters: {'confidence_threshold': 0.8350185286536077, 'training_days': 440, 'n_estimators': 441, 'max_depth': 4, 'num_leaves': 15, 'learning_rate': 0.010340789776365815, 'subsample': 0.5008986305738491, 'colsample_bytree': 0.7158318224997116, 'min_child_samples': 39, 'reg_alpha': 3.433399905162048, 'reg_lambda': 7.198549460532722}. Best is trial 1 with value: 0.10729664991223223.
[I 2026-06-01 12:59:22,172] Trial 17 finished with value: -0.06604358463330862 and parameters: {'confidence_threshold': 0.5004748807695347, 'training_days': 410, 'n_estimators': 236, 'max_depth': 5, 'num_leaves': 45, 'learning_rate': 0.017746624628996042, 'subsample': 0.5695446812685067, 'colsample_bytree': 0.5938410582452672, 'min_child_samples': 52, 'reg_alpha': 7.284070645541434, 'reg_lambda': 0.2855374700837145}. Best is trial 1 with value: 0.10729664991223223.
[I 2026-06-01 12:59:22,413] A new study created in memory with name: no-name-c7bb0fef-2edc-4b39-8c66-e0cb9b316264
[I 2026-06-01 12:59:22,596] Trial 0 finished with value: -0.03789283504318782 and parameters: {'confidence_threshold': 0.5870645682749857, 'training_days': 90, 'n_estimators': 403, 'max_depth': 5, 'num_leaves': 45, 'learning_rate': 0.0780457193679974, 'subsample': 0.9428509515574568, 'colsample_bytree': 0.8795587339164916, 'min_child_samples': 34, 'reg_alpha': 2.2465901234314442e-07, 'reg_lambda': 8.339007036475363e-05}. Best is trial 0 with value: -0.03789283504318782.
[I 2026-06-01 12:59:22,700] Trial 1 finished with value: -0.0972004075099042 and parameters: {'confidence_threshold': 0.6348453934275313, 'training_days': 290, 'n_estimators': 115, 'max_depth': 5, 'num_leaves': 37, 'learning_rate': 0.06949568759029946, 'subsample': 0.8228505074024268, 'colsample_bytree': 0.8616703220431751, 'min_child_samples': 75, 'reg_alpha': 4.2486822725010923e-07, 'reg_lambda': 1.157247767047042e-07}. Best is trial 0 with value: -0.03789283504318782.
