[I 2026-06-01 13:01:17,111] Trial 17 finished with value: 0.061376546324563505 and parameters: {'confidence_threshold': 0.5080881579696632, 'training_days': 150, 'n_estimators': 487, 'max_depth': 5, 'num_leaves': 18, 'learning_rate': 0.1076644392753846, 'subsample': 0.7824411107209306, 'colsample_bytree': 0.8129262406583767, 'min_child_samples': 61, 'reg_alpha': 0.1305430347346854, 'reg_lambda': 0.02214556014976003}. Best is trial 11 with value: 0.12410628929793918.
[I 2026-06-01 13:01:17,719] A new study created in memory with name: no-name-fa8e5c6b-9f65-42a6-a318-7ba76134086d

  Retrained on full data (660 samples, 48 features)
  [ensemble 3/3] seed=456
    [trial 0] 48 features, training_days=90 | threshold=0.587 | labels: 1176 long, 995 short (54/46%)
    [CV fold 0] train_end=2022-11-23 08:00 | val_start=2022-12-01 00:00 | gap=184h (22 rows)
    [CV fold 1] train_end=2023-03-23 16:00 | val_start=2023-03-31 08:00 | gap=184h (22 rows)
    [CV fold 2] train_end=2023-07-22 00:00 | val_start=2023-07-29 16:00 | gap=184h (22 rows)
    [CV fold 3] train_end=2023-11-19 08:00 | val_start=2023-11-27 00:00 | gap=184h (22 rows)
    [CV fold 4] train_end=2024-03-18 16:00 | val_start=2024-03-26 08:00 | gap=184h (22 rows)
    [trial 0] Sharpe=-0.0177 (folds: -0.0655, -0.0011, -0.1030, 0.1668, -0.0859)
    [trial 1] 48 features, training_days=290 | threshold=0.635 | labels: 1176 long, 995 short (54/46%)
    [trial 1] Sharpe=0.0563 (folds: 0.0055, 0.0424, 0.2211, 0.1530, -0.1405)
    [trial 2] 48 features, training_days=10 | threshold=0.585 | labels: 1176 long, 995 short (54/46%)
    [trial 2] Sharpe=-0.1580 (folds: -0.1138, -0.0295, -0.4735, -0.2298, 0.0565)
    [trial 3] 48 features, training_days=220 | threshold=0.687 | labels: 1176 long, 995 short (54/46%)
    [trial 3] Sharpe=0.0820 (folds: -0.1889, 0.2014, 0.4771, 0.0483, -0.1278)
    [trial 4] 48 features, training_days=300 | threshold=0.562 | labels: 1176 long, 995 short (54/46%)
    [trial 4] Sharpe=0.0939 (folds: -0.0251, 0.0946, 0.1998, 0.2646, -0.0645)
    [trial 5] 48 features, training_days=490 | threshold=0.711 | labels: 1176 long, 995 short (54/46%)
    [trial 5] Sharpe=0.1157 (folds: 0.0067, 0.0589, 0.2244, 0.3352, -0.0467)
    [trial 6] 48 features, training_days=420 | threshold=0.667 | labels: 1176 long, 995 short (54/46%)
    [trial 6] Sharpe=0.0861 (folds: -0.0192, 0.0735, 0.2106, 0.1345, 0.0311)
    [trial 7] 48 features, training_days=120 | threshold=0.550 | labels: 1176 long, 995 short (54/46%)
    [trial 7] Sharpe=0.0190 (folds: -0.0423, 0.0971, 0.0185, 0.0819, -0.0601)
    [trial 8] 48 features, training_days=450 | threshold=0.720 | labels: 1176 long, 995 short (54/46%)
    [trial 8] Sharpe=0.0616 (folds: -0.0801, 0.0973, 0.1926, 0.1441, -0.0458)
    [trial 9] 48 features, training_days=20 | threshold=0.727 | labels: 1176 long, 995 short (54/46%)
    [trial 9] Sharpe=-6.1258 (folds: -10.0000, -0.1555, -0.4735, -10.0000, -10.0000)
    [trial 10] 48 features, training_days=490 | threshold=0.828 | labels: 1176 long, 995 short (54/46%)
    [trial 10] Sharpe=0.0804 (folds: -0.0267, 0.1592, -0.0136, 0.4246, -0.1417)
    [trial 11] 48 features, training_days=310 | threshold=0.786 | labels: 1176 long, 995 short (54/46%)
    [trial 11] Sharpe=0.1241 (folds: -0.0421, 0.0647, 0.1163, 0.5192, -0.0377)
    [trial 12] 48 features, training_days=380 | threshold=0.802 | labels: 1176 long, 995 short (54/46%)
    [trial 12] Sharpe=0.1023 (folds: 0.0194, 0.0499, 0.1593, 0.2644, 0.0183)
    [trial 13] 48 features, training_days=380 | threshold=0.773 | labels: 1176 long, 995 short (54/46%)
    [trial 13] Sharpe=0.0691 (folds: 0.0023, 0.0389, 0.1429, 0.2132, -0.0517)
    [trial 14] 48 features, training_days=210 | threshold=0.765 | labels: 1176 long, 995 short (54/46%)
    [trial 14] Sharpe=0.0721 (folds: -0.0350, 0.0827, 0.3422, -0.0318, 0.0021)
    [trial 15] 48 features, training_days=350 | threshold=0.849 | labels: 1176 long, 995 short (54/46%)
    [trial 15] Sharpe=0.0404 (folds: 0.0301, -0.0828, 0.1629, 0.1542, -0.0625)
    [trial 16] 48 features, training_days=490 | threshold=0.749 | labels: 1176 long, 995 short (54/46%)
    [trial 16] Sharpe=0.1048 (folds: 0.0174, 0.0171, 0.1702, 0.3065, 0.0128)
    [trial 17] 48 features, training_days=150 | threshold=0.508 | labels: 1176 long, 995 short (54/46%)
    [trial 17] Sharpe=0.0614 (folds: 0.0399, 0.1424, 0.0362, 0.0855, 0.0029)
  Optuna: 18 trials, best Sharpe = 0.1241
  Best params: n_estimators=53, max_depth=4, lr=0.1177, leaves=29
  Best confidence_threshold: 0.786
  Best training_days: 310
  Retrained on full data (930 samples, 48 features)
  OOD: 16 features, cutoff (q=0.7) = 10.24
  Model trained for 2024-08: 93 test candles with features, confidence_threshold=0.791
[predict] 2024-08-01 08:00 BTCUSDT → LONG (proba=0.87 TP=8.4%/SL=4.2%)
[trade:open] 2024-08-01 15:59 BTCUSDT LONG @ 62892.60 | SL=60255.05 TP=68167.70 | timeout=2024-08-08 15:59
[trade:close] 2024-08-03 23:59 BTCUSDT LONG → stop_loss @ 60255.05 | PnL=-4.19% (net -4.29%) | cum=+7.50% 2024-08=-4.29% 2024-08-03=-4.29%
[predict] 2024-08-31 00:00 BTCUSDT → LONG (proba=0.79 TP=8.7%/SL=4.3%)
[trade:open] 2024-08-31 07:59 BTCUSDT LONG @ 59060.80 | SL=56493.44 TP=64195.52 | timeout=2024-09-07 07:59
[lgbm] === Training for 2024-09 ===
  Train window: 2022-09-01 → 2024-08-24
  2171 training samples from 1 symbols
  Samples per month: 2022-09: 90, 2022-10: 93, 2022-11: 90, 2022-12: 93, 2023-01: 93, 2023-02: 84, 2023-03: 93, 2023-04: 90, 2023-05: 93, 2023-06: 90, 2023-07: 93, 2023-08: 93, 2023-09: 90, 2023-10: 93, 2023-11: 90, 2023-12: 93, 2024-01: 93, 2024-02: 87, 2024-03: 93, 2024-04: 90, 2024-05: 93, 2024-06: 90, 2024-07: 93, 2024-08: 71
  [label] 2022-11-01 16:00 BTCUSDT entry=20472.1000 → SHORT | long=sl(-2.79%) short=sl(-2.79%) | scanned=19 | no_tp→fwd_return=-3.3533
  [label] 2022-11-04 00:00 BTCUSDT entry=20603.3000 → SHORT | long=sl(-2.92%) short=sl(-2.92%) | scanned=12 | no_tp→fwd_return=-3.9688
  [label] 2022-11-07 16:00 BTCUSDT entry=20578.6000 → SHORT | long=sl(-3.12%) short=tp(+5.94%) | scanned=1 | short_tp_only
  [label] 2022-12-02 08:00 BTCUSDT entry=16928.9000 → LONG | long=timeout(+1.33%) short=timeout(-1.53%) | scanned=22 | no_tp→fwd_return=+1.4266
  [label] 2023-01-24 00:00 BTCUSDT entry=23052.3000 → SHORT | long=timeout(-0.47%) short=timeout(+0.27%) | scanned=22 | no_tp→fwd_return=-0.3670
  [label] 2023-07-09 00:00 BTCUSDT entry=30250.0000 → LONG | long=tp(+5.07%) short=sl(-2.68%) | scanned=14 | long_tp_only
  [label] 2023-07-13 00:00 BTCUSDT entry=30355.1000 → LONG | long=tp(+4.63%) short=sl(-2.46%) | scanned=2 | long_tp_only
  [label] 2023-07-23 16:00 BTCUSDT entry=30070.8000 → SHORT | long=sl(-2.03%) short=tp(+3.75%) | scanned=2 | short_tp_only
  [label] 2023-09-06 16:00 BTCUSDT entry=25747.4000 → SHORT | long=sl(-2.50%) short=sl(-2.50%) | scanned=14 | no_tp→fwd_return=-2.5047
  [label] 2023-09-15 08:00 BTCUSDT entry=26311.1000 → LONG | long=timeout(+1.07%) short=sl(-2.99%) | scanned=22 | no_tp→fwd_return=+1.1736
  [label] 2023-12-14 16:00 BTCUSDT entry=43032.4000 → LONG | long=sl(-4.58%) short=timeout(-2.11%) | scanned=22 | no_tp→fwd_return=+2.0076
  [label] 2024-01-15 16:00 BTCUSDT entry=42515.0000 → SHORT | long=sl(-5.18%) short=timeout(+6.83%) | scanned=22 | no_tp→fwd_return=-6.9340
  [label] 2024-02-01 00:00 BTCUSDT entry=42182.2000 → LONG | long=timeout(+5.40%) short=sl(-3.59%) | scanned=22 | no_tp→fwd_return=+5.4966
  [label] 2024-02-13 16:00 BTCUSDT entry=49696.4000 → LONG | long=timeout(+5.13%) short=sl(-3.82%) | scanned=22 | no_tp→fwd_return=+5.2338
  [label] 2024-03-03 00:00 BTCUSDT entry=61641.0000 → LONG | long=tp(+8.15%) short=sl(-4.22%) | scanned=5 | long_tp_only
  [label] 2024-03-09 08:00 BTCUSDT entry=68341.6000 → LONG | long=timeout(+0.03%) short=sl(-5.41%) | scanned=22 | no_tp→fwd_return=+0.1320
  [label] 2024-03-21 16:00 BTCUSDT entry=65539.9000 → LONG | long=timeout(+7.98%) short=sl(-7.31%) | scanned=22 | no_tp→fwd_return=+8.0848
  [label] 2024-04-30 08:00 BTCUSDT entry=60764.9000 → LONG | long=sl(-4.30%) short=sl(-4.30%) | scanned=10 | no_tp→fwd_return=+3.4375
  [label] 2024-05-10 00:00 BTCUSDT entry=63053.9000 → LONG | long=sl(-3.96%) short=sl(-3.96%) | scanned=17 | no_tp→fwd_return=+4.9505
  [label] 2024-08-04 08:00 BTCUSDT entry=59070.0000 → SHORT | long=sl(-5.23%) short=tp(+10.17%) | scanned=2 | short_tp_only
  Labels: 1186 long (54.6%), 985 short (45.4%) | weights: min=1.00, mean=3.38, max=10.00
  Features: 2171/2171 matched, 48 columns
  CV gap: 22 rows
  [ensemble 1/3] seed=42
    [trial 0] 48 features, training_days=480 | threshold=0.631 | labels: 1186 long, 985 short (55/45%)
    [CV fold 0] train_end=2022-12-24 08:00 | val_start=2023-01-01 00:00 | gap=184h (22 rows)[I 2026-06-01 13:01:18,047] Trial 0 finished with value: 0.03145521615212772 and parameters: {'confidence_threshold': 0.6310890415965769, 'training_days': 480, 'n_estimators': 380, 'max_depth': 4, 'num_leaves': 22, 'learning_rate': 0.01699897838270077, 'subsample': 0.5290418060840998, 'colsample_bytree': 0.9330880728874675, 'min_child_samples': 68, 'reg_alpha': 0.023585940584142682, 'reg_lambda': 1.5320059381854043e-08}. Best is trial 0 with value: 0.03145521615212772.
[I 2026-06-01 13:01:18,167] Trial 1 finished with value: -2.106206921738661 and parameters: {'confidence_threshold': 0.839468448256698, 'training_days': 420, 'n_estimators': 145, 'max_depth': 3, 'num_leaves': 23, 'learning_rate': 0.028145092716060652, 'subsample': 0.762378215816119, 'colsample_bytree': 0.7159725093210578, 'min_child_samples': 43, 'reg_alpha': 0.0032112643094417484, 'reg_lambda': 1.8007140198129195e-07}. Best is trial 0 with value: 0.03145521615212772.
[I 2026-06-01 13:01:18,327] Trial 2 finished with value: 0.025935908487661807 and parameters: {'confidence_threshold': 0.6022506269873263, 'training_days': 190, 'n_estimators': 255, 'max_depth': 5, 'num_leaves': 24, 'learning_rate': 0.05748924681991978, 'subsample': 0.7962072844310213, 'colsample_bytree': 0.5232252063599989, 'min_child_samples': 69, 'reg_alpha': 3.425445902633376e-07, 'reg_lambda': 3.850031979199519e-08}. Best is trial 0 with value: 0.03145521615212772.
[I 2026-06-01 13:01:18,626] Trial 3 finished with value: 0.026017465807658673 and parameters: {'confidence_threshold': 0.8321099380386666, 'training_days': 490, 'n_estimators': 414, 'max_depth': 3, 'num_leaves': 19, 'learning_rate': 0.1024932221692416, 'subsample': 0.7200762468698007, 'colsample_bytree': 0.5610191174223894, 'min_child_samples': 60, 'reg_alpha': 2.039373116525212e-08, 'reg_lambda': 1.527156759251193}. Best is trial 0 with value: 0.03145521615212772.
[I 2026-06-01 13:01:18,793] Trial 4 finished with value: 0.08620132819462963 and parameters: {'confidence_threshold': 0.5905729935600059, 'training_days': 340, 'n_estimators': 190, 'max_depth': 4, 'num_leaves': 41, 'learning_rate': 0.01875220945578641, 'subsample': 0.9847923138822793, 'colsample_bytree': 0.8875664116805573, 'min_child_samples': 96, 'reg_alpha': 1.1309571585271483, 'reg_lambda': 0.002404915432737351}. Best is trial 4 with value: 0.08620132819462963.
[I 2026-06-01 13:01:18,837] Trial 5 finished with value: -0.027880134826219576 and parameters: {'confidence_threshold': 0.8226559822580909, 'training_days': 50, 'n_estimators': 138, 'max_depth': 3, 'num_leaves': 30, 'learning_rate': 0.03750796359625606, 'subsample': 0.6356745158869479, 'colsample_bytree': 0.9143687545759647, 'min_child_samples': 48, 'reg_alpha': 3.376063348877853e-06, 'reg_lambda': 0.0007660634613082914}. Best is trial 4 with value: 0.08620132819462963.
[I 2026-06-01 13:01:18,965] Trial 6 finished with value: 0.04932953084051259 and parameters: {'confidence_threshold': 0.5493234787411669, 'training_days': 410, 'n_estimators': 83, 'max_depth': 5, 'num_leaves': 52, 'learning_rate': 0.019657448966046126, 'subsample': 0.5027610585618012, 'colsample_bytree': 0.9077307142274171, 'min_child_samples': 77, 'reg_alpha': 0.03639690979811287, 'reg_lambda': 0.08738424135626986}. Best is trial 4 with value: 0.08620132819462963.
[I 2026-06-01 13:01:19,063] Trial 7 finished with value: 0.05401961700665052 and parameters: {'confidence_threshold': 0.5259156281069316, 'training_days': 180, 'n_estimators': 102, 'max_depth': 5, 'num_leaves': 45, 'learning_rate': 0.030816017044468066, 'subsample': 0.5317791751430119, 'colsample_bytree': 0.6554911608578311, 'min_child_samples': 46, 'reg_alpha': 0.036851536911881845, 'reg_lambda': 0.005470376807480391}. Best is trial 4 with value: 0.08620132819462963.
[I 2026-06-01 13:01:19,168] Trial 8 finished with value: -0.02583785549654537 and parameters: {'confidence_threshold': 0.8105244599017143, 'training_days': 240, 'n_estimators': 103, 'max_depth': 5, 'num_leaves': 52, 'learning_rate': 0.06746437142284309, 'subsample': 0.8854835899772805, 'colsample_bytree': 0.7468977981821954, 'min_child_samples': 62, 'reg_alpha': 7.04480806377519e-05, 'reg_lambda': 1.6934490731313353e-08}. Best is trial 4 with value: 0.08620132819462963.
[I 2026-06-01 13:01:19,192] Trial 9 finished with value: -0.07799106655486968 and parameters: {'confidence_threshold': 0.5377619994476566, 'training_days': 20, 'n_estimators': 337, 'max_depth': 3, 'num_leaves': 39, 'learning_rate': 0.21907142272152816, 'subsample': 0.6246461145744375, 'colsample_bytree': 0.7051914615178149, 'min_child_samples': 81, 'reg_alpha': 1.1459970229341322e-06, 'reg_lambda': 4.929685216887945e-08}. Best is trial 4 with value: 0.08620132819462963.
[I 2026-06-01 13:01:19,537] Trial 10 finished with value: 0.06786924056668078 and parameters: {'confidence_threshold': 0.6797821749717731, 'training_days': 350, 'n_estimators': 487, 'max_depth': 4, 'num_leaves': 61, 'learning_rate': 0.011407797829608154, 'subsample': 0.9865389998628291, 'colsample_bytree': 0.8382861898713898, 'min_child_samples': 98, 'reg_alpha': 8.536188349289, 'reg_lambda': 3.3639426888455256e-06}. Best is trial 4 with value: 0.08620132819462963.
[I 2026-06-01 13:01:19,734] Trial 11 finished with value: -0.03035046941492236 and parameters: {'confidence_threshold': 0.7161090655475574, 'training_days': 330, 'n_estimators': 243, 'max_depth': 4, 'num_leaves': 61, 'learning_rate': 0.010418004616766478, 'subsample': 0.999465390980953, 'colsample_bytree': 0.8374910753955798, 'min_child_samples': 98, 'reg_alpha': 5.370415467243256, 'reg_lambda': 8.43884102267831e-06}. Best is trial 4 with value: 0.08620132819462963.
[I 2026-06-01 13:01:20,068] Trial 12 finished with value: 0.04383483187931908 and parameters: {'confidence_threshold': 0.7131758522018106, 'training_days': 330, 'n_estimators': 493, 'max_depth': 4, 'num_leaves': 63, 'learning_rate': 0.010377063435469455, 'subsample': 0.9951155230471791, 'colsample_bytree': 0.8304278626461432, 'min_child_samples': 100, 'reg_alpha': 7.438980468767913, 'reg_lambda': 4.507398817361611e-06}. Best is trial 4 with value: 0.08620132819462963.
[I 2026-06-01 13:01:20,328] Trial 13 finished with value: 0.04805796227106145 and parameters: {'confidence_threshold': 0.6616426773496645, 'training_days': 330, 'n_estimators': 207, 'max_depth': 4, 'num_leaves': 36, 'learning_rate': 0.01603405587855917, 'subsample': 0.8868518031510816, 'colsample_bytree': 0.9989314406939738, 'min_child_samples': 22, 'reg_alpha': 0.9177758115941616, 'reg_lambda': 2.915487126448182e-05}. Best is trial 4 with value: 0.08620132819462963.
[I 2026-06-01 13:01:20,577] Trial 14 finished with value: 0.0703136949125914 and parameters: {'confidence_threshold': 0.5911053129840523, 'training_days': 380, 'n_estimators': 315, 'max_depth': 4, 'num_leaves': 48, 'learning_rate': 0.019117748705283932, 'subsample': 0.9188006173745858, 'colsample_bytree': 0.824447639387103, 'min_child_samples': 88, 'reg_alpha': 0.2983284693351703, 'reg_lambda': 0.009142638084589282}. Best is trial 4 with value: 0.08620132819462963.
[I 2026-06-01 13:01:20,794] Trial 15 finished with value: 0.05865393503581003 and parameters: {'confidence_threshold': 0.5877224077018829, 'training_days': 250, 'n_estimators': 309, 'max_depth': 4, 'num_leaves': 45, 'learning_rate': 0.024975695699485243, 'subsample': 0.9090142916555939, 'colsample_bytree': 0.796772233764084, 'min_child_samples': 86, 'reg_alpha': 0.2914977083213, 'reg_lambda': 0.019345028254750467}. Best is trial 4 with value: 0.08620132819462963.
[I 2026-06-01 13:01:20,979] Trial 16 finished with value: 0.07191710147649043 and parameters: {'confidence_threshold': 0.5801094271838529, 'training_days': 410, 'n_estimators': 196, 'max_depth': 4, 'num_leaves': 51, 'learning_rate': 0.043554606373826, 'subsample': 0.9281222953850092, 'colsample_bytree': 0.9826162589395974, 'min_child_samples': 89, 'reg_alpha': 0.0004363728822254949, 'reg_lambda': 1.050151460235307}. Best is trial 4 with value: 0.08620132819462963.
[I 2026-06-01 13:01:21,142] Trial 17 finished with value: 0.05832991561016776 and parameters: {'confidence_threshold': 0.5596614474862396, 'training_days': 450, 'n_estimators': 203, 'max_depth': 3, 'num_leaves': 32, 'learning_rate': 0.09029839365604918, 'subsample': 0.8215899142540962, 'colsample_bytree': 0.9963445791431202, 'min_child_samples': 90, 'reg_alpha': 0.00010396761370918986, 'reg_lambda': 3.523000709109433}. Best is trial 4 with value: 0.08620132819462963.
[I 2026-06-01 13:01:21,534] A new study created in memory with name: no-name-02e5d6fd-e8c8-4da5-a6b5-dde053b3cbb6
[I 2026-06-01 13:01:21,623] Trial 0 finished with value: -0.018850196377328227 and parameters: {'confidence_threshold': 0.7437642149592516, 'training_days': 150, 'n_estimators': 152, 'max_depth': 4, 'num_leaves': 50, 'learning_rate': 0.04216766425047743, 'subsample': 0.9903820991923078, 'colsample_bytree': 0.8424148692924316, 'min_child_samples': 58, 'reg_alpha': 3.381097259762742e-05, 'reg_lambda': 1.2263152961306247e-05}. Best is trial 0 with value: -0.018850196377328227.
[I 2026-06-01 13:01:21,684] Trial 1 finished with value: 0.10630001427475029 and parameters: {'confidence_threshold': 0.7551673975844145, 'training_days': 220, 'n_estimators': 76, 'max_depth': 4, 'num_leaves': 51, 'learning_rate': 0.018602118810743477, 'subsample': 0.5877258780737462, 'colsample_bytree': 0.7657756869209191, 'min_child_samples': 63, 'reg_alpha': 0.005123994170264194, 'reg_lambda': 0.44145470178120466}. Best is trial 1 with value: 0.10630001427475029.
[I 2026-06-01 13:01:21,937] Trial 2 finished with value: 0.03589255260337021 and parameters: {'confidence_threshold': 0.7535593637012223, 'training_days': 310, 'n_estimators': 375, 'max_depth': 3, 'num_leaves': 32, 'learning_rate': 0.021735641882032388, 'subsample': 0.6468570231944146, 'colsample_bytree': 0.8154880619272439, 'min_child_samples': 27, 'reg_alpha': 8.004064028491336e-05, 'reg_lambda': 7.546835261630524e-05}. Best is trial 1 with value: 0.10630001427475029.
[I 2026-06-01 13:01:22,102] Trial 3 finished with value: 0.04047584014153876 and parameters: {'confidence_threshold': 0.6727897841776072, 'training_days': 220, 'n_estimators': 190, 'max_depth': 4, 'num_leaves': 58, 'learning_rate': 0.24810689332636193, 'subsample': 0.7509183379421682, 'colsample_bytree': 0.8119764758960556, 'min_child_samples': 29, 'reg_alpha': 7.1708285081421445e-06, 'reg_lambda': 5.412973582738627e-05}. Best is trial 1 with value: 0.10630001427475029.
[I 2026-06-01 13:01:22,220] Trial 4 finished with value: -0.008524376347125273 and parameters: {'confidence_threshold': 0.803208205259178, 'training_days': 130, 'n_estimators': 267, 'max_depth': 5, 'num_leaves': 40, 'learning_rate': 0.08041175317374143, 'subsample': 0.5603143329951619, 'colsample_bytree': 0.9131704002534167, 'min_child_samples': 68, 'reg_alpha': 0.0008046593428183385, 'reg_lambda': 1.2158346158765583e-05}. Best is trial 1 with value: 0.10630001427475029.
[I 2026-06-01 13:01:22,466] Trial 5 finished with value: -0.0035583591168747266 and parameters: {'confidence_threshold': 0.6064422761595144, 'training_days': 210, 'n_estimators': 357, 'max_depth': 5, 'num_leaves': 40, 'learning_rate': 0.0974221287220869, 'subsample': 0.7929682762811064, 'colsample_bytree': 0.8124517510478, 'min_child_samples': 74, 'reg_alpha': 0.3811377260781234, 'reg_lambda': 5.607314238392041e-08}. Best is trial 1 with value: 0.10630001427475029.
[I 2026-06-01 13:01:22,581] Trial 6 finished with value: -0.03765838917809121 and parameters: {'confidence_threshold': 0.7672889945051684, 'training_days': 130, 'n_estimators': 137, 'max_depth': 4, 'num_leaves': 19, 'learning_rate': 0.2031117614248665, 'subsample': 0.8136244860256343, 'colsample_bytree': 0.8617081790949774, 'min_child_samples': 21, 'reg_alpha': 0.002238138278733199, 'reg_lambda': 0.001025809534977322}. Best is trial 1 with value: 0.10630001427475029.
[I 2026-06-01 13:01:22,659] Trial 7 finished with value: 0.041167234035342115 and parameters: {'confidence_threshold': 0.555635875450653, 'training_days': 80, 'n_estimators': 363, 'max_depth': 3, 'num_leaves': 48, 'learning_rate': 0.06590089024008658, 'subsample': 0.6944752870615722, 'colsample_bytree': 0.962566244806993, 'min_child_samples': 88, 'reg_alpha': 1.6465620446426067e-05, 'reg_lambda': 2.4678750890085655e-08}. Best is trial 1 with value: 0.10630001427475029.
[I 2026-06-01 13:01:23,023] Trial 8 finished with value: 0.02179344222045488 and parameters: {'confidence_threshold': 0.6066688256938841, 'training_days': 200, 'n_estimators': 367, 'max_depth': 5, 'num_leaves': 32, 'learning_rate': 0.13377519215934996, 'subsample': 0.7965884582811106, 'colsample_bytree': 0.8458508993500886, 'min_child_samples': 32, 'reg_alpha': 3.889436043816386e-05, 'reg_lambda': 1.4713062489380356e-06}. Best is trial 1 with value: 0.10630001427475029.
