[I 2026-06-01 13:02:53,493] Trial 13 finished with value: -0.12960399283379412 and parameters: {'confidence_threshold': 0.6715112328451753, 'training_days': 320, 'n_estimators': 311, 'max_depth': 5, 'num_leaves': 47, 'learning_rate': 0.1463043880061142, 'subsample': 0.6864507539038798, 'colsample_bytree': 0.6239332671128688, 'min_child_samples': 80, 'reg_alpha': 4.477777874073389e-08, 'reg_lambda': 0.052039727051948925}. Best is trial 9 with value: -0.04875149876002059.
[I 2026-06-01 13:02:53,531] Trial 14 finished with value: 0.03726089947509368 and parameters: {'confidence_threshold': 0.553552529035454, 'training_days': 80, 'n_estimators': 59, 'max_depth': 4, 'num_leaves': 60, 'learning_rate': 0.09029126552542201, 'subsample': 0.5808433054196197, 'colsample_bytree': 0.8127588751857924, 'min_child_samples': 100, 'reg_alpha': 2.6081099171939565e-06, 'reg_lambda': 7.565770484313319e-06}. Best is trial 14 with value: 0.03726089947509368.
[I 2026-06-01 13:02:53,573] Trial 15 finished with value: -0.0006564980187539204 and parameters: {'confidence_threshold': 0.66472866195257, 'training_days': 90, 'n_estimators': 52, 'max_depth': 3, 'num_leaves': 61, 'learning_rate': 0.11614976593856452, 'subsample': 0.5936332549288843, 'colsample_bytree': 0.8100744538922787, 'min_child_samples': 100, 'reg_alpha': 2.492303987055042e-06, 'reg_lambda': 1.359738585363646e-06}. Best is trial 14 with value: 0.03726089947509368.

[trade:open] 2025-04-03 23:59 BTCUSDT LONG @ 83181.50 | SL=79576.46 TP=90391.59 | timeout=2025-04-10 23:59
[trade:close] 2025-04-06 23:59 BTCUSDT LONG → stop_loss @ 79576.46 | PnL=-4.33% (net -4.43%) | cum=+3.98% 2025-04=-7.56% 2025-04-06=-4.43%
[predict] 2025-04-10 16:00 BTCUSDT → SHORT (proba=0.70 TP=12.4%/SL=6.2%)
[trade:open] 2025-04-10 23:59 BTCUSDT SHORT @ 79560.20 | SL=84475.14 TP=69730.31 | timeout=2025-04-17 23:59
[trade:close] 2025-04-12 15:59 BTCUSDT SHORT → stop_loss @ 84475.14 | PnL=-6.18% (net -6.28%) | cum=-2.30% 2025-04=-13.84% 2025-04-12=-6.28%
[predict] 2025-04-15 00:00 BTCUSDT → SHORT (proba=0.72 TP=8.5%/SL=4.3%)
[trade:open] 2025-04-15 07:59 BTCUSDT SHORT @ 85691.30 | SL=89338.96 TP=78395.99 | timeout=2025-04-22 07:59
[trade:close] 2025-04-22 08:00 BTCUSDT SHORT → timeout @ 88434.90 | PnL=-3.20% (net -3.30%) | cum=-5.60% 2025-04=-17.14% 2025-04-22=-3.30%
[predict] 2025-04-24 00:00 BTCUSDT → SHORT (proba=0.72 TP=6.9%/SL=3.5%)
[trade:open] 2025-04-24 07:59 BTCUSDT SHORT @ 92166.00 | SL=95345.91 TP=85806.18 | timeout=2025-05-01 07:59
[trade:close] 2025-04-25 15:59 BTCUSDT SHORT → stop_loss @ 95345.91 | PnL=-3.45% (net -3.55%) | cum=-9.15% 2025-04=-20.69% 2025-04-25=-3.55%
[predict] 2025-04-27 16:00 BTCUSDT → SHORT (proba=0.74 TP=5.3%/SL=2.7%)
[trade:open] 2025-04-27 23:59 BTCUSDT SHORT @ 93697.10 | SL=96184.82 TP=88721.66 | timeout=2025-05-04 23:59
[lgbm] === Training for 2025-05 ===
  Train window: 2023-05-01 → 2025-04-23
  2171 training samples from 1 symbols
  Samples per month: 2023-05: 93, 2023-06: 90, 2023-07: 93, 2023-08: 93, 2023-09: 90, 2023-10: 93, 2023-11: 90, 2023-12: 93, 2024-01: 93, 2024-02: 87, 2024-03: 93, 2024-04: 90, 2024-05: 93, 2024-06: 90, 2024-07: 93, 2024-08: 93, 2024-09: 90, 2024-10: 93, 2024-11: 90, 2024-12: 93, 2025-01: 93, 2025-02: 84, 2025-03: 93, 2025-04: 68
  [label] 2023-07-01 16:00 BTCUSDT entry=30573.6000 → SHORT | long=timeout(-1.10%) short=sl(-3.31%) | scanned=22 | no_tp→fwd_return=-0.9953
  [label] 2023-07-04 00:00 BTCUSDT entry=30902.3000 → SHORT | long=sl(-2.95%) short=timeout(+1.11%) | scanned=22 | no_tp→fwd_return=-1.2096
  [label] 2023-07-07 16:00 BTCUSDT entry=30327.9000 → SHORT | long=timeout(-0.21%) short=sl(-3.27%) | scanned=22 | no_tp→fwd_return=-0.1141
  [label] 2023-08-01 08:00 BTCUSDT entry=28942.9000 → LONG | long=tp(+3.55%) short=sl(-1.92%) | scanned=2 | long_tp_only
  [label] 2023-09-23 00:00 BTCUSDT entry=26572.0000 → LONG | long=sl(-2.29%) short=sl(-2.29%) | scanned=17 | no_tp→fwd_return=+1.6551
  [label] 2024-03-07 00:00 BTCUSDT entry=66447.8000 → LONG | long=timeout(+10.18%) short=sl(-6.68%) | scanned=22 | no_tp→fwd_return=+10.2831
  [label] 2024-03-11 00:00 BTCUSDT entry=71223.8000 → SHORT | long=sl(-5.19%) short=timeout(+4.06%) | scanned=22 | no_tp→fwd_return=-4.1572
  [label] 2024-03-21 16:00 BTCUSDT entry=65539.9000 → LONG | long=timeout(+7.98%) short=sl(-7.31%) | scanned=22 | no_tp→fwd_return=+8.0848
  [label] 2024-05-05 16:00 BTCUSDT entry=63988.0000 → SHORT | long=sl(-4.34%) short=timeout(+3.86%) | scanned=22 | no_tp→fwd_return=-3.9573
  [label] 2024-05-14 08:00 BTCUSDT entry=61749.9000 → LONG | long=tp(+6.89%) short=sl(-3.60%) | scanned=4 | long_tp_only
  [label] 2024-08-12 16:00 BTCUSDT entry=59323.6000 → LONG | long=timeout(+0.03%) short=timeout(-0.23%) | scanned=22 | no_tp→fwd_return=+0.1263
  [label] 2024-09-13 16:00 BTCUSDT entry=60456.2000 → LONG | long=sl(-3.96%) short=sl(-3.96%) | scanned=17 | no_tp→fwd_return=+4.4211
  [label] 2024-09-30 00:00 BTCUSDT entry=64539.1000 → SHORT | long=sl(-2.56%) short=tp(+4.82%) | scanned=5 | short_tp_only
  [label] 2024-10-12 16:00 BTCUSDT entry=63176.0000 → LONG | long=tp(+5.79%) short=sl(-3.05%) | scanned=8 | long_tp_only
  [label] 2024-10-31 00:00 BTCUSDT entry=72417.8000 → SHORT | long=sl(-2.92%) short=tp(+5.53%) | scanned=9 | short_tp_only
  [label] 2024-11-06 08:00 BTCUSDT entry=74289.6000 → LONG | long=tp(+8.84%) short=sl(-4.57%) | scanned=13 | long_tp_only
  [label] 2024-11-18 16:00 BTCUSDT entry=90507.4000 → LONG | long=tp(+9.69%) short=sl(-5.00%) | scanned=10 | long_tp_only
  [label] 2024-12-28 08:00 BTCUSDT entry=94407.7000 → LONG | long=timeout(+3.31%) short=sl(-3.95%) | scanned=22 | no_tp→fwd_return=+3.4064
  [label] 2025-01-07 00:00 BTCUSDT entry=101649.3000 → SHORT | long=sl(-2.85%) short=tp(+5.40%) | scanned=3 | short_tp_only
  [label] 2025-04-03 08:00 BTCUSDT entry=82001.8000 → SHORT | long=sl(-4.55%) short=tp(+8.81%) | scanned=11 | short_tp_only
  Labels: 1191 long (54.9%), 980 short (45.1%) | weights: min=1.00, mean=3.51, max=10.00
  Features: 2171/2171 matched, 48 columns
  CV gap: 22 rows
  [ensemble 1/3] seed=42
    [trial 0] 48 features, training_days=480 | threshold=0.631 | labels: 1191 long, 980 short (55/45%)
    [CV fold 0] train_end=2023-08-23 08:00 | val_start=2023-08-31 00:00 | gap=184h (22 rows)
    [CV fold 1] train_end=2023-12-21 16:00 | val_start=2023-12-29 08:00 | gap=184h (22 rows)
    [CV fold 2] train_end=2024-04-20 00:00 | val_start=2024-04-27 16:00 | gap=184h (22 rows)
    [CV fold 3] train_end=2024-08-18 08:00 | val_start=2024-08-26 00:00 | gap=184h (22 rows)
    [CV fold 4] train_end=2024-12-16 16:00 | val_start=2024-12-24 08:00 | gap=184h (22 rows)
    [trial 0] Sharpe=-0.0906 (folds: -0.2914, 0.0691, -0.0483, 0.1343, -0.3166)
    [trial 1] 48 features, training_days=420 | threshold=0.839 | labels: 1191 long, 980 short (55/45%)
    [trial 1] Sharpe=-2.0234 (folds: -0.9399, 0.3405, 0.0916, -10.0000, 0.3907)
    [trial 2] 48 features, training_days=190 | threshold=0.602 | labels: 1191 long, 980 short (55/45%)
    [trial 2] Sharpe=-0.1411 (folds: -0.2274, -0.0485, -0.0371, -0.1837, -0.2086)
    [trial 3] 48 features, training_days=490 | threshold=0.832 | labels: 1191 long, 980 short (55/45%)
    [trial 3] Sharpe=-0.0830 (folds: -0.2696, 0.0571, -0.0473, 0.1344, -0.2895)
    [trial 4] 48 features, training_days=340 | threshold=0.591 | labels: 1191 long, 980 short (55/45%)
    [trial 4] Sharpe=-0.1479 (folds: -0.2213, 0.0788, -0.0485, -0.0997, -0.4486)
    [trial 5] 48 features, training_days=50 | threshold=0.823 | labels: 1191 long, 980 short (55/45%)
    [trial 5] Sharpe=-2.0442 (folds: -0.4209, 0.1825, -0.0110, -10.0000, 0.0282)
    [trial 6] 48 features, training_days=410 | threshold=0.549 | labels: 1191 long, 980 short (55/45%)
    [trial 6] Sharpe=-0.0730 (folds: -0.1378, 0.0614, -0.0333, 0.0013, -0.2564)
    [trial 7] 48 features, training_days=180 | threshold=0.526 | labels: 1191 long, 980 short (55/45%)
    [trial 7] Sharpe=-0.0855 (folds: -0.2387, 0.1194, -0.0671, -0.0933, -0.1477)
    [trial 8] 48 features, training_days=240 | threshold=0.811 | labels: 1191 long, 980 short (55/45%)
    [trial 8] Sharpe=-0.0824 (folds: -0.2287, 0.0685, -0.0622, 0.1420, -0.3315)
    [trial 9] 48 features, training_days=20 | threshold=0.538 | labels: 1191 long, 980 short (55/45%)
    [trial 9] Sharpe=-0.0488 (folds: -0.4661, 0.1991, -0.0483, 0.1856, -0.1141)
    [trial 10] 48 features, training_days=10 | threshold=0.745 | labels: 1191 long, 980 short (55/45%)
    [trial 10] Sharpe=-2.0251 (folds: 0.3023, -0.0483, -10.0000, -0.3176, -0.0620)
    [trial 11] 48 features, training_days=350 | threshold=0.503 | labels: 1191 long, 980 short (55/45%)
    [trial 11] Sharpe=-0.1184 (folds: -0.2043, -0.0132, -0.0507, -0.0293, -0.2947)
    [trial 12] 48 features, training_days=140 | threshold=0.552 | labels: 1191 long, 980 short (55/45%)
    [trial 12] Sharpe=-0.0796 (folds: -0.1123, 0.1062, -0.1261, -0.1352, -0.1304)
    [trial 13] 48 features, training_days=320 | threshold=0.672 | labels: 1191 long, 980 short (55/45%)
    [trial 13] Sharpe=-0.1296 (folds: -0.2429, 0.0732, -0.0877, -0.0825, -0.3081)
    [trial 14] 48 features, training_days=80 | threshold=0.554 | labels: 1191 long, 980 short (55/45%)
    [trial 14] Sharpe=0.0373 (folds: 0.0404, 0.1732, 0.0710, 0.0789, -0.1771)
    [trial 15] 48 features, training_days=90 | threshold=0.665 | labels: 1191 long, 980 short (55/45%)
    [trial 15] Sharpe=-0.0007 (folds: -0.3388, 0.3127, 0.1473, 0.0767, -0.2012)
    [trial 16] 48 features, training_days=100 | threshold=0.712 | labels: 1191 long, 980 short (55/45%)[I 2026-06-01 13:02:53,618] Trial 16 finished with value: -0.002225375630812693 and parameters: {'confidence_threshold': 0.7118089927577241, 'training_days': 100, 'n_estimators': 59, 'max_depth': 4, 'num_leaves': 63, 'learning_rate': 0.09806146822400062, 'subsample': 0.8349413516513706, 'colsample_bytree': 0.8216374648919286, 'min_child_samples': 99, 'reg_alpha': 1.6230643075200477e-05, 'reg_lambda': 2.3177719276233015e-06}. Best is trial 14 with value: 0.03726089947509368.
[I 2026-06-01 13:02:53,685] Trial 17 finished with value: -0.032333692907225695 and parameters: {'confidence_threshold': 0.6652429013116167, 'training_days': 100, 'n_estimators': 198, 'max_depth': 4, 'num_leaves': 57, 'learning_rate': 0.0919670977874144, 'subsample': 0.5817443029964644, 'colsample_bytree': 0.7861983638172064, 'min_child_samples': 100, 'reg_alpha': 1.55205277962374e-07, 'reg_lambda': 5.6019687241560033e-05}. Best is trial 14 with value: 0.03726089947509368.
[I 2026-06-01 13:02:54,119] A new study created in memory with name: no-name-311661a9-f2f7-42b7-a634-d9f04e203d41
[I 2026-06-01 13:02:54,216] Trial 0 finished with value: -0.18003517047923193 and parameters: {'confidence_threshold': 0.7437642149592516, 'training_days': 150, 'n_estimators': 152, 'max_depth': 4, 'num_leaves': 50, 'learning_rate': 0.04216766425047743, 'subsample': 0.9903820991923078, 'colsample_bytree': 0.8424148692924316, 'min_child_samples': 58, 'reg_alpha': 3.381097259762742e-05, 'reg_lambda': 1.2263152961306247e-05}. Best is trial 0 with value: -0.18003517047923193.
[I 2026-06-01 13:02:54,290] Trial 1 finished with value: -1.990667879849419 and parameters: {'confidence_threshold': 0.7551673975844145, 'training_days': 220, 'n_estimators': 76, 'max_depth': 4, 'num_leaves': 51, 'learning_rate': 0.018602118810743477, 'subsample': 0.5877258780737462, 'colsample_bytree': 0.7657756869209191, 'min_child_samples': 63, 'reg_alpha': 0.005123994170264194, 'reg_lambda': 0.44145470178120466}. Best is trial 0 with value: -0.18003517047923193.
[I 2026-06-01 13:02:54,545] Trial 2 finished with value: -0.15196496806761856 and parameters: {'confidence_threshold': 0.7535593637012223, 'training_days': 310, 'n_estimators': 375, 'max_depth': 3, 'num_leaves': 32, 'learning_rate': 0.021735641882032388, 'subsample': 0.6468570231944146, 'colsample_bytree': 0.8154880619272439, 'min_child_samples': 27, 'reg_alpha': 8.004064028491336e-05, 'reg_lambda': 7.546835261630524e-05}. Best is trial 2 with value: -0.15196496806761856.
[I 2026-06-01 13:02:54,711] Trial 3 finished with value: -0.11638905087759321 and parameters: {'confidence_threshold': 0.6727897841776072, 'training_days': 220, 'n_estimators': 190, 'max_depth': 4, 'num_leaves': 58, 'learning_rate': 0.24810689332636193, 'subsample': 0.7509183379421682, 'colsample_bytree': 0.8119764758960556, 'min_child_samples': 29, 'reg_alpha': 7.1708285081421445e-06, 'reg_lambda': 5.412973582738627e-05}. Best is trial 3 with value: -0.11638905087759321.
[I 2026-06-01 13:02:54,829] Trial 4 finished with value: -0.047328462719283135 and parameters: {'confidence_threshold': 0.803208205259178, 'training_days': 130, 'n_estimators': 267, 'max_depth': 5, 'num_leaves': 40, 'learning_rate': 0.08041175317374143, 'subsample': 0.5603143329951619, 'colsample_bytree': 0.9131704002534167, 'min_child_samples': 68, 'reg_alpha': 0.0008046593428183385, 'reg_lambda': 1.2158346158765583e-05}. Best is trial 4 with value: -0.047328462719283135.
[I 2026-06-01 13:02:55,072] Trial 5 finished with value: -0.13691394921816588 and parameters: {'confidence_threshold': 0.6064422761595144, 'training_days': 210, 'n_estimators': 357, 'max_depth': 5, 'num_leaves': 40, 'learning_rate': 0.0974221287220869, 'subsample': 0.7929682762811064, 'colsample_bytree': 0.8124517510478, 'min_child_samples': 74, 'reg_alpha': 0.3811377260781234, 'reg_lambda': 5.607314238392041e-08}. Best is trial 4 with value: -0.047328462719283135.
[I 2026-06-01 13:02:55,188] Trial 6 finished with value: -0.09971957594768113 and parameters: {'confidence_threshold': 0.7672889945051684, 'training_days': 130, 'n_estimators': 137, 'max_depth': 4, 'num_leaves': 19, 'learning_rate': 0.2031117614248665, 'subsample': 0.8136244860256343, 'colsample_bytree': 0.8617081790949774, 'min_child_samples': 21, 'reg_alpha': 0.002238138278733199, 'reg_lambda': 0.001025809534977322}. Best is trial 4 with value: -0.047328462719283135.
[I 2026-06-01 13:02:55,267] Trial 7 finished with value: 0.020058953082502995 and parameters: {'confidence_threshold': 0.555635875450653, 'training_days': 80, 'n_estimators': 363, 'max_depth': 3, 'num_leaves': 48, 'learning_rate': 0.06590089024008658, 'subsample': 0.6944752870615722, 'colsample_bytree': 0.962566244806993, 'min_child_samples': 88, 'reg_alpha': 1.6465620446426067e-05, 'reg_lambda': 2.4678750890085655e-08}. Best is trial 7 with value: 0.020058953082502995.
[I 2026-06-01 13:02:55,632] Trial 8 finished with value: -0.13790791530828234 and parameters: {'confidence_threshold': 0.6066688256938841, 'training_days': 200, 'n_estimators': 367, 'max_depth': 5, 'num_leaves': 32, 'learning_rate': 0.13377519215934996, 'subsample': 0.7965884582811106, 'colsample_bytree': 0.8458508993500886, 'min_child_samples': 32, 'reg_alpha': 3.889436043816386e-05, 'reg_lambda': 1.4713062489380356e-06}. Best is trial 7 with value: 0.020058953082502995.
[I 2026-06-01 13:02:55,855] Trial 9 finished with value: -0.12577173035195283 and parameters: {'confidence_threshold': 0.6202096049169137, 'training_days': 260, 'n_estimators': 350, 'max_depth': 3, 'num_leaves': 21, 'learning_rate': 0.02989540198065364, 'subsample': 0.8307821683331218, 'colsample_bytree': 0.923253112635361, 'min_child_samples': 64, 'reg_alpha': 0.4898604619604203, 'reg_lambda': 2.9076377687066166e-05}. Best is trial 7 with value: 0.020058953082502995.
[I 2026-06-01 13:02:55,889] Trial 10 finished with value: -0.0072379163124229925 and parameters: {'confidence_threshold': 0.5248809389721337, 'training_days': 10, 'n_estimators': 493, 'max_depth': 3, 'num_leaves': 63, 'learning_rate': 0.010221918552934462, 'subsample': 0.667749445701178, 'colsample_bytree': 0.6202684210924141, 'min_child_samples': 99, 'reg_alpha': 1.3884210513841762e-08, 'reg_lambda': 0.02273343343290072}. Best is trial 7 with value: 0.020058953082502995.
[I 2026-06-01 13:02:55,919] Trial 11 finished with value: -0.0072379163124229925 and parameters: {'confidence_threshold': 0.5048591005447424, 'training_days': 10, 'n_estimators': 493, 'max_depth': 3, 'num_leaves': 63, 'learning_rate': 0.010535067237031162, 'subsample': 0.6714365294218261, 'colsample_bytree': 0.6012148974081734, 'min_child_samples': 100, 'reg_alpha': 1.0389779167265952e-08, 'reg_lambda': 0.024688016606578794}. Best is trial 7 with value: 0.020058953082502995.
[I 2026-06-01 13:02:56,190] Trial 12 finished with value: -0.10598939359839403 and parameters: {'confidence_threshold': 0.5106153216696881, 'training_days': 470, 'n_estimators': 498, 'max_depth': 3, 'num_leaves': 51, 'learning_rate': 0.05809128784912797, 'subsample': 0.6772104159737814, 'colsample_bytree': 0.5773925919454104, 'min_child_samples': 100, 'reg_alpha': 1.5145546872493305e-08, 'reg_lambda': 0.007411726388141345}. Best is trial 7 with value: 0.020058953082502995.
[I 2026-06-01 13:02:56,222] Trial 13 finished with value: -0.0072379163124229925 and parameters: {'confidence_threshold': 0.5577371477731788, 'training_days': 10, 'n_estimators': 442, 'max_depth': 3, 'num_leaves': 63, 'learning_rate': 0.013937231793681828, 'subsample': 0.5024707401359401, 'colsample_bytree': 0.6759494634110215, 'min_child_samples': 84, 'reg_alpha': 5.421237391699009e-07, 'reg_lambda': 2.7437299203534646}. Best is trial 7 with value: 0.020058953082502995.
[I 2026-06-01 13:02:56,286] Trial 14 finished with value: 0.03627827205354373 and parameters: {'confidence_threshold': 0.5544398013533722, 'training_days': 70, 'n_estimators': 284, 'max_depth': 3, 'num_leaves': 56, 'learning_rate': 0.04074110489853438, 'subsample': 0.9182426786262438, 'colsample_bytree': 0.5045764719392084, 'min_child_samples': 86, 'reg_alpha': 6.598094881431677e-07, 'reg_lambda': 3.40293644637662e-08}. Best is trial 14 with value: 0.03627827205354373.
[I 2026-06-01 13:02:56,352] Trial 15 finished with value: 0.023545777964496195 and parameters: {'confidence_threshold': 0.5682953351985761, 'training_days': 80, 'n_estimators': 274, 'max_depth': 4, 'num_leaves': 45, 'learning_rate': 0.04264134452484515, 'subsample': 0.9296279388562269, 'colsample_bytree': 0.5093920150666754, 'min_child_samples': 83, 'reg_alpha': 5.011892081220446e-07, 'reg_lambda': 2.2651182318164283e-08}. Best is trial 14 with value: 0.03627827205354373.
[I 2026-06-01 13:02:56,535] Trial 16 finished with value: -0.13688174607765038 and parameters: {'confidence_threshold': 0.6633187291095538, 'training_days': 350, 'n_estimators': 262, 'max_depth': 4, 'num_leaves': 44, 'learning_rate': 0.040237564805637144, 'subsample': 0.9346216711835138, 'colsample_bytree': 0.501237929316916, 'min_child_samples': 82, 'reg_alpha': 4.449997859032676e-07, 'reg_lambda': 3.921231507853152e-07}. Best is trial 14 with value: 0.03627827205354373.
[I 2026-06-01 13:02:56,625] Trial 17 finished with value: 0.0010935868909052848 and parameters: {'confidence_threshold': 0.5673763881953287, 'training_days': 80, 'n_estimators': 222, 'max_depth': 5, 'num_leaves': 55, 'learning_rate': 0.029348702228531087, 'subsample': 0.9129317771189955, 'colsample_bytree': 0.5225343572251958, 'min_child_samples': 52, 'reg_alpha': 6.229602473892305e-07, 'reg_lambda': 4.373063375041105e-07}. Best is trial 14 with value: 0.03627827205354373.
[I 2026-06-01 13:02:57,055] A new study created in memory with name: no-name-acdc1c21-21c0-419a-aab2-d7bb0036eca3
[I 2026-06-01 13:02:57,266] Trial 0 finished with value: -0.06005397834469821 and parameters: {'confidence_threshold': 0.5870645682749857, 'training_days': 90, 'n_estimators': 403, 'max_depth': 5, 'num_leaves': 45, 'learning_rate': 0.0780457193679974, 'subsample': 0.9428509515574568, 'colsample_bytree': 0.8795587339164916, 'min_child_samples': 34, 'reg_alpha': 2.2465901234314442e-07, 'reg_lambda': 8.339007036475363e-05}. Best is trial 0 with value: -0.06005397834469821.
[I 2026-06-01 13:02:57,380] Trial 1 finished with value: -0.17745519888683692 and parameters: {'confidence_threshold': 0.6348453934275313, 'training_days': 290, 'n_estimators': 115, 'max_depth': 5, 'num_leaves': 37, 'learning_rate': 0.06949568759029946, 'subsample': 0.8228505074024268, 'colsample_bytree': 0.8616703220431751, 'min_child_samples': 75, 'reg_alpha': 4.2486822725010923e-07, 'reg_lambda': 1.157247767047042e-07}. Best is trial 0 with value: -0.06005397834469821.
[I 2026-06-01 13:02:57,402] Trial 2 finished with value: -0.0072379163124229925 and parameters: {'confidence_threshold': 0.5849570384370288, 'training_days': 10, 'n_estimators': 212, 'max_depth': 3, 'num_leaves': 41, 'learning_rate': 0.18452095998378365, 'subsample': 0.6001060822924371, 'colsample_bytree': 0.5673167293506167, 'min_child_samples': 37, 'reg_alpha': 5.733250064217131, 'reg_lambda': 0.5308454292595461}. Best is trial 2 with value: -0.0072379163124229925.
[I 2026-06-01 13:02:57,484] Trial 3 finished with value: -0.14288090413633697 and parameters: {'confidence_threshold': 0.6868248626683718, 'training_days': 220, 'n_estimators': 134, 'max_depth': 3, 'num_leaves': 45, 'learning_rate': 0.033529007907491595, 'subsample': 0.8647277071858408, 'colsample_bytree': 0.778494116634046, 'min_child_samples': 96, 'reg_alpha': 2.409409937265785e-07, 'reg_lambda': 1.1642073478060009}. Best is trial 2 with value: -0.0072379163124229925.
[I 2026-06-01 13:02:57,571] Trial 4 finished with value: -0.12952808706054048 and parameters: {'confidence_threshold': 0.5623121348350352, 'training_days': 300, 'n_estimators': 69, 'max_depth': 4, 'num_leaves': 32, 'learning_rate': 0.14967629360700346, 'subsample': 0.5054535233636654, 'colsample_bytree': 0.7401385194659216, 'min_child_samples': 27, 'reg_alpha': 1.4212042567426725e-07, 'reg_lambda': 0.23605753701352003}. Best is trial 2 with value: -0.0072379163124229925.
