[I 2026-06-01 12:58:27,168] Trial 11 finished with value: -0.03848467709257528 and parameters: {'confidence_threshold': 0.7828153509856826, 'training_days': 160, 'n_estimators': 478, 'max_depth': 4, 'num_leaves': 58, 'learning_rate': 0.27895176396772975, 'subsample': 0.9842623422401993, 'colsample_bytree': 0.5017024210185925, 'min_child_samples': 61, 'reg_alpha': 0.010932239178388812, 'reg_lambda': 0.010807080111378337}. Best is trial 8 with value: -0.009581071432940267.
[I 2026-06-01 12:58:27,366] Trial 12 finished with value: -0.02457836078854847 and parameters: {'confidence_threshold': 0.5145853631584999, 'training_days': 160, 'n_estimators': 416, 'max_depth': 4, 'num_leaves': 54, 'learning_rate': 0.12411615325331521, 'subsample': 0.7299332364823727, 'colsample_bytree': 0.61778471397979, 'min_child_samples': 67, 'reg_alpha': 0.00012116501730499813, 'reg_lambda': 0.021411072510647847}. Best is trial 8 with value: -0.009581071432940267.
[I 2026-06-01 12:58:27,570] Trial 13 finished with value: -0.023329013410357664 and parameters: {'confidence_threshold': 0.7586389545742787, 'training_days': 380, 'n_estimators': 289, 'max_depth': 4, 'num_leaves': 16, 'learning_rate': 0.020135881549119806, 'subsample': 0.7832416138810485, 'colsample_bytree': 0.6004500161471612, 'min_child_samples': 86, 'reg_alpha': 0.0038276563113846447, 'reg_lambda': 0.0008037372393988128}. Best is trial 8 with value: -0.009581071432940267.
[I 2026-06-01 12:58:27,855] Trial 14 finished with value: -0.07064719461275147 and parameters: {'confidence_threshold': 0.5044444372741629, 'training_days': 210, 'n_estimators': 426, 'max_depth': 5, 'num_leaves': 31, 'learning_rate': 0.10238621183521691, 'subsample': 0.6688425641470395, 'colsample_bytree': 0.5033818278710143, 'min_child_samples': 53, 'reg_alpha': 1.1029730239531384e-05, 'reg_lambda': 0.052112380764363884}. Best is trial 8 with value: -0.009581071432940267.
[I 2026-06-01 12:58:28,036] Trial 15 finished with value: -0.00667460240158785 and parameters: {'confidence_threshold': 0.6127683416653349, 'training_days': 500, 'n_estimators': 220, 'max_depth': 4, 'num_leaves': 52, 'learning_rate': 0.2607338671064475, 'subsample': 0.9204331733465588, 'colsample_bytree': 0.720332322464215, 'min_child_samples': 88, 'reg_alpha': 0.007544409956074, 'reg_lambda': 7.697467210155571}. Best is trial 15 with value: -0.00667460240158785.
[I 2026-06-01 12:58:28,203] Trial 16 finished with value: -0.016755009996706045 and parameters: {'confidence_threshold': 0.6283133409715312, 'training_days': 500, 'n_estimators': 189, 'max_depth': 4, 'num_leaves': 54, 'learning_rate': 0.03993031895647073, 'subsample': 0.9300927369334672, 'colsample_bytree': 0.7418355316897514, 'min_child_samples': 90, 'reg_alpha': 4.018435225943808e-06, 'reg_lambda': 8.458335320794815}. Best is trial 15 with value: -0.00667460240158785.
[I 2026-06-01 12:58:28,394] Trial 17 finished with value: -0.014893368275152702 and parameters: {'confidence_threshold': 0.6531664190095218, 'training_days': 450, 'n_estimators': 220, 'max_depth': 4, 'num_leaves': 52, 'learning_rate': 0.02266534312326293, 'subsample': 0.5311930758135734, 'colsample_bytree': 0.6923357544705467, 'min_child_samples': 76, 'reg_alpha': 0.0009190746217442996, 'reg_lambda': 1.5766267613493903}. Best is trial 15 with value: -0.00667460240158785.

    [trial 2] Sharpe=-0.0940 (folds: -0.1588, 0.1881, -0.0855, -0.2815, -0.1323)
    [trial 3] 48 features, training_days=220 | threshold=0.673 | labels: 1050 long, 1118 short (48/52%)
    [trial 3] Sharpe=-0.0307 (folds: -0.1806, 0.1196, 0.0446, -0.1620, 0.0247)
    [trial 4] 48 features, training_days=130 | threshold=0.803 | labels: 1050 long, 1118 short (48/52%)
    [trial 4] Sharpe=-0.0426 (folds: -0.0572, 0.2580, 0.0526, -0.3199, -0.1464)
    [trial 5] 48 features, training_days=210 | threshold=0.606 | labels: 1050 long, 1118 short (48/52%)
    [trial 5] Sharpe=-0.0364 (folds: -0.0082, 0.1686, -0.0499, -0.2727, -0.0197)
    [trial 6] 48 features, training_days=130 | threshold=0.767 | labels: 1050 long, 1118 short (48/52%)
    [trial 6] Sharpe=-0.0843 (folds: -0.2353, 0.1722, -0.0192, -0.2668, -0.0722)
    [trial 7] 48 features, training_days=80 | threshold=0.556 | labels: 1050 long, 1118 short (48/52%)
    [trial 7] Sharpe=-0.0719 (folds: -0.1954, 0.3564, -0.2342, -0.3246, 0.0384)
    [trial 8] 48 features, training_days=200 | threshold=0.607 | labels: 1050 long, 1118 short (48/52%)
    [trial 8] Sharpe=-0.0289 (folds: -0.1691, 0.1728, 0.0966, -0.1979, -0.0469)
    [trial 9] 48 features, training_days=260 | threshold=0.620 | labels: 1050 long, 1118 short (48/52%)
    [trial 9] Sharpe=-0.0789 (folds: -0.1833, 0.1387, -0.0980, -0.2603, 0.0085)
    [trial 10] 48 features, training_days=470 | threshold=0.534 | labels: 1050 long, 1118 short (48/52%)
    [trial 10] Sharpe=-0.0611 (folds: -0.1033, 0.1390, -0.1197, -0.1672, -0.0541)
    [trial 11] 48 features, training_days=360 | threshold=0.672 | labels: 1050 long, 1118 short (48/52%)
    [trial 11] Sharpe=-0.0756 (folds: -0.1409, 0.1721, -0.1312, -0.1973, -0.0806)
    [trial 12] 48 features, training_days=20 | threshold=0.673 | labels: 1050 long, 1118 short (48/52%)
    [trial 12] Sharpe=-4.0669 (folds: -10.0000, 0.0281, -0.2467, -10.0000, -0.1159)
    [trial 13] 48 features, training_days=400 | threshold=0.611 | labels: 1050 long, 1118 short (48/52%)
    [trial 13] Sharpe=-0.0672 (folds: -0.1014, 0.1306, -0.1031, -0.1705, -0.0916)
    [trial 14] 48 features, training_days=290 | threshold=0.697 | labels: 1050 long, 1118 short (48/52%)
    [trial 14] Sharpe=-0.0406 (folds: -0.1937, 0.1660, -0.0732, -0.1207, 0.0186)
    [trial 15] 48 features, training_days=200 | threshold=0.503 | labels: 1050 long, 1118 short (48/52%)
    [trial 15] Sharpe=-0.0072 (folds: 0.1767, 0.2099, -0.0362, -0.3521, -0.0344)
    [trial 16] 48 features, training_days=180 | threshold=0.511 | labels: 1050 long, 1118 short (48/52%)
    [trial 16] Sharpe=0.0220 (folds: 0.1450, 0.2099, -0.0314, -0.1851, -0.0282)
    [trial 17] 48 features, training_days=40 | threshold=0.500 | labels: 1050 long, 1118 short (48/52%)
    [trial 17] Sharpe=-0.1005 (folds: 0.2023, 0.0281, -0.2467, -0.3706, -0.1159)
  Optuna: 18 trials, best Sharpe = 0.0220
  Best params: n_estimators=299, max_depth=4, lr=0.1168, leaves=35
  Best confidence_threshold: 0.511
  Best training_days: 180
  Retrained on full data (540 samples, 48 features)
  [ensemble 3/3] seed=456
    [trial 0] 48 features, training_days=90 | threshold=0.587 | labels: 1050 long, 1118 short (48/52%)
    [CV fold 0] train_end=2021-07-23 08:00 | val_start=2021-07-31 00:00 | gap=184h (22 rows)
    [CV fold 1] train_end=2021-11-20 16:00 | val_start=2021-11-28 08:00 | gap=184h (22 rows)
    [CV fold 2] train_end=2022-03-21 00:00 | val_start=2022-03-28 16:00 | gap=184h (22 rows)
    [CV fold 3] train_end=2022-07-19 08:00 | val_start=2022-07-27 00:00 | gap=184h (22 rows)
    [CV fold 4] train_end=2022-11-16 16:00 | val_start=2022-11-24 08:00 | gap=184h (22 rows)
    [trial 0] Sharpe=-0.0858 (folds: -0.2457, 0.1008, -0.0027, -0.2930, 0.0115)
    [trial 1] 48 features, training_days=290 | threshold=0.635 | labels: 1050 long, 1118 short (48/52%)
    [trial 1] Sharpe=-0.0479 (folds: 0.0264, 0.1547, -0.1879, -0.1066, -0.1261)
    [trial 2] 48 features, training_days=10 | threshold=0.585 | labels: 1050 long, 1118 short (48/52%)
    [trial 2] Sharpe=-2.0426 (folds: -0.3158, 0.0281, 0.1907, -10.0000, -0.1159)
    [trial 3] 48 features, training_days=220 | threshold=0.687 | labels: 1050 long, 1118 short (48/52%)
    [trial 3] Sharpe=-0.0981 (folds: 0.1108, 0.1597, -0.0413, -0.6430, -0.0765)
    [trial 4] 48 features, training_days=300 | threshold=0.562 | labels: 1050 long, 1118 short (48/52%)
    [trial 4] Sharpe=-0.0588 (folds: -0.1650, 0.0838, -0.1124, -0.0688, -0.0315)
    [trial 5] 48 features, training_days=490 | threshold=0.711 | labels: 1050 long, 1118 short (48/52%)
    [trial 5] Sharpe=-0.0740 (folds: -0.1494, 0.1876, -0.1365, -0.2095, -0.0621)
    [trial 6] 48 features, training_days=420 | threshold=0.667 | labels: 1050 long, 1118 short (48/52%)
    [trial 6] Sharpe=-0.0830 (folds: -0.1314, 0.1308, -0.1404, -0.1560, -0.1179)
    [trial 7] 48 features, training_days=120 | threshold=0.550 | labels: 1050 long, 1118 short (48/52%)
    [trial 7] Sharpe=-0.0142 (folds: -0.0831, 0.2015, 0.0131, -0.2294, 0.0265)
    [trial 8] 48 features, training_days=450 | threshold=0.720 | labels: 1050 long, 1118 short (48/52%)
    [trial 8] Sharpe=-0.0096 (folds: 0.1783, 0.1746, -0.2009, -0.1174, -0.0824)
    [trial 9] 48 features, training_days=20 | threshold=0.727 | labels: 1050 long, 1118 short (48/52%)
    [trial 9] Sharpe=-4.0669 (folds: -10.0000, 0.0281, -0.2467, -10.0000, -0.1159)
    [trial 10] 48 features, training_days=400 | threshold=0.828 | labels: 1050 long, 1118 short (48/52%)
    [trial 10] Sharpe=-0.0401 (folds: -0.2081, 0.2913, -0.0884, -0.0252, -0.1698)
    [trial 11] 48 features, training_days=160 | threshold=0.783 | labels: 1050 long, 1118 short (48/52%)
    [trial 11] Sharpe=-0.0385 (folds: -0.1043, 0.2252, 0.0350, -0.2741, -0.0742)
    [trial 12] 48 features, training_days=160 | threshold=0.515 | labels: 1050 long, 1118 short (48/52%)
    [trial 12] Sharpe=-0.0246 (folds: -0.0416, 0.2082, 0.0098, -0.2211, -0.0782)
    [trial 13] 48 features, training_days=380 | threshold=0.759 | labels: 1050 long, 1118 short (48/52%)
    [trial 13] Sharpe=-0.0233 (folds: 0.1047, 0.2204, -0.1353, -0.0919, -0.2146)
    [trial 14] 48 features, training_days=210 | threshold=0.504 | labels: 1050 long, 1118 short (48/52%)
    [trial 14] Sharpe=-0.0706 (folds: -0.1493, 0.1704, -0.0662, -0.2794, -0.0288)
    [trial 15] 48 features, training_days=500 | threshold=0.613 | labels: 1050 long, 1118 short (48/52%)
    [trial 15] Sharpe=-0.0067 (folds: 0.0955, 0.1866, -0.1928, -0.1758, 0.0531)
    [trial 16] 48 features, training_days=500 | threshold=0.628 | labels: 1050 long, 1118 short (48/52%)
    [trial 16] Sharpe=-0.0168 (folds: 0.0847, 0.2123, -0.2453, -0.1359, 0.0005)
    [trial 17] 48 features, training_days=450 | threshold=0.653 | labels: 1050 long, 1118 short (48/52%)
    [trial 17] Sharpe=-0.0149 (folds: -0.0091, 0.1500, -0.1347, -0.1078, 0.0272)
  Optuna: 18 trials, best Sharpe = -0.0067
  Best params: n_estimators=220, max_depth=4, lr=0.2607, leaves=52
  Best confidence_threshold: 0.613
  Best training_days: 500
  Retrained on full data (1500 samples, 48 features)
  OOD: 16 features, cutoff (q=0.7) = 9.41
  Model trained for 2023-04: 90 test candles with features, confidence_threshold=0.649
[trade:close] 2023-04-05 08:00 BTCUSDT SHORT → timeout @ 28515.70 | PnL=-1.56% (net -1.66%) | cum=-13.52% 2023-04=-1.66% 2023-04-05=-1.66%
[predict] 2023-04-06 08:00 BTCUSDT → SHORT (proba=0.77 TP=7.1%/SL=3.6%)
[trade:open] 2023-04-06 15:59 BTCUSDT SHORT @ 28079.30 | SL=29080.40 TP=26077.11 | timeout=2023-04-13 15:59
[trade:close] 2023-04-10 23:59 BTCUSDT SHORT → stop_loss @ 29080.40 | PnL=-3.57% (net -3.67%) | cum=-17.18% 2023-04=-5.33% 2023-04-10=-3.67%
[predict] 2023-04-13 16:00 BTCUSDT → SHORT (proba=0.94 TP=6.0%/SL=3.0%)
[trade:open] 2023-04-13 23:59 BTCUSDT SHORT @ 30362.70 | SL=31273.27 TP=28541.56 | timeout=2023-04-20 23:59
[trade:close] 2023-04-20 07:59 BTCUSDT SHORT → take_profit @ 28541.56 | PnL=+6.00% (net +5.90%) | cum=-11.28% 2023-04=+0.57% 2023-04-20=+5.90%
[predict] 2023-04-21 00:00 BTCUSDT → SHORT (proba=0.81 TP=7.4%/SL=3.7%)
[trade:open] 2023-04-21 07:59 BTCUSDT SHORT @ 28142.30 | SL=29187.55 TP=26051.81 | timeout=2023-04-28 07:59[I 2026-06-01 12:58:28,909] A new study created in memory with name: no-name-a4816ba2-b250-46bc-b581-f8a0a543670b
[I 2026-06-01 12:58:29,227] Trial 0 finished with value: -0.009545851289163574 and parameters: {'confidence_threshold': 0.6310890415965769, 'training_days': 480, 'n_estimators': 380, 'max_depth': 4, 'num_leaves': 22, 'learning_rate': 0.01699897838270077, 'subsample': 0.5290418060840998, 'colsample_bytree': 0.9330880728874675, 'min_child_samples': 68, 'reg_alpha': 0.023585940584142682, 'reg_lambda': 1.5320059381854043e-08}. Best is trial 0 with value: -0.009545851289163574.
[I 2026-06-01 12:58:29,336] Trial 1 finished with value: -2.3060041003226366 and parameters: {'confidence_threshold': 0.839468448256698, 'training_days': 420, 'n_estimators': 145, 'max_depth': 3, 'num_leaves': 23, 'learning_rate': 0.028145092716060652, 'subsample': 0.762378215816119, 'colsample_bytree': 0.7159725093210578, 'min_child_samples': 43, 'reg_alpha': 0.0032112643094417484, 'reg_lambda': 1.8007140198129195e-07}. Best is trial 0 with value: -0.009545851289163574.
[I 2026-06-01 12:58:29,496] Trial 2 finished with value: 0.03563057219444145 and parameters: {'confidence_threshold': 0.6022506269873263, 'training_days': 190, 'n_estimators': 255, 'max_depth': 5, 'num_leaves': 24, 'learning_rate': 0.05748924681991978, 'subsample': 0.7962072844310213, 'colsample_bytree': 0.5232252063599989, 'min_child_samples': 69, 'reg_alpha': 3.425445902633376e-07, 'reg_lambda': 3.850031979199519e-08}. Best is trial 2 with value: 0.03563057219444145.
[I 2026-06-01 12:58:29,745] Trial 3 finished with value: -0.03861700941641192 and parameters: {'confidence_threshold': 0.8321099380386666, 'training_days': 490, 'n_estimators': 414, 'max_depth': 3, 'num_leaves': 19, 'learning_rate': 0.1024932221692416, 'subsample': 0.7200762468698007, 'colsample_bytree': 0.5610191174223894, 'min_child_samples': 60, 'reg_alpha': 2.039373116525212e-08, 'reg_lambda': 1.527156759251193}. Best is trial 2 with value: 0.03563057219444145.
[I 2026-06-01 12:58:29,894] Trial 4 finished with value: 0.005223672152749615 and parameters: {'confidence_threshold': 0.5905729935600059, 'training_days': 340, 'n_estimators': 190, 'max_depth': 4, 'num_leaves': 41, 'learning_rate': 0.01875220945578641, 'subsample': 0.9847923138822793, 'colsample_bytree': 0.8875664116805573, 'min_child_samples': 96, 'reg_alpha': 1.1309571585271483, 'reg_lambda': 0.002404915432737351}. Best is trial 2 with value: 0.03563057219444145.
[I 2026-06-01 12:58:29,931] Trial 5 finished with value: -0.08332662457247719 and parameters: {'confidence_threshold': 0.8226559822580909, 'training_days': 50, 'n_estimators': 138, 'max_depth': 3, 'num_leaves': 30, 'learning_rate': 0.03750796359625606, 'subsample': 0.6356745158869479, 'colsample_bytree': 0.9143687545759647, 'min_child_samples': 48, 'reg_alpha': 3.376063348877853e-06, 'reg_lambda': 0.0007660634613082914}. Best is trial 2 with value: 0.03563057219444145.
[I 2026-06-01 12:58:30,029] Trial 6 finished with value: 0.0017386474978184172 and parameters: {'confidence_threshold': 0.5493234787411669, 'training_days': 410, 'n_estimators': 83, 'max_depth': 5, 'num_leaves': 52, 'learning_rate': 0.019657448966046126, 'subsample': 0.5027610585618012, 'colsample_bytree': 0.9077307142274171, 'min_child_samples': 77, 'reg_alpha': 0.03639690979811287, 'reg_lambda': 0.08738424135626986}. Best is trial 2 with value: 0.03563057219444145.
[I 2026-06-01 12:58:30,111] Trial 7 finished with value: 0.02161065483230782 and parameters: {'confidence_threshold': 0.5259156281069316, 'training_days': 180, 'n_estimators': 102, 'max_depth': 5, 'num_leaves': 45, 'learning_rate': 0.030816017044468066, 'subsample': 0.5317791751430119, 'colsample_bytree': 0.6554911608578311, 'min_child_samples': 46, 'reg_alpha': 0.036851536911881845, 'reg_lambda': 0.005470376807480391}. Best is trial 2 with value: 0.03563057219444145.
[I 2026-06-01 12:58:30,208] Trial 8 finished with value: -0.05912528173659418 and parameters: {'confidence_threshold': 0.8105244599017143, 'training_days': 240, 'n_estimators': 103, 'max_depth': 5, 'num_leaves': 52, 'learning_rate': 0.06746437142284309, 'subsample': 0.8854835899772805, 'colsample_bytree': 0.7468977981821954, 'min_child_samples': 62, 'reg_alpha': 7.04480806377519e-05, 'reg_lambda': 1.6934490731313353e-08}. Best is trial 2 with value: 0.03563057219444145.
[I 2026-06-01 12:58:30,229] Trial 9 finished with value: -1.9569496327061366 and parameters: {'confidence_threshold': 0.5377619994476566, 'training_days': 20, 'n_estimators': 337, 'max_depth': 3, 'num_leaves': 39, 'learning_rate': 0.21907142272152816, 'subsample': 0.6246461145744375, 'colsample_bytree': 0.7051914615178149, 'min_child_samples': 81, 'reg_alpha': 1.1459970229341322e-06, 'reg_lambda': 4.929685216887945e-08}. Best is trial 2 with value: 0.03563057219444145.
[I 2026-06-01 12:58:30,550] Trial 10 finished with value: -0.012208366341517705 and parameters: {'confidence_threshold': 0.6797821749717731, 'training_days': 150, 'n_estimators': 487, 'max_depth': 5, 'num_leaves': 31, 'learning_rate': 0.1457937958927628, 'subsample': 0.8271882613853766, 'colsample_bytree': 0.5054398545048813, 'min_child_samples': 27, 'reg_alpha': 1.290626345465208e-08, 'reg_lambda': 3.3639426888455256e-06}. Best is trial 2 with value: 0.03563057219444145.
[I 2026-06-01 12:58:30,756] Trial 11 finished with value: 0.005687100503889708 and parameters: {'confidence_threshold': 0.504039108267052, 'training_days': 190, 'n_estimators': 245, 'max_depth': 5, 'num_leaves': 60, 'learning_rate': 0.055902008608129834, 'subsample': 0.6799555014576089, 'colsample_bytree': 0.6138814886148961, 'min_child_samples': 37, 'reg_alpha': 1.6115749528927317, 'reg_lambda': 1.2919440532274802e-05}. Best is trial 2 with value: 0.03563057219444145.
[I 2026-06-01 12:58:30,932] Trial 12 finished with value: -0.10359025373817106 and parameters: {'confidence_threshold': 0.7123397528892077, 'training_days': 130, 'n_estimators': 257, 'max_depth': 4, 'num_leaves': 41, 'learning_rate': 0.011371606828587318, 'subsample': 0.8255079015857973, 'colsample_bytree': 0.6208442659470276, 'min_child_samples': 20, 'reg_alpha': 5.6535530920430964e-05, 'reg_lambda': 0.026713385242792945}. Best is trial 2 with value: 0.03563057219444145.
[I 2026-06-01 12:58:31,136] Trial 13 finished with value: -0.006031662928761652 and parameters: {'confidence_threshold': 0.6086148631749119, 'training_days': 300, 'n_estimators': 215, 'max_depth': 5, 'num_leaves': 32, 'learning_rate': 0.03614754421776377, 'subsample': 0.5979644942759227, 'colsample_bytree': 0.651741240242602, 'min_child_samples': 47, 'reg_alpha': 0.0015022440046723953, 'reg_lambda': 2.915487126448182e-05}. Best is trial 2 with value: 0.03563057219444145.
[I 2026-06-01 12:58:31,303] Trial 14 finished with value: 0.004152559786535673 and parameters: {'confidence_threshold': 0.5641230867882557, 'training_days': 220, 'n_estimators': 311, 'max_depth': 4, 'num_leaves': 15, 'learning_rate': 0.08489562052308583, 'subsample': 0.9282561648305936, 'colsample_bytree': 0.8161768195580982, 'min_child_samples': 87, 'reg_alpha': 8.062692659979823e-07, 'reg_lambda': 0.00012046958678547378}. Best is trial 2 with value: 0.03563057219444145.
[I 2026-06-01 12:58:31,356] Trial 15 finished with value: -0.1228673087992288 and parameters: {'confidence_threshold': 0.6459551572231198, 'training_days': 120, 'n_estimators': 52, 'max_depth': 5, 'num_leaves': 50, 'learning_rate': 0.04372501750456459, 'subsample': 0.7798079465483917, 'colsample_bytree': 0.5065896071904618, 'min_child_samples': 54, 'reg_alpha': 0.06995229097216783, 'reg_lambda': 9.94699006098023e-07}. Best is trial 2 with value: 0.03563057219444145.
[I 2026-06-01 12:58:31,422] Trial 16 finished with value: -0.08794181937088266 and parameters: {'confidence_threshold': 0.7405378962307041, 'training_days': 80, 'n_estimators': 190, 'max_depth': 5, 'num_leaves': 45, 'learning_rate': 0.11867441691782589, 'subsample': 0.5755023425171057, 'colsample_bytree': 0.5721800280232666, 'min_child_samples': 69, 'reg_alpha': 1.6230643075200477e-05, 'reg_lambda': 0.007719340062213943}. Best is trial 2 with value: 0.03563057219444145.
