[I 2026-06-01 12:58:59,268] Trial 16 finished with value: -0.05125931788201203 and parameters: {'confidence_threshold': 0.6760523483882178, 'training_days': 90, 'n_estimators': 293, 'max_depth': 3, 'num_leaves': 27, 'learning_rate': 0.04167882860826549, 'subsample': 0.8649514202852935, 'colsample_bytree': 0.9826162589395974, 'min_child_samples': 34, 'reg_alpha': 0.0003728785861091332, 'reg_lambda': 1.7200861610701014e-06}. Best is trial 5 with value: 0.06892793911315329.

  Best training_days: 10
  Retrained on full data (30 samples, 48 features)
  OOD: 16 features, cutoff (q=0.7) = 9.88
  Model trained for 2023-07: 93 test candles with features, confidence_threshold=0.733
[trade:close] 2023-07-03 00:00 BTCUSDT LONG → timeout @ 30612.70 | PnL=+0.51% (net +0.41%) | cum=-20.27% 2023-07=+0.41% 2023-07-03=+0.41%
[predict] 2023-07-07 00:00 BTCUSDT → LONG (proba=0.76 TP=6.8%/SL=3.4%)
[trade:open] 2023-07-07 07:59 BTCUSDT LONG @ 29992.90 | SL=28977.89 TP=32022.91 | timeout=2023-07-14 07:59
[trade:close] 2023-07-14 08:00 BTCUSDT LONG → timeout @ 31095.90 | PnL=+3.68% (net +3.58%) | cum=-16.70% 2023-07=+3.99% 2023-07-14=+3.58%
[predict] 2023-07-22 08:00 BTCUSDT → LONG (proba=0.84 TP=4.1%/SL=2.0%)
[trade:open] 2023-07-22 15:59 BTCUSDT LONG @ 29883.90 | SL=29272.60 TP=31106.50 | timeout=2023-07-29 15:59
[trade:close] 2023-07-24 15:59 BTCUSDT LONG → stop_loss @ 29272.60 | PnL=-2.05% (net -2.15%) | cum=-18.84% 2023-07=+1.84% 2023-07-24=-2.15%
[predict] 2023-07-25 08:00 BTCUSDT → LONG (proba=0.90 TP=4.3%/SL=2.1%)
[trade:open] 2023-07-25 15:59 BTCUSDT LONG @ 29167.00 | SL=28547.10 TP=30406.80 | timeout=2023-08-01 15:59
[lgbm] === Training for 2023-08 ===
  Train window: 2021-08-01 → 2023-07-24
  2168 training samples from 1 symbols
  Samples per month: 2021-08: 93, 2021-09: 90, 2021-10: 93, 2021-11: 90, 2021-12: 93, 2022-01: 93, 2022-02: 84, 2022-03: 93, 2022-04: 90, 2022-05: 93, 2022-06: 90, 2022-07: 93, 2022-08: 93, 2022-09: 90, 2022-10: 93, 2022-11: 90, 2022-12: 93, 2023-01: 93, 2023-02: 84, 2023-03: 93, 2023-04: 90, 2023-05: 93, 2023-06: 90, 2023-07: 71
  [label] 2021-10-01 16:00 BTCUSDT entry=48123.9400 → LONG | long=tp(+11.43%) short=sl(-5.86%) | scanned=14 | long_tp_only
  [label] 2021-10-03 16:00 BTCUSDT entry=48187.3000 → LONG | long=tp(+9.49%) short=sl(-4.90%) | scanned=8 | long_tp_only
  [label] 2021-10-07 16:00 BTCUSDT entry=53814.9900 → LONG | long=timeout(+6.52%) short=sl(-5.36%) | scanned=22 | no_tp→fwd_return=+6.6212
  [label] 2021-11-01 08:00 BTCUSDT entry=61600.0100 → LONG | long=timeout(+7.76%) short=sl(-5.13%) | scanned=22 | no_tp→fwd_return=+7.8631
  [label] 2021-12-23 16:00 BTCUSDT entry=50817.9200 → SHORT | long=sl(-4.73%) short=tp(+9.16%) | scanned=18 | short_tp_only
  [label] 2022-06-07 16:00 BTCUSDT entry=31118.1000 → SHORT | long=sl(-5.30%) short=tp(+10.30%) | scanned=13 | short_tp_only
  [label] 2022-06-11 16:00 BTCUSDT entry=28416.7000 → SHORT | long=sl(-5.15%) short=tp(+9.99%) | scanned=4 | short_tp_only
  [label] 2022-06-22 08:00 BTCUSDT entry=20075.4000 → LONG | long=timeout(-0.10%) short=timeout(-0.10%) | scanned=22 | no_tp→fwd_return=+0.0045
  [label] 2022-08-06 08:00 BTCUSDT entry=23191.2000 → LONG | long=timeout(+5.55%) short=sl(-4.24%) | scanned=22 | no_tp→fwd_return=+5.6513
  [label] 2022-08-14 16:00 BTCUSDT entry=24294.1000 → SHORT | long=sl(-3.97%) short=tp(+7.63%) | scanned=13 | short_tp_only
  [label] 2022-11-13 00:00 BTCUSDT entry=16765.5000 → SHORT | long=timeout(-0.43%) short=timeout(+0.23%) | scanned=22 | no_tp→fwd_return=-0.3298
  [label] 2022-12-15 00:00 BTCUSDT entry=17686.0000 → SHORT | long=sl(-2.97%) short=tp(+5.65%) | scanned=5 | short_tp_only
  [label] 2022-12-31 00:00 BTCUSDT entry=16564.4000 → LONG | long=timeout(+2.17%) short=sl(-1.80%) | scanned=22 | no_tp→fwd_return=+2.2663
  [label] 2023-01-12 16:00 BTCUSDT entry=18838.0000 → LONG | long=tp(+5.91%) short=sl(-3.10%) | scanned=3 | long_tp_only
  [label] 2023-01-31 08:00 BTCUSDT entry=23113.9000 → SHORT | long=timeout(-1.03%) short=sl(-3.61%) | scanned=22 | no_tp→fwd_return=-0.9306
  [label] 2023-02-06 16:00 BTCUSDT entry=22757.7000 → SHORT | long=sl(-3.35%) short=timeout(+4.26%) | scanned=22 | no_tp→fwd_return=-4.3568
  [label] 2023-02-19 00:00 BTCUSDT entry=24576.7000 → SHORT | long=sl(-4.34%) short=timeout(+5.73%) | scanned=22 | no_tp→fwd_return=-5.8348
  [label] 2023-03-30 08:00 BTCUSDT entry=28282.8000 → SHORT | long=timeout(-0.82%) short=timeout(+0.62%) | scanned=22 | no_tp→fwd_return=-0.7195
  [label] 2023-04-09 08:00 BTCUSDT entry=27873.6000 → LONG | long=tp(+4.57%) short=sl(-2.44%) | scanned=4 | long_tp_only
  [label] 2023-07-04 08:00 BTCUSDT entry=30959.3000 → SHORT | long=sl(-2.80%) short=timeout(+1.11%) | scanned=22 | no_tp→fwd_return=-1.2074
  Labels: 1050 long (48.4%), 1118 short (51.6%) | weights: min=1.00, mean=3.20, max=10.00
  Features: 2168/2168 matched, 48 columns
  CV gap: 22 rows
  [ensemble 1/3] seed=42
    [trial 0] 48 features, training_days=480 | threshold=0.631 | labels: 1050 long, 1118 short (48/52%)
    [CV fold 0] train_end=2021-11-22 08:00 | val_start=2021-11-30 00:00 | gap=184h (22 rows)
    [CV fold 1] train_end=2022-03-22 16:00 | val_start=2022-03-30 08:00 | gap=184h (22 rows)
    [CV fold 2] train_end=2022-07-21 00:00 | val_start=2022-07-28 16:00 | gap=184h (22 rows)
    [CV fold 3] train_end=2022-11-18 08:00 | val_start=2022-11-26 00:00 | gap=184h (22 rows)
    [CV fold 4] train_end=2023-03-18 16:00 | val_start=2023-03-26 08:00 | gap=184h (22 rows)
    [trial 0] Sharpe=-0.0023 (folds: 0.1639, -0.0563, -0.2050, 0.0264, 0.0597)
    [trial 1] 48 features, training_days=420 | threshold=0.839 | labels: 1050 long, 1118 short (48/52%)
    [trial 1] Sharpe=-6.0387 (folds: 0.2368, -0.4306, -10.0000, -10.0000, -10.0000)
    [trial 2] 48 features, training_days=190 | threshold=0.602 | labels: 1050 long, 1118 short (48/52%)
    [trial 2] Sharpe=-0.0298 (folds: 0.1753, -0.0568, -0.3144, -0.1225, 0.1693)
    [trial 3] 48 features, training_days=490 | threshold=0.832 | labels: 1050 long, 1118 short (48/52%)
    [trial 3] Sharpe=-0.0832 (folds: 0.2072, -0.1155, -0.2905, -0.2472, 0.0299)
    [trial 4] 48 features, training_days=340 | threshold=0.591 | labels: 1050 long, 1118 short (48/52%)
    [trial 4] Sharpe=-0.0008 (folds: 0.1439, -0.0915, -0.1081, -0.1511, 0.2029)
    [trial 5] 48 features, training_days=50 | threshold=0.823 | labels: 1050 long, 1118 short (48/52%)
    [trial 5] Sharpe=0.0689 (folds: 0.6954, -0.0556, -0.2731, -0.1652, 0.1432)
    [trial 6] 48 features, training_days=410 | threshold=0.549 | labels: 1050 long, 1118 short (48/52%)
    [trial 6] Sharpe=-0.0345 (folds: 0.1125, -0.1021, -0.0504, -0.1306, -0.0017)
    [trial 7] 48 features, training_days=180 | threshold=0.526 | labels: 1050 long, 1118 short (48/52%)
    [trial 7] Sharpe=-0.0338 (folds: 0.1523, -0.1022, -0.2318, -0.0995, 0.1121)
    [trial 8] 48 features, training_days=240 | threshold=0.811 | labels: 1050 long, 1118 short (48/52%)
    [trial 8] Sharpe=-0.1708 (folds: 0.1342, -0.1829, -0.4726, -0.4467, 0.1140)
    [trial 9] 48 features, training_days=20 | threshold=0.538 | labels: 1050 long, 1118 short (48/52%)
    [trial 9] Sharpe=-0.0885 (folds: 0.0193, 0.1759, -0.3845, -0.1211, -0.1322)
    [trial 10] 48 features, training_days=10 | threshold=0.732 | labels: 1050 long, 1118 short (48/52%)
    [trial 10] Sharpe=-1.9431 (folds: 0.0193, 0.1759, 0.1250, -10.0000, -0.0356)
    [trial 11] 48 features, training_days=320 | threshold=0.717 | labels: 1050 long, 1118 short (48/52%)
    [trial 11] Sharpe=-0.0819 (folds: 0.1569, -0.0870, -0.2191, -0.3938, 0.1333)
    [trial 12] 48 features, training_days=310 | threshold=0.664 | labels: 1050 long, 1118 short (48/52%)
    [trial 12] Sharpe=-0.0467 (folds: 0.1432, -0.0725, -0.2437, -0.2082, 0.1479)
    [trial 13] 48 features, training_days=130 | threshold=0.751 | labels: 1050 long, 1118 short (48/52%)
    [trial 13] Sharpe=-0.1582 (folds: -0.0957, -0.0828, -0.3479, -0.4233, 0.1587)
    [trial 14] 48 features, training_days=80 | threshold=0.612 | labels: 1050 long, 1118 short (48/52%)
    [trial 14] Sharpe=0.0076 (folds: 0.2594, -0.0266, -0.2510, 0.0284, 0.0279)
    [trial 15] 48 features, training_days=90 | threshold=0.767 | labels: 1050 long, 1118 short (48/52%)
    [trial 15] Sharpe=-0.0395 (folds: 0.0767, 0.0559, -0.3397, -0.0731, 0.0831)
    [trial 16] 48 features, training_days=90 | threshold=0.676 | labels: 1050 long, 1118 short (48/52%)
    [trial 16] Sharpe=-0.0513 (folds: 0.0665, 0.0420, -0.3340, -0.1420, 0.1112)
    [trial 17] 48 features, training_days=70 | threshold=0.680 | labels: 1050 long, 1118 short (48/52%)[I 2026-06-01 12:58:59,411] Trial 17 finished with value: -0.010205218557538137 and parameters: {'confidence_threshold': 0.6795009609106515, 'training_days': 70, 'n_estimators': 360, 'max_depth': 3, 'num_leaves': 62, 'learning_rate': 0.047436502092641705, 'subsample': 0.5915866025419536, 'colsample_bytree': 0.7952908891858086, 'min_child_samples': 32, 'reg_alpha': 4.671278349508027e-08, 'reg_lambda': 5.6800538640641765e-05}. Best is trial 5 with value: 0.06892793911315329.
[I 2026-06-01 12:58:59,653] A new study created in memory with name: no-name-d5f737d3-1196-47de-bb4b-194126996e6b
[I 2026-06-01 12:58:59,751] Trial 0 finished with value: -0.07140834061942888 and parameters: {'confidence_threshold': 0.7437642149592516, 'training_days': 150, 'n_estimators': 152, 'max_depth': 4, 'num_leaves': 50, 'learning_rate': 0.04216766425047743, 'subsample': 0.9903820991923078, 'colsample_bytree': 0.8424148692924316, 'min_child_samples': 58, 'reg_alpha': 3.381097259762742e-05, 'reg_lambda': 1.2263152961306247e-05}. Best is trial 0 with value: -0.07140834061942888.
[I 2026-06-01 12:58:59,819] Trial 1 finished with value: -4.252095794890432 and parameters: {'confidence_threshold': 0.7551673975844145, 'training_days': 220, 'n_estimators': 76, 'max_depth': 4, 'num_leaves': 51, 'learning_rate': 0.018602118810743477, 'subsample': 0.5877258780737462, 'colsample_bytree': 0.7657756869209191, 'min_child_samples': 63, 'reg_alpha': 0.005123994170264194, 'reg_lambda': 0.44145470178120466}. Best is trial 0 with value: -0.07140834061942888.
[I 2026-06-01 12:59:00,077] Trial 2 finished with value: -0.04212707548092591 and parameters: {'confidence_threshold': 0.7535593637012223, 'training_days': 310, 'n_estimators': 375, 'max_depth': 3, 'num_leaves': 32, 'learning_rate': 0.021735641882032388, 'subsample': 0.6468570231944146, 'colsample_bytree': 0.8154880619272439, 'min_child_samples': 27, 'reg_alpha': 8.004064028491336e-05, 'reg_lambda': 7.546835261630524e-05}. Best is trial 2 with value: -0.04212707548092591.
[I 2026-06-01 12:59:00,254] Trial 3 finished with value: 0.03292030444719782 and parameters: {'confidence_threshold': 0.6727897841776072, 'training_days': 220, 'n_estimators': 190, 'max_depth': 4, 'num_leaves': 58, 'learning_rate': 0.24810689332636193, 'subsample': 0.7509183379421682, 'colsample_bytree': 0.8119764758960556, 'min_child_samples': 29, 'reg_alpha': 7.1708285081421445e-06, 'reg_lambda': 5.412973582738627e-05}. Best is trial 3 with value: 0.03292030444719782.
[I 2026-06-01 12:59:00,367] Trial 4 finished with value: -0.012440709754234775 and parameters: {'confidence_threshold': 0.803208205259178, 'training_days': 130, 'n_estimators': 267, 'max_depth': 5, 'num_leaves': 40, 'learning_rate': 0.08041175317374143, 'subsample': 0.5603143329951619, 'colsample_bytree': 0.9131704002534167, 'min_child_samples': 68, 'reg_alpha': 0.0008046593428183385, 'reg_lambda': 1.2158346158765583e-05}. Best is trial 3 with value: 0.03292030444719782.
[I 2026-06-01 12:59:00,596] Trial 5 finished with value: -0.03125667649166231 and parameters: {'confidence_threshold': 0.6064422761595144, 'training_days': 210, 'n_estimators': 357, 'max_depth': 5, 'num_leaves': 40, 'learning_rate': 0.0974221287220869, 'subsample': 0.7929682762811064, 'colsample_bytree': 0.8124517510478, 'min_child_samples': 74, 'reg_alpha': 0.3811377260781234, 'reg_lambda': 5.607314238392041e-08}. Best is trial 3 with value: 0.03292030444719782.
[I 2026-06-01 12:59:00,717] Trial 6 finished with value: -0.01175165763149082 and parameters: {'confidence_threshold': 0.7672889945051684, 'training_days': 130, 'n_estimators': 137, 'max_depth': 4, 'num_leaves': 19, 'learning_rate': 0.2031117614248665, 'subsample': 0.8136244860256343, 'colsample_bytree': 0.8617081790949774, 'min_child_samples': 21, 'reg_alpha': 0.002238138278733199, 'reg_lambda': 0.001025809534977322}. Best is trial 3 with value: 0.03292030444719782.
[I 2026-06-01 12:59:00,801] Trial 7 finished with value: -0.035991936686545475 and parameters: {'confidence_threshold': 0.555635875450653, 'training_days': 80, 'n_estimators': 363, 'max_depth': 3, 'num_leaves': 48, 'learning_rate': 0.06590089024008658, 'subsample': 0.6944752870615722, 'colsample_bytree': 0.962566244806993, 'min_child_samples': 88, 'reg_alpha': 1.6465620446426067e-05, 'reg_lambda': 2.4678750890085655e-08}. Best is trial 3 with value: 0.03292030444719782.
[I 2026-06-01 12:59:01,156] Trial 8 finished with value: 0.004437385588659326 and parameters: {'confidence_threshold': 0.6066688256938841, 'training_days': 200, 'n_estimators': 367, 'max_depth': 5, 'num_leaves': 32, 'learning_rate': 0.13377519215934996, 'subsample': 0.7965884582811106, 'colsample_bytree': 0.8458508993500886, 'min_child_samples': 32, 'reg_alpha': 3.889436043816386e-05, 'reg_lambda': 1.4713062489380356e-06}. Best is trial 3 with value: 0.03292030444719782.
[I 2026-06-01 12:59:01,395] Trial 9 finished with value: 0.012829796992705927 and parameters: {'confidence_threshold': 0.6202096049169137, 'training_days': 260, 'n_estimators': 350, 'max_depth': 3, 'num_leaves': 21, 'learning_rate': 0.02989540198065364, 'subsample': 0.8307821683331218, 'colsample_bytree': 0.923253112635361, 'min_child_samples': 64, 'reg_alpha': 0.4898604619604203, 'reg_lambda': 2.9076377687066166e-05}. Best is trial 3 with value: 0.03292030444719782.
[I 2026-06-01 12:59:01,866] Trial 10 finished with value: 0.010675958734996202 and parameters: {'confidence_threshold': 0.6756170272727778, 'training_days': 470, 'n_estimators': 493, 'max_depth': 4, 'num_leaves': 63, 'learning_rate': 0.010221918552934462, 'subsample': 0.9383547926937981, 'colsample_bytree': 0.6202684210924141, 'min_child_samples': 44, 'reg_alpha': 2.371385268938747e-08, 'reg_lambda': 0.015315426420116851}. Best is trial 3 with value: 0.03292030444719782.
[I 2026-06-01 12:59:01,988] Trial 11 finished with value: -0.014441299170859836 and parameters: {'confidence_threshold': 0.672304345793606, 'training_days': 340, 'n_estimators': 234, 'max_depth': 3, 'num_leaves': 20, 'learning_rate': 0.2941034455271501, 'subsample': 0.8826538612718937, 'colsample_bytree': 0.6778283959364831, 'min_child_samples': 48, 'reg_alpha': 5.56438571366154, 'reg_lambda': 0.0038467626144150177}. Best is trial 3 with value: 0.03292030444719782.
[I 2026-06-01 12:59:02,109] Trial 12 finished with value: -0.07392902270238019 and parameters: {'confidence_threshold': 0.6727899930733724, 'training_days': 340, 'n_estimators': 202, 'max_depth': 3, 'num_leaves': 63, 'learning_rate': 0.03554970762940541, 'subsample': 0.7245561114853949, 'colsample_bytree': 0.5196457038790347, 'min_child_samples': 100, 'reg_alpha': 1.6619318482295187e-07, 'reg_lambda': 1.2188980793434613e-06}. Best is trial 3 with value: 0.03292030444719782.
[I 2026-06-01 12:59:02,139] Trial 13 finished with value: 0.03270914995979081 and parameters: {'confidence_threshold': 0.5124380994302374, 'training_days': 10, 'n_estimators': 475, 'max_depth': 3, 'num_leaves': 27, 'learning_rate': 0.024281561878971163, 'subsample': 0.8524819925064617, 'colsample_bytree': 0.9292621018379528, 'min_child_samples': 42, 'reg_alpha': 1.0060661308529223e-06, 'reg_lambda': 0.06617758437351451}. Best is trial 3 with value: 0.03292030444719782.
[I 2026-06-01 12:59:02,172] Trial 14 finished with value: -0.08851288384688848 and parameters: {'confidence_threshold': 0.5166805703527768, 'training_days': 20, 'n_estimators': 487, 'max_depth': 4, 'num_leaves': 28, 'learning_rate': 0.011739007227215357, 'subsample': 0.8878899970207383, 'colsample_bytree': 0.9978335517302942, 'min_child_samples': 39, 'reg_alpha': 8.955273563402083e-07, 'reg_lambda': 1.66052015319664}. Best is trial 3 with value: 0.03292030444719782.
[I 2026-06-01 12:59:02,203] Trial 15 finished with value: 0.03270914995979081 and parameters: {'confidence_threshold': 0.5026055290809989, 'training_days': 10, 'n_estimators': 436, 'max_depth': 4, 'num_leaves': 56, 'learning_rate': 0.1446196958963375, 'subsample': 0.507007918467014, 'colsample_bytree': 0.7287768793281104, 'min_child_samples': 52, 'reg_alpha': 1.570172639790588e-06, 'reg_lambda': 0.07304675655505591}. Best is trial 3 with value: 0.03292030444719782.
[I 2026-06-01 12:59:02,440] Trial 16 finished with value: -0.094308710915391 and parameters: {'confidence_threshold': 0.8218356327948213, 'training_days': 440, 'n_estimators': 296, 'max_depth': 3, 'num_leaves': 29, 'learning_rate': 0.04734750546511042, 'subsample': 0.6762546708920634, 'colsample_bytree': 0.9182676696103418, 'min_child_samples': 35, 'reg_alpha': 1.0563135528401649e-08, 'reg_lambda': 0.000474503791067692}. Best is trial 3 with value: 0.03292030444719782.
[I 2026-06-01 12:59:02,547] Trial 17 finished with value: -0.014352314835188595 and parameters: {'confidence_threshold': 0.5563240395453367, 'training_days': 70, 'n_estimators': 180, 'max_depth': 5, 'num_leaves': 15, 'learning_rate': 0.018167663093744707, 'subsample': 0.7544919614854775, 'colsample_bytree': 0.7489431948686824, 'min_child_samples': 21, 'reg_alpha': 4.116507707689404e-06, 'reg_lambda': 0.04654128688850712}. Best is trial 3 with value: 0.03292030444719782.
[I 2026-06-01 12:59:02,793] A new study created in memory with name: no-name-d9f2b1b1-fc60-4260-9e15-ed5d68499154
[I 2026-06-01 12:59:02,966] Trial 0 finished with value: -0.0408091942358541 and parameters: {'confidence_threshold': 0.5870645682749857, 'training_days': 90, 'n_estimators': 403, 'max_depth': 5, 'num_leaves': 45, 'learning_rate': 0.0780457193679974, 'subsample': 0.9428509515574568, 'colsample_bytree': 0.8795587339164916, 'min_child_samples': 34, 'reg_alpha': 2.2465901234314442e-07, 'reg_lambda': 8.339007036475363e-05}. Best is trial 0 with value: -0.0408091942358541.
[I 2026-06-01 12:59:03,072] Trial 1 finished with value: 0.004969647739236191 and parameters: {'confidence_threshold': 0.6348453934275313, 'training_days': 290, 'n_estimators': 115, 'max_depth': 5, 'num_leaves': 37, 'learning_rate': 0.06949568759029946, 'subsample': 0.8228505074024268, 'colsample_bytree': 0.8616703220431751, 'min_child_samples': 75, 'reg_alpha': 4.2486822725010923e-07, 'reg_lambda': 1.157247767047042e-07}. Best is trial 1 with value: 0.004969647739236191.
[I 2026-06-01 12:59:03,094] Trial 2 finished with value: -1.943067553241938 and parameters: {'confidence_threshold': 0.5849570384370288, 'training_days': 10, 'n_estimators': 212, 'max_depth': 3, 'num_leaves': 41, 'learning_rate': 0.18452095998378365, 'subsample': 0.6001060822924371, 'colsample_bytree': 0.5673167293506167, 'min_child_samples': 37, 'reg_alpha': 5.733250064217131, 'reg_lambda': 0.5308454292595461}. Best is trial 1 with value: 0.004969647739236191.
[I 2026-06-01 12:59:03,173] Trial 3 finished with value: -0.0366450292632093 and parameters: {'confidence_threshold': 0.6868248626683718, 'training_days': 220, 'n_estimators': 134, 'max_depth': 3, 'num_leaves': 45, 'learning_rate': 0.033529007907491595, 'subsample': 0.8647277071858408, 'colsample_bytree': 0.778494116634046, 'min_child_samples': 96, 'reg_alpha': 2.409409937265785e-07, 'reg_lambda': 1.1642073478060009}. Best is trial 1 with value: 0.004969647739236191.
[I 2026-06-01 12:59:03,265] Trial 4 finished with value: 0.03663115164436953 and parameters: {'confidence_threshold': 0.5623121348350352, 'training_days': 300, 'n_estimators': 69, 'max_depth': 4, 'num_leaves': 32, 'learning_rate': 0.14967629360700346, 'subsample': 0.5054535233636654, 'colsample_bytree': 0.7401385194659216, 'min_child_samples': 27, 'reg_alpha': 1.4212042567426725e-07, 'reg_lambda': 0.23605753701352003}. Best is trial 4 with value: 0.03663115164436953.
[I 2026-06-01 12:59:03,709] Trial 5 finished with value: 0.01020269319381593 and parameters: {'confidence_threshold': 0.7111850244908446, 'training_days': 490, 'n_estimators': 362, 'max_depth': 5, 'num_leaves': 40, 'learning_rate': 0.05960785724162737, 'subsample': 0.5589714368907717, 'colsample_bytree': 0.6659006943232806, 'min_child_samples': 42, 'reg_alpha': 0.6741360303045295, 'reg_lambda': 6.054601607143087e-08}. Best is trial 4 with value: 0.03663115164436953.
[I 2026-06-01 12:59:03,888] Trial 6 finished with value: -0.027375200825954106 and parameters: {'confidence_threshold': 0.667482545748023, 'training_days': 420, 'n_estimators': 279, 'max_depth': 3, 'num_leaves': 45, 'learning_rate': 0.040099592560849204, 'subsample': 0.8563114696415159, 'colsample_bytree': 0.5442917781944105, 'min_child_samples': 50, 'reg_alpha': 1.6407916423707903e-08, 'reg_lambda': 2.935907642973286e-05}. Best is trial 4 with value: 0.03663115164436953.
[I 2026-06-01 12:59:04,033] Trial 7 finished with value: -0.002248150425624193 and parameters: {'confidence_threshold': 0.5497381024139926, 'training_days': 120, 'n_estimators': 408, 'max_depth': 5, 'num_leaves': 38, 'learning_rate': 0.28049122657745795, 'subsample': 0.8806573338635493, 'colsample_bytree': 0.5454054113547102, 'min_child_samples': 63, 'reg_alpha': 0.01263008637940408, 'reg_lambda': 0.04588020805366937}. Best is trial 4 with value: 0.03663115164436953.
