[I 2026-06-01 13:02:57,964] Trial 5 finished with value: -0.11039472036386751 and parameters: {'confidence_threshold': 0.7111850244908446, 'training_days': 490, 'n_estimators': 362, 'max_depth': 5, 'num_leaves': 40, 'learning_rate': 0.05960785724162737, 'subsample': 0.5589714368907717, 'colsample_bytree': 0.6659006943232806, 'min_child_samples': 42, 'reg_alpha': 0.6741360303045295, 'reg_lambda': 6.054601607143087e-08}. Best is trial 2 with value: -0.0072379163124229925.
[I 2026-06-01 13:02:58,147] Trial 6 finished with value: -0.14596165103838885 and parameters: {'confidence_threshold': 0.667482545748023, 'training_days': 420, 'n_estimators': 279, 'max_depth': 3, 'num_leaves': 45, 'learning_rate': 0.040099592560849204, 'subsample': 0.8563114696415159, 'colsample_bytree': 0.5442917781944105, 'min_child_samples': 50, 'reg_alpha': 1.6407916423707903e-08, 'reg_lambda': 2.935907642973286e-05}. Best is trial 2 with value: -0.0072379163124229925.
[I 2026-06-01 13:02:58,302] Trial 7 finished with value: -0.06069314371391217 and parameters: {'confidence_threshold': 0.5497381024139926, 'training_days': 120, 'n_estimators': 408, 'max_depth': 5, 'num_leaves': 38, 'learning_rate': 0.28049122657745795, 'subsample': 0.8806573338635493, 'colsample_bytree': 0.5454054113547102, 'min_child_samples': 63, 'reg_alpha': 0.01263008637940408, 'reg_lambda': 0.04588020805366937}. Best is trial 2 with value: -0.0072379163124229925.
[I 2026-06-01 13:02:58,568] Trial 8 finished with value: -0.12185874014406488 and parameters: {'confidence_threshold': 0.719644804808716, 'training_days': 450, 'n_estimators': 410, 'max_depth': 4, 'num_leaves': 57, 'learning_rate': 0.04022026551478857, 'subsample': 0.5336085426932707, 'colsample_bytree': 0.5705742850577543, 'min_child_samples': 100, 'reg_alpha': 5.916398047912201e-07, 'reg_lambda': 0.9794034214488329}. Best is trial 2 with value: -0.0072379163124229925.
[I 2026-06-01 13:02:58,593] Trial 9 finished with value: -8.09321394075359 and parameters: {'confidence_threshold': 0.7267463643917187, 'training_days': 20, 'n_estimators': 337, 'max_depth': 5, 'num_leaves': 23, 'learning_rate': 0.022153031811454605, 'subsample': 0.6305627572358737, 'colsample_bytree': 0.6613413774216214, 'min_child_samples': 81, 'reg_alpha': 5.7638634029410314e-08, 'reg_lambda': 8.26603016764008}. Best is trial 2 with value: -0.0072379163124229925.
[I 2026-06-01 13:02:58,621] Trial 10 finished with value: -4.085571953009753 and parameters: {'confidence_threshold': 0.8398533911817929, 'training_days': 10, 'n_estimators': 228, 'max_depth': 3, 'num_leaves': 15, 'learning_rate': 0.2789359567293539, 'subsample': 0.6821883053833926, 'colsample_bytree': 0.9944479338273263, 'min_child_samples': 23, 'reg_alpha': 2.903134294418681, 'reg_lambda': 0.0032849428938367974}. Best is trial 2 with value: -0.0072379163124229925.
[I 2026-06-01 13:02:58,906] Trial 11 finished with value: -0.08454628355989557 and parameters: {'confidence_threshold': 0.6072368037709402, 'training_days': 130, 'n_estimators': 478, 'max_depth': 4, 'num_leaves': 54, 'learning_rate': 0.11404807996447297, 'subsample': 0.9876183503862322, 'colsample_bytree': 0.9214296292909252, 'min_child_samples': 39, 'reg_alpha': 2.5646023357365184e-05, 'reg_lambda': 5.962006663598236e-05}. Best is trial 2 with value: -0.0072379163124229925.
[I 2026-06-01 13:02:59,047] Trial 12 finished with value: -0.05670414732940125 and parameters: {'confidence_threshold': 0.5145853631584999, 'training_days': 100, 'n_estimators': 219, 'max_depth': 4, 'num_leaves': 50, 'learning_rate': 0.011971471002830407, 'subsample': 0.9912016966112274, 'colsample_bytree': 0.8420599046380293, 'min_child_samples': 34, 'reg_alpha': 0.0006311531830675405, 'reg_lambda': 2.219199238056466e-06}. Best is trial 2 with value: -0.0072379163124229925.
[I 2026-06-01 13:02:59,210] Trial 13 finished with value: -0.10199561880938686 and parameters: {'confidence_threshold': 0.5007578887007379, 'training_days': 200, 'n_estimators': 205, 'max_depth': 4, 'num_leaves': 52, 'learning_rate': 0.010704602293018317, 'subsample': 0.7494539928062666, 'colsample_bytree': 0.7701436367105973, 'min_child_samples': 49, 'reg_alpha': 0.004070150043188811, 'reg_lambda': 1.8799948266058237e-06}. Best is trial 2 with value: -0.0072379163124229925.
[I 2026-06-01 13:02:59,278] Trial 14 finished with value: 0.02308376737617 and parameters: {'confidence_threshold': 0.5057563615222779, 'training_days': 70, 'n_estimators': 212, 'max_depth': 3, 'num_leaves': 60, 'learning_rate': 0.011233670728403799, 'subsample': 0.6216202371581264, 'colsample_bytree': 0.6328258951109095, 'min_child_samples': 55, 'reg_alpha': 0.10206597983399858, 'reg_lambda': 0.003168479913520823}. Best is trial 14 with value: 0.02308376737617.
[I 2026-06-01 13:02:59,304] Trial 15 finished with value: -5.983007280430771 and parameters: {'confidence_threshold': 0.542118951552222, 'training_days': 40, 'n_estimators': 166, 'max_depth': 3, 'num_leaves': 59, 'learning_rate': 0.020786271880176583, 'subsample': 0.6228667919006102, 'colsample_bytree': 0.6321778660937194, 'min_child_samples': 60, 'reg_alpha': 0.13059613104316006, 'reg_lambda': 0.0026406526000485684}. Best is trial 14 with value: 0.02308376737617.
[I 2026-06-01 13:02:59,411] Trial 16 finished with value: -0.1222305428702964 and parameters: {'confidence_threshold': 0.630551521070038, 'training_days': 170, 'n_estimators': 277, 'max_depth': 3, 'num_leaves': 61, 'learning_rate': 0.15320262298645182, 'subsample': 0.7157514535701918, 'colsample_bytree': 0.6049315744280896, 'min_child_samples': 51, 'reg_alpha': 7.3344666516039565, 'reg_lambda': 0.01848531060664196}. Best is trial 14 with value: 0.02308376737617.

    [trial 16] Sharpe=-0.0022 (folds: -0.1992, 0.3247, -0.0630, 0.1054, -0.1791)
    [trial 17] 48 features, training_days=100 | threshold=0.665 | labels: 1191 long, 980 short (55/45%)
    [trial 17] Sharpe=-0.0323 (folds: -0.2789, 0.1866, -0.0456, 0.1482, -0.1720)
  Optuna: 18 trials, best Sharpe = 0.0373
  Best params: n_estimators=59, max_depth=4, lr=0.0903, leaves=60
  Best confidence_threshold: 0.554
  Best training_days: 80
  Retrained on full data (240 samples, 48 features)
  [ensemble 2/3] seed=123
    [trial 0] 48 features, training_days=150 | threshold=0.744 | labels: 1191 long, 980 short (55/45%)
    [CV fold 0] train_end=2023-08-23 08:00 | val_start=2023-08-31 00:00 | gap=184h (22 rows)
    [CV fold 1] train_end=2023-12-21 16:00 | val_start=2023-12-29 08:00 | gap=184h (22 rows)
    [CV fold 2] train_end=2024-04-20 00:00 | val_start=2024-04-27 16:00 | gap=184h (22 rows)
    [CV fold 3] train_end=2024-08-18 08:00 | val_start=2024-08-26 00:00 | gap=184h (22 rows)
    [CV fold 4] train_end=2024-12-16 16:00 | val_start=2024-12-24 08:00 | gap=184h (22 rows)
    [trial 0] Sharpe=-0.1800 (folds: -0.2740, 0.0687, -0.1462, -0.3005, -0.2481)
    [trial 1] 48 features, training_days=220 | threshold=0.755 | labels: 1191 long, 980 short (55/45%)
    [trial 1] Sharpe=-1.9907 (folds: -0.1272, 0.3813, 0.0916, -10.0000, -0.2991)
    [trial 2] 48 features, training_days=310 | threshold=0.754 | labels: 1191 long, 980 short (55/45%)
    [trial 2] Sharpe=-0.1520 (folds: -0.2991, 0.2008, -0.0764, -0.1520, -0.4333)
    [trial 3] 48 features, training_days=220 | threshold=0.673 | labels: 1191 long, 980 short (55/45%)
    [trial 3] Sharpe=-0.1164 (folds: -0.2842, 0.1111, -0.0091, -0.1251, -0.2746)
    [trial 4] 48 features, training_days=130 | threshold=0.803 | labels: 1191 long, 980 short (55/45%)
    [trial 4] Sharpe=-0.0473 (folds: -0.3123, 0.2589, -0.1191, 0.0874, -0.1516)
    [trial 5] 48 features, training_days=210 | threshold=0.606 | labels: 1191 long, 980 short (55/45%)
    [trial 5] Sharpe=-0.1369 (folds: -0.1482, -0.0234, -0.0105, -0.1921, -0.3104)
    [trial 6] 48 features, training_days=130 | threshold=0.767 | labels: 1191 long, 980 short (55/45%)
    [trial 6] Sharpe=-0.0997 (folds: -0.3709, 0.1365, -0.1026, -0.0026, -0.1591)
    [trial 7] 48 features, training_days=80 | threshold=0.556 | labels: 1191 long, 980 short (55/45%)
    [trial 7] Sharpe=0.0201 (folds: 0.0466, 0.2583, -0.0135, -0.0261, -0.1651)
    [trial 8] 48 features, training_days=200 | threshold=0.607 | labels: 1191 long, 980 short (55/45%)
    [trial 8] Sharpe=-0.1379 (folds: -0.2857, 0.0679, -0.0697, -0.1331, -0.2690)
    [trial 9] 48 features, training_days=260 | threshold=0.620 | labels: 1191 long, 980 short (55/45%)
    [trial 9] Sharpe=-0.1258 (folds: -0.2790, 0.0906, -0.0473, -0.1601, -0.2331)
    [trial 10] 48 features, training_days=10 | threshold=0.525 | labels: 1191 long, 980 short (55/45%)
    [trial 10] Sharpe=-0.0072 (folds: 0.3023, -0.0483, 0.0894, -0.3176, -0.0620)
    [trial 11] 48 features, training_days=10 | threshold=0.505 | labels: 1191 long, 980 short (55/45%)
    [trial 11] Sharpe=-0.0072 (folds: 0.3023, -0.0483, 0.0894, -0.3176, -0.0620)
    [trial 12] 48 features, training_days=470 | threshold=0.511 | labels: 1191 long, 980 short (55/45%)
    [trial 12] Sharpe=-0.1060 (folds: -0.1966, -0.0120, -0.1310, 0.0495, -0.2398)
    [trial 13] 48 features, training_days=10 | threshold=0.558 | labels: 1191 long, 980 short (55/45%)
    [trial 13] Sharpe=-0.0072 (folds: 0.3023, -0.0483, 0.0894, -0.3176, -0.0620)
    [trial 14] 48 features, training_days=70 | threshold=0.554 | labels: 1191 long, 980 short (55/45%)
    [trial 14] Sharpe=0.0363 (folds: 0.0859, 0.2203, 0.0115, 0.0282, -0.1645)
    [trial 15] 48 features, training_days=80 | threshold=0.568 | labels: 1191 long, 980 short (55/45%)
    [trial 15] Sharpe=0.0235 (folds: -0.0441, 0.2071, 0.0962, 0.0133, -0.1548)
    [trial 16] 48 features, training_days=350 | threshold=0.663 | labels: 1191 long, 980 short (55/45%)
    [trial 16] Sharpe=-0.1369 (folds: -0.2488, 0.0388, -0.0756, -0.1224, -0.2764)
    [trial 17] 48 features, training_days=80 | threshold=0.567 | labels: 1191 long, 980 short (55/45%)
    [trial 17] Sharpe=0.0011 (folds: -0.0405, 0.2156, -0.0434, 0.0104, -0.1367)
  Optuna: 18 trials, best Sharpe = 0.0363
  Best params: n_estimators=284, max_depth=3, lr=0.0407, leaves=56
  Best confidence_threshold: 0.554
  Best training_days: 70
  Retrained on full data (210 samples, 48 features)
  [ensemble 3/3] seed=456
    [trial 0] 48 features, training_days=90 | threshold=0.587 | labels: 1191 long, 980 short (55/45%)
    [CV fold 0] train_end=2023-08-23 08:00 | val_start=2023-08-31 00:00 | gap=184h (22 rows)
    [CV fold 1] train_end=2023-12-21 16:00 | val_start=2023-12-29 08:00 | gap=184h (22 rows)
    [CV fold 2] train_end=2024-04-20 00:00 | val_start=2024-04-27 16:00 | gap=184h (22 rows)
    [CV fold 3] train_end=2024-08-18 08:00 | val_start=2024-08-26 00:00 | gap=184h (22 rows)
    [CV fold 4] train_end=2024-12-16 16:00 | val_start=2024-12-24 08:00 | gap=184h (22 rows)
    [trial 0] Sharpe=-0.0601 (folds: -0.2196, 0.1784, -0.0702, 0.0205, -0.2093)
    [trial 1] 48 features, training_days=290 | threshold=0.635 | labels: 1191 long, 980 short (55/45%)
    [trial 1] Sharpe=-0.1775 (folds: -0.2465, 0.0629, -0.0532, -0.2632, -0.3873)
    [trial 2] 48 features, training_days=10 | threshold=0.585 | labels: 1191 long, 980 short (55/45%)
    [trial 2] Sharpe=-0.0072 (folds: 0.3023, -0.0483, 0.0894, -0.3176, -0.0620)
    [trial 3] 48 features, training_days=220 | threshold=0.687 | labels: 1191 long, 980 short (55/45%)
    [trial 3] Sharpe=-0.1429 (folds: -0.2183, 0.0971, 0.0124, -0.1724, -0.4331)
    [trial 4] 48 features, training_days=300 | threshold=0.562 | labels: 1191 long, 980 short (55/45%)
    [trial 4] Sharpe=-0.1295 (folds: -0.2659, 0.0616, -0.0269, -0.1194, -0.2970)
    [trial 5] 48 features, training_days=490 | threshold=0.711 | labels: 1191 long, 980 short (55/45%)
    [trial 5] Sharpe=-0.1104 (folds: -0.3073, 0.1200, -0.0633, 0.1044, -0.4058)
    [trial 6] 48 features, training_days=420 | threshold=0.667 | labels: 1191 long, 980 short (55/45%)
    [trial 6] Sharpe=-0.1460 (folds: -0.3105, 0.1100, -0.0918, -0.0473, -0.3902)
    [trial 7] 48 features, training_days=120 | threshold=0.550 | labels: 1191 long, 980 short (55/45%)
    [trial 7] Sharpe=-0.0607 (folds: -0.1927, 0.2231, -0.1635, -0.0208, -0.1496)
    [trial 8] 48 features, training_days=450 | threshold=0.720 | labels: 1191 long, 980 short (55/45%)
    [trial 8] Sharpe=-0.1219 (folds: -0.2339, 0.0104, -0.0722, 0.0092, -0.3228)
    [trial 9] 48 features, training_days=20 | threshold=0.727 | labels: 1191 long, 980 short (55/45%)
    [trial 9] Sharpe=-8.0932 (folds: -0.4661, -10.0000, -10.0000, -10.0000, -10.0000)
    [trial 10] 48 features, training_days=10 | threshold=0.840 | labels: 1191 long, 980 short (55/45%)
    [trial 10] Sharpe=-4.0856 (folds: -10.0000, -0.0483, -10.0000, -0.3176, -0.0620)
    [trial 11] 48 features, training_days=130 | threshold=0.607 | labels: 1191 long, 980 short (55/45%)
    [trial 11] Sharpe=-0.0845 (folds: -0.2664, 0.1515, -0.1514, -0.0340, -0.1224)
    [trial 12] 48 features, training_days=100 | threshold=0.515 | labels: 1191 long, 980 short (55/45%)
    [trial 12] Sharpe=-0.0567 (folds: -0.2312, 0.1870, -0.0395, -0.0833, -0.1165)
    [trial 13] 48 features, training_days=200 | threshold=0.501 | labels: 1191 long, 980 short (55/45%)
    [trial 13] Sharpe=-0.1020 (folds: -0.2118, 0.0419, 0.0212, -0.1203, -0.2411)
    [trial 14] 48 features, training_days=70 | threshold=0.506 | labels: 1191 long, 980 short (55/45%)
    [trial 14] Sharpe=0.0231 (folds: -0.1129, 0.2013, 0.0729, 0.0950, -0.1410)
    [trial 15] 48 features, training_days=40 | threshold=0.542 | labels: 1191 long, 980 short (55/45%)
    [trial 15] Sharpe=-5.9830 (folds: -10.0000, 0.1991, -10.0000, -10.0000, -0.1141)
    [trial 16] 48 features, training_days=170 | threshold=0.631 | labels: 1191 long, 980 short (55/45%)
    [trial 16] Sharpe=-0.1222 (folds: -0.2646, 0.0283, -0.0114, -0.2471, -0.1163)
    [trial 17] 48 features, training_days=70 | threshold=0.787 | labels: 1191 long, 980 short (55/45%)[I 2026-06-01 13:02:59,490] Trial 17 finished with value: -0.0683496321039558 and parameters: {'confidence_threshold': 0.7873735958410488, 'training_days': 70, 'n_estimators': 312, 'max_depth': 3, 'num_leaves': 28, 'learning_rate': 0.019352225990314435, 'subsample': 0.6140078994553434, 'colsample_bytree': 0.5083916825187641, 'min_child_samples': 63, 'reg_alpha': 0.1991095378464922, 'reg_lambda': 0.001352150060975526}. Best is trial 14 with value: 0.02308376737617.
[I 2026-06-01 13:03:00,200] A new study created in memory with name: no-name-d257e06c-ec3b-4a51-90bd-d5465870eb06
[I 2026-06-01 13:03:00,526] Trial 0 finished with value: -0.08168299323766404 and parameters: {'confidence_threshold': 0.6310890415965769, 'training_days': 480, 'n_estimators': 380, 'max_depth': 4, 'num_leaves': 22, 'learning_rate': 0.01699897838270077, 'subsample': 0.5290418060840998, 'colsample_bytree': 0.9330880728874675, 'min_child_samples': 68, 'reg_alpha': 0.023585940584142682, 'reg_lambda': 1.5320059381854043e-08}. Best is trial 0 with value: -0.08168299323766404.
[I 2026-06-01 13:03:00,657] Trial 1 finished with value: -3.952330906411887 and parameters: {'confidence_threshold': 0.839468448256698, 'training_days': 420, 'n_estimators': 145, 'max_depth': 3, 'num_leaves': 23, 'learning_rate': 0.028145092716060652, 'subsample': 0.762378215816119, 'colsample_bytree': 0.7159725093210578, 'min_child_samples': 43, 'reg_alpha': 0.0032112643094417484, 'reg_lambda': 1.8007140198129195e-07}. Best is trial 0 with value: -0.08168299323766404.
[I 2026-06-01 13:03:00,835] Trial 2 finished with value: -0.14124772070359506 and parameters: {'confidence_threshold': 0.6022506269873263, 'training_days': 190, 'n_estimators': 255, 'max_depth': 5, 'num_leaves': 24, 'learning_rate': 0.05748924681991978, 'subsample': 0.7962072844310213, 'colsample_bytree': 0.5232252063599989, 'min_child_samples': 69, 'reg_alpha': 3.425445902633376e-07, 'reg_lambda': 3.850031979199519e-08}. Best is trial 0 with value: -0.08168299323766404.
[I 2026-06-01 13:03:01,119] Trial 3 finished with value: -0.07691291478038965 and parameters: {'confidence_threshold': 0.8321099380386666, 'training_days': 490, 'n_estimators': 414, 'max_depth': 3, 'num_leaves': 19, 'learning_rate': 0.1024932221692416, 'subsample': 0.7200762468698007, 'colsample_bytree': 0.5610191174223894, 'min_child_samples': 60, 'reg_alpha': 2.039373116525212e-08, 'reg_lambda': 1.527156759251193}. Best is trial 3 with value: -0.07691291478038965.
[I 2026-06-01 13:03:01,288] Trial 4 finished with value: -0.10813651402747104 and parameters: {'confidence_threshold': 0.5905729935600059, 'training_days': 340, 'n_estimators': 190, 'max_depth': 4, 'num_leaves': 41, 'learning_rate': 0.01875220945578641, 'subsample': 0.9847923138822793, 'colsample_bytree': 0.8875664116805573, 'min_child_samples': 96, 'reg_alpha': 1.1309571585271483, 'reg_lambda': 0.002404915432737351}. Best is trial 3 with value: -0.07691291478038965.
[I 2026-06-01 13:03:01,335] Trial 5 finished with value: -0.05614638135984825 and parameters: {'confidence_threshold': 0.8226559822580909, 'training_days': 50, 'n_estimators': 138, 'max_depth': 3, 'num_leaves': 30, 'learning_rate': 0.03750796359625606, 'subsample': 0.6356745158869479, 'colsample_bytree': 0.9143687545759647, 'min_child_samples': 48, 'reg_alpha': 3.376063348877853e-06, 'reg_lambda': 0.0007660634613082914}. Best is trial 5 with value: -0.05614638135984825.
[I 2026-06-01 13:03:01,448] Trial 6 finished with value: -0.0546661203450719 and parameters: {'confidence_threshold': 0.5493234787411669, 'training_days': 410, 'n_estimators': 83, 'max_depth': 5, 'num_leaves': 52, 'learning_rate': 0.019657448966046126, 'subsample': 0.5027610585618012, 'colsample_bytree': 0.9077307142274171, 'min_child_samples': 77, 'reg_alpha': 0.03639690979811287, 'reg_lambda': 0.08738424135626986}. Best is trial 6 with value: -0.0546661203450719.
[I 2026-06-01 13:03:01,557] Trial 7 finished with value: -0.15733112923964096 and parameters: {'confidence_threshold': 0.5259156281069316, 'training_days': 180, 'n_estimators': 102, 'max_depth': 5, 'num_leaves': 45, 'learning_rate': 0.030816017044468066, 'subsample': 0.5317791751430119, 'colsample_bytree': 0.6554911608578311, 'min_child_samples': 46, 'reg_alpha': 0.036851536911881845, 'reg_lambda': 0.005470376807480391}. Best is trial 6 with value: -0.0546661203450719.
[I 2026-06-01 13:03:01,679] Trial 8 finished with value: -0.142607087828282 and parameters: {'confidence_threshold': 0.8105244599017143, 'training_days': 240, 'n_estimators': 103, 'max_depth': 5, 'num_leaves': 52, 'learning_rate': 0.06746437142284309, 'subsample': 0.8854835899772805, 'colsample_bytree': 0.7468977981821954, 'min_child_samples': 62, 'reg_alpha': 7.04480806377519e-05, 'reg_lambda': 1.6934490731313353e-08}. Best is trial 6 with value: -0.0546661203450719.
