[I 2026-06-01 12:59:57,928] Trial 17 finished with value: -0.0316691203549423 and parameters: {'confidence_threshold': 0.7873735958410488, 'training_days': 260, 'n_estimators': 493, 'max_depth': 3, 'num_leaves': 62, 'learning_rate': 0.29424345048632405, 'subsample': 0.6509783555022516, 'colsample_bytree': 0.5074943562183012, 'min_child_samples': 68, 'reg_alpha': 5.711275267747857e-06, 'reg_lambda': 0.00039965744314963514}. Best is trial 16 with value: 0.003597901502802034.
[I 2026-06-01 12:59:58,463] A new study created in memory with name: no-name-04c4b673-4833-4ac2-b5d5-63039b38a882

    [trial 4] 48 features, training_days=300 | threshold=0.562 | labels: 1107 long, 1061 short (51/49%)
    [trial 4] Sharpe=-0.0114 (folds: -0.0565, -0.0945, 0.0942, -0.1731, 0.1730)
    [trial 5] 48 features, training_days=490 | threshold=0.711 | labels: 1107 long, 1061 short (51/49%)
    [trial 5] Sharpe=-0.0513 (folds: -0.0170, -0.1617, -0.0055, -0.1405, 0.0681)
    [trial 6] 48 features, training_days=420 | threshold=0.667 | labels: 1107 long, 1061 short (51/49%)
    [trial 6] Sharpe=-0.0267 (folds: -0.0978, -0.1372, 0.0074, -0.0281, 0.1223)
    [trial 7] 48 features, training_days=120 | threshold=0.550 | labels: 1107 long, 1061 short (51/49%)
    [trial 7] Sharpe=-0.0845 (folds: 0.0899, -0.1909, -0.0641, -0.1577, -0.0994)
    [trial 8] 48 features, training_days=450 | threshold=0.720 | labels: 1107 long, 1061 short (51/49%)
    [trial 8] Sharpe=-0.0624 (folds: -0.1153, -0.0928, -0.1498, -0.1053, 0.1512)
    [trial 9] 48 features, training_days=20 | threshold=0.727 | labels: 1107 long, 1061 short (51/49%)
    [trial 9] Sharpe=-6.0918 (folds: -10.0000, -0.0303, -10.0000, -10.0000, -0.4289)
    [trial 10] 48 features, training_days=320 | threshold=0.840 | labels: 1107 long, 1061 short (51/49%)
    [trial 10] Sharpe=-0.0346 (folds: -0.1152, 0.0883, -0.1748, -0.0291, 0.0580)
    [trial 11] 48 features, training_days=180 | threshold=0.538 | labels: 1107 long, 1061 short (51/49%)
    [trial 11] Sharpe=-0.0080 (folds: -0.0065, -0.0918, 0.0414, -0.0026, 0.0194)
    [trial 12] 48 features, training_days=200 | threshold=0.512 | labels: 1107 long, 1061 short (51/49%)
    [trial 12] Sharpe=-0.0338 (folds: -0.0548, -0.0539, -0.0473, -0.0160, 0.0028)
    [trial 13] 48 features, training_days=360 | threshold=0.501 | labels: 1107 long, 1061 short (51/49%)
    [trial 13] Sharpe=-0.0528 (folds: 0.0020, -0.0888, 0.0788, -0.1881, -0.0679)
    [trial 14] 48 features, training_days=180 | threshold=0.608 | labels: 1107 long, 1061 short (51/49%)
    [trial 14] Sharpe=0.0012 (folds: 0.0767, -0.1314, 0.0013, 0.0236, 0.0359)
    [trial 15] 48 features, training_days=160 | threshold=0.636 | labels: 1107 long, 1061 short (51/49%)
    [trial 15] Sharpe=-0.0199 (folds: -0.1063, -0.0335, 0.0454, -0.0228, 0.0176)
    [trial 16] 48 features, training_days=230 | threshold=0.781 | labels: 1107 long, 1061 short (51/49%)
    [trial 16] Sharpe=0.0036 (folds: 0.0747, -0.1019, -0.0771, -0.0137, 0.1360)
    [trial 17] 48 features, training_days=260 | threshold=0.787 | labels: 1107 long, 1061 short (51/49%)
    [trial 17] Sharpe=-0.0317 (folds: 0.0600, -0.1499, -0.0709, -0.1575, 0.1600)
  Optuna: 18 trials, best Sharpe = 0.0036
  Best params: n_estimators=244, max_depth=3, lr=0.2948, leaves=55
  Best confidence_threshold: 0.781
  Best training_days: 230
  Retrained on full data (690 samples, 48 features)
  OOD: 16 features, cutoff (q=0.7) = 11.48
  Model trained for 2024-01: 93 test candles with features, confidence_threshold=0.663
[trade:close] 2024-01-02 07:59 BTCUSDT LONG → take_profit @ 45227.42 | PnL=+6.25% (net +6.15%) | cum=-14.40% 2024-01=+6.15% 2024-01-02=+6.15%
[predict] 2024-01-03 00:00 BTCUSDT → SHORT (proba=0.98 TP=6.6%/SL=3.3%)
[trade:open] 2024-01-03 07:59 BTCUSDT SHORT @ 45030.40 | SL=46509.66 TP=42071.87 | timeout=2024-01-10 07:59
[trade:close] 2024-01-03 15:59 BTCUSDT SHORT → take_profit @ 42071.87 | PnL=+6.57% (net +6.47%) | cum=-7.93% 2024-01=+12.62% 2024-01-03=+6.47%
[predict] 2024-01-05 08:00 BTCUSDT → LONG (proba=0.81 TP=10.6%/SL=5.3%)
[trade:open] 2024-01-05 15:59 BTCUSDT LONG @ 43495.20 | SL=41184.68 TP=48116.24 | timeout=2024-01-12 15:59
[trade:close] 2024-01-11 15:59 BTCUSDT LONG → take_profit @ 48116.24 | PnL=+10.62% (net +10.52%) | cum=+2.59% 2024-01=+23.14% 2024-01-11=+10.52%
[predict] 2024-01-17 16:00 BTCUSDT → SHORT (proba=0.69 TP=8.2%/SL=4.1%)
[trade:open] 2024-01-17 23:59 BTCUSDT SHORT @ 42783.40 | SL=44546.15 TP=39257.89 | timeout=2024-01-24 23:59
[trade:close] 2024-01-23 15:59 BTCUSDT SHORT → take_profit @ 39257.89 | PnL=+8.24% (net +8.14%) | cum=+10.73% 2024-01=+31.28% 2024-01-23=+8.14%
[predict] 2024-01-24 16:00 BTCUSDT → LONG (proba=0.98 TP=7.3%/SL=3.7%)
[trade:open] 2024-01-24 23:59 BTCUSDT LONG @ 40078.70 | SL=38609.41 TP=43017.29 | timeout=2024-01-31 23:59
[trade:close] 2024-01-29 23:59 BTCUSDT LONG → take_profit @ 43017.29 | PnL=+7.33% (net +7.23%) | cum=+17.96% 2024-01=+38.52% 2024-01-29=+7.23%
[predict] 2024-01-30 16:00 BTCUSDT → SHORT (proba=0.77 TP=6.3%/SL=3.2%)
[trade:open] 2024-01-30 23:59 BTCUSDT SHORT @ 42918.30 | SL=44273.51 TP=40207.88 | timeout=2024-02-06 23:59
[lgbm] === Training for 2024-02 ===
  Train window: 2022-02-01 → 2024-01-24
  2168 training samples from 1 symbols
  Samples per month: 2022-02: 84, 2022-03: 93, 2022-04: 90, 2022-05: 93, 2022-06: 90, 2022-07: 93, 2022-08: 93, 2022-09: 90, 2022-10: 93, 2022-11: 90, 2022-12: 93, 2023-01: 93, 2023-02: 84, 2023-03: 93, 2023-04: 90, 2023-05: 93, 2023-06: 90, 2023-07: 93, 2023-08: 93, 2023-09: 90, 2023-10: 93, 2023-11: 90, 2023-12: 93, 2024-01: 71
  [label] 2022-04-03 16:00 BTCUSDT entry=46392.4000 → SHORT | long=sl(-4.01%) short=tp(+7.71%) | scanned=10 | short_tp_only
  [label] 2022-04-05 16:00 BTCUSDT entry=45477.4000 → SHORT | long=sl(-4.12%) short=tp(+7.93%) | scanned=16 | short_tp_only
  [label] 2022-04-09 16:00 BTCUSDT entry=42727.7000 → SHORT | long=sl(-3.93%) short=tp(+7.55%) | scanned=6 | short_tp_only
  [label] 2022-05-04 08:00 BTCUSDT entry=38969.0000 → SHORT | long=sl(-3.86%) short=tp(+7.43%) | scanned=3 | short_tp_only
  [label] 2022-06-25 16:00 BTCUSDT entry=21481.9000 → SHORT | long=sl(-7.30%) short=timeout(+10.33%) | scanned=22 | no_tp→fwd_return=-10.4320
  [label] 2022-12-08 16:00 BTCUSDT entry=17216.0000 → LONG | long=tp(+4.81%) short=sl(-2.56%) | scanned=14 | long_tp_only
  [label] 2022-12-12 16:00 BTCUSDT entry=17200.0000 → LONG | long=tp(+3.69%) short=sl(-1.99%) | scanned=2 | long_tp_only
  [label] 2022-12-23 08:00 BTCUSDT entry=16825.9000 → SHORT | long=sl(-2.53%) short=timeout(+1.55%) | scanned=22 | no_tp→fwd_return=-1.6534
  [label] 2023-02-06 08:00 BTCUSDT entry=23040.5000 → SHORT | long=sl(-3.22%) short=tp(+6.14%) | scanned=11 | short_tp_only
  [label] 2023-02-14 16:00 BTCUSDT entry=22187.4000 → LONG | long=tp(+6.05%) short=sl(-3.18%) | scanned=3 | long_tp_only
  [label] 2023-05-16 00:00 BTCUSDT entry=27240.6000 → LONG | long=timeout(+0.10%) short=timeout(-0.30%) | scanned=22 | no_tp→fwd_return=+0.2026
  [label] 2023-06-17 00:00 BTCUSDT entry=26587.6000 → LONG | long=tp(+6.95%) short=sl(-3.62%) | scanned=12 | long_tp_only
  [label] 2023-07-03 00:00 BTCUSDT entry=30662.8000 → SHORT | long=sl(-2.89%) short=sl(-2.89%) | scanned=12 | no_tp→fwd_return=-2.1847
  [label] 2023-07-15 16:00 BTCUSDT entry=30276.4000 → SHORT | long=sl(-2.82%) short=timeout(+1.53%) | scanned=22 | no_tp→fwd_return=-1.6280
  [label] 2023-08-03 08:00 BTCUSDT entry=29244.4000 → LONG | long=timeout(+0.61%) short=sl(-2.39%) | scanned=22 | no_tp→fwd_return=+0.7126
  [label] 2023-08-09 16:00 BTCUSDT entry=29572.8000 → SHORT | long=sl(-2.20%) short=timeout(+2.80%) | scanned=22 | no_tp→fwd_return=-2.9027
  [label] 2023-08-22 00:00 BTCUSDT entry=26091.6000 → SHORT | long=sl(-2.87%) short=timeout(+0.28%) | scanned=22 | no_tp→fwd_return=-0.3817
  [label] 2023-09-30 08:00 BTCUSDT entry=26986.2000 → LONG | long=tp(+4.01%) short=sl(-2.15%) | scanned=4 | long_tp_only
  [label] 2023-10-10 08:00 BTCUSDT entry=27395.5000 → LONG | long=sl(-2.37%) short=sl(-2.37%) | scanned=17 | no_tp→fwd_return=+1.6123
  [label] 2024-01-04 08:00 BTCUSDT entry=44050.4000 → LONG | long=tp(+10.00%) short=sl(-5.15%) | scanned=21 | long_tp_only
  Labels: 1110 long (51.2%), 1058 short (48.8%) | weights: min=1.00, mean=2.93, max=10.00
  Features: 2168/2168 matched, 48 columns
  CV gap: 22 rows
  [ensemble 1/3] seed=42
    [trial 0] 48 features, training_days=480 | threshold=0.631 | labels: 1110 long, 1058 short (51/49%)
    [CV fold 0] train_end=2022-05-25 08:00 | val_start=2022-06-02 00:00 | gap=184h (22 rows)
    [CV fold 1] train_end=2022-09-22 16:00 | val_start=2022-09-30 08:00 | gap=184h (22 rows)
    [CV fold 2] train_end=2023-01-21 00:00 | val_start=2023-01-28 16:00 | gap=184h (22 rows)[I 2026-06-01 12:59:58,788] Trial 0 finished with value: -0.1348209822621717 and parameters: {'confidence_threshold': 0.6310890415965769, 'training_days': 480, 'n_estimators': 380, 'max_depth': 4, 'num_leaves': 22, 'learning_rate': 0.01699897838270077, 'subsample': 0.5290418060840998, 'colsample_bytree': 0.9330880728874675, 'min_child_samples': 68, 'reg_alpha': 0.023585940584142682, 'reg_lambda': 1.5320059381854043e-08}. Best is trial 0 with value: -0.1348209822621717.
[I 2026-06-01 12:59:58,911] Trial 1 finished with value: -2.1155396658894974 and parameters: {'confidence_threshold': 0.839468448256698, 'training_days': 420, 'n_estimators': 145, 'max_depth': 3, 'num_leaves': 23, 'learning_rate': 0.028145092716060652, 'subsample': 0.762378215816119, 'colsample_bytree': 0.7159725093210578, 'min_child_samples': 43, 'reg_alpha': 0.0032112643094417484, 'reg_lambda': 1.8007140198129195e-07}. Best is trial 0 with value: -0.1348209822621717.
[I 2026-06-01 12:59:59,062] Trial 2 finished with value: -0.0737957016980978 and parameters: {'confidence_threshold': 0.6022506269873263, 'training_days': 190, 'n_estimators': 255, 'max_depth': 5, 'num_leaves': 24, 'learning_rate': 0.05748924681991978, 'subsample': 0.7962072844310213, 'colsample_bytree': 0.5232252063599989, 'min_child_samples': 69, 'reg_alpha': 3.425445902633376e-07, 'reg_lambda': 3.850031979199519e-08}. Best is trial 2 with value: -0.0737957016980978.
[I 2026-06-01 12:59:59,337] Trial 3 finished with value: -0.044170007038339926 and parameters: {'confidence_threshold': 0.8321099380386666, 'training_days': 490, 'n_estimators': 414, 'max_depth': 3, 'num_leaves': 19, 'learning_rate': 0.1024932221692416, 'subsample': 0.7200762468698007, 'colsample_bytree': 0.5610191174223894, 'min_child_samples': 60, 'reg_alpha': 2.039373116525212e-08, 'reg_lambda': 1.527156759251193}. Best is trial 3 with value: -0.044170007038339926.
[I 2026-06-01 12:59:59,509] Trial 4 finished with value: -0.060134835792115426 and parameters: {'confidence_threshold': 0.5905729935600059, 'training_days': 340, 'n_estimators': 190, 'max_depth': 4, 'num_leaves': 41, 'learning_rate': 0.01875220945578641, 'subsample': 0.9847923138822793, 'colsample_bytree': 0.8875664116805573, 'min_child_samples': 96, 'reg_alpha': 1.1309571585271483, 'reg_lambda': 0.002404915432737351}. Best is trial 3 with value: -0.044170007038339926.
[I 2026-06-01 12:59:59,548] Trial 5 finished with value: -0.09449915494114455 and parameters: {'confidence_threshold': 0.8226559822580909, 'training_days': 50, 'n_estimators': 138, 'max_depth': 3, 'num_leaves': 30, 'learning_rate': 0.03750796359625606, 'subsample': 0.6356745158869479, 'colsample_bytree': 0.9143687545759647, 'min_child_samples': 48, 'reg_alpha': 3.376063348877853e-06, 'reg_lambda': 0.0007660634613082914}. Best is trial 3 with value: -0.044170007038339926.
[I 2026-06-01 12:59:59,664] Trial 6 finished with value: -0.06960342181915433 and parameters: {'confidence_threshold': 0.5493234787411669, 'training_days': 410, 'n_estimators': 83, 'max_depth': 5, 'num_leaves': 52, 'learning_rate': 0.019657448966046126, 'subsample': 0.5027610585618012, 'colsample_bytree': 0.9077307142274171, 'min_child_samples': 77, 'reg_alpha': 0.03639690979811287, 'reg_lambda': 0.08738424135626986}. Best is trial 3 with value: -0.044170007038339926.
[I 2026-06-01 12:59:59,759] Trial 7 finished with value: -0.07526759082129623 and parameters: {'confidence_threshold': 0.5259156281069316, 'training_days': 180, 'n_estimators': 102, 'max_depth': 5, 'num_leaves': 45, 'learning_rate': 0.030816017044468066, 'subsample': 0.5317791751430119, 'colsample_bytree': 0.6554911608578311, 'min_child_samples': 46, 'reg_alpha': 0.036851536911881845, 'reg_lambda': 0.005470376807480391}. Best is trial 3 with value: -0.044170007038339926.
[I 2026-06-01 12:59:59,869] Trial 8 finished with value: -0.00487413671929969 and parameters: {'confidence_threshold': 0.8105244599017143, 'training_days': 240, 'n_estimators': 103, 'max_depth': 5, 'num_leaves': 52, 'learning_rate': 0.06746437142284309, 'subsample': 0.8854835899772805, 'colsample_bytree': 0.7468977981821954, 'min_child_samples': 62, 'reg_alpha': 7.04480806377519e-05, 'reg_lambda': 1.6934490731313353e-08}. Best is trial 8 with value: -0.00487413671929969.
[I 2026-06-01 12:59:59,891] Trial 9 finished with value: -4.049653921577874 and parameters: {'confidence_threshold': 0.5377619994476566, 'training_days': 20, 'n_estimators': 337, 'max_depth': 3, 'num_leaves': 39, 'learning_rate': 0.21907142272152816, 'subsample': 0.6246461145744375, 'colsample_bytree': 0.7051914615178149, 'min_child_samples': 81, 'reg_alpha': 1.1459970229341322e-06, 'reg_lambda': 4.929685216887945e-08}. Best is trial 8 with value: -0.00487413671929969.
[I 2026-06-01 13:00:00,492] Trial 10 finished with value: -0.0896280632090572 and parameters: {'confidence_threshold': 0.734042426776949, 'training_days': 280, 'n_estimators': 487, 'max_depth': 5, 'num_leaves': 62, 'learning_rate': 0.10432148521337849, 'subsample': 0.9416850669512905, 'colsample_bytree': 0.8120417635861826, 'min_child_samples': 27, 'reg_alpha': 7.238112263003475e-05, 'reg_lambda': 3.3639426888455256e-06}. Best is trial 8 with value: -0.00487413671929969.
[I 2026-06-01 13:00:00,764] Trial 11 finished with value: -0.08979677217719738 and parameters: {'confidence_threshold': 0.7615879655568232, 'training_days': 170, 'n_estimators': 496, 'max_depth': 4, 'num_leaves': 55, 'learning_rate': 0.10448448531784886, 'subsample': 0.8696252151616218, 'colsample_bytree': 0.5602505613527179, 'min_child_samples': 56, 'reg_alpha': 4.379223436569254e-08, 'reg_lambda': 9.74477562314831}. Best is trial 8 with value: -0.00487413671929969.
[I 2026-06-01 13:00:01,009] Trial 12 finished with value: -0.05036780820553234 and parameters: {'confidence_threshold': 0.7683435244955696, 'training_days': 270, 'n_estimators': 398, 'max_depth': 3, 'num_leaves': 15, 'learning_rate': 0.08962717626942573, 'subsample': 0.8361663661711445, 'colsample_bytree': 0.6260653972542471, 'min_child_samples': 30, 'reg_alpha': 1.2422832796199298e-08, 'reg_lambda': 4.931237356704141e-06}. Best is trial 8 with value: -0.00487413671929969.
[I 2026-06-01 13:00:01,246] Trial 13 finished with value: -0.0951630564815952 and parameters: {'confidence_threshold': 0.694422166807498, 'training_days': 350, 'n_estimators': 258, 'max_depth': 4, 'num_leaves': 34, 'learning_rate': 0.22361544567965289, 'subsample': 0.6866291716128416, 'colsample_bytree': 0.8035748095627873, 'min_child_samples': 59, 'reg_alpha': 5.455813891552554e-05, 'reg_lambda': 6.4252658050441624}. Best is trial 8 with value: -0.00487413671929969.
[I 2026-06-01 13:00:01,492] Trial 14 finished with value: -0.043345483176715965 and parameters: {'confidence_threshold': 0.8123476265205527, 'training_days': 500, 'n_estimators': 315, 'max_depth': 4, 'num_leaves': 50, 'learning_rate': 0.06371316850921271, 'subsample': 0.8799959323124845, 'colsample_bytree': 0.5997264910441401, 'min_child_samples': 87, 'reg_alpha': 6.243069797304175, 'reg_lambda': 0.1630740047818842}. Best is trial 8 with value: -0.00487413671929969.
[I 2026-06-01 13:00:01,610] Trial 15 finished with value: -1.827260257232232 and parameters: {'confidence_threshold': 0.7897255408101392, 'training_days': 130, 'n_estimators': 309, 'max_depth': 4, 'num_leaves': 49, 'learning_rate': 0.010312469746998797, 'subsample': 0.903423411427939, 'colsample_bytree': 0.7889386051290964, 'min_child_samples': 99, 'reg_alpha': 0.9815602184043841, 'reg_lambda': 2.7414781485337236e-05}. Best is trial 8 with value: -0.00487413671929969.
[I 2026-06-01 13:00:01,770] Trial 16 finished with value: -0.020645335567906105 and parameters: {'confidence_threshold': 0.7036336592591417, 'training_days': 320, 'n_estimators': 197, 'max_depth': 5, 'num_leaves': 60, 'learning_rate': 0.05827860252954493, 'subsample': 0.9988739738528196, 'colsample_bytree': 0.632035183231185, 'min_child_samples': 85, 'reg_alpha': 0.00043095139557057635, 'reg_lambda': 0.04867355360742981}. Best is trial 8 with value: -0.00487413671929969.
[I 2026-06-01 13:00:01,953] Trial 17 finished with value: -0.03701426808156481 and parameters: {'confidence_threshold': 0.6855237858310889, 'training_days': 320, 'n_estimators': 204, 'max_depth': 5, 'num_leaves': 63, 'learning_rate': 0.16522729299476824, 'subsample': 0.9635211495783731, 'colsample_bytree': 0.9956385980717998, 'min_child_samples': 87, 'reg_alpha': 0.0006812674700601213, 'reg_lambda': 0.0469280948276783}. Best is trial 8 with value: -0.00487413671929969.
[I 2026-06-01 13:00:02,242] A new study created in memory with name: no-name-60fbfe7a-bda7-4fed-bed2-599626b057fd
[I 2026-06-01 13:00:02,337] Trial 0 finished with value: -0.07648199810450693 and parameters: {'confidence_threshold': 0.7437642149592516, 'training_days': 150, 'n_estimators': 152, 'max_depth': 4, 'num_leaves': 50, 'learning_rate': 0.04216766425047743, 'subsample': 0.9903820991923078, 'colsample_bytree': 0.8424148692924316, 'min_child_samples': 58, 'reg_alpha': 3.381097259762742e-05, 'reg_lambda': 1.2263152961306247e-05}. Best is trial 0 with value: -0.07648199810450693.
[I 2026-06-01 13:00:02,405] Trial 1 finished with value: 0.23779113034110724 and parameters: {'confidence_threshold': 0.7551673975844145, 'training_days': 220, 'n_estimators': 76, 'max_depth': 4, 'num_leaves': 51, 'learning_rate': 0.018602118810743477, 'subsample': 0.5877258780737462, 'colsample_bytree': 0.7657756869209191, 'min_child_samples': 63, 'reg_alpha': 0.005123994170264194, 'reg_lambda': 0.44145470178120466}. Best is trial 1 with value: 0.23779113034110724.
[I 2026-06-01 13:00:02,658] Trial 2 finished with value: 0.00019429398423516652 and parameters: {'confidence_threshold': 0.7535593637012223, 'training_days': 310, 'n_estimators': 375, 'max_depth': 3, 'num_leaves': 32, 'learning_rate': 0.021735641882032388, 'subsample': 0.6468570231944146, 'colsample_bytree': 0.8154880619272439, 'min_child_samples': 27, 'reg_alpha': 8.004064028491336e-05, 'reg_lambda': 7.546835261630524e-05}. Best is trial 1 with value: 0.23779113034110724.
[I 2026-06-01 13:00:02,823] Trial 3 finished with value: -0.0568901012721448 and parameters: {'confidence_threshold': 0.6727897841776072, 'training_days': 220, 'n_estimators': 190, 'max_depth': 4, 'num_leaves': 58, 'learning_rate': 0.24810689332636193, 'subsample': 0.7509183379421682, 'colsample_bytree': 0.8119764758960556, 'min_child_samples': 29, 'reg_alpha': 7.1708285081421445e-06, 'reg_lambda': 5.412973582738627e-05}. Best is trial 1 with value: 0.23779113034110724.
[I 2026-06-01 13:00:02,946] Trial 4 finished with value: 0.01135142255401792 and parameters: {'confidence_threshold': 0.803208205259178, 'training_days': 130, 'n_estimators': 267, 'max_depth': 5, 'num_leaves': 40, 'learning_rate': 0.08041175317374143, 'subsample': 0.5603143329951619, 'colsample_bytree': 0.9131704002534167, 'min_child_samples': 68, 'reg_alpha': 0.0008046593428183385, 'reg_lambda': 1.2158346158765583e-05}. Best is trial 1 with value: 0.23779113034110724.
[I 2026-06-01 13:00:03,183] Trial 5 finished with value: -0.059124165898125934 and parameters: {'confidence_threshold': 0.6064422761595144, 'training_days': 210, 'n_estimators': 357, 'max_depth': 5, 'num_leaves': 40, 'learning_rate': 0.0974221287220869, 'subsample': 0.7929682762811064, 'colsample_bytree': 0.8124517510478, 'min_child_samples': 74, 'reg_alpha': 0.3811377260781234, 'reg_lambda': 5.607314238392041e-08}. Best is trial 1 with value: 0.23779113034110724.
[I 2026-06-01 13:00:03,292] Trial 6 finished with value: -0.03524485384162039 and parameters: {'confidence_threshold': 0.7672889945051684, 'training_days': 130, 'n_estimators': 137, 'max_depth': 4, 'num_leaves': 19, 'learning_rate': 0.2031117614248665, 'subsample': 0.8136244860256343, 'colsample_bytree': 0.8617081790949774, 'min_child_samples': 21, 'reg_alpha': 0.002238138278733199, 'reg_lambda': 0.001025809534977322}. Best is trial 1 with value: 0.23779113034110724.
[I 2026-06-01 13:00:03,362] Trial 7 finished with value: -0.09085666163466688 and parameters: {'confidence_threshold': 0.555635875450653, 'training_days': 80, 'n_estimators': 363, 'max_depth': 3, 'num_leaves': 48, 'learning_rate': 0.06590089024008658, 'subsample': 0.6944752870615722, 'colsample_bytree': 0.962566244806993, 'min_child_samples': 88, 'reg_alpha': 1.6465620446426067e-05, 'reg_lambda': 2.4678750890085655e-08}. Best is trial 1 with value: 0.23779113034110724.
[I 2026-06-01 13:00:03,683] Trial 8 finished with value: -0.10108226724655797 and parameters: {'confidence_threshold': 0.6066688256938841, 'training_days': 200, 'n_estimators': 367, 'max_depth': 5, 'num_leaves': 32, 'learning_rate': 0.13377519215934996, 'subsample': 0.7965884582811106, 'colsample_bytree': 0.8458508993500886, 'min_child_samples': 32, 'reg_alpha': 3.889436043816386e-05, 'reg_lambda': 1.4713062489380356e-06}. Best is trial 1 with value: 0.23779113034110724.
