[I 2026-06-01 12:56:11,907] Trial 17 finished with value: -0.09557426906462393 and parameters: {'confidence_threshold': 0.781035350545465, 'training_days': 370, 'n_estimators': 443, 'max_depth': 3, 'num_leaves': 18, 'learning_rate': 0.014399917848714062, 'subsample': 0.7694432846358699, 'colsample_bytree': 0.819226587224808, 'min_child_samples': 47, 'reg_alpha': 0.003355107401398597, 'reg_lambda': 1.2990020762595852e-06}. Best is trial 11 with value: 0.13390273041462145.

    [trial 1] Sharpe=-0.0057 (folds: -0.2427, 0.1275, -0.1249, 0.0791, 0.1327)
    [trial 2] 48 features, training_days=10 | threshold=0.585 | labels: 1237 long, 934 short (57/43%)
    [trial 2] Sharpe=-2.0590 (folds: -0.2105, -10.0000, -0.0633, -0.0943, 0.0730)
    [trial 3] 48 features, training_days=220 | threshold=0.687 | labels: 1237 long, 934 short (57/43%)
    [trial 3] Sharpe=-0.0611 (folds: -0.2656, -0.0559, -0.0534, 0.1843, -0.1147)
    [trial 4] 48 features, training_days=300 | threshold=0.562 | labels: 1237 long, 934 short (57/43%)
    [trial 4] Sharpe=0.0217 (folds: -0.2401, 0.1366, -0.0290, 0.1925, 0.0486)
    [trial 5] 48 features, training_days=490 | threshold=0.711 | labels: 1237 long, 934 short (57/43%)
    [trial 5] Sharpe=-0.0162 (folds: -0.1946, 0.1892, -0.1469, 0.0422, 0.0293)
    [trial 6] 48 features, training_days=420 | threshold=0.667 | labels: 1237 long, 934 short (57/43%)
    [trial 6] Sharpe=-0.0115 (folds: -0.2268, 0.1115, -0.1795, 0.1664, 0.0711)
    [trial 7] 48 features, training_days=120 | threshold=0.550 | labels: 1237 long, 934 short (57/43%)
    [trial 7] Sharpe=-0.0470 (folds: -0.2550, 0.0330, -0.0098, -0.0547, 0.0514)
    [trial 8] 48 features, training_days=450 | threshold=0.720 | labels: 1237 long, 934 short (57/43%)
    [trial 8] Sharpe=-0.0612 (folds: -0.1936, 0.1075, -0.3872, 0.1082, 0.0590)
    [trial 9] 48 features, training_days=20 | threshold=0.727 | labels: 1237 long, 934 short (57/43%)
    [trial 9] Sharpe=-6.0315 (folds: -10.0000, -10.0000, -0.0633, -0.0943, -10.0000)
    [trial 10] 48 features, training_days=130 | threshold=0.840 | labels: 1237 long, 934 short (57/43%)
    [trial 10] Sharpe=0.0480 (folds: -0.2037, 0.1664, -0.0249, 0.1717, 0.1305)
    [trial 11] 48 features, training_days=140 | threshold=0.849 | labels: 1237 long, 934 short (57/43%)
    [trial 11] Sharpe=0.1339 (folds: -0.1777, 0.3469, -0.0906, 0.4602, 0.1308)
    [trial 12] 48 features, training_days=180 | threshold=0.844 | labels: 1237 long, 934 short (57/43%)
    [trial 12] Sharpe=-0.0134 (folds: -0.2157, -0.0138, -0.1076, 0.2621, 0.0079)
    [trial 13] 48 features, training_days=130 | threshold=0.849 | labels: 1237 long, 934 short (57/43%)
    [trial 13] Sharpe=0.0703 (folds: -0.2033, 0.1566, -0.0332, 0.2413, 0.1899)
    [trial 14] 48 features, training_days=190 | threshold=0.794 | labels: 1237 long, 934 short (57/43%)
    [trial 14] Sharpe=-0.0106 (folds: -0.1877, 0.0603, -0.0398, 0.1496, -0.0354)
    [trial 15] 48 features, training_days=80 | threshold=0.783 | labels: 1237 long, 934 short (57/43%)
    [trial 15] Sharpe=0.0881 (folds: -0.0694, 0.0691, 0.0423, 0.1030, 0.2958)
    [trial 16] 48 features, training_days=60 | threshold=0.781 | labels: 1237 long, 934 short (57/43%)
    [trial 16] Sharpe=0.0123 (folds: -0.1068, 0.0079, -0.1097, 0.1448, 0.1256)
    [trial 17] 48 features, training_days=370 | threshold=0.781 | labels: 1237 long, 934 short (57/43%)
    [trial 17] Sharpe=-0.0956 (folds: -0.2336, -0.0484, -0.2070, 0.1065, -0.0954)
  Optuna: 18 trials, best Sharpe = 0.1339
  Best params: n_estimators=478, max_depth=4, lr=0.0100, leaves=61
  Best confidence_threshold: 0.849
  Best training_days: 140
  Retrained on full data (420 samples, 48 features)
  OOD: 16 features, cutoff (q=0.7) = 8.33
  Model trained for 2022-02: 84 test candles with features, confidence_threshold=0.734
[trade:close] 2022-02-02 08:00 BTCUSDT SHORT → timeout @ 38269.00 | PnL=-2.54% (net -2.64%) | cum=+5.51% 2022-02=-2.64% 2022-02-02=-2.64%
[predict] 2022-02-03 00:00 BTCUSDT → SHORT (proba=0.97 TP=9.9%/SL=5.0%)
[trade:open] 2022-02-03 07:59 BTCUSDT SHORT @ 36995.50 | SL=38827.49 TP=33331.53 | timeout=2022-02-10 07:59
[trade:close] 2022-02-04 15:59 BTCUSDT SHORT → stop_loss @ 38827.49 | PnL=-4.95% (net -5.05%) | cum=+0.46% 2022-02=-7.69% 2022-02-04=-5.05%
[predict] 2022-02-07 00:00 BTCUSDT → SHORT (proba=0.98 TP=9.5%/SL=4.8%)
[trade:open] 2022-02-07 07:59 BTCUSDT SHORT @ 42712.80 | SL=44750.59 TP=38637.22 | timeout=2022-02-14 07:59
[trade:close] 2022-02-08 07:59 BTCUSDT SHORT → stop_loss @ 44750.59 | PnL=-4.77% (net -4.87%) | cum=-4.41% 2022-02=-12.56% 2022-02-08=-4.87%
[predict] 2022-02-09 00:00 BTCUSDT → SHORT (proba=0.80 TP=11.0%/SL=5.5%)
[trade:open] 2022-02-09 07:59 BTCUSDT SHORT @ 43798.90 | SL=46202.07 TP=38992.56 | timeout=2022-02-16 07:59
[trade:close] 2022-02-16 08:00 BTCUSDT SHORT → timeout @ 44165.60 | PnL=-0.84% (net -0.94%) | cum=-5.35% 2022-02=-13.50% 2022-02-16=-0.94%
[predict] 2022-02-17 00:00 BTCUSDT → SHORT (proba=0.93 TP=8.4%/SL=4.2%)
[trade:open] 2022-02-17 07:59 BTCUSDT SHORT @ 43902.40 | SL=45749.87 TP=40207.46 | timeout=2022-02-24 07:59
[trade:close] 2022-02-17 23:59 BTCUSDT SHORT → take_profit @ 40207.46 | PnL=+8.42% (net +8.32%) | cum=+2.97% 2022-02=-5.18% 2022-02-17=+8.32%
[predict] 2022-02-21 00:00 BTCUSDT → SHORT (proba=0.74 TP=9.7%/SL=4.8%)
[trade:open] 2022-02-21 07:59 BTCUSDT SHORT @ 39266.20 | SL=41168.98 TP=35460.64 | timeout=2022-02-28 07:59
[trade:close] 2022-02-24 07:59 BTCUSDT SHORT → take_profit @ 35460.64 | PnL=+9.69% (net +9.59%) | cum=+12.56% 2022-02=+4.41% 2022-02-24=+9.59%
[predict] 2022-02-25 08:00 BTCUSDT → SHORT (proba=0.84 TP=14.9%/SL=7.4%)
[trade:open] 2022-02-25 15:59 BTCUSDT SHORT @ 39388.50 | SL=42315.34 TP=33534.82 | timeout=2022-03-04 15:59
[trade:close] 2022-02-28 23:59 BTCUSDT SHORT → stop_loss @ 42315.34 | PnL=-7.43% (net -7.53%) | cum=+5.03% 2022-02=-3.12% 2022-02-28=-7.53%
[lgbm] === Training for 2022-03 ===
  Train window: 2020-03-01 → 2022-02-21
  2168 training samples from 1 symbols
  Samples per month: 2020-03: 93, 2020-04: 90, 2020-05: 93, 2020-06: 90, 2020-07: 93, 2020-08: 93, 2020-09: 90, 2020-10: 93, 2020-11: 90, 2020-12: 93, 2021-01: 93, 2021-02: 84, 2021-03: 93, 2021-04: 90, 2021-05: 93, 2021-06: 90, 2021-07: 93, 2021-08: 93, 2021-09: 90, 2021-10: 93, 2021-11: 90, 2021-12: 93, 2022-01: 93, 2022-02: 62
  [label] 2020-05-01 16:00 BTCUSDT entry=8830.5200 → LONG | long=tp(+12.47%) short=sl(-6.39%) | scanned=18 | long_tp_only
  [label] 2020-05-03 16:00 BTCUSDT entry=8900.0000 → LONG | long=tp(+11.09%) short=sl(-5.70%) | scanned=12 | long_tp_only
  [label] 2020-05-07 16:00 BTCUSDT entry=9995.0000 → SHORT | long=sl(-5.84%) short=tp(+11.38%) | scanned=7 | short_tp_only
  [label] 2020-06-01 08:00 BTCUSDT entry=9541.7100 → LONG | long=tp(+7.49%) short=sl(-3.89%) | scanned=1 | long_tp_only
  [label] 2020-07-23 16:00 BTCUSDT entry=9604.4100 → LONG | long=tp(+3.90%) short=sl(-2.10%) | scanned=8 | long_tp_only
  [label] 2021-01-05 16:00 BTCUSDT entry=33999.5200 → LONG | long=tp(+20.03%) short=sl(-10.17%) | scanned=8 | long_tp_only
  [label] 2021-01-09 16:00 BTCUSDT entry=40136.0400 → SHORT | long=sl(-10.31%) short=tp(+20.32%) | scanned=5 | short_tp_only
  [label] 2021-01-20 08:00 BTCUSDT entry=34226.7800 → SHORT | long=sl(-10.22%) short=timeout(+11.32%) | scanned=22 | no_tp→fwd_return=-11.4184
  [label] 2021-03-06 08:00 BTCUSDT entry=47284.1100 → LONG | long=tp(+16.56%) short=sl(-8.43%) | scanned=11 | long_tp_only
  [label] 2021-03-14 16:00 BTCUSDT entry=59037.1200 → SHORT | long=sl(-6.00%) short=timeout(+2.65%) | scanned=22 | no_tp→fwd_return=-2.7473
  [label] 2021-06-13 00:00 BTCUSDT entry=35263.0200 → LONG | long=tp(+15.73%) short=sl(-8.01%) | scanned=4 | long_tp_only
  [label] 2021-07-15 00:00 BTCUSDT entry=32461.0000 → SHORT | long=sl(-5.03%) short=tp(+9.75%) | scanned=16 | short_tp_only
  [label] 2021-07-31 00:00 BTCUSDT entry=41537.5900 → LONG | long=sl(-7.45%) short=timeout(-4.12%) | scanned=22 | no_tp→fwd_return=+4.0197
  [label] 2021-08-12 16:00 BTCUSDT entry=44385.0900 → LONG | long=timeout(+5.28%) short=sl(-5.65%) | scanned=22 | no_tp→fwd_return=+5.3777
  [label] 2021-08-31 08:00 BTCUSDT entry=47439.5600 → LONG | long=tp(+8.80%) short=sl(-4.55%) | scanned=16 | long_tp_only
  [label] 2021-09-06 16:00 BTCUSDT entry=52683.9700 → SHORT | long=sl(-3.85%) short=tp(+7.40%) | scanned=2 | short_tp_only
  [label] 2021-09-19 00:00 BTCUSDT entry=48156.2500 → SHORT | long=sl(-4.13%) short=tp(+7.95%) | scanned=4 | short_tp_only
  [label] 2021-10-28 08:00 BTCUSDT entry=61186.9200 → LONG | long=sl(-5.26%) short=sl(-5.26%) | scanned=15 | no_tp→fwd_return=+4.6672[I 2026-06-01 12:56:12,279] A new study created in memory with name: no-name-324537d5-7624-47ef-806e-70700335548a
[I 2026-06-01 12:56:12,618] Trial 0 finished with value: 0.04404884180182217 and parameters: {'confidence_threshold': 0.6310890415965769, 'training_days': 480, 'n_estimators': 380, 'max_depth': 4, 'num_leaves': 22, 'learning_rate': 0.01699897838270077, 'subsample': 0.5290418060840998, 'colsample_bytree': 0.9330880728874675, 'min_child_samples': 68, 'reg_alpha': 0.023585940584142682, 'reg_lambda': 1.5320059381854043e-08}. Best is trial 0 with value: 0.04404884180182217.
[I 2026-06-01 12:56:12,737] Trial 1 finished with value: -0.17040829274980102 and parameters: {'confidence_threshold': 0.839468448256698, 'training_days': 420, 'n_estimators': 145, 'max_depth': 3, 'num_leaves': 23, 'learning_rate': 0.028145092716060652, 'subsample': 0.762378215816119, 'colsample_bytree': 0.7159725093210578, 'min_child_samples': 43, 'reg_alpha': 0.0032112643094417484, 'reg_lambda': 1.8007140198129195e-07}. Best is trial 0 with value: 0.04404884180182217.
[I 2026-06-01 12:56:12,880] Trial 2 finished with value: 0.0385544447415654 and parameters: {'confidence_threshold': 0.6022506269873263, 'training_days': 190, 'n_estimators': 255, 'max_depth': 5, 'num_leaves': 24, 'learning_rate': 0.05748924681991978, 'subsample': 0.7962072844310213, 'colsample_bytree': 0.5232252063599989, 'min_child_samples': 69, 'reg_alpha': 3.425445902633376e-07, 'reg_lambda': 3.850031979199519e-08}. Best is trial 0 with value: 0.04404884180182217.
[I 2026-06-01 12:56:13,113] Trial 3 finished with value: 0.015566794957645364 and parameters: {'confidence_threshold': 0.8321099380386666, 'training_days': 490, 'n_estimators': 414, 'max_depth': 3, 'num_leaves': 19, 'learning_rate': 0.1024932221692416, 'subsample': 0.7200762468698007, 'colsample_bytree': 0.5610191174223894, 'min_child_samples': 60, 'reg_alpha': 2.039373116525212e-08, 'reg_lambda': 1.527156759251193}. Best is trial 0 with value: 0.04404884180182217.
[I 2026-06-01 12:56:13,259] Trial 4 finished with value: 0.07278584037214107 and parameters: {'confidence_threshold': 0.5905729935600059, 'training_days': 340, 'n_estimators': 190, 'max_depth': 4, 'num_leaves': 41, 'learning_rate': 0.01875220945578641, 'subsample': 0.9847923138822793, 'colsample_bytree': 0.8875664116805573, 'min_child_samples': 96, 'reg_alpha': 1.1309571585271483, 'reg_lambda': 0.002404915432737351}. Best is trial 4 with value: 0.07278584037214107.
[I 2026-06-01 12:56:13,299] Trial 5 finished with value: -0.0460819182457225 and parameters: {'confidence_threshold': 0.8226559822580909, 'training_days': 50, 'n_estimators': 138, 'max_depth': 3, 'num_leaves': 30, 'learning_rate': 0.03750796359625606, 'subsample': 0.6356745158869479, 'colsample_bytree': 0.9143687545759647, 'min_child_samples': 48, 'reg_alpha': 3.376063348877853e-06, 'reg_lambda': 0.0007660634613082914}. Best is trial 4 with value: 0.07278584037214107.
[I 2026-06-01 12:56:13,402] Trial 6 finished with value: 0.026655510860452612 and parameters: {'confidence_threshold': 0.5493234787411669, 'training_days': 410, 'n_estimators': 83, 'max_depth': 5, 'num_leaves': 52, 'learning_rate': 0.019657448966046126, 'subsample': 0.5027610585618012, 'colsample_bytree': 0.9077307142274171, 'min_child_samples': 77, 'reg_alpha': 0.03639690979811287, 'reg_lambda': 0.08738424135626986}. Best is trial 4 with value: 0.07278584037214107.
[I 2026-06-01 12:56:13,488] Trial 7 finished with value: 0.006319039027194946 and parameters: {'confidence_threshold': 0.5259156281069316, 'training_days': 180, 'n_estimators': 102, 'max_depth': 5, 'num_leaves': 45, 'learning_rate': 0.030816017044468066, 'subsample': 0.5317791751430119, 'colsample_bytree': 0.6554911608578311, 'min_child_samples': 46, 'reg_alpha': 0.036851536911881845, 'reg_lambda': 0.005470376807480391}. Best is trial 4 with value: 0.07278584037214107.
[I 2026-06-01 12:56:13,588] Trial 8 finished with value: 0.03158726263861867 and parameters: {'confidence_threshold': 0.8105244599017143, 'training_days': 240, 'n_estimators': 103, 'max_depth': 5, 'num_leaves': 52, 'learning_rate': 0.06746437142284309, 'subsample': 0.8854835899772805, 'colsample_bytree': 0.7468977981821954, 'min_child_samples': 62, 'reg_alpha': 7.04480806377519e-05, 'reg_lambda': 1.6934490731313353e-08}. Best is trial 4 with value: 0.07278584037214107.
[I 2026-06-01 12:56:13,609] Trial 9 finished with value: -2.038845641986206 and parameters: {'confidence_threshold': 0.5377619994476566, 'training_days': 20, 'n_estimators': 337, 'max_depth': 3, 'num_leaves': 39, 'learning_rate': 0.21907142272152816, 'subsample': 0.6246461145744375, 'colsample_bytree': 0.7051914615178149, 'min_child_samples': 81, 'reg_alpha': 1.1459970229341322e-06, 'reg_lambda': 4.929685216887945e-08}. Best is trial 4 with value: 0.07278584037214107.
[I 2026-06-01 12:56:13,935] Trial 10 finished with value: 0.0027406800078381755 and parameters: {'confidence_threshold': 0.6797821749717731, 'training_days': 350, 'n_estimators': 487, 'max_depth': 4, 'num_leaves': 61, 'learning_rate': 0.011407797829608154, 'subsample': 0.9865389998628291, 'colsample_bytree': 0.8382861898713898, 'min_child_samples': 98, 'reg_alpha': 8.536188349289, 'reg_lambda': 3.3639426888455256e-06}. Best is trial 4 with value: 0.07278584037214107.
[I 2026-06-01 12:56:14,118] Trial 11 finished with value: 0.06074232999251302 and parameters: {'confidence_threshold': 0.6539822215848989, 'training_days': 320, 'n_estimators': 245, 'max_depth': 4, 'num_leaves': 33, 'learning_rate': 0.010345547951401532, 'subsample': 0.9990666719410425, 'colsample_bytree': 0.9654875645555471, 'min_child_samples': 97, 'reg_alpha': 3.662834835098572, 'reg_lambda': 1.2919440532274802e-05}. Best is trial 4 with value: 0.07278584037214107.
[I 2026-06-01 12:56:14,286] Trial 12 finished with value: -0.005313411482436215 and parameters: {'confidence_threshold': 0.7131758522018106, 'training_days': 310, 'n_estimators': 236, 'max_depth': 4, 'num_leaves': 35, 'learning_rate': 0.010342884934290602, 'subsample': 0.9954917328541207, 'colsample_bytree': 0.9949834803492208, 'min_child_samples': 100, 'reg_alpha': 7.135069965472721, 'reg_lambda': 1.2181274897829671e-05}. Best is trial 4 with value: 0.07278584037214107.
[I 2026-06-01 12:56:14,515] Trial 13 finished with value: 0.08860968170248172 and parameters: {'confidence_threshold': 0.7321922500141939, 'training_days': 310, 'n_estimators': 207, 'max_depth': 4, 'num_leaves': 33, 'learning_rate': 0.01603405587855917, 'subsample': 0.8924954589400537, 'colsample_bytree': 0.8272455572930195, 'min_child_samples': 22, 'reg_alpha': 0.7081100592564712, 'reg_lambda': 3.9794797075090296e-05}. Best is trial 13 with value: 0.08860968170248172.
[I 2026-06-01 12:56:14,742] Trial 14 finished with value: 0.020097185667427013 and parameters: {'confidence_threshold': 0.7467244789105287, 'training_days': 260, 'n_estimators': 223, 'max_depth': 4, 'num_leaves': 45, 'learning_rate': 0.019117748705283932, 'subsample': 0.897136543922583, 'colsample_bytree': 0.824447639387103, 'min_child_samples': 21, 'reg_alpha': 0.42289042891245066, 'reg_lambda': 0.0007927681334771201}. Best is trial 13 with value: 0.08860968170248172.
[I 2026-06-01 12:56:14,878] Trial 15 finished with value: -0.0571409634686554 and parameters: {'confidence_threshold': 0.7532231179146754, 'training_days': 130, 'n_estimators': 191, 'max_depth': 4, 'num_leaves': 43, 'learning_rate': 0.11227955074757971, 'subsample': 0.9064501712689705, 'colsample_bytree': 0.8332678196538594, 'min_child_samples': 25, 'reg_alpha': 0.0003709381744966122, 'reg_lambda': 0.019345028254750467}. Best is trial 13 with value: 0.08860968170248172.
[I 2026-06-01 12:56:15,147] Trial 16 finished with value: 0.046707051589037984 and parameters: {'confidence_threshold': 0.5869338384893623, 'training_days': 380, 'n_estimators': 293, 'max_depth': 4, 'num_leaves': 27, 'learning_rate': 0.016068571270247394, 'subsample': 0.8649514202852935, 'colsample_bytree': 0.8012432923520103, 'min_child_samples': 34, 'reg_alpha': 0.3767691394088417, 'reg_lambda': 0.00012094180195371423}. Best is trial 13 with value: 0.08860968170248172.
[I 2026-06-01 12:56:15,271] Trial 17 finished with value: 0.017323948847720053 and parameters: {'confidence_threshold': 0.6965359506258311, 'training_days': 290, 'n_estimators': 176, 'max_depth': 3, 'num_leaves': 15, 'learning_rate': 0.04043366916906063, 'subsample': 0.939750397944035, 'colsample_bytree': 0.8803609155918469, 'min_child_samples': 86, 'reg_alpha': 0.2175257687891705, 'reg_lambda': 2.654917430016704}. Best is trial 13 with value: 0.08860968170248172.
[I 2026-06-01 12:56:15,364] A new study created in memory with name: no-name-b389e901-67b9-45bb-aee1-b44e4bd43287
[I 2026-06-01 12:56:15,454] Trial 0 finished with value: -0.0008658426616229526 and parameters: {'confidence_threshold': 0.7437642149592516, 'training_days': 150, 'n_estimators': 152, 'max_depth': 4, 'num_leaves': 50, 'learning_rate': 0.04216766425047743, 'subsample': 0.9903820991923078, 'colsample_bytree': 0.8424148692924316, 'min_child_samples': 58, 'reg_alpha': 3.381097259762742e-05, 'reg_lambda': 1.2263152961306247e-05}. Best is trial 0 with value: -0.0008658426616229526.
[I 2026-06-01 12:56:15,524] Trial 1 finished with value: -1.8641020689485217 and parameters: {'confidence_threshold': 0.7551673975844145, 'training_days': 220, 'n_estimators': 76, 'max_depth': 4, 'num_leaves': 51, 'learning_rate': 0.018602118810743477, 'subsample': 0.5877258780737462, 'colsample_bytree': 0.7657756869209191, 'min_child_samples': 63, 'reg_alpha': 0.005123994170264194, 'reg_lambda': 0.44145470178120466}. Best is trial 0 with value: -0.0008658426616229526.
[I 2026-06-01 12:56:15,766] Trial 2 finished with value: 0.043307599978559194 and parameters: {'confidence_threshold': 0.7535593637012223, 'training_days': 310, 'n_estimators': 375, 'max_depth': 3, 'num_leaves': 32, 'learning_rate': 0.021735641882032388, 'subsample': 0.6468570231944146, 'colsample_bytree': 0.8154880619272439, 'min_child_samples': 27, 'reg_alpha': 8.004064028491336e-05, 'reg_lambda': 7.546835261630524e-05}. Best is trial 2 with value: 0.043307599978559194.
[I 2026-06-01 12:56:15,925] Trial 3 finished with value: 0.048509785942157345 and parameters: {'confidence_threshold': 0.6727897841776072, 'training_days': 220, 'n_estimators': 190, 'max_depth': 4, 'num_leaves': 58, 'learning_rate': 0.24810689332636193, 'subsample': 0.7509183379421682, 'colsample_bytree': 0.8119764758960556, 'min_child_samples': 29, 'reg_alpha': 7.1708285081421445e-06, 'reg_lambda': 5.412973582738627e-05}. Best is trial 3 with value: 0.048509785942157345.
[I 2026-06-01 12:56:16,027] Trial 4 finished with value: -0.03641408082240446 and parameters: {'confidence_threshold': 0.803208205259178, 'training_days': 130, 'n_estimators': 267, 'max_depth': 5, 'num_leaves': 40, 'learning_rate': 0.08041175317374143, 'subsample': 0.5603143329951619, 'colsample_bytree': 0.9131704002534167, 'min_child_samples': 68, 'reg_alpha': 0.0008046593428183385, 'reg_lambda': 1.2158346158765583e-05}. Best is trial 3 with value: 0.048509785942157345.
[I 2026-06-01 12:56:16,227] Trial 5 finished with value: 0.04809018693949791 and parameters: {'confidence_threshold': 0.6064422761595144, 'training_days': 210, 'n_estimators': 357, 'max_depth': 5, 'num_leaves': 40, 'learning_rate': 0.0974221287220869, 'subsample': 0.7929682762811064, 'colsample_bytree': 0.8124517510478, 'min_child_samples': 74, 'reg_alpha': 0.3811377260781234, 'reg_lambda': 5.607314238392041e-08}. Best is trial 3 with value: 0.048509785942157345.
[I 2026-06-01 12:56:16,332] Trial 6 finished with value: -0.06744127278550467 and parameters: {'confidence_threshold': 0.7672889945051684, 'training_days': 130, 'n_estimators': 137, 'max_depth': 4, 'num_leaves': 19, 'learning_rate': 0.2031117614248665, 'subsample': 0.8136244860256343, 'colsample_bytree': 0.8617081790949774, 'min_child_samples': 21, 'reg_alpha': 0.002238138278733199, 'reg_lambda': 0.001025809534977322}. Best is trial 3 with value: 0.048509785942157345.
[I 2026-06-01 12:56:16,395] Trial 7 finished with value: 0.03161880714427484 and parameters: {'confidence_threshold': 0.555635875450653, 'training_days': 80, 'n_estimators': 363, 'max_depth': 3, 'num_leaves': 48, 'learning_rate': 0.06590089024008658, 'subsample': 0.6944752870615722, 'colsample_bytree': 0.962566244806993, 'min_child_samples': 88, 'reg_alpha': 1.6465620446426067e-05, 'reg_lambda': 2.4678750890085655e-08}. Best is trial 3 with value: 0.048509785942157345.
[I 2026-06-01 12:56:16,697] Trial 8 finished with value: 0.05878082162132335 and parameters: {'confidence_threshold': 0.6066688256938841, 'training_days': 200, 'n_estimators': 367, 'max_depth': 5, 'num_leaves': 32, 'learning_rate': 0.13377519215934996, 'subsample': 0.7965884582811106, 'colsample_bytree': 0.8458508993500886, 'min_child_samples': 32, 'reg_alpha': 3.889436043816386e-05, 'reg_lambda': 1.4713062489380356e-06}. Best is trial 8 with value: 0.05878082162132335.
