[I 2026-06-01 13:04:04,440] Trial 17 finished with value: -0.11775764812530434 and parameters: {'confidence_threshold': 0.7873735958410488, 'training_days': 80, 'n_estimators': 219, 'max_depth': 5, 'num_leaves': 63, 'learning_rate': 0.019352225990314435, 'subsample': 0.7382738974331411, 'colsample_bytree': 0.9920053259992261, 'min_child_samples': 54, 'reg_alpha': 2.9305981505045087e-05, 'reg_lambda': 0.001352150060975526}. Best is trial 16 with value: -0.009273198068405486.

    [trial 15] Sharpe=-0.0444 (folds: -0.0512, -0.0016, 0.0099, -0.0910, -0.0881)
    [trial 16] 48 features, training_days=60 | threshold=0.684 | labels: 1219 long, 952 short (56/44%)
    [trial 16] Sharpe=-0.1366 (folds: -0.0995, -0.0449, -0.1512, -0.1677, -0.2198)
    [trial 17] 48 features, training_days=80 | threshold=0.500 | labels: 1219 long, 952 short (56/44%)
    [trial 17] Sharpe=-0.1038 (folds: -0.0472, 0.0235, -0.1757, -0.1198, -0.1999)
  Optuna: 18 trials, best Sharpe = -0.0336
  Best params: n_estimators=137, max_depth=4, lr=0.2031, leaves=19
  Best confidence_threshold: 0.767
  Best training_days: 130
  Retrained on full data (390 samples, 48 features)
  [ensemble 3/3] seed=456
    [trial 0] 48 features, training_days=90 | threshold=0.587 | labels: 1219 long, 952 short (56/44%)
    [CV fold 0] train_end=2024-02-23 08:00 | val_start=2024-03-02 00:00 | gap=184h (22 rows)
    [CV fold 1] train_end=2024-06-22 16:00 | val_start=2024-06-30 08:00 | gap=184h (22 rows)
    [CV fold 2] train_end=2024-10-21 00:00 | val_start=2024-10-28 16:00 | gap=184h (22 rows)
    [CV fold 3] train_end=2025-02-18 08:00 | val_start=2025-02-26 00:00 | gap=184h (22 rows)
    [CV fold 4] train_end=2025-06-18 16:00 | val_start=2025-06-26 08:00 | gap=184h (22 rows)
    [trial 0] Sharpe=-0.0711 (folds: -0.0519, 0.0265, -0.1159, -0.0709, -0.1434)
    [trial 1] 48 features, training_days=290 | threshold=0.635 | labels: 1219 long, 952 short (56/44%)
    [trial 1] Sharpe=-0.1498 (folds: 0.0539, -0.1288, -0.3637, -0.1212, -0.1890)
