[I 2026-06-01 13:01:46,803] Trial 9 finished with value: 0.0024433172935545977 and parameters: {'confidence_threshold': 0.6202096049169137, 'training_days': 260, 'n_estimators': 350, 'max_depth': 3, 'num_leaves': 21, 'learning_rate': 0.02989540198065364, 'subsample': 0.8307821683331218, 'colsample_bytree': 0.923253112635361, 'min_child_samples': 64, 'reg_alpha': 0.4898604619604203, 'reg_lambda': 2.9076377687066166e-05}. Best is trial 1 with value: 0.17014600391709234.
[I 2026-06-01 13:01:47,216] Trial 10 finished with value: 0.07633788985650844 and parameters: {'confidence_threshold': 0.8445241688507242, 'training_days': 470, 'n_estimators': 493, 'max_depth': 4, 'num_leaves': 63, 'learning_rate': 0.010221918552934462, 'subsample': 0.5019190721168774, 'colsample_bytree': 0.6202684210924141, 'min_child_samples': 47, 'reg_alpha': 2.371385268938747e-08, 'reg_lambda': 1.7987349911222597}. Best is trial 1 with value: 0.17014600391709234.
[I 2026-06-01 13:01:47,647] Trial 11 finished with value: 0.13663634676757094 and parameters: {'confidence_threshold': 0.8371297552840329, 'training_days': 480, 'n_estimators': 493, 'max_depth': 4, 'num_leaves': 63, 'learning_rate': 0.010535067237031154, 'subsample': 0.5082312939353781, 'colsample_bytree': 0.625107197757402, 'min_child_samples': 47, 'reg_alpha': 1.0529589035799712e-08, 'reg_lambda': 2.2589911631542003}. Best is trial 1 with value: 0.17014600391709234.
[I 2026-06-01 13:01:47,728] Trial 12 finished with value: -10.0 and parameters: {'confidence_threshold': 0.830632524875604, 'training_days': 400, 'n_estimators': 51, 'max_depth': 4, 'num_leaves': 54, 'learning_rate': 0.010231472991588475, 'subsample': 0.6032252901108627, 'colsample_bytree': 0.6669454130036883, 'min_child_samples': 47, 'reg_alpha': 1.753113717811339e-08, 'reg_lambda': 3.4309645602811933}. Best is trial 1 with value: 0.17014600391709234.
[I 2026-06-01 13:01:47,764] Trial 13 finished with value: -4.1059029584168805 and parameters: {'confidence_threshold': 0.7216410707571145, 'training_days': 10, 'n_estimators': 475, 'max_depth': 4, 'num_leaves': 63, 'learning_rate': 0.017797220503138828, 'subsample': 0.5024707401359401, 'colsample_bytree': 0.5443982906148261, 'min_child_samples': 46, 'reg_alpha': 0.024510194560445127, 'reg_lambda': 0.03416332834075164}. Best is trial 1 with value: 0.17014600391709234.
[I 2026-06-01 13:01:47,840] Trial 14 finished with value: -1.6921147198805389 and parameters: {'confidence_threshold': 0.6968624890517784, 'training_days': 350, 'n_estimators': 60, 'max_depth': 4, 'num_leaves': 47, 'learning_rate': 0.01645102485501106, 'subsample': 0.5813503122413209, 'colsample_bytree': 0.7101988997477608, 'min_child_samples': 80, 'reg_alpha': 8.70158361284731e-07, 'reg_lambda': 0.07770455863008943}. Best is trial 1 with value: 0.17014600391709234.
[I 2026-06-01 13:01:48,050] Trial 15 finished with value: 0.14335347630534007 and parameters: {'confidence_threshold': 0.7897652460704997, 'training_days': 500, 'n_estimators': 257, 'max_depth': 5, 'num_leaves': 56, 'learning_rate': 0.0374834009800827, 'subsample': 0.6815479594839866, 'colsample_bytree': 0.5093920150666754, 'min_child_samples': 100, 'reg_alpha': 5.183528574548921, 'reg_lambda': 0.09914591051121431}. Best is trial 1 with value: 0.17014600391709234.
[I 2026-06-01 13:01:48,217] Trial 16 finished with value: 0.03410256588846069 and parameters: {'confidence_threshold': 0.7854807642931546, 'training_days': 300, 'n_estimators': 250, 'max_depth': 5, 'num_leaves': 55, 'learning_rate': 0.04215925475395838, 'subsample': 0.6865648436575122, 'colsample_bytree': 0.5092292594919029, 'min_child_samples': 99, 'reg_alpha': 3.433399905162048, 'reg_lambda': 0.009912741938489792}. Best is trial 1 with value: 0.17014600391709234.
[I 2026-06-01 13:01:48,339] Trial 17 finished with value: 0.05615499062155186 and parameters: {'confidence_threshold': 0.5004748807695347, 'training_days': 410, 'n_estimators': 108, 'max_depth': 5, 'num_leaves': 45, 'learning_rate': 0.025209516166245612, 'subsample': 0.9202138733708044, 'colsample_bytree': 0.7285104725327957, 'min_child_samples': 100, 'reg_alpha': 0.017867971546418063, 'reg_lambda': 0.21793580244292524}. Best is trial 1 with value: 0.17014600391709234.
[I 2026-06-01 13:01:48,715] A new study created in memory with name: no-name-f5fe2590-3908-4357-9aa7-cbbb0d25e53e

    [CV fold 2] train_end=2023-10-22 00:00 | val_start=2023-10-29 16:00 | gap=184h (22 rows)
    [CV fold 3] train_end=2024-02-19 08:00 | val_start=2024-02-27 00:00 | gap=184h (22 rows)
    [CV fold 4] train_end=2024-06-18 16:00 | val_start=2024-06-26 08:00 | gap=184h (22 rows)
    [trial 0] Sharpe=0.1116 (folds: 0.1217, 0.2789, 0.1710, 0.0679, -0.0815)
    [trial 1] 48 features, training_days=420 | threshold=0.839 | labels: 1182 long, 989 short (54/46%)
    [trial 1] Sharpe=0.4142 (folds: 0.5091, 0.5096, -0.0644, 0.2589, 0.8575)
    [trial 2] 48 features, training_days=190 | threshold=0.602 | labels: 1182 long, 989 short (54/46%)
    [trial 2] Sharpe=0.0103 (folds: 0.0814, 0.2943, -0.1575, -0.0038, -0.1627)
    [trial 3] 48 features, training_days=490 | threshold=0.832 | labels: 1182 long, 989 short (54/46%)
    [trial 3] Sharpe=0.1150 (folds: 0.2187, 0.3590, 0.0856, -0.0356, -0.0528)
    [trial 4] 48 features, training_days=340 | threshold=0.591 | labels: 1182 long, 989 short (54/46%)
    [trial 4] Sharpe=0.0202 (folds: 0.1575, 0.2568, -0.1478, 0.0026, -0.1680)
    [trial 5] 48 features, training_days=50 | threshold=0.823 | labels: 1182 long, 989 short (54/46%)
    [trial 5] Sharpe=0.0510 (folds: 0.2742, -0.0517, 0.0303, -0.2061, 0.2081)
    [trial 6] 48 features, training_days=410 | threshold=0.549 | labels: 1182 long, 989 short (54/46%)
    [trial 6] Sharpe=0.0776 (folds: 0.0150, 0.2704, 0.1040, 0.1379, -0.1391)
    [trial 7] 48 features, training_days=180 | threshold=0.526 | labels: 1182 long, 989 short (54/46%)
    [trial 7] Sharpe=-0.0139 (folds: 0.0772, 0.1959, -0.2706, 0.0483, -0.1205)
    [trial 8] 48 features, training_days=240 | threshold=0.811 | labels: 1182 long, 989 short (54/46%)
    [trial 8] Sharpe=-0.0121 (folds: 0.3042, 0.2333, -0.2614, -0.1537, -0.1828)
    [trial 9] 48 features, training_days=20 | threshold=0.538 | labels: 1182 long, 989 short (54/46%)
    [trial 9] Sharpe=-0.0710 (folds: -0.0592, 0.1342, -0.2925, 0.0404, -0.1778)
    [trial 10] 48 features, training_days=350 | threshold=0.729 | labels: 1182 long, 989 short (54/46%)
    [trial 10] Sharpe=0.1115 (folds: 0.1906, 0.3474, -0.0041, 0.0545, -0.0311)
    [trial 11] 48 features, training_days=490 | threshold=0.744 | labels: 1182 long, 989 short (54/46%)
    [trial 11] Sharpe=0.0656 (folds: 0.1043, 0.2464, 0.0745, 0.0188, -0.1158)
    [trial 12] 48 features, training_days=410 | threshold=0.848 | labels: 1182 long, 989 short (54/46%)
    [trial 12] Sharpe=0.1181 (folds: 0.1210, 0.3355, 0.0159, 0.1556, -0.0376)
    [trial 13] 48 features, training_days=380 | threshold=0.755 | labels: 1182 long, 989 short (54/46%)
    [trial 13] Sharpe=0.0875 (folds: 0.0459, 0.2553, 0.1077, 0.1287, -0.1003)
    [trial 14] 48 features, training_days=280 | threshold=0.787 | labels: 1182 long, 989 short (54/46%)
    [trial 14] Sharpe=0.0661 (folds: 0.2034, 0.3646, 0.0051, -0.1143, -0.1283)
    [trial 15] 48 features, training_days=420 | threshold=0.682 | labels: 1182 long, 989 short (54/46%)
    [trial 15] Sharpe=0.1188 (folds: 0.1377, 0.3183, 0.0174, 0.1500, -0.0294)
    [trial 16] 48 features, training_days=430 | threshold=0.676 | labels: 1182 long, 989 short (54/46%)
    [trial 16] Sharpe=0.1053 (folds: 0.1226, 0.2815, 0.0626, 0.1350, -0.0753)
    [trial 17] 48 features, training_days=300 | threshold=0.676 | labels: 1182 long, 989 short (54/46%)
    [trial 17] Sharpe=0.0381 (folds: 0.1579, 0.2605, 0.0110, -0.0781, -0.1607)
  Optuna: 18 trials, best Sharpe = 0.4142
  Best params: n_estimators=145, max_depth=3, lr=0.0281, leaves=23
  Best confidence_threshold: 0.839
  Best training_days: 420
  Retrained on full data (1260 samples, 48 features)
  [ensemble 2/3] seed=123
    [trial 0] 48 features, training_days=150 | threshold=0.744 | labels: 1182 long, 989 short (54/46%)
    [CV fold 0] train_end=2023-02-23 08:00 | val_start=2023-03-03 00:00 | gap=184h (22 rows)
    [CV fold 1] train_end=2023-06-23 16:00 | val_start=2023-07-01 08:00 | gap=184h (22 rows)
    [CV fold 2] train_end=2023-10-22 00:00 | val_start=2023-10-29 16:00 | gap=184h (22 rows)
    [CV fold 3] train_end=2024-02-19 08:00 | val_start=2024-02-27 00:00 | gap=184h (22 rows)
    [CV fold 4] train_end=2024-06-18 16:00 | val_start=2024-06-26 08:00 | gap=184h (22 rows)
    [trial 0] Sharpe=0.0141 (folds: 0.2536, 0.2289, -0.2425, -0.0483, -0.1213)
    [trial 1] 48 features, training_days=220 | threshold=0.755 | labels: 1182 long, 989 short (54/46%)
    [trial 1] Sharpe=0.1701 (folds: 0.4159, 1.1250, -0.0065, -0.1616, -0.5221)
    [trial 2] 48 features, training_days=310 | threshold=0.754 | labels: 1182 long, 989 short (54/46%)
    [trial 2] Sharpe=0.0678 (folds: 0.2334, 0.3886, -0.0320, -0.1854, -0.0654)
    [trial 3] 48 features, training_days=220 | threshold=0.673 | labels: 1182 long, 989 short (54/46%)
    [trial 3] Sharpe=0.0127 (folds: -0.0252, 0.1817, 0.0247, 0.0253, -0.1432)
    [trial 4] 48 features, training_days=130 | threshold=0.803 | labels: 1182 long, 989 short (54/46%)
    [trial 4] Sharpe=0.0640 (folds: 0.1795, 0.0924, -0.0028, 0.0714, -0.0207)
    [trial 5] 48 features, training_days=210 | threshold=0.606 | labels: 1182 long, 989 short (54/46%)
    [trial 5] Sharpe=-0.0236 (folds: 0.0708, 0.1871, -0.1770, -0.0245, -0.1743)
    [trial 6] 48 features, training_days=130 | threshold=0.767 | labels: 1182 long, 989 short (54/46%)
    [trial 6] Sharpe=0.0435 (folds: 0.1161, -0.0139, 0.0872, 0.0887, -0.0608)
    [trial 7] 48 features, training_days=80 | threshold=0.556 | labels: 1182 long, 989 short (54/46%)
    [trial 7] Sharpe=-0.0145 (folds: 0.0870, -0.1005, -0.0164, 0.0942, -0.1366)
    [trial 8] 48 features, training_days=200 | threshold=0.607 | labels: 1182 long, 989 short (54/46%)
    [trial 8] Sharpe=-0.0556 (folds: 0.0565, 0.1619, -0.2662, -0.0061, -0.2238)
    [trial 9] 48 features, training_days=260 | threshold=0.620 | labels: 1182 long, 989 short (54/46%)
    [trial 9] Sharpe=0.0024 (folds: 0.0940, 0.2982, 0.0014, -0.2199, -0.1614)
    [trial 10] 48 features, training_days=470 | threshold=0.845 | labels: 1182 long, 989 short (54/46%)
    [trial 10] Sharpe=0.0763 (folds: 0.3563, 0.3841, -0.2984, -0.4152, 0.3548)
    [trial 11] 48 features, training_days=480 | threshold=0.837 | labels: 1182 long, 989 short (54/46%)
    [trial 11] Sharpe=0.1366 (folds: 0.3514, 0.3566, -0.2383, -0.1859, 0.3993)
    [trial 12] 48 features, training_days=400 | threshold=0.831 | labels: 1182 long, 989 short (54/46%)
    [trial 12] Sharpe=-10.0000 (folds: -10.0000, -10.0000, -10.0000, -10.0000, -10.0000)
    [trial 13] 48 features, training_days=10 | threshold=0.722 | labels: 1182 long, 989 short (54/46%)
    [trial 13] Sharpe=-4.1059 (folds: -0.0592, -10.0000, -0.2925, -10.0000, -0.1778)
    [trial 14] 48 features, training_days=350 | threshold=0.697 | labels: 1182 long, 989 short (54/46%)
    [trial 14] Sharpe=-1.6921 (folds: 0.2018, -10.0000, 1.0524, 0.0250, 0.2602)
    [trial 15] 48 features, training_days=500 | threshold=0.790 | labels: 1182 long, 989 short (54/46%)
    [trial 15] Sharpe=0.1434 (folds: 0.2426, 0.3461, 0.0956, -0.0044, 0.0368)
    [trial 16] 48 features, training_days=300 | threshold=0.785 | labels: 1182 long, 989 short (54/46%)
    [trial 16] Sharpe=0.0341 (folds: 0.1444, 0.3509, -0.0672, -0.1447, -0.1128)
    [trial 17] 48 features, training_days=410 | threshold=0.500 | labels: 1182 long, 989 short (54/46%)
    [trial 17] Sharpe=0.0562 (folds: 0.0720, 0.1900, -0.0126, 0.1751, -0.1437)
  Optuna: 18 trials, best Sharpe = 0.1701
  Best params: n_estimators=76, max_depth=4, lr=0.0186, leaves=51
  Best confidence_threshold: 0.755
  Best training_days: 220
  Retrained on full data (660 samples, 48 features)
  [ensemble 3/3] seed=456
    [trial 0] 48 features, training_days=90 | threshold=0.587 | labels: 1182 long, 989 short (54/46%)
    [CV fold 0] train_end=2023-02-23 08:00 | val_start=2023-03-03 00:00 | gap=184h (22 rows)
    [CV fold 1] train_end=2023-06-23 16:00 | val_start=2023-07-01 08:00 | gap=184h (22 rows)
    [CV fold 2] train_end=2023-10-22 00:00 | val_start=2023-10-29 16:00 | gap=184h (22 rows)
    [CV fold 3] train_end=2024-02-19 08:00 | val_start=2024-02-27 00:00 | gap=184h (22 rows)
    [CV fold 4] train_end=2024-06-18 16:00 | val_start=2024-06-26 08:00 | gap=184h (22 rows)[I 2026-06-01 13:01:48,914] Trial 0 finished with value: 0.038272166848230774 and parameters: {'confidence_threshold': 0.5870645682749857, 'training_days': 90, 'n_estimators': 403, 'max_depth': 5, 'num_leaves': 45, 'learning_rate': 0.0780457193679974, 'subsample': 0.9428509515574568, 'colsample_bytree': 0.8795587339164916, 'min_child_samples': 34, 'reg_alpha': 2.2465901234314442e-07, 'reg_lambda': 8.339007036475363e-05}. Best is trial 0 with value: 0.038272166848230774.
[I 2026-06-01 13:01:49,022] Trial 1 finished with value: 0.0338247777027635 and parameters: {'confidence_threshold': 0.6348453934275313, 'training_days': 290, 'n_estimators': 115, 'max_depth': 5, 'num_leaves': 37, 'learning_rate': 0.06949568759029946, 'subsample': 0.8228505074024268, 'colsample_bytree': 0.8616703220431751, 'min_child_samples': 75, 'reg_alpha': 4.2486822725010923e-07, 'reg_lambda': 1.157247767047042e-07}. Best is trial 0 with value: 0.038272166848230774.
[I 2026-06-01 13:01:49,044] Trial 2 finished with value: -0.059727134673470274 and parameters: {'confidence_threshold': 0.5849570384370288, 'training_days': 10, 'n_estimators': 212, 'max_depth': 3, 'num_leaves': 41, 'learning_rate': 0.18452095998378365, 'subsample': 0.6001060822924371, 'colsample_bytree': 0.5673167293506167, 'min_child_samples': 37, 'reg_alpha': 5.733250064217131, 'reg_lambda': 0.5308454292595461}. Best is trial 0 with value: 0.038272166848230774.
[I 2026-06-01 13:01:49,128] Trial 3 finished with value: 0.05311078614756386 and parameters: {'confidence_threshold': 0.6868248626683718, 'training_days': 220, 'n_estimators': 134, 'max_depth': 3, 'num_leaves': 45, 'learning_rate': 0.033529007907491595, 'subsample': 0.8647277071858408, 'colsample_bytree': 0.778494116634046, 'min_child_samples': 96, 'reg_alpha': 2.409409937265785e-07, 'reg_lambda': 1.1642073478060009}. Best is trial 3 with value: 0.05311078614756386.
[I 2026-06-01 13:01:49,213] Trial 4 finished with value: 0.056872209138014586 and parameters: {'confidence_threshold': 0.5623121348350352, 'training_days': 300, 'n_estimators': 69, 'max_depth': 4, 'num_leaves': 32, 'learning_rate': 0.14967629360700346, 'subsample': 0.5054535233636654, 'colsample_bytree': 0.7401385194659216, 'min_child_samples': 27, 'reg_alpha': 1.4212042567426725e-07, 'reg_lambda': 0.23605753701352003}. Best is trial 4 with value: 0.056872209138014586.
[I 2026-06-01 13:01:49,638] Trial 5 finished with value: 0.08157630838965599 and parameters: {'confidence_threshold': 0.7111850244908446, 'training_days': 490, 'n_estimators': 362, 'max_depth': 5, 'num_leaves': 40, 'learning_rate': 0.05960785724162737, 'subsample': 0.5589714368907717, 'colsample_bytree': 0.6659006943232806, 'min_child_samples': 42, 'reg_alpha': 0.6741360303045295, 'reg_lambda': 6.054601607143087e-08}. Best is trial 5 with value: 0.08157630838965599.
[I 2026-06-01 13:01:49,854] Trial 6 finished with value: 0.10875598010089874 and parameters: {'confidence_threshold': 0.667482545748023, 'training_days': 420, 'n_estimators': 279, 'max_depth': 3, 'num_leaves': 45, 'learning_rate': 0.040099592560849204, 'subsample': 0.8563114696415159, 'colsample_bytree': 0.5442917781944105, 'min_child_samples': 50, 'reg_alpha': 1.6407916423707903e-08, 'reg_lambda': 2.935907642973286e-05}. Best is trial 6 with value: 0.10875598010089874.
[I 2026-06-01 13:01:50,033] Trial 7 finished with value: 0.04166706170348401 and parameters: {'confidence_threshold': 0.5497381024139926, 'training_days': 120, 'n_estimators': 408, 'max_depth': 5, 'num_leaves': 38, 'learning_rate': 0.28049122657745795, 'subsample': 0.8806573338635493, 'colsample_bytree': 0.5454054113547102, 'min_child_samples': 63, 'reg_alpha': 0.01263008637940408, 'reg_lambda': 0.04588020805366937}. Best is trial 6 with value: 0.10875598010089874.
[I 2026-06-01 13:01:50,292] Trial 8 finished with value: 0.11288567663336053 and parameters: {'confidence_threshold': 0.719644804808716, 'training_days': 450, 'n_estimators': 410, 'max_depth': 4, 'num_leaves': 57, 'learning_rate': 0.04022026551478857, 'subsample': 0.5336085426932707, 'colsample_bytree': 0.5705742850577543, 'min_child_samples': 100, 'reg_alpha': 5.916398047912201e-07, 'reg_lambda': 0.9794034214488329}. Best is trial 8 with value: 0.11288567663336053.
[I 2026-06-01 13:01:50,317] Trial 9 finished with value: -2.059137079330078 and parameters: {'confidence_threshold': 0.7267463643917187, 'training_days': 20, 'n_estimators': 337, 'max_depth': 5, 'num_leaves': 23, 'learning_rate': 0.022153031811454605, 'subsample': 0.6305627572358737, 'colsample_bytree': 0.6613413774216214, 'min_child_samples': 81, 'reg_alpha': 5.7638634029410314e-08, 'reg_lambda': 8.26603016764008}. Best is trial 8 with value: 0.11288567663336053.
[I 2026-06-01 13:01:50,681] Trial 10 finished with value: 0.2539708689165202 and parameters: {'confidence_threshold': 0.8283920119574972, 'training_days': 400, 'n_estimators': 485, 'max_depth': 4, 'num_leaves': 63, 'learning_rate': 0.011927505552849117, 'subsample': 0.7130289643560688, 'colsample_bytree': 0.9944479338273263, 'min_child_samples': 100, 'reg_alpha': 5.0239970328459277e-05, 'reg_lambda': 0.0028438774509831773}. Best is trial 10 with value: 0.2539708689165202.
[I 2026-06-01 13:01:51,046] Trial 11 finished with value: 0.166352667449965 and parameters: {'confidence_threshold': 0.8431920368994753, 'training_days': 400, 'n_estimators': 478, 'max_depth': 4, 'num_leaves': 61, 'learning_rate': 0.010033528037260202, 'subsample': 0.6988002958677881, 'colsample_bytree': 0.9628722124262472, 'min_child_samples': 100, 'reg_alpha': 5.263694533895985e-05, 'reg_lambda': 0.0038935771291352755}. Best is trial 10 with value: 0.2539708689165202.
[I 2026-06-01 13:01:51,425] Trial 12 finished with value: 0.17686072059386954 and parameters: {'confidence_threshold': 0.8438571470748946, 'training_days': 380, 'n_estimators': 490, 'max_depth': 4, 'num_leaves': 63, 'learning_rate': 0.010159937976656527, 'subsample': 0.7118974055130827, 'colsample_bytree': 0.9826583982594713, 'min_child_samples': 85, 'reg_alpha': 5.113460481149383e-05, 'reg_lambda': 0.0025654558023732064}. Best is trial 10 with value: 0.2539708689165202.
[I 2026-06-01 13:01:51,805] Trial 13 finished with value: 0.1081495196531889 and parameters: {'confidence_threshold': 0.8491509226822421, 'training_days': 340, 'n_estimators': 497, 'max_depth': 4, 'num_leaves': 54, 'learning_rate': 0.010369471241057087, 'subsample': 0.738422700623045, 'colsample_bytree': 0.977673677256957, 'min_child_samples': 84, 'reg_alpha': 5.900837329147622e-05, 'reg_lambda': 0.0018032970897538497}. Best is trial 10 with value: 0.2539708689165202.
[I 2026-06-01 13:01:52,202] Trial 14 finished with value: 0.09849983782733307 and parameters: {'confidence_threshold': 0.7923679559701308, 'training_days': 360, 'n_estimators': 500, 'max_depth': 4, 'num_leaves': 62, 'learning_rate': 0.017394441114205742, 'subsample': 0.6776505255398512, 'colsample_bytree': 0.9007048146894701, 'min_child_samples': 66, 'reg_alpha': 0.0014623796630832343, 'reg_lambda': 2.293505289769991e-06}. Best is trial 10 with value: 0.2539708689165202.
[I 2026-06-01 13:01:52,469] Trial 15 finished with value: 0.03235588090388612 and parameters: {'confidence_threshold': 0.7829525506318393, 'training_days': 220, 'n_estimators': 442, 'max_depth': 4, 'num_leaves': 52, 'learning_rate': 0.016759433248922855, 'subsample': 0.7927771606515007, 'colsample_bytree': 0.9934286300532085, 'min_child_samples': 88, 'reg_alpha': 8.084592721939181e-06, 'reg_lambda': 0.002997239431771502}. Best is trial 10 with value: 0.2539708689165202.
[I 2026-06-01 13:01:52,770] Trial 16 finished with value: 0.14242373670465125 and parameters: {'confidence_threshold': 0.7895120400229793, 'training_days': 500, 'n_estimators': 309, 'max_depth': 4, 'num_leaves': 51, 'learning_rate': 0.014607253696126114, 'subsample': 0.7543865421398536, 'colsample_bytree': 0.923059818374438, 'min_child_samples': 71, 'reg_alpha': 0.0031944999728269687, 'reg_lambda': 9.823270958243095e-06}. Best is trial 10 with value: 0.2539708689165202.
[I 2026-06-01 13:01:52,927] Trial 17 finished with value: 0.05636769086404573 and parameters: {'confidence_threshold': 0.5080881579696632, 'training_days': 360, 'n_estimators': 221, 'max_depth': 3, 'num_leaves': 18, 'learning_rate': 0.02519491858553075, 'subsample': 0.6644108905489939, 'colsample_bytree': 0.8261297778909438, 'min_child_samples': 89, 'reg_alpha': 9.000775609768185e-06, 'reg_lambda': 0.00043515012890973914}. Best is trial 10 with value: 0.2539708689165202.
[I 2026-06-01 13:01:53,632] A new study created in memory with name: no-name-dc694f6e-11c3-4135-8fe6-73404c52df94
[I 2026-06-01 13:01:53,983] Trial 0 finished with value: 0.11400686349010188 and parameters: {'confidence_threshold': 0.6310890415965769, 'training_days': 480, 'n_estimators': 380, 'max_depth': 4, 'num_leaves': 22, 'learning_rate': 0.01699897838270077, 'subsample': 0.5290418060840998, 'colsample_bytree': 0.9330880728874675, 'min_child_samples': 68, 'reg_alpha': 0.023585940584142682, 'reg_lambda': 1.5320059381854043e-08}. Best is trial 0 with value: 0.11400686349010188.
