[I 2026-06-01 12:55:59,274] Trial 10 finished with value: -2.0215974125444696 and parameters: {'confidence_threshold': 0.8445241688507242, 'training_days': 470, 'n_estimators': 493, 'max_depth': 5, 'num_leaves': 63, 'learning_rate': 0.010221918552934462, 'subsample': 0.5019190721168774, 'colsample_bytree': 0.6202684210924141, 'min_child_samples': 99, 'reg_alpha': 1.9942621118187622e-08, 'reg_lambda': 0.0201634475791616}. Best is trial 4 with value: 0.11954041287087132.
[I 2026-06-01 12:55:59,307] Trial 11 finished with value: -3.916335819752188 and parameters: {'confidence_threshold': 0.8371297552840329, 'training_days': 20, 'n_estimators': 231, 'max_depth': 4, 'num_leaves': 42, 'learning_rate': 0.04419378524388841, 'subsample': 0.9939949979825393, 'colsample_bytree': 0.6778283959364831, 'min_child_samples': 51, 'reg_alpha': 3.867986746175684e-07, 'reg_lambda': 1.5530863293959958e-06}. Best is trial 4 with value: 0.11954041287087132.
[I 2026-06-01 12:55:59,597] Trial 12 finished with value: 0.06410619109000529 and parameters: {'confidence_threshold': 0.7147097017266781, 'training_days': 360, 'n_estimators': 275, 'max_depth': 5, 'num_leaves': 51, 'learning_rate': 0.05809128784912797, 'subsample': 0.9918302937157114, 'colsample_bytree': 0.5201164353688423, 'min_child_samples': 47, 'reg_alpha': 0.009430922971696443, 'reg_lambda': 1.6114975154815026e-06}. Best is trial 4 with value: 0.11954041287087132.
[I 2026-06-01 12:55:59,640] Trial 13 finished with value: 0.11747741658804803 and parameters: {'confidence_threshold': 0.8045936399987071, 'training_days': 120, 'n_estimators': 53, 'max_depth': 4, 'num_leaves': 31, 'learning_rate': 0.10151302244870823, 'subsample': 0.9227064439647955, 'colsample_bytree': 0.9249893861432709, 'min_child_samples': 77, 'reg_alpha': 9.9717480119966e-07, 'reg_lambda': 0.0038418245689497152}. Best is trial 4 with value: 0.11954041287087132.
[I 2026-06-01 12:55:59,663] Trial 14 finished with value: -3.916335819752188 and parameters: {'confidence_threshold': 0.809278752346717, 'training_days': 20, 'n_estimators': 60, 'max_depth': 5, 'num_leaves': 30, 'learning_rate': 0.10592600403301825, 'subsample': 0.9029371036317264, 'colsample_bytree': 0.9977555355007995, 'min_child_samples': 80, 'reg_alpha': 2.2589649045137145e-07, 'reg_lambda': 0.0038081143008355752}. Best is trial 4 with value: 0.11954041287087132.
[I 2026-06-01 12:55:59,769] Trial 15 finished with value: -0.001919929813441984 and parameters: {'confidence_threshold': 0.7959836506371863, 'training_days': 90, 'n_estimators': 480, 'max_depth': 4, 'num_leaves': 25, 'learning_rate': 0.14572678855854238, 'subsample': 0.507007918467014, 'colsample_bytree': 0.9166787466057384, 'min_child_samples': 75, 'reg_alpha': 1.570172639790588e-06, 'reg_lambda': 3.5532501480887757}. Best is trial 4 with value: 0.11954041287087132.
[I 2026-06-01 12:55:59,870] Trial 16 finished with value: 0.0993992909810379 and parameters: {'confidence_threshold': 0.6947922020209465, 'training_days': 140, 'n_estimators': 279, 'max_depth': 4, 'num_leaves': 36, 'learning_rate': 0.0799789559328079, 'subsample': 0.8953800167332984, 'colsample_bytree': 0.7060712077553755, 'min_child_samples': 91, 'reg_alpha': 0.000762323791867669, 'reg_lambda': 0.1531876731133988}. Best is trial 4 with value: 0.11954041287087132.
[I 2026-06-01 12:55:59,923] Trial 17 finished with value: -0.00665643652074486 and parameters: {'confidence_threshold': 0.5004748807695347, 'training_days': 80, 'n_estimators': 115, 'max_depth': 5, 'num_leaves': 15, 'learning_rate': 0.1425882126074997, 'subsample': 0.5975400821780594, 'colsample_bytree': 0.9220041998536828, 'min_child_samples': 44, 'reg_alpha': 7.284070645541434, 'reg_lambda': 0.0007663612220490807}. Best is trial 4 with value: 0.11954041287087132.
[I 2026-06-01 12:55:59,977] A new study created in memory with name: no-name-15fb3614-e148-43ae-a122-f34b0669095e
[I 2026-06-01 12:56:00,161] Trial 0 finished with value: -0.0010252720300859318 and parameters: {'confidence_threshold': 0.5870645682749857, 'training_days': 90, 'n_estimators': 403, 'max_depth': 5, 'num_leaves': 45, 'learning_rate': 0.0780457193679974, 'subsample': 0.9428509515574568, 'colsample_bytree': 0.8795587339164916, 'min_child_samples': 34, 'reg_alpha': 2.2465901234314442e-07, 'reg_lambda': 8.339007036475363e-05}. Best is trial 0 with value: -0.0010252720300859318.

    [CV fold 4] train_end=2021-08-18 16:00 | val_start=2021-08-26 08:00 | gap=184h (22 rows)
    [trial 0] Sharpe=0.0376 (folds: -0.1769, 0.0174, 0.2296, 0.0149, 0.1033)
    [trial 1] 48 features, training_days=420 | threshold=0.839 | labels: 1285 long, 886 short (59/41%)
    [trial 1] Sharpe=-0.1777 (folds: -0.2688, -0.0119, 0.0381, -0.0007, -0.6454)
    [trial 2] 48 features, training_days=190 | threshold=0.602 | labels: 1285 long, 886 short (59/41%)
    [trial 2] Sharpe=0.0468 (folds: -0.1844, 0.1773, 0.0956, 0.0583, 0.0873)
    [trial 3] 48 features, training_days=490 | threshold=0.832 | labels: 1285 long, 886 short (59/41%)
    [trial 3] Sharpe=0.0737 (folds: -0.1849, 0.2104, 0.2110, -0.0427, 0.1745)
    [trial 4] 48 features, training_days=340 | threshold=0.591 | labels: 1285 long, 886 short (59/41%)
    [trial 4] Sharpe=0.0783 (folds: 0.0022, 0.0244, 0.1793, -0.0172, 0.2029)
    [trial 5] 48 features, training_days=50 | threshold=0.823 | labels: 1285 long, 886 short (59/41%)
    [trial 5] Sharpe=-0.1358 (folds: -0.0299, -0.4551, 0.1989, -0.4392, 0.0462)
    [trial 6] 48 features, training_days=410 | threshold=0.549 | labels: 1285 long, 886 short (59/41%)
    [trial 6] Sharpe=0.0685 (folds: -0.0438, 0.0628, 0.2499, -0.0193, 0.0927)
    [trial 7] 48 features, training_days=180 | threshold=0.526 | labels: 1285 long, 886 short (59/41%)
    [trial 7] Sharpe=-0.0178 (folds: -0.3495, -0.0298, 0.2067, 0.0835, 0.0002)
    [trial 8] 48 features, training_days=240 | threshold=0.811 | labels: 1285 long, 886 short (59/41%)
    [trial 8] Sharpe=0.0080 (folds: -0.1656, 0.0600, 0.1056, -0.0334, 0.0736)
    [trial 9] 48 features, training_days=20 | threshold=0.538 | labels: 1285 long, 886 short (59/41%)
    [trial 9] Sharpe=-0.0056 (folds: 0.0416, -0.5742, 0.3022, 0.1277, 0.0745)
    [trial 10] 48 features, training_days=350 | threshold=0.680 | labels: 1285 long, 886 short (59/41%)
    [trial 10] Sharpe=0.0743 (folds: 0.0247, 0.0745, 0.1318, -0.0089, 0.1496)
    [trial 11] 48 features, training_days=330 | threshold=0.716 | labels: 1285 long, 886 short (59/41%)
    [trial 11] Sharpe=0.1206 (folds: 0.3675, 0.1897, 0.0853, -0.0714, 0.0320)
    [trial 12] 48 features, training_days=320 | threshold=0.732 | labels: 1285 long, 886 short (59/41%)
    [trial 12] Sharpe=-1.9182 (folds: -10.0000, 0.2858, 0.1342, -0.0160, 0.0051)
    [trial 13] 48 features, training_days=310 | threshold=0.732 | labels: 1285 long, 886 short (59/41%)
    [trial 13] Sharpe=-0.0191 (folds: -0.3389, 0.0659, 0.1228, 0.0267, 0.0278)
    [trial 14] 48 features, training_days=260 | threshold=0.680 | labels: 1285 long, 886 short (59/41%)
    [trial 14] Sharpe=0.1464 (folds: 0.0824, 0.0161, 0.3509, 0.0102, 0.2726)
    [trial 15] 48 features, training_days=130 | threshold=0.712 | labels: 1285 long, 886 short (59/41%)
    [trial 15] Sharpe=0.2092 (folds: 0.1308, 0.5835, 0.1703, -0.0266, 0.1878)
    [trial 16] 48 features, training_days=110 | threshold=0.773 | labels: 1285 long, 886 short (59/41%)
    [trial 16] Sharpe=0.0377 (folds: -0.0598, 0.0870, 0.2425, -0.2405, 0.1595)
    [trial 17] 48 features, training_days=120 | threshold=0.665 | labels: 1285 long, 886 short (59/41%)
    [trial 17] Sharpe=0.0613 (folds: -0.0252, 0.1802, 0.1483, -0.1721, 0.1753)
  Optuna: 18 trials, best Sharpe = 0.2092
  Best params: n_estimators=306, max_depth=4, lr=0.0100, leaves=54
  Best confidence_threshold: 0.712
  Best training_days: 130
  Retrained on full data (390 samples, 48 features)
  [ensemble 2/3] seed=123
    [trial 0] 48 features, training_days=150 | threshold=0.744 | labels: 1285 long, 886 short (59/41%)
    [CV fold 0] train_end=2020-04-24 08:00 | val_start=2020-05-02 00:00 | gap=184h (22 rows)
    [CV fold 1] train_end=2020-08-22 16:00 | val_start=2020-08-30 08:00 | gap=184h (22 rows)
    [CV fold 2] train_end=2020-12-21 00:00 | val_start=2020-12-28 16:00 | gap=184h (22 rows)
    [CV fold 3] train_end=2021-04-20 08:00 | val_start=2021-04-28 00:00 | gap=184h (22 rows)
    [CV fold 4] train_end=2021-08-18 16:00 | val_start=2021-08-26 08:00 | gap=184h (22 rows)
    [trial 0] Sharpe=0.0917 (folds: -0.1653, 0.2505, 0.1772, 0.0651, 0.1311)
    [trial 1] 48 features, training_days=220 | threshold=0.755 | labels: 1285 long, 886 short (59/41%)
    [trial 1] Sharpe=-2.0123 (folds: 0.2131, -10.0000, -0.0187, 0.0609, -0.3165)
    [trial 2] 48 features, training_days=310 | threshold=0.754 | labels: 1285 long, 886 short (59/41%)
    [trial 2] Sharpe=-0.0004 (folds: -0.3906, 0.1552, 0.1333, 0.0420, 0.0583)
    [trial 3] 48 features, training_days=220 | threshold=0.673 | labels: 1285 long, 886 short (59/41%)
    [trial 3] Sharpe=0.0891 (folds: -0.2134, 0.1910, 0.2966, 0.0700, 0.1011)
    [trial 4] 48 features, training_days=130 | threshold=0.803 | labels: 1285 long, 886 short (59/41%)
    [trial 4] Sharpe=0.1195 (folds: -0.1702, 0.4071, 0.2220, -0.0534, 0.1922)
    [trial 5] 48 features, training_days=210 | threshold=0.606 | labels: 1285 long, 886 short (59/41%)
    [trial 5] Sharpe=0.0756 (folds: -0.1262, 0.1933, 0.1176, 0.0934, 0.0997)
    [trial 6] 48 features, training_days=130 | threshold=0.767 | labels: 1285 long, 886 short (59/41%)
    [trial 6] Sharpe=0.0463 (folds: -0.3269, 0.0973, 0.2696, 0.0534, 0.1381)
    [trial 7] 48 features, training_days=80 | threshold=0.556 | labels: 1285 long, 886 short (59/41%)
    [trial 7] Sharpe=-0.0468 (folds: -0.0501, -0.1732, 0.2100, -0.2304, 0.0099)
    [trial 8] 48 features, training_days=200 | threshold=0.607 | labels: 1285 long, 886 short (59/41%)
    [trial 8] Sharpe=0.0464 (folds: -0.2070, 0.0785, 0.2144, 0.0575, 0.0885)
    [trial 9] 48 features, training_days=260 | threshold=0.620 | labels: 1285 long, 886 short (59/41%)
    [trial 9] Sharpe=0.0737 (folds: -0.2033, 0.0634, 0.2823, 0.0570, 0.1690)
    [trial 10] 48 features, training_days=470 | threshold=0.845 | labels: 1285 long, 886 short (59/41%)
    [trial 10] Sharpe=-2.0216 (folds: -10.0000, -0.0176, -0.1780, 0.0218, 0.0659)
    [trial 11] 48 features, training_days=20 | threshold=0.837 | labels: 1285 long, 886 short (59/41%)
    [trial 11] Sharpe=-3.9163 (folds: 0.0416, -10.0000, 0.3022, -10.0000, 0.0745)
    [trial 12] 48 features, training_days=360 | threshold=0.715 | labels: 1285 long, 886 short (59/41%)
    [trial 12] Sharpe=0.0641 (folds: -0.2523, 0.1471, 0.2301, 0.0696, 0.1261)
    [trial 13] 48 features, training_days=120 | threshold=0.805 | labels: 1285 long, 886 short (59/41%)
    [trial 13] Sharpe=0.1175 (folds: -0.0075, 0.3944, 0.0361, 0.0099, 0.1544)
    [trial 14] 48 features, training_days=20 | threshold=0.809 | labels: 1285 long, 886 short (59/41%)
    [trial 14] Sharpe=-3.9163 (folds: 0.0416, -10.0000, 0.3022, -10.0000, 0.0745)
    [trial 15] 48 features, training_days=90 | threshold=0.796 | labels: 1285 long, 886 short (59/41%)
    [trial 15] Sharpe=-0.0019 (folds: -0.0542, 0.0898, 0.2039, -0.2759, 0.0267)
    [trial 16] 48 features, training_days=140 | threshold=0.695 | labels: 1285 long, 886 short (59/41%)
    [trial 16] Sharpe=0.0994 (folds: -0.0548, 0.2917, 0.1868, -0.0579, 0.1312)
    [trial 17] 48 features, training_days=80 | threshold=0.500 | labels: 1285 long, 886 short (59/41%)
    [trial 17] Sharpe=-0.0067 (folds: -0.2294, 0.0424, 0.2877, -0.1410, 0.0069)
  Optuna: 18 trials, best Sharpe = 0.1195
  Best params: n_estimators=267, max_depth=5, lr=0.0804, leaves=40
  Best confidence_threshold: 0.803
  Best training_days: 130
  Retrained on full data (390 samples, 48 features)
  [ensemble 3/3] seed=456
    [trial 0] 48 features, training_days=90 | threshold=0.587 | labels: 1285 long, 886 short (59/41%)
    [CV fold 0] train_end=2020-04-24 08:00 | val_start=2020-05-02 00:00 | gap=184h (22 rows)
    [CV fold 1] train_end=2020-08-22 16:00 | val_start=2020-08-30 08:00 | gap=184h (22 rows)
    [CV fold 2] train_end=2020-12-21 00:00 | val_start=2020-12-28 16:00 | gap=184h (22 rows)
    [CV fold 3] train_end=2021-04-20 08:00 | val_start=2021-04-28 00:00 | gap=184h (22 rows)
    [CV fold 4] train_end=2021-08-18 16:00 | val_start=2021-08-26 08:00 | gap=184h (22 rows)
    [trial 0] Sharpe=-0.0010 (folds: -0.2104, 0.0628, 0.2499, -0.1016, -0.0057)
    [trial 1] 48 features, training_days=290 | threshold=0.635 | labels: 1285 long, 886 short (59/41%)[I 2026-06-01 12:56:00,271] Trial 1 finished with value: 0.0655145391952203 and parameters: {'confidence_threshold': 0.6348453934275313, 'training_days': 290, 'n_estimators': 115, 'max_depth': 5, 'num_leaves': 37, 'learning_rate': 0.06949568759029946, 'subsample': 0.8228505074024268, 'colsample_bytree': 0.8616703220431751, 'min_child_samples': 75, 'reg_alpha': 4.2486822725010923e-07, 'reg_lambda': 1.157247767047042e-07}. Best is trial 1 with value: 0.0655145391952203.
[I 2026-06-01 12:56:00,289] Trial 2 finished with value: -0.2010191261903107 and parameters: {'confidence_threshold': 0.5849570384370288, 'training_days': 10, 'n_estimators': 212, 'max_depth': 3, 'num_leaves': 41, 'learning_rate': 0.18452095998378365, 'subsample': 0.6001060822924371, 'colsample_bytree': 0.5673167293506167, 'min_child_samples': 37, 'reg_alpha': 5.733250064217131, 'reg_lambda': 0.5308454292595461}. Best is trial 1 with value: 0.0655145391952203.
[I 2026-06-01 12:56:00,375] Trial 3 finished with value: 0.06200610120869402 and parameters: {'confidence_threshold': 0.6868248626683718, 'training_days': 220, 'n_estimators': 134, 'max_depth': 3, 'num_leaves': 45, 'learning_rate': 0.033529007907491595, 'subsample': 0.8647277071858408, 'colsample_bytree': 0.778494116634046, 'min_child_samples': 96, 'reg_alpha': 2.409409937265785e-07, 'reg_lambda': 1.1642073478060009}. Best is trial 1 with value: 0.0655145391952203.
[I 2026-06-01 12:56:00,467] Trial 4 finished with value: 0.05686433942254796 and parameters: {'confidence_threshold': 0.5623121348350352, 'training_days': 300, 'n_estimators': 69, 'max_depth': 4, 'num_leaves': 32, 'learning_rate': 0.14967629360700346, 'subsample': 0.5054535233636654, 'colsample_bytree': 0.7401385194659216, 'min_child_samples': 27, 'reg_alpha': 1.4212042567426725e-07, 'reg_lambda': 0.23605753701352003}. Best is trial 1 with value: 0.0655145391952203.
[I 2026-06-01 12:56:00,913] Trial 5 finished with value: 0.026501592472108655 and parameters: {'confidence_threshold': 0.7111850244908446, 'training_days': 490, 'n_estimators': 362, 'max_depth': 5, 'num_leaves': 40, 'learning_rate': 0.05960785724162737, 'subsample': 0.5589714368907717, 'colsample_bytree': 0.6659006943232806, 'min_child_samples': 42, 'reg_alpha': 0.6741360303045295, 'reg_lambda': 6.054601607143087e-08}. Best is trial 1 with value: 0.0655145391952203.
[I 2026-06-01 12:56:01,083] Trial 6 finished with value: 0.023586022665643885 and parameters: {'confidence_threshold': 0.667482545748023, 'training_days': 420, 'n_estimators': 279, 'max_depth': 3, 'num_leaves': 45, 'learning_rate': 0.040099592560849204, 'subsample': 0.8563114696415159, 'colsample_bytree': 0.5442917781944105, 'min_child_samples': 50, 'reg_alpha': 1.6407916423707903e-08, 'reg_lambda': 2.935907642973286e-05}. Best is trial 1 with value: 0.0655145391952203.
[I 2026-06-01 12:56:01,226] Trial 7 finished with value: 0.056294489815170136 and parameters: {'confidence_threshold': 0.5497381024139926, 'training_days': 120, 'n_estimators': 408, 'max_depth': 5, 'num_leaves': 38, 'learning_rate': 0.28049122657745795, 'subsample': 0.8806573338635493, 'colsample_bytree': 0.5454054113547102, 'min_child_samples': 63, 'reg_alpha': 0.01263008637940408, 'reg_lambda': 0.04588020805366937}. Best is trial 1 with value: 0.0655145391952203.
[I 2026-06-01 12:56:01,502] Trial 8 finished with value: 0.07177142802958095 and parameters: {'confidence_threshold': 0.719644804808716, 'training_days': 450, 'n_estimators': 410, 'max_depth': 4, 'num_leaves': 57, 'learning_rate': 0.04022026551478857, 'subsample': 0.5336085426932707, 'colsample_bytree': 0.5705742850577543, 'min_child_samples': 100, 'reg_alpha': 5.916398047912201e-07, 'reg_lambda': 0.9794034214488329}. Best is trial 8 with value: 0.07177142802958095.
[I 2026-06-01 12:56:01,522] Trial 9 finished with value: -1.8907894601628743 and parameters: {'confidence_threshold': 0.7267463643917187, 'training_days': 20, 'n_estimators': 337, 'max_depth': 5, 'num_leaves': 23, 'learning_rate': 0.022153031811454605, 'subsample': 0.6305627572358737, 'colsample_bytree': 0.6613413774216214, 'min_child_samples': 81, 'reg_alpha': 5.7638634029410314e-08, 'reg_lambda': 8.26603016764008}. Best is trial 8 with value: 0.07177142802958095.
[I 2026-06-01 12:56:01,868] Trial 10 finished with value: -1.985595432415018 and parameters: {'confidence_threshold': 0.8283920119574972, 'training_days': 400, 'n_estimators': 485, 'max_depth': 4, 'num_leaves': 63, 'learning_rate': 0.011927505552849117, 'subsample': 0.7130289643560688, 'colsample_bytree': 0.9944479338273263, 'min_child_samples': 100, 'reg_alpha': 5.0239970328459277e-05, 'reg_lambda': 0.0028438774509831773}. Best is trial 8 with value: 0.07177142802958095.
[I 2026-06-01 12:56:02,014] Trial 11 finished with value: 0.05391167608063392 and parameters: {'confidence_threshold': 0.7828153509856826, 'training_days': 300, 'n_estimators': 189, 'max_depth': 4, 'num_leaves': 59, 'learning_rate': 0.11117277763483477, 'subsample': 0.741942921860466, 'colsample_bytree': 0.8724278937851807, 'min_child_samples': 71, 'reg_alpha': 2.3530491583503867e-05, 'reg_lambda': 7.359299995524362e-08}. Best is trial 8 with value: 0.07177142802958095.
[I 2026-06-01 12:56:02,084] Trial 12 finished with value: 0.1708865009118798 and parameters: {'confidence_threshold': 0.6312717333908874, 'training_days': 380, 'n_estimators': 54, 'max_depth': 4, 'num_leaves': 54, 'learning_rate': 0.02305899614846357, 'subsample': 0.7806046072327899, 'colsample_bytree': 0.8750909515331022, 'min_child_samples': 82, 'reg_alpha': 1.28974567983543e-05, 'reg_lambda': 2.323935870907716e-06}. Best is trial 12 with value: 0.1708865009118798.
[I 2026-06-01 12:56:02,441] Trial 13 finished with value: 0.07533097294947672 and parameters: {'confidence_threshold': 0.5036578885302972, 'training_days': 390, 'n_estimators': 476, 'max_depth': 4, 'num_leaves': 55, 'learning_rate': 0.01599763794568145, 'subsample': 0.697006437896766, 'colsample_bytree': 0.9584932215576711, 'min_child_samples': 89, 'reg_alpha': 8.465942575614097e-06, 'reg_lambda': 5.735142082835628e-06}. Best is trial 12 with value: 0.1708865009118798.
[I 2026-06-01 12:56:02,825] Trial 14 finished with value: 0.05862744814284515 and parameters: {'confidence_threshold': 0.5086108146452839, 'training_days': 370, 'n_estimators': 500, 'max_depth': 4, 'num_leaves': 52, 'learning_rate': 0.011030858969457633, 'subsample': 0.6776505255398512, 'colsample_bytree': 0.9899082314100609, 'min_child_samples': 86, 'reg_alpha': 0.002898072971406846, 'reg_lambda': 4.806251673728146e-06}. Best is trial 12 with value: 0.1708865009118798.
[I 2026-06-01 12:56:03,023] Trial 15 finished with value: 0.06620962169938788 and parameters: {'confidence_threshold': 0.5055453382168215, 'training_days': 360, 'n_estimators': 242, 'max_depth': 4, 'num_leaves': 52, 'learning_rate': 0.020331244429106016, 'subsample': 0.7799946592099695, 'colsample_bytree': 0.9338670996253925, 'min_child_samples': 88, 'reg_alpha': 1.7836787545151695e-05, 'reg_lambda': 1.5753431440718837e-06}. Best is trial 12 with value: 0.1708865009118798.
[I 2026-06-01 12:56:03,086] Trial 16 finished with value: 0.11882442619783654 and parameters: {'confidence_threshold': 0.6112933414233906, 'training_days': 190, 'n_estimators': 53, 'max_depth': 4, 'num_leaves': 53, 'learning_rate': 0.018016992429257896, 'subsample': 0.665414610789484, 'colsample_bytree': 0.8056112666923775, 'min_child_samples': 62, 'reg_alpha': 0.0006918934084953565, 'reg_lambda': 0.0015964295612429704}. Best is trial 12 with value: 0.1708865009118798.
